2025-12-17 15:29:49,311 - INFO - 会话初始化成功
2025-12-17 15:29:49,311 - INFO - 开始处理第 1/11 个下载任务
2025-12-17 15:29:49,312 - INFO - 开始处理目录: http://222.212.88.126:5005/s001/data/udata/real/信息部/售前数据/市场费用登记表/当期数据/
2025-12-17 15:29:49,312 - INFO - 本地保存路径: E:/powerbi_data/看板数据/私有云文件本地/data/投放市场费用
2025-12-17 15:29:49,312 - INFO - 搜索模式: 市场费用登记表
2025-12-17 15:29:49,312 - INFO - 文件扩展名: ['.xlsx', '.csv']
2025-12-17 15:29:49,755 - INFO - 开始清空目录: E:/powerbi_data/看板数据/私有云文件本地/data/投放市场费用
2025-12-17 15:29:49,771 - INFO - 目录清空完成: E:/powerbi_data/看板数据/私有云文件本地/data/投放市场费用
2025-12-17 15:29:49,771 - INFO - 找到 34 个匹配文件，开始下载...
2025-12-17 15:29:51,341 - INFO - 下载完成! 成功: 34/34, 失败: 0
2025-12-17 15:29:51,342 - INFO - 开始处理第 2/11 个下载任务
2025-12-17 15:29:51,342 - INFO - 开始处理目录: http://222.212.88.126:5005/s001/data/udata/real/信息部/售前数据/衍生产品台账/当期数据/
2025-12-17 15:29:51,342 - INFO - 本地保存路径: E:/powerbi_data/看板数据/私有云文件本地/data/衍生产品
2025-12-17 15:29:51,342 - INFO - 搜索模式: 衍生产品登记表
2025-12-17 15:29:51,342 - INFO - 文件扩展名: ['.xlsx', '.csv']
2025-12-17 15:29:51,510 - INFO - 开始清空目录: E:/powerbi_data/看板数据/私有云文件本地/data/衍生产品
2025-12-17 15:29:51,528 - INFO - 目录清空完成: E:/powerbi_data/看板数据/私有云文件本地/data/衍生产品
2025-12-17 15:29:51,528 - INFO - 找到 40 个匹配文件，开始下载...
2025-12-17 15:29:52,545 - INFO - 下载完成! 成功: 40/40, 失败: 0
2025-12-17 15:29:52,545 - INFO - 开始处理第 3/11 个下载任务
2025-12-17 15:29:52,545 - INFO - 开始处理目录: http://222.212.88.126:5005/s001/data/udata/real/信息部/售前数据/特殊事项登记台账/当期数据/
2025-12-17 15:29:52,545 - INFO - 本地保存路径: E:/powerbi_data/看板数据/私有云文件本地/data/特殊事项收入
2025-12-17 15:29:52,546 - INFO - 搜索模式: 特殊事项登记台账
2025-12-17 15:29:52,546 - INFO - 文件扩展名: ['.xlsx', '.csv']
2025-12-17 15:29:52,741 - INFO - 开始清空目录: E:/powerbi_data/看板数据/私有云文件本地/data/特殊事项收入
2025-12-17 15:29:52,763 - INFO - 目录清空完成: E:/powerbi_data/看板数据/私有云文件本地/data/特殊事项收入
2025-12-17 15:29:52,764 - INFO - 找到 37 个匹配文件，开始下载...
2025-12-17 15:29:52,900 - INFO - 下载完成! 成功: 37/37, 失败: 0
2025-12-17 15:29:52,900 - INFO - 开始处理第 4/11 个下载任务
2025-12-17 15:29:52,900 - INFO - 开始处理目录: http://222.212.88.126:5005/s001/data/udata/real/信息部/售前数据/订车登记台账/当期数据/
2025-12-17 15:29:52,900 - INFO - 本地保存路径: E:/powerbi_data/看板数据/私有云文件本地/data/订车台账
2025-12-17 15:29:52,900 - INFO - 搜索模式: 订车登记台账
2025-12-17 15:29:52,900 - INFO - 文件扩展名: ['.xlsx', '.csv']
2025-12-17 15:29:53,118 - INFO - 开始清空目录: E:/powerbi_data/看板数据/私有云文件本地/data/订车台账
2025-12-17 15:29:53,136 - INFO - 目录清空完成: E:/powerbi_data/看板数据/私有云文件本地/data/订车台账
2025-12-17 15:29:53,136 - INFO - 找到 36 个匹配文件，开始下载...
2025-12-17 15:29:54,108 - INFO - 下载完成! 成功: 36/36, 失败: 0
2025-12-17 15:29:54,108 - INFO - 开始处理第 5/11 个下载任务
2025-12-17 15:29:54,108 - INFO - 开始处理目录: http://222.212.88.126:5005/s001/data/udata/real/信息部/售前数据/新车延保/当期数据/
2025-12-17 15:29:54,109 - INFO - 本地保存路径: E:/powerbi_data/看板数据/私有云文件本地/data/新车三方延保
2025-12-17 15:29:54,109 - INFO - 搜索模式: 新车延保登记表
2025-12-17 15:29:54,109 - INFO - 文件扩展名: ['.xlsx', '.csv']
2025-12-17 15:29:55,047 - INFO - 开始清空目录: E:/powerbi_data/看板数据/私有云文件本地/data/新车三方延保
2025-12-17 15:29:55,080 - INFO - 目录清空完成: E:/powerbi_data/看板数据/私有云文件本地/data/新车三方延保
2025-12-17 15:29:55,080 - INFO - 找到 27 个匹配文件，开始下载...
2025-12-17 15:29:55,625 - INFO - 下载完成! 成功: 27/27, 失败: 0
2025-12-17 15:29:55,626 - INFO - 开始处理第 6/11 个下载任务
2025-12-17 15:29:55,626 - INFO - 开始处理目录: http://222.212.88.126:5005/s001/data/udata/real/信息部/售前数据/贴膜升级/当期数据/
2025-12-17 15:29:55,626 - INFO - 本地保存路径: E:/powerbi_data/看板数据/私有云文件本地/data/贴膜升级
2025-12-17 15:29:55,626 - INFO - 搜索模式: 贴膜升级登记表
2025-12-17 15:29:55,626 - INFO - 文件扩展名: ['.xlsx', '.csv']
2025-12-17 15:29:55,760 - INFO - 开始清空目录: E:/powerbi_data/看板数据/私有云文件本地/data/贴膜升级
2025-12-17 15:29:55,776 - INFO - 目录清空完成: E:/powerbi_data/看板数据/私有云文件本地/data/贴膜升级
2025-12-17 15:29:55,777 - INFO - 找到 27 个匹配文件，开始下载...
2025-12-17 15:29:56,275 - INFO - 下载完成! 成功: 27/27, 失败: 0
2025-12-17 15:29:56,275 - INFO - 开始处理第 7/11 个下载任务
2025-12-17 15:29:56,275 - INFO - 开始处理目录: http://222.212.88.126:5005/s001/data/udata/real/信息部/售前数据/精品销售/当期数据/
2025-12-17 15:29:56,275 - INFO - 本地保存路径: E:/powerbi_data/看板数据/私有云文件本地/data/精品销售
2025-12-17 15:29:56,276 - INFO - 搜索模式: 精品销售台账
2025-12-17 15:29:56,276 - INFO - 文件扩展名: ['.xlsx', '.csv']
2025-12-17 15:29:56,352 - INFO - 开始清空目录: E:/powerbi_data/看板数据/私有云文件本地/data/精品销售
2025-12-17 15:29:56,366 - INFO - 目录清空完成: E:/powerbi_data/看板数据/私有云文件本地/data/精品销售
2025-12-17 15:29:56,366 - INFO - 找到 13 个匹配文件，开始下载...
2025-12-17 15:29:56,678 - INFO - 下载完成! 成功: 13/13, 失败: 0
2025-12-17 15:29:56,679 - INFO - 开始处理第 8/11 个下载任务
2025-12-17 15:29:56,679 - INFO - 开始处理目录: http://222.212.88.126:5005/s001/data/udata/real/信息部/数据部基盘/展厅数据/
2025-12-17 15:29:56,679 - INFO - 本地保存路径: E:/powerbi_data/看板数据/私有云文件本地/data/基盘表
2025-12-17 15:29:56,680 - INFO - 搜索模式: A
2025-12-17 15:29:56,680 - INFO - 文件扩展名: ['.xlsx', '.csv']
2025-12-17 15:29:56,785 - INFO - 开始清空目录: E:/powerbi_data/看板数据/私有云文件本地/data/基盘表
2025-12-17 15:29:56,802 - INFO - 目录清空完成: E:/powerbi_data/看板数据/私有云文件本地/data/基盘表
2025-12-17 15:29:56,802 - INFO - 找到 40 个匹配文件，开始下载...
2025-12-17 15:30:03,266 - INFO - 下载完成! 成功: 40/40, 失败: 0
2025-12-17 15:30:03,267 - INFO - 开始处理第 9/11 个下载任务
2025-12-17 15:30:03,267 - INFO - 开始处理目录: http://222.212.88.126:5005/s001/data/udata/real\信息部\厂家系统_车易云\厂家系统数据\【原始数据】采购总量\2025
2025-12-17 15:30:03,267 - INFO - 本地保存路径: E:/powerbi_data/看板数据/私有云文件本地/data/厂家采购
2025-12-17 15:30:03,267 - INFO - 搜索模式: .
2025-12-17 15:30:03,267 - INFO - 文件扩展名: ['.xlsx', '.csv']
2025-12-17 15:30:03,270 - ERROR - 目录不存在: 404 Not Found
2025-12-17 15:30:03,270 - WARNING - 没有找到文件
2025-12-17 15:30:03,271 - INFO - 目录不存在，无需清空: E:/powerbi_data/看板数据/私有云文件本地/data/厂家采购
2025-12-17 15:30:03,271 - INFO - 开始处理第 10/11 个下载任务
2025-12-17 15:30:03,271 - INFO - 开始处理目录: http://222.212.88.126:5005/s001/data/udata/real/信息部/信息部内部文件/收集数据/
2025-12-17 15:30:03,271 - INFO - 本地保存路径: E:/powerbi_data/看板数据/私有云文件本地/data/收集文件
2025-12-17 15:30:03,271 - INFO - 搜索模式: 表
2025-12-17 15:30:03,271 - INFO - 文件扩展名: ['.xlsx', '.csv']
2025-12-17 15:30:03,284 - INFO - 开始清空目录: E:/powerbi_data/看板数据/私有云文件本地/data/收集文件
2025-12-17 15:30:03,286 - INFO - 目录清空完成: E:/powerbi_data/看板数据/私有云文件本地/data/收集文件
2025-12-17 15:30:03,286 - INFO - 找到 7 个匹配文件，开始下载...
2025-12-17 15:30:05,036 - INFO - 下载完成! 成功: 7/7, 失败: 0
2025-12-17 15:30:05,037 - INFO - 开始处理第 11/11 个下载任务
2025-12-17 15:30:05,037 - INFO - 开始处理目录: http://222.212.88.126:5005/s001/data/udata/real/信息部/信息部内部文件/车易云-新车保险台账/
2025-12-17 15:30:05,037 - INFO - 本地保存路径: E:/powerbi_data/看板数据/私有云文件本地/data/新车保险台账
2025-12-17 15:30:05,037 - INFO - 搜索模式: 明细
2025-12-17 15:30:05,037 - INFO - 文件扩展名: ['.xlsx', '.csv']
2025-12-17 15:30:05,049 - INFO - 开始清空目录: E:/powerbi_data/看板数据/私有云文件本地/data/新车保险台账
2025-12-17 15:30:05,050 - INFO - 目录清空完成: E:/powerbi_data/看板数据/私有云文件本地/data/新车保险台账
2025-12-17 15:30:05,050 - INFO - 找到 1 个匹配文件，开始下载...
2025-12-17 15:30:05,830 - INFO - 下载完成! 成功: 1/1, 失败: 0
2025-12-17 15:38:39,498 - INFO - 会话初始化成功
2025-12-17 15:38:39,498 - INFO - 开始处理第 1/11 个下载任务
2025-12-17 15:38:39,498 - INFO - 开始处理目录: http://222.212.88.126:5005/s001/data/udata/real/信息部/售前数据/市场费用登记表/当期数据/
2025-12-17 15:38:39,498 - INFO - 本地保存路径: E:/powerbi_data/看板数据/私有云文件本地/data/投放市场费用
2025-12-17 15:38:39,498 - INFO - 搜索模式: 市场费用登记表
2025-12-17 15:38:39,498 - INFO - 文件扩展名: ['.xlsx', '.csv']
2025-12-17 15:38:39,646 - INFO - 开始清空目录: E:/powerbi_data/看板数据/私有云文件本地/data/投放市场费用
2025-12-17 15:38:39,655 - INFO - 目录清空完成: E:/powerbi_data/看板数据/私有云文件本地/data/投放市场费用
2025-12-17 15:38:39,655 - INFO - 找到 34 个匹配文件，开始下载...
2025-12-17 15:38:41,209 - INFO - 下载完成! 成功: 34/34, 失败: 0
2025-12-17 15:38:41,209 - INFO - 开始处理第 2/11 个下载任务
2025-12-17 15:38:41,209 - INFO - 开始处理目录: http://222.212.88.126:5005/s001/data/udata/real/信息部/售前数据/衍生产品台账/当期数据/
2025-12-17 15:38:41,209 - INFO - 本地保存路径: E:/powerbi_data/看板数据/私有云文件本地/data/衍生产品
2025-12-17 15:38:41,209 - INFO - 搜索模式: 衍生产品登记表
2025-12-17 15:38:41,209 - INFO - 文件扩展名: ['.xlsx', '.csv']
2025-12-17 15:38:41,369 - INFO - 开始清空目录: E:/powerbi_data/看板数据/私有云文件本地/data/衍生产品
2025-12-17 15:38:41,376 - INFO - 目录清空完成: E:/powerbi_data/看板数据/私有云文件本地/data/衍生产品
2025-12-17 15:38:41,376 - INFO - 找到 40 个匹配文件，开始下载...
2025-12-17 15:38:42,390 - INFO - 下载完成! 成功: 40/40, 失败: 0
2025-12-17 15:38:42,390 - INFO - 开始处理第 3/11 个下载任务
2025-12-17 15:38:42,391 - INFO - 开始处理目录: http://222.212.88.126:5005/s001/data/udata/real/信息部/售前数据/特殊事项登记台账/当期数据/
2025-12-17 15:38:42,391 - INFO - 本地保存路径: E:/powerbi_data/看板数据/私有云文件本地/data/特殊事项收入
2025-12-17 15:38:42,391 - INFO - 搜索模式: 特殊事项登记台账
2025-12-17 15:38:42,391 - INFO - 文件扩展名: ['.xlsx', '.csv']
2025-12-17 15:38:42,513 - INFO - 开始清空目录: E:/powerbi_data/看板数据/私有云文件本地/data/特殊事项收入
2025-12-17 15:38:42,528 - INFO - 目录清空完成: E:/powerbi_data/看板数据/私有云文件本地/data/特殊事项收入
2025-12-17 15:38:42,529 - INFO - 找到 37 个匹配文件，开始下载...
2025-12-17 15:38:42,608 - INFO - 下载完成! 成功: 37/37, 失败: 0
2025-12-17 15:38:42,608 - INFO - 开始处理第 4/11 个下载任务
2025-12-17 15:38:42,608 - INFO - 开始处理目录: http://222.212.88.126:5005/s001/data/udata/real/信息部/售前数据/订车登记台账/当期数据/
2025-12-17 15:38:42,608 - INFO - 本地保存路径: E:/powerbi_data/看板数据/私有云文件本地/data/订车台账
2025-12-17 15:38:42,608 - INFO - 搜索模式: 订车登记台账
2025-12-17 15:38:42,608 - INFO - 文件扩展名: ['.xlsx', '.csv']
2025-12-17 15:38:42,728 - INFO - 开始清空目录: E:/powerbi_data/看板数据/私有云文件本地/data/订车台账
2025-12-17 15:38:42,734 - INFO - 目录清空完成: E:/powerbi_data/看板数据/私有云文件本地/data/订车台账
2025-12-17 15:38:42,734 - INFO - 找到 36 个匹配文件，开始下载...
2025-12-17 15:38:43,951 - INFO - 下载完成! 成功: 36/36, 失败: 0
2025-12-17 15:38:43,951 - INFO - 开始处理第 5/11 个下载任务
2025-12-17 15:38:43,951 - INFO - 开始处理目录: http://222.212.88.126:5005/s001/data/udata/real/信息部/售前数据/新车延保/当期数据/
2025-12-17 15:38:43,951 - INFO - 本地保存路径: E:/powerbi_data/看板数据/私有云文件本地/data/新车三方延保
2025-12-17 15:38:43,952 - INFO - 搜索模式: 新车延保登记表
2025-12-17 15:38:43,952 - INFO - 文件扩展名: ['.xlsx', '.csv']
2025-12-17 15:38:44,080 - INFO - 开始清空目录: E:/powerbi_data/看板数据/私有云文件本地/data/新车三方延保
2025-12-17 15:38:44,087 - INFO - 目录清空完成: E:/powerbi_data/看板数据/私有云文件本地/data/新车三方延保
2025-12-17 15:38:44,087 - INFO - 找到 27 个匹配文件，开始下载...
2025-12-17 15:38:44,883 - INFO - 下载完成! 成功: 27/27, 失败: 0
2025-12-17 15:38:44,883 - INFO - 开始处理第 6/11 个下载任务
2025-12-17 15:38:44,883 - INFO - 开始处理目录: http://222.212.88.126:5005/s001/data/udata/real/信息部/售前数据/贴膜升级/当期数据/
2025-12-17 15:38:44,883 - INFO - 本地保存路径: E:/powerbi_data/看板数据/私有云文件本地/data/贴膜升级
2025-12-17 15:38:44,883 - INFO - 搜索模式: 贴膜升级登记表
2025-12-17 15:38:44,883 - INFO - 文件扩展名: ['.xlsx', '.csv']
2025-12-17 15:38:44,975 - INFO - 开始清空目录: E:/powerbi_data/看板数据/私有云文件本地/data/贴膜升级
2025-12-17 15:38:44,983 - INFO - 目录清空完成: E:/powerbi_data/看板数据/私有云文件本地/data/贴膜升级
2025-12-17 15:38:44,983 - INFO - 找到 27 个匹配文件，开始下载...
2025-12-17 15:38:45,780 - INFO - 下载完成! 成功: 27/27, 失败: 0
2025-12-17 15:38:45,780 - INFO - 开始处理第 7/11 个下载任务
2025-12-17 15:38:45,780 - INFO - 开始处理目录: http://222.212.88.126:5005/s001/data/udata/real/信息部/售前数据/精品销售/当期数据/
2025-12-17 15:38:45,780 - INFO - 本地保存路径: E:/powerbi_data/看板数据/私有云文件本地/data/精品销售
2025-12-17 15:38:45,780 - INFO - 搜索模式: 精品销售台账
2025-12-17 15:38:45,781 - INFO - 文件扩展名: ['.xlsx', '.csv']
2025-12-17 15:38:45,825 - INFO - 开始清空目录: E:/powerbi_data/看板数据/私有云文件本地/data/精品销售
2025-12-17 15:38:45,828 - INFO - 目录清空完成: E:/powerbi_data/看板数据/私有云文件本地/data/精品销售
2025-12-17 15:38:45,828 - INFO - 找到 13 个匹配文件，开始下载...
2025-12-17 15:38:46,417 - INFO - 下载完成! 成功: 13/13, 失败: 0
2025-12-17 15:38:46,417 - INFO - 开始处理第 8/11 个下载任务
2025-12-17 15:38:46,417 - INFO - 开始处理目录: http://222.212.88.126:5005/s001/data/udata/real/信息部/数据部基盘/展厅数据/
2025-12-17 15:38:46,417 - INFO - 本地保存路径: E:/powerbi_data/看板数据/私有云文件本地/data/基盘表
2025-12-17 15:38:46,417 - INFO - 搜索模式: A
2025-12-17 15:38:46,417 - INFO - 文件扩展名: ['.xlsx', '.csv']
2025-12-17 15:38:46,464 - INFO - 开始清空目录: E:/powerbi_data/看板数据/私有云文件本地/data/基盘表
2025-12-17 15:38:46,478 - INFO - 目录清空完成: E:/powerbi_data/看板数据/私有云文件本地/data/基盘表
2025-12-17 15:38:46,478 - INFO - 找到 40 个匹配文件，开始下载...
2025-12-17 15:38:52,918 - INFO - 下载完成! 成功: 40/40, 失败: 0
2025-12-17 15:38:52,918 - INFO - 开始处理第 9/11 个下载任务
2025-12-17 15:38:52,918 - INFO - 开始处理目录: http://222.212.88.126:5005/s001/data/udata/real/信息部/厂家系统_车易云/厂家系统数据/【原始数据】采购总量/2025
2025-12-17 15:38:52,918 - INFO - 本地保存路径: E:/powerbi_data/看板数据/私有云文件本地/data/厂家采购
2025-12-17 15:38:52,918 - INFO - 搜索模式: .
2025-12-17 15:38:52,918 - INFO - 文件扩展名: ['.xlsx', '.csv']
2025-12-17 15:38:52,923 - INFO - 目录不存在，无需清空: E:/powerbi_data/看板数据/私有云文件本地/data/厂家采购
2025-12-17 15:38:52,923 - INFO - 找到 1 个匹配文件，开始下载...
2025-12-17 15:38:54,281 - INFO - 下载完成! 成功: 1/1, 失败: 0
2025-12-17 15:38:54,281 - INFO - 开始处理第 10/11 个下载任务
2025-12-17 15:38:54,281 - INFO - 开始处理目录: http://222.212.88.126:5005/s001/data/udata/real/信息部/信息部内部文件/收集数据/
2025-12-17 15:38:54,281 - INFO - 本地保存路径: E:/powerbi_data/看板数据/私有云文件本地/data/收集文件
2025-12-17 15:38:54,281 - INFO - 搜索模式: 表
2025-12-17 15:38:54,281 - INFO - 文件扩展名: ['.xlsx', '.csv']
2025-12-17 15:38:54,291 - INFO - 开始清空目录: E:/powerbi_data/看板数据/私有云文件本地/data/收集文件
2025-12-17 15:38:54,294 - INFO - 目录清空完成: E:/powerbi_data/看板数据/私有云文件本地/data/收集文件
2025-12-17 15:38:54,294 - INFO - 找到 7 个匹配文件，开始下载...
2025-12-17 15:38:55,425 - INFO - 下载完成! 成功: 7/7, 失败: 0
2025-12-17 15:38:55,426 - INFO - 开始处理第 11/11 个下载任务
2025-12-17 15:38:55,426 - INFO - 开始处理目录: http://222.212.88.126:5005/s001/data/udata/real/信息部/信息部内部文件/车易云-新车保险台账/
2025-12-17 15:38:55,426 - INFO - 本地保存路径: E:/powerbi_data/看板数据/私有云文件本地/data/新车保险台账
2025-12-17 15:38:55,426 - INFO - 搜索模式: 明细
2025-12-17 15:38:55,426 - INFO - 文件扩展名: ['.xlsx', '.csv']
2025-12-17 15:38:55,434 - INFO - 开始清空目录: E:/powerbi_data/看板数据/私有云文件本地/data/新车保险台账
2025-12-17 15:38:55,435 - INFO - 目录清空完成: E:/powerbi_data/看板数据/私有云文件本地/data/新车保险台账
2025-12-17 15:38:55,435 - INFO - 找到 1 个匹配文件，开始下载...
2025-12-17 15:38:56,066 - INFO - 下载完成! 成功: 1/1, 失败: 0
2025-12-17 15:40:12,072 - INFO - 会话初始化成功
2025-12-17 15:40:12,073 - INFO - 开始处理第 1/11 个下载任务
2025-12-17 15:40:12,073 - INFO - 开始处理目录: http://222.212.88.126:5005/s001/data/udata/real/信息部/售前数据/市场费用登记表/当期数据/
2025-12-17 15:40:12,073 - INFO - 本地保存路径: E:/powerbi_data/看板数据/私有云文件本地/投放市场费用
2025-12-17 15:40:12,073 - INFO - 搜索模式: 市场费用登记表
2025-12-17 15:40:12,073 - INFO - 文件扩展名: ['.xlsx', '.csv']
2025-12-17 15:40:12,187 - INFO - 开始清空目录: E:/powerbi_data/看板数据/私有云文件本地/投放市场费用
2025-12-17 15:40:12,215 - INFO - 目录清空完成: E:/powerbi_data/看板数据/私有云文件本地/投放市场费用
2025-12-17 15:40:12,215 - INFO - 找到 34 个匹配文件，开始下载...
2025-12-17 15:40:13,774 - INFO - 下载完成! 成功: 34/34, 失败: 0
2025-12-17 15:40:13,774 - INFO - 开始处理第 2/11 个下载任务
2025-12-17 15:40:13,774 - INFO - 开始处理目录: http://222.212.88.126:5005/s001/data/udata/real/信息部/售前数据/衍生产品台账/当期数据/
2025-12-17 15:40:13,775 - INFO - 本地保存路径: E:/powerbi_data/看板数据/私有云文件本地/衍生产品
2025-12-17 15:40:13,775 - INFO - 搜索模式: 衍生产品登记表
2025-12-17 15:40:13,775 - INFO - 文件扩展名: ['.xlsx', '.csv']
2025-12-17 15:40:13,896 - INFO - 开始清空目录: E:/powerbi_data/看板数据/私有云文件本地/衍生产品
2025-12-17 15:40:13,906 - INFO - 目录清空完成: E:/powerbi_data/看板数据/私有云文件本地/衍生产品
2025-12-17 15:40:13,906 - INFO - 找到 40 个匹配文件，开始下载...
2025-12-17 15:40:14,920 - INFO - 下载完成! 成功: 40/40, 失败: 0
2025-12-17 15:40:14,920 - INFO - 开始处理第 3/11 个下载任务
2025-12-17 15:40:14,920 - INFO - 开始处理目录: http://222.212.88.126:5005/s001/data/udata/real/信息部/售前数据/特殊事项登记台账/当期数据/
2025-12-17 15:40:14,920 - INFO - 本地保存路径: E:/powerbi_data/看板数据/私有云文件本地/特殊事项收入
2025-12-17 15:40:14,920 - INFO - 搜索模式: 特殊事项登记台账
2025-12-17 15:40:14,920 - INFO - 文件扩展名: ['.xlsx', '.csv']
2025-12-17 15:40:15,058 - INFO - 开始清空目录: E:/powerbi_data/看板数据/私有云文件本地/特殊事项收入
2025-12-17 15:40:15,066 - INFO - 目录清空完成: E:/powerbi_data/看板数据/私有云文件本地/特殊事项收入
2025-12-17 15:40:15,067 - INFO - 找到 37 个匹配文件，开始下载...
2025-12-17 15:40:15,137 - INFO - 下载完成! 成功: 37/37, 失败: 0
2025-12-17 15:40:15,138 - INFO - 开始处理第 4/11 个下载任务
2025-12-17 15:40:15,138 - INFO - 开始处理目录: http://222.212.88.126:5005/s001/data/udata/real/信息部/售前数据/订车登记台账/当期数据/
2025-12-17 15:40:15,138 - INFO - 本地保存路径: E:/powerbi_data/看板数据/私有云文件本地/订车台账
2025-12-17 15:40:15,138 - INFO - 搜索模式: 订车登记台账
2025-12-17 15:40:15,138 - INFO - 文件扩展名: ['.xlsx', '.csv']
2025-12-17 15:40:15,279 - INFO - 开始清空目录: E:/powerbi_data/看板数据/私有云文件本地/订车台账
2025-12-17 15:40:15,286 - INFO - 目录清空完成: E:/powerbi_data/看板数据/私有云文件本地/订车台账
2025-12-17 15:40:15,286 - INFO - 找到 36 个匹配文件，开始下载...
2025-12-17 15:40:16,246 - INFO - 下载完成! 成功: 36/36, 失败: 0
2025-12-17 15:40:16,246 - INFO - 开始处理第 5/11 个下载任务
2025-12-17 15:40:16,247 - INFO - 开始处理目录: http://222.212.88.126:5005/s001/data/udata/real/信息部/售前数据/新车延保/当期数据/
2025-12-17 15:40:16,247 - INFO - 本地保存路径: E:/powerbi_data/看板数据/私有云文件本地/新车三方延保
2025-12-17 15:40:16,247 - INFO - 搜索模式: 新车延保登记表
2025-12-17 15:40:16,247 - INFO - 文件扩展名: ['.xlsx', '.csv']
2025-12-17 15:40:16,345 - INFO - 开始清空目录: E:/powerbi_data/看板数据/私有云文件本地/新车三方延保
2025-12-17 15:40:16,349 - INFO - 目录清空完成: E:/powerbi_data/看板数据/私有云文件本地/新车三方延保
2025-12-17 15:40:16,349 - INFO - 找到 27 个匹配文件，开始下载...
2025-12-17 15:40:16,885 - INFO - 下载完成! 成功: 27/27, 失败: 0
2025-12-17 15:40:16,885 - INFO - 开始处理第 6/11 个下载任务
2025-12-17 15:40:16,885 - INFO - 开始处理目录: http://222.212.88.126:5005/s001/data/udata/real/信息部/售前数据/贴膜升级/当期数据/
2025-12-17 15:40:16,885 - INFO - 本地保存路径: E:/powerbi_data/看板数据/私有云文件本地/贴膜升级
2025-12-17 15:40:16,885 - INFO - 搜索模式: 贴膜升级登记表
2025-12-17 15:40:16,885 - INFO - 文件扩展名: ['.xlsx', '.csv']
2025-12-17 15:40:16,981 - INFO - 开始清空目录: E:/powerbi_data/看板数据/私有云文件本地/贴膜升级
2025-12-17 15:40:16,990 - INFO - 目录清空完成: E:/powerbi_data/看板数据/私有云文件本地/贴膜升级
2025-12-17 15:40:16,990 - INFO - 找到 27 个匹配文件，开始下载...
2025-12-17 15:40:17,491 - INFO - 下载完成! 成功: 27/27, 失败: 0
2025-12-17 15:40:17,491 - INFO - 开始处理第 7/11 个下载任务
2025-12-17 15:40:17,492 - INFO - 开始处理目录: http://222.212.88.126:5005/s001/data/udata/real/信息部/售前数据/精品销售/当期数据/
2025-12-17 15:40:17,492 - INFO - 本地保存路径: E:/powerbi_data/看板数据/私有云文件本地/精品销售
2025-12-17 15:40:17,492 - INFO - 搜索模式: 精品销售台账
2025-12-17 15:40:17,492 - INFO - 文件扩展名: ['.xlsx', '.csv']
2025-12-17 15:40:17,539 - INFO - 开始清空目录: E:/powerbi_data/看板数据/私有云文件本地/精品销售
2025-12-17 15:40:17,552 - INFO - 目录清空完成: E:/powerbi_data/看板数据/私有云文件本地/精品销售
2025-12-17 15:40:17,552 - INFO - 找到 13 个匹配文件，开始下载...
2025-12-17 15:40:17,859 - INFO - 下载完成! 成功: 13/13, 失败: 0
2025-12-17 15:40:17,860 - INFO - 开始处理第 8/11 个下载任务
2025-12-17 15:40:17,860 - INFO - 开始处理目录: http://222.212.88.126:5005/s001/data/udata/real/信息部/数据部基盘/展厅数据/
2025-12-17 15:40:17,860 - INFO - 本地保存路径: E:/powerbi_data/看板数据/私有云文件本地/基盘表
2025-12-17 15:40:17,860 - INFO - 搜索模式: A
2025-12-17 15:40:17,860 - INFO - 文件扩展名: ['.xlsx', '.csv']
2025-12-17 15:40:17,923 - INFO - 开始清空目录: E:/powerbi_data/看板数据/私有云文件本地/基盘表
2025-12-17 15:40:17,931 - INFO - 目录清空完成: E:/powerbi_data/看板数据/私有云文件本地/基盘表
2025-12-17 15:40:17,931 - INFO - 找到 40 个匹配文件，开始下载...
2025-12-17 15:40:24,360 - INFO - 下载完成! 成功: 40/40, 失败: 0
2025-12-17 15:40:24,360 - INFO - 开始处理第 9/11 个下载任务
2025-12-17 15:40:24,360 - INFO - 开始处理目录: http://222.212.88.126:5005/s001/data/udata/real/信息部/厂家系统_车易云/厂家系统数据/【原始数据】采购总量/2025
2025-12-17 15:40:24,360 - INFO - 本地保存路径: E:/powerbi_data/看板数据/私有云文件本地/厂家采购
2025-12-17 15:40:24,360 - INFO - 搜索模式: 明细
2025-12-17 15:40:24,360 - INFO - 文件扩展名: ['.xlsx', '.csv']
2025-12-17 15:40:24,369 - INFO - 开始清空目录: E:/powerbi_data/看板数据/私有云文件本地/厂家采购
2025-12-17 15:40:24,370 - INFO - 目录清空完成: E:/powerbi_data/看板数据/私有云文件本地/厂家采购
2025-12-17 15:40:24,370 - INFO - 找到 1 个匹配文件，开始下载...
2025-12-17 15:40:25,728 - INFO - 下载完成! 成功: 1/1, 失败: 0
2025-12-17 15:40:25,728 - INFO - 开始处理第 10/11 个下载任务
2025-12-17 15:40:25,728 - INFO - 开始处理目录: http://222.212.88.126:5005/s001/data/udata/real/信息部/信息部内部文件/收集数据/
2025-12-17 15:40:25,728 - INFO - 本地保存路径: E:/powerbi_data/看板数据/私有云文件本地/收集文件
2025-12-17 15:40:25,728 - INFO - 搜索模式: 表
2025-12-17 15:40:25,728 - INFO - 文件扩展名: ['.xlsx', '.csv']
2025-12-17 15:40:25,747 - INFO - 开始清空目录: E:/powerbi_data/看板数据/私有云文件本地/收集文件
2025-12-17 15:40:25,750 - INFO - 目录清空完成: E:/powerbi_data/看板数据/私有云文件本地/收集文件
2025-12-17 15:40:25,750 - INFO - 找到 7 个匹配文件，开始下载...
2025-12-17 15:40:26,882 - INFO - 下载完成! 成功: 7/7, 失败: 0
2025-12-17 15:40:26,882 - INFO - 开始处理第 11/11 个下载任务
2025-12-17 15:40:26,882 - INFO - 开始处理目录: http://222.212.88.126:5005/s001/data/udata/real/信息部/信息部内部文件/车易云-新车保险台账/
2025-12-17 15:40:26,882 - INFO - 本地保存路径: E:/powerbi_data/看板数据/私有云文件本地/新车保险台账
2025-12-17 15:40:26,882 - INFO - 搜索模式: 明细
2025-12-17 15:40:26,882 - INFO - 文件扩展名: ['.xlsx', '.csv']
2025-12-17 15:40:26,888 - INFO - 开始清空目录: E:/powerbi_data/看板数据/私有云文件本地/新车保险台账
2025-12-17 15:40:26,890 - INFO - 目录清空完成: E:/powerbi_data/看板数据/私有云文件本地/新车保险台账
2025-12-17 15:40:26,891 - INFO - 找到 1 个匹配文件，开始下载...
2025-12-17 15:40:27,521 - INFO - 下载完成! 成功: 1/1, 失败: 0
2025-12-18 16:38:35,739 - INFO - 会话初始化成功
2025-12-18 16:38:35,740 - INFO - 开始处理第 1/11 个下载任务
2025-12-18 16:38:35,740 - INFO - 开始处理目录: http://222.212.88.126:5005/s001/data/udata/real/信息部/售前数据/市场费用登记表/当期数据/
2025-12-18 16:38:35,740 - INFO - 本地保存路径: E:/powerbi_data/看板数据/私有云文件本地/投放市场费用
2025-12-18 16:38:35,740 - INFO - 搜索模式: 市场费用登记表
2025-12-18 16:38:35,740 - INFO - 文件扩展名: ['.xlsx', '.csv']
2025-12-18 16:38:35,860 - INFO - 开始清空目录: E:/powerbi_data/看板数据/私有云文件本地/投放市场费用
2025-12-18 16:38:35,867 - INFO - 目录清空完成: E:/powerbi_data/看板数据/私有云文件本地/投放市场费用
2025-12-18 16:38:35,867 - INFO - 找到 34 个匹配文件，开始下载...
2025-12-18 16:38:38,959 - INFO - 下载完成! 成功: 34/34, 失败: 0
2025-12-18 16:38:38,959 - INFO - 开始处理第 2/11 个下载任务
2025-12-18 16:38:38,959 - INFO - 开始处理目录: http://222.212.88.126:5005/s001/data/udata/real/信息部/售前数据/衍生产品台账/当期数据/
2025-12-18 16:38:38,959 - INFO - 本地保存路径: E:/powerbi_data/看板数据/私有云文件本地/衍生产品
2025-12-18 16:38:38,959 - INFO - 搜索模式: 衍生产品登记表
2025-12-18 16:38:38,959 - INFO - 文件扩展名: ['.xlsx', '.csv']
2025-12-18 16:38:39,115 - INFO - 开始清空目录: E:/powerbi_data/看板数据/私有云文件本地/衍生产品
2025-12-18 16:38:39,134 - INFO - 目录清空完成: E:/powerbi_data/看板数据/私有云文件本地/衍生产品
2025-12-18 16:38:39,135 - INFO - 找到 40 个匹配文件，开始下载...
2025-12-18 16:38:41,583 - INFO - 下载完成! 成功: 40/40, 失败: 0
2025-12-18 16:38:41,583 - INFO - 开始处理第 3/11 个下载任务
2025-12-18 16:38:41,583 - INFO - 开始处理目录: http://222.212.88.126:5005/s001/data/udata/real/信息部/售前数据/特殊事项登记台账/当期数据/
2025-12-18 16:38:41,583 - INFO - 本地保存路径: E:/powerbi_data/看板数据/私有云文件本地/特殊事项收入
2025-12-18 16:38:41,583 - INFO - 搜索模式: 特殊事项登记台账
2025-12-18 16:38:41,583 - INFO - 文件扩展名: ['.xlsx', '.csv']
2025-12-18 16:38:41,880 - INFO - 开始清空目录: E:/powerbi_data/看板数据/私有云文件本地/特殊事项收入
2025-12-18 16:38:41,885 - INFO - 目录清空完成: E:/powerbi_data/看板数据/私有云文件本地/特殊事项收入
2025-12-18 16:38:41,885 - INFO - 找到 37 个匹配文件，开始下载...
2025-12-18 16:38:43,037 - INFO - 下载完成! 成功: 37/37, 失败: 0
2025-12-18 16:38:43,037 - INFO - 开始处理第 4/11 个下载任务
2025-12-18 16:38:43,037 - INFO - 开始处理目录: http://222.212.88.126:5005/s001/data/udata/real/信息部/售前数据/订车登记台账/当期数据/
2025-12-18 16:38:43,037 - INFO - 本地保存路径: E:/powerbi_data/看板数据/私有云文件本地/订车台账
2025-12-18 16:38:43,037 - INFO - 搜索模式: 订车登记台账
2025-12-18 16:38:43,037 - INFO - 文件扩展名: ['.xlsx', '.csv']
2025-12-18 16:38:43,155 - INFO - 开始清空目录: E:/powerbi_data/看板数据/私有云文件本地/订车台账
2025-12-18 16:38:43,165 - INFO - 目录清空完成: E:/powerbi_data/看板数据/私有云文件本地/订车台账
2025-12-18 16:38:43,165 - INFO - 找到 36 个匹配文件，开始下载...
2025-12-18 16:38:44,387 - INFO - 下载完成! 成功: 36/36, 失败: 0
2025-12-18 16:38:44,387 - INFO - 开始处理第 5/11 个下载任务
2025-12-18 16:38:44,387 - INFO - 开始处理目录: http://222.212.88.126:5005/s001/data/udata/real/信息部/售前数据/新车延保/当期数据/
2025-12-18 16:38:44,388 - INFO - 本地保存路径: E:/powerbi_data/看板数据/私有云文件本地/新车三方延保
2025-12-18 16:38:44,388 - INFO - 搜索模式: 新车延保登记表
2025-12-18 16:38:44,388 - INFO - 文件扩展名: ['.xlsx', '.csv']
2025-12-18 16:38:44,488 - INFO - 开始清空目录: E:/powerbi_data/看板数据/私有云文件本地/新车三方延保
2025-12-18 16:38:44,491 - INFO - 目录清空完成: E:/powerbi_data/看板数据/私有云文件本地/新车三方延保
2025-12-18 16:38:44,492 - INFO - 找到 27 个匹配文件，开始下载...
2025-12-18 16:38:45,177 - INFO - 下载完成! 成功: 27/27, 失败: 0
2025-12-18 16:38:45,178 - INFO - 开始处理第 6/11 个下载任务
2025-12-18 16:38:45,178 - INFO - 开始处理目录: http://222.212.88.126:5005/s001/data/udata/real/信息部/售前数据/贴膜升级/当期数据/
2025-12-18 16:38:45,178 - INFO - 本地保存路径: E:/powerbi_data/看板数据/私有云文件本地/贴膜升级
2025-12-18 16:38:45,178 - INFO - 搜索模式: 贴膜升级登记表
2025-12-18 16:38:45,178 - INFO - 文件扩展名: ['.xlsx', '.csv']
2025-12-18 16:38:45,255 - INFO - 开始清空目录: E:/powerbi_data/看板数据/私有云文件本地/贴膜升级
2025-12-18 16:38:45,256 - ERROR - 删除 E:/powerbi_data/看板数据/私有云文件本地/贴膜升级\~$两网-总部-贴膜升级登记表-最新年.xlsx 失败: [WinError 32] 另一个程序正在使用此文件，进程无法访问。: 'E:/powerbi_data/看板数据/私有云文件本地/贴膜升级\\~$两网-总部-贴膜升级登记表-最新年.xlsx'
2025-12-18 16:38:45,256 - ERROR - 清空目录失败，停止下载
2025-12-18 16:38:45,256 - INFO - 开始处理第 7/11 个下载任务
2025-12-18 16:38:45,256 - INFO - 开始处理目录: http://222.212.88.126:5005/s001/data/udata/real/信息部/售前数据/精品销售/当期数据/
2025-12-18 16:38:45,256 - INFO - 本地保存路径: E:/powerbi_data/看板数据/私有云文件本地/精品销售
2025-12-18 16:38:45,256 - INFO - 搜索模式: 精品销售台账
2025-12-18 16:38:45,256 - INFO - 文件扩展名: ['.xlsx', '.csv']
2025-12-18 16:38:45,292 - INFO - 开始清空目录: E:/powerbi_data/看板数据/私有云文件本地/精品销售
2025-12-18 16:38:45,296 - INFO - 目录清空完成: E:/powerbi_data/看板数据/私有云文件本地/精品销售
2025-12-18 16:38:45,296 - INFO - 找到 13 个匹配文件，开始下载...
2025-12-18 16:38:45,672 - INFO - 下载完成! 成功: 13/13, 失败: 0
2025-12-18 16:38:45,672 - INFO - 开始处理第 8/11 个下载任务
2025-12-18 16:38:45,672 - INFO - 开始处理目录: http://222.212.88.126:5005/s001/data/udata/real/信息部/数据部基盘/展厅数据/
2025-12-18 16:38:45,672 - INFO - 本地保存路径: E:/powerbi_data/看板数据/私有云文件本地/基盘表
2025-12-18 16:38:45,672 - INFO - 搜索模式: A
2025-12-18 16:38:45,672 - INFO - 文件扩展名: ['.xlsx', '.csv']
2025-12-18 16:38:45,723 - INFO - 开始清空目录: E:/powerbi_data/看板数据/私有云文件本地/基盘表
2025-12-18 16:38:45,735 - INFO - 目录清空完成: E:/powerbi_data/看板数据/私有云文件本地/基盘表
2025-12-18 16:38:45,735 - INFO - 找到 40 个匹配文件，开始下载...
2025-12-18 16:38:52,169 - INFO - 下载完成! 成功: 40/40, 失败: 0
2025-12-18 16:38:52,169 - INFO - 开始处理第 9/11 个下载任务
2025-12-18 16:38:52,169 - INFO - 开始处理目录: http://222.212.88.126:5005/s001/data/udata/real/信息部/厂家系统_车易云/厂家系统数据/【原始数据】采购总量/2025
2025-12-18 16:38:52,169 - INFO - 本地保存路径: E:/powerbi_data/看板数据/私有云文件本地/厂家采购
2025-12-18 16:38:52,169 - INFO - 搜索模式: 明细
2025-12-18 16:38:52,169 - INFO - 文件扩展名: ['.xlsx', '.csv']
2025-12-18 16:38:52,176 - INFO - 开始清空目录: E:/powerbi_data/看板数据/私有云文件本地/厂家采购
2025-12-18 16:38:52,177 - INFO - 目录清空完成: E:/powerbi_data/看板数据/私有云文件本地/厂家采购
2025-12-18 16:38:52,177 - INFO - 找到 1 个匹配文件，开始下载...
2025-12-18 16:38:53,969 - INFO - 下载完成! 成功: 1/1, 失败: 0
2025-12-18 16:38:53,969 - INFO - 开始处理第 10/11 个下载任务
2025-12-18 16:38:53,969 - INFO - 开始处理目录: http://222.212.88.126:5005/s001/data/udata/real/信息部/信息部内部文件/收集数据/
2025-12-18 16:38:53,969 - INFO - 本地保存路径: E:/powerbi_data/看板数据/私有云文件本地/收集文件
2025-12-18 16:38:53,969 - INFO - 搜索模式: 表
2025-12-18 16:38:53,969 - INFO - 文件扩展名: ['.xlsx', '.csv']
2025-12-18 16:38:53,986 - INFO - 开始清空目录: E:/powerbi_data/看板数据/私有云文件本地/收集文件
2025-12-18 16:38:53,991 - INFO - 目录清空完成: E:/powerbi_data/看板数据/私有云文件本地/收集文件
2025-12-18 16:38:53,992 - INFO - 找到 7 个匹配文件，开始下载...
2025-12-18 16:38:55,145 - INFO - 下载完成! 成功: 7/7, 失败: 0
2025-12-18 16:38:55,145 - INFO - 开始处理第 11/11 个下载任务
2025-12-18 16:38:55,146 - INFO - 开始处理目录: http://222.212.88.126:5005/s001/data/udata/real/信息部/信息部内部文件/车易云-新车保险台账/
2025-12-18 16:38:55,146 - INFO - 本地保存路径: E:/powerbi_data/看板数据/私有云文件本地/新车保险台账
2025-12-18 16:38:55,146 - INFO - 搜索模式: 明细
2025-12-18 16:38:55,146 - INFO - 文件扩展名: ['.xlsx', '.csv']
2025-12-18 16:38:55,161 - INFO - 开始清空目录: E:/powerbi_data/看板数据/私有云文件本地/新车保险台账
2025-12-18 16:38:55,162 - INFO - 目录清空完成: E:/powerbi_data/看板数据/私有云文件本地/新车保险台账
2025-12-18 16:38:55,163 - INFO - 找到 1 个匹配文件，开始下载...
2025-12-18 16:38:55,801 - INFO - 下载完成! 成功: 1/1, 失败: 0
2025-12-18 16:39:05,801 - INFO - 会话初始化成功
2025-12-18 16:39:05,801 - INFO - 开始处理第 1/11 个下载任务
2025-12-18 16:39:05,802 - INFO - 开始处理目录: http://222.212.88.126:5005/s001/data/udata/real/信息部/售前数据/市场费用登记表/当期数据/
2025-12-18 16:39:05,802 - INFO - 本地保存路径: E:/powerbi_data/看板数据/私有云文件本地/投放市场费用
2025-12-18 16:39:05,802 - INFO - 搜索模式: 市场费用登记表
2025-12-18 16:39:05,802 - INFO - 文件扩展名: ['.xlsx', '.csv']
2025-12-18 16:39:05,912 - INFO - 开始清空目录: E:/powerbi_data/看板数据/私有云文件本地/投放市场费用
2025-12-18 16:39:05,919 - INFO - 目录清空完成: E:/powerbi_data/看板数据/私有云文件本地/投放市场费用
2025-12-18 16:39:05,919 - INFO - 找到 34 个匹配文件，开始下载...
2025-12-18 16:39:07,476 - INFO - 下载完成! 成功: 34/34, 失败: 0
2025-12-18 16:39:07,476 - INFO - 开始处理第 2/11 个下载任务
2025-12-18 16:39:07,476 - INFO - 开始处理目录: http://222.212.88.126:5005/s001/data/udata/real/信息部/售前数据/衍生产品台账/当期数据/
2025-12-18 16:39:07,476 - INFO - 本地保存路径: E:/powerbi_data/看板数据/私有云文件本地/衍生产品
2025-12-18 16:39:07,477 - INFO - 搜索模式: 衍生产品登记表
2025-12-18 16:39:07,477 - INFO - 文件扩展名: ['.xlsx', '.csv']
2025-12-18 16:39:07,615 - INFO - 开始清空目录: E:/powerbi_data/看板数据/私有云文件本地/衍生产品
2025-12-18 16:39:07,620 - INFO - 目录清空完成: E:/powerbi_data/看板数据/私有云文件本地/衍生产品
2025-12-18 16:39:07,621 - INFO - 找到 40 个匹配文件，开始下载...
2025-12-18 16:39:08,634 - INFO - 下载完成! 成功: 40/40, 失败: 0
2025-12-18 16:39:08,634 - INFO - 开始处理第 3/11 个下载任务
2025-12-18 16:39:08,634 - INFO - 开始处理目录: http://222.212.88.126:5005/s001/data/udata/real/信息部/售前数据/特殊事项登记台账/当期数据/
2025-12-18 16:39:08,634 - INFO - 本地保存路径: E:/powerbi_data/看板数据/私有云文件本地/特殊事项收入
2025-12-18 16:39:08,635 - INFO - 搜索模式: 特殊事项登记台账
2025-12-18 16:39:08,635 - INFO - 文件扩展名: ['.xlsx', '.csv']
2025-12-18 16:39:08,767 - INFO - 开始清空目录: E:/powerbi_data/看板数据/私有云文件本地/特殊事项收入
2025-12-18 16:39:08,771 - INFO - 目录清空完成: E:/powerbi_data/看板数据/私有云文件本地/特殊事项收入
2025-12-18 16:39:08,771 - INFO - 找到 37 个匹配文件，开始下载...
2025-12-18 16:39:08,827 - INFO - 下载完成! 成功: 37/37, 失败: 0
2025-12-18 16:39:08,827 - INFO - 开始处理第 4/11 个下载任务
2025-12-18 16:39:08,828 - INFO - 开始处理目录: http://222.212.88.126:5005/s001/data/udata/real/信息部/售前数据/订车登记台账/当期数据/
2025-12-18 16:39:08,828 - INFO - 本地保存路径: E:/powerbi_data/看板数据/私有云文件本地/订车台账
2025-12-18 16:39:08,828 - INFO - 搜索模式: 订车登记台账
2025-12-18 16:39:08,828 - INFO - 文件扩展名: ['.xlsx', '.csv']
2025-12-18 16:39:08,948 - INFO - 开始清空目录: E:/powerbi_data/看板数据/私有云文件本地/订车台账
2025-12-18 16:39:08,953 - INFO - 目录清空完成: E:/powerbi_data/看板数据/私有云文件本地/订车台账
2025-12-18 16:39:08,953 - INFO - 找到 36 个匹配文件，开始下载...
2025-12-18 16:39:09,915 - INFO - 下载完成! 成功: 36/36, 失败: 0
2025-12-18 16:39:09,915 - INFO - 开始处理第 5/11 个下载任务
2025-12-18 16:39:09,915 - INFO - 开始处理目录: http://222.212.88.126:5005/s001/data/udata/real/信息部/售前数据/新车延保/当期数据/
2025-12-18 16:39:09,915 - INFO - 本地保存路径: E:/powerbi_data/看板数据/私有云文件本地/新车三方延保
2025-12-18 16:39:09,915 - INFO - 搜索模式: 新车延保登记表
2025-12-18 16:39:09,915 - INFO - 文件扩展名: ['.xlsx', '.csv']
2025-12-18 16:39:10,064 - INFO - 开始清空目录: E:/powerbi_data/看板数据/私有云文件本地/新车三方延保
2025-12-18 16:39:10,068 - INFO - 目录清空完成: E:/powerbi_data/看板数据/私有云文件本地/新车三方延保
2025-12-18 16:39:10,068 - INFO - 找到 27 个匹配文件，开始下载...
2025-12-18 16:39:10,602 - INFO - 下载完成! 成功: 27/27, 失败: 0
2025-12-18 16:39:10,602 - INFO - 开始处理第 6/11 个下载任务
2025-12-18 16:39:10,602 - INFO - 开始处理目录: http://222.212.88.126:5005/s001/data/udata/real/信息部/售前数据/贴膜升级/当期数据/
2025-12-18 16:39:10,602 - INFO - 本地保存路径: E:/powerbi_data/看板数据/私有云文件本地/贴膜升级
2025-12-18 16:39:10,602 - INFO - 搜索模式: 贴膜升级登记表
2025-12-18 16:39:10,602 - INFO - 文件扩展名: ['.xlsx', '.csv']
2025-12-18 16:39:10,699 - INFO - 开始清空目录: E:/powerbi_data/看板数据/私有云文件本地/贴膜升级
2025-12-18 16:39:10,704 - INFO - 目录清空完成: E:/powerbi_data/看板数据/私有云文件本地/贴膜升级
2025-12-18 16:39:10,704 - INFO - 找到 27 个匹配文件，开始下载...
2025-12-18 16:39:11,218 - INFO - 下载完成! 成功: 27/27, 失败: 0
2025-12-18 16:39:11,218 - INFO - 开始处理第 7/11 个下载任务
2025-12-18 16:39:11,218 - INFO - 开始处理目录: http://222.212.88.126:5005/s001/data/udata/real/信息部/售前数据/精品销售/当期数据/
2025-12-18 16:39:11,218 - INFO - 本地保存路径: E:/powerbi_data/看板数据/私有云文件本地/精品销售
2025-12-18 16:39:11,218 - INFO - 搜索模式: 精品销售台账
2025-12-18 16:39:11,218 - INFO - 文件扩展名: ['.xlsx', '.csv']
2025-12-18 16:39:11,269 - INFO - 开始清空目录: E:/powerbi_data/看板数据/私有云文件本地/精品销售
2025-12-18 16:39:11,271 - INFO - 目录清空完成: E:/powerbi_data/看板数据/私有云文件本地/精品销售
2025-12-18 16:39:11,271 - INFO - 找到 13 个匹配文件，开始下载...
2025-12-18 16:39:11,577 - INFO - 下载完成! 成功: 13/13, 失败: 0
2025-12-18 16:39:11,578 - INFO - 开始处理第 8/11 个下载任务
2025-12-18 16:39:11,578 - INFO - 开始处理目录: http://222.212.88.126:5005/s001/data/udata/real/信息部/数据部基盘/展厅数据/
2025-12-18 16:39:11,578 - INFO - 本地保存路径: E:/powerbi_data/看板数据/私有云文件本地/基盘表
2025-12-18 16:39:11,578 - INFO - 搜索模式: A
2025-12-18 16:39:11,578 - INFO - 文件扩展名: ['.xlsx', '.csv']
2025-12-18 16:39:11,649 - INFO - 开始清空目录: E:/powerbi_data/看板数据/私有云文件本地/基盘表
2025-12-18 16:39:11,667 - INFO - 目录清空完成: E:/powerbi_data/看板数据/私有云文件本地/基盘表
2025-12-18 16:39:11,668 - INFO - 找到 40 个匹配文件，开始下载...
2025-12-18 16:39:18,202 - INFO - 下载完成! 成功: 40/40, 失败: 0
2025-12-18 16:39:18,202 - INFO - 开始处理第 9/11 个下载任务
2025-12-18 16:39:18,203 - INFO - 开始处理目录: http://222.212.88.126:5005/s001/data/udata/real/信息部/厂家系统_车易云/厂家系统数据/【原始数据】采购总量/2025
2025-12-18 16:39:18,203 - INFO - 本地保存路径: E:/powerbi_data/看板数据/私有云文件本地/厂家采购
2025-12-18 16:39:18,203 - INFO - 搜索模式: 明细
2025-12-18 16:39:18,203 - INFO - 文件扩展名: ['.xlsx', '.csv']
2025-12-18 16:39:18,211 - INFO - 开始清空目录: E:/powerbi_data/看板数据/私有云文件本地/厂家采购
2025-12-18 16:39:18,213 - INFO - 目录清空完成: E:/powerbi_data/看板数据/私有云文件本地/厂家采购
2025-12-18 16:39:18,213 - INFO - 找到 1 个匹配文件，开始下载...
2025-12-18 16:39:19,572 - INFO - 下载完成! 成功: 1/1, 失败: 0
2025-12-18 16:39:19,572 - INFO - 开始处理第 10/11 个下载任务
2025-12-18 16:39:19,572 - INFO - 开始处理目录: http://222.212.88.126:5005/s001/data/udata/real/信息部/信息部内部文件/收集数据/
2025-12-18 16:39:19,572 - INFO - 本地保存路径: E:/powerbi_data/看板数据/私有云文件本地/收集文件
2025-12-18 16:39:19,572 - INFO - 搜索模式: 表
2025-12-18 16:39:19,572 - INFO - 文件扩展名: ['.xlsx', '.csv']
2025-12-18 16:39:19,586 - INFO - 开始清空目录: E:/powerbi_data/看板数据/私有云文件本地/收集文件
2025-12-18 16:39:19,589 - INFO - 目录清空完成: E:/powerbi_data/看板数据/私有云文件本地/收集文件
2025-12-18 16:39:19,589 - INFO - 找到 7 个匹配文件，开始下载...
2025-12-18 16:39:20,722 - INFO - 下载完成! 成功: 7/7, 失败: 0
2025-12-18 16:39:20,722 - INFO - 开始处理第 11/11 个下载任务
2025-12-18 16:39:20,722 - INFO - 开始处理目录: http://222.212.88.126:5005/s001/data/udata/real/信息部/信息部内部文件/车易云-新车保险台账/
2025-12-18 16:39:20,722 - INFO - 本地保存路径: E:/powerbi_data/看板数据/私有云文件本地/新车保险台账
2025-12-18 16:39:20,722 - INFO - 搜索模式: 明细
2025-12-18 16:39:20,723 - INFO - 文件扩展名: ['.xlsx', '.csv']
2025-12-18 16:39:20,729 - INFO - 开始清空目录: E:/powerbi_data/看板数据/私有云文件本地/新车保险台账
2025-12-18 16:39:20,730 - INFO - 目录清空完成: E:/powerbi_data/看板数据/私有云文件本地/新车保险台账
2025-12-18 16:39:20,730 - INFO - 找到 1 个匹配文件，开始下载...
2025-12-18 16:39:21,363 - INFO - 下载完成! 成功: 1/1, 失败: 0
