2025-12-28 08:50:04,769 - cyy_to_mysql_99.py[line:253] - INFO: 数据库连接成功
2025-12-28 08:50:04,770 - cyy_to_mysql_99.py[line:940] - INFO: 车辆销售明细表_订单日期 第1页 - 重试第1次
2025-12-28 08:50:04,772 - cyy_to_mysql_99.py[line:940] - INFO: 车辆销售明细表_开票日期 第1页 - 重试第1次
2025-12-28 08:50:04,774 - cyy_to_mysql_99.py[line:940] - INFO: 车辆成本管理 第1页 - 重试第1次
2025-12-28 08:50:06,501 - cyy_to_mysql_99.py[line:940] - INFO: 装饰_订单管理_装饰订单 第1页 - 重试第1次
2025-12-28 08:50:06,502 - cyy_to_mysql_99.py[line:1056] - INFO: 任务 车辆成本管理 完成, 获取0条数据
2025-12-28 08:50:06,502 - cyy_to_mysql_99.py[line:816] - INFO: 车辆成本管理 无数据可保存
2025-12-28 08:50:06,502 - cyy_to_mysql_99.py[line:1064] - ERROR: 任务 车辆成本管理 数据保存失败: 车辆成本管理 无数据可保存
2025-12-28 08:50:07,694 - cyy_to_mysql_99.py[line:940] - INFO: 套餐销售列表 第1页 - 重试第1次
2025-12-28 08:50:07,695 - cyy_to_mysql_99.py[line:1056] - INFO: 任务 装饰_订单管理_装饰订单 完成, 获取3条数据
2025-12-28 08:50:07,714 - cyy_to_mysql_99.py[line:857] - INFO: 装饰_订单管理_装饰订单 数据保存完成，影响 6 行
2025-12-28 08:50:19,297 - cyy_to_mysql_99.py[line:940] - INFO: 销售_车辆销售_成交订单 第1页 - 重试第1次
2025-12-28 08:50:19,297 - cyy_to_mysql_99.py[line:1056] - INFO: 任务 车辆销售明细表_开票日期 完成, 获取4条数据
2025-12-28 08:50:19,314 - cyy_to_mysql_99.py[line:940] - INFO: 销售_车辆销售_作废订单 第1页 - 重试第1次
2025-12-28 08:50:19,322 - cyy_to_mysql_99.py[line:857] - INFO: 车辆销售明细表_开票日期 数据保存完成，影响 8 行
2025-12-28 08:50:19,322 - cyy_to_mysql_99.py[line:1056] - INFO: 任务 车辆销售明细表_订单日期 完成, 获取4条数据
2025-12-28 08:50:19,339 - cyy_to_mysql_99.py[line:857] - INFO: 车辆销售明细表_订单日期 数据保存完成，影响 8 行
2025-12-28 08:50:22,493 - cyy_to_mysql_99.py[line:940] - INFO: 开票维护 第1页 - 重试第1次
2025-12-28 08:50:22,493 - cyy_to_mysql_99.py[line:1056] - INFO: 任务 销售_车辆销售_成交订单 完成, 获取0条数据
2025-12-28 08:50:22,493 - cyy_to_mysql_99.py[line:816] - INFO: 销售_车辆销售_成交订单 无数据可保存
2025-12-28 08:50:22,493 - cyy_to_mysql_99.py[line:1064] - ERROR: 任务 销售_车辆销售_成交订单 数据保存失败: 销售_车辆销售_成交订单 无数据可保存
2025-12-28 08:50:29,790 - cyy_to_mysql_99.py[line:940] - INFO: 保险业务 第1页 - 重试第1次
2025-12-28 08:50:29,791 - cyy_to_mysql_99.py[line:1056] - INFO: 任务 销售_车辆销售_作废订单 完成, 获取0条数据
2025-12-28 08:50:29,791 - cyy_to_mysql_99.py[line:816] - INFO: 销售_车辆销售_作废订单 无数据可保存
2025-12-28 08:50:29,791 - cyy_to_mysql_99.py[line:1064] - ERROR: 任务 销售_车辆销售_作废订单 数据保存失败: 销售_车辆销售_作废订单 无数据可保存
2025-12-28 08:50:30,186 - cyy_to_mysql_99.py[line:940] - INFO: 按揭业务 第1页 - 重试第1次
2025-12-28 08:50:30,187 - cyy_to_mysql_99.py[line:1056] - INFO: 任务 套餐销售列表 完成, 获取1条数据
2025-12-28 08:50:30,202 - cyy_to_mysql_99.py[line:857] - INFO: 套餐销售列表 数据保存完成，影响 2 行
2025-12-28 08:50:31,950 - cyy_to_mysql_99.py[line:940] - INFO: 评估管理_成交 第1页 - 重试第1次
2025-12-28 08:50:31,951 - cyy_to_mysql_99.py[line:1056] - INFO: 任务 按揭业务 完成, 获取2条数据
2025-12-28 08:50:31,967 - cyy_to_mysql_99.py[line:857] - INFO: 按揭业务 数据保存完成，影响 3 行
2025-12-28 08:50:33,440 - cyy_to_mysql_99.py[line:940] - INFO: 评估管理_已入库 第1页 - 重试第1次
2025-12-28 08:50:33,441 - cyy_to_mysql_99.py[line:1056] - INFO: 任务 保险业务 完成, 获取0条数据
2025-12-28 08:50:33,442 - cyy_to_mysql_99.py[line:816] - INFO: 保险业务 无数据可保存
2025-12-28 08:50:33,442 - cyy_to_mysql_99.py[line:1064] - ERROR: 任务 保险业务 数据保存失败: 保险业务 无数据可保存
2025-12-28 08:50:35,260 - cyy_to_mysql_99.py[line:940] - INFO: 调车结算查询 第1页 - 重试第1次
2025-12-28 08:50:35,260 - cyy_to_mysql_99.py[line:1056] - INFO: 任务 评估管理_成交 完成, 获取0条数据
2025-12-28 08:50:35,261 - cyy_to_mysql_99.py[line:816] - INFO: 评估管理_成交 无数据可保存
2025-12-28 08:50:35,261 - cyy_to_mysql_99.py[line:1064] - ERROR: 任务 评估管理_成交 数据保存失败: 评估管理_成交 无数据可保存
2025-12-28 08:50:35,785 - cyy_to_mysql_99.py[line:940] - INFO: 销售_衍生_订单查询 第1页 - 重试第1次
2025-12-28 08:50:35,786 - cyy_to_mysql_99.py[line:1056] - INFO: 任务 评估管理_已入库 完成, 获取0条数据
2025-12-28 08:50:35,786 - cyy_to_mysql_99.py[line:816] - INFO: 评估管理_已入库 无数据可保存
2025-12-28 08:50:35,786 - cyy_to_mysql_99.py[line:1064] - ERROR: 任务 评估管理_已入库 数据保存失败: 评估管理_已入库 无数据可保存
2025-12-28 08:50:35,872 - cyy_to_mysql_99.py[line:940] - INFO: 库存车辆已售 第1页 - 重试第1次
2025-12-28 08:50:35,873 - cyy_to_mysql_99.py[line:1056] - INFO: 任务 开票维护 完成, 获取0条数据
2025-12-28 08:50:35,873 - cyy_to_mysql_99.py[line:816] - INFO: 开票维护 无数据可保存
2025-12-28 08:50:35,873 - cyy_to_mysql_99.py[line:1064] - ERROR: 任务 开票维护 数据保存失败: 开票维护 无数据可保存
2025-12-28 08:50:36,183 - cyy_to_mysql_99.py[line:940] - INFO: 汇票管理 第1页 - 重试第1次
2025-12-28 08:50:36,184 - cyy_to_mysql_99.py[line:1056] - INFO: 任务 调车结算查询 完成, 获取0条数据
2025-12-28 08:50:36,184 - cyy_to_mysql_99.py[line:816] - INFO: 调车结算查询 无数据可保存
2025-12-28 08:50:36,184 - cyy_to_mysql_99.py[line:1064] - ERROR: 任务 调车结算查询 数据保存失败: 调车结算查询 无数据可保存
2025-12-28 08:50:37,509 - cyy_to_mysql_99.py[line:940] - INFO: 销售回访 第1页 - 重试第1次
2025-12-28 08:50:37,510 - cyy_to_mysql_99.py[line:1056] - INFO: 任务 销售_衍生_订单查询 完成, 获取2条数据
2025-12-28 08:50:37,531 - cyy_to_mysql_99.py[line:857] - INFO: 销售_衍生_订单查询 数据保存完成，影响 4 行
2025-12-28 08:50:37,975 - cyy_to_mysql_99.py[line:940] - INFO: 未售订单 第1页 - 重试第1次
2025-12-28 08:50:37,975 - cyy_to_mysql_99.py[line:1056] - INFO: 任务 汇票管理 完成, 获取3条数据
2025-12-28 08:50:37,991 - cyy_to_mysql_99.py[line:857] - INFO: 汇票管理 数据保存完成，影响 0 行
2025-12-28 08:50:40,026 - cyy_to_mysql_99.py[line:940] - INFO: 计划车辆 第1页 - 重试第1次
2025-12-28 08:50:40,027 - cyy_to_mysql_99.py[line:1056] - INFO: 任务 销售回访 完成, 获取1条数据
2025-12-28 08:50:40,042 - cyy_to_mysql_99.py[line:857] - INFO: 销售回访 数据保存完成，影响 2 行
2025-12-28 08:50:40,799 - cyy_to_mysql_99.py[line:940] - INFO: 库存车辆查询 第1页 - 重试第1次
2025-12-28 08:50:40,799 - cyy_to_mysql_99.py[line:1056] - INFO: 任务 库存车辆已售 完成, 获取0条数据
2025-12-28 08:50:40,800 - cyy_to_mysql_99.py[line:816] - INFO: 库存车辆已售 无数据可保存
2025-12-28 08:50:40,800 - cyy_to_mysql_99.py[line:1064] - ERROR: 任务 库存车辆已售 数据保存失败: 库存车辆已售 无数据可保存
2025-12-28 08:50:41,127 - cyy_to_mysql_99.py[line:940] - INFO: 删除日志 第1页 - 重试第1次
2025-12-28 08:50:41,128 - cyy_to_mysql_99.py[line:1056] - INFO: 任务 计划车辆 完成, 获取1332条数据
2025-12-28 08:50:41,187 - cyy_to_mysql_99.py[line:583] - INFO: 计划车辆 已清空表数据
2025-12-28 08:50:41,304 - cyy_to_mysql_99.py[line:593] - INFO: 计划车辆 全量更新完成，插入 1332 行数据
2025-12-28 08:50:41,612 - cyy_to_mysql_99.py[line:1056] - INFO: 任务 未售订单 完成, 获取758条数据
2025-12-28 08:50:41,708 - cyy_to_mysql_99.py[line:583] - INFO: 未售订单 已清空表数据
2025-12-28 08:50:41,857 - cyy_to_mysql_99.py[line:593] - INFO: 未售订单 全量更新完成，插入 758 行数据
2025-12-28 08:50:51,319 - cyy_to_mysql_99.py[line:940] - INFO: 删除日志 第2页 - 重试第1次
2025-12-28 08:50:52,068 - cyy_to_mysql_99.py[line:1056] - INFO: 任务 删除日志 完成, 获取4518条数据
2025-12-28 08:51:05,571 - cyy_to_mysql_99.py[line:940] - INFO: 库存车辆查询 第2页 - 重试第1次
2025-12-28 08:51:22,977 - cyy_to_mysql_99.py[line:1056] - INFO: 任务 库存车辆查询 完成, 获取3613条数据
2025-12-28 08:51:23,320 - cyy_to_mysql_99.py[line:583] - INFO: 库存车辆查询 已清空表数据
2025-12-28 08:51:23,999 - cyy_to_mysql_99.py[line:593] - INFO: 库存车辆查询 全量更新完成，插入 3613 行数据
2025-12-28 08:51:24,282 - cyy_to_mysql_99.py[line:347] - INFO: 数据库连接已关闭
2025-12-28 09:00:20,362 - cyy_to_mysql.py[line:714] - INFO: 任务 车辆成本管理 完成, 获取4822条数据
2025-12-28 09:00:22,870 - cyy_to_mysql.py[line:714] - INFO: 任务 套餐销售列表 完成, 获取1269条数据
2025-12-28 09:00:32,339 - cyy_to_mysql.py[line:714] - INFO: 任务 车辆销售明细表_开票日期 完成, 获取2903条数据
2025-12-28 09:00:35,119 - cyy_to_mysql.py[line:714] - INFO: 任务 销售_车辆销售_成交订单 完成, 获取2905条数据
2025-12-28 09:00:42,669 - cyy_to_mysql.py[line:714] - INFO: 任务 销售_车辆销售_作废订单 完成, 获取501条数据
2025-12-28 09:00:44,269 - cyy_to_mysql.py[line:714] - INFO: 任务 保险业务 完成, 获取2264条数据
2025-12-28 09:00:44,922 - cyy_to_mysql.py[line:714] - INFO: 任务 评估管理_成交 完成, 获取0条数据
2025-12-28 09:00:44,922 - cyy_to_mysql.py[line:722] - ERROR: 任务 评估管理_成交 数据保存失败: 评估管理_成交 无数据可保存
2025-12-28 09:00:47,886 - cyy_to_mysql.py[line:714] - INFO: 任务 按揭业务 完成, 获取1434条数据
2025-12-28 09:00:48,338 - cyy_to_mysql.py[line:714] - INFO: 任务 评估管理_已入库 完成, 获取520条数据
2025-12-28 09:01:04,158 - cyy_to_mysql.py[line:714] - INFO: 任务 销售_衍生_订单查询 完成, 获取2565条数据
2025-12-28 09:01:12,797 - cyy_to_mysql.py[line:714] - INFO: 任务 库存车辆已售 完成, 获取889条数据
2025-12-28 09:01:15,100 - cyy_to_mysql.py[line:714] - INFO: 任务 调车结算查询 完成, 获取6176条数据
2025-12-28 09:01:16,663 - cyy_to_mysql.py[line:714] - INFO: 任务 汇票管理 完成, 获取1579条数据
2025-12-28 09:01:21,066 - cyy_to_mysql.py[line:714] - INFO: 任务 销售回访 完成, 获取2565条数据
2025-12-28 09:01:41,942 - cyy_to_mysql.py[line:714] - INFO: 任务 装饰_订单管理_装饰订单 完成, 获取13704条数据
2025-12-28 09:02:16,208 - cyy_to_mysql.py[line:714] - INFO: 任务 开票维护 完成, 获取11055条数据
2025-12-28 09:22:03,156 - cyy_to_mysql_99.py[line:253] - INFO: 数据库连接成功
2025-12-28 09:22:03,157 - cyy_to_mysql_99.py[line:940] - INFO: 车辆销售明细表_订单日期 第1页 - 重试第1次
2025-12-28 09:22:03,159 - cyy_to_mysql_99.py[line:940] - INFO: 车辆销售明细表_开票日期 第1页 - 重试第1次
2025-12-28 09:22:03,159 - cyy_to_mysql_99.py[line:940] - INFO: 车辆成本管理 第1页 - 重试第1次
2025-12-28 09:22:05,530 - cyy_to_mysql_99.py[line:940] - INFO: 装饰_订单管理_装饰订单 第1页 - 重试第1次
2025-12-28 09:22:05,531 - cyy_to_mysql_99.py[line:1056] - INFO: 任务 车辆成本管理 完成, 获取2条数据
2025-12-28 09:22:05,552 - cyy_to_mysql_99.py[line:857] - INFO: 车辆成本管理 数据保存完成，影响 4 行
2025-12-28 09:22:07,319 - cyy_to_mysql_99.py[line:940] - INFO: 套餐销售列表 第1页 - 重试第1次
2025-12-28 09:22:07,324 - cyy_to_mysql_99.py[line:1056] - INFO: 任务 装饰_订单管理_装饰订单 完成, 获取22条数据
2025-12-28 09:22:07,347 - cyy_to_mysql_99.py[line:857] - INFO: 装饰_订单管理_装饰订单 数据保存完成，影响 10 行
2025-12-28 09:22:14,726 - cyy_to_mysql_99.py[line:940] - INFO: 销售_车辆销售_成交订单 第1页 - 重试第1次
2025-12-28 09:22:14,726 - cyy_to_mysql_99.py[line:1056] - INFO: 任务 车辆销售明细表_开票日期 完成, 获取20条数据
2025-12-28 09:22:14,763 - cyy_to_mysql_99.py[line:857] - INFO: 车辆销售明细表_开票日期 数据保存完成，影响 37 行
2025-12-28 09:22:17,206 - cyy_to_mysql_99.py[line:940] - INFO: 销售_车辆销售_作废订单 第1页 - 重试第1次
2025-12-28 09:22:17,207 - cyy_to_mysql_99.py[line:1056] - INFO: 任务 销售_车辆销售_成交订单 完成, 获取0条数据
2025-12-28 09:22:17,208 - cyy_to_mysql_99.py[line:816] - INFO: 销售_车辆销售_成交订单 无数据可保存
2025-12-28 09:22:17,208 - cyy_to_mysql_99.py[line:1064] - ERROR: 任务 销售_车辆销售_成交订单 数据保存失败: 销售_车辆销售_成交订单 无数据可保存
2025-12-28 09:22:17,461 - cyy_to_mysql_99.py[line:940] - INFO: 开票维护 第1页 - 重试第1次
2025-12-28 09:22:17,463 - cyy_to_mysql_99.py[line:1056] - INFO: 任务 车辆销售明细表_订单日期 完成, 获取20条数据
2025-12-28 09:22:17,489 - cyy_to_mysql_99.py[line:857] - INFO: 车辆销售明细表_订单日期 数据保存完成，影响 36 行
2025-12-28 09:22:22,652 - cyy_to_mysql_99.py[line:940] - INFO: 保险业务 第1页 - 重试第1次
2025-12-28 09:22:22,653 - cyy_to_mysql_99.py[line:1056] - INFO: 任务 套餐销售列表 完成, 获取5条数据
2025-12-28 09:22:22,672 - cyy_to_mysql_99.py[line:857] - INFO: 套餐销售列表 数据保存完成，影响 2 行
2025-12-28 09:22:24,154 - cyy_to_mysql_99.py[line:940] - INFO: 按揭业务 第1页 - 重试第1次
2025-12-28 09:22:24,154 - cyy_to_mysql_99.py[line:1056] - INFO: 任务 销售_车辆销售_作废订单 完成, 获取0条数据
2025-12-28 09:22:24,154 - cyy_to_mysql_99.py[line:816] - INFO: 销售_车辆销售_作废订单 无数据可保存
2025-12-28 09:22:24,154 - cyy_to_mysql_99.py[line:1064] - ERROR: 任务 销售_车辆销售_作废订单 数据保存失败: 销售_车辆销售_作废订单 无数据可保存
2025-12-28 09:22:25,281 - cyy_to_mysql_99.py[line:940] - INFO: 评估管理_成交 第1页 - 重试第1次
2025-12-28 09:22:25,281 - cyy_to_mysql_99.py[line:1056] - INFO: 任务 按揭业务 完成, 获取8条数据
2025-12-28 09:22:25,303 - cyy_to_mysql_99.py[line:857] - INFO: 按揭业务 数据保存完成，影响 16 行
2025-12-28 09:22:26,331 - cyy_to_mysql_99.py[line:940] - INFO: 评估管理_已入库 第1页 - 重试第1次
2025-12-28 09:22:26,332 - cyy_to_mysql_99.py[line:1056] - INFO: 任务 保险业务 完成, 获取5条数据
2025-12-28 09:22:26,341 - cyy_to_mysql_99.py[line:857] - INFO: 保险业务 数据保存完成，影响 5 行
2025-12-28 09:22:27,046 - cyy_to_mysql_99.py[line:940] - INFO: 调车结算查询 第1页 - 重试第1次
2025-12-28 09:22:27,046 - cyy_to_mysql_99.py[line:1056] - INFO: 任务 评估管理_成交 完成, 获取0条数据
2025-12-28 09:22:27,047 - cyy_to_mysql_99.py[line:816] - INFO: 评估管理_成交 无数据可保存
2025-12-28 09:22:27,047 - cyy_to_mysql_99.py[line:1064] - ERROR: 任务 评估管理_成交 数据保存失败: 评估管理_成交 无数据可保存
2025-12-28 09:22:28,147 - cyy_to_mysql_99.py[line:940] - INFO: 销售_衍生_订单查询 第1页 - 重试第1次
2025-12-28 09:22:28,147 - cyy_to_mysql_99.py[line:1056] - INFO: 任务 调车结算查询 完成, 获取0条数据
2025-12-28 09:22:28,147 - cyy_to_mysql_99.py[line:816] - INFO: 调车结算查询 无数据可保存
2025-12-28 09:22:28,148 - cyy_to_mysql_99.py[line:1064] - ERROR: 任务 调车结算查询 数据保存失败: 调车结算查询 无数据可保存
2025-12-28 09:22:28,227 - cyy_to_mysql_99.py[line:940] - INFO: 库存车辆已售 第1页 - 重试第1次
2025-12-28 09:22:28,227 - cyy_to_mysql_99.py[line:1056] - INFO: 任务 评估管理_已入库 完成, 获取0条数据
2025-12-28 09:22:28,228 - cyy_to_mysql_99.py[line:816] - INFO: 评估管理_已入库 无数据可保存
2025-12-28 09:22:28,229 - cyy_to_mysql_99.py[line:1064] - ERROR: 任务 评估管理_已入库 数据保存失败: 评估管理_已入库 无数据可保存
2025-12-28 09:22:29,854 - cyy_to_mysql_99.py[line:940] - INFO: 汇票管理 第1页 - 重试第1次
2025-12-28 09:22:29,856 - cyy_to_mysql_99.py[line:1056] - INFO: 任务 销售_衍生_订单查询 完成, 获取17条数据
2025-12-28 09:22:29,884 - cyy_to_mysql_99.py[line:857] - INFO: 销售_衍生_订单查询 数据保存完成，影响 24 行
2025-12-28 09:22:31,592 - cyy_to_mysql_99.py[line:940] - INFO: 销售回访 第1页 - 重试第1次
2025-12-28 09:22:31,593 - cyy_to_mysql_99.py[line:1056] - INFO: 任务 汇票管理 完成, 获取6条数据
2025-12-28 09:22:31,611 - cyy_to_mysql_99.py[line:857] - INFO: 汇票管理 数据保存完成，影响 2 行
2025-12-28 09:22:32,697 - cyy_to_mysql_99.py[line:940] - INFO: 未售订单 第1页 - 重试第1次
2025-12-28 09:22:32,698 - cyy_to_mysql_99.py[line:1056] - INFO: 任务 销售回访 完成, 获取7条数据
2025-12-28 09:22:32,709 - cyy_to_mysql_99.py[line:857] - INFO: 销售回访 数据保存完成，影响 6 行
2025-12-28 09:22:36,532 - cyy_to_mysql_99.py[line:940] - INFO: 计划车辆 第1页 - 重试第1次
2025-12-28 09:22:36,534 - cyy_to_mysql_99.py[line:1056] - INFO: 任务 开票维护 完成, 获取0条数据
2025-12-28 09:22:36,534 - cyy_to_mysql_99.py[line:816] - INFO: 开票维护 无数据可保存
2025-12-28 09:22:36,534 - cyy_to_mysql_99.py[line:1064] - ERROR: 任务 开票维护 数据保存失败: 开票维护 无数据可保存
2025-12-28 09:22:37,597 - cyy_to_mysql_99.py[line:940] - INFO: 库存车辆查询 第1页 - 重试第1次
2025-12-28 09:22:37,597 - cyy_to_mysql_99.py[line:1056] - INFO: 任务 计划车辆 完成, 获取1332条数据
2025-12-28 09:22:37,682 - cyy_to_mysql_99.py[line:583] - INFO: 计划车辆 已清空表数据
2025-12-28 09:22:37,804 - cyy_to_mysql_99.py[line:593] - INFO: 计划车辆 全量更新完成，插入 1332 行数据
2025-12-28 09:22:39,518 - cyy_to_mysql_99.py[line:940] - INFO: 删除日志 第1页 - 重试第1次
2025-12-28 09:22:39,519 - cyy_to_mysql_99.py[line:1056] - INFO: 任务 未售订单 完成, 获取758条数据
2025-12-28 09:22:39,627 - cyy_to_mysql_99.py[line:583] - INFO: 未售订单 已清空表数据
2025-12-28 09:22:39,791 - cyy_to_mysql_99.py[line:593] - INFO: 未售订单 全量更新完成，插入 758 行数据
2025-12-28 09:22:40,501 - cyy_to_mysql_99.py[line:1056] - INFO: 任务 库存车辆已售 完成, 获取1条数据
2025-12-28 09:22:40,510 - cyy_to_mysql_99.py[line:857] - INFO: 库存车辆已售 数据保存完成，影响 2 行
2025-12-28 09:22:49,987 - cyy_to_mysql_99.py[line:940] - INFO: 删除日志 第2页 - 重试第1次
2025-12-28 09:22:51,349 - cyy_to_mysql_99.py[line:1056] - INFO: 任务 删除日志 完成, 获取4519条数据
2025-12-28 09:23:02,543 - cyy_to_mysql_99.py[line:940] - INFO: 库存车辆查询 第2页 - 重试第1次
2025-12-28 09:23:21,078 - cyy_to_mysql_99.py[line:1056] - INFO: 任务 库存车辆查询 完成, 获取3613条数据
2025-12-28 09:23:21,496 - cyy_to_mysql_99.py[line:583] - INFO: 库存车辆查询 已清空表数据
2025-12-28 09:23:22,314 - cyy_to_mysql_99.py[line:593] - INFO: 库存车辆查询 全量更新完成，插入 3613 行数据
2025-12-28 09:23:22,656 - cyy_to_mysql_99.py[line:347] - INFO: 数据库连接已关闭
2025-12-28 09:52:03,069 - cyy_to_mysql_99.py[line:253] - INFO: 数据库连接成功
2025-12-28 09:52:03,070 - cyy_to_mysql_99.py[line:940] - INFO: 车辆销售明细表_订单日期 第1页 - 重试第1次
2025-12-28 09:52:03,071 - cyy_to_mysql_99.py[line:940] - INFO: 车辆销售明细表_开票日期 第1页 - 重试第1次
2025-12-28 09:52:03,073 - cyy_to_mysql_99.py[line:940] - INFO: 车辆成本管理 第1页 - 重试第1次
2025-12-28 09:52:05,419 - cyy_to_mysql_99.py[line:940] - INFO: 装饰_订单管理_装饰订单 第1页 - 重试第1次
2025-12-28 09:52:05,420 - cyy_to_mysql_99.py[line:1056] - INFO: 任务 车辆成本管理 完成, 获取4条数据
2025-12-28 09:52:05,445 - cyy_to_mysql_99.py[line:857] - INFO: 车辆成本管理 数据保存完成，影响 4 行
2025-12-28 09:52:08,143 - cyy_to_mysql_99.py[line:940] - INFO: 套餐销售列表 第1页 - 重试第1次
2025-12-28 09:52:08,144 - cyy_to_mysql_99.py[line:1056] - INFO: 任务 装饰_订单管理_装饰订单 完成, 获取107条数据
2025-12-28 09:52:08,183 - cyy_to_mysql_99.py[line:857] - INFO: 装饰_订单管理_装饰订单 数据保存完成，影响 66 行
2025-12-28 09:52:21,697 - cyy_to_mysql_99.py[line:940] - INFO: 销售_车辆销售_成交订单 第1页 - 重试第1次
2025-12-28 09:52:21,697 - cyy_to_mysql_99.py[line:1056] - INFO: 任务 车辆销售明细表_开票日期 完成, 获取52条数据
2025-12-28 09:52:21,754 - cyy_to_mysql_99.py[line:857] - INFO: 车辆销售明细表_开票日期 数据保存完成，影响 102 行
2025-12-28 09:52:22,205 - cyy_to_mysql_99.py[line:940] - INFO: 销售_车辆销售_作废订单 第1页 - 重试第1次
2025-12-28 09:52:22,205 - cyy_to_mysql_99.py[line:1056] - INFO: 任务 车辆销售明细表_订单日期 完成, 获取52条数据
2025-12-28 09:52:22,290 - cyy_to_mysql_99.py[line:857] - INFO: 车辆销售明细表_订单日期 数据保存完成，影响 99 行
2025-12-28 09:52:25,291 - cyy_to_mysql_99.py[line:940] - INFO: 开票维护 第1页 - 重试第1次
2025-12-28 09:52:25,291 - cyy_to_mysql_99.py[line:1056] - INFO: 任务 套餐销售列表 完成, 获取14条数据
2025-12-28 09:52:25,304 - cyy_to_mysql_99.py[line:857] - INFO: 套餐销售列表 数据保存完成，影响 8 行
2025-12-28 09:52:25,655 - cyy_to_mysql_99.py[line:940] - INFO: 保险业务 第1页 - 重试第1次
2025-12-28 09:52:25,656 - cyy_to_mysql_99.py[line:1056] - INFO: 任务 销售_车辆销售_成交订单 完成, 获取0条数据
2025-12-28 09:52:25,656 - cyy_to_mysql_99.py[line:816] - INFO: 销售_车辆销售_成交订单 无数据可保存
2025-12-28 09:52:25,656 - cyy_to_mysql_99.py[line:1064] - ERROR: 任务 销售_车辆销售_成交订单 数据保存失败: 销售_车辆销售_成交订单 无数据可保存
2025-12-28 09:52:33,219 - cyy_to_mysql_99.py[line:940] - INFO: 按揭业务 第1页 - 重试第1次
2025-12-28 09:52:33,219 - cyy_to_mysql_99.py[line:1056] - INFO: 任务 保险业务 完成, 获取13条数据
2025-12-28 09:52:33,231 - cyy_to_mysql_99.py[line:857] - INFO: 保险业务 数据保存完成，影响 8 行
2025-12-28 09:52:35,746 - cyy_to_mysql_99.py[line:940] - INFO: 评估管理_成交 第1页 - 重试第1次
2025-12-28 09:52:35,747 - cyy_to_mysql_99.py[line:1056] - INFO: 任务 销售_车辆销售_作废订单 完成, 获取0条数据
2025-12-28 09:52:35,747 - cyy_to_mysql_99.py[line:816] - INFO: 销售_车辆销售_作废订单 无数据可保存
2025-12-28 09:52:35,747 - cyy_to_mysql_99.py[line:1064] - ERROR: 任务 销售_车辆销售_作废订单 数据保存失败: 销售_车辆销售_作废订单 无数据可保存
2025-12-28 09:52:36,602 - cyy_to_mysql_99.py[line:940] - INFO: 评估管理_已入库 第1页 - 重试第1次
2025-12-28 09:52:36,603 - cyy_to_mysql_99.py[line:1056] - INFO: 任务 按揭业务 完成, 获取13条数据
2025-12-28 09:52:36,627 - cyy_to_mysql_99.py[line:857] - INFO: 按揭业务 数据保存完成，影响 23 行
2025-12-28 09:52:38,754 - cyy_to_mysql_99.py[line:940] - INFO: 调车结算查询 第1页 - 重试第1次
2025-12-28 09:52:38,755 - cyy_to_mysql_99.py[line:1056] - INFO: 任务 评估管理_成交 完成, 获取0条数据
2025-12-28 09:52:38,755 - cyy_to_mysql_99.py[line:816] - INFO: 评估管理_成交 无数据可保存
2025-12-28 09:52:38,755 - cyy_to_mysql_99.py[line:1064] - ERROR: 任务 评估管理_成交 数据保存失败: 评估管理_成交 无数据可保存
2025-12-28 09:52:39,097 - cyy_to_mysql_99.py[line:940] - INFO: 销售_衍生_订单查询 第1页 - 重试第1次
2025-12-28 09:52:39,099 - cyy_to_mysql_99.py[line:1056] - INFO: 任务 评估管理_已入库 完成, 获取0条数据
2025-12-28 09:52:39,099 - cyy_to_mysql_99.py[line:816] - INFO: 评估管理_已入库 无数据可保存
2025-12-28 09:52:39,099 - cyy_to_mysql_99.py[line:1064] - ERROR: 任务 评估管理_已入库 数据保存失败: 评估管理_已入库 无数据可保存
2025-12-28 09:52:39,830 - cyy_to_mysql_99.py[line:940] - INFO: 库存车辆已售 第1页 - 重试第1次
2025-12-28 09:52:39,831 - cyy_to_mysql_99.py[line:1056] - INFO: 任务 调车结算查询 完成, 获取0条数据
2025-12-28 09:52:39,831 - cyy_to_mysql_99.py[line:816] - INFO: 调车结算查询 无数据可保存
2025-12-28 09:52:39,831 - cyy_to_mysql_99.py[line:1064] - ERROR: 任务 调车结算查询 数据保存失败: 调车结算查询 无数据可保存
2025-12-28 09:52:41,444 - cyy_to_mysql_99.py[line:940] - INFO: 汇票管理 第1页 - 重试第1次
2025-12-28 09:52:41,445 - cyy_to_mysql_99.py[line:1056] - INFO: 任务 销售_衍生_订单查询 完成, 获取45条数据
2025-12-28 09:52:41,471 - cyy_to_mysql_99.py[line:857] - INFO: 销售_衍生_订单查询 数据保存完成，影响 54 行
2025-12-28 09:52:43,469 - cyy_to_mysql_99.py[line:940] - INFO: 销售回访 第1页 - 重试第1次
2025-12-28 09:52:43,470 - cyy_to_mysql_99.py[line:1056] - INFO: 任务 汇票管理 完成, 获取14条数据
2025-12-28 09:52:43,478 - cyy_to_mysql_99.py[line:857] - INFO: 汇票管理 数据保存完成，影响 0 行
2025-12-28 09:52:44,865 - cyy_to_mysql_99.py[line:940] - INFO: 未售订单 第1页 - 重试第1次
2025-12-28 09:52:44,867 - cyy_to_mysql_99.py[line:1056] - INFO: 任务 开票维护 完成, 获取0条数据
2025-12-28 09:52:44,867 - cyy_to_mysql_99.py[line:816] - INFO: 开票维护 无数据可保存
2025-12-28 09:52:44,867 - cyy_to_mysql_99.py[line:1064] - ERROR: 任务 开票维护 数据保存失败: 开票维护 无数据可保存
2025-12-28 09:52:45,104 - cyy_to_mysql_99.py[line:940] - INFO: 计划车辆 第1页 - 重试第1次
2025-12-28 09:52:45,105 - cyy_to_mysql_99.py[line:1056] - INFO: 任务 销售回访 完成, 获取15条数据
2025-12-28 09:52:45,114 - cyy_to_mysql_99.py[line:857] - INFO: 销售回访 数据保存完成，影响 16 行
2025-12-28 09:52:46,833 - cyy_to_mysql_99.py[line:940] - INFO: 库存车辆查询 第1页 - 重试第1次
2025-12-28 09:52:46,833 - cyy_to_mysql_99.py[line:1056] - INFO: 任务 计划车辆 完成, 获取1332条数据
2025-12-28 09:52:46,887 - cyy_to_mysql_99.py[line:583] - INFO: 计划车辆 已清空表数据
2025-12-28 09:52:46,994 - cyy_to_mysql_99.py[line:593] - INFO: 计划车辆 全量更新完成，插入 1332 行数据
2025-12-28 09:52:48,789 - cyy_to_mysql_99.py[line:940] - INFO: 删除日志 第1页 - 重试第1次
2025-12-28 09:52:48,789 - cyy_to_mysql_99.py[line:1056] - INFO: 任务 未售订单 完成, 获取760条数据
2025-12-28 09:52:48,882 - cyy_to_mysql_99.py[line:583] - INFO: 未售订单 已清空表数据
2025-12-28 09:52:49,022 - cyy_to_mysql_99.py[line:593] - INFO: 未售订单 全量更新完成，插入 760 行数据
2025-12-28 09:52:54,725 - cyy_to_mysql_99.py[line:1056] - INFO: 任务 库存车辆已售 完成, 获取3条数据
2025-12-28 09:52:54,743 - cyy_to_mysql_99.py[line:857] - INFO: 库存车辆已售 数据保存完成，影响 4 行
2025-12-28 09:52:56,955 - cyy_to_mysql_99.py[line:940] - INFO: 删除日志 第2页 - 重试第1次
2025-12-28 09:52:57,723 - cyy_to_mysql_99.py[line:1056] - INFO: 任务 删除日志 完成, 获取4520条数据
2025-12-28 09:53:18,929 - cyy_to_mysql_99.py[line:940] - INFO: 库存车辆查询 第2页 - 重试第1次
2025-12-28 09:53:38,474 - cyy_to_mysql_99.py[line:1056] - INFO: 任务 库存车辆查询 完成, 获取3613条数据
2025-12-28 09:53:38,808 - cyy_to_mysql_99.py[line:583] - INFO: 库存车辆查询 已清空表数据
2025-12-28 09:53:39,440 - cyy_to_mysql_99.py[line:593] - INFO: 库存车辆查询 全量更新完成，插入 3613 行数据
2025-12-28 09:53:39,771 - cyy_to_mysql_99.py[line:347] - INFO: 数据库连接已关闭
2025-12-28 10:18:05,881 - cyy_to_mysql_99.py[line:253] - INFO: 数据库连接成功
2025-12-28 10:18:05,882 - cyy_to_mysql_99.py[line:940] - INFO: 车辆销售明细表_订单日期 第1页 - 重试第1次
2025-12-28 10:18:05,883 - cyy_to_mysql_99.py[line:940] - INFO: 车辆销售明细表_开票日期 第1页 - 重试第1次
2025-12-28 10:18:05,884 - cyy_to_mysql_99.py[line:940] - INFO: 车辆成本管理 第1页 - 重试第1次
2025-12-28 10:18:07,552 - cyy_to_mysql_99.py[line:940] - INFO: 装饰_订单管理_装饰订单 第1页 - 重试第1次
2025-12-28 10:18:07,553 - cyy_to_mysql_99.py[line:1056] - INFO: 任务 车辆成本管理 完成, 获取9条数据
2025-12-28 10:18:07,579 - cyy_to_mysql_99.py[line:857] - INFO: 车辆成本管理 数据保存完成，影响 11 行
2025-12-28 10:18:10,154 - cyy_to_mysql_99.py[line:940] - INFO: 套餐销售列表 第1页 - 重试第1次
2025-12-28 10:18:10,155 - cyy_to_mysql_99.py[line:1056] - INFO: 任务 装饰_订单管理_装饰订单 完成, 获取140条数据
2025-12-28 10:18:10,184 - cyy_to_mysql_99.py[line:857] - INFO: 装饰_订单管理_装饰订单 数据保存完成，影响 30 行
2025-12-28 10:18:21,640 - cyy_to_mysql_99.py[line:940] - INFO: 销售_车辆销售_成交订单 第1页 - 重试第1次
2025-12-28 10:18:21,640 - cyy_to_mysql_99.py[line:1056] - INFO: 任务 车辆销售明细表_订单日期 完成, 获取75条数据
2025-12-28 10:18:21,707 - cyy_to_mysql_99.py[line:857] - INFO: 车辆销售明细表_订单日期 数据保存完成，影响 145 行
2025-12-28 10:18:21,779 - cyy_to_mysql_99.py[line:940] - INFO: 销售_车辆销售_作废订单 第1页 - 重试第1次
2025-12-28 10:18:21,779 - cyy_to_mysql_99.py[line:1056] - INFO: 任务 车辆销售明细表_开票日期 完成, 获取75条数据
2025-12-28 10:18:21,845 - cyy_to_mysql_99.py[line:857] - INFO: 车辆销售明细表_开票日期 数据保存完成，影响 147 行
2025-12-28 10:18:22,754 - cyy_to_mysql_99.py[line:940] - INFO: 开票维护 第1页 - 重试第1次
2025-12-28 10:18:22,754 - cyy_to_mysql_99.py[line:1056] - INFO: 任务 销售_车辆销售_成交订单 完成, 获取1条数据
2025-12-28 10:18:22,763 - cyy_to_mysql_99.py[line:857] - INFO: 销售_车辆销售_成交订单 数据保存完成，影响 1 行
2025-12-28 10:18:26,600 - cyy_to_mysql_99.py[line:940] - INFO: 保险业务 第1页 - 重试第1次
2025-12-28 10:18:26,601 - cyy_to_mysql_99.py[line:1056] - INFO: 任务 销售_车辆销售_作废订单 完成, 获取0条数据
2025-12-28 10:18:26,601 - cyy_to_mysql_99.py[line:816] - INFO: 销售_车辆销售_作废订单 无数据可保存
2025-12-28 10:18:26,601 - cyy_to_mysql_99.py[line:1064] - ERROR: 任务 销售_车辆销售_作废订单 数据保存失败: 销售_车辆销售_作废订单 无数据可保存
2025-12-28 10:18:30,165 - cyy_to_mysql_99.py[line:940] - INFO: 按揭业务 第1页 - 重试第1次
2025-12-28 10:18:30,166 - cyy_to_mysql_99.py[line:1056] - INFO: 任务 保险业务 完成, 获取17条数据
2025-12-28 10:18:30,175 - cyy_to_mysql_99.py[line:857] - INFO: 保险业务 数据保存完成，影响 4 行
2025-12-28 10:18:31,833 - cyy_to_mysql_99.py[line:940] - INFO: 评估管理_成交 第1页 - 重试第1次
2025-12-28 10:18:31,834 - cyy_to_mysql_99.py[line:1056] - INFO: 任务 套餐销售列表 完成, 获取18条数据
2025-12-28 10:18:31,844 - cyy_to_mysql_99.py[line:857] - INFO: 套餐销售列表 数据保存完成，影响 6 行
2025-12-28 10:18:32,239 - cyy_to_mysql_99.py[line:940] - INFO: 评估管理_已入库 第1页 - 重试第1次
2025-12-28 10:18:32,240 - cyy_to_mysql_99.py[line:1056] - INFO: 任务 按揭业务 完成, 获取23条数据
2025-12-28 10:18:32,253 - cyy_to_mysql_99.py[line:857] - INFO: 按揭业务 数据保存完成，影响 43 行
2025-12-28 10:18:33,834 - cyy_to_mysql_99.py[line:940] - INFO: 调车结算查询 第1页 - 重试第1次
2025-12-28 10:18:33,835 - cyy_to_mysql_99.py[line:1056] - INFO: 任务 评估管理_成交 完成, 获取0条数据
2025-12-28 10:18:33,835 - cyy_to_mysql_99.py[line:816] - INFO: 评估管理_成交 无数据可保存
2025-12-28 10:18:33,835 - cyy_to_mysql_99.py[line:1064] - ERROR: 任务 评估管理_成交 数据保存失败: 评估管理_成交 无数据可保存
2025-12-28 10:18:34,600 - cyy_to_mysql_99.py[line:940] - INFO: 销售_衍生_订单查询 第1页 - 重试第1次
2025-12-28 10:18:34,601 - cyy_to_mysql_99.py[line:1056] - INFO: 任务 调车结算查询 完成, 获取0条数据
2025-12-28 10:18:34,601 - cyy_to_mysql_99.py[line:816] - INFO: 调车结算查询 无数据可保存
2025-12-28 10:18:34,601 - cyy_to_mysql_99.py[line:1064] - ERROR: 任务 调车结算查询 数据保存失败: 调车结算查询 无数据可保存
2025-12-28 10:18:34,785 - cyy_to_mysql_99.py[line:940] - INFO: 库存车辆已售 第1页 - 重试第1次
2025-12-28 10:18:34,786 - cyy_to_mysql_99.py[line:1056] - INFO: 任务 评估管理_已入库 完成, 获取0条数据
2025-12-28 10:18:34,786 - cyy_to_mysql_99.py[line:816] - INFO: 评估管理_已入库 无数据可保存
2025-12-28 10:18:34,786 - cyy_to_mysql_99.py[line:1064] - ERROR: 任务 评估管理_已入库 数据保存失败: 评估管理_已入库 无数据可保存
2025-12-28 10:18:34,983 - cyy_to_mysql_99.py[line:940] - INFO: 汇票管理 第1页 - 重试第1次
2025-12-28 10:18:34,984 - cyy_to_mysql_99.py[line:1056] - INFO: 任务 开票维护 完成, 获取1条数据
2025-12-28 10:18:34,993 - cyy_to_mysql_99.py[line:857] - INFO: 开票维护 数据保存完成，影响 1 行
2025-12-28 10:18:36,282 - cyy_to_mysql_99.py[line:940] - INFO: 销售回访 第1页 - 重试第1次
2025-12-28 10:18:36,282 - cyy_to_mysql_99.py[line:1056] - INFO: 任务 销售_衍生_订单查询 完成, 获取63条数据
2025-12-28 10:18:36,310 - cyy_to_mysql_99.py[line:857] - INFO: 销售_衍生_订单查询 数据保存完成，影响 33 行
2025-12-28 10:18:37,383 - cyy_to_mysql_99.py[line:940] - INFO: 未售订单 第1页 - 重试第1次
2025-12-28 10:18:37,383 - cyy_to_mysql_99.py[line:1056] - INFO: 任务 销售回访 完成, 获取22条数据
2025-12-28 10:18:37,391 - cyy_to_mysql_99.py[line:940] - INFO: 计划车辆 第1页 - 重试第1次
2025-12-28 10:18:37,405 - cyy_to_mysql_99.py[line:857] - INFO: 销售回访 数据保存完成，影响 25 行
2025-12-28 10:18:37,406 - cyy_to_mysql_99.py[line:1056] - INFO: 任务 汇票管理 完成, 获取24条数据
2025-12-28 10:18:37,416 - cyy_to_mysql_99.py[line:857] - INFO: 汇票管理 数据保存完成，影响 0 行
2025-12-28 10:18:38,269 - cyy_to_mysql_99.py[line:940] - INFO: 库存车辆查询 第1页 - 重试第1次
2025-12-28 10:18:38,270 - cyy_to_mysql_99.py[line:1056] - INFO: 任务 库存车辆已售 完成, 获取7条数据
2025-12-28 10:18:38,289 - cyy_to_mysql_99.py[line:857] - INFO: 库存车辆已售 数据保存完成，影响 10 行
2025-12-28 10:18:38,592 - cyy_to_mysql_99.py[line:940] - INFO: 删除日志 第1页 - 重试第1次
2025-12-28 10:18:38,592 - cyy_to_mysql_99.py[line:1056] - INFO: 任务 计划车辆 完成, 获取1332条数据
2025-12-28 10:18:38,676 - cyy_to_mysql_99.py[line:583] - INFO: 计划车辆 已清空表数据
2025-12-28 10:18:38,790 - cyy_to_mysql_99.py[line:593] - INFO: 计划车辆 全量更新完成，插入 1332 行数据
2025-12-28 10:18:41,925 - cyy_to_mysql_99.py[line:1056] - INFO: 任务 未售订单 完成, 获取758条数据
2025-12-28 10:18:42,001 - cyy_to_mysql_99.py[line:583] - INFO: 未售订单 已清空表数据
2025-12-28 10:18:42,182 - cyy_to_mysql_99.py[line:593] - INFO: 未售订单 全量更新完成，插入 758 行数据
2025-12-28 10:18:45,803 - cyy_to_mysql_99.py[line:940] - INFO: 删除日志 第2页 - 重试第1次
2025-12-28 10:18:47,397 - cyy_to_mysql_99.py[line:1056] - INFO: 任务 删除日志 完成, 获取4521条数据
2025-12-28 10:19:03,786 - cyy_to_mysql_99.py[line:940] - INFO: 库存车辆查询 第2页 - 重试第1次
2025-12-28 10:19:22,511 - cyy_to_mysql_99.py[line:1056] - INFO: 任务 库存车辆查询 完成, 获取3614条数据
2025-12-28 10:19:22,861 - cyy_to_mysql_99.py[line:583] - INFO: 库存车辆查询 已清空表数据
2025-12-28 10:19:23,637 - cyy_to_mysql_99.py[line:593] - INFO: 库存车辆查询 全量更新完成，插入 3614 行数据
2025-12-28 10:19:24,016 - cyy_to_mysql_99.py[line:347] - INFO: 数据库连接已关闭
2025-12-28 10:22:03,153 - cyy_to_mysql_99.py[line:253] - INFO: 数据库连接成功
2025-12-28 10:22:03,154 - cyy_to_mysql_99.py[line:940] - INFO: 车辆销售明细表_订单日期 第1页 - 重试第1次
2025-12-28 10:22:03,155 - cyy_to_mysql_99.py[line:940] - INFO: 车辆销售明细表_开票日期 第1页 - 重试第1次
2025-12-28 10:22:03,157 - cyy_to_mysql_99.py[line:940] - INFO: 车辆成本管理 第1页 - 重试第1次
2025-12-28 10:22:05,380 - cyy_to_mysql_99.py[line:940] - INFO: 装饰_订单管理_装饰订单 第1页 - 重试第1次
2025-12-28 10:22:05,381 - cyy_to_mysql_99.py[line:1056] - INFO: 任务 车辆成本管理 完成, 获取9条数据
2025-12-28 10:22:05,399 - cyy_to_mysql_99.py[line:857] - INFO: 车辆成本管理 数据保存完成，影响 0 行
2025-12-28 10:22:08,279 - cyy_to_mysql_99.py[line:940] - INFO: 套餐销售列表 第1页 - 重试第1次
2025-12-28 10:22:08,279 - cyy_to_mysql_99.py[line:1056] - INFO: 任务 装饰_订单管理_装饰订单 完成, 获取148条数据
2025-12-28 10:22:08,317 - cyy_to_mysql_99.py[line:857] - INFO: 装饰_订单管理_装饰订单 数据保存完成，影响 15 行
2025-12-28 10:22:18,305 - cyy_to_mysql_99.py[line:940] - INFO: 销售_车辆销售_成交订单 第1页 - 重试第1次
2025-12-28 10:22:18,305 - cyy_to_mysql_99.py[line:1056] - INFO: 任务 车辆销售明细表_订单日期 完成, 获取78条数据
2025-12-28 10:22:18,360 - cyy_to_mysql_99.py[line:940] - INFO: 销售_车辆销售_作废订单 第1页 - 重试第1次
2025-12-28 10:22:18,398 - cyy_to_mysql_99.py[line:857] - INFO: 车辆销售明细表_订单日期 数据保存完成，影响 130 行
2025-12-28 10:22:18,399 - cyy_to_mysql_99.py[line:1056] - INFO: 任务 车辆销售明细表_开票日期 完成, 获取78条数据
2025-12-28 10:22:18,493 - cyy_to_mysql_99.py[line:857] - INFO: 车辆销售明细表_开票日期 数据保存完成，影响 130 行
2025-12-28 10:22:21,236 - cyy_to_mysql_99.py[line:940] - INFO: 开票维护 第1页 - 重试第1次
2025-12-28 10:22:21,236 - cyy_to_mysql_99.py[line:1056] - INFO: 任务 销售_车辆销售_作废订单 完成, 获取0条数据
2025-12-28 10:22:21,236 - cyy_to_mysql_99.py[line:816] - INFO: 销售_车辆销售_作废订单 无数据可保存
2025-12-28 10:22:21,237 - cyy_to_mysql_99.py[line:1064] - ERROR: 任务 销售_车辆销售_作废订单 数据保存失败: 销售_车辆销售_作废订单 无数据可保存
2025-12-28 10:22:21,326 - cyy_to_mysql_99.py[line:940] - INFO: 保险业务 第1页 - 重试第1次
2025-12-28 10:22:21,326 - cyy_to_mysql_99.py[line:1056] - INFO: 任务 销售_车辆销售_成交订单 完成, 获取1条数据
2025-12-28 10:22:21,336 - cyy_to_mysql_99.py[line:857] - INFO: 销售_车辆销售_成交订单 数据保存完成，影响 0 行
2025-12-28 10:22:26,588 - cyy_to_mysql_99.py[line:940] - INFO: 按揭业务 第1页 - 重试第1次
2025-12-28 10:22:26,588 - cyy_to_mysql_99.py[line:1056] - INFO: 任务 套餐销售列表 完成, 获取20条数据
2025-12-28 10:22:26,601 - cyy_to_mysql_99.py[line:857] - INFO: 套餐销售列表 数据保存完成，影响 2 行
2025-12-28 10:22:27,574 - cyy_to_mysql_99.py[line:940] - INFO: 评估管理_成交 第1页 - 重试第1次
2025-12-28 10:22:27,574 - cyy_to_mysql_99.py[line:1056] - INFO: 任务 保险业务 完成, 获取17条数据
2025-12-28 10:22:27,593 - cyy_to_mysql_99.py[line:857] - INFO: 保险业务 数据保存完成，影响 0 行
2025-12-28 10:22:27,856 - cyy_to_mysql_99.py[line:940] - INFO: 评估管理_已入库 第1页 - 重试第1次
2025-12-28 10:22:27,857 - cyy_to_mysql_99.py[line:1056] - INFO: 任务 按揭业务 完成, 获取23条数据
2025-12-28 10:22:27,878 - cyy_to_mysql_99.py[line:857] - INFO: 按揭业务 数据保存完成，影响 6 行
2025-12-28 10:22:28,935 - cyy_to_mysql_99.py[line:940] - INFO: 调车结算查询 第1页 - 重试第1次
2025-12-28 10:22:28,935 - cyy_to_mysql_99.py[line:1056] - INFO: 任务 评估管理_成交 完成, 获取0条数据
2025-12-28 10:22:28,936 - cyy_to_mysql_99.py[line:816] - INFO: 评估管理_成交 无数据可保存
2025-12-28 10:22:28,936 - cyy_to_mysql_99.py[line:1064] - ERROR: 任务 评估管理_成交 数据保存失败: 评估管理_成交 无数据可保存
2025-12-28 10:22:29,322 - cyy_to_mysql_99.py[line:940] - INFO: 销售_衍生_订单查询 第1页 - 重试第1次
2025-12-28 10:22:29,323 - cyy_to_mysql_99.py[line:1056] - INFO: 任务 评估管理_已入库 完成, 获取1条数据
2025-12-28 10:22:29,329 - cyy_to_mysql_99.py[line:857] - INFO: 评估管理_已入库 数据保存完成，影响 0 行
2025-12-28 10:22:30,149 - cyy_to_mysql_99.py[line:940] - INFO: 库存车辆已售 第1页 - 重试第1次
2025-12-28 10:22:30,149 - cyy_to_mysql_99.py[line:1056] - INFO: 任务 调车结算查询 完成, 获取0条数据
2025-12-28 10:22:30,150 - cyy_to_mysql_99.py[line:816] - INFO: 调车结算查询 无数据可保存
2025-12-28 10:22:30,150 - cyy_to_mysql_99.py[line:1064] - ERROR: 任务 调车结算查询 数据保存失败: 调车结算查询 无数据可保存
2025-12-28 10:22:30,356 - cyy_to_mysql_99.py[line:940] - INFO: 汇票管理 第1页 - 重试第1次
2025-12-28 10:22:30,356 - cyy_to_mysql_99.py[line:1056] - INFO: 任务 销售_衍生_订单查询 完成, 获取65条数据
2025-12-28 10:22:30,400 - cyy_to_mysql_99.py[line:857] - INFO: 销售_衍生_订单查询 数据保存完成，影响 12 行
2025-12-28 10:22:30,929 - cyy_to_mysql_99.py[line:940] - INFO: 销售回访 第1页 - 重试第1次
2025-12-28 10:22:30,929 - cyy_to_mysql_99.py[line:1056] - INFO: 任务 开票维护 完成, 获取1条数据
2025-12-28 10:22:30,934 - cyy_to_mysql_99.py[line:857] - INFO: 开票维护 数据保存完成，影响 0 行
2025-12-28 10:22:32,210 - cyy_to_mysql_99.py[line:940] - INFO: 未售订单 第1页 - 重试第1次
2025-12-28 10:22:32,210 - cyy_to_mysql_99.py[line:1056] - INFO: 任务 汇票管理 完成, 获取27条数据
2025-12-28 10:22:32,237 - cyy_to_mysql_99.py[line:857] - INFO: 汇票管理 数据保存完成，影响 0 行
2025-12-28 10:22:32,533 - cyy_to_mysql_99.py[line:940] - INFO: 计划车辆 第1页 - 重试第1次
2025-12-28 10:22:32,534 - cyy_to_mysql_99.py[line:1056] - INFO: 任务 销售回访 完成, 获取24条数据
2025-12-28 10:22:32,554 - cyy_to_mysql_99.py[line:857] - INFO: 销售回访 数据保存完成，影响 12 行
2025-12-28 10:22:32,666 - cyy_to_mysql_99.py[line:940] - INFO: 库存车辆查询 第1页 - 重试第1次
2025-12-28 10:22:32,667 - cyy_to_mysql_99.py[line:1056] - INFO: 任务 库存车辆已售 完成, 获取7条数据
2025-12-28 10:22:32,678 - cyy_to_mysql_99.py[line:857] - INFO: 库存车辆已售 数据保存完成，影响 0 行
2025-12-28 10:22:33,449 - cyy_to_mysql_99.py[line:940] - INFO: 删除日志 第1页 - 重试第1次
2025-12-28 10:22:33,450 - cyy_to_mysql_99.py[line:1056] - INFO: 任务 计划车辆 完成, 获取1332条数据
2025-12-28 10:22:33,533 - cyy_to_mysql_99.py[line:583] - INFO: 计划车辆 已清空表数据
2025-12-28 10:22:33,685 - cyy_to_mysql_99.py[line:593] - INFO: 计划车辆 全量更新完成，插入 1332 行数据
2025-12-28 10:22:35,757 - cyy_to_mysql_99.py[line:1056] - INFO: 任务 未售订单 完成, 获取759条数据
2025-12-28 10:22:35,854 - cyy_to_mysql_99.py[line:583] - INFO: 未售订单 已清空表数据
2025-12-28 10:22:35,980 - cyy_to_mysql_99.py[line:593] - INFO: 未售订单 全量更新完成，插入 759 行数据
2025-12-28 10:22:44,259 - cyy_to_mysql_99.py[line:940] - INFO: 删除日志 第2页 - 重试第1次
2025-12-28 10:22:45,021 - cyy_to_mysql_99.py[line:1056] - INFO: 任务 删除日志 完成, 获取4521条数据
2025-12-28 10:22:55,224 - cyy_to_mysql_99.py[line:940] - INFO: 库存车辆查询 第2页 - 重试第1次
2025-12-28 10:23:14,698 - cyy_to_mysql_99.py[line:1056] - INFO: 任务 库存车辆查询 完成, 获取3614条数据
2025-12-28 10:23:15,155 - cyy_to_mysql_99.py[line:583] - INFO: 库存车辆查询 已清空表数据
2025-12-28 10:23:16,060 - cyy_to_mysql_99.py[line:593] - INFO: 库存车辆查询 全量更新完成，插入 3614 行数据
2025-12-28 10:23:16,381 - cyy_to_mysql_99.py[line:347] - INFO: 数据库连接已关闭
2025-12-28 10:45:20,795 - cyy_to_mysql.py[line:714] - INFO: 任务 车辆成本管理 完成, 获取4826条数据
2025-12-28 10:45:24,456 - cyy_to_mysql.py[line:714] - INFO: 任务 套餐销售列表 完成, 获取1270条数据
2025-12-28 10:45:25,467 - cyy_to_mysql.py[line:714] - INFO: 任务 车辆销售明细表_开票日期 完成, 获取2905条数据
2025-12-28 10:45:32,761 - cyy_to_mysql.py[line:714] - INFO: 任务 销售_车辆销售_成交订单 完成, 获取2908条数据
2025-12-28 10:45:39,610 - cyy_to_mysql.py[line:714] - INFO: 任务 保险业务 完成, 获取2288条数据
2025-12-28 10:45:41,709 - cyy_to_mysql.py[line:714] - INFO: 任务 按揭业务 完成, 获取1437条数据
2025-12-28 10:45:42,225 - cyy_to_mysql.py[line:714] - INFO: 任务 评估管理_成交 完成, 获取0条数据
2025-12-28 10:45:42,225 - cyy_to_mysql.py[line:722] - ERROR: 任务 评估管理_成交 数据保存失败: 评估管理_成交 无数据可保存
2025-12-28 10:45:43,402 - cyy_to_mysql.py[line:714] - INFO: 任务 评估管理_已入库 完成, 获取520条数据
2025-12-28 10:45:44,874 - cyy_to_mysql.py[line:714] - INFO: 任务 销售_车辆销售_作废订单 完成, 获取501条数据
2025-12-28 10:45:53,096 - cyy_to_mysql.py[line:714] - INFO: 任务 销售_衍生_订单查询 完成, 获取2571条数据
2025-12-28 10:46:02,759 - cyy_to_mysql.py[line:714] - INFO: 任务 库存车辆已售 完成, 获取890条数据
2025-12-28 10:46:03,475 - cyy_to_mysql.py[line:714] - INFO: 任务 调车结算查询 完成, 获取6176条数据
2025-12-28 10:46:04,225 - cyy_to_mysql.py[line:714] - INFO: 任务 汇票管理 完成, 获取1579条数据
2025-12-28 10:46:05,820 - cyy_to_mysql.py[line:714] - INFO: 任务 销售回访 完成, 获取2571条数据
2025-12-28 10:46:20,255 - cyy_to_mysql.py[line:714] - INFO: 任务 装饰_订单管理_装饰订单 完成, 获取13715条数据
2025-12-28 10:46:54,362 - cyy_to_mysql.py[line:714] - INFO: 任务 开票维护 完成, 获取11064条数据
2025-12-28 10:52:02,803 - cyy_to_mysql_99.py[line:253] - INFO: 数据库连接成功
2025-12-28 10:52:02,804 - cyy_to_mysql_99.py[line:940] - INFO: 车辆销售明细表_订单日期 第1页 - 重试第1次
2025-12-28 10:52:02,804 - cyy_to_mysql_99.py[line:940] - INFO: 车辆销售明细表_开票日期 第1页 - 重试第1次
2025-12-28 10:52:02,806 - cyy_to_mysql_99.py[line:940] - INFO: 车辆成本管理 第1页 - 重试第1次
2025-12-28 10:52:04,271 - cyy_to_mysql_99.py[line:940] - INFO: 装饰_订单管理_装饰订单 第1页 - 重试第1次
2025-12-28 10:52:04,272 - cyy_to_mysql_99.py[line:1056] - INFO: 任务 车辆成本管理 完成, 获取13条数据
2025-12-28 10:52:04,295 - cyy_to_mysql_99.py[line:857] - INFO: 车辆成本管理 数据保存完成，影响 2 行
2025-12-28 10:52:06,687 - cyy_to_mysql_99.py[line:940] - INFO: 套餐销售列表 第1页 - 重试第1次
2025-12-28 10:52:06,687 - cyy_to_mysql_99.py[line:1056] - INFO: 任务 装饰_订单管理_装饰订单 完成, 获取170条数据
2025-12-28 10:52:06,721 - cyy_to_mysql_99.py[line:857] - INFO: 装饰_订单管理_装饰订单 数据保存完成，影响 42 行
2025-12-28 10:52:19,007 - cyy_to_mysql_99.py[line:940] - INFO: 销售_车辆销售_成交订单 第1页 - 重试第1次
2025-12-28 10:52:19,007 - cyy_to_mysql_99.py[line:1056] - INFO: 任务 车辆销售明细表_开票日期 完成, 获取110条数据
2025-12-28 10:52:19,090 - cyy_to_mysql_99.py[line:857] - INFO: 车辆销售明细表_开票日期 数据保存完成，影响 219 行
2025-12-28 10:52:19,903 - cyy_to_mysql_99.py[line:940] - INFO: 销售_车辆销售_作废订单 第1页 - 重试第1次
2025-12-28 10:52:19,903 - cyy_to_mysql_99.py[line:1056] - INFO: 任务 车辆销售明细表_订单日期 完成, 获取110条数据
2025-12-28 10:52:19,976 - cyy_to_mysql_99.py[line:857] - INFO: 车辆销售明细表_订单日期 数据保存完成，影响 219 行
2025-12-28 10:52:20,132 - cyy_to_mysql_99.py[line:940] - INFO: 开票维护 第1页 - 重试第1次
2025-12-28 10:52:20,133 - cyy_to_mysql_99.py[line:1056] - INFO: 任务 销售_车辆销售_成交订单 完成, 获取3条数据
2025-12-28 10:52:20,142 - cyy_to_mysql_99.py[line:857] - INFO: 销售_车辆销售_成交订单 数据保存完成，影响 1 行
2025-12-28 10:52:24,622 - cyy_to_mysql_99.py[line:940] - INFO: 保险业务 第1页 - 重试第1次
2025-12-28 10:52:24,622 - cyy_to_mysql_99.py[line:1056] - INFO: 任务 套餐销售列表 完成, 获取21条数据
2025-12-28 10:52:24,647 - cyy_to_mysql_99.py[line:857] - INFO: 套餐销售列表 数据保存完成，影响 5 行
2025-12-28 10:52:27,781 - cyy_to_mysql_99.py[line:940] - INFO: 按揭业务 第1页 - 重试第1次
2025-12-28 10:52:27,782 - cyy_to_mysql_99.py[line:1056] - INFO: 任务 销售_车辆销售_作废订单 完成, 获取0条数据
2025-12-28 10:52:27,782 - cyy_to_mysql_99.py[line:816] - INFO: 销售_车辆销售_作废订单 无数据可保存
2025-12-28 10:52:27,782 - cyy_to_mysql_99.py[line:1064] - ERROR: 任务 销售_车辆销售_作废订单 数据保存失败: 销售_车辆销售_作废订单 无数据可保存
2025-12-28 10:52:29,216 - cyy_to_mysql_99.py[line:940] - INFO: 评估管理_成交 第1页 - 重试第1次
2025-12-28 10:52:29,218 - cyy_to_mysql_99.py[line:940] - INFO: 评估管理_已入库 第1页 - 重试第1次
2025-12-28 10:52:29,219 - cyy_to_mysql_99.py[line:1056] - INFO: 任务 按揭业务 完成, 获取32条数据
2025-12-28 10:52:29,244 - cyy_to_mysql_99.py[line:857] - INFO: 按揭业务 数据保存完成，影响 64 行
2025-12-28 10:52:29,244 - cyy_to_mysql_99.py[line:1056] - INFO: 任务 保险业务 完成, 获取24条数据
2025-12-28 10:52:29,251 - cyy_to_mysql_99.py[line:857] - INFO: 保险业务 数据保存完成，影响 0 行
2025-12-28 10:52:30,500 - cyy_to_mysql_99.py[line:940] - INFO: 调车结算查询 第1页 - 重试第1次
2025-12-28 10:52:30,501 - cyy_to_mysql_99.py[line:1056] - INFO: 任务 开票维护 完成, 获取13条数据
2025-12-28 10:52:30,513 - cyy_to_mysql_99.py[line:857] - INFO: 开票维护 数据保存完成，影响 4 行
2025-12-28 10:52:32,443 - cyy_to_mysql_99.py[line:940] - INFO: 销售_衍生_订单查询 第1页 - 重试第1次
2025-12-28 10:52:32,444 - cyy_to_mysql_99.py[line:1056] - INFO: 任务 调车结算查询 完成, 获取0条数据
2025-12-28 10:52:32,444 - cyy_to_mysql_99.py[line:816] - INFO: 调车结算查询 无数据可保存
2025-12-28 10:52:32,444 - cyy_to_mysql_99.py[line:1064] - ERROR: 任务 调车结算查询 数据保存失败: 调车结算查询 无数据可保存
2025-12-28 10:52:32,600 - cyy_to_mysql_99.py[line:940] - INFO: 库存车辆已售 第1页 - 重试第1次
2025-12-28 10:52:32,601 - cyy_to_mysql_99.py[line:1056] - INFO: 任务 评估管理_成交 完成, 获取0条数据
2025-12-28 10:52:32,601 - cyy_to_mysql_99.py[line:816] - INFO: 评估管理_成交 无数据可保存
2025-12-28 10:52:32,601 - cyy_to_mysql_99.py[line:1064] - ERROR: 任务 评估管理_成交 数据保存失败: 评估管理_成交 无数据可保存
2025-12-28 10:52:32,657 - cyy_to_mysql_99.py[line:940] - INFO: 汇票管理 第1页 - 重试第1次
2025-12-28 10:52:32,658 - cyy_to_mysql_99.py[line:1056] - INFO: 任务 评估管理_已入库 完成, 获取1条数据
2025-12-28 10:52:32,671 - cyy_to_mysql_99.py[line:857] - INFO: 评估管理_已入库 数据保存完成，影响 0 行
2025-12-28 10:52:36,009 - cyy_to_mysql_99.py[line:940] - INFO: 销售回访 第1页 - 重试第1次
2025-12-28 10:52:36,010 - cyy_to_mysql_99.py[line:1056] - INFO: 任务 销售_衍生_订单查询 完成, 获取83条数据
2025-12-28 10:52:36,047 - cyy_to_mysql_99.py[line:857] - INFO: 销售_衍生_订单查询 数据保存完成，影响 9 行
2025-12-28 10:52:36,278 - cyy_to_mysql_99.py[line:940] - INFO: 未售订单 第1页 - 重试第1次
2025-12-28 10:52:36,278 - cyy_to_mysql_99.py[line:1056] - INFO: 任务 汇票管理 完成, 获取49条数据
2025-12-28 10:52:36,299 - cyy_to_mysql_99.py[line:857] - INFO: 汇票管理 数据保存完成，影响 10 行
2025-12-28 10:52:37,799 - cyy_to_mysql_99.py[line:940] - INFO: 计划车辆 第1页 - 重试第1次
2025-12-28 10:52:37,800 - cyy_to_mysql_99.py[line:1056] - INFO: 任务 库存车辆已售 完成, 获取25条数据
2025-12-28 10:52:37,817 - cyy_to_mysql_99.py[line:857] - INFO: 库存车辆已售 数据保存完成，影响 34 行
2025-12-28 10:52:38,121 - cyy_to_mysql_99.py[line:940] - INFO: 库存车辆查询 第1页 - 重试第1次
2025-12-28 10:52:38,122 - cyy_to_mysql_99.py[line:1056] - INFO: 任务 销售回访 完成, 获取30条数据
2025-12-28 10:52:38,136 - cyy_to_mysql_99.py[line:857] - INFO: 销售回访 数据保存完成，影响 9 行
2025-12-28 10:52:38,943 - cyy_to_mysql_99.py[line:940] - INFO: 删除日志 第1页 - 重试第1次
2025-12-28 10:52:38,943 - cyy_to_mysql_99.py[line:1056] - INFO: 任务 计划车辆 完成, 获取1332条数据
2025-12-28 10:52:39,015 - cyy_to_mysql_99.py[line:583] - INFO: 计划车辆 已清空表数据
2025-12-28 10:52:39,125 - cyy_to_mysql_99.py[line:593] - INFO: 计划车辆 全量更新完成，插入 1332 行数据
2025-12-28 10:52:40,418 - cyy_to_mysql_99.py[line:1056] - INFO: 任务 未售订单 完成, 获取756条数据
2025-12-28 10:52:40,512 - cyy_to_mysql_99.py[line:583] - INFO: 未售订单 已清空表数据
2025-12-28 10:52:40,660 - cyy_to_mysql_99.py[line:593] - INFO: 未售订单 全量更新完成，插入 756 行数据
2025-12-28 10:52:47,540 - cyy_to_mysql_99.py[line:940] - INFO: 删除日志 第2页 - 重试第1次
2025-12-28 10:52:48,481 - cyy_to_mysql_99.py[line:1056] - INFO: 任务 删除日志 完成, 获取4523条数据
2025-12-28 10:53:03,598 - cyy_to_mysql_99.py[line:940] - INFO: 库存车辆查询 第2页 - 重试第1次
2025-12-28 10:53:21,317 - cyy_to_mysql_99.py[line:1056] - INFO: 任务 库存车辆查询 完成, 获取3611条数据
2025-12-28 10:53:21,738 - cyy_to_mysql_99.py[line:583] - INFO: 库存车辆查询 已清空表数据
2025-12-28 10:53:22,485 - cyy_to_mysql_99.py[line:593] - INFO: 库存车辆查询 全量更新完成，插入 3611 行数据
2025-12-28 10:53:22,826 - cyy_to_mysql_99.py[line:347] - INFO: 数据库连接已关闭
2025-12-28 11:22:02,960 - cyy_to_mysql_99.py[line:253] - INFO: 数据库连接成功
2025-12-28 11:22:02,961 - cyy_to_mysql_99.py[line:940] - INFO: 车辆销售明细表_订单日期 第1页 - 重试第1次
2025-12-28 11:22:02,962 - cyy_to_mysql_99.py[line:940] - INFO: 车辆销售明细表_开票日期 第1页 - 重试第1次
2025-12-28 11:22:02,964 - cyy_to_mysql_99.py[line:940] - INFO: 车辆成本管理 第1页 - 重试第1次
2025-12-28 11:22:06,223 - cyy_to_mysql_99.py[line:940] - INFO: 装饰_订单管理_装饰订单 第1页 - 重试第1次
2025-12-28 11:22:06,223 - cyy_to_mysql_99.py[line:1056] - INFO: 任务 车辆成本管理 完成, 获取13条数据
2025-12-28 11:22:06,249 - cyy_to_mysql_99.py[line:857] - INFO: 车辆成本管理 数据保存完成，影响 2 行
2025-12-28 11:22:13,263 - cyy_to_mysql_99.py[line:940] - INFO: 套餐销售列表 第1页 - 重试第1次
2025-12-28 11:22:13,264 - cyy_to_mysql_99.py[line:1056] - INFO: 任务 装饰_订单管理_装饰订单 完成, 获取224条数据
2025-12-28 11:22:13,313 - cyy_to_mysql_99.py[line:857] - INFO: 装饰_订单管理_装饰订单 数据保存完成，影响 64 行
2025-12-28 11:22:25,970 - cyy_to_mysql_99.py[line:940] - INFO: 销售_车辆销售_成交订单 第1页 - 重试第1次
2025-12-28 11:22:25,970 - cyy_to_mysql_99.py[line:1056] - INFO: 任务 车辆销售明细表_开票日期 完成, 获取134条数据
2025-12-28 11:22:26,103 - cyy_to_mysql_99.py[line:857] - INFO: 车辆销售明细表_开票日期 数据保存完成，影响 264 行
2025-12-28 11:22:26,200 - cyy_to_mysql_99.py[line:940] - INFO: 销售_车辆销售_作废订单 第1页 - 重试第1次
2025-12-28 11:22:26,200 - cyy_to_mysql_99.py[line:1056] - INFO: 任务 车辆销售明细表_订单日期 完成, 获取134条数据
2025-12-28 11:22:26,308 - cyy_to_mysql_99.py[line:857] - INFO: 车辆销售明细表_订单日期 数据保存完成，影响 263 行
2025-12-28 11:22:30,970 - cyy_to_mysql_99.py[line:940] - INFO: 开票维护 第1页 - 重试第1次
2025-12-28 11:22:30,971 - cyy_to_mysql_99.py[line:1056] - INFO: 任务 销售_车辆销售_成交订单 完成, 获取3条数据
2025-12-28 11:22:30,987 - cyy_to_mysql_99.py[line:857] - INFO: 销售_车辆销售_成交订单 数据保存完成，影响 0 行
2025-12-28 11:22:34,870 - cyy_to_mysql_99.py[line:940] - INFO: 保险业务 第1页 - 重试第1次
2025-12-28 11:22:34,871 - cyy_to_mysql_99.py[line:1056] - INFO: 任务 套餐销售列表 完成, 获取29条数据
2025-12-28 11:22:34,895 - cyy_to_mysql_99.py[line:857] - INFO: 套餐销售列表 数据保存完成，影响 13 行
2025-12-28 11:22:35,077 - cyy_to_mysql_99.py[line:940] - INFO: 按揭业务 第1页 - 重试第1次
2025-12-28 11:22:35,078 - cyy_to_mysql_99.py[line:1056] - INFO: 任务 销售_车辆销售_作废订单 完成, 获取0条数据
2025-12-28 11:22:35,078 - cyy_to_mysql_99.py[line:816] - INFO: 销售_车辆销售_作废订单 无数据可保存
2025-12-28 11:22:35,078 - cyy_to_mysql_99.py[line:1064] - ERROR: 任务 销售_车辆销售_作废订单 数据保存失败: 销售_车辆销售_作废订单 无数据可保存
2025-12-28 11:22:36,444 - cyy_to_mysql_99.py[line:940] - INFO: 评估管理_成交 第1页 - 重试第1次
2025-12-28 11:22:36,446 - cyy_to_mysql_99.py[line:1056] - INFO: 任务 按揭业务 完成, 获取40条数据
2025-12-28 11:22:36,468 - cyy_to_mysql_99.py[line:857] - INFO: 按揭业务 数据保存完成，影响 72 行
2025-12-28 11:22:38,762 - cyy_to_mysql_99.py[line:940] - INFO: 评估管理_已入库 第1页 - 重试第1次
2025-12-28 11:22:38,763 - cyy_to_mysql_99.py[line:1056] - INFO: 任务 评估管理_成交 完成, 获取0条数据
2025-12-28 11:22:38,763 - cyy_to_mysql_99.py[line:816] - INFO: 评估管理_成交 无数据可保存
2025-12-28 11:22:38,763 - cyy_to_mysql_99.py[line:1064] - ERROR: 任务 评估管理_成交 数据保存失败: 评估管理_成交 无数据可保存
2025-12-28 11:22:38,921 - cyy_to_mysql_99.py[line:940] - INFO: 调车结算查询 第1页 - 重试第1次
2025-12-28 11:22:38,922 - cyy_to_mysql_99.py[line:1056] - INFO: 任务 保险业务 完成, 获取32条数据
2025-12-28 11:22:38,946 - cyy_to_mysql_99.py[line:857] - INFO: 保险业务 数据保存完成，影响 7 行
2025-12-28 11:22:40,463 - cyy_to_mysql_99.py[line:940] - INFO: 销售_衍生_订单查询 第1页 - 重试第1次
2025-12-28 11:22:40,463 - cyy_to_mysql_99.py[line:1056] - INFO: 任务 调车结算查询 完成, 获取0条数据
2025-12-28 11:22:40,464 - cyy_to_mysql_99.py[line:816] - INFO: 调车结算查询 无数据可保存
2025-12-28 11:22:40,464 - cyy_to_mysql_99.py[line:1064] - ERROR: 任务 调车结算查询 数据保存失败: 调车结算查询 无数据可保存
2025-12-28 11:22:40,918 - cyy_to_mysql_99.py[line:940] - INFO: 库存车辆已售 第1页 - 重试第1次
2025-12-28 11:22:40,919 - cyy_to_mysql_99.py[line:1056] - INFO: 任务 评估管理_已入库 完成, 获取3条数据
2025-12-28 11:22:40,928 - cyy_to_mysql_99.py[line:857] - INFO: 评估管理_已入库 数据保存完成，影响 2 行
2025-12-28 11:22:42,789 - cyy_to_mysql_99.py[line:940] - INFO: 汇票管理 第1页 - 重试第1次
2025-12-28 11:22:42,789 - cyy_to_mysql_99.py[line:1056] - INFO: 任务 销售_衍生_订单查询 完成, 获取107条数据
2025-12-28 11:22:42,846 - cyy_to_mysql_99.py[line:857] - INFO: 销售_衍生_订单查询 数据保存完成，影响 42 行
2025-12-28 11:22:44,766 - cyy_to_mysql_99.py[line:940] - INFO: 销售回访 第1页 - 重试第1次
2025-12-28 11:22:44,766 - cyy_to_mysql_99.py[line:1056] - INFO: 任务 汇票管理 完成, 获取58条数据
2025-12-28 11:22:44,797 - cyy_to_mysql_99.py[line:857] - INFO: 汇票管理 数据保存完成，影响 12 行
2025-12-28 11:22:46,534 - cyy_to_mysql_99.py[line:940] - INFO: 未售订单 第1页 - 重试第1次
2025-12-28 11:22:46,534 - cyy_to_mysql_99.py[line:1056] - INFO: 任务 销售回访 完成, 获取42条数据
2025-12-28 11:22:46,555 - cyy_to_mysql_99.py[line:857] - INFO: 销售回访 数据保存完成，影响 24 行
2025-12-28 11:22:50,968 - cyy_to_mysql_99.py[line:940] - INFO: 计划车辆 第1页 - 重试第1次
2025-12-28 11:22:50,968 - cyy_to_mysql_99.py[line:1056] - INFO: 任务 开票维护 完成, 获取14条数据
2025-12-28 11:22:50,987 - cyy_to_mysql_99.py[line:857] - INFO: 开票维护 数据保存完成，影响 0 行
2025-12-28 11:22:52,021 - cyy_to_mysql_99.py[line:940] - INFO: 库存车辆查询 第1页 - 重试第1次
2025-12-28 11:22:52,021 - cyy_to_mysql_99.py[line:1056] - INFO: 任务 计划车辆 完成, 获取1332条数据
2025-12-28 11:22:52,123 - cyy_to_mysql_99.py[line:583] - INFO: 计划车辆 已清空表数据
2025-12-28 11:22:52,241 - cyy_to_mysql_99.py[line:593] - INFO: 计划车辆 全量更新完成，插入 1332 行数据
2025-12-28 11:22:53,777 - cyy_to_mysql_99.py[line:940] - INFO: 删除日志 第1页 - 重试第1次
2025-12-28 11:22:53,777 - cyy_to_mysql_99.py[line:1056] - INFO: 任务 未售订单 完成, 获取757条数据
2025-12-28 11:22:53,860 - cyy_to_mysql_99.py[line:583] - INFO: 未售订单 已清空表数据
2025-12-28 11:22:54,005 - cyy_to_mysql_99.py[line:593] - INFO: 未售订单 全量更新完成，插入 757 行数据
2025-12-28 11:22:55,411 - cyy_to_mysql_99.py[line:1056] - INFO: 任务 库存车辆已售 完成, 获取27条数据
2025-12-28 11:22:55,430 - cyy_to_mysql_99.py[line:857] - INFO: 库存车辆已售 数据保存完成，影响 29 行
2025-12-28 11:23:03,090 - cyy_to_mysql_99.py[line:940] - INFO: 删除日志 第2页 - 重试第1次
2025-12-28 11:23:04,189 - cyy_to_mysql_99.py[line:1056] - INFO: 任务 删除日志 完成, 获取4524条数据
2025-12-28 11:23:14,521 - cyy_to_mysql_99.py[line:940] - INFO: 库存车辆查询 第2页 - 重试第1次
2025-12-28 11:23:32,262 - cyy_to_mysql_99.py[line:1056] - INFO: 任务 库存车辆查询 完成, 获取3610条数据
2025-12-28 11:23:32,617 - cyy_to_mysql_99.py[line:583] - INFO: 库存车辆查询 已清空表数据
2025-12-28 11:23:33,331 - cyy_to_mysql_99.py[line:593] - INFO: 库存车辆查询 全量更新完成，插入 3610 行数据
2025-12-28 11:23:33,635 - cyy_to_mysql_99.py[line:347] - INFO: 数据库连接已关闭
2025-12-28 11:48:19,220 - cyy_to_mysql_99.py[line:253] - INFO: 数据库连接成功
2025-12-28 11:48:19,232 - cyy_to_mysql_99.py[line:940] - INFO: 车辆销售明细表_订单日期 第1页 - 重试第1次
2025-12-28 11:48:19,233 - cyy_to_mysql_99.py[line:940] - INFO: 车辆销售明细表_开票日期 第1页 - 重试第1次
2025-12-28 11:48:19,233 - cyy_to_mysql_99.py[line:940] - INFO: 车辆成本管理 第1页 - 重试第1次
2025-12-28 11:48:21,151 - cyy_to_mysql_99.py[line:940] - INFO: 装饰_订单管理_装饰订单 第1页 - 重试第1次
2025-12-28 11:48:21,151 - cyy_to_mysql_99.py[line:1056] - INFO: 任务 车辆成本管理 完成, 获取15条数据
2025-12-28 11:48:21,168 - cyy_to_mysql_99.py[line:857] - INFO: 车辆成本管理 数据保存完成，影响 4 行
2025-12-28 11:48:25,218 - cyy_to_mysql_99.py[line:940] - INFO: 套餐销售列表 第1页 - 重试第1次
2025-12-28 11:48:25,219 - cyy_to_mysql_99.py[line:1056] - INFO: 任务 装饰_订单管理_装饰订单 完成, 获取273条数据
2025-12-28 11:48:25,263 - cyy_to_mysql_99.py[line:857] - INFO: 装饰_订单管理_装饰订单 数据保存完成，影响 80 行
2025-12-28 11:48:30,914 - cyy_to_mysql_99.py[line:940] - INFO: 销售_车辆销售_成交订单 第1页 - 重试第1次
2025-12-28 11:48:30,915 - cyy_to_mysql_99.py[line:1056] - INFO: 任务 车辆销售明细表_订单日期 完成, 获取144条数据
2025-12-28 11:48:31,009 - cyy_to_mysql_99.py[line:857] - INFO: 车辆销售明细表_订单日期 数据保存完成，影响 284 行
2025-12-28 11:48:31,574 - cyy_to_mysql_99.py[line:940] - INFO: 销售_车辆销售_作废订单 第1页 - 重试第1次
2025-12-28 11:48:31,574 - cyy_to_mysql_99.py[line:1056] - INFO: 任务 车辆销售明细表_开票日期 完成, 获取144条数据
2025-12-28 11:48:31,654 - cyy_to_mysql_99.py[line:857] - INFO: 车辆销售明细表_开票日期 数据保存完成，影响 286 行
2025-12-28 11:48:32,792 - cyy_to_mysql_99.py[line:940] - INFO: 开票维护 第1页 - 重试第1次
2025-12-28 11:48:32,793 - cyy_to_mysql_99.py[line:1056] - INFO: 任务 销售_车辆销售_成交订单 完成, 获取3条数据
2025-12-28 11:48:32,807 - cyy_to_mysql_99.py[line:857] - INFO: 销售_车辆销售_成交订单 数据保存完成，影响 0 行
2025-12-28 11:48:35,066 - cyy_to_mysql_99.py[line:940] - INFO: 保险业务 第1页 - 重试第1次
2025-12-28 11:48:35,067 - cyy_to_mysql_99.py[line:1056] - INFO: 任务 销售_车辆销售_作废订单 完成, 获取4条数据
2025-12-28 11:48:35,085 - cyy_to_mysql_99.py[line:857] - INFO: 销售_车辆销售_作废订单 数据保存完成，影响 4 行
2025-12-28 11:48:37,132 - cyy_to_mysql_99.py[line:940] - INFO: 按揭业务 第1页 - 重试第1次
2025-12-28 11:48:37,132 - cyy_to_mysql_99.py[line:1056] - INFO: 任务 保险业务 完成, 获取32条数据
2025-12-28 11:48:37,147 - cyy_to_mysql_99.py[line:857] - INFO: 保险业务 数据保存完成，影响 0 行
2025-12-28 11:48:38,569 - cyy_to_mysql_99.py[line:940] - INFO: 评估管理_成交 第1页 - 重试第1次
2025-12-28 11:48:38,570 - cyy_to_mysql_99.py[line:1056] - INFO: 任务 按揭业务 完成, 获取44条数据
2025-12-28 11:48:38,589 - cyy_to_mysql_99.py[line:857] - INFO: 按揭业务 数据保存完成，影响 87 行
2025-12-28 11:48:42,535 - cyy_to_mysql_99.py[line:940] - INFO: 评估管理_已入库 第1页 - 重试第1次
2025-12-28 11:48:42,536 - cyy_to_mysql_99.py[line:1056] - INFO: 任务 评估管理_成交 完成, 获取0条数据
2025-12-28 11:48:42,536 - cyy_to_mysql_99.py[line:816] - INFO: 评估管理_成交 无数据可保存
2025-12-28 11:48:42,536 - cyy_to_mysql_99.py[line:1064] - ERROR: 任务 评估管理_成交 数据保存失败: 评估管理_成交 无数据可保存
2025-12-28 11:48:43,833 - cyy_to_mysql_99.py[line:940] - INFO: 调车结算查询 第1页 - 重试第1次
2025-12-28 11:48:43,833 - cyy_to_mysql_99.py[line:1056] - INFO: 任务 开票维护 完成, 获取14条数据
2025-12-28 11:48:43,849 - cyy_to_mysql_99.py[line:857] - INFO: 开票维护 数据保存完成，影响 0 行
2025-12-28 11:48:43,880 - cyy_to_mysql_99.py[line:940] - INFO: 销售_衍生_订单查询 第1页 - 重试第1次
2025-12-28 11:48:43,881 - cyy_to_mysql_99.py[line:1056] - INFO: 任务 套餐销售列表 完成, 获取34条数据
2025-12-28 11:48:43,895 - cyy_to_mysql_99.py[line:857] - INFO: 套餐销售列表 数据保存完成，影响 15 行
2025-12-28 11:48:43,964 - cyy_to_mysql_99.py[line:940] - INFO: 库存车辆已售 第1页 - 重试第1次
2025-12-28 11:48:43,964 - cyy_to_mysql_99.py[line:1056] - INFO: 任务 评估管理_已入库 完成, 获取3条数据
2025-12-28 11:48:43,969 - cyy_to_mysql_99.py[line:857] - INFO: 评估管理_已入库 数据保存完成，影响 0 行
2025-12-28 11:48:44,594 - cyy_to_mysql_99.py[line:940] - INFO: 汇票管理 第1页 - 重试第1次
2025-12-28 11:48:44,595 - cyy_to_mysql_99.py[line:1056] - INFO: 任务 调车结算查询 完成, 获取0条数据
2025-12-28 11:48:44,595 - cyy_to_mysql_99.py[line:816] - INFO: 调车结算查询 无数据可保存
2025-12-28 11:48:44,595 - cyy_to_mysql_99.py[line:1064] - ERROR: 任务 调车结算查询 数据保存失败: 调车结算查询 无数据可保存
2025-12-28 11:48:45,110 - cyy_to_mysql_99.py[line:940] - INFO: 销售回访 第1页 - 重试第1次
2025-12-28 11:48:45,110 - cyy_to_mysql_99.py[line:1056] - INFO: 任务 销售_衍生_订单查询 完成, 获取118条数据
2025-12-28 11:48:45,173 - cyy_to_mysql_99.py[line:857] - INFO: 销售_衍生_订单查询 数据保存完成，影响 34 行
2025-12-28 11:48:46,747 - cyy_to_mysql_99.py[line:940] - INFO: 未售订单 第1页 - 重试第1次
2025-12-28 11:48:46,747 - cyy_to_mysql_99.py[line:1056] - INFO: 任务 汇票管理 完成, 获取65条数据
2025-12-28 11:48:46,774 - cyy_to_mysql_99.py[line:857] - INFO: 汇票管理 数据保存完成，影响 0 行
2025-12-28 11:48:46,795 - cyy_to_mysql_99.py[line:940] - INFO: 计划车辆 第1页 - 重试第1次
2025-12-28 11:48:46,795 - cyy_to_mysql_99.py[line:1056] - INFO: 任务 库存车辆已售 完成, 获取29条数据
2025-12-28 11:48:46,807 - cyy_to_mysql_99.py[line:857] - INFO: 库存车辆已售 数据保存完成，影响 0 行
2025-12-28 11:48:46,864 - cyy_to_mysql_99.py[line:940] - INFO: 库存车辆查询 第1页 - 重试第1次
2025-12-28 11:48:46,864 - cyy_to_mysql_99.py[line:1056] - INFO: 任务 销售回访 完成, 获取52条数据
2025-12-28 11:48:46,885 - cyy_to_mysql_99.py[line:857] - INFO: 销售回访 数据保存完成，影响 34 行
2025-12-28 11:48:48,018 - cyy_to_mysql_99.py[line:940] - INFO: 删除日志 第1页 - 重试第1次
2025-12-28 11:48:48,019 - cyy_to_mysql_99.py[line:1056] - INFO: 任务 计划车辆 完成, 获取1332条数据
2025-12-28 11:48:48,081 - cyy_to_mysql_99.py[line:583] - INFO: 计划车辆 已清空表数据
2025-12-28 11:48:48,169 - cyy_to_mysql_99.py[line:593] - INFO: 计划车辆 全量更新完成，插入 1332 行数据
2025-12-28 11:48:49,977 - cyy_to_mysql_99.py[line:1056] - INFO: 任务 未售订单 完成, 获取763条数据
2025-12-28 11:48:50,054 - cyy_to_mysql_99.py[line:583] - INFO: 未售订单 已清空表数据
2025-12-28 11:48:50,176 - cyy_to_mysql_99.py[line:593] - INFO: 未售订单 全量更新完成，插入 763 行数据
2025-12-28 11:48:55,376 - cyy_to_mysql_99.py[line:940] - INFO: 删除日志 第2页 - 重试第1次
2025-12-28 11:48:56,196 - cyy_to_mysql_99.py[line:1056] - INFO: 任务 删除日志 完成, 获取4527条数据
2025-12-28 11:49:12,932 - cyy_to_mysql_99.py[line:940] - INFO: 库存车辆查询 第2页 - 重试第1次
2025-12-28 11:49:30,940 - cyy_to_mysql_99.py[line:1056] - INFO: 任务 库存车辆查询 完成, 获取3610条数据
2025-12-28 11:49:31,164 - cyy_to_mysql_99.py[line:583] - INFO: 库存车辆查询 已清空表数据
2025-12-28 11:49:31,623 - cyy_to_mysql_99.py[line:593] - INFO: 库存车辆查询 全量更新完成，插入 3610 行数据
2025-12-28 11:49:31,950 - cyy_to_mysql_99.py[line:347] - INFO: 数据库连接已关闭
2025-12-28 12:18:09,351 - cyy_to_mysql_99.py[line:253] - INFO: 数据库连接成功
2025-12-28 12:18:09,352 - cyy_to_mysql_99.py[line:940] - INFO: 车辆销售明细表_订单日期 第1页 - 重试第1次
2025-12-28 12:18:09,352 - cyy_to_mysql_99.py[line:940] - INFO: 车辆销售明细表_开票日期 第1页 - 重试第1次
2025-12-28 12:18:09,353 - cyy_to_mysql_99.py[line:940] - INFO: 车辆成本管理 第1页 - 重试第1次
2025-12-28 12:18:10,770 - cyy_to_mysql_99.py[line:940] - INFO: 装饰_订单管理_装饰订单 第1页 - 重试第1次
2025-12-28 12:18:10,771 - cyy_to_mysql_99.py[line:1056] - INFO: 任务 车辆成本管理 完成, 获取15条数据
2025-12-28 12:18:10,795 - cyy_to_mysql_99.py[line:857] - INFO: 车辆成本管理 数据保存完成，影响 2 行
2025-12-28 12:18:13,721 - cyy_to_mysql_99.py[line:940] - INFO: 套餐销售列表 第1页 - 重试第1次
2025-12-28 12:18:13,721 - cyy_to_mysql_99.py[line:1056] - INFO: 任务 装饰_订单管理_装饰订单 完成, 获取290条数据
2025-12-28 12:18:13,774 - cyy_to_mysql_99.py[line:857] - INFO: 装饰_订单管理_装饰订单 数据保存完成，影响 44 行
2025-12-28 12:18:22,580 - cyy_to_mysql_99.py[line:940] - INFO: 销售_车辆销售_成交订单 第1页 - 重试第1次
2025-12-28 12:18:22,580 - cyy_to_mysql_99.py[line:1056] - INFO: 任务 车辆销售明细表_开票日期 完成, 获取148条数据
2025-12-28 12:18:22,713 - cyy_to_mysql_99.py[line:857] - INFO: 车辆销售明细表_开票日期 数据保存完成，影响 295 行
2025-12-28 12:18:22,993 - cyy_to_mysql_99.py[line:940] - INFO: 销售_车辆销售_作废订单 第1页 - 重试第1次
2025-12-28 12:18:22,993 - cyy_to_mysql_99.py[line:1056] - INFO: 任务 车辆销售明细表_订单日期 完成, 获取148条数据
2025-12-28 12:18:23,112 - cyy_to_mysql_99.py[line:857] - INFO: 车辆销售明细表_订单日期 数据保存完成，影响 294 行
2025-12-28 12:18:24,652 - cyy_to_mysql_99.py[line:940] - INFO: 开票维护 第1页 - 重试第1次
2025-12-28 12:18:24,652 - cyy_to_mysql_99.py[line:1056] - INFO: 任务 销售_车辆销售_成交订单 完成, 获取7条数据
2025-12-28 12:18:24,665 - cyy_to_mysql_99.py[line:857] - INFO: 销售_车辆销售_成交订单 数据保存完成，影响 9 行
2025-12-28 12:18:27,266 - cyy_to_mysql_99.py[line:940] - INFO: 保险业务 第1页 - 重试第1次
2025-12-28 12:18:27,267 - cyy_to_mysql_99.py[line:1056] - INFO: 任务 套餐销售列表 完成, 获取39条数据
2025-12-28 12:18:27,284 - cyy_to_mysql_99.py[line:857] - INFO: 套餐销售列表 数据保存完成，影响 13 行
2025-12-28 12:18:28,701 - cyy_to_mysql_99.py[line:940] - INFO: 按揭业务 第1页 - 重试第1次
2025-12-28 12:18:28,703 - cyy_to_mysql_99.py[line:1056] - INFO: 任务 销售_车辆销售_作废订单 完成, 获取4条数据
2025-12-28 12:18:28,718 - cyy_to_mysql_99.py[line:857] - INFO: 销售_车辆销售_作废订单 数据保存完成，影响 0 行
2025-12-28 12:18:29,314 - cyy_to_mysql_99.py[line:940] - INFO: 评估管理_成交 第1页 - 重试第1次
2025-12-28 12:18:29,315 - cyy_to_mysql_99.py[line:1056] - INFO: 任务 保险业务 完成, 获取34条数据
2025-12-28 12:18:29,338 - cyy_to_mysql_99.py[line:857] - INFO: 保险业务 数据保存完成，影响 2 行
2025-12-28 12:18:29,850 - cyy_to_mysql_99.py[line:940] - INFO: 评估管理_已入库 第1页 - 重试第1次
2025-12-28 12:18:29,850 - cyy_to_mysql_99.py[line:1056] - INFO: 任务 按揭业务 完成, 获取45条数据
2025-12-28 12:18:29,875 - cyy_to_mysql_99.py[line:857] - INFO: 按揭业务 数据保存完成，影响 42 行
2025-12-28 12:18:30,562 - cyy_to_mysql_99.py[line:940] - INFO: 调车结算查询 第1页 - 重试第1次
2025-12-28 12:18:30,563 - cyy_to_mysql_99.py[line:1056] - INFO: 任务 评估管理_成交 完成, 获取0条数据
2025-12-28 12:18:30,563 - cyy_to_mysql_99.py[line:816] - INFO: 评估管理_成交 无数据可保存
2025-12-28 12:18:30,563 - cyy_to_mysql_99.py[line:1064] - ERROR: 任务 评估管理_成交 数据保存失败: 评估管理_成交 无数据可保存
2025-12-28 12:18:31,622 - cyy_to_mysql_99.py[line:940] - INFO: 销售_衍生_订单查询 第1页 - 重试第1次
2025-12-28 12:18:31,623 - cyy_to_mysql_99.py[line:1056] - INFO: 任务 评估管理_已入库 完成, 获取3条数据
2025-12-28 12:18:31,639 - cyy_to_mysql_99.py[line:857] - INFO: 评估管理_已入库 数据保存完成，影响 2 行
2025-12-28 12:18:31,740 - cyy_to_mysql_99.py[line:940] - INFO: 库存车辆已售 第1页 - 重试第1次
2025-12-28 12:18:31,741 - cyy_to_mysql_99.py[line:1056] - INFO: 任务 调车结算查询 完成, 获取0条数据
2025-12-28 12:18:31,741 - cyy_to_mysql_99.py[line:816] - INFO: 调车结算查询 无数据可保存
2025-12-28 12:18:31,741 - cyy_to_mysql_99.py[line:1064] - ERROR: 任务 调车结算查询 数据保存失败: 调车结算查询 无数据可保存
2025-12-28 12:18:33,515 - cyy_to_mysql_99.py[line:940] - INFO: 汇票管理 第1页 - 重试第1次
2025-12-28 12:18:33,516 - cyy_to_mysql_99.py[line:1056] - INFO: 任务 开票维护 完成, 获取19条数据
2025-12-28 12:18:33,526 - cyy_to_mysql_99.py[line:857] - INFO: 开票维护 数据保存完成，影响 5 行
2025-12-28 12:18:34,382 - cyy_to_mysql_99.py[line:940] - INFO: 销售回访 第1页 - 重试第1次
2025-12-28 12:18:34,382 - cyy_to_mysql_99.py[line:1056] - INFO: 任务 销售_衍生_订单查询 完成, 获取122条数据
2025-12-28 12:18:34,436 - cyy_to_mysql_99.py[line:857] - INFO: 销售_衍生_订单查询 数据保存完成，影响 33 行
2025-12-28 12:18:34,957 - cyy_to_mysql_99.py[line:940] - INFO: 未售订单 第1页 - 重试第1次
2025-12-28 12:18:34,958 - cyy_to_mysql_99.py[line:1056] - INFO: 任务 汇票管理 完成, 获取67条数据
2025-12-28 12:18:34,988 - cyy_to_mysql_99.py[line:857] - INFO: 汇票管理 数据保存完成，影响 2 行
2025-12-28 12:18:35,649 - cyy_to_mysql_99.py[line:940] - INFO: 计划车辆 第1页 - 重试第1次
2025-12-28 12:18:35,650 - cyy_to_mysql_99.py[line:1056] - INFO: 任务 库存车辆已售 完成, 获取30条数据
2025-12-28 12:18:35,674 - cyy_to_mysql_99.py[line:857] - INFO: 库存车辆已售 数据保存完成，影响 1 行
2025-12-28 12:18:35,976 - cyy_to_mysql_99.py[line:940] - INFO: 库存车辆查询 第1页 - 重试第1次
2025-12-28 12:18:35,977 - cyy_to_mysql_99.py[line:1056] - INFO: 任务 销售回访 完成, 获取56条数据
2025-12-28 12:18:36,001 - cyy_to_mysql_99.py[line:857] - INFO: 销售回访 数据保存完成，影响 31 行
2025-12-28 12:18:36,539 - cyy_to_mysql_99.py[line:940] - INFO: 删除日志 第1页 - 重试第1次
2025-12-28 12:18:36,539 - cyy_to_mysql_99.py[line:1056] - INFO: 任务 计划车辆 完成, 获取1332条数据
2025-12-28 12:18:36,612 - cyy_to_mysql_99.py[line:583] - INFO: 计划车辆 已清空表数据
2025-12-28 12:18:36,731 - cyy_to_mysql_99.py[line:593] - INFO: 计划车辆 全量更新完成，插入 1332 行数据
2025-12-28 12:18:38,259 - cyy_to_mysql_99.py[line:1056] - INFO: 任务 未售订单 完成, 获取761条数据
2025-12-28 12:18:38,365 - cyy_to_mysql_99.py[line:583] - INFO: 未售订单 已清空表数据
2025-12-28 12:18:38,474 - cyy_to_mysql_99.py[line:593] - INFO: 未售订单 全量更新完成，插入 761 行数据
2025-12-28 12:18:46,033 - cyy_to_mysql_99.py[line:940] - INFO: 删除日志 第2页 - 重试第1次
2025-12-28 12:18:46,915 - cyy_to_mysql_99.py[line:1056] - INFO: 任务 删除日志 完成, 获取4530条数据
2025-12-28 12:18:57,103 - cyy_to_mysql_99.py[line:940] - INFO: 库存车辆查询 第2页 - 重试第1次
2025-12-28 12:19:14,835 - cyy_to_mysql_99.py[line:1056] - INFO: 任务 库存车辆查询 完成, 获取3609条数据
2025-12-28 12:19:15,269 - cyy_to_mysql_99.py[line:583] - INFO: 库存车辆查询 已清空表数据
2025-12-28 12:19:15,925 - cyy_to_mysql_99.py[line:593] - INFO: 库存车辆查询 全量更新完成，插入 3609 行数据
2025-12-28 12:19:16,268 - cyy_to_mysql_99.py[line:347] - INFO: 数据库连接已关闭
2025-12-28 12:48:29,983 - cyy_to_mysql_99.py[line:253] - INFO: 数据库连接成功
2025-12-28 12:48:29,984 - cyy_to_mysql_99.py[line:940] - INFO: 车辆销售明细表_订单日期 第1页 - 重试第1次
2025-12-28 12:48:29,986 - cyy_to_mysql_99.py[line:940] - INFO: 车辆销售明细表_开票日期 第1页 - 重试第1次
2025-12-28 12:48:29,988 - cyy_to_mysql_99.py[line:940] - INFO: 车辆成本管理 第1页 - 重试第1次
2025-12-28 12:48:31,643 - cyy_to_mysql_99.py[line:940] - INFO: 装饰_订单管理_装饰订单 第1页 - 重试第1次
2025-12-28 12:48:31,643 - cyy_to_mysql_99.py[line:1056] - INFO: 任务 车辆成本管理 完成, 获取158条数据
2025-12-28 12:48:31,733 - cyy_to_mysql_99.py[line:857] - INFO: 车辆成本管理 数据保存完成，影响 143 行
2025-12-28 12:48:33,490 - cyy_to_mysql_99.py[line:940] - INFO: 套餐销售列表 第1页 - 重试第1次
2025-12-28 12:48:33,490 - cyy_to_mysql_99.py[line:1056] - INFO: 任务 装饰_订单管理_装饰订单 完成, 获取319条数据
2025-12-28 12:48:33,564 - cyy_to_mysql_99.py[line:857] - INFO: 装饰_订单管理_装饰订单 数据保存完成，影响 62 行
2025-12-28 12:48:41,158 - cyy_to_mysql_99.py[line:940] - INFO: 销售_车辆销售_成交订单 第1页 - 重试第1次
2025-12-28 12:48:41,158 - cyy_to_mysql_99.py[line:1056] - INFO: 任务 车辆销售明细表_订单日期 完成, 获取157条数据
2025-12-28 12:48:41,272 - cyy_to_mysql_99.py[line:857] - INFO: 车辆销售明细表_订单日期 数据保存完成，影响 311 行
2025-12-28 12:48:41,959 - cyy_to_mysql_99.py[line:940] - INFO: 销售_车辆销售_作废订单 第1页 - 重试第1次
2025-12-28 12:48:41,960 - cyy_to_mysql_99.py[line:1056] - INFO: 任务 车辆销售明细表_开票日期 完成, 获取157条数据
2025-12-28 12:48:42,113 - cyy_to_mysql_99.py[line:857] - INFO: 车辆销售明细表_开票日期 数据保存完成，影响 311 行
2025-12-28 12:48:43,511 - cyy_to_mysql_99.py[line:940] - INFO: 开票维护 第1页 - 重试第1次
2025-12-28 12:48:43,512 - cyy_to_mysql_99.py[line:1056] - INFO: 任务 销售_车辆销售_成交订单 完成, 获取8条数据
2025-12-28 12:48:43,523 - cyy_to_mysql_99.py[line:857] - INFO: 销售_车辆销售_成交订单 数据保存完成，影响 1 行
2025-12-28 12:48:44,856 - cyy_to_mysql_99.py[line:940] - INFO: 保险业务 第1页 - 重试第1次
2025-12-28 12:48:44,857 - cyy_to_mysql_99.py[line:1056] - INFO: 任务 销售_车辆销售_作废订单 完成, 获取4条数据
2025-12-28 12:48:44,864 - cyy_to_mysql_99.py[line:857] - INFO: 销售_车辆销售_作废订单 数据保存完成，影响 0 行
2025-12-28 12:48:48,808 - cyy_to_mysql_99.py[line:940] - INFO: 按揭业务 第1页 - 重试第1次
2025-12-28 12:48:48,809 - cyy_to_mysql_99.py[line:1056] - INFO: 任务 保险业务 完成, 获取34条数据
2025-12-28 12:48:48,829 - cyy_to_mysql_99.py[line:857] - INFO: 保险业务 数据保存完成，影响 0 行
2025-12-28 12:48:50,023 - cyy_to_mysql_99.py[line:940] - INFO: 评估管理_成交 第1页 - 重试第1次
2025-12-28 12:48:50,024 - cyy_to_mysql_99.py[line:1056] - INFO: 任务 套餐销售列表 完成, 获取45条数据
2025-12-28 12:48:50,053 - cyy_to_mysql_99.py[line:857] - INFO: 套餐销售列表 数据保存完成，影响 13 行
2025-12-28 12:48:50,080 - cyy_to_mysql_99.py[line:940] - INFO: 评估管理_已入库 第1页 - 重试第1次
2025-12-28 12:48:50,080 - cyy_to_mysql_99.py[line:1056] - INFO: 任务 按揭业务 完成, 获取50条数据
2025-12-28 12:48:50,106 - cyy_to_mysql_99.py[line:857] - INFO: 按揭业务 数据保存完成，影响 58 行
2025-12-28 12:48:51,814 - cyy_to_mysql_99.py[line:940] - INFO: 调车结算查询 第1页 - 重试第1次
2025-12-28 12:48:51,814 - cyy_to_mysql_99.py[line:1056] - INFO: 任务 评估管理_成交 完成, 获取0条数据
2025-12-28 12:48:51,815 - cyy_to_mysql_99.py[line:816] - INFO: 评估管理_成交 无数据可保存
2025-12-28 12:48:51,815 - cyy_to_mysql_99.py[line:1064] - ERROR: 任务 评估管理_成交 数据保存失败: 评估管理_成交 无数据可保存
2025-12-28 12:48:51,943 - cyy_to_mysql_99.py[line:940] - INFO: 销售_衍生_订单查询 第1页 - 重试第1次
2025-12-28 12:48:51,944 - cyy_to_mysql_99.py[line:1056] - INFO: 任务 评估管理_已入库 完成, 获取10条数据
2025-12-28 12:48:51,962 - cyy_to_mysql_99.py[line:857] - INFO: 评估管理_已入库 数据保存完成，影响 11 行
2025-12-28 12:48:52,730 - cyy_to_mysql_99.py[line:940] - INFO: 库存车辆已售 第1页 - 重试第1次
2025-12-28 12:48:52,730 - cyy_to_mysql_99.py[line:1056] - INFO: 任务 开票维护 完成, 获取19条数据
2025-12-28 12:48:52,747 - cyy_to_mysql_99.py[line:857] - INFO: 开票维护 数据保存完成，影响 0 行
2025-12-28 12:48:53,240 - cyy_to_mysql_99.py[line:940] - INFO: 汇票管理 第1页 - 重试第1次
2025-12-28 12:48:53,242 - cyy_to_mysql_99.py[line:1056] - INFO: 任务 调车结算查询 完成, 获取0条数据
2025-12-28 12:48:53,242 - cyy_to_mysql_99.py[line:816] - INFO: 调车结算查询 无数据可保存
2025-12-28 12:48:53,242 - cyy_to_mysql_99.py[line:1064] - ERROR: 任务 调车结算查询 数据保存失败: 调车结算查询 无数据可保存
2025-12-28 12:48:54,065 - cyy_to_mysql_99.py[line:940] - INFO: 销售回访 第1页 - 重试第1次
2025-12-28 12:48:54,065 - cyy_to_mysql_99.py[line:1056] - INFO: 任务 销售_衍生_订单查询 完成, 获取131条数据
2025-12-28 12:48:54,124 - cyy_to_mysql_99.py[line:857] - INFO: 销售_衍生_订单查询 数据保存完成，影响 31 行
2025-12-28 12:48:55,441 - cyy_to_mysql_99.py[line:940] - INFO: 未售订单 第1页 - 重试第1次
2025-12-28 12:48:55,441 - cyy_to_mysql_99.py[line:1056] - INFO: 任务 库存车辆已售 完成, 获取31条数据
2025-12-28 12:48:55,467 - cyy_to_mysql_99.py[line:857] - INFO: 库存车辆已售 数据保存完成，影响 0 行
2025-12-28 12:48:55,843 - cyy_to_mysql_99.py[line:940] - INFO: 计划车辆 第1页 - 重试第1次
2025-12-28 12:48:55,844 - cyy_to_mysql_99.py[line:1056] - INFO: 任务 汇票管理 完成, 获取205条数据
2025-12-28 12:48:55,920 - cyy_to_mysql_99.py[line:857] - INFO: 汇票管理 数据保存完成，影响 138 行
2025-12-28 12:48:56,013 - cyy_to_mysql_99.py[line:940] - INFO: 库存车辆查询 第1页 - 重试第1次
2025-12-28 12:48:56,014 - cyy_to_mysql_99.py[line:1056] - INFO: 任务 销售回访 完成, 获取62条数据
2025-12-28 12:48:56,036 - cyy_to_mysql_99.py[line:857] - INFO: 销售回访 数据保存完成，影响 29 行
2025-12-28 12:48:56,974 - cyy_to_mysql_99.py[line:940] - INFO: 删除日志 第1页 - 重试第1次
2025-12-28 12:48:56,975 - cyy_to_mysql_99.py[line:1056] - INFO: 任务 计划车辆 完成, 获取1190条数据
2025-12-28 12:48:57,045 - cyy_to_mysql_99.py[line:583] - INFO: 计划车辆 已清空表数据
2025-12-28 12:48:57,186 - cyy_to_mysql_99.py[line:593] - INFO: 计划车辆 全量更新完成，插入 1190 行数据
2025-12-28 12:49:00,126 - cyy_to_mysql_99.py[line:1056] - INFO: 任务 未售订单 完成, 获取768条数据
2025-12-28 12:49:00,233 - cyy_to_mysql_99.py[line:583] - INFO: 未售订单 已清空表数据
2025-12-28 12:49:00,376 - cyy_to_mysql_99.py[line:593] - INFO: 未售订单 全量更新完成，插入 768 行数据
2025-12-28 12:49:03,817 - cyy_to_mysql_99.py[line:940] - INFO: 删除日志 第2页 - 重试第1次
2025-12-28 12:49:04,696 - cyy_to_mysql_99.py[line:1056] - INFO: 任务 删除日志 完成, 获取4530条数据
2025-12-28 12:49:21,066 - cyy_to_mysql_99.py[line:940] - INFO: 库存车辆查询 第2页 - 重试第1次
2025-12-28 12:49:39,705 - cyy_to_mysql_99.py[line:1056] - INFO: 任务 库存车辆查询 完成, 获取3752条数据
2025-12-28 12:49:40,117 - cyy_to_mysql_99.py[line:583] - INFO: 库存车辆查询 已清空表数据
2025-12-28 12:49:40,867 - cyy_to_mysql_99.py[line:593] - INFO: 库存车辆查询 全量更新完成，插入 3752 行数据
2025-12-28 12:49:41,176 - cyy_to_mysql_99.py[line:347] - INFO: 数据库连接已关闭
2025-12-28 13:18:28,087 - cyy_to_mysql_99.py[line:253] - INFO: 数据库连接成功
2025-12-28 13:18:28,088 - cyy_to_mysql_99.py[line:940] - INFO: 车辆销售明细表_订单日期 第1页 - 重试第1次
2025-12-28 13:18:28,089 - cyy_to_mysql_99.py[line:940] - INFO: 车辆销售明细表_开票日期 第1页 - 重试第1次
2025-12-28 13:18:28,090 - cyy_to_mysql_99.py[line:940] - INFO: 车辆成本管理 第1页 - 重试第1次
2025-12-28 13:18:29,770 - cyy_to_mysql_99.py[line:940] - INFO: 装饰_订单管理_装饰订单 第1页 - 重试第1次
2025-12-28 13:18:29,770 - cyy_to_mysql_99.py[line:1056] - INFO: 任务 车辆成本管理 完成, 获取161条数据
2025-12-28 13:18:29,827 - cyy_to_mysql_99.py[line:857] - INFO: 车辆成本管理 数据保存完成，影响 6 行
2025-12-28 13:18:32,698 - cyy_to_mysql_99.py[line:940] - INFO: 套餐销售列表 第1页 - 重试第1次
2025-12-28 13:18:32,698 - cyy_to_mysql_99.py[line:1056] - INFO: 任务 装饰_订单管理_装饰订单 完成, 获取368条数据
2025-12-28 13:18:32,760 - cyy_to_mysql_99.py[line:857] - INFO: 装饰_订单管理_装饰订单 数据保存完成，影响 53 行
2025-12-28 13:18:42,659 - cyy_to_mysql_99.py[line:940] - INFO: 销售_车辆销售_成交订单 第1页 - 重试第1次
2025-12-28 13:18:42,659 - cyy_to_mysql_99.py[line:1056] - INFO: 任务 车辆销售明细表_开票日期 完成, 获取166条数据
2025-12-28 13:18:42,685 - cyy_to_mysql_99.py[line:940] - INFO: 销售_车辆销售_作废订单 第1页 - 重试第1次
2025-12-28 13:18:42,816 - cyy_to_mysql_99.py[line:857] - INFO: 车辆销售明细表_开票日期 数据保存完成，影响 329 行
2025-12-28 13:18:42,817 - cyy_to_mysql_99.py[line:1056] - INFO: 任务 车辆销售明细表_订单日期 完成, 获取166条数据
2025-12-28 13:18:42,956 - cyy_to_mysql_99.py[line:857] - INFO: 车辆销售明细表_订单日期 数据保存完成，影响 329 行
2025-12-28 13:18:46,142 - cyy_to_mysql_99.py[line:940] - INFO: 开票维护 第1页 - 重试第1次
2025-12-28 13:18:46,142 - cyy_to_mysql_99.py[line:1056] - INFO: 任务 销售_车辆销售_成交订单 完成, 获取9条数据
2025-12-28 13:18:46,153 - cyy_to_mysql_99.py[line:857] - INFO: 销售_车辆销售_成交订单 数据保存完成，影响 1 行
2025-12-28 13:18:48,548 - cyy_to_mysql_99.py[line:940] - INFO: 保险业务 第1页 - 重试第1次
2025-12-28 13:18:48,549 - cyy_to_mysql_99.py[line:1056] - INFO: 任务 销售_车辆销售_作废订单 完成, 获取4条数据
2025-12-28 13:18:48,567 - cyy_to_mysql_99.py[line:857] - INFO: 销售_车辆销售_作废订单 数据保存完成，影响 0 行
2025-12-28 13:18:48,954 - cyy_to_mysql_99.py[line:940] - INFO: 按揭业务 第1页 - 重试第1次
2025-12-28 13:18:48,955 - cyy_to_mysql_99.py[line:1056] - INFO: 任务 套餐销售列表 完成, 获取52条数据
2025-12-28 13:18:48,984 - cyy_to_mysql_99.py[line:857] - INFO: 套餐销售列表 数据保存完成，影响 15 行
2025-12-28 13:18:50,315 - cyy_to_mysql_99.py[line:940] - INFO: 评估管理_成交 第1页 - 重试第1次
2025-12-28 13:18:50,315 - cyy_to_mysql_99.py[line:1056] - INFO: 任务 按揭业务 完成, 获取57条数据
2025-12-28 13:18:50,352 - cyy_to_mysql_99.py[line:857] - INFO: 按揭业务 数据保存完成，影响 106 行
2025-12-28 13:18:51,650 - cyy_to_mysql_99.py[line:940] - INFO: 评估管理_已入库 第1页 - 重试第1次
2025-12-28 13:18:51,651 - cyy_to_mysql_99.py[line:1056] - INFO: 任务 评估管理_成交 完成, 获取0条数据
2025-12-28 13:18:51,652 - cyy_to_mysql_99.py[line:816] - INFO: 评估管理_成交 无数据可保存
2025-12-28 13:18:51,652 - cyy_to_mysql_99.py[line:1064] - ERROR: 任务 评估管理_成交 数据保存失败: 评估管理_成交 无数据可保存
2025-12-28 13:18:53,507 - cyy_to_mysql_99.py[line:940] - INFO: 调车结算查询 第1页 - 重试第1次
2025-12-28 13:18:53,508 - cyy_to_mysql_99.py[line:1056] - INFO: 任务 评估管理_已入库 完成, 获取12条数据
2025-12-28 13:18:53,511 - cyy_to_mysql_99.py[line:940] - INFO: 销售_衍生_订单查询 第1页 - 重试第1次
2025-12-28 13:18:53,520 - cyy_to_mysql_99.py[line:857] - INFO: 评估管理_已入库 数据保存完成，影响 2 行
2025-12-28 13:18:53,520 - cyy_to_mysql_99.py[line:1056] - INFO: 任务 保险业务 完成, 获取34条数据
2025-12-28 13:18:53,535 - cyy_to_mysql_99.py[line:857] - INFO: 保险业务 数据保存完成，影响 0 行
2025-12-28 13:18:54,131 - cyy_to_mysql_99.py[line:940] - INFO: 库存车辆已售 第1页 - 重试第1次
2025-12-28 13:18:54,132 - cyy_to_mysql_99.py[line:1056] - INFO: 任务 开票维护 完成, 获取22条数据
2025-12-28 13:18:54,170 - cyy_to_mysql_99.py[line:857] - INFO: 开票维护 数据保存完成，影响 3 行
2025-12-28 13:18:54,322 - cyy_to_mysql_99.py[line:940] - INFO: 汇票管理 第1页 - 重试第1次
2025-12-28 13:18:54,323 - cyy_to_mysql_99.py[line:1056] - INFO: 任务 调车结算查询 完成, 获取0条数据
2025-12-28 13:18:54,324 - cyy_to_mysql_99.py[line:816] - INFO: 调车结算查询 无数据可保存
2025-12-28 13:18:54,324 - cyy_to_mysql_99.py[line:1064] - ERROR: 任务 调车结算查询 数据保存失败: 调车结算查询 无数据可保存
2025-12-28 13:18:55,200 - cyy_to_mysql_99.py[line:940] - INFO: 销售回访 第1页 - 重试第1次
2025-12-28 13:18:55,200 - cyy_to_mysql_99.py[line:1056] - INFO: 任务 销售_衍生_订单查询 完成, 获取141条数据
2025-12-28 13:18:55,261 - cyy_to_mysql_99.py[line:857] - INFO: 销售_衍生_订单查询 数据保存完成，影响 33 行
2025-12-28 13:18:56,097 - cyy_to_mysql_99.py[line:940] - INFO: 未售订单 第1页 - 重试第1次
2025-12-28 13:18:56,098 - cyy_to_mysql_99.py[line:1056] - INFO: 任务 汇票管理 完成, 获取209条数据
2025-12-28 13:18:56,135 - cyy_to_mysql_99.py[line:857] - INFO: 汇票管理 数据保存完成，影响 4 行
2025-12-28 13:18:56,438 - cyy_to_mysql_99.py[line:940] - INFO: 计划车辆 第1页 - 重试第1次
2025-12-28 13:18:56,438 - cyy_to_mysql_99.py[line:1056] - INFO: 任务 库存车辆已售 完成, 获取32条数据
2025-12-28 13:18:56,458 - cyy_to_mysql_99.py[line:857] - INFO: 库存车辆已售 数据保存完成，影响 1 行
2025-12-28 13:18:56,470 - cyy_to_mysql_99.py[line:940] - INFO: 库存车辆查询 第1页 - 重试第1次
2025-12-28 13:18:56,470 - cyy_to_mysql_99.py[line:1056] - INFO: 任务 销售回访 完成, 获取72条数据
2025-12-28 13:18:56,492 - cyy_to_mysql_99.py[line:857] - INFO: 销售回访 数据保存完成，影响 27 行
2025-12-28 13:18:57,610 - cyy_to_mysql_99.py[line:940] - INFO: 删除日志 第1页 - 重试第1次
2025-12-28 13:18:57,611 - cyy_to_mysql_99.py[line:1056] - INFO: 任务 计划车辆 完成, 获取1190条数据
2025-12-28 13:18:57,668 - cyy_to_mysql_99.py[line:583] - INFO: 计划车辆 已清空表数据
2025-12-28 13:18:57,784 - cyy_to_mysql_99.py[line:593] - INFO: 计划车辆 全量更新完成，插入 1190 行数据
2025-12-28 13:18:59,932 - cyy_to_mysql_99.py[line:1056] - INFO: 任务 未售订单 完成, 获取772条数据
2025-12-28 13:19:00,040 - cyy_to_mysql_99.py[line:583] - INFO: 未售订单 已清空表数据
2025-12-28 13:19:00,177 - cyy_to_mysql_99.py[line:593] - INFO: 未售订单 全量更新完成，插入 772 行数据
2025-12-28 13:19:06,215 - cyy_to_mysql_99.py[line:940] - INFO: 删除日志 第2页 - 重试第1次
2025-12-28 13:19:06,991 - cyy_to_mysql_99.py[line:1056] - INFO: 任务 删除日志 完成, 获取4530条数据
2025-12-28 13:19:21,017 - cyy_to_mysql_99.py[line:940] - INFO: 库存车辆查询 第2页 - 重试第1次
2025-12-28 13:19:38,925 - cyy_to_mysql_99.py[line:1056] - INFO: 任务 库存车辆查询 完成, 获取3751条数据
2025-12-28 13:19:39,269 - cyy_to_mysql_99.py[line:583] - INFO: 库存车辆查询 已清空表数据
2025-12-28 13:19:40,007 - cyy_to_mysql_99.py[line:593] - INFO: 库存车辆查询 全量更新完成，插入 3751 行数据
2025-12-28 13:19:40,319 - cyy_to_mysql_99.py[line:347] - INFO: 数据库连接已关闭
2025-12-28 13:45:19,350 - cyy_to_mysql.py[line:714] - INFO: 任务 车辆成本管理 完成, 获取4974条数据
2025-12-28 13:45:24,036 - cyy_to_mysql.py[line:714] - INFO: 任务 套餐销售列表 完成, 获取1277条数据
2025-12-28 13:45:28,985 - cyy_to_mysql.py[line:714] - INFO: 任务 车辆销售明细表_开票日期 完成, 获取2910条数据
2025-12-28 13:45:33,729 - cyy_to_mysql.py[line:714] - INFO: 任务 销售_车辆销售_成交订单 完成, 获取2916条数据
2025-12-28 13:45:41,145 - cyy_to_mysql.py[line:714] - INFO: 任务 保险业务 完成, 获取2298条数据
2025-12-28 13:45:43,835 - cyy_to_mysql.py[line:714] - INFO: 任务 按揭业务 完成, 获取1447条数据
2025-12-28 13:45:44,268 - cyy_to_mysql.py[line:714] - INFO: 任务 评估管理_成交 完成, 获取0条数据
2025-12-28 13:45:44,268 - cyy_to_mysql.py[line:722] - ERROR: 任务 评估管理_成交 数据保存失败: 评估管理_成交 无数据可保存
2025-12-28 13:45:44,574 - cyy_to_mysql.py[line:714] - INFO: 任务 销售_车辆销售_作废订单 完成, 获取505条数据
2025-12-28 13:45:45,252 - cyy_to_mysql.py[line:714] - INFO: 任务 评估管理_已入库 完成, 获取525条数据
2025-12-28 13:45:51,558 - cyy_to_mysql.py[line:714] - INFO: 任务 销售_衍生_订单查询 完成, 获取2587条数据
2025-12-28 13:46:02,003 - cyy_to_mysql.py[line:714] - INFO: 任务 库存车辆已售 完成, 获取892条数据
2025-12-28 13:46:03,295 - cyy_to_mysql.py[line:714] - INFO: 任务 汇票管理 完成, 获取1579条数据
2025-12-28 13:46:06,900 - cyy_to_mysql.py[line:714] - INFO: 任务 销售回访 完成, 获取2587条数据
2025-12-28 13:46:08,893 - cyy_to_mysql.py[line:714] - INFO: 任务 调车结算查询 完成, 获取6176条数据
2025-12-28 13:46:31,763 - cyy_to_mysql.py[line:714] - INFO: 任务 装饰_订单管理_装饰订单 完成, 获取13748条数据
2025-12-28 13:46:59,788 - cyy_to_mysql.py[line:714] - INFO: 任务 开票维护 完成, 获取11078条数据
2025-12-28 13:48:27,550 - cyy_to_mysql_99.py[line:253] - INFO: 数据库连接成功
2025-12-28 13:48:27,551 - cyy_to_mysql_99.py[line:940] - INFO: 车辆销售明细表_订单日期 第1页 - 重试第1次
2025-12-28 13:48:27,552 - cyy_to_mysql_99.py[line:940] - INFO: 车辆销售明细表_开票日期 第1页 - 重试第1次
2025-12-28 13:48:27,553 - cyy_to_mysql_99.py[line:940] - INFO: 车辆成本管理 第1页 - 重试第1次
2025-12-28 13:48:29,985 - cyy_to_mysql_99.py[line:940] - INFO: 装饰_订单管理_装饰订单 第1页 - 重试第1次
2025-12-28 13:48:29,987 - cyy_to_mysql_99.py[line:1056] - INFO: 任务 车辆成本管理 完成, 获取165条数据
2025-12-28 13:48:30,040 - cyy_to_mysql_99.py[line:857] - INFO: 车辆成本管理 数据保存完成，影响 0 行
2025-12-28 13:48:32,592 - cyy_to_mysql_99.py[line:940] - INFO: 套餐销售列表 第1页 - 重试第1次
2025-12-28 13:48:32,592 - cyy_to_mysql_99.py[line:1056] - INFO: 任务 装饰_订单管理_装饰订单 完成, 获取423条数据
2025-12-28 13:48:32,674 - cyy_to_mysql_99.py[line:857] - INFO: 装饰_订单管理_装饰订单 数据保存完成，影响 81 行
2025-12-28 13:48:42,138 - cyy_to_mysql_99.py[line:940] - INFO: 销售_车辆销售_成交订单 第1页 - 重试第1次
2025-12-28 13:48:42,139 - cyy_to_mysql_99.py[line:1056] - INFO: 任务 车辆销售明细表_开票日期 完成, 获取175条数据
2025-12-28 13:48:42,295 - cyy_to_mysql_99.py[line:857] - INFO: 车辆销售明细表_开票日期 数据保存完成，影响 342 行
2025-12-28 13:48:43,739 - cyy_to_mysql_99.py[line:940] - INFO: 销售_车辆销售_作废订单 第1页 - 重试第1次
2025-12-28 13:48:43,739 - cyy_to_mysql_99.py[line:1056] - INFO: 任务 车辆销售明细表_订单日期 完成, 获取175条数据
2025-12-28 13:48:43,852 - cyy_to_mysql_99.py[line:857] - INFO: 车辆销售明细表_订单日期 数据保存完成，影响 346 行
2025-12-28 13:48:44,158 - cyy_to_mysql_99.py[line:940] - INFO: 开票维护 第1页 - 重试第1次
2025-12-28 13:48:44,159 - cyy_to_mysql_99.py[line:1056] - INFO: 任务 销售_车辆销售_成交订单 完成, 获取10条数据
2025-12-28 13:48:44,168 - cyy_to_mysql_99.py[line:857] - INFO: 销售_车辆销售_成交订单 数据保存完成，影响 0 行
2025-12-28 13:48:50,297 - cyy_to_mysql_99.py[line:940] - INFO: 保险业务 第1页 - 重试第1次
2025-12-28 13:48:50,299 - cyy_to_mysql_99.py[line:1056] - INFO: 任务 销售_车辆销售_作废订单 完成, 获取4条数据
2025-12-28 13:48:50,304 - cyy_to_mysql_99.py[line:857] - INFO: 销售_车辆销售_作废订单 数据保存完成，影响 0 行
2025-12-28 13:48:53,907 - cyy_to_mysql_99.py[line:940] - INFO: 按揭业务 第1页 - 重试第1次
2025-12-28 13:48:53,909 - cyy_to_mysql_99.py[line:1056] - INFO: 任务 保险业务 完成, 获取36条数据
2025-12-28 13:48:53,933 - cyy_to_mysql_99.py[line:857] - INFO: 保险业务 数据保存完成，影响 1 行
2025-12-28 13:48:57,355 - cyy_to_mysql_99.py[line:940] - INFO: 评估管理_成交 第1页 - 重试第1次
2025-12-28 13:48:57,356 - cyy_to_mysql_99.py[line:1056] - INFO: 任务 按揭业务 完成, 获取60条数据
2025-12-28 13:48:57,389 - cyy_to_mysql_99.py[line:857] - INFO: 按揭业务 数据保存完成，影响 116 行
2025-12-28 13:49:00,582 - cyy_to_mysql_99.py[line:940] - INFO: 评估管理_已入库 第1页 - 重试第1次
2025-12-28 13:49:00,582 - cyy_to_mysql_99.py[line:1056] - INFO: 任务 套餐销售列表 完成, 获取62条数据
2025-12-28 13:49:00,613 - cyy_to_mysql_99.py[line:857] - INFO: 套餐销售列表 数据保存完成，影响 14 行
2025-12-28 13:49:03,242 - cyy_to_mysql_99.py[line:940] - INFO: 调车结算查询 第1页 - 重试第1次
2025-12-28 13:49:03,242 - cyy_to_mysql_99.py[line:1056] - INFO: 任务 评估管理_已入库 完成, 获取12条数据
2025-12-28 13:49:03,251 - cyy_to_mysql_99.py[line:857] - INFO: 评估管理_已入库 数据保存完成，影响 0 行
2025-12-28 13:49:04,539 - cyy_to_mysql_99.py[line:940] - INFO: 销售_衍生_订单查询 第1页 - 重试第1次
2025-12-28 13:49:04,540 - cyy_to_mysql_99.py[line:1056] - INFO: 任务 调车结算查询 完成, 获取0条数据
2025-12-28 13:49:04,540 - cyy_to_mysql_99.py[line:816] - INFO: 调车结算查询 无数据可保存
2025-12-28 13:49:04,540 - cyy_to_mysql_99.py[line:1064] - ERROR: 任务 调车结算查询 数据保存失败: 调车结算查询 无数据可保存
2025-12-28 13:49:04,837 - cyy_to_mysql_99.py[line:940] - INFO: 库存车辆已售 第1页 - 重试第1次
2025-12-28 13:49:04,838 - cyy_to_mysql_99.py[line:1056] - INFO: 任务 评估管理_成交 完成, 获取0条数据
2025-12-28 13:49:04,839 - cyy_to_mysql_99.py[line:816] - INFO: 评估管理_成交 无数据可保存
2025-12-28 13:49:04,839 - cyy_to_mysql_99.py[line:1064] - ERROR: 任务 评估管理_成交 数据保存失败: 评估管理_成交 无数据可保存
2025-12-28 13:49:07,707 - cyy_to_mysql_99.py[line:940] - INFO: 汇票管理 第1页 - 重试第1次
2025-12-28 13:49:07,708 - cyy_to_mysql_99.py[line:1056] - INFO: 任务 开票维护 完成, 获取24条数据
2025-12-28 13:49:07,724 - cyy_to_mysql_99.py[line:857] - INFO: 开票维护 数据保存完成，影响 0 行
2025-12-28 13:49:08,054 - cyy_to_mysql_99.py[line:940] - INFO: 销售回访 第1页 - 重试第1次
2025-12-28 13:49:08,055 - cyy_to_mysql_99.py[line:1056] - INFO: 任务 销售_衍生_订单查询 完成, 获取150条数据
2025-12-28 13:49:08,106 - cyy_to_mysql_99.py[line:857] - INFO: 销售_衍生_订单查询 数据保存完成，影响 15 行
2025-12-28 13:49:09,180 - cyy_to_mysql_99.py[line:940] - INFO: 未售订单 第1页 - 重试第1次
2025-12-28 13:49:09,181 - cyy_to_mysql_99.py[line:1056] - INFO: 任务 销售回访 完成, 获取81条数据
2025-12-28 13:49:09,227 - cyy_to_mysql_99.py[line:857] - INFO: 销售回访 数据保存完成，影响 13 行
2025-12-28 13:49:10,237 - cyy_to_mysql_99.py[line:940] - INFO: 计划车辆 第1页 - 重试第1次
2025-12-28 13:49:10,237 - cyy_to_mysql_99.py[line:1056] - INFO: 任务 汇票管理 完成, 获取216条数据
2025-12-28 13:49:10,280 - cyy_to_mysql_99.py[line:857] - INFO: 汇票管理 数据保存完成，影响 8 行
2025-12-28 13:49:11,331 - cyy_to_mysql_99.py[line:940] - INFO: 库存车辆查询 第1页 - 重试第1次
2025-12-28 13:49:11,332 - cyy_to_mysql_99.py[line:1056] - INFO: 任务 计划车辆 完成, 获取1190条数据
2025-12-28 13:49:11,400 - cyy_to_mysql_99.py[line:583] - INFO: 计划车辆 已清空表数据
2025-12-28 13:49:11,490 - cyy_to_mysql_99.py[line:593] - INFO: 计划车辆 全量更新完成，插入 1190 行数据
2025-12-28 13:49:12,658 - cyy_to_mysql_99.py[line:940] - INFO: 删除日志 第1页 - 重试第1次
2025-12-28 13:49:12,659 - cyy_to_mysql_99.py[line:1056] - INFO: 任务 未售订单 完成, 获取773条数据
2025-12-28 13:49:12,785 - cyy_to_mysql_99.py[line:583] - INFO: 未售订单 已清空表数据
2025-12-28 13:49:12,959 - cyy_to_mysql_99.py[line:593] - INFO: 未售订单 全量更新完成，插入 773 行数据
2025-12-28 13:49:19,433 - cyy_to_mysql_99.py[line:1056] - INFO: 任务 库存车辆已售 完成, 获取38条数据
2025-12-28 13:49:19,470 - cyy_to_mysql_99.py[line:857] - INFO: 库存车辆已售 数据保存完成，影响 3 行
2025-12-28 13:49:23,682 - cyy_to_mysql_99.py[line:940] - INFO: 删除日志 第2页 - 重试第1次
2025-12-28 13:49:24,454 - cyy_to_mysql_99.py[line:1056] - INFO: 任务 删除日志 完成, 获取4530条数据
2025-12-28 13:49:34,833 - cyy_to_mysql_99.py[line:940] - INFO: 库存车辆查询 第2页 - 重试第1次
2025-12-28 13:49:53,206 - cyy_to_mysql_99.py[line:1056] - INFO: 任务 库存车辆查询 完成, 获取3749条数据
2025-12-28 13:49:53,587 - cyy_to_mysql_99.py[line:583] - INFO: 库存车辆查询 已清空表数据
2025-12-28 13:49:54,347 - cyy_to_mysql_99.py[line:593] - INFO: 库存车辆查询 全量更新完成，插入 3749 行数据
2025-12-28 13:49:54,626 - cyy_to_mysql_99.py[line:347] - INFO: 数据库连接已关闭
2025-12-28 14:18:30,181 - cyy_to_mysql_99.py[line:253] - INFO: 数据库连接成功
2025-12-28 14:18:30,182 - cyy_to_mysql_99.py[line:940] - INFO: 车辆销售明细表_订单日期 第1页 - 重试第1次
2025-12-28 14:18:30,183 - cyy_to_mysql_99.py[line:940] - INFO: 车辆销售明细表_开票日期 第1页 - 重试第1次
2025-12-28 14:18:30,184 - cyy_to_mysql_99.py[line:940] - INFO: 车辆成本管理 第1页 - 重试第1次
2025-12-28 14:18:32,034 - cyy_to_mysql_99.py[line:940] - INFO: 装饰_订单管理_装饰订单 第1页 - 重试第1次
2025-12-28 14:18:32,034 - cyy_to_mysql_99.py[line:1056] - INFO: 任务 车辆成本管理 完成, 获取176条数据
2025-12-28 14:18:32,105 - cyy_to_mysql_99.py[line:857] - INFO: 车辆成本管理 数据保存完成，影响 22 行
2025-12-28 14:18:33,885 - cyy_to_mysql_99.py[line:940] - INFO: 套餐销售列表 第1页 - 重试第1次
2025-12-28 14:18:33,885 - cyy_to_mysql_99.py[line:1056] - INFO: 任务 装饰_订单管理_装饰订单 完成, 获取518条数据
2025-12-28 14:18:33,982 - cyy_to_mysql_99.py[line:857] - INFO: 装饰_订单管理_装饰订单 数据保存完成，影响 160 行
2025-12-28 14:18:44,597 - cyy_to_mysql_99.py[line:940] - INFO: 销售_车辆销售_成交订单 第1页 - 重试第1次
2025-12-28 14:18:44,597 - cyy_to_mysql_99.py[line:1056] - INFO: 任务 车辆销售明细表_开票日期 完成, 获取226条数据
2025-12-28 14:18:44,740 - cyy_to_mysql_99.py[line:940] - INFO: 销售_车辆销售_作废订单 第1页 - 重试第1次
2025-12-28 14:18:44,741 - cyy_to_mysql_99.py[line:857] - INFO: 车辆销售明细表_开票日期 数据保存完成，影响 451 行
2025-12-28 14:18:44,742 - cyy_to_mysql_99.py[line:1056] - INFO: 任务 车辆销售明细表_订单日期 完成, 获取226条数据
2025-12-28 14:18:44,913 - cyy_to_mysql_99.py[line:857] - INFO: 车辆销售明细表_订单日期 数据保存完成，影响 444 行
2025-12-28 14:18:46,323 - cyy_to_mysql_99.py[line:940] - INFO: 开票维护 第1页 - 重试第1次
2025-12-28 14:18:46,323 - cyy_to_mysql_99.py[line:1056] - INFO: 任务 销售_车辆销售_成交订单 完成, 获取12条数据
2025-12-28 14:18:46,345 - cyy_to_mysql_99.py[line:857] - INFO: 销售_车辆销售_成交订单 数据保存完成，影响 7 行
2025-12-28 14:18:52,810 - cyy_to_mysql_99.py[line:940] - INFO: 保险业务 第1页 - 重试第1次
2025-12-28 14:18:52,811 - cyy_to_mysql_99.py[line:1056] - INFO: 任务 套餐销售列表 完成, 获取71条数据
2025-12-28 14:18:52,840 - cyy_to_mysql_99.py[line:857] - INFO: 套餐销售列表 数据保存完成，影响 14 行
2025-12-28 14:18:54,153 - cyy_to_mysql_99.py[line:940] - INFO: 按揭业务 第1页 - 重试第1次
2025-12-28 14:18:54,153 - cyy_to_mysql_99.py[line:1056] - INFO: 任务 销售_车辆销售_作废订单 完成, 获取5条数据
2025-12-28 14:18:54,171 - cyy_to_mysql_99.py[line:857] - INFO: 销售_车辆销售_作废订单 数据保存完成，影响 1 行
2025-12-28 14:18:56,026 - cyy_to_mysql_99.py[line:940] - INFO: 评估管理_成交 第1页 - 重试第1次
2025-12-28 14:18:56,027 - cyy_to_mysql_99.py[line:1056] - INFO: 任务 按揭业务 完成, 获取81条数据
2025-12-28 14:18:56,065 - cyy_to_mysql_99.py[line:857] - INFO: 按揭业务 数据保存完成，影响 159 行
2025-12-28 14:18:56,644 - cyy_to_mysql_99.py[line:940] - INFO: 评估管理_已入库 第1页 - 重试第1次
2025-12-28 14:18:56,644 - cyy_to_mysql_99.py[line:1056] - INFO: 任务 开票维护 完成, 获取37条数据
2025-12-28 14:18:56,667 - cyy_to_mysql_99.py[line:857] - INFO: 开票维护 数据保存完成，影响 13 行
2025-12-28 14:18:57,760 - cyy_to_mysql_99.py[line:940] - INFO: 调车结算查询 第1页 - 重试第1次
2025-12-28 14:18:57,761 - cyy_to_mysql_99.py[line:1056] - INFO: 任务 评估管理_成交 完成, 获取0条数据
2025-12-28 14:18:57,761 - cyy_to_mysql_99.py[line:816] - INFO: 评估管理_成交 无数据可保存
2025-12-28 14:18:57,761 - cyy_to_mysql_99.py[line:1064] - ERROR: 任务 评估管理_成交 数据保存失败: 评估管理_成交 无数据可保存
2025-12-28 14:18:58,564 - cyy_to_mysql_99.py[line:940] - INFO: 销售_衍生_订单查询 第1页 - 重试第1次
2025-12-28 14:18:58,565 - cyy_to_mysql_99.py[line:1056] - INFO: 任务 调车结算查询 完成, 获取0条数据
2025-12-28 14:18:58,566 - cyy_to_mysql_99.py[line:816] - INFO: 调车结算查询 无数据可保存
2025-12-28 14:18:58,566 - cyy_to_mysql_99.py[line:1064] - ERROR: 任务 调车结算查询 数据保存失败: 调车结算查询 无数据可保存
2025-12-28 14:18:58,583 - cyy_to_mysql_99.py[line:940] - INFO: 库存车辆已售 第1页 - 重试第1次
2025-12-28 14:18:58,584 - cyy_to_mysql_99.py[line:1056] - INFO: 任务 评估管理_已入库 完成, 获取12条数据
2025-12-28 14:18:58,591 - cyy_to_mysql_99.py[line:857] - INFO: 评估管理_已入库 数据保存完成，影响 0 行
2025-12-28 14:18:58,629 - cyy_to_mysql_99.py[line:940] - INFO: 汇票管理 第1页 - 重试第1次
2025-12-28 14:18:58,629 - cyy_to_mysql_99.py[line:1056] - INFO: 任务 保险业务 完成, 获取42条数据
2025-12-28 14:18:58,647 - cyy_to_mysql_99.py[line:857] - INFO: 保险业务 数据保存完成，影响 6 行
2025-12-28 14:19:00,173 - cyy_to_mysql_99.py[line:940] - INFO: 销售回访 第1页 - 重试第1次
2025-12-28 14:19:00,173 - cyy_to_mysql_99.py[line:1056] - INFO: 任务 销售_衍生_订单查询 完成, 获取191条数据
2025-12-28 14:19:00,248 - cyy_to_mysql_99.py[line:857] - INFO: 销售_衍生_订单查询 数据保存完成，影响 55 行
2025-12-28 14:19:00,543 - cyy_to_mysql_99.py[line:940] - INFO: 未售订单 第1页 - 重试第1次
2025-12-28 14:19:00,543 - cyy_to_mysql_99.py[line:1056] - INFO: 任务 汇票管理 完成, 获取231条数据
2025-12-28 14:19:00,598 - cyy_to_mysql_99.py[line:857] - INFO: 汇票管理 数据保存完成，影响 4 行
2025-12-28 14:19:01,386 - cyy_to_mysql_99.py[line:940] - INFO: 计划车辆 第1页 - 重试第1次
2025-12-28 14:19:01,387 - cyy_to_mysql_99.py[line:1056] - INFO: 任务 销售回访 完成, 获取116条数据
2025-12-28 14:19:01,434 - cyy_to_mysql_99.py[line:857] - INFO: 销售回访 数据保存完成，影响 35 行
2025-12-28 14:19:01,519 - cyy_to_mysql_99.py[line:940] - INFO: 库存车辆查询 第1页 - 重试第1次
2025-12-28 14:19:01,519 - cyy_to_mysql_99.py[line:1056] - INFO: 任务 库存车辆已售 完成, 获取74条数据
2025-12-28 14:19:01,567 - cyy_to_mysql_99.py[line:857] - INFO: 库存车辆已售 数据保存完成，影响 23 行
2025-12-28 14:19:02,430 - cyy_to_mysql_99.py[line:940] - INFO: 删除日志 第1页 - 重试第1次
2025-12-28 14:19:02,430 - cyy_to_mysql_99.py[line:1056] - INFO: 任务 计划车辆 完成, 获取1190条数据
2025-12-28 14:19:02,486 - cyy_to_mysql_99.py[line:583] - INFO: 计划车辆 已清空表数据
2025-12-28 14:19:02,603 - cyy_to_mysql_99.py[line:593] - INFO: 计划车辆 全量更新完成，插入 1190 行数据
2025-12-28 14:19:04,076 - cyy_to_mysql_99.py[line:1056] - INFO: 任务 未售订单 完成, 获取774条数据
2025-12-28 14:19:04,184 - cyy_to_mysql_99.py[line:583] - INFO: 未售订单 已清空表数据
2025-12-28 14:19:04,342 - cyy_to_mysql_99.py[line:593] - INFO: 未售订单 全量更新完成，插入 774 行数据
2025-12-28 14:19:11,320 - cyy_to_mysql_99.py[line:940] - INFO: 删除日志 第2页 - 重试第1次
2025-12-28 14:19:12,061 - cyy_to_mysql_99.py[line:1056] - INFO: 任务 删除日志 完成, 获取4533条数据
2025-12-28 14:19:27,975 - cyy_to_mysql_99.py[line:940] - INFO: 库存车辆查询 第2页 - 重试第1次
2025-12-28 14:19:46,492 - cyy_to_mysql_99.py[line:1056] - INFO: 任务 库存车辆查询 完成, 获取3748条数据
2025-12-28 14:19:47,079 - cyy_to_mysql_99.py[line:583] - INFO: 库存车辆查询 已清空表数据
2025-12-28 14:19:48,034 - cyy_to_mysql_99.py[line:593] - INFO: 库存车辆查询 全量更新完成，插入 3748 行数据
2025-12-28 14:19:48,365 - cyy_to_mysql_99.py[line:347] - INFO: 数据库连接已关闭
2025-12-28 14:48:18,258 - cyy_to_mysql_99.py[line:253] - INFO: 数据库连接成功
2025-12-28 14:48:18,259 - cyy_to_mysql_99.py[line:940] - INFO: 车辆销售明细表_订单日期 第1页 - 重试第1次
2025-12-28 14:48:18,259 - cyy_to_mysql_99.py[line:940] - INFO: 车辆销售明细表_开票日期 第1页 - 重试第1次
2025-12-28 14:48:18,260 - cyy_to_mysql_99.py[line:940] - INFO: 车辆成本管理 第1页 - 重试第1次
2025-12-28 14:48:21,355 - cyy_to_mysql_99.py[line:940] - INFO: 装饰_订单管理_装饰订单 第1页 - 重试第1次
2025-12-28 14:48:21,355 - cyy_to_mysql_99.py[line:1056] - INFO: 任务 车辆成本管理 完成, 获取184条数据
2025-12-28 14:48:21,412 - cyy_to_mysql_99.py[line:857] - INFO: 车辆成本管理 数据保存完成，影响 17 行
2025-12-28 14:48:22,795 - cyy_to_mysql_99.py[line:940] - INFO: 套餐销售列表 第1页 - 重试第1次
2025-12-28 14:48:22,796 - cyy_to_mysql_99.py[line:1056] - INFO: 任务 装饰_订单管理_装饰订单 完成, 获取542条数据
2025-12-28 14:48:22,917 - cyy_to_mysql_99.py[line:857] - INFO: 装饰_订单管理_装饰订单 数据保存完成，影响 128 行
2025-12-28 14:48:30,513 - cyy_to_mysql_99.py[line:940] - INFO: 销售_车辆销售_成交订单 第1页 - 重试第1次
2025-12-28 14:48:30,513 - cyy_to_mysql_99.py[line:1056] - INFO: 任务 车辆销售明细表_开票日期 完成, 获取233条数据
2025-12-28 14:48:30,641 - cyy_to_mysql_99.py[line:857] - INFO: 车辆销售明细表_开票日期 数据保存完成，影响 465 行
2025-12-28 14:48:30,870 - cyy_to_mysql_99.py[line:940] - INFO: 销售_车辆销售_作废订单 第1页 - 重试第1次
2025-12-28 14:48:30,870 - cyy_to_mysql_99.py[line:1056] - INFO: 任务 车辆销售明细表_订单日期 完成, 获取233条数据
2025-12-28 14:48:31,077 - cyy_to_mysql_99.py[line:857] - INFO: 车辆销售明细表_订单日期 数据保存完成，影响 463 行
2025-12-28 14:48:32,864 - cyy_to_mysql_99.py[line:940] - INFO: 开票维护 第1页 - 重试第1次
2025-12-28 14:48:32,865 - cyy_to_mysql_99.py[line:1056] - INFO: 任务 销售_车辆销售_成交订单 完成, 获取18条数据
2025-12-28 14:48:32,888 - cyy_to_mysql_99.py[line:857] - INFO: 销售_车辆销售_成交订单 数据保存完成，影响 12 行
2025-12-28 14:48:35,607 - cyy_to_mysql_99.py[line:940] - INFO: 保险业务 第1页 - 重试第1次
2025-12-28 14:48:35,608 - cyy_to_mysql_99.py[line:1056] - INFO: 任务 销售_车辆销售_作废订单 完成, 获取5条数据
2025-12-28 14:48:35,620 - cyy_to_mysql_99.py[line:857] - INFO: 销售_车辆销售_作废订单 数据保存完成，影响 0 行
2025-12-28 14:48:37,480 - cyy_to_mysql_99.py[line:940] - INFO: 按揭业务 第1页 - 重试第1次
2025-12-28 14:48:37,480 - cyy_to_mysql_99.py[line:1056] - INFO: 任务 保险业务 完成, 获取46条数据
2025-12-28 14:48:37,502 - cyy_to_mysql_99.py[line:857] - INFO: 保险业务 数据保存完成，影响 3 行
2025-12-28 14:48:39,255 - cyy_to_mysql_99.py[line:940] - INFO: 评估管理_成交 第1页 - 重试第1次
2025-12-28 14:48:39,255 - cyy_to_mysql_99.py[line:1056] - INFO: 任务 按揭业务 完成, 获取84条数据
2025-12-28 14:48:39,295 - cyy_to_mysql_99.py[line:857] - INFO: 按揭业务 数据保存完成，影响 107 行
2025-12-28 14:48:39,978 - cyy_to_mysql_99.py[line:940] - INFO: 评估管理_已入库 第1页 - 重试第1次
2025-12-28 14:48:39,979 - cyy_to_mysql_99.py[line:1056] - INFO: 任务 套餐销售列表 完成, 获取79条数据
2025-12-28 14:48:40,005 - cyy_to_mysql_99.py[line:857] - INFO: 套餐销售列表 数据保存完成，影响 22 行
2025-12-28 14:48:40,852 - cyy_to_mysql_99.py[line:940] - INFO: 调车结算查询 第1页 - 重试第1次
2025-12-28 14:48:40,852 - cyy_to_mysql_99.py[line:1056] - INFO: 任务 评估管理_成交 完成, 获取0条数据
2025-12-28 14:48:40,854 - cyy_to_mysql_99.py[line:816] - INFO: 评估管理_成交 无数据可保存
2025-12-28 14:48:40,854 - cyy_to_mysql_99.py[line:1064] - ERROR: 任务 评估管理_成交 数据保存失败: 评估管理_成交 无数据可保存
2025-12-28 14:48:42,286 - cyy_to_mysql_99.py[line:940] - INFO: 销售_衍生_订单查询 第1页 - 重试第1次
2025-12-28 14:48:42,287 - cyy_to_mysql_99.py[line:1056] - INFO: 任务 评估管理_已入库 完成, 获取12条数据
2025-12-28 14:48:42,302 - cyy_to_mysql_99.py[line:857] - INFO: 评估管理_已入库 数据保存完成，影响 0 行
2025-12-28 14:48:42,327 - cyy_to_mysql_99.py[line:940] - INFO: 库存车辆已售 第1页 - 重试第1次
2025-12-28 14:48:42,328 - cyy_to_mysql_99.py[line:1056] - INFO: 任务 调车结算查询 完成, 获取0条数据
2025-12-28 14:48:42,328 - cyy_to_mysql_99.py[line:816] - INFO: 调车结算查询 无数据可保存
2025-12-28 14:48:42,328 - cyy_to_mysql_99.py[line:1064] - ERROR: 任务 调车结算查询 数据保存失败: 调车结算查询 无数据可保存
2025-12-28 14:48:42,471 - cyy_to_mysql_99.py[line:940] - INFO: 汇票管理 第1页 - 重试第1次
2025-12-28 14:48:42,473 - cyy_to_mysql_99.py[line:1056] - INFO: 任务 开票维护 完成, 获取54条数据
2025-12-28 14:48:42,488 - cyy_to_mysql_99.py[line:857] - INFO: 开票维护 数据保存完成，影响 18 行
2025-12-28 14:48:43,997 - cyy_to_mysql_99.py[line:940] - INFO: 销售回访 第1页 - 重试第1次
2025-12-28 14:48:43,998 - cyy_to_mysql_99.py[line:1056] - INFO: 任务 汇票管理 完成, 获取246条数据
2025-12-28 14:48:44,047 - cyy_to_mysql_99.py[line:857] - INFO: 汇票管理 数据保存完成，影响 13 行
2025-12-28 14:48:45,006 - cyy_to_mysql_99.py[line:940] - INFO: 未售订单 第1页 - 重试第1次
2025-12-28 14:48:45,007 - cyy_to_mysql_99.py[line:1056] - INFO: 任务 销售_衍生_订单查询 完成, 获取198条数据
2025-12-28 14:48:45,095 - cyy_to_mysql_99.py[line:857] - INFO: 销售_衍生_订单查询 数据保存完成，影响 53 行
2025-12-28 14:48:45,299 - cyy_to_mysql_99.py[line:940] - INFO: 计划车辆 第1页 - 重试第1次
2025-12-28 14:48:45,299 - cyy_to_mysql_99.py[line:1056] - INFO: 任务 销售回访 完成, 获取122条数据
2025-12-28 14:48:45,336 - cyy_to_mysql_99.py[line:857] - INFO: 销售回访 数据保存完成，影响 44 行
2025-12-28 14:48:46,331 - cyy_to_mysql_99.py[line:940] - INFO: 库存车辆查询 第1页 - 重试第1次
2025-12-28 14:48:46,331 - cyy_to_mysql_99.py[line:1056] - INFO: 任务 计划车辆 完成, 获取1185条数据
2025-12-28 14:48:46,387 - cyy_to_mysql_99.py[line:583] - INFO: 计划车辆 已清空表数据
2025-12-28 14:48:46,471 - cyy_to_mysql_99.py[line:593] - INFO: 计划车辆 全量更新完成，插入 1185 行数据
2025-12-28 14:48:48,623 - cyy_to_mysql_99.py[line:940] - INFO: 删除日志 第1页 - 重试第1次
2025-12-28 14:48:48,623 - cyy_to_mysql_99.py[line:1056] - INFO: 任务 未售订单 完成, 获取775条数据
2025-12-28 14:48:48,720 - cyy_to_mysql_99.py[line:583] - INFO: 未售订单 已清空表数据
2025-12-28 14:48:48,850 - cyy_to_mysql_99.py[line:593] - INFO: 未售订单 全量更新完成，插入 775 行数据
2025-12-28 14:48:54,112 - cyy_to_mysql_99.py[line:1056] - INFO: 任务 库存车辆已售 完成, 获取81条数据
2025-12-28 14:48:54,161 - cyy_to_mysql_99.py[line:857] - INFO: 库存车辆已售 数据保存完成，影响 5 行
2025-12-28 14:48:55,259 - cyy_to_mysql_99.py[line:940] - INFO: 删除日志 第2页 - 重试第1次
2025-12-28 14:48:56,150 - cyy_to_mysql_99.py[line:1056] - INFO: 任务 删除日志 完成, 获取4535条数据
2025-12-28 14:49:12,576 - cyy_to_mysql_99.py[line:940] - INFO: 库存车辆查询 第2页 - 重试第1次
2025-12-28 14:49:31,349 - cyy_to_mysql_99.py[line:1056] - INFO: 任务 库存车辆查询 完成, 获取3748条数据
2025-12-28 14:49:31,728 - cyy_to_mysql_99.py[line:583] - INFO: 库存车辆查询 已清空表数据
2025-12-28 14:49:32,424 - cyy_to_mysql_99.py[line:593] - INFO: 库存车辆查询 全量更新完成，插入 3748 行数据
2025-12-28 14:49:32,760 - cyy_to_mysql_99.py[line:347] - INFO: 数据库连接已关闭
