2025-12-29 15:51:30,030 - INFO - 检核目录: E:\powerbi_data\看板数据\私有云文件本地\贴膜升级
2025-12-29 15:51:30,030 - INFO - 在目录 E:\powerbi_data\看板数据\私有云文件本地\贴膜升级 中找到 28 个Excel文件
2025-12-29 15:51:30,030 - INFO - 开始处理文件: E:\powerbi_data\看板数据\私有云文件本地\贴膜升级\~$两网-龙泉-贴膜升级登记表-最新年.xlsx
2025-12-29 15:51:30,031 - ERROR - 读取文件失败 E:\powerbi_data\看板数据\私有云文件本地\贴膜升级\~$两网-龙泉-贴膜升级登记表-最新年.xlsx: [Errno 13] Permission denied: 'E:\\powerbi_data\\看板数据\\私有云文件本地\\贴膜升级\\~$两网-龙泉-贴膜升级登记表-最新年.xlsx'
2025-12-29 15:51:30,031 - INFO - 开始处理文件: E:\powerbi_data\看板数据\私有云文件本地\贴膜升级\两网-元大-贴膜升级登记表-最新年.xlsx
2025-12-29 15:51:30,325 - ERROR - 文件 E:\powerbi_data\看板数据\私有云文件本地\贴膜升级\两网-元大-贴膜升级登记表-最新年.xlsx 表头不匹配:
  缺少字段: 推送月, 4S店交付, 实际推送时间
  多余字段: Unnamed: 19, Unnamed: 18
2025-12-29 15:51:30,325 - INFO - 开始处理文件: E:\powerbi_data\看板数据\私有云文件本地\贴膜升级\两网-双流-贴膜升级登记表-最新年.xlsx
2025-12-29 15:51:30,471 - ERROR - 文件 E:\powerbi_data\看板数据\私有云文件本地\贴膜升级\两网-双流-贴膜升级登记表-最新年.xlsx 表头不匹配:
  缺少字段: 推送月, 4S店交付, 实际推送时间, 车架号（后6位）
  多余字段: 车架号
（后6位)
2025-12-29 15:51:30,471 - INFO - 开始处理文件: E:\powerbi_data\看板数据\私有云文件本地\贴膜升级\两网-总部-贴膜升级登记表-最新年.xlsx
2025-12-29 15:51:30,922 - ERROR - 文件 E:\powerbi_data\看板数据\私有云文件本地\贴膜升级\两网-总部-贴膜升级登记表-最新年.xlsx 表头不匹配:
  缺少字段: 三方返还佣金, 推送月, 4S店交付, 实际推送时间
  多余字段: 到店日期, 是否算到店量, 合计升级毛利润, 膜升级成本, 膜升级毛利润, 其他项升级毛利润, 膜升级具体内容, 其他项升级成本, 是否不推膜, 是否代办, 精品顾问
2025-12-29 15:51:30,923 - INFO - 开始处理文件: E:\powerbi_data\看板数据\私有云文件本地\贴膜升级\两网-西河-贴膜升级登记表-最新年.xlsx
2025-12-29 15:51:31,529 - ERROR - 文件 E:\powerbi_data\看板数据\私有云文件本地\贴膜升级\两网-西河-贴膜升级登记表-最新年.xlsx 表头不匹配:
  缺少字段: 推送月, 4S店交付, 实际推送时间

2025-12-29 15:51:31,530 - INFO - 开始处理文件: E:\powerbi_data\看板数据\私有云文件本地\贴膜升级\两网-西门-贴膜升级登记表-最新年.xlsx
2025-12-29 15:51:31,713 - ERROR - 文件 E:\powerbi_data\看板数据\私有云文件本地\贴膜升级\两网-西门-贴膜升级登记表-最新年.xlsx 表头不匹配:
  缺少字段: 推送月, 4S店交付, 实际推送时间

2025-12-29 15:51:31,713 - INFO - 跳过文件: 两网-西门自店-贴膜升级登记表-最新年.xlsx (在跳过列表中)
2025-12-29 15:51:31,713 - INFO - 开始处理文件: E:\powerbi_data\看板数据\私有云文件本地\贴膜升级\两网-贵州贵阳-贴膜升级登记表-最新年.xlsx
2025-12-29 15:51:31,838 - ERROR - 文件 E:\powerbi_data\看板数据\私有云文件本地\贴膜升级\两网-贵州贵阳-贴膜升级登记表-最新年.xlsx 表头不匹配:
  缺少字段: 推送月, 4S店交付, 实际推送时间
  多余字段: 销售顾问
2025-12-29 15:51:31,838 - INFO - 开始处理文件: E:\powerbi_data\看板数据\私有云文件本地\贴膜升级\两网-贵州遵义-贴膜升级登记表-最新年.xlsx
2025-12-29 15:51:31,972 - ERROR - 文件 E:\powerbi_data\看板数据\私有云文件本地\贴膜升级\两网-贵州遵义-贴膜升级登记表-最新年.xlsx 表头不匹配:
  缺少字段: 推送月, 4S店交付, 实际推送时间
  多余字段: 销售顾问, Unnamed: 19
2025-12-29 15:51:31,972 - INFO - 开始处理文件: E:\powerbi_data\看板数据\私有云文件本地\贴膜升级\两网-龙泉-贴膜升级登记表-最新年.xlsx
2025-12-29 15:51:32,216 - ERROR - 文件 E:\powerbi_data\看板数据\私有云文件本地\贴膜升级\两网-龙泉-贴膜升级登记表-最新年.xlsx 表头不匹配:
  缺少字段: 备注, 4S店交付
  多余字段: Unnamed: 20, 备注；4S店交付
2025-12-29 15:51:32,216 - INFO - 开始处理文件: E:\powerbi_data\看板数据\私有云文件本地\贴膜升级\方程豹-上元坤灵-贴膜升级登记表-最新年.xlsx
2025-12-29 15:51:32,271 - ERROR - 文件 E:\powerbi_data\看板数据\私有云文件本地\贴膜升级\方程豹-上元坤灵-贴膜升级登记表-最新年.xlsx 表头不匹配:
  缺少字段: 推送月, 4S店交付, 实际推送时间, 车架号（后6位）
  多余字段: 发券人, 车架号, 赠送装饰
2025-12-29 15:51:32,271 - INFO - 开始处理文件: E:\powerbi_data\看板数据\私有云文件本地\贴膜升级\方程豹-上元弘川-贴膜升级登记表-最新年.xlsx
2025-12-29 15:51:32,339 - ERROR - 文件 E:\powerbi_data\看板数据\私有云文件本地\贴膜升级\方程豹-上元弘川-贴膜升级登记表-最新年.xlsx 表头不匹配:
  缺少字段: 推送月, 4S店交付, 实际推送时间, 车架号（后6位）
  多余字段: Unnamed: 20, 发券人, 车架号, 赠送装饰
2025-12-29 15:51:32,339 - INFO - 开始处理文件: E:\powerbi_data\看板数据\私有云文件本地\贴膜升级\方程豹-上元星汉-贴膜升级登记表-最新年.xlsx
2025-12-29 15:51:32,357 - ERROR - 文件 E:\powerbi_data\看板数据\私有云文件本地\贴膜升级\方程豹-上元星汉-贴膜升级登记表-最新年.xlsx 表头不匹配:
  缺少字段: 推送月, 4S店交付, 实际推送时间, 车架号（后6位）
  多余字段: 发券人, 车架号, 赠送装饰
2025-12-29 15:51:32,357 - INFO - 开始处理文件: E:\powerbi_data\看板数据\私有云文件本地\贴膜升级\方程豹-上元曦和-贴膜升级登记表-最新年.xlsx
2025-12-29 15:51:32,422 - ERROR - 文件 E:\powerbi_data\看板数据\私有云文件本地\贴膜升级\方程豹-上元曦和-贴膜升级登记表-最新年.xlsx 表头不匹配:
  缺少字段: 是否送龙膜/高等级膜, 车架号（后6位）, 4S店交付, 实际推送时间, 推送月
  多余字段: 是否送龙膜-高等级膜, 发券人, 车架号, 赠送装饰
2025-12-29 15:51:32,422 - INFO - 开始处理文件: E:\powerbi_data\看板数据\私有云文件本地\贴膜升级\方程豹-乐山上元曦和-贴膜升级登记表-最新年.xlsx
2025-12-29 15:51:32,452 - ERROR - 文件 E:\powerbi_data\看板数据\私有云文件本地\贴膜升级\方程豹-乐山上元曦和-贴膜升级登记表-最新年.xlsx 表头不匹配:
  缺少字段: 三方返还佣金, 推送月, 4S店交付, 实际推送时间
  多余字段: 到店日期, 是否算到店量, 膜升级成本, 膜升级毛利, 合计升级毛利, 膜升级具体内容, 其他项升级成本, 是否不推膜, 是否代办, 其他项升级毛利, 精品顾问
2025-12-29 15:51:32,452 - INFO - 开始处理文件: E:\powerbi_data\看板数据\私有云文件本地\贴膜升级\方程豹-宜宾上元曦和-贴膜升级登记表-最新年.xlsx
2025-12-29 15:51:32,483 - ERROR - 文件 E:\powerbi_data\看板数据\私有云文件本地\贴膜升级\方程豹-宜宾上元曦和-贴膜升级登记表-最新年.xlsx 表头不匹配:
  缺少字段: 推送月, 4S店交付, 实际推送时间
  多余字段: 精品顾问
2025-12-29 15:51:32,483 - INFO - 开始处理文件: E:\powerbi_data\看板数据\私有云文件本地\贴膜升级\方程豹-泸州上元坤灵-贴膜升级登记表-最新年.xlsx
2025-12-29 15:51:32,510 - ERROR - 文件 E:\powerbi_data\看板数据\私有云文件本地\贴膜升级\方程豹-泸州上元坤灵-贴膜升级登记表-最新年.xlsx 表头不匹配:
  缺少字段: 三方返还佣金, 推送月, 4S店交付, 实际推送时间
  多余字段: 到店日期, 是否算到店量, 膜升级成本, 膜升级毛利, 合计升级毛利, 膜升级具体内容, 其他项升级成本, 是否不推膜, 是否代办, 其他项升级毛利, 精品顾问
2025-12-29 15:51:32,510 - INFO - 开始处理文件: E:\powerbi_data\看板数据\私有云文件本地\贴膜升级\方程豹-贵州上元坤灵-贴膜升级登记表-最新年.xlsx
2025-12-29 15:51:32,522 - ERROR - 文件 E:\powerbi_data\看板数据\私有云文件本地\贴膜升级\方程豹-贵州上元坤灵-贴膜升级登记表-最新年.xlsx 表头不匹配:
  缺少字段: 推送月, 4S店交付, 实际推送时间

2025-12-29 15:51:32,522 - INFO - 开始处理文件: E:\powerbi_data\看板数据\私有云文件本地\贴膜升级\方程豹-贵州上元曦和-贴膜升级登记表-最新年.xlsx
2025-12-29 15:51:32,540 - ERROR - 文件 E:\powerbi_data\看板数据\私有云文件本地\贴膜升级\方程豹-贵州上元曦和-贴膜升级登记表-最新年.xlsx 表头不匹配:
  缺少字段: 推送月, 4S店交付, 实际推送时间
  多余字段: 销售顾问, Unnamed: 19
2025-12-29 15:51:32,540 - INFO - 开始处理文件: E:\powerbi_data\看板数据\私有云文件本地\贴膜升级\方程豹-贵州新港澜轩-贴膜升级登记表-最新年.xlsx
2025-12-29 15:51:32,558 - ERROR - 文件 E:\powerbi_data\看板数据\私有云文件本地\贴膜升级\方程豹-贵州新港澜轩-贴膜升级登记表-最新年.xlsx 表头不匹配:
  缺少字段: 推送月, 4S店交付, 实际推送时间

2025-12-29 15:51:32,558 - INFO - 开始处理文件: E:\powerbi_data\看板数据\私有云文件本地\贴膜升级\腾势-上元臻享-贴膜升级登记表-最新年.xlsx
2025-12-29 15:51:32,598 - ERROR - 文件 E:\powerbi_data\看板数据\私有云文件本地\贴膜升级\腾势-上元臻享-贴膜升级登记表-最新年.xlsx 表头不匹配:
  缺少字段: 推送月, 4S店交付, 实际推送时间, 车架号（后6位）
  多余字段: 发券人, 车架号, 赠送装饰
2025-12-29 15:51:32,598 - INFO - 开始处理文件: E:\powerbi_data\看板数据\私有云文件本地\贴膜升级\腾势-上元臻智-贴膜升级登记表-最新年.xlsx
2025-12-29 15:51:32,638 - ERROR - 文件 E:\powerbi_data\看板数据\私有云文件本地\贴膜升级\腾势-上元臻智-贴膜升级登记表-最新年.xlsx 表头不匹配:
  缺少字段: 推送月, 4S店交付, 实际推送时间
  多余字段: 发券人, 赠送装饰
2025-12-29 15:51:32,638 - INFO - 开始处理文件: E:\powerbi_data\看板数据\私有云文件本地\贴膜升级\腾势-上元臻盛-贴膜升级登记表-最新年.xlsx
2025-12-29 15:51:32,658 - ERROR - 文件 E:\powerbi_data\看板数据\私有云文件本地\贴膜升级\腾势-上元臻盛-贴膜升级登记表-最新年.xlsx 表头不匹配:
  缺少字段: 推送月, 4S店交付, 实际推送时间
  多余字段: 发券人, 赠送装饰
2025-12-29 15:51:32,658 - INFO - 开始处理文件: E:\powerbi_data\看板数据\私有云文件本地\贴膜升级\腾势-乐山上元臻智-贴膜升级登记表-最新年.xlsx
2025-12-29 15:51:32,678 - ERROR - 文件 E:\powerbi_data\看板数据\私有云文件本地\贴膜升级\腾势-乐山上元臻智-贴膜升级登记表-最新年.xlsx 表头不匹配:
  缺少字段: 三方返还佣金, 推送月, 4S店交付, 实际推送时间
  多余字段: 到店日期, 是否算到店量, 膜升级成本, 膜升级毛利, 合计升级毛利, 膜升级具体内容, 其他项升级成本, 是否不推膜, 是否代办, 其他项升级毛利, 精品顾问
2025-12-29 15:51:32,679 - INFO - 开始处理文件: E:\powerbi_data\看板数据\私有云文件本地\贴膜升级\腾势-宜宾上元臻智-贴膜升级登记表-最新年.xlsx
2025-12-29 15:51:32,699 - ERROR - 文件 E:\powerbi_data\看板数据\私有云文件本地\贴膜升级\腾势-宜宾上元臻智-贴膜升级登记表-最新年.xlsx 表头不匹配:
  缺少字段: 推送月, 4S店交付, 实际推送时间
  多余字段: 精品顾问
2025-12-29 15:51:32,699 - INFO - 开始处理文件: E:\powerbi_data\看板数据\私有云文件本地\贴膜升级\腾势-绵阳新港鑫泽-贴膜升级登记表-最新年.xlsx
2025-12-29 15:51:32,728 - ERROR - 文件 E:\powerbi_data\看板数据\私有云文件本地\贴膜升级\腾势-绵阳新港鑫泽-贴膜升级登记表-最新年.xlsx 表头不匹配:
  缺少字段: 三方返还佣金, 推送月, 4S店交付, 实际推送时间
  多余字段: 到店日期, 是否算到店量, 膜升级成本, 膜升级毛利, 合计升级毛利, 膜升级具体内容, 其他项升级成本, 是否不推膜, 是否代办, 其他项升级毛利, 精品顾问
2025-12-29 15:51:32,728 - INFO - 开始处理文件: E:\powerbi_data\看板数据\私有云文件本地\贴膜升级\腾势-贵州上元臻智-贴膜升级登记表-最新年.xlsx
2025-12-29 15:51:32,743 - ERROR - 文件 E:\powerbi_data\看板数据\私有云文件本地\贴膜升级\腾势-贵州上元臻智-贴膜升级登记表-最新年.xlsx 表头不匹配:
  缺少字段: 推送月, 4S店交付, 实际推送时间
  多余字段: 销售顾问
2025-12-29 15:51:32,743 - INFO - 跳过文件: 腾豹-双流、交大、羊犀、天府-贴膜升级登记表-最新年.xlsx (在跳过列表中)
2025-12-29 15:51:32,743 - INFO - ==================================================
2025-12-29 15:51:32,743 - INFO - 数据检核总结:
2025-12-29 15:51:32,743 - INFO - 总文件数: 28
2025-12-29 15:51:32,743 - INFO - 检核文件数: 25
2025-12-29 15:51:32,743 - INFO - 跳过文件数: 2
2025-12-29 15:51:32,743 - INFO - 表头错误数: 25
2025-12-29 15:51:32,743 - INFO - 数据错误数: 0
2025-12-29 15:51:32,743 - INFO - 总行数: 0
2025-12-29 15:51:32,743 - INFO - 错误行数: 0
2025-12-29 15:51:32,743 - INFO - ==================================================
2025-12-29 15:51:32,753 - INFO - 错误报告已保存到: check_logs\data_errors_20251229_155132.xlsx
2025-12-29 15:51:32,753 - INFO - 数据检核完成！
