2025-10-28 00:27:51,800 [INFO] [数据库引擎创建成功]
2025-10-28 00:27:51,800 [INFO] [开始读取数据库表：order_data]
2025-10-28 00:27:52,169 [INFO] [成功读取表 order_data，数据行数：18817]
2025-10-28 00:27:52,286 [INFO] [开始读取数据库表：sales_data]
2025-10-28 00:27:54,919 [INFO] [成功读取表 sales_data，数据行数：22985]
2025-10-28 00:27:56,854 [INFO] [开始读取数据库表：jingpin_data]
2025-10-28 00:27:57,127 [INFO] [成功读取表 jingpin_data，数据行数：4573]
2025-10-28 00:27:57,196 [INFO] [开始读取数据库表：inventory_data]
2025-10-28 00:27:57,999 [INFO] [成功读取表 inventory_data，数据行数：9157]
2025-10-28 00:27:57,999 [INFO] [开始读取数据库表：tuiding_data]
2025-10-28 00:27:58,223 [INFO] [成功读取表 tuiding_data，数据行数：3462]
2025-10-28 00:27:58,223 [INFO] [开始读取数据库表：debit_data]
2025-10-28 00:27:59,591 [INFO] [成功读取表 debit_data，数据行数：18058]
2025-10-28 00:27:59,973 [INFO] [开始读取数据库表：sales_invoice_data]
2025-10-28 00:28:01,137 [INFO] [成功读取表 sales_invoice_data，数据行数：17386]
2025-10-28 00:58:19,993 [INFO] [数据库引擎创建成功]
2025-10-28 00:58:19,993 [INFO] [开始读取数据库表：order_data]
2025-10-28 00:58:20,337 [INFO] [成功读取表 order_data，数据行数：18817]
2025-10-28 00:58:20,454 [INFO] [开始读取数据库表：sales_data]
2025-10-28 00:58:22,849 [INFO] [成功读取表 sales_data，数据行数：22985]
2025-10-28 00:58:24,812 [INFO] [开始读取数据库表：jingpin_data]
2025-10-28 00:58:25,089 [INFO] [成功读取表 jingpin_data，数据行数：4573]
2025-10-28 00:58:25,156 [INFO] [开始读取数据库表：inventory_data]
2025-10-28 00:58:25,982 [INFO] [成功读取表 inventory_data，数据行数：9157]
2025-10-28 00:58:25,982 [INFO] [开始读取数据库表：tuiding_data]
2025-10-28 00:58:26,162 [INFO] [成功读取表 tuiding_data，数据行数：3462]
2025-10-28 00:58:26,163 [INFO] [开始读取数据库表：debit_data]
2025-10-28 00:58:27,525 [INFO] [成功读取表 debit_data，数据行数：18058]
2025-10-28 00:58:27,901 [INFO] [开始读取数据库表：sales_invoice_data]
2025-10-28 00:58:29,109 [INFO] [成功读取表 sales_invoice_data，数据行数：17386]
2025-10-28 01:28:18,488 [INFO] [数据库引擎创建成功]
2025-10-28 01:28:18,489 [INFO] [开始读取数据库表：order_data]
2025-10-28 01:28:18,875 [INFO] [成功读取表 order_data，数据行数：18817]
2025-10-28 01:28:19,003 [INFO] [开始读取数据库表：sales_data]
2025-10-28 01:28:22,124 [INFO] [成功读取表 sales_data，数据行数：22985]
2025-10-28 01:28:24,084 [INFO] [开始读取数据库表：jingpin_data]
2025-10-28 01:28:24,362 [INFO] [成功读取表 jingpin_data，数据行数：4573]
2025-10-28 01:28:24,427 [INFO] [开始读取数据库表：inventory_data]
2025-10-28 01:28:25,233 [INFO] [成功读取表 inventory_data，数据行数：9157]
2025-10-28 01:28:25,233 [INFO] [开始读取数据库表：tuiding_data]
2025-10-28 01:28:25,419 [INFO] [成功读取表 tuiding_data，数据行数：3462]
2025-10-28 01:28:25,420 [INFO] [开始读取数据库表：debit_data]
2025-10-28 01:28:26,773 [INFO] [成功读取表 debit_data，数据行数：18058]
2025-10-28 01:28:27,147 [INFO] [开始读取数据库表：sales_invoice_data]
2025-10-28 01:28:28,336 [INFO] [成功读取表 sales_invoice_data，数据行数：17386]
2025-10-28 01:57:48,537 [INFO] [数据库引擎创建成功]
2025-10-28 01:57:48,537 [INFO] [开始读取数据库表：order_data]
2025-10-28 01:57:48,899 [INFO] [成功读取表 order_data，数据行数：18817]
2025-10-28 01:57:49,033 [INFO] [开始读取数据库表：sales_data]
2025-10-28 01:57:51,723 [INFO] [成功读取表 sales_data，数据行数：22985]
2025-10-28 01:57:53,690 [INFO] [开始读取数据库表：jingpin_data]
2025-10-28 01:57:53,961 [INFO] [成功读取表 jingpin_data，数据行数：4573]
2025-10-28 01:57:54,026 [INFO] [开始读取数据库表：inventory_data]
2025-10-28 01:57:54,831 [INFO] [成功读取表 inventory_data，数据行数：9157]
2025-10-28 01:57:54,831 [INFO] [开始读取数据库表：tuiding_data]
2025-10-28 01:57:55,010 [INFO] [成功读取表 tuiding_data，数据行数：3462]
2025-10-28 01:57:55,011 [INFO] [开始读取数据库表：debit_data]
2025-10-28 01:57:56,387 [INFO] [成功读取表 debit_data，数据行数：18058]
2025-10-28 01:57:56,764 [INFO] [开始读取数据库表：sales_invoice_data]
2025-10-28 01:57:57,952 [INFO] [成功读取表 sales_invoice_data，数据行数：17386]
2025-10-28 02:28:08,517 [INFO] [数据库引擎创建成功]
2025-10-28 02:28:08,517 [INFO] [开始读取数据库表：order_data]
2025-10-28 02:28:08,867 [INFO] [成功读取表 order_data，数据行数：18817]
2025-10-28 02:28:08,983 [INFO] [开始读取数据库表：sales_data]
2025-10-28 02:28:11,091 [INFO] [成功读取表 sales_data，数据行数：22985]
2025-10-28 02:28:13,054 [INFO] [开始读取数据库表：jingpin_data]
2025-10-28 02:28:13,336 [INFO] [成功读取表 jingpin_data，数据行数：4573]
2025-10-28 02:28:13,401 [INFO] [开始读取数据库表：inventory_data]
2025-10-28 02:28:14,211 [INFO] [成功读取表 inventory_data，数据行数：9157]
2025-10-28 02:28:14,211 [INFO] [开始读取数据库表：tuiding_data]
2025-10-28 02:28:14,387 [INFO] [成功读取表 tuiding_data，数据行数：3462]
2025-10-28 02:28:14,387 [INFO] [开始读取数据库表：debit_data]
2025-10-28 02:28:15,748 [INFO] [成功读取表 debit_data，数据行数：18058]
2025-10-28 02:28:16,128 [INFO] [开始读取数据库表：sales_invoice_data]
2025-10-28 02:28:17,326 [INFO] [成功读取表 sales_invoice_data，数据行数：17386]
2025-10-28 02:57:49,175 [INFO] [数据库引擎创建成功]
2025-10-28 02:57:49,175 [INFO] [开始读取数据库表：order_data]
2025-10-28 02:57:49,554 [INFO] [成功读取表 order_data，数据行数：18817]
2025-10-28 02:57:49,667 [INFO] [开始读取数据库表：sales_data]
2025-10-28 02:57:52,524 [INFO] [成功读取表 sales_data，数据行数：22985]
2025-10-28 02:57:54,479 [INFO] [开始读取数据库表：jingpin_data]
2025-10-28 02:57:54,752 [INFO] [成功读取表 jingpin_data，数据行数：4573]
2025-10-28 02:57:54,819 [INFO] [开始读取数据库表：inventory_data]
2025-10-28 02:57:55,627 [INFO] [成功读取表 inventory_data，数据行数：9157]
2025-10-28 02:57:55,627 [INFO] [开始读取数据库表：tuiding_data]
2025-10-28 02:57:55,815 [INFO] [成功读取表 tuiding_data，数据行数：3462]
2025-10-28 02:57:55,815 [INFO] [开始读取数据库表：debit_data]
2025-10-28 02:57:57,174 [INFO] [成功读取表 debit_data，数据行数：18058]
2025-10-28 02:57:57,556 [INFO] [开始读取数据库表：sales_invoice_data]
2025-10-28 02:57:58,760 [INFO] [成功读取表 sales_invoice_data，数据行数：17386]
2025-10-28 03:27:49,097 [INFO] [数据库引擎创建成功]
2025-10-28 03:27:49,097 [INFO] [开始读取数据库表：order_data]
2025-10-28 03:27:49,470 [INFO] [成功读取表 order_data，数据行数：18817]
2025-10-28 03:27:49,604 [INFO] [开始读取数据库表：sales_data]
2025-10-28 03:27:51,640 [INFO] [成功读取表 sales_data，数据行数：22985]
2025-10-28 03:27:53,617 [INFO] [开始读取数据库表：jingpin_data]
2025-10-28 03:27:53,890 [INFO] [成功读取表 jingpin_data，数据行数：4573]
2025-10-28 03:27:53,962 [INFO] [开始读取数据库表：inventory_data]
2025-10-28 03:27:54,781 [INFO] [成功读取表 inventory_data，数据行数：9157]
2025-10-28 03:27:54,781 [INFO] [开始读取数据库表：tuiding_data]
2025-10-28 03:27:54,959 [INFO] [成功读取表 tuiding_data，数据行数：3462]
2025-10-28 03:27:54,959 [INFO] [开始读取数据库表：debit_data]
2025-10-28 03:27:56,293 [INFO] [成功读取表 debit_data，数据行数：18058]
2025-10-28 03:27:56,675 [INFO] [开始读取数据库表：sales_invoice_data]
2025-10-28 03:27:57,864 [INFO] [成功读取表 sales_invoice_data，数据行数：17386]
2025-10-28 03:57:56,750 [INFO] [数据库引擎创建成功]
2025-10-28 03:57:56,750 [INFO] [开始读取数据库表：order_data]
2025-10-28 03:57:57,140 [INFO] [成功读取表 order_data，数据行数：18817]
2025-10-28 03:57:57,278 [INFO] [开始读取数据库表：sales_data]
2025-10-28 03:58:00,023 [INFO] [成功读取表 sales_data，数据行数：22985]
2025-10-28 03:58:01,939 [INFO] [开始读取数据库表：jingpin_data]
2025-10-28 03:58:02,211 [INFO] [成功读取表 jingpin_data，数据行数：4573]
2025-10-28 03:58:02,275 [INFO] [开始读取数据库表：inventory_data]
2025-10-28 03:58:03,082 [INFO] [成功读取表 inventory_data，数据行数：9157]
2025-10-28 03:58:03,082 [INFO] [开始读取数据库表：tuiding_data]
2025-10-28 03:58:03,260 [INFO] [成功读取表 tuiding_data，数据行数：3462]
2025-10-28 03:58:03,260 [INFO] [开始读取数据库表：debit_data]
2025-10-28 03:58:04,599 [INFO] [成功读取表 debit_data，数据行数：18058]
2025-10-28 03:58:04,975 [INFO] [开始读取数据库表：sales_invoice_data]
2025-10-28 03:58:06,151 [INFO] [成功读取表 sales_invoice_data，数据行数：17386]
2025-10-28 04:28:07,138 [INFO] [数据库引擎创建成功]
2025-10-28 04:28:07,138 [INFO] [开始读取数据库表：order_data]
2025-10-28 04:28:07,503 [INFO] [成功读取表 order_data，数据行数：18817]
2025-10-28 04:28:07,621 [INFO] [开始读取数据库表：sales_data]
2025-10-28 04:28:10,198 [INFO] [成功读取表 sales_data，数据行数：22985]
2025-10-28 04:28:12,147 [INFO] [开始读取数据库表：jingpin_data]
2025-10-28 04:28:12,412 [INFO] [成功读取表 jingpin_data，数据行数：4573]
2025-10-28 04:28:12,477 [INFO] [开始读取数据库表：inventory_data]
2025-10-28 04:28:13,300 [INFO] [成功读取表 inventory_data，数据行数：9157]
2025-10-28 04:28:13,300 [INFO] [开始读取数据库表：tuiding_data]
2025-10-28 04:28:13,478 [INFO] [成功读取表 tuiding_data，数据行数：3462]
2025-10-28 04:28:13,478 [INFO] [开始读取数据库表：debit_data]
2025-10-28 04:28:14,841 [INFO] [成功读取表 debit_data，数据行数：18058]
2025-10-28 04:28:15,223 [INFO] [开始读取数据库表：sales_invoice_data]
2025-10-28 04:28:16,391 [INFO] [成功读取表 sales_invoice_data，数据行数：17386]
2025-10-28 04:58:13,973 [INFO] [数据库引擎创建成功]
2025-10-28 04:58:13,973 [INFO] [开始读取数据库表：order_data]
2025-10-28 04:58:14,350 [INFO] [成功读取表 order_data，数据行数：18817]
2025-10-28 04:58:14,490 [INFO] [开始读取数据库表：sales_data]
2025-10-28 04:58:17,598 [INFO] [成功读取表 sales_data，数据行数：22985]
2025-10-28 04:58:19,577 [INFO] [开始读取数据库表：jingpin_data]
2025-10-28 04:58:19,843 [INFO] [成功读取表 jingpin_data，数据行数：4573]
2025-10-28 04:58:19,916 [INFO] [开始读取数据库表：inventory_data]
2025-10-28 04:58:20,741 [INFO] [成功读取表 inventory_data，数据行数：9157]
2025-10-28 04:58:20,741 [INFO] [开始读取数据库表：tuiding_data]
2025-10-28 04:58:20,919 [INFO] [成功读取表 tuiding_data，数据行数：3462]
2025-10-28 04:58:20,919 [INFO] [开始读取数据库表：debit_data]
2025-10-28 04:58:22,290 [INFO] [成功读取表 debit_data，数据行数：18058]
2025-10-28 04:58:22,691 [INFO] [开始读取数据库表：sales_invoice_data]
2025-10-28 04:58:23,872 [INFO] [成功读取表 sales_invoice_data，数据行数：17386]
2025-10-28 05:28:06,689 [INFO] [数据库引擎创建成功]
2025-10-28 05:28:06,689 [INFO] [开始读取数据库表：order_data]
2025-10-28 05:28:07,062 [INFO] [成功读取表 order_data，数据行数：18817]
2025-10-28 05:28:07,184 [INFO] [开始读取数据库表：sales_data]
2025-10-28 05:28:09,143 [INFO] [成功读取表 sales_data，数据行数：22985]
2025-10-28 05:28:11,084 [INFO] [开始读取数据库表：jingpin_data]
2025-10-28 05:28:11,356 [INFO] [成功读取表 jingpin_data，数据行数：4573]
2025-10-28 05:28:11,422 [INFO] [开始读取数据库表：inventory_data]
2025-10-28 05:28:12,231 [INFO] [成功读取表 inventory_data，数据行数：9157]
2025-10-28 05:28:12,231 [INFO] [开始读取数据库表：tuiding_data]
2025-10-28 05:28:12,406 [INFO] [成功读取表 tuiding_data，数据行数：3462]
2025-10-28 05:28:12,406 [INFO] [开始读取数据库表：debit_data]
2025-10-28 05:28:13,701 [INFO] [成功读取表 debit_data，数据行数：18058]
2025-10-28 05:28:14,093 [INFO] [开始读取数据库表：sales_invoice_data]
2025-10-28 05:28:15,226 [INFO] [成功读取表 sales_invoice_data，数据行数：17386]
2025-10-28 05:57:51,653 [INFO] [数据库引擎创建成功]
2025-10-28 05:57:51,654 [INFO] [开始读取数据库表：order_data]
2025-10-28 05:57:52,018 [INFO] [成功读取表 order_data，数据行数：18817]
2025-10-28 05:57:52,133 [INFO] [开始读取数据库表：sales_data]
2025-10-28 05:57:54,680 [INFO] [成功读取表 sales_data，数据行数：22985]
2025-10-28 05:57:56,634 [INFO] [开始读取数据库表：jingpin_data]
2025-10-28 05:57:56,900 [INFO] [成功读取表 jingpin_data，数据行数：4573]
2025-10-28 05:57:56,964 [INFO] [开始读取数据库表：inventory_data]
2025-10-28 05:57:57,756 [INFO] [成功读取表 inventory_data，数据行数：9157]
2025-10-28 05:57:57,757 [INFO] [开始读取数据库表：tuiding_data]
2025-10-28 05:57:57,943 [INFO] [成功读取表 tuiding_data，数据行数：3462]
2025-10-28 05:57:57,944 [INFO] [开始读取数据库表：debit_data]
2025-10-28 05:57:59,312 [INFO] [成功读取表 debit_data，数据行数：18058]
2025-10-28 05:57:59,695 [INFO] [开始读取数据库表：sales_invoice_data]
2025-10-28 05:58:00,882 [INFO] [成功读取表 sales_invoice_data，数据行数：17386]
2025-10-28 06:28:10,178 [INFO] [数据库引擎创建成功]
2025-10-28 06:28:10,178 [INFO] [开始读取数据库表：order_data]
2025-10-28 06:28:10,539 [INFO] [成功读取表 order_data，数据行数：18817]
2025-10-28 06:28:10,665 [INFO] [开始读取数据库表：sales_data]
2025-10-28 06:28:12,838 [INFO] [成功读取表 sales_data，数据行数：22985]
2025-10-28 06:28:14,788 [INFO] [开始读取数据库表：jingpin_data]
2025-10-28 06:28:15,066 [INFO] [成功读取表 jingpin_data，数据行数：4573]
2025-10-28 06:28:15,132 [INFO] [开始读取数据库表：inventory_data]
2025-10-28 06:28:15,949 [INFO] [成功读取表 inventory_data，数据行数：9157]
2025-10-28 06:28:15,949 [INFO] [开始读取数据库表：tuiding_data]
2025-10-28 06:28:16,133 [INFO] [成功读取表 tuiding_data，数据行数：3462]
2025-10-28 06:28:16,133 [INFO] [开始读取数据库表：debit_data]
2025-10-28 06:28:17,513 [INFO] [成功读取表 debit_data，数据行数：18058]
2025-10-28 06:28:17,905 [INFO] [开始读取数据库表：sales_invoice_data]
2025-10-28 06:28:19,083 [INFO] [成功读取表 sales_invoice_data，数据行数：17386]
2025-10-28 06:57:53,959 [INFO] [数据库引擎创建成功]
2025-10-28 06:57:53,959 [INFO] [开始读取数据库表：order_data]
2025-10-28 06:57:54,314 [INFO] [成功读取表 order_data，数据行数：18817]
2025-10-28 06:57:54,434 [INFO] [开始读取数据库表：sales_data]
2025-10-28 06:57:57,135 [INFO] [成功读取表 sales_data，数据行数：22985]
2025-10-28 06:57:59,103 [INFO] [开始读取数据库表：jingpin_data]
2025-10-28 06:57:59,374 [INFO] [成功读取表 jingpin_data，数据行数：4573]
2025-10-28 06:57:59,442 [INFO] [开始读取数据库表：inventory_data]
2025-10-28 06:58:00,252 [INFO] [成功读取表 inventory_data，数据行数：9157]
2025-10-28 06:58:00,252 [INFO] [开始读取数据库表：tuiding_data]
2025-10-28 06:58:00,433 [INFO] [成功读取表 tuiding_data，数据行数：3462]
2025-10-28 06:58:00,437 [INFO] [开始读取数据库表：debit_data]
2025-10-28 06:58:01,777 [INFO] [成功读取表 debit_data，数据行数：18058]
2025-10-28 06:58:02,153 [INFO] [开始读取数据库表：sales_invoice_data]
2025-10-28 06:58:03,335 [INFO] [成功读取表 sales_invoice_data，数据行数：17386]
2025-10-28 07:27:47,872 [INFO] [数据库引擎创建成功]
2025-10-28 07:27:47,873 [INFO] [开始读取数据库表：order_data]
2025-10-28 07:27:48,212 [INFO] [成功读取表 order_data，数据行数：18817]
2025-10-28 07:27:48,331 [INFO] [开始读取数据库表：sales_data]
2025-10-28 07:27:50,483 [INFO] [成功读取表 sales_data，数据行数：22985]
2025-10-28 07:27:52,468 [INFO] [开始读取数据库表：jingpin_data]
2025-10-28 07:27:52,740 [INFO] [成功读取表 jingpin_data，数据行数：4573]
2025-10-28 07:27:52,805 [INFO] [开始读取数据库表：inventory_data]
2025-10-28 07:27:53,638 [INFO] [成功读取表 inventory_data，数据行数：9157]
2025-10-28 07:27:53,638 [INFO] [开始读取数据库表：tuiding_data]
2025-10-28 07:27:53,822 [INFO] [成功读取表 tuiding_data，数据行数：3462]
2025-10-28 07:27:53,822 [INFO] [开始读取数据库表：debit_data]
2025-10-28 07:27:55,172 [INFO] [成功读取表 debit_data，数据行数：18058]
2025-10-28 07:27:55,553 [INFO] [开始读取数据库表：sales_invoice_data]
2025-10-28 07:27:56,738 [INFO] [成功读取表 sales_invoice_data，数据行数：17386]
2025-10-28 07:57:51,733 [INFO] [数据库引擎创建成功]
2025-10-28 07:57:51,733 [INFO] [开始读取数据库表：order_data]
2025-10-28 07:57:52,072 [INFO] [成功读取表 order_data，数据行数：18817]
2025-10-28 07:57:52,191 [INFO] [开始读取数据库表：sales_data]
2025-10-28 07:57:54,342 [INFO] [成功读取表 sales_data，数据行数：22985]
2025-10-28 07:57:56,315 [INFO] [开始读取数据库表：jingpin_data]
2025-10-28 07:57:56,594 [INFO] [成功读取表 jingpin_data，数据行数：4573]
2025-10-28 07:57:56,663 [INFO] [开始读取数据库表：inventory_data]
2025-10-28 07:57:57,495 [INFO] [成功读取表 inventory_data，数据行数：9157]
2025-10-28 07:57:57,496 [INFO] [开始读取数据库表：tuiding_data]
2025-10-28 07:57:57,675 [INFO] [成功读取表 tuiding_data，数据行数：3462]
2025-10-28 07:57:57,675 [INFO] [开始读取数据库表：debit_data]
2025-10-28 07:57:59,044 [INFO] [成功读取表 debit_data，数据行数：18058]
2025-10-28 07:57:59,425 [INFO] [开始读取数据库表：sales_invoice_data]
2025-10-28 07:58:00,605 [INFO] [成功读取表 sales_invoice_data，数据行数：17386]
2025-10-28 08:28:09,502 [INFO] [数据库引擎创建成功]
2025-10-28 08:28:09,502 [INFO] [开始读取数据库表：order_data]
2025-10-28 08:28:09,838 [INFO] [成功读取表 order_data，数据行数：18817]
2025-10-28 08:28:09,965 [INFO] [开始读取数据库表：sales_data]
2025-10-28 08:28:12,351 [INFO] [成功读取表 sales_data，数据行数：22985]
2025-10-28 08:28:14,341 [INFO] [开始读取数据库表：jingpin_data]
2025-10-28 08:28:14,621 [INFO] [成功读取表 jingpin_data，数据行数：4573]
2025-10-28 08:28:14,692 [INFO] [开始读取数据库表：inventory_data]
2025-10-28 08:28:15,502 [INFO] [成功读取表 inventory_data，数据行数：9157]
2025-10-28 08:28:15,502 [INFO] [开始读取数据库表：tuiding_data]
2025-10-28 08:28:15,685 [INFO] [成功读取表 tuiding_data，数据行数：3462]
2025-10-28 08:28:15,685 [INFO] [开始读取数据库表：debit_data]
2025-10-28 08:28:17,066 [INFO] [成功读取表 debit_data，数据行数：18058]
2025-10-28 08:28:17,453 [INFO] [开始读取数据库表：sales_invoice_data]
2025-10-28 08:28:18,637 [INFO] [成功读取表 sales_invoice_data，数据行数：17386]
2025-10-28 08:58:42,873 [INFO] [数据库引擎创建成功]
2025-10-28 08:58:42,873 [INFO] [开始读取数据库表：order_data]
2025-10-28 08:58:43,212 [INFO] [成功读取表 order_data，数据行数：18817]
2025-10-28 08:58:43,324 [INFO] [开始读取数据库表：sales_data]
2025-10-28 08:58:45,014 [INFO] [成功读取表 sales_data，数据行数：22985]
2025-10-28 08:58:46,968 [INFO] [开始读取数据库表：jingpin_data]
2025-10-28 08:58:47,244 [INFO] [成功读取表 jingpin_data，数据行数：4573]
2025-10-28 08:58:47,311 [INFO] [开始读取数据库表：inventory_data]
2025-10-28 08:58:48,125 [INFO] [成功读取表 inventory_data，数据行数：9157]
2025-10-28 08:58:48,126 [INFO] [开始读取数据库表：tuiding_data]
2025-10-28 08:58:48,305 [INFO] [成功读取表 tuiding_data，数据行数：3462]
2025-10-28 08:58:48,305 [INFO] [开始读取数据库表：debit_data]
2025-10-28 08:58:49,660 [INFO] [成功读取表 debit_data，数据行数：18058]
2025-10-28 08:58:50,043 [INFO] [开始读取数据库表：sales_invoice_data]
2025-10-28 08:58:51,201 [INFO] [成功读取表 sales_invoice_data，数据行数：17386]
2025-10-28 09:29:17,253 [INFO] [数据库引擎创建成功]
2025-10-28 09:29:17,253 [INFO] [开始读取数据库表：order_data]
2025-10-28 09:29:17,601 [INFO] [成功读取表 order_data，数据行数：18816]
2025-10-28 09:29:17,721 [INFO] [开始读取数据库表：sales_data]
2025-10-28 09:29:19,459 [INFO] [成功读取表 sales_data，数据行数：22987]
2025-10-28 09:29:21,593 [INFO] [开始读取数据库表：jingpin_data]
2025-10-28 09:29:21,885 [INFO] [成功读取表 jingpin_data，数据行数：4573]
2025-10-28 09:29:21,958 [INFO] [开始读取数据库表：inventory_data]
2025-10-28 09:29:22,819 [INFO] [成功读取表 inventory_data，数据行数：9157]
2025-10-28 09:29:22,819 [INFO] [开始读取数据库表：tuiding_data]
2025-10-28 09:29:22,987 [INFO] [成功读取表 tuiding_data，数据行数：3463]
2025-10-28 09:29:22,987 [INFO] [开始读取数据库表：debit_data]
2025-10-28 09:29:24,172 [INFO] [成功读取表 debit_data，数据行数：18058]
2025-10-28 09:29:24,589 [INFO] [开始读取数据库表：sales_invoice_data]
2025-10-28 09:29:25,705 [INFO] [成功读取表 sales_invoice_data，数据行数：17387]
2025-10-28 09:58:35,924 [INFO] [数据库引擎创建成功]
2025-10-28 09:58:35,924 [INFO] [开始读取数据库表：order_data]
2025-10-28 09:58:36,415 [INFO] [成功读取表 order_data，数据行数：18816]
2025-10-28 09:58:36,576 [INFO] [开始读取数据库表：sales_data]
2025-10-28 09:58:40,377 [INFO] [成功读取表 sales_data，数据行数：22989]
2025-10-28 09:58:42,300 [INFO] [开始读取数据库表：jingpin_data]
2025-10-28 09:58:42,565 [INFO] [成功读取表 jingpin_data，数据行数：4573]
2025-10-28 09:58:42,629 [INFO] [开始读取数据库表：inventory_data]
2025-10-28 09:58:43,436 [INFO] [成功读取表 inventory_data，数据行数：9157]
2025-10-28 09:58:43,436 [INFO] [开始读取数据库表：tuiding_data]
2025-10-28 09:58:43,622 [INFO] [成功读取表 tuiding_data，数据行数：3463]
2025-10-28 09:58:43,622 [INFO] [开始读取数据库表：debit_data]
2025-10-28 09:58:44,951 [INFO] [成功读取表 debit_data，数据行数：18059]
2025-10-28 09:58:45,339 [INFO] [开始读取数据库表：sales_invoice_data]
2025-10-28 09:58:46,504 [INFO] [成功读取表 sales_invoice_data，数据行数：17389]
2025-10-28 10:28:26,669 [INFO] [数据库引擎创建成功]
2025-10-28 10:28:26,678 [INFO] [开始读取数据库表：order_data]
2025-10-28 10:28:27,430 [INFO] [成功读取表 order_data，数据行数：18818]
2025-10-28 10:28:27,637 [INFO] [开始读取数据库表：sales_data]
2025-10-28 10:28:32,043 [INFO] [成功读取表 sales_data，数据行数：22990]
2025-10-28 10:28:33,673 [INFO] [开始读取数据库表：jingpin_data]
2025-10-28 10:28:33,953 [INFO] [成功读取表 jingpin_data，数据行数：4580]
2025-10-28 10:28:34,011 [INFO] [开始读取数据库表：inventory_data]
2025-10-28 10:28:34,750 [INFO] [成功读取表 inventory_data，数据行数：9157]
2025-10-28 10:28:34,750 [INFO] [开始读取数据库表：tuiding_data]
2025-10-28 10:28:34,918 [INFO] [成功读取表 tuiding_data，数据行数：3463]
2025-10-28 10:28:34,918 [INFO] [开始读取数据库表：debit_data]
2025-10-28 10:28:36,261 [INFO] [成功读取表 debit_data，数据行数：18059]
2025-10-28 10:28:36,612 [INFO] [开始读取数据库表：sales_invoice_data]
2025-10-28 10:28:37,707 [INFO] [成功读取表 sales_invoice_data，数据行数：17390]
2025-10-28 10:58:50,528 [INFO] [数据库引擎创建成功]
2025-10-28 10:58:50,528 [INFO] [开始读取数据库表：order_data]
2025-10-28 10:58:51,054 [INFO] [成功读取表 order_data，数据行数：18818]
2025-10-28 10:58:51,219 [INFO] [开始读取数据库表：sales_data]
2025-10-28 10:58:55,575 [INFO] [成功读取表 sales_data，数据行数：22990]
2025-10-28 10:58:57,516 [INFO] [开始读取数据库表：jingpin_data]
2025-10-28 10:58:57,782 [INFO] [成功读取表 jingpin_data，数据行数：4581]
2025-10-28 10:58:57,850 [INFO] [开始读取数据库表：inventory_data]
2025-10-28 10:58:58,659 [INFO] [成功读取表 inventory_data，数据行数：9158]
2025-10-28 10:58:58,659 [INFO] [开始读取数据库表：tuiding_data]
2025-10-28 10:58:58,840 [INFO] [成功读取表 tuiding_data，数据行数：3463]
2025-10-28 10:58:58,840 [INFO] [开始读取数据库表：debit_data]
2025-10-28 10:59:00,184 [INFO] [成功读取表 debit_data，数据行数：18059]
2025-10-28 10:59:00,556 [INFO] [开始读取数据库表：sales_invoice_data]
2025-10-28 10:59:01,729 [INFO] [成功读取表 sales_invoice_data，数据行数：17392]
2025-10-28 11:28:53,262 [INFO] [数据库引擎创建成功]
2025-10-28 11:28:53,263 [INFO] [开始读取数据库表：order_data]
2025-10-28 11:28:53,742 [INFO] [成功读取表 order_data，数据行数：18819]
2025-10-28 11:28:53,897 [INFO] [开始读取数据库表：sales_data]
2025-10-28 11:28:57,597 [INFO] [成功读取表 sales_data，数据行数：22996]
2025-10-28 11:28:59,542 [INFO] [开始读取数据库表：jingpin_data]
2025-10-28 11:28:59,811 [INFO] [成功读取表 jingpin_data，数据行数：4582]
2025-10-28 11:28:59,875 [INFO] [开始读取数据库表：inventory_data]
2025-10-28 11:29:00,731 [INFO] [成功读取表 inventory_data，数据行数：9183]
2025-10-28 11:29:00,731 [INFO] [开始读取数据库表：tuiding_data]
2025-10-28 11:29:00,914 [INFO] [成功读取表 tuiding_data，数据行数：3463]
2025-10-28 11:29:00,914 [INFO] [开始读取数据库表：debit_data]
2025-10-28 11:29:02,267 [INFO] [成功读取表 debit_data，数据行数：18084]
2025-10-28 11:29:02,654 [INFO] [开始读取数据库表：sales_invoice_data]
2025-10-28 11:29:03,793 [INFO] [成功读取表 sales_invoice_data，数据行数：17393]
2025-10-28 11:59:08,121 [INFO] [数据库引擎创建成功]
2025-10-28 11:59:08,121 [INFO] [开始读取数据库表：order_data]
2025-10-28 11:59:08,614 [INFO] [成功读取表 order_data，数据行数：18823]
2025-10-28 11:59:08,768 [INFO] [开始读取数据库表：sales_data]
2025-10-28 11:59:12,681 [INFO] [成功读取表 sales_data，数据行数：23000]
2025-10-28 11:59:14,628 [INFO] [开始读取数据库表：jingpin_data]
2025-10-28 11:59:14,896 [INFO] [成功读取表 jingpin_data，数据行数：4583]
2025-10-28 11:59:14,961 [INFO] [开始读取数据库表：inventory_data]
2025-10-28 11:59:15,759 [INFO] [成功读取表 inventory_data，数据行数：9185]
2025-10-28 11:59:15,759 [INFO] [开始读取数据库表：tuiding_data]
2025-10-28 11:59:15,943 [INFO] [成功读取表 tuiding_data，数据行数：3463]
2025-10-28 11:59:15,944 [INFO] [开始读取数据库表：debit_data]
2025-10-28 11:59:17,269 [INFO] [成功读取表 debit_data，数据行数：18091]
2025-10-28 11:59:17,653 [INFO] [开始读取数据库表：sales_invoice_data]
2025-10-28 11:59:18,845 [INFO] [成功读取表 sales_invoice_data，数据行数：17401]
2025-10-28 12:28:27,860 [INFO] [数据库引擎创建成功]
2025-10-28 12:28:27,860 [INFO] [开始读取数据库表：order_data]
2025-10-28 12:28:28,393 [INFO] [成功读取表 order_data，数据行数：18823]
2025-10-28 12:28:28,568 [INFO] [开始读取数据库表：sales_data]
2025-10-28 12:28:32,672 [INFO] [成功读取表 sales_data，数据行数：23003]
2025-10-28 12:28:34,389 [INFO] [开始读取数据库表：jingpin_data]
2025-10-28 12:28:34,649 [INFO] [成功读取表 jingpin_data，数据行数：4583]
2025-10-28 12:28:34,706 [INFO] [开始读取数据库表：inventory_data]
2025-10-28 12:28:35,536 [INFO] [成功读取表 inventory_data，数据行数：9301]
2025-10-28 12:28:35,536 [INFO] [开始读取数据库表：tuiding_data]
2025-10-28 12:28:35,695 [INFO] [成功读取表 tuiding_data，数据行数：3465]
2025-10-28 12:28:35,695 [INFO] [开始读取数据库表：debit_data]
2025-10-28 12:28:36,967 [INFO] [成功读取表 debit_data，数据行数：18174]
2025-10-28 12:28:37,333 [INFO] [开始读取数据库表：sales_invoice_data]
2025-10-28 12:28:38,395 [INFO] [成功读取表 sales_invoice_data，数据行数：17403]
2025-10-28 12:58:17,967 [INFO] [数据库引擎创建成功]
2025-10-28 12:58:17,968 [INFO] [开始读取数据库表：order_data]
2025-10-28 12:58:18,341 [INFO] [成功读取表 order_data，数据行数：18825]
2025-10-28 12:58:18,472 [INFO] [开始读取数据库表：sales_data]
2025-10-28 12:58:21,377 [INFO] [成功读取表 sales_data，数据行数：23007]
2025-10-28 12:58:23,376 [INFO] [开始读取数据库表：jingpin_data]
2025-10-28 12:58:23,633 [INFO] [成功读取表 jingpin_data，数据行数：4583]
2025-10-28 12:58:23,702 [INFO] [开始读取数据库表：inventory_data]
2025-10-28 12:58:24,536 [INFO] [成功读取表 inventory_data，数据行数：9322]
2025-10-28 12:58:24,536 [INFO] [开始读取数据库表：tuiding_data]
2025-10-28 12:58:24,722 [INFO] [成功读取表 tuiding_data，数据行数：3465]
2025-10-28 12:58:24,722 [INFO] [开始读取数据库表：debit_data]
2025-10-28 12:58:26,041 [INFO] [成功读取表 debit_data，数据行数：18194]
2025-10-28 12:58:26,432 [INFO] [开始读取数据库表：sales_invoice_data]
2025-10-28 12:58:27,562 [INFO] [成功读取表 sales_invoice_data，数据行数：17406]
2025-10-28 13:28:41,633 [INFO] [数据库引擎创建成功]
2025-10-28 13:28:41,633 [INFO] [开始读取数据库表：order_data]
2025-10-28 13:28:42,041 [INFO] [成功读取表 order_data，数据行数：18822]
2025-10-28 13:28:42,167 [INFO] [开始读取数据库表：sales_data]
2025-10-28 13:28:44,912 [INFO] [成功读取表 sales_data，数据行数：23009]
2025-10-28 13:28:46,927 [INFO] [开始读取数据库表：jingpin_data]
2025-10-28 13:28:47,216 [INFO] [成功读取表 jingpin_data，数据行数：4583]
2025-10-28 13:28:47,290 [INFO] [开始读取数据库表：inventory_data]
2025-10-28 13:28:48,103 [INFO] [成功读取表 inventory_data，数据行数：9323]
2025-10-28 13:28:48,103 [INFO] [开始读取数据库表：tuiding_data]
2025-10-28 13:28:48,290 [INFO] [成功读取表 tuiding_data，数据行数：3469]
2025-10-28 13:28:48,290 [INFO] [开始读取数据库表：debit_data]
2025-10-28 13:28:49,580 [INFO] [成功读取表 debit_data，数据行数：18195]
2025-10-28 13:28:49,949 [INFO] [开始读取数据库表：sales_invoice_data]
2025-10-28 13:28:51,150 [INFO] [成功读取表 sales_invoice_data，数据行数：17408]
2025-10-28 13:58:55,357 [INFO] [数据库引擎创建成功]
2025-10-28 13:58:55,357 [INFO] [开始读取数据库表：order_data]
2025-10-28 13:58:55,984 [INFO] [成功读取表 order_data，数据行数：18821]
2025-10-28 13:58:56,135 [INFO] [开始读取数据库表：sales_data]
2025-10-28 13:59:00,824 [INFO] [成功读取表 sales_data，数据行数：23011]
2025-10-28 13:59:02,794 [INFO] [开始读取数据库表：jingpin_data]
2025-10-28 13:59:03,071 [INFO] [成功读取表 jingpin_data，数据行数：4585]
2025-10-28 13:59:03,140 [INFO] [开始读取数据库表：inventory_data]
2025-10-28 13:59:04,029 [INFO] [成功读取表 inventory_data，数据行数：9323]
2025-10-28 13:59:04,029 [INFO] [开始读取数据库表：tuiding_data]
2025-10-28 13:59:04,217 [INFO] [成功读取表 tuiding_data，数据行数：3470]
2025-10-28 13:59:04,218 [INFO] [开始读取数据库表：debit_data]
2025-10-28 13:59:05,656 [INFO] [成功读取表 debit_data，数据行数：18195]
2025-10-28 13:59:06,048 [INFO] [开始读取数据库表：sales_invoice_data]
2025-10-28 13:59:07,343 [INFO] [成功读取表 sales_invoice_data，数据行数：17413]
2025-10-28 14:28:52,004 [INFO] [数据库引擎创建成功]
2025-10-28 14:28:52,004 [INFO] [开始读取数据库表：order_data]
2025-10-28 14:28:52,578 [INFO] [成功读取表 order_data，数据行数：18828]
2025-10-28 14:28:52,771 [INFO] [开始读取数据库表：sales_data]
2025-10-28 14:28:57,940 [INFO] [成功读取表 sales_data，数据行数：23019]
2025-10-28 14:28:59,992 [INFO] [开始读取数据库表：jingpin_data]
2025-10-28 14:29:00,280 [INFO] [成功读取表 jingpin_data，数据行数：4587]
2025-10-28 14:29:00,355 [INFO] [开始读取数据库表：inventory_data]
2025-10-28 14:29:01,261 [INFO] [成功读取表 inventory_data，数据行数：9351]
2025-10-28 14:29:01,262 [INFO] [开始读取数据库表：tuiding_data]
2025-10-28 14:29:01,452 [INFO] [成功读取表 tuiding_data，数据行数：3470]
2025-10-28 14:29:01,452 [INFO] [开始读取数据库表：debit_data]
2025-10-28 14:29:03,015 [INFO] [成功读取表 debit_data，数据行数：18211]
2025-10-28 14:29:03,433 [INFO] [开始读取数据库表：sales_invoice_data]
2025-10-28 14:29:04,675 [INFO] [成功读取表 sales_invoice_data，数据行数：17416]
2025-10-28 14:58:16,299 [INFO] [数据库引擎创建成功]
2025-10-28 14:58:16,299 [INFO] [开始读取数据库表：order_data]
2025-10-28 14:58:16,350 [INFO] [成功读取表 order_data，数据行数：2036]
2025-10-28 14:58:16,469 [INFO] [开始读取数据库表：sales_data]
2025-10-28 14:58:16,710 [INFO] [成功读取表 sales_data，数据行数：6670]
2025-10-28 14:58:17,482 [INFO] [开始读取数据库表：jingpin_data]
2025-10-28 14:58:17,490 [INFO] [成功读取表 jingpin_data，数据行数：341]
2025-10-28 14:58:17,512 [INFO] [开始读取数据库表：inventory_data]
2025-10-28 14:58:17,525 [INFO] [成功读取表 inventory_data，数据行数：361]
2025-10-28 14:58:17,525 [INFO] [开始读取数据库表：tuiding_data]
2025-10-28 14:58:17,534 [INFO] [成功读取表 tuiding_data，数据行数：512]
2025-10-28 14:58:17,534 [INFO] [开始读取数据库表：debit_data]
2025-10-28 14:58:17,543 [INFO] [成功读取表 debit_data，数据行数：280]
2025-10-28 14:58:17,677 [INFO] [开始读取数据库表：sales_invoice_data]
2025-10-28 14:58:17,712 [INFO] [成功读取表 sales_invoice_data，数据行数：1879]
2025-10-28 15:28:33,584 [INFO] [数据库引擎创建成功]
2025-10-28 15:28:33,584 [INFO] [开始读取数据库表：order_data]
2025-10-28 15:28:33,892 [INFO] [成功读取表 order_data，数据行数：15799]
2025-10-28 15:28:34,035 [INFO] [开始读取数据库表：sales_data]
2025-10-28 15:28:35,809 [INFO] [成功读取表 sales_data，数据行数：20998]
2025-10-28 15:28:37,767 [INFO] [开始读取数据库表：jingpin_data]
2025-10-28 15:28:37,943 [INFO] [成功读取表 jingpin_data，数据行数：3997]
2025-10-28 15:28:38,007 [INFO] [开始读取数据库表：inventory_data]
2025-10-28 15:28:38,206 [INFO] [成功读取表 inventory_data，数据行数：1849]
2025-10-28 15:28:38,206 [INFO] [开始读取数据库表：tuiding_data]
2025-10-28 15:28:38,354 [INFO] [成功读取表 tuiding_data，数据行数：2885]
2025-10-28 15:28:38,355 [INFO] [开始读取数据库表：debit_data]
2025-10-28 15:28:39,282 [INFO] [成功读取表 debit_data，数据行数：12907]
2025-10-28 15:28:39,583 [INFO] [开始读取数据库表：sales_invoice_data]
2025-10-28 15:28:40,370 [INFO] [成功读取表 sales_invoice_data，数据行数：14689]
2025-10-28 15:41:58,814 [INFO] [数据库引擎创建成功]
2025-10-28 15:41:58,814 [INFO] [开始读取数据库表：order_data]
2025-10-28 15:41:59,162 [INFO] [成功读取表 order_data，数据行数：18786]
2025-10-28 15:41:59,286 [INFO] [开始读取数据库表：sales_data]
2025-10-28 15:42:00,989 [INFO] [成功读取表 sales_data，数据行数：23343]
2025-10-28 15:42:01,743 [INFO] [开始读取数据库表：jingpin_data]
2025-10-28 15:42:01,830 [INFO] [成功读取表 jingpin_data，数据行数：4727]
2025-10-28 15:42:01,851 [INFO] [开始读取数据库表：inventory_data]
2025-10-28 15:42:01,988 [INFO] [成功读取表 inventory_data，数据行数：5729]
2025-10-28 15:42:01,988 [INFO] [开始读取数据库表：tuiding_data]
2025-10-28 15:42:02,036 [INFO] [成功读取表 tuiding_data，数据行数：3467]
2025-10-28 15:42:02,036 [INFO] [开始读取数据库表：debit_data]
2025-10-28 15:42:02,356 [INFO] [成功读取表 debit_data，数据行数：16055]
2025-10-28 15:42:02,497 [INFO] [开始读取数据库表：sales_invoice_data]
2025-10-28 15:42:02,796 [INFO] [成功读取表 sales_invoice_data，数据行数：16835]
2025-10-28 15:59:02,533 [INFO] [数据库引擎创建成功]
2025-10-28 15:59:02,534 [INFO] [开始读取数据库表：order_data]
2025-10-28 15:59:03,040 [INFO] [成功读取表 order_data，数据行数：18786]
2025-10-28 15:59:03,270 [INFO] [开始读取数据库表：sales_data]
2025-10-28 15:59:08,001 [INFO] [成功读取表 sales_data，数据行数：23343]
2025-10-28 15:59:09,995 [INFO] [开始读取数据库表：jingpin_data]
2025-10-28 15:59:10,277 [INFO] [成功读取表 jingpin_data，数据行数：4727]
2025-10-28 15:59:10,341 [INFO] [开始读取数据库表：inventory_data]
2025-10-28 15:59:10,866 [INFO] [成功读取表 inventory_data，数据行数：5729]
2025-10-28 15:59:10,866 [INFO] [开始读取数据库表：tuiding_data]
2025-10-28 15:59:11,047 [INFO] [成功读取表 tuiding_data，数据行数：3467]
2025-10-28 15:59:11,047 [INFO] [开始读取数据库表：debit_data]
2025-10-28 15:59:12,296 [INFO] [成功读取表 debit_data，数据行数：16055]
2025-10-28 15:59:12,665 [INFO] [开始读取数据库表：sales_invoice_data]
2025-10-28 15:59:15,408 [INFO] [成功读取表 sales_invoice_data，数据行数：16835]
2025-10-28 16:29:05,203 [INFO] [数据库引擎创建成功]
2025-10-28 16:29:05,204 [INFO] [开始读取数据库表：order_data]
2025-10-28 16:29:05,620 [INFO] [成功读取表 order_data，数据行数：18786]
2025-10-28 16:29:05,789 [INFO] [开始读取数据库表：sales_data]
2025-10-28 16:29:10,067 [INFO] [成功读取表 sales_data，数据行数：23353]
2025-10-28 16:29:12,145 [INFO] [开始读取数据库表：jingpin_data]
2025-10-28 16:29:12,386 [INFO] [成功读取表 jingpin_data，数据行数：4727]
2025-10-28 16:29:12,423 [INFO] [开始读取数据库表：inventory_data]
2025-10-28 16:29:12,940 [INFO] [成功读取表 inventory_data，数据行数：5730]
2025-10-28 16:29:12,941 [INFO] [开始读取数据库表：tuiding_data]
2025-10-28 16:29:13,145 [INFO] [成功读取表 tuiding_data，数据行数：3467]
2025-10-28 16:29:13,145 [INFO] [开始读取数据库表：debit_data]
2025-10-28 16:29:14,402 [INFO] [成功读取表 debit_data，数据行数：16056]
2025-10-28 16:29:14,840 [INFO] [开始读取数据库表：sales_invoice_data]
2025-10-28 16:29:15,964 [INFO] [成功读取表 sales_invoice_data，数据行数：16852]
2025-10-28 16:58:42,596 [INFO] [数据库引擎创建成功]
2025-10-28 16:58:42,597 [INFO] [开始读取数据库表：order_data]
2025-10-28 16:58:42,974 [INFO] [成功读取表 order_data，数据行数：18788]
2025-10-28 16:58:43,443 [INFO] [开始读取数据库表：sales_data]
2025-10-28 16:58:47,073 [INFO] [成功读取表 sales_data，数据行数：23366]
2025-10-28 16:58:49,013 [INFO] [开始读取数据库表：jingpin_data]
2025-10-28 16:58:49,251 [INFO] [成功读取表 jingpin_data，数据行数：4727]
2025-10-28 16:58:49,329 [INFO] [开始读取数据库表：inventory_data]
2025-10-28 16:58:49,810 [INFO] [成功读取表 inventory_data，数据行数：5731]
2025-10-28 16:58:49,811 [INFO] [开始读取数据库表：tuiding_data]
2025-10-28 16:58:49,962 [INFO] [成功读取表 tuiding_data，数据行数：3472]
2025-10-28 16:58:49,963 [INFO] [开始读取数据库表：debit_data]
2025-10-28 16:58:51,087 [INFO] [成功读取表 debit_data，数据行数：16057]
2025-10-28 16:58:51,476 [INFO] [开始读取数据库表：sales_invoice_data]
2025-10-28 16:58:52,587 [INFO] [成功读取表 sales_invoice_data，数据行数：16858]
2025-10-28 17:02:55,791 [INFO] [数据库引擎创建成功]
2025-10-28 17:02:55,791 [INFO] [开始读取数据库表：order_data]
2025-10-28 17:02:56,393 [INFO] [成功读取表 order_data，数据行数：18788]
2025-10-28 17:02:56,570 [INFO] [开始读取数据库表：sales_data]
2025-10-28 17:02:59,257 [INFO] [成功读取表 sales_data，数据行数：23366]
2025-10-28 17:03:00,344 [INFO] [开始读取数据库表：jingpin_data]
2025-10-28 17:03:00,468 [INFO] [成功读取表 jingpin_data，数据行数：4727]
2025-10-28 17:03:00,498 [INFO] [开始读取数据库表：inventory_data]
2025-10-28 17:03:00,749 [INFO] [成功读取表 inventory_data，数据行数：5731]
2025-10-28 17:03:00,749 [INFO] [开始读取数据库表：tuiding_data]
2025-10-28 17:03:00,815 [INFO] [成功读取表 tuiding_data，数据行数：3472]
2025-10-28 17:03:00,815 [INFO] [开始读取数据库表：debit_data]
2025-10-28 17:03:01,412 [INFO] [成功读取表 debit_data，数据行数：16057]
2025-10-28 17:03:01,617 [INFO] [开始读取数据库表：sales_invoice_data]
2025-10-28 17:03:02,145 [INFO] [成功读取表 sales_invoice_data，数据行数：16858]
2025-10-28 17:28:54,257 [INFO] [数据库引擎创建成功]
2025-10-28 17:28:54,257 [INFO] [开始读取数据库表：order_data]
2025-10-28 17:28:54,784 [INFO] [成功读取表 order_data，数据行数：18779]
2025-10-28 17:28:54,963 [INFO] [开始读取数据库表：sales_data]
2025-10-28 17:28:58,519 [INFO] [成功读取表 sales_data，数据行数：23370]
2025-10-28 17:29:00,312 [INFO] [开始读取数据库表：jingpin_data]
2025-10-28 17:29:00,540 [INFO] [成功读取表 jingpin_data，数据行数：4731]
2025-10-28 17:29:00,576 [INFO] [开始读取数据库表：inventory_data]
2025-10-28 17:29:00,959 [INFO] [成功读取表 inventory_data，数据行数：5731]
2025-10-28 17:29:00,959 [INFO] [开始读取数据库表：tuiding_data]
2025-10-28 17:29:01,087 [INFO] [成功读取表 tuiding_data，数据行数：3481]
2025-10-28 17:29:01,087 [INFO] [开始读取数据库表：debit_data]
2025-10-28 17:29:02,063 [INFO] [成功读取表 debit_data，数据行数：16057]
2025-10-28 17:29:02,428 [INFO] [开始读取数据库表：sales_invoice_data]
2025-10-28 17:29:03,291 [INFO] [成功读取表 sales_invoice_data，数据行数：16863]
2025-10-28 17:59:11,382 [INFO] [数据库引擎创建成功]
2025-10-28 17:59:11,384 [INFO] [开始读取数据库表：order_data]
2025-10-28 17:59:14,456 [INFO] [成功读取表 order_data，数据行数：18779]
2025-10-28 17:59:14,809 [INFO] [开始读取数据库表：sales_data]
2025-10-28 17:59:20,113 [INFO] [成功读取表 sales_data，数据行数：23376]
2025-10-28 17:59:22,075 [INFO] [开始读取数据库表：jingpin_data]
2025-10-28 17:59:22,353 [INFO] [成功读取表 jingpin_data，数据行数：4737]
2025-10-28 17:59:22,424 [INFO] [开始读取数据库表：inventory_data]
2025-10-28 17:59:22,929 [INFO] [成功读取表 inventory_data，数据行数：5731]
2025-10-28 17:59:22,929 [INFO] [开始读取数据库表：tuiding_data]
2025-10-28 17:59:23,112 [INFO] [成功读取表 tuiding_data，数据行数：3481]
2025-10-28 17:59:23,112 [INFO] [开始读取数据库表：debit_data]
2025-10-28 17:59:24,308 [INFO] [成功读取表 debit_data，数据行数：16057]
2025-10-28 17:59:24,692 [INFO] [开始读取数据库表：sales_invoice_data]
2025-10-28 17:59:25,825 [INFO] [成功读取表 sales_invoice_data，数据行数：16870]
2025-10-28 18:28:48,753 [INFO] [数据库引擎创建成功]
2025-10-28 18:28:48,763 [INFO] [开始读取数据库表：order_data]
2025-10-28 18:28:49,550 [INFO] [成功读取表 order_data，数据行数：18791]
2025-10-28 18:28:49,760 [INFO] [开始读取数据库表：sales_data]
2025-10-28 18:28:56,337 [INFO] [成功读取表 sales_data，数据行数：23381]
2025-10-28 18:28:58,297 [INFO] [开始读取数据库表：jingpin_data]
2025-10-28 18:28:58,563 [INFO] [成功读取表 jingpin_data，数据行数：4737]
2025-10-28 18:28:58,593 [INFO] [开始读取数据库表：inventory_data]
2025-10-28 18:28:59,089 [INFO] [成功读取表 inventory_data，数据行数：5731]
2025-10-28 18:28:59,089 [INFO] [开始读取数据库表：tuiding_data]
2025-10-28 18:28:59,262 [INFO] [成功读取表 tuiding_data，数据行数：3481]
2025-10-28 18:28:59,262 [INFO] [开始读取数据库表：debit_data]
2025-10-28 18:29:00,536 [INFO] [成功读取表 debit_data，数据行数：16057]
2025-10-28 18:29:00,891 [INFO] [开始读取数据库表：sales_invoice_data]
2025-10-28 18:29:02,067 [INFO] [成功读取表 sales_invoice_data，数据行数：16878]
2025-10-28 18:58:50,159 [INFO] [数据库引擎创建成功]
2025-10-28 18:58:50,159 [INFO] [开始读取数据库表：order_data]
2025-10-28 18:58:51,175 [INFO] [成功读取表 order_data，数据行数：18793]
2025-10-28 18:58:51,539 [INFO] [开始读取数据库表：sales_data]
2025-10-28 18:58:58,311 [INFO] [成功读取表 sales_data，数据行数：23382]
2025-10-28 18:59:00,297 [INFO] [开始读取数据库表：jingpin_data]
2025-10-28 18:59:00,582 [INFO] [成功读取表 jingpin_data，数据行数：4737]
2025-10-28 18:59:00,651 [INFO] [开始读取数据库表：inventory_data]
2025-10-28 18:59:01,146 [INFO] [成功读取表 inventory_data，数据行数：5731]
2025-10-28 18:59:01,146 [INFO] [开始读取数据库表：tuiding_data]
2025-10-28 18:59:01,324 [INFO] [成功读取表 tuiding_data，数据行数：3482]
2025-10-28 18:59:01,324 [INFO] [开始读取数据库表：debit_data]
2025-10-28 18:59:02,539 [INFO] [成功读取表 debit_data，数据行数：16057]
2025-10-28 18:59:02,896 [INFO] [开始读取数据库表：sales_invoice_data]
2025-10-28 18:59:04,062 [INFO] [成功读取表 sales_invoice_data，数据行数：16881]
2025-10-28 19:29:02,852 [INFO] [数据库引擎创建成功]
2025-10-28 19:29:02,853 [INFO] [开始读取数据库表：order_data]
2025-10-28 19:29:03,403 [INFO] [成功读取表 order_data，数据行数：18795]
2025-10-28 19:29:03,573 [INFO] [开始读取数据库表：sales_data]
2025-10-28 19:29:08,302 [INFO] [成功读取表 sales_data，数据行数：23382]
2025-10-28 19:29:10,253 [INFO] [开始读取数据库表：jingpin_data]
2025-10-28 19:29:10,534 [INFO] [成功读取表 jingpin_data，数据行数：4737]
2025-10-28 19:29:10,596 [INFO] [开始读取数据库表：inventory_data]
2025-10-28 19:29:11,946 [INFO] [成功读取表 inventory_data，数据行数：5731]
2025-10-28 19:29:11,946 [INFO] [开始读取数据库表：tuiding_data]
2025-10-28 19:29:12,209 [INFO] [成功读取表 tuiding_data，数据行数：3482]
2025-10-28 19:29:12,210 [INFO] [开始读取数据库表：debit_data]
2025-10-28 19:29:13,406 [INFO] [成功读取表 debit_data，数据行数：16057]
2025-10-28 19:29:13,795 [INFO] [开始读取数据库表：sales_invoice_data]
2025-10-28 19:29:14,963 [INFO] [成功读取表 sales_invoice_data，数据行数：16883]
2025-10-28 19:59:04,048 [INFO] [数据库引擎创建成功]
2025-10-28 19:59:04,059 [INFO] [开始读取数据库表：order_data]
2025-10-28 19:59:04,894 [INFO] [成功读取表 order_data，数据行数：18794]
2025-10-28 19:59:05,241 [INFO] [开始读取数据库表：sales_data]
2025-10-28 19:59:10,556 [INFO] [成功读取表 sales_data，数据行数：23382]
2025-10-28 19:59:13,526 [INFO] [开始读取数据库表：jingpin_data]
2025-10-28 19:59:13,845 [INFO] [成功读取表 jingpin_data，数据行数：4737]
2025-10-28 19:59:13,905 [INFO] [开始读取数据库表：inventory_data]
2025-10-28 19:59:14,390 [INFO] [成功读取表 inventory_data，数据行数：5731]
2025-10-28 19:59:14,390 [INFO] [开始读取数据库表：tuiding_data]
2025-10-28 19:59:14,577 [INFO] [成功读取表 tuiding_data，数据行数：3485]
2025-10-28 19:59:14,577 [INFO] [开始读取数据库表：debit_data]
2025-10-28 19:59:15,858 [INFO] [成功读取表 debit_data，数据行数：16057]
2025-10-28 19:59:16,288 [INFO] [开始读取数据库表：sales_invoice_data]
2025-10-28 19:59:17,488 [INFO] [成功读取表 sales_invoice_data，数据行数：16885]
2025-10-28 20:29:06,019 [INFO] [数据库引擎创建成功]
2025-10-28 20:29:06,029 [INFO] [开始读取数据库表：order_data]
2025-10-28 20:29:06,969 [INFO] [成功读取表 order_data，数据行数：18795]
2025-10-28 20:29:07,310 [INFO] [开始读取数据库表：sales_data]
2025-10-28 20:29:12,633 [INFO] [成功读取表 sales_data，数据行数：23383]
2025-10-28 20:29:15,973 [INFO] [开始读取数据库表：jingpin_data]
2025-10-28 20:29:16,295 [INFO] [成功读取表 jingpin_data，数据行数：4737]
2025-10-28 20:29:16,332 [INFO] [开始读取数据库表：inventory_data]
2025-10-28 20:29:16,841 [INFO] [成功读取表 inventory_data，数据行数：5731]
2025-10-28 20:29:16,841 [INFO] [开始读取数据库表：tuiding_data]
2025-10-28 20:29:17,021 [INFO] [成功读取表 tuiding_data，数据行数：3485]
2025-10-28 20:29:17,021 [INFO] [开始读取数据库表：debit_data]
2025-10-28 20:29:18,244 [INFO] [成功读取表 debit_data，数据行数：16057]
2025-10-28 20:29:18,583 [INFO] [开始读取数据库表：sales_invoice_data]
2025-10-28 20:29:19,821 [INFO] [成功读取表 sales_invoice_data，数据行数：16887]
2025-10-28 20:58:51,625 [INFO] [数据库引擎创建成功]
2025-10-28 20:58:51,625 [INFO] [开始读取数据库表：order_data]
2025-10-28 20:58:52,407 [INFO] [成功读取表 order_data，数据行数：18795]
2025-10-28 20:58:52,727 [INFO] [开始读取数据库表：sales_data]
2025-10-28 20:58:57,959 [INFO] [成功读取表 sales_data，数据行数：23384]
2025-10-28 20:59:01,074 [INFO] [开始读取数据库表：jingpin_data]
2025-10-28 20:59:01,347 [INFO] [成功读取表 jingpin_data，数据行数：4739]
2025-10-28 20:59:01,414 [INFO] [开始读取数据库表：inventory_data]
2025-10-28 20:59:01,933 [INFO] [成功读取表 inventory_data，数据行数：5731]
2025-10-28 20:59:01,933 [INFO] [开始读取数据库表：tuiding_data]
2025-10-28 20:59:02,119 [INFO] [成功读取表 tuiding_data，数据行数：3485]
2025-10-28 20:59:02,119 [INFO] [开始读取数据库表：debit_data]
2025-10-28 20:59:03,337 [INFO] [成功读取表 debit_data，数据行数：16057]
2025-10-28 20:59:03,757 [INFO] [开始读取数据库表：sales_invoice_data]
2025-10-28 20:59:04,898 [INFO] [成功读取表 sales_invoice_data，数据行数：16888]
2025-10-28 21:28:59,173 [INFO] [数据库引擎创建成功]
2025-10-28 21:28:59,183 [INFO] [开始读取数据库表：order_data]
2025-10-28 21:29:01,435 [INFO] [成功读取表 order_data，数据行数：18797]
2025-10-28 21:29:01,771 [INFO] [开始读取数据库表：sales_data]
2025-10-28 21:29:07,177 [INFO] [成功读取表 sales_data，数据行数：23386]
2025-10-28 21:29:09,289 [INFO] [开始读取数据库表：jingpin_data]
2025-10-28 21:29:09,555 [INFO] [成功读取表 jingpin_data，数据行数：4739]
2025-10-28 21:29:09,627 [INFO] [开始读取数据库表：inventory_data]
2025-10-28 21:29:10,164 [INFO] [成功读取表 inventory_data，数据行数：5732]
2025-10-28 21:29:10,165 [INFO] [开始读取数据库表：tuiding_data]
2025-10-28 21:29:10,351 [INFO] [成功读取表 tuiding_data，数据行数：3485]
2025-10-28 21:29:10,351 [INFO] [开始读取数据库表：debit_data]
2025-10-28 21:29:11,591 [INFO] [成功读取表 debit_data，数据行数：16059]
2025-10-28 21:29:11,969 [INFO] [开始读取数据库表：sales_invoice_data]
2025-10-28 21:29:13,144 [INFO] [成功读取表 sales_invoice_data，数据行数：16891]
2025-10-28 21:58:56,148 [INFO] [数据库引擎创建成功]
2025-10-28 21:58:56,148 [INFO] [开始读取数据库表：order_data]
2025-10-28 21:58:57,150 [INFO] [成功读取表 order_data，数据行数：18798]
2025-10-28 21:58:57,511 [INFO] [开始读取数据库表：sales_data]
2025-10-28 21:59:04,456 [INFO] [成功读取表 sales_data，数据行数：23386]
2025-10-28 21:59:06,511 [INFO] [开始读取数据库表：jingpin_data]
2025-10-28 21:59:06,812 [INFO] [成功读取表 jingpin_data，数据行数：4739]
2025-10-28 21:59:06,890 [INFO] [开始读取数据库表：inventory_data]
2025-10-28 21:59:07,404 [INFO] [成功读取表 inventory_data，数据行数：5864]
2025-10-28 21:59:07,404 [INFO] [开始读取数据库表：tuiding_data]
2025-10-28 21:59:07,594 [INFO] [成功读取表 tuiding_data，数据行数：3485]
2025-10-28 21:59:07,594 [INFO] [开始读取数据库表：debit_data]
2025-10-28 21:59:08,797 [INFO] [成功读取表 debit_data，数据行数：16125]
2025-10-28 21:59:09,202 [INFO] [开始读取数据库表：sales_invoice_data]
2025-10-28 21:59:10,340 [INFO] [成功读取表 sales_invoice_data，数据行数：16904]
2025-10-28 22:28:54,257 [INFO] [数据库引擎创建成功]
2025-10-28 22:28:54,257 [INFO] [开始读取数据库表：order_data]
2025-10-28 22:28:55,246 [INFO] [成功读取表 order_data，数据行数：18799]
2025-10-28 22:28:55,589 [INFO] [开始读取数据库表：sales_data]
2025-10-28 22:29:00,836 [INFO] [成功读取表 sales_data，数据行数：23386]
2025-10-28 22:29:04,218 [INFO] [开始读取数据库表：jingpin_data]
2025-10-28 22:29:04,480 [INFO] [成功读取表 jingpin_data，数据行数：4739]
2025-10-28 22:29:04,559 [INFO] [开始读取数据库表：inventory_data]
2025-10-28 22:29:05,083 [INFO] [成功读取表 inventory_data，数据行数：5864]
2025-10-28 22:29:05,083 [INFO] [开始读取数据库表：tuiding_data]
2025-10-28 22:29:05,268 [INFO] [成功读取表 tuiding_data，数据行数：3485]
2025-10-28 22:29:05,268 [INFO] [开始读取数据库表：debit_data]
2025-10-28 22:29:06,537 [INFO] [成功读取表 debit_data，数据行数：16125]
2025-10-28 22:29:06,945 [INFO] [开始读取数据库表：sales_invoice_data]
2025-10-28 22:29:08,091 [INFO] [成功读取表 sales_invoice_data，数据行数：16906]
2025-10-28 22:58:39,717 [INFO] [数据库引擎创建成功]
2025-10-28 22:58:39,718 [INFO] [开始读取数据库表：order_data]
2025-10-28 22:58:40,497 [INFO] [成功读取表 order_data，数据行数：18799]
2025-10-28 22:58:40,690 [INFO] [开始读取数据库表：sales_data]
2025-10-28 22:58:45,883 [INFO] [成功读取表 sales_data，数据行数：23386]
2025-10-28 22:58:48,049 [INFO] [开始读取数据库表：jingpin_data]
2025-10-28 22:58:48,769 [INFO] [成功读取表 jingpin_data，数据行数：4739]
2025-10-28 22:58:48,907 [INFO] [开始读取数据库表：inventory_data]
2025-10-28 22:58:49,592 [INFO] [成功读取表 inventory_data，数据行数：5864]
2025-10-28 22:58:49,592 [INFO] [开始读取数据库表：tuiding_data]
2025-10-28 22:58:49,757 [INFO] [成功读取表 tuiding_data，数据行数：3485]
2025-10-28 22:58:49,757 [INFO] [开始读取数据库表：debit_data]
2025-10-28 22:58:50,990 [INFO] [成功读取表 debit_data，数据行数：16125]
2025-10-28 22:58:51,380 [INFO] [开始读取数据库表：sales_invoice_data]
2025-10-28 22:58:52,588 [INFO] [成功读取表 sales_invoice_data，数据行数：16906]
2025-10-28 23:28:43,291 [INFO] [数据库引擎创建成功]
2025-10-28 23:28:43,300 [INFO] [开始读取数据库表：order_data]
2025-10-28 23:28:43,897 [INFO] [成功读取表 order_data，数据行数：18799]
2025-10-28 23:28:44,080 [INFO] [开始读取数据库表：sales_data]
2025-10-28 23:28:50,225 [INFO] [成功读取表 sales_data，数据行数：23386]
2025-10-28 23:28:52,313 [INFO] [开始读取数据库表：jingpin_data]
2025-10-28 23:28:52,604 [INFO] [成功读取表 jingpin_data，数据行数：4739]
2025-10-28 23:28:52,645 [INFO] [开始读取数据库表：inventory_data]
2025-10-28 23:28:53,183 [INFO] [成功读取表 inventory_data，数据行数：5880]
2025-10-28 23:28:53,183 [INFO] [开始读取数据库表：tuiding_data]
2025-10-28 23:28:53,369 [INFO] [成功读取表 tuiding_data，数据行数：3485]
2025-10-28 23:28:53,369 [INFO] [开始读取数据库表：debit_data]
2025-10-28 23:28:54,607 [INFO] [成功读取表 debit_data，数据行数：16133]
2025-10-28 23:28:54,976 [INFO] [开始读取数据库表：sales_invoice_data]
2025-10-28 23:28:56,122 [INFO] [成功读取表 sales_invoice_data，数据行数：16906]
2025-10-28 23:58:40,210 [INFO] [数据库引擎创建成功]
2025-10-28 23:58:40,211 [INFO] [开始读取数据库表：order_data]
2025-10-28 23:58:41,008 [INFO] [成功读取表 order_data，数据行数：18799]
2025-10-28 23:58:41,233 [INFO] [开始读取数据库表：sales_data]
2025-10-28 23:58:46,441 [INFO] [成功读取表 sales_data，数据行数：23386]
2025-10-28 23:58:48,385 [INFO] [开始读取数据库表：jingpin_data]
2025-10-28 23:58:48,651 [INFO] [成功读取表 jingpin_data，数据行数：4739]
2025-10-28 23:58:48,693 [INFO] [开始读取数据库表：inventory_data]
2025-10-28 23:58:49,180 [INFO] [成功读取表 inventory_data，数据行数：5880]
2025-10-28 23:58:49,180 [INFO] [开始读取数据库表：tuiding_data]
2025-10-28 23:58:49,364 [INFO] [成功读取表 tuiding_data，数据行数：3485]
2025-10-28 23:58:49,364 [INFO] [开始读取数据库表：debit_data]
2025-10-28 23:58:51,664 [INFO] [成功读取表 debit_data，数据行数：16133]
2025-10-28 23:58:52,022 [INFO] [开始读取数据库表：sales_invoice_data]
2025-10-28 23:58:53,187 [INFO] [成功读取表 sales_invoice_data，数据行数：16906]
