2025-10-13 09:10:59,295 [INFO] [数据库引擎创建成功]
2025-10-13 09:10:59,295 [INFO] [开始读取数据库表：order_data]
2025-10-13 09:10:59,675 [INFO] [成功读取表 order_data，数据行数：17679]
2025-10-13 09:10:59,839 [INFO] [开始读取数据库表：sales_data]
2025-10-13 09:11:02,046 [INFO] [成功读取表 sales_data，数据行数：21380]
2025-10-13 09:11:03,089 [INFO] [开始读取数据库表：jingpin_data]
2025-10-13 09:11:03,172 [INFO] [成功读取表 jingpin_data，数据行数：4180]
2025-10-13 09:11:03,222 [INFO] [开始读取数据库表：inventory_data]
2025-10-13 09:11:03,401 [INFO] [成功读取表 inventory_data，数据行数：4581]
2025-10-13 09:11:03,401 [INFO] [开始读取数据库表：tuiding_data]
2025-10-13 09:11:03,470 [INFO] [成功读取表 tuiding_data，数据行数：3059]
2025-10-13 09:11:03,470 [INFO] [开始读取数据库表：debit_data]
2025-10-13 09:11:03,921 [INFO] [成功读取表 debit_data，数据行数：13087]
2025-10-13 09:11:04,144 [INFO] [开始读取数据库表：sales_invoice_data]
2025-10-13 09:11:04,578 [INFO] [成功读取表 sales_invoice_data，数据行数：15190]
2025-10-13 09:17:45,797 [INFO] [数据库引擎创建成功]
2025-10-13 09:17:45,797 [INFO] [开始读取数据库表：order_data]
2025-10-13 09:17:46,307 [INFO] [成功读取表 order_data，数据行数：17679]
2025-10-13 09:17:46,477 [INFO] [开始读取数据库表：sales_data]
2025-10-13 09:17:48,508 [INFO] [成功读取表 sales_data，数据行数：21380]
2025-10-13 09:17:49,305 [INFO] [开始读取数据库表：jingpin_data]
2025-10-13 09:17:49,373 [INFO] [成功读取表 jingpin_data，数据行数：4180]
2025-10-13 09:17:49,404 [INFO] [开始读取数据库表：inventory_data]
2025-10-13 09:17:49,572 [INFO] [成功读取表 inventory_data，数据行数：4581]
2025-10-13 09:17:49,572 [INFO] [开始读取数据库表：tuiding_data]
2025-10-13 09:17:49,630 [INFO] [成功读取表 tuiding_data，数据行数：3059]
2025-10-13 09:17:49,630 [INFO] [开始读取数据库表：debit_data]
2025-10-13 09:17:50,035 [INFO] [成功读取表 debit_data，数据行数：13087]
2025-10-13 09:17:50,214 [INFO] [开始读取数据库表：sales_invoice_data]
2025-10-13 09:17:50,572 [INFO] [成功读取表 sales_invoice_data，数据行数：15190]
2025-10-13 10:17:08,969 [INFO] [数据库引擎创建成功]
2025-10-13 10:17:08,969 [INFO] [开始读取数据库表：order_data]
2025-10-13 10:17:09,397 [INFO] [成功读取表 order_data，数据行数：17679]
2025-10-13 10:17:09,536 [INFO] [开始读取数据库表：sales_data]
2025-10-13 10:17:11,103 [INFO] [成功读取表 sales_data，数据行数：21380]
2025-10-13 10:17:11,782 [INFO] [开始读取数据库表：jingpin_data]
2025-10-13 10:17:11,833 [INFO] [成功读取表 jingpin_data，数据行数：4180]
2025-10-13 10:17:11,864 [INFO] [开始读取数据库表：inventory_data]
2025-10-13 10:17:11,977 [INFO] [成功读取表 inventory_data，数据行数：4581]
2025-10-13 10:17:11,977 [INFO] [开始读取数据库表：tuiding_data]
2025-10-13 10:17:12,015 [INFO] [成功读取表 tuiding_data，数据行数：3059]
2025-10-13 10:17:12,015 [INFO] [开始读取数据库表：debit_data]
2025-10-13 10:17:12,308 [INFO] [成功读取表 debit_data，数据行数：13087]
2025-10-13 10:17:12,463 [INFO] [开始读取数据库表：sales_invoice_data]
2025-10-13 10:17:12,738 [INFO] [成功读取表 sales_invoice_data，数据行数：15190]
2025-10-13 10:25:45,825 [INFO] [数据库引擎创建成功]
2025-10-13 10:25:45,825 [INFO] [开始读取数据库表：order_data]
2025-10-13 10:25:46,170 [INFO] [成功读取表 order_data，数据行数：17679]
2025-10-13 10:25:46,296 [INFO] [开始读取数据库表：sales_data]
2025-10-13 10:25:47,847 [INFO] [成功读取表 sales_data，数据行数：21380]
2025-10-13 10:25:48,611 [INFO] [开始读取数据库表：jingpin_data]
2025-10-13 10:25:48,664 [INFO] [成功读取表 jingpin_data，数据行数：4180]
2025-10-13 10:25:48,689 [INFO] [开始读取数据库表：inventory_data]
2025-10-13 10:25:48,801 [INFO] [成功读取表 inventory_data，数据行数：4581]
2025-10-13 10:25:48,801 [INFO] [开始读取数据库表：tuiding_data]
2025-10-13 10:25:48,840 [INFO] [成功读取表 tuiding_data，数据行数：3059]
2025-10-13 10:25:48,840 [INFO] [开始读取数据库表：debit_data]
2025-10-13 10:25:49,126 [INFO] [成功读取表 debit_data，数据行数：13087]
2025-10-13 10:25:49,264 [INFO] [开始读取数据库表：sales_invoice_data]
2025-10-13 10:25:49,539 [INFO] [成功读取表 sales_invoice_data，数据行数：15190]
2025-10-13 10:27:00,028 [INFO] [数据库引擎创建成功]
2025-10-13 10:27:00,029 [INFO] [开始读取数据库表：order_data]
2025-10-13 10:27:00,350 [INFO] [成功读取表 order_data，数据行数：17679]
2025-10-13 10:27:00,466 [INFO] [开始读取数据库表：sales_data]
2025-10-13 10:27:02,014 [INFO] [成功读取表 sales_data，数据行数：21380]
2025-10-13 10:27:02,638 [INFO] [开始读取数据库表：jingpin_data]
2025-10-13 10:27:02,688 [INFO] [成功读取表 jingpin_data，数据行数：4180]
2025-10-13 10:27:02,711 [INFO] [开始读取数据库表：inventory_data]
2025-10-13 10:27:02,833 [INFO] [成功读取表 inventory_data，数据行数：4581]
2025-10-13 10:27:02,833 [INFO] [开始读取数据库表：tuiding_data]
2025-10-13 10:27:02,872 [INFO] [成功读取表 tuiding_data，数据行数：3059]
2025-10-13 10:27:02,872 [INFO] [开始读取数据库表：debit_data]
2025-10-13 10:27:03,162 [INFO] [成功读取表 debit_data，数据行数：13087]
2025-10-13 10:27:03,292 [INFO] [开始读取数据库表：sales_invoice_data]
2025-10-13 10:27:03,563 [INFO] [成功读取表 sales_invoice_data，数据行数：15190]
2025-10-13 10:28:07,629 [INFO] [数据库引擎创建成功]
2025-10-13 10:28:07,629 [INFO] [开始读取数据库表：order_data]
2025-10-13 10:28:07,962 [INFO] [成功读取表 order_data，数据行数：17679]
2025-10-13 10:28:08,082 [INFO] [开始读取数据库表：sales_data]
2025-10-13 10:28:09,611 [INFO] [成功读取表 sales_data，数据行数：21380]
2025-10-13 10:28:10,346 [INFO] [开始读取数据库表：jingpin_data]
2025-10-13 10:28:10,402 [INFO] [成功读取表 jingpin_data，数据行数：4180]
2025-10-13 10:28:10,426 [INFO] [开始读取数据库表：inventory_data]
2025-10-13 10:28:10,533 [INFO] [成功读取表 inventory_data，数据行数：4581]
2025-10-13 10:28:10,533 [INFO] [开始读取数据库表：tuiding_data]
2025-10-13 10:28:10,572 [INFO] [成功读取表 tuiding_data，数据行数：3059]
2025-10-13 10:28:10,572 [INFO] [开始读取数据库表：debit_data]
2025-10-13 10:28:10,854 [INFO] [成功读取表 debit_data，数据行数：13087]
2025-10-13 10:28:10,976 [INFO] [开始读取数据库表：sales_invoice_data]
2025-10-13 10:28:11,264 [INFO] [成功读取表 sales_invoice_data，数据行数：15190]
2025-10-13 10:30:05,378 [INFO] [数据库引擎创建成功]
2025-10-13 10:30:05,379 [INFO] [开始读取数据库表：order_data]
2025-10-13 10:30:05,722 [INFO] [成功读取表 order_data，数据行数：17679]
2025-10-13 10:30:05,839 [INFO] [开始读取数据库表：sales_data]
2025-10-13 10:30:07,451 [INFO] [成功读取表 sales_data，数据行数：21380]
2025-10-13 10:30:08,281 [INFO] [开始读取数据库表：jingpin_data]
2025-10-13 10:30:08,334 [INFO] [成功读取表 jingpin_data，数据行数：4180]
2025-10-13 10:30:08,355 [INFO] [开始读取数据库表：inventory_data]
2025-10-13 10:30:08,483 [INFO] [成功读取表 inventory_data，数据行数：4581]
2025-10-13 10:30:08,483 [INFO] [开始读取数据库表：tuiding_data]
2025-10-13 10:30:08,527 [INFO] [成功读取表 tuiding_data，数据行数：3059]
2025-10-13 10:30:08,527 [INFO] [开始读取数据库表：debit_data]
2025-10-13 10:30:08,821 [INFO] [成功读取表 debit_data，数据行数：13087]
2025-10-13 10:30:08,952 [INFO] [开始读取数据库表：sales_invoice_data]
2025-10-13 10:30:09,216 [INFO] [成功读取表 sales_invoice_data，数据行数：15190]
2025-10-13 10:32:20,828 [INFO] [数据库引擎创建成功]
2025-10-13 10:32:20,828 [INFO] [开始读取数据库表：order_data]
2025-10-13 10:32:21,165 [INFO] [成功读取表 order_data，数据行数：17679]
2025-10-13 10:32:21,276 [INFO] [开始读取数据库表：sales_data]
2025-10-13 10:32:22,915 [INFO] [成功读取表 sales_data，数据行数：21380]
2025-10-13 10:32:23,716 [INFO] [开始读取数据库表：jingpin_data]
2025-10-13 10:32:23,780 [INFO] [成功读取表 jingpin_data，数据行数：4180]
2025-10-13 10:32:23,805 [INFO] [开始读取数据库表：inventory_data]
2025-10-13 10:32:23,936 [INFO] [成功读取表 inventory_data，数据行数：4581]
2025-10-13 10:32:23,936 [INFO] [开始读取数据库表：tuiding_data]
2025-10-13 10:32:23,985 [INFO] [成功读取表 tuiding_data，数据行数：3059]
2025-10-13 10:32:23,985 [INFO] [开始读取数据库表：debit_data]
2025-10-13 10:32:24,332 [INFO] [成功读取表 debit_data，数据行数：13087]
2025-10-13 10:32:24,491 [INFO] [开始读取数据库表：sales_invoice_data]
2025-10-13 10:32:24,860 [INFO] [成功读取表 sales_invoice_data，数据行数：15190]
2025-10-13 10:33:01,268 [INFO] [数据库引擎创建成功]
2025-10-13 10:33:01,268 [INFO] [开始读取数据库表：order_data]
2025-10-13 10:33:01,604 [INFO] [成功读取表 order_data，数据行数：17679]
2025-10-13 10:33:01,718 [INFO] [开始读取数据库表：sales_data]
2025-10-13 10:33:03,268 [INFO] [成功读取表 sales_data，数据行数：21380]
2025-10-13 10:33:04,058 [INFO] [开始读取数据库表：jingpin_data]
2025-10-13 10:33:04,120 [INFO] [成功读取表 jingpin_data，数据行数：4180]
2025-10-13 10:33:04,145 [INFO] [开始读取数据库表：inventory_data]
2025-10-13 10:33:04,285 [INFO] [成功读取表 inventory_data，数据行数：4581]
2025-10-13 10:33:04,285 [INFO] [开始读取数据库表：tuiding_data]
2025-10-13 10:33:04,337 [INFO] [成功读取表 tuiding_data，数据行数：3059]
2025-10-13 10:33:04,337 [INFO] [开始读取数据库表：debit_data]
2025-10-13 10:33:04,738 [INFO] [成功读取表 debit_data，数据行数：13087]
2025-10-13 10:33:04,908 [INFO] [开始读取数据库表：sales_invoice_data]
2025-10-13 10:33:05,252 [INFO] [成功读取表 sales_invoice_data，数据行数：15190]
2025-10-13 11:27:49,906 [INFO] [数据库引擎创建成功]
2025-10-13 11:27:49,907 [INFO] [开始读取数据库表：order_data]
2025-10-13 11:27:50,284 [INFO] [成功读取表 order_data，数据行数：17679]
2025-10-13 11:27:50,408 [INFO] [开始读取数据库表：sales_data]
2025-10-13 11:27:51,988 [INFO] [成功读取表 sales_data，数据行数：21380]
2025-10-13 11:27:52,769 [INFO] [开始读取数据库表：jingpin_data]
2025-10-13 11:27:52,822 [INFO] [成功读取表 jingpin_data，数据行数：4180]
2025-10-13 11:27:52,844 [INFO] [开始读取数据库表：inventory_data]
2025-10-13 11:27:52,957 [INFO] [成功读取表 inventory_data，数据行数：4581]
2025-10-13 11:27:52,957 [INFO] [开始读取数据库表：tuiding_data]
2025-10-13 11:27:53,000 [INFO] [成功读取表 tuiding_data，数据行数：3059]
2025-10-13 11:27:53,000 [INFO] [开始读取数据库表：debit_data]
2025-10-13 11:27:53,294 [INFO] [成功读取表 debit_data，数据行数：13087]
2025-10-13 11:27:53,436 [INFO] [开始读取数据库表：sales_invoice_data]
2025-10-13 11:27:53,706 [INFO] [成功读取表 sales_invoice_data，数据行数：15190]
2025-10-13 11:39:22,975 [INFO] [数据库引擎创建成功]
2025-10-13 11:39:22,975 [INFO] [开始读取数据库表：order_data]
2025-10-13 11:39:23,328 [INFO] [成功读取表 order_data，数据行数：17679]
2025-10-13 11:39:23,436 [INFO] [开始读取数据库表：sales_data]
2025-10-13 11:39:24,978 [INFO] [成功读取表 sales_data，数据行数：21380]
2025-10-13 11:39:25,700 [INFO] [开始读取数据库表：jingpin_data]
2025-10-13 11:39:25,751 [INFO] [成功读取表 jingpin_data，数据行数：4180]
2025-10-13 11:39:25,773 [INFO] [开始读取数据库表：inventory_data]
2025-10-13 11:39:25,885 [INFO] [成功读取表 inventory_data，数据行数：4581]
2025-10-13 11:39:25,885 [INFO] [开始读取数据库表：tuiding_data]
2025-10-13 11:39:25,925 [INFO] [成功读取表 tuiding_data，数据行数：3059]
2025-10-13 11:39:25,925 [INFO] [开始读取数据库表：debit_data]
2025-10-13 11:39:26,207 [INFO] [成功读取表 debit_data，数据行数：13087]
2025-10-13 11:39:26,339 [INFO] [开始读取数据库表：sales_invoice_data]
2025-10-13 11:39:26,603 [INFO] [成功读取表 sales_invoice_data，数据行数：15190]
2025-10-13 16:26:53,647 [INFO] [数据库引擎创建成功]
2025-10-13 16:26:53,647 [INFO] [开始读取数据库表：order_data]
2025-10-13 16:26:54,089 [INFO] [成功读取表 order_data，数据行数：17679]
2025-10-13 16:26:54,238 [INFO] [开始读取数据库表：sales_data]
2025-10-13 16:26:56,116 [INFO] [成功读取表 sales_data，数据行数：21380]
2025-10-13 16:26:56,954 [INFO] [开始读取数据库表：jingpin_data]
2025-10-13 16:26:57,015 [INFO] [成功读取表 jingpin_data，数据行数：4180]
2025-10-13 16:26:57,041 [INFO] [开始读取数据库表：inventory_data]
2025-10-13 16:26:57,176 [INFO] [成功读取表 inventory_data，数据行数：4581]
2025-10-13 16:26:57,177 [INFO] [开始读取数据库表：tuiding_data]
2025-10-13 16:26:57,228 [INFO] [成功读取表 tuiding_data，数据行数：3059]
2025-10-13 16:26:57,228 [INFO] [开始读取数据库表：debit_data]
2025-10-13 16:26:57,613 [INFO] [成功读取表 debit_data，数据行数：13087]
2025-10-13 16:26:57,808 [INFO] [开始读取数据库表：sales_invoice_data]
2025-10-13 16:26:58,222 [INFO] [成功读取表 sales_invoice_data，数据行数：15190]
2025-10-13 17:34:06,548 [INFO] [数据库引擎创建成功]
2025-10-13 17:34:06,548 [INFO] [开始读取数据库表：order_data]
2025-10-13 17:34:06,945 [INFO] [成功读取表 order_data，数据行数：17747]
2025-10-13 17:34:07,075 [INFO] [开始读取数据库表：sales_data]
2025-10-13 17:34:08,908 [INFO] [成功读取表 sales_data，数据行数：21532]
2025-10-13 17:34:09,700 [INFO] [开始读取数据库表：jingpin_data]
2025-10-13 17:34:09,765 [INFO] [成功读取表 jingpin_data，数据行数：4199]
2025-10-13 17:34:09,793 [INFO] [开始读取数据库表：inventory_data]
2025-10-13 17:34:09,927 [INFO] [成功读取表 inventory_data，数据行数：4589]
2025-10-13 17:34:09,928 [INFO] [开始读取数据库表：tuiding_data]
2025-10-13 17:34:09,974 [INFO] [成功读取表 tuiding_data，数据行数：3091]
2025-10-13 17:34:09,974 [INFO] [开始读取数据库表：debit_data]
2025-10-13 17:34:10,660 [INFO] [成功读取表 debit_data，数据行数：13087]
2025-10-13 17:34:10,854 [INFO] [开始读取数据库表：sales_invoice_data]
2025-10-13 17:34:11,219 [INFO] [成功读取表 sales_invoice_data，数据行数：15362]
2025-10-13 17:50:02,407 [INFO] [数据库引擎创建成功]
2025-10-13 17:50:02,408 [INFO] [开始读取数据库表：order_data]
2025-10-13 17:50:02,793 [INFO] [成功读取表 order_data，数据行数：17747]
2025-10-13 17:50:02,912 [INFO] [开始读取数据库表：sales_data]
2025-10-13 17:50:04,541 [INFO] [成功读取表 sales_data，数据行数：21532]
2025-10-13 17:50:05,414 [INFO] [开始读取数据库表：jingpin_data]
2025-10-13 17:50:05,483 [INFO] [成功读取表 jingpin_data，数据行数：4199]
2025-10-13 17:50:05,515 [INFO] [开始读取数据库表：inventory_data]
2025-10-13 17:50:05,680 [INFO] [成功读取表 inventory_data，数据行数：4589]
2025-10-13 17:50:05,680 [INFO] [开始读取数据库表：tuiding_data]
2025-10-13 17:50:05,736 [INFO] [成功读取表 tuiding_data，数据行数：3091]
2025-10-13 17:50:05,736 [INFO] [开始读取数据库表：debit_data]
2025-10-13 17:50:06,148 [INFO] [成功读取表 debit_data，数据行数：13087]
2025-10-13 17:50:06,318 [INFO] [开始读取数据库表：sales_invoice_data]
2025-10-13 17:50:06,689 [INFO] [成功读取表 sales_invoice_data，数据行数：15362]
2025-10-13 17:50:33,280 [INFO] [数据库引擎创建成功]
2025-10-13 17:50:33,280 [INFO] [开始读取数据库表：order_data]
2025-10-13 17:50:33,698 [INFO] [成功读取表 order_data，数据行数：17747]
2025-10-13 17:50:33,847 [INFO] [开始读取数据库表：sales_data]
2025-10-13 17:50:35,807 [INFO] [成功读取表 sales_data，数据行数：21532]
2025-10-13 17:50:36,663 [INFO] [开始读取数据库表：jingpin_data]
2025-10-13 17:50:36,726 [INFO] [成功读取表 jingpin_data，数据行数：4199]
2025-10-13 17:50:36,751 [INFO] [开始读取数据库表：inventory_data]
2025-10-13 17:50:36,889 [INFO] [成功读取表 inventory_data，数据行数：4589]
2025-10-13 17:50:36,890 [INFO] [开始读取数据库表：tuiding_data]
2025-10-13 17:50:36,936 [INFO] [成功读取表 tuiding_data，数据行数：3091]
2025-10-13 17:50:36,936 [INFO] [开始读取数据库表：debit_data]
2025-10-13 17:50:37,284 [INFO] [成功读取表 debit_data，数据行数：13087]
2025-10-13 17:50:37,437 [INFO] [开始读取数据库表：sales_invoice_data]
2025-10-13 17:50:37,799 [INFO] [成功读取表 sales_invoice_data，数据行数：15362]
2025-10-13 17:57:35,361 [INFO] [数据库引擎创建成功]
2025-10-13 17:57:35,361 [INFO] [开始读取数据库表：order_data]
2025-10-13 17:57:35,810 [INFO] [成功读取表 order_data，数据行数：17752]
2025-10-13 17:57:35,964 [INFO] [开始读取数据库表：sales_data]
2025-10-13 17:57:37,982 [INFO] [成功读取表 sales_data，数据行数：21533]
2025-10-13 17:57:38,876 [INFO] [开始读取数据库表：jingpin_data]
2025-10-13 17:57:38,954 [INFO] [成功读取表 jingpin_data，数据行数：4203]
2025-10-13 17:57:38,986 [INFO] [开始读取数据库表：inventory_data]
2025-10-13 17:57:39,239 [INFO] [成功读取表 inventory_data，数据行数：4589]
2025-10-13 17:57:39,239 [INFO] [开始读取数据库表：tuiding_data]
2025-10-13 17:57:39,330 [INFO] [成功读取表 tuiding_data，数据行数：3091]
2025-10-13 17:57:39,330 [INFO] [开始读取数据库表：debit_data]
2025-10-13 17:57:39,930 [INFO] [成功读取表 debit_data，数据行数：13087]
2025-10-13 17:57:40,202 [INFO] [开始读取数据库表：sales_invoice_data]
2025-10-13 17:57:40,814 [INFO] [成功读取表 sales_invoice_data，数据行数：15363]
2025-10-13 18:28:12,357 [INFO] [数据库引擎创建成功]
2025-10-13 18:28:12,358 [INFO] [开始读取数据库表：order_data]
2025-10-13 18:28:12,754 [INFO] [成功读取表 order_data，数据行数：17761]
2025-10-13 18:28:12,972 [INFO] [开始读取数据库表：sales_data]
2025-10-13 18:28:15,355 [INFO] [成功读取表 sales_data，数据行数：21546]
2025-10-13 18:28:16,399 [INFO] [开始读取数据库表：jingpin_data]
2025-10-13 18:28:16,460 [INFO] [成功读取表 jingpin_data，数据行数：4203]
2025-10-13 18:28:16,498 [INFO] [开始读取数据库表：inventory_data]
2025-10-13 18:28:16,642 [INFO] [成功读取表 inventory_data，数据行数：4589]
2025-10-13 18:28:16,642 [INFO] [开始读取数据库表：tuiding_data]
2025-10-13 18:28:16,695 [INFO] [成功读取表 tuiding_data，数据行数：3093]
2025-10-13 18:28:16,695 [INFO] [开始读取数据库表：debit_data]
2025-10-13 18:28:17,104 [INFO] [成功读取表 debit_data，数据行数：13087]
2025-10-13 18:28:17,308 [INFO] [开始读取数据库表：sales_invoice_data]
2025-10-13 18:28:17,734 [INFO] [成功读取表 sales_invoice_data，数据行数：15368]
2025-10-13 18:57:46,392 [INFO] [数据库引擎创建成功]
2025-10-13 18:57:46,392 [INFO] [开始读取数据库表：order_data]
2025-10-13 18:57:46,771 [INFO] [成功读取表 order_data，数据行数：17767]
2025-10-13 18:57:46,921 [INFO] [开始读取数据库表：sales_data]
2025-10-13 18:57:48,911 [INFO] [成功读取表 sales_data，数据行数：21547]
2025-10-13 18:57:49,830 [INFO] [开始读取数据库表：jingpin_data]
2025-10-13 18:57:49,901 [INFO] [成功读取表 jingpin_data，数据行数：4203]
2025-10-13 18:57:49,941 [INFO] [开始读取数据库表：inventory_data]
2025-10-13 18:57:50,095 [INFO] [成功读取表 inventory_data，数据行数：4589]
2025-10-13 18:57:50,095 [INFO] [开始读取数据库表：tuiding_data]
2025-10-13 18:57:50,145 [INFO] [成功读取表 tuiding_data，数据行数：3093]
2025-10-13 18:57:50,146 [INFO] [开始读取数据库表：debit_data]
2025-10-13 18:57:50,524 [INFO] [成功读取表 debit_data，数据行数：13087]
2025-10-13 18:57:50,693 [INFO] [开始读取数据库表：sales_invoice_data]
2025-10-13 18:57:51,080 [INFO] [成功读取表 sales_invoice_data，数据行数：15369]
2025-10-13 19:27:59,528 [INFO] [数据库引擎创建成功]
2025-10-13 19:27:59,528 [INFO] [开始读取数据库表：order_data]
2025-10-13 19:27:59,954 [INFO] [成功读取表 order_data，数据行数：17767]
2025-10-13 19:28:00,146 [INFO] [开始读取数据库表：sales_data]
2025-10-13 19:28:02,440 [INFO] [成功读取表 sales_data，数据行数：21547]
2025-10-13 19:28:03,551 [INFO] [开始读取数据库表：jingpin_data]
2025-10-13 19:28:03,633 [INFO] [成功读取表 jingpin_data，数据行数：4203]
2025-10-13 19:28:03,671 [INFO] [开始读取数据库表：inventory_data]
2025-10-13 19:28:03,877 [INFO] [成功读取表 inventory_data，数据行数：4589]
2025-10-13 19:28:03,877 [INFO] [开始读取数据库表：tuiding_data]
2025-10-13 19:28:03,949 [INFO] [成功读取表 tuiding_data，数据行数：3097]
2025-10-13 19:28:03,949 [INFO] [开始读取数据库表：debit_data]
2025-10-13 19:28:04,441 [INFO] [成功读取表 debit_data，数据行数：13087]
2025-10-13 19:28:04,661 [INFO] [开始读取数据库表：sales_invoice_data]
2025-10-13 19:28:05,114 [INFO] [成功读取表 sales_invoice_data，数据行数：15369]
2025-10-13 19:57:36,592 [INFO] [数据库引擎创建成功]
2025-10-13 19:57:36,592 [INFO] [开始读取数据库表：order_data]
2025-10-13 19:57:36,956 [INFO] [成功读取表 order_data，数据行数：17768]
2025-10-13 19:57:37,097 [INFO] [开始读取数据库表：sales_data]
2025-10-13 19:57:38,885 [INFO] [成功读取表 sales_data，数据行数：21547]
2025-10-13 19:57:39,662 [INFO] [开始读取数据库表：jingpin_data]
2025-10-13 19:57:39,719 [INFO] [成功读取表 jingpin_data，数据行数：4203]
2025-10-13 19:57:39,743 [INFO] [开始读取数据库表：inventory_data]
2025-10-13 19:57:39,877 [INFO] [成功读取表 inventory_data，数据行数：4589]
2025-10-13 19:57:39,877 [INFO] [开始读取数据库表：tuiding_data]
2025-10-13 19:57:39,925 [INFO] [成功读取表 tuiding_data，数据行数：3097]
2025-10-13 19:57:39,925 [INFO] [开始读取数据库表：debit_data]
2025-10-13 19:57:40,233 [INFO] [成功读取表 debit_data，数据行数：13087]
2025-10-13 19:57:40,375 [INFO] [开始读取数据库表：sales_invoice_data]
2025-10-13 19:57:40,693 [INFO] [成功读取表 sales_invoice_data，数据行数：15369]
2025-10-13 20:28:24,596 [INFO] [数据库引擎创建成功]
2025-10-13 20:28:24,597 [INFO] [开始读取数据库表：order_data]
2025-10-13 20:28:25,668 [INFO] [成功读取表 order_data，数据行数：17768]
2025-10-13 20:28:25,983 [INFO] [开始读取数据库表：sales_data]
2025-10-13 20:28:30,352 [INFO] [成功读取表 sales_data，数据行数：21547]
2025-10-13 20:28:32,248 [INFO] [开始读取数据库表：jingpin_data]
2025-10-13 20:28:32,439 [INFO] [成功读取表 jingpin_data，数据行数：4205]
2025-10-13 20:28:32,509 [INFO] [开始读取数据库表：inventory_data]
2025-10-13 20:28:32,838 [INFO] [成功读取表 inventory_data，数据行数：4589]
2025-10-13 20:28:32,838 [INFO] [开始读取数据库表：tuiding_data]
2025-10-13 20:28:32,966 [INFO] [成功读取表 tuiding_data，数据行数：3097]
2025-10-13 20:28:32,967 [INFO] [开始读取数据库表：debit_data]
2025-10-13 20:28:33,969 [INFO] [成功读取表 debit_data，数据行数：13087]
2025-10-13 20:28:34,340 [INFO] [开始读取数据库表：sales_invoice_data]
2025-10-13 20:28:35,260 [INFO] [成功读取表 sales_invoice_data，数据行数：15369]
2025-10-13 20:57:54,464 [INFO] [数据库引擎创建成功]
2025-10-13 20:57:54,465 [INFO] [开始读取数据库表：order_data]
2025-10-13 20:57:54,911 [INFO] [成功读取表 order_data，数据行数：17770]
2025-10-13 20:57:55,135 [INFO] [开始读取数据库表：sales_data]
2025-10-13 20:57:57,562 [INFO] [成功读取表 sales_data，数据行数：21547]
2025-10-13 20:57:58,523 [INFO] [开始读取数据库表：jingpin_data]
2025-10-13 20:57:58,616 [INFO] [成功读取表 jingpin_data，数据行数：4205]
2025-10-13 20:57:58,645 [INFO] [开始读取数据库表：inventory_data]
2025-10-13 20:57:58,852 [INFO] [成功读取表 inventory_data，数据行数：4589]
2025-10-13 20:57:58,852 [INFO] [开始读取数据库表：tuiding_data]
2025-10-13 20:57:59,033 [INFO] [成功读取表 tuiding_data，数据行数：3097]
2025-10-13 20:57:59,034 [INFO] [开始读取数据库表：debit_data]
2025-10-13 20:58:00,160 [INFO] [成功读取表 debit_data，数据行数：13087]
2025-10-13 20:58:00,607 [INFO] [开始读取数据库表：sales_invoice_data]
2025-10-13 20:58:01,443 [INFO] [成功读取表 sales_invoice_data，数据行数：15369]
2025-10-13 21:27:37,932 [INFO] [数据库引擎创建成功]
2025-10-13 21:27:37,932 [INFO] [开始读取数据库表：order_data]
2025-10-13 21:27:38,289 [INFO] [成功读取表 order_data，数据行数：17770]
2025-10-13 21:27:38,471 [INFO] [开始读取数据库表：sales_data]
2025-10-13 21:27:40,379 [INFO] [成功读取表 sales_data，数据行数：21547]
2025-10-13 21:27:41,423 [INFO] [开始读取数据库表：jingpin_data]
2025-10-13 21:27:41,497 [INFO] [成功读取表 jingpin_data，数据行数：4205]
2025-10-13 21:27:41,527 [INFO] [开始读取数据库表：inventory_data]
2025-10-13 21:27:41,657 [INFO] [成功读取表 inventory_data，数据行数：4593]
2025-10-13 21:27:41,657 [INFO] [开始读取数据库表：tuiding_data]
2025-10-13 21:27:41,704 [INFO] [成功读取表 tuiding_data，数据行数：3097]
2025-10-13 21:27:41,704 [INFO] [开始读取数据库表：debit_data]
2025-10-13 21:27:42,107 [INFO] [成功读取表 debit_data，数据行数：13280]
2025-10-13 21:27:42,287 [INFO] [开始读取数据库表：sales_invoice_data]
2025-10-13 21:27:42,634 [INFO] [成功读取表 sales_invoice_data，数据行数：15369]
2025-10-13 21:57:44,335 [INFO] [数据库引擎创建成功]
2025-10-13 21:57:44,335 [INFO] [开始读取数据库表：order_data]
2025-10-13 21:57:44,735 [INFO] [成功读取表 order_data，数据行数：17770]
2025-10-13 21:57:44,924 [INFO] [开始读取数据库表：sales_data]
2025-10-13 21:57:47,043 [INFO] [成功读取表 sales_data，数据行数：21547]
2025-10-13 21:57:48,068 [INFO] [开始读取数据库表：jingpin_data]
2025-10-13 21:57:48,159 [INFO] [成功读取表 jingpin_data，数据行数：4205]
2025-10-13 21:57:48,188 [INFO] [开始读取数据库表：inventory_data]
2025-10-13 21:57:48,335 [INFO] [成功读取表 inventory_data，数据行数：4626]
2025-10-13 21:57:48,335 [INFO] [开始读取数据库表：tuiding_data]
2025-10-13 21:57:48,434 [INFO] [成功读取表 tuiding_data，数据行数：3097]
2025-10-13 21:57:48,434 [INFO] [开始读取数据库表：debit_data]
2025-10-13 21:57:48,887 [INFO] [成功读取表 debit_data，数据行数：13280]
2025-10-13 21:57:49,099 [INFO] [开始读取数据库表：sales_invoice_data]
2025-10-13 21:57:49,495 [INFO] [成功读取表 sales_invoice_data，数据行数：15369]
2025-10-13 22:27:52,894 [INFO] [数据库引擎创建成功]
2025-10-13 22:27:52,894 [INFO] [开始读取数据库表：order_data]
2025-10-13 22:27:53,272 [INFO] [成功读取表 order_data，数据行数：17770]
2025-10-13 22:27:53,432 [INFO] [开始读取数据库表：sales_data]
2025-10-13 22:27:55,597 [INFO] [成功读取表 sales_data，数据行数：21547]
2025-10-13 22:27:56,624 [INFO] [开始读取数据库表：jingpin_data]
2025-10-13 22:27:56,703 [INFO] [成功读取表 jingpin_data，数据行数：4205]
2025-10-13 22:27:56,733 [INFO] [开始读取数据库表：inventory_data]
2025-10-13 22:27:56,897 [INFO] [成功读取表 inventory_data，数据行数：4626]
2025-10-13 22:27:56,897 [INFO] [开始读取数据库表：tuiding_data]
2025-10-13 22:27:56,956 [INFO] [成功读取表 tuiding_data，数据行数：3097]
2025-10-13 22:27:56,956 [INFO] [开始读取数据库表：debit_data]
2025-10-13 22:27:57,385 [INFO] [成功读取表 debit_data，数据行数：13280]
2025-10-13 22:27:57,600 [INFO] [开始读取数据库表：sales_invoice_data]
2025-10-13 22:27:58,059 [INFO] [成功读取表 sales_invoice_data，数据行数：15369]
2025-10-13 22:57:40,382 [INFO] [数据库引擎创建成功]
2025-10-13 22:57:40,382 [INFO] [开始读取数据库表：order_data]
2025-10-13 22:57:40,788 [INFO] [成功读取表 order_data，数据行数：17770]
2025-10-13 22:57:40,939 [INFO] [开始读取数据库表：sales_data]
2025-10-13 22:57:42,799 [INFO] [成功读取表 sales_data，数据行数：21547]
2025-10-13 22:57:43,844 [INFO] [开始读取数据库表：jingpin_data]
2025-10-13 22:57:43,919 [INFO] [成功读取表 jingpin_data，数据行数：4205]
2025-10-13 22:57:43,951 [INFO] [开始读取数据库表：inventory_data]
2025-10-13 22:57:44,132 [INFO] [成功读取表 inventory_data，数据行数：4641]
2025-10-13 22:57:44,132 [INFO] [开始读取数据库表：tuiding_data]
2025-10-13 22:57:44,192 [INFO] [成功读取表 tuiding_data，数据行数：3097]
2025-10-13 22:57:44,192 [INFO] [开始读取数据库表：debit_data]
2025-10-13 22:57:44,670 [INFO] [成功读取表 debit_data，数据行数：13280]
2025-10-13 22:57:44,958 [INFO] [开始读取数据库表：sales_invoice_data]
2025-10-13 22:57:45,440 [INFO] [成功读取表 sales_invoice_data，数据行数：15369]
2025-10-13 23:27:50,037 [INFO] [数据库引擎创建成功]
2025-10-13 23:27:50,037 [INFO] [开始读取数据库表：order_data]
2025-10-13 23:27:50,450 [INFO] [成功读取表 order_data，数据行数：17771]
2025-10-13 23:27:50,598 [INFO] [开始读取数据库表：sales_data]
2025-10-13 23:27:52,598 [INFO] [成功读取表 sales_data，数据行数：21547]
2025-10-13 23:27:53,560 [INFO] [开始读取数据库表：jingpin_data]
2025-10-13 23:27:53,648 [INFO] [成功读取表 jingpin_data，数据行数：4205]
2025-10-13 23:27:53,683 [INFO] [开始读取数据库表：inventory_data]
2025-10-13 23:27:53,827 [INFO] [成功读取表 inventory_data，数据行数：4641]
2025-10-13 23:27:53,827 [INFO] [开始读取数据库表：tuiding_data]
2025-10-13 23:27:53,899 [INFO] [成功读取表 tuiding_data，数据行数：3097]
2025-10-13 23:27:53,899 [INFO] [开始读取数据库表：debit_data]
2025-10-13 23:27:54,317 [INFO] [成功读取表 debit_data，数据行数：13280]
2025-10-13 23:27:54,500 [INFO] [开始读取数据库表：sales_invoice_data]
2025-10-13 23:27:54,879 [INFO] [成功读取表 sales_invoice_data，数据行数：15369]
2025-10-13 23:57:48,631 [INFO] [数据库引擎创建成功]
2025-10-13 23:57:48,631 [INFO] [开始读取数据库表：order_data]
2025-10-13 23:57:49,172 [INFO] [成功读取表 order_data，数据行数：17771]
2025-10-13 23:57:49,421 [INFO] [开始读取数据库表：sales_data]
2025-10-13 23:57:52,157 [INFO] [成功读取表 sales_data，数据行数：21547]
2025-10-13 23:57:53,274 [INFO] [开始读取数据库表：jingpin_data]
2025-10-13 23:57:53,340 [INFO] [成功读取表 jingpin_data，数据行数：4205]
2025-10-13 23:57:53,368 [INFO] [开始读取数据库表：inventory_data]
2025-10-13 23:57:53,505 [INFO] [成功读取表 inventory_data，数据行数：4641]
2025-10-13 23:57:53,505 [INFO] [开始读取数据库表：tuiding_data]
2025-10-13 23:57:53,551 [INFO] [成功读取表 tuiding_data，数据行数：3097]
2025-10-13 23:57:53,551 [INFO] [开始读取数据库表：debit_data]
2025-10-13 23:57:53,914 [INFO] [成功读取表 debit_data，数据行数：13280]
2025-10-13 23:57:54,091 [INFO] [开始读取数据库表：sales_invoice_data]
2025-10-13 23:57:54,539 [INFO] [成功读取表 sales_invoice_data，数据行数：15369]
