2025-10-18 00:27:01,170 [INFO] [数据库引擎创建成功]
2025-10-18 00:27:01,170 [INFO] [开始读取数据库表：order_data]
2025-10-18 00:27:01,711 [INFO] [成功读取表 order_data，数据行数：18520]
2025-10-18 00:27:01,869 [INFO] [开始读取数据库表：sales_data]
2025-10-18 00:27:04,018 [INFO] [成功读取表 sales_data，数据行数：22281]
2025-10-18 00:27:04,924 [INFO] [开始读取数据库表：jingpin_data]
2025-10-18 00:27:05,004 [INFO] [成功读取表 jingpin_data，数据行数：4334]
2025-10-18 00:27:05,033 [INFO] [开始读取数据库表：inventory_data]
2025-10-18 00:27:05,311 [INFO] [成功读取表 inventory_data，数据行数：7114]
2025-10-18 00:27:05,312 [INFO] [开始读取数据库表：tuiding_data]
2025-10-18 00:27:05,371 [INFO] [成功读取表 tuiding_data，数据行数：3205]
2025-10-18 00:27:05,371 [INFO] [开始读取数据库表：debit_data]
2025-10-18 00:27:05,835 [INFO] [成功读取表 debit_data，数据行数：15192]
2025-10-18 00:27:06,011 [INFO] [开始读取数据库表：sales_invoice_data]
2025-10-18 00:27:06,418 [INFO] [成功读取表 sales_invoice_data，数据行数：16388]
2025-10-18 00:57:37,625 [INFO] [数据库引擎创建成功]
2025-10-18 00:57:37,626 [INFO] [开始读取数据库表：order_data]
2025-10-18 00:57:37,988 [INFO] [成功读取表 order_data，数据行数：18520]
2025-10-18 00:57:38,109 [INFO] [开始读取数据库表：sales_data]
2025-10-18 00:57:40,786 [INFO] [成功读取表 sales_data，数据行数：22281]
2025-10-18 00:57:42,762 [INFO] [开始读取数据库表：jingpin_data]
2025-10-18 00:57:42,978 [INFO] [成功读取表 jingpin_data，数据行数：4334]
2025-10-18 00:57:43,042 [INFO] [开始读取数据库表：inventory_data]
2025-10-18 00:57:43,669 [INFO] [成功读取表 inventory_data，数据行数：7114]
2025-10-18 00:57:43,669 [INFO] [开始读取数据库表：tuiding_data]
2025-10-18 00:57:43,820 [INFO] [成功读取表 tuiding_data，数据行数：3205]
2025-10-18 00:57:43,820 [INFO] [开始读取数据库表：debit_data]
2025-10-18 00:57:44,910 [INFO] [成功读取表 debit_data，数据行数：15192]
2025-10-18 00:57:45,269 [INFO] [开始读取数据库表：sales_invoice_data]
2025-10-18 00:57:46,313 [INFO] [成功读取表 sales_invoice_data，数据行数：16388]
2025-10-18 01:27:34,674 [INFO] [数据库引擎创建成功]
2025-10-18 01:27:34,674 [INFO] [开始读取数据库表：order_data]
2025-10-18 01:27:35,077 [INFO] [成功读取表 order_data，数据行数：18520]
2025-10-18 01:27:35,214 [INFO] [开始读取数据库表：sales_data]
2025-10-18 01:27:37,741 [INFO] [成功读取表 sales_data，数据行数：22281]
2025-10-18 01:27:39,703 [INFO] [开始读取数据库表：jingpin_data]
2025-10-18 01:27:39,920 [INFO] [成功读取表 jingpin_data，数据行数：4334]
2025-10-18 01:27:39,980 [INFO] [开始读取数据库表：inventory_data]
2025-10-18 01:27:40,645 [INFO] [成功读取表 inventory_data，数据行数：7114]
2025-10-18 01:27:40,645 [INFO] [开始读取数据库表：tuiding_data]
2025-10-18 01:27:40,806 [INFO] [成功读取表 tuiding_data，数据行数：3205]
2025-10-18 01:27:40,806 [INFO] [开始读取数据库表：debit_data]
2025-10-18 01:27:41,933 [INFO] [成功读取表 debit_data，数据行数：15192]
2025-10-18 01:27:42,296 [INFO] [开始读取数据库表：sales_invoice_data]
2025-10-18 01:27:43,408 [INFO] [成功读取表 sales_invoice_data，数据行数：16388]
2025-10-18 01:57:28,474 [INFO] [数据库引擎创建成功]
2025-10-18 01:57:28,474 [INFO] [开始读取数据库表：order_data]
2025-10-18 01:57:28,843 [INFO] [成功读取表 order_data，数据行数：18520]
2025-10-18 01:57:28,976 [INFO] [开始读取数据库表：sales_data]
2025-10-18 01:57:31,121 [INFO] [成功读取表 sales_data，数据行数：22281]
2025-10-18 01:57:33,116 [INFO] [开始读取数据库表：jingpin_data]
2025-10-18 01:57:33,336 [INFO] [成功读取表 jingpin_data，数据行数：4334]
2025-10-18 01:57:33,403 [INFO] [开始读取数据库表：inventory_data]
2025-10-18 01:57:34,085 [INFO] [成功读取表 inventory_data，数据行数：7114]
2025-10-18 01:57:34,085 [INFO] [开始读取数据库表：tuiding_data]
2025-10-18 01:57:34,248 [INFO] [成功读取表 tuiding_data，数据行数：3205]
2025-10-18 01:57:34,248 [INFO] [开始读取数据库表：debit_data]
2025-10-18 01:57:35,373 [INFO] [成功读取表 debit_data，数据行数：15192]
2025-10-18 01:57:35,755 [INFO] [开始读取数据库表：sales_invoice_data]
2025-10-18 01:57:36,852 [INFO] [成功读取表 sales_invoice_data，数据行数：16388]
2025-10-18 02:27:47,406 [INFO] [数据库引擎创建成功]
2025-10-18 02:27:47,406 [INFO] [开始读取数据库表：order_data]
2025-10-18 02:27:47,785 [INFO] [成功读取表 order_data，数据行数：18520]
2025-10-18 02:27:47,918 [INFO] [开始读取数据库表：sales_data]
2025-10-18 02:27:50,341 [INFO] [成功读取表 sales_data，数据行数：22281]
2025-10-18 02:27:52,351 [INFO] [开始读取数据库表：jingpin_data]
2025-10-18 02:27:52,587 [INFO] [成功读取表 jingpin_data，数据行数：4334]
2025-10-18 02:27:52,651 [INFO] [开始读取数据库表：inventory_data]
2025-10-18 02:27:53,317 [INFO] [成功读取表 inventory_data，数据行数：7114]
2025-10-18 02:27:53,317 [INFO] [开始读取数据库表：tuiding_data]
2025-10-18 02:27:53,478 [INFO] [成功读取表 tuiding_data，数据行数：3205]
2025-10-18 02:27:53,478 [INFO] [开始读取数据库表：debit_data]
2025-10-18 02:27:54,599 [INFO] [成功读取表 debit_data，数据行数：15192]
2025-10-18 02:27:54,988 [INFO] [开始读取数据库表：sales_invoice_data]
2025-10-18 02:27:56,067 [INFO] [成功读取表 sales_invoice_data，数据行数：16388]
2025-10-18 02:57:48,687 [INFO] [数据库引擎创建成功]
2025-10-18 02:57:48,688 [INFO] [开始读取数据库表：order_data]
2025-10-18 02:57:49,099 [INFO] [成功读取表 order_data，数据行数：18520]
2025-10-18 02:57:49,222 [INFO] [开始读取数据库表：sales_data]
2025-10-18 02:57:51,907 [INFO] [成功读取表 sales_data，数据行数：22281]
2025-10-18 02:57:53,798 [INFO] [开始读取数据库表：jingpin_data]
2025-10-18 02:57:53,996 [INFO] [成功读取表 jingpin_data，数据行数：4334]
2025-10-18 02:57:54,065 [INFO] [开始读取数据库表：inventory_data]
2025-10-18 02:57:54,713 [INFO] [成功读取表 inventory_data，数据行数：7114]
2025-10-18 02:57:54,713 [INFO] [开始读取数据库表：tuiding_data]
2025-10-18 02:57:54,870 [INFO] [成功读取表 tuiding_data，数据行数：3205]
2025-10-18 02:57:54,870 [INFO] [开始读取数据库表：debit_data]
2025-10-18 02:57:55,961 [INFO] [成功读取表 debit_data，数据行数：15192]
2025-10-18 02:57:56,330 [INFO] [开始读取数据库表：sales_invoice_data]
2025-10-18 02:57:57,374 [INFO] [成功读取表 sales_invoice_data，数据行数：16388]
2025-10-18 03:27:49,402 [INFO] [数据库引擎创建成功]
2025-10-18 03:27:49,402 [INFO] [开始读取数据库表：order_data]
2025-10-18 03:27:49,823 [INFO] [成功读取表 order_data，数据行数：18520]
2025-10-18 03:27:49,960 [INFO] [开始读取数据库表：sales_data]
2025-10-18 03:27:52,445 [INFO] [成功读取表 sales_data，数据行数：22281]
2025-10-18 03:27:54,443 [INFO] [开始读取数据库表：jingpin_data]
2025-10-18 03:27:54,652 [INFO] [成功读取表 jingpin_data，数据行数：4334]
2025-10-18 03:27:54,721 [INFO] [开始读取数据库表：inventory_data]
2025-10-18 03:27:55,391 [INFO] [成功读取表 inventory_data，数据行数：7114]
2025-10-18 03:27:55,391 [INFO] [开始读取数据库表：tuiding_data]
2025-10-18 03:27:55,546 [INFO] [成功读取表 tuiding_data，数据行数：3205]
2025-10-18 03:27:55,546 [INFO] [开始读取数据库表：debit_data]
2025-10-18 03:27:56,666 [INFO] [成功读取表 debit_data，数据行数：15192]
2025-10-18 03:27:57,035 [INFO] [开始读取数据库表：sales_invoice_data]
2025-10-18 03:27:58,097 [INFO] [成功读取表 sales_invoice_data，数据行数：16388]
2025-10-18 03:57:43,192 [INFO] [数据库引擎创建成功]
2025-10-18 03:57:43,192 [INFO] [开始读取数据库表：order_data]
2025-10-18 03:57:43,536 [INFO] [成功读取表 order_data，数据行数：18520]
2025-10-18 03:57:43,673 [INFO] [开始读取数据库表：sales_data]
2025-10-18 03:57:46,173 [INFO] [成功读取表 sales_data，数据行数：22281]
2025-10-18 03:57:48,187 [INFO] [开始读取数据库表：jingpin_data]
2025-10-18 03:57:48,399 [INFO] [成功读取表 jingpin_data，数据行数：4334]
2025-10-18 03:57:48,471 [INFO] [开始读取数据库表：inventory_data]
2025-10-18 03:57:49,114 [INFO] [成功读取表 inventory_data，数据行数：7114]
2025-10-18 03:57:49,114 [INFO] [开始读取数据库表：tuiding_data]
2025-10-18 03:57:49,262 [INFO] [成功读取表 tuiding_data，数据行数：3205]
2025-10-18 03:57:49,263 [INFO] [开始读取数据库表：debit_data]
2025-10-18 03:57:50,418 [INFO] [成功读取表 debit_data，数据行数：15192]
2025-10-18 03:57:50,792 [INFO] [开始读取数据库表：sales_invoice_data]
2025-10-18 03:57:51,850 [INFO] [成功读取表 sales_invoice_data，数据行数：16388]
2025-10-18 04:27:47,439 [INFO] [数据库引擎创建成功]
2025-10-18 04:27:47,439 [INFO] [开始读取数据库表：order_data]
2025-10-18 04:27:47,849 [INFO] [成功读取表 order_data，数据行数：18520]
2025-10-18 04:27:47,978 [INFO] [开始读取数据库表：sales_data]
2025-10-18 04:27:50,758 [INFO] [成功读取表 sales_data，数据行数：22281]
2025-10-18 04:27:52,700 [INFO] [开始读取数据库表：jingpin_data]
2025-10-18 04:27:52,919 [INFO] [成功读取表 jingpin_data，数据行数：4334]
2025-10-18 04:27:52,978 [INFO] [开始读取数据库表：inventory_data]
2025-10-18 04:27:53,642 [INFO] [成功读取表 inventory_data，数据行数：7114]
2025-10-18 04:27:53,642 [INFO] [开始读取数据库表：tuiding_data]
2025-10-18 04:27:53,795 [INFO] [成功读取表 tuiding_data，数据行数：3205]
2025-10-18 04:27:53,795 [INFO] [开始读取数据库表：debit_data]
2025-10-18 04:27:54,890 [INFO] [成功读取表 debit_data，数据行数：15192]
2025-10-18 04:27:55,257 [INFO] [开始读取数据库表：sales_invoice_data]
2025-10-18 04:27:56,324 [INFO] [成功读取表 sales_invoice_data，数据行数：16388]
2025-10-18 04:57:30,832 [INFO] [数据库引擎创建成功]
2025-10-18 04:57:30,832 [INFO] [开始读取数据库表：order_data]
2025-10-18 04:57:31,213 [INFO] [成功读取表 order_data，数据行数：18520]
2025-10-18 04:57:31,344 [INFO] [开始读取数据库表：sales_data]
2025-10-18 04:57:33,692 [INFO] [成功读取表 sales_data，数据行数：22281]
2025-10-18 04:57:35,668 [INFO] [开始读取数据库表：jingpin_data]
2025-10-18 04:57:35,891 [INFO] [成功读取表 jingpin_data，数据行数：4334]
2025-10-18 04:57:35,977 [INFO] [开始读取数据库表：inventory_data]
2025-10-18 04:57:36,640 [INFO] [成功读取表 inventory_data，数据行数：7114]
2025-10-18 04:57:36,640 [INFO] [开始读取数据库表：tuiding_data]
2025-10-18 04:57:36,800 [INFO] [成功读取表 tuiding_data，数据行数：3205]
2025-10-18 04:57:36,800 [INFO] [开始读取数据库表：debit_data]
2025-10-18 04:57:37,942 [INFO] [成功读取表 debit_data，数据行数：15192]
2025-10-18 04:57:38,321 [INFO] [开始读取数据库表：sales_invoice_data]
2025-10-18 04:57:39,446 [INFO] [成功读取表 sales_invoice_data，数据行数：16388]
2025-10-18 05:27:44,699 [INFO] [数据库引擎创建成功]
2025-10-18 05:27:44,699 [INFO] [开始读取数据库表：order_data]
2025-10-18 05:27:45,053 [INFO] [成功读取表 order_data，数据行数：18520]
2025-10-18 05:27:45,190 [INFO] [开始读取数据库表：sales_data]
2025-10-18 05:27:47,747 [INFO] [成功读取表 sales_data，数据行数：22281]
2025-10-18 05:27:49,699 [INFO] [开始读取数据库表：jingpin_data]
2025-10-18 05:27:49,909 [INFO] [成功读取表 jingpin_data，数据行数：4334]
2025-10-18 05:27:49,977 [INFO] [开始读取数据库表：inventory_data]
2025-10-18 05:27:50,661 [INFO] [成功读取表 inventory_data，数据行数：7114]
2025-10-18 05:27:50,661 [INFO] [开始读取数据库表：tuiding_data]
2025-10-18 05:27:50,832 [INFO] [成功读取表 tuiding_data，数据行数：3205]
2025-10-18 05:27:50,832 [INFO] [开始读取数据库表：debit_data]
2025-10-18 05:27:52,002 [INFO] [成功读取表 debit_data，数据行数：15192]
2025-10-18 05:27:52,377 [INFO] [开始读取数据库表：sales_invoice_data]
2025-10-18 05:27:53,481 [INFO] [成功读取表 sales_invoice_data，数据行数：16388]
2025-10-18 05:57:25,831 [INFO] [数据库引擎创建成功]
2025-10-18 05:57:25,831 [INFO] [开始读取数据库表：order_data]
2025-10-18 05:57:26,175 [INFO] [成功读取表 order_data，数据行数：18520]
2025-10-18 05:57:26,293 [INFO] [开始读取数据库表：sales_data]
2025-10-18 05:57:28,227 [INFO] [成功读取表 sales_data，数据行数：22281]
2025-10-18 05:57:30,153 [INFO] [开始读取数据库表：jingpin_data]
2025-10-18 05:57:30,367 [INFO] [成功读取表 jingpin_data，数据行数：4334]
2025-10-18 05:57:30,431 [INFO] [开始读取数据库表：inventory_data]
2025-10-18 05:57:31,098 [INFO] [成功读取表 inventory_data，数据行数：7114]
2025-10-18 05:57:31,099 [INFO] [开始读取数据库表：tuiding_data]
2025-10-18 05:57:31,264 [INFO] [成功读取表 tuiding_data，数据行数：3205]
2025-10-18 05:57:31,264 [INFO] [开始读取数据库表：debit_data]
2025-10-18 05:57:32,396 [INFO] [成功读取表 debit_data，数据行数：15192]
2025-10-18 05:57:32,772 [INFO] [开始读取数据库表：sales_invoice_data]
2025-10-18 05:57:33,809 [INFO] [成功读取表 sales_invoice_data，数据行数：16388]
2025-10-18 06:27:42,241 [INFO] [数据库引擎创建成功]
2025-10-18 06:27:42,242 [INFO] [开始读取数据库表：order_data]
2025-10-18 06:27:42,613 [INFO] [成功读取表 order_data，数据行数：18520]
2025-10-18 06:27:42,739 [INFO] [开始读取数据库表：sales_data]
2025-10-18 06:27:44,897 [INFO] [成功读取表 sales_data，数据行数：22281]
2025-10-18 06:27:46,862 [INFO] [开始读取数据库表：jingpin_data]
2025-10-18 06:27:47,070 [INFO] [成功读取表 jingpin_data，数据行数：4334]
2025-10-18 06:27:47,135 [INFO] [开始读取数据库表：inventory_data]
2025-10-18 06:27:47,806 [INFO] [成功读取表 inventory_data，数据行数：7114]
2025-10-18 06:27:47,806 [INFO] [开始读取数据库表：tuiding_data]
2025-10-18 06:27:47,962 [INFO] [成功读取表 tuiding_data，数据行数：3205]
2025-10-18 06:27:47,963 [INFO] [开始读取数据库表：debit_data]
2025-10-18 06:27:49,099 [INFO] [成功读取表 debit_data，数据行数：15192]
2025-10-18 06:27:49,484 [INFO] [开始读取数据库表：sales_invoice_data]
2025-10-18 06:27:50,593 [INFO] [成功读取表 sales_invoice_data，数据行数：16388]
2025-10-18 06:57:28,710 [INFO] [数据库引擎创建成功]
2025-10-18 06:57:28,710 [INFO] [开始读取数据库表：order_data]
2025-10-18 06:57:29,099 [INFO] [成功读取表 order_data，数据行数：18520]
2025-10-18 06:57:29,231 [INFO] [开始读取数据库表：sales_data]
2025-10-18 06:57:31,973 [INFO] [成功读取表 sales_data，数据行数：22281]
2025-10-18 06:57:33,958 [INFO] [开始读取数据库表：jingpin_data]
2025-10-18 06:57:34,183 [INFO] [成功读取表 jingpin_data，数据行数：4334]
2025-10-18 06:57:34,249 [INFO] [开始读取数据库表：inventory_data]
2025-10-18 06:57:34,916 [INFO] [成功读取表 inventory_data，数据行数：7114]
2025-10-18 06:57:34,917 [INFO] [开始读取数据库表：tuiding_data]
2025-10-18 06:57:35,077 [INFO] [成功读取表 tuiding_data，数据行数：3205]
2025-10-18 06:57:35,077 [INFO] [开始读取数据库表：debit_data]
2025-10-18 06:57:36,214 [INFO] [成功读取表 debit_data，数据行数：15192]
2025-10-18 06:57:36,613 [INFO] [开始读取数据库表：sales_invoice_data]
2025-10-18 06:57:37,699 [INFO] [成功读取表 sales_invoice_data，数据行数：16388]
2025-10-18 07:27:29,585 [INFO] [数据库引擎创建成功]
2025-10-18 07:27:29,585 [INFO] [开始读取数据库表：order_data]
2025-10-18 07:27:29,951 [INFO] [成功读取表 order_data，数据行数：18520]
2025-10-18 07:27:30,077 [INFO] [开始读取数据库表：sales_data]
2025-10-18 07:27:32,811 [INFO] [成功读取表 sales_data，数据行数：22281]
2025-10-18 07:27:34,795 [INFO] [开始读取数据库表：jingpin_data]
2025-10-18 07:27:35,004 [INFO] [成功读取表 jingpin_data，数据行数：4334]
2025-10-18 07:27:35,070 [INFO] [开始读取数据库表：inventory_data]
2025-10-18 07:27:35,709 [INFO] [成功读取表 inventory_data，数据行数：7114]
2025-10-18 07:27:35,709 [INFO] [开始读取数据库表：tuiding_data]
2025-10-18 07:27:35,848 [INFO] [成功读取表 tuiding_data，数据行数：3205]
2025-10-18 07:27:35,848 [INFO] [开始读取数据库表：debit_data]
2025-10-18 07:27:36,905 [INFO] [成功读取表 debit_data，数据行数：15192]
2025-10-18 07:27:37,275 [INFO] [开始读取数据库表：sales_invoice_data]
2025-10-18 07:27:38,367 [INFO] [成功读取表 sales_invoice_data，数据行数：16388]
2025-10-18 07:57:46,554 [INFO] [数据库引擎创建成功]
2025-10-18 07:57:46,555 [INFO] [开始读取数据库表：order_data]
2025-10-18 07:57:47,000 [INFO] [成功读取表 order_data，数据行数：18520]
2025-10-18 07:57:47,139 [INFO] [开始读取数据库表：sales_data]
2025-10-18 07:57:49,818 [INFO] [成功读取表 sales_data，数据行数：22281]
2025-10-18 07:57:51,730 [INFO] [开始读取数据库表：jingpin_data]
2025-10-18 07:57:51,932 [INFO] [成功读取表 jingpin_data，数据行数：4334]
2025-10-18 07:57:51,995 [INFO] [开始读取数据库表：inventory_data]
2025-10-18 07:57:52,636 [INFO] [成功读取表 inventory_data，数据行数：7114]
2025-10-18 07:57:52,636 [INFO] [开始读取数据库表：tuiding_data]
2025-10-18 07:57:52,793 [INFO] [成功读取表 tuiding_data，数据行数：3205]
2025-10-18 07:57:52,793 [INFO] [开始读取数据库表：debit_data]
2025-10-18 07:57:53,856 [INFO] [成功读取表 debit_data，数据行数：15192]
2025-10-18 07:57:54,215 [INFO] [开始读取数据库表：sales_invoice_data]
2025-10-18 07:57:55,278 [INFO] [成功读取表 sales_invoice_data，数据行数：16388]
2025-10-18 08:27:29,655 [INFO] [数据库引擎创建成功]
2025-10-18 08:27:29,655 [INFO] [开始读取数据库表：order_data]
2025-10-18 08:27:30,053 [INFO] [成功读取表 order_data，数据行数：18520]
2025-10-18 08:27:30,178 [INFO] [开始读取数据库表：sales_data]
2025-10-18 08:27:32,848 [INFO] [成功读取表 sales_data，数据行数：22281]
2025-10-18 08:27:34,865 [INFO] [开始读取数据库表：jingpin_data]
2025-10-18 08:27:35,079 [INFO] [成功读取表 jingpin_data，数据行数：4334]
2025-10-18 08:27:35,143 [INFO] [开始读取数据库表：inventory_data]
2025-10-18 08:27:35,808 [INFO] [成功读取表 inventory_data，数据行数：7114]
2025-10-18 08:27:35,808 [INFO] [开始读取数据库表：tuiding_data]
2025-10-18 08:27:35,978 [INFO] [成功读取表 tuiding_data，数据行数：3205]
2025-10-18 08:27:35,978 [INFO] [开始读取数据库表：debit_data]
2025-10-18 08:27:37,116 [INFO] [成功读取表 debit_data，数据行数：15192]
2025-10-18 08:27:37,492 [INFO] [开始读取数据库表：sales_invoice_data]
2025-10-18 08:27:38,583 [INFO] [成功读取表 sales_invoice_data，数据行数：16389]
2025-10-18 08:58:11,857 [INFO] [数据库引擎创建成功]
2025-10-18 08:58:11,857 [INFO] [开始读取数据库表：order_data]
2025-10-18 08:58:12,218 [INFO] [成功读取表 order_data，数据行数：18521]
2025-10-18 08:58:12,343 [INFO] [开始读取数据库表：sales_data]
2025-10-18 08:58:14,543 [INFO] [成功读取表 sales_data，数据行数：22281]
2025-10-18 08:58:16,449 [INFO] [开始读取数据库表：jingpin_data]
2025-10-18 08:58:16,647 [INFO] [成功读取表 jingpin_data，数据行数：4334]
2025-10-18 08:58:16,707 [INFO] [开始读取数据库表：inventory_data]
2025-10-18 08:58:17,354 [INFO] [成功读取表 inventory_data，数据行数：7114]
2025-10-18 08:58:17,354 [INFO] [开始读取数据库表：tuiding_data]
2025-10-18 08:58:17,518 [INFO] [成功读取表 tuiding_data，数据行数：3205]
2025-10-18 08:58:17,518 [INFO] [开始读取数据库表：debit_data]
2025-10-18 08:58:18,641 [INFO] [成功读取表 debit_data，数据行数：15192]
2025-10-18 08:58:19,026 [INFO] [开始读取数据库表：sales_invoice_data]
2025-10-18 08:58:20,068 [INFO] [成功读取表 sales_invoice_data，数据行数：16390]
2025-10-18 09:27:56,488 [INFO] [数据库引擎创建成功]
2025-10-18 09:27:56,488 [INFO] [开始读取数据库表：order_data]
2025-10-18 09:27:56,872 [INFO] [成功读取表 order_data，数据行数：18521]
2025-10-18 09:27:57,001 [INFO] [开始读取数据库表：sales_data]
2025-10-18 09:27:59,711 [INFO] [成功读取表 sales_data，数据行数：22281]
2025-10-18 09:28:01,731 [INFO] [开始读取数据库表：jingpin_data]
2025-10-18 09:28:01,948 [INFO] [成功读取表 jingpin_data，数据行数：4334]
2025-10-18 09:28:02,012 [INFO] [开始读取数据库表：inventory_data]
2025-10-18 09:28:02,665 [INFO] [成功读取表 inventory_data，数据行数：7115]
2025-10-18 09:28:02,666 [INFO] [开始读取数据库表：tuiding_data]
2025-10-18 09:28:02,827 [INFO] [成功读取表 tuiding_data，数据行数：3205]
2025-10-18 09:28:02,827 [INFO] [开始读取数据库表：debit_data]
2025-10-18 09:28:03,948 [INFO] [成功读取表 debit_data，数据行数：15193]
2025-10-18 09:28:04,318 [INFO] [开始读取数据库表：sales_invoice_data]
2025-10-18 09:28:05,421 [INFO] [成功读取表 sales_invoice_data，数据行数：16391]
2025-10-18 09:57:52,940 [INFO] [数据库引擎创建成功]
2025-10-18 09:57:52,940 [INFO] [开始读取数据库表：order_data]
2025-10-18 09:57:53,276 [INFO] [成功读取表 order_data，数据行数：18521]
2025-10-18 09:57:53,403 [INFO] [开始读取数据库表：sales_data]
2025-10-18 09:57:55,857 [INFO] [成功读取表 sales_data，数据行数：22282]
2025-10-18 09:57:57,785 [INFO] [开始读取数据库表：jingpin_data]
2025-10-18 09:57:58,000 [INFO] [成功读取表 jingpin_data，数据行数：4334]
2025-10-18 09:57:58,072 [INFO] [开始读取数据库表：inventory_data]
2025-10-18 09:57:58,712 [INFO] [成功读取表 inventory_data，数据行数：7115]
2025-10-18 09:57:58,713 [INFO] [开始读取数据库表：tuiding_data]
2025-10-18 09:57:58,860 [INFO] [成功读取表 tuiding_data，数据行数：3206]
2025-10-18 09:57:58,860 [INFO] [开始读取数据库表：debit_data]
2025-10-18 09:57:59,963 [INFO] [成功读取表 debit_data，数据行数：15193]
2025-10-18 09:58:00,347 [INFO] [开始读取数据库表：sales_invoice_data]
2025-10-18 09:58:01,373 [INFO] [成功读取表 sales_invoice_data，数据行数：16395]
2025-10-18 10:28:09,699 [INFO] [数据库引擎创建成功]
2025-10-18 10:28:09,699 [INFO] [开始读取数据库表：order_data]
2025-10-18 10:28:10,079 [INFO] [成功读取表 order_data，数据行数：18522]
2025-10-18 10:28:10,207 [INFO] [开始读取数据库表：sales_data]
2025-10-18 10:28:13,201 [INFO] [成功读取表 sales_data，数据行数：22282]
2025-10-18 10:28:15,196 [INFO] [开始读取数据库表：jingpin_data]
2025-10-18 10:28:15,422 [INFO] [成功读取表 jingpin_data，数据行数：4334]
2025-10-18 10:28:15,485 [INFO] [开始读取数据库表：inventory_data]
2025-10-18 10:28:16,139 [INFO] [成功读取表 inventory_data，数据行数：7119]
2025-10-18 10:28:16,139 [INFO] [开始读取数据库表：tuiding_data]
2025-10-18 10:28:16,299 [INFO] [成功读取表 tuiding_data，数据行数：3206]
2025-10-18 10:28:16,299 [INFO] [开始读取数据库表：debit_data]
2025-10-18 10:28:17,423 [INFO] [成功读取表 debit_data，数据行数：15197]
2025-10-18 10:28:17,795 [INFO] [开始读取数据库表：sales_invoice_data]
2025-10-18 10:28:18,867 [INFO] [成功读取表 sales_invoice_data，数据行数：16397]
2025-10-18 10:57:52,823 [INFO] [数据库引擎创建成功]
2025-10-18 10:57:52,823 [INFO] [开始读取数据库表：order_data]
2025-10-18 10:57:53,216 [INFO] [成功读取表 order_data，数据行数：18523]
2025-10-18 10:57:53,391 [INFO] [开始读取数据库表：sales_data]
2025-10-18 10:57:56,726 [INFO] [成功读取表 sales_data，数据行数：22281]
2025-10-18 10:57:58,661 [INFO] [开始读取数据库表：jingpin_data]
2025-10-18 10:57:58,872 [INFO] [成功读取表 jingpin_data，数据行数：4334]
2025-10-18 10:57:58,940 [INFO] [开始读取数据库表：inventory_data]
2025-10-18 10:57:59,568 [INFO] [成功读取表 inventory_data，数据行数：7120]
2025-10-18 10:57:59,569 [INFO] [开始读取数据库表：tuiding_data]
2025-10-18 10:57:59,729 [INFO] [成功读取表 tuiding_data，数据行数：3206]
2025-10-18 10:57:59,729 [INFO] [开始读取数据库表：debit_data]
2025-10-18 10:58:00,815 [INFO] [成功读取表 debit_data，数据行数：15199]
2025-10-18 10:58:01,204 [INFO] [开始读取数据库表：sales_invoice_data]
2025-10-18 10:58:02,280 [INFO] [成功读取表 sales_invoice_data，数据行数：16401]
2025-10-18 11:28:00,375 [INFO] [数据库引擎创建成功]
2025-10-18 11:28:00,375 [INFO] [开始读取数据库表：order_data]
2025-10-18 11:28:00,743 [INFO] [成功读取表 order_data，数据行数：18525]
2025-10-18 11:28:00,859 [INFO] [开始读取数据库表：sales_data]
2025-10-18 11:28:03,201 [INFO] [成功读取表 sales_data，数据行数：22284]
2025-10-18 11:28:05,169 [INFO] [开始读取数据库表：jingpin_data]
2025-10-18 11:28:05,367 [INFO] [成功读取表 jingpin_data，数据行数：4334]
2025-10-18 11:28:05,435 [INFO] [开始读取数据库表：inventory_data]
2025-10-18 11:28:06,084 [INFO] [成功读取表 inventory_data，数据行数：7121]
2025-10-18 11:28:06,084 [INFO] [开始读取数据库表：tuiding_data]
2025-10-18 11:28:06,241 [INFO] [成功读取表 tuiding_data，数据行数：3206]
2025-10-18 11:28:06,241 [INFO] [开始读取数据库表：debit_data]
2025-10-18 11:28:07,334 [INFO] [成功读取表 debit_data，数据行数：15200]
2025-10-18 11:28:07,718 [INFO] [开始读取数据库表：sales_invoice_data]
2025-10-18 11:28:08,775 [INFO] [成功读取表 sales_invoice_data，数据行数：16404]
2025-10-18 11:58:08,814 [INFO] [数据库引擎创建成功]
2025-10-18 11:58:08,814 [INFO] [开始读取数据库表：order_data]
2025-10-18 11:58:09,172 [INFO] [成功读取表 order_data，数据行数：18528]
2025-10-18 11:58:09,296 [INFO] [开始读取数据库表：sales_data]
2025-10-18 11:58:11,278 [INFO] [成功读取表 sales_data，数据行数：22285]
2025-10-18 11:58:13,247 [INFO] [开始读取数据库表：jingpin_data]
2025-10-18 11:58:13,461 [INFO] [成功读取表 jingpin_data，数据行数：4334]
2025-10-18 11:58:13,530 [INFO] [开始读取数据库表：inventory_data]
2025-10-18 11:58:14,163 [INFO] [成功读取表 inventory_data，数据行数：7121]
2025-10-18 11:58:14,164 [INFO] [开始读取数据库表：tuiding_data]
2025-10-18 11:58:14,330 [INFO] [成功读取表 tuiding_data，数据行数：3213]
2025-10-18 11:58:14,330 [INFO] [开始读取数据库表：debit_data]
2025-10-18 11:58:15,414 [INFO] [成功读取表 debit_data，数据行数：15200]
2025-10-18 11:58:15,822 [INFO] [开始读取数据库表：sales_invoice_data]
2025-10-18 11:58:16,876 [INFO] [成功读取表 sales_invoice_data，数据行数：16410]
2025-10-18 12:27:58,670 [INFO] [数据库引擎创建成功]
2025-10-18 12:27:58,670 [INFO] [开始读取数据库表：order_data]
2025-10-18 12:27:59,060 [INFO] [成功读取表 order_data，数据行数：18531]
2025-10-18 12:27:59,192 [INFO] [开始读取数据库表：sales_data]
2025-10-18 12:28:01,975 [INFO] [成功读取表 sales_data，数据行数：22288]
2025-10-18 12:28:04,023 [INFO] [开始读取数据库表：jingpin_data]
2025-10-18 12:28:04,225 [INFO] [成功读取表 jingpin_data，数据行数：4336]
2025-10-18 12:28:04,293 [INFO] [开始读取数据库表：inventory_data]
2025-10-18 12:28:04,963 [INFO] [成功读取表 inventory_data，数据行数：7121]
2025-10-18 12:28:04,963 [INFO] [开始读取数据库表：tuiding_data]
2025-10-18 12:28:05,116 [INFO] [成功读取表 tuiding_data，数据行数：3214]
2025-10-18 12:28:05,116 [INFO] [开始读取数据库表：debit_data]
2025-10-18 12:28:06,272 [INFO] [成功读取表 debit_data，数据行数：15200]
2025-10-18 12:28:06,670 [INFO] [开始读取数据库表：sales_invoice_data]
2025-10-18 12:28:07,739 [INFO] [成功读取表 sales_invoice_data，数据行数：16413]
2025-10-18 12:58:06,809 [INFO] [数据库引擎创建成功]
2025-10-18 12:58:06,809 [INFO] [开始读取数据库表：order_data]
2025-10-18 12:58:07,207 [INFO] [成功读取表 order_data，数据行数：18532]
2025-10-18 12:58:07,353 [INFO] [开始读取数据库表：sales_data]
2025-10-18 12:58:10,139 [INFO] [成功读取表 sales_data，数据行数：22288]
2025-10-18 12:58:12,072 [INFO] [开始读取数据库表：jingpin_data]
2025-10-18 12:58:12,287 [INFO] [成功读取表 jingpin_data，数据行数：4336]
2025-10-18 12:58:12,351 [INFO] [开始读取数据库表：inventory_data]
2025-10-18 12:58:13,010 [INFO] [成功读取表 inventory_data，数据行数：7123]
2025-10-18 12:58:13,010 [INFO] [开始读取数据库表：tuiding_data]
2025-10-18 12:58:13,187 [INFO] [成功读取表 tuiding_data，数据行数：3215]
2025-10-18 12:58:13,187 [INFO] [开始读取数据库表：debit_data]
2025-10-18 12:58:14,331 [INFO] [成功读取表 debit_data，数据行数：15201]
2025-10-18 12:58:14,701 [INFO] [开始读取数据库表：sales_invoice_data]
2025-10-18 12:58:15,768 [INFO] [成功读取表 sales_invoice_data，数据行数：16415]
2025-10-18 13:28:18,051 [INFO] [数据库引擎创建成功]
2025-10-18 13:28:18,051 [INFO] [开始读取数据库表：order_data]
2025-10-18 13:28:18,435 [INFO] [成功读取表 order_data，数据行数：18536]
2025-10-18 13:28:18,557 [INFO] [开始读取数据库表：sales_data]
2025-10-18 13:28:21,206 [INFO] [成功读取表 sales_data，数据行数：22292]
2025-10-18 13:28:23,256 [INFO] [开始读取数据库表：jingpin_data]
2025-10-18 13:28:23,466 [INFO] [成功读取表 jingpin_data，数据行数：4336]
2025-10-18 13:28:23,532 [INFO] [开始读取数据库表：inventory_data]
2025-10-18 13:28:24,204 [INFO] [成功读取表 inventory_data，数据行数：7124]
2025-10-18 13:28:24,204 [INFO] [开始读取数据库表：tuiding_data]
2025-10-18 13:28:24,371 [INFO] [成功读取表 tuiding_data，数据行数：3215]
2025-10-18 13:28:24,371 [INFO] [开始读取数据库表：debit_data]
2025-10-18 13:28:25,536 [INFO] [成功读取表 debit_data，数据行数：15202]
2025-10-18 13:28:25,931 [INFO] [开始读取数据库表：sales_invoice_data]
2025-10-18 13:28:27,023 [INFO] [成功读取表 sales_invoice_data，数据行数：16419]
2025-10-18 13:58:05,095 [INFO] [数据库引擎创建成功]
2025-10-18 13:58:05,095 [INFO] [开始读取数据库表：order_data]
2025-10-18 13:58:05,443 [INFO] [成功读取表 order_data，数据行数：18536]
2025-10-18 13:58:05,582 [INFO] [开始读取数据库表：sales_data]
2025-10-18 13:58:08,008 [INFO] [成功读取表 sales_data，数据行数：22292]
2025-10-18 13:58:09,986 [INFO] [开始读取数据库表：jingpin_data]
2025-10-18 13:58:10,183 [INFO] [成功读取表 jingpin_data，数据行数：4336]
2025-10-18 13:58:10,244 [INFO] [开始读取数据库表：inventory_data]
2025-10-18 13:58:10,894 [INFO] [成功读取表 inventory_data，数据行数：7124]
2025-10-18 13:58:10,894 [INFO] [开始读取数据库表：tuiding_data]
2025-10-18 13:58:11,043 [INFO] [成功读取表 tuiding_data，数据行数：3215]
2025-10-18 13:58:11,043 [INFO] [开始读取数据库表：debit_data]
2025-10-18 13:58:12,123 [INFO] [成功读取表 debit_data，数据行数：15202]
2025-10-18 13:58:12,494 [INFO] [开始读取数据库表：sales_invoice_data]
2025-10-18 13:58:13,574 [INFO] [成功读取表 sales_invoice_data，数据行数：16421]
2025-10-18 14:27:31,398 [INFO] [数据库引擎创建成功]
2025-10-18 14:27:31,398 [INFO] [开始读取数据库表：order_data]
2025-10-18 14:27:31,760 [INFO] [成功读取表 order_data，数据行数：18538]
2025-10-18 14:27:31,896 [INFO] [开始读取数据库表：sales_data]
2025-10-18 14:27:34,648 [INFO] [成功读取表 sales_data，数据行数：22294]
2025-10-18 14:27:36,618 [INFO] [开始读取数据库表：jingpin_data]
2025-10-18 14:27:36,832 [INFO] [成功读取表 jingpin_data，数据行数：4339]
2025-10-18 14:27:36,899 [INFO] [开始读取数据库表：inventory_data]
2025-10-18 14:27:37,559 [INFO] [成功读取表 inventory_data，数据行数：7125]
2025-10-18 14:27:37,559 [INFO] [开始读取数据库表：tuiding_data]
2025-10-18 14:27:37,722 [INFO] [成功读取表 tuiding_data，数据行数：3216]
2025-10-18 14:27:37,722 [INFO] [开始读取数据库表：debit_data]
2025-10-18 14:27:38,864 [INFO] [成功读取表 debit_data，数据行数：15204]
2025-10-18 14:27:39,232 [INFO] [开始读取数据库表：sales_invoice_data]
2025-10-18 14:27:40,331 [INFO] [成功读取表 sales_invoice_data，数据行数：16423]
2025-10-18 14:58:09,886 [INFO] [数据库引擎创建成功]
2025-10-18 14:58:09,886 [INFO] [开始读取数据库表：order_data]
2025-10-18 14:58:10,257 [INFO] [成功读取表 order_data，数据行数：18540]
2025-10-18 14:58:10,388 [INFO] [开始读取数据库表：sales_data]
2025-10-18 14:58:13,153 [INFO] [成功读取表 sales_data，数据行数：22298]
2025-10-18 14:58:15,104 [INFO] [开始读取数据库表：jingpin_data]
2025-10-18 14:58:15,313 [INFO] [成功读取表 jingpin_data，数据行数：4340]
2025-10-18 14:58:15,382 [INFO] [开始读取数据库表：inventory_data]
2025-10-18 14:58:16,090 [INFO] [成功读取表 inventory_data，数据行数：7126]
2025-10-18 14:58:16,090 [INFO] [开始读取数据库表：tuiding_data]
2025-10-18 14:58:16,246 [INFO] [成功读取表 tuiding_data，数据行数：3217]
2025-10-18 14:58:16,246 [INFO] [开始读取数据库表：debit_data]
2025-10-18 14:58:17,378 [INFO] [成功读取表 debit_data，数据行数：15206]
2025-10-18 14:58:17,757 [INFO] [开始读取数据库表：sales_invoice_data]
2025-10-18 14:58:18,839 [INFO] [成功读取表 sales_invoice_data，数据行数：16427]
2025-10-18 15:27:38,618 [INFO] [数据库引擎创建成功]
2025-10-18 15:27:38,618 [INFO] [开始读取数据库表：order_data]
2025-10-18 15:27:38,981 [INFO] [成功读取表 order_data，数据行数：18545]
2025-10-18 15:27:39,107 [INFO] [开始读取数据库表：sales_data]
2025-10-18 15:27:41,395 [INFO] [成功读取表 sales_data，数据行数：22301]
2025-10-18 15:27:43,365 [INFO] [开始读取数据库表：jingpin_data]
2025-10-18 15:27:43,584 [INFO] [成功读取表 jingpin_data，数据行数：4340]
2025-10-18 15:27:43,651 [INFO] [开始读取数据库表：inventory_data]
2025-10-18 15:27:44,303 [INFO] [成功读取表 inventory_data，数据行数：7126]
2025-10-18 15:27:44,303 [INFO] [开始读取数据库表：tuiding_data]
2025-10-18 15:27:44,452 [INFO] [成功读取表 tuiding_data，数据行数：3217]
2025-10-18 15:27:44,452 [INFO] [开始读取数据库表：debit_data]
2025-10-18 15:27:45,592 [INFO] [成功读取表 debit_data，数据行数：15206]
2025-10-18 15:27:45,977 [INFO] [开始读取数据库表：sales_invoice_data]
2025-10-18 15:27:47,091 [INFO] [成功读取表 sales_invoice_data，数据行数：16437]
2025-10-18 15:57:46,614 [INFO] [数据库引擎创建成功]
2025-10-18 15:57:46,614 [INFO] [开始读取数据库表：order_data]
2025-10-18 15:57:46,948 [INFO] [成功读取表 order_data，数据行数：18546]
2025-10-18 15:57:47,099 [INFO] [开始读取数据库表：sales_data]
2025-10-18 15:57:50,109 [INFO] [成功读取表 sales_data，数据行数：22302]
2025-10-18 15:57:52,081 [INFO] [开始读取数据库表：jingpin_data]
2025-10-18 15:57:52,295 [INFO] [成功读取表 jingpin_data，数据行数：4345]
2025-10-18 15:57:52,369 [INFO] [开始读取数据库表：inventory_data]
2025-10-18 15:57:53,006 [INFO] [成功读取表 inventory_data，数据行数：7126]
2025-10-18 15:57:53,006 [INFO] [开始读取数据库表：tuiding_data]
2025-10-18 15:57:53,165 [INFO] [成功读取表 tuiding_data，数据行数：3217]
2025-10-18 15:57:53,166 [INFO] [开始读取数据库表：debit_data]
2025-10-18 15:57:54,281 [INFO] [成功读取表 debit_data，数据行数：15206]
2025-10-18 15:57:54,673 [INFO] [开始读取数据库表：sales_invoice_data]
2025-10-18 15:57:55,738 [INFO] [成功读取表 sales_invoice_data，数据行数：16438]
2025-10-18 16:28:08,519 [INFO] [数据库引擎创建成功]
2025-10-18 16:28:08,519 [INFO] [开始读取数据库表：order_data]
2025-10-18 16:28:08,882 [INFO] [成功读取表 order_data，数据行数：18551]
2025-10-18 16:28:09,015 [INFO] [开始读取数据库表：sales_data]
2025-10-18 16:28:11,429 [INFO] [成功读取表 sales_data，数据行数：22302]
2025-10-18 16:28:13,502 [INFO] [开始读取数据库表：jingpin_data]
2025-10-18 16:28:13,723 [INFO] [成功读取表 jingpin_data，数据行数：4349]
2025-10-18 16:28:13,800 [INFO] [开始读取数据库表：inventory_data]
2025-10-18 16:28:14,514 [INFO] [成功读取表 inventory_data，数据行数：7126]
2025-10-18 16:28:14,514 [INFO] [开始读取数据库表：tuiding_data]
2025-10-18 16:28:14,673 [INFO] [成功读取表 tuiding_data，数据行数：3217]
2025-10-18 16:28:14,674 [INFO] [开始读取数据库表：debit_data]
2025-10-18 16:28:15,835 [INFO] [成功读取表 debit_data，数据行数：15206]
2025-10-18 16:28:16,237 [INFO] [开始读取数据库表：sales_invoice_data]
2025-10-18 16:28:17,386 [INFO] [成功读取表 sales_invoice_data，数据行数：16444]
2025-10-18 16:57:49,821 [INFO] [数据库引擎创建成功]
2025-10-18 16:57:49,821 [INFO] [开始读取数据库表：order_data]
2025-10-18 16:57:50,183 [INFO] [成功读取表 order_data，数据行数：18561]
2025-10-18 16:57:50,312 [INFO] [开始读取数据库表：sales_data]
2025-10-18 16:57:52,803 [INFO] [成功读取表 sales_data，数据行数：22308]
2025-10-18 16:57:54,772 [INFO] [开始读取数据库表：jingpin_data]
2025-10-18 16:57:54,977 [INFO] [成功读取表 jingpin_data，数据行数：4350]
2025-10-18 16:57:55,042 [INFO] [开始读取数据库表：inventory_data]
2025-10-18 16:57:55,686 [INFO] [成功读取表 inventory_data，数据行数：7126]
2025-10-18 16:57:55,686 [INFO] [开始读取数据库表：tuiding_data]
2025-10-18 16:57:55,839 [INFO] [成功读取表 tuiding_data，数据行数：3217]
2025-10-18 16:57:55,839 [INFO] [开始读取数据库表：debit_data]
2025-10-18 16:57:56,929 [INFO] [成功读取表 debit_data，数据行数：15206]
2025-10-18 16:57:57,288 [INFO] [开始读取数据库表：sales_invoice_data]
2025-10-18 16:57:58,318 [INFO] [成功读取表 sales_invoice_data，数据行数：16457]
2025-10-18 17:28:04,170 [INFO] [数据库引擎创建成功]
2025-10-18 17:28:04,170 [INFO] [开始读取数据库表：order_data]
2025-10-18 17:28:04,550 [INFO] [成功读取表 order_data，数据行数：18567]
2025-10-18 17:28:04,687 [INFO] [开始读取数据库表：sales_data]
2025-10-18 17:28:07,320 [INFO] [成功读取表 sales_data，数据行数：22319]
2025-10-18 17:28:09,296 [INFO] [开始读取数据库表：jingpin_data]
2025-10-18 17:28:09,496 [INFO] [成功读取表 jingpin_data，数据行数：4352]
2025-10-18 17:28:09,560 [INFO] [开始读取数据库表：inventory_data]
2025-10-18 17:28:10,207 [INFO] [成功读取表 inventory_data，数据行数：7126]
2025-10-18 17:28:10,207 [INFO] [开始读取数据库表：tuiding_data]
2025-10-18 17:28:10,360 [INFO] [成功读取表 tuiding_data，数据行数：3217]
2025-10-18 17:28:10,360 [INFO] [开始读取数据库表：debit_data]
2025-10-18 17:28:11,480 [INFO] [成功读取表 debit_data，数据行数：15206]
2025-10-18 17:28:11,852 [INFO] [开始读取数据库表：sales_invoice_data]
2025-10-18 17:28:12,927 [INFO] [成功读取表 sales_invoice_data，数据行数：16462]
2025-10-18 17:58:01,176 [INFO] [数据库引擎创建成功]
2025-10-18 17:58:01,176 [INFO] [开始读取数据库表：order_data]
2025-10-18 17:58:01,571 [INFO] [成功读取表 order_data，数据行数：18580]
2025-10-18 17:58:01,692 [INFO] [开始读取数据库表：sales_data]
2025-10-18 17:58:04,013 [INFO] [成功读取表 sales_data，数据行数：22318]
2025-10-18 17:58:05,942 [INFO] [开始读取数据库表：jingpin_data]
2025-10-18 17:58:06,151 [INFO] [成功读取表 jingpin_data，数据行数：4352]
2025-10-18 17:58:06,218 [INFO] [开始读取数据库表：inventory_data]
2025-10-18 17:58:06,844 [INFO] [成功读取表 inventory_data，数据行数：7127]
2025-10-18 17:58:06,844 [INFO] [开始读取数据库表：tuiding_data]
2025-10-18 17:58:06,998 [INFO] [成功读取表 tuiding_data，数据行数：3217]
2025-10-18 17:58:06,998 [INFO] [开始读取数据库表：debit_data]
2025-10-18 17:58:08,074 [INFO] [成功读取表 debit_data，数据行数：15206]
2025-10-18 17:58:08,465 [INFO] [开始读取数据库表：sales_invoice_data]
2025-10-18 17:58:09,512 [INFO] [成功读取表 sales_invoice_data，数据行数：16479]
2025-10-18 18:27:46,317 [INFO] [数据库引擎创建成功]
2025-10-18 18:27:46,317 [INFO] [开始读取数据库表：order_data]
2025-10-18 18:27:46,700 [INFO] [成功读取表 order_data，数据行数：18588]
2025-10-18 18:27:46,836 [INFO] [开始读取数据库表：sales_data]
2025-10-18 18:27:49,330 [INFO] [成功读取表 sales_data，数据行数：22319]
2025-10-18 18:27:51,318 [INFO] [开始读取数据库表：jingpin_data]
2025-10-18 18:27:51,524 [INFO] [成功读取表 jingpin_data，数据行数：4352]
2025-10-18 18:27:51,591 [INFO] [开始读取数据库表：inventory_data]
2025-10-18 18:27:52,235 [INFO] [成功读取表 inventory_data，数据行数：7128]
2025-10-18 18:27:52,235 [INFO] [开始读取数据库表：tuiding_data]
2025-10-18 18:27:52,402 [INFO] [成功读取表 tuiding_data，数据行数：3217]
2025-10-18 18:27:52,402 [INFO] [开始读取数据库表：debit_data]
2025-10-18 18:27:53,521 [INFO] [成功读取表 debit_data，数据行数：15207]
2025-10-18 18:27:53,908 [INFO] [开始读取数据库表：sales_invoice_data]
2025-10-18 18:27:54,979 [INFO] [成功读取表 sales_invoice_data，数据行数：16488]
2025-10-18 18:57:45,742 [INFO] [数据库引擎创建成功]
2025-10-18 18:57:45,742 [INFO] [开始读取数据库表：order_data]
2025-10-18 18:57:46,080 [INFO] [成功读取表 order_data，数据行数：18593]
2025-10-18 18:57:46,217 [INFO] [开始读取数据库表：sales_data]
2025-10-18 18:57:48,156 [INFO] [成功读取表 sales_data，数据行数：22318]
2025-10-18 18:57:50,130 [INFO] [开始读取数据库表：jingpin_data]
2025-10-18 18:57:50,331 [INFO] [成功读取表 jingpin_data，数据行数：4352]
2025-10-18 18:57:50,402 [INFO] [开始读取数据库表：inventory_data]
2025-10-18 18:57:51,027 [INFO] [成功读取表 inventory_data，数据行数：7129]
2025-10-18 18:57:51,028 [INFO] [开始读取数据库表：tuiding_data]
2025-10-18 18:57:51,175 [INFO] [成功读取表 tuiding_data，数据行数：3219]
2025-10-18 18:57:51,175 [INFO] [开始读取数据库表：debit_data]
2025-10-18 18:57:52,261 [INFO] [成功读取表 debit_data，数据行数：15208]
2025-10-18 18:57:52,631 [INFO] [开始读取数据库表：sales_invoice_data]
2025-10-18 18:57:53,646 [INFO] [成功读取表 sales_invoice_data，数据行数：16494]
2025-10-18 19:27:33,715 [INFO] [数据库引擎创建成功]
2025-10-18 19:27:33,715 [INFO] [开始读取数据库表：order_data]
2025-10-18 19:27:34,062 [INFO] [成功读取表 order_data，数据行数：18599]
2025-10-18 19:27:34,183 [INFO] [开始读取数据库表：sales_data]
2025-10-18 19:27:36,454 [INFO] [成功读取表 sales_data，数据行数：22318]
2025-10-18 19:27:38,428 [INFO] [开始读取数据库表：jingpin_data]
2025-10-18 19:27:38,643 [INFO] [成功读取表 jingpin_data，数据行数：4352]
2025-10-18 19:27:38,710 [INFO] [开始读取数据库表：inventory_data]
2025-10-18 19:27:39,367 [INFO] [成功读取表 inventory_data，数据行数：7129]
2025-10-18 19:27:39,367 [INFO] [开始读取数据库表：tuiding_data]
2025-10-18 19:27:39,547 [INFO] [成功读取表 tuiding_data，数据行数：3220]
2025-10-18 19:27:39,547 [INFO] [开始读取数据库表：debit_data]
2025-10-18 19:27:40,649 [INFO] [成功读取表 debit_data，数据行数：15208]
2025-10-18 19:27:41,019 [INFO] [开始读取数据库表：sales_invoice_data]
2025-10-18 19:27:42,114 [INFO] [成功读取表 sales_invoice_data，数据行数：16499]
2025-10-18 19:57:30,529 [INFO] [数据库引擎创建成功]
2025-10-18 19:57:30,530 [INFO] [开始读取数据库表：order_data]
2025-10-18 19:57:30,880 [INFO] [成功读取表 order_data，数据行数：18603]
2025-10-18 19:57:30,996 [INFO] [开始读取数据库表：sales_data]
2025-10-18 19:57:33,299 [INFO] [成功读取表 sales_data，数据行数：22318]
2025-10-18 19:57:35,270 [INFO] [开始读取数据库表：jingpin_data]
2025-10-18 19:57:35,490 [INFO] [成功读取表 jingpin_data，数据行数：4352]
2025-10-18 19:57:35,550 [INFO] [开始读取数据库表：inventory_data]
2025-10-18 19:57:36,188 [INFO] [成功读取表 inventory_data，数据行数：7129]
2025-10-18 19:57:36,189 [INFO] [开始读取数据库表：tuiding_data]
2025-10-18 19:57:36,352 [INFO] [成功读取表 tuiding_data，数据行数：3220]
2025-10-18 19:57:36,352 [INFO] [开始读取数据库表：debit_data]
2025-10-18 19:57:37,480 [INFO] [成功读取表 debit_data，数据行数：15208]
2025-10-18 19:57:37,862 [INFO] [开始读取数据库表：sales_invoice_data]
2025-10-18 19:57:38,945 [INFO] [成功读取表 sales_invoice_data，数据行数：16505]
2025-10-18 20:27:32,300 [INFO] [数据库引擎创建成功]
2025-10-18 20:27:32,301 [INFO] [开始读取数据库表：order_data]
2025-10-18 20:27:32,657 [INFO] [成功读取表 order_data，数据行数：18603]
2025-10-18 20:27:32,781 [INFO] [开始读取数据库表：sales_data]
2025-10-18 20:27:35,016 [INFO] [成功读取表 sales_data，数据行数：22318]
2025-10-18 20:27:36,994 [INFO] [开始读取数据库表：jingpin_data]
2025-10-18 20:27:37,229 [INFO] [成功读取表 jingpin_data，数据行数：4352]
2025-10-18 20:27:37,303 [INFO] [开始读取数据库表：inventory_data]
2025-10-18 20:27:37,973 [INFO] [成功读取表 inventory_data，数据行数：7129]
2025-10-18 20:27:37,973 [INFO] [开始读取数据库表：tuiding_data]
2025-10-18 20:27:38,155 [INFO] [成功读取表 tuiding_data，数据行数：3220]
2025-10-18 20:27:38,156 [INFO] [开始读取数据库表：debit_data]
2025-10-18 20:27:39,375 [INFO] [成功读取表 debit_data，数据行数：15208]
2025-10-18 20:27:39,747 [INFO] [开始读取数据库表：sales_invoice_data]
2025-10-18 20:27:40,909 [INFO] [成功读取表 sales_invoice_data，数据行数：16505]
2025-10-18 20:57:45,230 [INFO] [数据库引擎创建成功]
2025-10-18 20:57:45,230 [INFO] [开始读取数据库表：order_data]
2025-10-18 20:57:45,592 [INFO] [成功读取表 order_data，数据行数：18604]
2025-10-18 20:57:45,715 [INFO] [开始读取数据库表：sales_data]
2025-10-18 20:57:47,708 [INFO] [成功读取表 sales_data，数据行数：22320]
2025-10-18 20:57:49,627 [INFO] [开始读取数据库表：jingpin_data]
2025-10-18 20:57:49,839 [INFO] [成功读取表 jingpin_data，数据行数：4352]
2025-10-18 20:57:49,905 [INFO] [开始读取数据库表：inventory_data]
2025-10-18 20:57:50,532 [INFO] [成功读取表 inventory_data，数据行数：7129]
2025-10-18 20:57:50,532 [INFO] [开始读取数据库表：tuiding_data]
2025-10-18 20:57:50,682 [INFO] [成功读取表 tuiding_data，数据行数：3220]
2025-10-18 20:57:50,683 [INFO] [开始读取数据库表：debit_data]
2025-10-18 20:57:51,750 [INFO] [成功读取表 debit_data，数据行数：15208]
2025-10-18 20:57:52,118 [INFO] [开始读取数据库表：sales_invoice_data]
2025-10-18 20:57:53,176 [INFO] [成功读取表 sales_invoice_data，数据行数：16506]
2025-10-18 21:27:35,560 [INFO] [数据库引擎创建成功]
2025-10-18 21:27:35,561 [INFO] [开始读取数据库表：order_data]
2025-10-18 21:27:35,963 [INFO] [成功读取表 order_data，数据行数：18604]
2025-10-18 21:27:36,081 [INFO] [开始读取数据库表：sales_data]
2025-10-18 21:27:38,260 [INFO] [成功读取表 sales_data，数据行数：22320]
2025-10-18 21:27:40,166 [INFO] [开始读取数据库表：jingpin_data]
2025-10-18 21:27:40,387 [INFO] [成功读取表 jingpin_data，数据行数：4352]
2025-10-18 21:27:40,451 [INFO] [开始读取数据库表：inventory_data]
2025-10-18 21:27:41,111 [INFO] [成功读取表 inventory_data，数据行数：7129]
2025-10-18 21:27:41,112 [INFO] [开始读取数据库表：tuiding_data]
2025-10-18 21:27:41,270 [INFO] [成功读取表 tuiding_data，数据行数：3220]
2025-10-18 21:27:41,270 [INFO] [开始读取数据库表：debit_data]
2025-10-18 21:27:42,436 [INFO] [成功读取表 debit_data，数据行数：15590]
2025-10-18 21:27:42,813 [INFO] [开始读取数据库表：sales_invoice_data]
2025-10-18 21:27:43,886 [INFO] [成功读取表 sales_invoice_data，数据行数：16506]
2025-10-18 21:57:30,735 [INFO] [数据库引擎创建成功]
2025-10-18 21:57:30,735 [INFO] [开始读取数据库表：order_data]
2025-10-18 21:57:31,106 [INFO] [成功读取表 order_data，数据行数：18604]
2025-10-18 21:57:31,227 [INFO] [开始读取数据库表：sales_data]
2025-10-18 21:57:33,476 [INFO] [成功读取表 sales_data，数据行数：22329]
2025-10-18 21:57:35,419 [INFO] [开始读取数据库表：jingpin_data]
2025-10-18 21:57:35,637 [INFO] [成功读取表 jingpin_data，数据行数：4353]
2025-10-18 21:57:35,703 [INFO] [开始读取数据库表：inventory_data]
2025-10-18 21:57:36,376 [INFO] [成功读取表 inventory_data，数据行数：7137]
2025-10-18 21:57:36,376 [INFO] [开始读取数据库表：tuiding_data]
2025-10-18 21:57:36,544 [INFO] [成功读取表 tuiding_data，数据行数：3220]
2025-10-18 21:57:36,544 [INFO] [开始读取数据库表：debit_data]
2025-10-18 21:57:37,734 [INFO] [成功读取表 debit_data，数据行数：15616]
2025-10-18 21:57:38,105 [INFO] [开始读取数据库表：sales_invoice_data]
2025-10-18 21:57:39,212 [INFO] [成功读取表 sales_invoice_data，数据行数：16506]
2025-10-18 22:27:34,343 [INFO] [数据库引擎创建成功]
2025-10-18 22:27:34,343 [INFO] [开始读取数据库表：order_data]
2025-10-18 22:27:34,695 [INFO] [成功读取表 order_data，数据行数：18604]
2025-10-18 22:27:34,817 [INFO] [开始读取数据库表：sales_data]
2025-10-18 22:27:37,339 [INFO] [成功读取表 sales_data，数据行数：22329]
2025-10-18 22:27:39,298 [INFO] [开始读取数据库表：jingpin_data]
2025-10-18 22:27:39,515 [INFO] [成功读取表 jingpin_data，数据行数：4353]
2025-10-18 22:27:39,580 [INFO] [开始读取数据库表：inventory_data]
2025-10-18 22:27:40,250 [INFO] [成功读取表 inventory_data，数据行数：7137]
2025-10-18 22:27:40,250 [INFO] [开始读取数据库表：tuiding_data]
2025-10-18 22:27:40,411 [INFO] [成功读取表 tuiding_data，数据行数：3220]
2025-10-18 22:27:40,412 [INFO] [开始读取数据库表：debit_data]
2025-10-18 22:27:41,576 [INFO] [成功读取表 debit_data，数据行数：15616]
2025-10-18 22:27:41,950 [INFO] [开始读取数据库表：sales_invoice_data]
2025-10-18 22:27:43,025 [INFO] [成功读取表 sales_invoice_data，数据行数：16506]
2025-10-18 22:57:32,483 [INFO] [数据库引擎创建成功]
2025-10-18 22:57:32,483 [INFO] [开始读取数据库表：order_data]
2025-10-18 22:57:32,836 [INFO] [成功读取表 order_data，数据行数：18604]
2025-10-18 22:57:32,965 [INFO] [开始读取数据库表：sales_data]
2025-10-18 22:57:35,016 [INFO] [成功读取表 sales_data，数据行数：22329]
2025-10-18 22:57:36,984 [INFO] [开始读取数据库表：jingpin_data]
2025-10-18 22:57:37,197 [INFO] [成功读取表 jingpin_data，数据行数：4353]
2025-10-18 22:57:37,262 [INFO] [开始读取数据库表：inventory_data]
2025-10-18 22:57:37,921 [INFO] [成功读取表 inventory_data，数据行数：7137]
2025-10-18 22:57:37,921 [INFO] [开始读取数据库表：tuiding_data]
2025-10-18 22:57:38,096 [INFO] [成功读取表 tuiding_data，数据行数：3220]
2025-10-18 22:57:38,097 [INFO] [开始读取数据库表：debit_data]
2025-10-18 22:57:39,226 [INFO] [成功读取表 debit_data，数据行数：15616]
2025-10-18 22:57:39,623 [INFO] [开始读取数据库表：sales_invoice_data]
2025-10-18 22:57:40,701 [INFO] [成功读取表 sales_invoice_data，数据行数：16506]
2025-10-18 23:27:39,940 [INFO] [数据库引擎创建成功]
2025-10-18 23:27:39,941 [INFO] [开始读取数据库表：order_data]
2025-10-18 23:27:40,298 [INFO] [成功读取表 order_data，数据行数：18604]
2025-10-18 23:27:40,442 [INFO] [开始读取数据库表：sales_data]
2025-10-18 23:27:43,043 [INFO] [成功读取表 sales_data，数据行数：22329]
2025-10-18 23:27:45,023 [INFO] [开始读取数据库表：jingpin_data]
2025-10-18 23:27:45,233 [INFO] [成功读取表 jingpin_data，数据行数：4353]
2025-10-18 23:27:45,296 [INFO] [开始读取数据库表：inventory_data]
2025-10-18 23:27:45,966 [INFO] [成功读取表 inventory_data，数据行数：7137]
2025-10-18 23:27:45,966 [INFO] [开始读取数据库表：tuiding_data]
2025-10-18 23:27:46,131 [INFO] [成功读取表 tuiding_data，数据行数：3220]
2025-10-18 23:27:46,131 [INFO] [开始读取数据库表：debit_data]
2025-10-18 23:27:47,270 [INFO] [成功读取表 debit_data，数据行数：15616]
2025-10-18 23:27:47,662 [INFO] [开始读取数据库表：sales_invoice_data]
2025-10-18 23:27:48,751 [INFO] [成功读取表 sales_invoice_data，数据行数：16506]
2025-10-18 23:57:51,218 [INFO] [数据库引擎创建成功]
2025-10-18 23:57:51,219 [INFO] [开始读取数据库表：order_data]
2025-10-18 23:57:51,628 [INFO] [成功读取表 order_data，数据行数：18604]
2025-10-18 23:57:51,762 [INFO] [开始读取数据库表：sales_data]
2025-10-18 23:57:54,282 [INFO] [成功读取表 sales_data，数据行数：22329]
2025-10-18 23:57:56,223 [INFO] [开始读取数据库表：jingpin_data]
2025-10-18 23:57:56,426 [INFO] [成功读取表 jingpin_data，数据行数：4353]
2025-10-18 23:57:56,490 [INFO] [开始读取数据库表：inventory_data]
2025-10-18 23:57:57,110 [INFO] [成功读取表 inventory_data，数据行数：7137]
2025-10-18 23:57:57,110 [INFO] [开始读取数据库表：tuiding_data]
2025-10-18 23:57:57,264 [INFO] [成功读取表 tuiding_data，数据行数：3220]
2025-10-18 23:57:57,264 [INFO] [开始读取数据库表：debit_data]
2025-10-18 23:57:58,360 [INFO] [成功读取表 debit_data，数据行数：15616]
2025-10-18 23:57:58,752 [INFO] [开始读取数据库表：sales_invoice_data]
2025-10-18 23:57:59,839 [INFO] [成功读取表 sales_invoice_data，数据行数：16506]
