2025-11-03 00:27:59,587 [INFO] [数据库引擎创建成功]
2025-11-03 00:27:59,587 [INFO] [开始读取数据库表：order_data]
2025-11-03 00:28:00,300 [INFO] [成功读取表 order_data，数据行数：22266]
2025-11-03 00:28:00,520 [INFO] [开始读取数据库表：sales_data]
2025-11-03 00:28:04,294 [INFO] [成功读取表 sales_data，数据行数：26381]
2025-11-03 00:28:05,492 [INFO] [开始读取数据库表：jingpin_data]
2025-11-03 00:28:05,567 [INFO] [成功读取表 jingpin_data，数据行数：4105]
2025-11-03 00:28:05,603 [INFO] [开始读取数据库表：inventory_data]
2025-11-03 00:28:06,037 [INFO] [成功读取表 inventory_data，数据行数：5770]
2025-11-03 00:28:06,038 [INFO] [开始读取数据库表：tuiding_data]
2025-11-03 00:28:06,197 [INFO] [成功读取表 tuiding_data，数据行数：3860]
2025-11-03 00:28:06,197 [INFO] [开始读取数据库表：debit_data]
2025-11-03 00:28:07,584 [INFO] [成功读取表 debit_data，数据行数：21897]
2025-11-03 00:28:07,914 [INFO] [开始读取数据库表：sales_invoice_data]
2025-11-03 00:28:08,964 [INFO] [成功读取表 sales_invoice_data，数据行数：19949]
2025-11-03 00:58:17,679 [INFO] [数据库引擎创建成功]
2025-11-03 00:58:17,679 [INFO] [开始读取数据库表：order_data]
2025-11-03 00:58:18,427 [INFO] [成功读取表 order_data，数据行数：22266]
2025-11-03 00:58:18,611 [INFO] [开始读取数据库表：sales_data]
2025-11-03 00:58:22,039 [INFO] [成功读取表 sales_data，数据行数：26381]
2025-11-03 00:58:23,223 [INFO] [开始读取数据库表：jingpin_data]
2025-11-03 00:58:23,343 [INFO] [成功读取表 jingpin_data，数据行数：4105]
2025-11-03 00:58:23,377 [INFO] [开始读取数据库表：inventory_data]
2025-11-03 00:58:23,611 [INFO] [成功读取表 inventory_data，数据行数：5770]
2025-11-03 00:58:23,611 [INFO] [开始读取数据库表：tuiding_data]
2025-11-03 00:58:23,707 [INFO] [成功读取表 tuiding_data，数据行数：3860]
2025-11-03 00:58:23,707 [INFO] [开始读取数据库表：debit_data]
2025-11-03 00:58:25,040 [INFO] [成功读取表 debit_data，数据行数：21897]
2025-11-03 00:58:25,344 [INFO] [开始读取数据库表：sales_invoice_data]
2025-11-03 00:58:26,385 [INFO] [成功读取表 sales_invoice_data，数据行数：19949]
2025-11-03 01:28:03,618 [INFO] [数据库引擎创建成功]
2025-11-03 01:28:03,618 [INFO] [开始读取数据库表：order_data]
2025-11-03 01:28:04,448 [INFO] [成功读取表 order_data，数据行数：22266]
2025-11-03 01:28:04,645 [INFO] [开始读取数据库表：sales_data]
2025-11-03 01:28:08,156 [INFO] [成功读取表 sales_data，数据行数：26381]
2025-11-03 01:28:09,300 [INFO] [开始读取数据库表：jingpin_data]
2025-11-03 01:28:09,408 [INFO] [成功读取表 jingpin_data，数据行数：4105]
2025-11-03 01:28:09,449 [INFO] [开始读取数据库表：inventory_data]
2025-11-03 01:28:09,817 [INFO] [成功读取表 inventory_data，数据行数：5770]
2025-11-03 01:28:09,817 [INFO] [开始读取数据库表：tuiding_data]
2025-11-03 01:28:09,972 [INFO] [成功读取表 tuiding_data，数据行数：3860]
2025-11-03 01:28:09,972 [INFO] [开始读取数据库表：debit_data]
2025-11-03 01:28:11,341 [INFO] [成功读取表 debit_data，数据行数：21897]
2025-11-03 01:28:11,697 [INFO] [开始读取数据库表：sales_invoice_data]
2025-11-03 01:28:12,833 [INFO] [成功读取表 sales_invoice_data，数据行数：19949]
2025-11-03 01:57:46,827 [INFO] [数据库引擎创建成功]
2025-11-03 01:57:46,828 [INFO] [开始读取数据库表：order_data]
2025-11-03 01:57:47,628 [INFO] [成功读取表 order_data，数据行数：22266]
2025-11-03 01:57:47,847 [INFO] [开始读取数据库表：sales_data]
2025-11-03 01:57:51,525 [INFO] [成功读取表 sales_data，数据行数：26381]
2025-11-03 01:57:53,111 [INFO] [开始读取数据库表：jingpin_data]
2025-11-03 01:57:53,277 [INFO] [成功读取表 jingpin_data，数据行数：4105]
2025-11-03 01:57:53,347 [INFO] [开始读取数据库表：inventory_data]
2025-11-03 01:57:53,754 [INFO] [成功读取表 inventory_data，数据行数：5770]
2025-11-03 01:57:53,754 [INFO] [开始读取数据库表：tuiding_data]
2025-11-03 01:57:53,932 [INFO] [成功读取表 tuiding_data，数据行数：3860]
2025-11-03 01:57:53,932 [INFO] [开始读取数据库表：debit_data]
2025-11-03 01:57:55,287 [INFO] [成功读取表 debit_data，数据行数：21897]
2025-11-03 01:57:55,603 [INFO] [开始读取数据库表：sales_invoice_data]
2025-11-03 01:57:56,645 [INFO] [成功读取表 sales_invoice_data，数据行数：19949]
2025-11-03 02:27:56,527 [INFO] [数据库引擎创建成功]
2025-11-03 02:27:56,527 [INFO] [开始读取数据库表：order_data]
2025-11-03 02:27:57,120 [INFO] [成功读取表 order_data，数据行数：22266]
2025-11-03 02:27:57,330 [INFO] [开始读取数据库表：sales_data]
2025-11-03 02:28:00,825 [INFO] [成功读取表 sales_data，数据行数：26381]
2025-11-03 02:28:01,959 [INFO] [开始读取数据库表：jingpin_data]
2025-11-03 02:28:02,098 [INFO] [成功读取表 jingpin_data，数据行数：4105]
2025-11-03 02:28:02,159 [INFO] [开始读取数据库表：inventory_data]
2025-11-03 02:28:02,499 [INFO] [成功读取表 inventory_data，数据行数：5770]
2025-11-03 02:28:02,499 [INFO] [开始读取数据库表：tuiding_data]
2025-11-03 02:28:02,622 [INFO] [成功读取表 tuiding_data，数据行数：3860]
2025-11-03 02:28:02,623 [INFO] [开始读取数据库表：debit_data]
2025-11-03 02:28:04,074 [INFO] [成功读取表 debit_data，数据行数：21897]
2025-11-03 02:28:04,404 [INFO] [开始读取数据库表：sales_invoice_data]
2025-11-03 02:28:05,485 [INFO] [成功读取表 sales_invoice_data，数据行数：19949]
2025-11-03 02:57:48,879 [INFO] [数据库引擎创建成功]
2025-11-03 02:57:48,879 [INFO] [开始读取数据库表：order_data]
2025-11-03 02:57:49,743 [INFO] [成功读取表 order_data，数据行数：22266]
2025-11-03 02:57:49,934 [INFO] [开始读取数据库表：sales_data]
2025-11-03 02:57:53,567 [INFO] [成功读取表 sales_data，数据行数：26381]
2025-11-03 02:57:55,176 [INFO] [开始读取数据库表：jingpin_data]
2025-11-03 02:57:55,352 [INFO] [成功读取表 jingpin_data，数据行数：4105]
2025-11-03 02:57:55,441 [INFO] [开始读取数据库表：inventory_data]
2025-11-03 02:57:55,834 [INFO] [成功读取表 inventory_data，数据行数：5770]
2025-11-03 02:57:55,834 [INFO] [开始读取数据库表：tuiding_data]
2025-11-03 02:57:55,980 [INFO] [成功读取表 tuiding_data，数据行数：3860]
2025-11-03 02:57:55,981 [INFO] [开始读取数据库表：debit_data]
2025-11-03 02:57:57,303 [INFO] [成功读取表 debit_data，数据行数：21897]
2025-11-03 02:57:57,655 [INFO] [开始读取数据库表：sales_invoice_data]
2025-11-03 02:57:58,739 [INFO] [成功读取表 sales_invoice_data，数据行数：19949]
2025-11-03 03:27:56,141 [INFO] [数据库引擎创建成功]
2025-11-03 03:27:56,141 [INFO] [开始读取数据库表：order_data]
2025-11-03 03:27:56,669 [INFO] [成功读取表 order_data，数据行数：22266]
2025-11-03 03:27:56,816 [INFO] [开始读取数据库表：sales_data]
2025-11-03 03:27:59,528 [INFO] [成功读取表 sales_data，数据行数：26381]
2025-11-03 03:28:00,517 [INFO] [开始读取数据库表：jingpin_data]
2025-11-03 03:28:00,593 [INFO] [成功读取表 jingpin_data，数据行数：4105]
2025-11-03 03:28:00,627 [INFO] [开始读取数据库表：inventory_data]
2025-11-03 03:28:00,840 [INFO] [成功读取表 inventory_data，数据行数：5770]
2025-11-03 03:28:00,840 [INFO] [开始读取数据库表：tuiding_data]
2025-11-03 03:28:01,022 [INFO] [成功读取表 tuiding_data，数据行数：3860]
2025-11-03 03:28:01,022 [INFO] [开始读取数据库表：debit_data]
2025-11-03 03:28:03,356 [INFO] [成功读取表 debit_data，数据行数：21897]
2025-11-03 03:28:03,690 [INFO] [开始读取数据库表：sales_invoice_data]
2025-11-03 03:28:04,879 [INFO] [成功读取表 sales_invoice_data，数据行数：19949]
2025-11-03 03:57:43,888 [INFO] [数据库引擎创建成功]
2025-11-03 03:57:43,888 [INFO] [开始读取数据库表：order_data]
2025-11-03 03:57:44,536 [INFO] [成功读取表 order_data，数据行数：22266]
2025-11-03 03:57:44,715 [INFO] [开始读取数据库表：sales_data]
2025-11-03 03:57:47,984 [INFO] [成功读取表 sales_data，数据行数：26381]
2025-11-03 03:57:49,053 [INFO] [开始读取数据库表：jingpin_data]
2025-11-03 03:57:49,127 [INFO] [成功读取表 jingpin_data，数据行数：4105]
2025-11-03 03:57:49,171 [INFO] [开始读取数据库表：inventory_data]
2025-11-03 03:57:49,389 [INFO] [成功读取表 inventory_data，数据行数：5770]
2025-11-03 03:57:49,389 [INFO] [开始读取数据库表：tuiding_data]
2025-11-03 03:57:49,488 [INFO] [成功读取表 tuiding_data，数据行数：3860]
2025-11-03 03:57:49,489 [INFO] [开始读取数据库表：debit_data]
2025-11-03 03:57:50,184 [INFO] [成功读取表 debit_data，数据行数：21897]
2025-11-03 03:57:50,814 [INFO] [开始读取数据库表：sales_invoice_data]
2025-11-03 03:57:51,980 [INFO] [成功读取表 sales_invoice_data，数据行数：19949]
2025-11-03 04:27:48,220 [INFO] [数据库引擎创建成功]
2025-11-03 04:27:48,220 [INFO] [开始读取数据库表：order_data]
2025-11-03 04:27:49,039 [INFO] [成功读取表 order_data，数据行数：22266]
2025-11-03 04:27:49,229 [INFO] [开始读取数据库表：sales_data]
2025-11-03 04:27:52,877 [INFO] [成功读取表 sales_data，数据行数：26381]
2025-11-03 04:27:54,083 [INFO] [开始读取数据库表：jingpin_data]
2025-11-03 04:27:54,181 [INFO] [成功读取表 jingpin_data，数据行数：4105]
2025-11-03 04:27:54,221 [INFO] [开始读取数据库表：inventory_data]
2025-11-03 04:27:54,645 [INFO] [成功读取表 inventory_data，数据行数：5770]
2025-11-03 04:27:54,646 [INFO] [开始读取数据库表：tuiding_data]
2025-11-03 04:27:54,793 [INFO] [成功读取表 tuiding_data，数据行数：3860]
2025-11-03 04:27:54,794 [INFO] [开始读取数据库表：debit_data]
2025-11-03 04:27:56,261 [INFO] [成功读取表 debit_data，数据行数：21897]
2025-11-03 04:27:56,567 [INFO] [开始读取数据库表：sales_invoice_data]
2025-11-03 04:27:57,648 [INFO] [成功读取表 sales_invoice_data，数据行数：19949]
2025-11-03 04:58:05,762 [INFO] [数据库引擎创建成功]
2025-11-03 04:58:05,762 [INFO] [开始读取数据库表：order_data]
2025-11-03 04:58:06,471 [INFO] [成功读取表 order_data，数据行数：22266]
2025-11-03 04:58:06,640 [INFO] [开始读取数据库表：sales_data]
2025-11-03 04:58:10,495 [INFO] [成功读取表 sales_data，数据行数：26381]
2025-11-03 04:58:11,677 [INFO] [开始读取数据库表：jingpin_data]
2025-11-03 04:58:11,797 [INFO] [成功读取表 jingpin_data，数据行数：4105]
2025-11-03 04:58:11,830 [INFO] [开始读取数据库表：inventory_data]
2025-11-03 04:58:12,140 [INFO] [成功读取表 inventory_data，数据行数：5770]
2025-11-03 04:58:12,140 [INFO] [开始读取数据库表：tuiding_data]
2025-11-03 04:58:12,301 [INFO] [成功读取表 tuiding_data，数据行数：3860]
2025-11-03 04:58:12,301 [INFO] [开始读取数据库表：debit_data]
2025-11-03 04:58:13,773 [INFO] [成功读取表 debit_data，数据行数：21897]
2025-11-03 04:58:14,095 [INFO] [开始读取数据库表：sales_invoice_data]
2025-11-03 04:58:15,203 [INFO] [成功读取表 sales_invoice_data，数据行数：19949]
2025-11-03 05:27:53,197 [INFO] [数据库引擎创建成功]
2025-11-03 05:27:53,197 [INFO] [开始读取数据库表：order_data]
2025-11-03 05:27:54,111 [INFO] [成功读取表 order_data，数据行数：22266]
2025-11-03 05:27:54,335 [INFO] [开始读取数据库表：sales_data]
2025-11-03 05:27:57,899 [INFO] [成功读取表 sales_data，数据行数：26381]
2025-11-03 05:27:59,470 [INFO] [开始读取数据库表：jingpin_data]
2025-11-03 05:27:59,629 [INFO] [成功读取表 jingpin_data，数据行数：4105]
2025-11-03 05:27:59,705 [INFO] [开始读取数据库表：inventory_data]
2025-11-03 05:28:00,112 [INFO] [成功读取表 inventory_data，数据行数：5770]
2025-11-03 05:28:00,112 [INFO] [开始读取数据库表：tuiding_data]
2025-11-03 05:28:00,268 [INFO] [成功读取表 tuiding_data，数据行数：3860]
2025-11-03 05:28:00,268 [INFO] [开始读取数据库表：debit_data]
2025-11-03 05:28:01,587 [INFO] [成功读取表 debit_data，数据行数：21897]
2025-11-03 05:28:01,910 [INFO] [开始读取数据库表：sales_invoice_data]
2025-11-03 05:28:02,961 [INFO] [成功读取表 sales_invoice_data，数据行数：19949]
2025-11-03 05:57:41,300 [INFO] [数据库引擎创建成功]
2025-11-03 05:57:41,300 [INFO] [开始读取数据库表：order_data]
2025-11-03 05:57:41,992 [INFO] [成功读取表 order_data，数据行数：22266]
2025-11-03 05:57:42,183 [INFO] [开始读取数据库表：sales_data]
2025-11-03 05:57:45,326 [INFO] [成功读取表 sales_data，数据行数：26381]
2025-11-03 05:57:46,478 [INFO] [开始读取数据库表：jingpin_data]
2025-11-03 05:57:46,576 [INFO] [成功读取表 jingpin_data，数据行数：4105]
2025-11-03 05:57:46,627 [INFO] [开始读取数据库表：inventory_data]
2025-11-03 05:57:46,908 [INFO] [成功读取表 inventory_data，数据行数：5770]
2025-11-03 05:57:46,908 [INFO] [开始读取数据库表：tuiding_data]
2025-11-03 05:57:47,004 [INFO] [成功读取表 tuiding_data，数据行数：3860]
2025-11-03 05:57:47,004 [INFO] [开始读取数据库表：debit_data]
2025-11-03 05:57:48,127 [INFO] [成功读取表 debit_data，数据行数：21897]
2025-11-03 05:57:48,433 [INFO] [开始读取数据库表：sales_invoice_data]
2025-11-03 05:57:49,503 [INFO] [成功读取表 sales_invoice_data，数据行数：19949]
2025-11-03 06:27:49,075 [INFO] [数据库引擎创建成功]
2025-11-03 06:27:49,075 [INFO] [开始读取数据库表：order_data]
2025-11-03 06:27:49,622 [INFO] [成功读取表 order_data，数据行数：22266]
2025-11-03 06:27:49,772 [INFO] [开始读取数据库表：sales_data]
2025-11-03 06:27:52,470 [INFO] [成功读取表 sales_data，数据行数：26381]
2025-11-03 06:27:53,391 [INFO] [开始读取数据库表：jingpin_data]
2025-11-03 06:27:53,459 [INFO] [成功读取表 jingpin_data，数据行数：4105]
2025-11-03 06:27:53,491 [INFO] [开始读取数据库表：inventory_data]
2025-11-03 06:27:53,680 [INFO] [成功读取表 inventory_data，数据行数：5770]
2025-11-03 06:27:53,680 [INFO] [开始读取数据库表：tuiding_data]
2025-11-03 06:27:53,749 [INFO] [成功读取表 tuiding_data，数据行数：3860]
2025-11-03 06:27:53,749 [INFO] [开始读取数据库表：debit_data]
2025-11-03 06:27:56,271 [INFO] [成功读取表 debit_data，数据行数：21897]
2025-11-03 06:27:56,632 [INFO] [开始读取数据库表：sales_invoice_data]
2025-11-03 06:27:57,707 [INFO] [成功读取表 sales_invoice_data，数据行数：19949]
2025-11-03 06:57:52,941 [INFO] [数据库引擎创建成功]
2025-11-03 06:57:52,941 [INFO] [开始读取数据库表：order_data]
2025-11-03 06:57:53,700 [INFO] [成功读取表 order_data，数据行数：22266]
2025-11-03 06:57:53,917 [INFO] [开始读取数据库表：sales_data]
2025-11-03 06:57:57,456 [INFO] [成功读取表 sales_data，数据行数：26381]
2025-11-03 06:57:58,738 [INFO] [开始读取数据库表：jingpin_data]
2025-11-03 06:57:58,855 [INFO] [成功读取表 jingpin_data，数据行数：4105]
2025-11-03 06:57:58,898 [INFO] [开始读取数据库表：inventory_data]
2025-11-03 06:57:59,171 [INFO] [成功读取表 inventory_data，数据行数：5770]
2025-11-03 06:57:59,171 [INFO] [开始读取数据库表：tuiding_data]
2025-11-03 06:57:59,258 [INFO] [成功读取表 tuiding_data，数据行数：3860]
2025-11-03 06:57:59,258 [INFO] [开始读取数据库表：debit_data]
2025-11-03 06:58:00,645 [INFO] [成功读取表 debit_data，数据行数：21897]
2025-11-03 06:58:00,979 [INFO] [开始读取数据库表：sales_invoice_data]
2025-11-03 06:58:02,033 [INFO] [成功读取表 sales_invoice_data，数据行数：19949]
2025-11-03 07:27:49,153 [INFO] [数据库引擎创建成功]
2025-11-03 07:27:49,154 [INFO] [开始读取数据库表：order_data]
2025-11-03 07:27:49,929 [INFO] [成功读取表 order_data，数据行数：22266]
2025-11-03 07:27:50,160 [INFO] [开始读取数据库表：sales_data]
2025-11-03 07:27:53,801 [INFO] [成功读取表 sales_data，数据行数：26381]
2025-11-03 07:27:55,043 [INFO] [开始读取数据库表：jingpin_data]
2025-11-03 07:27:55,235 [INFO] [成功读取表 jingpin_data，数据行数：4105]
2025-11-03 07:27:55,302 [INFO] [开始读取数据库表：inventory_data]
2025-11-03 07:27:55,732 [INFO] [成功读取表 inventory_data，数据行数：5770]
2025-11-03 07:27:55,732 [INFO] [开始读取数据库表：tuiding_data]
2025-11-03 07:27:55,893 [INFO] [成功读取表 tuiding_data，数据行数：3860]
2025-11-03 07:27:55,893 [INFO] [开始读取数据库表：debit_data]
2025-11-03 07:27:58,115 [INFO] [成功读取表 debit_data，数据行数：21897]
2025-11-03 07:27:58,421 [INFO] [开始读取数据库表：sales_invoice_data]
2025-11-03 07:27:59,507 [INFO] [成功读取表 sales_invoice_data，数据行数：19949]
2025-11-03 07:57:49,807 [INFO] [数据库引擎创建成功]
2025-11-03 07:57:49,808 [INFO] [开始读取数据库表：order_data]
2025-11-03 07:57:50,337 [INFO] [成功读取表 order_data，数据行数：22266]
2025-11-03 07:57:50,485 [INFO] [开始读取数据库表：sales_data]
2025-11-03 07:57:53,156 [INFO] [成功读取表 sales_data，数据行数：26381]
2025-11-03 07:57:54,062 [INFO] [开始读取数据库表：jingpin_data]
2025-11-03 07:57:54,127 [INFO] [成功读取表 jingpin_data，数据行数：4105]
2025-11-03 07:57:54,159 [INFO] [开始读取数据库表：inventory_data]
2025-11-03 07:57:54,346 [INFO] [成功读取表 inventory_data，数据行数：5770]
2025-11-03 07:57:54,346 [INFO] [开始读取数据库表：tuiding_data]
2025-11-03 07:57:54,419 [INFO] [成功读取表 tuiding_data，数据行数：3860]
2025-11-03 07:57:54,419 [INFO] [开始读取数据库表：debit_data]
2025-11-03 07:57:55,727 [INFO] [成功读取表 debit_data，数据行数：21897]
2025-11-03 07:57:56,035 [INFO] [开始读取数据库表：sales_invoice_data]
2025-11-03 07:57:57,100 [INFO] [成功读取表 sales_invoice_data，数据行数：19949]
2025-11-03 08:28:13,407 [INFO] [数据库引擎创建成功]
2025-11-03 08:28:13,407 [INFO] [开始读取数据库表：order_data]
2025-11-03 08:28:14,046 [INFO] [成功读取表 order_data，数据行数：22266]
2025-11-03 08:28:14,210 [INFO] [开始读取数据库表：sales_data]
2025-11-03 08:28:17,989 [INFO] [成功读取表 sales_data，数据行数：26381]
2025-11-03 08:28:19,211 [INFO] [开始读取数据库表：jingpin_data]
2025-11-03 08:28:19,285 [INFO] [成功读取表 jingpin_data，数据行数：4105]
2025-11-03 08:28:19,336 [INFO] [开始读取数据库表：inventory_data]
2025-11-03 08:28:19,623 [INFO] [成功读取表 inventory_data，数据行数：5770]
2025-11-03 08:28:19,623 [INFO] [开始读取数据库表：tuiding_data]
2025-11-03 08:28:19,753 [INFO] [成功读取表 tuiding_data，数据行数：3860]
2025-11-03 08:28:19,754 [INFO] [开始读取数据库表：debit_data]
2025-11-03 08:28:21,176 [INFO] [成功读取表 debit_data，数据行数：21897]
2025-11-03 08:28:21,486 [INFO] [开始读取数据库表：sales_invoice_data]
2025-11-03 08:28:22,525 [INFO] [成功读取表 sales_invoice_data，数据行数：19949]
2025-11-03 08:58:29,165 [INFO] [数据库引擎创建成功]
2025-11-03 08:58:29,165 [INFO] [开始读取数据库表：order_data]
2025-11-03 08:58:29,885 [INFO] [成功读取表 order_data，数据行数：22266]
2025-11-03 08:58:30,080 [INFO] [开始读取数据库表：sales_data]
2025-11-03 08:58:33,891 [INFO] [成功读取表 sales_data，数据行数：26381]
2025-11-03 08:58:35,202 [INFO] [开始读取数据库表：jingpin_data]
2025-11-03 08:58:35,317 [INFO] [成功读取表 jingpin_data，数据行数：4105]
2025-11-03 08:58:35,377 [INFO] [开始读取数据库表：inventory_data]
2025-11-03 08:58:35,829 [INFO] [成功读取表 inventory_data，数据行数：5770]
2025-11-03 08:58:35,829 [INFO] [开始读取数据库表：tuiding_data]
2025-11-03 08:58:35,990 [INFO] [成功读取表 tuiding_data，数据行数：3860]
2025-11-03 08:58:35,990 [INFO] [开始读取数据库表：debit_data]
2025-11-03 08:58:37,401 [INFO] [成功读取表 debit_data，数据行数：21897]
2025-11-03 08:58:37,759 [INFO] [开始读取数据库表：sales_invoice_data]
2025-11-03 08:58:38,823 [INFO] [成功读取表 sales_invoice_data，数据行数：19949]
2025-11-03 09:29:03,569 [INFO] [数据库引擎创建成功]
2025-11-03 09:29:03,578 [INFO] [开始读取数据库表：order_data]
2025-11-03 09:29:04,328 [INFO] [成功读取表 order_data，数据行数：22268]
2025-11-03 09:29:04,566 [INFO] [开始读取数据库表：sales_data]
2025-11-03 09:29:08,356 [INFO] [成功读取表 sales_data，数据行数：26381]
2025-11-03 09:29:10,047 [INFO] [开始读取数据库表：jingpin_data]
2025-11-03 09:29:10,283 [INFO] [成功读取表 jingpin_data，数据行数：4105]
2025-11-03 09:29:10,336 [INFO] [开始读取数据库表：inventory_data]
2025-11-03 09:29:10,745 [INFO] [成功读取表 inventory_data，数据行数：5770]
2025-11-03 09:29:10,745 [INFO] [开始读取数据库表：tuiding_data]
2025-11-03 09:29:10,883 [INFO] [成功读取表 tuiding_data，数据行数：3860]
2025-11-03 09:29:10,883 [INFO] [开始读取数据库表：debit_data]
2025-11-03 09:29:12,250 [INFO] [成功读取表 debit_data，数据行数：21897]
2025-11-03 09:29:12,609 [INFO] [开始读取数据库表：sales_invoice_data]
2025-11-03 09:29:13,704 [INFO] [成功读取表 sales_invoice_data，数据行数：19952]
2025-11-03 09:58:52,233 [INFO] [数据库引擎创建成功]
2025-11-03 09:58:52,234 [INFO] [开始读取数据库表：order_data]
2025-11-03 09:58:52,914 [INFO] [成功读取表 order_data，数据行数：22268]
2025-11-03 09:58:53,085 [INFO] [开始读取数据库表：sales_data]
2025-11-03 09:58:56,808 [INFO] [成功读取表 sales_data，数据行数：26381]
2025-11-03 09:58:59,025 [INFO] [开始读取数据库表：jingpin_data]
2025-11-03 09:58:59,242 [INFO] [成功读取表 jingpin_data，数据行数：4109]
2025-11-03 09:58:59,314 [INFO] [开始读取数据库表：inventory_data]
2025-11-03 09:58:59,806 [INFO] [成功读取表 inventory_data，数据行数：5770]
2025-11-03 09:58:59,806 [INFO] [开始读取数据库表：tuiding_data]
2025-11-03 09:59:00,008 [INFO] [成功读取表 tuiding_data，数据行数：3864]
2025-11-03 09:59:00,008 [INFO] [开始读取数据库表：debit_data]
2025-11-03 09:59:01,761 [INFO] [成功读取表 debit_data，数据行数：21897]
2025-11-03 09:59:02,160 [INFO] [开始读取数据库表：sales_invoice_data]
2025-11-03 09:59:06,262 [INFO] [成功读取表 sales_invoice_data，数据行数：19956]
2025-11-03 10:29:48,651 [INFO] [数据库引擎创建成功]
2025-11-03 10:29:48,651 [INFO] [开始读取数据库表：order_data]
2025-11-03 10:29:49,342 [INFO] [成功读取表 order_data，数据行数：22269]
2025-11-03 10:29:49,543 [INFO] [开始读取数据库表：sales_data]
2025-11-03 10:29:53,922 [INFO] [成功读取表 sales_data，数据行数：26383]
2025-11-03 10:29:55,973 [INFO] [开始读取数据库表：jingpin_data]
2025-11-03 10:29:56,210 [INFO] [成功读取表 jingpin_data，数据行数：4109]
2025-11-03 10:29:56,288 [INFO] [开始读取数据库表：inventory_data]
2025-11-03 10:29:56,808 [INFO] [成功读取表 inventory_data，数据行数：5770]
2025-11-03 10:29:56,808 [INFO] [开始读取数据库表：tuiding_data]
2025-11-03 10:29:57,000 [INFO] [成功读取表 tuiding_data，数据行数：3865]
2025-11-03 10:29:57,000 [INFO] [开始读取数据库表：debit_data]
2025-11-03 10:29:58,730 [INFO] [成功读取表 debit_data，数据行数：21897]
2025-11-03 10:29:59,129 [INFO] [开始读取数据库表：sales_invoice_data]
2025-11-03 10:30:00,459 [INFO] [成功读取表 sales_invoice_data，数据行数：19962]
2025-11-03 10:59:02,227 [INFO] [数据库引擎创建成功]
2025-11-03 10:59:02,227 [INFO] [开始读取数据库表：order_data]
2025-11-03 10:59:02,795 [INFO] [成功读取表 order_data，数据行数：22269]
2025-11-03 10:59:02,977 [INFO] [开始读取数据库表：sales_data]
2025-11-03 10:59:06,484 [INFO] [成功读取表 sales_data，数据行数：26388]
2025-11-03 10:59:09,098 [INFO] [开始读取数据库表：jingpin_data]
2025-11-03 10:59:09,292 [INFO] [成功读取表 jingpin_data，数据行数：4109]
2025-11-03 10:59:09,359 [INFO] [开始读取数据库表：inventory_data]
2025-11-03 10:59:09,875 [INFO] [成功读取表 inventory_data，数据行数：5770]
2025-11-03 10:59:09,875 [INFO] [开始读取数据库表：tuiding_data]
2025-11-03 10:59:10,057 [INFO] [成功读取表 tuiding_data，数据行数：3865]
2025-11-03 10:59:10,057 [INFO] [开始读取数据库表：debit_data]
2025-11-03 10:59:11,782 [INFO] [成功读取表 debit_data，数据行数：21897]
2025-11-03 10:59:12,200 [INFO] [开始读取数据库表：sales_invoice_data]
2025-11-03 10:59:13,503 [INFO] [成功读取表 sales_invoice_data，数据行数：19964]
2025-11-03 11:31:12,138 [INFO] [数据库引擎创建成功]
2025-11-03 11:31:12,139 [INFO] [开始读取数据库表：order_data]
2025-11-03 11:31:13,980 [INFO] [成功读取表 order_data，数据行数：22271]
2025-11-03 11:31:14,265 [INFO] [开始读取数据库表：sales_data]
2025-11-03 11:31:28,343 [INFO] [成功读取表 sales_data，数据行数：26394]
2025-11-03 11:31:31,927 [INFO] [开始读取数据库表：jingpin_data]
2025-11-03 11:31:32,247 [INFO] [成功读取表 jingpin_data，数据行数：4109]
2025-11-03 11:31:32,347 [INFO] [开始读取数据库表：inventory_data]
2025-11-03 11:31:33,519 [INFO] [成功读取表 inventory_data，数据行数：5770]
2025-11-03 11:31:33,520 [INFO] [开始读取数据库表：tuiding_data]
2025-11-03 11:31:33,975 [INFO] [成功读取表 tuiding_data，数据行数：3865]
2025-11-03 11:31:33,975 [INFO] [开始读取数据库表：debit_data]
2025-11-03 11:31:37,176 [INFO] [成功读取表 debit_data，数据行数：21897]
2025-11-03 11:31:37,913 [INFO] [开始读取数据库表：sales_invoice_data]
2025-11-03 11:31:41,131 [INFO] [成功读取表 sales_invoice_data，数据行数：19967]
2025-11-03 11:45:18,670 [INFO] [数据库引擎创建成功]
2025-11-03 11:45:18,679 [INFO] [开始读取数据库表：order_data]
2025-11-03 11:45:19,245 [INFO] [成功读取表 order_data，数据行数：22272]
2025-11-03 11:45:19,408 [INFO] [开始读取数据库表：sales_data]
2025-11-03 11:45:24,277 [INFO] [成功读取表 sales_data，数据行数：26396]
2025-11-03 11:45:26,119 [INFO] [开始读取数据库表：jingpin_data]
2025-11-03 11:45:26,335 [INFO] [成功读取表 jingpin_data，数据行数：4109]
2025-11-03 11:45:26,410 [INFO] [开始读取数据库表：inventory_data]
2025-11-03 11:45:26,986 [INFO] [成功读取表 inventory_data，数据行数：5770]
2025-11-03 11:45:26,986 [INFO] [开始读取数据库表：tuiding_data]
2025-11-03 11:45:27,215 [INFO] [成功读取表 tuiding_data，数据行数：3869]
2025-11-03 11:45:27,215 [INFO] [开始读取数据库表：debit_data]
2025-11-03 11:45:28,814 [INFO] [成功读取表 debit_data，数据行数：21897]
2025-11-03 11:45:29,184 [INFO] [开始读取数据库表：sales_invoice_data]
2025-11-03 11:45:30,528 [INFO] [成功读取表 sales_invoice_data，数据行数：19972]
2025-11-03 11:51:52,547 [INFO] [数据库引擎创建成功]
2025-11-03 11:51:52,547 [INFO] [开始读取数据库表：order_data]
2025-11-03 11:51:53,221 [INFO] [成功读取表 order_data，数据行数：22276]
2025-11-03 11:51:53,409 [INFO] [开始读取数据库表：sales_data]
2025-11-03 11:51:56,702 [INFO] [成功读取表 sales_data，数据行数：26397]
2025-11-03 11:51:57,881 [INFO] [开始读取数据库表：jingpin_data]
2025-11-03 11:51:57,977 [INFO] [成功读取表 jingpin_data，数据行数：4115]
2025-11-03 11:51:58,010 [INFO] [开始读取数据库表：inventory_data]
2025-11-03 11:51:58,270 [INFO] [成功读取表 inventory_data，数据行数：5770]
2025-11-03 11:51:58,271 [INFO] [开始读取数据库表：tuiding_data]
2025-11-03 11:51:58,363 [INFO] [成功读取表 tuiding_data，数据行数：3869]
2025-11-03 11:51:58,363 [INFO] [开始读取数据库表：debit_data]
2025-11-03 11:51:59,164 [INFO] [成功读取表 debit_data，数据行数：21897]
2025-11-03 11:51:59,400 [INFO] [开始读取数据库表：sales_invoice_data]
2025-11-03 11:51:59,996 [INFO] [成功读取表 sales_invoice_data，数据行数：19977]
2025-11-03 11:58:57,539 [INFO] [数据库引擎创建成功]
2025-11-03 11:58:57,539 [INFO] [开始读取数据库表：order_data]
2025-11-03 11:58:58,130 [INFO] [成功读取表 order_data，数据行数：22277]
2025-11-03 11:58:58,292 [INFO] [开始读取数据库表：sales_data]
2025-11-03 11:59:01,267 [INFO] [成功读取表 sales_data，数据行数：26397]
2025-11-03 11:59:02,587 [INFO] [开始读取数据库表：jingpin_data]
2025-11-03 11:59:02,776 [INFO] [成功读取表 jingpin_data，数据行数：4115]
2025-11-03 11:59:02,853 [INFO] [开始读取数据库表：inventory_data]
2025-11-03 11:59:03,341 [INFO] [成功读取表 inventory_data，数据行数：5770]
2025-11-03 11:59:03,341 [INFO] [开始读取数据库表：tuiding_data]
2025-11-03 11:59:03,524 [INFO] [成功读取表 tuiding_data，数据行数：3869]
2025-11-03 11:59:03,525 [INFO] [开始读取数据库表：debit_data]
2025-11-03 11:59:05,160 [INFO] [成功读取表 debit_data，数据行数：21897]
2025-11-03 11:59:05,531 [INFO] [开始读取数据库表：sales_invoice_data]
2025-11-03 11:59:06,792 [INFO] [成功读取表 sales_invoice_data，数据行数：19985]
2025-11-03 12:28:37,049 [INFO] [数据库引擎创建成功]
2025-11-03 12:28:37,050 [INFO] [开始读取数据库表：order_data]
2025-11-03 12:28:37,521 [INFO] [成功读取表 order_data，数据行数：22271]
2025-11-03 12:28:37,657 [INFO] [开始读取数据库表：sales_data]
2025-11-03 12:28:40,430 [INFO] [成功读取表 sales_data，数据行数：26400]
2025-11-03 12:28:41,402 [INFO] [开始读取数据库表：jingpin_data]
2025-11-03 12:28:41,477 [INFO] [成功读取表 jingpin_data，数据行数：4115]
2025-11-03 12:28:41,509 [INFO] [开始读取数据库表：inventory_data]
2025-11-03 12:28:41,713 [INFO] [成功读取表 inventory_data，数据行数：5781]
2025-11-03 12:28:41,713 [INFO] [开始读取数据库表：tuiding_data]
2025-11-03 12:28:41,866 [INFO] [成功读取表 tuiding_data，数据行数：3875]
2025-11-03 12:28:41,866 [INFO] [开始读取数据库表：debit_data]
2025-11-03 12:28:43,523 [INFO] [成功读取表 debit_data，数据行数：21905]
2025-11-03 12:28:43,898 [INFO] [开始读取数据库表：sales_invoice_data]
2025-11-03 12:28:45,217 [INFO] [成功读取表 sales_invoice_data，数据行数：19992]
2025-11-03 12:37:58,674 [INFO] [数据库引擎创建成功]
2025-11-03 12:37:58,674 [INFO] [开始读取数据库表：order_data]
2025-11-03 12:37:59,349 [INFO] [成功读取表 order_data，数据行数：22271]
2025-11-03 12:37:59,504 [INFO] [开始读取数据库表：sales_data]
2025-11-03 12:38:02,227 [INFO] [成功读取表 sales_data，数据行数：26400]
2025-11-03 12:38:03,161 [INFO] [开始读取数据库表：jingpin_data]
2025-11-03 12:38:03,228 [INFO] [成功读取表 jingpin_data，数据行数：4115]
2025-11-03 12:38:03,258 [INFO] [开始读取数据库表：inventory_data]
2025-11-03 12:38:03,452 [INFO] [成功读取表 inventory_data，数据行数：5689]
2025-11-03 12:38:03,452 [INFO] [开始读取数据库表：tuiding_data]
2025-11-03 12:38:03,533 [INFO] [成功读取表 tuiding_data，数据行数：3875]
2025-11-03 12:38:03,533 [INFO] [开始读取数据库表：debit_data]
2025-11-03 12:38:04,183 [INFO] [成功读取表 debit_data，数据行数：21905]
2025-11-03 12:38:04,360 [INFO] [开始读取数据库表：sales_invoice_data]
2025-11-03 12:38:04,865 [INFO] [成功读取表 sales_invoice_data，数据行数：19992]
2025-11-03 13:01:02,560 [INFO] [数据库引擎创建成功]
2025-11-03 13:01:02,569 [INFO] [开始读取数据库表：order_data]
2025-11-03 13:01:03,133 [INFO] [成功读取表 order_data，数据行数：22270]
2025-11-03 13:01:03,295 [INFO] [开始读取数据库表：sales_data]
2025-11-03 13:01:05,989 [INFO] [成功读取表 sales_data，数据行数：26402]
2025-11-03 13:01:06,947 [INFO] [开始读取数据库表：jingpin_data]
2025-11-03 13:01:07,019 [INFO] [成功读取表 jingpin_data，数据行数：4115]
2025-11-03 13:01:07,049 [INFO] [开始读取数据库表：inventory_data]
2025-11-03 13:01:07,298 [INFO] [成功读取表 inventory_data，数据行数：5687]
2025-11-03 13:01:07,299 [INFO] [开始读取数据库表：tuiding_data]
2025-11-03 13:01:07,496 [INFO] [成功读取表 tuiding_data，数据行数：3876]
2025-11-03 13:01:07,496 [INFO] [开始读取数据库表：debit_data]
2025-11-03 13:01:09,111 [INFO] [成功读取表 debit_data，数据行数：21905]
2025-11-03 13:01:09,496 [INFO] [开始读取数据库表：sales_invoice_data]
2025-11-03 13:01:10,903 [INFO] [成功读取表 sales_invoice_data，数据行数：19996]
2025-11-03 13:30:39,814 [INFO] [数据库引擎创建成功]
2025-11-03 13:30:39,814 [INFO] [开始读取数据库表：order_data]
2025-11-03 13:30:40,493 [INFO] [成功读取表 order_data，数据行数：22270]
2025-11-03 13:30:40,728 [INFO] [开始读取数据库表：sales_data]
2025-11-03 13:30:44,217 [INFO] [成功读取表 sales_data，数据行数：26406]
2025-11-03 13:30:45,303 [INFO] [开始读取数据库表：jingpin_data]
2025-11-03 13:30:45,390 [INFO] [成功读取表 jingpin_data，数据行数：4115]
2025-11-03 13:30:45,425 [INFO] [开始读取数据库表：inventory_data]
2025-11-03 13:30:45,674 [INFO] [成功读取表 inventory_data，数据行数：5684]
2025-11-03 13:30:45,674 [INFO] [开始读取数据库表：tuiding_data]
2025-11-03 13:30:45,766 [INFO] [成功读取表 tuiding_data，数据行数：3876]
2025-11-03 13:30:45,767 [INFO] [开始读取数据库表：debit_data]
2025-11-03 13:30:48,258 [INFO] [成功读取表 debit_data，数据行数：21905]
2025-11-03 13:30:48,553 [INFO] [开始读取数据库表：sales_invoice_data]
2025-11-03 13:30:49,813 [INFO] [成功读取表 sales_invoice_data，数据行数：20005]
2025-11-03 13:48:02,605 [INFO] [数据库引擎创建成功]
2025-11-03 13:48:02,606 [INFO] [开始读取数据库表：order_data]
2025-11-03 13:48:03,328 [INFO] [成功读取表 order_data，数据行数：22270]
2025-11-03 13:48:03,526 [INFO] [开始读取数据库表：sales_data]
2025-11-03 13:48:07,171 [INFO] [成功读取表 sales_data，数据行数：26406]
2025-11-03 13:48:08,342 [INFO] [开始读取数据库表：jingpin_data]
2025-11-03 13:48:08,425 [INFO] [成功读取表 jingpin_data，数据行数：4115]
2025-11-03 13:48:08,462 [INFO] [开始读取数据库表：inventory_data]
2025-11-03 13:48:08,688 [INFO] [成功读取表 inventory_data，数据行数：5684]
2025-11-03 13:48:08,688 [INFO] [开始读取数据库表：tuiding_data]
2025-11-03 13:48:08,770 [INFO] [成功读取表 tuiding_data，数据行数：3876]
2025-11-03 13:48:08,770 [INFO] [开始读取数据库表：debit_data]
2025-11-03 13:48:09,570 [INFO] [成功读取表 debit_data，数据行数：21905]
2025-11-03 13:48:09,817 [INFO] [开始读取数据库表：sales_invoice_data]
2025-11-03 13:48:10,441 [INFO] [成功读取表 sales_invoice_data，数据行数：20005]
2025-11-03 13:53:29,856 [INFO] [数据库引擎创建成功]
2025-11-03 13:53:29,857 [INFO] [开始读取数据库表：order_data]
2025-11-03 13:53:30,618 [INFO] [成功读取表 order_data，数据行数：22267]
2025-11-03 13:53:30,848 [INFO] [开始读取数据库表：sales_data]
2025-11-03 13:53:36,115 [INFO] [成功读取表 sales_data，数据行数：26408]
2025-11-03 13:53:38,237 [INFO] [开始读取数据库表：jingpin_data]
2025-11-03 13:53:38,498 [INFO] [成功读取表 jingpin_data，数据行数：4115]
2025-11-03 13:53:38,575 [INFO] [开始读取数据库表：inventory_data]
2025-11-03 13:53:39,088 [INFO] [成功读取表 inventory_data，数据行数：5683]
2025-11-03 13:53:39,088 [INFO] [开始读取数据库表：tuiding_data]
2025-11-03 13:53:39,277 [INFO] [成功读取表 tuiding_data，数据行数：3879]
2025-11-03 13:53:39,278 [INFO] [开始读取数据库表：debit_data]
2025-11-03 13:53:42,989 [INFO] [成功读取表 debit_data，数据行数：21905]
2025-11-03 13:53:43,448 [INFO] [开始读取数据库表：sales_invoice_data]
2025-11-03 13:53:44,673 [INFO] [成功读取表 sales_invoice_data，数据行数：20009]
2025-11-03 14:00:10,643 [INFO] [数据库引擎创建成功]
2025-11-03 14:00:10,644 [INFO] [开始读取数据库表：order_data]
2025-11-03 14:00:11,346 [INFO] [成功读取表 order_data，数据行数：22267]
2025-11-03 14:00:11,536 [INFO] [开始读取数据库表：sales_data]
2025-11-03 14:00:14,763 [INFO] [成功读取表 sales_data，数据行数：26408]
2025-11-03 14:00:16,439 [INFO] [开始读取数据库表：jingpin_data]
2025-11-03 14:00:16,653 [INFO] [成功读取表 jingpin_data，数据行数：4118]
2025-11-03 14:00:16,727 [INFO] [开始读取数据库表：inventory_data]
2025-11-03 14:00:17,220 [INFO] [成功读取表 inventory_data，数据行数：5682]
2025-11-03 14:00:17,221 [INFO] [开始读取数据库表：tuiding_data]
2025-11-03 14:00:17,464 [INFO] [成功读取表 tuiding_data，数据行数：3879]
2025-11-03 14:00:17,465 [INFO] [开始读取数据库表：debit_data]
2025-11-03 14:00:19,226 [INFO] [成功读取表 debit_data，数据行数：21905]
2025-11-03 14:00:19,618 [INFO] [开始读取数据库表：sales_invoice_data]
2025-11-03 14:00:23,876 [INFO] [成功读取表 sales_invoice_data，数据行数：20010]
2025-11-03 14:07:57,656 [INFO] [数据库引擎创建成功]
2025-11-03 14:07:57,656 [INFO] [开始读取数据库表：order_data]
2025-11-03 14:07:58,334 [INFO] [成功读取表 order_data，数据行数：22267]
2025-11-03 14:07:58,530 [INFO] [开始读取数据库表：sales_data]
2025-11-03 14:08:01,990 [INFO] [成功读取表 sales_data，数据行数：26408]
2025-11-03 14:08:03,860 [INFO] [开始读取数据库表：jingpin_data]
2025-11-03 14:08:04,005 [INFO] [成功读取表 jingpin_data，数据行数：4118]
2025-11-03 14:08:04,056 [INFO] [开始读取数据库表：inventory_data]
2025-11-03 14:08:04,429 [INFO] [成功读取表 inventory_data，数据行数：5682]
2025-11-03 14:08:04,429 [INFO] [开始读取数据库表：tuiding_data]
2025-11-03 14:08:04,575 [INFO] [成功读取表 tuiding_data，数据行数：3879]
2025-11-03 14:08:04,575 [INFO] [开始读取数据库表：debit_data]
2025-11-03 14:08:05,905 [INFO] [成功读取表 debit_data，数据行数：21905]
2025-11-03 14:08:06,422 [INFO] [开始读取数据库表：sales_invoice_data]
2025-11-03 14:08:07,571 [INFO] [成功读取表 sales_invoice_data，数据行数：20010]
2025-11-03 14:09:17,884 [INFO] [数据库引擎创建成功]
2025-11-03 14:09:17,885 [INFO] [开始读取数据库表：order_data]
2025-11-03 14:09:18,659 [INFO] [成功读取表 order_data，数据行数：22267]
2025-11-03 14:09:18,848 [INFO] [开始读取数据库表：sales_data]
2025-11-03 14:09:22,109 [INFO] [成功读取表 sales_data，数据行数：26408]
2025-11-03 14:09:23,145 [INFO] [开始读取数据库表：jingpin_data]
2025-11-03 14:09:23,224 [INFO] [成功读取表 jingpin_data，数据行数：4118]
2025-11-03 14:09:23,260 [INFO] [开始读取数据库表：inventory_data]
2025-11-03 14:09:23,490 [INFO] [成功读取表 inventory_data，数据行数：5682]
2025-11-03 14:09:23,490 [INFO] [开始读取数据库表：tuiding_data]
2025-11-03 14:09:23,572 [INFO] [成功读取表 tuiding_data，数据行数：3879]
2025-11-03 14:09:23,572 [INFO] [开始读取数据库表：debit_data]
2025-11-03 14:09:24,314 [INFO] [成功读取表 debit_data，数据行数：21905]
2025-11-03 14:09:24,519 [INFO] [开始读取数据库表：sales_invoice_data]
2025-11-03 14:09:25,139 [INFO] [成功读取表 sales_invoice_data，数据行数：20010]
2025-11-03 14:10:19,591 [INFO] [数据库引擎创建成功]
2025-11-03 14:10:19,592 [INFO] [开始读取数据库表：order_data]
2025-11-03 14:10:20,209 [INFO] [成功读取表 order_data，数据行数：22267]
2025-11-03 14:10:20,365 [INFO] [开始读取数据库表：sales_data]
2025-11-03 14:10:23,215 [INFO] [成功读取表 sales_data，数据行数：26408]
2025-11-03 14:10:24,188 [INFO] [开始读取数据库表：jingpin_data]
2025-11-03 14:10:24,258 [INFO] [成功读取表 jingpin_data，数据行数：4118]
2025-11-03 14:10:24,289 [INFO] [开始读取数据库表：inventory_data]
2025-11-03 14:10:24,489 [INFO] [成功读取表 inventory_data，数据行数：5682]
2025-11-03 14:10:24,489 [INFO] [开始读取数据库表：tuiding_data]
2025-11-03 14:10:24,556 [INFO] [成功读取表 tuiding_data，数据行数：3879]
2025-11-03 14:10:24,556 [INFO] [开始读取数据库表：debit_data]
2025-11-03 14:10:25,223 [INFO] [成功读取表 debit_data，数据行数：21905]
2025-11-03 14:10:25,423 [INFO] [开始读取数据库表：sales_invoice_data]
2025-11-03 14:10:25,976 [INFO] [成功读取表 sales_invoice_data，数据行数：20010]
2025-11-03 14:11:29,089 [INFO] [数据库引擎创建成功]
2025-11-03 14:11:29,089 [INFO] [开始读取数据库表：order_data]
2025-11-03 14:11:29,660 [INFO] [成功读取表 order_data，数据行数：22267]
2025-11-03 14:11:29,815 [INFO] [开始读取数据库表：sales_data]
2025-11-03 14:11:32,553 [INFO] [成功读取表 sales_data，数据行数：26408]
2025-11-03 14:11:33,494 [INFO] [开始读取数据库表：jingpin_data]
2025-11-03 14:11:33,566 [INFO] [成功读取表 jingpin_data，数据行数：4118]
2025-11-03 14:11:33,598 [INFO] [开始读取数据库表：inventory_data]
2025-11-03 14:11:33,803 [INFO] [成功读取表 inventory_data，数据行数：5682]
2025-11-03 14:11:33,803 [INFO] [开始读取数据库表：tuiding_data]
2025-11-03 14:11:33,885 [INFO] [成功读取表 tuiding_data，数据行数：3879]
2025-11-03 14:11:33,885 [INFO] [开始读取数据库表：debit_data]
2025-11-03 14:11:34,584 [INFO] [成功读取表 debit_data，数据行数：21905]
2025-11-03 14:11:34,756 [INFO] [开始读取数据库表：sales_invoice_data]
2025-11-03 14:11:35,245 [INFO] [成功读取表 sales_invoice_data，数据行数：20010]
2025-11-03 14:13:36,712 [INFO] [数据库引擎创建成功]
2025-11-03 14:13:36,713 [INFO] [开始读取数据库表：order_data]
2025-11-03 14:13:37,375 [INFO] [成功读取表 order_data，数据行数：22267]
2025-11-03 14:13:37,563 [INFO] [开始读取数据库表：sales_data]
2025-11-03 14:13:40,747 [INFO] [成功读取表 sales_data，数据行数：26408]
2025-11-03 14:13:41,773 [INFO] [开始读取数据库表：jingpin_data]
2025-11-03 14:13:41,853 [INFO] [成功读取表 jingpin_data，数据行数：4118]
2025-11-03 14:13:41,892 [INFO] [开始读取数据库表：inventory_data]
2025-11-03 14:13:42,156 [INFO] [成功读取表 inventory_data，数据行数：5682]
2025-11-03 14:13:42,156 [INFO] [开始读取数据库表：tuiding_data]
2025-11-03 14:13:42,251 [INFO] [成功读取表 tuiding_data，数据行数：3879]
2025-11-03 14:13:42,251 [INFO] [开始读取数据库表：debit_data]
2025-11-03 14:13:42,997 [INFO] [成功读取表 debit_data，数据行数：21905]
2025-11-03 14:13:43,190 [INFO] [开始读取数据库表：sales_invoice_data]
2025-11-03 14:13:43,721 [INFO] [成功读取表 sales_invoice_data，数据行数：20010]
2025-11-03 14:28:41,447 [INFO] [数据库引擎创建成功]
2025-11-03 14:28:41,447 [INFO] [开始读取数据库表：order_data]
2025-11-03 14:28:42,305 [INFO] [成功读取表 order_data，数据行数：22267]
2025-11-03 14:28:42,491 [INFO] [开始读取数据库表：sales_data]
2025-11-03 14:28:46,120 [INFO] [成功读取表 sales_data，数据行数：26418]
2025-11-03 14:28:47,263 [INFO] [开始读取数据库表：jingpin_data]
2025-11-03 14:28:47,349 [INFO] [成功读取表 jingpin_data，数据行数：4118]
2025-11-03 14:28:47,388 [INFO] [开始读取数据库表：inventory_data]
2025-11-03 14:28:47,630 [INFO] [成功读取表 inventory_data，数据行数：5668]
2025-11-03 14:28:47,630 [INFO] [开始读取数据库表：tuiding_data]
2025-11-03 14:28:47,724 [INFO] [成功读取表 tuiding_data，数据行数：3879]
2025-11-03 14:28:47,725 [INFO] [开始读取数据库表：debit_data]
2025-11-03 14:28:48,649 [INFO] [成功读取表 debit_data，数据行数：21905]
2025-11-03 14:28:48,897 [INFO] [开始读取数据库表：sales_invoice_data]
2025-11-03 14:28:49,664 [INFO] [成功读取表 sales_invoice_data，数据行数：20015]
2025-11-03 14:30:41,789 [INFO] [数据库引擎创建成功]
2025-11-03 14:30:41,789 [INFO] [开始读取数据库表：order_data]
2025-11-03 14:30:42,543 [INFO] [成功读取表 order_data，数据行数：22267]
2025-11-03 14:30:42,724 [INFO] [开始读取数据库表：sales_data]
2025-11-03 14:30:46,494 [INFO] [成功读取表 sales_data，数据行数：26418]
2025-11-03 14:30:48,672 [INFO] [开始读取数据库表：jingpin_data]
2025-11-03 14:30:48,878 [INFO] [成功读取表 jingpin_data，数据行数：4118]
2025-11-03 14:30:48,952 [INFO] [开始读取数据库表：inventory_data]
2025-11-03 14:30:49,449 [INFO] [成功读取表 inventory_data，数据行数：5668]
2025-11-03 14:30:49,449 [INFO] [开始读取数据库表：tuiding_data]
2025-11-03 14:30:49,645 [INFO] [成功读取表 tuiding_data，数据行数：3879]
2025-11-03 14:30:49,646 [INFO] [开始读取数据库表：debit_data]
2025-11-03 14:30:53,119 [INFO] [成功读取表 debit_data，数据行数：21905]
2025-11-03 14:30:53,579 [INFO] [开始读取数据库表：sales_invoice_data]
2025-11-03 14:30:55,726 [INFO] [成功读取表 sales_invoice_data，数据行数：20015]
2025-11-03 14:47:59,228 [INFO] [数据库引擎创建成功]
2025-11-03 14:47:59,229 [INFO] [开始读取数据库表：order_data]
2025-11-03 14:48:00,145 [INFO] [成功读取表 order_data，数据行数：22267]
2025-11-03 14:48:00,510 [INFO] [开始读取数据库表：sales_data]
2025-11-03 14:48:05,220 [INFO] [成功读取表 sales_data，数据行数：26418]
2025-11-03 14:48:07,104 [INFO] [开始读取数据库表：jingpin_data]
2025-11-03 14:48:07,283 [INFO] [成功读取表 jingpin_data，数据行数：4119]
2025-11-03 14:48:07,349 [INFO] [开始读取数据库表：inventory_data]
2025-11-03 14:48:07,819 [INFO] [成功读取表 inventory_data，数据行数：5668]
2025-11-03 14:48:07,819 [INFO] [开始读取数据库表：tuiding_data]
2025-11-03 14:48:07,985 [INFO] [成功读取表 tuiding_data，数据行数：3879]
2025-11-03 14:48:07,985 [INFO] [开始读取数据库表：debit_data]
2025-11-03 14:48:09,363 [INFO] [成功读取表 debit_data，数据行数：21905]
2025-11-03 14:48:09,725 [INFO] [开始读取数据库表：sales_invoice_data]
2025-11-03 14:48:10,817 [INFO] [成功读取表 sales_invoice_data，数据行数：20015]
2025-11-03 15:01:46,923 [INFO] [数据库引擎创建成功]
2025-11-03 15:01:46,924 [INFO] [开始读取数据库表：order_data]
2025-11-03 15:01:48,376 [INFO] [成功读取表 order_data，数据行数：22280]
2025-11-03 15:01:48,889 [INFO] [开始读取数据库表：sales_data]
2025-11-03 15:01:56,437 [INFO] [成功读取表 sales_data，数据行数：26418]
2025-11-03 15:01:58,803 [INFO] [开始读取数据库表：jingpin_data]
2025-11-03 15:01:59,028 [INFO] [成功读取表 jingpin_data，数据行数：4119]
2025-11-03 15:01:59,123 [INFO] [开始读取数据库表：inventory_data]
2025-11-03 15:01:59,747 [INFO] [成功读取表 inventory_data，数据行数：5667]
2025-11-03 15:01:59,747 [INFO] [开始读取数据库表：tuiding_data]
2025-11-03 15:01:59,971 [INFO] [成功读取表 tuiding_data，数据行数：3880]
2025-11-03 15:01:59,972 [INFO] [开始读取数据库表：debit_data]
2025-11-03 15:02:01,896 [INFO] [成功读取表 debit_data，数据行数：21905]
2025-11-03 15:02:02,376 [INFO] [开始读取数据库表：sales_invoice_data]
2025-11-03 15:02:03,875 [INFO] [成功读取表 sales_invoice_data，数据行数：20015]
2025-11-03 15:32:06,849 [INFO] [数据库引擎创建成功]
2025-11-03 15:32:06,849 [INFO] [开始读取数据库表：order_data]
2025-11-03 15:32:07,562 [INFO] [成功读取表 order_data，数据行数：22285]
2025-11-03 15:32:07,785 [INFO] [开始读取数据库表：sales_data]
2025-11-03 15:32:14,898 [INFO] [成功读取表 sales_data，数据行数：26421]
2025-11-03 15:32:17,718 [INFO] [开始读取数据库表：jingpin_data]
2025-11-03 15:32:17,973 [INFO] [成功读取表 jingpin_data，数据行数：4120]
2025-11-03 15:32:18,080 [INFO] [开始读取数据库表：inventory_data]
2025-11-03 15:32:19,357 [INFO] [成功读取表 inventory_data，数据行数：5666]
2025-11-03 15:32:19,357 [INFO] [开始读取数据库表：tuiding_data]
2025-11-03 15:32:19,842 [INFO] [成功读取表 tuiding_data，数据行数：3880]
2025-11-03 15:32:19,843 [INFO] [开始读取数据库表：debit_data]
2025-11-03 15:32:22,327 [INFO] [成功读取表 debit_data，数据行数：21905]
2025-11-03 15:32:22,849 [INFO] [开始读取数据库表：sales_invoice_data]
2025-11-03 15:32:24,491 [INFO] [成功读取表 sales_invoice_data，数据行数：20028]
2025-11-03 16:00:51,101 [INFO] [数据库引擎创建成功]
2025-11-03 16:00:51,101 [INFO] [开始读取数据库表：order_data]
2025-11-03 16:00:51,522 [INFO] [成功读取表 order_data，数据行数：22293]
2025-11-03 16:00:51,637 [INFO] [开始读取数据库表：sales_data]
2025-11-03 16:00:56,857 [INFO] [成功读取表 sales_data，数据行数：26433]
2025-11-03 16:00:58,888 [INFO] [开始读取数据库表：jingpin_data]
2025-11-03 16:00:59,119 [INFO] [成功读取表 jingpin_data，数据行数：4120]
2025-11-03 16:00:59,206 [INFO] [开始读取数据库表：inventory_data]
2025-11-03 16:00:59,771 [INFO] [成功读取表 inventory_data，数据行数：5655]
2025-11-03 16:00:59,771 [INFO] [开始读取数据库表：tuiding_data]
2025-11-03 16:00:59,981 [INFO] [成功读取表 tuiding_data，数据行数：3880]
2025-11-03 16:00:59,981 [INFO] [开始读取数据库表：debit_data]
2025-11-03 16:01:01,756 [INFO] [成功读取表 debit_data，数据行数：21905]
2025-11-03 16:01:02,105 [INFO] [开始读取数据库表：sales_invoice_data]
2025-11-03 16:01:03,481 [INFO] [成功读取表 sales_invoice_data，数据行数：20039]
2025-11-03 16:30:38,783 [INFO] [数据库引擎创建成功]
2025-11-03 16:30:38,783 [INFO] [开始读取数据库表：order_data]
2025-11-03 16:30:39,332 [INFO] [成功读取表 order_data，数据行数：22295]
2025-11-03 16:30:39,483 [INFO] [开始读取数据库表：sales_data]
2025-11-03 16:30:46,242 [INFO] [成功读取表 sales_data，数据行数：26437]
2025-11-03 16:30:48,189 [INFO] [开始读取数据库表：jingpin_data]
2025-11-03 16:30:48,413 [INFO] [成功读取表 jingpin_data，数据行数：4121]
2025-11-03 16:30:48,480 [INFO] [开始读取数据库表：inventory_data]
2025-11-03 16:30:49,010 [INFO] [成功读取表 inventory_data，数据行数：5652]
2025-11-03 16:30:49,010 [INFO] [开始读取数据库表：tuiding_data]
2025-11-03 16:30:49,196 [INFO] [成功读取表 tuiding_data，数据行数：3881]
2025-11-03 16:30:49,196 [INFO] [开始读取数据库表：debit_data]
2025-11-03 16:30:50,883 [INFO] [成功读取表 debit_data，数据行数：21905]
2025-11-03 16:30:51,255 [INFO] [开始读取数据库表：sales_invoice_data]
2025-11-03 16:30:52,572 [INFO] [成功读取表 sales_invoice_data，数据行数：20047]
2025-11-03 17:01:05,110 [INFO] [数据库引擎创建成功]
2025-11-03 17:01:05,111 [INFO] [开始读取数据库表：order_data]
2025-11-03 17:01:05,975 [INFO] [成功读取表 order_data，数据行数：22297]
2025-11-03 17:01:06,353 [INFO] [开始读取数据库表：sales_data]
2025-11-03 17:01:15,125 [INFO] [成功读取表 sales_data，数据行数：26442]
2025-11-03 17:01:17,304 [INFO] [开始读取数据库表：jingpin_data]
2025-11-03 17:01:17,522 [INFO] [成功读取表 jingpin_data，数据行数：4123]
2025-11-03 17:01:17,603 [INFO] [开始读取数据库表：inventory_data]
2025-11-03 17:01:18,190 [INFO] [成功读取表 inventory_data，数据行数：5648]
2025-11-03 17:01:18,191 [INFO] [开始读取数据库表：tuiding_data]
2025-11-03 17:01:18,411 [INFO] [成功读取表 tuiding_data，数据行数：3884]
2025-11-03 17:01:18,411 [INFO] [开始读取数据库表：debit_data]
2025-11-03 17:01:20,333 [INFO] [成功读取表 debit_data，数据行数：21905]
2025-11-03 17:01:20,736 [INFO] [开始读取数据库表：sales_invoice_data]
2025-11-03 17:01:22,213 [INFO] [成功读取表 sales_invoice_data，数据行数：20052]
2025-11-03 17:30:57,117 [INFO] [数据库引擎创建成功]
2025-11-03 17:30:57,118 [INFO] [开始读取数据库表：order_data]
2025-11-03 17:30:57,836 [INFO] [成功读取表 order_data，数据行数：22298]
2025-11-03 17:30:58,059 [INFO] [开始读取数据库表：sales_data]
2025-11-03 17:31:08,089 [INFO] [成功读取表 sales_data，数据行数：26448]
2025-11-03 17:31:10,295 [INFO] [开始读取数据库表：jingpin_data]
2025-11-03 17:31:10,538 [INFO] [成功读取表 jingpin_data，数据行数：4125]
2025-11-03 17:31:10,617 [INFO] [开始读取数据库表：inventory_data]
2025-11-03 17:31:11,216 [INFO] [成功读取表 inventory_data，数据行数：5644]
2025-11-03 17:31:11,216 [INFO] [开始读取数据库表：tuiding_data]
2025-11-03 17:31:11,435 [INFO] [成功读取表 tuiding_data，数据行数：3884]
2025-11-03 17:31:11,435 [INFO] [开始读取数据库表：debit_data]
2025-11-03 17:31:13,433 [INFO] [成功读取表 debit_data，数据行数：21905]
2025-11-03 17:31:13,868 [INFO] [开始读取数据库表：sales_invoice_data]
2025-11-03 17:31:15,828 [INFO] [成功读取表 sales_invoice_data，数据行数：20058]
2025-11-03 18:01:00,105 [INFO] [数据库引擎创建成功]
2025-11-03 18:01:00,105 [INFO] [开始读取数据库表：order_data]
2025-11-03 18:01:00,693 [INFO] [成功读取表 order_data，数据行数：22302]
2025-11-03 18:01:00,872 [INFO] [开始读取数据库表：sales_data]
2025-11-03 18:01:04,116 [INFO] [成功读取表 sales_data，数据行数：26455]
2025-11-03 18:01:05,578 [INFO] [开始读取数据库表：jingpin_data]
2025-11-03 18:01:05,779 [INFO] [成功读取表 jingpin_data，数据行数：4128]
2025-11-03 18:01:05,855 [INFO] [开始读取数据库表：inventory_data]
2025-11-03 18:01:06,349 [INFO] [成功读取表 inventory_data，数据行数：5639]
2025-11-03 18:01:06,349 [INFO] [开始读取数据库表：tuiding_data]
2025-11-03 18:01:06,512 [INFO] [成功读取表 tuiding_data，数据行数：3888]
2025-11-03 18:01:06,512 [INFO] [开始读取数据库表：debit_data]
2025-11-03 18:01:07,710 [INFO] [成功读取表 debit_data，数据行数：21905]
2025-11-03 18:01:07,950 [INFO] [开始读取数据库表：sales_invoice_data]
2025-11-03 18:01:08,874 [INFO] [成功读取表 sales_invoice_data，数据行数：20076]
2025-11-03 18:29:23,180 [INFO] [数据库引擎创建成功]
2025-11-03 18:29:23,180 [INFO] [开始读取数据库表：order_data]
2025-11-03 18:29:23,660 [INFO] [成功读取表 order_data，数据行数：22307]
2025-11-03 18:29:23,814 [INFO] [开始读取数据库表：sales_data]
2025-11-03 18:29:28,176 [INFO] [成功读取表 sales_data，数据行数：26460]
2025-11-03 18:29:29,495 [INFO] [开始读取数据库表：jingpin_data]
2025-11-03 18:29:29,602 [INFO] [成功读取表 jingpin_data，数据行数：4128]
2025-11-03 18:29:29,634 [INFO] [开始读取数据库表：inventory_data]
2025-11-03 18:29:30,044 [INFO] [成功读取表 inventory_data，数据行数：5635]
2025-11-03 18:29:30,045 [INFO] [开始读取数据库表：tuiding_data]
2025-11-03 18:29:30,190 [INFO] [成功读取表 tuiding_data，数据行数：3888]
2025-11-03 18:29:30,190 [INFO] [开始读取数据库表：debit_data]
2025-11-03 18:29:31,515 [INFO] [成功读取表 debit_data，数据行数：21905]
2025-11-03 18:29:31,838 [INFO] [开始读取数据库表：sales_invoice_data]
2025-11-03 18:29:32,839 [INFO] [成功读取表 sales_invoice_data，数据行数：20082]
2025-11-03 18:59:41,532 [INFO] [数据库引擎创建成功]
2025-11-03 18:59:41,532 [INFO] [开始读取数据库表：order_data]
2025-11-03 18:59:42,075 [INFO] [成功读取表 order_data，数据行数：22311]
2025-11-03 18:59:42,238 [INFO] [开始读取数据库表：sales_data]
2025-11-03 18:59:46,586 [INFO] [成功读取表 sales_data，数据行数：26461]
2025-11-03 18:59:47,619 [INFO] [开始读取数据库表：jingpin_data]
2025-11-03 18:59:47,740 [INFO] [成功读取表 jingpin_data，数据行数：4128]
2025-11-03 18:59:47,785 [INFO] [开始读取数据库表：inventory_data]
2025-11-03 18:59:48,179 [INFO] [成功读取表 inventory_data，数据行数：5634]
2025-11-03 18:59:48,179 [INFO] [开始读取数据库表：tuiding_data]
2025-11-03 18:59:48,338 [INFO] [成功读取表 tuiding_data，数据行数：3888]
2025-11-03 18:59:48,338 [INFO] [开始读取数据库表：debit_data]
2025-11-03 18:59:49,723 [INFO] [成功读取表 debit_data，数据行数：21905]
2025-11-03 18:59:50,059 [INFO] [开始读取数据库表：sales_invoice_data]
2025-11-03 18:59:51,155 [INFO] [成功读取表 sales_invoice_data，数据行数：20086]
2025-11-03 19:28:57,430 [INFO] [数据库引擎创建成功]
2025-11-03 19:28:57,430 [INFO] [开始读取数据库表：order_data]
2025-11-03 19:28:58,000 [INFO] [成功读取表 order_data，数据行数：22313]
2025-11-03 19:28:58,169 [INFO] [开始读取数据库表：sales_data]
2025-11-03 19:29:02,128 [INFO] [成功读取表 sales_data，数据行数：26461]
2025-11-03 19:29:03,186 [INFO] [开始读取数据库表：jingpin_data]
2025-11-03 19:29:03,304 [INFO] [成功读取表 jingpin_data，数据行数：4130]
2025-11-03 19:29:03,338 [INFO] [开始读取数据库表：inventory_data]
2025-11-03 19:29:03,555 [INFO] [成功读取表 inventory_data，数据行数：5634]
2025-11-03 19:29:03,555 [INFO] [开始读取数据库表：tuiding_data]
2025-11-03 19:29:03,618 [INFO] [成功读取表 tuiding_data，数据行数：3888]
2025-11-03 19:29:03,618 [INFO] [开始读取数据库表：debit_data]
2025-11-03 19:29:04,766 [INFO] [成功读取表 debit_data，数据行数：21905]
2025-11-03 19:29:05,109 [INFO] [开始读取数据库表：sales_invoice_data]
2025-11-03 19:29:06,217 [INFO] [成功读取表 sales_invoice_data，数据行数：20088]
2025-11-03 19:59:23,106 [INFO] [数据库引擎创建成功]
2025-11-03 19:59:23,107 [INFO] [开始读取数据库表：order_data]
2025-11-03 19:59:23,776 [INFO] [成功读取表 order_data，数据行数：22315]
2025-11-03 19:59:23,979 [INFO] [开始读取数据库表：sales_data]
2025-11-03 19:59:27,438 [INFO] [成功读取表 sales_data，数据行数：26461]
2025-11-03 19:59:28,545 [INFO] [开始读取数据库表：jingpin_data]
2025-11-03 19:59:28,638 [INFO] [成功读取表 jingpin_data，数据行数：4130]
2025-11-03 19:59:28,670 [INFO] [开始读取数据库表：inventory_data]
2025-11-03 19:59:28,906 [INFO] [成功读取表 inventory_data，数据行数：5634]
2025-11-03 19:59:28,906 [INFO] [开始读取数据库表：tuiding_data]
2025-11-03 19:59:29,037 [INFO] [成功读取表 tuiding_data，数据行数：3888]
2025-11-03 19:59:29,038 [INFO] [开始读取数据库表：debit_data]
2025-11-03 19:59:30,009 [INFO] [成功读取表 debit_data，数据行数：21905]
2025-11-03 19:59:30,597 [INFO] [开始读取数据库表：sales_invoice_data]
2025-11-03 19:59:32,019 [INFO] [成功读取表 sales_invoice_data，数据行数：20091]
2025-11-03 20:30:01,111 [INFO] [数据库引擎创建成功]
2025-11-03 20:30:01,111 [INFO] [开始读取数据库表：order_data]
2025-11-03 20:30:01,816 [INFO] [成功读取表 order_data，数据行数：22315]
2025-11-03 20:30:01,995 [INFO] [开始读取数据库表：sales_data]
2025-11-03 20:30:05,909 [INFO] [成功读取表 sales_data，数据行数：26461]
2025-11-03 20:30:07,541 [INFO] [开始读取数据库表：jingpin_data]
2025-11-03 20:30:07,717 [INFO] [成功读取表 jingpin_data，数据行数：4130]
2025-11-03 20:30:07,780 [INFO] [开始读取数据库表：inventory_data]
2025-11-03 20:30:08,226 [INFO] [成功读取表 inventory_data，数据行数：5634]
2025-11-03 20:30:08,226 [INFO] [开始读取数据库表：tuiding_data]
2025-11-03 20:30:08,370 [INFO] [成功读取表 tuiding_data，数据行数：3888]
2025-11-03 20:30:08,370 [INFO] [开始读取数据库表：debit_data]
2025-11-03 20:30:09,720 [INFO] [成功读取表 debit_data，数据行数：21905]
2025-11-03 20:30:10,061 [INFO] [开始读取数据库表：sales_invoice_data]
2025-11-03 20:30:11,168 [INFO] [成功读取表 sales_invoice_data，数据行数：20093]
2025-11-03 20:58:50,855 [INFO] [数据库引擎创建成功]
2025-11-03 20:58:50,855 [INFO] [开始读取数据库表：order_data]
2025-11-03 20:58:51,446 [INFO] [成功读取表 order_data，数据行数：22315]
2025-11-03 20:58:51,596 [INFO] [开始读取数据库表：sales_data]
2025-11-03 20:58:54,559 [INFO] [成功读取表 sales_data，数据行数：26461]
2025-11-03 20:58:55,567 [INFO] [开始读取数据库表：jingpin_data]
2025-11-03 20:58:55,633 [INFO] [成功读取表 jingpin_data，数据行数：4130]
2025-11-03 20:58:55,662 [INFO] [开始读取数据库表：inventory_data]
2025-11-03 20:58:55,850 [INFO] [成功读取表 inventory_data，数据行数：5634]
2025-11-03 20:58:55,851 [INFO] [开始读取数据库表：tuiding_data]
2025-11-03 20:58:55,926 [INFO] [成功读取表 tuiding_data，数据行数：3888]
2025-11-03 20:58:55,926 [INFO] [开始读取数据库表：debit_data]
2025-11-03 20:58:56,719 [INFO] [成功读取表 debit_data，数据行数：21905]
2025-11-03 20:58:56,947 [INFO] [开始读取数据库表：sales_invoice_data]
2025-11-03 20:58:58,051 [INFO] [成功读取表 sales_invoice_data，数据行数：20093]
2025-11-03 21:29:11,596 [INFO] [数据库引擎创建成功]
2025-11-03 21:29:11,596 [INFO] [开始读取数据库表：order_data]
2025-11-03 21:29:12,304 [INFO] [成功读取表 order_data，数据行数：22315]
2025-11-03 21:29:12,475 [INFO] [开始读取数据库表：sales_data]
2025-11-03 21:29:15,802 [INFO] [成功读取表 sales_data，数据行数：26461]
2025-11-03 21:29:16,927 [INFO] [开始读取数据库表：jingpin_data]
2025-11-03 21:29:17,034 [INFO] [成功读取表 jingpin_data，数据行数：4130]
2025-11-03 21:29:17,070 [INFO] [开始读取数据库表：inventory_data]
2025-11-03 21:29:17,315 [INFO] [成功读取表 inventory_data，数据行数：5649]
2025-11-03 21:29:17,315 [INFO] [开始读取数据库表：tuiding_data]
2025-11-03 21:29:17,419 [INFO] [成功读取表 tuiding_data，数据行数：3888]
2025-11-03 21:29:17,420 [INFO] [开始读取数据库表：debit_data]
2025-11-03 21:29:18,292 [INFO] [成功读取表 debit_data，数据行数：21920]
2025-11-03 21:29:20,123 [INFO] [开始读取数据库表：sales_invoice_data]
2025-11-03 21:29:21,501 [INFO] [成功读取表 sales_invoice_data，数据行数：20093]
2025-11-03 21:59:00,566 [INFO] [数据库引擎创建成功]
2025-11-03 21:59:00,566 [INFO] [开始读取数据库表：order_data]
2025-11-03 21:59:01,334 [INFO] [成功读取表 order_data，数据行数：22315]
2025-11-03 21:59:01,559 [INFO] [开始读取数据库表：sales_data]
2025-11-03 21:59:04,925 [INFO] [成功读取表 sales_data，数据行数：26461]
2025-11-03 21:59:05,983 [INFO] [开始读取数据库表：jingpin_data]
2025-11-03 21:59:06,068 [INFO] [成功读取表 jingpin_data，数据行数：4130]
2025-11-03 21:59:06,109 [INFO] [开始读取数据库表：inventory_data]
2025-11-03 21:59:06,334 [INFO] [成功读取表 inventory_data，数据行数：5649]
2025-11-03 21:59:06,334 [INFO] [开始读取数据库表：tuiding_data]
2025-11-03 21:59:06,428 [INFO] [成功读取表 tuiding_data，数据行数：3888]
2025-11-03 21:59:06,428 [INFO] [开始读取数据库表：debit_data]
2025-11-03 21:59:08,263 [INFO] [成功读取表 debit_data，数据行数：21923]
2025-11-03 21:59:08,626 [INFO] [开始读取数据库表：sales_invoice_data]
2025-11-03 21:59:09,698 [INFO] [成功读取表 sales_invoice_data，数据行数：20093]
2025-11-03 22:29:01,332 [INFO] [数据库引擎创建成功]
2025-11-03 22:29:01,332 [INFO] [开始读取数据库表：order_data]
2025-11-03 22:29:01,906 [INFO] [成功读取表 order_data，数据行数：22315]
2025-11-03 22:29:02,070 [INFO] [开始读取数据库表：sales_data]
2025-11-03 22:29:04,901 [INFO] [成功读取表 sales_data，数据行数：26461]
2025-11-03 22:29:05,927 [INFO] [开始读取数据库表：jingpin_data]
2025-11-03 22:29:06,008 [INFO] [成功读取表 jingpin_data，数据行数：4130]
2025-11-03 22:29:06,041 [INFO] [开始读取数据库表：inventory_data]
2025-11-03 22:29:06,297 [INFO] [成功读取表 inventory_data，数据行数：5649]
2025-11-03 22:29:06,297 [INFO] [开始读取数据库表：tuiding_data]
2025-11-03 22:29:06,373 [INFO] [成功读取表 tuiding_data，数据行数：3888]
2025-11-03 22:29:06,373 [INFO] [开始读取数据库表：debit_data]
2025-11-03 22:29:07,119 [INFO] [成功读取表 debit_data，数据行数：21923]
2025-11-03 22:29:07,337 [INFO] [开始读取数据库表：sales_invoice_data]
2025-11-03 22:29:08,098 [INFO] [成功读取表 sales_invoice_data，数据行数：20093]
2025-11-03 22:59:04,578 [INFO] [数据库引擎创建成功]
2025-11-03 22:59:04,579 [INFO] [开始读取数据库表：order_data]
2025-11-03 22:59:05,070 [INFO] [成功读取表 order_data，数据行数：22315]
2025-11-03 22:59:05,213 [INFO] [开始读取数据库表：sales_data]
2025-11-03 22:59:07,890 [INFO] [成功读取表 sales_data，数据行数：26461]
2025-11-03 22:59:08,924 [INFO] [开始读取数据库表：jingpin_data]
2025-11-03 22:59:09,005 [INFO] [成功读取表 jingpin_data，数据行数：4130]
2025-11-03 22:59:09,041 [INFO] [开始读取数据库表：inventory_data]
2025-11-03 22:59:09,249 [INFO] [成功读取表 inventory_data，数据行数：5649]
2025-11-03 22:59:09,249 [INFO] [开始读取数据库表：tuiding_data]
2025-11-03 22:59:09,323 [INFO] [成功读取表 tuiding_data，数据行数：3888]
2025-11-03 22:59:09,323 [INFO] [开始读取数据库表：debit_data]
2025-11-03 22:59:10,763 [INFO] [成功读取表 debit_data，数据行数：21923]
2025-11-03 22:59:11,086 [INFO] [开始读取数据库表：sales_invoice_data]
2025-11-03 22:59:12,160 [INFO] [成功读取表 sales_invoice_data，数据行数：20093]
2025-11-03 23:29:15,966 [INFO] [数据库引擎创建成功]
2025-11-03 23:29:15,966 [INFO] [开始读取数据库表：order_data]
2025-11-03 23:29:16,479 [INFO] [成功读取表 order_data，数据行数：22315]
2025-11-03 23:29:16,648 [INFO] [开始读取数据库表：sales_data]
2025-11-03 23:29:19,707 [INFO] [成功读取表 sales_data，数据行数：26461]
2025-11-03 23:29:20,740 [INFO] [开始读取数据库表：jingpin_data]
2025-11-03 23:29:20,829 [INFO] [成功读取表 jingpin_data，数据行数：4130]
2025-11-03 23:29:20,858 [INFO] [开始读取数据库表：inventory_data]
2025-11-03 23:29:21,072 [INFO] [成功读取表 inventory_data，数据行数：5649]
2025-11-03 23:29:21,072 [INFO] [开始读取数据库表：tuiding_data]
2025-11-03 23:29:21,178 [INFO] [成功读取表 tuiding_data，数据行数：3888]
2025-11-03 23:29:21,178 [INFO] [开始读取数据库表：debit_data]
2025-11-03 23:29:21,896 [INFO] [成功读取表 debit_data，数据行数：21923]
2025-11-03 23:29:22,070 [INFO] [开始读取数据库表：sales_invoice_data]
2025-11-03 23:29:22,810 [INFO] [成功读取表 sales_invoice_data，数据行数：20093]
2025-11-03 23:59:21,250 [INFO] [数据库引擎创建成功]
2025-11-03 23:59:21,250 [INFO] [开始读取数据库表：order_data]
2025-11-03 23:59:21,825 [INFO] [成功读取表 order_data，数据行数：22315]
2025-11-03 23:59:21,969 [INFO] [开始读取数据库表：sales_data]
2025-11-03 23:59:25,048 [INFO] [成功读取表 sales_data，数据行数：26461]
2025-11-03 23:59:26,219 [INFO] [开始读取数据库表：jingpin_data]
2025-11-03 23:59:26,369 [INFO] [成功读取表 jingpin_data，数据行数：4130]
2025-11-03 23:59:26,421 [INFO] [开始读取数据库表：inventory_data]
2025-11-03 23:59:26,791 [INFO] [成功读取表 inventory_data，数据行数：5649]
2025-11-03 23:59:26,791 [INFO] [开始读取数据库表：tuiding_data]
2025-11-03 23:59:26,912 [INFO] [成功读取表 tuiding_data，数据行数：3888]
2025-11-03 23:59:26,912 [INFO] [开始读取数据库表：debit_data]
2025-11-03 23:59:27,722 [INFO] [成功读取表 debit_data，数据行数：21923]
2025-11-03 23:59:27,972 [INFO] [开始读取数据库表：sales_invoice_data]
2025-11-03 23:59:29,059 [INFO] [成功读取表 sales_invoice_data，数据行数：20093]
