2025-12-12 08:55:48,095 [INFO] [数据库引擎创建成功]
2025-12-12 08:55:48,096 [INFO] [开始读取数据库表：order_data]
2025-12-12 08:55:49,855 [INFO] [成功读取表 order_data，数据行数：25380]
2025-12-12 08:55:50,259 [INFO] [开始读取数据库表：sales_data]
2025-12-12 08:55:58,080 [INFO] [成功读取表 sales_data，数据行数：28195]
2025-12-12 08:56:00,473 [INFO] [开始读取数据库表：jingpin_data]
2025-12-12 08:56:00,846 [INFO] [成功读取表 jingpin_data，数据行数：5098]
2025-12-12 08:56:00,937 [INFO] [开始读取数据库表：inventory_data]
2025-12-12 08:56:01,483 [INFO] [成功读取表 inventory_data，数据行数：5153]
2025-12-12 08:56:01,483 [INFO] [开始读取数据库表：tuiding_data]
2025-12-12 08:56:01,747 [INFO] [成功读取表 tuiding_data，数据行数：4608]
2025-12-12 08:56:01,747 [INFO] [开始读取数据库表：debit_data]
2025-12-12 08:56:04,046 [INFO] [成功读取表 debit_data，数据行数：26499]
2025-12-12 08:56:04,519 [INFO] [开始读取数据库表：sales_invoice_data]
2025-12-12 08:56:06,116 [INFO] [成功读取表 sales_invoice_data，数据行数：20568]
2025-12-12 09:27:14,571 [INFO] [数据库引擎创建成功]
2025-12-12 09:27:14,571 [INFO] [开始读取数据库表：order_data]
2025-12-12 09:27:16,329 [INFO] [成功读取表 order_data，数据行数：25478]
2025-12-12 09:27:16,744 [INFO] [开始读取数据库表：sales_data]
2025-12-12 09:27:23,292 [INFO] [成功读取表 sales_data，数据行数：28190]
2025-12-12 09:27:25,670 [INFO] [开始读取数据库表：jingpin_data]
2025-12-12 09:27:26,047 [INFO] [成功读取表 jingpin_data，数据行数：5139]
2025-12-12 09:27:26,122 [INFO] [开始读取数据库表：inventory_data]
2025-12-12 09:27:26,629 [INFO] [成功读取表 inventory_data，数据行数：5153]
2025-12-12 09:27:26,629 [INFO] [开始读取数据库表：tuiding_data]
2025-12-12 09:27:26,871 [INFO] [成功读取表 tuiding_data，数据行数：4610]
2025-12-12 09:27:26,872 [INFO] [开始读取数据库表：debit_data]
2025-12-12 09:27:29,047 [INFO] [成功读取表 debit_data，数据行数：26499]
2025-12-12 09:27:29,471 [INFO] [开始读取数据库表：sales_invoice_data]
2025-12-12 09:27:31,047 [INFO] [成功读取表 sales_invoice_data，数据行数：20568]
2025-12-12 09:57:38,859 [INFO] [数据库引擎创建成功]
2025-12-12 09:57:38,860 [INFO] [开始读取数据库表：order_data]
2025-12-12 09:57:41,051 [INFO] [成功读取表 order_data，数据行数：25478]
2025-12-12 09:57:41,466 [INFO] [开始读取数据库表：sales_data]
2025-12-12 09:57:49,383 [INFO] [成功读取表 sales_data，数据行数：28192]
2025-12-12 09:57:51,738 [INFO] [开始读取数据库表：jingpin_data]
2025-12-12 09:57:52,098 [INFO] [成功读取表 jingpin_data，数据行数：5143]
2025-12-12 09:57:52,177 [INFO] [开始读取数据库表：inventory_data]
2025-12-12 09:57:52,711 [INFO] [成功读取表 inventory_data，数据行数：5149]
2025-12-12 09:57:52,711 [INFO] [开始读取数据库表：tuiding_data]
2025-12-12 09:57:52,965 [INFO] [成功读取表 tuiding_data，数据行数：4610]
2025-12-12 09:57:52,965 [INFO] [开始读取数据库表：debit_data]
2025-12-12 09:57:55,088 [INFO] [成功读取表 debit_data，数据行数：26499]
2025-12-12 09:57:55,498 [INFO] [开始读取数据库表：sales_invoice_data]
2025-12-12 09:57:56,889 [INFO] [成功读取表 sales_invoice_data，数据行数：20571]
2025-12-12 10:27:11,048 [INFO] [数据库引擎创建成功]
2025-12-12 10:27:11,048 [INFO] [开始读取数据库表：order_data]
2025-12-12 10:27:12,778 [INFO] [成功读取表 order_data，数据行数：25479]
2025-12-12 10:27:13,139 [INFO] [开始读取数据库表：sales_data]
2025-12-12 10:27:20,374 [INFO] [成功读取表 sales_data，数据行数：28196]
2025-12-12 10:27:22,571 [INFO] [开始读取数据库表：jingpin_data]
2025-12-12 10:27:22,973 [INFO] [成功读取表 jingpin_data，数据行数：5158]
2025-12-12 10:27:23,050 [INFO] [开始读取数据库表：inventory_data]
2025-12-12 10:27:23,534 [INFO] [成功读取表 inventory_data，数据行数：5146]
2025-12-12 10:27:23,534 [INFO] [开始读取数据库表：tuiding_data]
2025-12-12 10:27:23,804 [INFO] [成功读取表 tuiding_data，数据行数：4610]
2025-12-12 10:27:23,804 [INFO] [开始读取数据库表：debit_data]
2025-12-12 10:27:25,990 [INFO] [成功读取表 debit_data，数据行数：26499]
2025-12-12 10:27:26,428 [INFO] [开始读取数据库表：sales_invoice_data]
2025-12-12 10:27:27,927 [INFO] [成功读取表 sales_invoice_data，数据行数：20574]
2025-12-12 10:56:27,346 [INFO] [数据库引擎创建成功]
2025-12-12 10:56:27,346 [INFO] [开始读取数据库表：order_data]
2025-12-12 10:56:27,900 [INFO] [成功读取表 order_data，数据行数：25481]
2025-12-12 10:56:28,032 [INFO] [开始读取数据库表：sales_data]
2025-12-12 10:56:30,161 [INFO] [成功读取表 sales_data，数据行数：28197]
2025-12-12 10:56:30,942 [INFO] [开始读取数据库表：jingpin_data]
2025-12-12 10:56:31,046 [INFO] [成功读取表 jingpin_data，数据行数：5165]
2025-12-12 10:56:31,077 [INFO] [开始读取数据库表：inventory_data]
2025-12-12 10:56:31,207 [INFO] [成功读取表 inventory_data，数据行数：5145]
2025-12-12 10:56:31,207 [INFO] [开始读取数据库表：tuiding_data]
2025-12-12 10:56:31,275 [INFO] [成功读取表 tuiding_data，数据行数：4610]
2025-12-12 10:56:31,275 [INFO] [开始读取数据库表：debit_data]
2025-12-12 10:56:31,956 [INFO] [成功读取表 debit_data，数据行数：26499]
2025-12-12 10:56:32,144 [INFO] [开始读取数据库表：sales_invoice_data]
2025-12-12 10:56:32,666 [INFO] [成功读取表 sales_invoice_data，数据行数：20575]
2025-12-12 10:57:27,156 [INFO] [数据库引擎创建成功]
2025-12-12 10:57:27,157 [INFO] [开始读取数据库表：order_data]
2025-12-12 10:57:29,123 [INFO] [成功读取表 order_data，数据行数：25481]
2025-12-12 10:57:29,488 [INFO] [开始读取数据库表：sales_data]
2025-12-12 10:57:36,189 [INFO] [成功读取表 sales_data，数据行数：28197]
2025-12-12 10:57:38,174 [INFO] [开始读取数据库表：jingpin_data]
2025-12-12 10:57:38,552 [INFO] [成功读取表 jingpin_data，数据行数：5165]
2025-12-12 10:57:38,604 [INFO] [开始读取数据库表：inventory_data]
2025-12-12 10:57:39,170 [INFO] [成功读取表 inventory_data，数据行数：5145]
2025-12-12 10:57:39,170 [INFO] [开始读取数据库表：tuiding_data]
2025-12-12 10:57:39,515 [INFO] [成功读取表 tuiding_data，数据行数：4610]
2025-12-12 10:57:39,515 [INFO] [开始读取数据库表：debit_data]
2025-12-12 10:57:41,329 [INFO] [成功读取表 debit_data，数据行数：26499]
2025-12-12 10:57:41,731 [INFO] [开始读取数据库表：sales_invoice_data]
2025-12-12 10:57:43,237 [INFO] [成功读取表 sales_invoice_data，数据行数：20575]
2025-12-12 11:06:25,021 [INFO] [数据库引擎创建成功]
2025-12-12 11:06:25,021 [INFO] [开始读取数据库表：order_data]
2025-12-12 11:06:25,536 [INFO] [成功读取表 order_data，数据行数：25481]
2025-12-12 11:06:25,645 [INFO] [开始读取数据库表：sales_data]
2025-12-12 11:06:27,977 [INFO] [成功读取表 sales_data，数据行数：28197]
2025-12-12 11:06:28,835 [INFO] [开始读取数据库表：jingpin_data]
2025-12-12 11:06:28,949 [INFO] [成功读取表 jingpin_data，数据行数：5165]
2025-12-12 11:06:28,978 [INFO] [开始读取数据库表：inventory_data]
2025-12-12 11:06:29,130 [INFO] [成功读取表 inventory_data，数据行数：5145]
2025-12-12 11:06:29,130 [INFO] [开始读取数据库表：tuiding_data]
2025-12-12 11:06:29,202 [INFO] [成功读取表 tuiding_data，数据行数：4610]
2025-12-12 11:06:29,203 [INFO] [开始读取数据库表：debit_data]
2025-12-12 11:06:29,877 [INFO] [成功读取表 debit_data，数据行数：26499]
2025-12-12 11:06:30,037 [INFO] [开始读取数据库表：sales_invoice_data]
2025-12-12 11:06:30,533 [INFO] [成功读取表 sales_invoice_data，数据行数：20575]
2025-12-12 11:06:47,419 [INFO] [数据库引擎创建成功]
2025-12-12 11:06:47,419 [INFO] [开始读取数据库表：order_data]
2025-12-12 11:06:48,033 [INFO] [成功读取表 order_data，数据行数：25481]
2025-12-12 11:06:48,178 [INFO] [开始读取数据库表：sales_data]
2025-12-12 11:06:51,759 [INFO] [成功读取表 sales_data，数据行数：28197]
2025-12-12 11:06:53,084 [INFO] [开始读取数据库表：jingpin_data]
2025-12-12 11:06:53,355 [INFO] [成功读取表 jingpin_data，数据行数：5165]
2025-12-12 11:06:53,416 [INFO] [开始读取数据库表：inventory_data]
2025-12-12 11:06:53,975 [INFO] [成功读取表 inventory_data，数据行数：5145]
2025-12-12 11:06:53,976 [INFO] [开始读取数据库表：tuiding_data]
2025-12-12 11:06:57,761 [INFO] [数据库引擎创建成功]
2025-12-12 11:06:57,762 [INFO] [开始读取数据库表：order_data]
2025-12-12 11:06:58,435 [INFO] [成功读取表 order_data，数据行数：25481]
2025-12-12 11:06:58,567 [INFO] [开始读取数据库表：sales_data]
2025-12-12 11:07:01,061 [INFO] [成功读取表 sales_data，数据行数：28197]
2025-12-12 11:07:01,855 [INFO] [开始读取数据库表：jingpin_data]
2025-12-12 11:07:01,967 [INFO] [成功读取表 jingpin_data，数据行数：5165]
2025-12-12 11:07:01,993 [INFO] [开始读取数据库表：inventory_data]
2025-12-12 11:07:02,141 [INFO] [成功读取表 inventory_data，数据行数：5145]
2025-12-12 11:07:02,141 [INFO] [开始读取数据库表：tuiding_data]
2025-12-12 11:07:02,214 [INFO] [成功读取表 tuiding_data，数据行数：4610]
2025-12-12 11:07:02,215 [INFO] [开始读取数据库表：debit_data]
2025-12-12 11:07:02,863 [INFO] [成功读取表 debit_data，数据行数：26499]
2025-12-12 11:07:03,018 [INFO] [开始读取数据库表：sales_invoice_data]
2025-12-12 11:07:03,503 [INFO] [成功读取表 sales_invoice_data，数据行数：20575]
2025-12-12 11:08:38,075 [INFO] [数据库引擎创建成功]
2025-12-12 11:08:38,075 [INFO] [开始读取数据库表：order_data]
2025-12-12 11:08:38,613 [INFO] [成功读取表 order_data，数据行数：25481]
2025-12-12 11:08:38,722 [INFO] [开始读取数据库表：sales_data]
2025-12-12 11:08:40,900 [INFO] [成功读取表 sales_data，数据行数：28197]
2025-12-12 11:08:41,607 [INFO] [开始读取数据库表：jingpin_data]
2025-12-12 11:08:41,703 [INFO] [成功读取表 jingpin_data，数据行数：5165]
2025-12-12 11:08:41,727 [INFO] [开始读取数据库表：inventory_data]
2025-12-12 11:08:41,854 [INFO] [成功读取表 inventory_data，数据行数：5145]
2025-12-12 11:08:41,854 [INFO] [开始读取数据库表：tuiding_data]
2025-12-12 11:08:41,915 [INFO] [成功读取表 tuiding_data，数据行数：4610]
2025-12-12 11:08:41,915 [INFO] [开始读取数据库表：debit_data]
2025-12-12 11:08:42,454 [INFO] [成功读取表 debit_data，数据行数：26499]
2025-12-12 11:08:42,583 [INFO] [开始读取数据库表：sales_invoice_data]
2025-12-12 11:08:42,974 [INFO] [成功读取表 sales_invoice_data，数据行数：20575]
2025-12-12 11:09:17,244 [INFO] [数据库引擎创建成功]
2025-12-12 11:09:17,244 [INFO] [开始读取数据库表：order_data]
2025-12-12 11:09:17,765 [INFO] [成功读取表 order_data，数据行数：25481]
2025-12-12 11:09:17,877 [INFO] [开始读取数据库表：sales_data]
2025-12-12 11:09:20,134 [INFO] [成功读取表 sales_data，数据行数：28197]
2025-12-12 11:09:21,010 [INFO] [开始读取数据库表：jingpin_data]
2025-12-12 11:09:21,131 [INFO] [成功读取表 jingpin_data，数据行数：5165]
2025-12-12 11:09:21,160 [INFO] [开始读取数据库表：inventory_data]
2025-12-12 11:09:21,322 [INFO] [成功读取表 inventory_data，数据行数：5145]
2025-12-12 11:09:21,322 [INFO] [开始读取数据库表：tuiding_data]
2025-12-12 11:09:21,404 [INFO] [成功读取表 tuiding_data，数据行数：4610]
2025-12-12 11:09:21,404 [INFO] [开始读取数据库表：debit_data]
2025-12-12 11:09:22,189 [INFO] [成功读取表 debit_data，数据行数：26499]
2025-12-12 11:09:22,346 [INFO] [开始读取数据库表：sales_invoice_data]
2025-12-12 11:09:22,846 [INFO] [成功读取表 sales_invoice_data，数据行数：20575]
2025-12-12 11:11:40,420 [INFO] [数据库引擎创建成功]
2025-12-12 11:11:40,420 [INFO] [开始读取数据库表：order_data]
2025-12-12 11:11:40,934 [INFO] [成功读取表 order_data，数据行数：25481]
2025-12-12 11:11:41,044 [INFO] [开始读取数据库表：sales_data]
2025-12-12 11:11:43,171 [INFO] [成功读取表 sales_data，数据行数：28197]
2025-12-12 11:11:43,912 [INFO] [开始读取数据库表：jingpin_data]
2025-12-12 11:11:44,010 [INFO] [成功读取表 jingpin_data，数据行数：5165]
2025-12-12 11:11:44,036 [INFO] [开始读取数据库表：inventory_data]
2025-12-12 11:11:44,166 [INFO] [成功读取表 inventory_data，数据行数：5145]
2025-12-12 11:11:44,166 [INFO] [开始读取数据库表：tuiding_data]
2025-12-12 11:11:44,228 [INFO] [成功读取表 tuiding_data，数据行数：4610]
2025-12-12 11:11:44,228 [INFO] [开始读取数据库表：debit_data]
2025-12-12 11:11:44,739 [INFO] [成功读取表 debit_data，数据行数：26499]
2025-12-12 11:11:44,862 [INFO] [开始读取数据库表：sales_invoice_data]
2025-12-12 11:11:45,251 [INFO] [成功读取表 sales_invoice_data，数据行数：20575]
2025-12-12 11:14:35,554 [INFO] [数据库引擎创建成功]
2025-12-12 11:14:35,554 [INFO] [开始读取数据库表：order_data]
2025-12-12 11:14:36,090 [INFO] [成功读取表 order_data，数据行数：25481]
2025-12-12 11:14:36,216 [INFO] [开始读取数据库表：sales_data]
2025-12-12 11:14:38,409 [INFO] [成功读取表 sales_data，数据行数：28197]
2025-12-12 11:14:39,166 [INFO] [开始读取数据库表：jingpin_data]
2025-12-12 11:14:39,273 [INFO] [成功读取表 jingpin_data，数据行数：5165]
2025-12-12 11:14:39,298 [INFO] [开始读取数据库表：inventory_data]
2025-12-12 11:14:39,429 [INFO] [成功读取表 inventory_data，数据行数：5145]
2025-12-12 11:14:39,429 [INFO] [开始读取数据库表：tuiding_data]
2025-12-12 11:14:39,490 [INFO] [成功读取表 tuiding_data，数据行数：4610]
2025-12-12 11:14:39,490 [INFO] [开始读取数据库表：debit_data]
2025-12-12 11:14:40,052 [INFO] [成功读取表 debit_data，数据行数：26499]
2025-12-12 11:14:40,190 [INFO] [开始读取数据库表：sales_invoice_data]
2025-12-12 11:14:40,600 [INFO] [成功读取表 sales_invoice_data，数据行数：20575]
2025-12-12 11:15:16,861 [INFO] [数据库引擎创建成功]
2025-12-12 11:15:16,861 [INFO] [开始读取数据库表：order_data]
2025-12-12 11:15:17,394 [INFO] [成功读取表 order_data，数据行数：25481]
2025-12-12 11:15:17,509 [INFO] [开始读取数据库表：sales_data]
2025-12-12 11:15:19,737 [INFO] [成功读取表 sales_data，数据行数：28197]
2025-12-12 11:15:20,508 [INFO] [开始读取数据库表：jingpin_data]
2025-12-12 11:15:20,616 [INFO] [成功读取表 jingpin_data，数据行数：5165]
2025-12-12 11:15:20,640 [INFO] [开始读取数据库表：inventory_data]
2025-12-12 11:15:20,784 [INFO] [成功读取表 inventory_data，数据行数：5145]
2025-12-12 11:15:20,784 [INFO] [开始读取数据库表：tuiding_data]
2025-12-12 11:15:20,851 [INFO] [成功读取表 tuiding_data，数据行数：4610]
2025-12-12 11:15:20,851 [INFO] [开始读取数据库表：debit_data]
2025-12-12 11:15:21,480 [INFO] [成功读取表 debit_data，数据行数：26499]
2025-12-12 11:15:21,653 [INFO] [开始读取数据库表：sales_invoice_data]
2025-12-12 11:15:22,180 [INFO] [成功读取表 sales_invoice_data，数据行数：20575]
2025-12-12 11:16:34,499 [INFO] [数据库引擎创建成功]
2025-12-12 11:16:34,500 [INFO] [开始读取数据库表：order_data]
2025-12-12 11:16:35,181 [INFO] [成功读取表 order_data，数据行数：25481]
2025-12-12 11:16:35,333 [INFO] [开始读取数据库表：sales_data]
2025-12-12 11:16:37,939 [INFO] [成功读取表 sales_data，数据行数：28197]
2025-12-12 11:16:38,774 [INFO] [开始读取数据库表：jingpin_data]
2025-12-12 11:16:38,889 [INFO] [成功读取表 jingpin_data，数据行数：5165]
2025-12-12 11:16:38,920 [INFO] [开始读取数据库表：inventory_data]
2025-12-12 11:16:39,074 [INFO] [成功读取表 inventory_data，数据行数：5145]
2025-12-12 11:16:39,074 [INFO] [开始读取数据库表：tuiding_data]
2025-12-12 11:16:39,150 [INFO] [成功读取表 tuiding_data，数据行数：4610]
2025-12-12 11:16:39,150 [INFO] [开始读取数据库表：debit_data]
2025-12-12 11:16:39,810 [INFO] [成功读取表 debit_data，数据行数：26499]
2025-12-12 11:16:39,965 [INFO] [开始读取数据库表：sales_invoice_data]
2025-12-12 11:16:40,453 [INFO] [成功读取表 sales_invoice_data，数据行数：20575]
2025-12-12 11:27:21,975 [INFO] [数据库引擎创建成功]
2025-12-12 11:27:21,975 [INFO] [开始读取数据库表：order_data]
2025-12-12 11:27:23,894 [INFO] [成功读取表 order_data，数据行数：25487]
2025-12-12 11:27:24,228 [INFO] [开始读取数据库表：sales_data]
2025-12-12 11:27:32,239 [INFO] [成功读取表 sales_data，数据行数：28197]
2025-12-12 11:27:34,276 [INFO] [开始读取数据库表：jingpin_data]
2025-12-12 11:27:34,646 [INFO] [成功读取表 jingpin_data，数据行数：5167]
2025-12-12 11:27:34,726 [INFO] [开始读取数据库表：inventory_data]
2025-12-12 11:27:35,209 [INFO] [成功读取表 inventory_data，数据行数：5144]
2025-12-12 11:27:35,210 [INFO] [开始读取数据库表：tuiding_data]
2025-12-12 11:27:35,451 [INFO] [成功读取表 tuiding_data，数据行数：4611]
2025-12-12 11:27:35,452 [INFO] [开始读取数据库表：debit_data]
2025-12-12 11:27:37,536 [INFO] [成功读取表 debit_data，数据行数：26499]
2025-12-12 11:27:37,927 [INFO] [开始读取数据库表：sales_invoice_data]
2025-12-12 11:27:39,335 [INFO] [成功读取表 sales_invoice_data，数据行数：20575]
2025-12-12 11:56:59,256 [INFO] [数据库引擎创建成功]
2025-12-12 11:56:59,256 [INFO] [开始读取数据库表：order_data]
2025-12-12 11:57:02,526 [INFO] [成功读取表 order_data，数据行数：25487]
2025-12-12 11:57:02,865 [INFO] [开始读取数据库表：sales_data]
2025-12-12 11:57:14,007 [INFO] [成功读取表 sales_data，数据行数：28202]
2025-12-12 11:57:16,925 [INFO] [开始读取数据库表：jingpin_data]
2025-12-12 11:57:17,700 [INFO] [成功读取表 jingpin_data，数据行数：5167]
2025-12-12 11:57:17,786 [INFO] [开始读取数据库表：inventory_data]
2025-12-12 11:57:18,310 [INFO] [成功读取表 inventory_data，数据行数：5137]
2025-12-12 11:57:18,310 [INFO] [开始读取数据库表：tuiding_data]
2025-12-12 11:57:18,553 [INFO] [成功读取表 tuiding_data，数据行数：4614]
2025-12-12 11:57:18,553 [INFO] [开始读取数据库表：debit_data]
2025-12-12 11:57:20,772 [INFO] [成功读取表 debit_data，数据行数：26499]
2025-12-12 11:57:21,172 [INFO] [开始读取数据库表：sales_invoice_data]
2025-12-12 11:57:24,962 [INFO] [成功读取表 sales_invoice_data，数据行数：20580]
2025-12-12 12:26:32,675 [INFO] [数据库引擎创建成功]
2025-12-12 12:26:32,676 [INFO] [开始读取数据库表：order_data]
2025-12-12 12:26:34,316 [INFO] [成功读取表 order_data，数据行数：25487]
2025-12-12 12:26:34,669 [INFO] [开始读取数据库表：sales_data]
2025-12-12 12:26:41,498 [INFO] [成功读取表 sales_data，数据行数：28202]
2025-12-12 12:26:43,576 [INFO] [开始读取数据库表：jingpin_data]
2025-12-12 12:26:43,939 [INFO] [成功读取表 jingpin_data，数据行数：5167]
2025-12-12 12:26:44,024 [INFO] [开始读取数据库表：inventory_data]
2025-12-12 12:26:44,496 [INFO] [成功读取表 inventory_data，数据行数：5137]
2025-12-12 12:26:44,497 [INFO] [开始读取数据库表：tuiding_data]
2025-12-12 12:26:44,744 [INFO] [成功读取表 tuiding_data，数据行数：4614]
2025-12-12 12:26:44,744 [INFO] [开始读取数据库表：debit_data]
2025-12-12 12:26:46,819 [INFO] [成功读取表 debit_data，数据行数：26499]
2025-12-12 12:26:47,209 [INFO] [开始读取数据库表：sales_invoice_data]
2025-12-12 12:26:48,679 [INFO] [成功读取表 sales_invoice_data，数据行数：20580]
2025-12-12 12:57:03,586 [INFO] [数据库引擎创建成功]
2025-12-12 12:57:03,586 [INFO] [开始读取数据库表：order_data]
2025-12-12 12:57:05,429 [INFO] [成功读取表 order_data，数据行数：25491]
2025-12-12 12:57:05,770 [INFO] [开始读取数据库表：sales_data]
2025-12-12 12:57:12,611 [INFO] [成功读取表 sales_data，数据行数：28210]
2025-12-12 12:57:14,615 [INFO] [开始读取数据库表：jingpin_data]
2025-12-12 12:57:14,968 [INFO] [成功读取表 jingpin_data，数据行数：5169]
2025-12-12 12:57:15,044 [INFO] [开始读取数据库表：inventory_data]
2025-12-12 12:57:15,535 [INFO] [成功读取表 inventory_data，数据行数：5132]
2025-12-12 12:57:15,536 [INFO] [开始读取数据库表：tuiding_data]
2025-12-12 12:57:15,786 [INFO] [成功读取表 tuiding_data，数据行数：4615]
2025-12-12 12:57:15,786 [INFO] [开始读取数据库表：debit_data]
2025-12-12 12:57:17,922 [INFO] [成功读取表 debit_data，数据行数：26512]
2025-12-12 12:57:18,302 [INFO] [开始读取数据库表：sales_invoice_data]
2025-12-12 12:57:19,809 [INFO] [成功读取表 sales_invoice_data，数据行数：20588]
2025-12-12 13:27:31,096 [INFO] [数据库引擎创建成功]
2025-12-12 13:27:31,096 [INFO] [开始读取数据库表：order_data]
2025-12-12 13:27:32,797 [INFO] [成功读取表 order_data，数据行数：25494]
2025-12-12 13:27:33,122 [INFO] [开始读取数据库表：sales_data]
2025-12-12 13:27:39,876 [INFO] [成功读取表 sales_data，数据行数：28211]
2025-12-12 13:27:41,859 [INFO] [开始读取数据库表：jingpin_data]
2025-12-12 13:27:42,204 [INFO] [成功读取表 jingpin_data，数据行数：5169]
2025-12-12 13:27:42,278 [INFO] [开始读取数据库表：inventory_data]
2025-12-12 13:27:42,757 [INFO] [成功读取表 inventory_data，数据行数：5129]
2025-12-12 13:27:42,757 [INFO] [开始读取数据库表：tuiding_data]
2025-12-12 13:27:43,000 [INFO] [成功读取表 tuiding_data，数据行数：4615]
2025-12-12 13:27:43,001 [INFO] [开始读取数据库表：debit_data]
2025-12-12 13:27:45,032 [INFO] [成功读取表 debit_data，数据行数：26512]
2025-12-12 13:27:45,411 [INFO] [开始读取数据库表：sales_invoice_data]
2025-12-12 13:27:46,874 [INFO] [成功读取表 sales_invoice_data，数据行数：20590]
2025-12-12 13:44:13,446 [INFO] [数据库引擎创建成功]
2025-12-12 13:44:13,446 [INFO] [开始读取数据库表：order_data]
2025-12-12 13:44:13,967 [INFO] [成功读取表 order_data，数据行数：25494]
2025-12-12 13:44:14,078 [INFO] [开始读取数据库表：sales_data]
2025-12-12 13:44:16,102 [INFO] [成功读取表 sales_data，数据行数：22886]
2025-12-12 13:44:16,841 [INFO] [开始读取数据库表：jingpin_data]
2025-12-12 13:44:16,919 [INFO] [成功读取表 jingpin_data，数据行数：5169]
2025-12-12 13:44:16,943 [INFO] [开始读取数据库表：inventory_data]
2025-12-12 13:44:17,069 [INFO] [成功读取表 inventory_data，数据行数：5129]
2025-12-12 13:44:17,069 [INFO] [开始读取数据库表：tuiding_data]
2025-12-12 13:44:17,127 [INFO] [成功读取表 tuiding_data，数据行数：4615]
2025-12-12 13:44:17,127 [INFO] [开始读取数据库表：debit_data]
2025-12-12 13:44:17,679 [INFO] [成功读取表 debit_data，数据行数：26512]
2025-12-12 13:44:17,805 [INFO] [开始读取数据库表：sales_invoice_data]
2025-12-12 13:44:18,175 [INFO] [成功读取表 sales_invoice_data，数据行数：20590]
2025-12-12 13:57:25,750 [INFO] [数据库引擎创建成功]
2025-12-12 13:57:25,751 [INFO] [开始读取数据库表：order_data]
2025-12-12 13:57:28,939 [INFO] [成功读取表 order_data，数据行数：25498]
2025-12-12 13:57:29,390 [INFO] [开始读取数据库表：sales_data]
2025-12-12 13:57:36,012 [INFO] [成功读取表 sales_data，数据行数：22891]
2025-12-12 13:57:38,349 [INFO] [开始读取数据库表：jingpin_data]
2025-12-12 13:57:38,693 [INFO] [成功读取表 jingpin_data，数据行数：5178]
2025-12-12 13:57:38,794 [INFO] [开始读取数据库表：inventory_data]
2025-12-12 13:57:39,347 [INFO] [成功读取表 inventory_data，数据行数：5125]
2025-12-12 13:57:39,347 [INFO] [开始读取数据库表：tuiding_data]
2025-12-12 13:57:39,600 [INFO] [成功读取表 tuiding_data，数据行数：4616]
2025-12-12 13:57:39,600 [INFO] [开始读取数据库表：debit_data]
2025-12-12 13:57:41,665 [INFO] [成功读取表 debit_data，数据行数：26512]
2025-12-12 13:57:42,113 [INFO] [开始读取数据库表：sales_invoice_data]
2025-12-12 13:57:43,577 [INFO] [成功读取表 sales_invoice_data，数据行数：20595]
2025-12-12 14:27:24,214 [INFO] [数据库引擎创建成功]
2025-12-12 14:27:24,215 [INFO] [开始读取数据库表：order_data]
2025-12-12 14:27:25,814 [INFO] [成功读取表 order_data，数据行数：25506]
2025-12-12 14:27:26,104 [INFO] [开始读取数据库表：sales_data]
2025-12-12 14:27:31,599 [INFO] [成功读取表 sales_data，数据行数：22899]
2025-12-12 14:27:33,316 [INFO] [开始读取数据库表：jingpin_data]
2025-12-12 14:27:33,578 [INFO] [成功读取表 jingpin_data，数据行数：5179]
2025-12-12 14:27:33,634 [INFO] [开始读取数据库表：inventory_data]
2025-12-12 14:27:34,051 [INFO] [成功读取表 inventory_data，数据行数：5119]
2025-12-12 14:27:34,052 [INFO] [开始读取数据库表：tuiding_data]
2025-12-12 14:27:34,259 [INFO] [成功读取表 tuiding_data，数据行数：4616]
2025-12-12 14:27:34,260 [INFO] [开始读取数据库表：debit_data]
2025-12-12 14:27:36,060 [INFO] [成功读取表 debit_data，数据行数：26512]
2025-12-12 14:27:36,391 [INFO] [开始读取数据库表：sales_invoice_data]
2025-12-12 14:27:37,571 [INFO] [成功读取表 sales_invoice_data，数据行数：20601]
2025-12-12 14:57:34,781 [INFO] [数据库引擎创建成功]
2025-12-12 14:57:34,782 [INFO] [开始读取数据库表：order_data]
2025-12-12 14:57:36,784 [INFO] [成功读取表 order_data，数据行数：25512]
2025-12-12 14:57:37,148 [INFO] [开始读取数据库表：sales_data]
2025-12-12 14:57:44,086 [INFO] [成功读取表 sales_data，数据行数：22904]
2025-12-12 14:57:46,442 [INFO] [开始读取数据库表：jingpin_data]
2025-12-12 14:57:46,786 [INFO] [成功读取表 jingpin_data，数据行数：5182]
2025-12-12 14:57:46,871 [INFO] [开始读取数据库表：inventory_data]
2025-12-12 14:57:47,465 [INFO] [成功读取表 inventory_data，数据行数：5115]
2025-12-12 14:57:47,466 [INFO] [开始读取数据库表：tuiding_data]
2025-12-12 14:57:47,694 [INFO] [成功读取表 tuiding_data，数据行数：4617]
2025-12-12 14:57:47,694 [INFO] [开始读取数据库表：debit_data]
2025-12-12 14:57:49,929 [INFO] [成功读取表 debit_data，数据行数：26512]
2025-12-12 14:57:50,359 [INFO] [开始读取数据库表：sales_invoice_data]
2025-12-12 14:57:51,933 [INFO] [成功读取表 sales_invoice_data，数据行数：20604]
2025-12-12 15:30:53,527 [INFO] [数据库引擎创建成功]
2025-12-12 15:30:53,527 [INFO] [开始读取数据库表：order_data]
2025-12-12 15:30:55,515 [INFO] [成功读取表 order_data，数据行数：25515]
2025-12-12 15:30:55,880 [INFO] [开始读取数据库表：sales_data]
2025-12-12 15:31:02,869 [INFO] [成功读取表 sales_data，数据行数：22907]
2025-12-12 15:31:05,392 [INFO] [开始读取数据库表：jingpin_data]
2025-12-12 15:31:05,789 [INFO] [成功读取表 jingpin_data，数据行数：5182]
2025-12-12 15:31:05,875 [INFO] [开始读取数据库表：inventory_data]
2025-12-12 15:31:06,419 [INFO] [成功读取表 inventory_data，数据行数：5112]
2025-12-12 15:31:06,419 [INFO] [开始读取数据库表：tuiding_data]
2025-12-12 15:31:06,687 [INFO] [成功读取表 tuiding_data，数据行数：4618]
2025-12-12 15:31:06,687 [INFO] [开始读取数据库表：debit_data]
2025-12-12 15:31:08,878 [INFO] [成功读取表 debit_data，数据行数：26512]
2025-12-12 15:31:09,281 [INFO] [开始读取数据库表：sales_invoice_data]
2025-12-12 15:31:11,096 [INFO] [成功读取表 sales_invoice_data，数据行数：20607]
2025-12-12 16:02:24,681 [INFO] [数据库引擎创建成功]
2025-12-12 16:02:24,682 [INFO] [开始读取数据库表：order_data]
2025-12-12 16:02:27,068 [INFO] [成功读取表 order_data，数据行数：25515]
2025-12-12 16:02:27,548 [INFO] [开始读取数据库表：sales_data]
2025-12-12 16:02:35,895 [INFO] [成功读取表 sales_data，数据行数：22920]
2025-12-12 16:02:38,679 [INFO] [开始读取数据库表：jingpin_data]
2025-12-12 16:02:39,181 [INFO] [成功读取表 jingpin_data，数据行数：5188]
2025-12-12 16:02:39,291 [INFO] [开始读取数据库表：inventory_data]
2025-12-12 16:02:39,965 [INFO] [成功读取表 inventory_data，数据行数：5103]
2025-12-12 16:02:39,966 [INFO] [开始读取数据库表：tuiding_data]
2025-12-12 16:02:40,291 [INFO] [成功读取表 tuiding_data，数据行数：4621]
2025-12-12 16:02:40,292 [INFO] [开始读取数据库表：debit_data]
2025-12-12 16:02:42,970 [INFO] [成功读取表 debit_data，数据行数：26512]
2025-12-12 16:02:43,477 [INFO] [开始读取数据库表：sales_invoice_data]
2025-12-12 16:02:45,353 [INFO] [成功读取表 sales_invoice_data，数据行数：20617]
2025-12-12 16:27:58,326 [INFO] [数据库引擎创建成功]
2025-12-12 16:27:58,326 [INFO] [开始读取数据库表：order_data]
2025-12-12 16:27:59,951 [INFO] [成功读取表 order_data，数据行数：25522]
2025-12-12 16:28:00,250 [INFO] [开始读取数据库表：sales_data]
2025-12-12 16:28:05,567 [INFO] [成功读取表 sales_data，数据行数：22933]
2025-12-12 16:28:07,219 [INFO] [开始读取数据库表：jingpin_data]
2025-12-12 16:28:07,578 [INFO] [成功读取表 jingpin_data，数据行数：5188]
2025-12-12 16:28:07,633 [INFO] [开始读取数据库表：inventory_data]
2025-12-12 16:28:08,015 [INFO] [成功读取表 inventory_data，数据行数：5093]
2025-12-12 16:28:08,015 [INFO] [开始读取数据库表：tuiding_data]
2025-12-12 16:28:08,215 [INFO] [成功读取表 tuiding_data，数据行数：4621]
2025-12-12 16:28:08,215 [INFO] [开始读取数据库表：debit_data]
2025-12-12 16:28:09,771 [INFO] [成功读取表 debit_data，数据行数：26512]
2025-12-12 16:28:10,083 [INFO] [开始读取数据库表：sales_invoice_data]
2025-12-12 16:28:11,395 [INFO] [成功读取表 sales_invoice_data，数据行数：20628]
2025-12-12 16:57:18,438 [INFO] [数据库引擎创建成功]
2025-12-12 16:57:18,439 [INFO] [开始读取数据库表：order_data]
2025-12-12 16:57:20,407 [INFO] [成功读取表 order_data，数据行数：25527]
2025-12-12 16:57:20,763 [INFO] [开始读取数据库表：sales_data]
2025-12-12 16:57:27,550 [INFO] [成功读取表 sales_data，数据行数：22936]
2025-12-12 16:57:29,936 [INFO] [开始读取数据库表：jingpin_data]
2025-12-12 16:57:30,347 [INFO] [成功读取表 jingpin_data，数据行数：5190]
2025-12-12 16:57:30,430 [INFO] [开始读取数据库表：inventory_data]
2025-12-12 16:57:30,968 [INFO] [成功读取表 inventory_data，数据行数：5088]
2025-12-12 16:57:30,968 [INFO] [开始读取数据库表：tuiding_data]
2025-12-12 16:57:31,257 [INFO] [成功读取表 tuiding_data，数据行数：4621]
2025-12-12 16:57:31,257 [INFO] [开始读取数据库表：debit_data]
2025-12-12 16:57:33,923 [INFO] [成功读取表 debit_data，数据行数：26512]
2025-12-12 16:57:34,407 [INFO] [开始读取数据库表：sales_invoice_data]
2025-12-12 16:57:36,136 [INFO] [成功读取表 sales_invoice_data，数据行数：20632]
2025-12-12 17:27:15,466 [INFO] [数据库引擎创建成功]
2025-12-12 17:27:15,467 [INFO] [开始读取数据库表：order_data]
2025-12-12 17:27:17,456 [INFO] [成功读取表 order_data，数据行数：25539]
2025-12-12 17:27:17,842 [INFO] [开始读取数据库表：sales_data]
2025-12-12 17:27:24,896 [INFO] [成功读取表 sales_data，数据行数：22949]
2025-12-12 17:27:27,194 [INFO] [开始读取数据库表：jingpin_data]
2025-12-12 17:27:27,608 [INFO] [成功读取表 jingpin_data，数据行数：5193]
2025-12-12 17:27:27,696 [INFO] [开始读取数据库表：inventory_data]
2025-12-12 17:27:28,191 [INFO] [成功读取表 inventory_data，数据行数：5074]
2025-12-12 17:27:28,191 [INFO] [开始读取数据库表：tuiding_data]
2025-12-12 17:27:28,364 [INFO] [成功读取表 tuiding_data，数据行数：4621]
2025-12-12 17:27:28,364 [INFO] [开始读取数据库表：debit_data]
2025-12-12 17:27:30,666 [INFO] [成功读取表 debit_data，数据行数：26512]
2025-12-12 17:27:31,130 [INFO] [开始读取数据库表：sales_invoice_data]
2025-12-12 17:27:32,822 [INFO] [成功读取表 sales_invoice_data，数据行数：20645]
2025-12-12 17:57:01,858 [INFO] [数据库引擎创建成功]
2025-12-12 17:57:01,858 [INFO] [开始读取数据库表：order_data]
2025-12-12 17:57:03,698 [INFO] [成功读取表 order_data，数据行数：25548]
2025-12-12 17:57:04,035 [INFO] [开始读取数据库表：sales_data]
2025-12-12 17:57:09,970 [INFO] [成功读取表 sales_data，数据行数：22959]
2025-12-12 17:57:11,896 [INFO] [开始读取数据库表：jingpin_data]
2025-12-12 17:57:12,213 [INFO] [成功读取表 jingpin_data，数据行数：5194]
2025-12-12 17:57:12,279 [INFO] [开始读取数据库表：inventory_data]
2025-12-12 17:57:12,714 [INFO] [成功读取表 inventory_data，数据行数：5063]
2025-12-12 17:57:12,714 [INFO] [开始读取数据库表：tuiding_data]
2025-12-12 17:57:12,944 [INFO] [成功读取表 tuiding_data，数据行数：4622]
2025-12-12 17:57:12,944 [INFO] [开始读取数据库表：debit_data]
2025-12-12 17:57:14,864 [INFO] [成功读取表 debit_data，数据行数：26512]
2025-12-12 17:57:15,259 [INFO] [开始读取数据库表：sales_invoice_data]
2025-12-12 17:57:16,701 [INFO] [成功读取表 sales_invoice_data，数据行数：20656]
2025-12-12 18:27:04,788 [INFO] [数据库引擎创建成功]
2025-12-12 18:27:04,788 [INFO] [开始读取数据库表：order_data]
2025-12-12 18:27:06,824 [INFO] [成功读取表 order_data，数据行数：25551]
2025-12-12 18:27:07,189 [INFO] [开始读取数据库表：sales_data]
2025-12-12 18:27:14,165 [INFO] [成功读取表 sales_data，数据行数：22964]
2025-12-12 18:27:16,375 [INFO] [开始读取数据库表：jingpin_data]
2025-12-12 18:27:16,776 [INFO] [成功读取表 jingpin_data，数据行数：5194]
2025-12-12 18:27:16,851 [INFO] [开始读取数据库表：inventory_data]
2025-12-12 18:27:17,391 [INFO] [成功读取表 inventory_data，数据行数：5059]
2025-12-12 18:27:17,391 [INFO] [开始读取数据库表：tuiding_data]
2025-12-12 18:27:17,658 [INFO] [成功读取表 tuiding_data，数据行数：4622]
2025-12-12 18:27:17,659 [INFO] [开始读取数据库表：debit_data]
2025-12-12 18:27:19,947 [INFO] [成功读取表 debit_data，数据行数：26512]
2025-12-12 18:27:20,407 [INFO] [开始读取数据库表：sales_invoice_data]
2025-12-12 18:27:22,019 [INFO] [成功读取表 sales_invoice_data，数据行数：20660]
2025-12-12 18:57:07,636 [INFO] [数据库引擎创建成功]
2025-12-12 18:57:07,636 [INFO] [开始读取数据库表：order_data]
2025-12-12 18:57:09,712 [INFO] [成功读取表 order_data，数据行数：25557]
2025-12-12 18:57:10,077 [INFO] [开始读取数据库表：sales_data]
2025-12-12 18:57:17,201 [INFO] [成功读取表 sales_data，数据行数：22964]
2025-12-12 18:57:19,517 [INFO] [开始读取数据库表：jingpin_data]
2025-12-12 18:57:19,940 [INFO] [成功读取表 jingpin_data，数据行数：5194]
2025-12-12 18:57:20,028 [INFO] [开始读取数据库表：inventory_data]
2025-12-12 18:57:20,556 [INFO] [成功读取表 inventory_data，数据行数：5059]
2025-12-12 18:57:20,557 [INFO] [开始读取数据库表：tuiding_data]
2025-12-12 18:57:20,832 [INFO] [成功读取表 tuiding_data，数据行数：4623]
2025-12-12 18:57:20,832 [INFO] [开始读取数据库表：debit_data]
2025-12-12 18:57:23,090 [INFO] [成功读取表 debit_data，数据行数：26512]
2025-12-12 18:57:23,525 [INFO] [开始读取数据库表：sales_invoice_data]
2025-12-12 18:57:25,199 [INFO] [成功读取表 sales_invoice_data，数据行数：20660]
2025-12-12 19:27:47,346 [INFO] [数据库引擎创建成功]
2025-12-12 19:27:47,347 [INFO] [开始读取数据库表：order_data]
2025-12-12 19:27:49,290 [INFO] [成功读取表 order_data，数据行数：25558]
2025-12-12 19:27:49,667 [INFO] [开始读取数据库表：sales_data]
2025-12-12 19:27:56,545 [INFO] [成功读取表 sales_data，数据行数：22965]
2025-12-12 19:27:58,788 [INFO] [开始读取数据库表：jingpin_data]
2025-12-12 19:27:59,191 [INFO] [成功读取表 jingpin_data，数据行数：5194]
2025-12-12 19:27:59,268 [INFO] [开始读取数据库表：inventory_data]
2025-12-12 19:27:59,790 [INFO] [成功读取表 inventory_data，数据行数：5058]
2025-12-12 19:27:59,791 [INFO] [开始读取数据库表：tuiding_data]
2025-12-12 19:28:00,072 [INFO] [成功读取表 tuiding_data，数据行数：4623]
2025-12-12 19:28:00,072 [INFO] [开始读取数据库表：debit_data]
2025-12-12 19:28:02,276 [INFO] [成功读取表 debit_data，数据行数：26512]
2025-12-12 19:28:02,710 [INFO] [开始读取数据库表：sales_invoice_data]
2025-12-12 19:28:04,296 [INFO] [成功读取表 sales_invoice_data，数据行数：20661]
2025-12-12 19:56:59,721 [INFO] [数据库引擎创建成功]
2025-12-12 19:56:59,722 [INFO] [开始读取数据库表：order_data]
2025-12-12 19:57:01,708 [INFO] [成功读取表 order_data，数据行数：25559]
2025-12-12 19:57:02,067 [INFO] [开始读取数据库表：sales_data]
2025-12-12 19:57:09,064 [INFO] [成功读取表 sales_data，数据行数：22965]
2025-12-12 19:57:11,350 [INFO] [开始读取数据库表：jingpin_data]
2025-12-12 19:57:11,736 [INFO] [成功读取表 jingpin_data，数据行数：5194]
2025-12-12 19:57:11,814 [INFO] [开始读取数据库表：inventory_data]
2025-12-12 19:57:12,327 [INFO] [成功读取表 inventory_data，数据行数：5058]
2025-12-12 19:57:12,327 [INFO] [开始读取数据库表：tuiding_data]
2025-12-12 19:57:12,588 [INFO] [成功读取表 tuiding_data，数据行数：4623]
2025-12-12 19:57:12,588 [INFO] [开始读取数据库表：debit_data]
2025-12-12 19:57:14,849 [INFO] [成功读取表 debit_data，数据行数：26512]
2025-12-12 19:57:15,284 [INFO] [开始读取数据库表：sales_invoice_data]
2025-12-12 19:57:16,852 [INFO] [成功读取表 sales_invoice_data，数据行数：20661]
2025-12-12 20:26:50,594 [INFO] [数据库引擎创建成功]
2025-12-12 20:26:50,594 [INFO] [开始读取数据库表：order_data]
2025-12-12 20:26:52,590 [INFO] [成功读取表 order_data，数据行数：25559]
2025-12-12 20:26:52,957 [INFO] [开始读取数据库表：sales_data]
2025-12-12 20:26:59,909 [INFO] [成功读取表 sales_data，数据行数：22965]
2025-12-12 20:27:02,185 [INFO] [开始读取数据库表：jingpin_data]
2025-12-12 20:27:02,586 [INFO] [成功读取表 jingpin_data，数据行数：5194]
2025-12-12 20:27:02,672 [INFO] [开始读取数据库表：inventory_data]
2025-12-12 20:27:03,188 [INFO] [成功读取表 inventory_data，数据行数：5058]
2025-12-12 20:27:03,188 [INFO] [开始读取数据库表：tuiding_data]
2025-12-12 20:27:03,450 [INFO] [成功读取表 tuiding_data，数据行数：4623]
2025-12-12 20:27:03,450 [INFO] [开始读取数据库表：debit_data]
2025-12-12 20:27:05,769 [INFO] [成功读取表 debit_data，数据行数：26512]
2025-12-12 20:27:06,194 [INFO] [开始读取数据库表：sales_invoice_data]
2025-12-12 20:27:07,810 [INFO] [成功读取表 sales_invoice_data，数据行数：20661]
2025-12-12 20:56:55,164 [INFO] [数据库引擎创建成功]
2025-12-12 20:56:55,165 [INFO] [开始读取数据库表：order_data]
2025-12-12 20:56:57,205 [INFO] [成功读取表 order_data，数据行数：25559]
2025-12-12 20:56:57,595 [INFO] [开始读取数据库表：sales_data]
2025-12-12 20:57:04,673 [INFO] [成功读取表 sales_data，数据行数：22965]
2025-12-12 20:57:07,057 [INFO] [开始读取数据库表：jingpin_data]
2025-12-12 20:57:07,457 [INFO] [成功读取表 jingpin_data，数据行数：5194]
2025-12-12 20:57:07,539 [INFO] [开始读取数据库表：inventory_data]
2025-12-12 20:57:08,081 [INFO] [成功读取表 inventory_data，数据行数：5058]
2025-12-12 20:57:08,081 [INFO] [开始读取数据库表：tuiding_data]
2025-12-12 20:57:08,355 [INFO] [成功读取表 tuiding_data，数据行数：4623]
2025-12-12 20:57:08,355 [INFO] [开始读取数据库表：debit_data]
2025-12-12 20:57:10,661 [INFO] [成功读取表 debit_data，数据行数：26512]
2025-12-12 20:57:11,134 [INFO] [开始读取数据库表：sales_invoice_data]
2025-12-12 20:57:12,774 [INFO] [成功读取表 sales_invoice_data，数据行数：20661]
2025-12-12 21:27:14,663 [INFO] [数据库引擎创建成功]
2025-12-12 21:27:14,664 [INFO] [开始读取数据库表：order_data]
2025-12-12 21:27:16,697 [INFO] [成功读取表 order_data，数据行数：25559]
2025-12-12 21:27:17,062 [INFO] [开始读取数据库表：sales_data]
2025-12-12 21:27:23,977 [INFO] [成功读取表 sales_data，数据行数：22965]
2025-12-12 21:27:26,228 [INFO] [开始读取数据库表：jingpin_data]
2025-12-12 21:27:26,631 [INFO] [成功读取表 jingpin_data，数据行数：5194]
2025-12-12 21:27:26,718 [INFO] [开始读取数据库表：inventory_data]
2025-12-12 21:27:27,159 [INFO] [成功读取表 inventory_data，数据行数：4310]
2025-12-12 21:27:27,159 [INFO] [开始读取数据库表：tuiding_data]
2025-12-12 21:27:27,430 [INFO] [成功读取表 tuiding_data，数据行数：4623]
2025-12-12 21:27:27,430 [INFO] [开始读取数据库表：debit_data]
2025-12-12 21:27:29,662 [INFO] [成功读取表 debit_data，数据行数：26515]
2025-12-12 21:27:30,085 [INFO] [开始读取数据库表：sales_invoice_data]
2025-12-12 21:27:31,675 [INFO] [成功读取表 sales_invoice_data，数据行数：20661]
2025-12-12 21:56:56,376 [INFO] [数据库引擎创建成功]
2025-12-12 21:56:56,377 [INFO] [开始读取数据库表：order_data]
2025-12-12 21:56:58,396 [INFO] [成功读取表 order_data，数据行数：25560]
2025-12-12 21:56:58,783 [INFO] [开始读取数据库表：sales_data]
2025-12-12 21:57:05,775 [INFO] [成功读取表 sales_data，数据行数：22964]
2025-12-12 21:57:08,118 [INFO] [开始读取数据库表：jingpin_data]
2025-12-12 21:57:08,536 [INFO] [成功读取表 jingpin_data，数据行数：5194]
2025-12-12 21:57:08,622 [INFO] [开始读取数据库表：inventory_data]
2025-12-12 21:57:09,144 [INFO] [成功读取表 inventory_data，数据行数：5059]
2025-12-12 21:57:09,144 [INFO] [开始读取数据库表：tuiding_data]
2025-12-12 21:57:09,419 [INFO] [成功读取表 tuiding_data，数据行数：4623]
2025-12-12 21:57:09,419 [INFO] [开始读取数据库表：debit_data]
2025-12-12 21:57:11,735 [INFO] [成功读取表 debit_data，数据行数：26568]
2025-12-12 21:57:12,174 [INFO] [开始读取数据库表：sales_invoice_data]
2025-12-12 21:57:13,730 [INFO] [成功读取表 sales_invoice_data，数据行数：20661]
2025-12-12 22:26:51,717 [INFO] [数据库引擎创建成功]
2025-12-12 22:26:51,718 [INFO] [开始读取数据库表：order_data]
2025-12-12 22:26:53,672 [INFO] [成功读取表 order_data，数据行数：25561]
2025-12-12 22:26:54,038 [INFO] [开始读取数据库表：sales_data]
2025-12-12 22:27:00,893 [INFO] [成功读取表 sales_data，数据行数：22964]
2025-12-12 22:27:03,220 [INFO] [开始读取数据库表：jingpin_data]
2025-12-12 22:27:03,622 [INFO] [成功读取表 jingpin_data，数据行数：5194]
2025-12-12 22:27:03,698 [INFO] [开始读取数据库表：inventory_data]
2025-12-12 22:27:04,201 [INFO] [成功读取表 inventory_data，数据行数：5059]
2025-12-12 22:27:04,201 [INFO] [开始读取数据库表：tuiding_data]
2025-12-12 22:27:04,496 [INFO] [成功读取表 tuiding_data，数据行数：4623]
2025-12-12 22:27:04,496 [INFO] [开始读取数据库表：debit_data]
2025-12-12 22:27:06,737 [INFO] [成功读取表 debit_data，数据行数：26568]
2025-12-12 22:27:07,176 [INFO] [开始读取数据库表：sales_invoice_data]
2025-12-12 22:27:08,770 [INFO] [成功读取表 sales_invoice_data，数据行数：20661]
2025-12-12 22:56:55,966 [INFO] [数据库引擎创建成功]
2025-12-12 22:56:55,966 [INFO] [开始读取数据库表：order_data]
2025-12-12 22:56:58,074 [INFO] [成功读取表 order_data，数据行数：25569]
2025-12-12 22:56:58,448 [INFO] [开始读取数据库表：sales_data]
2025-12-12 22:57:05,539 [INFO] [成功读取表 sales_data，数据行数：22964]
2025-12-12 22:57:07,884 [INFO] [开始读取数据库表：jingpin_data]
2025-12-12 22:57:08,297 [INFO] [成功读取表 jingpin_data，数据行数：5194]
2025-12-12 22:57:08,375 [INFO] [开始读取数据库表：inventory_data]
2025-12-12 22:57:08,907 [INFO] [成功读取表 inventory_data，数据行数：5059]
2025-12-12 22:57:08,907 [INFO] [开始读取数据库表：tuiding_data]
2025-12-12 22:57:09,188 [INFO] [成功读取表 tuiding_data，数据行数：4623]
2025-12-12 22:57:09,189 [INFO] [开始读取数据库表：debit_data]
2025-12-12 22:57:11,490 [INFO] [成功读取表 debit_data，数据行数：26568]
2025-12-12 22:57:11,932 [INFO] [开始读取数据库表：sales_invoice_data]
2025-12-12 22:57:13,584 [INFO] [成功读取表 sales_invoice_data，数据行数：20661]
2025-12-12 23:26:50,527 [INFO] [数据库引擎创建成功]
2025-12-12 23:26:50,528 [INFO] [开始读取数据库表：order_data]
2025-12-12 23:26:52,505 [INFO] [成功读取表 order_data，数据行数：25569]
2025-12-12 23:26:52,880 [INFO] [开始读取数据库表：sales_data]
2025-12-12 23:26:59,867 [INFO] [成功读取表 sales_data，数据行数：22964]
2025-12-12 23:27:02,181 [INFO] [开始读取数据库表：jingpin_data]
2025-12-12 23:27:02,572 [INFO] [成功读取表 jingpin_data，数据行数：5194]
2025-12-12 23:27:02,650 [INFO] [开始读取数据库表：inventory_data]
2025-12-12 23:27:03,208 [INFO] [成功读取表 inventory_data，数据行数：5059]
2025-12-12 23:27:03,208 [INFO] [开始读取数据库表：tuiding_data]
2025-12-12 23:27:03,483 [INFO] [成功读取表 tuiding_data，数据行数：4623]
2025-12-12 23:27:03,483 [INFO] [开始读取数据库表：debit_data]
2025-12-12 23:27:05,774 [INFO] [成功读取表 debit_data，数据行数：26568]
2025-12-12 23:27:06,190 [INFO] [开始读取数据库表：sales_invoice_data]
2025-12-12 23:27:07,792 [INFO] [成功读取表 sales_invoice_data，数据行数：20661]
2025-12-12 23:56:47,194 [INFO] [数据库引擎创建成功]
2025-12-12 23:56:47,195 [INFO] [开始读取数据库表：order_data]
2025-12-12 23:56:49,221 [INFO] [成功读取表 order_data，数据行数：25569]
2025-12-12 23:56:49,634 [INFO] [开始读取数据库表：sales_data]
2025-12-12 23:56:56,455 [INFO] [成功读取表 sales_data，数据行数：22964]
2025-12-12 23:56:58,757 [INFO] [开始读取数据库表：jingpin_data]
2025-12-12 23:56:59,151 [INFO] [成功读取表 jingpin_data，数据行数：5194]
2025-12-12 23:56:59,234 [INFO] [开始读取数据库表：inventory_data]
2025-12-12 23:56:59,788 [INFO] [成功读取表 inventory_data，数据行数：5059]
2025-12-12 23:56:59,788 [INFO] [开始读取数据库表：tuiding_data]
2025-12-12 23:57:00,063 [INFO] [成功读取表 tuiding_data，数据行数：4623]
2025-12-12 23:57:00,064 [INFO] [开始读取数据库表：debit_data]
2025-12-12 23:57:02,289 [INFO] [成功读取表 debit_data，数据行数：26568]
2025-12-12 23:57:02,734 [INFO] [开始读取数据库表：sales_invoice_data]
2025-12-12 23:57:04,361 [INFO] [成功读取表 sales_invoice_data，数据行数：20661]
