2025-10-22 00:28:08,824 [INFO] [数据库引擎创建成功]
2025-10-22 00:28:08,824 [INFO] [开始读取数据库表：order_data]
2025-10-22 00:28:09,293 [INFO] [成功读取表 order_data，数据行数：18492]
2025-10-22 00:28:09,481 [INFO] [开始读取数据库表：sales_data]
2025-10-22 00:28:14,079 [INFO] [成功读取表 sales_data，数据行数：22452]
2025-10-22 00:28:16,415 [INFO] [开始读取数据库表：jingpin_data]
2025-10-22 00:28:16,670 [INFO] [成功读取表 jingpin_data，数据行数：4435]
2025-10-22 00:28:16,739 [INFO] [开始读取数据库表：inventory_data]
2025-10-22 00:28:17,575 [INFO] [成功读取表 inventory_data，数据行数：8026]
2025-10-22 00:28:17,575 [INFO] [开始读取数据库表：tuiding_data]
2025-10-22 00:28:17,766 [INFO] [成功读取表 tuiding_data，数据行数：3301]
2025-10-22 00:28:17,766 [INFO] [开始读取数据库表：debit_data]
2025-10-22 00:28:19,129 [INFO] [成功读取表 debit_data，数据行数：16363]
2025-10-22 00:28:19,577 [INFO] [开始读取数据库表：sales_invoice_data]
2025-10-22 00:28:22,007 [INFO] [成功读取表 sales_invoice_data，数据行数：16733]
2025-10-22 00:59:05,630 [INFO] [数据库引擎创建成功]
2025-10-22 00:59:05,630 [INFO] [开始读取数据库表：order_data]
2025-10-22 00:59:06,115 [INFO] [成功读取表 order_data，数据行数：18492]
2025-10-22 00:59:06,264 [INFO] [开始读取数据库表：sales_data]
2025-10-22 00:59:11,500 [INFO] [成功读取表 sales_data，数据行数：22452]
2025-10-22 00:59:13,766 [INFO] [开始读取数据库表：jingpin_data]
2025-10-22 00:59:14,018 [INFO] [成功读取表 jingpin_data，数据行数：4435]
2025-10-22 00:59:14,090 [INFO] [开始读取数据库表：inventory_data]
2025-10-22 00:59:14,930 [INFO] [成功读取表 inventory_data，数据行数：8026]
2025-10-22 00:59:14,930 [INFO] [开始读取数据库表：tuiding_data]
2025-10-22 00:59:15,141 [INFO] [成功读取表 tuiding_data，数据行数：3301]
2025-10-22 00:59:15,141 [INFO] [开始读取数据库表：debit_data]
2025-10-22 00:59:16,542 [INFO] [成功读取表 debit_data，数据行数：16363]
2025-10-22 00:59:16,988 [INFO] [开始读取数据库表：sales_invoice_data]
2025-10-22 00:59:18,281 [INFO] [成功读取表 sales_invoice_data，数据行数：16733]
2025-10-22 01:28:41,770 [INFO] [数据库引擎创建成功]
2025-10-22 01:28:41,770 [INFO] [开始读取数据库表：order_data]
2025-10-22 01:28:42,194 [INFO] [成功读取表 order_data，数据行数：18492]
2025-10-22 01:28:42,363 [INFO] [开始读取数据库表：sales_data]
2025-10-22 01:28:46,955 [INFO] [成功读取表 sales_data，数据行数：22452]
2025-10-22 01:28:48,866 [INFO] [开始读取数据库表：jingpin_data]
2025-10-22 01:28:49,056 [INFO] [成功读取表 jingpin_data，数据行数：4435]
2025-10-22 01:28:49,115 [INFO] [开始读取数据库表：inventory_data]
2025-10-22 01:28:49,794 [INFO] [成功读取表 inventory_data，数据行数：8026]
2025-10-22 01:28:49,794 [INFO] [开始读取数据库表：tuiding_data]
2025-10-22 01:28:49,948 [INFO] [成功读取表 tuiding_data，数据行数：3301]
2025-10-22 01:28:49,949 [INFO] [开始读取数据库表：debit_data]
2025-10-22 01:28:51,178 [INFO] [成功读取表 debit_data，数据行数：16363]
2025-10-22 01:28:51,631 [INFO] [开始读取数据库表：sales_invoice_data]
2025-10-22 01:28:54,022 [INFO] [成功读取表 sales_invoice_data，数据行数：16733]
2025-10-22 01:58:28,251 [INFO] [数据库引擎创建成功]
2025-10-22 01:58:28,251 [INFO] [开始读取数据库表：order_data]
2025-10-22 01:58:28,745 [INFO] [成功读取表 order_data，数据行数：18492]
2025-10-22 01:58:28,917 [INFO] [开始读取数据库表：sales_data]
2025-10-22 01:58:33,029 [INFO] [成功读取表 sales_data，数据行数：22452]
2025-10-22 01:58:35,321 [INFO] [开始读取数据库表：jingpin_data]
2025-10-22 01:58:35,572 [INFO] [成功读取表 jingpin_data，数据行数：4435]
2025-10-22 01:58:35,651 [INFO] [开始读取数据库表：inventory_data]
2025-10-22 01:58:36,479 [INFO] [成功读取表 inventory_data，数据行数：8026]
2025-10-22 01:58:36,479 [INFO] [开始读取数据库表：tuiding_data]
2025-10-22 01:58:36,659 [INFO] [成功读取表 tuiding_data，数据行数：3301]
2025-10-22 01:58:36,660 [INFO] [开始读取数据库表：debit_data]
2025-10-22 01:58:38,082 [INFO] [成功读取表 debit_data，数据行数：16363]
2025-10-22 01:58:38,517 [INFO] [开始读取数据库表：sales_invoice_data]
2025-10-22 01:58:41,128 [INFO] [成功读取表 sales_invoice_data，数据行数：16733]
2025-10-22 02:28:09,736 [INFO] [数据库引擎创建成功]
2025-10-22 02:28:09,736 [INFO] [开始读取数据库表：order_data]
2025-10-22 02:28:10,209 [INFO] [成功读取表 order_data，数据行数：18492]
2025-10-22 02:28:10,364 [INFO] [开始读取数据库表：sales_data]
2025-10-22 02:28:14,490 [INFO] [成功读取表 sales_data，数据行数：22452]
2025-10-22 02:28:16,776 [INFO] [开始读取数据库表：jingpin_data]
2025-10-22 02:28:17,040 [INFO] [成功读取表 jingpin_data，数据行数：4435]
2025-10-22 02:28:17,120 [INFO] [开始读取数据库表：inventory_data]
2025-10-22 02:28:18,005 [INFO] [成功读取表 inventory_data，数据行数：8026]
2025-10-22 02:28:18,006 [INFO] [开始读取数据库表：tuiding_data]
2025-10-22 02:28:18,223 [INFO] [成功读取表 tuiding_data，数据行数：3301]
2025-10-22 02:28:18,223 [INFO] [开始读取数据库表：debit_data]
2025-10-22 02:28:19,663 [INFO] [成功读取表 debit_data，数据行数：16363]
2025-10-22 02:28:20,104 [INFO] [开始读取数据库表：sales_invoice_data]
2025-10-22 02:28:21,395 [INFO] [成功读取表 sales_invoice_data，数据行数：16733]
2025-10-22 02:58:13,490 [INFO] [数据库引擎创建成功]
2025-10-22 02:58:13,491 [INFO] [开始读取数据库表：order_data]
2025-10-22 02:58:14,014 [INFO] [成功读取表 order_data，数据行数：18492]
2025-10-22 02:58:14,168 [INFO] [开始读取数据库表：sales_data]
2025-10-22 02:58:18,823 [INFO] [成功读取表 sales_data，数据行数：22452]
2025-10-22 02:58:21,008 [INFO] [开始读取数据库表：jingpin_data]
2025-10-22 02:58:21,241 [INFO] [成功读取表 jingpin_data，数据行数：4435]
2025-10-22 02:58:21,307 [INFO] [开始读取数据库表：inventory_data]
2025-10-22 02:58:22,147 [INFO] [成功读取表 inventory_data，数据行数：8026]
2025-10-22 02:58:22,147 [INFO] [开始读取数据库表：tuiding_data]
2025-10-22 02:58:22,330 [INFO] [成功读取表 tuiding_data，数据行数：3301]
2025-10-22 02:58:22,330 [INFO] [开始读取数据库表：debit_data]
2025-10-22 02:58:23,713 [INFO] [成功读取表 debit_data，数据行数：16363]
2025-10-22 02:58:24,152 [INFO] [开始读取数据库表：sales_invoice_data]
2025-10-22 02:58:25,376 [INFO] [成功读取表 sales_invoice_data，数据行数：16733]
2025-10-22 03:28:09,437 [INFO] [数据库引擎创建成功]
2025-10-22 03:28:09,437 [INFO] [开始读取数据库表：order_data]
2025-10-22 03:28:09,930 [INFO] [成功读取表 order_data，数据行数：18492]
2025-10-22 03:28:10,120 [INFO] [开始读取数据库表：sales_data]
2025-10-22 03:28:16,358 [INFO] [成功读取表 sales_data，数据行数：22452]
2025-10-22 03:28:18,658 [INFO] [开始读取数据库表：jingpin_data]
2025-10-22 03:28:18,902 [INFO] [成功读取表 jingpin_data，数据行数：4435]
2025-10-22 03:28:18,973 [INFO] [开始读取数据库表：inventory_data]
2025-10-22 03:28:19,831 [INFO] [成功读取表 inventory_data，数据行数：8026]
2025-10-22 03:28:19,831 [INFO] [开始读取数据库表：tuiding_data]
2025-10-22 03:28:20,018 [INFO] [成功读取表 tuiding_data，数据行数：3301]
2025-10-22 03:28:20,018 [INFO] [开始读取数据库表：debit_data]
2025-10-22 03:28:21,409 [INFO] [成功读取表 debit_data，数据行数：16363]
2025-10-22 03:28:21,860 [INFO] [开始读取数据库表：sales_invoice_data]
2025-10-22 03:28:23,161 [INFO] [成功读取表 sales_invoice_data，数据行数：16733]
2025-10-22 03:58:07,630 [INFO] [数据库引擎创建成功]
2025-10-22 03:58:07,630 [INFO] [开始读取数据库表：order_data]
2025-10-22 03:58:08,124 [INFO] [成功读取表 order_data，数据行数：18492]
2025-10-22 03:58:08,298 [INFO] [开始读取数据库表：sales_data]
2025-10-22 03:58:12,939 [INFO] [成功读取表 sales_data，数据行数：22452]
2025-10-22 03:58:16,621 [INFO] [开始读取数据库表：jingpin_data]
2025-10-22 03:58:16,854 [INFO] [成功读取表 jingpin_data，数据行数：4435]
2025-10-22 03:58:16,924 [INFO] [开始读取数据库表：inventory_data]
2025-10-22 03:58:17,759 [INFO] [成功读取表 inventory_data，数据行数：8026]
2025-10-22 03:58:17,759 [INFO] [开始读取数据库表：tuiding_data]
2025-10-22 03:58:17,946 [INFO] [成功读取表 tuiding_data，数据行数：3301]
2025-10-22 03:58:17,946 [INFO] [开始读取数据库表：debit_data]
2025-10-22 03:58:19,325 [INFO] [成功读取表 debit_data，数据行数：16363]
2025-10-22 03:58:19,768 [INFO] [开始读取数据库表：sales_invoice_data]
2025-10-22 03:58:21,026 [INFO] [成功读取表 sales_invoice_data，数据行数：16733]
2025-10-22 04:28:10,155 [INFO] [数据库引擎创建成功]
2025-10-22 04:28:10,156 [INFO] [开始读取数据库表：order_data]
2025-10-22 04:28:10,631 [INFO] [成功读取表 order_data，数据行数：18492]
2025-10-22 04:28:10,788 [INFO] [开始读取数据库表：sales_data]
2025-10-22 04:28:16,579 [INFO] [成功读取表 sales_data，数据行数：22452]
2025-10-22 04:28:18,799 [INFO] [开始读取数据库表：jingpin_data]
2025-10-22 04:28:19,074 [INFO] [成功读取表 jingpin_data，数据行数：4435]
2025-10-22 04:28:19,156 [INFO] [开始读取数据库表：inventory_data]
2025-10-22 04:28:20,022 [INFO] [成功读取表 inventory_data，数据行数：8026]
2025-10-22 04:28:20,022 [INFO] [开始读取数据库表：tuiding_data]
2025-10-22 04:28:20,210 [INFO] [成功读取表 tuiding_data，数据行数：3301]
2025-10-22 04:28:20,210 [INFO] [开始读取数据库表：debit_data]
2025-10-22 04:28:21,599 [INFO] [成功读取表 debit_data，数据行数：16363]
2025-10-22 04:28:22,037 [INFO] [开始读取数据库表：sales_invoice_data]
2025-10-22 04:28:23,269 [INFO] [成功读取表 sales_invoice_data，数据行数：16733]
2025-10-22 04:58:11,920 [INFO] [数据库引擎创建成功]
2025-10-22 04:58:11,920 [INFO] [开始读取数据库表：order_data]
2025-10-22 04:58:12,378 [INFO] [成功读取表 order_data，数据行数：18492]
2025-10-22 04:58:12,535 [INFO] [开始读取数据库表：sales_data]
2025-10-22 04:58:18,733 [INFO] [成功读取表 sales_data，数据行数：22452]
2025-10-22 04:58:20,996 [INFO] [开始读取数据库表：jingpin_data]
2025-10-22 04:58:21,245 [INFO] [成功读取表 jingpin_data，数据行数：4435]
2025-10-22 04:58:21,327 [INFO] [开始读取数据库表：inventory_data]
2025-10-22 04:58:22,178 [INFO] [成功读取表 inventory_data，数据行数：8026]
2025-10-22 04:58:22,178 [INFO] [开始读取数据库表：tuiding_data]
2025-10-22 04:58:22,390 [INFO] [成功读取表 tuiding_data，数据行数：3301]
2025-10-22 04:58:22,390 [INFO] [开始读取数据库表：debit_data]
2025-10-22 04:58:23,798 [INFO] [成功读取表 debit_data，数据行数：16363]
2025-10-22 04:58:24,233 [INFO] [开始读取数据库表：sales_invoice_data]
2025-10-22 04:58:25,512 [INFO] [成功读取表 sales_invoice_data，数据行数：16733]
2025-10-22 05:28:10,943 [INFO] [数据库引擎创建成功]
2025-10-22 05:28:10,944 [INFO] [开始读取数据库表：order_data]
2025-10-22 05:28:11,402 [INFO] [成功读取表 order_data，数据行数：18492]
2025-10-22 05:28:11,574 [INFO] [开始读取数据库表：sales_data]
2025-10-22 05:28:16,122 [INFO] [成功读取表 sales_data，数据行数：22452]
2025-10-22 05:28:19,247 [INFO] [开始读取数据库表：jingpin_data]
2025-10-22 05:28:19,518 [INFO] [成功读取表 jingpin_data，数据行数：4435]
2025-10-22 05:28:19,603 [INFO] [开始读取数据库表：inventory_data]
2025-10-22 05:28:20,429 [INFO] [成功读取表 inventory_data，数据行数：8026]
2025-10-22 05:28:20,430 [INFO] [开始读取数据库表：tuiding_data]
2025-10-22 05:28:20,636 [INFO] [成功读取表 tuiding_data，数据行数：3301]
2025-10-22 05:28:20,636 [INFO] [开始读取数据库表：debit_data]
2025-10-22 05:28:22,031 [INFO] [成功读取表 debit_data，数据行数：16363]
2025-10-22 05:28:22,487 [INFO] [开始读取数据库表：sales_invoice_data]
2025-10-22 05:28:23,769 [INFO] [成功读取表 sales_invoice_data，数据行数：16733]
2025-10-22 05:58:14,385 [INFO] [数据库引擎创建成功]
2025-10-22 05:58:14,386 [INFO] [开始读取数据库表：order_data]
2025-10-22 05:58:14,871 [INFO] [成功读取表 order_data，数据行数：18492]
2025-10-22 05:58:15,018 [INFO] [开始读取数据库表：sales_data]
2025-10-22 05:58:20,308 [INFO] [成功读取表 sales_data，数据行数：22452]
2025-10-22 05:58:22,590 [INFO] [开始读取数据库表：jingpin_data]
2025-10-22 05:58:22,840 [INFO] [成功读取表 jingpin_data，数据行数：4435]
2025-10-22 05:58:22,922 [INFO] [开始读取数据库表：inventory_data]
2025-10-22 05:58:23,784 [INFO] [成功读取表 inventory_data，数据行数：8026]
2025-10-22 05:58:23,784 [INFO] [开始读取数据库表：tuiding_data]
2025-10-22 05:58:23,963 [INFO] [成功读取表 tuiding_data，数据行数：3301]
2025-10-22 05:58:23,963 [INFO] [开始读取数据库表：debit_data]
2025-10-22 05:58:25,368 [INFO] [成功读取表 debit_data，数据行数：16363]
2025-10-22 05:58:25,835 [INFO] [开始读取数据库表：sales_invoice_data]
2025-10-22 05:58:27,086 [INFO] [成功读取表 sales_invoice_data，数据行数：16733]
2025-10-22 06:28:07,652 [INFO] [数据库引擎创建成功]
2025-10-22 06:28:07,653 [INFO] [开始读取数据库表：order_data]
2025-10-22 06:28:08,122 [INFO] [成功读取表 order_data，数据行数：18492]
2025-10-22 06:28:08,282 [INFO] [开始读取数据库表：sales_data]
2025-10-22 06:28:12,826 [INFO] [成功读取表 sales_data，数据行数：22452]
2025-10-22 06:28:15,120 [INFO] [开始读取数据库表：jingpin_data]
2025-10-22 06:28:15,373 [INFO] [成功读取表 jingpin_data，数据行数：4435]
2025-10-22 06:28:15,450 [INFO] [开始读取数据库表：inventory_data]
2025-10-22 06:28:16,305 [INFO] [成功读取表 inventory_data，数据行数：8026]
2025-10-22 06:28:16,305 [INFO] [开始读取数据库表：tuiding_data]
2025-10-22 06:28:16,498 [INFO] [成功读取表 tuiding_data，数据行数：3301]
2025-10-22 06:28:16,498 [INFO] [开始读取数据库表：debit_data]
2025-10-22 06:28:17,908 [INFO] [成功读取表 debit_data，数据行数：16363]
2025-10-22 06:28:18,356 [INFO] [开始读取数据库表：sales_invoice_data]
2025-10-22 06:28:20,574 [INFO] [成功读取表 sales_invoice_data，数据行数：16733]
2025-10-22 06:58:16,328 [INFO] [数据库引擎创建成功]
2025-10-22 06:58:16,328 [INFO] [开始读取数据库表：order_data]
2025-10-22 06:58:16,820 [INFO] [成功读取表 order_data，数据行数：18492]
2025-10-22 06:58:16,986 [INFO] [开始读取数据库表：sales_data]
2025-10-22 06:58:22,921 [INFO] [成功读取表 sales_data，数据行数：22452]
2025-10-22 06:58:25,390 [INFO] [开始读取数据库表：jingpin_data]
2025-10-22 06:58:25,651 [INFO] [成功读取表 jingpin_data，数据行数：4435]
2025-10-22 06:58:25,729 [INFO] [开始读取数据库表：inventory_data]
2025-10-22 06:58:26,556 [INFO] [成功读取表 inventory_data，数据行数：8026]
2025-10-22 06:58:26,557 [INFO] [开始读取数据库表：tuiding_data]
2025-10-22 06:58:26,756 [INFO] [成功读取表 tuiding_data，数据行数：3301]
2025-10-22 06:58:26,756 [INFO] [开始读取数据库表：debit_data]
2025-10-22 06:58:28,133 [INFO] [成功读取表 debit_data，数据行数：16363]
2025-10-22 06:58:28,573 [INFO] [开始读取数据库表：sales_invoice_data]
2025-10-22 06:58:29,872 [INFO] [成功读取表 sales_invoice_data，数据行数：16733]
2025-10-22 07:28:39,600 [INFO] [数据库引擎创建成功]
2025-10-22 07:28:39,600 [INFO] [开始读取数据库表：order_data]
2025-10-22 07:28:40,064 [INFO] [成功读取表 order_data，数据行数：18492]
2025-10-22 07:28:40,234 [INFO] [开始读取数据库表：sales_data]
2025-10-22 07:28:44,803 [INFO] [成功读取表 sales_data，数据行数：22452]
2025-10-22 07:28:47,120 [INFO] [开始读取数据库表：jingpin_data]
2025-10-22 07:28:47,381 [INFO] [成功读取表 jingpin_data，数据行数：4435]
2025-10-22 07:28:47,473 [INFO] [开始读取数据库表：inventory_data]
2025-10-22 07:28:48,377 [INFO] [成功读取表 inventory_data，数据行数：8026]
2025-10-22 07:28:48,377 [INFO] [开始读取数据库表：tuiding_data]
2025-10-22 07:28:48,585 [INFO] [成功读取表 tuiding_data，数据行数：3301]
2025-10-22 07:28:48,586 [INFO] [开始读取数据库表：debit_data]
2025-10-22 07:28:49,985 [INFO] [成功读取表 debit_data，数据行数：16363]
2025-10-22 07:28:50,453 [INFO] [开始读取数据库表：sales_invoice_data]
2025-10-22 07:28:52,791 [INFO] [成功读取表 sales_invoice_data，数据行数：16733]
2025-10-22 07:58:31,854 [INFO] [数据库引擎创建成功]
2025-10-22 07:58:31,854 [INFO] [开始读取数据库表：order_data]
2025-10-22 07:58:32,374 [INFO] [成功读取表 order_data，数据行数：18492]
2025-10-22 07:58:32,531 [INFO] [开始读取数据库表：sales_data]
2025-10-22 07:58:37,071 [INFO] [成功读取表 sales_data，数据行数：22452]
2025-10-22 07:58:40,386 [INFO] [开始读取数据库表：jingpin_data]
2025-10-22 07:58:40,646 [INFO] [成功读取表 jingpin_data，数据行数：4435]
2025-10-22 07:58:40,720 [INFO] [开始读取数据库表：inventory_data]
2025-10-22 07:58:41,581 [INFO] [成功读取表 inventory_data，数据行数：8026]
2025-10-22 07:58:41,581 [INFO] [开始读取数据库表：tuiding_data]
2025-10-22 07:58:41,787 [INFO] [成功读取表 tuiding_data，数据行数：3301]
2025-10-22 07:58:41,787 [INFO] [开始读取数据库表：debit_data]
2025-10-22 07:58:43,201 [INFO] [成功读取表 debit_data，数据行数：16363]
2025-10-22 07:58:43,654 [INFO] [开始读取数据库表：sales_invoice_data]
2025-10-22 07:58:44,935 [INFO] [成功读取表 sales_invoice_data，数据行数：16733]
2025-10-22 08:28:34,909 [INFO] [数据库引擎创建成功]
2025-10-22 08:28:34,909 [INFO] [开始读取数据库表：order_data]
2025-10-22 08:28:35,403 [INFO] [成功读取表 order_data，数据行数：18492]
2025-10-22 08:28:35,562 [INFO] [开始读取数据库表：sales_data]
2025-10-22 08:28:41,424 [INFO] [成功读取表 sales_data，数据行数：22452]
2025-10-22 08:28:43,739 [INFO] [开始读取数据库表：jingpin_data]
2025-10-22 08:28:43,995 [INFO] [成功读取表 jingpin_data，数据行数：4435]
2025-10-22 08:28:44,033 [INFO] [开始读取数据库表：inventory_data]
2025-10-22 08:28:44,893 [INFO] [成功读取表 inventory_data，数据行数：8026]
2025-10-22 08:28:44,893 [INFO] [开始读取数据库表：tuiding_data]
2025-10-22 08:28:45,085 [INFO] [成功读取表 tuiding_data，数据行数：3301]
2025-10-22 08:28:45,085 [INFO] [开始读取数据库表：debit_data]
2025-10-22 08:28:46,517 [INFO] [成功读取表 debit_data，数据行数：16363]
2025-10-22 08:28:46,877 [INFO] [开始读取数据库表：sales_invoice_data]
2025-10-22 08:28:48,115 [INFO] [成功读取表 sales_invoice_data，数据行数：16733]
2025-10-22 08:58:36,809 [INFO] [数据库引擎创建成功]
2025-10-22 08:58:36,810 [INFO] [开始读取数据库表：order_data]
2025-10-22 08:58:37,245 [INFO] [成功读取表 order_data，数据行数：18487]
2025-10-22 08:58:37,392 [INFO] [开始读取数据库表：sales_data]
2025-10-22 08:58:42,589 [INFO] [成功读取表 sales_data，数据行数：22452]
2025-10-22 08:58:44,856 [INFO] [开始读取数据库表：jingpin_data]
2025-10-22 08:58:45,093 [INFO] [成功读取表 jingpin_data，数据行数：4435]
2025-10-22 08:58:45,167 [INFO] [开始读取数据库表：inventory_data]
2025-10-22 08:58:46,006 [INFO] [成功读取表 inventory_data，数据行数：8026]
2025-10-22 08:58:46,015 [INFO] [开始读取数据库表：tuiding_data]
2025-10-22 08:58:46,216 [INFO] [成功读取表 tuiding_data，数据行数：3306]
2025-10-22 08:58:46,216 [INFO] [开始读取数据库表：debit_data]
2025-10-22 08:58:47,603 [INFO] [成功读取表 debit_data，数据行数：16363]
2025-10-22 08:58:48,048 [INFO] [开始读取数据库表：sales_invoice_data]
2025-10-22 08:58:49,323 [INFO] [成功读取表 sales_invoice_data，数据行数：16733]
2025-10-22 09:29:51,070 [INFO] [数据库引擎创建成功]
2025-10-22 09:29:51,071 [INFO] [开始读取数据库表：order_data]
2025-10-22 09:29:51,507 [INFO] [成功读取表 order_data，数据行数：18487]
2025-10-22 09:29:51,631 [INFO] [开始读取数据库表：sales_data]
2025-10-22 09:29:57,623 [INFO] [成功读取表 sales_data，数据行数：22452]
2025-10-22 09:29:59,936 [INFO] [开始读取数据库表：jingpin_data]
2025-10-22 09:30:00,108 [INFO] [成功读取表 jingpin_data，数据行数：4435]
2025-10-22 09:30:00,163 [INFO] [开始读取数据库表：inventory_data]
2025-10-22 09:30:00,822 [INFO] [成功读取表 inventory_data，数据行数：8026]
2025-10-22 09:30:00,822 [INFO] [开始读取数据库表：tuiding_data]
2025-10-22 09:30:00,959 [INFO] [成功读取表 tuiding_data，数据行数：3306]
2025-10-22 09:30:00,960 [INFO] [开始读取数据库表：debit_data]
2025-10-22 09:30:02,145 [INFO] [成功读取表 debit_data，数据行数：16363]
2025-10-22 09:30:02,580 [INFO] [开始读取数据库表：sales_invoice_data]
2025-10-22 09:30:03,918 [INFO] [成功读取表 sales_invoice_data，数据行数：16733]
2025-10-22 09:58:52,023 [INFO] [数据库引擎创建成功]
2025-10-22 09:58:52,023 [INFO] [开始读取数据库表：order_data]
2025-10-22 09:58:52,632 [INFO] [成功读取表 order_data，数据行数：18492]
2025-10-22 09:58:52,821 [INFO] [开始读取数据库表：sales_data]
2025-10-22 09:58:57,318 [INFO] [成功读取表 sales_data，数据行数：22452]
2025-10-22 09:58:59,206 [INFO] [开始读取数据库表：jingpin_data]
2025-10-22 09:58:59,434 [INFO] [成功读取表 jingpin_data，数据行数：4436]
2025-10-22 09:58:59,495 [INFO] [开始读取数据库表：inventory_data]
2025-10-22 09:59:00,447 [INFO] [成功读取表 inventory_data，数据行数：8027]
2025-10-22 09:59:00,447 [INFO] [开始读取数据库表：tuiding_data]
2025-10-22 09:59:00,944 [INFO] [成功读取表 tuiding_data，数据行数：3306]
2025-10-22 09:59:00,944 [INFO] [开始读取数据库表：debit_data]
2025-10-22 09:59:02,416 [INFO] [成功读取表 debit_data，数据行数：16363]
2025-10-22 09:59:02,838 [INFO] [开始读取数据库表：sales_invoice_data]
2025-10-22 09:59:04,022 [INFO] [成功读取表 sales_invoice_data，数据行数：16737]
2025-10-22 10:28:45,391 [INFO] [数据库引擎创建成功]
2025-10-22 10:28:45,391 [INFO] [开始读取数据库表：order_data]
2025-10-22 10:28:45,956 [INFO] [成功读取表 order_data，数据行数：18491]
2025-10-22 10:28:46,132 [INFO] [开始读取数据库表：sales_data]
2025-10-22 10:28:50,717 [INFO] [成功读取表 sales_data，数据行数：22453]
2025-10-22 10:28:53,127 [INFO] [开始读取数据库表：jingpin_data]
2025-10-22 10:28:53,431 [INFO] [成功读取表 jingpin_data，数据行数：4436]
2025-10-22 10:28:53,517 [INFO] [开始读取数据库表：inventory_data]
2025-10-22 10:28:54,475 [INFO] [成功读取表 inventory_data，数据行数：8027]
2025-10-22 10:28:54,475 [INFO] [开始读取数据库表：tuiding_data]
2025-10-22 10:28:54,684 [INFO] [成功读取表 tuiding_data，数据行数：3308]
2025-10-22 10:28:54,684 [INFO] [开始读取数据库表：debit_data]
2025-10-22 10:28:56,075 [INFO] [成功读取表 debit_data，数据行数：16363]
2025-10-22 10:28:56,522 [INFO] [开始读取数据库表：sales_invoice_data]
2025-10-22 10:28:57,767 [INFO] [成功读取表 sales_invoice_data，数据行数：16740]
2025-10-22 10:58:30,143 [INFO] [数据库引擎创建成功]
2025-10-22 10:58:30,143 [INFO] [开始读取数据库表：order_data]
2025-10-22 10:58:30,697 [INFO] [成功读取表 order_data，数据行数：18493]
2025-10-22 10:58:30,883 [INFO] [开始读取数据库表：sales_data]
2025-10-22 10:58:35,572 [INFO] [成功读取表 sales_data，数据行数：22453]
2025-10-22 10:58:37,690 [INFO] [开始读取数据库表：jingpin_data]
2025-10-22 10:58:37,936 [INFO] [成功读取表 jingpin_data，数据行数：4436]
2025-10-22 10:58:38,010 [INFO] [开始读取数据库表：inventory_data]
2025-10-22 10:58:38,834 [INFO] [成功读取表 inventory_data，数据行数：8027]
2025-10-22 10:58:38,834 [INFO] [开始读取数据库表：tuiding_data]
2025-10-22 10:58:39,022 [INFO] [成功读取表 tuiding_data，数据行数：3308]
2025-10-22 10:58:39,022 [INFO] [开始读取数据库表：debit_data]
2025-10-22 10:58:40,404 [INFO] [成功读取表 debit_data，数据行数：16363]
2025-10-22 10:58:40,827 [INFO] [开始读取数据库表：sales_invoice_data]
2025-10-22 10:58:42,157 [INFO] [成功读取表 sales_invoice_data，数据行数：16742]
2025-10-22 11:28:30,114 [INFO] [数据库引擎创建成功]
2025-10-22 11:28:30,114 [INFO] [开始读取数据库表：order_data]
2025-10-22 11:28:30,709 [INFO] [成功读取表 order_data，数据行数：18492]
2025-10-22 11:28:30,905 [INFO] [开始读取数据库表：sales_data]
2025-10-22 11:28:36,298 [INFO] [成功读取表 sales_data，数据行数：22454]
2025-10-22 11:28:38,742 [INFO] [开始读取数据库表：jingpin_data]
2025-10-22 11:28:39,015 [INFO] [成功读取表 jingpin_data，数据行数：4436]
2025-10-22 11:28:39,118 [INFO] [开始读取数据库表：inventory_data]
2025-10-22 11:28:40,042 [INFO] [成功读取表 inventory_data，数据行数：8027]
2025-10-22 11:28:40,042 [INFO] [开始读取数据库表：tuiding_data]
2025-10-22 11:28:40,281 [INFO] [成功读取表 tuiding_data，数据行数：3311]
2025-10-22 11:28:40,282 [INFO] [开始读取数据库表：debit_data]
2025-10-22 11:28:41,817 [INFO] [成功读取表 debit_data，数据行数：16363]
2025-10-22 11:28:42,266 [INFO] [开始读取数据库表：sales_invoice_data]
2025-10-22 11:28:43,524 [INFO] [成功读取表 sales_invoice_data，数据行数：16744]
2025-10-22 11:58:22,694 [INFO] [数据库引擎创建成功]
2025-10-22 11:58:22,694 [INFO] [开始读取数据库表：order_data]
2025-10-22 11:58:23,615 [INFO] [成功读取表 order_data，数据行数：18491]
2025-10-22 11:58:23,900 [INFO] [开始读取数据库表：sales_data]
2025-10-22 11:58:28,362 [INFO] [成功读取表 sales_data，数据行数：22478]
2025-10-22 11:58:30,024 [INFO] [开始读取数据库表：jingpin_data]
2025-10-22 11:58:30,209 [INFO] [成功读取表 jingpin_data，数据行数：4436]
2025-10-22 11:58:30,263 [INFO] [开始读取数据库表：inventory_data]
2025-10-22 11:58:30,926 [INFO] [成功读取表 inventory_data，数据行数：8027]
2025-10-22 11:58:30,927 [INFO] [开始读取数据库表：tuiding_data]
2025-10-22 11:58:31,075 [INFO] [成功读取表 tuiding_data，数据行数：3313]
2025-10-22 11:58:31,075 [INFO] [开始读取数据库表：debit_data]
2025-10-22 11:58:32,180 [INFO] [成功读取表 debit_data，数据行数：16364]
2025-10-22 11:58:32,542 [INFO] [开始读取数据库表：sales_invoice_data]
2025-10-22 11:58:33,529 [INFO] [成功读取表 sales_invoice_data，数据行数：16749]
2025-10-22 12:28:41,802 [INFO] [数据库引擎创建成功]
2025-10-22 12:28:41,802 [INFO] [开始读取数据库表：order_data]
2025-10-22 12:28:42,515 [INFO] [成功读取表 order_data，数据行数：18498]
2025-10-22 12:28:42,712 [INFO] [开始读取数据库表：sales_data]
2025-10-22 12:28:48,525 [INFO] [成功读取表 sales_data，数据行数：22481]
2025-10-22 12:28:50,653 [INFO] [开始读取数据库表：jingpin_data]
2025-10-22 12:28:50,912 [INFO] [成功读取表 jingpin_data，数据行数：4436]
2025-10-22 12:28:50,984 [INFO] [开始读取数据库表：inventory_data]
2025-10-22 12:28:51,829 [INFO] [成功读取表 inventory_data，数据行数：8077]
2025-10-22 12:28:51,829 [INFO] [开始读取数据库表：tuiding_data]
2025-10-22 12:28:52,012 [INFO] [成功读取表 tuiding_data，数据行数：3314]
2025-10-22 12:28:52,012 [INFO] [开始读取数据库表：debit_data]
2025-10-22 12:28:53,384 [INFO] [成功读取表 debit_data，数据行数：16399]
2025-10-22 12:28:53,799 [INFO] [开始读取数据库表：sales_invoice_data]
2025-10-22 12:28:55,093 [INFO] [成功读取表 sales_invoice_data，数据行数：16756]
2025-10-22 12:58:45,347 [INFO] [数据库引擎创建成功]
2025-10-22 12:58:45,347 [INFO] [开始读取数据库表：order_data]
2025-10-22 12:58:45,862 [INFO] [成功读取表 order_data，数据行数：18500]
2025-10-22 12:58:46,025 [INFO] [开始读取数据库表：sales_data]
2025-10-22 12:58:50,967 [INFO] [成功读取表 sales_data，数据行数：22488]
2025-10-22 12:58:53,319 [INFO] [开始读取数据库表：jingpin_data]
2025-10-22 12:58:53,581 [INFO] [成功读取表 jingpin_data，数据行数：4438]
2025-10-22 12:58:53,658 [INFO] [开始读取数据库表：inventory_data]
2025-10-22 12:58:54,570 [INFO] [成功读取表 inventory_data，数据行数：8083]
2025-10-22 12:58:54,570 [INFO] [开始读取数据库表：tuiding_data]
2025-10-22 12:58:54,772 [INFO] [成功读取表 tuiding_data，数据行数：3314]
2025-10-22 12:58:54,772 [INFO] [开始读取数据库表：debit_data]
2025-10-22 12:58:56,234 [INFO] [成功读取表 debit_data，数据行数：16403]
2025-10-22 12:58:56,704 [INFO] [开始读取数据库表：sales_invoice_data]
2025-10-22 12:58:58,058 [INFO] [成功读取表 sales_invoice_data，数据行数：16759]
2025-10-22 13:28:42,359 [INFO] [数据库引擎创建成功]
2025-10-22 13:28:42,359 [INFO] [开始读取数据库表：order_data]
2025-10-22 13:28:42,836 [INFO] [成功读取表 order_data，数据行数：18501]
2025-10-22 13:28:42,997 [INFO] [开始读取数据库表：sales_data]
2025-10-22 13:28:47,925 [INFO] [成功读取表 sales_data，数据行数：22494]
2025-10-22 13:28:50,292 [INFO] [开始读取数据库表：jingpin_data]
2025-10-22 13:28:50,572 [INFO] [成功读取表 jingpin_data，数据行数：4437]
2025-10-22 13:28:50,646 [INFO] [开始读取数据库表：inventory_data]
2025-10-22 13:28:51,524 [INFO] [成功读取表 inventory_data，数据行数：8083]
2025-10-22 13:28:51,524 [INFO] [开始读取数据库表：tuiding_data]
2025-10-22 13:28:51,741 [INFO] [成功读取表 tuiding_data，数据行数：3315]
2025-10-22 13:28:51,741 [INFO] [开始读取数据库表：debit_data]
2025-10-22 13:28:53,250 [INFO] [成功读取表 debit_data，数据行数：16403]
2025-10-22 13:28:53,724 [INFO] [开始读取数据库表：sales_invoice_data]
2025-10-22 13:28:55,070 [INFO] [成功读取表 sales_invoice_data，数据行数：16762]
2025-10-22 13:58:58,504 [INFO] [数据库引擎创建成功]
2025-10-22 13:58:58,504 [INFO] [开始读取数据库表：order_data]
2025-10-22 13:58:59,094 [INFO] [成功读取表 order_data，数据行数：18499]
2025-10-22 13:58:59,283 [INFO] [开始读取数据库表：sales_data]
2025-10-22 13:59:04,209 [INFO] [成功读取表 sales_data，数据行数：22503]
2025-10-22 13:59:06,350 [INFO] [开始读取数据库表：jingpin_data]
2025-10-22 13:59:06,620 [INFO] [成功读取表 jingpin_data，数据行数：4439]
2025-10-22 13:59:06,705 [INFO] [开始读取数据库表：inventory_data]
2025-10-22 13:59:07,566 [INFO] [成功读取表 inventory_data，数据行数：8085]
2025-10-22 13:59:07,566 [INFO] [开始读取数据库表：tuiding_data]
2025-10-22 13:59:07,759 [INFO] [成功读取表 tuiding_data，数据行数：3318]
2025-10-22 13:59:07,759 [INFO] [开始读取数据库表：debit_data]
2025-10-22 13:59:09,103 [INFO] [成功读取表 debit_data，数据行数：16405]
2025-10-22 13:59:09,524 [INFO] [开始读取数据库表：sales_invoice_data]
2025-10-22 13:59:10,750 [INFO] [成功读取表 sales_invoice_data，数据行数：16766]
2025-10-22 14:28:43,951 [INFO] [数据库引擎创建成功]
2025-10-22 14:28:43,951 [INFO] [开始读取数据库表：order_data]
2025-10-22 14:28:44,582 [INFO] [成功读取表 order_data，数据行数：18497]
2025-10-22 14:28:44,794 [INFO] [开始读取数据库表：sales_data]
2025-10-22 14:28:50,584 [INFO] [成功读取表 sales_data，数据行数：22515]
2025-10-22 14:28:52,882 [INFO] [开始读取数据库表：jingpin_data]
2025-10-22 14:28:53,131 [INFO] [成功读取表 jingpin_data，数据行数：4441]
2025-10-22 14:28:53,221 [INFO] [开始读取数据库表：inventory_data]
2025-10-22 14:28:54,180 [INFO] [成功读取表 inventory_data，数据行数：8086]
2025-10-22 14:28:54,180 [INFO] [开始读取数据库表：tuiding_data]
2025-10-22 14:28:54,393 [INFO] [成功读取表 tuiding_data，数据行数：3322]
2025-10-22 14:28:54,393 [INFO] [开始读取数据库表：debit_data]
2025-10-22 14:28:55,835 [INFO] [成功读取表 debit_data，数据行数：16405]
2025-10-22 14:28:56,281 [INFO] [开始读取数据库表：sales_invoice_data]
2025-10-22 14:28:57,659 [INFO] [成功读取表 sales_invoice_data，数据行数：16773]
2025-10-22 14:59:05,302 [INFO] [数据库引擎创建成功]
2025-10-22 14:59:05,302 [INFO] [开始读取数据库表：order_data]
2025-10-22 14:59:05,920 [INFO] [成功读取表 order_data，数据行数：18499]
2025-10-22 14:59:06,097 [INFO] [开始读取数据库表：sales_data]
2025-10-22 14:59:11,040 [INFO] [成功读取表 sales_data，数据行数：22518]
2025-10-22 14:59:13,202 [INFO] [开始读取数据库表：jingpin_data]
2025-10-22 14:59:13,459 [INFO] [成功读取表 jingpin_data，数据行数：4442]
2025-10-22 14:59:13,535 [INFO] [开始读取数据库表：inventory_data]
2025-10-22 14:59:14,363 [INFO] [成功读取表 inventory_data，数据行数：8086]
2025-10-22 14:59:14,363 [INFO] [开始读取数据库表：tuiding_data]
2025-10-22 14:59:14,594 [INFO] [成功读取表 tuiding_data，数据行数：3322]
2025-10-22 14:59:14,595 [INFO] [开始读取数据库表：debit_data]
2025-10-22 14:59:16,074 [INFO] [成功读取表 debit_data，数据行数：16405]
2025-10-22 14:59:16,494 [INFO] [开始读取数据库表：sales_invoice_data]
2025-10-22 14:59:17,730 [INFO] [成功读取表 sales_invoice_data，数据行数：16777]
2025-10-22 15:29:06,078 [INFO] [数据库引擎创建成功]
2025-10-22 15:29:06,079 [INFO] [开始读取数据库表：order_data]
2025-10-22 15:29:06,629 [INFO] [成功读取表 order_data，数据行数：18501]
2025-10-22 15:29:06,807 [INFO] [开始读取数据库表：sales_data]
2025-10-22 15:29:11,680 [INFO] [成功读取表 sales_data，数据行数：22518]
2025-10-22 15:29:13,857 [INFO] [开始读取数据库表：jingpin_data]
2025-10-22 15:29:14,128 [INFO] [成功读取表 jingpin_data，数据行数：4442]
2025-10-22 15:29:14,212 [INFO] [开始读取数据库表：inventory_data]
2025-10-22 15:29:15,113 [INFO] [成功读取表 inventory_data，数据行数：8086]
2025-10-22 15:29:15,113 [INFO] [开始读取数据库表：tuiding_data]
2025-10-22 15:29:15,328 [INFO] [成功读取表 tuiding_data，数据行数：3322]
2025-10-22 15:29:15,329 [INFO] [开始读取数据库表：debit_data]
2025-10-22 15:29:16,953 [INFO] [成功读取表 debit_data，数据行数：16405]
2025-10-22 15:29:17,404 [INFO] [开始读取数据库表：sales_invoice_data]
2025-10-22 15:29:18,764 [INFO] [成功读取表 sales_invoice_data，数据行数：16777]
2025-10-22 15:58:46,315 [INFO] [数据库引擎创建成功]
2025-10-22 15:58:46,316 [INFO] [开始读取数据库表：order_data]
2025-10-22 15:58:46,956 [INFO] [成功读取表 order_data，数据行数：18497]
2025-10-22 15:58:47,134 [INFO] [开始读取数据库表：sales_data]
2025-10-22 15:58:52,747 [INFO] [成功读取表 sales_data，数据行数：22532]
2025-10-22 15:58:54,892 [INFO] [开始读取数据库表：jingpin_data]
2025-10-22 15:58:55,134 [INFO] [成功读取表 jingpin_data，数据行数：4446]
2025-10-22 15:58:55,210 [INFO] [开始读取数据库表：inventory_data]
2025-10-22 15:58:56,053 [INFO] [成功读取表 inventory_data，数据行数：8086]
2025-10-22 15:58:56,053 [INFO] [开始读取数据库表：tuiding_data]
2025-10-22 15:58:56,249 [INFO] [成功读取表 tuiding_data，数据行数：3329]
2025-10-22 15:58:56,249 [INFO] [开始读取数据库表：debit_data]
2025-10-22 15:58:57,699 [INFO] [成功读取表 debit_data，数据行数：16405]
2025-10-22 15:58:58,106 [INFO] [开始读取数据库表：sales_invoice_data]
2025-10-22 15:58:59,368 [INFO] [成功读取表 sales_invoice_data，数据行数：16783]
2025-10-22 16:28:42,615 [INFO] [数据库引擎创建成功]
2025-10-22 16:28:42,616 [INFO] [开始读取数据库表：order_data]
2025-10-22 16:28:43,164 [INFO] [成功读取表 order_data，数据行数：18501]
2025-10-22 16:28:43,352 [INFO] [开始读取数据库表：sales_data]
2025-10-22 16:28:48,551 [INFO] [成功读取表 sales_data，数据行数：22536]
2025-10-22 16:28:50,902 [INFO] [开始读取数据库表：jingpin_data]
2025-10-22 16:28:51,154 [INFO] [成功读取表 jingpin_data，数据行数：4446]
2025-10-22 16:28:51,236 [INFO] [开始读取数据库表：inventory_data]
2025-10-22 16:28:52,079 [INFO] [成功读取表 inventory_data，数据行数：8087]
2025-10-22 16:28:52,079 [INFO] [开始读取数据库表：tuiding_data]
2025-10-22 16:28:52,269 [INFO] [成功读取表 tuiding_data，数据行数：3329]
2025-10-22 16:28:52,269 [INFO] [开始读取数据库表：debit_data]
2025-10-22 16:28:53,615 [INFO] [成功读取表 debit_data，数据行数：16406]
2025-10-22 16:28:54,039 [INFO] [开始读取数据库表：sales_invoice_data]
2025-10-22 16:28:55,375 [INFO] [成功读取表 sales_invoice_data，数据行数：16788]
2025-10-22 16:58:53,205 [INFO] [数据库引擎创建成功]
2025-10-22 16:58:53,205 [INFO] [开始读取数据库表：order_data]
2025-10-22 16:58:53,836 [INFO] [成功读取表 order_data，数据行数：18503]
2025-10-22 16:58:54,020 [INFO] [开始读取数据库表：sales_data]
2025-10-22 16:58:58,446 [INFO] [成功读取表 sales_data，数据行数：22547]
2025-10-22 16:59:00,664 [INFO] [开始读取数据库表：jingpin_data]
2025-10-22 16:59:00,915 [INFO] [成功读取表 jingpin_data，数据行数：4447]
2025-10-22 16:59:00,996 [INFO] [开始读取数据库表：inventory_data]
2025-10-22 16:59:01,879 [INFO] [成功读取表 inventory_data，数据行数：8088]
2025-10-22 16:59:01,879 [INFO] [开始读取数据库表：tuiding_data]
2025-10-22 16:59:02,065 [INFO] [成功读取表 tuiding_data，数据行数：3329]
2025-10-22 16:59:02,065 [INFO] [开始读取数据库表：debit_data]
2025-10-22 16:59:03,421 [INFO] [成功读取表 debit_data，数据行数：16408]
2025-10-22 16:59:03,875 [INFO] [开始读取数据库表：sales_invoice_data]
2025-10-22 16:59:05,195 [INFO] [成功读取表 sales_invoice_data，数据行数：16790]
2025-10-22 17:29:12,628 [INFO] [数据库引擎创建成功]
2025-10-22 17:29:12,628 [INFO] [开始读取数据库表：order_data]
2025-10-22 17:29:13,246 [INFO] [成功读取表 order_data，数据行数：18505]
2025-10-22 17:29:13,457 [INFO] [开始读取数据库表：sales_data]
2025-10-22 17:29:20,419 [INFO] [成功读取表 sales_data，数据行数：22549]
2025-10-22 17:29:22,665 [INFO] [开始读取数据库表：jingpin_data]
2025-10-22 17:29:22,907 [INFO] [成功读取表 jingpin_data，数据行数：4448]
2025-10-22 17:29:22,979 [INFO] [开始读取数据库表：inventory_data]
2025-10-22 17:29:23,820 [INFO] [成功读取表 inventory_data，数据行数：8088]
2025-10-22 17:29:23,820 [INFO] [开始读取数据库表：tuiding_data]
2025-10-22 17:29:24,001 [INFO] [成功读取表 tuiding_data，数据行数：3330]
2025-10-22 17:29:24,002 [INFO] [开始读取数据库表：debit_data]
2025-10-22 17:29:25,394 [INFO] [成功读取表 debit_data，数据行数：16408]
2025-10-22 17:29:25,823 [INFO] [开始读取数据库表：sales_invoice_data]
2025-10-22 17:29:27,088 [INFO] [成功读取表 sales_invoice_data，数据行数：16793]
2025-10-22 17:59:00,474 [INFO] [数据库引擎创建成功]
2025-10-22 17:59:00,474 [INFO] [开始读取数据库表：order_data]
2025-10-22 17:59:01,076 [INFO] [成功读取表 order_data，数据行数：18510]
2025-10-22 17:59:01,268 [INFO] [开始读取数据库表：sales_data]
2025-10-22 17:59:06,532 [INFO] [成功读取表 sales_data，数据行数：22562]
2025-10-22 17:59:08,722 [INFO] [开始读取数据库表：jingpin_data]
2025-10-22 17:59:08,963 [INFO] [成功读取表 jingpin_data，数据行数：4464]
2025-10-22 17:59:09,038 [INFO] [开始读取数据库表：inventory_data]
2025-10-22 17:59:09,878 [INFO] [成功读取表 inventory_data，数据行数：8089]
2025-10-22 17:59:09,878 [INFO] [开始读取数据库表：tuiding_data]
2025-10-22 17:59:10,076 [INFO] [成功读取表 tuiding_data，数据行数：3330]
2025-10-22 17:59:10,076 [INFO] [开始读取数据库表：debit_data]
2025-10-22 17:59:11,461 [INFO] [成功读取表 debit_data，数据行数：16410]
2025-10-22 17:59:11,887 [INFO] [开始读取数据库表：sales_invoice_data]
2025-10-22 17:59:13,161 [INFO] [成功读取表 sales_invoice_data，数据行数：16798]
2025-10-22 18:28:26,561 [INFO] [数据库引擎创建成功]
2025-10-22 18:28:26,562 [INFO] [开始读取数据库表：order_data]
2025-10-22 18:28:27,036 [INFO] [成功读取表 order_data，数据行数：18508]
2025-10-22 18:28:27,206 [INFO] [开始读取数据库表：sales_data]
2025-10-22 18:28:31,763 [INFO] [成功读取表 sales_data，数据行数：22565]
2025-10-22 18:28:33,991 [INFO] [开始读取数据库表：jingpin_data]
2025-10-22 18:28:34,229 [INFO] [成功读取表 jingpin_data，数据行数：4465]
2025-10-22 18:28:34,303 [INFO] [开始读取数据库表：inventory_data]
2025-10-22 18:28:35,136 [INFO] [成功读取表 inventory_data，数据行数：8089]
2025-10-22 18:28:35,136 [INFO] [开始读取数据库表：tuiding_data]
2025-10-22 18:28:35,338 [INFO] [成功读取表 tuiding_data，数据行数：3338]
2025-10-22 18:28:35,338 [INFO] [开始读取数据库表：debit_data]
2025-10-22 18:28:36,712 [INFO] [成功读取表 debit_data，数据行数：16410]
2025-10-22 18:28:37,143 [INFO] [开始读取数据库表：sales_invoice_data]
2025-10-22 18:28:38,436 [INFO] [成功读取表 sales_invoice_data，数据行数：16803]
2025-10-22 18:58:40,357 [INFO] [数据库引擎创建成功]
2025-10-22 18:58:40,357 [INFO] [开始读取数据库表：order_data]
2025-10-22 18:58:40,935 [INFO] [成功读取表 order_data，数据行数：18508]
2025-10-22 18:58:41,109 [INFO] [开始读取数据库表：sales_data]
2025-10-22 18:58:46,118 [INFO] [成功读取表 sales_data，数据行数：22576]
2025-10-22 18:58:48,355 [INFO] [开始读取数据库表：jingpin_data]
2025-10-22 18:58:48,600 [INFO] [成功读取表 jingpin_data，数据行数：4470]
2025-10-22 18:58:48,674 [INFO] [开始读取数据库表：inventory_data]
2025-10-22 18:58:49,543 [INFO] [成功读取表 inventory_data，数据行数：8089]
2025-10-22 18:58:49,543 [INFO] [开始读取数据库表：tuiding_data]
2025-10-22 18:58:49,747 [INFO] [成功读取表 tuiding_data，数据行数：3338]
2025-10-22 18:58:49,747 [INFO] [开始读取数据库表：debit_data]
2025-10-22 18:58:51,136 [INFO] [成功读取表 debit_data，数据行数：16410]
2025-10-22 18:58:51,567 [INFO] [开始读取数据库表：sales_invoice_data]
2025-10-22 18:58:52,830 [INFO] [成功读取表 sales_invoice_data，数据行数：16803]
2025-10-22 19:28:35,600 [INFO] [数据库引擎创建成功]
2025-10-22 19:28:35,600 [INFO] [开始读取数据库表：order_data]
2025-10-22 19:28:36,060 [INFO] [成功读取表 order_data，数据行数：18509]
2025-10-22 19:28:36,217 [INFO] [开始读取数据库表：sales_data]
2025-10-22 19:28:40,820 [INFO] [成功读取表 sales_data，数据行数：22576]
2025-10-22 19:28:43,017 [INFO] [开始读取数据库表：jingpin_data]
2025-10-22 19:28:43,279 [INFO] [成功读取表 jingpin_data，数据行数：4470]
2025-10-22 19:28:43,361 [INFO] [开始读取数据库表：inventory_data]
2025-10-22 19:28:44,223 [INFO] [成功读取表 inventory_data，数据行数：8089]
2025-10-22 19:28:44,223 [INFO] [开始读取数据库表：tuiding_data]
2025-10-22 19:28:44,413 [INFO] [成功读取表 tuiding_data，数据行数：3338]
2025-10-22 19:28:44,414 [INFO] [开始读取数据库表：debit_data]
2025-10-22 19:28:45,788 [INFO] [成功读取表 debit_data，数据行数：16410]
2025-10-22 19:28:46,222 [INFO] [开始读取数据库表：sales_invoice_data]
2025-10-22 19:28:47,501 [INFO] [成功读取表 sales_invoice_data，数据行数：16804]
2025-10-22 19:58:34,772 [INFO] [数据库引擎创建成功]
2025-10-22 19:58:34,772 [INFO] [开始读取数据库表：order_data]
2025-10-22 19:58:35,237 [INFO] [成功读取表 order_data，数据行数：18509]
2025-10-22 19:58:35,385 [INFO] [开始读取数据库表：sales_data]
2025-10-22 19:58:40,031 [INFO] [成功读取表 sales_data，数据行数：22576]
2025-10-22 19:58:42,255 [INFO] [开始读取数据库表：jingpin_data]
2025-10-22 19:58:42,503 [INFO] [成功读取表 jingpin_data，数据行数：4470]
2025-10-22 19:58:42,577 [INFO] [开始读取数据库表：inventory_data]
2025-10-22 19:58:43,426 [INFO] [成功读取表 inventory_data，数据行数：8089]
2025-10-22 19:58:43,426 [INFO] [开始读取数据库表：tuiding_data]
2025-10-22 19:58:43,614 [INFO] [成功读取表 tuiding_data，数据行数：3338]
2025-10-22 19:58:43,614 [INFO] [开始读取数据库表：debit_data]
2025-10-22 19:58:45,024 [INFO] [成功读取表 debit_data，数据行数：16410]
2025-10-22 19:58:45,495 [INFO] [开始读取数据库表：sales_invoice_data]
2025-10-22 19:58:46,774 [INFO] [成功读取表 sales_invoice_data，数据行数：16804]
2025-10-22 20:28:55,350 [INFO] [数据库引擎创建成功]
2025-10-22 20:28:55,350 [INFO] [开始读取数据库表：order_data]
2025-10-22 20:28:55,836 [INFO] [成功读取表 order_data，数据行数：18510]
2025-10-22 20:28:55,997 [INFO] [开始读取数据库表：sales_data]
2025-10-22 20:29:00,349 [INFO] [成功读取表 sales_data，数据行数：22576]
2025-10-22 20:29:02,593 [INFO] [开始读取数据库表：jingpin_data]
2025-10-22 20:29:02,837 [INFO] [成功读取表 jingpin_data，数据行数：4470]
2025-10-22 20:29:02,919 [INFO] [开始读取数据库表：inventory_data]
2025-10-22 20:29:03,777 [INFO] [成功读取表 inventory_data，数据行数：8089]
2025-10-22 20:29:03,777 [INFO] [开始读取数据库表：tuiding_data]
2025-10-22 20:29:03,972 [INFO] [成功读取表 tuiding_data，数据行数：3338]
2025-10-22 20:29:03,972 [INFO] [开始读取数据库表：debit_data]
2025-10-22 20:29:05,385 [INFO] [成功读取表 debit_data，数据行数：16410]
2025-10-22 20:29:05,812 [INFO] [开始读取数据库表：sales_invoice_data]
2025-10-22 20:29:07,072 [INFO] [成功读取表 sales_invoice_data，数据行数：16805]
2025-10-22 20:58:48,426 [INFO] [数据库引擎创建成功]
2025-10-22 20:58:48,427 [INFO] [开始读取数据库表：order_data]
2025-10-22 20:58:48,910 [INFO] [成功读取表 order_data，数据行数：18512]
2025-10-22 20:58:49,062 [INFO] [开始读取数据库表：sales_data]
2025-10-22 20:58:53,743 [INFO] [成功读取表 sales_data，数据行数：22576]
2025-10-22 20:58:55,961 [INFO] [开始读取数据库表：jingpin_data]
2025-10-22 20:58:56,206 [INFO] [成功读取表 jingpin_data，数据行数：4470]
2025-10-22 20:58:56,275 [INFO] [开始读取数据库表：inventory_data]
2025-10-22 20:58:57,151 [INFO] [成功读取表 inventory_data，数据行数：8089]
2025-10-22 20:58:57,151 [INFO] [开始读取数据库表：tuiding_data]
2025-10-22 20:58:57,341 [INFO] [成功读取表 tuiding_data，数据行数：3338]
2025-10-22 20:58:57,341 [INFO] [开始读取数据库表：debit_data]
2025-10-22 20:58:58,704 [INFO] [成功读取表 debit_data，数据行数：16410]
2025-10-22 20:58:59,135 [INFO] [开始读取数据库表：sales_invoice_data]
2025-10-22 20:59:00,394 [INFO] [成功读取表 sales_invoice_data，数据行数：16807]
2025-10-22 21:28:35,559 [INFO] [数据库引擎创建成功]
2025-10-22 21:28:35,559 [INFO] [开始读取数据库表：order_data]
2025-10-22 21:28:36,043 [INFO] [成功读取表 order_data，数据行数：18512]
2025-10-22 21:28:36,205 [INFO] [开始读取数据库表：sales_data]
2025-10-22 21:28:40,765 [INFO] [成功读取表 sales_data，数据行数：22576]
2025-10-22 21:28:42,944 [INFO] [开始读取数据库表：jingpin_data]
2025-10-22 21:28:43,185 [INFO] [成功读取表 jingpin_data，数据行数：4470]
2025-10-22 21:28:43,255 [INFO] [开始读取数据库表：inventory_data]
2025-10-22 21:28:44,112 [INFO] [成功读取表 inventory_data，数据行数：8089]
2025-10-22 21:28:44,112 [INFO] [开始读取数据库表：tuiding_data]
2025-10-22 21:28:44,298 [INFO] [成功读取表 tuiding_data，数据行数：3338]
2025-10-22 21:28:44,298 [INFO] [开始读取数据库表：debit_data]
2025-10-22 21:28:45,720 [INFO] [成功读取表 debit_data，数据行数：16441]
2025-10-22 21:28:46,167 [INFO] [开始读取数据库表：sales_invoice_data]
2025-10-22 21:28:47,442 [INFO] [成功读取表 sales_invoice_data，数据行数：16807]
2025-10-22 21:58:39,191 [INFO] [数据库引擎创建成功]
2025-10-22 21:58:39,191 [INFO] [开始读取数据库表：order_data]
2025-10-22 21:58:39,718 [INFO] [成功读取表 order_data，数据行数：18512]
2025-10-22 21:58:39,863 [INFO] [开始读取数据库表：sales_data]
2025-10-22 21:58:44,598 [INFO] [成功读取表 sales_data，数据行数：22576]
2025-10-22 21:58:46,783 [INFO] [开始读取数据库表：jingpin_data]
2025-10-22 21:58:47,032 [INFO] [成功读取表 jingpin_data，数据行数：4470]
2025-10-22 21:58:47,104 [INFO] [开始读取数据库表：inventory_data]
2025-10-22 21:58:47,956 [INFO] [成功读取表 inventory_data，数据行数：8146]
2025-10-22 21:58:47,956 [INFO] [开始读取数据库表：tuiding_data]
2025-10-22 21:58:48,141 [INFO] [成功读取表 tuiding_data，数据行数：3338]
2025-10-22 21:58:48,142 [INFO] [开始读取数据库表：debit_data]
2025-10-22 21:58:49,548 [INFO] [成功读取表 debit_data，数据行数：16472]
2025-10-22 21:58:49,969 [INFO] [开始读取数据库表：sales_invoice_data]
2025-10-22 21:58:51,251 [INFO] [成功读取表 sales_invoice_data，数据行数：16807]
2025-10-22 22:28:33,428 [INFO] [数据库引擎创建成功]
2025-10-22 22:28:33,428 [INFO] [开始读取数据库表：order_data]
2025-10-22 22:28:33,953 [INFO] [成功读取表 order_data，数据行数：18512]
2025-10-22 22:28:34,107 [INFO] [开始读取数据库表：sales_data]
2025-10-22 22:28:38,686 [INFO] [成功读取表 sales_data，数据行数：22576]
2025-10-22 22:28:40,927 [INFO] [开始读取数据库表：jingpin_data]
2025-10-22 22:28:41,193 [INFO] [成功读取表 jingpin_data，数据行数：4470]
2025-10-22 22:28:41,267 [INFO] [开始读取数据库表：inventory_data]
2025-10-22 22:28:42,148 [INFO] [成功读取表 inventory_data，数据行数：8146]
2025-10-22 22:28:42,149 [INFO] [开始读取数据库表：tuiding_data]
2025-10-22 22:28:42,342 [INFO] [成功读取表 tuiding_data，数据行数：3338]
2025-10-22 22:28:42,342 [INFO] [开始读取数据库表：debit_data]
2025-10-22 22:28:43,737 [INFO] [成功读取表 debit_data，数据行数：16472]
2025-10-22 22:28:44,171 [INFO] [开始读取数据库表：sales_invoice_data]
2025-10-22 22:28:45,494 [INFO] [成功读取表 sales_invoice_data，数据行数：16807]
2025-10-22 22:58:35,189 [INFO] [数据库引擎创建成功]
2025-10-22 22:58:35,190 [INFO] [开始读取数据库表：order_data]
2025-10-22 22:58:35,551 [INFO] [成功读取表 order_data，数据行数：18512]
2025-10-22 22:58:35,676 [INFO] [开始读取数据库表：sales_data]
2025-10-22 22:58:38,807 [INFO] [成功读取表 sales_data，数据行数：22576]
2025-10-22 22:58:41,104 [INFO] [开始读取数据库表：jingpin_data]
2025-10-22 22:58:41,356 [INFO] [成功读取表 jingpin_data，数据行数：4470]
2025-10-22 22:58:41,438 [INFO] [开始读取数据库表：inventory_data]
2025-10-22 22:58:42,313 [INFO] [成功读取表 inventory_data，数据行数：8146]
2025-10-22 22:58:42,313 [INFO] [开始读取数据库表：tuiding_data]
2025-10-22 22:58:42,499 [INFO] [成功读取表 tuiding_data，数据行数：3338]
2025-10-22 22:58:42,500 [INFO] [开始读取数据库表：debit_data]
2025-10-22 22:58:43,937 [INFO] [成功读取表 debit_data，数据行数：16472]
2025-10-22 22:58:44,360 [INFO] [开始读取数据库表：sales_invoice_data]
2025-10-22 22:58:45,630 [INFO] [成功读取表 sales_invoice_data，数据行数：16807]
2025-10-22 23:28:50,935 [INFO] [数据库引擎创建成功]
2025-10-22 23:28:50,935 [INFO] [开始读取数据库表：order_data]
2025-10-22 23:28:51,358 [INFO] [成功读取表 order_data，数据行数：18512]
2025-10-22 23:28:51,517 [INFO] [开始读取数据库表：sales_data]
2025-10-22 23:28:55,768 [INFO] [成功读取表 sales_data，数据行数：22576]
2025-10-22 23:28:58,021 [INFO] [开始读取数据库表：jingpin_data]
2025-10-22 23:28:58,271 [INFO] [成功读取表 jingpin_data，数据行数：4470]
2025-10-22 23:28:58,364 [INFO] [开始读取数据库表：inventory_data]
2025-10-22 23:28:59,213 [INFO] [成功读取表 inventory_data，数据行数：8146]
2025-10-22 23:28:59,213 [INFO] [开始读取数据库表：tuiding_data]
2025-10-22 23:28:59,414 [INFO] [成功读取表 tuiding_data，数据行数：3338]
2025-10-22 23:28:59,415 [INFO] [开始读取数据库表：debit_data]
2025-10-22 23:29:00,809 [INFO] [成功读取表 debit_data，数据行数：16472]
2025-10-22 23:29:01,241 [INFO] [开始读取数据库表：sales_invoice_data]
2025-10-22 23:29:02,511 [INFO] [成功读取表 sales_invoice_data，数据行数：16807]
2025-10-22 23:58:48,727 [INFO] [数据库引擎创建成功]
2025-10-22 23:58:48,727 [INFO] [开始读取数据库表：order_data]
2025-10-22 23:58:49,243 [INFO] [成功读取表 order_data，数据行数：18512]
2025-10-22 23:58:49,408 [INFO] [开始读取数据库表：sales_data]
2025-10-22 23:58:53,917 [INFO] [成功读取表 sales_data，数据行数：22576]
2025-10-22 23:58:56,134 [INFO] [开始读取数据库表：jingpin_data]
2025-10-22 23:58:56,387 [INFO] [成功读取表 jingpin_data，数据行数：4470]
2025-10-22 23:58:56,463 [INFO] [开始读取数据库表：inventory_data]
2025-10-22 23:58:57,334 [INFO] [成功读取表 inventory_data，数据行数：8146]
2025-10-22 23:58:57,334 [INFO] [开始读取数据库表：tuiding_data]
2025-10-22 23:58:57,531 [INFO] [成功读取表 tuiding_data，数据行数：3338]
2025-10-22 23:58:57,531 [INFO] [开始读取数据库表：debit_data]
2025-10-22 23:58:58,919 [INFO] [成功读取表 debit_data，数据行数：16472]
2025-10-22 23:58:59,345 [INFO] [开始读取数据库表：sales_invoice_data]
2025-10-22 23:59:00,615 [INFO] [成功读取表 sales_invoice_data，数据行数：16807]
