2025-12-03 08:55:36,533 [INFO] [数据库引擎创建成功]
2025-12-03 08:55:36,533 [INFO] [开始读取数据库表：order_data]
2025-12-03 08:55:37,839 [INFO] [成功读取表 order_data，数据行数：24569]
2025-12-03 08:55:38,160 [INFO] [开始读取数据库表：sales_data]
2025-12-03 08:55:43,519 [INFO] [成功读取表 sales_data，数据行数：26964]
2025-12-03 08:55:45,314 [INFO] [开始读取数据库表：jingpin_data]
2025-12-03 08:55:45,553 [INFO] [成功读取表 jingpin_data，数据行数：4846]
2025-12-03 08:55:45,638 [INFO] [开始读取数据库表：inventory_data]
2025-12-03 08:55:46,075 [INFO] [成功读取表 inventory_data，数据行数：6026]
2025-12-03 08:55:46,075 [INFO] [开始读取数据库表：tuiding_data]
2025-12-03 08:55:46,268 [INFO] [成功读取表 tuiding_data，数据行数：4442]
2025-12-03 08:55:46,268 [INFO] [开始读取数据库表：debit_data]
2025-12-03 08:55:47,968 [INFO] [成功读取表 debit_data，数据行数：26354]
2025-12-03 08:55:48,329 [INFO] [开始读取数据库表：sales_invoice_data]
2025-12-03 08:55:49,360 [INFO] [成功读取表 sales_invoice_data，数据行数：19554]
2025-12-03 09:30:03,470 [INFO] [数据库引擎创建成功]
2025-12-03 09:30:03,470 [INFO] [开始读取数据库表：order_data]
2025-12-03 09:30:05,273 [INFO] [成功读取表 order_data，数据行数：24571]
2025-12-03 09:30:05,605 [INFO] [开始读取数据库表：sales_data]
2025-12-03 09:30:11,912 [INFO] [成功读取表 sales_data，数据行数：26965]
2025-12-03 09:30:13,951 [INFO] [开始读取数据库表：jingpin_data]
2025-12-03 09:30:14,239 [INFO] [成功读取表 jingpin_data，数据行数：4850]
2025-12-03 09:30:14,300 [INFO] [开始读取数据库表：inventory_data]
2025-12-03 09:30:14,712 [INFO] [成功读取表 inventory_data，数据行数：4947]
2025-12-03 09:30:14,712 [INFO] [开始读取数据库表：tuiding_data]
2025-12-03 09:30:14,916 [INFO] [成功读取表 tuiding_data，数据行数：4442]
2025-12-03 09:30:14,916 [INFO] [开始读取数据库表：debit_data]
2025-12-03 09:30:17,002 [INFO] [成功读取表 debit_data，数据行数：26354]
2025-12-03 09:30:17,386 [INFO] [开始读取数据库表：sales_invoice_data]
2025-12-03 09:30:18,667 [INFO] [成功读取表 sales_invoice_data，数据行数：19555]
2025-12-03 09:58:28,163 [INFO] [数据库引擎创建成功]
2025-12-03 09:58:28,164 [INFO] [开始读取数据库表：order_data]
2025-12-03 09:58:30,046 [INFO] [成功读取表 order_data，数据行数：24573]
2025-12-03 09:58:30,380 [INFO] [开始读取数据库表：sales_data]
2025-12-03 09:58:37,034 [INFO] [成功读取表 sales_data，数据行数：26966]
2025-12-03 09:58:39,010 [INFO] [开始读取数据库表：jingpin_data]
2025-12-03 09:58:39,286 [INFO] [成功读取表 jingpin_data，数据行数：4853]
2025-12-03 09:58:39,377 [INFO] [开始读取数据库表：inventory_data]
2025-12-03 09:58:39,946 [INFO] [成功读取表 inventory_data，数据行数：6025]
2025-12-03 09:58:39,946 [INFO] [开始读取数据库表：tuiding_data]
2025-12-03 09:58:40,178 [INFO] [成功读取表 tuiding_data，数据行数：4442]
2025-12-03 09:58:40,179 [INFO] [开始读取数据库表：debit_data]
2025-12-03 09:58:42,236 [INFO] [成功读取表 debit_data，数据行数：26354]
2025-12-03 09:58:42,612 [INFO] [开始读取数据库表：sales_invoice_data]
2025-12-03 09:58:43,933 [INFO] [成功读取表 sales_invoice_data，数据行数：19555]
2025-12-03 10:29:42,195 [INFO] [数据库引擎创建成功]
2025-12-03 10:29:42,196 [INFO] [开始读取数据库表：order_data]
2025-12-03 10:29:43,917 [INFO] [成功读取表 order_data，数据行数：24578]
2025-12-03 10:29:44,192 [INFO] [开始读取数据库表：sales_data]
2025-12-03 10:29:50,346 [INFO] [成功读取表 sales_data，数据行数：26968]
2025-12-03 10:29:52,402 [INFO] [开始读取数据库表：jingpin_data]
2025-12-03 10:29:52,694 [INFO] [成功读取表 jingpin_data，数据行数：4854]
2025-12-03 10:29:52,760 [INFO] [开始读取数据库表：inventory_data]
2025-12-03 10:29:53,292 [INFO] [成功读取表 inventory_data，数据行数：6023]
2025-12-03 10:29:53,292 [INFO] [开始读取数据库表：tuiding_data]
2025-12-03 10:29:53,517 [INFO] [成功读取表 tuiding_data，数据行数：4442]
2025-12-03 10:29:53,517 [INFO] [开始读取数据库表：debit_data]
2025-12-03 10:29:55,556 [INFO] [成功读取表 debit_data，数据行数：26354]
2025-12-03 10:29:55,939 [INFO] [开始读取数据库表：sales_invoice_data]
2025-12-03 10:29:57,253 [INFO] [成功读取表 sales_invoice_data，数据行数：19557]
2025-12-03 11:00:12,554 [INFO] [数据库引擎创建成功]
2025-12-03 11:00:12,555 [INFO] [开始读取数据库表：order_data]
2025-12-03 11:00:14,179 [INFO] [成功读取表 order_data，数据行数：24582]
2025-12-03 11:00:14,491 [INFO] [开始读取数据库表：sales_data]
2025-12-03 11:00:20,512 [INFO] [成功读取表 sales_data，数据行数：26974]
2025-12-03 11:00:22,774 [INFO] [开始读取数据库表：jingpin_data]
2025-12-03 11:00:23,070 [INFO] [成功读取表 jingpin_data，数据行数：4854]
2025-12-03 11:00:23,151 [INFO] [开始读取数据库表：inventory_data]
2025-12-03 11:00:23,749 [INFO] [成功读取表 inventory_data，数据行数：6016]
2025-12-03 11:00:23,750 [INFO] [开始读取数据库表：tuiding_data]
2025-12-03 11:00:23,995 [INFO] [成功读取表 tuiding_data，数据行数：4445]
2025-12-03 11:00:23,995 [INFO] [开始读取数据库表：debit_data]
2025-12-03 11:00:26,648 [INFO] [成功读取表 debit_data，数据行数：26354]
2025-12-03 11:00:27,092 [INFO] [开始读取数据库表：sales_invoice_data]
2025-12-03 11:00:28,654 [INFO] [成功读取表 sales_invoice_data，数据行数：19564]
2025-12-03 11:26:49,209 [INFO] [数据库引擎创建成功]
2025-12-03 11:26:49,209 [INFO] [开始读取数据库表：order_data]
2025-12-03 11:26:50,963 [INFO] [成功读取表 order_data，数据行数：24588]
2025-12-03 11:26:51,292 [INFO] [开始读取数据库表：sales_data]
2025-12-03 11:26:57,700 [INFO] [成功读取表 sales_data，数据行数：26979]
2025-12-03 11:26:59,629 [INFO] [开始读取数据库表：jingpin_data]
2025-12-03 11:26:59,927 [INFO] [成功读取表 jingpin_data，数据行数：4856]
2025-12-03 11:26:59,994 [INFO] [开始读取数据库表：inventory_data]
2025-12-03 11:27:00,584 [INFO] [成功读取表 inventory_data，数据行数：6013]
2025-12-03 11:27:00,584 [INFO] [开始读取数据库表：tuiding_data]
2025-12-03 11:27:00,822 [INFO] [成功读取表 tuiding_data，数据行数：4445]
2025-12-03 11:27:00,823 [INFO] [开始读取数据库表：debit_data]
2025-12-03 11:27:02,921 [INFO] [成功读取表 debit_data，数据行数：26354]
2025-12-03 11:27:03,283 [INFO] [开始读取数据库表：sales_invoice_data]
2025-12-03 11:27:04,609 [INFO] [成功读取表 sales_invoice_data，数据行数：19569]
2025-12-03 11:57:26,214 [INFO] [数据库引擎创建成功]
2025-12-03 11:57:26,214 [INFO] [开始读取数据库表：order_data]
2025-12-03 11:57:27,983 [INFO] [成功读取表 order_data，数据行数：24588]
2025-12-03 11:57:28,329 [INFO] [开始读取数据库表：sales_data]
2025-12-03 11:57:35,040 [INFO] [成功读取表 sales_data，数据行数：26982]
2025-12-03 11:57:37,274 [INFO] [开始读取数据库表：jingpin_data]
2025-12-03 11:57:37,616 [INFO] [成功读取表 jingpin_data，数据行数：4857]
2025-12-03 11:57:37,703 [INFO] [开始读取数据库表：inventory_data]
2025-12-03 11:57:38,310 [INFO] [成功读取表 inventory_data，数据行数：6023]
2025-12-03 11:57:38,310 [INFO] [开始读取数据库表：tuiding_data]
2025-12-03 11:57:38,532 [INFO] [成功读取表 tuiding_data，数据行数：4447]
2025-12-03 11:57:38,533 [INFO] [开始读取数据库表：debit_data]
2025-12-03 11:57:40,587 [INFO] [成功读取表 debit_data，数据行数：26367]
2025-12-03 11:57:41,026 [INFO] [开始读取数据库表：sales_invoice_data]
2025-12-03 11:57:42,479 [INFO] [成功读取表 sales_invoice_data，数据行数：19572]
2025-12-03 12:26:45,328 [INFO] [数据库引擎创建成功]
2025-12-03 12:26:45,337 [INFO] [开始读取数据库表：order_data]
2025-12-03 12:26:46,809 [INFO] [成功读取表 order_data，数据行数：24591]
2025-12-03 12:26:47,110 [INFO] [开始读取数据库表：sales_data]
2025-12-03 12:26:52,425 [INFO] [成功读取表 sales_data，数据行数：26984]
2025-12-03 12:26:54,171 [INFO] [开始读取数据库表：jingpin_data]
2025-12-03 12:26:54,420 [INFO] [成功读取表 jingpin_data，数据行数：4857]
2025-12-03 12:26:54,461 [INFO] [开始读取数据库表：inventory_data]
2025-12-03 12:26:54,930 [INFO] [成功读取表 inventory_data，数据行数：6022]
2025-12-03 12:26:54,931 [INFO] [开始读取数据库表：tuiding_data]
2025-12-03 12:26:55,130 [INFO] [成功读取表 tuiding_data，数据行数：4450]
2025-12-03 12:26:55,130 [INFO] [开始读取数据库表：debit_data]
2025-12-03 12:26:56,953 [INFO] [成功读取表 debit_data，数据行数：26396]
2025-12-03 12:26:57,305 [INFO] [开始读取数据库表：sales_invoice_data]
2025-12-03 12:26:58,440 [INFO] [成功读取表 sales_invoice_data，数据行数：19574]
2025-12-03 12:57:29,892 [INFO] [数据库引擎创建成功]
2025-12-03 12:57:29,893 [INFO] [开始读取数据库表：order_data]
2025-12-03 12:57:31,219 [INFO] [成功读取表 order_data，数据行数：24594]
2025-12-03 12:57:31,478 [INFO] [开始读取数据库表：sales_data]
2025-12-03 12:57:36,319 [INFO] [成功读取表 sales_data，数据行数：26984]
2025-12-03 12:57:37,871 [INFO] [开始读取数据库表：jingpin_data]
2025-12-03 12:57:38,086 [INFO] [成功读取表 jingpin_data，数据行数：4857]
2025-12-03 12:57:38,143 [INFO] [开始读取数据库表：inventory_data]
2025-12-03 12:57:38,549 [INFO] [成功读取表 inventory_data，数据行数：6021]
2025-12-03 12:57:38,550 [INFO] [开始读取数据库表：tuiding_data]
2025-12-03 12:57:38,695 [INFO] [成功读取表 tuiding_data，数据行数：4452]
2025-12-03 12:57:38,695 [INFO] [开始读取数据库表：debit_data]
2025-12-03 12:57:40,310 [INFO] [成功读取表 debit_data，数据行数：26396]
2025-12-03 12:57:40,611 [INFO] [开始读取数据库表：sales_invoice_data]
2025-12-03 12:57:41,604 [INFO] [成功读取表 sales_invoice_data，数据行数：19575]
2025-12-03 13:27:20,097 [INFO] [数据库引擎创建成功]
2025-12-03 13:27:20,098 [INFO] [开始读取数据库表：order_data]
2025-12-03 13:27:21,597 [INFO] [成功读取表 order_data，数据行数：24605]
2025-12-03 13:27:21,840 [INFO] [开始读取数据库表：sales_data]
2025-12-03 13:27:26,864 [INFO] [成功读取表 sales_data，数据行数：26991]
2025-12-03 13:27:28,498 [INFO] [开始读取数据库表：jingpin_data]
2025-12-03 13:27:28,705 [INFO] [成功读取表 jingpin_data，数据行数：4857]
2025-12-03 13:27:28,755 [INFO] [开始读取数据库表：inventory_data]
2025-12-03 13:27:29,167 [INFO] [成功读取表 inventory_data，数据行数：6015]
2025-12-03 13:27:29,167 [INFO] [开始读取数据库表：tuiding_data]
2025-12-03 13:27:29,352 [INFO] [成功读取表 tuiding_data，数据行数：4452]
2025-12-03 13:27:29,352 [INFO] [开始读取数据库表：debit_data]
2025-12-03 13:27:31,035 [INFO] [成功读取表 debit_data，数据行数：26396]
2025-12-03 13:27:31,333 [INFO] [开始读取数据库表：sales_invoice_data]
2025-12-03 13:27:32,380 [INFO] [成功读取表 sales_invoice_data，数据行数：19581]
2025-12-03 14:01:14,516 [INFO] [数据库引擎创建成功]
2025-12-03 14:01:14,516 [INFO] [开始读取数据库表：order_data]
2025-12-03 14:01:16,297 [INFO] [成功读取表 order_data，数据行数：24605]
2025-12-03 14:01:16,627 [INFO] [开始读取数据库表：sales_data]
2025-12-03 14:01:22,963 [INFO] [成功读取表 sales_data，数据行数：27000]
2025-12-03 14:01:24,907 [INFO] [开始读取数据库表：jingpin_data]
2025-12-03 14:01:25,205 [INFO] [成功读取表 jingpin_data，数据行数：4857]
2025-12-03 14:01:25,272 [INFO] [开始读取数据库表：inventory_data]
2025-12-03 14:01:25,847 [INFO] [成功读取表 inventory_data，数据行数：6005]
2025-12-03 14:01:25,847 [INFO] [开始读取数据库表：tuiding_data]
2025-12-03 14:01:26,054 [INFO] [成功读取表 tuiding_data，数据行数：4452]
2025-12-03 14:01:26,054 [INFO] [开始读取数据库表：debit_data]
2025-12-03 14:01:28,144 [INFO] [成功读取表 debit_data，数据行数：26397]
2025-12-03 14:01:28,513 [INFO] [开始读取数据库表：sales_invoice_data]
2025-12-03 14:01:29,869 [INFO] [成功读取表 sales_invoice_data，数据行数：19589]
2025-12-03 14:29:33,282 [INFO] [数据库引擎创建成功]
2025-12-03 14:29:33,283 [INFO] [开始读取数据库表：order_data]
2025-12-03 14:29:34,780 [INFO] [成功读取表 order_data，数据行数：24614]
2025-12-03 14:29:35,068 [INFO] [开始读取数据库表：sales_data]
2025-12-03 14:29:40,395 [INFO] [成功读取表 sales_data，数据行数：27008]
2025-12-03 14:29:42,117 [INFO] [开始读取数据库表：jingpin_data]
2025-12-03 14:29:42,366 [INFO] [成功读取表 jingpin_data，数据行数：4859]
2025-12-03 14:29:42,425 [INFO] [开始读取数据库表：inventory_data]
2025-12-03 14:29:42,921 [INFO] [成功读取表 inventory_data，数据行数：5998]
2025-12-03 14:29:42,921 [INFO] [开始读取数据库表：tuiding_data]
2025-12-03 14:29:43,131 [INFO] [成功读取表 tuiding_data，数据行数：4452]
2025-12-03 14:29:43,131 [INFO] [开始读取数据库表：debit_data]
2025-12-03 14:29:44,788 [INFO] [成功读取表 debit_data，数据行数：26397]
2025-12-03 14:29:45,138 [INFO] [开始读取数据库表：sales_invoice_data]
2025-12-03 14:29:46,260 [INFO] [成功读取表 sales_invoice_data，数据行数：19596]
2025-12-03 14:57:13,594 [INFO] [数据库引擎创建成功]
2025-12-03 14:57:13,595 [INFO] [开始读取数据库表：order_data]
2025-12-03 14:57:15,074 [INFO] [成功读取表 order_data，数据行数：24619]
2025-12-03 14:57:15,335 [INFO] [开始读取数据库表：sales_data]
2025-12-03 14:57:20,552 [INFO] [成功读取表 sales_data，数据行数：27013]
2025-12-03 14:57:22,144 [INFO] [开始读取数据库表：jingpin_data]
2025-12-03 14:57:22,364 [INFO] [成功读取表 jingpin_data，数据行数：4859]
2025-12-03 14:57:22,421 [INFO] [开始读取数据库表：inventory_data]
2025-12-03 14:57:22,870 [INFO] [成功读取表 inventory_data，数据行数：5993]
2025-12-03 14:57:22,870 [INFO] [开始读取数据库表：tuiding_data]
2025-12-03 14:57:23,044 [INFO] [成功读取表 tuiding_data，数据行数：4453]
2025-12-03 14:57:23,045 [INFO] [开始读取数据库表：debit_data]
2025-12-03 14:57:24,719 [INFO] [成功读取表 debit_data，数据行数：26397]
2025-12-03 14:57:25,051 [INFO] [开始读取数据库表：sales_invoice_data]
2025-12-03 14:57:26,111 [INFO] [成功读取表 sales_invoice_data，数据行数：19602]
2025-12-03 15:31:42,564 [INFO] [数据库引擎创建成功]
2025-12-03 15:31:42,564 [INFO] [开始读取数据库表：order_data]
2025-12-03 15:31:44,059 [INFO] [成功读取表 order_data，数据行数：24619]
2025-12-03 15:31:44,317 [INFO] [开始读取数据库表：sales_data]
2025-12-03 15:31:49,310 [INFO] [成功读取表 sales_data，数据行数：27019]
2025-12-03 15:31:50,910 [INFO] [开始读取数据库表：jingpin_data]
2025-12-03 15:31:51,152 [INFO] [成功读取表 jingpin_data，数据行数：4859]
2025-12-03 15:31:51,214 [INFO] [开始读取数据库表：inventory_data]
2025-12-03 15:31:51,602 [INFO] [成功读取表 inventory_data，数据行数：5987]
2025-12-03 15:31:51,602 [INFO] [开始读取数据库表：tuiding_data]
2025-12-03 15:31:51,792 [INFO] [成功读取表 tuiding_data，数据行数：4453]
2025-12-03 15:31:51,793 [INFO] [开始读取数据库表：debit_data]
2025-12-03 15:31:53,662 [INFO] [成功读取表 debit_data，数据行数：26397]
2025-12-03 15:31:53,976 [INFO] [开始读取数据库表：sales_invoice_data]
2025-12-03 15:31:55,272 [INFO] [成功读取表 sales_invoice_data，数据行数：19607]
2025-12-03 16:01:05,980 [INFO] [数据库引擎创建成功]
2025-12-03 16:01:05,980 [INFO] [开始读取数据库表：order_data]
2025-12-03 16:01:07,391 [INFO] [成功读取表 order_data，数据行数：24617]
2025-12-03 16:01:07,662 [INFO] [开始读取数据库表：sales_data]
2025-12-03 16:01:12,518 [INFO] [成功读取表 sales_data，数据行数：27024]
2025-12-03 16:01:14,083 [INFO] [开始读取数据库表：jingpin_data]
2025-12-03 16:01:14,298 [INFO] [成功读取表 jingpin_data，数据行数：4859]
2025-12-03 16:01:14,362 [INFO] [开始读取数据库表：inventory_data]
2025-12-03 16:01:14,772 [INFO] [成功读取表 inventory_data，数据行数：5980]
2025-12-03 16:01:14,772 [INFO] [开始读取数据库表：tuiding_data]
2025-12-03 16:01:14,947 [INFO] [成功读取表 tuiding_data，数据行数：4455]
2025-12-03 16:01:14,947 [INFO] [开始读取数据库表：debit_data]
2025-12-03 16:01:16,451 [INFO] [成功读取表 debit_data，数据行数：26397]
2025-12-03 16:01:16,744 [INFO] [开始读取数据库表：sales_invoice_data]
2025-12-03 16:01:17,762 [INFO] [成功读取表 sales_invoice_data，数据行数：19613]
2025-12-03 16:29:58,328 [INFO] [数据库引擎创建成功]
2025-12-03 16:29:58,329 [INFO] [开始读取数据库表：order_data]
2025-12-03 16:30:00,139 [INFO] [成功读取表 order_data，数据行数：24628]
2025-12-03 16:30:00,474 [INFO] [开始读取数据库表：sales_data]
2025-12-03 16:30:06,685 [INFO] [成功读取表 sales_data，数据行数：27036]
2025-12-03 16:30:08,681 [INFO] [开始读取数据库表：jingpin_data]
2025-12-03 16:30:08,966 [INFO] [成功读取表 jingpin_data，数据行数：4861]
2025-12-03 16:30:09,048 [INFO] [开始读取数据库表：inventory_data]
2025-12-03 16:30:09,575 [INFO] [成功读取表 inventory_data，数据行数：5971]
2025-12-03 16:30:09,575 [INFO] [开始读取数据库表：tuiding_data]
2025-12-03 16:30:09,783 [INFO] [成功读取表 tuiding_data，数据行数：4455]
2025-12-03 16:30:09,783 [INFO] [开始读取数据库表：debit_data]
2025-12-03 16:30:11,805 [INFO] [成功读取表 debit_data，数据行数：26397]
2025-12-03 16:30:12,212 [INFO] [开始读取数据库表：sales_invoice_data]
2025-12-03 16:30:13,503 [INFO] [成功读取表 sales_invoice_data，数据行数：19624]
2025-12-03 17:00:04,394 [INFO] [数据库引擎创建成功]
2025-12-03 17:00:04,395 [INFO] [开始读取数据库表：order_data]
2025-12-03 17:00:06,184 [INFO] [成功读取表 order_data，数据行数：24635]
2025-12-03 17:00:06,470 [INFO] [开始读取数据库表：sales_data]
2025-12-03 17:00:12,114 [INFO] [成功读取表 sales_data，数据行数：27049]
2025-12-03 17:00:13,745 [INFO] [开始读取数据库表：jingpin_data]
2025-12-03 17:00:13,895 [INFO] [成功读取表 jingpin_data，数据行数：4862]
2025-12-03 17:00:13,939 [INFO] [开始读取数据库表：inventory_data]
2025-12-03 17:00:14,322 [INFO] [成功读取表 inventory_data，数据行数：5961]
2025-12-03 17:00:14,322 [INFO] [开始读取数据库表：tuiding_data]
2025-12-03 17:00:14,474 [INFO] [成功读取表 tuiding_data，数据行数：4455]
2025-12-03 17:00:14,475 [INFO] [开始读取数据库表：debit_data]
2025-12-03 17:00:16,300 [INFO] [成功读取表 debit_data，数据行数：26397]
2025-12-03 17:00:16,652 [INFO] [开始读取数据库表：sales_invoice_data]
2025-12-03 17:00:17,816 [INFO] [成功读取表 sales_invoice_data，数据行数：19637]
2025-12-03 17:33:06,635 [INFO] [数据库引擎创建成功]
2025-12-03 17:33:06,636 [INFO] [开始读取数据库表：order_data]
2025-12-03 17:33:08,326 [INFO] [成功读取表 order_data，数据行数：24635]
2025-12-03 17:33:08,670 [INFO] [开始读取数据库表：sales_data]
2025-12-03 17:33:14,873 [INFO] [成功读取表 sales_data，数据行数：27051]
2025-12-03 17:33:16,776 [INFO] [开始读取数据库表：jingpin_data]
2025-12-03 17:33:17,061 [INFO] [成功读取表 jingpin_data，数据行数：4862]
2025-12-03 17:33:17,137 [INFO] [开始读取数据库表：inventory_data]
2025-12-03 17:33:17,686 [INFO] [成功读取表 inventory_data，数据行数：5948]
2025-12-03 17:33:17,686 [INFO] [开始读取数据库表：tuiding_data]
2025-12-03 17:33:17,926 [INFO] [成功读取表 tuiding_data，数据行数：4455]
2025-12-03 17:33:17,927 [INFO] [开始读取数据库表：debit_data]
2025-12-03 17:33:20,030 [INFO] [成功读取表 debit_data，数据行数：26397]
2025-12-03 17:33:20,351 [INFO] [开始读取数据库表：sales_invoice_data]
2025-12-03 17:33:21,635 [INFO] [成功读取表 sales_invoice_data，数据行数：19637]
2025-12-03 17:59:00,464 [INFO] [数据库引擎创建成功]
2025-12-03 17:59:00,464 [INFO] [开始读取数据库表：order_data]
2025-12-03 17:59:02,187 [INFO] [成功读取表 order_data，数据行数：24646]
2025-12-03 17:59:02,524 [INFO] [开始读取数据库表：sales_data]
2025-12-03 17:59:08,775 [INFO] [成功读取表 sales_data，数据行数：27073]
2025-12-03 17:59:10,707 [INFO] [开始读取数据库表：jingpin_data]
2025-12-03 17:59:11,001 [INFO] [成功读取表 jingpin_data，数据行数：4866]
2025-12-03 17:59:11,077 [INFO] [开始读取数据库表：inventory_data]
2025-12-03 17:59:11,628 [INFO] [成功读取表 inventory_data，数据行数：5938]
2025-12-03 17:59:11,628 [INFO] [开始读取数据库表：tuiding_data]
2025-12-03 17:59:12,151 [INFO] [成功读取表 tuiding_data，数据行数：4456]
2025-12-03 17:59:12,152 [INFO] [开始读取数据库表：debit_data]
2025-12-03 17:59:14,406 [INFO] [成功读取表 debit_data，数据行数：26397]
2025-12-03 17:59:14,749 [INFO] [开始读取数据库表：sales_invoice_data]
2025-12-03 17:59:15,895 [INFO] [成功读取表 sales_invoice_data，数据行数：19658]
2025-12-03 18:26:50,194 [INFO] [数据库引擎创建成功]
2025-12-03 18:26:50,195 [INFO] [开始读取数据库表：order_data]
2025-12-03 18:26:51,951 [INFO] [成功读取表 order_data，数据行数：24653]
2025-12-03 18:26:52,283 [INFO] [开始读取数据库表：sales_data]
2025-12-03 18:26:58,621 [INFO] [成功读取表 sales_data，数据行数：27077]
2025-12-03 18:27:00,638 [INFO] [开始读取数据库表：jingpin_data]
2025-12-03 18:27:00,927 [INFO] [成功读取表 jingpin_data，数据行数：4867]
2025-12-03 18:27:01,000 [INFO] [开始读取数据库表：inventory_data]
2025-12-03 18:27:01,551 [INFO] [成功读取表 inventory_data，数据行数：5938]
2025-12-03 18:27:01,551 [INFO] [开始读取数据库表：tuiding_data]
2025-12-03 18:27:01,785 [INFO] [成功读取表 tuiding_data，数据行数：4457]
2025-12-03 18:27:01,786 [INFO] [开始读取数据库表：debit_data]
2025-12-03 18:27:03,923 [INFO] [成功读取表 debit_data，数据行数：26397]
2025-12-03 18:27:04,313 [INFO] [开始读取数据库表：sales_invoice_data]
2025-12-03 18:27:05,651 [INFO] [成功读取表 sales_invoice_data，数据行数：19662]
2025-12-03 18:56:34,674 [INFO] [数据库引擎创建成功]
2025-12-03 18:56:34,675 [INFO] [开始读取数据库表：order_data]
2025-12-03 18:56:36,476 [INFO] [成功读取表 order_data，数据行数：24654]
2025-12-03 18:56:36,814 [INFO] [开始读取数据库表：sales_data]
2025-12-03 18:56:43,225 [INFO] [成功读取表 sales_data，数据行数：27078]
2025-12-03 18:56:45,242 [INFO] [开始读取数据库表：jingpin_data]
2025-12-03 18:56:45,535 [INFO] [成功读取表 jingpin_data，数据行数：4867]
2025-12-03 18:56:45,609 [INFO] [开始读取数据库表：inventory_data]
2025-12-03 18:56:46,151 [INFO] [成功读取表 inventory_data，数据行数：5936]
2025-12-03 18:56:46,151 [INFO] [开始读取数据库表：tuiding_data]
2025-12-03 18:56:46,380 [INFO] [成功读取表 tuiding_data，数据行数：4457]
2025-12-03 18:56:46,381 [INFO] [开始读取数据库表：debit_data]
2025-12-03 18:56:48,448 [INFO] [成功读取表 debit_data，数据行数：26397]
2025-12-03 18:56:48,833 [INFO] [开始读取数据库表：sales_invoice_data]
2025-12-03 18:56:50,177 [INFO] [成功读取表 sales_invoice_data，数据行数：19662]
2025-12-03 19:26:34,069 [INFO] [数据库引擎创建成功]
2025-12-03 19:26:34,070 [INFO] [开始读取数据库表：order_data]
2025-12-03 19:26:35,837 [INFO] [成功读取表 order_data，数据行数：24654]
2025-12-03 19:26:36,180 [INFO] [开始读取数据库表：sales_data]
2025-12-03 19:26:42,537 [INFO] [成功读取表 sales_data，数据行数：27078]
2025-12-03 19:26:44,531 [INFO] [开始读取数据库表：jingpin_data]
2025-12-03 19:26:44,828 [INFO] [成功读取表 jingpin_data，数据行数：4867]
2025-12-03 19:26:44,910 [INFO] [开始读取数据库表：inventory_data]
2025-12-03 19:26:45,444 [INFO] [成功读取表 inventory_data，数据行数：5936]
2025-12-03 19:26:45,444 [INFO] [开始读取数据库表：tuiding_data]
2025-12-03 19:26:45,678 [INFO] [成功读取表 tuiding_data，数据行数：4458]
2025-12-03 19:26:45,678 [INFO] [开始读取数据库表：debit_data]
2025-12-03 19:26:47,773 [INFO] [成功读取表 debit_data，数据行数：26397]
2025-12-03 19:26:48,154 [INFO] [开始读取数据库表：sales_invoice_data]
2025-12-03 19:26:49,471 [INFO] [成功读取表 sales_invoice_data，数据行数：19662]
2025-12-03 19:56:30,041 [INFO] [数据库引擎创建成功]
2025-12-03 19:56:30,042 [INFO] [开始读取数据库表：order_data]
2025-12-03 19:56:31,831 [INFO] [成功读取表 order_data，数据行数：24654]
2025-12-03 19:56:32,160 [INFO] [开始读取数据库表：sales_data]
2025-12-03 19:56:38,591 [INFO] [成功读取表 sales_data，数据行数：27078]
2025-12-03 19:56:40,589 [INFO] [开始读取数据库表：jingpin_data]
2025-12-03 19:56:40,875 [INFO] [成功读取表 jingpin_data，数据行数：4867]
2025-12-03 19:56:40,948 [INFO] [开始读取数据库表：inventory_data]
2025-12-03 19:56:41,496 [INFO] [成功读取表 inventory_data，数据行数：5936]
2025-12-03 19:56:41,496 [INFO] [开始读取数据库表：tuiding_data]
2025-12-03 19:56:41,745 [INFO] [成功读取表 tuiding_data，数据行数：4458]
2025-12-03 19:56:41,745 [INFO] [开始读取数据库表：debit_data]
2025-12-03 19:56:43,825 [INFO] [成功读取表 debit_data，数据行数：26397]
2025-12-03 19:56:44,212 [INFO] [开始读取数据库表：sales_invoice_data]
2025-12-03 19:56:45,543 [INFO] [成功读取表 sales_invoice_data，数据行数：19662]
2025-12-03 20:26:52,932 [INFO] [数据库引擎创建成功]
2025-12-03 20:26:52,933 [INFO] [开始读取数据库表：order_data]
2025-12-03 20:26:54,741 [INFO] [成功读取表 order_data，数据行数：24655]
2025-12-03 20:26:55,130 [INFO] [开始读取数据库表：sales_data]
2025-12-03 20:27:01,835 [INFO] [成功读取表 sales_data，数据行数：27079]
2025-12-03 20:27:03,967 [INFO] [开始读取数据库表：jingpin_data]
2025-12-03 20:27:04,263 [INFO] [成功读取表 jingpin_data，数据行数：4867]
2025-12-03 20:27:04,340 [INFO] [开始读取数据库表：inventory_data]
2025-12-03 20:27:04,899 [INFO] [成功读取表 inventory_data，数据行数：5935]
2025-12-03 20:27:04,899 [INFO] [开始读取数据库表：tuiding_data]
2025-12-03 20:27:05,137 [INFO] [成功读取表 tuiding_data，数据行数：4459]
2025-12-03 20:27:05,138 [INFO] [开始读取数据库表：debit_data]
2025-12-03 20:27:07,266 [INFO] [成功读取表 debit_data，数据行数：26397]
2025-12-03 20:27:07,654 [INFO] [开始读取数据库表：sales_invoice_data]
2025-12-03 20:27:09,012 [INFO] [成功读取表 sales_invoice_data，数据行数：19663]
2025-12-03 20:56:36,279 [INFO] [数据库引擎创建成功]
2025-12-03 20:56:36,280 [INFO] [开始读取数据库表：order_data]
2025-12-03 20:56:37,972 [INFO] [成功读取表 order_data，数据行数：24656]
2025-12-03 20:56:38,294 [INFO] [开始读取数据库表：sales_data]
2025-12-03 20:56:44,682 [INFO] [成功读取表 sales_data，数据行数：27079]
2025-12-03 20:56:46,646 [INFO] [开始读取数据库表：jingpin_data]
2025-12-03 20:56:46,945 [INFO] [成功读取表 jingpin_data，数据行数：4867]
2025-12-03 20:56:47,017 [INFO] [开始读取数据库表：inventory_data]
2025-12-03 20:56:47,566 [INFO] [成功读取表 inventory_data，数据行数：5935]
2025-12-03 20:56:47,566 [INFO] [开始读取数据库表：tuiding_data]
2025-12-03 20:56:47,803 [INFO] [成功读取表 tuiding_data，数据行数：4459]
2025-12-03 20:56:47,803 [INFO] [开始读取数据库表：debit_data]
2025-12-03 20:56:49,911 [INFO] [成功读取表 debit_data，数据行数：26397]
2025-12-03 20:56:50,289 [INFO] [开始读取数据库表：sales_invoice_data]
2025-12-03 20:56:51,621 [INFO] [成功读取表 sales_invoice_data，数据行数：19663]
2025-12-03 21:26:45,391 [INFO] [数据库引擎创建成功]
2025-12-03 21:26:45,391 [INFO] [开始读取数据库表：order_data]
2025-12-03 21:26:47,150 [INFO] [成功读取表 order_data，数据行数：24656]
2025-12-03 21:26:47,503 [INFO] [开始读取数据库表：sales_data]
2025-12-03 21:26:53,887 [INFO] [成功读取表 sales_data，数据行数：27079]
2025-12-03 21:26:55,867 [INFO] [开始读取数据库表：jingpin_data]
2025-12-03 21:26:56,163 [INFO] [成功读取表 jingpin_data，数据行数：4867]
2025-12-03 21:26:56,235 [INFO] [开始读取数据库表：inventory_data]
2025-12-03 21:26:56,773 [INFO] [成功读取表 inventory_data，数据行数：5970]
2025-12-03 21:26:56,773 [INFO] [开始读取数据库表：tuiding_data]
2025-12-03 21:26:57,016 [INFO] [成功读取表 tuiding_data，数据行数：4459]
2025-12-03 21:26:57,016 [INFO] [开始读取数据库表：debit_data]
2025-12-03 21:26:59,121 [INFO] [成功读取表 debit_data，数据行数：26432]
2025-12-03 21:26:59,503 [INFO] [开始读取数据库表：sales_invoice_data]
2025-12-03 21:27:00,847 [INFO] [成功读取表 sales_invoice_data，数据行数：19663]
2025-12-03 21:56:51,199 [INFO] [数据库引擎创建成功]
2025-12-03 21:56:51,200 [INFO] [开始读取数据库表：order_data]
2025-12-03 21:56:53,996 [INFO] [成功读取表 order_data，数据行数：24656]
2025-12-03 21:56:54,344 [INFO] [开始读取数据库表：sales_data]
2025-12-03 21:57:00,797 [INFO] [成功读取表 sales_data，数据行数：27079]
2025-12-03 21:57:02,813 [INFO] [开始读取数据库表：jingpin_data]
2025-12-03 21:57:03,107 [INFO] [成功读取表 jingpin_data，数据行数：4867]
2025-12-03 21:57:03,181 [INFO] [开始读取数据库表：inventory_data]
2025-12-03 21:57:03,734 [INFO] [成功读取表 inventory_data，数据行数：5980]
2025-12-03 21:57:03,734 [INFO] [开始读取数据库表：tuiding_data]
2025-12-03 21:57:03,976 [INFO] [成功读取表 tuiding_data，数据行数：4459]
2025-12-03 21:57:03,976 [INFO] [开始读取数据库表：debit_data]
2025-12-03 21:57:06,109 [INFO] [成功读取表 debit_data，数据行数：26519]
2025-12-03 21:57:06,505 [INFO] [开始读取数据库表：sales_invoice_data]
2025-12-03 21:57:07,854 [INFO] [成功读取表 sales_invoice_data，数据行数：19663]
2025-12-03 22:26:56,946 [INFO] [数据库引擎创建成功]
2025-12-03 22:26:56,947 [INFO] [开始读取数据库表：order_data]
2025-12-03 22:26:58,627 [INFO] [成功读取表 order_data，数据行数：24656]
2025-12-03 22:26:58,963 [INFO] [开始读取数据库表：sales_data]
2025-12-03 22:27:05,505 [INFO] [成功读取表 sales_data，数据行数：27079]
2025-12-03 22:27:07,473 [INFO] [开始读取数据库表：jingpin_data]
2025-12-03 22:27:07,725 [INFO] [成功读取表 jingpin_data，数据行数：4867]
2025-12-03 22:27:07,798 [INFO] [开始读取数据库表：inventory_data]
2025-12-03 22:27:08,364 [INFO] [成功读取表 inventory_data，数据行数：5980]
2025-12-03 22:27:08,364 [INFO] [开始读取数据库表：tuiding_data]
2025-12-03 22:27:08,600 [INFO] [成功读取表 tuiding_data，数据行数：4459]
2025-12-03 22:27:08,601 [INFO] [开始读取数据库表：debit_data]
2025-12-03 22:27:10,743 [INFO] [成功读取表 debit_data，数据行数：26519]
2025-12-03 22:27:11,141 [INFO] [开始读取数据库表：sales_invoice_data]
2025-12-03 22:27:12,471 [INFO] [成功读取表 sales_invoice_data，数据行数：19663]
2025-12-03 22:56:44,321 [INFO] [数据库引擎创建成功]
2025-12-03 22:56:44,321 [INFO] [开始读取数据库表：order_data]
2025-12-03 22:56:45,807 [INFO] [成功读取表 order_data，数据行数：24656]
2025-12-03 22:56:46,156 [INFO] [开始读取数据库表：sales_data]
2025-12-03 22:56:52,727 [INFO] [成功读取表 sales_data，数据行数：27079]
2025-12-03 22:56:54,691 [INFO] [开始读取数据库表：jingpin_data]
2025-12-03 22:56:54,988 [INFO] [成功读取表 jingpin_data，数据行数：4867]
2025-12-03 22:56:55,062 [INFO] [开始读取数据库表：inventory_data]
2025-12-03 22:56:56,368 [INFO] [成功读取表 inventory_data，数据行数：5980]
2025-12-03 22:56:56,368 [INFO] [开始读取数据库表：tuiding_data]
2025-12-03 22:56:56,592 [INFO] [成功读取表 tuiding_data，数据行数：4459]
2025-12-03 22:56:56,592 [INFO] [开始读取数据库表：debit_data]
2025-12-03 22:56:58,710 [INFO] [成功读取表 debit_data，数据行数：26519]
2025-12-03 22:56:59,085 [INFO] [开始读取数据库表：sales_invoice_data]
2025-12-03 22:57:00,447 [INFO] [成功读取表 sales_invoice_data，数据行数：19663]
2025-12-03 23:26:52,116 [INFO] [数据库引擎创建成功]
2025-12-03 23:26:52,117 [INFO] [开始读取数据库表：order_data]
2025-12-03 23:26:53,692 [INFO] [成功读取表 order_data，数据行数：24656]
2025-12-03 23:26:54,019 [INFO] [开始读取数据库表：sales_data]
2025-12-03 23:27:01,254 [INFO] [成功读取表 sales_data，数据行数：27079]
2025-12-03 23:27:03,223 [INFO] [开始读取数据库表：jingpin_data]
2025-12-03 23:27:03,527 [INFO] [成功读取表 jingpin_data，数据行数：4867]
2025-12-03 23:27:03,601 [INFO] [开始读取数据库表：inventory_data]
2025-12-03 23:27:04,154 [INFO] [成功读取表 inventory_data，数据行数：5980]
2025-12-03 23:27:04,154 [INFO] [开始读取数据库表：tuiding_data]
2025-12-03 23:27:04,357 [INFO] [成功读取表 tuiding_data，数据行数：4459]
2025-12-03 23:27:04,358 [INFO] [开始读取数据库表：debit_data]
2025-12-03 23:27:06,541 [INFO] [成功读取表 debit_data，数据行数：26519]
2025-12-03 23:27:06,923 [INFO] [开始读取数据库表：sales_invoice_data]
2025-12-03 23:27:08,306 [INFO] [成功读取表 sales_invoice_data，数据行数：19663]
2025-12-03 23:56:32,007 [INFO] [数据库引擎创建成功]
2025-12-03 23:56:32,007 [INFO] [开始读取数据库表：order_data]
2025-12-03 23:56:33,826 [INFO] [成功读取表 order_data，数据行数：24656]
2025-12-03 23:56:34,166 [INFO] [开始读取数据库表：sales_data]
2025-12-03 23:56:40,759 [INFO] [成功读取表 sales_data，数据行数：27079]
2025-12-03 23:56:43,420 [INFO] [开始读取数据库表：jingpin_data]
2025-12-03 23:56:43,683 [INFO] [成功读取表 jingpin_data，数据行数：4867]
2025-12-03 23:56:43,751 [INFO] [开始读取数据库表：inventory_data]
2025-12-03 23:56:44,265 [INFO] [成功读取表 inventory_data，数据行数：5980]
2025-12-03 23:56:44,265 [INFO] [开始读取数据库表：tuiding_data]
2025-12-03 23:56:44,464 [INFO] [成功读取表 tuiding_data，数据行数：4459]
2025-12-03 23:56:44,464 [INFO] [开始读取数据库表：debit_data]
2025-12-03 23:56:46,612 [INFO] [成功读取表 debit_data，数据行数：26519]
2025-12-03 23:56:46,995 [INFO] [开始读取数据库表：sales_invoice_data]
2025-12-03 23:56:48,379 [INFO] [成功读取表 sales_invoice_data，数据行数：19663]
