2025-11-30 08:56:07,780 [INFO] [数据库引擎创建成功]
2025-11-30 08:56:07,781 [INFO] [开始读取数据库表：order_data]
2025-11-30 08:56:09,468 [INFO] [成功读取表 order_data，数据行数：24324]
2025-11-30 08:56:09,842 [INFO] [开始读取数据库表：sales_data]
2025-11-30 08:56:16,227 [INFO] [成功读取表 sales_data，数据行数：26674]
2025-11-30 08:56:18,514 [INFO] [开始读取数据库表：jingpin_data]
2025-11-30 08:56:18,789 [INFO] [成功读取表 jingpin_data，数据行数：4739]
2025-11-30 08:56:18,878 [INFO] [开始读取数据库表：inventory_data]
2025-11-30 08:56:19,499 [INFO] [成功读取表 inventory_data，数据行数：6108]
2025-11-30 08:56:19,500 [INFO] [开始读取数据库表：tuiding_data]
2025-11-30 08:56:19,736 [INFO] [成功读取表 tuiding_data，数据行数：4378]
2025-11-30 08:56:19,737 [INFO] [开始读取数据库表：debit_data]
2025-11-30 08:56:21,682 [INFO] [成功读取表 debit_data，数据行数：26187]
2025-11-30 08:56:22,102 [INFO] [开始读取数据库表：sales_invoice_data]
2025-11-30 08:56:23,375 [INFO] [成功读取表 sales_invoice_data，数据行数：19285]
2025-11-30 09:29:42,405 [INFO] [数据库引擎创建成功]
2025-11-30 09:29:42,406 [INFO] [开始读取数据库表：order_data]
2025-11-30 09:29:43,947 [INFO] [成功读取表 order_data，数据行数：24325]
2025-11-30 09:29:44,261 [INFO] [开始读取数据库表：sales_data]
2025-11-30 09:29:50,266 [INFO] [成功读取表 sales_data，数据行数：26674]
2025-11-30 09:29:52,392 [INFO] [开始读取数据库表：jingpin_data]
2025-11-30 09:29:52,667 [INFO] [成功读取表 jingpin_data，数据行数：4739]
2025-11-30 09:29:52,747 [INFO] [开始读取数据库表：inventory_data]
2025-11-30 09:29:53,277 [INFO] [成功读取表 inventory_data，数据行数：6108]
2025-11-30 09:29:53,278 [INFO] [开始读取数据库表：tuiding_data]
2025-11-30 09:29:53,456 [INFO] [成功读取表 tuiding_data，数据行数：4378]
2025-11-30 09:29:53,456 [INFO] [开始读取数据库表：debit_data]
2025-11-30 09:29:55,416 [INFO] [成功读取表 debit_data，数据行数：26187]
2025-11-30 09:29:55,802 [INFO] [开始读取数据库表：sales_invoice_data]
2025-11-30 09:29:57,040 [INFO] [成功读取表 sales_invoice_data，数据行数：19285]
2025-11-30 09:57:39,931 [INFO] [数据库引擎创建成功]
2025-11-30 09:57:39,931 [INFO] [开始读取数据库表：order_data]
2025-11-30 09:57:41,472 [INFO] [成功读取表 order_data，数据行数：24326]
2025-11-30 09:57:41,806 [INFO] [开始读取数据库表：sales_data]
2025-11-30 09:57:47,975 [INFO] [成功读取表 sales_data，数据行数：26673]
2025-11-30 09:57:50,128 [INFO] [开始读取数据库表：jingpin_data]
2025-11-30 09:57:50,402 [INFO] [成功读取表 jingpin_data，数据行数：4740]
2025-11-30 09:57:50,483 [INFO] [开始读取数据库表：inventory_data]
2025-11-30 09:57:51,001 [INFO] [成功读取表 inventory_data，数据行数：6109]
2025-11-30 09:57:51,001 [INFO] [开始读取数据库表：tuiding_data]
2025-11-30 09:57:51,199 [INFO] [成功读取表 tuiding_data，数据行数：4378]
2025-11-30 09:57:51,199 [INFO] [开始读取数据库表：debit_data]
2025-11-30 09:57:53,264 [INFO] [成功读取表 debit_data，数据行数：26187]
2025-11-30 09:57:53,676 [INFO] [开始读取数据库表：sales_invoice_data]
2025-11-30 09:57:54,939 [INFO] [成功读取表 sales_invoice_data，数据行数：19285]
2025-11-30 10:27:52,641 [INFO] [数据库引擎创建成功]
2025-11-30 10:27:52,641 [INFO] [开始读取数据库表：order_data]
2025-11-30 10:27:54,419 [INFO] [成功读取表 order_data，数据行数：24326]
2025-11-30 10:27:54,769 [INFO] [开始读取数据库表：sales_data]
2025-11-30 10:28:01,239 [INFO] [成功读取表 sales_data，数据行数：26669]
2025-11-30 10:28:03,321 [INFO] [开始读取数据库表：jingpin_data]
2025-11-30 10:28:03,643 [INFO] [成功读取表 jingpin_data，数据行数：4741]
2025-11-30 10:28:03,720 [INFO] [开始读取数据库表：inventory_data]
2025-11-30 10:28:04,285 [INFO] [成功读取表 inventory_data，数据行数：6109]
2025-11-30 10:28:04,285 [INFO] [开始读取数据库表：tuiding_data]
2025-11-30 10:28:04,524 [INFO] [成功读取表 tuiding_data，数据行数：4379]
2025-11-30 10:28:04,525 [INFO] [开始读取数据库表：debit_data]
2025-11-30 10:28:06,527 [INFO] [成功读取表 debit_data，数据行数：26187]
2025-11-30 10:28:06,945 [INFO] [开始读取数据库表：sales_invoice_data]
2025-11-30 10:28:08,179 [INFO] [成功读取表 sales_invoice_data，数据行数：19285]
2025-11-30 10:57:47,175 [INFO] [数据库引擎创建成功]
2025-11-30 10:57:47,185 [INFO] [开始读取数据库表：order_data]
2025-11-30 10:57:48,908 [INFO] [成功读取表 order_data，数据行数：24328]
2025-11-30 10:57:49,257 [INFO] [开始读取数据库表：sales_data]
2025-11-30 10:57:55,657 [INFO] [成功读取表 sales_data，数据行数：26669]
2025-11-30 10:57:57,751 [INFO] [开始读取数据库表：jingpin_data]
2025-11-30 10:57:58,033 [INFO] [成功读取表 jingpin_data，数据行数：4741]
2025-11-30 10:57:58,131 [INFO] [开始读取数据库表：inventory_data]
2025-11-30 10:57:58,621 [INFO] [成功读取表 inventory_data，数据行数：6108]
2025-11-30 10:57:58,622 [INFO] [开始读取数据库表：tuiding_data]
2025-11-30 10:57:58,832 [INFO] [成功读取表 tuiding_data，数据行数：4379]
2025-11-30 10:57:58,832 [INFO] [开始读取数据库表：debit_data]
2025-11-30 10:58:00,839 [INFO] [成功读取表 debit_data，数据行数：26187]
2025-11-30 10:58:01,267 [INFO] [开始读取数据库表：sales_invoice_data]
2025-11-30 10:58:02,605 [INFO] [成功读取表 sales_invoice_data，数据行数：19286]
2025-11-30 11:27:01,489 [INFO] [数据库引擎创建成功]
2025-11-30 11:27:01,489 [INFO] [开始读取数据库表：order_data]
2025-11-30 11:27:03,058 [INFO] [成功读取表 order_data，数据行数：24329]
2025-11-30 11:27:03,374 [INFO] [开始读取数据库表：sales_data]
2025-11-30 11:27:09,646 [INFO] [成功读取表 sales_data，数据行数：26669]
2025-11-30 11:27:11,801 [INFO] [开始读取数据库表：jingpin_data]
2025-11-30 11:27:12,117 [INFO] [成功读取表 jingpin_data，数据行数：4742]
2025-11-30 11:27:12,191 [INFO] [开始读取数据库表：inventory_data]
2025-11-30 11:27:12,743 [INFO] [成功读取表 inventory_data，数据行数：6107]
2025-11-30 11:27:12,744 [INFO] [开始读取数据库表：tuiding_data]
2025-11-30 11:27:12,964 [INFO] [成功读取表 tuiding_data，数据行数：4379]
2025-11-30 11:27:12,965 [INFO] [开始读取数据库表：debit_data]
2025-11-30 11:27:14,975 [INFO] [成功读取表 debit_data，数据行数：26187]
2025-11-30 11:27:15,380 [INFO] [开始读取数据库表：sales_invoice_data]
2025-11-30 11:27:16,686 [INFO] [成功读取表 sales_invoice_data，数据行数：19287]
2025-11-30 11:56:37,589 [INFO] [数据库引擎创建成功]
2025-11-30 11:56:37,589 [INFO] [开始读取数据库表：order_data]
2025-11-30 11:56:39,167 [INFO] [成功读取表 order_data，数据行数：24327]
2025-11-30 11:56:39,559 [INFO] [开始读取数据库表：sales_data]
2025-11-30 11:56:45,784 [INFO] [成功读取表 sales_data，数据行数：26675]
2025-11-30 11:56:47,886 [INFO] [开始读取数据库表：jingpin_data]
2025-11-30 11:56:48,157 [INFO] [成功读取表 jingpin_data，数据行数：4742]
2025-11-30 11:56:48,229 [INFO] [开始读取数据库表：inventory_data]
2025-11-30 11:56:48,851 [INFO] [成功读取表 inventory_data，数据行数：6100]
2025-11-30 11:56:48,852 [INFO] [开始读取数据库表：tuiding_data]
2025-11-30 11:56:49,072 [INFO] [成功读取表 tuiding_data，数据行数：4383]
2025-11-30 11:56:49,072 [INFO] [开始读取数据库表：debit_data]
2025-11-30 11:56:51,225 [INFO] [成功读取表 debit_data，数据行数：26187]
2025-11-30 11:56:51,607 [INFO] [开始读取数据库表：sales_invoice_data]
2025-11-30 11:56:52,910 [INFO] [成功读取表 sales_invoice_data，数据行数：19293]
2025-11-30 12:26:56,916 [INFO] [数据库引擎创建成功]
2025-11-30 12:26:56,917 [INFO] [开始读取数据库表：order_data]
2025-11-30 12:26:58,500 [INFO] [成功读取表 order_data，数据行数：24333]
2025-11-30 12:26:58,867 [INFO] [开始读取数据库表：sales_data]
2025-11-30 12:27:05,211 [INFO] [成功读取表 sales_data，数据行数：26679]
2025-11-30 12:27:07,379 [INFO] [开始读取数据库表：jingpin_data]
2025-11-30 12:27:07,664 [INFO] [成功读取表 jingpin_data，数据行数：4742]
2025-11-30 12:27:07,753 [INFO] [开始读取数据库表：inventory_data]
2025-11-30 12:27:08,290 [INFO] [成功读取表 inventory_data，数据行数：6096]
2025-11-30 12:27:08,290 [INFO] [开始读取数据库表：tuiding_data]
2025-11-30 12:27:08,532 [INFO] [成功读取表 tuiding_data，数据行数：4383]
2025-11-30 12:27:08,532 [INFO] [开始读取数据库表：debit_data]
2025-11-30 12:27:10,589 [INFO] [成功读取表 debit_data，数据行数：26187]
2025-11-30 12:27:11,012 [INFO] [开始读取数据库表：sales_invoice_data]
2025-11-30 12:27:12,283 [INFO] [成功读取表 sales_invoice_data，数据行数：19297]
2025-11-30 12:57:06,225 [INFO] [数据库引擎创建成功]
2025-11-30 12:57:06,226 [INFO] [开始读取数据库表：order_data]
2025-11-30 12:57:07,795 [INFO] [成功读取表 order_data，数据行数：24337]
2025-11-30 12:57:08,103 [INFO] [开始读取数据库表：sales_data]
2025-11-30 12:57:14,180 [INFO] [成功读取表 sales_data，数据行数：26679]
2025-11-30 12:57:16,090 [INFO] [开始读取数据库表：jingpin_data]
2025-11-30 12:57:16,365 [INFO] [成功读取表 jingpin_data，数据行数：4744]
2025-11-30 12:57:16,444 [INFO] [开始读取数据库表：inventory_data]
2025-11-30 12:57:16,952 [INFO] [成功读取表 inventory_data，数据行数：6094]
2025-11-30 12:57:16,953 [INFO] [开始读取数据库表：tuiding_data]
2025-11-30 12:57:17,164 [INFO] [成功读取表 tuiding_data，数据行数：4384]
2025-11-30 12:57:17,164 [INFO] [开始读取数据库表：debit_data]
2025-11-30 12:57:19,258 [INFO] [成功读取表 debit_data，数据行数：26217]
2025-11-30 12:57:19,639 [INFO] [开始读取数据库表：sales_invoice_data]
2025-11-30 12:57:20,865 [INFO] [成功读取表 sales_invoice_data，数据行数：19299]
2025-11-30 13:26:55,683 [INFO] [数据库引擎创建成功]
2025-11-30 13:26:55,683 [INFO] [开始读取数据库表：order_data]
2025-11-30 13:26:57,155 [INFO] [成功读取表 order_data，数据行数：24344]
2025-11-30 13:26:57,460 [INFO] [开始读取数据库表：sales_data]
2025-11-30 13:27:03,761 [INFO] [成功读取表 sales_data，数据行数：26682]
2025-11-30 13:27:05,949 [INFO] [开始读取数据库表：jingpin_data]
2025-11-30 13:27:06,217 [INFO] [成功读取表 jingpin_data，数据行数：4766]
2025-11-30 13:27:06,299 [INFO] [开始读取数据库表：inventory_data]
2025-11-30 13:27:06,883 [INFO] [成功读取表 inventory_data，数据行数：6091]
2025-11-30 13:27:06,883 [INFO] [开始读取数据库表：tuiding_data]
2025-11-30 13:27:07,110 [INFO] [成功读取表 tuiding_data，数据行数：4384]
2025-11-30 13:27:07,110 [INFO] [开始读取数据库表：debit_data]
2025-11-30 13:27:09,180 [INFO] [成功读取表 debit_data，数据行数：26217]
2025-11-30 13:27:09,599 [INFO] [开始读取数据库表：sales_invoice_data]
2025-11-30 13:27:10,847 [INFO] [成功读取表 sales_invoice_data，数据行数：19302]
2025-11-30 14:00:03,623 [INFO] [数据库引擎创建成功]
2025-11-30 14:00:03,623 [INFO] [开始读取数据库表：order_data]
2025-11-30 14:00:05,308 [INFO] [成功读取表 order_data，数据行数：24349]
2025-11-30 14:00:05,657 [INFO] [开始读取数据库表：sales_data]
2025-11-30 14:00:11,909 [INFO] [成功读取表 sales_data，数据行数：26688]
2025-11-30 14:00:13,988 [INFO] [开始读取数据库表：jingpin_data]
2025-11-30 14:00:14,239 [INFO] [成功读取表 jingpin_data，数据行数：4767]
2025-11-30 14:00:14,303 [INFO] [开始读取数据库表：inventory_data]
2025-11-30 14:00:14,854 [INFO] [成功读取表 inventory_data，数据行数：6085]
2025-11-30 14:00:14,854 [INFO] [开始读取数据库表：tuiding_data]
2025-11-30 14:00:15,091 [INFO] [成功读取表 tuiding_data，数据行数：4384]
2025-11-30 14:00:15,092 [INFO] [开始读取数据库表：debit_data]
2025-11-30 14:00:16,868 [INFO] [成功读取表 debit_data，数据行数：26217]
2025-11-30 14:00:17,179 [INFO] [开始读取数据库表：sales_invoice_data]
2025-11-30 14:00:18,174 [INFO] [成功读取表 sales_invoice_data，数据行数：19307]
2025-11-30 14:27:08,747 [INFO] [数据库引擎创建成功]
2025-11-30 14:27:08,747 [INFO] [开始读取数据库表：order_data]
2025-11-30 14:27:10,229 [INFO] [成功读取表 order_data，数据行数：24351]
2025-11-30 14:27:10,525 [INFO] [开始读取数据库表：sales_data]
2025-11-30 14:27:16,790 [INFO] [成功读取表 sales_data，数据行数：26694]
2025-11-30 14:27:18,936 [INFO] [开始读取数据库表：jingpin_data]
2025-11-30 14:27:19,191 [INFO] [成功读取表 jingpin_data，数据行数：4771]
2025-11-30 14:27:19,265 [INFO] [开始读取数据库表：inventory_data]
2025-11-30 14:27:19,820 [INFO] [成功读取表 inventory_data，数据行数：6082]
2025-11-30 14:27:19,820 [INFO] [开始读取数据库表：tuiding_data]
2025-11-30 14:27:20,058 [INFO] [成功读取表 tuiding_data，数据行数：4384]
2025-11-30 14:27:20,059 [INFO] [开始读取数据库表：debit_data]
2025-11-30 14:27:22,119 [INFO] [成功读取表 debit_data，数据行数：26217]
2025-11-30 14:27:22,529 [INFO] [开始读取数据库表：sales_invoice_data]
2025-11-30 14:27:23,812 [INFO] [成功读取表 sales_invoice_data，数据行数：19312]
2025-11-30 14:57:31,887 [INFO] [数据库引擎创建成功]
2025-11-30 14:57:31,888 [INFO] [开始读取数据库表：order_data]
2025-11-30 14:57:33,421 [INFO] [成功读取表 order_data，数据行数：24359]
2025-11-30 14:57:33,767 [INFO] [开始读取数据库表：sales_data]
2025-11-30 14:57:39,729 [INFO] [成功读取表 sales_data，数据行数：26698]
2025-11-30 14:57:41,711 [INFO] [开始读取数据库表：jingpin_data]
2025-11-30 14:57:42,001 [INFO] [成功读取表 jingpin_data，数据行数：4779]
2025-11-30 14:57:42,087 [INFO] [开始读取数据库表：inventory_data]
2025-11-30 14:57:42,648 [INFO] [成功读取表 inventory_data，数据行数：6077]
2025-11-30 14:57:42,648 [INFO] [开始读取数据库表：tuiding_data]
2025-11-30 14:57:42,834 [INFO] [成功读取表 tuiding_data，数据行数：4386]
2025-11-30 14:57:42,835 [INFO] [开始读取数据库表：debit_data]
2025-11-30 14:57:44,884 [INFO] [成功读取表 debit_data，数据行数：26217]
2025-11-30 14:57:45,304 [INFO] [开始读取数据库表：sales_invoice_data]
2025-11-30 14:57:46,600 [INFO] [成功读取表 sales_invoice_data，数据行数：19316]
2025-11-30 15:27:19,410 [INFO] [数据库引擎创建成功]
2025-11-30 15:27:19,410 [INFO] [开始读取数据库表：order_data]
2025-11-30 15:27:20,978 [INFO] [成功读取表 order_data，数据行数：24364]
2025-11-30 15:27:21,318 [INFO] [开始读取数据库表：sales_data]
2025-11-30 15:27:27,658 [INFO] [成功读取表 sales_data，数据行数：26701]
2025-11-30 15:27:29,789 [INFO] [开始读取数据库表：jingpin_data]
2025-11-30 15:27:30,065 [INFO] [成功读取表 jingpin_data，数据行数：4783]
2025-11-30 15:27:30,149 [INFO] [开始读取数据库表：inventory_data]
2025-11-30 15:27:30,698 [INFO] [成功读取表 inventory_data，数据行数：6071]
2025-11-30 15:27:30,698 [INFO] [开始读取数据库表：tuiding_data]
2025-11-30 15:27:30,938 [INFO] [成功读取表 tuiding_data，数据行数：4387]
2025-11-30 15:27:30,938 [INFO] [开始读取数据库表：debit_data]
2025-11-30 15:27:32,917 [INFO] [成功读取表 debit_data，数据行数：26217]
2025-11-30 15:27:33,336 [INFO] [开始读取数据库表：sales_invoice_data]
2025-11-30 15:27:34,563 [INFO] [成功读取表 sales_invoice_data，数据行数：19321]
2025-11-30 15:57:36,866 [INFO] [数据库引擎创建成功]
2025-11-30 15:57:36,866 [INFO] [开始读取数据库表：order_data]
2025-11-30 15:57:38,346 [INFO] [成功读取表 order_data，数据行数：24371]
2025-11-30 15:57:38,703 [INFO] [开始读取数据库表：sales_data]
2025-11-30 15:57:44,708 [INFO] [成功读取表 sales_data，数据行数：26714]
2025-11-30 15:57:46,772 [INFO] [开始读取数据库表：jingpin_data]
2025-11-30 15:57:47,038 [INFO] [成功读取表 jingpin_data，数据行数：4785]
2025-11-30 15:57:47,104 [INFO] [开始读取数据库表：inventory_data]
2025-11-30 15:57:47,665 [INFO] [成功读取表 inventory_data，数据行数：6064]
2025-11-30 15:57:47,666 [INFO] [开始读取数据库表：tuiding_data]
2025-11-30 15:57:47,878 [INFO] [成功读取表 tuiding_data，数据行数：4388]
2025-11-30 15:57:47,879 [INFO] [开始读取数据库表：debit_data]
2025-11-30 15:57:49,934 [INFO] [成功读取表 debit_data，数据行数：26217]
2025-11-30 15:57:50,346 [INFO] [开始读取数据库表：sales_invoice_data]
2025-11-30 15:57:51,629 [INFO] [成功读取表 sales_invoice_data，数据行数：19329]
2025-11-30 16:28:02,588 [INFO] [数据库引擎创建成功]
2025-11-30 16:28:02,588 [INFO] [开始读取数据库表：order_data]
2025-11-30 16:28:04,262 [INFO] [成功读取表 order_data，数据行数：24377]
2025-11-30 16:28:04,634 [INFO] [开始读取数据库表：sales_data]
2025-11-30 16:28:11,089 [INFO] [成功读取表 sales_data，数据行数：26719]
2025-11-30 16:28:13,265 [INFO] [开始读取数据库表：jingpin_data]
2025-11-30 16:28:13,534 [INFO] [成功读取表 jingpin_data，数据行数：4785]
2025-11-30 16:28:13,619 [INFO] [开始读取数据库表：inventory_data]
2025-11-30 16:28:14,171 [INFO] [成功读取表 inventory_data，数据行数：6061]
2025-11-30 16:28:14,172 [INFO] [开始读取数据库表：tuiding_data]
2025-11-30 16:28:14,383 [INFO] [成功读取表 tuiding_data，数据行数：4389]
2025-11-30 16:28:14,383 [INFO] [开始读取数据库表：debit_data]
2025-11-30 16:28:16,381 [INFO] [成功读取表 debit_data，数据行数：26217]
2025-11-30 16:28:16,793 [INFO] [开始读取数据库表：sales_invoice_data]
2025-11-30 16:28:18,028 [INFO] [成功读取表 sales_invoice_data，数据行数：19332]
2025-11-30 17:01:55,576 [INFO] [数据库引擎创建成功]
2025-11-30 17:01:55,577 [INFO] [开始读取数据库表：order_data]
2025-11-30 17:01:57,219 [INFO] [成功读取表 order_data，数据行数：24376]
2025-11-30 17:01:57,554 [INFO] [开始读取数据库表：sales_data]
2025-11-30 17:02:03,750 [INFO] [成功读取表 sales_data，数据行数：26726]
2025-11-30 17:02:05,761 [INFO] [开始读取数据库表：jingpin_data]
2025-11-30 17:02:06,025 [INFO] [成功读取表 jingpin_data，数据行数：4785]
2025-11-30 17:02:06,093 [INFO] [开始读取数据库表：inventory_data]
2025-11-30 17:02:06,663 [INFO] [成功读取表 inventory_data，数据行数：6061]
2025-11-30 17:02:06,663 [INFO] [开始读取数据库表：tuiding_data]
2025-11-30 17:02:06,865 [INFO] [成功读取表 tuiding_data，数据行数：4390]
2025-11-30 17:02:06,866 [INFO] [开始读取数据库表：debit_data]
2025-11-30 17:02:09,001 [INFO] [成功读取表 debit_data，数据行数：26217]
2025-11-30 17:02:09,403 [INFO] [开始读取数据库表：sales_invoice_data]
2025-11-30 17:02:10,642 [INFO] [成功读取表 sales_invoice_data，数据行数：19340]
2025-11-30 17:28:44,468 [INFO] [数据库引擎创建成功]
2025-11-30 17:28:44,469 [INFO] [开始读取数据库表：order_data]
2025-11-30 17:28:46,089 [INFO] [成功读取表 order_data，数据行数：24392]
2025-11-30 17:28:46,453 [INFO] [开始读取数据库表：sales_data]
2025-11-30 17:28:52,833 [INFO] [成功读取表 sales_data，数据行数：26732]
2025-11-30 17:28:54,904 [INFO] [开始读取数据库表：jingpin_data]
2025-11-30 17:28:55,208 [INFO] [成功读取表 jingpin_data，数据行数：4785]
2025-11-30 17:28:55,288 [INFO] [开始读取数据库表：inventory_data]
2025-11-30 17:28:55,815 [INFO] [成功读取表 inventory_data，数据行数：6048]
2025-11-30 17:28:55,815 [INFO] [开始读取数据库表：tuiding_data]
2025-11-30 17:28:56,036 [INFO] [成功读取表 tuiding_data，数据行数：4390]
2025-11-30 17:28:56,036 [INFO] [开始读取数据库表：debit_data]
2025-11-30 17:28:58,185 [INFO] [成功读取表 debit_data，数据行数：26217]
2025-11-30 17:28:58,589 [INFO] [开始读取数据库表：sales_invoice_data]
2025-11-30 17:28:59,824 [INFO] [成功读取表 sales_invoice_data，数据行数：19345]
2025-11-30 17:57:41,068 [INFO] [数据库引擎创建成功]
2025-11-30 17:57:41,069 [INFO] [开始读取数据库表：order_data]
2025-11-30 17:57:42,611 [INFO] [成功读取表 order_data，数据行数：24408]
2025-11-30 17:57:42,931 [INFO] [开始读取数据库表：sales_data]
2025-11-30 17:57:49,031 [INFO] [成功读取表 sales_data，数据行数：26745]
2025-11-30 17:57:51,149 [INFO] [开始读取数据库表：jingpin_data]
2025-11-30 17:57:51,398 [INFO] [成功读取表 jingpin_data，数据行数：4793]
2025-11-30 17:57:51,486 [INFO] [开始读取数据库表：inventory_data]
2025-11-30 17:57:52,059 [INFO] [成功读取表 inventory_data，数据行数：6040]
2025-11-30 17:57:52,059 [INFO] [开始读取数据库表：tuiding_data]
2025-11-30 17:57:52,280 [INFO] [成功读取表 tuiding_data，数据行数：4390]
2025-11-30 17:57:52,280 [INFO] [开始读取数据库表：debit_data]
2025-11-30 17:57:54,309 [INFO] [成功读取表 debit_data，数据行数：26217]
2025-11-30 17:57:54,690 [INFO] [开始读取数据库表：sales_invoice_data]
2025-11-30 17:57:55,973 [INFO] [成功读取表 sales_invoice_data，数据行数：19353]
2025-11-30 18:27:01,666 [INFO] [数据库引擎创建成功]
2025-11-30 18:27:01,667 [INFO] [开始读取数据库表：order_data]
2025-11-30 18:27:03,247 [INFO] [成功读取表 order_data，数据行数：24416]
2025-11-30 18:27:03,594 [INFO] [开始读取数据库表：sales_data]
2025-11-30 18:27:10,108 [INFO] [成功读取表 sales_data，数据行数：26750]
2025-11-30 18:27:12,273 [INFO] [开始读取数据库表：jingpin_data]
2025-11-30 18:27:12,581 [INFO] [成功读取表 jingpin_data，数据行数：4793]
2025-11-30 18:27:12,669 [INFO] [开始读取数据库表：inventory_data]
2025-11-30 18:27:13,257 [INFO] [成功读取表 inventory_data，数据行数：6035]
2025-11-30 18:27:13,257 [INFO] [开始读取数据库表：tuiding_data]
2025-11-30 18:27:13,499 [INFO] [成功读取表 tuiding_data，数据行数：4391]
2025-11-30 18:27:13,499 [INFO] [开始读取数据库表：debit_data]
2025-11-30 18:27:15,549 [INFO] [成功读取表 debit_data，数据行数：26217]
2025-11-30 18:27:15,966 [INFO] [开始读取数据库表：sales_invoice_data]
2025-11-30 18:27:17,221 [INFO] [成功读取表 sales_invoice_data，数据行数：19358]
2025-11-30 18:56:49,117 [INFO] [数据库引擎创建成功]
2025-11-30 18:56:49,117 [INFO] [开始读取数据库表：order_data]
2025-11-30 18:56:50,735 [INFO] [成功读取表 order_data，数据行数：24423]
2025-11-30 18:56:51,066 [INFO] [开始读取数据库表：sales_data]
2025-11-30 18:56:57,304 [INFO] [成功读取表 sales_data，数据行数：26730]
2025-11-30 18:56:59,388 [INFO] [开始读取数据库表：jingpin_data]
2025-11-30 18:56:59,671 [INFO] [成功读取表 jingpin_data，数据行数：4793]
2025-11-30 18:56:59,727 [INFO] [开始读取数据库表：inventory_data]
2025-11-30 18:57:00,336 [INFO] [成功读取表 inventory_data，数据行数：6033]
2025-11-30 18:57:00,337 [INFO] [开始读取数据库表：tuiding_data]
2025-11-30 18:57:00,623 [INFO] [成功读取表 tuiding_data，数据行数：4391]
2025-11-30 18:57:00,623 [INFO] [开始读取数据库表：debit_data]
2025-11-30 18:57:02,818 [INFO] [成功读取表 debit_data，数据行数：26217]
2025-11-30 18:57:03,253 [INFO] [开始读取数据库表：sales_invoice_data]
2025-11-30 18:57:04,636 [INFO] [成功读取表 sales_invoice_data，数据行数：19360]
2025-11-30 19:26:55,975 [INFO] [数据库引擎创建成功]
2025-11-30 19:26:55,976 [INFO] [开始读取数据库表：order_data]
2025-11-30 19:26:57,562 [INFO] [成功读取表 order_data，数据行数：24425]
2025-11-30 19:26:57,916 [INFO] [开始读取数据库表：sales_data]
2025-11-30 19:27:04,252 [INFO] [成功读取表 sales_data，数据行数：26723]
2025-11-30 19:27:06,385 [INFO] [开始读取数据库表：jingpin_data]
2025-11-30 19:27:06,710 [INFO] [成功读取表 jingpin_data，数据行数：4793]
2025-11-30 19:27:06,798 [INFO] [开始读取数据库表：inventory_data]
2025-11-30 19:27:07,409 [INFO] [成功读取表 inventory_data，数据行数：6033]
2025-11-30 19:27:07,409 [INFO] [开始读取数据库表：tuiding_data]
2025-11-30 19:27:07,660 [INFO] [成功读取表 tuiding_data，数据行数：4391]
2025-11-30 19:27:07,661 [INFO] [开始读取数据库表：debit_data]
2025-11-30 19:27:09,705 [INFO] [成功读取表 debit_data，数据行数：26217]
2025-11-30 19:27:10,129 [INFO] [开始读取数据库表：sales_invoice_data]
2025-11-30 19:27:11,455 [INFO] [成功读取表 sales_invoice_data，数据行数：19360]
2025-11-30 19:56:50,317 [INFO] [数据库引擎创建成功]
2025-11-30 19:56:50,317 [INFO] [开始读取数据库表：order_data]
2025-11-30 19:56:51,865 [INFO] [成功读取表 order_data，数据行数：24428]
2025-11-30 19:56:52,235 [INFO] [开始读取数据库表：sales_data]
2025-11-30 19:56:58,482 [INFO] [成功读取表 sales_data，数据行数：26723]
2025-11-30 19:57:00,594 [INFO] [开始读取数据库表：jingpin_data]
2025-11-30 19:57:00,898 [INFO] [成功读取表 jingpin_data，数据行数：4797]
2025-11-30 19:57:00,983 [INFO] [开始读取数据库表：inventory_data]
2025-11-30 19:57:01,548 [INFO] [成功读取表 inventory_data，数据行数：6033]
2025-11-30 19:57:01,548 [INFO] [开始读取数据库表：tuiding_data]
2025-11-30 19:57:01,766 [INFO] [成功读取表 tuiding_data，数据行数：4391]
2025-11-30 19:57:01,767 [INFO] [开始读取数据库表：debit_data]
2025-11-30 19:57:03,899 [INFO] [成功读取表 debit_data，数据行数：26217]
2025-11-30 19:57:04,286 [INFO] [开始读取数据库表：sales_invoice_data]
2025-11-30 19:57:05,611 [INFO] [成功读取表 sales_invoice_data，数据行数：19360]
2025-11-30 20:27:01,899 [INFO] [数据库引擎创建成功]
2025-11-30 20:27:01,899 [INFO] [开始读取数据库表：order_data]
2025-11-30 20:27:03,392 [INFO] [成功读取表 order_data，数据行数：24428]
2025-11-30 20:27:03,747 [INFO] [开始读取数据库表：sales_data]
2025-11-30 20:27:10,034 [INFO] [成功读取表 sales_data，数据行数：26723]
2025-11-30 20:27:12,075 [INFO] [开始读取数据库表：jingpin_data]
2025-11-30 20:27:12,363 [INFO] [成功读取表 jingpin_data，数据行数：4798]
2025-11-30 20:27:12,446 [INFO] [开始读取数据库表：inventory_data]
2025-11-30 20:27:12,994 [INFO] [成功读取表 inventory_data，数据行数：6033]
2025-11-30 20:27:12,994 [INFO] [开始读取数据库表：tuiding_data]
2025-11-30 20:27:13,230 [INFO] [成功读取表 tuiding_data，数据行数：4391]
2025-11-30 20:27:13,230 [INFO] [开始读取数据库表：debit_data]
2025-11-30 20:27:15,236 [INFO] [成功读取表 debit_data，数据行数：26217]
2025-11-30 20:27:15,620 [INFO] [开始读取数据库表：sales_invoice_data]
2025-11-30 20:27:16,836 [INFO] [成功读取表 sales_invoice_data，数据行数：19360]
2025-11-30 20:56:52,238 [INFO] [数据库引擎创建成功]
2025-11-30 20:56:52,238 [INFO] [开始读取数据库表：order_data]
2025-11-30 20:56:53,873 [INFO] [成功读取表 order_data，数据行数：24428]
2025-11-30 20:56:54,234 [INFO] [开始读取数据库表：sales_data]
2025-11-30 20:57:00,440 [INFO] [成功读取表 sales_data，数据行数：26723]
2025-11-30 20:57:02,599 [INFO] [开始读取数据库表：jingpin_data]
2025-11-30 20:57:02,878 [INFO] [成功读取表 jingpin_data，数据行数：4798]
2025-11-30 20:57:02,967 [INFO] [开始读取数据库表：inventory_data]
2025-11-30 20:57:03,547 [INFO] [成功读取表 inventory_data，数据行数：6033]
2025-11-30 20:57:03,548 [INFO] [开始读取数据库表：tuiding_data]
2025-11-30 20:57:03,774 [INFO] [成功读取表 tuiding_data，数据行数：4391]
2025-11-30 20:57:03,774 [INFO] [开始读取数据库表：debit_data]
2025-11-30 20:57:05,784 [INFO] [成功读取表 debit_data，数据行数：26217]
2025-11-30 20:57:06,207 [INFO] [开始读取数据库表：sales_invoice_data]
2025-11-30 20:57:07,483 [INFO] [成功读取表 sales_invoice_data，数据行数：19360]
2025-11-30 21:26:54,913 [INFO] [数据库引擎创建成功]
2025-11-30 21:26:54,914 [INFO] [开始读取数据库表：order_data]
2025-11-30 21:26:56,458 [INFO] [成功读取表 order_data，数据行数：24428]
2025-11-30 21:26:56,787 [INFO] [开始读取数据库表：sales_data]
2025-11-30 21:27:03,536 [INFO] [成功读取表 sales_data，数据行数：26723]
2025-11-30 21:27:05,657 [INFO] [开始读取数据库表：jingpin_data]
2025-11-30 21:27:05,935 [INFO] [成功读取表 jingpin_data，数据行数：4798]
2025-11-30 21:27:06,021 [INFO] [开始读取数据库表：inventory_data]
2025-11-30 21:27:06,556 [INFO] [成功读取表 inventory_data，数据行数：6037]
2025-11-30 21:27:06,557 [INFO] [开始读取数据库表：tuiding_data]
2025-11-30 21:27:06,767 [INFO] [成功读取表 tuiding_data，数据行数：4391]
2025-11-30 21:27:06,767 [INFO] [开始读取数据库表：debit_data]
2025-11-30 21:27:08,774 [INFO] [成功读取表 debit_data，数据行数：26221]
2025-11-30 21:27:09,136 [INFO] [开始读取数据库表：sales_invoice_data]
2025-11-30 21:27:10,413 [INFO] [成功读取表 sales_invoice_data，数据行数：19360]
2025-11-30 21:57:04,824 [INFO] [数据库引擎创建成功]
2025-11-30 21:57:04,825 [INFO] [开始读取数据库表：order_data]
2025-11-30 21:57:06,491 [INFO] [成功读取表 order_data，数据行数：24428]
2025-11-30 21:57:06,877 [INFO] [开始读取数据库表：sales_data]
2025-11-30 21:57:13,193 [INFO] [成功读取表 sales_data，数据行数：26723]
2025-11-30 21:57:15,342 [INFO] [开始读取数据库表：jingpin_data]
2025-11-30 21:57:15,636 [INFO] [成功读取表 jingpin_data，数据行数：4798]
2025-11-30 21:57:15,703 [INFO] [开始读取数据库表：inventory_data]
2025-11-30 21:57:16,194 [INFO] [成功读取表 inventory_data，数据行数：6037]
2025-11-30 21:57:16,194 [INFO] [开始读取数据库表：tuiding_data]
2025-11-30 21:57:16,423 [INFO] [成功读取表 tuiding_data，数据行数：4391]
2025-11-30 21:57:16,424 [INFO] [开始读取数据库表：debit_data]
2025-11-30 21:57:18,444 [INFO] [成功读取表 debit_data，数据行数：26222]
2025-11-30 21:57:18,846 [INFO] [开始读取数据库表：sales_invoice_data]
2025-11-30 21:57:20,080 [INFO] [成功读取表 sales_invoice_data，数据行数：19360]
2025-11-30 22:26:42,171 [INFO] [数据库引擎创建成功]
2025-11-30 22:26:42,171 [INFO] [开始读取数据库表：order_data]
2025-11-30 22:26:43,834 [INFO] [成功读取表 order_data，数据行数：24428]
2025-11-30 22:26:44,185 [INFO] [开始读取数据库表：sales_data]
2025-11-30 22:26:50,679 [INFO] [成功读取表 sales_data，数据行数：26723]
2025-11-30 22:26:52,860 [INFO] [开始读取数据库表：jingpin_data]
2025-11-30 22:26:53,120 [INFO] [成功读取表 jingpin_data，数据行数：4798]
2025-11-30 22:26:53,198 [INFO] [开始读取数据库表：inventory_data]
2025-11-30 22:26:53,749 [INFO] [成功读取表 inventory_data，数据行数：6037]
2025-11-30 22:26:53,749 [INFO] [开始读取数据库表：tuiding_data]
2025-11-30 22:26:53,978 [INFO] [成功读取表 tuiding_data，数据行数：4391]
2025-11-30 22:26:53,979 [INFO] [开始读取数据库表：debit_data]
2025-11-30 22:26:56,153 [INFO] [成功读取表 debit_data，数据行数：26222]
2025-11-30 22:26:56,588 [INFO] [开始读取数据库表：sales_invoice_data]
2025-11-30 22:26:57,937 [INFO] [成功读取表 sales_invoice_data，数据行数：19360]
2025-11-30 22:56:56,133 [INFO] [数据库引擎创建成功]
2025-11-30 22:56:56,134 [INFO] [开始读取数据库表：order_data]
2025-11-30 22:56:57,762 [INFO] [成功读取表 order_data，数据行数：24426]
2025-11-30 22:56:58,112 [INFO] [开始读取数据库表：sales_data]
2025-11-30 22:57:04,347 [INFO] [成功读取表 sales_data，数据行数：26723]
2025-11-30 22:57:06,469 [INFO] [开始读取数据库表：jingpin_data]
2025-11-30 22:57:06,766 [INFO] [成功读取表 jingpin_data，数据行数：4798]
2025-11-30 22:57:06,849 [INFO] [开始读取数据库表：inventory_data]
2025-11-30 22:57:07,379 [INFO] [成功读取表 inventory_data，数据行数：6037]
2025-11-30 22:57:07,380 [INFO] [开始读取数据库表：tuiding_data]
2025-11-30 22:57:07,579 [INFO] [成功读取表 tuiding_data，数据行数：4393]
2025-11-30 22:57:07,580 [INFO] [开始读取数据库表：debit_data]
2025-11-30 22:57:09,650 [INFO] [成功读取表 debit_data，数据行数：26222]
2025-11-30 22:57:10,014 [INFO] [开始读取数据库表：sales_invoice_data]
2025-11-30 22:57:11,297 [INFO] [成功读取表 sales_invoice_data，数据行数：19360]
2025-11-30 23:26:57,043 [INFO] [数据库引擎创建成功]
2025-11-30 23:26:57,044 [INFO] [开始读取数据库表：order_data]
2025-11-30 23:26:58,715 [INFO] [成功读取表 order_data，数据行数：24427]
2025-11-30 23:26:59,049 [INFO] [开始读取数据库表：sales_data]
2025-11-30 23:27:05,542 [INFO] [成功读取表 sales_data，数据行数：26723]
2025-11-30 23:27:07,735 [INFO] [开始读取数据库表：jingpin_data]
2025-11-30 23:27:08,019 [INFO] [成功读取表 jingpin_data，数据行数：4798]
2025-11-30 23:27:08,097 [INFO] [开始读取数据库表：inventory_data]
2025-11-30 23:27:08,612 [INFO] [成功读取表 inventory_data，数据行数：6037]
2025-11-30 23:27:08,612 [INFO] [开始读取数据库表：tuiding_data]
2025-11-30 23:27:08,821 [INFO] [成功读取表 tuiding_data，数据行数：4393]
2025-11-30 23:27:08,821 [INFO] [开始读取数据库表：debit_data]
2025-11-30 23:27:10,902 [INFO] [成功读取表 debit_data，数据行数：26222]
2025-11-30 23:27:11,311 [INFO] [开始读取数据库表：sales_invoice_data]
2025-11-30 23:27:12,630 [INFO] [成功读取表 sales_invoice_data，数据行数：19360]
2025-11-30 23:56:48,861 [INFO] [数据库引擎创建成功]
2025-11-30 23:56:48,862 [INFO] [开始读取数据库表：order_data]
2025-11-30 23:56:50,446 [INFO] [成功读取表 order_data，数据行数：24427]
2025-11-30 23:56:50,805 [INFO] [开始读取数据库表：sales_data]
2025-11-30 23:56:57,001 [INFO] [成功读取表 sales_data，数据行数：26723]
2025-11-30 23:56:59,120 [INFO] [开始读取数据库表：jingpin_data]
2025-11-30 23:56:59,388 [INFO] [成功读取表 jingpin_data，数据行数：4798]
2025-11-30 23:56:59,468 [INFO] [开始读取数据库表：inventory_data]
2025-11-30 23:57:00,005 [INFO] [成功读取表 inventory_data，数据行数：6037]
2025-11-30 23:57:00,005 [INFO] [开始读取数据库表：tuiding_data]
2025-11-30 23:57:00,211 [INFO] [成功读取表 tuiding_data，数据行数：4393]
2025-11-30 23:57:00,211 [INFO] [开始读取数据库表：debit_data]
2025-11-30 23:57:02,385 [INFO] [成功读取表 debit_data，数据行数：26222]
2025-11-30 23:57:02,784 [INFO] [开始读取数据库表：sales_invoice_data]
2025-11-30 23:57:04,044 [INFO] [成功读取表 sales_invoice_data，数据行数：19360]
