2025-12-06 08:55:04,306 [INFO] [数据库引擎创建成功]
2025-12-06 08:55:04,307 [INFO] [开始读取数据库表：order_data]
2025-12-06 08:55:06,135 [INFO] [成功读取表 order_data，数据行数：24822]
2025-12-06 08:55:06,494 [INFO] [开始读取数据库表：sales_data]
2025-12-06 08:55:13,031 [INFO] [成功读取表 sales_data，数据行数：27305]
2025-12-06 08:55:15,155 [INFO] [开始读取数据库表：jingpin_data]
2025-12-06 08:55:15,446 [INFO] [成功读取表 jingpin_data，数据行数：4945]
2025-12-06 08:55:15,526 [INFO] [开始读取数据库表：inventory_data]
2025-12-06 08:55:16,124 [INFO] [成功读取表 inventory_data，数据行数：5809]
2025-12-06 08:55:16,124 [INFO] [开始读取数据库表：tuiding_data]
2025-12-06 08:55:16,363 [INFO] [成功读取表 tuiding_data，数据行数：4504]
2025-12-06 08:55:16,363 [INFO] [开始读取数据库表：debit_data]
2025-12-06 08:55:18,412 [INFO] [成功读取表 debit_data，数据行数：26436]
2025-12-06 08:55:18,829 [INFO] [开始读取数据库表：sales_invoice_data]
2025-12-06 08:55:20,168 [INFO] [成功读取表 sales_invoice_data，数据行数：19849]
2025-12-06 09:28:35,560 [INFO] [数据库引擎创建成功]
2025-12-06 09:28:35,560 [INFO] [开始读取数据库表：order_data]
2025-12-06 09:28:37,398 [INFO] [成功读取表 order_data，数据行数：24823]
2025-12-06 09:28:37,726 [INFO] [开始读取数据库表：sales_data]
2025-12-06 09:28:44,367 [INFO] [成功读取表 sales_data，数据行数：27306]
2025-12-06 09:28:46,363 [INFO] [开始读取数据库表：jingpin_data]
2025-12-06 09:28:46,676 [INFO] [成功读取表 jingpin_data，数据行数：4945]
2025-12-06 09:28:46,750 [INFO] [开始读取数据库表：inventory_data]
2025-12-06 09:28:47,350 [INFO] [成功读取表 inventory_data，数据行数：5808]
2025-12-06 09:28:47,350 [INFO] [开始读取数据库表：tuiding_data]
2025-12-06 09:28:47,601 [INFO] [成功读取表 tuiding_data，数据行数：4504]
2025-12-06 09:28:47,601 [INFO] [开始读取数据库表：debit_data]
2025-12-06 09:28:49,753 [INFO] [成功读取表 debit_data，数据行数：26436]
2025-12-06 09:28:50,136 [INFO] [开始读取数据库表：sales_invoice_data]
2025-12-06 09:28:51,657 [INFO] [成功读取表 sales_invoice_data，数据行数：19850]
2025-12-06 09:56:56,436 [INFO] [数据库引擎创建成功]
2025-12-06 09:56:56,437 [INFO] [开始读取数据库表：order_data]
2025-12-06 09:56:58,291 [INFO] [成功读取表 order_data，数据行数：24823]
2025-12-06 09:56:58,581 [INFO] [开始读取数据库表：sales_data]
2025-12-06 09:57:04,541 [INFO] [成功读取表 sales_data，数据行数：27306]
2025-12-06 09:57:06,687 [INFO] [开始读取数据库表：jingpin_data]
2025-12-06 09:57:06,988 [INFO] [成功读取表 jingpin_data，数据行数：4945]
2025-12-06 09:57:07,054 [INFO] [开始读取数据库表：inventory_data]
2025-12-06 09:57:07,642 [INFO] [成功读取表 inventory_data，数据行数：5808]
2025-12-06 09:57:07,642 [INFO] [开始读取数据库表：tuiding_data]
2025-12-06 09:57:07,890 [INFO] [成功读取表 tuiding_data，数据行数：4504]
2025-12-06 09:57:07,890 [INFO] [开始读取数据库表：debit_data]
2025-12-06 09:57:10,040 [INFO] [成功读取表 debit_data，数据行数：26436]
2025-12-06 09:57:10,403 [INFO] [开始读取数据库表：sales_invoice_data]
2025-12-06 09:57:11,827 [INFO] [成功读取表 sales_invoice_data，数据行数：19850]
2025-12-06 10:27:37,841 [INFO] [数据库引擎创建成功]
2025-12-06 10:27:37,842 [INFO] [开始读取数据库表：order_data]
2025-12-06 10:27:39,712 [INFO] [成功读取表 order_data，数据行数：24823]
2025-12-06 10:27:40,044 [INFO] [开始读取数据库表：sales_data]
2025-12-06 10:27:46,651 [INFO] [成功读取表 sales_data，数据行数：27306]
2025-12-06 10:27:48,709 [INFO] [开始读取数据库表：jingpin_data]
2025-12-06 10:27:49,026 [INFO] [成功读取表 jingpin_data，数据行数：4946]
2025-12-06 10:27:49,101 [INFO] [开始读取数据库表：inventory_data]
2025-12-06 10:27:49,725 [INFO] [成功读取表 inventory_data，数据行数：5808]
2025-12-06 10:27:49,725 [INFO] [开始读取数据库表：tuiding_data]
2025-12-06 10:27:49,982 [INFO] [成功读取表 tuiding_data，数据行数：4505]
2025-12-06 10:27:49,982 [INFO] [开始读取数据库表：debit_data]
2025-12-06 10:27:51,952 [INFO] [成功读取表 debit_data，数据行数：26436]
2025-12-06 10:27:52,260 [INFO] [开始读取数据库表：sales_invoice_data]
2025-12-06 10:27:53,651 [INFO] [成功读取表 sales_invoice_data，数据行数：19850]
2025-12-06 10:57:21,112 [INFO] [数据库引擎创建成功]
2025-12-06 10:57:21,112 [INFO] [开始读取数据库表：order_data]
2025-12-06 10:57:22,886 [INFO] [成功读取表 order_data，数据行数：24827]
2025-12-06 10:57:23,233 [INFO] [开始读取数据库表：sales_data]
2025-12-06 10:57:29,310 [INFO] [成功读取表 sales_data，数据行数：27308]
2025-12-06 10:57:31,281 [INFO] [开始读取数据库表：jingpin_data]
2025-12-06 10:57:31,575 [INFO] [成功读取表 jingpin_data，数据行数：4946]
2025-12-06 10:57:31,640 [INFO] [开始读取数据库表：inventory_data]
2025-12-06 10:57:32,221 [INFO] [成功读取表 inventory_data，数据行数：5805]
2025-12-06 10:57:32,221 [INFO] [开始读取数据库表：tuiding_data]
2025-12-06 10:57:32,436 [INFO] [成功读取表 tuiding_data，数据行数：4505]
2025-12-06 10:57:32,436 [INFO] [开始读取数据库表：debit_data]
2025-12-06 10:57:34,526 [INFO] [成功读取表 debit_data，数据行数：26436]
2025-12-06 10:57:34,928 [INFO] [开始读取数据库表：sales_invoice_data]
2025-12-06 10:57:36,364 [INFO] [成功读取表 sales_invoice_data，数据行数：19853]
2025-12-06 11:30:02,095 [INFO] [数据库引擎创建成功]
2025-12-06 11:30:02,096 [INFO] [开始读取数据库表：order_data]
2025-12-06 11:30:03,915 [INFO] [成功读取表 order_data，数据行数：24832]
2025-12-06 11:30:04,228 [INFO] [开始读取数据库表：sales_data]
2025-12-06 11:30:10,564 [INFO] [成功读取表 sales_data，数据行数：27310]
2025-12-06 11:30:12,561 [INFO] [开始读取数据库表：jingpin_data]
2025-12-06 11:30:12,845 [INFO] [成功读取表 jingpin_data，数据行数：4964]
2025-12-06 11:30:12,911 [INFO] [开始读取数据库表：inventory_data]
2025-12-06 11:30:13,500 [INFO] [成功读取表 inventory_data，数据行数：5803]
2025-12-06 11:30:13,500 [INFO] [开始读取数据库表：tuiding_data]
2025-12-06 11:30:13,730 [INFO] [成功读取表 tuiding_data，数据行数：4506]
2025-12-06 11:30:13,731 [INFO] [开始读取数据库表：debit_data]
2025-12-06 11:30:15,827 [INFO] [成功读取表 debit_data，数据行数：26436]
2025-12-06 11:30:16,210 [INFO] [开始读取数据库表：sales_invoice_data]
2025-12-06 11:30:17,625 [INFO] [成功读取表 sales_invoice_data，数据行数：19855]
2025-12-06 11:57:08,864 [INFO] [数据库引擎创建成功]
2025-12-06 11:57:08,865 [INFO] [开始读取数据库表：order_data]
2025-12-06 11:57:10,599 [INFO] [成功读取表 order_data，数据行数：24838]
2025-12-06 11:57:10,972 [INFO] [开始读取数据库表：sales_data]
2025-12-06 11:57:17,604 [INFO] [成功读取表 sales_data，数据行数：27314]
2025-12-06 11:57:19,632 [INFO] [开始读取数据库表：jingpin_data]
2025-12-06 11:57:19,936 [INFO] [成功读取表 jingpin_data，数据行数：4970]
2025-12-06 11:57:20,015 [INFO] [开始读取数据库表：inventory_data]
2025-12-06 11:57:20,623 [INFO] [成功读取表 inventory_data，数据行数：5799]
2025-12-06 11:57:20,623 [INFO] [开始读取数据库表：tuiding_data]
2025-12-06 11:57:20,876 [INFO] [成功读取表 tuiding_data，数据行数：4506]
2025-12-06 11:57:20,876 [INFO] [开始读取数据库表：debit_data]
2025-12-06 11:57:22,997 [INFO] [成功读取表 debit_data，数据行数：26436]
2025-12-06 11:57:23,390 [INFO] [开始读取数据库表：sales_invoice_data]
2025-12-06 11:57:24,766 [INFO] [成功读取表 sales_invoice_data，数据行数：19860]
2025-12-06 12:27:17,061 [INFO] [数据库引擎创建成功]
2025-12-06 12:27:17,061 [INFO] [开始读取数据库表：order_data]
2025-12-06 12:27:18,899 [INFO] [成功读取表 order_data，数据行数：24836]
2025-12-06 12:27:19,255 [INFO] [开始读取数据库表：sales_data]
2025-12-06 12:27:26,093 [INFO] [成功读取表 sales_data，数据行数：27314]
2025-12-06 12:27:28,184 [INFO] [开始读取数据库表：jingpin_data]
2025-12-06 12:27:28,492 [INFO] [成功读取表 jingpin_data，数据行数：4970]
2025-12-06 12:27:28,581 [INFO] [开始读取数据库表：inventory_data]
2025-12-06 12:27:29,207 [INFO] [成功读取表 inventory_data，数据行数：5799]
2025-12-06 12:27:29,207 [INFO] [开始读取数据库表：tuiding_data]
2025-12-06 12:27:29,464 [INFO] [成功读取表 tuiding_data，数据行数：4512]
2025-12-06 12:27:29,465 [INFO] [开始读取数据库表：debit_data]
2025-12-06 12:27:31,617 [INFO] [成功读取表 debit_data，数据行数：26476]
2025-12-06 12:27:32,009 [INFO] [开始读取数据库表：sales_invoice_data]
2025-12-06 12:27:33,498 [INFO] [成功读取表 sales_invoice_data，数据行数：19860]
2025-12-06 12:57:09,605 [INFO] [数据库引擎创建成功]
2025-12-06 12:57:09,605 [INFO] [开始读取数据库表：order_data]
2025-12-06 12:57:11,336 [INFO] [成功读取表 order_data，数据行数：24840]
2025-12-06 12:57:11,694 [INFO] [开始读取数据库表：sales_data]
2025-12-06 12:57:18,128 [INFO] [成功读取表 sales_data，数据行数：27314]
2025-12-06 12:57:20,131 [INFO] [开始读取数据库表：jingpin_data]
2025-12-06 12:57:20,428 [INFO] [成功读取表 jingpin_data，数据行数：4970]
2025-12-06 12:57:20,502 [INFO] [开始读取数据库表：inventory_data]
2025-12-06 12:57:21,110 [INFO] [成功读取表 inventory_data，数据行数：5798]
2025-12-06 12:57:21,110 [INFO] [开始读取数据库表：tuiding_data]
2025-12-06 12:57:21,331 [INFO] [成功读取表 tuiding_data，数据行数：4512]
2025-12-06 12:57:21,331 [INFO] [开始读取数据库表：debit_data]
2025-12-06 12:57:23,361 [INFO] [成功读取表 debit_data，数据行数：26476]
2025-12-06 12:57:23,743 [INFO] [开始读取数据库表：sales_invoice_data]
2025-12-06 12:57:25,148 [INFO] [成功读取表 sales_invoice_data，数据行数：19861]
2025-12-06 13:27:03,315 [INFO] [数据库引擎创建成功]
2025-12-06 13:27:03,316 [INFO] [开始读取数据库表：order_data]
2025-12-06 13:27:05,109 [INFO] [成功读取表 order_data，数据行数：24843]
2025-12-06 13:27:05,438 [INFO] [开始读取数据库表：sales_data]
2025-12-06 13:27:11,890 [INFO] [成功读取表 sales_data，数据行数：27320]
2025-12-06 13:27:13,943 [INFO] [开始读取数据库表：jingpin_data]
2025-12-06 13:27:14,239 [INFO] [成功读取表 jingpin_data，数据行数：4971]
2025-12-06 13:27:14,313 [INFO] [开始读取数据库表：inventory_data]
2025-12-06 13:27:14,920 [INFO] [成功读取表 inventory_data，数据行数：5792]
2025-12-06 13:27:14,920 [INFO] [开始读取数据库表：tuiding_data]
2025-12-06 13:27:15,163 [INFO] [成功读取表 tuiding_data，数据行数：4512]
2025-12-06 13:27:15,163 [INFO] [开始读取数据库表：debit_data]
2025-12-06 13:27:17,196 [INFO] [成功读取表 debit_data，数据行数：26476]
2025-12-06 13:27:17,590 [INFO] [开始读取数据库表：sales_invoice_data]
2025-12-06 13:27:19,048 [INFO] [成功读取表 sales_invoice_data，数据行数：19865]
2025-12-06 13:57:38,145 [INFO] [数据库引擎创建成功]
2025-12-06 13:57:38,145 [INFO] [开始读取数据库表：order_data]
2025-12-06 13:57:39,976 [INFO] [成功读取表 order_data，数据行数：24854]
2025-12-06 13:57:40,309 [INFO] [开始读取数据库表：sales_data]
2025-12-06 13:57:46,970 [INFO] [成功读取表 sales_data，数据行数：27324]
2025-12-06 13:57:48,958 [INFO] [开始读取数据库表：jingpin_data]
2025-12-06 13:57:49,271 [INFO] [成功读取表 jingpin_data，数据行数：4971]
2025-12-06 13:57:49,342 [INFO] [开始读取数据库表：inventory_data]
2025-12-06 13:57:49,914 [INFO] [成功读取表 inventory_data，数据行数：5788]
2025-12-06 13:57:49,914 [INFO] [开始读取数据库表：tuiding_data]
2025-12-06 13:57:50,131 [INFO] [成功读取表 tuiding_data，数据行数：4512]
2025-12-06 13:57:50,131 [INFO] [开始读取数据库表：debit_data]
2025-12-06 13:57:52,206 [INFO] [成功读取表 debit_data，数据行数：26476]
2025-12-06 13:57:52,600 [INFO] [开始读取数据库表：sales_invoice_data]
2025-12-06 13:57:54,062 [INFO] [成功读取表 sales_invoice_data，数据行数：19869]
2025-12-06 14:26:54,688 [INFO] [数据库引擎创建成功]
2025-12-06 14:26:54,688 [INFO] [开始读取数据库表：order_data]
2025-12-06 14:26:56,473 [INFO] [成功读取表 order_data，数据行数：24860]
2025-12-06 14:26:56,807 [INFO] [开始读取数据库表：sales_data]
2025-12-06 14:27:03,383 [INFO] [成功读取表 sales_data，数据行数：27324]
2025-12-06 14:27:05,435 [INFO] [开始读取数据库表：jingpin_data]
2025-12-06 14:27:05,739 [INFO] [成功读取表 jingpin_data，数据行数：4971]
2025-12-06 14:27:05,809 [INFO] [开始读取数据库表：inventory_data]
2025-12-06 14:27:06,402 [INFO] [成功读取表 inventory_data，数据行数：5788]
2025-12-06 14:27:06,402 [INFO] [开始读取数据库表：tuiding_data]
2025-12-06 14:27:06,635 [INFO] [成功读取表 tuiding_data，数据行数：4512]
2025-12-06 14:27:06,635 [INFO] [开始读取数据库表：debit_data]
2025-12-06 14:27:08,692 [INFO] [成功读取表 debit_data，数据行数：26476]
2025-12-06 14:27:09,079 [INFO] [开始读取数据库表：sales_invoice_data]
2025-12-06 14:27:10,547 [INFO] [成功读取表 sales_invoice_data，数据行数：19869]
2025-12-06 14:57:02,972 [INFO] [数据库引擎创建成功]
2025-12-06 14:57:02,972 [INFO] [开始读取数据库表：order_data]
2025-12-06 14:57:04,671 [INFO] [成功读取表 order_data，数据行数：24867]
2025-12-06 14:57:05,006 [INFO] [开始读取数据库表：sales_data]
2025-12-06 14:57:11,384 [INFO] [成功读取表 sales_data，数据行数：27333]
2025-12-06 14:57:13,375 [INFO] [开始读取数据库表：jingpin_data]
2025-12-06 14:57:13,689 [INFO] [成功读取表 jingpin_data，数据行数：4972]
2025-12-06 14:57:13,767 [INFO] [开始读取数据库表：inventory_data]
2025-12-06 14:57:14,327 [INFO] [成功读取表 inventory_data，数据行数：5779]
2025-12-06 14:57:14,327 [INFO] [开始读取数据库表：tuiding_data]
2025-12-06 14:57:14,520 [INFO] [成功读取表 tuiding_data，数据行数：4512]
2025-12-06 14:57:14,520 [INFO] [开始读取数据库表：debit_data]
2025-12-06 14:57:16,546 [INFO] [成功读取表 debit_data，数据行数：26476]
2025-12-06 14:57:16,916 [INFO] [开始读取数据库表：sales_invoice_data]
2025-12-06 14:57:18,185 [INFO] [成功读取表 sales_invoice_data，数据行数：19878]
2025-12-06 15:27:36,473 [INFO] [数据库引擎创建成功]
2025-12-06 15:27:36,473 [INFO] [开始读取数据库表：order_data]
2025-12-06 15:27:38,357 [INFO] [成功读取表 order_data，数据行数：24873]
2025-12-06 15:27:38,702 [INFO] [开始读取数据库表：sales_data]
2025-12-06 15:27:45,461 [INFO] [成功读取表 sales_data，数据行数：27341]
2025-12-06 15:27:47,351 [INFO] [开始读取数据库表：jingpin_data]
2025-12-06 15:27:47,673 [INFO] [成功读取表 jingpin_data，数据行数：4974]
2025-12-06 15:27:47,749 [INFO] [开始读取数据库表：inventory_data]
2025-12-06 15:27:48,375 [INFO] [成功读取表 inventory_data，数据行数：5771]
2025-12-06 15:27:48,376 [INFO] [开始读取数据库表：tuiding_data]
2025-12-06 15:27:48,632 [INFO] [成功读取表 tuiding_data，数据行数：4514]
2025-12-06 15:27:48,633 [INFO] [开始读取数据库表：debit_data]
2025-12-06 15:27:50,783 [INFO] [成功读取表 debit_data，数据行数：26476]
2025-12-06 15:27:51,187 [INFO] [开始读取数据库表：sales_invoice_data]
2025-12-06 15:27:52,681 [INFO] [成功读取表 sales_invoice_data，数据行数：19886]
2025-12-06 15:57:01,985 [INFO] [数据库引擎创建成功]
2025-12-06 15:57:01,986 [INFO] [开始读取数据库表：order_data]
2025-12-06 15:57:03,865 [INFO] [成功读取表 order_data，数据行数：24885]
2025-12-06 15:57:04,211 [INFO] [开始读取数据库表：sales_data]
2025-12-06 15:57:10,819 [INFO] [成功读取表 sales_data，数据行数：27346]
2025-12-06 15:57:12,870 [INFO] [开始读取数据库表：jingpin_data]
2025-12-06 15:57:13,183 [INFO] [成功读取表 jingpin_data，数据行数：4974]
2025-12-06 15:57:13,261 [INFO] [开始读取数据库表：inventory_data]
2025-12-06 15:57:13,840 [INFO] [成功读取表 inventory_data，数据行数：5766]
2025-12-06 15:57:13,840 [INFO] [开始读取数据库表：tuiding_data]
2025-12-06 15:57:14,089 [INFO] [成功读取表 tuiding_data，数据行数：4514]
2025-12-06 15:57:14,089 [INFO] [开始读取数据库表：debit_data]
2025-12-06 15:57:16,246 [INFO] [成功读取表 debit_data，数据行数：26476]
2025-12-06 15:57:16,627 [INFO] [开始读取数据库表：sales_invoice_data]
2025-12-06 15:57:18,085 [INFO] [成功读取表 sales_invoice_data，数据行数：19891]
2025-12-06 16:27:33,963 [INFO] [数据库引擎创建成功]
2025-12-06 16:27:33,963 [INFO] [开始读取数据库表：order_data]
2025-12-06 16:27:35,989 [INFO] [成功读取表 order_data，数据行数：24896]
2025-12-06 16:27:36,331 [INFO] [开始读取数据库表：sales_data]
2025-12-06 16:27:43,049 [INFO] [成功读取表 sales_data，数据行数：27352]
2025-12-06 16:27:45,300 [INFO] [开始读取数据库表：jingpin_data]
2025-12-06 16:27:45,615 [INFO] [成功读取表 jingpin_data，数据行数：4974]
2025-12-06 16:27:45,703 [INFO] [开始读取数据库表：inventory_data]
2025-12-06 16:27:46,335 [INFO] [成功读取表 inventory_data，数据行数：5760]
2025-12-06 16:27:46,335 [INFO] [开始读取数据库表：tuiding_data]
2025-12-06 16:27:46,585 [INFO] [成功读取表 tuiding_data，数据行数：4514]
2025-12-06 16:27:46,585 [INFO] [开始读取数据库表：debit_data]
2025-12-06 16:27:48,717 [INFO] [成功读取表 debit_data，数据行数：26476]
2025-12-06 16:27:49,139 [INFO] [开始读取数据库表：sales_invoice_data]
2025-12-06 16:27:50,602 [INFO] [成功读取表 sales_invoice_data，数据行数：19897]
2025-12-06 16:57:30,729 [INFO] [数据库引擎创建成功]
2025-12-06 16:57:30,729 [INFO] [开始读取数据库表：order_data]
2025-12-06 16:57:32,670 [INFO] [成功读取表 order_data，数据行数：24904]
2025-12-06 16:57:33,008 [INFO] [开始读取数据库表：sales_data]
2025-12-06 16:57:39,808 [INFO] [成功读取表 sales_data，数据行数：27355]
2025-12-06 16:57:41,882 [INFO] [开始读取数据库表：jingpin_data]
2025-12-06 16:57:42,196 [INFO] [成功读取表 jingpin_data，数据行数：4976]
2025-12-06 16:57:42,284 [INFO] [开始读取数据库表：inventory_data]
2025-12-06 16:57:42,910 [INFO] [成功读取表 inventory_data，数据行数：5757]
2025-12-06 16:57:42,910 [INFO] [开始读取数据库表：tuiding_data]
2025-12-06 16:57:43,159 [INFO] [成功读取表 tuiding_data，数据行数：4516]
2025-12-06 16:57:43,159 [INFO] [开始读取数据库表：debit_data]
2025-12-06 16:57:45,328 [INFO] [成功读取表 debit_data，数据行数：26476]
2025-12-06 16:57:45,717 [INFO] [开始读取数据库表：sales_invoice_data]
2025-12-06 16:57:47,208 [INFO] [成功读取表 sales_invoice_data，数据行数：19900]
2025-12-06 17:31:12,983 [INFO] [数据库引擎创建成功]
2025-12-06 17:31:12,994 [INFO] [开始读取数据库表：order_data]
2025-12-06 17:31:14,916 [INFO] [成功读取表 order_data，数据行数：24924]
2025-12-06 17:31:15,274 [INFO] [开始读取数据库表：sales_data]
2025-12-06 17:31:21,863 [INFO] [成功读取表 sales_data，数据行数：27365]
2025-12-06 17:31:23,910 [INFO] [开始读取数据库表：jingpin_data]
2025-12-06 17:31:24,249 [INFO] [成功读取表 jingpin_data，数据行数：4980]
2025-12-06 17:31:24,329 [INFO] [开始读取数据库表：inventory_data]
2025-12-06 17:31:24,924 [INFO] [成功读取表 inventory_data，数据行数：5746]
2025-12-06 17:31:24,925 [INFO] [开始读取数据库表：tuiding_data]
2025-12-06 17:31:25,168 [INFO] [成功读取表 tuiding_data，数据行数：4516]
2025-12-06 17:31:25,169 [INFO] [开始读取数据库表：debit_data]
2025-12-06 17:31:27,255 [INFO] [成功读取表 debit_data，数据行数：26476]
2025-12-06 17:31:27,680 [INFO] [开始读取数据库表：sales_invoice_data]
2025-12-06 17:31:29,151 [INFO] [成功读取表 sales_invoice_data，数据行数：19909]
2025-12-06 17:57:31,561 [INFO] [数据库引擎创建成功]
2025-12-06 17:57:31,562 [INFO] [开始读取数据库表：order_data]
2025-12-06 17:57:33,159 [INFO] [成功读取表 order_data，数据行数：24946]
2025-12-06 17:57:33,496 [INFO] [开始读取数据库表：sales_data]
2025-12-06 17:57:40,351 [INFO] [成功读取表 sales_data，数据行数：27370]
2025-12-06 17:57:42,320 [INFO] [开始读取数据库表：jingpin_data]
2025-12-06 17:57:42,627 [INFO] [成功读取表 jingpin_data，数据行数：4984]
2025-12-06 17:57:42,701 [INFO] [开始读取数据库表：inventory_data]
2025-12-06 17:57:43,314 [INFO] [成功读取表 inventory_data，数据行数：5742]
2025-12-06 17:57:43,314 [INFO] [开始读取数据库表：tuiding_data]
2025-12-06 17:57:43,569 [INFO] [成功读取表 tuiding_data，数据行数：4516]
2025-12-06 17:57:43,569 [INFO] [开始读取数据库表：debit_data]
2025-12-06 17:57:45,677 [INFO] [成功读取表 debit_data，数据行数：26476]
2025-12-06 17:57:46,047 [INFO] [开始读取数据库表：sales_invoice_data]
2025-12-06 17:57:47,390 [INFO] [成功读取表 sales_invoice_data，数据行数：19914]
2025-12-06 18:26:46,782 [INFO] [数据库引擎创建成功]
2025-12-06 18:26:46,783 [INFO] [开始读取数据库表：order_data]
2025-12-06 18:26:48,534 [INFO] [成功读取表 order_data，数据行数：24960]
2025-12-06 18:26:48,865 [INFO] [开始读取数据库表：sales_data]
2025-12-06 18:26:55,196 [INFO] [成功读取表 sales_data，数据行数：27372]
2025-12-06 18:26:57,186 [INFO] [开始读取数据库表：jingpin_data]
2025-12-06 18:26:57,485 [INFO] [成功读取表 jingpin_data，数据行数：4984]
2025-12-06 18:26:57,553 [INFO] [开始读取数据库表：inventory_data]
2025-12-06 18:26:58,118 [INFO] [成功读取表 inventory_data，数据行数：5740]
2025-12-06 18:26:58,118 [INFO] [开始读取数据库表：tuiding_data]
2025-12-06 18:26:58,357 [INFO] [成功读取表 tuiding_data，数据行数：4516]
2025-12-06 18:26:58,357 [INFO] [开始读取数据库表：debit_data]
2025-12-06 18:27:00,377 [INFO] [成功读取表 debit_data，数据行数：26476]
2025-12-06 18:27:00,756 [INFO] [开始读取数据库表：sales_invoice_data]
2025-12-06 18:27:02,139 [INFO] [成功读取表 sales_invoice_data，数据行数：19916]
2025-12-06 18:56:57,159 [INFO] [数据库引擎创建成功]
2025-12-06 18:56:57,160 [INFO] [开始读取数据库表：order_data]
2025-12-06 18:56:58,931 [INFO] [成功读取表 order_data，数据行数：24967]
2025-12-06 18:56:59,266 [INFO] [开始读取数据库表：sales_data]
2025-12-06 18:57:05,845 [INFO] [成功读取表 sales_data，数据行数：27372]
2025-12-06 18:57:07,844 [INFO] [开始读取数据库表：jingpin_data]
2025-12-06 18:57:08,147 [INFO] [成功读取表 jingpin_data，数据行数：4984]
2025-12-06 18:57:08,220 [INFO] [开始读取数据库表：inventory_data]
2025-12-06 18:57:08,808 [INFO] [成功读取表 inventory_data，数据行数：5740]
2025-12-06 18:57:08,808 [INFO] [开始读取数据库表：tuiding_data]
2025-12-06 18:57:09,023 [INFO] [成功读取表 tuiding_data，数据行数：4516]
2025-12-06 18:57:09,023 [INFO] [开始读取数据库表：debit_data]
2025-12-06 18:57:11,149 [INFO] [成功读取表 debit_data，数据行数：26476]
2025-12-06 18:57:11,540 [INFO] [开始读取数据库表：sales_invoice_data]
2025-12-06 18:57:13,018 [INFO] [成功读取表 sales_invoice_data，数据行数：19916]
2025-12-06 19:26:52,944 [INFO] [数据库引擎创建成功]
2025-12-06 19:26:52,944 [INFO] [开始读取数据库表：order_data]
2025-12-06 19:26:54,731 [INFO] [成功读取表 order_data，数据行数：24974]
2025-12-06 19:26:55,095 [INFO] [开始读取数据库表：sales_data]
2025-12-06 19:27:01,534 [INFO] [成功读取表 sales_data，数据行数：27372]
2025-12-06 19:27:03,553 [INFO] [开始读取数据库表：jingpin_data]
2025-12-06 19:27:03,848 [INFO] [成功读取表 jingpin_data，数据行数：4984]
2025-12-06 19:27:03,922 [INFO] [开始读取数据库表：inventory_data]
2025-12-06 19:27:04,509 [INFO] [成功读取表 inventory_data，数据行数：5740]
2025-12-06 19:27:04,509 [INFO] [开始读取数据库表：tuiding_data]
2025-12-06 19:27:04,740 [INFO] [成功读取表 tuiding_data，数据行数：4516]
2025-12-06 19:27:04,740 [INFO] [开始读取数据库表：debit_data]
2025-12-06 19:27:06,802 [INFO] [成功读取表 debit_data，数据行数：26476]
2025-12-06 19:27:07,194 [INFO] [开始读取数据库表：sales_invoice_data]
2025-12-06 19:27:08,621 [INFO] [成功读取表 sales_invoice_data，数据行数：19916]
2025-12-06 19:56:47,428 [INFO] [数据库引擎创建成功]
2025-12-06 19:56:47,429 [INFO] [开始读取数据库表：order_data]
2025-12-06 19:56:49,079 [INFO] [成功读取表 order_data，数据行数：24978]
2025-12-06 19:56:49,405 [INFO] [开始读取数据库表：sales_data]
2025-12-06 19:56:56,167 [INFO] [成功读取表 sales_data，数据行数：27374]
2025-12-06 19:56:58,155 [INFO] [开始读取数据库表：jingpin_data]
2025-12-06 19:56:58,472 [INFO] [成功读取表 jingpin_data，数据行数：4984]
2025-12-06 19:56:58,549 [INFO] [开始读取数据库表：inventory_data]
2025-12-06 19:56:59,156 [INFO] [成功读取表 inventory_data，数据行数：5738]
2025-12-06 19:56:59,156 [INFO] [开始读取数据库表：tuiding_data]
2025-12-06 19:56:59,409 [INFO] [成功读取表 tuiding_data，数据行数：4516]
2025-12-06 19:56:59,409 [INFO] [开始读取数据库表：debit_data]
2025-12-06 19:57:01,494 [INFO] [成功读取表 debit_data，数据行数：26476]
2025-12-06 19:57:01,882 [INFO] [开始读取数据库表：sales_invoice_data]
2025-12-06 19:57:03,329 [INFO] [成功读取表 sales_invoice_data，数据行数：19918]
2025-12-06 20:26:54,237 [INFO] [数据库引擎创建成功]
2025-12-06 20:26:54,237 [INFO] [开始读取数据库表：order_data]
2025-12-06 20:26:56,027 [INFO] [成功读取表 order_data，数据行数：24974]
2025-12-06 20:26:56,365 [INFO] [开始读取数据库表：sales_data]
2025-12-06 20:27:03,053 [INFO] [成功读取表 sales_data，数据行数：27374]
2025-12-06 20:27:05,076 [INFO] [开始读取数据库表：jingpin_data]
2025-12-06 20:27:05,380 [INFO] [成功读取表 jingpin_data，数据行数：4984]
2025-12-06 20:27:05,455 [INFO] [开始读取数据库表：inventory_data]
2025-12-06 20:27:06,050 [INFO] [成功读取表 inventory_data，数据行数：5738]
2025-12-06 20:27:06,050 [INFO] [开始读取数据库表：tuiding_data]
2025-12-06 20:27:06,293 [INFO] [成功读取表 tuiding_data，数据行数：4521]
2025-12-06 20:27:06,293 [INFO] [开始读取数据库表：debit_data]
2025-12-06 20:27:08,402 [INFO] [成功读取表 debit_data，数据行数：26476]
2025-12-06 20:27:08,794 [INFO] [开始读取数据库表：sales_invoice_data]
2025-12-06 20:27:10,241 [INFO] [成功读取表 sales_invoice_data，数据行数：19918]
2025-12-06 20:56:30,955 [INFO] [数据库引擎创建成功]
2025-12-06 20:56:30,955 [INFO] [开始读取数据库表：order_data]
2025-12-06 20:56:32,659 [INFO] [成功读取表 order_data，数据行数：24975]
2025-12-06 20:56:32,997 [INFO] [开始读取数据库表：sales_data]
2025-12-06 20:56:39,726 [INFO] [成功读取表 sales_data，数据行数：27374]
2025-12-06 20:56:41,699 [INFO] [开始读取数据库表：jingpin_data]
2025-12-06 20:56:42,014 [INFO] [成功读取表 jingpin_data，数据行数：4984]
2025-12-06 20:56:42,088 [INFO] [开始读取数据库表：inventory_data]
2025-12-06 20:56:42,695 [INFO] [成功读取表 inventory_data，数据行数：5738]
2025-12-06 20:56:42,696 [INFO] [开始读取数据库表：tuiding_data]
2025-12-06 20:56:42,952 [INFO] [成功读取表 tuiding_data，数据行数：4521]
2025-12-06 20:56:42,953 [INFO] [开始读取数据库表：debit_data]
2025-12-06 20:56:45,079 [INFO] [成功读取表 debit_data，数据行数：26476]
2025-12-06 20:56:45,465 [INFO] [开始读取数据库表：sales_invoice_data]
2025-12-06 20:56:46,957 [INFO] [成功读取表 sales_invoice_data，数据行数：19918]
2025-12-06 21:26:45,360 [INFO] [数据库引擎创建成功]
2025-12-06 21:26:45,360 [INFO] [开始读取数据库表：order_data]
2025-12-06 21:26:47,082 [INFO] [成功读取表 order_data，数据行数：24975]
2025-12-06 21:26:47,416 [INFO] [开始读取数据库表：sales_data]
2025-12-06 21:26:54,149 [INFO] [成功读取表 sales_data，数据行数：27374]
2025-12-06 21:26:56,139 [INFO] [开始读取数据库表：jingpin_data]
2025-12-06 21:26:56,451 [INFO] [成功读取表 jingpin_data，数据行数：4984]
2025-12-06 21:26:56,529 [INFO] [开始读取数据库表：inventory_data]
2025-12-06 21:26:57,142 [INFO] [成功读取表 inventory_data，数据行数：5738]
2025-12-06 21:26:57,143 [INFO] [开始读取数据库表：tuiding_data]
2025-12-06 21:26:57,402 [INFO] [成功读取表 tuiding_data，数据行数：4521]
2025-12-06 21:26:57,403 [INFO] [开始读取数据库表：debit_data]
2025-12-06 21:26:59,566 [INFO] [成功读取表 debit_data，数据行数：26476]
2025-12-06 21:26:59,959 [INFO] [开始读取数据库表：sales_invoice_data]
2025-12-06 21:27:01,426 [INFO] [成功读取表 sales_invoice_data，数据行数：19918]
2025-12-06 21:56:31,190 [INFO] [数据库引擎创建成功]
2025-12-06 21:56:31,190 [INFO] [开始读取数据库表：order_data]
2025-12-06 21:56:32,752 [INFO] [成功读取表 order_data，数据行数：24975]
2025-12-06 21:56:33,085 [INFO] [开始读取数据库表：sales_data]
2025-12-06 21:56:39,779 [INFO] [成功读取表 sales_data，数据行数：27374]
2025-12-06 21:56:41,769 [INFO] [开始读取数据库表：jingpin_data]
2025-12-06 21:56:42,067 [INFO] [成功读取表 jingpin_data，数据行数：4984]
2025-12-06 21:56:42,148 [INFO] [开始读取数据库表：inventory_data]
2025-12-06 21:56:42,754 [INFO] [成功读取表 inventory_data，数据行数：5738]
2025-12-06 21:56:42,754 [INFO] [开始读取数据库表：tuiding_data]
2025-12-06 21:56:43,011 [INFO] [成功读取表 tuiding_data，数据行数：4521]
2025-12-06 21:56:43,011 [INFO] [开始读取数据库表：debit_data]
2025-12-06 21:56:45,143 [INFO] [成功读取表 debit_data，数据行数：26497]
2025-12-06 21:56:45,524 [INFO] [开始读取数据库表：sales_invoice_data]
2025-12-06 21:56:47,011 [INFO] [成功读取表 sales_invoice_data，数据行数：19918]
2025-12-06 22:26:32,408 [INFO] [数据库引擎创建成功]
2025-12-06 22:26:32,409 [INFO] [开始读取数据库表：order_data]
2025-12-06 22:26:34,287 [INFO] [成功读取表 order_data，数据行数：24975]
2025-12-06 22:26:34,615 [INFO] [开始读取数据库表：sales_data]
2025-12-06 22:26:41,418 [INFO] [成功读取表 sales_data，数据行数：27374]
2025-12-06 22:26:43,395 [INFO] [开始读取数据库表：jingpin_data]
2025-12-06 22:26:43,710 [INFO] [成功读取表 jingpin_data，数据行数：4984]
2025-12-06 22:26:43,780 [INFO] [开始读取数据库表：inventory_data]
2025-12-06 22:26:44,387 [INFO] [成功读取表 inventory_data，数据行数：5738]
2025-12-06 22:26:44,388 [INFO] [开始读取数据库表：tuiding_data]
2025-12-06 22:26:44,639 [INFO] [成功读取表 tuiding_data，数据行数：4521]
2025-12-06 22:26:44,640 [INFO] [开始读取数据库表：debit_data]
2025-12-06 22:26:46,785 [INFO] [成功读取表 debit_data，数据行数：26497]
2025-12-06 22:26:47,171 [INFO] [开始读取数据库表：sales_invoice_data]
2025-12-06 22:26:48,635 [INFO] [成功读取表 sales_invoice_data，数据行数：19918]
2025-12-06 22:56:29,499 [INFO] [数据库引擎创建成功]
2025-12-06 22:56:29,499 [INFO] [开始读取数据库表：order_data]
2025-12-06 22:56:31,087 [INFO] [成功读取表 order_data，数据行数：24975]
2025-12-06 22:56:31,430 [INFO] [开始读取数据库表：sales_data]
2025-12-06 22:56:38,123 [INFO] [成功读取表 sales_data，数据行数：27374]
2025-12-06 22:56:40,139 [INFO] [开始读取数据库表：jingpin_data]
2025-12-06 22:56:40,435 [INFO] [成功读取表 jingpin_data，数据行数：4984]
2025-12-06 22:56:40,511 [INFO] [开始读取数据库表：inventory_data]
2025-12-06 22:56:41,093 [INFO] [成功读取表 inventory_data，数据行数：5738]
2025-12-06 22:56:41,093 [INFO] [开始读取数据库表：tuiding_data]
2025-12-06 22:56:41,347 [INFO] [成功读取表 tuiding_data，数据行数：4521]
2025-12-06 22:56:41,348 [INFO] [开始读取数据库表：debit_data]
2025-12-06 22:56:43,509 [INFO] [成功读取表 debit_data，数据行数：26497]
2025-12-06 22:56:43,891 [INFO] [开始读取数据库表：sales_invoice_data]
2025-12-06 22:56:45,371 [INFO] [成功读取表 sales_invoice_data，数据行数：19918]
2025-12-06 23:26:27,426 [INFO] [数据库引擎创建成功]
2025-12-06 23:26:27,426 [INFO] [开始读取数据库表：order_data]
2025-12-06 23:26:29,149 [INFO] [成功读取表 order_data，数据行数：24975]
2025-12-06 23:26:29,486 [INFO] [开始读取数据库表：sales_data]
2025-12-06 23:26:36,210 [INFO] [成功读取表 sales_data，数据行数：27374]
2025-12-06 23:26:38,171 [INFO] [开始读取数据库表：jingpin_data]
2025-12-06 23:26:38,430 [INFO] [成功读取表 jingpin_data，数据行数：4984]
2025-12-06 23:26:38,508 [INFO] [开始读取数据库表：inventory_data]
2025-12-06 23:26:39,108 [INFO] [成功读取表 inventory_data，数据行数：5738]
2025-12-06 23:26:39,108 [INFO] [开始读取数据库表：tuiding_data]
2025-12-06 23:26:39,365 [INFO] [成功读取表 tuiding_data，数据行数：4521]
2025-12-06 23:26:39,365 [INFO] [开始读取数据库表：debit_data]
2025-12-06 23:26:41,495 [INFO] [成功读取表 debit_data，数据行数：26497]
2025-12-06 23:26:41,876 [INFO] [开始读取数据库表：sales_invoice_data]
2025-12-06 23:26:43,375 [INFO] [成功读取表 sales_invoice_data，数据行数：19918]
2025-12-06 23:56:33,443 [INFO] [数据库引擎创建成功]
2025-12-06 23:56:33,443 [INFO] [开始读取数据库表：order_data]
2025-12-06 23:56:35,107 [INFO] [成功读取表 order_data，数据行数：24975]
2025-12-06 23:56:35,450 [INFO] [开始读取数据库表：sales_data]
2025-12-06 23:56:42,196 [INFO] [成功读取表 sales_data，数据行数：27374]
2025-12-06 23:56:44,186 [INFO] [开始读取数据库表：jingpin_data]
2025-12-06 23:56:44,453 [INFO] [成功读取表 jingpin_data，数据行数：4984]
2025-12-06 23:56:44,526 [INFO] [开始读取数据库表：inventory_data]
2025-12-06 23:56:45,131 [INFO] [成功读取表 inventory_data，数据行数：5738]
2025-12-06 23:56:45,131 [INFO] [开始读取数据库表：tuiding_data]
2025-12-06 23:56:45,387 [INFO] [成功读取表 tuiding_data，数据行数：4521]
2025-12-06 23:56:45,387 [INFO] [开始读取数据库表：debit_data]
2025-12-06 23:56:47,532 [INFO] [成功读取表 debit_data，数据行数：26497]
2025-12-06 23:56:47,925 [INFO] [开始读取数据库表：sales_invoice_data]
2025-12-06 23:56:49,381 [INFO] [成功读取表 sales_invoice_data，数据行数：19918]
