2025-11-18 08:07:37,667 [INFO] [数据库引擎创建成功]
2025-11-18 08:07:37,668 [INFO] [开始读取数据库表：order_data]
2025-11-18 08:07:38,150 [INFO] [成功读取表 order_data，数据行数：23558]
2025-11-18 08:07:38,298 [INFO] [开始读取数据库表：sales_data]
2025-11-18 08:07:42,228 [INFO] [成功读取表 sales_data，数据行数：25320]
2025-11-18 08:07:44,095 [INFO] [开始读取数据库表：jingpin_data]
2025-11-18 08:07:44,306 [INFO] [成功读取表 jingpin_data，数据行数：4454]
2025-11-18 08:07:44,370 [INFO] [开始读取数据库表：inventory_data]
2025-11-18 08:07:44,877 [INFO] [成功读取表 inventory_data，数据行数：5652]
2025-11-18 08:07:44,878 [INFO] [开始读取数据库表：tuiding_data]
2025-11-18 08:07:45,098 [INFO] [成功读取表 tuiding_data，数据行数：4155]
2025-11-18 08:07:45,098 [INFO] [开始读取数据库表：debit_data]
2025-11-18 08:07:47,123 [INFO] [成功读取表 debit_data，数据行数：24714]
2025-11-18 08:07:47,561 [INFO] [开始读取数据库表：sales_invoice_data]
2025-11-18 08:07:48,896 [INFO] [成功读取表 sales_invoice_data，数据行数：18256]
2025-11-18 08:28:50,534 [INFO] [数据库引擎创建成功]
2025-11-18 08:28:50,534 [INFO] [开始读取数据库表：order_data]
2025-11-18 08:28:51,004 [INFO] [成功读取表 order_data，数据行数：23558]
2025-11-18 08:28:51,121 [INFO] [开始读取数据库表：sales_data]
2025-11-18 08:28:54,474 [INFO] [成功读取表 sales_data，数据行数：25320]
2025-11-18 08:28:56,486 [INFO] [开始读取数据库表：jingpin_data]
2025-11-18 08:28:56,760 [INFO] [成功读取表 jingpin_data，数据行数：4454]
2025-11-18 08:28:56,833 [INFO] [开始读取数据库表：inventory_data]
2025-11-18 08:28:57,378 [INFO] [成功读取表 inventory_data，数据行数：5652]
2025-11-18 08:28:57,378 [INFO] [开始读取数据库表：tuiding_data]
2025-11-18 08:28:57,617 [INFO] [成功读取表 tuiding_data，数据行数：4155]
2025-11-18 08:28:57,617 [INFO] [开始读取数据库表：debit_data]
2025-11-18 08:28:59,656 [INFO] [成功读取表 debit_data，数据行数：24714]
2025-11-18 08:29:00,084 [INFO] [开始读取数据库表：sales_invoice_data]
2025-11-18 08:29:01,349 [INFO] [成功读取表 sales_invoice_data，数据行数：18256]
2025-11-18 08:59:02,266 [INFO] [数据库引擎创建成功]
2025-11-18 08:59:02,266 [INFO] [开始读取数据库表：order_data]
2025-11-18 08:59:02,807 [INFO] [成功读取表 order_data，数据行数：23559]
2025-11-18 08:59:02,928 [INFO] [开始读取数据库表：sales_data]
2025-11-18 08:59:07,379 [INFO] [成功读取表 sales_data，数据行数：25320]
2025-11-18 08:59:09,412 [INFO] [开始读取数据库表：jingpin_data]
2025-11-18 08:59:09,661 [INFO] [成功读取表 jingpin_data，数据行数：4454]
2025-11-18 08:59:09,734 [INFO] [开始读取数据库表：inventory_data]
2025-11-18 08:59:10,248 [INFO] [成功读取表 inventory_data，数据行数：5652]
2025-11-18 08:59:10,248 [INFO] [开始读取数据库表：tuiding_data]
2025-11-18 08:59:10,472 [INFO] [成功读取表 tuiding_data，数据行数：4155]
2025-11-18 08:59:10,472 [INFO] [开始读取数据库表：debit_data]
2025-11-18 08:59:12,426 [INFO] [成功读取表 debit_data，数据行数：24714]
2025-11-18 08:59:12,801 [INFO] [开始读取数据库表：sales_invoice_data]
2025-11-18 08:59:14,046 [INFO] [成功读取表 sales_invoice_data，数据行数：18256]
2025-11-18 09:29:59,984 [INFO] [数据库引擎创建成功]
2025-11-18 09:29:59,993 [INFO] [开始读取数据库表：order_data]
2025-11-18 09:30:00,797 [INFO] [成功读取表 order_data，数据行数：23560]
2025-11-18 09:30:00,981 [INFO] [开始读取数据库表：sales_data]
2025-11-18 09:30:07,072 [INFO] [成功读取表 sales_data，数据行数：25321]
2025-11-18 09:30:09,085 [INFO] [开始读取数据库表：jingpin_data]
2025-11-18 09:30:09,337 [INFO] [成功读取表 jingpin_data，数据行数：4454]
2025-11-18 09:30:09,397 [INFO] [开始读取数据库表：inventory_data]
2025-11-18 09:30:09,919 [INFO] [成功读取表 inventory_data，数据行数：5651]
2025-11-18 09:30:09,920 [INFO] [开始读取数据库表：tuiding_data]
2025-11-18 09:30:10,128 [INFO] [成功读取表 tuiding_data，数据行数：4156]
2025-11-18 09:30:10,128 [INFO] [开始读取数据库表：debit_data]
2025-11-18 09:30:11,855 [INFO] [成功读取表 debit_data，数据行数：24714]
2025-11-18 09:30:12,274 [INFO] [开始读取数据库表：sales_invoice_data]
2025-11-18 09:30:13,589 [INFO] [成功读取表 sales_invoice_data，数据行数：18257]
2025-11-18 10:00:05,552 [INFO] [数据库引擎创建成功]
2025-11-18 10:00:05,555 [INFO] [开始读取数据库表：order_data]
2025-11-18 10:00:06,008 [INFO] [成功读取表 order_data，数据行数：23560]
2025-11-18 10:00:06,143 [INFO] [开始读取数据库表：sales_data]
2025-11-18 10:00:09,457 [INFO] [成功读取表 sales_data，数据行数：25319]
2025-11-18 10:00:11,584 [INFO] [开始读取数据库表：jingpin_data]
2025-11-18 10:00:11,853 [INFO] [成功读取表 jingpin_data，数据行数：4454]
2025-11-18 10:00:11,929 [INFO] [开始读取数据库表：inventory_data]
2025-11-18 10:00:12,495 [INFO] [成功读取表 inventory_data，数据行数：5651]
2025-11-18 10:00:12,495 [INFO] [开始读取数据库表：tuiding_data]
2025-11-18 10:00:12,714 [INFO] [成功读取表 tuiding_data，数据行数：4156]
2025-11-18 10:00:12,714 [INFO] [开始读取数据库表：debit_data]
2025-11-18 10:00:15,871 [INFO] [成功读取表 debit_data，数据行数：24714]
2025-11-18 10:00:16,263 [INFO] [开始读取数据库表：sales_invoice_data]
2025-11-18 10:00:17,510 [INFO] [成功读取表 sales_invoice_data，数据行数：18257]
2025-11-18 10:30:26,486 [INFO] [数据库引擎创建成功]
2025-11-18 10:30:26,487 [INFO] [开始读取数据库表：order_data]
2025-11-18 10:30:26,948 [INFO] [成功读取表 order_data，数据行数：23563]
2025-11-18 10:30:27,074 [INFO] [开始读取数据库表：sales_data]
2025-11-18 10:30:31,270 [INFO] [成功读取表 sales_data，数据行数：25320]
2025-11-18 10:30:33,432 [INFO] [开始读取数据库表：jingpin_data]
2025-11-18 10:30:33,716 [INFO] [成功读取表 jingpin_data，数据行数：4454]
2025-11-18 10:30:33,806 [INFO] [开始读取数据库表：inventory_data]
2025-11-18 10:30:34,342 [INFO] [成功读取表 inventory_data，数据行数：5650]
2025-11-18 10:30:34,342 [INFO] [开始读取数据库表：tuiding_data]
2025-11-18 10:30:34,584 [INFO] [成功读取表 tuiding_data，数据行数：4157]
2025-11-18 10:30:34,585 [INFO] [开始读取数据库表：debit_data]
2025-11-18 10:30:36,596 [INFO] [成功读取表 debit_data，数据行数：24714]
2025-11-18 10:30:37,013 [INFO] [开始读取数据库表：sales_invoice_data]
2025-11-18 10:30:38,229 [INFO] [成功读取表 sales_invoice_data，数据行数：18258]
2025-11-18 10:59:38,681 [INFO] [数据库引擎创建成功]
2025-11-18 10:59:38,681 [INFO] [开始读取数据库表：order_data]
2025-11-18 10:59:39,121 [INFO] [成功读取表 order_data，数据行数：23567]
2025-11-18 10:59:39,240 [INFO] [开始读取数据库表：sales_data]
2025-11-18 10:59:42,496 [INFO] [成功读取表 sales_data，数据行数：25328]
2025-11-18 10:59:44,482 [INFO] [开始读取数据库表：jingpin_data]
2025-11-18 10:59:44,689 [INFO] [成功读取表 jingpin_data，数据行数：4454]
2025-11-18 10:59:44,743 [INFO] [开始读取数据库表：inventory_data]
2025-11-18 10:59:45,270 [INFO] [成功读取表 inventory_data，数据行数：5644]
2025-11-18 10:59:45,270 [INFO] [开始读取数据库表：tuiding_data]
2025-11-18 10:59:45,448 [INFO] [成功读取表 tuiding_data，数据行数：4157]
2025-11-18 10:59:45,448 [INFO] [开始读取数据库表：debit_data]
2025-11-18 10:59:47,288 [INFO] [成功读取表 debit_data，数据行数：24714]
2025-11-18 10:59:47,614 [INFO] [开始读取数据库表：sales_invoice_data]
2025-11-18 10:59:48,701 [INFO] [成功读取表 sales_invoice_data，数据行数：18265]
2025-11-18 11:30:17,370 [INFO] [数据库引擎创建成功]
2025-11-18 11:30:17,370 [INFO] [开始读取数据库表：order_data]
2025-11-18 11:30:20,315 [INFO] [成功读取表 order_data，数据行数：23568]
2025-11-18 11:30:21,252 [INFO] [开始读取数据库表：sales_data]
2025-11-18 11:30:31,434 [INFO] [成功读取表 sales_data，数据行数：25333]
2025-11-18 11:30:36,081 [INFO] [开始读取数据库表：jingpin_data]
2025-11-18 11:30:36,583 [INFO] [成功读取表 jingpin_data，数据行数：4457]
2025-11-18 11:30:36,777 [INFO] [开始读取数据库表：inventory_data]
2025-11-18 11:30:38,202 [INFO] [成功读取表 inventory_data，数据行数：5641]
2025-11-18 11:30:38,202 [INFO] [开始读取数据库表：tuiding_data]
2025-11-18 11:30:38,818 [INFO] [成功读取表 tuiding_data，数据行数：4157]
2025-11-18 11:30:38,818 [INFO] [开始读取数据库表：debit_data]
2025-11-18 11:30:43,601 [INFO] [成功读取表 debit_data，数据行数：24714]
2025-11-18 11:30:44,489 [INFO] [开始读取数据库表：sales_invoice_data]
2025-11-18 11:30:47,060 [INFO] [成功读取表 sales_invoice_data，数据行数：18269]
2025-11-18 11:59:40,123 [INFO] [数据库引擎创建成功]
2025-11-18 11:59:40,123 [INFO] [开始读取数据库表：order_data]
2025-11-18 11:59:40,848 [INFO] [成功读取表 order_data，数据行数：23570]
2025-11-18 11:59:41,029 [INFO] [开始读取数据库表：sales_data]
2025-11-18 11:59:46,943 [INFO] [成功读取表 sales_data，数据行数：25340]
2025-11-18 11:59:49,015 [INFO] [开始读取数据库表：jingpin_data]
2025-11-18 11:59:49,285 [INFO] [成功读取表 jingpin_data，数据行数：4457]
2025-11-18 11:59:49,362 [INFO] [开始读取数据库表：inventory_data]
2025-11-18 11:59:49,902 [INFO] [成功读取表 inventory_data，数据行数：5644]
2025-11-18 11:59:49,902 [INFO] [开始读取数据库表：tuiding_data]
2025-11-18 11:59:50,112 [INFO] [成功读取表 tuiding_data，数据行数：4157]
2025-11-18 11:59:50,113 [INFO] [开始读取数据库表：debit_data]
2025-11-18 11:59:51,927 [INFO] [成功读取表 debit_data，数据行数：24723]
2025-11-18 11:59:52,305 [INFO] [开始读取数据库表：sales_invoice_data]
2025-11-18 11:59:53,408 [INFO] [成功读取表 sales_invoice_data，数据行数：18275]
2025-11-18 12:28:23,006 [INFO] [数据库引擎创建成功]
2025-11-18 12:28:23,007 [INFO] [开始读取数据库表：order_data]
2025-11-18 12:28:23,930 [INFO] [成功读取表 order_data，数据行数：23569]
2025-11-18 12:28:24,138 [INFO] [开始读取数据库表：sales_data]
2025-11-18 12:28:28,581 [INFO] [成功读取表 sales_data，数据行数：25345]
2025-11-18 12:28:30,127 [INFO] [开始读取数据库表：jingpin_data]
2025-11-18 12:28:30,336 [INFO] [成功读取表 jingpin_data，数据行数：4457]
2025-11-18 12:28:30,394 [INFO] [开始读取数据库表：inventory_data]
2025-11-18 12:28:30,809 [INFO] [成功读取表 inventory_data，数据行数：5644]
2025-11-18 12:28:30,809 [INFO] [开始读取数据库表：tuiding_data]
2025-11-18 12:28:30,970 [INFO] [成功读取表 tuiding_data，数据行数：4157]
2025-11-18 12:28:30,970 [INFO] [开始读取数据库表：debit_data]
2025-11-18 12:28:32,547 [INFO] [成功读取表 debit_data，数据行数：24723]
2025-11-18 12:28:32,845 [INFO] [开始读取数据库表：sales_invoice_data]
2025-11-18 12:28:33,767 [INFO] [成功读取表 sales_invoice_data，数据行数：18275]
2025-11-18 12:58:31,234 [INFO] [数据库引擎创建成功]
2025-11-18 12:58:31,235 [INFO] [开始读取数据库表：order_data]
2025-11-18 12:58:32,058 [INFO] [成功读取表 order_data，数据行数：23573]
2025-11-18 12:58:32,260 [INFO] [开始读取数据库表：sales_data]
2025-11-18 12:58:36,838 [INFO] [成功读取表 sales_data，数据行数：25346]
2025-11-18 12:58:38,347 [INFO] [开始读取数据库表：jingpin_data]
2025-11-18 12:58:38,594 [INFO] [成功读取表 jingpin_data，数据行数：4457]
2025-11-18 12:58:38,652 [INFO] [开始读取数据库表：inventory_data]
2025-11-18 12:58:39,081 [INFO] [成功读取表 inventory_data，数据行数：5638]
2025-11-18 12:58:39,081 [INFO] [开始读取数据库表：tuiding_data]
2025-11-18 12:58:39,232 [INFO] [成功读取表 tuiding_data，数据行数：4159]
2025-11-18 12:58:39,233 [INFO] [开始读取数据库表：debit_data]
2025-11-18 12:58:40,783 [INFO] [成功读取表 debit_data，数据行数：24763]
2025-11-18 12:58:41,100 [INFO] [开始读取数据库表：sales_invoice_data]
2025-11-18 12:58:42,178 [INFO] [成功读取表 sales_invoice_data，数据行数：18281]
2025-11-18 13:29:15,055 [INFO] [数据库引擎创建成功]
2025-11-18 13:29:15,055 [INFO] [开始读取数据库表：order_data]
2025-11-18 13:29:16,021 [INFO] [成功读取表 order_data，数据行数：23573]
2025-11-18 13:29:16,294 [INFO] [开始读取数据库表：sales_data]
2025-11-18 13:29:21,162 [INFO] [成功读取表 sales_data，数据行数：25350]
2025-11-18 13:29:22,782 [INFO] [开始读取数据库表：jingpin_data]
2025-11-18 13:29:23,006 [INFO] [成功读取表 jingpin_data，数据行数：4458]
2025-11-18 13:29:23,064 [INFO] [开始读取数据库表：inventory_data]
2025-11-18 13:29:23,516 [INFO] [成功读取表 inventory_data，数据行数：5635]
2025-11-18 13:29:23,517 [INFO] [开始读取数据库表：tuiding_data]
2025-11-18 13:29:23,691 [INFO] [成功读取表 tuiding_data，数据行数：4160]
2025-11-18 13:29:23,691 [INFO] [开始读取数据库表：debit_data]
2025-11-18 13:29:25,460 [INFO] [成功读取表 debit_data，数据行数：24763]
2025-11-18 13:29:25,783 [INFO] [开始读取数据库表：sales_invoice_data]
2025-11-18 13:29:26,822 [INFO] [成功读取表 sales_invoice_data，数据行数：18285]
2025-11-18 13:59:47,780 [INFO] [数据库引擎创建成功]
2025-11-18 13:59:47,789 [INFO] [开始读取数据库表：order_data]
2025-11-18 13:59:48,733 [INFO] [成功读取表 order_data，数据行数：23576]
2025-11-18 13:59:49,097 [INFO] [开始读取数据库表：sales_data]
2025-11-18 13:59:55,227 [INFO] [成功读取表 sales_data，数据行数：25354]
2025-11-18 13:59:57,256 [INFO] [开始读取数据库表：jingpin_data]
2025-11-18 13:59:57,513 [INFO] [成功读取表 jingpin_data，数据行数：4458]
2025-11-18 13:59:57,584 [INFO] [开始读取数据库表：inventory_data]
2025-11-18 13:59:58,113 [INFO] [成功读取表 inventory_data，数据行数：5631]
2025-11-18 13:59:58,114 [INFO] [开始读取数据库表：tuiding_data]
2025-11-18 13:59:58,334 [INFO] [成功读取表 tuiding_data，数据行数：4161]
2025-11-18 13:59:58,334 [INFO] [开始读取数据库表：debit_data]
2025-11-18 14:00:00,419 [INFO] [成功读取表 debit_data，数据行数：24763]
2025-11-18 14:00:00,791 [INFO] [开始读取数据库表：sales_invoice_data]
2025-11-18 14:00:01,733 [INFO] [成功读取表 sales_invoice_data，数据行数：18289]
2025-11-18 14:30:03,987 [INFO] [数据库引擎创建成功]
2025-11-18 14:30:03,988 [INFO] [开始读取数据库表：order_data]
2025-11-18 14:30:04,729 [INFO] [成功读取表 order_data，数据行数：23576]
2025-11-18 14:30:04,914 [INFO] [开始读取数据库表：sales_data]
2025-11-18 14:30:10,723 [INFO] [成功读取表 sales_data，数据行数：25359]
2025-11-18 14:30:12,768 [INFO] [开始读取数据库表：jingpin_data]
2025-11-18 14:30:13,031 [INFO] [成功读取表 jingpin_data，数据行数：4461]
2025-11-18 14:30:13,113 [INFO] [开始读取数据库表：inventory_data]
2025-11-18 14:30:13,661 [INFO] [成功读取表 inventory_data，数据行数：5630]
2025-11-18 14:30:13,661 [INFO] [开始读取数据库表：tuiding_data]
2025-11-18 14:30:13,875 [INFO] [成功读取表 tuiding_data，数据行数：4166]
2025-11-18 14:30:13,875 [INFO] [开始读取数据库表：debit_data]
2025-11-18 14:30:16,032 [INFO] [成功读取表 debit_data，数据行数：24763]
2025-11-18 14:30:16,431 [INFO] [开始读取数据库表：sales_invoice_data]
2025-11-18 14:30:17,701 [INFO] [成功读取表 sales_invoice_data，数据行数：18291]
2025-11-18 14:59:38,483 [INFO] [数据库引擎创建成功]
2025-11-18 14:59:38,484 [INFO] [开始读取数据库表：order_data]
2025-11-18 14:59:39,310 [INFO] [成功读取表 order_data，数据行数：23579]
2025-11-18 14:59:39,549 [INFO] [开始读取数据库表：sales_data]
2025-11-18 14:59:46,148 [INFO] [成功读取表 sales_data，数据行数：25372]
2025-11-18 14:59:49,089 [INFO] [开始读取数据库表：jingpin_data]
2025-11-18 14:59:49,390 [INFO] [成功读取表 jingpin_data，数据行数：4472]
2025-11-18 14:59:49,465 [INFO] [开始读取数据库表：inventory_data]
2025-11-18 14:59:50,043 [INFO] [成功读取表 inventory_data，数据行数：5625]
2025-11-18 14:59:50,045 [INFO] [开始读取数据库表：tuiding_data]
2025-11-18 14:59:50,267 [INFO] [成功读取表 tuiding_data，数据行数：4166]
2025-11-18 14:59:50,267 [INFO] [开始读取数据库表：debit_data]
2025-11-18 14:59:52,346 [INFO] [成功读取表 debit_data，数据行数：24763]
2025-11-18 14:59:52,746 [INFO] [开始读取数据库表：sales_invoice_data]
2025-11-18 14:59:54,071 [INFO] [成功读取表 sales_invoice_data，数据行数：18298]
2025-11-18 15:30:26,182 [INFO] [数据库引擎创建成功]
2025-11-18 15:30:26,192 [INFO] [开始读取数据库表：order_data]
2025-11-18 15:30:26,891 [INFO] [成功读取表 order_data，数据行数：23579]
2025-11-18 15:30:27,070 [INFO] [开始读取数据库表：sales_data]
2025-11-18 15:30:33,090 [INFO] [成功读取表 sales_data，数据行数：25386]
2025-11-18 15:30:35,157 [INFO] [开始读取数据库表：jingpin_data]
2025-11-18 15:30:35,425 [INFO] [成功读取表 jingpin_data，数据行数：4474]
2025-11-18 15:30:35,501 [INFO] [开始读取数据库表：inventory_data]
2025-11-18 15:30:36,030 [INFO] [成功读取表 inventory_data，数据行数：5613]
2025-11-18 15:30:36,030 [INFO] [开始读取数据库表：tuiding_data]
2025-11-18 15:30:36,253 [INFO] [成功读取表 tuiding_data，数据行数：4167]
2025-11-18 15:30:36,253 [INFO] [开始读取数据库表：debit_data]
2025-11-18 15:30:38,314 [INFO] [成功读取表 debit_data，数据行数：24763]
2025-11-18 15:30:38,675 [INFO] [开始读取数据库表：sales_invoice_data]
2025-11-18 15:30:39,981 [INFO] [成功读取表 sales_invoice_data，数据行数：18310]
2025-11-18 16:00:17,321 [INFO] [数据库引擎创建成功]
2025-11-18 16:00:17,321 [INFO] [开始读取数据库表：order_data]
2025-11-18 16:00:18,057 [INFO] [成功读取表 order_data，数据行数：23580]
2025-11-18 16:00:18,236 [INFO] [开始读取数据库表：sales_data]
2025-11-18 16:00:24,466 [INFO] [成功读取表 sales_data，数据行数：25398]
2025-11-18 16:00:26,642 [INFO] [开始读取数据库表：jingpin_data]
2025-11-18 16:00:26,929 [INFO] [成功读取表 jingpin_data，数据行数：4476]
2025-11-18 16:00:27,002 [INFO] [开始读取数据库表：inventory_data]
2025-11-18 16:00:27,571 [INFO] [成功读取表 inventory_data，数据行数：5602]
2025-11-18 16:00:27,571 [INFO] [开始读取数据库表：tuiding_data]
2025-11-18 16:00:27,806 [INFO] [成功读取表 tuiding_data，数据行数：4167]
2025-11-18 16:00:27,806 [INFO] [开始读取数据库表：debit_data]
2025-11-18 16:00:29,911 [INFO] [成功读取表 debit_data，数据行数：24763]
2025-11-18 16:00:30,325 [INFO] [开始读取数据库表：sales_invoice_data]
2025-11-18 16:00:31,608 [INFO] [成功读取表 sales_invoice_data，数据行数：18321]
2025-11-18 16:32:34,822 [INFO] [数据库引擎创建成功]
2025-11-18 16:32:34,823 [INFO] [开始读取数据库表：order_data]
2025-11-18 16:32:35,670 [INFO] [成功读取表 order_data，数据行数：23593]
2025-11-18 16:32:35,928 [INFO] [开始读取数据库表：sales_data]
2025-11-18 16:32:42,256 [INFO] [成功读取表 sales_data，数据行数：25403]
2025-11-18 16:32:44,150 [INFO] [开始读取数据库表：jingpin_data]
2025-11-18 16:32:44,397 [INFO] [成功读取表 jingpin_data，数据行数：4477]
2025-11-18 16:32:44,457 [INFO] [开始读取数据库表：inventory_data]
2025-11-18 16:32:44,933 [INFO] [成功读取表 inventory_data，数据行数：5594]
2025-11-18 16:32:44,933 [INFO] [开始读取数据库表：tuiding_data]
2025-11-18 16:32:45,140 [INFO] [成功读取表 tuiding_data，数据行数：4167]
2025-11-18 16:32:45,140 [INFO] [开始读取数据库表：debit_data]
2025-11-18 16:32:47,161 [INFO] [成功读取表 debit_data，数据行数：24763]
2025-11-18 16:32:47,571 [INFO] [开始读取数据库表：sales_invoice_data]
2025-11-18 16:32:48,856 [INFO] [成功读取表 sales_invoice_data，数据行数：18328]
2025-11-18 16:59:30,321 [INFO] [数据库引擎创建成功]
2025-11-18 16:59:30,321 [INFO] [开始读取数据库表：order_data]
2025-11-18 16:59:31,129 [INFO] [成功读取表 order_data，数据行数：23597]
2025-11-18 16:59:31,308 [INFO] [开始读取数据库表：sales_data]
2025-11-18 16:59:36,818 [INFO] [成功读取表 sales_data，数据行数：25410]
2025-11-18 16:59:38,705 [INFO] [开始读取数据库表：jingpin_data]
2025-11-18 16:59:38,947 [INFO] [成功读取表 jingpin_data，数据行数：4477]
2025-11-18 16:59:39,000 [INFO] [开始读取数据库表：inventory_data]
2025-11-18 16:59:39,498 [INFO] [成功读取表 inventory_data，数据行数：5585]
2025-11-18 16:59:39,498 [INFO] [开始读取数据库表：tuiding_data]
2025-11-18 16:59:39,708 [INFO] [成功读取表 tuiding_data，数据行数：4167]
2025-11-18 16:59:39,708 [INFO] [开始读取数据库表：debit_data]
2025-11-18 16:59:41,589 [INFO] [成功读取表 debit_data，数据行数：24763]
2025-11-18 16:59:41,918 [INFO] [开始读取数据库表：sales_invoice_data]
2025-11-18 16:59:43,108 [INFO] [成功读取表 sales_invoice_data，数据行数：18335]
2025-11-18 17:30:14,410 [INFO] [数据库引擎创建成功]
2025-11-18 17:30:14,412 [INFO] [开始读取数据库表：order_data]
2025-11-18 17:30:15,210 [INFO] [成功读取表 order_data，数据行数：23601]
2025-11-18 17:30:15,466 [INFO] [开始读取数据库表：sales_data]
2025-11-18 17:30:22,414 [INFO] [成功读取表 sales_data，数据行数：25416]
2025-11-18 17:30:24,839 [INFO] [开始读取数据库表：jingpin_data]
2025-11-18 17:30:25,122 [INFO] [成功读取表 jingpin_data，数据行数：4480]
2025-11-18 17:30:25,199 [INFO] [开始读取数据库表：inventory_data]
2025-11-18 17:30:25,920 [INFO] [成功读取表 inventory_data，数据行数：5581]
2025-11-18 17:30:25,921 [INFO] [开始读取数据库表：tuiding_data]
2025-11-18 17:30:26,204 [INFO] [成功读取表 tuiding_data，数据行数：4167]
2025-11-18 17:30:26,205 [INFO] [开始读取数据库表：debit_data]
2025-11-18 17:30:28,972 [INFO] [成功读取表 debit_data，数据行数：24763]
2025-11-18 17:30:29,462 [INFO] [开始读取数据库表：sales_invoice_data]
2025-11-18 17:30:30,816 [INFO] [成功读取表 sales_invoice_data，数据行数：18341]
2025-11-18 17:59:56,830 [INFO] [数据库引擎创建成功]
2025-11-18 17:59:56,831 [INFO] [开始读取数据库表：order_data]
2025-11-18 17:59:57,740 [INFO] [成功读取表 order_data，数据行数：23602]
2025-11-18 17:59:57,951 [INFO] [开始读取数据库表：sales_data]
2025-11-18 18:00:07,414 [INFO] [成功读取表 sales_data，数据行数：25429]
2025-11-18 18:00:09,788 [INFO] [开始读取数据库表：jingpin_data]
2025-11-18 18:00:10,081 [INFO] [成功读取表 jingpin_data，数据行数：4481]
2025-11-18 18:00:10,123 [INFO] [开始读取数据库表：inventory_data]
2025-11-18 18:00:10,631 [INFO] [成功读取表 inventory_data，数据行数：5568]
2025-11-18 18:00:10,631 [INFO] [开始读取数据库表：tuiding_data]
2025-11-18 18:00:10,826 [INFO] [成功读取表 tuiding_data，数据行数：4170]
2025-11-18 18:00:10,827 [INFO] [开始读取数据库表：debit_data]
2025-11-18 18:00:12,938 [INFO] [成功读取表 debit_data，数据行数：24763]
2025-11-18 18:00:13,328 [INFO] [开始读取数据库表：sales_invoice_data]
2025-11-18 18:00:14,460 [INFO] [成功读取表 sales_invoice_data，数据行数：18354]
2025-11-18 18:30:54,294 [INFO] [数据库引擎创建成功]
2025-11-18 18:30:54,295 [INFO] [开始读取数据库表：order_data]
2025-11-18 18:30:55,146 [INFO] [成功读取表 order_data，数据行数：23605]
2025-11-18 18:30:55,538 [INFO] [开始读取数据库表：sales_data]
2025-11-18 18:31:02,576 [INFO] [成功读取表 sales_data，数据行数：25435]
2025-11-18 18:31:04,773 [INFO] [开始读取数据库表：jingpin_data]
2025-11-18 18:31:05,042 [INFO] [成功读取表 jingpin_data，数据行数：4483]
2025-11-18 18:31:05,117 [INFO] [开始读取数据库表：inventory_data]
2025-11-18 18:31:05,720 [INFO] [成功读取表 inventory_data，数据行数：5565]
2025-11-18 18:31:05,720 [INFO] [开始读取数据库表：tuiding_data]
2025-11-18 18:31:05,936 [INFO] [成功读取表 tuiding_data，数据行数：4170]
2025-11-18 18:31:05,936 [INFO] [开始读取数据库表：debit_data]
2025-11-18 18:31:08,182 [INFO] [成功读取表 debit_data，数据行数：24763]
2025-11-18 18:31:08,646 [INFO] [开始读取数据库表：sales_invoice_data]
2025-11-18 18:31:10,120 [INFO] [成功读取表 sales_invoice_data，数据行数：18356]
2025-11-18 19:00:35,570 [INFO] [数据库引擎创建成功]
2025-11-18 19:00:35,570 [INFO] [开始读取数据库表：order_data]
2025-11-18 19:00:36,442 [INFO] [成功读取表 order_data，数据行数：23607]
2025-11-18 19:00:36,806 [INFO] [开始读取数据库表：sales_data]
2025-11-18 19:00:42,961 [INFO] [成功读取表 sales_data，数据行数：25436]
2025-11-18 19:00:45,123 [INFO] [开始读取数据库表：jingpin_data]
2025-11-18 19:00:45,395 [INFO] [成功读取表 jingpin_data，数据行数：4483]
2025-11-18 19:00:45,468 [INFO] [开始读取数据库表：inventory_data]
2025-11-18 19:00:46,032 [INFO] [成功读取表 inventory_data，数据行数：5564]
2025-11-18 19:00:46,033 [INFO] [开始读取数据库表：tuiding_data]
2025-11-18 19:00:46,266 [INFO] [成功读取表 tuiding_data，数据行数：4170]
2025-11-18 19:00:46,267 [INFO] [开始读取数据库表：debit_data]
2025-11-18 19:00:48,516 [INFO] [成功读取表 debit_data，数据行数：24763]
2025-11-18 19:00:48,940 [INFO] [开始读取数据库表：sales_invoice_data]
2025-11-18 19:00:50,292 [INFO] [成功读取表 sales_invoice_data，数据行数：18357]
2025-11-18 19:30:18,504 [INFO] [数据库引擎创建成功]
2025-11-18 19:30:18,505 [INFO] [开始读取数据库表：order_data]
2025-11-18 19:30:19,179 [INFO] [成功读取表 order_data，数据行数：23608]
2025-11-18 19:30:19,355 [INFO] [开始读取数据库表：sales_data]
2025-11-18 19:30:25,640 [INFO] [成功读取表 sales_data，数据行数：25436]
2025-11-18 19:30:27,527 [INFO] [开始读取数据库表：jingpin_data]
2025-11-18 19:30:27,716 [INFO] [成功读取表 jingpin_data，数据行数：4483]
2025-11-18 19:30:27,768 [INFO] [开始读取数据库表：inventory_data]
2025-11-18 19:30:28,166 [INFO] [成功读取表 inventory_data，数据行数：5564]
2025-11-18 19:30:28,167 [INFO] [开始读取数据库表：tuiding_data]
2025-11-18 19:30:28,339 [INFO] [成功读取表 tuiding_data，数据行数：4170]
2025-11-18 19:30:28,339 [INFO] [开始读取数据库表：debit_data]
2025-11-18 19:30:29,840 [INFO] [成功读取表 debit_data，数据行数：24763]
2025-11-18 19:30:30,150 [INFO] [开始读取数据库表：sales_invoice_data]
2025-11-18 19:30:31,121 [INFO] [成功读取表 sales_invoice_data，数据行数：18357]
2025-11-18 20:00:16,608 [INFO] [数据库引擎创建成功]
2025-11-18 20:00:16,608 [INFO] [开始读取数据库表：order_data]
2025-11-18 20:00:17,401 [INFO] [成功读取表 order_data，数据行数：23610]
2025-11-18 20:00:17,753 [INFO] [开始读取数据库表：sales_data]
2025-11-18 20:00:25,194 [INFO] [成功读取表 sales_data，数据行数：25436]
2025-11-18 20:00:26,950 [INFO] [开始读取数据库表：jingpin_data]
2025-11-18 20:00:27,141 [INFO] [成功读取表 jingpin_data，数据行数：4483]
2025-11-18 20:00:27,194 [INFO] [开始读取数据库表：inventory_data]
2025-11-18 20:00:27,656 [INFO] [成功读取表 inventory_data，数据行数：5564]
2025-11-18 20:00:27,656 [INFO] [开始读取数据库表：tuiding_data]
2025-11-18 20:00:27,817 [INFO] [成功读取表 tuiding_data，数据行数：4170]
2025-11-18 20:00:27,817 [INFO] [开始读取数据库表：debit_data]
2025-11-18 20:00:29,546 [INFO] [成功读取表 debit_data，数据行数：24763]
2025-11-18 20:00:30,042 [INFO] [开始读取数据库表：sales_invoice_data]
2025-11-18 20:00:31,314 [INFO] [成功读取表 sales_invoice_data，数据行数：18357]
2025-11-18 20:30:28,771 [INFO] [数据库引擎创建成功]
2025-11-18 20:30:28,772 [INFO] [开始读取数据库表：order_data]
2025-11-18 20:30:29,690 [INFO] [成功读取表 order_data，数据行数：23610]
2025-11-18 20:30:30,063 [INFO] [开始读取数据库表：sales_data]
2025-11-18 20:30:36,301 [INFO] [成功读取表 sales_data，数据行数：25436]
2025-11-18 20:30:38,092 [INFO] [开始读取数据库表：jingpin_data]
2025-11-18 20:30:38,373 [INFO] [成功读取表 jingpin_data，数据行数：4483]
2025-11-18 20:30:38,463 [INFO] [开始读取数据库表：inventory_data]
2025-11-18 20:30:39,108 [INFO] [成功读取表 inventory_data，数据行数：5564]
2025-11-18 20:30:39,108 [INFO] [开始读取数据库表：tuiding_data]
2025-11-18 20:30:39,362 [INFO] [成功读取表 tuiding_data，数据行数：4170]
2025-11-18 20:30:39,362 [INFO] [开始读取数据库表：debit_data]
2025-11-18 20:30:41,810 [INFO] [成功读取表 debit_data，数据行数：24763]
2025-11-18 20:30:42,318 [INFO] [开始读取数据库表：sales_invoice_data]
2025-11-18 20:30:43,910 [INFO] [成功读取表 sales_invoice_data，数据行数：18357]
2025-11-18 21:00:14,569 [INFO] [数据库引擎创建成功]
2025-11-18 21:00:14,570 [INFO] [开始读取数据库表：order_data]
2025-11-18 21:00:15,225 [INFO] [成功读取表 order_data，数据行数：23610]
2025-11-18 21:00:15,415 [INFO] [开始读取数据库表：sales_data]
2025-11-18 21:00:22,295 [INFO] [成功读取表 sales_data，数据行数：25436]
2025-11-18 21:00:23,784 [INFO] [开始读取数据库表：jingpin_data]
2025-11-18 21:00:23,965 [INFO] [成功读取表 jingpin_data，数据行数：4483]
2025-11-18 21:00:24,030 [INFO] [开始读取数据库表：inventory_data]
2025-11-18 21:00:24,393 [INFO] [成功读取表 inventory_data，数据行数：5564]
2025-11-18 21:00:24,393 [INFO] [开始读取数据库表：tuiding_data]
2025-11-18 21:00:24,525 [INFO] [成功读取表 tuiding_data，数据行数：4170]
2025-11-18 21:00:24,525 [INFO] [开始读取数据库表：debit_data]
2025-11-18 21:00:26,647 [INFO] [成功读取表 debit_data，数据行数：24763]
2025-11-18 21:00:27,109 [INFO] [开始读取数据库表：sales_invoice_data]
2025-11-18 21:00:28,622 [INFO] [成功读取表 sales_invoice_data，数据行数：18357]
2025-11-18 21:30:25,957 [INFO] [数据库引擎创建成功]
2025-11-18 21:30:25,957 [INFO] [开始读取数据库表：order_data]
2025-11-18 21:30:26,913 [INFO] [成功读取表 order_data，数据行数：23610]
2025-11-18 21:30:27,189 [INFO] [开始读取数据库表：sales_data]
2025-11-18 21:30:33,565 [INFO] [成功读取表 sales_data，数据行数：25436]
2025-11-18 21:30:35,896 [INFO] [开始读取数据库表：jingpin_data]
2025-11-18 21:30:36,186 [INFO] [成功读取表 jingpin_data，数据行数：4483]
2025-11-18 21:30:36,283 [INFO] [开始读取数据库表：inventory_data]
2025-11-18 21:30:36,936 [INFO] [成功读取表 inventory_data，数据行数：5637]
2025-11-18 21:30:36,936 [INFO] [开始读取数据库表：tuiding_data]
2025-11-18 21:30:37,178 [INFO] [成功读取表 tuiding_data，数据行数：4170]
2025-11-18 21:30:37,179 [INFO] [开始读取数据库表：debit_data]
2025-11-18 21:30:39,547 [INFO] [成功读取表 debit_data，数据行数：24836]
2025-11-18 21:30:40,002 [INFO] [开始读取数据库表：sales_invoice_data]
2025-11-18 21:30:41,449 [INFO] [成功读取表 sales_invoice_data，数据行数：18357]
2025-11-18 22:00:26,769 [INFO] [数据库引擎创建成功]
2025-11-18 22:00:26,769 [INFO] [开始读取数据库表：order_data]
2025-11-18 22:00:27,555 [INFO] [成功读取表 order_data，数据行数：23611]
2025-11-18 22:00:27,826 [INFO] [开始读取数据库表：sales_data]
2025-11-18 22:00:32,952 [INFO] [成功读取表 sales_data，数据行数：25436]
2025-11-18 22:00:35,223 [INFO] [开始读取数据库表：jingpin_data]
2025-11-18 22:00:35,527 [INFO] [成功读取表 jingpin_data，数据行数：4483]
2025-11-18 22:00:35,616 [INFO] [开始读取数据库表：inventory_data]
2025-11-18 22:00:36,183 [INFO] [成功读取表 inventory_data，数据行数：5644]
2025-11-18 22:00:36,183 [INFO] [开始读取数据库表：tuiding_data]
2025-11-18 22:00:36,415 [INFO] [成功读取表 tuiding_data，数据行数：4170]
2025-11-18 22:00:36,415 [INFO] [开始读取数据库表：debit_data]
2025-11-18 22:00:38,823 [INFO] [成功读取表 debit_data，数据行数：24884]
2025-11-18 22:00:39,333 [INFO] [开始读取数据库表：sales_invoice_data]
2025-11-18 22:00:40,804 [INFO] [成功读取表 sales_invoice_data，数据行数：18357]
2025-11-18 22:30:19,312 [INFO] [数据库引擎创建成功]
2025-11-18 22:30:19,312 [INFO] [开始读取数据库表：order_data]
2025-11-18 22:30:20,061 [INFO] [成功读取表 order_data，数据行数：23611]
2025-11-18 22:30:20,221 [INFO] [开始读取数据库表：sales_data]
2025-11-18 22:30:25,822 [INFO] [成功读取表 sales_data，数据行数：25436]
2025-11-18 22:30:28,130 [INFO] [开始读取数据库表：jingpin_data]
2025-11-18 22:30:28,410 [INFO] [成功读取表 jingpin_data，数据行数：4483]
2025-11-18 22:30:28,461 [INFO] [开始读取数据库表：inventory_data]
2025-11-18 22:30:28,851 [INFO] [成功读取表 inventory_data，数据行数：5644]
2025-11-18 22:30:28,851 [INFO] [开始读取数据库表：tuiding_data]
2025-11-18 22:30:29,007 [INFO] [成功读取表 tuiding_data，数据行数：4170]
2025-11-18 22:30:29,007 [INFO] [开始读取数据库表：debit_data]
2025-11-18 22:30:30,547 [INFO] [成功读取表 debit_data，数据行数：24884]
2025-11-18 22:30:30,846 [INFO] [开始读取数据库表：sales_invoice_data]
2025-11-18 22:30:32,108 [INFO] [成功读取表 sales_invoice_data，数据行数：18357]
2025-11-18 23:00:16,928 [INFO] [数据库引擎创建成功]
2025-11-18 23:00:16,929 [INFO] [开始读取数据库表：order_data]
2025-11-18 23:00:17,519 [INFO] [成功读取表 order_data，数据行数：23611]
2025-11-18 23:00:17,680 [INFO] [开始读取数据库表：sales_data]
2025-11-18 23:00:24,057 [INFO] [成功读取表 sales_data，数据行数：25436]
2025-11-18 23:00:26,545 [INFO] [开始读取数据库表：jingpin_data]
2025-11-18 23:00:26,853 [INFO] [成功读取表 jingpin_data，数据行数：4483]
2025-11-18 23:00:26,933 [INFO] [开始读取数据库表：inventory_data]
2025-11-18 23:00:27,535 [INFO] [成功读取表 inventory_data，数据行数：5644]
2025-11-18 23:00:27,536 [INFO] [开始读取数据库表：tuiding_data]
2025-11-18 23:00:27,791 [INFO] [成功读取表 tuiding_data，数据行数：4170]
2025-11-18 23:00:27,791 [INFO] [开始读取数据库表：debit_data]
2025-11-18 23:00:30,120 [INFO] [成功读取表 debit_data，数据行数：24884]
2025-11-18 23:00:30,571 [INFO] [开始读取数据库表：sales_invoice_data]
2025-11-18 23:00:32,087 [INFO] [成功读取表 sales_invoice_data，数据行数：18357]
2025-11-18 23:30:24,472 [INFO] [数据库引擎创建成功]
2025-11-18 23:30:24,472 [INFO] [开始读取数据库表：order_data]
2025-11-18 23:30:25,042 [INFO] [成功读取表 order_data，数据行数：23611]
2025-11-18 23:30:25,201 [INFO] [开始读取数据库表：sales_data]
2025-11-18 23:30:31,984 [INFO] [成功读取表 sales_data，数据行数：25436]
2025-11-18 23:30:34,499 [INFO] [开始读取数据库表：jingpin_data]
2025-11-18 23:30:34,811 [INFO] [成功读取表 jingpin_data，数据行数：4483]
2025-11-18 23:30:34,896 [INFO] [开始读取数据库表：inventory_data]
2025-11-18 23:30:35,516 [INFO] [成功读取表 inventory_data，数据行数：5644]
2025-11-18 23:30:35,516 [INFO] [开始读取数据库表：tuiding_data]
2025-11-18 23:30:35,777 [INFO] [成功读取表 tuiding_data，数据行数：4170]
2025-11-18 23:30:35,777 [INFO] [开始读取数据库表：debit_data]
2025-11-18 23:30:38,218 [INFO] [成功读取表 debit_data，数据行数：24884]
2025-11-18 23:30:38,704 [INFO] [开始读取数据库表：sales_invoice_data]
2025-11-18 23:30:40,268 [INFO] [成功读取表 sales_invoice_data，数据行数：18357]
