2025-11-01 00:28:38,396 [INFO] [数据库引擎创建成功]
2025-11-01 00:28:38,396 [INFO] [开始读取数据库表：order_data]
2025-11-01 00:28:38,866 [INFO] [成功读取表 order_data，数据行数：21931]
2025-11-01 00:28:39,024 [INFO] [开始读取数据库表：sales_data]
2025-11-01 00:28:43,795 [INFO] [成功读取表 sales_data，数据行数：26284]
2025-11-01 00:28:46,002 [INFO] [开始读取数据库表：jingpin_data]
2025-11-01 00:28:46,241 [INFO] [成功读取表 jingpin_data，数据行数：4093]
2025-11-01 00:28:46,323 [INFO] [开始读取数据库表：inventory_data]
2025-11-01 00:28:46,938 [INFO] [成功读取表 inventory_data，数据行数：6202]
2025-11-01 00:28:46,938 [INFO] [开始读取数据库表：tuiding_data]
2025-11-01 00:28:47,182 [INFO] [成功读取表 tuiding_data，数据行数：3824]
2025-11-01 00:28:47,182 [INFO] [开始读取数据库表：debit_data]
2025-11-01 00:28:49,252 [INFO] [成功读取表 debit_data，数据行数：21656]
2025-11-01 00:28:49,722 [INFO] [开始读取数据库表：sales_invoice_data]
2025-11-01 00:28:51,224 [INFO] [成功读取表 sales_invoice_data，数据行数：19501]
2025-11-01 00:58:59,907 [INFO] [数据库引擎创建成功]
2025-11-01 00:58:59,908 [INFO] [开始读取数据库表：order_data]
2025-11-01 00:59:00,405 [INFO] [成功读取表 order_data，数据行数：21931]
2025-11-01 00:59:00,555 [INFO] [开始读取数据库表：sales_data]
2025-11-01 00:59:05,344 [INFO] [成功读取表 sales_data，数据行数：26284]
2025-11-01 00:59:07,536 [INFO] [开始读取数据库表：jingpin_data]
2025-11-01 00:59:07,773 [INFO] [成功读取表 jingpin_data，数据行数：4093]
2025-11-01 00:59:07,852 [INFO] [开始读取数据库表：inventory_data]
2025-11-01 00:59:08,477 [INFO] [成功读取表 inventory_data，数据行数：6202]
2025-11-01 00:59:08,477 [INFO] [开始读取数据库表：tuiding_data]
2025-11-01 00:59:08,700 [INFO] [成功读取表 tuiding_data，数据行数：3824]
2025-11-01 00:59:08,700 [INFO] [开始读取数据库表：debit_data]
2025-11-01 00:59:10,649 [INFO] [成功读取表 debit_data，数据行数：21656]
2025-11-01 00:59:11,065 [INFO] [开始读取数据库表：sales_invoice_data]
2025-11-01 00:59:12,505 [INFO] [成功读取表 sales_invoice_data，数据行数：19501]
2025-11-01 01:28:53,618 [INFO] [数据库引擎创建成功]
2025-11-01 01:28:53,618 [INFO] [开始读取数据库表：order_data]
2025-11-01 01:28:54,237 [INFO] [成功读取表 order_data，数据行数：21931]
2025-11-01 01:28:54,384 [INFO] [开始读取数据库表：sales_data]
2025-11-01 01:29:00,097 [INFO] [成功读取表 sales_data，数据行数：26284]
2025-11-01 01:29:02,305 [INFO] [开始读取数据库表：jingpin_data]
2025-11-01 01:29:02,524 [INFO] [成功读取表 jingpin_data，数据行数：4093]
2025-11-01 01:29:02,600 [INFO] [开始读取数据库表：inventory_data]
2025-11-01 01:29:03,204 [INFO] [成功读取表 inventory_data，数据行数：6202]
2025-11-01 01:29:03,204 [INFO] [开始读取数据库表：tuiding_data]
2025-11-01 01:29:03,407 [INFO] [成功读取表 tuiding_data，数据行数：3824]
2025-11-01 01:29:03,407 [INFO] [开始读取数据库表：debit_data]
2025-11-01 01:29:05,240 [INFO] [成功读取表 debit_data，数据行数：21656]
2025-11-01 01:29:05,679 [INFO] [开始读取数据库表：sales_invoice_data]
2025-11-01 01:29:07,093 [INFO] [成功读取表 sales_invoice_data，数据行数：19501]
2025-11-01 01:58:20,620 [INFO] [数据库引擎创建成功]
2025-11-01 01:58:20,620 [INFO] [开始读取数据库表：order_data]
2025-11-01 01:58:21,102 [INFO] [成功读取表 order_data，数据行数：21931]
2025-11-01 01:58:21,251 [INFO] [开始读取数据库表：sales_data]
2025-11-01 01:58:26,673 [INFO] [成功读取表 sales_data，数据行数：26284]
2025-11-01 01:58:28,874 [INFO] [开始读取数据库表：jingpin_data]
2025-11-01 01:58:29,091 [INFO] [成功读取表 jingpin_data，数据行数：4093]
2025-11-01 01:58:29,183 [INFO] [开始读取数据库表：inventory_data]
2025-11-01 01:58:29,786 [INFO] [成功读取表 inventory_data，数据行数：6202]
2025-11-01 01:58:29,786 [INFO] [开始读取数据库表：tuiding_data]
2025-11-01 01:58:29,995 [INFO] [成功读取表 tuiding_data，数据行数：3824]
2025-11-01 01:58:29,995 [INFO] [开始读取数据库表：debit_data]
2025-11-01 01:58:31,855 [INFO] [成功读取表 debit_data，数据行数：21656]
2025-11-01 01:58:32,286 [INFO] [开始读取数据库表：sales_invoice_data]
2025-11-01 01:58:33,691 [INFO] [成功读取表 sales_invoice_data，数据行数：19501]
2025-11-01 02:28:39,010 [INFO] [数据库引擎创建成功]
2025-11-01 02:28:39,011 [INFO] [开始读取数据库表：order_data]
2025-11-01 02:28:39,448 [INFO] [成功读取表 order_data，数据行数：21931]
2025-11-01 02:28:39,582 [INFO] [开始读取数据库表：sales_data]
2025-11-01 02:28:44,773 [INFO] [成功读取表 sales_data，数据行数：26284]
2025-11-01 02:28:46,973 [INFO] [开始读取数据库表：jingpin_data]
2025-11-01 02:28:47,189 [INFO] [成功读取表 jingpin_data，数据行数：4093]
2025-11-01 02:28:47,262 [INFO] [开始读取数据库表：inventory_data]
2025-11-01 02:28:47,869 [INFO] [成功读取表 inventory_data，数据行数：6202]
2025-11-01 02:28:47,869 [INFO] [开始读取数据库表：tuiding_data]
2025-11-01 02:28:48,090 [INFO] [成功读取表 tuiding_data，数据行数：3824]
2025-11-01 02:28:48,090 [INFO] [开始读取数据库表：debit_data]
2025-11-01 02:28:49,936 [INFO] [成功读取表 debit_data，数据行数：21656]
2025-11-01 02:28:50,367 [INFO] [开始读取数据库表：sales_invoice_data]
2025-11-01 02:28:51,760 [INFO] [成功读取表 sales_invoice_data，数据行数：19501]
2025-11-01 02:58:19,154 [INFO] [数据库引擎创建成功]
2025-11-01 02:58:19,154 [INFO] [开始读取数据库表：order_data]
2025-11-01 02:58:19,641 [INFO] [成功读取表 order_data，数据行数：21931]
2025-11-01 02:58:19,790 [INFO] [开始读取数据库表：sales_data]
2025-11-01 02:58:24,887 [INFO] [成功读取表 sales_data，数据行数：26284]
2025-11-01 02:58:27,043 [INFO] [开始读取数据库表：jingpin_data]
2025-11-01 02:58:27,255 [INFO] [成功读取表 jingpin_data，数据行数：4093]
2025-11-01 02:58:27,336 [INFO] [开始读取数据库表：inventory_data]
2025-11-01 02:58:27,952 [INFO] [成功读取表 inventory_data，数据行数：6202]
2025-11-01 02:58:27,952 [INFO] [开始读取数据库表：tuiding_data]
2025-11-01 02:58:28,172 [INFO] [成功读取表 tuiding_data，数据行数：3824]
2025-11-01 02:58:28,173 [INFO] [开始读取数据库表：debit_data]
2025-11-01 02:58:30,007 [INFO] [成功读取表 debit_data，数据行数：21656]
2025-11-01 02:58:30,406 [INFO] [开始读取数据库表：sales_invoice_data]
2025-11-01 02:58:31,790 [INFO] [成功读取表 sales_invoice_data，数据行数：19501]
2025-11-01 03:28:23,251 [INFO] [数据库引擎创建成功]
2025-11-01 03:28:23,251 [INFO] [开始读取数据库表：order_data]
2025-11-01 03:28:23,727 [INFO] [成功读取表 order_data，数据行数：21931]
2025-11-01 03:28:23,859 [INFO] [开始读取数据库表：sales_data]
2025-11-01 03:28:28,844 [INFO] [成功读取表 sales_data，数据行数：26284]
2025-11-01 03:28:31,010 [INFO] [开始读取数据库表：jingpin_data]
2025-11-01 03:28:31,240 [INFO] [成功读取表 jingpin_data，数据行数：4093]
2025-11-01 03:28:31,325 [INFO] [开始读取数据库表：inventory_data]
2025-11-01 03:28:31,912 [INFO] [成功读取表 inventory_data，数据行数：6202]
2025-11-01 03:28:31,912 [INFO] [开始读取数据库表：tuiding_data]
2025-11-01 03:28:32,111 [INFO] [成功读取表 tuiding_data，数据行数：3824]
2025-11-01 03:28:32,111 [INFO] [开始读取数据库表：debit_data]
2025-11-01 03:28:33,992 [INFO] [成功读取表 debit_data，数据行数：21656]
2025-11-01 03:28:34,428 [INFO] [开始读取数据库表：sales_invoice_data]
2025-11-01 03:28:35,831 [INFO] [成功读取表 sales_invoice_data，数据行数：19501]
2025-11-01 03:58:17,894 [INFO] [数据库引擎创建成功]
2025-11-01 03:58:17,894 [INFO] [开始读取数据库表：order_data]
2025-11-01 03:58:18,354 [INFO] [成功读取表 order_data，数据行数：21931]
2025-11-01 03:58:18,486 [INFO] [开始读取数据库表：sales_data]
2025-11-01 03:58:22,926 [INFO] [成功读取表 sales_data，数据行数：26284]
2025-11-01 03:58:25,075 [INFO] [开始读取数据库表：jingpin_data]
2025-11-01 03:58:25,289 [INFO] [成功读取表 jingpin_data，数据行数：4093]
2025-11-01 03:58:25,371 [INFO] [开始读取数据库表：inventory_data]
2025-11-01 03:58:25,973 [INFO] [成功读取表 inventory_data，数据行数：6202]
2025-11-01 03:58:25,973 [INFO] [开始读取数据库表：tuiding_data]
2025-11-01 03:58:26,191 [INFO] [成功读取表 tuiding_data，数据行数：3824]
2025-11-01 03:58:26,192 [INFO] [开始读取数据库表：debit_data]
2025-11-01 03:58:28,028 [INFO] [成功读取表 debit_data，数据行数：21656]
2025-11-01 03:58:28,443 [INFO] [开始读取数据库表：sales_invoice_data]
2025-11-01 03:58:29,847 [INFO] [成功读取表 sales_invoice_data，数据行数：19501]
2025-11-01 04:28:38,020 [INFO] [数据库引擎创建成功]
2025-11-01 04:28:38,020 [INFO] [开始读取数据库表：order_data]
2025-11-01 04:28:38,520 [INFO] [成功读取表 order_data，数据行数：21931]
2025-11-01 04:28:38,688 [INFO] [开始读取数据库表：sales_data]
2025-11-01 04:28:44,078 [INFO] [成功读取表 sales_data，数据行数：26284]
2025-11-01 04:28:46,284 [INFO] [开始读取数据库表：jingpin_data]
2025-11-01 04:28:46,508 [INFO] [成功读取表 jingpin_data，数据行数：4093]
2025-11-01 04:28:46,590 [INFO] [开始读取数据库表：inventory_data]
2025-11-01 04:28:47,204 [INFO] [成功读取表 inventory_data，数据行数：6202]
2025-11-01 04:28:47,204 [INFO] [开始读取数据库表：tuiding_data]
2025-11-01 04:28:47,431 [INFO] [成功读取表 tuiding_data，数据行数：3824]
2025-11-01 04:28:47,431 [INFO] [开始读取数据库表：debit_data]
2025-11-01 04:28:49,259 [INFO] [成功读取表 debit_data，数据行数：21656]
2025-11-01 04:28:49,679 [INFO] [开始读取数据库表：sales_invoice_data]
2025-11-01 04:28:51,089 [INFO] [成功读取表 sales_invoice_data，数据行数：19501]
2025-11-01 04:58:37,036 [INFO] [数据库引擎创建成功]
2025-11-01 04:58:37,036 [INFO] [开始读取数据库表：order_data]
2025-11-01 04:58:37,535 [INFO] [成功读取表 order_data，数据行数：21931]
2025-11-01 04:58:37,676 [INFO] [开始读取数据库表：sales_data]
2025-11-01 04:58:42,924 [INFO] [成功读取表 sales_data，数据行数：26284]
2025-11-01 04:58:45,055 [INFO] [开始读取数据库表：jingpin_data]
2025-11-01 04:58:45,272 [INFO] [成功读取表 jingpin_data，数据行数：4093]
2025-11-01 04:58:45,345 [INFO] [开始读取数据库表：inventory_data]
2025-11-01 04:58:45,933 [INFO] [成功读取表 inventory_data，数据行数：6202]
2025-11-01 04:58:45,934 [INFO] [开始读取数据库表：tuiding_data]
2025-11-01 04:58:46,144 [INFO] [成功读取表 tuiding_data，数据行数：3824]
2025-11-01 04:58:46,144 [INFO] [开始读取数据库表：debit_data]
2025-11-01 04:58:47,972 [INFO] [成功读取表 debit_data，数据行数：21656]
2025-11-01 04:58:48,373 [INFO] [开始读取数据库表：sales_invoice_data]
2025-11-01 04:58:49,782 [INFO] [成功读取表 sales_invoice_data，数据行数：19501]
2025-11-01 05:28:29,058 [INFO] [数据库引擎创建成功]
2025-11-01 05:28:29,059 [INFO] [开始读取数据库表：order_data]
2025-11-01 05:28:29,574 [INFO] [成功读取表 order_data，数据行数：21931]
2025-11-01 05:28:29,710 [INFO] [开始读取数据库表：sales_data]
2025-11-01 05:28:35,058 [INFO] [成功读取表 sales_data，数据行数：26284]
2025-11-01 05:28:37,366 [INFO] [开始读取数据库表：jingpin_data]
2025-11-01 05:28:37,623 [INFO] [成功读取表 jingpin_data，数据行数：4093]
2025-11-01 05:28:37,710 [INFO] [开始读取数据库表：inventory_data]
2025-11-01 05:28:38,323 [INFO] [成功读取表 inventory_data，数据行数：6202]
2025-11-01 05:28:38,323 [INFO] [开始读取数据库表：tuiding_data]
2025-11-01 05:28:38,539 [INFO] [成功读取表 tuiding_data，数据行数：3824]
2025-11-01 05:28:38,539 [INFO] [开始读取数据库表：debit_data]
2025-11-01 05:28:40,491 [INFO] [成功读取表 debit_data，数据行数：21656]
2025-11-01 05:28:40,940 [INFO] [开始读取数据库表：sales_invoice_data]
2025-11-01 05:28:42,399 [INFO] [成功读取表 sales_invoice_data，数据行数：19501]
2025-11-01 05:58:27,445 [INFO] [数据库引擎创建成功]
2025-11-01 05:58:27,445 [INFO] [开始读取数据库表：order_data]
2025-11-01 05:58:27,888 [INFO] [成功读取表 order_data，数据行数：21931]
2025-11-01 05:58:28,020 [INFO] [开始读取数据库表：sales_data]
2025-11-01 05:58:32,655 [INFO] [成功读取表 sales_data，数据行数：26284]
2025-11-01 05:58:34,810 [INFO] [开始读取数据库表：jingpin_data]
2025-11-01 05:58:35,029 [INFO] [成功读取表 jingpin_data，数据行数：4093]
2025-11-01 05:58:35,104 [INFO] [开始读取数据库表：inventory_data]
2025-11-01 05:58:35,708 [INFO] [成功读取表 inventory_data，数据行数：6202]
2025-11-01 05:58:35,708 [INFO] [开始读取数据库表：tuiding_data]
2025-11-01 05:58:35,913 [INFO] [成功读取表 tuiding_data，数据行数：3824]
2025-11-01 05:58:35,913 [INFO] [开始读取数据库表：debit_data]
2025-11-01 05:58:37,795 [INFO] [成功读取表 debit_data，数据行数：21656]
2025-11-01 05:58:38,221 [INFO] [开始读取数据库表：sales_invoice_data]
2025-11-01 05:58:39,668 [INFO] [成功读取表 sales_invoice_data，数据行数：19501]
2025-11-01 06:28:22,866 [INFO] [数据库引擎创建成功]
2025-11-01 06:28:22,866 [INFO] [开始读取数据库表：order_data]
2025-11-01 06:28:23,470 [INFO] [成功读取表 order_data，数据行数：21931]
2025-11-01 06:28:23,620 [INFO] [开始读取数据库表：sales_data]
2025-11-01 06:28:29,393 [INFO] [成功读取表 sales_data，数据行数：26284]
2025-11-01 06:28:31,626 [INFO] [开始读取数据库表：jingpin_data]
2025-11-01 06:28:31,853 [INFO] [成功读取表 jingpin_data，数据行数：4093]
2025-11-01 06:28:31,944 [INFO] [开始读取数据库表：inventory_data]
2025-11-01 06:28:32,573 [INFO] [成功读取表 inventory_data，数据行数：6202]
2025-11-01 06:28:32,573 [INFO] [开始读取数据库表：tuiding_data]
2025-11-01 06:28:32,789 [INFO] [成功读取表 tuiding_data，数据行数：3824]
2025-11-01 06:28:32,789 [INFO] [开始读取数据库表：debit_data]
2025-11-01 06:28:34,581 [INFO] [成功读取表 debit_data，数据行数：21656]
2025-11-01 06:28:35,013 [INFO] [开始读取数据库表：sales_invoice_data]
2025-11-01 06:28:36,432 [INFO] [成功读取表 sales_invoice_data，数据行数：19501]
2025-11-01 06:58:31,218 [INFO] [数据库引擎创建成功]
2025-11-01 06:58:31,218 [INFO] [开始读取数据库表：order_data]
2025-11-01 06:58:31,708 [INFO] [成功读取表 order_data，数据行数：21931]
2025-11-01 06:58:31,853 [INFO] [开始读取数据库表：sales_data]
2025-11-01 06:58:36,857 [INFO] [成功读取表 sales_data，数据行数：26284]
2025-11-01 06:58:39,045 [INFO] [开始读取数据库表：jingpin_data]
2025-11-01 06:58:39,263 [INFO] [成功读取表 jingpin_data，数据行数：4093]
2025-11-01 06:58:39,344 [INFO] [开始读取数据库表：inventory_data]
2025-11-01 06:58:39,965 [INFO] [成功读取表 inventory_data，数据行数：6202]
2025-11-01 06:58:39,965 [INFO] [开始读取数据库表：tuiding_data]
2025-11-01 06:58:40,186 [INFO] [成功读取表 tuiding_data，数据行数：3824]
2025-11-01 06:58:40,186 [INFO] [开始读取数据库表：debit_data]
2025-11-01 06:58:42,055 [INFO] [成功读取表 debit_data，数据行数：21656]
2025-11-01 06:58:42,488 [INFO] [开始读取数据库表：sales_invoice_data]
2025-11-01 06:58:43,880 [INFO] [成功读取表 sales_invoice_data，数据行数：19501]
2025-11-01 07:28:35,826 [INFO] [数据库引擎创建成功]
2025-11-01 07:28:35,827 [INFO] [开始读取数据库表：order_data]
2025-11-01 07:28:36,337 [INFO] [成功读取表 order_data，数据行数：21931]
2025-11-01 07:28:36,490 [INFO] [开始读取数据库表：sales_data]
2025-11-01 07:28:41,720 [INFO] [成功读取表 sales_data，数据行数：26284]
2025-11-01 07:28:43,754 [INFO] [开始读取数据库表：jingpin_data]
2025-11-01 07:28:43,955 [INFO] [成功读取表 jingpin_data，数据行数：4093]
2025-11-01 07:28:44,032 [INFO] [开始读取数据库表：inventory_data]
2025-11-01 07:28:44,636 [INFO] [成功读取表 inventory_data，数据行数：6202]
2025-11-01 07:28:44,636 [INFO] [开始读取数据库表：tuiding_data]
2025-11-01 07:28:44,855 [INFO] [成功读取表 tuiding_data，数据行数：3824]
2025-11-01 07:28:44,856 [INFO] [开始读取数据库表：debit_data]
2025-11-01 07:28:46,718 [INFO] [成功读取表 debit_data，数据行数：21656]
2025-11-01 07:28:47,149 [INFO] [开始读取数据库表：sales_invoice_data]
2025-11-01 07:28:48,572 [INFO] [成功读取表 sales_invoice_data，数据行数：19501]
2025-11-01 07:58:48,143 [INFO] [数据库引擎创建成功]
2025-11-01 07:58:48,143 [INFO] [开始读取数据库表：order_data]
2025-11-01 07:58:48,700 [INFO] [成功读取表 order_data，数据行数：21931]
2025-11-01 07:58:48,855 [INFO] [开始读取数据库表：sales_data]
2025-11-01 07:58:54,243 [INFO] [成功读取表 sales_data，数据行数：26284]
2025-11-01 07:58:56,389 [INFO] [开始读取数据库表：jingpin_data]
2025-11-01 07:58:56,569 [INFO] [成功读取表 jingpin_data，数据行数：4093]
2025-11-01 07:58:56,636 [INFO] [开始读取数据库表：inventory_data]
2025-11-01 07:58:57,185 [INFO] [成功读取表 inventory_data，数据行数：6202]
2025-11-01 07:58:57,185 [INFO] [开始读取数据库表：tuiding_data]
2025-11-01 07:58:57,385 [INFO] [成功读取表 tuiding_data，数据行数：3824]
2025-11-01 07:58:57,385 [INFO] [开始读取数据库表：debit_data]
2025-11-01 07:58:59,006 [INFO] [成功读取表 debit_data，数据行数：21656]
2025-11-01 07:58:59,398 [INFO] [开始读取数据库表：sales_invoice_data]
2025-11-01 07:59:00,887 [INFO] [成功读取表 sales_invoice_data，数据行数：19501]
2025-11-01 08:28:38,401 [INFO] [数据库引擎创建成功]
2025-11-01 08:28:38,401 [INFO] [开始读取数据库表：order_data]
2025-11-01 08:28:38,985 [INFO] [成功读取表 order_data，数据行数：21931]
2025-11-01 08:28:39,147 [INFO] [开始读取数据库表：sales_data]
2025-11-01 08:28:44,742 [INFO] [成功读取表 sales_data，数据行数：26284]
2025-11-01 08:28:46,985 [INFO] [开始读取数据库表：jingpin_data]
2025-11-01 08:28:47,202 [INFO] [成功读取表 jingpin_data，数据行数：4093]
2025-11-01 08:28:47,277 [INFO] [开始读取数据库表：inventory_data]
2025-11-01 08:28:47,917 [INFO] [成功读取表 inventory_data，数据行数：6202]
2025-11-01 08:28:47,917 [INFO] [开始读取数据库表：tuiding_data]
2025-11-01 08:28:48,154 [INFO] [成功读取表 tuiding_data，数据行数：3824]
2025-11-01 08:28:48,155 [INFO] [开始读取数据库表：debit_data]
2025-11-01 08:28:50,042 [INFO] [成功读取表 debit_data，数据行数：21656]
2025-11-01 08:28:50,453 [INFO] [开始读取数据库表：sales_invoice_data]
2025-11-01 08:28:51,948 [INFO] [成功读取表 sales_invoice_data，数据行数：19501]
2025-11-01 08:59:13,403 [INFO] [数据库引擎创建成功]
2025-11-01 08:59:13,404 [INFO] [开始读取数据库表：order_data]
2025-11-01 08:59:13,953 [INFO] [成功读取表 order_data，数据行数：21931]
2025-11-01 08:59:14,113 [INFO] [开始读取数据库表：sales_data]
2025-11-01 08:59:19,556 [INFO] [成功读取表 sales_data，数据行数：26285]
2025-11-01 08:59:21,819 [INFO] [开始读取数据库表：jingpin_data]
2025-11-01 08:59:22,046 [INFO] [成功读取表 jingpin_data，数据行数：4093]
2025-11-01 08:59:22,136 [INFO] [开始读取数据库表：inventory_data]
2025-11-01 08:59:22,738 [INFO] [成功读取表 inventory_data，数据行数：6202]
2025-11-01 08:59:22,738 [INFO] [开始读取数据库表：tuiding_data]
2025-11-01 08:59:22,954 [INFO] [成功读取表 tuiding_data，数据行数：3824]
2025-11-01 08:59:22,955 [INFO] [开始读取数据库表：debit_data]
2025-11-01 08:59:24,861 [INFO] [成功读取表 debit_data，数据行数：21656]
2025-11-01 08:59:25,271 [INFO] [开始读取数据库表：sales_invoice_data]
2025-11-01 08:59:26,514 [INFO] [成功读取表 sales_invoice_data，数据行数：19501]
2025-11-01 09:28:48,071 [INFO] [数据库引擎创建成功]
2025-11-01 09:28:48,071 [INFO] [开始读取数据库表：order_data]
2025-11-01 09:28:48,625 [INFO] [成功读取表 order_data，数据行数：21930]
2025-11-01 09:28:48,763 [INFO] [开始读取数据库表：sales_data]
2025-11-01 09:28:54,235 [INFO] [成功读取表 sales_data，数据行数：26285]
2025-11-01 09:28:56,355 [INFO] [开始读取数据库表：jingpin_data]
2025-11-01 09:28:56,579 [INFO] [成功读取表 jingpin_data，数据行数：4093]
2025-11-01 09:28:56,650 [INFO] [开始读取数据库表：inventory_data]
2025-11-01 09:28:57,240 [INFO] [成功读取表 inventory_data，数据行数：6202]
2025-11-01 09:28:57,240 [INFO] [开始读取数据库表：tuiding_data]
2025-11-01 09:28:57,445 [INFO] [成功读取表 tuiding_data，数据行数：3825]
2025-11-01 09:28:57,445 [INFO] [开始读取数据库表：debit_data]
2025-11-01 09:28:59,261 [INFO] [成功读取表 debit_data，数据行数：21656]
2025-11-01 09:28:59,690 [INFO] [开始读取数据库表：sales_invoice_data]
2025-11-01 09:29:01,105 [INFO] [成功读取表 sales_invoice_data，数据行数：19502]
2025-11-01 09:59:31,859 [INFO] [数据库引擎创建成功]
2025-11-01 09:59:31,860 [INFO] [开始读取数据库表：order_data]
2025-11-01 09:59:32,464 [INFO] [成功读取表 order_data，数据行数：21930]
2025-11-01 09:59:32,622 [INFO] [开始读取数据库表：sales_data]
2025-11-01 09:59:39,118 [INFO] [成功读取表 sales_data，数据行数：26290]
2025-11-01 09:59:41,101 [INFO] [开始读取数据库表：jingpin_data]
2025-11-01 09:59:41,309 [INFO] [成功读取表 jingpin_data，数据行数：4093]
2025-11-01 09:59:41,388 [INFO] [开始读取数据库表：inventory_data]
2025-11-01 09:59:41,990 [INFO] [成功读取表 inventory_data，数据行数：6202]
2025-11-01 09:59:41,990 [INFO] [开始读取数据库表：tuiding_data]
2025-11-01 09:59:42,205 [INFO] [成功读取表 tuiding_data，数据行数：3825]
2025-11-01 09:59:42,205 [INFO] [开始读取数据库表：debit_data]
2025-11-01 09:59:44,051 [INFO] [成功读取表 debit_data，数据行数：21656]
2025-11-01 09:59:44,446 [INFO] [开始读取数据库表：sales_invoice_data]
2025-11-01 09:59:45,846 [INFO] [成功读取表 sales_invoice_data，数据行数：19506]
2025-11-01 10:29:06,288 [INFO] [数据库引擎创建成功]
2025-11-01 10:29:06,288 [INFO] [开始读取数据库表：order_data]
2025-11-01 10:29:06,928 [INFO] [成功读取表 order_data，数据行数：21938]
2025-11-01 10:29:07,101 [INFO] [开始读取数据库表：sales_data]
2025-11-01 10:29:13,525 [INFO] [成功读取表 sales_data，数据行数：26290]
2025-11-01 10:29:15,761 [INFO] [开始读取数据库表：jingpin_data]
2025-11-01 10:29:15,989 [INFO] [成功读取表 jingpin_data，数据行数：4093]
2025-11-01 10:29:16,065 [INFO] [开始读取数据库表：inventory_data]
2025-11-01 10:29:16,653 [INFO] [成功读取表 inventory_data，数据行数：6202]
2025-11-01 10:29:16,653 [INFO] [开始读取数据库表：tuiding_data]
2025-11-01 10:29:16,884 [INFO] [成功读取表 tuiding_data，数据行数：3825]
2025-11-01 10:29:16,884 [INFO] [开始读取数据库表：debit_data]
2025-11-01 10:29:18,766 [INFO] [成功读取表 debit_data，数据行数：21656]
2025-11-01 10:29:19,181 [INFO] [开始读取数据库表：sales_invoice_data]
2025-11-01 10:29:20,641 [INFO] [成功读取表 sales_invoice_data，数据行数：19514]
2025-11-01 10:58:55,430 [INFO] [数据库引擎创建成功]
2025-11-01 10:58:55,430 [INFO] [开始读取数据库表：order_data]
2025-11-01 10:58:56,069 [INFO] [成功读取表 order_data，数据行数：21944]
2025-11-01 10:58:56,235 [INFO] [开始读取数据库表：sales_data]
2025-11-01 10:59:01,769 [INFO] [成功读取表 sales_data，数据行数：26290]
2025-11-01 10:59:04,011 [INFO] [开始读取数据库表：jingpin_data]
2025-11-01 10:59:04,340 [INFO] [成功读取表 jingpin_data，数据行数：4094]
2025-11-01 10:59:04,468 [INFO] [开始读取数据库表：inventory_data]
2025-11-01 10:59:05,216 [INFO] [成功读取表 inventory_data，数据行数：6202]
2025-11-01 10:59:05,217 [INFO] [开始读取数据库表：tuiding_data]
2025-11-01 10:59:05,433 [INFO] [成功读取表 tuiding_data，数据行数：3825]
2025-11-01 10:59:05,433 [INFO] [开始读取数据库表：debit_data]
2025-11-01 10:59:07,265 [INFO] [成功读取表 debit_data，数据行数：21656]
2025-11-01 10:59:07,665 [INFO] [开始读取数据库表：sales_invoice_data]
2025-11-01 10:59:09,079 [INFO] [成功读取表 sales_invoice_data，数据行数：19521]
2025-11-01 11:28:40,583 [INFO] [数据库引擎创建成功]
2025-11-01 11:28:40,584 [INFO] [开始读取数据库表：order_data]
2025-11-01 11:28:41,242 [INFO] [成功读取表 order_data，数据行数：21948]
2025-11-01 11:28:41,416 [INFO] [开始读取数据库表：sales_data]
2025-11-01 11:28:47,497 [INFO] [成功读取表 sales_data，数据行数：26291]
2025-11-01 11:28:49,826 [INFO] [开始读取数据库表：jingpin_data]
2025-11-01 11:28:50,063 [INFO] [成功读取表 jingpin_data，数据行数：4094]
2025-11-01 11:28:50,143 [INFO] [开始读取数据库表：inventory_data]
2025-11-01 11:28:50,800 [INFO] [成功读取表 inventory_data，数据行数：6202]
2025-11-01 11:28:50,801 [INFO] [开始读取数据库表：tuiding_data]
2025-11-01 11:28:51,021 [INFO] [成功读取表 tuiding_data，数据行数：3825]
2025-11-01 11:28:51,021 [INFO] [开始读取数据库表：debit_data]
2025-11-01 11:28:52,991 [INFO] [成功读取表 debit_data，数据行数：21656]
2025-11-01 11:28:53,432 [INFO] [开始读取数据库表：sales_invoice_data]
2025-11-01 11:28:54,991 [INFO] [成功读取表 sales_invoice_data，数据行数：19529]
2025-11-01 11:58:45,383 [INFO] [数据库引擎创建成功]
2025-11-01 11:58:45,383 [INFO] [开始读取数据库表：order_data]
2025-11-01 11:58:45,916 [INFO] [成功读取表 order_data，数据行数：21950]
2025-11-01 11:58:46,087 [INFO] [开始读取数据库表：sales_data]
2025-11-01 11:58:52,167 [INFO] [成功读取表 sales_data，数据行数：26294]
2025-11-01 11:58:54,368 [INFO] [开始读取数据库表：jingpin_data]
2025-11-01 11:58:54,594 [INFO] [成功读取表 jingpin_data，数据行数：4094]
2025-11-01 11:58:54,668 [INFO] [开始读取数据库表：inventory_data]
2025-11-01 11:58:55,299 [INFO] [成功读取表 inventory_data，数据行数：6202]
2025-11-01 11:58:55,299 [INFO] [开始读取数据库表：tuiding_data]
2025-11-01 11:58:55,522 [INFO] [成功读取表 tuiding_data，数据行数：3825]
2025-11-01 11:58:55,522 [INFO] [开始读取数据库表：debit_data]
2025-11-01 11:58:57,403 [INFO] [成功读取表 debit_data，数据行数：21665]
2025-11-01 11:58:57,811 [INFO] [开始读取数据库表：sales_invoice_data]
2025-11-01 11:58:59,267 [INFO] [成功读取表 sales_invoice_data，数据行数：19536]
2025-11-01 12:28:44,724 [INFO] [数据库引擎创建成功]
2025-11-01 12:28:44,724 [INFO] [开始读取数据库表：order_data]
2025-11-01 12:28:45,287 [INFO] [成功读取表 order_data，数据行数：21951]
2025-11-01 12:28:45,444 [INFO] [开始读取数据库表：sales_data]
2025-11-01 12:28:51,250 [INFO] [成功读取表 sales_data，数据行数：26295]
2025-11-01 12:28:53,534 [INFO] [开始读取数据库表：jingpin_data]
2025-11-01 12:28:53,764 [INFO] [成功读取表 jingpin_data，数据行数：4095]
2025-11-01 12:28:53,849 [INFO] [开始读取数据库表：inventory_data]
2025-11-01 12:28:54,493 [INFO] [成功读取表 inventory_data，数据行数：6471]
2025-11-01 12:28:54,493 [INFO] [开始读取数据库表：tuiding_data]
2025-11-01 12:28:54,722 [INFO] [成功读取表 tuiding_data，数据行数：3825]
2025-11-01 12:28:54,722 [INFO] [开始读取数据库表：debit_data]
2025-11-01 12:28:56,639 [INFO] [成功读取表 debit_data，数据行数：21801]
2025-11-01 12:28:57,067 [INFO] [开始读取数据库表：sales_invoice_data]
2025-11-01 12:28:58,551 [INFO] [成功读取表 sales_invoice_data，数据行数：19543]
2025-11-01 12:58:48,729 [INFO] [数据库引擎创建成功]
2025-11-01 12:58:48,730 [INFO] [开始读取数据库表：order_data]
2025-11-01 12:58:49,151 [INFO] [成功读取表 order_data，数据行数：21955]
2025-11-01 12:58:49,271 [INFO] [开始读取数据库表：sales_data]
2025-11-01 12:58:53,579 [INFO] [成功读取表 sales_data，数据行数：26296]
2025-11-01 12:58:55,793 [INFO] [开始读取数据库表：jingpin_data]
2025-11-01 12:58:56,012 [INFO] [成功读取表 jingpin_data，数据行数：4095]
2025-11-01 12:58:56,091 [INFO] [开始读取数据库表：inventory_data]
2025-11-01 12:58:56,751 [INFO] [成功读取表 inventory_data，数据行数：6471]
2025-11-01 12:58:56,751 [INFO] [开始读取数据库表：tuiding_data]
2025-11-01 12:58:56,971 [INFO] [成功读取表 tuiding_data，数据行数：3825]
2025-11-01 12:58:56,971 [INFO] [开始读取数据库表：debit_data]
2025-11-01 12:58:58,895 [INFO] [成功读取表 debit_data，数据行数：21801]
2025-11-01 12:58:59,331 [INFO] [开始读取数据库表：sales_invoice_data]
2025-11-01 12:59:00,863 [INFO] [成功读取表 sales_invoice_data，数据行数：19548]
2025-11-01 13:29:02,599 [INFO] [数据库引擎创建成功]
2025-11-01 13:29:02,600 [INFO] [开始读取数据库表：order_data]
2025-11-01 13:29:03,171 [INFO] [成功读取表 order_data，数据行数：21964]
2025-11-01 13:29:03,317 [INFO] [开始读取数据库表：sales_data]
2025-11-01 13:29:09,230 [INFO] [成功读取表 sales_data，数据行数：26298]
2025-11-01 13:29:11,453 [INFO] [开始读取数据库表：jingpin_data]
2025-11-01 13:29:11,681 [INFO] [成功读取表 jingpin_data，数据行数：4095]
2025-11-01 13:29:11,753 [INFO] [开始读取数据库表：inventory_data]
2025-11-01 13:29:12,408 [INFO] [成功读取表 inventory_data，数据行数：6471]
2025-11-01 13:29:12,408 [INFO] [开始读取数据库表：tuiding_data]
2025-11-01 13:29:12,629 [INFO] [成功读取表 tuiding_data，数据行数：3825]
2025-11-01 13:29:12,629 [INFO] [开始读取数据库表：debit_data]
2025-11-01 13:29:14,591 [INFO] [成功读取表 debit_data，数据行数：21801]
2025-11-01 13:29:15,036 [INFO] [开始读取数据库表：sales_invoice_data]
2025-11-01 13:29:16,541 [INFO] [成功读取表 sales_invoice_data，数据行数：19559]
2025-11-01 13:58:52,807 [INFO] [数据库引擎创建成功]
2025-11-01 13:58:52,807 [INFO] [开始读取数据库表：order_data]
2025-11-01 13:58:53,229 [INFO] [成功读取表 order_data，数据行数：21975]
2025-11-01 13:58:53,349 [INFO] [开始读取数据库表：sales_data]
2025-11-01 13:58:57,090 [INFO] [成功读取表 sales_data，数据行数：26299]
2025-11-01 13:58:59,305 [INFO] [开始读取数据库表：jingpin_data]
2025-11-01 13:58:59,520 [INFO] [成功读取表 jingpin_data，数据行数：4095]
2025-11-01 13:58:59,596 [INFO] [开始读取数据库表：inventory_data]
2025-11-01 13:59:00,241 [INFO] [成功读取表 inventory_data，数据行数：6471]
2025-11-01 13:59:00,242 [INFO] [开始读取数据库表：tuiding_data]
2025-11-01 13:59:00,460 [INFO] [成功读取表 tuiding_data，数据行数：3825]
2025-11-01 13:59:00,461 [INFO] [开始读取数据库表：debit_data]
2025-11-01 13:59:02,376 [INFO] [成功读取表 debit_data，数据行数：21801]
2025-11-01 13:59:02,787 [INFO] [开始读取数据库表：sales_invoice_data]
2025-11-01 13:59:04,227 [INFO] [成功读取表 sales_invoice_data，数据行数：19572]
2025-11-01 14:29:34,312 [INFO] [数据库引擎创建成功]
2025-11-01 14:29:34,321 [INFO] [开始读取数据库表：order_data]
2025-11-01 14:29:37,692 [INFO] [成功读取表 order_data，数据行数：21984]
2025-11-01 14:29:38,184 [INFO] [开始读取数据库表：sales_data]
2025-11-01 14:29:44,979 [INFO] [成功读取表 sales_data，数据行数：26302]
2025-11-01 14:29:47,137 [INFO] [开始读取数据库表：jingpin_data]
2025-11-01 14:29:47,357 [INFO] [成功读取表 jingpin_data，数据行数：4095]
2025-11-01 14:29:47,394 [INFO] [开始读取数据库表：inventory_data]
2025-11-01 14:29:48,030 [INFO] [成功读取表 inventory_data，数据行数：6478]
2025-11-01 14:29:48,031 [INFO] [开始读取数据库表：tuiding_data]
2025-11-01 14:29:48,267 [INFO] [成功读取表 tuiding_data，数据行数：3825]
2025-11-01 14:29:48,267 [INFO] [开始读取数据库表：debit_data]
2025-11-01 14:29:50,151 [INFO] [成功读取表 debit_data，数据行数：21804]
2025-11-01 14:29:50,553 [INFO] [开始读取数据库表：sales_invoice_data]
2025-11-01 14:29:52,241 [INFO] [成功读取表 sales_invoice_data，数据行数：19585]
2025-11-01 14:59:33,040 [INFO] [数据库引擎创建成功]
2025-11-01 14:59:33,049 [INFO] [开始读取数据库表：order_data]
2025-11-01 14:59:33,487 [INFO] [成功读取表 order_data，数据行数：21983]
2025-11-01 14:59:33,624 [INFO] [开始读取数据库表：sales_data]
2025-11-01 14:59:37,972 [INFO] [成功读取表 sales_data，数据行数：26304]
2025-11-01 14:59:41,440 [INFO] [开始读取数据库表：jingpin_data]
2025-11-01 14:59:41,726 [INFO] [成功读取表 jingpin_data，数据行数：4095]
2025-11-01 14:59:41,815 [INFO] [开始读取数据库表：inventory_data]
2025-11-01 14:59:42,509 [INFO] [成功读取表 inventory_data，数据行数：6478]
2025-11-01 14:59:42,510 [INFO] [开始读取数据库表：tuiding_data]
2025-11-01 14:59:42,780 [INFO] [成功读取表 tuiding_data，数据行数：3826]
2025-11-01 14:59:42,780 [INFO] [开始读取数据库表：debit_data]
2025-11-01 14:59:44,871 [INFO] [成功读取表 debit_data，数据行数：21804]
2025-11-01 14:59:45,397 [INFO] [开始读取数据库表：sales_invoice_data]
2025-11-01 14:59:46,945 [INFO] [成功读取表 sales_invoice_data，数据行数：19599]
2025-11-01 15:30:09,330 [INFO] [数据库引擎创建成功]
2025-11-01 15:30:09,331 [INFO] [开始读取数据库表：order_data]
2025-11-01 15:30:09,749 [INFO] [成功读取表 order_data，数据行数：21997]
2025-11-01 15:30:09,893 [INFO] [开始读取数据库表：sales_data]
2025-11-01 15:30:14,250 [INFO] [成功读取表 sales_data，数据行数：26310]
2025-11-01 15:30:16,430 [INFO] [开始读取数据库表：jingpin_data]
2025-11-01 15:30:16,650 [INFO] [成功读取表 jingpin_data，数据行数：4098]
2025-11-01 15:30:16,748 [INFO] [开始读取数据库表：inventory_data]
2025-11-01 15:30:16,781 [INFO] [成功读取表 inventory_data，数据行数：273]
2025-11-01 15:30:16,782 [INFO] [开始读取数据库表：tuiding_data]
2025-11-01 15:30:16,992 [INFO] [成功读取表 tuiding_data，数据行数：3826]
2025-11-01 15:30:16,993 [INFO] [开始读取数据库表：debit_data]
2025-11-01 15:30:18,823 [INFO] [成功读取表 debit_data，数据行数：21804]
2025-11-01 15:30:19,293 [INFO] [开始读取数据库表：sales_invoice_data]
2025-11-01 15:30:20,687 [INFO] [成功读取表 sales_invoice_data，数据行数：19603]
2025-11-01 15:44:21,904 [INFO] [数据库引擎创建成功]
2025-11-01 15:44:21,904 [INFO] [开始读取数据库表：order_data]
2025-11-01 15:44:22,619 [INFO] [成功读取表 order_data，数据行数：21997]
2025-11-01 15:44:22,798 [INFO] [开始读取数据库表：sales_data]
2025-11-01 15:44:25,602 [INFO] [成功读取表 sales_data，数据行数：26310]
2025-11-01 15:44:26,551 [INFO] [开始读取数据库表：jingpin_data]
2025-11-01 15:44:26,626 [INFO] [成功读取表 jingpin_data，数据行数：4098]
2025-11-01 15:44:26,662 [INFO] [开始读取数据库表：inventory_data]
2025-11-01 15:44:26,879 [INFO] [成功读取表 inventory_data，数据行数：5726]
2025-11-01 15:44:26,879 [INFO] [开始读取数据库表：tuiding_data]
2025-11-01 15:44:26,969 [INFO] [成功读取表 tuiding_data，数据行数：3826]
2025-11-01 15:44:26,969 [INFO] [开始读取数据库表：debit_data]
2025-11-01 15:44:27,790 [INFO] [成功读取表 debit_data，数据行数：21804]
2025-11-01 15:44:28,000 [INFO] [开始读取数据库表：sales_invoice_data]
2025-11-01 15:44:28,547 [INFO] [成功读取表 sales_invoice_data，数据行数：19603]
2025-11-01 15:45:17,401 [INFO] [数据库引擎创建成功]
2025-11-01 15:45:17,401 [INFO] [开始读取数据库表：order_data]
2025-11-01 15:45:17,985 [INFO] [成功读取表 order_data，数据行数：21997]
2025-11-01 15:45:18,142 [INFO] [开始读取数据库表：sales_data]
2025-11-01 15:45:20,879 [INFO] [成功读取表 sales_data，数据行数：26310]
2025-11-01 15:45:21,801 [INFO] [开始读取数据库表：jingpin_data]
2025-11-01 15:45:21,869 [INFO] [成功读取表 jingpin_data，数据行数：4098]
2025-11-01 15:45:21,901 [INFO] [开始读取数据库表：inventory_data]
2025-11-01 15:45:22,091 [INFO] [成功读取表 inventory_data，数据行数：5726]
2025-11-01 15:45:22,091 [INFO] [开始读取数据库表：tuiding_data]
2025-11-01 15:45:22,164 [INFO] [成功读取表 tuiding_data，数据行数：3826]
2025-11-01 15:45:22,164 [INFO] [开始读取数据库表：debit_data]
2025-11-01 15:45:22,811 [INFO] [成功读取表 debit_data，数据行数：21804]
2025-11-01 15:45:22,989 [INFO] [开始读取数据库表：sales_invoice_data]
2025-11-01 15:45:23,479 [INFO] [成功读取表 sales_invoice_data，数据行数：19603]
2025-11-01 15:59:20,953 [INFO] [数据库引擎创建成功]
2025-11-01 15:59:20,954 [INFO] [开始读取数据库表：order_data]
2025-11-01 15:59:21,825 [INFO] [成功读取表 order_data，数据行数：21994]
2025-11-01 15:59:22,030 [INFO] [开始读取数据库表：sales_data]
2025-11-01 15:59:28,096 [INFO] [成功读取表 sales_data，数据行数：26312]
2025-11-01 15:59:30,139 [INFO] [开始读取数据库表：jingpin_data]
2025-11-01 15:59:30,359 [INFO] [成功读取表 jingpin_data，数据行数：4098]
2025-11-01 15:59:30,437 [INFO] [开始读取数据库表：inventory_data]
2025-11-01 15:59:30,959 [INFO] [成功读取表 inventory_data，数据行数：5726]
2025-11-01 15:59:30,960 [INFO] [开始读取数据库表：tuiding_data]
2025-11-01 15:59:31,168 [INFO] [成功读取表 tuiding_data，数据行数：3829]
2025-11-01 15:59:31,169 [INFO] [开始读取数据库表：debit_data]
2025-11-01 15:59:32,897 [INFO] [成功读取表 debit_data，数据行数：21804]
2025-11-01 15:59:33,289 [INFO] [开始读取数据库表：sales_invoice_data]
2025-11-01 15:59:34,600 [INFO] [成功读取表 sales_invoice_data，数据行数：19621]
2025-11-01 16:29:44,939 [INFO] [数据库引擎创建成功]
2025-11-01 16:29:44,940 [INFO] [开始读取数据库表：order_data]
2025-11-01 16:29:46,576 [INFO] [成功读取表 order_data，数据行数：22017]
2025-11-01 16:29:46,949 [INFO] [开始读取数据库表：sales_data]
2025-11-01 16:29:53,660 [INFO] [成功读取表 sales_data，数据行数：26316]
2025-11-01 16:29:55,963 [INFO] [开始读取数据库表：jingpin_data]
2025-11-01 16:29:56,183 [INFO] [成功读取表 jingpin_data，数据行数：4098]
2025-11-01 16:29:56,260 [INFO] [开始读取数据库表：inventory_data]
2025-11-01 16:29:56,835 [INFO] [成功读取表 inventory_data，数据行数：5726]
2025-11-01 16:29:56,835 [INFO] [开始读取数据库表：tuiding_data]
2025-11-01 16:29:57,053 [INFO] [成功读取表 tuiding_data，数据行数：3829]
2025-11-01 16:29:57,053 [INFO] [开始读取数据库表：debit_data]
2025-11-01 16:29:59,097 [INFO] [成功读取表 debit_data，数据行数：21804]
2025-11-01 16:29:59,556 [INFO] [开始读取数据库表：sales_invoice_data]
2025-11-01 16:30:00,963 [INFO] [成功读取表 sales_invoice_data，数据行数：19630]
2025-11-01 16:59:22,501 [INFO] [数据库引擎创建成功]
2025-11-01 16:59:22,501 [INFO] [开始读取数据库表：order_data]
2025-11-01 16:59:23,161 [INFO] [成功读取表 order_data，数据行数：22017]
2025-11-01 16:59:23,349 [INFO] [开始读取数据库表：sales_data]
2025-11-01 16:59:27,189 [INFO] [成功读取表 sales_data，数据行数：26317]
2025-11-01 16:59:29,241 [INFO] [开始读取数据库表：jingpin_data]
2025-11-01 16:59:29,458 [INFO] [成功读取表 jingpin_data，数据行数：4098]
2025-11-01 16:59:29,534 [INFO] [开始读取数据库表：inventory_data]
2025-11-01 16:59:30,022 [INFO] [成功读取表 inventory_data，数据行数：5726]
2025-11-01 16:59:30,022 [INFO] [开始读取数据库表：tuiding_data]
2025-11-01 16:59:30,202 [INFO] [成功读取表 tuiding_data，数据行数：3829]
2025-11-01 16:59:30,202 [INFO] [开始读取数据库表：debit_data]
2025-11-01 16:59:31,827 [INFO] [成功读取表 debit_data，数据行数：21804]
2025-11-01 16:59:32,200 [INFO] [开始读取数据库表：sales_invoice_data]
2025-11-01 16:59:33,473 [INFO] [成功读取表 sales_invoice_data，数据行数：19639]
2025-11-01 17:28:58,230 [INFO] [数据库引擎创建成功]
2025-11-01 17:28:58,240 [INFO] [开始读取数据库表：order_data]
2025-11-01 17:28:58,806 [INFO] [成功读取表 order_data，数据行数：22026]
2025-11-01 17:28:58,978 [INFO] [开始读取数据库表：sales_data]
2025-11-01 17:29:01,795 [INFO] [成功读取表 sales_data，数据行数：26319]
2025-11-01 17:29:02,823 [INFO] [开始读取数据库表：jingpin_data]
2025-11-01 17:29:02,999 [INFO] [成功读取表 jingpin_data，数据行数：4099]
2025-11-01 17:29:03,083 [INFO] [开始读取数据库表：inventory_data]
2025-11-01 17:29:03,637 [INFO] [成功读取表 inventory_data，数据行数：5726]
2025-11-01 17:29:03,637 [INFO] [开始读取数据库表：tuiding_data]
2025-11-01 17:29:03,819 [INFO] [成功读取表 tuiding_data，数据行数：3838]
2025-11-01 17:29:03,819 [INFO] [开始读取数据库表：debit_data]
2025-11-01 17:29:05,357 [INFO] [成功读取表 debit_data，数据行数：21804]
2025-11-01 17:29:05,752 [INFO] [开始读取数据库表：sales_invoice_data]
2025-11-01 17:29:06,977 [INFO] [成功读取表 sales_invoice_data，数据行数：19649]
2025-11-01 17:39:20,505 [INFO] [数据库引擎创建成功]
2025-11-01 17:39:20,505 [INFO] [开始读取数据库表：order_data]
2025-11-01 17:39:21,173 [INFO] [成功读取表 order_data，数据行数：22032]
2025-11-01 17:39:21,334 [INFO] [开始读取数据库表：sales_data]
2025-11-01 17:39:24,195 [INFO] [成功读取表 sales_data，数据行数：26319]
2025-11-01 17:39:25,110 [INFO] [开始读取数据库表：jingpin_data]
2025-11-01 17:39:25,195 [INFO] [成功读取表 jingpin_data，数据行数：4099]
2025-11-01 17:39:25,286 [INFO] [开始读取数据库表：inventory_data]
2025-11-01 17:39:25,814 [INFO] [成功读取表 inventory_data，数据行数：5726]
2025-11-01 17:39:25,814 [INFO] [开始读取数据库表：tuiding_data]
2025-11-01 17:39:26,004 [INFO] [成功读取表 tuiding_data，数据行数：3838]
2025-11-01 17:39:26,004 [INFO] [开始读取数据库表：debit_data]
2025-11-01 17:39:28,771 [INFO] [成功读取表 debit_data，数据行数：21804]
2025-11-01 17:39:29,296 [INFO] [开始读取数据库表：sales_invoice_data]
2025-11-01 17:39:30,644 [INFO] [成功读取表 sales_invoice_data，数据行数：19655]
2025-11-01 17:59:13,148 [INFO] [数据库引擎创建成功]
2025-11-01 17:59:13,148 [INFO] [开始读取数据库表：order_data]
2025-11-01 17:59:13,977 [INFO] [成功读取表 order_data，数据行数：22031]
2025-11-01 17:59:14,220 [INFO] [开始读取数据库表：sales_data]
2025-11-01 17:59:19,244 [INFO] [成功读取表 sales_data，数据行数：26325]
2025-11-01 17:59:21,213 [INFO] [开始读取数据库表：jingpin_data]
2025-11-01 17:59:21,418 [INFO] [成功读取表 jingpin_data，数据行数：4099]
2025-11-01 17:59:21,490 [INFO] [开始读取数据库表：inventory_data]
2025-11-01 17:59:22,011 [INFO] [成功读取表 inventory_data，数据行数：5726]
2025-11-01 17:59:22,011 [INFO] [开始读取数据库表：tuiding_data]
2025-11-01 17:59:22,205 [INFO] [成功读取表 tuiding_data，数据行数：3839]
2025-11-01 17:59:22,205 [INFO] [开始读取数据库表：debit_data]
2025-11-01 17:59:23,946 [INFO] [成功读取表 debit_data，数据行数：21804]
2025-11-01 17:59:24,345 [INFO] [开始读取数据库表：sales_invoice_data]
2025-11-01 17:59:25,617 [INFO] [成功读取表 sales_invoice_data，数据行数：19673]
2025-11-01 18:28:02,179 [INFO] [数据库引擎创建成功]
2025-11-01 18:28:02,180 [INFO] [开始读取数据库表：order_data]
2025-11-01 18:28:02,904 [INFO] [成功读取表 order_data，数据行数：22067]
2025-11-01 18:28:03,093 [INFO] [开始读取数据库表：sales_data]
2025-11-01 18:28:06,463 [INFO] [成功读取表 sales_data，数据行数：26326]
2025-11-01 18:28:07,515 [INFO] [开始读取数据库表：jingpin_data]
2025-11-01 18:28:07,599 [INFO] [成功读取表 jingpin_data，数据行数：4099]
2025-11-01 18:28:07,630 [INFO] [开始读取数据库表：inventory_data]
2025-11-01 18:28:07,877 [INFO] [成功读取表 inventory_data，数据行数：5726]
2025-11-01 18:28:07,877 [INFO] [开始读取数据库表：tuiding_data]
2025-11-01 18:28:07,985 [INFO] [成功读取表 tuiding_data，数据行数：3839]
2025-11-01 18:28:07,985 [INFO] [开始读取数据库表：debit_data]
2025-11-01 18:28:09,074 [INFO] [成功读取表 debit_data，数据行数：21804]
2025-11-01 18:28:09,392 [INFO] [开始读取数据库表：sales_invoice_data]
2025-11-01 18:28:10,439 [INFO] [成功读取表 sales_invoice_data，数据行数：19695]
2025-11-01 18:58:10,339 [INFO] [数据库引擎创建成功]
2025-11-01 18:58:10,339 [INFO] [开始读取数据库表：order_data]
2025-11-01 18:58:11,084 [INFO] [成功读取表 order_data，数据行数：22077]
2025-11-01 18:58:11,289 [INFO] [开始读取数据库表：sales_data]
2025-11-01 18:58:14,769 [INFO] [成功读取表 sales_data，数据行数：26325]
2025-11-01 18:58:15,867 [INFO] [开始读取数据库表：jingpin_data]
2025-11-01 18:58:15,944 [INFO] [成功读取表 jingpin_data，数据行数：4099]
2025-11-01 18:58:15,974 [INFO] [开始读取数据库表：inventory_data]
2025-11-01 18:58:16,194 [INFO] [成功读取表 inventory_data，数据行数：5726]
2025-11-01 18:58:16,194 [INFO] [开始读取数据库表：tuiding_data]
2025-11-01 18:58:16,271 [INFO] [成功读取表 tuiding_data，数据行数：3839]
2025-11-01 18:58:16,272 [INFO] [开始读取数据库表：debit_data]
2025-11-01 18:58:17,804 [INFO] [成功读取表 debit_data，数据行数：21804]
2025-11-01 18:58:18,157 [INFO] [开始读取数据库表：sales_invoice_data]
2025-11-01 18:58:19,235 [INFO] [成功读取表 sales_invoice_data，数据行数：19705]
2025-11-01 19:28:21,166 [INFO] [数据库引擎创建成功]
2025-11-01 19:28:21,166 [INFO] [开始读取数据库表：order_data]
2025-11-01 19:28:21,955 [INFO] [成功读取表 order_data，数据行数：22085]
2025-11-01 19:28:22,137 [INFO] [开始读取数据库表：sales_data]
2025-11-01 19:28:25,746 [INFO] [成功读取表 sales_data，数据行数：26325]
2025-11-01 19:28:27,112 [INFO] [开始读取数据库表：jingpin_data]
2025-11-01 19:28:27,292 [INFO] [成功读取表 jingpin_data，数据行数：4099]
2025-11-01 19:28:27,369 [INFO] [开始读取数据库表：inventory_data]
2025-11-01 19:28:27,806 [INFO] [成功读取表 inventory_data，数据行数：5726]
2025-11-01 19:28:27,806 [INFO] [开始读取数据库表：tuiding_data]
2025-11-01 19:28:27,954 [INFO] [成功读取表 tuiding_data，数据行数：3848]
2025-11-01 19:28:27,955 [INFO] [开始读取数据库表：debit_data]
2025-11-01 19:28:29,283 [INFO] [成功读取表 debit_data，数据行数：21804]
2025-11-01 19:28:29,613 [INFO] [开始读取数据库表：sales_invoice_data]
2025-11-01 19:28:30,602 [INFO] [成功读取表 sales_invoice_data，数据行数：19722]
2025-11-01 19:58:19,321 [INFO] [数据库引擎创建成功]
2025-11-01 19:58:19,321 [INFO] [开始读取数据库表：order_data]
2025-11-01 19:58:20,108 [INFO] [成功读取表 order_data，数据行数：22089]
2025-11-01 19:58:20,310 [INFO] [开始读取数据库表：sales_data]
2025-11-01 19:58:23,986 [INFO] [成功读取表 sales_data，数据行数：26325]
2025-11-01 19:58:25,537 [INFO] [开始读取数据库表：jingpin_data]
2025-11-01 19:58:25,711 [INFO] [成功读取表 jingpin_data，数据行数：4099]
2025-11-01 19:58:25,773 [INFO] [开始读取数据库表：inventory_data]
2025-11-01 19:58:26,185 [INFO] [成功读取表 inventory_data，数据行数：5726]
2025-11-01 19:58:26,185 [INFO] [开始读取数据库表：tuiding_data]
2025-11-01 19:58:26,348 [INFO] [成功读取表 tuiding_data，数据行数：3851]
2025-11-01 19:58:26,348 [INFO] [开始读取数据库表：debit_data]
2025-11-01 19:58:27,668 [INFO] [成功读取表 debit_data，数据行数：21804]
2025-11-01 19:58:27,981 [INFO] [开始读取数据库表：sales_invoice_data]
2025-11-01 19:58:29,004 [INFO] [成功读取表 sales_invoice_data，数据行数：19730]
2025-11-01 20:28:08,040 [INFO] [数据库引擎创建成功]
2025-11-01 20:28:08,041 [INFO] [开始读取数据库表：order_data]
2025-11-01 20:28:08,788 [INFO] [成功读取表 order_data，数据行数：22090]
2025-11-01 20:28:08,987 [INFO] [开始读取数据库表：sales_data]
2025-11-01 20:28:12,478 [INFO] [成功读取表 sales_data，数据行数：26325]
2025-11-01 20:28:13,682 [INFO] [开始读取数据库表：jingpin_data]
2025-11-01 20:28:13,768 [INFO] [成功读取表 jingpin_data，数据行数：4099]
2025-11-01 20:28:13,810 [INFO] [开始读取数据库表：inventory_data]
2025-11-01 20:28:14,121 [INFO] [成功读取表 inventory_data，数据行数：5726]
2025-11-01 20:28:14,121 [INFO] [开始读取数据库表：tuiding_data]
2025-11-01 20:28:14,291 [INFO] [成功读取表 tuiding_data，数据行数：3851]
2025-11-01 20:28:14,291 [INFO] [开始读取数据库表：debit_data]
2025-11-01 20:28:15,708 [INFO] [成功读取表 debit_data，数据行数：21804]
2025-11-01 20:28:16,016 [INFO] [开始读取数据库表：sales_invoice_data]
2025-11-01 20:28:17,010 [INFO] [成功读取表 sales_invoice_data，数据行数：19731]
2025-11-01 20:58:01,634 [INFO] [数据库引擎创建成功]
2025-11-01 20:58:01,634 [INFO] [开始读取数据库表：order_data]
2025-11-01 20:58:02,167 [INFO] [成功读取表 order_data，数据行数：22091]
2025-11-01 20:58:02,324 [INFO] [开始读取数据库表：sales_data]
2025-11-01 20:58:05,072 [INFO] [成功读取表 sales_data，数据行数：26325]
2025-11-01 20:58:06,060 [INFO] [开始读取数据库表：jingpin_data]
2025-11-01 20:58:06,128 [INFO] [成功读取表 jingpin_data，数据行数：4099]
2025-11-01 20:58:06,160 [INFO] [开始读取数据库表：inventory_data]
2025-11-01 20:58:06,350 [INFO] [成功读取表 inventory_data，数据行数：5726]
2025-11-01 20:58:06,352 [INFO] [开始读取数据库表：tuiding_data]
2025-11-01 20:58:06,552 [INFO] [成功读取表 tuiding_data，数据行数：3851]
2025-11-01 20:58:06,552 [INFO] [开始读取数据库表：debit_data]
2025-11-01 20:58:09,040 [INFO] [成功读取表 debit_data，数据行数：21804]
2025-11-01 20:58:09,415 [INFO] [开始读取数据库表：sales_invoice_data]
2025-11-01 20:58:10,541 [INFO] [成功读取表 sales_invoice_data，数据行数：19732]
2025-11-01 21:29:00,059 [INFO] [数据库引擎创建成功]
2025-11-01 21:29:00,060 [INFO] [开始读取数据库表：order_data]
2025-11-01 21:29:00,783 [INFO] [成功读取表 order_data，数据行数：22091]
2025-11-01 21:29:01,021 [INFO] [开始读取数据库表：sales_data]
2025-11-01 21:29:04,758 [INFO] [成功读取表 sales_data，数据行数：26325]
2025-11-01 21:29:06,057 [INFO] [开始读取数据库表：jingpin_data]
2025-11-01 21:29:06,184 [INFO] [成功读取表 jingpin_data，数据行数：4099]
2025-11-01 21:29:06,233 [INFO] [开始读取数据库表：inventory_data]
2025-11-01 21:29:06,709 [INFO] [成功读取表 inventory_data，数据行数：5726]
2025-11-01 21:29:06,710 [INFO] [开始读取数据库表：tuiding_data]
2025-11-01 21:29:06,861 [INFO] [成功读取表 tuiding_data，数据行数：3851]
2025-11-01 21:29:06,862 [INFO] [开始读取数据库表：debit_data]
2025-11-01 21:29:09,316 [INFO] [成功读取表 debit_data，数据行数：21814]
2025-11-01 21:29:09,681 [INFO] [开始读取数据库表：sales_invoice_data]
2025-11-01 21:29:10,777 [INFO] [成功读取表 sales_invoice_data，数据行数：19732]
2025-11-01 21:58:06,191 [INFO] [数据库引擎创建成功]
2025-11-01 21:58:06,191 [INFO] [开始读取数据库表：order_data]
2025-11-01 21:58:06,883 [INFO] [成功读取表 order_data，数据行数：22091]
2025-11-01 21:58:07,090 [INFO] [开始读取数据库表：sales_data]
2025-11-01 21:58:10,379 [INFO] [成功读取表 sales_data，数据行数：26325]
2025-11-01 21:58:11,446 [INFO] [开始读取数据库表：jingpin_data]
2025-11-01 21:58:11,538 [INFO] [成功读取表 jingpin_data，数据行数：4099]
2025-11-01 21:58:11,577 [INFO] [开始读取数据库表：inventory_data]
2025-11-01 21:58:11,822 [INFO] [成功读取表 inventory_data，数据行数：5727]
2025-11-01 21:58:11,822 [INFO] [开始读取数据库表：tuiding_data]
2025-11-01 21:58:11,922 [INFO] [成功读取表 tuiding_data，数据行数：3851]
2025-11-01 21:58:11,922 [INFO] [开始读取数据库表：debit_data]
2025-11-01 21:58:13,288 [INFO] [成功读取表 debit_data，数据行数：21815]
2025-11-01 21:58:13,632 [INFO] [开始读取数据库表：sales_invoice_data]
2025-11-01 21:58:14,696 [INFO] [成功读取表 sales_invoice_data，数据行数：19732]
2025-11-01 22:28:13,538 [INFO] [数据库引擎创建成功]
2025-11-01 22:28:13,538 [INFO] [开始读取数据库表：order_data]
2025-11-01 22:28:14,230 [INFO] [成功读取表 order_data，数据行数：22091]
2025-11-01 22:28:14,416 [INFO] [开始读取数据库表：sales_data]
2025-11-01 22:28:17,634 [INFO] [成功读取表 sales_data，数据行数：26325]
2025-11-01 22:28:18,637 [INFO] [开始读取数据库表：jingpin_data]
2025-11-01 22:28:18,730 [INFO] [成功读取表 jingpin_data，数据行数：4099]
2025-11-01 22:28:18,760 [INFO] [开始读取数据库表：inventory_data]
2025-11-01 22:28:18,970 [INFO] [成功读取表 inventory_data，数据行数：5727]
2025-11-01 22:28:18,970 [INFO] [开始读取数据库表：tuiding_data]
2025-11-01 22:28:19,046 [INFO] [成功读取表 tuiding_data，数据行数：3853]
2025-11-01 22:28:19,047 [INFO] [开始读取数据库表：debit_data]
2025-11-01 22:28:20,010 [INFO] [成功读取表 debit_data，数据行数：21815]
2025-11-01 22:28:20,325 [INFO] [开始读取数据库表：sales_invoice_data]
2025-11-01 22:28:21,378 [INFO] [成功读取表 sales_invoice_data，数据行数：19734]
2025-11-01 22:58:04,515 [INFO] [数据库引擎创建成功]
2025-11-01 22:58:04,515 [INFO] [开始读取数据库表：order_data]
2025-11-01 22:58:05,271 [INFO] [成功读取表 order_data，数据行数：22091]
2025-11-01 22:58:05,467 [INFO] [开始读取数据库表：sales_data]
2025-11-01 22:58:08,994 [INFO] [成功读取表 sales_data，数据行数：26325]
2025-11-01 22:58:10,176 [INFO] [开始读取数据库表：jingpin_data]
2025-11-01 22:58:10,306 [INFO] [成功读取表 jingpin_data，数据行数：4099]
2025-11-01 22:58:10,335 [INFO] [开始读取数据库表：inventory_data]
2025-11-01 22:58:10,598 [INFO] [成功读取表 inventory_data，数据行数：5727]
2025-11-01 22:58:10,598 [INFO] [开始读取数据库表：tuiding_data]
2025-11-01 22:58:10,714 [INFO] [成功读取表 tuiding_data，数据行数：3853]
2025-11-01 22:58:10,714 [INFO] [开始读取数据库表：debit_data]
2025-11-01 22:58:13,020 [INFO] [成功读取表 debit_data，数据行数：21815]
2025-11-01 22:58:13,364 [INFO] [开始读取数据库表：sales_invoice_data]
2025-11-01 22:58:14,428 [INFO] [成功读取表 sales_invoice_data，数据行数：19734]
2025-11-01 23:28:14,120 [INFO] [数据库引擎创建成功]
2025-11-01 23:28:14,121 [INFO] [开始读取数据库表：order_data]
2025-11-01 23:28:14,733 [INFO] [成功读取表 order_data，数据行数：22091]
2025-11-01 23:28:14,920 [INFO] [开始读取数据库表：sales_data]
2025-11-01 23:28:18,189 [INFO] [成功读取表 sales_data，数据行数：26325]
2025-11-01 23:28:19,357 [INFO] [开始读取数据库表：jingpin_data]
2025-11-01 23:28:19,479 [INFO] [成功读取表 jingpin_data，数据行数：4099]
2025-11-01 23:28:19,518 [INFO] [开始读取数据库表：inventory_data]
2025-11-01 23:28:19,959 [INFO] [成功读取表 inventory_data，数据行数：5728]
2025-11-01 23:28:19,960 [INFO] [开始读取数据库表：tuiding_data]
2025-11-01 23:28:20,119 [INFO] [成功读取表 tuiding_data，数据行数：3853]
2025-11-01 23:28:20,120 [INFO] [开始读取数据库表：debit_data]
2025-11-01 23:28:21,516 [INFO] [成功读取表 debit_data，数据行数：21816]
2025-11-01 23:28:21,810 [INFO] [开始读取数据库表：sales_invoice_data]
2025-11-01 23:28:22,852 [INFO] [成功读取表 sales_invoice_data，数据行数：19734]
2025-11-01 23:58:09,477 [INFO] [数据库引擎创建成功]
2025-11-01 23:58:09,478 [INFO] [开始读取数据库表：order_data]
2025-11-01 23:58:10,106 [INFO] [成功读取表 order_data，数据行数：22091]
2025-11-01 23:58:10,285 [INFO] [开始读取数据库表：sales_data]
2025-11-01 23:58:13,637 [INFO] [成功读取表 sales_data，数据行数：26325]
2025-11-01 23:58:14,581 [INFO] [开始读取数据库表：jingpin_data]
2025-11-01 23:58:14,667 [INFO] [成功读取表 jingpin_data，数据行数：4099]
2025-11-01 23:58:14,703 [INFO] [开始读取数据库表：inventory_data]
2025-11-01 23:58:14,933 [INFO] [成功读取表 inventory_data，数据行数：5728]
2025-11-01 23:58:14,934 [INFO] [开始读取数据库表：tuiding_data]
2025-11-01 23:58:15,031 [INFO] [成功读取表 tuiding_data，数据行数：3853]
2025-11-01 23:58:15,031 [INFO] [开始读取数据库表：debit_data]
2025-11-01 23:58:16,041 [INFO] [成功读取表 debit_data，数据行数：21816]
2025-11-01 23:58:16,432 [INFO] [开始读取数据库表：sales_invoice_data]
2025-11-01 23:58:17,451 [INFO] [成功读取表 sales_invoice_data，数据行数：19734]
