2025-11-07 07:05:24,281 [INFO] [数据库引擎创建成功]
2025-11-07 07:05:24,281 [INFO] [开始读取数据库表：order_data]
2025-11-07 07:05:25,073 [INFO] [成功读取表 order_data，数据行数：22493]
2025-11-07 07:05:25,281 [INFO] [开始读取数据库表：sales_data]
2025-11-07 07:05:28,590 [INFO] [成功读取表 sales_data，数据行数：24264]
2025-11-07 07:05:29,886 [INFO] [开始读取数据库表：jingpin_data]
2025-11-07 07:05:30,101 [INFO] [成功读取表 jingpin_data，数据行数：4201]
2025-11-07 07:05:30,175 [INFO] [开始读取数据库表：inventory_data]
2025-11-07 07:05:30,667 [INFO] [成功读取表 inventory_data，数据行数：5523]
2025-11-07 07:05:30,668 [INFO] [开始读取数据库表：tuiding_data]
2025-11-07 07:05:30,841 [INFO] [成功读取表 tuiding_data，数据行数：3961]
2025-11-07 07:05:30,841 [INFO] [开始读取数据库表：debit_data]
2025-11-07 07:05:32,409 [INFO] [成功读取表 debit_data，数据行数：23761]
2025-11-07 07:05:32,797 [INFO] [开始读取数据库表：sales_invoice_data]
2025-11-07 07:05:33,913 [INFO] [成功读取表 sales_invoice_data，数据行数：17415]
2025-11-07 07:27:00,473 [INFO] [数据库引擎创建成功]
2025-11-07 07:27:00,474 [INFO] [开始读取数据库表：order_data]
2025-11-07 07:27:00,970 [INFO] [成功读取表 order_data，数据行数：22493]
2025-11-07 07:27:01,141 [INFO] [开始读取数据库表：sales_data]
2025-11-07 07:27:03,757 [INFO] [成功读取表 sales_data，数据行数：24264]
2025-11-07 07:27:04,861 [INFO] [开始读取数据库表：jingpin_data]
2025-11-07 07:27:05,011 [INFO] [成功读取表 jingpin_data，数据行数：4201]
2025-11-07 07:27:05,043 [INFO] [开始读取数据库表：inventory_data]
2025-11-07 07:27:05,291 [INFO] [成功读取表 inventory_data，数据行数：5523]
2025-11-07 07:27:05,292 [INFO] [开始读取数据库表：tuiding_data]
2025-11-07 07:27:05,408 [INFO] [成功读取表 tuiding_data，数据行数：3961]
2025-11-07 07:27:05,408 [INFO] [开始读取数据库表：debit_data]
2025-11-07 07:27:06,314 [INFO] [成功读取表 debit_data，数据行数：23761]
2025-11-07 07:27:06,525 [INFO] [开始读取数据库表：sales_invoice_data]
2025-11-07 07:27:07,415 [INFO] [成功读取表 sales_invoice_data，数据行数：17415]
2025-11-07 07:56:47,836 [INFO] [数据库引擎创建成功]
2025-11-07 07:56:47,836 [INFO] [开始读取数据库表：order_data]
2025-11-07 07:56:48,526 [INFO] [成功读取表 order_data，数据行数：22493]
2025-11-07 07:56:48,697 [INFO] [开始读取数据库表：sales_data]
2025-11-07 07:56:51,378 [INFO] [成功读取表 sales_data，数据行数：24264]
2025-11-07 07:56:52,550 [INFO] [开始读取数据库表：jingpin_data]
2025-11-07 07:56:52,682 [INFO] [成功读取表 jingpin_data，数据行数：4201]
2025-11-07 07:56:52,719 [INFO] [开始读取数据库表：inventory_data]
2025-11-07 07:56:53,021 [INFO] [成功读取表 inventory_data，数据行数：5523]
2025-11-07 07:56:53,021 [INFO] [开始读取数据库表：tuiding_data]
2025-11-07 07:56:53,102 [INFO] [成功读取表 tuiding_data，数据行数：3961]
2025-11-07 07:56:53,102 [INFO] [开始读取数据库表：debit_data]
2025-11-07 07:56:54,000 [INFO] [成功读取表 debit_data，数据行数：23761]
2025-11-07 07:56:55,600 [INFO] [开始读取数据库表：sales_invoice_data]
2025-11-07 07:56:56,680 [INFO] [成功读取表 sales_invoice_data，数据行数：17415]
2025-11-07 08:26:52,847 [INFO] [数据库引擎创建成功]
2025-11-07 08:26:52,847 [INFO] [开始读取数据库表：order_data]
2025-11-07 08:26:53,452 [INFO] [成功读取表 order_data，数据行数：22493]
2025-11-07 08:26:53,638 [INFO] [开始读取数据库表：sales_data]
2025-11-07 08:26:56,267 [INFO] [成功读取表 sales_data，数据行数：24264]
2025-11-07 08:26:57,668 [INFO] [开始读取数据库表：jingpin_data]
2025-11-07 08:26:57,828 [INFO] [成功读取表 jingpin_data，数据行数：4201]
2025-11-07 08:26:57,874 [INFO] [开始读取数据库表：inventory_data]
2025-11-07 08:26:58,195 [INFO] [成功读取表 inventory_data，数据行数：5523]
2025-11-07 08:26:58,196 [INFO] [开始读取数据库表：tuiding_data]
2025-11-07 08:26:58,321 [INFO] [成功读取表 tuiding_data，数据行数：3961]
2025-11-07 08:26:58,322 [INFO] [开始读取数据库表：debit_data]
2025-11-07 08:26:59,666 [INFO] [成功读取表 debit_data，数据行数：23761]
2025-11-07 08:27:00,040 [INFO] [开始读取数据库表：sales_invoice_data]
2025-11-07 08:27:01,046 [INFO] [成功读取表 sales_invoice_data，数据行数：17415]
2025-11-07 08:57:45,035 [INFO] [数据库引擎创建成功]
2025-11-07 08:57:45,036 [INFO] [开始读取数据库表：order_data]
2025-11-07 08:57:45,747 [INFO] [成功读取表 order_data，数据行数：22495]
2025-11-07 08:57:45,932 [INFO] [开始读取数据库表：sales_data]
2025-11-07 08:57:49,083 [INFO] [成功读取表 sales_data，数据行数：24264]
2025-11-07 08:57:50,302 [INFO] [开始读取数据库表：jingpin_data]
2025-11-07 08:57:50,473 [INFO] [成功读取表 jingpin_data，数据行数：4201]
2025-11-07 08:57:50,532 [INFO] [开始读取数据库表：inventory_data]
2025-11-07 08:57:50,832 [INFO] [成功读取表 inventory_data，数据行数：5523]
2025-11-07 08:57:50,832 [INFO] [开始读取数据库表：tuiding_data]
2025-11-07 08:57:50,934 [INFO] [成功读取表 tuiding_data，数据行数：3961]
2025-11-07 08:57:50,934 [INFO] [开始读取数据库表：debit_data]
2025-11-07 08:57:52,337 [INFO] [成功读取表 debit_data，数据行数：23761]
2025-11-07 08:57:52,750 [INFO] [开始读取数据库表：sales_invoice_data]
2025-11-07 08:57:53,975 [INFO] [成功读取表 sales_invoice_data，数据行数：17415]
2025-11-07 09:27:30,682 [INFO] [数据库引擎创建成功]
2025-11-07 09:27:30,693 [INFO] [开始读取数据库表：order_data]
2025-11-07 09:27:31,331 [INFO] [成功读取表 order_data，数据行数：22496]
2025-11-07 09:27:31,522 [INFO] [开始读取数据库表：sales_data]
2025-11-07 09:27:34,216 [INFO] [成功读取表 sales_data，数据行数：24264]
2025-11-07 09:27:35,250 [INFO] [开始读取数据库表：jingpin_data]
2025-11-07 09:27:35,494 [INFO] [成功读取表 jingpin_data，数据行数：4201]
2025-11-07 09:27:35,576 [INFO] [开始读取数据库表：inventory_data]
2025-11-07 09:27:36,054 [INFO] [成功读取表 inventory_data，数据行数：5523]
2025-11-07 09:27:36,054 [INFO] [开始读取数据库表：tuiding_data]
2025-11-07 09:27:36,208 [INFO] [成功读取表 tuiding_data，数据行数：3961]
2025-11-07 09:27:36,209 [INFO] [开始读取数据库表：debit_data]
2025-11-07 09:27:37,880 [INFO] [成功读取表 debit_data，数据行数：23761]
2025-11-07 09:27:38,235 [INFO] [开始读取数据库表：sales_invoice_data]
2025-11-07 09:27:39,338 [INFO] [成功读取表 sales_invoice_data，数据行数：17415]
2025-11-07 09:57:44,012 [INFO] [数据库引擎创建成功]
2025-11-07 09:57:44,013 [INFO] [开始读取数据库表：order_data]
2025-11-07 09:57:44,988 [INFO] [成功读取表 order_data，数据行数：22499]
2025-11-07 09:57:45,224 [INFO] [开始读取数据库表：sales_data]
2025-11-07 09:57:49,407 [INFO] [成功读取表 sales_data，数据行数：24266]
2025-11-07 09:57:51,118 [INFO] [开始读取数据库表：jingpin_data]
2025-11-07 09:57:51,344 [INFO] [成功读取表 jingpin_data，数据行数：4202]
2025-11-07 09:57:51,410 [INFO] [开始读取数据库表：inventory_data]
2025-11-07 09:57:51,856 [INFO] [成功读取表 inventory_data，数据行数：5521]
2025-11-07 09:57:51,856 [INFO] [开始读取数据库表：tuiding_data]
2025-11-07 09:57:52,032 [INFO] [成功读取表 tuiding_data，数据行数：3961]
2025-11-07 09:57:52,032 [INFO] [开始读取数据库表：debit_data]
2025-11-07 09:57:53,576 [INFO] [成功读取表 debit_data，数据行数：23761]
2025-11-07 09:57:53,940 [INFO] [开始读取数据库表：sales_invoice_data]
2025-11-07 09:57:54,930 [INFO] [成功读取表 sales_invoice_data，数据行数：17417]
2025-11-07 10:27:26,780 [INFO] [数据库引擎创建成功]
2025-11-07 10:27:26,780 [INFO] [开始读取数据库表：order_data]
2025-11-07 10:27:27,301 [INFO] [成功读取表 order_data，数据行数：22501]
2025-11-07 10:27:27,452 [INFO] [开始读取数据库表：sales_data]
2025-11-07 10:27:30,080 [INFO] [成功读取表 sales_data，数据行数：24268]
2025-11-07 10:27:31,267 [INFO] [开始读取数据库表：jingpin_data]
2025-11-07 10:27:31,387 [INFO] [成功读取表 jingpin_data，数据行数：4202]
2025-11-07 10:27:31,429 [INFO] [开始读取数据库表：inventory_data]
2025-11-07 10:27:32,753 [INFO] [成功读取表 inventory_data，数据行数：5518]
2025-11-07 10:27:32,753 [INFO] [开始读取数据库表：tuiding_data]
2025-11-07 10:27:32,950 [INFO] [成功读取表 tuiding_data，数据行数：3962]
2025-11-07 10:27:32,950 [INFO] [开始读取数据库表：debit_data]
2025-11-07 10:27:34,611 [INFO] [成功读取表 debit_data，数据行数：23761]
2025-11-07 10:27:34,988 [INFO] [开始读取数据库表：sales_invoice_data]
2025-11-07 10:27:36,016 [INFO] [成功读取表 sales_invoice_data，数据行数：17419]
2025-11-07 10:58:05,258 [INFO] [数据库引擎创建成功]
2025-11-07 10:58:05,259 [INFO] [开始读取数据库表：order_data]
2025-11-07 10:58:06,240 [INFO] [成功读取表 order_data，数据行数：22509]
2025-11-07 10:58:06,511 [INFO] [开始读取数据库表：sales_data]
2025-11-07 10:58:10,432 [INFO] [成功读取表 sales_data，数据行数：24271]
2025-11-07 10:58:12,526 [INFO] [开始读取数据库表：jingpin_data]
2025-11-07 10:58:12,762 [INFO] [成功读取表 jingpin_data，数据行数：4205]
2025-11-07 10:58:12,832 [INFO] [开始读取数据库表：inventory_data]
2025-11-07 10:58:13,328 [INFO] [成功读取表 inventory_data，数据行数：5517]
2025-11-07 10:58:13,328 [INFO] [开始读取数据库表：tuiding_data]
2025-11-07 10:58:13,535 [INFO] [成功读取表 tuiding_data，数据行数：3962]
2025-11-07 10:58:13,535 [INFO] [开始读取数据库表：debit_data]
2025-11-07 10:58:15,250 [INFO] [成功读取表 debit_data，数据行数：23761]
2025-11-07 10:58:15,653 [INFO] [开始读取数据库表：sales_invoice_data]
2025-11-07 10:58:16,786 [INFO] [成功读取表 sales_invoice_data，数据行数：17422]
2025-11-07 11:27:23,097 [INFO] [数据库引擎创建成功]
2025-11-07 11:27:23,097 [INFO] [开始读取数据库表：order_data]
2025-11-07 11:27:23,925 [INFO] [成功读取表 order_data，数据行数：22510]
2025-11-07 11:27:24,158 [INFO] [开始读取数据库表：sales_data]
2025-11-07 11:27:28,888 [INFO] [成功读取表 sales_data，数据行数：24275]
2025-11-07 11:27:30,850 [INFO] [开始读取数据库表：jingpin_data]
2025-11-07 11:27:31,093 [INFO] [成功读取表 jingpin_data，数据行数：4205]
2025-11-07 11:27:31,175 [INFO] [开始读取数据库表：inventory_data]
2025-11-07 11:27:31,622 [INFO] [成功读取表 inventory_data，数据行数：5513]
2025-11-07 11:27:31,622 [INFO] [开始读取数据库表：tuiding_data]
2025-11-07 11:27:31,794 [INFO] [成功读取表 tuiding_data，数据行数：3964]
2025-11-07 11:27:31,794 [INFO] [开始读取数据库表：debit_data]
2025-11-07 11:27:33,381 [INFO] [成功读取表 debit_data，数据行数：23761]
2025-11-07 11:27:33,734 [INFO] [开始读取数据库表：sales_invoice_data]
2025-11-07 11:27:34,769 [INFO] [成功读取表 sales_invoice_data，数据行数：17425]
2025-11-07 11:56:33,459 [INFO] [数据库引擎创建成功]
2025-11-07 11:56:33,459 [INFO] [开始读取数据库表：order_data]
2025-11-07 11:56:33,874 [INFO] [成功读取表 order_data，数据行数：22513]
2025-11-07 11:56:33,987 [INFO] [开始读取数据库表：sales_data]
2025-11-07 11:56:35,819 [INFO] [成功读取表 sales_data，数据行数：24277]
2025-11-07 11:56:36,489 [INFO] [开始读取数据库表：jingpin_data]
2025-11-07 11:56:36,552 [INFO] [成功读取表 jingpin_data，数据行数：4205]
2025-11-07 11:56:36,573 [INFO] [开始读取数据库表：inventory_data]
2025-11-07 11:56:36,701 [INFO] [成功读取表 inventory_data，数据行数：5523]
2025-11-07 11:56:36,701 [INFO] [开始读取数据库表：tuiding_data]
2025-11-07 11:56:36,750 [INFO] [成功读取表 tuiding_data，数据行数：3964]
2025-11-07 11:56:36,750 [INFO] [开始读取数据库表：debit_data]
2025-11-07 11:56:37,197 [INFO] [成功读取表 debit_data，数据行数：23774]
2025-11-07 11:56:37,326 [INFO] [开始读取数据库表：sales_invoice_data]
2025-11-07 11:56:37,646 [INFO] [成功读取表 sales_invoice_data，数据行数：17427]
2025-11-07 12:26:23,756 [INFO] [数据库引擎创建成功]
2025-11-07 12:26:23,757 [INFO] [开始读取数据库表：order_data]
2025-11-07 12:26:24,185 [INFO] [成功读取表 order_data，数据行数：22518]
2025-11-07 12:26:24,296 [INFO] [开始读取数据库表：sales_data]
2025-11-07 12:26:26,130 [INFO] [成功读取表 sales_data，数据行数：24280]
2025-11-07 12:26:26,819 [INFO] [开始读取数据库表：jingpin_data]
2025-11-07 12:26:26,881 [INFO] [成功读取表 jingpin_data，数据行数：4208]
2025-11-07 12:26:26,903 [INFO] [开始读取数据库表：inventory_data]
2025-11-07 12:26:27,047 [INFO] [成功读取表 inventory_data，数据行数：5520]
2025-11-07 12:26:27,048 [INFO] [开始读取数据库表：tuiding_data]
2025-11-07 12:26:27,099 [INFO] [成功读取表 tuiding_data，数据行数：3964]
2025-11-07 12:26:27,099 [INFO] [开始读取数据库表：debit_data]
2025-11-07 12:26:27,559 [INFO] [成功读取表 debit_data，数据行数：23782]
2025-11-07 12:26:27,690 [INFO] [开始读取数据库表：sales_invoice_data]
2025-11-07 12:26:28,007 [INFO] [成功读取表 sales_invoice_data，数据行数：17430]
2025-11-07 12:56:14,416 [INFO] [数据库引擎创建成功]
2025-11-07 12:56:14,416 [INFO] [开始读取数据库表：order_data]
2025-11-07 12:56:14,801 [INFO] [成功读取表 order_data，数据行数：22521]
2025-11-07 12:56:14,926 [INFO] [开始读取数据库表：sales_data]
2025-11-07 12:56:16,760 [INFO] [成功读取表 sales_data，数据行数：24281]
2025-11-07 12:56:17,505 [INFO] [开始读取数据库表：jingpin_data]
2025-11-07 12:56:17,576 [INFO] [成功读取表 jingpin_data，数据行数：4208]
2025-11-07 12:56:17,603 [INFO] [开始读取数据库表：inventory_data]
2025-11-07 12:56:17,776 [INFO] [成功读取表 inventory_data，数据行数：5519]
2025-11-07 12:56:17,776 [INFO] [开始读取数据库表：tuiding_data]
2025-11-07 12:56:17,827 [INFO] [成功读取表 tuiding_data，数据行数：3964]
2025-11-07 12:56:17,827 [INFO] [开始读取数据库表：debit_data]
2025-11-07 12:56:18,301 [INFO] [成功读取表 debit_data，数据行数：23782]
2025-11-07 12:56:18,437 [INFO] [开始读取数据库表：sales_invoice_data]
2025-11-07 12:56:18,821 [INFO] [成功读取表 sales_invoice_data，数据行数：17431]
2025-11-07 13:26:48,765 [INFO] [数据库引擎创建成功]
2025-11-07 13:26:48,765 [INFO] [开始读取数据库表：order_data]
2025-11-07 13:26:49,175 [INFO] [成功读取表 order_data，数据行数：22526]
2025-11-07 13:26:49,297 [INFO] [开始读取数据库表：sales_data]
2025-11-07 13:26:51,423 [INFO] [成功读取表 sales_data，数据行数：24283]
2025-11-07 13:26:52,270 [INFO] [开始读取数据库表：jingpin_data]
2025-11-07 13:26:52,345 [INFO] [成功读取表 jingpin_data，数据行数：4208]
2025-11-07 13:26:52,379 [INFO] [开始读取数据库表：inventory_data]
2025-11-07 13:26:52,513 [INFO] [成功读取表 inventory_data，数据行数：5517]
2025-11-07 13:26:52,513 [INFO] [开始读取数据库表：tuiding_data]
2025-11-07 13:26:52,565 [INFO] [成功读取表 tuiding_data，数据行数：3964]
2025-11-07 13:26:52,565 [INFO] [开始读取数据库表：debit_data]
2025-11-07 13:26:53,155 [INFO] [成功读取表 debit_data，数据行数：23782]
2025-11-07 13:26:53,304 [INFO] [开始读取数据库表：sales_invoice_data]
2025-11-07 13:26:53,675 [INFO] [成功读取表 sales_invoice_data，数据行数：17433]
2025-11-07 14:00:15,139 [INFO] [数据库引擎创建成功]
2025-11-07 14:00:15,140 [INFO] [开始读取数据库表：order_data]
2025-11-07 14:00:15,548 [INFO] [成功读取表 order_data，数据行数：22528]
2025-11-07 14:00:15,666 [INFO] [开始读取数据库表：sales_data]
2025-11-07 14:00:17,487 [INFO] [成功读取表 sales_data，数据行数：24289]
2025-11-07 14:00:18,213 [INFO] [开始读取数据库表：jingpin_data]
2025-11-07 14:00:18,277 [INFO] [成功读取表 jingpin_data，数据行数：4208]
2025-11-07 14:00:18,303 [INFO] [开始读取数据库表：inventory_data]
2025-11-07 14:00:18,436 [INFO] [成功读取表 inventory_data，数据行数：5512]
2025-11-07 14:00:18,436 [INFO] [开始读取数据库表：tuiding_data]
2025-11-07 14:00:18,489 [INFO] [成功读取表 tuiding_data，数据行数：3964]
2025-11-07 14:00:18,490 [INFO] [开始读取数据库表：debit_data]
2025-11-07 14:00:18,964 [INFO] [成功读取表 debit_data，数据行数：23782]
2025-11-07 14:00:19,088 [INFO] [开始读取数据库表：sales_invoice_data]
2025-11-07 14:00:19,425 [INFO] [成功读取表 sales_invoice_data，数据行数：17438]
2025-11-07 14:27:58,190 [INFO] [数据库引擎创建成功]
2025-11-07 14:27:58,191 [INFO] [开始读取数据库表：order_data]
2025-11-07 14:27:58,701 [INFO] [成功读取表 order_data，数据行数：22532]
2025-11-07 14:27:58,858 [INFO] [开始读取数据库表：sales_data]
2025-11-07 14:28:01,498 [INFO] [成功读取表 sales_data，数据行数：24295]
2025-11-07 14:28:02,489 [INFO] [开始读取数据库表：jingpin_data]
2025-11-07 14:28:02,577 [INFO] [成功读取表 jingpin_data，数据行数：4209]
2025-11-07 14:28:02,607 [INFO] [开始读取数据库表：inventory_data]
2025-11-07 14:28:02,793 [INFO] [成功读取表 inventory_data，数据行数：5506]
2025-11-07 14:28:02,793 [INFO] [开始读取数据库表：tuiding_data]
2025-11-07 14:28:02,863 [INFO] [成功读取表 tuiding_data，数据行数：3965]
2025-11-07 14:28:02,864 [INFO] [开始读取数据库表：debit_data]
2025-11-07 14:28:04,439 [INFO] [成功读取表 debit_data，数据行数：23782]
2025-11-07 14:28:04,792 [INFO] [开始读取数据库表：sales_invoice_data]
2025-11-07 14:28:05,725 [INFO] [成功读取表 sales_invoice_data，数据行数：17444]
2025-11-07 14:57:28,150 [INFO] [数据库引擎创建成功]
2025-11-07 14:57:28,151 [INFO] [开始读取数据库表：order_data]
2025-11-07 14:57:28,566 [INFO] [成功读取表 order_data，数据行数：22533]
2025-11-07 14:57:28,675 [INFO] [开始读取数据库表：sales_data]
2025-11-07 14:57:30,546 [INFO] [成功读取表 sales_data，数据行数：24297]
2025-11-07 14:57:31,271 [INFO] [开始读取数据库表：jingpin_data]
2025-11-07 14:57:31,332 [INFO] [成功读取表 jingpin_data，数据行数：4210]
2025-11-07 14:57:31,359 [INFO] [开始读取数据库表：inventory_data]
2025-11-07 14:57:31,494 [INFO] [成功读取表 inventory_data，数据行数：5504]
2025-11-07 14:57:31,494 [INFO] [开始读取数据库表：tuiding_data]
2025-11-07 14:57:31,549 [INFO] [成功读取表 tuiding_data，数据行数：3966]
2025-11-07 14:57:31,550 [INFO] [开始读取数据库表：debit_data]
2025-11-07 14:57:32,023 [INFO] [成功读取表 debit_data，数据行数：23782]
2025-11-07 14:57:32,152 [INFO] [开始读取数据库表：sales_invoice_data]
2025-11-07 14:57:32,485 [INFO] [成功读取表 sales_invoice_data，数据行数：17446]
2025-11-07 15:27:44,790 [INFO] [数据库引擎创建成功]
2025-11-07 15:27:44,791 [INFO] [开始读取数据库表：order_data]
2025-11-07 15:27:45,438 [INFO] [成功读取表 order_data，数据行数：22539]
2025-11-07 15:27:45,642 [INFO] [开始读取数据库表：sales_data]
2025-11-07 15:27:48,424 [INFO] [成功读取表 sales_data，数据行数：24306]
2025-11-07 15:27:49,610 [INFO] [开始读取数据库表：jingpin_data]
2025-11-07 15:27:49,857 [INFO] [成功读取表 jingpin_data，数据行数：4213]
2025-11-07 15:27:49,940 [INFO] [开始读取数据库表：inventory_data]
2025-11-07 15:27:50,456 [INFO] [成功读取表 inventory_data，数据行数：5495]
2025-11-07 15:27:50,456 [INFO] [开始读取数据库表：tuiding_data]
2025-11-07 15:27:50,621 [INFO] [成功读取表 tuiding_data，数据行数：3966]
2025-11-07 15:27:50,621 [INFO] [开始读取数据库表：debit_data]
2025-11-07 15:27:52,165 [INFO] [成功读取表 debit_data，数据行数：23782]
2025-11-07 15:27:52,534 [INFO] [开始读取数据库表：sales_invoice_data]
2025-11-07 15:27:53,640 [INFO] [成功读取表 sales_invoice_data，数据行数：17455]
2025-11-07 15:57:31,632 [INFO] [数据库引擎创建成功]
2025-11-07 15:57:31,632 [INFO] [开始读取数据库表：order_data]
2025-11-07 15:57:32,185 [INFO] [成功读取表 order_data，数据行数：22542]
2025-11-07 15:57:32,336 [INFO] [开始读取数据库表：sales_data]
2025-11-07 15:57:34,810 [INFO] [成功读取表 sales_data，数据行数：24310]
2025-11-07 15:57:35,719 [INFO] [开始读取数据库表：jingpin_data]
2025-11-07 15:57:35,810 [INFO] [成功读取表 jingpin_data，数据行数：4214]
2025-11-07 15:57:35,843 [INFO] [开始读取数据库表：inventory_data]
2025-11-07 15:57:36,038 [INFO] [成功读取表 inventory_data，数据行数：5491]
2025-11-07 15:57:36,039 [INFO] [开始读取数据库表：tuiding_data]
2025-11-07 15:57:36,112 [INFO] [成功读取表 tuiding_data，数据行数：3968]
2025-11-07 15:57:36,113 [INFO] [开始读取数据库表：debit_data]
2025-11-07 15:57:37,455 [INFO] [成功读取表 debit_data，数据行数：23782]
2025-11-07 15:57:37,839 [INFO] [开始读取数据库表：sales_invoice_data]
2025-11-07 15:57:38,885 [INFO] [成功读取表 sales_invoice_data，数据行数：17459]
2025-11-07 16:27:11,735 [INFO] [数据库引擎创建成功]
2025-11-07 16:27:11,735 [INFO] [开始读取数据库表：order_data]
2025-11-07 16:27:12,214 [INFO] [成功读取表 order_data，数据行数：22543]
2025-11-07 16:27:12,369 [INFO] [开始读取数据库表：sales_data]
2025-11-07 16:27:14,910 [INFO] [成功读取表 sales_data，数据行数：24315]
2025-11-07 16:27:15,808 [INFO] [开始读取数据库表：jingpin_data]
2025-11-07 16:27:15,884 [INFO] [成功读取表 jingpin_data，数据行数：4214]
2025-11-07 16:27:15,919 [INFO] [开始读取数据库表：inventory_data]
2025-11-07 16:27:16,080 [INFO] [成功读取表 inventory_data，数据行数：5490]
2025-11-07 16:27:16,080 [INFO] [开始读取数据库表：tuiding_data]
2025-11-07 16:27:16,140 [INFO] [成功读取表 tuiding_data，数据行数：3969]
2025-11-07 16:27:16,141 [INFO] [开始读取数据库表：debit_data]
2025-11-07 16:27:17,099 [INFO] [成功读取表 debit_data，数据行数：23782]
2025-11-07 16:27:17,444 [INFO] [开始读取数据库表：sales_invoice_data]
2025-11-07 16:27:18,482 [INFO] [成功读取表 sales_invoice_data，数据行数：17462]
2025-11-07 16:57:51,472 [INFO] [数据库引擎创建成功]
2025-11-07 16:57:51,472 [INFO] [开始读取数据库表：order_data]
2025-11-07 16:57:51,919 [INFO] [成功读取表 order_data，数据行数：22550]
2025-11-07 16:57:52,043 [INFO] [开始读取数据库表：sales_data]
2025-11-07 16:57:53,918 [INFO] [成功读取表 sales_data，数据行数：24323]
2025-11-07 16:57:54,637 [INFO] [开始读取数据库表：jingpin_data]
2025-11-07 16:57:54,699 [INFO] [成功读取表 jingpin_data，数据行数：4214]
2025-11-07 16:57:54,724 [INFO] [开始读取数据库表：inventory_data]
2025-11-07 16:57:54,866 [INFO] [成功读取表 inventory_data，数据行数：5481]
2025-11-07 16:57:54,866 [INFO] [开始读取数据库表：tuiding_data]
2025-11-07 16:57:54,917 [INFO] [成功读取表 tuiding_data，数据行数：3969]
2025-11-07 16:57:54,918 [INFO] [开始读取数据库表：debit_data]
2025-11-07 16:57:55,386 [INFO] [成功读取表 debit_data，数据行数：23782]
2025-11-07 16:57:55,507 [INFO] [开始读取数据库表：sales_invoice_data]
2025-11-07 16:57:55,829 [INFO] [成功读取表 sales_invoice_data，数据行数：17469]
2025-11-07 17:27:24,555 [INFO] [数据库引擎创建成功]
2025-11-07 17:27:24,556 [INFO] [开始读取数据库表：order_data]
2025-11-07 17:27:24,968 [INFO] [成功读取表 order_data，数据行数：22556]
2025-11-07 17:27:25,080 [INFO] [开始读取数据库表：sales_data]
2025-11-07 17:27:26,930 [INFO] [成功读取表 sales_data，数据行数：24334]
2025-11-07 17:27:27,639 [INFO] [开始读取数据库表：jingpin_data]
2025-11-07 17:27:27,703 [INFO] [成功读取表 jingpin_data，数据行数：4219]
2025-11-07 17:27:27,726 [INFO] [开始读取数据库表：inventory_data]
2025-11-07 17:27:27,860 [INFO] [成功读取表 inventory_data，数据行数：5473]
2025-11-07 17:27:27,861 [INFO] [开始读取数据库表：tuiding_data]
2025-11-07 17:27:27,914 [INFO] [成功读取表 tuiding_data，数据行数：3969]
2025-11-07 17:27:27,914 [INFO] [开始读取数据库表：debit_data]
2025-11-07 17:27:28,376 [INFO] [成功读取表 debit_data，数据行数：23782]
2025-11-07 17:27:28,498 [INFO] [开始读取数据库表：sales_invoice_data]
2025-11-07 17:27:28,829 [INFO] [成功读取表 sales_invoice_data，数据行数：17478]
2025-11-07 17:56:57,756 [INFO] [数据库引擎创建成功]
2025-11-07 17:56:57,757 [INFO] [开始读取数据库表：order_data]
2025-11-07 17:56:58,394 [INFO] [成功读取表 order_data，数据行数：22570]
2025-11-07 17:56:58,561 [INFO] [开始读取数据库表：sales_data]
2025-11-07 17:57:01,494 [INFO] [成功读取表 sales_data，数据行数：24338]
2025-11-07 17:57:02,867 [INFO] [开始读取数据库表：jingpin_data]
2025-11-07 17:57:03,082 [INFO] [成功读取表 jingpin_data，数据行数：4224]
2025-11-07 17:57:03,146 [INFO] [开始读取数据库表：inventory_data]
2025-11-07 17:57:03,552 [INFO] [成功读取表 inventory_data，数据行数：5467]
2025-11-07 17:57:03,552 [INFO] [开始读取数据库表：tuiding_data]
2025-11-07 17:57:03,705 [INFO] [成功读取表 tuiding_data，数据行数：3970]
2025-11-07 17:57:03,705 [INFO] [开始读取数据库表：debit_data]
2025-11-07 17:57:05,172 [INFO] [成功读取表 debit_data，数据行数：23782]
2025-11-07 17:57:05,487 [INFO] [开始读取数据库表：sales_invoice_data]
2025-11-07 17:57:06,458 [INFO] [成功读取表 sales_invoice_data，数据行数：17482]
2025-11-07 18:27:01,600 [INFO] [数据库引擎创建成功]
2025-11-07 18:27:01,600 [INFO] [开始读取数据库表：order_data]
2025-11-07 18:27:02,074 [INFO] [成功读取表 order_data，数据行数：22575]
2025-11-07 18:27:02,217 [INFO] [开始读取数据库表：sales_data]
2025-11-07 18:27:04,692 [INFO] [成功读取表 sales_data，数据行数：24345]
2025-11-07 18:27:05,607 [INFO] [开始读取数据库表：jingpin_data]
2025-11-07 18:27:05,709 [INFO] [成功读取表 jingpin_data，数据行数：4224]
2025-11-07 18:27:05,739 [INFO] [开始读取数据库表：inventory_data]
2025-11-07 18:27:05,942 [INFO] [成功读取表 inventory_data，数据行数：5464]
2025-11-07 18:27:05,942 [INFO] [开始读取数据库表：tuiding_data]
2025-11-07 18:27:05,998 [INFO] [成功读取表 tuiding_data，数据行数：3970]
2025-11-07 18:27:05,999 [INFO] [开始读取数据库表：debit_data]
2025-11-07 18:27:06,533 [INFO] [成功读取表 debit_data，数据行数：23782]
2025-11-07 18:27:06,675 [INFO] [开始读取数据库表：sales_invoice_data]
2025-11-07 18:27:07,111 [INFO] [成功读取表 sales_invoice_data，数据行数：17487]
2025-11-07 18:56:46,078 [INFO] [数据库引擎创建成功]
2025-11-07 18:56:46,078 [INFO] [开始读取数据库表：order_data]
2025-11-07 18:56:46,529 [INFO] [成功读取表 order_data，数据行数：22576]
2025-11-07 18:56:46,676 [INFO] [开始读取数据库表：sales_data]
2025-11-07 18:56:48,960 [INFO] [成功读取表 sales_data，数据行数：24346]
2025-11-07 18:56:49,785 [INFO] [开始读取数据库表：jingpin_data]
2025-11-07 18:56:49,875 [INFO] [成功读取表 jingpin_data，数据行数：4224]
2025-11-07 18:56:49,903 [INFO] [开始读取数据库表：inventory_data]
2025-11-07 18:56:50,073 [INFO] [成功读取表 inventory_data，数据行数：5464]
2025-11-07 18:56:50,073 [INFO] [开始读取数据库表：tuiding_data]
2025-11-07 18:56:50,127 [INFO] [成功读取表 tuiding_data，数据行数：3972]
2025-11-07 18:56:50,128 [INFO] [开始读取数据库表：debit_data]
2025-11-07 18:56:50,756 [INFO] [成功读取表 debit_data，数据行数：23782]
2025-11-07 18:56:50,906 [INFO] [开始读取数据库表：sales_invoice_data]
2025-11-07 18:56:51,294 [INFO] [成功读取表 sales_invoice_data，数据行数：17487]
2025-11-07 19:26:42,785 [INFO] [数据库引擎创建成功]
2025-11-07 19:26:42,785 [INFO] [开始读取数据库表：order_data]
2025-11-07 19:26:43,184 [INFO] [成功读取表 order_data，数据行数：22581]
2025-11-07 19:26:43,306 [INFO] [开始读取数据库表：sales_data]
2025-11-07 19:26:45,608 [INFO] [成功读取表 sales_data，数据行数：24346]
2025-11-07 19:26:46,365 [INFO] [开始读取数据库表：jingpin_data]
2025-11-07 19:26:46,430 [INFO] [成功读取表 jingpin_data，数据行数：4224]
2025-11-07 19:26:46,457 [INFO] [开始读取数据库表：inventory_data]
2025-11-07 19:26:46,592 [INFO] [成功读取表 inventory_data，数据行数：5464]
2025-11-07 19:26:46,592 [INFO] [开始读取数据库表：tuiding_data]
2025-11-07 19:26:46,662 [INFO] [成功读取表 tuiding_data，数据行数：3972]
2025-11-07 19:26:46,662 [INFO] [开始读取数据库表：debit_data]
2025-11-07 19:26:47,188 [INFO] [成功读取表 debit_data，数据行数：23782]
2025-11-07 19:26:47,336 [INFO] [开始读取数据库表：sales_invoice_data]
2025-11-07 19:26:47,711 [INFO] [成功读取表 sales_invoice_data，数据行数：17487]
2025-11-07 19:56:19,919 [INFO] [数据库引擎创建成功]
2025-11-07 19:56:19,919 [INFO] [开始读取数据库表：order_data]
2025-11-07 19:56:20,390 [INFO] [成功读取表 order_data，数据行数：22581]
2025-11-07 19:56:20,544 [INFO] [开始读取数据库表：sales_data]
2025-11-07 19:56:22,930 [INFO] [成功读取表 sales_data，数据行数：24345]
2025-11-07 19:56:23,802 [INFO] [开始读取数据库表：jingpin_data]
2025-11-07 19:56:23,921 [INFO] [成功读取表 jingpin_data，数据行数：4224]
2025-11-07 19:56:23,947 [INFO] [开始读取数据库表：inventory_data]
2025-11-07 19:56:24,102 [INFO] [成功读取表 inventory_data，数据行数：5464]
2025-11-07 19:56:24,102 [INFO] [开始读取数据库表：tuiding_data]
2025-11-07 19:56:24,172 [INFO] [成功读取表 tuiding_data，数据行数：3972]
2025-11-07 19:56:24,172 [INFO] [开始读取数据库表：debit_data]
2025-11-07 19:56:24,766 [INFO] [成功读取表 debit_data，数据行数：23782]
2025-11-07 19:56:24,929 [INFO] [开始读取数据库表：sales_invoice_data]
2025-11-07 19:56:25,316 [INFO] [成功读取表 sales_invoice_data，数据行数：17487]
2025-11-07 20:26:29,855 [INFO] [数据库引擎创建成功]
2025-11-07 20:26:29,855 [INFO] [开始读取数据库表：order_data]
2025-11-07 20:26:30,345 [INFO] [成功读取表 order_data，数据行数：22581]
2025-11-07 20:26:30,483 [INFO] [开始读取数据库表：sales_data]
2025-11-07 20:26:32,844 [INFO] [成功读取表 sales_data，数据行数：24345]
2025-11-07 20:26:33,699 [INFO] [开始读取数据库表：jingpin_data]
2025-11-07 20:26:33,774 [INFO] [成功读取表 jingpin_data，数据行数：4224]
2025-11-07 20:26:33,805 [INFO] [开始读取数据库表：inventory_data]
2025-11-07 20:26:34,017 [INFO] [成功读取表 inventory_data，数据行数：5464]
2025-11-07 20:26:34,017 [INFO] [开始读取数据库表：tuiding_data]
2025-11-07 20:26:34,086 [INFO] [成功读取表 tuiding_data，数据行数：3972]
2025-11-07 20:26:34,086 [INFO] [开始读取数据库表：debit_data]
2025-11-07 20:26:34,677 [INFO] [成功读取表 debit_data，数据行数：23782]
2025-11-07 20:26:34,829 [INFO] [开始读取数据库表：sales_invoice_data]
2025-11-07 20:26:35,258 [INFO] [成功读取表 sales_invoice_data，数据行数：17487]
2025-11-07 20:56:44,154 [INFO] [数据库引擎创建成功]
2025-11-07 20:56:44,154 [INFO] [开始读取数据库表：order_data]
2025-11-07 20:56:44,640 [INFO] [成功读取表 order_data，数据行数：22581]
2025-11-07 20:56:44,776 [INFO] [开始读取数据库表：sales_data]
2025-11-07 20:56:46,803 [INFO] [成功读取表 sales_data，数据行数：24345]
2025-11-07 20:56:47,673 [INFO] [开始读取数据库表：jingpin_data]
2025-11-07 20:56:47,765 [INFO] [成功读取表 jingpin_data，数据行数：4224]
2025-11-07 20:56:47,795 [INFO] [开始读取数据库表：inventory_data]
2025-11-07 20:56:47,942 [INFO] [成功读取表 inventory_data，数据行数：5464]
2025-11-07 20:56:47,942 [INFO] [开始读取数据库表：tuiding_data]
2025-11-07 20:56:48,019 [INFO] [成功读取表 tuiding_data，数据行数：3972]
2025-11-07 20:56:48,019 [INFO] [开始读取数据库表：debit_data]
2025-11-07 20:56:48,625 [INFO] [成功读取表 debit_data，数据行数：23782]
2025-11-07 20:56:48,790 [INFO] [开始读取数据库表：sales_invoice_data]
2025-11-07 20:56:49,260 [INFO] [成功读取表 sales_invoice_data，数据行数：17487]
2025-11-07 21:26:25,469 [INFO] [数据库引擎创建成功]
2025-11-07 21:26:25,469 [INFO] [开始读取数据库表：order_data]
2025-11-07 21:26:25,865 [INFO] [成功读取表 order_data，数据行数：22581]
2025-11-07 21:26:25,974 [INFO] [开始读取数据库表：sales_data]
2025-11-07 21:26:27,852 [INFO] [成功读取表 sales_data，数据行数：24345]
2025-11-07 21:26:28,609 [INFO] [开始读取数据库表：jingpin_data]
2025-11-07 21:26:28,676 [INFO] [成功读取表 jingpin_data，数据行数：4224]
2025-11-07 21:26:28,700 [INFO] [开始读取数据库表：inventory_data]
2025-11-07 21:26:28,841 [INFO] [成功读取表 inventory_data，数据行数：5469]
2025-11-07 21:26:28,841 [INFO] [开始读取数据库表：tuiding_data]
2025-11-07 21:26:28,896 [INFO] [成功读取表 tuiding_data，数据行数：3972]
2025-11-07 21:26:28,896 [INFO] [开始读取数据库表：debit_data]
2025-11-07 21:26:29,393 [INFO] [成功读取表 debit_data，数据行数：23786]
2025-11-07 21:26:29,526 [INFO] [开始读取数据库表：sales_invoice_data]
2025-11-07 21:26:29,945 [INFO] [成功读取表 sales_invoice_data，数据行数：17487]
2025-11-07 21:56:18,059 [INFO] [数据库引擎创建成功]
2025-11-07 21:56:18,059 [INFO] [开始读取数据库表：order_data]
2025-11-07 21:56:18,497 [INFO] [成功读取表 order_data，数据行数：22582]
2025-11-07 21:56:18,615 [INFO] [开始读取数据库表：sales_data]
2025-11-07 21:56:20,637 [INFO] [成功读取表 sales_data，数据行数：24345]
2025-11-07 21:56:21,444 [INFO] [开始读取数据库表：jingpin_data]
2025-11-07 21:56:21,555 [INFO] [成功读取表 jingpin_data，数据行数：4224]
2025-11-07 21:56:21,579 [INFO] [开始读取数据库表：inventory_data]
2025-11-07 21:56:21,749 [INFO] [成功读取表 inventory_data，数据行数：5469]
2025-11-07 21:56:21,749 [INFO] [开始读取数据库表：tuiding_data]
2025-11-07 21:56:21,839 [INFO] [成功读取表 tuiding_data，数据行数：3972]
2025-11-07 21:56:21,839 [INFO] [开始读取数据库表：debit_data]
2025-11-07 21:56:22,372 [INFO] [成功读取表 debit_data，数据行数：23883]
2025-11-07 21:56:22,504 [INFO] [开始读取数据库表：sales_invoice_data]
2025-11-07 21:56:22,858 [INFO] [成功读取表 sales_invoice_data，数据行数：17487]
2025-11-07 22:26:29,434 [INFO] [数据库引擎创建成功]
2025-11-07 22:26:29,434 [INFO] [开始读取数据库表：order_data]
2025-11-07 22:26:29,833 [INFO] [成功读取表 order_data，数据行数：22582]
2025-11-07 22:26:29,948 [INFO] [开始读取数据库表：sales_data]
2025-11-07 22:26:31,877 [INFO] [成功读取表 sales_data，数据行数：24345]
2025-11-07 22:26:32,607 [INFO] [开始读取数据库表：jingpin_data]
2025-11-07 22:26:32,673 [INFO] [成功读取表 jingpin_data，数据行数：4224]
2025-11-07 22:26:32,698 [INFO] [开始读取数据库表：inventory_data]
2025-11-07 22:26:32,852 [INFO] [成功读取表 inventory_data，数据行数：5469]
2025-11-07 22:26:32,852 [INFO] [开始读取数据库表：tuiding_data]
2025-11-07 22:26:32,910 [INFO] [成功读取表 tuiding_data，数据行数：3972]
2025-11-07 22:26:32,910 [INFO] [开始读取数据库表：debit_data]
2025-11-07 22:26:33,458 [INFO] [成功读取表 debit_data，数据行数：23883]
2025-11-07 22:26:33,609 [INFO] [开始读取数据库表：sales_invoice_data]
2025-11-07 22:26:34,001 [INFO] [成功读取表 sales_invoice_data，数据行数：17487]
2025-11-07 22:56:57,672 [INFO] [数据库引擎创建成功]
2025-11-07 22:56:57,672 [INFO] [开始读取数据库表：order_data]
2025-11-07 22:56:58,056 [INFO] [成功读取表 order_data，数据行数：22582]
2025-11-07 22:56:58,173 [INFO] [开始读取数据库表：sales_data]
2025-11-07 22:57:00,359 [INFO] [成功读取表 sales_data，数据行数：24345]
2025-11-07 22:57:01,246 [INFO] [开始读取数据库表：jingpin_data]
2025-11-07 22:57:01,324 [INFO] [成功读取表 jingpin_data，数据行数：4224]
2025-11-07 22:57:01,357 [INFO] [开始读取数据库表：inventory_data]
2025-11-07 22:57:01,543 [INFO] [成功读取表 inventory_data，数据行数：5469]
2025-11-07 22:57:01,543 [INFO] [开始读取数据库表：tuiding_data]
2025-11-07 22:57:01,612 [INFO] [成功读取表 tuiding_data，数据行数：3972]
2025-11-07 22:57:01,612 [INFO] [开始读取数据库表：debit_data]
2025-11-07 22:57:02,193 [INFO] [成功读取表 debit_data，数据行数：23883]
2025-11-07 22:57:02,348 [INFO] [开始读取数据库表：sales_invoice_data]
2025-11-07 22:57:02,744 [INFO] [成功读取表 sales_invoice_data，数据行数：17487]
2025-11-07 23:26:26,814 [INFO] [数据库引擎创建成功]
2025-11-07 23:26:26,815 [INFO] [开始读取数据库表：order_data]
2025-11-07 23:26:27,280 [INFO] [成功读取表 order_data，数据行数：22582]
2025-11-07 23:26:27,406 [INFO] [开始读取数据库表：sales_data]
2025-11-07 23:26:29,575 [INFO] [成功读取表 sales_data，数据行数：24345]
2025-11-07 23:26:30,372 [INFO] [开始读取数据库表：jingpin_data]
2025-11-07 23:26:30,438 [INFO] [成功读取表 jingpin_data，数据行数：4224]
2025-11-07 23:26:30,463 [INFO] [开始读取数据库表：inventory_data]
2025-11-07 23:26:30,607 [INFO] [成功读取表 inventory_data，数据行数：5469]
2025-11-07 23:26:30,607 [INFO] [开始读取数据库表：tuiding_data]
2025-11-07 23:26:30,692 [INFO] [成功读取表 tuiding_data，数据行数：3972]
2025-11-07 23:26:30,692 [INFO] [开始读取数据库表：debit_data]
2025-11-07 23:26:31,238 [INFO] [成功读取表 debit_data，数据行数：23884]
2025-11-07 23:26:31,373 [INFO] [开始读取数据库表：sales_invoice_data]
2025-11-07 23:26:31,721 [INFO] [成功读取表 sales_invoice_data，数据行数：17487]
2025-11-07 23:56:24,404 [INFO] [数据库引擎创建成功]
2025-11-07 23:56:24,405 [INFO] [开始读取数据库表：order_data]
2025-11-07 23:56:24,877 [INFO] [成功读取表 order_data，数据行数：22582]
2025-11-07 23:56:25,006 [INFO] [开始读取数据库表：sales_data]
2025-11-07 23:56:27,238 [INFO] [成功读取表 sales_data，数据行数：24345]
2025-11-07 23:56:28,064 [INFO] [开始读取数据库表：jingpin_data]
2025-11-07 23:56:28,128 [INFO] [成功读取表 jingpin_data，数据行数：4224]
2025-11-07 23:56:28,155 [INFO] [开始读取数据库表：inventory_data]
2025-11-07 23:56:28,291 [INFO] [成功读取表 inventory_data，数据行数：5469]
2025-11-07 23:56:28,291 [INFO] [开始读取数据库表：tuiding_data]
2025-11-07 23:56:28,340 [INFO] [成功读取表 tuiding_data，数据行数：3972]
2025-11-07 23:56:28,340 [INFO] [开始读取数据库表：debit_data]
2025-11-07 23:56:28,849 [INFO] [成功读取表 debit_data，数据行数：23884]
2025-11-07 23:56:28,972 [INFO] [开始读取数据库表：sales_invoice_data]
2025-11-07 23:56:29,390 [INFO] [成功读取表 sales_invoice_data，数据行数：17487]
