2025-12-28 09:00:07,783 [INFO] [数据库引擎创建成功]
2025-12-28 09:00:07,783 [INFO] [开始读取数据库表：order_data]
2025-12-28 09:00:09,402 [INFO] [成功读取表 order_data，数据行数：25862]
2025-12-28 09:00:09,719 [INFO] [开始读取数据库表：sales_data]
2025-12-28 09:00:13,360 [INFO] [成功读取表 sales_data，数据行数：24657]
2025-12-28 09:00:15,019 [INFO] [开始读取数据库表：jingpin_data]
2025-12-28 09:00:15,183 [INFO] [成功读取表 jingpin_data，数据行数：5236]
2025-12-28 09:00:15,244 [INFO] [开始读取数据库表：inventory_data]
2025-12-28 09:00:15,635 [INFO] [成功读取表 inventory_data，数据行数：4935]
2025-12-28 09:00:15,635 [INFO] [开始读取数据库表：tuiding_data]
2025-12-28 09:00:15,867 [INFO] [成功读取表 tuiding_data，数据行数：4828]
2025-12-28 09:00:15,868 [INFO] [开始读取数据库表：debit_data]
2025-12-28 09:00:17,436 [INFO] [成功读取表 debit_data，数据行数：27867]
2025-12-28 09:00:17,761 [INFO] [开始读取数据库表：sales_invoice_data]
2025-12-28 09:00:18,962 [INFO] [成功读取表 sales_invoice_data，数据行数：22202]
2025-12-28 09:31:49,916 [INFO] [数据库引擎创建成功]
2025-12-28 09:31:49,916 [INFO] [开始读取数据库表：order_data]
2025-12-28 09:31:51,681 [INFO] [成功读取表 order_data，数据行数：25865]
2025-12-28 09:31:52,021 [INFO] [开始读取数据库表：sales_data]
2025-12-28 09:31:56,347 [INFO] [成功读取表 sales_data，数据行数：24657]
2025-12-28 09:31:57,987 [INFO] [开始读取数据库表：jingpin_data]
2025-12-28 09:31:58,159 [INFO] [成功读取表 jingpin_data，数据行数：5236]
2025-12-28 09:31:58,224 [INFO] [开始读取数据库表：inventory_data]
2025-12-28 09:31:58,628 [INFO] [成功读取表 inventory_data，数据行数：4935]
2025-12-28 09:31:58,628 [INFO] [开始读取数据库表：tuiding_data]
2025-12-28 09:31:58,860 [INFO] [成功读取表 tuiding_data，数据行数：4828]
2025-12-28 09:31:58,860 [INFO] [开始读取数据库表：debit_data]
2025-12-28 09:32:00,484 [INFO] [成功读取表 debit_data，数据行数：27883]
2025-12-28 09:32:00,833 [INFO] [开始读取数据库表：sales_invoice_data]
2025-12-28 09:32:02,100 [INFO] [成功读取表 sales_invoice_data，数据行数：22202]
2025-12-28 10:02:32,260 [INFO] [数据库引擎创建成功]
2025-12-28 10:02:32,261 [INFO] [开始读取数据库表：order_data]
2025-12-28 10:02:34,189 [INFO] [成功读取表 order_data，数据行数：25866]
2025-12-28 10:02:34,487 [INFO] [开始读取数据库表：sales_data]
2025-12-28 10:02:38,232 [INFO] [成功读取表 sales_data，数据行数：24657]
2025-12-28 10:02:39,935 [INFO] [开始读取数据库表：jingpin_data]
2025-12-28 10:02:40,143 [INFO] [成功读取表 jingpin_data，数据行数：5236]
2025-12-28 10:02:40,200 [INFO] [开始读取数据库表：inventory_data]
2025-12-28 10:02:41,038 [INFO] [成功读取表 inventory_data，数据行数：4935]
2025-12-28 10:02:41,038 [INFO] [开始读取数据库表：tuiding_data]
2025-12-28 10:02:41,395 [INFO] [成功读取表 tuiding_data，数据行数：4828]
2025-12-28 10:02:41,396 [INFO] [开始读取数据库表：debit_data]
2025-12-28 10:02:45,944 [INFO] [成功读取表 debit_data，数据行数：27883]
2025-12-28 10:02:46,317 [INFO] [开始读取数据库表：sales_invoice_data]
2025-12-28 10:02:47,579 [INFO] [成功读取表 sales_invoice_data，数据行数：22202]
2025-12-28 10:26:52,136 [INFO] [数据库引擎创建成功]
2025-12-28 10:26:52,138 [INFO] [开始读取数据库表：order_data]
2025-12-28 10:26:54,184 [INFO] [成功读取表 order_data，数据行数：25867]
2025-12-28 10:26:54,507 [INFO] [开始读取数据库表：sales_data]
2025-12-28 10:26:58,733 [INFO] [成功读取表 sales_data，数据行数：24657]
2025-12-28 10:27:00,520 [INFO] [开始读取数据库表：jingpin_data]
2025-12-28 10:27:00,710 [INFO] [成功读取表 jingpin_data，数据行数：5237]
2025-12-28 10:27:00,776 [INFO] [开始读取数据库表：inventory_data]
2025-12-28 10:27:01,233 [INFO] [成功读取表 inventory_data，数据行数：4936]
2025-12-28 10:27:01,233 [INFO] [开始读取数据库表：tuiding_data]
2025-12-28 10:27:01,479 [INFO] [成功读取表 tuiding_data，数据行数：4828]
2025-12-28 10:27:01,480 [INFO] [开始读取数据库表：debit_data]
2025-12-28 10:27:03,303 [INFO] [成功读取表 debit_data，数据行数：27883]
2025-12-28 10:27:03,657 [INFO] [开始读取数据库表：sales_invoice_data]
2025-12-28 10:27:05,080 [INFO] [成功读取表 sales_invoice_data，数据行数：22202]
2025-12-28 10:32:55,153 [INFO] [数据库引擎创建成功]
2025-12-28 10:32:55,153 [INFO] [开始读取数据库表：order_data]
2025-12-28 10:32:56,730 [INFO] [成功读取表 order_data，数据行数：25869]
2025-12-28 10:32:56,974 [INFO] [开始读取数据库表：sales_data]
2025-12-28 10:33:00,431 [INFO] [成功读取表 sales_data，数据行数：24657]
2025-12-28 10:33:02,007 [INFO] [开始读取数据库表：jingpin_data]
2025-12-28 10:33:02,165 [INFO] [成功读取表 jingpin_data，数据行数：5237]
2025-12-28 10:33:02,217 [INFO] [开始读取数据库表：inventory_data]
2025-12-28 10:33:02,652 [INFO] [成功读取表 inventory_data，数据行数：4936]
2025-12-28 10:33:02,652 [INFO] [开始读取数据库表：tuiding_data]
2025-12-28 10:33:02,879 [INFO] [成功读取表 tuiding_data，数据行数：4828]
2025-12-28 10:33:02,879 [INFO] [开始读取数据库表：debit_data]
2025-12-28 10:33:04,439 [INFO] [成功读取表 debit_data，数据行数：27883]
2025-12-28 10:33:04,739 [INFO] [开始读取数据库表：sales_invoice_data]
2025-12-28 10:33:05,926 [INFO] [成功读取表 sales_invoice_data，数据行数：22202]
2025-12-28 11:01:54,064 [INFO] [数据库引擎创建成功]
2025-12-28 11:01:54,064 [INFO] [开始读取数据库表：order_data]
2025-12-28 11:01:55,783 [INFO] [成功读取表 order_data，数据行数：25873]
2025-12-28 11:01:56,068 [INFO] [开始读取数据库表：sales_data]
2025-12-28 11:01:59,766 [INFO] [成功读取表 sales_data，数据行数：24660]
2025-12-28 11:02:01,535 [INFO] [开始读取数据库表：jingpin_data]
2025-12-28 11:02:01,706 [INFO] [成功读取表 jingpin_data，数据行数：5237]
2025-12-28 11:02:01,769 [INFO] [开始读取数据库表：inventory_data]
2025-12-28 11:02:02,183 [INFO] [成功读取表 inventory_data，数据行数：4933]
2025-12-28 11:02:02,183 [INFO] [开始读取数据库表：tuiding_data]
2025-12-28 11:02:02,392 [INFO] [成功读取表 tuiding_data，数据行数：4828]
2025-12-28 11:02:02,393 [INFO] [开始读取数据库表：debit_data]
2025-12-28 11:02:03,984 [INFO] [成功读取表 debit_data，数据行数：27883]
2025-12-28 11:02:04,300 [INFO] [开始读取数据库表：sales_invoice_data]
2025-12-28 11:02:05,477 [INFO] [成功读取表 sales_invoice_data，数据行数：22205]
2025-12-28 11:32:15,240 [INFO] [数据库引擎创建成功]
2025-12-28 11:32:15,241 [INFO] [开始读取数据库表：order_data]
2025-12-28 11:32:17,024 [INFO] [成功读取表 order_data，数据行数：25878]
2025-12-28 11:32:17,300 [INFO] [开始读取数据库表：sales_data]
2025-12-28 11:32:20,866 [INFO] [成功读取表 sales_data，数据行数：24659]
2025-12-28 11:32:22,619 [INFO] [开始读取数据库表：jingpin_data]
2025-12-28 11:32:22,774 [INFO] [成功读取表 jingpin_data，数据行数：5237]
2025-12-28 11:32:22,836 [INFO] [开始读取数据库表：inventory_data]
2025-12-28 11:32:23,241 [INFO] [成功读取表 inventory_data，数据行数：4933]
2025-12-28 11:32:23,241 [INFO] [开始读取数据库表：tuiding_data]
2025-12-28 11:32:23,453 [INFO] [成功读取表 tuiding_data，数据行数：4828]
2025-12-28 11:32:23,453 [INFO] [开始读取数据库表：debit_data]
2025-12-28 11:32:25,429 [INFO] [成功读取表 debit_data，数据行数：27883]
2025-12-28 11:32:25,869 [INFO] [开始读取数据库表：sales_invoice_data]
2025-12-28 11:32:27,143 [INFO] [成功读取表 sales_invoice_data，数据行数：22205]
2025-12-28 11:54:18,683 [INFO] [数据库引擎创建成功]
2025-12-28 11:54:18,683 [INFO] [开始读取数据库表：order_data]
2025-12-28 11:54:19,488 [INFO] [成功读取表 order_data，数据行数：25882]
2025-12-28 11:54:19,658 [INFO] [开始读取数据库表：sales_data]
2025-12-28 11:54:21,510 [INFO] [成功读取表 sales_data，数据行数：24659]
2025-12-28 11:54:22,472 [INFO] [开始读取数据库表：jingpin_data]
2025-12-28 11:54:22,550 [INFO] [成功读取表 jingpin_data，数据行数：5237]
2025-12-28 11:54:22,584 [INFO] [开始读取数据库表：inventory_data]
2025-12-28 11:54:22,782 [INFO] [成功读取表 inventory_data，数据行数：4933]
2025-12-28 11:54:22,782 [INFO] [开始读取数据库表：tuiding_data]
2025-12-28 11:54:22,879 [INFO] [成功读取表 tuiding_data，数据行数：4832]
2025-12-28 11:54:22,879 [INFO] [开始读取数据库表：debit_data]
2025-12-28 11:54:23,618 [INFO] [成功读取表 debit_data，数据行数：27883]
2025-12-28 11:54:23,803 [INFO] [开始读取数据库表：sales_invoice_data]
2025-12-28 11:54:24,371 [INFO] [成功读取表 sales_invoice_data，数据行数：22205]
2025-12-28 12:27:18,997 [INFO] [数据库引擎创建成功]
2025-12-28 12:27:18,998 [INFO] [开始读取数据库表：order_data]
2025-12-28 12:27:20,725 [INFO] [成功读取表 order_data，数据行数：25884]
2025-12-28 12:27:21,009 [INFO] [开始读取数据库表：sales_data]
2025-12-28 12:27:24,541 [INFO] [成功读取表 sales_data，数据行数：24660]
2025-12-28 12:27:26,225 [INFO] [开始读取数据库表：jingpin_data]
2025-12-28 12:27:26,406 [INFO] [成功读取表 jingpin_data，数据行数：5237]
2025-12-28 12:27:26,463 [INFO] [开始读取数据库表：inventory_data]
2025-12-28 12:27:26,879 [INFO] [成功读取表 inventory_data，数据行数：4932]
2025-12-28 12:27:26,880 [INFO] [开始读取数据库表：tuiding_data]
2025-12-28 12:27:27,116 [INFO] [成功读取表 tuiding_data，数据行数：4832]
2025-12-28 12:27:27,117 [INFO] [开始读取数据库表：debit_data]
2025-12-28 12:27:28,656 [INFO] [成功读取表 debit_data，数据行数：27883]
2025-12-28 12:27:28,991 [INFO] [开始读取数据库表：sales_invoice_data]
2025-12-28 12:27:30,329 [INFO] [成功读取表 sales_invoice_data，数据行数：22206]
2025-12-28 12:57:48,686 [INFO] [数据库引擎创建成功]
2025-12-28 12:57:48,687 [INFO] [开始读取数据库表：order_data]
2025-12-28 12:57:50,311 [INFO] [成功读取表 order_data，数据行数：25887]
2025-12-28 12:57:50,563 [INFO] [开始读取数据库表：sales_data]
2025-12-28 12:57:54,013 [INFO] [成功读取表 sales_data，数据行数：24662]
2025-12-28 12:57:55,651 [INFO] [开始读取数据库表：jingpin_data]
2025-12-28 12:57:55,814 [INFO] [成功读取表 jingpin_data，数据行数：5238]
2025-12-28 12:57:55,872 [INFO] [开始读取数据库表：inventory_data]
2025-12-28 12:57:56,248 [INFO] [成功读取表 inventory_data，数据行数：4933]
2025-12-28 12:57:56,249 [INFO] [开始读取数据库表：tuiding_data]
2025-12-28 12:57:56,464 [INFO] [成功读取表 tuiding_data，数据行数：4832]
2025-12-28 12:57:56,464 [INFO] [开始读取数据库表：debit_data]
2025-12-28 12:57:58,033 [INFO] [成功读取表 debit_data，数据行数：28019]
2025-12-28 12:57:58,330 [INFO] [开始读取数据库表：sales_invoice_data]
2025-12-28 12:57:59,463 [INFO] [成功读取表 sales_invoice_data，数据行数：22206]
2025-12-28 13:27:47,290 [INFO] [数据库引擎创建成功]
2025-12-28 13:27:47,291 [INFO] [开始读取数据库表：order_data]
2025-12-28 13:27:48,917 [INFO] [成功读取表 order_data，数据行数：25887]
2025-12-28 13:27:49,176 [INFO] [开始读取数据库表：sales_data]
2025-12-28 13:27:52,632 [INFO] [成功读取表 sales_data，数据行数：24663]
2025-12-28 13:27:54,261 [INFO] [开始读取数据库表：jingpin_data]
2025-12-28 13:27:54,429 [INFO] [成功读取表 jingpin_data，数据行数：5238]
2025-12-28 13:27:54,500 [INFO] [开始读取数据库表：inventory_data]
2025-12-28 13:27:54,875 [INFO] [成功读取表 inventory_data，数据行数：4932]
2025-12-28 13:27:54,876 [INFO] [开始读取数据库表：tuiding_data]
2025-12-28 13:27:55,073 [INFO] [成功读取表 tuiding_data，数据行数：4832]
2025-12-28 13:27:55,073 [INFO] [开始读取数据库表：debit_data]
2025-12-28 13:27:56,655 [INFO] [成功读取表 debit_data，数据行数：28019]
2025-12-28 13:27:56,943 [INFO] [开始读取数据库表：sales_invoice_data]
2025-12-28 13:27:58,141 [INFO] [成功读取表 sales_invoice_data，数据行数：22207]
2025-12-28 13:54:34,282 [INFO] [数据库引擎创建成功]
2025-12-28 13:54:34,282 [INFO] [开始读取数据库表：order_data]
2025-12-28 13:54:35,134 [INFO] [成功读取表 order_data，数据行数：25893]
2025-12-28 13:54:35,302 [INFO] [开始读取数据库表：sales_data]
2025-12-28 13:54:38,280 [INFO] [成功读取表 sales_data，数据行数：24665]
2025-12-28 13:54:39,864 [INFO] [开始读取数据库表：jingpin_data]
2025-12-28 13:54:40,033 [INFO] [成功读取表 jingpin_data，数据行数：5238]
2025-12-28 13:54:40,096 [INFO] [开始读取数据库表：inventory_data]
2025-12-28 13:54:40,500 [INFO] [成功读取表 inventory_data，数据行数：4930]
2025-12-28 13:54:40,500 [INFO] [开始读取数据库表：tuiding_data]
2025-12-28 13:54:40,723 [INFO] [成功读取表 tuiding_data，数据行数：4832]
2025-12-28 13:54:40,724 [INFO] [开始读取数据库表：debit_data]
2025-12-28 13:54:42,344 [INFO] [成功读取表 debit_data，数据行数：28019]
2025-12-28 13:54:42,643 [INFO] [开始读取数据库表：sales_invoice_data]
2025-12-28 13:54:43,501 [INFO] [成功读取表 sales_invoice_data，数据行数：22209]
2025-12-28 14:26:50,035 [INFO] [数据库引擎创建成功]
2025-12-28 14:26:50,035 [INFO] [开始读取数据库表：order_data]
2025-12-28 14:26:51,665 [INFO] [成功读取表 order_data，数据行数：25895]
2025-12-28 14:26:51,970 [INFO] [开始读取数据库表：sales_data]
2025-12-28 14:26:55,196 [INFO] [成功读取表 sales_data，数据行数：24666]
2025-12-28 14:26:56,560 [INFO] [开始读取数据库表：jingpin_data]
2025-12-28 14:26:56,698 [INFO] [成功读取表 jingpin_data，数据行数：5247]
2025-12-28 14:26:56,733 [INFO] [开始读取数据库表：inventory_data]
2025-12-28 14:26:56,954 [INFO] [成功读取表 inventory_data，数据行数：4929]
2025-12-28 14:26:56,954 [INFO] [开始读取数据库表：tuiding_data]
2025-12-28 14:26:57,056 [INFO] [成功读取表 tuiding_data，数据行数：4833]
2025-12-28 14:26:57,056 [INFO] [开始读取数据库表：debit_data]
2025-12-28 14:26:57,821 [INFO] [成功读取表 debit_data，数据行数：28019]
2025-12-28 14:26:58,012 [INFO] [开始读取数据库表：sales_invoice_data]
2025-12-28 14:26:58,623 [INFO] [成功读取表 sales_invoice_data，数据行数：22210]
2025-12-28 14:57:41,003 [INFO] [数据库引擎创建成功]
2025-12-28 14:57:41,003 [INFO] [开始读取数据库表：order_data]
2025-12-28 14:57:42,689 [INFO] [成功读取表 order_data，数据行数：25902]
2025-12-28 14:57:42,989 [INFO] [开始读取数据库表：sales_data]
2025-12-28 14:57:46,595 [INFO] [成功读取表 sales_data，数据行数：24671]
2025-12-28 14:57:48,208 [INFO] [开始读取数据库表：jingpin_data]
2025-12-28 14:57:48,374 [INFO] [成功读取表 jingpin_data，数据行数：5248]
2025-12-28 14:57:48,437 [INFO] [开始读取数据库表：inventory_data]
2025-12-28 14:57:48,828 [INFO] [成功读取表 inventory_data，数据行数：4924]
2025-12-28 14:57:48,828 [INFO] [开始读取数据库表：tuiding_data]
2025-12-28 14:57:49,044 [INFO] [成功读取表 tuiding_data，数据行数：4833]
2025-12-28 14:57:49,045 [INFO] [开始读取数据库表：debit_data]
2025-12-28 14:57:50,678 [INFO] [成功读取表 debit_data，数据行数：28024]
2025-12-28 14:57:50,982 [INFO] [开始读取数据库表：sales_invoice_data]
2025-12-28 14:57:52,212 [INFO] [成功读取表 sales_invoice_data，数据行数：22215]
