2025-11-09 07:05:12,538 [INFO] [数据库引擎创建成功]
2025-11-09 07:05:12,539 [INFO] [开始读取数据库表：order_data]
2025-11-09 07:05:12,952 [INFO] [成功读取表 order_data，数据行数：22788]
2025-11-09 07:05:13,073 [INFO] [开始读取数据库表：sales_data]
2025-11-09 07:05:15,432 [INFO] [成功读取表 sales_data，数据行数：24443]
2025-11-09 07:05:17,458 [INFO] [开始读取数据库表：jingpin_data]
2025-11-09 07:05:17,720 [INFO] [成功读取表 jingpin_data，数据行数：4246]
2025-11-09 07:05:17,804 [INFO] [开始读取数据库表：inventory_data]
2025-11-09 07:05:18,339 [INFO] [成功读取表 inventory_data，数据行数：5422]
2025-11-09 07:05:18,339 [INFO] [开始读取数据库表：tuiding_data]
2025-11-09 07:05:18,559 [INFO] [成功读取表 tuiding_data，数据行数：3981]
2025-11-09 07:05:18,560 [INFO] [开始读取数据库表：debit_data]
2025-11-09 07:05:20,489 [INFO] [成功读取表 debit_data，数据行数：23787]
2025-11-09 07:05:20,896 [INFO] [开始读取数据库表：sales_invoice_data]
2025-11-09 07:05:22,188 [INFO] [成功读取表 sales_invoice_data，数据行数：17543]
2025-11-09 07:26:50,628 [INFO] [数据库引擎创建成功]
2025-11-09 07:26:50,628 [INFO] [开始读取数据库表：order_data]
2025-11-09 07:26:51,017 [INFO] [成功读取表 order_data，数据行数：22788]
2025-11-09 07:26:51,126 [INFO] [开始读取数据库表：sales_data]
2025-11-09 07:26:53,479 [INFO] [成功读取表 sales_data，数据行数：24443]
2025-11-09 07:26:55,427 [INFO] [开始读取数据库表：jingpin_data]
2025-11-09 07:26:55,688 [INFO] [成功读取表 jingpin_data，数据行数：4246]
2025-11-09 07:26:55,755 [INFO] [开始读取数据库表：inventory_data]
2025-11-09 07:26:56,291 [INFO] [成功读取表 inventory_data，数据行数：5422]
2025-11-09 07:26:56,291 [INFO] [开始读取数据库表：tuiding_data]
2025-11-09 07:26:56,506 [INFO] [成功读取表 tuiding_data，数据行数：3981]
2025-11-09 07:26:56,506 [INFO] [开始读取数据库表：debit_data]
2025-11-09 07:26:58,437 [INFO] [成功读取表 debit_data，数据行数：23787]
2025-11-09 07:26:58,824 [INFO] [开始读取数据库表：sales_invoice_data]
2025-11-09 07:27:00,068 [INFO] [成功读取表 sales_invoice_data，数据行数：17543]
2025-11-09 07:57:11,708 [INFO] [数据库引擎创建成功]
2025-11-09 07:57:11,708 [INFO] [开始读取数据库表：order_data]
2025-11-09 07:57:12,107 [INFO] [成功读取表 order_data，数据行数：22788]
2025-11-09 07:57:12,223 [INFO] [开始读取数据库表：sales_data]
2025-11-09 07:57:14,947 [INFO] [成功读取表 sales_data，数据行数：24443]
2025-11-09 07:57:16,986 [INFO] [开始读取数据库表：jingpin_data]
2025-11-09 07:57:17,244 [INFO] [成功读取表 jingpin_data，数据行数：4246]
2025-11-09 07:57:17,339 [INFO] [开始读取数据库表：inventory_data]
2025-11-09 07:57:17,868 [INFO] [成功读取表 inventory_data，数据行数：5422]
2025-11-09 07:57:17,868 [INFO] [开始读取数据库表：tuiding_data]
2025-11-09 07:57:18,082 [INFO] [成功读取表 tuiding_data，数据行数：3981]
2025-11-09 07:57:18,082 [INFO] [开始读取数据库表：debit_data]
2025-11-09 07:57:20,003 [INFO] [成功读取表 debit_data，数据行数：23787]
2025-11-09 07:57:20,406 [INFO] [开始读取数据库表：sales_invoice_data]
2025-11-09 07:57:21,705 [INFO] [成功读取表 sales_invoice_data，数据行数：17543]
2025-11-09 08:26:43,946 [INFO] [数据库引擎创建成功]
2025-11-09 08:26:43,946 [INFO] [开始读取数据库表：order_data]
2025-11-09 08:26:44,347 [INFO] [成功读取表 order_data，数据行数：22788]
2025-11-09 08:26:44,454 [INFO] [开始读取数据库表：sales_data]
2025-11-09 08:26:46,868 [INFO] [成功读取表 sales_data，数据行数：24443]
2025-11-09 08:26:48,845 [INFO] [开始读取数据库表：jingpin_data]
2025-11-09 08:26:49,102 [INFO] [成功读取表 jingpin_data，数据行数：4246]
2025-11-09 08:26:49,181 [INFO] [开始读取数据库表：inventory_data]
2025-11-09 08:26:49,727 [INFO] [成功读取表 inventory_data，数据行数：5422]
2025-11-09 08:26:49,728 [INFO] [开始读取数据库表：tuiding_data]
2025-11-09 08:26:49,893 [INFO] [成功读取表 tuiding_data，数据行数：3981]
2025-11-09 08:26:49,893 [INFO] [开始读取数据库表：debit_data]
2025-11-09 08:26:51,772 [INFO] [成功读取表 debit_data，数据行数：23787]
2025-11-09 08:26:52,142 [INFO] [开始读取数据库表：sales_invoice_data]
2025-11-09 08:26:53,403 [INFO] [成功读取表 sales_invoice_data，数据行数：17543]
2025-11-09 08:57:17,009 [INFO] [数据库引擎创建成功]
2025-11-09 08:57:17,009 [INFO] [开始读取数据库表：order_data]
2025-11-09 08:57:17,409 [INFO] [成功读取表 order_data，数据行数：22787]
2025-11-09 08:57:17,530 [INFO] [开始读取数据库表：sales_data]
2025-11-09 08:57:20,428 [INFO] [成功读取表 sales_data，数据行数：24443]
2025-11-09 08:57:22,422 [INFO] [开始读取数据库表：jingpin_data]
2025-11-09 08:57:22,683 [INFO] [成功读取表 jingpin_data，数据行数：4246]
2025-11-09 08:57:22,758 [INFO] [开始读取数据库表：inventory_data]
2025-11-09 08:57:23,275 [INFO] [成功读取表 inventory_data，数据行数：5422]
2025-11-09 08:57:23,275 [INFO] [开始读取数据库表：tuiding_data]
2025-11-09 08:57:23,504 [INFO] [成功读取表 tuiding_data，数据行数：3982]
2025-11-09 08:57:23,504 [INFO] [开始读取数据库表：debit_data]
2025-11-09 08:57:25,426 [INFO] [成功读取表 debit_data，数据行数：23787]
2025-11-09 08:57:25,816 [INFO] [开始读取数据库表：sales_invoice_data]
2025-11-09 08:57:27,071 [INFO] [成功读取表 sales_invoice_data，数据行数：17543]
2025-11-09 09:27:42,350 [INFO] [数据库引擎创建成功]
2025-11-09 09:27:42,351 [INFO] [开始读取数据库表：order_data]
2025-11-09 09:27:42,733 [INFO] [成功读取表 order_data，数据行数：22790]
2025-11-09 09:27:42,837 [INFO] [开始读取数据库表：sales_data]
2025-11-09 09:27:44,993 [INFO] [成功读取表 sales_data，数据行数：24443]
2025-11-09 09:27:46,971 [INFO] [开始读取数据库表：jingpin_data]
2025-11-09 09:27:47,226 [INFO] [成功读取表 jingpin_data，数据行数：4246]
2025-11-09 09:27:47,293 [INFO] [开始读取数据库表：inventory_data]
2025-11-09 09:27:47,843 [INFO] [成功读取表 inventory_data，数据行数：5422]
2025-11-09 09:27:47,843 [INFO] [开始读取数据库表：tuiding_data]
2025-11-09 09:27:48,063 [INFO] [成功读取表 tuiding_data，数据行数：3982]
2025-11-09 09:27:48,063 [INFO] [开始读取数据库表：debit_data]
2025-11-09 09:27:49,987 [INFO] [成功读取表 debit_data，数据行数：23787]
2025-11-09 09:27:50,373 [INFO] [开始读取数据库表：sales_invoice_data]
2025-11-09 09:27:51,662 [INFO] [成功读取表 sales_invoice_data，数据行数：17543]
2025-11-09 09:57:10,710 [INFO] [数据库引擎创建成功]
2025-11-09 09:57:10,710 [INFO] [开始读取数据库表：order_data]
2025-11-09 09:57:11,113 [INFO] [成功读取表 order_data，数据行数：22791]
2025-11-09 09:57:11,223 [INFO] [开始读取数据库表：sales_data]
2025-11-09 09:57:13,728 [INFO] [成功读取表 sales_data，数据行数：24443]
2025-11-09 09:57:15,690 [INFO] [开始读取数据库表：jingpin_data]
2025-11-09 09:57:15,950 [INFO] [成功读取表 jingpin_data，数据行数：4246]
2025-11-09 09:57:16,026 [INFO] [开始读取数据库表：inventory_data]
2025-11-09 09:57:16,548 [INFO] [成功读取表 inventory_data，数据行数：5422]
2025-11-09 09:57:16,549 [INFO] [开始读取数据库表：tuiding_data]
2025-11-09 09:57:16,770 [INFO] [成功读取表 tuiding_data，数据行数：3982]
2025-11-09 09:57:16,770 [INFO] [开始读取数据库表：debit_data]
2025-11-09 09:57:18,697 [INFO] [成功读取表 debit_data，数据行数：23787]
2025-11-09 09:57:19,088 [INFO] [开始读取数据库表：sales_invoice_data]
2025-11-09 09:57:20,386 [INFO] [成功读取表 sales_invoice_data，数据行数：17543]
2025-11-09 10:27:54,777 [INFO] [数据库引擎创建成功]
2025-11-09 10:27:54,777 [INFO] [开始读取数据库表：order_data]
2025-11-09 10:27:55,186 [INFO] [成功读取表 order_data，数据行数：22791]
2025-11-09 10:27:55,300 [INFO] [开始读取数据库表：sales_data]
2025-11-09 10:27:57,713 [INFO] [成功读取表 sales_data，数据行数：24445]
2025-11-09 10:27:59,688 [INFO] [开始读取数据库表：jingpin_data]
2025-11-09 10:27:59,953 [INFO] [成功读取表 jingpin_data，数据行数：4246]
2025-11-09 10:28:00,013 [INFO] [开始读取数据库表：inventory_data]
2025-11-09 10:28:00,549 [INFO] [成功读取表 inventory_data，数据行数：5421]
2025-11-09 10:28:00,549 [INFO] [开始读取数据库表：tuiding_data]
2025-11-09 10:28:00,769 [INFO] [成功读取表 tuiding_data，数据行数：3986]
2025-11-09 10:28:00,770 [INFO] [开始读取数据库表：debit_data]
2025-11-09 10:28:02,671 [INFO] [成功读取表 debit_data，数据行数：23787]
2025-11-09 10:28:03,055 [INFO] [开始读取数据库表：sales_invoice_data]
2025-11-09 10:28:04,359 [INFO] [成功读取表 sales_invoice_data，数据行数：17544]
2025-11-09 10:57:43,418 [INFO] [数据库引擎创建成功]
2025-11-09 10:57:43,418 [INFO] [开始读取数据库表：order_data]
2025-11-09 10:57:43,811 [INFO] [成功读取表 order_data，数据行数：22792]
2025-11-09 10:57:43,922 [INFO] [开始读取数据库表：sales_data]
2025-11-09 10:57:46,247 [INFO] [成功读取表 sales_data，数据行数：24445]
2025-11-09 10:57:48,277 [INFO] [开始读取数据库表：jingpin_data]
2025-11-09 10:57:48,541 [INFO] [成功读取表 jingpin_data，数据行数：4246]
2025-11-09 10:57:48,613 [INFO] [开始读取数据库表：inventory_data]
2025-11-09 10:57:49,158 [INFO] [成功读取表 inventory_data，数据行数：5421]
2025-11-09 10:57:49,158 [INFO] [开始读取数据库表：tuiding_data]
2025-11-09 10:57:49,383 [INFO] [成功读取表 tuiding_data，数据行数：3986]
2025-11-09 10:57:49,383 [INFO] [开始读取数据库表：debit_data]
2025-11-09 10:57:51,335 [INFO] [成功读取表 debit_data，数据行数：23787]
2025-11-09 10:57:51,707 [INFO] [开始读取数据库表：sales_invoice_data]
2025-11-09 10:57:52,994 [INFO] [成功读取表 sales_invoice_data，数据行数：17544]
2025-11-09 11:28:01,580 [INFO] [数据库引擎创建成功]
2025-11-09 11:28:01,580 [INFO] [开始读取数据库表：order_data]
2025-11-09 11:28:01,970 [INFO] [成功读取表 order_data，数据行数：22797]
2025-11-09 11:28:02,078 [INFO] [开始读取数据库表：sales_data]
2025-11-09 11:28:04,692 [INFO] [成功读取表 sales_data，数据行数：24448]
2025-11-09 11:28:06,659 [INFO] [开始读取数据库表：jingpin_data]
2025-11-09 11:28:06,911 [INFO] [成功读取表 jingpin_data，数据行数：4246]
2025-11-09 11:28:06,987 [INFO] [开始读取数据库表：inventory_data]
2025-11-09 11:28:07,521 [INFO] [成功读取表 inventory_data，数据行数：5419]
2025-11-09 11:28:07,522 [INFO] [开始读取数据库表：tuiding_data]
2025-11-09 11:28:07,750 [INFO] [成功读取表 tuiding_data，数据行数：3986]
2025-11-09 11:28:07,750 [INFO] [开始读取数据库表：debit_data]
2025-11-09 11:28:09,593 [INFO] [成功读取表 debit_data，数据行数：23787]
2025-11-09 11:28:09,984 [INFO] [开始读取数据库表：sales_invoice_data]
2025-11-09 11:28:11,288 [INFO] [成功读取表 sales_invoice_data，数据行数：17546]
2025-11-09 11:58:14,179 [INFO] [数据库引擎创建成功]
2025-11-09 11:58:14,179 [INFO] [开始读取数据库表：order_data]
2025-11-09 11:58:14,571 [INFO] [成功读取表 order_data，数据行数：22805]
2025-11-09 11:58:14,679 [INFO] [开始读取数据库表：sales_data]
2025-11-09 11:58:17,070 [INFO] [成功读取表 sales_data，数据行数：24450]
2025-11-09 11:58:19,028 [INFO] [开始读取数据库表：jingpin_data]
2025-11-09 11:58:19,254 [INFO] [成功读取表 jingpin_data，数据行数：4247]
2025-11-09 11:58:19,329 [INFO] [开始读取数据库表：inventory_data]
2025-11-09 11:58:19,785 [INFO] [成功读取表 inventory_data，数据行数：5418]
2025-11-09 11:58:19,785 [INFO] [开始读取数据库表：tuiding_data]
2025-11-09 11:58:20,010 [INFO] [成功读取表 tuiding_data，数据行数：3986]
2025-11-09 11:58:20,010 [INFO] [开始读取数据库表：debit_data]
2025-11-09 11:58:21,907 [INFO] [成功读取表 debit_data，数据行数：23787]
2025-11-09 11:58:22,283 [INFO] [开始读取数据库表：sales_invoice_data]
2025-11-09 11:58:23,571 [INFO] [成功读取表 sales_invoice_data，数据行数：17548]
2025-11-09 12:27:39,923 [INFO] [数据库引擎创建成功]
2025-11-09 12:27:39,923 [INFO] [开始读取数据库表：order_data]
2025-11-09 12:27:40,315 [INFO] [成功读取表 order_data，数据行数：22811]
2025-11-09 12:27:40,425 [INFO] [开始读取数据库表：sales_data]
2025-11-09 12:27:43,066 [INFO] [成功读取表 sales_data，数据行数：24451]
2025-11-09 12:27:44,961 [INFO] [开始读取数据库表：jingpin_data]
2025-11-09 12:27:45,182 [INFO] [成功读取表 jingpin_data，数据行数：4247]
2025-11-09 12:27:45,260 [INFO] [开始读取数据库表：inventory_data]
2025-11-09 12:27:45,807 [INFO] [成功读取表 inventory_data，数据行数：5418]
2025-11-09 12:27:45,807 [INFO] [开始读取数据库表：tuiding_data]
2025-11-09 12:27:46,035 [INFO] [成功读取表 tuiding_data，数据行数：3986]
2025-11-09 12:27:46,035 [INFO] [开始读取数据库表：debit_data]
2025-11-09 12:27:47,945 [INFO] [成功读取表 debit_data，数据行数：23830]
2025-11-09 12:27:48,319 [INFO] [开始读取数据库表：sales_invoice_data]
2025-11-09 12:27:49,586 [INFO] [成功读取表 sales_invoice_data，数据行数：17549]
2025-11-09 12:57:37,169 [INFO] [数据库引擎创建成功]
2025-11-09 12:57:37,169 [INFO] [开始读取数据库表：order_data]
2025-11-09 12:57:37,599 [INFO] [成功读取表 order_data，数据行数：22821]
2025-11-09 12:57:37,715 [INFO] [开始读取数据库表：sales_data]
2025-11-09 12:57:40,241 [INFO] [成功读取表 sales_data，数据行数：24453]
2025-11-09 12:57:42,146 [INFO] [开始读取数据库表：jingpin_data]
2025-11-09 12:57:42,386 [INFO] [成功读取表 jingpin_data，数据行数：4247]
2025-11-09 12:57:42,459 [INFO] [开始读取数据库表：inventory_data]
2025-11-09 12:57:42,994 [INFO] [成功读取表 inventory_data，数据行数：5416]
2025-11-09 12:57:42,995 [INFO] [开始读取数据库表：tuiding_data]
2025-11-09 12:57:43,216 [INFO] [成功读取表 tuiding_data，数据行数：3986]
2025-11-09 12:57:43,216 [INFO] [开始读取数据库表：debit_data]
2025-11-09 12:57:45,118 [INFO] [成功读取表 debit_data，数据行数：23830]
2025-11-09 12:57:45,502 [INFO] [开始读取数据库表：sales_invoice_data]
2025-11-09 12:57:46,756 [INFO] [成功读取表 sales_invoice_data，数据行数：17551]
2025-11-09 13:27:19,532 [INFO] [数据库引擎创建成功]
2025-11-09 13:27:19,532 [INFO] [开始读取数据库表：order_data]
2025-11-09 13:27:19,940 [INFO] [成功读取表 order_data，数据行数：22825]
2025-11-09 13:27:20,054 [INFO] [开始读取数据库表：sales_data]
2025-11-09 13:27:22,508 [INFO] [成功读取表 sales_data，数据行数：24453]
2025-11-09 13:27:24,442 [INFO] [开始读取数据库表：jingpin_data]
2025-11-09 13:27:24,703 [INFO] [成功读取表 jingpin_data，数据行数：4248]
2025-11-09 13:27:24,773 [INFO] [开始读取数据库表：inventory_data]
2025-11-09 13:27:25,309 [INFO] [成功读取表 inventory_data，数据行数：5416]
2025-11-09 13:27:25,309 [INFO] [开始读取数据库表：tuiding_data]
2025-11-09 13:27:25,510 [INFO] [成功读取表 tuiding_data，数据行数：3986]
2025-11-09 13:27:25,510 [INFO] [开始读取数据库表：debit_data]
2025-11-09 13:27:27,397 [INFO] [成功读取表 debit_data，数据行数：23830]
2025-11-09 13:27:27,749 [INFO] [开始读取数据库表：sales_invoice_data]
2025-11-09 13:27:28,998 [INFO] [成功读取表 sales_invoice_data，数据行数：17551]
2025-11-09 13:58:51,351 [INFO] [数据库引擎创建成功]
2025-11-09 13:58:51,351 [INFO] [开始读取数据库表：order_data]
2025-11-09 13:58:51,743 [INFO] [成功读取表 order_data，数据行数：22828]
2025-11-09 13:58:51,858 [INFO] [开始读取数据库表：sales_data]
2025-11-09 13:58:54,345 [INFO] [成功读取表 sales_data，数据行数：24459]
2025-11-09 13:58:56,177 [INFO] [开始读取数据库表：jingpin_data]
2025-11-09 13:58:56,395 [INFO] [成功读取表 jingpin_data，数据行数：4248]
2025-11-09 13:58:56,458 [INFO] [开始读取数据库表：inventory_data]
2025-11-09 13:58:56,978 [INFO] [成功读取表 inventory_data，数据行数：5410]
2025-11-09 13:58:56,978 [INFO] [开始读取数据库表：tuiding_data]
2025-11-09 13:58:57,177 [INFO] [成功读取表 tuiding_data，数据行数：3987]
2025-11-09 13:58:57,177 [INFO] [开始读取数据库表：debit_data]
2025-11-09 13:58:59,040 [INFO] [成功读取表 debit_data，数据行数：23830]
2025-11-09 13:58:59,411 [INFO] [开始读取数据库表：sales_invoice_data]
2025-11-09 13:59:00,680 [INFO] [成功读取表 sales_invoice_data，数据行数：17557]
2025-11-09 14:27:52,635 [INFO] [数据库引擎创建成功]
2025-11-09 14:27:52,635 [INFO] [开始读取数据库表：order_data]
2025-11-09 14:27:53,064 [INFO] [成功读取表 order_data，数据行数：22832]
2025-11-09 14:27:53,186 [INFO] [开始读取数据库表：sales_data]
2025-11-09 14:27:56,073 [INFO] [成功读取表 sales_data，数据行数：24466]
2025-11-09 14:27:58,056 [INFO] [开始读取数据库表：jingpin_data]
2025-11-09 14:27:58,318 [INFO] [成功读取表 jingpin_data，数据行数：4248]
2025-11-09 14:27:58,373 [INFO] [开始读取数据库表：inventory_data]
2025-11-09 14:27:58,839 [INFO] [成功读取表 inventory_data，数据行数：5403]
2025-11-09 14:27:58,839 [INFO] [开始读取数据库表：tuiding_data]
2025-11-09 14:27:59,055 [INFO] [成功读取表 tuiding_data，数据行数：3988]
2025-11-09 14:27:59,055 [INFO] [开始读取数据库表：debit_data]
2025-11-09 14:28:00,935 [INFO] [成功读取表 debit_data，数据行数：23839]
2025-11-09 14:28:01,314 [INFO] [开始读取数据库表：sales_invoice_data]
2025-11-09 14:28:02,550 [INFO] [成功读取表 sales_invoice_data，数据行数：17564]
2025-11-09 14:58:18,814 [INFO] [数据库引擎创建成功]
2025-11-09 14:58:18,814 [INFO] [开始读取数据库表：order_data]
2025-11-09 14:58:19,208 [INFO] [成功读取表 order_data，数据行数：22839]
2025-11-09 14:58:19,313 [INFO] [开始读取数据库表：sales_data]
2025-11-09 14:58:21,751 [INFO] [成功读取表 sales_data，数据行数：24473]
2025-11-09 14:58:23,739 [INFO] [开始读取数据库表：jingpin_data]
2025-11-09 14:58:24,003 [INFO] [成功读取表 jingpin_data，数据行数：4249]
2025-11-09 14:58:24,067 [INFO] [开始读取数据库表：inventory_data]
2025-11-09 14:58:24,587 [INFO] [成功读取表 inventory_data，数据行数：5395]
2025-11-09 14:58:24,587 [INFO] [开始读取数据库表：tuiding_data]
2025-11-09 14:58:24,796 [INFO] [成功读取表 tuiding_data，数据行数：3988]
2025-11-09 14:58:24,796 [INFO] [开始读取数据库表：debit_data]
2025-11-09 14:58:26,756 [INFO] [成功读取表 debit_data，数据行数：23839]
2025-11-09 14:58:27,150 [INFO] [开始读取数据库表：sales_invoice_data]
2025-11-09 14:58:28,439 [INFO] [成功读取表 sales_invoice_data，数据行数：17571]
2025-11-09 15:27:34,311 [INFO] [数据库引擎创建成功]
2025-11-09 15:27:34,311 [INFO] [开始读取数据库表：order_data]
2025-11-09 15:27:34,699 [INFO] [成功读取表 order_data，数据行数：22847]
2025-11-09 15:27:34,808 [INFO] [开始读取数据库表：sales_data]
2025-11-09 15:27:36,871 [INFO] [成功读取表 sales_data，数据行数：24480]
2025-11-09 15:27:38,864 [INFO] [开始读取数据库表：jingpin_data]
2025-11-09 15:27:39,132 [INFO] [成功读取表 jingpin_data，数据行数：4249]
2025-11-09 15:27:39,202 [INFO] [开始读取数据库表：inventory_data]
2025-11-09 15:27:39,729 [INFO] [成功读取表 inventory_data，数据行数：5388]
2025-11-09 15:27:39,729 [INFO] [开始读取数据库表：tuiding_data]
2025-11-09 15:27:39,917 [INFO] [成功读取表 tuiding_data，数据行数：3988]
2025-11-09 15:27:39,917 [INFO] [开始读取数据库表：debit_data]
2025-11-09 15:27:41,754 [INFO] [成功读取表 debit_data，数据行数：23839]
2025-11-09 15:27:42,146 [INFO] [开始读取数据库表：sales_invoice_data]
2025-11-09 15:27:43,443 [INFO] [成功读取表 sales_invoice_data，数据行数：17578]
2025-11-09 15:57:46,541 [INFO] [数据库引擎创建成功]
2025-11-09 15:57:46,541 [INFO] [开始读取数据库表：order_data]
2025-11-09 15:57:46,931 [INFO] [成功读取表 order_data，数据行数：22859]
2025-11-09 15:57:47,041 [INFO] [开始读取数据库表：sales_data]
2025-11-09 15:57:49,413 [INFO] [成功读取表 sales_data，数据行数：24485]
2025-11-09 15:57:51,382 [INFO] [开始读取数据库表：jingpin_data]
2025-11-09 15:57:51,652 [INFO] [成功读取表 jingpin_data，数据行数：4249]
2025-11-09 15:57:51,730 [INFO] [开始读取数据库表：inventory_data]
2025-11-09 15:57:52,244 [INFO] [成功读取表 inventory_data，数据行数：5388]
2025-11-09 15:57:52,244 [INFO] [开始读取数据库表：tuiding_data]
2025-11-09 15:57:52,468 [INFO] [成功读取表 tuiding_data，数据行数：3988]
2025-11-09 15:57:52,468 [INFO] [开始读取数据库表：debit_data]
2025-11-09 15:57:54,404 [INFO] [成功读取表 debit_data，数据行数：23839]
2025-11-09 15:57:54,790 [INFO] [开始读取数据库表：sales_invoice_data]
2025-11-09 15:57:56,055 [INFO] [成功读取表 sales_invoice_data，数据行数：17578]
2025-11-09 16:27:34,830 [INFO] [数据库引擎创建成功]
2025-11-09 16:27:34,831 [INFO] [开始读取数据库表：order_data]
2025-11-09 16:27:35,232 [INFO] [成功读取表 order_data，数据行数：22871]
2025-11-09 16:27:35,344 [INFO] [开始读取数据库表：sales_data]
2025-11-09 16:27:37,692 [INFO] [成功读取表 sales_data，数据行数：24492]
2025-11-09 16:27:39,717 [INFO] [开始读取数据库表：jingpin_data]
2025-11-09 16:27:39,978 [INFO] [成功读取表 jingpin_data，数据行数：4249]
2025-11-09 16:27:40,058 [INFO] [开始读取数据库表：inventory_data]
2025-11-09 16:27:40,584 [INFO] [成功读取表 inventory_data，数据行数：5379]
2025-11-09 16:27:40,584 [INFO] [开始读取数据库表：tuiding_data]
2025-11-09 16:27:40,754 [INFO] [成功读取表 tuiding_data，数据行数：3988]
2025-11-09 16:27:40,754 [INFO] [开始读取数据库表：debit_data]
2025-11-09 16:27:42,691 [INFO] [成功读取表 debit_data，数据行数：23839]
2025-11-09 16:27:43,088 [INFO] [开始读取数据库表：sales_invoice_data]
2025-11-09 16:27:44,395 [INFO] [成功读取表 sales_invoice_data，数据行数：17590]
2025-11-09 16:58:17,706 [INFO] [数据库引擎创建成功]
2025-11-09 16:58:17,706 [INFO] [开始读取数据库表：order_data]
2025-11-09 16:58:18,107 [INFO] [成功读取表 order_data，数据行数：22895]
2025-11-09 16:58:18,212 [INFO] [开始读取数据库表：sales_data]
2025-11-09 16:58:20,762 [INFO] [成功读取表 sales_data，数据行数：24499]
2025-11-09 16:58:22,727 [INFO] [开始读取数据库表：jingpin_data]
2025-11-09 16:58:22,944 [INFO] [成功读取表 jingpin_data，数据行数：4249]
2025-11-09 16:58:23,022 [INFO] [开始读取数据库表：inventory_data]
2025-11-09 16:58:23,565 [INFO] [成功读取表 inventory_data，数据行数：5368]
2025-11-09 16:58:23,566 [INFO] [开始读取数据库表：tuiding_data]
2025-11-09 16:58:23,758 [INFO] [成功读取表 tuiding_data，数据行数：3990]
2025-11-09 16:58:23,758 [INFO] [开始读取数据库表：debit_data]
2025-11-09 16:58:25,762 [INFO] [成功读取表 debit_data，数据行数：23839]
2025-11-09 16:58:26,145 [INFO] [开始读取数据库表：sales_invoice_data]
2025-11-09 16:58:27,357 [INFO] [成功读取表 sales_invoice_data，数据行数：17597]
2025-11-09 17:27:47,846 [INFO] [数据库引擎创建成功]
2025-11-09 17:27:47,847 [INFO] [开始读取数据库表：order_data]
2025-11-09 17:27:48,251 [INFO] [成功读取表 order_data，数据行数：22912]
2025-11-09 17:27:48,366 [INFO] [开始读取数据库表：sales_data]
2025-11-09 17:27:51,099 [INFO] [成功读取表 sales_data，数据行数：24509]
2025-11-09 17:27:53,078 [INFO] [开始读取数据库表：jingpin_data]
2025-11-09 17:27:53,292 [INFO] [成功读取表 jingpin_data，数据行数：4250]
2025-11-09 17:27:53,369 [INFO] [开始读取数据库表：inventory_data]
2025-11-09 17:27:53,623 [INFO] [成功读取表 inventory_data，数据行数：2703]
2025-11-09 17:27:53,623 [INFO] [开始读取数据库表：tuiding_data]
2025-11-09 17:27:53,780 [INFO] [成功读取表 tuiding_data，数据行数：3990]
2025-11-09 17:27:53,780 [INFO] [开始读取数据库表：debit_data]
2025-11-09 17:27:55,675 [INFO] [成功读取表 debit_data，数据行数：23839]
2025-11-09 17:27:56,050 [INFO] [开始读取数据库表：sales_invoice_data]
2025-11-09 17:27:57,343 [INFO] [成功读取表 sales_invoice_data，数据行数：17607]
2025-11-09 17:57:53,834 [INFO] [数据库引擎创建成功]
2025-11-09 17:57:53,835 [INFO] [开始读取数据库表：order_data]
2025-11-09 17:57:54,228 [INFO] [成功读取表 order_data，数据行数：22926]
2025-11-09 17:57:54,337 [INFO] [开始读取数据库表：sales_data]
2025-11-09 17:57:56,472 [INFO] [成功读取表 sales_data，数据行数：24518]
2025-11-09 17:57:58,509 [INFO] [开始读取数据库表：jingpin_data]
2025-11-09 17:57:58,767 [INFO] [成功读取表 jingpin_data，数据行数：4250]
2025-11-09 17:57:58,848 [INFO] [开始读取数据库表：inventory_data]
2025-11-09 17:57:59,376 [INFO] [成功读取表 inventory_data，数据行数：5357]
2025-11-09 17:57:59,376 [INFO] [开始读取数据库表：tuiding_data]
2025-11-09 17:57:59,577 [INFO] [成功读取表 tuiding_data，数据行数：3990]
2025-11-09 17:57:59,577 [INFO] [开始读取数据库表：debit_data]
2025-11-09 17:58:01,565 [INFO] [成功读取表 debit_data，数据行数：23839]
2025-11-09 17:58:01,950 [INFO] [开始读取数据库表：sales_invoice_data]
2025-11-09 17:58:03,203 [INFO] [成功读取表 sales_invoice_data，数据行数：17616]
2025-11-09 18:27:31,408 [INFO] [数据库引擎创建成功]
2025-11-09 18:27:31,408 [INFO] [开始读取数据库表：order_data]
2025-11-09 18:27:31,822 [INFO] [成功读取表 order_data，数据行数：22940]
2025-11-09 18:27:31,942 [INFO] [开始读取数据库表：sales_data]
2025-11-09 18:27:34,444 [INFO] [成功读取表 sales_data，数据行数：24524]
2025-11-09 18:27:36,419 [INFO] [开始读取数据库表：jingpin_data]
2025-11-09 18:27:36,674 [INFO] [成功读取表 jingpin_data，数据行数：4250]
2025-11-09 18:27:36,752 [INFO] [开始读取数据库表：inventory_data]
2025-11-09 18:27:37,276 [INFO] [成功读取表 inventory_data，数据行数：5351]
2025-11-09 18:27:37,277 [INFO] [开始读取数据库表：tuiding_data]
2025-11-09 18:27:37,455 [INFO] [成功读取表 tuiding_data，数据行数：3991]
2025-11-09 18:27:37,456 [INFO] [开始读取数据库表：debit_data]
2025-11-09 18:27:39,341 [INFO] [成功读取表 debit_data，数据行数：23839]
2025-11-09 18:27:39,724 [INFO] [开始读取数据库表：sales_invoice_data]
2025-11-09 18:27:40,941 [INFO] [成功读取表 sales_invoice_data，数据行数：17622]
2025-11-09 18:57:24,478 [INFO] [数据库引擎创建成功]
2025-11-09 18:57:24,478 [INFO] [开始读取数据库表：order_data]
2025-11-09 18:57:24,881 [INFO] [成功读取表 order_data，数据行数：22954]
2025-11-09 18:57:24,988 [INFO] [开始读取数据库表：sales_data]
2025-11-09 18:57:27,446 [INFO] [成功读取表 sales_data，数据行数：24524]
2025-11-09 18:57:29,417 [INFO] [开始读取数据库表：jingpin_data]
2025-11-09 18:57:29,660 [INFO] [成功读取表 jingpin_data，数据行数：4250]
2025-11-09 18:57:29,737 [INFO] [开始读取数据库表：inventory_data]
2025-11-09 18:57:30,270 [INFO] [成功读取表 inventory_data，数据行数：5351]
2025-11-09 18:57:30,271 [INFO] [开始读取数据库表：tuiding_data]
2025-11-09 18:57:30,478 [INFO] [成功读取表 tuiding_data，数据行数：3991]
2025-11-09 18:57:30,479 [INFO] [开始读取数据库表：debit_data]
2025-11-09 18:57:32,491 [INFO] [成功读取表 debit_data，数据行数：23839]
2025-11-09 18:57:32,843 [INFO] [开始读取数据库表：sales_invoice_data]
2025-11-09 18:57:34,091 [INFO] [成功读取表 sales_invoice_data，数据行数：17622]
2025-11-09 19:27:33,894 [INFO] [数据库引擎创建成功]
2025-11-09 19:27:33,895 [INFO] [开始读取数据库表：order_data]
2025-11-09 19:27:34,282 [INFO] [成功读取表 order_data，数据行数：22962]
2025-11-09 19:27:34,387 [INFO] [开始读取数据库表：sales_data]
2025-11-09 19:27:36,467 [INFO] [成功读取表 sales_data，数据行数：24524]
2025-11-09 19:27:38,421 [INFO] [开始读取数据库表：jingpin_data]
2025-11-09 19:27:38,683 [INFO] [成功读取表 jingpin_data，数据行数：4250]
2025-11-09 19:27:38,746 [INFO] [开始读取数据库表：inventory_data]
2025-11-09 19:27:39,247 [INFO] [成功读取表 inventory_data，数据行数：5351]
2025-11-09 19:27:39,247 [INFO] [开始读取数据库表：tuiding_data]
2025-11-09 19:27:39,473 [INFO] [成功读取表 tuiding_data，数据行数：3991]
2025-11-09 19:27:39,474 [INFO] [开始读取数据库表：debit_data]
2025-11-09 19:27:41,428 [INFO] [成功读取表 debit_data，数据行数：23839]
2025-11-09 19:27:41,822 [INFO] [开始读取数据库表：sales_invoice_data]
2025-11-09 19:27:43,056 [INFO] [成功读取表 sales_invoice_data，数据行数：17622]
2025-11-09 19:57:16,447 [INFO] [数据库引擎创建成功]
2025-11-09 19:57:16,447 [INFO] [开始读取数据库表：order_data]
2025-11-09 19:57:16,852 [INFO] [成功读取表 order_data，数据行数：22963]
2025-11-09 19:57:16,988 [INFO] [开始读取数据库表：sales_data]
2025-11-09 19:57:19,475 [INFO] [成功读取表 sales_data，数据行数：24524]
2025-11-09 19:57:21,438 [INFO] [开始读取数据库表：jingpin_data]
2025-11-09 19:57:21,692 [INFO] [成功读取表 jingpin_data，数据行数：4250]
2025-11-09 19:57:21,764 [INFO] [开始读取数据库表：inventory_data]
2025-11-09 19:57:22,213 [INFO] [成功读取表 inventory_data，数据行数：5351]
2025-11-09 19:57:22,213 [INFO] [开始读取数据库表：tuiding_data]
2025-11-09 19:57:22,396 [INFO] [成功读取表 tuiding_data，数据行数：3991]
2025-11-09 19:57:22,396 [INFO] [开始读取数据库表：debit_data]
2025-11-09 19:57:24,353 [INFO] [成功读取表 debit_data，数据行数：23839]
2025-11-09 19:57:24,742 [INFO] [开始读取数据库表：sales_invoice_data]
2025-11-09 19:57:26,005 [INFO] [成功读取表 sales_invoice_data，数据行数：17622]
2025-11-09 20:27:30,621 [INFO] [数据库引擎创建成功]
2025-11-09 20:27:30,621 [INFO] [开始读取数据库表：order_data]
2025-11-09 20:27:31,243 [INFO] [成功读取表 order_data，数据行数：22965]
2025-11-09 20:27:31,401 [INFO] [开始读取数据库表：sales_data]
2025-11-09 20:27:36,031 [INFO] [成功读取表 sales_data，数据行数：24524]
2025-11-09 20:27:37,993 [INFO] [开始读取数据库表：jingpin_data]
2025-11-09 20:27:38,283 [INFO] [成功读取表 jingpin_data，数据行数：4250]
2025-11-09 20:27:38,355 [INFO] [开始读取数据库表：inventory_data]
2025-11-09 20:27:38,894 [INFO] [成功读取表 inventory_data，数据行数：5351]
2025-11-09 20:27:38,895 [INFO] [开始读取数据库表：tuiding_data]
2025-11-09 20:27:39,106 [INFO] [成功读取表 tuiding_data，数据行数：3991]
2025-11-09 20:27:39,106 [INFO] [开始读取数据库表：debit_data]
2025-11-09 20:27:41,088 [INFO] [成功读取表 debit_data，数据行数：23839]
2025-11-09 20:27:41,502 [INFO] [开始读取数据库表：sales_invoice_data]
2025-11-09 20:27:42,767 [INFO] [成功读取表 sales_invoice_data，数据行数：17622]
2025-11-09 20:57:27,492 [INFO] [数据库引擎创建成功]
2025-11-09 20:57:27,492 [INFO] [开始读取数据库表：order_data]
2025-11-09 20:57:27,942 [INFO] [成功读取表 order_data，数据行数：22965]
2025-11-09 20:57:28,056 [INFO] [开始读取数据库表：sales_data]
2025-11-09 20:57:30,562 [INFO] [成功读取表 sales_data，数据行数：24524]
2025-11-09 20:57:32,450 [INFO] [开始读取数据库表：jingpin_data]
2025-11-09 20:57:32,712 [INFO] [成功读取表 jingpin_data，数据行数：4250]
2025-11-09 20:57:32,786 [INFO] [开始读取数据库表：inventory_data]
2025-11-09 20:57:33,309 [INFO] [成功读取表 inventory_data，数据行数：5351]
2025-11-09 20:57:33,310 [INFO] [开始读取数据库表：tuiding_data]
2025-11-09 20:57:33,531 [INFO] [成功读取表 tuiding_data，数据行数：3991]
2025-11-09 20:57:33,532 [INFO] [开始读取数据库表：debit_data]
2025-11-09 20:57:35,535 [INFO] [成功读取表 debit_data，数据行数：23839]
2025-11-09 20:57:35,921 [INFO] [开始读取数据库表：sales_invoice_data]
2025-11-09 20:57:37,168 [INFO] [成功读取表 sales_invoice_data，数据行数：17622]
2025-11-09 21:27:25,893 [INFO] [数据库引擎创建成功]
2025-11-09 21:27:25,893 [INFO] [开始读取数据库表：order_data]
2025-11-09 21:27:26,332 [INFO] [成功读取表 order_data，数据行数：22973]
2025-11-09 21:27:26,451 [INFO] [开始读取数据库表：sales_data]
2025-11-09 21:27:29,910 [INFO] [成功读取表 sales_data，数据行数：24524]
2025-11-09 21:27:31,947 [INFO] [开始读取数据库表：jingpin_data]
2025-11-09 21:27:32,206 [INFO] [成功读取表 jingpin_data，数据行数：4250]
2025-11-09 21:27:32,282 [INFO] [开始读取数据库表：inventory_data]
2025-11-09 21:27:32,811 [INFO] [成功读取表 inventory_data，数据行数：5360]
2025-11-09 21:27:32,811 [INFO] [开始读取数据库表：tuiding_data]
2025-11-09 21:27:33,035 [INFO] [成功读取表 tuiding_data，数据行数：3991]
2025-11-09 21:27:33,035 [INFO] [开始读取数据库表：debit_data]
2025-11-09 21:27:35,035 [INFO] [成功读取表 debit_data，数据行数：23848]
2025-11-09 21:27:35,424 [INFO] [开始读取数据库表：sales_invoice_data]
2025-11-09 21:27:36,645 [INFO] [成功读取表 sales_invoice_data，数据行数：17622]
2025-11-09 21:57:46,294 [INFO] [数据库引擎创建成功]
2025-11-09 21:57:46,294 [INFO] [开始读取数据库表：order_data]
2025-11-09 21:57:46,739 [INFO] [成功读取表 order_data，数据行数：22975]
2025-11-09 21:57:46,846 [INFO] [开始读取数据库表：sales_data]
2025-11-09 21:57:50,267 [INFO] [成功读取表 sales_data，数据行数：24524]
2025-11-09 21:57:52,266 [INFO] [开始读取数据库表：jingpin_data]
2025-11-09 21:57:52,519 [INFO] [成功读取表 jingpin_data，数据行数：4250]
2025-11-09 21:57:52,590 [INFO] [开始读取数据库表：inventory_data]
2025-11-09 21:57:53,115 [INFO] [成功读取表 inventory_data，数据行数：5360]
2025-11-09 21:57:53,116 [INFO] [开始读取数据库表：tuiding_data]
2025-11-09 21:57:53,333 [INFO] [成功读取表 tuiding_data，数据行数：3991]
2025-11-09 21:57:53,333 [INFO] [开始读取数据库表：debit_data]
2025-11-09 21:57:55,307 [INFO] [成功读取表 debit_data，数据行数：23881]
2025-11-09 21:57:55,691 [INFO] [开始读取数据库表：sales_invoice_data]
2025-11-09 21:57:56,913 [INFO] [成功读取表 sales_invoice_data，数据行数：17622]
2025-11-09 22:27:26,539 [INFO] [数据库引擎创建成功]
2025-11-09 22:27:26,539 [INFO] [开始读取数据库表：order_data]
2025-11-09 22:27:27,019 [INFO] [成功读取表 order_data，数据行数：22975]
2025-11-09 22:27:27,151 [INFO] [开始读取数据库表：sales_data]
2025-11-09 22:27:30,920 [INFO] [成功读取表 sales_data，数据行数：24524]
2025-11-09 22:27:32,869 [INFO] [开始读取数据库表：jingpin_data]
2025-11-09 22:27:33,121 [INFO] [成功读取表 jingpin_data，数据行数：4250]
2025-11-09 22:27:33,192 [INFO] [开始读取数据库表：inventory_data]
2025-11-09 22:27:33,706 [INFO] [成功读取表 inventory_data，数据行数：5360]
2025-11-09 22:27:33,707 [INFO] [开始读取数据库表：tuiding_data]
2025-11-09 22:27:33,914 [INFO] [成功读取表 tuiding_data，数据行数：3992]
2025-11-09 22:27:33,915 [INFO] [开始读取数据库表：debit_data]
2025-11-09 22:27:35,880 [INFO] [成功读取表 debit_data，数据行数：23881]
2025-11-09 22:27:36,268 [INFO] [开始读取数据库表：sales_invoice_data]
2025-11-09 22:27:37,469 [INFO] [成功读取表 sales_invoice_data，数据行数：17622]
2025-11-09 22:57:23,286 [INFO] [数据库引擎创建成功]
2025-11-09 22:57:23,286 [INFO] [开始读取数据库表：order_data]
2025-11-09 22:57:23,736 [INFO] [成功读取表 order_data，数据行数：22975]
2025-11-09 22:57:23,865 [INFO] [开始读取数据库表：sales_data]
2025-11-09 22:57:27,370 [INFO] [成功读取表 sales_data，数据行数：24524]
2025-11-09 22:57:29,357 [INFO] [开始读取数据库表：jingpin_data]
2025-11-09 22:57:29,607 [INFO] [成功读取表 jingpin_data，数据行数：4250]
2025-11-09 22:57:29,682 [INFO] [开始读取数据库表：inventory_data]
2025-11-09 22:57:30,199 [INFO] [成功读取表 inventory_data，数据行数：5360]
2025-11-09 22:57:30,200 [INFO] [开始读取数据库表：tuiding_data]
2025-11-09 22:57:30,416 [INFO] [成功读取表 tuiding_data，数据行数：3992]
2025-11-09 22:57:30,416 [INFO] [开始读取数据库表：debit_data]
2025-11-09 22:57:32,398 [INFO] [成功读取表 debit_data，数据行数：23881]
2025-11-09 22:57:32,788 [INFO] [开始读取数据库表：sales_invoice_data]
2025-11-09 22:57:34,025 [INFO] [成功读取表 sales_invoice_data，数据行数：17622]
2025-11-09 23:27:07,486 [INFO] [数据库引擎创建成功]
2025-11-09 23:27:07,486 [INFO] [开始读取数据库表：order_data]
2025-11-09 23:27:07,932 [INFO] [成功读取表 order_data，数据行数：22975]
2025-11-09 23:27:08,051 [INFO] [开始读取数据库表：sales_data]
2025-11-09 23:27:11,089 [INFO] [成功读取表 sales_data，数据行数：24524]
2025-11-09 23:27:13,116 [INFO] [开始读取数据库表：jingpin_data]
2025-11-09 23:27:13,374 [INFO] [成功读取表 jingpin_data，数据行数：4250]
2025-11-09 23:27:13,441 [INFO] [开始读取数据库表：inventory_data]
2025-11-09 23:27:13,967 [INFO] [成功读取表 inventory_data，数据行数：5360]
2025-11-09 23:27:13,967 [INFO] [开始读取数据库表：tuiding_data]
2025-11-09 23:27:14,181 [INFO] [成功读取表 tuiding_data，数据行数：3992]
2025-11-09 23:27:14,181 [INFO] [开始读取数据库表：debit_data]
2025-11-09 23:27:16,170 [INFO] [成功读取表 debit_data，数据行数：23881]
2025-11-09 23:27:16,546 [INFO] [开始读取数据库表：sales_invoice_data]
2025-11-09 23:27:17,767 [INFO] [成功读取表 sales_invoice_data，数据行数：17622]
2025-11-09 23:57:10,948 [INFO] [数据库引擎创建成功]
2025-11-09 23:57:10,948 [INFO] [开始读取数据库表：order_data]
2025-11-09 23:57:11,409 [INFO] [成功读取表 order_data，数据行数：22977]
2025-11-09 23:57:11,522 [INFO] [开始读取数据库表：sales_data]
2025-11-09 23:57:14,883 [INFO] [成功读取表 sales_data，数据行数：24524]
2025-11-09 23:57:16,911 [INFO] [开始读取数据库表：jingpin_data]
2025-11-09 23:57:17,163 [INFO] [成功读取表 jingpin_data，数据行数：4250]
2025-11-09 23:57:17,235 [INFO] [开始读取数据库表：inventory_data]
2025-11-09 23:57:17,762 [INFO] [成功读取表 inventory_data，数据行数：5360]
2025-11-09 23:57:17,762 [INFO] [开始读取数据库表：tuiding_data]
2025-11-09 23:57:17,980 [INFO] [成功读取表 tuiding_data，数据行数：3992]
2025-11-09 23:57:17,980 [INFO] [开始读取数据库表：debit_data]
2025-11-09 23:57:19,975 [INFO] [成功读取表 debit_data，数据行数：23881]
2025-11-09 23:57:20,356 [INFO] [开始读取数据库表：sales_invoice_data]
2025-11-09 23:57:21,592 [INFO] [成功读取表 sales_invoice_data，数据行数：17622]
