2025-12-24 09:00:46,862 [INFO] [数据库引擎创建成功]
2025-12-24 09:00:46,862 [INFO] [开始读取数据库表：order_data]
2025-12-24 09:00:55,406 [INFO] [成功读取表 order_data，数据行数：25526]
2025-12-24 09:00:55,970 [INFO] [开始读取数据库表：sales_data]
2025-12-24 09:01:06,086 [INFO] [成功读取表 sales_data，数据行数：24273]
2025-12-24 09:01:07,975 [INFO] [开始读取数据库表：jingpin_data]
2025-12-24 09:01:08,165 [INFO] [成功读取表 jingpin_data，数据行数：5160]
2025-12-24 09:01:08,255 [INFO] [开始读取数据库表：inventory_data]
2025-12-24 09:01:08,681 [INFO] [成功读取表 inventory_data，数据行数：4138]
2025-12-24 09:01:08,681 [INFO] [开始读取数据库表：tuiding_data]
2025-12-24 09:01:08,903 [INFO] [成功读取表 tuiding_data，数据行数：4761]
2025-12-24 09:01:08,903 [INFO] [开始读取数据库表：debit_data]
2025-12-24 09:01:10,514 [INFO] [成功读取表 debit_data，数据行数：26709]
2025-12-24 09:01:10,866 [INFO] [开始读取数据库表：sales_invoice_data]
2025-12-24 09:01:15,864 [INFO] [成功读取表 sales_invoice_data，数据行数：21848]
2025-12-24 09:33:55,977 [INFO] [数据库引擎创建成功]
2025-12-24 09:33:55,987 [INFO] [开始读取数据库表：order_data]
2025-12-24 09:33:57,602 [INFO] [成功读取表 order_data，数据行数：25527]
2025-12-24 09:33:57,935 [INFO] [开始读取数据库表：sales_data]
2025-12-24 09:34:01,547 [INFO] [成功读取表 sales_data，数据行数：24275]
2025-12-24 09:34:03,168 [INFO] [开始读取数据库表：jingpin_data]
2025-12-24 09:34:03,300 [INFO] [成功读取表 jingpin_data，数据行数：5160]
2025-12-24 09:34:03,350 [INFO] [开始读取数据库表：inventory_data]
2025-12-24 09:34:03,632 [INFO] [成功读取表 inventory_data，数据行数：4138]
2025-12-24 09:34:03,632 [INFO] [开始读取数据库表：tuiding_data]
2025-12-24 09:34:03,798 [INFO] [成功读取表 tuiding_data，数据行数：4762]
2025-12-24 09:34:03,798 [INFO] [开始读取数据库表：debit_data]
2025-12-24 09:34:05,202 [INFO] [成功读取表 debit_data，数据行数：26709]
2025-12-24 09:34:05,481 [INFO] [开始读取数据库表：sales_invoice_data]
2025-12-24 09:34:06,572 [INFO] [成功读取表 sales_invoice_data，数据行数：21848]
2025-12-24 10:01:43,730 [INFO] [数据库引擎创建成功]
2025-12-24 10:01:43,731 [INFO] [开始读取数据库表：order_data]
2025-12-24 10:01:45,191 [INFO] [成功读取表 order_data，数据行数：25532]
2025-12-24 10:01:45,442 [INFO] [开始读取数据库表：sales_data]
2025-12-24 10:01:48,933 [INFO] [成功读取表 sales_data，数据行数：24277]
2025-12-24 10:01:50,626 [INFO] [开始读取数据库表：jingpin_data]
2025-12-24 10:01:50,767 [INFO] [成功读取表 jingpin_data，数据行数：5160]
2025-12-24 10:01:50,821 [INFO] [开始读取数据库表：inventory_data]
2025-12-24 10:01:51,163 [INFO] [成功读取表 inventory_data，数据行数：4138]
2025-12-24 10:01:51,163 [INFO] [开始读取数据库表：tuiding_data]
2025-12-24 10:01:51,350 [INFO] [成功读取表 tuiding_data，数据行数：4762]
2025-12-24 10:01:51,350 [INFO] [开始读取数据库表：debit_data]
2025-12-24 10:01:52,871 [INFO] [成功读取表 debit_data，数据行数：26709]
2025-12-24 10:01:53,162 [INFO] [开始读取数据库表：sales_invoice_data]
2025-12-24 10:01:54,258 [INFO] [成功读取表 sales_invoice_data，数据行数：21850]
2025-12-24 10:31:11,642 [INFO] [数据库引擎创建成功]
2025-12-24 10:31:11,642 [INFO] [开始读取数据库表：order_data]
2025-12-24 10:31:13,040 [INFO] [成功读取表 order_data，数据行数：25542]
2025-12-24 10:31:13,301 [INFO] [开始读取数据库表：sales_data]
2025-12-24 10:31:16,469 [INFO] [成功读取表 sales_data，数据行数：24277]
2025-12-24 10:31:18,116 [INFO] [开始读取数据库表：jingpin_data]
2025-12-24 10:31:18,262 [INFO] [成功读取表 jingpin_data，数据行数：5159]
2025-12-24 10:31:18,316 [INFO] [开始读取数据库表：inventory_data]
2025-12-24 10:31:18,622 [INFO] [成功读取表 inventory_data，数据行数：4138]
2025-12-24 10:31:18,622 [INFO] [开始读取数据库表：tuiding_data]
2025-12-24 10:31:18,808 [INFO] [成功读取表 tuiding_data，数据行数：4762]
2025-12-24 10:31:18,809 [INFO] [开始读取数据库表：debit_data]
2025-12-24 10:31:20,233 [INFO] [成功读取表 debit_data，数据行数：26709]
2025-12-24 10:31:20,552 [INFO] [开始读取数据库表：sales_invoice_data]
2025-12-24 10:31:21,575 [INFO] [成功读取表 sales_invoice_data，数据行数：21850]
2025-12-24 11:02:25,779 [INFO] [数据库引擎创建成功]
2025-12-24 11:02:25,780 [INFO] [开始读取数据库表：order_data]
2025-12-24 11:02:27,307 [INFO] [成功读取表 order_data，数据行数：25549]
2025-12-24 11:02:27,576 [INFO] [开始读取数据库表：sales_data]
2025-12-24 11:02:31,051 [INFO] [成功读取表 sales_data，数据行数：24281]
2025-12-24 11:02:32,733 [INFO] [开始读取数据库表：jingpin_data]
2025-12-24 11:02:32,889 [INFO] [成功读取表 jingpin_data，数据行数：5163]
2025-12-24 11:02:32,946 [INFO] [开始读取数据库表：inventory_data]
2025-12-24 11:02:33,340 [INFO] [成功读取表 inventory_data，数据行数：4137]
2025-12-24 11:02:33,340 [INFO] [开始读取数据库表：tuiding_data]
2025-12-24 11:02:33,562 [INFO] [成功读取表 tuiding_data，数据行数：4762]
2025-12-24 11:02:33,563 [INFO] [开始读取数据库表：debit_data]
2025-12-24 11:02:35,050 [INFO] [成功读取表 debit_data，数据行数：26709]
2025-12-24 11:02:35,378 [INFO] [开始读取数据库表：sales_invoice_data]
2025-12-24 11:02:36,582 [INFO] [成功读取表 sales_invoice_data，数据行数：21852]
2025-12-24 11:32:08,917 [INFO] [数据库引擎创建成功]
2025-12-24 11:32:08,918 [INFO] [开始读取数据库表：order_data]
2025-12-24 11:32:10,275 [INFO] [成功读取表 order_data，数据行数：25549]
2025-12-24 11:32:10,522 [INFO] [开始读取数据库表：sales_data]
2025-12-24 11:32:13,676 [INFO] [成功读取表 sales_data，数据行数：24282]
2025-12-24 11:32:15,199 [INFO] [开始读取数据库表：jingpin_data]
2025-12-24 11:32:15,360 [INFO] [成功读取表 jingpin_data，数据行数：5163]
2025-12-24 11:32:15,412 [INFO] [开始读取数据库表：inventory_data]
2025-12-24 11:32:15,716 [INFO] [成功读取表 inventory_data，数据行数：4133]
2025-12-24 11:32:15,716 [INFO] [开始读取数据库表：tuiding_data]
2025-12-24 11:32:15,903 [INFO] [成功读取表 tuiding_data，数据行数：4764]
2025-12-24 11:32:15,903 [INFO] [开始读取数据库表：debit_data]
2025-12-24 11:32:17,282 [INFO] [成功读取表 debit_data，数据行数：26709]
2025-12-24 11:32:17,592 [INFO] [开始读取数据库表：sales_invoice_data]
2025-12-24 11:32:18,612 [INFO] [成功读取表 sales_invoice_data，数据行数：21851]
2025-12-24 12:02:08,909 [INFO] [数据库引擎创建成功]
2025-12-24 12:02:08,909 [INFO] [开始读取数据库表：order_data]
2025-12-24 12:02:10,608 [INFO] [成功读取表 order_data，数据行数：25550]
2025-12-24 12:02:10,907 [INFO] [开始读取数据库表：sales_data]
2025-12-24 12:02:16,125 [INFO] [成功读取表 sales_data，数据行数：24295]
2025-12-24 12:02:17,972 [INFO] [开始读取数据库表：jingpin_data]
2025-12-24 12:02:18,132 [INFO] [成功读取表 jingpin_data，数据行数：5166]
2025-12-24 12:02:18,188 [INFO] [开始读取数据库表：inventory_data]
2025-12-24 12:02:18,529 [INFO] [成功读取表 inventory_data，数据行数：4121]
2025-12-24 12:02:18,529 [INFO] [开始读取数据库表：tuiding_data]
2025-12-24 12:02:18,723 [INFO] [成功读取表 tuiding_data，数据行数：4765]
2025-12-24 12:02:18,724 [INFO] [开始读取数据库表：debit_data]
2025-12-24 12:02:20,314 [INFO] [成功读取表 debit_data，数据行数：26709]
2025-12-24 12:02:20,602 [INFO] [开始读取数据库表：sales_invoice_data]
2025-12-24 12:02:21,720 [INFO] [成功读取表 sales_invoice_data，数据行数：21863]
2025-12-24 12:30:51,478 [INFO] [数据库引擎创建成功]
2025-12-24 12:30:51,479 [INFO] [开始读取数据库表：order_data]
2025-12-24 12:30:52,987 [INFO] [成功读取表 order_data，数据行数：25554]
2025-12-24 12:30:53,267 [INFO] [开始读取数据库表：sales_data]
2025-12-24 12:30:56,515 [INFO] [成功读取表 sales_data，数据行数：24301]
2025-12-24 12:30:58,194 [INFO] [开始读取数据库表：jingpin_data]
2025-12-24 12:30:58,343 [INFO] [成功读取表 jingpin_data，数据行数：5166]
2025-12-24 12:30:58,417 [INFO] [开始读取数据库表：inventory_data]
2025-12-24 12:30:58,753 [INFO] [成功读取表 inventory_data，数据行数：4119]
2025-12-24 12:30:58,754 [INFO] [开始读取数据库表：tuiding_data]
2025-12-24 12:30:58,968 [INFO] [成功读取表 tuiding_data，数据行数：4766]
2025-12-24 12:30:58,968 [INFO] [开始读取数据库表：debit_data]
2025-12-24 12:31:00,344 [INFO] [成功读取表 debit_data，数据行数：26709]
2025-12-24 12:31:00,645 [INFO] [开始读取数据库表：sales_invoice_data]
2025-12-24 12:31:01,676 [INFO] [成功读取表 sales_invoice_data，数据行数：21869]
2025-12-24 13:00:57,472 [INFO] [数据库引擎创建成功]
2025-12-24 13:00:57,472 [INFO] [开始读取数据库表：order_data]
2025-12-24 13:00:58,885 [INFO] [成功读取表 order_data，数据行数：25562]
2025-12-24 13:00:59,142 [INFO] [开始读取数据库表：sales_data]
2025-12-24 13:01:02,511 [INFO] [成功读取表 sales_data，数据行数：24308]
2025-12-24 13:01:04,203 [INFO] [开始读取数据库表：jingpin_data]
2025-12-24 13:01:04,378 [INFO] [成功读取表 jingpin_data，数据行数：5166]
2025-12-24 13:01:04,439 [INFO] [开始读取数据库表：inventory_data]
2025-12-24 13:01:04,789 [INFO] [成功读取表 inventory_data，数据行数：4112]
2025-12-24 13:01:04,789 [INFO] [开始读取数据库表：tuiding_data]
2025-12-24 13:01:04,968 [INFO] [成功读取表 tuiding_data，数据行数：4766]
2025-12-24 13:01:04,968 [INFO] [开始读取数据库表：debit_data]
2025-12-24 13:01:06,392 [INFO] [成功读取表 debit_data，数据行数：26709]
2025-12-24 13:01:06,715 [INFO] [开始读取数据库表：sales_invoice_data]
2025-12-24 13:01:07,817 [INFO] [成功读取表 sales_invoice_data，数据行数：21875]
2025-12-24 13:31:21,260 [INFO] [数据库引擎创建成功]
2025-12-24 13:31:21,261 [INFO] [开始读取数据库表：order_data]
2025-12-24 13:31:22,694 [INFO] [成功读取表 order_data，数据行数：25568]
2025-12-24 13:31:22,960 [INFO] [开始读取数据库表：sales_data]
2025-12-24 13:31:26,066 [INFO] [成功读取表 sales_data，数据行数：24316]
2025-12-24 13:31:27,733 [INFO] [开始读取数据库表：jingpin_data]
2025-12-24 13:31:27,896 [INFO] [成功读取表 jingpin_data，数据行数：5166]
2025-12-24 13:31:27,965 [INFO] [开始读取数据库表：inventory_data]
2025-12-24 13:31:28,343 [INFO] [成功读取表 inventory_data，数据行数：4104]
2025-12-24 13:31:28,343 [INFO] [开始读取数据库表：tuiding_data]
2025-12-24 13:31:28,573 [INFO] [成功读取表 tuiding_data，数据行数：4768]
2025-12-24 13:31:28,574 [INFO] [开始读取数据库表：debit_data]
2025-12-24 13:31:29,994 [INFO] [成功读取表 debit_data，数据行数：26709]
2025-12-24 13:31:30,317 [INFO] [开始读取数据库表：sales_invoice_data]
2025-12-24 13:31:31,416 [INFO] [成功读取表 sales_invoice_data，数据行数：21883]
2025-12-24 14:02:20,499 [INFO] [数据库引擎创建成功]
2025-12-24 14:02:20,500 [INFO] [开始读取数据库表：order_data]
2025-12-24 14:02:22,295 [INFO] [成功读取表 order_data，数据行数：25578]
2025-12-24 14:02:22,575 [INFO] [开始读取数据库表：sales_data]
2025-12-24 14:02:26,998 [INFO] [成功读取表 sales_data，数据行数：24329]
2025-12-24 14:02:29,065 [INFO] [开始读取数据库表：jingpin_data]
2025-12-24 14:02:29,312 [INFO] [成功读取表 jingpin_data，数据行数：5166]
2025-12-24 14:02:29,408 [INFO] [开始读取数据库表：inventory_data]
2025-12-24 14:02:29,902 [INFO] [成功读取表 inventory_data，数据行数：4104]
2025-12-24 14:02:29,903 [INFO] [开始读取数据库表：tuiding_data]
2025-12-24 14:02:30,168 [INFO] [成功读取表 tuiding_data，数据行数：4769]
2025-12-24 14:02:30,168 [INFO] [开始读取数据库表：debit_data]
2025-12-24 14:02:31,991 [INFO] [成功读取表 debit_data，数据行数：26709]
2025-12-24 14:02:32,365 [INFO] [开始读取数据库表：sales_invoice_data]
2025-12-24 14:02:33,878 [INFO] [成功读取表 sales_invoice_data，数据行数：21895]
2025-12-24 14:31:15,080 [INFO] [数据库引擎创建成功]
2025-12-24 14:31:15,081 [INFO] [开始读取数据库表：order_data]
2025-12-24 14:31:16,520 [INFO] [成功读取表 order_data，数据行数：25596]
2025-12-24 14:31:16,765 [INFO] [开始读取数据库表：sales_data]
2025-12-24 14:31:19,932 [INFO] [成功读取表 sales_data，数据行数：24337]
2025-12-24 14:31:21,814 [INFO] [开始读取数据库表：jingpin_data]
2025-12-24 14:31:22,008 [INFO] [成功读取表 jingpin_data，数据行数：5166]
2025-12-24 14:31:22,085 [INFO] [开始读取数据库表：inventory_data]
2025-12-24 14:31:22,482 [INFO] [成功读取表 inventory_data，数据行数：4085]
2025-12-24 14:31:22,482 [INFO] [开始读取数据库表：tuiding_data]
2025-12-24 14:31:22,718 [INFO] [成功读取表 tuiding_data，数据行数：4774]
2025-12-24 14:31:22,718 [INFO] [开始读取数据库表：debit_data]
2025-12-24 14:31:24,174 [INFO] [成功读取表 debit_data，数据行数：26709]
2025-12-24 14:31:24,533 [INFO] [开始读取数据库表：sales_invoice_data]
2025-12-24 14:31:25,640 [INFO] [成功读取表 sales_invoice_data，数据行数：21901]
2025-12-24 15:01:41,700 [INFO] [数据库引擎创建成功]
2025-12-24 15:01:41,701 [INFO] [开始读取数据库表：order_data]
2025-12-24 15:01:43,113 [INFO] [成功读取表 order_data，数据行数：25603]
2025-12-24 15:01:43,374 [INFO] [开始读取数据库表：sales_data]
2025-12-24 15:01:47,109 [INFO] [成功读取表 sales_data，数据行数：24345]
2025-12-24 15:01:48,828 [INFO] [开始读取数据库表：jingpin_data]
2025-12-24 15:01:48,967 [INFO] [成功读取表 jingpin_data，数据行数：5166]
2025-12-24 15:01:49,029 [INFO] [开始读取数据库表：inventory_data]
2025-12-24 15:01:49,413 [INFO] [成功读取表 inventory_data，数据行数：4077]
2025-12-24 15:01:49,413 [INFO] [开始读取数据库表：tuiding_data]
2025-12-24 15:01:49,639 [INFO] [成功读取表 tuiding_data，数据行数：4774]
2025-12-24 15:01:49,639 [INFO] [开始读取数据库表：debit_data]
2025-12-24 15:01:51,140 [INFO] [成功读取表 debit_data，数据行数：26709]
2025-12-24 15:01:51,444 [INFO] [开始读取数据库表：sales_invoice_data]
2025-12-24 15:01:52,613 [INFO] [成功读取表 sales_invoice_data，数据行数：21909]
2025-12-24 15:32:17,758 [INFO] [数据库引擎创建成功]
2025-12-24 15:32:17,758 [INFO] [开始读取数据库表：order_data]
2025-12-24 15:32:19,378 [INFO] [成功读取表 order_data，数据行数：25609]
2025-12-24 15:32:19,656 [INFO] [开始读取数据库表：sales_data]
2025-12-24 15:32:23,033 [INFO] [成功读取表 sales_data，数据行数：24351]
2025-12-24 15:32:24,715 [INFO] [开始读取数据库表：jingpin_data]
2025-12-24 15:32:24,887 [INFO] [成功读取表 jingpin_data，数据行数：5166]
2025-12-24 15:32:24,946 [INFO] [开始读取数据库表：inventory_data]
2025-12-24 15:32:25,250 [INFO] [成功读取表 inventory_data，数据行数：4077]
2025-12-24 15:32:25,251 [INFO] [开始读取数据库表：tuiding_data]
2025-12-24 15:32:25,429 [INFO] [成功读取表 tuiding_data，数据行数：4774]
2025-12-24 15:32:25,430 [INFO] [开始读取数据库表：debit_data]
2025-12-24 15:32:26,931 [INFO] [成功读取表 debit_data，数据行数：26709]
2025-12-24 15:32:27,240 [INFO] [开始读取数据库表：sales_invoice_data]
2025-12-24 15:32:28,463 [INFO] [成功读取表 sales_invoice_data，数据行数：21915]
2025-12-24 16:00:54,889 [INFO] [数据库引擎创建成功]
2025-12-24 16:00:54,889 [INFO] [开始读取数据库表：order_data]
2025-12-24 16:00:56,443 [INFO] [成功读取表 order_data，数据行数：25615]
2025-12-24 16:00:56,698 [INFO] [开始读取数据库表：sales_data]
2025-12-24 16:01:00,090 [INFO] [成功读取表 sales_data，数据行数：24364]
2025-12-24 16:01:01,744 [INFO] [开始读取数据库表：jingpin_data]
2025-12-24 16:01:01,891 [INFO] [成功读取表 jingpin_data，数据行数：5166]
2025-12-24 16:01:01,959 [INFO] [开始读取数据库表：inventory_data]
2025-12-24 16:01:02,308 [INFO] [成功读取表 inventory_data，数据行数：4057]
2025-12-24 16:01:02,309 [INFO] [开始读取数据库表：tuiding_data]
2025-12-24 16:01:02,520 [INFO] [成功读取表 tuiding_data，数据行数：4774]
2025-12-24 16:01:02,520 [INFO] [开始读取数据库表：debit_data]
2025-12-24 16:01:04,894 [INFO] [成功读取表 debit_data，数据行数：26709]
2025-12-24 16:01:05,270 [INFO] [开始读取数据库表：sales_invoice_data]
2025-12-24 16:01:06,748 [INFO] [成功读取表 sales_invoice_data，数据行数：21924]
2025-12-24 16:31:46,287 [INFO] [数据库引擎创建成功]
2025-12-24 16:31:46,288 [INFO] [开始读取数据库表：order_data]
2025-12-24 16:31:48,182 [INFO] [成功读取表 order_data，数据行数：25623]
2025-12-24 16:31:48,462 [INFO] [开始读取数据库表：sales_data]
2025-12-24 16:31:52,003 [INFO] [成功读取表 sales_data，数据行数：24372]
2025-12-24 16:31:53,514 [INFO] [开始读取数据库表：jingpin_data]
2025-12-24 16:31:53,667 [INFO] [成功读取表 jingpin_data，数据行数：5166]
2025-12-24 16:31:53,716 [INFO] [开始读取数据库表：inventory_data]
2025-12-24 16:31:54,028 [INFO] [成功读取表 inventory_data，数据行数：4048]
2025-12-24 16:31:54,028 [INFO] [开始读取数据库表：tuiding_data]
2025-12-24 16:31:54,217 [INFO] [成功读取表 tuiding_data，数据行数：4774]
2025-12-24 16:31:54,217 [INFO] [开始读取数据库表：debit_data]
2025-12-24 16:31:55,608 [INFO] [成功读取表 debit_data，数据行数：26709]
2025-12-24 16:31:55,926 [INFO] [开始读取数据库表：sales_invoice_data]
2025-12-24 16:31:57,233 [INFO] [成功读取表 sales_invoice_data，数据行数：21930]
2025-12-24 17:01:37,656 [INFO] [数据库引擎创建成功]
2025-12-24 17:01:37,656 [INFO] [开始读取数据库表：order_data]
2025-12-24 17:01:39,331 [INFO] [成功读取表 order_data，数据行数：25625]
2025-12-24 17:01:39,601 [INFO] [开始读取数据库表：sales_data]
2025-12-24 17:01:42,804 [INFO] [成功读取表 sales_data，数据行数：24385]
2025-12-24 17:01:44,548 [INFO] [开始读取数据库表：jingpin_data]
2025-12-24 17:01:44,713 [INFO] [成功读取表 jingpin_data，数据行数：5166]
2025-12-24 17:01:44,772 [INFO] [开始读取数据库表：inventory_data]
2025-12-24 17:01:45,113 [INFO] [成功读取表 inventory_data，数据行数：4037]
2025-12-24 17:01:45,113 [INFO] [开始读取数据库表：tuiding_data]
2025-12-24 17:01:45,299 [INFO] [成功读取表 tuiding_data，数据行数：4774]
2025-12-24 17:01:45,299 [INFO] [开始读取数据库表：debit_data]
2025-12-24 17:01:46,734 [INFO] [成功读取表 debit_data，数据行数：26709]
2025-12-24 17:01:47,055 [INFO] [开始读取数据库表：sales_invoice_data]
2025-12-24 17:01:48,194 [INFO] [成功读取表 sales_invoice_data，数据行数：21943]
2025-12-24 17:32:50,140 [INFO] [数据库引擎创建成功]
2025-12-24 17:32:50,141 [INFO] [开始读取数据库表：order_data]
2025-12-24 17:32:53,913 [INFO] [成功读取表 order_data，数据行数：25627]
2025-12-24 17:32:54,220 [INFO] [开始读取数据库表：sales_data]
2025-12-24 17:32:57,667 [INFO] [成功读取表 sales_data，数据行数：24391]
2025-12-24 17:32:59,481 [INFO] [开始读取数据库表：jingpin_data]
2025-12-24 17:32:59,623 [INFO] [成功读取表 jingpin_data，数据行数：5166]
2025-12-24 17:32:59,676 [INFO] [开始读取数据库表：inventory_data]
2025-12-24 17:32:59,997 [INFO] [成功读取表 inventory_data，数据行数：4031]
2025-12-24 17:32:59,997 [INFO] [开始读取数据库表：tuiding_data]
2025-12-24 17:33:00,214 [INFO] [成功读取表 tuiding_data，数据行数：4781]
2025-12-24 17:33:00,214 [INFO] [开始读取数据库表：debit_data]
2025-12-24 17:33:01,618 [INFO] [成功读取表 debit_data，数据行数：26709]
2025-12-24 17:33:01,882 [INFO] [开始读取数据库表：sales_invoice_data]
2025-12-24 17:33:02,963 [INFO] [成功读取表 sales_invoice_data，数据行数：21949]
2025-12-24 18:01:34,559 [INFO] [数据库引擎创建成功]
2025-12-24 18:01:34,560 [INFO] [开始读取数据库表：order_data]
2025-12-24 18:01:36,506 [INFO] [成功读取表 order_data，数据行数：25632]
2025-12-24 18:01:36,874 [INFO] [开始读取数据库表：sales_data]
2025-12-24 18:01:41,392 [INFO] [成功读取表 sales_data，数据行数：24397]
2025-12-24 18:01:43,354 [INFO] [开始读取数据库表：jingpin_data]
2025-12-24 18:01:43,548 [INFO] [成功读取表 jingpin_data，数据行数：5166]
2025-12-24 18:01:43,629 [INFO] [开始读取数据库表：inventory_data]
2025-12-24 18:01:44,101 [INFO] [成功读取表 inventory_data，数据行数：4028]
2025-12-24 18:01:44,101 [INFO] [开始读取数据库表：tuiding_data]
2025-12-24 18:01:44,323 [INFO] [成功读取表 tuiding_data，数据行数：4781]
2025-12-24 18:01:44,323 [INFO] [开始读取数据库表：debit_data]
2025-12-24 18:01:45,768 [INFO] [成功读取表 debit_data，数据行数：26709]
2025-12-24 18:01:46,109 [INFO] [开始读取数据库表：sales_invoice_data]
2025-12-24 18:01:47,412 [INFO] [成功读取表 sales_invoice_data，数据行数：21955]
2025-12-24 18:27:54,525 [INFO] [数据库引擎创建成功]
2025-12-24 18:27:54,525 [INFO] [开始读取数据库表：order_data]
2025-12-24 18:27:55,368 [INFO] [成功读取表 order_data，数据行数：25634]
2025-12-24 18:27:55,539 [INFO] [开始读取数据库表：sales_data]
2025-12-24 18:27:57,347 [INFO] [成功读取表 sales_data，数据行数：24401]
2025-12-24 18:27:58,331 [INFO] [开始读取数据库表：jingpin_data]
2025-12-24 18:27:58,423 [INFO] [成功读取表 jingpin_data，数据行数：5166]
2025-12-24 18:27:58,456 [INFO] [开始读取数据库表：inventory_data]
2025-12-24 18:27:58,621 [INFO] [成功读取表 inventory_data，数据行数：4025]
2025-12-24 18:27:58,621 [INFO] [开始读取数据库表：tuiding_data]
2025-12-24 18:27:58,711 [INFO] [成功读取表 tuiding_data，数据行数：4781]
2025-12-24 18:27:58,711 [INFO] [开始读取数据库表：debit_data]
2025-12-24 18:27:59,462 [INFO] [成功读取表 debit_data，数据行数：26709]
2025-12-24 18:27:59,652 [INFO] [开始读取数据库表：sales_invoice_data]
2025-12-24 18:28:00,215 [INFO] [成功读取表 sales_invoice_data，数据行数：21959]
2025-12-24 18:57:52,952 [INFO] [数据库引擎创建成功]
2025-12-24 18:57:52,952 [INFO] [开始读取数据库表：order_data]
2025-12-24 18:57:54,012 [INFO] [成功读取表 order_data，数据行数：25635]
2025-12-24 18:57:54,209 [INFO] [开始读取数据库表：sales_data]
2025-12-24 18:57:56,436 [INFO] [成功读取表 sales_data，数据行数：24401]
2025-12-24 18:57:57,564 [INFO] [开始读取数据库表：jingpin_data]
2025-12-24 18:57:57,652 [INFO] [成功读取表 jingpin_data，数据行数：5166]
2025-12-24 18:57:57,685 [INFO] [开始读取数据库表：inventory_data]
2025-12-24 18:57:57,878 [INFO] [成功读取表 inventory_data，数据行数：4025]
2025-12-24 18:57:57,878 [INFO] [开始读取数据库表：tuiding_data]
2025-12-24 18:57:57,991 [INFO] [成功读取表 tuiding_data，数据行数：4781]
2025-12-24 18:57:57,991 [INFO] [开始读取数据库表：debit_data]
2025-12-24 18:57:58,884 [INFO] [成功读取表 debit_data，数据行数：26709]
2025-12-24 18:57:59,092 [INFO] [开始读取数据库表：sales_invoice_data]
2025-12-24 18:57:59,602 [INFO] [成功读取表 sales_invoice_data，数据行数：21959]
2025-12-24 19:30:51,137 [INFO] [数据库引擎创建成功]
2025-12-24 19:30:51,137 [INFO] [开始读取数据库表：order_data]
2025-12-24 19:30:52,722 [INFO] [成功读取表 order_data，数据行数：25637]
2025-12-24 19:30:52,982 [INFO] [开始读取数据库表：sales_data]
2025-12-24 19:30:56,386 [INFO] [成功读取表 sales_data，数据行数：24403]
2025-12-24 19:30:58,163 [INFO] [开始读取数据库表：jingpin_data]
2025-12-24 19:30:58,306 [INFO] [成功读取表 jingpin_data，数据行数：5166]
2025-12-24 19:30:58,361 [INFO] [开始读取数据库表：inventory_data]
2025-12-24 19:30:58,718 [INFO] [成功读取表 inventory_data，数据行数：4023]
2025-12-24 19:30:58,719 [INFO] [开始读取数据库表：tuiding_data]
2025-12-24 19:30:58,960 [INFO] [成功读取表 tuiding_data，数据行数：4781]
2025-12-24 19:30:58,960 [INFO] [开始读取数据库表：debit_data]
2025-12-24 19:31:00,522 [INFO] [成功读取表 debit_data，数据行数：26709]
2025-12-24 19:31:00,897 [INFO] [开始读取数据库表：sales_invoice_data]
2025-12-24 19:31:02,033 [INFO] [成功读取表 sales_invoice_data，数据行数：21961]
2025-12-24 20:00:25,146 [INFO] [数据库引擎创建成功]
2025-12-24 20:00:25,147 [INFO] [开始读取数据库表：order_data]
2025-12-24 20:00:26,568 [INFO] [成功读取表 order_data，数据行数：25637]
2025-12-24 20:00:26,866 [INFO] [开始读取数据库表：sales_data]
2025-12-24 20:00:30,076 [INFO] [成功读取表 sales_data，数据行数：24403]
2025-12-24 20:00:31,840 [INFO] [开始读取数据库表：jingpin_data]
2025-12-24 20:00:32,008 [INFO] [成功读取表 jingpin_data，数据行数：5166]
2025-12-24 20:00:32,063 [INFO] [开始读取数据库表：inventory_data]
2025-12-24 20:00:32,398 [INFO] [成功读取表 inventory_data，数据行数：4023]
2025-12-24 20:00:32,399 [INFO] [开始读取数据库表：tuiding_data]
2025-12-24 20:00:32,659 [INFO] [成功读取表 tuiding_data，数据行数：4781]
2025-12-24 20:00:32,659 [INFO] [开始读取数据库表：debit_data]
2025-12-24 20:00:34,308 [INFO] [成功读取表 debit_data，数据行数：26709]
2025-12-24 20:00:34,606 [INFO] [开始读取数据库表：sales_invoice_data]
2025-12-24 20:00:35,692 [INFO] [成功读取表 sales_invoice_data，数据行数：21961]
2025-12-24 20:30:35,384 [INFO] [数据库引擎创建成功]
2025-12-24 20:30:35,385 [INFO] [开始读取数据库表：order_data]
2025-12-24 20:30:36,926 [INFO] [成功读取表 order_data，数据行数：25637]
2025-12-24 20:30:37,197 [INFO] [开始读取数据库表：sales_data]
2025-12-24 20:30:40,675 [INFO] [成功读取表 sales_data，数据行数：24404]
2025-12-24 20:30:42,328 [INFO] [开始读取数据库表：jingpin_data]
2025-12-24 20:30:42,528 [INFO] [成功读取表 jingpin_data，数据行数：5166]
2025-12-24 20:30:42,591 [INFO] [开始读取数据库表：inventory_data]
2025-12-24 20:30:42,972 [INFO] [成功读取表 inventory_data，数据行数：4022]
2025-12-24 20:30:42,972 [INFO] [开始读取数据库表：tuiding_data]
2025-12-24 20:30:43,205 [INFO] [成功读取表 tuiding_data，数据行数：4781]
2025-12-24 20:30:43,205 [INFO] [开始读取数据库表：debit_data]
2025-12-24 20:30:44,697 [INFO] [成功读取表 debit_data，数据行数：26709]
2025-12-24 20:30:45,024 [INFO] [开始读取数据库表：sales_invoice_data]
2025-12-24 20:30:46,128 [INFO] [成功读取表 sales_invoice_data，数据行数：21962]
2025-12-24 21:00:30,482 [INFO] [数据库引擎创建成功]
2025-12-24 21:00:30,482 [INFO] [开始读取数据库表：order_data]
2025-12-24 21:00:31,856 [INFO] [成功读取表 order_data，数据行数：25637]
2025-12-24 21:00:32,118 [INFO] [开始读取数据库表：sales_data]
2025-12-24 21:00:35,310 [INFO] [成功读取表 sales_data，数据行数：24404]
2025-12-24 21:00:36,882 [INFO] [开始读取数据库表：jingpin_data]
2025-12-24 21:00:37,028 [INFO] [成功读取表 jingpin_data，数据行数：5166]
2025-12-24 21:00:37,079 [INFO] [开始读取数据库表：inventory_data]
2025-12-24 21:00:37,402 [INFO] [成功读取表 inventory_data，数据行数：4022]
2025-12-24 21:00:37,403 [INFO] [开始读取数据库表：tuiding_data]
2025-12-24 21:00:37,617 [INFO] [成功读取表 tuiding_data，数据行数：4781]
2025-12-24 21:00:37,617 [INFO] [开始读取数据库表：debit_data]
2025-12-24 21:00:39,103 [INFO] [成功读取表 debit_data，数据行数：26709]
2025-12-24 21:00:39,416 [INFO] [开始读取数据库表：sales_invoice_data]
2025-12-24 21:00:40,512 [INFO] [成功读取表 sales_invoice_data，数据行数：21962]
2025-12-24 21:30:50,564 [INFO] [数据库引擎创建成功]
2025-12-24 21:30:50,574 [INFO] [开始读取数据库表：order_data]
2025-12-24 21:30:52,058 [INFO] [成功读取表 order_data，数据行数：25637]
2025-12-24 21:30:52,306 [INFO] [开始读取数据库表：sales_data]
2025-12-24 21:30:55,730 [INFO] [成功读取表 sales_data，数据行数：24404]
2025-12-24 21:30:57,532 [INFO] [开始读取数据库表：jingpin_data]
2025-12-24 21:30:57,715 [INFO] [成功读取表 jingpin_data，数据行数：5166]
2025-12-24 21:30:57,784 [INFO] [开始读取数据库表：inventory_data]
2025-12-24 21:30:58,142 [INFO] [成功读取表 inventory_data，数据行数：4120]
2025-12-24 21:30:58,142 [INFO] [开始读取数据库表：tuiding_data]
2025-12-24 21:30:58,359 [INFO] [成功读取表 tuiding_data，数据行数：4785]
2025-12-24 21:30:58,360 [INFO] [开始读取数据库表：debit_data]
2025-12-24 21:30:59,956 [INFO] [成功读取表 debit_data，数据行数：26806]
2025-12-24 21:31:00,315 [INFO] [开始读取数据库表：sales_invoice_data]
2025-12-24 21:31:01,490 [INFO] [成功读取表 sales_invoice_data，数据行数：21962]
2025-12-24 22:00:49,259 [INFO] [数据库引擎创建成功]
2025-12-24 22:00:49,259 [INFO] [开始读取数据库表：order_data]
2025-12-24 22:00:50,758 [INFO] [成功读取表 order_data，数据行数：25637]
2025-12-24 22:00:51,039 [INFO] [开始读取数据库表：sales_data]
2025-12-24 22:00:54,462 [INFO] [成功读取表 sales_data，数据行数：24404]
2025-12-24 22:00:56,194 [INFO] [开始读取数据库表：jingpin_data]
2025-12-24 22:00:56,372 [INFO] [成功读取表 jingpin_data，数据行数：5166]
2025-12-24 22:00:56,431 [INFO] [开始读取数据库表：inventory_data]
2025-12-24 22:00:56,804 [INFO] [成功读取表 inventory_data，数据行数：4120]
2025-12-24 22:00:56,804 [INFO] [开始读取数据库表：tuiding_data]
2025-12-24 22:00:56,990 [INFO] [成功读取表 tuiding_data，数据行数：4785]
2025-12-24 22:00:56,990 [INFO] [开始读取数据库表：debit_data]
2025-12-24 22:00:58,405 [INFO] [成功读取表 debit_data，数据行数：26888]
2025-12-24 22:00:58,706 [INFO] [开始读取数据库表：sales_invoice_data]
2025-12-24 22:00:59,806 [INFO] [成功读取表 sales_invoice_data，数据行数：21962]
