2025-11-13 07:07:07,793 [INFO] [数据库引擎创建成功]
2025-11-13 07:07:07,793 [INFO] [开始读取数据库表：order_data]
2025-11-13 07:07:09,067 [INFO] [成功读取表 order_data，数据行数：23169]
2025-11-13 07:07:09,399 [INFO] [开始读取数据库表：sales_data]
2025-11-13 07:07:15,487 [INFO] [成功读取表 sales_data，数据行数：24915]
2025-11-13 07:07:17,530 [INFO] [开始读取数据库表：jingpin_data]
2025-11-13 07:07:17,796 [INFO] [成功读取表 jingpin_data，数据行数：4346]
2025-11-13 07:07:17,888 [INFO] [开始读取数据库表：inventory_data]
2025-11-13 07:07:18,418 [INFO] [成功读取表 inventory_data，数据行数：5639]
2025-11-13 07:07:18,419 [INFO] [开始读取数据库表：tuiding_data]
2025-11-13 07:07:18,647 [INFO] [成功读取表 tuiding_data，数据行数：4059]
2025-11-13 07:07:18,647 [INFO] [开始读取数据库表：debit_data]
2025-11-13 07:07:22,603 [INFO] [成功读取表 debit_data，数据行数：24370]
2025-11-13 07:07:22,968 [INFO] [开始读取数据库表：sales_invoice_data]
2025-11-13 07:07:24,185 [INFO] [成功读取表 sales_invoice_data，数据行数：17916]
2025-11-13 07:28:46,638 [INFO] [数据库引擎创建成功]
2025-11-13 07:28:46,638 [INFO] [开始读取数据库表：order_data]
2025-11-13 07:28:47,044 [INFO] [成功读取表 order_data，数据行数：23169]
2025-11-13 07:28:47,159 [INFO] [开始读取数据库表：sales_data]
2025-11-13 07:28:50,204 [INFO] [成功读取表 sales_data，数据行数：24915]
2025-11-13 07:28:53,770 [INFO] [开始读取数据库表：jingpin_data]
2025-11-13 07:28:53,951 [INFO] [成功读取表 jingpin_data，数据行数：4346]
2025-11-13 07:28:53,998 [INFO] [开始读取数据库表：inventory_data]
2025-11-13 07:28:54,458 [INFO] [成功读取表 inventory_data，数据行数：5639]
2025-11-13 07:28:54,458 [INFO] [开始读取数据库表：tuiding_data]
2025-11-13 07:28:54,645 [INFO] [成功读取表 tuiding_data，数据行数：4059]
2025-11-13 07:28:54,645 [INFO] [开始读取数据库表：debit_data]
2025-11-13 07:28:56,154 [INFO] [成功读取表 debit_data，数据行数：24370]
2025-11-13 07:28:56,450 [INFO] [开始读取数据库表：sales_invoice_data]
2025-11-13 07:28:57,660 [INFO] [成功读取表 sales_invoice_data，数据行数：17916]
2025-11-13 07:59:06,586 [INFO] [数据库引擎创建成功]
2025-11-13 07:59:06,586 [INFO] [开始读取数据库表：order_data]
2025-11-13 07:59:07,030 [INFO] [成功读取表 order_data，数据行数：23169]
2025-11-13 07:59:07,188 [INFO] [开始读取数据库表：sales_data]
2025-11-13 07:59:10,981 [INFO] [成功读取表 sales_data，数据行数：24915]
2025-11-13 07:59:13,006 [INFO] [开始读取数据库表：jingpin_data]
2025-11-13 07:59:13,272 [INFO] [成功读取表 jingpin_data，数据行数：4346]
2025-11-13 07:59:13,361 [INFO] [开始读取数据库表：inventory_data]
2025-11-13 07:59:13,903 [INFO] [成功读取表 inventory_data，数据行数：5639]
2025-11-13 07:59:13,904 [INFO] [开始读取数据库表：tuiding_data]
2025-11-13 07:59:14,124 [INFO] [成功读取表 tuiding_data，数据行数：4059]
2025-11-13 07:59:14,125 [INFO] [开始读取数据库表：debit_data]
2025-11-13 07:59:16,157 [INFO] [成功读取表 debit_data，数据行数：24370]
2025-11-13 07:59:16,546 [INFO] [开始读取数据库表：sales_invoice_data]
2025-11-13 07:59:17,802 [INFO] [成功读取表 sales_invoice_data，数据行数：17916]
2025-11-13 08:28:51,713 [INFO] [数据库引擎创建成功]
2025-11-13 08:28:51,713 [INFO] [开始读取数据库表：order_data]
2025-11-13 08:28:52,167 [INFO] [成功读取表 order_data，数据行数：23170]
2025-11-13 08:28:52,286 [INFO] [开始读取数据库表：sales_data]
2025-11-13 08:28:57,285 [INFO] [成功读取表 sales_data，数据行数：24915]
2025-11-13 08:28:59,225 [INFO] [开始读取数据库表：jingpin_data]
2025-11-13 08:28:59,498 [INFO] [成功读取表 jingpin_data，数据行数：4346]
2025-11-13 08:28:59,570 [INFO] [开始读取数据库表：inventory_data]
2025-11-13 08:29:00,106 [INFO] [成功读取表 inventory_data，数据行数：5639]
2025-11-13 08:29:00,106 [INFO] [开始读取数据库表：tuiding_data]
2025-11-13 08:29:00,325 [INFO] [成功读取表 tuiding_data，数据行数：4059]
2025-11-13 08:29:00,325 [INFO] [开始读取数据库表：debit_data]
2025-11-13 08:29:02,330 [INFO] [成功读取表 debit_data，数据行数：24370]
2025-11-13 08:29:02,714 [INFO] [开始读取数据库表：sales_invoice_data]
2025-11-13 08:29:03,960 [INFO] [成功读取表 sales_invoice_data，数据行数：17916]
2025-11-13 08:59:11,726 [INFO] [数据库引擎创建成功]
2025-11-13 08:59:11,726 [INFO] [开始读取数据库表：order_data]
2025-11-13 08:59:12,130 [INFO] [成功读取表 order_data，数据行数：23170]
2025-11-13 08:59:12,237 [INFO] [开始读取数据库表：sales_data]
2025-11-13 08:59:14,584 [INFO] [成功读取表 sales_data，数据行数：24915]
2025-11-13 08:59:16,555 [INFO] [开始读取数据库表：jingpin_data]
2025-11-13 08:59:16,816 [INFO] [成功读取表 jingpin_data，数据行数：4346]
2025-11-13 08:59:16,889 [INFO] [开始读取数据库表：inventory_data]
2025-11-13 08:59:17,423 [INFO] [成功读取表 inventory_data，数据行数：5639]
2025-11-13 08:59:17,423 [INFO] [开始读取数据库表：tuiding_data]
2025-11-13 08:59:17,639 [INFO] [成功读取表 tuiding_data，数据行数：4059]
2025-11-13 08:59:17,639 [INFO] [开始读取数据库表：debit_data]
2025-11-13 08:59:19,612 [INFO] [成功读取表 debit_data，数据行数：24370]
2025-11-13 08:59:20,012 [INFO] [开始读取数据库表：sales_invoice_data]
2025-11-13 08:59:21,220 [INFO] [成功读取表 sales_invoice_data，数据行数：17916]
2025-11-13 09:29:45,231 [INFO] [数据库引擎创建成功]
2025-11-13 09:29:45,231 [INFO] [开始读取数据库表：order_data]
2025-11-13 09:29:45,642 [INFO] [成功读取表 order_data，数据行数：23170]
2025-11-13 09:29:45,761 [INFO] [开始读取数据库表：sales_data]
2025-11-13 09:29:48,605 [INFO] [成功读取表 sales_data，数据行数：24914]
2025-11-13 09:29:50,636 [INFO] [开始读取数据库表：jingpin_data]
2025-11-13 09:29:50,908 [INFO] [成功读取表 jingpin_data，数据行数：4352]
2025-11-13 09:29:50,982 [INFO] [开始读取数据库表：inventory_data]
2025-11-13 09:29:51,494 [INFO] [成功读取表 inventory_data，数据行数：5638]
2025-11-13 09:29:51,494 [INFO] [开始读取数据库表：tuiding_data]
2025-11-13 09:29:51,716 [INFO] [成功读取表 tuiding_data，数据行数：4059]
2025-11-13 09:29:51,716 [INFO] [开始读取数据库表：debit_data]
2025-11-13 09:29:53,695 [INFO] [成功读取表 debit_data，数据行数：24370]
2025-11-13 09:29:54,073 [INFO] [开始读取数据库表：sales_invoice_data]
2025-11-13 09:29:55,208 [INFO] [成功读取表 sales_invoice_data，数据行数：17917]
2025-11-13 09:59:29,479 [INFO] [数据库引擎创建成功]
2025-11-13 09:59:29,479 [INFO] [开始读取数据库表：order_data]
2025-11-13 09:59:29,948 [INFO] [成功读取表 order_data，数据行数：23172]
2025-11-13 09:59:30,060 [INFO] [开始读取数据库表：sales_data]
2025-11-13 09:59:32,947 [INFO] [成功读取表 sales_data，数据行数：24915]
2025-11-13 09:59:34,950 [INFO] [开始读取数据库表：jingpin_data]
2025-11-13 09:59:35,224 [INFO] [成功读取表 jingpin_data，数据行数：4352]
2025-11-13 09:59:35,298 [INFO] [开始读取数据库表：inventory_data]
2025-11-13 09:59:35,855 [INFO] [成功读取表 inventory_data，数据行数：5637]
2025-11-13 09:59:35,855 [INFO] [开始读取数据库表：tuiding_data]
2025-11-13 09:59:36,085 [INFO] [成功读取表 tuiding_data，数据行数：4059]
2025-11-13 09:59:36,085 [INFO] [开始读取数据库表：debit_data]
2025-11-13 09:59:39,288 [INFO] [成功读取表 debit_data，数据行数：24370]
2025-11-13 09:59:39,664 [INFO] [开始读取数据库表：sales_invoice_data]
2025-11-13 09:59:40,935 [INFO] [成功读取表 sales_invoice_data，数据行数：17917]
2025-11-13 10:30:38,925 [INFO] [数据库引擎创建成功]
2025-11-13 10:30:38,925 [INFO] [开始读取数据库表：order_data]
2025-11-13 10:30:39,350 [INFO] [成功读取表 order_data，数据行数：23175]
2025-11-13 10:30:39,461 [INFO] [开始读取数据库表：sales_data]
2025-11-13 10:30:42,428 [INFO] [成功读取表 sales_data，数据行数：24917]
2025-11-13 10:30:44,370 [INFO] [开始读取数据库表：jingpin_data]
2025-11-13 10:30:44,635 [INFO] [成功读取表 jingpin_data，数据行数：4352]
2025-11-13 10:30:44,704 [INFO] [开始读取数据库表：inventory_data]
2025-11-13 10:30:47,232 [INFO] [成功读取表 inventory_data，数据行数：5635]
2025-11-13 10:30:47,232 [INFO] [开始读取数据库表：tuiding_data]
2025-11-13 10:30:47,410 [INFO] [成功读取表 tuiding_data，数据行数：4059]
2025-11-13 10:30:47,410 [INFO] [开始读取数据库表：debit_data]
2025-11-13 10:30:49,216 [INFO] [成功读取表 debit_data，数据行数：24370]
2025-11-13 10:30:49,601 [INFO] [开始读取数据库表：sales_invoice_data]
2025-11-13 10:30:50,801 [INFO] [成功读取表 sales_invoice_data，数据行数：17919]
2025-11-13 10:57:21,391 [INFO] [数据库引擎创建成功]
2025-11-13 10:57:21,391 [INFO] [开始读取数据库表：order_data]
2025-11-13 10:57:21,927 [INFO] [成功读取表 order_data，数据行数：23177]
2025-11-13 10:57:22,085 [INFO] [开始读取数据库表：sales_data]
2025-11-13 10:57:24,068 [INFO] [成功读取表 sales_data，数据行数：24920]
2025-11-13 10:57:24,829 [INFO] [开始读取数据库表：jingpin_data]
2025-11-13 10:57:24,907 [INFO] [成功读取表 jingpin_data，数据行数：4353]
2025-11-13 10:57:24,934 [INFO] [开始读取数据库表：inventory_data]
2025-11-13 10:57:25,086 [INFO] [成功读取表 inventory_data，数据行数：5634]
2025-11-13 10:57:25,086 [INFO] [开始读取数据库表：tuiding_data]
2025-11-13 10:57:25,145 [INFO] [成功读取表 tuiding_data，数据行数：4059]
2025-11-13 10:57:25,145 [INFO] [开始读取数据库表：debit_data]
2025-11-13 10:57:25,768 [INFO] [成功读取表 debit_data，数据行数：24370]
2025-11-13 10:57:25,942 [INFO] [开始读取数据库表：sales_invoice_data]
2025-11-13 10:57:26,341 [INFO] [成功读取表 sales_invoice_data，数据行数：17921]
2025-11-13 11:27:35,106 [INFO] [数据库引擎创建成功]
2025-11-13 11:27:35,106 [INFO] [开始读取数据库表：order_data]
2025-11-13 11:27:35,540 [INFO] [成功读取表 order_data，数据行数：23179]
2025-11-13 11:27:35,647 [INFO] [开始读取数据库表：sales_data]
2025-11-13 11:27:36,596 [INFO] [成功读取表 sales_data，数据行数：15269]
2025-11-13 11:27:37,298 [INFO] [开始读取数据库表：jingpin_data]
2025-11-13 11:27:37,337 [INFO] [成功读取表 jingpin_data，数据行数：1528]
2025-11-13 11:27:37,360 [INFO] [开始读取数据库表：inventory_data]
2025-11-13 11:27:37,503 [INFO] [成功读取表 inventory_data，数据行数：5631]
2025-11-13 11:27:37,503 [INFO] [开始读取数据库表：tuiding_data]
2025-11-13 11:27:37,532 [INFO] [成功读取表 tuiding_data，数据行数：2065]
2025-11-13 11:27:37,532 [INFO] [开始读取数据库表：debit_data]
2025-11-13 11:27:38,065 [INFO] [成功读取表 debit_data，数据行数：24370]
2025-11-13 11:27:38,186 [INFO] [开始读取数据库表：sales_invoice_data]
2025-11-13 11:27:38,339 [INFO] [成功读取表 sales_invoice_data，数据行数：8647]
2025-11-13 11:44:46,978 [INFO] [数据库引擎创建成功]
2025-11-13 11:44:46,978 [INFO] [开始读取数据库表：order_data]
2025-11-13 11:44:47,422 [INFO] [成功读取表 order_data，数据行数：23183]
2025-11-13 11:44:47,529 [INFO] [开始读取数据库表：sales_data]
2025-11-13 11:44:49,359 [INFO] [成功读取表 sales_data，数据行数：24925]
2025-11-13 11:44:50,044 [INFO] [开始读取数据库表：jingpin_data]
2025-11-13 11:44:50,107 [INFO] [成功读取表 jingpin_data，数据行数：4358]
2025-11-13 11:44:50,131 [INFO] [开始读取数据库表：inventory_data]
2025-11-13 11:44:50,265 [INFO] [成功读取表 inventory_data，数据行数：5629]
2025-11-13 11:44:50,265 [INFO] [开始读取数据库表：tuiding_data]
2025-11-13 11:44:50,316 [INFO] [成功读取表 tuiding_data，数据行数：4061]
2025-11-13 11:44:50,316 [INFO] [开始读取数据库表：debit_data]
2025-11-13 11:44:50,827 [INFO] [成功读取表 debit_data，数据行数：24370]
2025-11-13 11:44:50,957 [INFO] [开始读取数据库表：sales_invoice_data]
2025-11-13 11:44:51,264 [INFO] [成功读取表 sales_invoice_data，数据行数：17926]
2025-11-13 11:58:06,252 [INFO] [数据库引擎创建成功]
2025-11-13 11:58:06,252 [INFO] [开始读取数据库表：order_data]
2025-11-13 11:58:06,781 [INFO] [成功读取表 order_data，数据行数：23183]
2025-11-13 11:58:06,922 [INFO] [开始读取数据库表：sales_data]
2025-11-13 11:58:09,340 [INFO] [成功读取表 sales_data，数据行数：24926]
2025-11-13 11:58:10,162 [INFO] [开始读取数据库表：jingpin_data]
2025-11-13 11:58:10,240 [INFO] [成功读取表 jingpin_data，数据行数：4358]
2025-11-13 11:58:10,274 [INFO] [开始读取数据库表：inventory_data]
2025-11-13 11:58:10,459 [INFO] [成功读取表 inventory_data，数据行数：5647]
2025-11-13 11:58:10,459 [INFO] [开始读取数据库表：tuiding_data]
2025-11-13 11:58:10,538 [INFO] [成功读取表 tuiding_data，数据行数：4062]
2025-11-13 11:58:10,538 [INFO] [开始读取数据库表：debit_data]
2025-11-13 11:58:15,603 [INFO] [成功读取表 debit_data，数据行数：24386]
2025-11-13 11:58:15,954 [INFO] [开始读取数据库表：sales_invoice_data]
2025-11-13 11:58:16,983 [INFO] [成功读取表 sales_invoice_data，数据行数：17926]
2025-11-13 12:31:40,541 [INFO] [数据库引擎创建成功]
2025-11-13 12:31:40,541 [INFO] [开始读取数据库表：order_data]
2025-11-13 12:31:40,989 [INFO] [成功读取表 order_data，数据行数：23183]
2025-11-13 12:31:41,115 [INFO] [开始读取数据库表：sales_data]
2025-11-13 12:31:43,127 [INFO] [成功读取表 sales_data，数据行数：24929]
2025-11-13 12:31:45,066 [INFO] [开始读取数据库表：jingpin_data]
2025-11-13 12:31:45,137 [INFO] [成功读取表 jingpin_data，数据行数：4358]
2025-11-13 12:31:45,175 [INFO] [开始读取数据库表：inventory_data]
2025-11-13 12:31:45,495 [INFO] [成功读取表 inventory_data，数据行数：5647]
2025-11-13 12:31:45,495 [INFO] [开始读取数据库表：tuiding_data]
2025-11-13 12:31:45,652 [INFO] [成功读取表 tuiding_data，数据行数：4062]
2025-11-13 12:31:45,652 [INFO] [开始读取数据库表：debit_data]
2025-11-13 12:31:47,132 [INFO] [成功读取表 debit_data，数据行数：24386]
2025-11-13 12:31:47,422 [INFO] [开始读取数据库表：sales_invoice_data]
2025-11-13 12:31:48,283 [INFO] [成功读取表 sales_invoice_data，数据行数：17926]
2025-11-13 13:58:42,506 [INFO] [数据库引擎创建成功]
2025-11-13 13:58:42,515 [INFO] [开始读取数据库表：order_data]
2025-11-13 13:58:43,134 [INFO] [成功读取表 order_data，数据行数：23186]
2025-11-13 13:58:43,295 [INFO] [开始读取数据库表：sales_data]
2025-11-13 13:58:46,562 [INFO] [成功读取表 sales_data，数据行数：24939]
2025-11-13 13:58:47,895 [INFO] [开始读取数据库表：jingpin_data]
2025-11-13 13:58:48,100 [INFO] [成功读取表 jingpin_data，数据行数：4372]
2025-11-13 13:58:48,154 [INFO] [开始读取数据库表：inventory_data]
2025-11-13 13:58:48,590 [INFO] [成功读取表 inventory_data，数据行数：5675]
2025-11-13 13:58:48,591 [INFO] [开始读取数据库表：tuiding_data]
2025-11-13 13:58:48,775 [INFO] [成功读取表 tuiding_data，数据行数：4065]
2025-11-13 13:58:48,775 [INFO] [开始读取数据库表：debit_data]
2025-11-13 13:58:50,280 [INFO] [成功读取表 debit_data，数据行数：24469]
2025-11-13 13:58:50,617 [INFO] [开始读取数据库表：sales_invoice_data]
2025-11-13 13:58:51,535 [INFO] [成功读取表 sales_invoice_data，数据行数：17938]
2025-11-13 14:29:09,907 [INFO] [数据库引擎创建成功]
2025-11-13 14:29:09,907 [INFO] [开始读取数据库表：order_data]
2025-11-13 14:29:10,543 [INFO] [成功读取表 order_data，数据行数：23187]
2025-11-13 14:29:10,726 [INFO] [开始读取数据库表：sales_data]
2025-11-13 14:29:14,029 [INFO] [成功读取表 sales_data，数据行数：24942]
2025-11-13 14:29:17,438 [INFO] [开始读取数据库表：jingpin_data]
2025-11-13 14:29:17,681 [INFO] [成功读取表 jingpin_data，数据行数：4372]
2025-11-13 14:29:17,733 [INFO] [开始读取数据库表：inventory_data]
2025-11-13 14:29:18,223 [INFO] [成功读取表 inventory_data，数据行数：5671]
2025-11-13 14:29:18,223 [INFO] [开始读取数据库表：tuiding_data]
2025-11-13 14:29:18,387 [INFO] [成功读取表 tuiding_data，数据行数：4066]
2025-11-13 14:29:18,387 [INFO] [开始读取数据库表：debit_data]
2025-11-13 14:29:20,624 [INFO] [成功读取表 debit_data，数据行数：24469]
2025-11-13 14:29:21,103 [INFO] [开始读取数据库表：sales_invoice_data]
2025-11-13 14:29:22,376 [INFO] [成功读取表 sales_invoice_data，数据行数：17941]
2025-11-13 14:58:50,192 [INFO] [数据库引擎创建成功]
2025-11-13 14:58:50,192 [INFO] [开始读取数据库表：order_data]
2025-11-13 14:58:50,618 [INFO] [成功读取表 order_data，数据行数：23188]
2025-11-13 14:58:50,735 [INFO] [开始读取数据库表：sales_data]
2025-11-13 14:58:52,774 [INFO] [成功读取表 sales_data，数据行数：24947]
2025-11-13 14:58:53,565 [INFO] [开始读取数据库表：jingpin_data]
2025-11-13 14:58:53,630 [INFO] [成功读取表 jingpin_data，数据行数：4376]
2025-11-13 14:58:53,655 [INFO] [开始读取数据库表：inventory_data]
2025-11-13 14:58:53,795 [INFO] [成功读取表 inventory_data，数据行数：5666]
2025-11-13 14:58:53,795 [INFO] [开始读取数据库表：tuiding_data]
2025-11-13 14:58:53,857 [INFO] [成功读取表 tuiding_data，数据行数：4066]
2025-11-13 14:58:53,857 [INFO] [开始读取数据库表：debit_data]
2025-11-13 14:58:54,376 [INFO] [成功读取表 debit_data，数据行数：24469]
2025-11-13 14:58:54,500 [INFO] [开始读取数据库表：sales_invoice_data]
2025-11-13 14:58:54,819 [INFO] [成功读取表 sales_invoice_data，数据行数：17947]
2025-11-13 15:28:23,586 [INFO] [数据库引擎创建成功]
2025-11-13 15:28:23,586 [INFO] [开始读取数据库表：order_data]
2025-11-13 15:28:24,007 [INFO] [成功读取表 order_data，数据行数：23190]
2025-11-13 15:28:24,121 [INFO] [开始读取数据库表：sales_data]
2025-11-13 15:28:25,949 [INFO] [成功读取表 sales_data，数据行数：24948]
2025-11-13 15:28:26,634 [INFO] [开始读取数据库表：jingpin_data]
2025-11-13 15:28:26,705 [INFO] [成功读取表 jingpin_data，数据行数：4377]
2025-11-13 15:28:26,728 [INFO] [开始读取数据库表：inventory_data]
2025-11-13 15:28:26,873 [INFO] [成功读取表 inventory_data，数据行数：5662]
2025-11-13 15:28:26,873 [INFO] [开始读取数据库表：tuiding_data]
2025-11-13 15:28:26,924 [INFO] [成功读取表 tuiding_data，数据行数：4067]
2025-11-13 15:28:26,924 [INFO] [开始读取数据库表：debit_data]
2025-11-13 15:28:27,434 [INFO] [成功读取表 debit_data，数据行数：24469]
2025-11-13 15:28:27,566 [INFO] [开始读取数据库表：sales_invoice_data]
2025-11-13 15:28:27,878 [INFO] [成功读取表 sales_invoice_data，数据行数：17949]
2025-11-13 16:01:11,265 [INFO] [数据库引擎创建成功]
2025-11-13 16:01:11,265 [INFO] [开始读取数据库表：order_data]
2025-11-13 16:01:11,856 [INFO] [成功读取表 order_data，数据行数：23193]
2025-11-13 16:01:11,990 [INFO] [开始读取数据库表：sales_data]
2025-11-13 16:01:14,231 [INFO] [成功读取表 sales_data，数据行数：24953]
2025-11-13 16:01:15,084 [INFO] [开始读取数据库表：jingpin_data]
2025-11-13 16:01:15,177 [INFO] [成功读取表 jingpin_data，数据行数：4378]
2025-11-13 16:01:15,211 [INFO] [开始读取数据库表：inventory_data]
2025-11-13 16:01:15,448 [INFO] [成功读取表 inventory_data，数据行数：5656]
2025-11-13 16:01:15,449 [INFO] [开始读取数据库表：tuiding_data]
2025-11-13 16:01:15,538 [INFO] [成功读取表 tuiding_data，数据行数：4068]
2025-11-13 16:01:15,538 [INFO] [开始读取数据库表：debit_data]
2025-11-13 16:01:21,144 [INFO] [成功读取表 debit_data，数据行数：24469]
2025-11-13 16:01:21,517 [INFO] [开始读取数据库表：sales_invoice_data]
2025-11-13 16:01:22,473 [INFO] [成功读取表 sales_invoice_data，数据行数：17954]
2025-11-13 16:29:50,823 [INFO] [数据库引擎创建成功]
2025-11-13 16:29:50,823 [INFO] [开始读取数据库表：order_data]
2025-11-13 16:29:51,349 [INFO] [成功读取表 order_data，数据行数：23195]
2025-11-13 16:29:51,480 [INFO] [开始读取数据库表：sales_data]
2025-11-13 16:29:53,853 [INFO] [成功读取表 sales_data，数据行数：24957]
2025-11-13 16:29:54,643 [INFO] [开始读取数据库表：jingpin_data]
2025-11-13 16:29:54,722 [INFO] [成功读取表 jingpin_data，数据行数：4380]
2025-11-13 16:29:54,761 [INFO] [开始读取数据库表：inventory_data]
2025-11-13 16:29:54,946 [INFO] [成功读取表 inventory_data，数据行数：5653]
2025-11-13 16:29:54,946 [INFO] [开始读取数据库表：tuiding_data]
2025-11-13 16:29:55,014 [INFO] [成功读取表 tuiding_data，数据行数：4068]
2025-11-13 16:29:55,015 [INFO] [开始读取数据库表：debit_data]
2025-11-13 16:29:55,887 [INFO] [成功读取表 debit_data，数据行数：24469]
2025-11-13 16:29:56,212 [INFO] [开始读取数据库表：sales_invoice_data]
2025-11-13 16:29:57,159 [INFO] [成功读取表 sales_invoice_data，数据行数：17957]
2025-11-13 16:59:23,374 [INFO] [数据库引擎创建成功]
2025-11-13 16:59:23,374 [INFO] [开始读取数据库表：order_data]
2025-11-13 16:59:23,935 [INFO] [成功读取表 order_data，数据行数：23200]
2025-11-13 16:59:24,085 [INFO] [开始读取数据库表：sales_data]
2025-11-13 16:59:26,512 [INFO] [成功读取表 sales_data，数据行数：24964]
2025-11-13 16:59:27,399 [INFO] [开始读取数据库表：jingpin_data]
2025-11-13 16:59:27,488 [INFO] [成功读取表 jingpin_data，数据行数：4380]
2025-11-13 16:59:27,522 [INFO] [开始读取数据库表：inventory_data]
2025-11-13 16:59:27,712 [INFO] [成功读取表 inventory_data，数据行数：5647]
2025-11-13 16:59:27,712 [INFO] [开始读取数据库表：tuiding_data]
2025-11-13 16:59:27,785 [INFO] [成功读取表 tuiding_data，数据行数：4068]
2025-11-13 16:59:27,785 [INFO] [开始读取数据库表：debit_data]
2025-11-13 16:59:28,982 [INFO] [成功读取表 debit_data，数据行数：24469]
2025-11-13 16:59:29,320 [INFO] [开始读取数据库表：sales_invoice_data]
2025-11-13 16:59:30,270 [INFO] [成功读取表 sales_invoice_data，数据行数：17964]
2025-11-13 17:28:41,259 [INFO] [数据库引擎创建成功]
2025-11-13 17:28:41,259 [INFO] [开始读取数据库表：order_data]
2025-11-13 17:28:41,689 [INFO] [成功读取表 order_data，数据行数：23208]
2025-11-13 17:28:41,803 [INFO] [开始读取数据库表：sales_data]
2025-11-13 17:28:43,694 [INFO] [成功读取表 sales_data，数据行数：24966]
2025-11-13 17:28:44,383 [INFO] [开始读取数据库表：jingpin_data]
2025-11-13 17:28:44,445 [INFO] [成功读取表 jingpin_data，数据行数：4381]
2025-11-13 17:28:44,468 [INFO] [开始读取数据库表：inventory_data]
2025-11-13 17:28:44,607 [INFO] [成功读取表 inventory_data，数据行数：5645]
2025-11-13 17:28:44,607 [INFO] [开始读取数据库表：tuiding_data]
2025-11-13 17:28:44,657 [INFO] [成功读取表 tuiding_data，数据行数：4068]
2025-11-13 17:28:44,657 [INFO] [开始读取数据库表：debit_data]
2025-11-13 17:28:45,164 [INFO] [成功读取表 debit_data，数据行数：24469]
2025-11-13 17:28:45,286 [INFO] [开始读取数据库表：sales_invoice_data]
2025-11-13 17:28:45,588 [INFO] [成功读取表 sales_invoice_data，数据行数：17966]
2025-11-13 17:59:41,315 [INFO] [数据库引擎创建成功]
2025-11-13 17:59:41,324 [INFO] [开始读取数据库表：order_data]
2025-11-13 17:59:42,229 [INFO] [成功读取表 order_data，数据行数：23205]
2025-11-13 17:59:42,423 [INFO] [开始读取数据库表：sales_data]
2025-11-13 17:59:45,366 [INFO] [成功读取表 sales_data，数据行数：24972]
2025-11-13 17:59:46,992 [INFO] [开始读取数据库表：jingpin_data]
2025-11-13 17:59:47,185 [INFO] [成功读取表 jingpin_data，数据行数：4382]
2025-11-13 17:59:47,239 [INFO] [开始读取数据库表：inventory_data]
2025-11-13 17:59:47,633 [INFO] [成功读取表 inventory_data，数据行数：5639]
2025-11-13 17:59:47,633 [INFO] [开始读取数据库表：tuiding_data]
2025-11-13 17:59:47,788 [INFO] [成功读取表 tuiding_data，数据行数：4072]
2025-11-13 17:59:47,789 [INFO] [开始读取数据库表：debit_data]
2025-11-13 17:59:49,240 [INFO] [成功读取表 debit_data，数据行数：24469]
2025-11-13 17:59:49,539 [INFO] [开始读取数据库表：sales_invoice_data]
2025-11-13 17:59:50,496 [INFO] [成功读取表 sales_invoice_data，数据行数：17972]
2025-11-13 18:28:27,990 [INFO] [数据库引擎创建成功]
2025-11-13 18:28:27,991 [INFO] [开始读取数据库表：order_data]
2025-11-13 18:28:28,521 [INFO] [成功读取表 order_data，数据行数：23209]
2025-11-13 18:28:28,651 [INFO] [开始读取数据库表：sales_data]
2025-11-13 18:28:30,955 [INFO] [成功读取表 sales_data，数据行数：24976]
2025-11-13 18:28:31,780 [INFO] [开始读取数据库表：jingpin_data]
2025-11-13 18:28:31,860 [INFO] [成功读取表 jingpin_data，数据行数：4383]
2025-11-13 18:28:31,890 [INFO] [开始读取数据库表：inventory_data]
2025-11-13 18:28:32,057 [INFO] [成功读取表 inventory_data，数据行数：5635]
2025-11-13 18:28:32,057 [INFO] [开始读取数据库表：tuiding_data]
2025-11-13 18:28:32,124 [INFO] [成功读取表 tuiding_data，数据行数：4072]
2025-11-13 18:28:32,124 [INFO] [开始读取数据库表：debit_data]
2025-11-13 18:28:32,851 [INFO] [成功读取表 debit_data，数据行数：24469]
2025-11-13 18:28:33,147 [INFO] [开始读取数据库表：sales_invoice_data]
2025-11-13 18:28:34,027 [INFO] [成功读取表 sales_invoice_data，数据行数：17976]
2025-11-13 18:58:18,257 [INFO] [数据库引擎创建成功]
2025-11-13 18:58:18,257 [INFO] [开始读取数据库表：order_data]
2025-11-13 18:58:18,717 [INFO] [成功读取表 order_data，数据行数：23210]
2025-11-13 18:58:18,848 [INFO] [开始读取数据库表：sales_data]
2025-11-13 18:58:21,054 [INFO] [成功读取表 sales_data，数据行数：24976]
2025-11-13 18:58:21,928 [INFO] [开始读取数据库表：jingpin_data]
2025-11-13 18:58:22,021 [INFO] [成功读取表 jingpin_data，数据行数：4383]
2025-11-13 18:58:22,045 [INFO] [开始读取数据库表：inventory_data]
2025-11-13 18:58:22,206 [INFO] [成功读取表 inventory_data，数据行数：5635]
2025-11-13 18:58:22,206 [INFO] [开始读取数据库表：tuiding_data]
2025-11-13 18:58:22,275 [INFO] [成功读取表 tuiding_data，数据行数：4072]
2025-11-13 18:58:22,275 [INFO] [开始读取数据库表：debit_data]
2025-11-13 18:58:22,989 [INFO] [成功读取表 debit_data，数据行数：24469]
2025-11-13 18:58:23,158 [INFO] [开始读取数据库表：sales_invoice_data]
2025-11-13 18:58:23,675 [INFO] [成功读取表 sales_invoice_data，数据行数：17976]
2025-11-13 19:27:43,511 [INFO] [数据库引擎创建成功]
2025-11-13 19:27:43,511 [INFO] [开始读取数据库表：order_data]
2025-11-13 19:27:44,001 [INFO] [成功读取表 order_data，数据行数：23215]
2025-11-13 19:27:44,127 [INFO] [开始读取数据库表：sales_data]
2025-11-13 19:27:46,362 [INFO] [成功读取表 sales_data，数据行数：24976]
2025-11-13 19:27:47,105 [INFO] [开始读取数据库表：jingpin_data]
2025-11-13 19:27:47,172 [INFO] [成功读取表 jingpin_data，数据行数：4383]
2025-11-13 19:27:47,197 [INFO] [开始读取数据库表：inventory_data]
2025-11-13 19:27:47,362 [INFO] [成功读取表 inventory_data，数据行数：5635]
2025-11-13 19:27:47,362 [INFO] [开始读取数据库表：tuiding_data]
2025-11-13 19:27:47,415 [INFO] [成功读取表 tuiding_data，数据行数：4072]
2025-11-13 19:27:47,415 [INFO] [开始读取数据库表：debit_data]
2025-11-13 19:27:47,951 [INFO] [成功读取表 debit_data，数据行数：24469]
2025-11-13 19:27:48,087 [INFO] [开始读取数据库表：sales_invoice_data]
2025-11-13 19:27:48,443 [INFO] [成功读取表 sales_invoice_data，数据行数：17976]
2025-11-13 19:57:53,128 [INFO] [数据库引擎创建成功]
2025-11-13 19:57:53,129 [INFO] [开始读取数据库表：order_data]
2025-11-13 19:57:53,576 [INFO] [成功读取表 order_data，数据行数：23219]
2025-11-13 19:57:53,700 [INFO] [开始读取数据库表：sales_data]
2025-11-13 19:57:56,026 [INFO] [成功读取表 sales_data，数据行数：24976]
2025-11-13 19:57:57,097 [INFO] [开始读取数据库表：jingpin_data]
2025-11-13 19:57:57,212 [INFO] [成功读取表 jingpin_data，数据行数：4383]
2025-11-13 19:57:57,253 [INFO] [开始读取数据库表：inventory_data]
2025-11-13 19:57:57,508 [INFO] [成功读取表 inventory_data，数据行数：5635]
2025-11-13 19:57:57,508 [INFO] [开始读取数据库表：tuiding_data]
2025-11-13 19:57:57,603 [INFO] [成功读取表 tuiding_data，数据行数：4072]
2025-11-13 19:57:57,603 [INFO] [开始读取数据库表：debit_data]
2025-11-13 19:57:58,563 [INFO] [成功读取表 debit_data，数据行数：24469]
2025-11-13 19:57:58,782 [INFO] [开始读取数据库表：sales_invoice_data]
2025-11-13 19:57:59,411 [INFO] [成功读取表 sales_invoice_data，数据行数：17976]
2025-11-13 20:28:15,135 [INFO] [数据库引擎创建成功]
2025-11-13 20:28:15,135 [INFO] [开始读取数据库表：order_data]
2025-11-13 20:28:15,899 [INFO] [成功读取表 order_data，数据行数：23219]
2025-11-13 20:28:16,055 [INFO] [开始读取数据库表：sales_data]
2025-11-13 20:28:18,935 [INFO] [成功读取表 sales_data，数据行数：24976]
2025-11-13 20:28:20,444 [INFO] [开始读取数据库表：jingpin_data]
2025-11-13 20:28:20,640 [INFO] [成功读取表 jingpin_data，数据行数：4383]
2025-11-13 20:28:20,690 [INFO] [开始读取数据库表：inventory_data]
2025-11-13 20:28:21,075 [INFO] [成功读取表 inventory_data，数据行数：5635]
2025-11-13 20:28:21,075 [INFO] [开始读取数据库表：tuiding_data]
2025-11-13 20:28:21,212 [INFO] [成功读取表 tuiding_data，数据行数：4073]
2025-11-13 20:28:21,212 [INFO] [开始读取数据库表：debit_data]
2025-11-13 20:28:22,548 [INFO] [成功读取表 debit_data，数据行数：24469]
2025-11-13 20:28:22,817 [INFO] [开始读取数据库表：sales_invoice_data]
2025-11-13 20:28:23,657 [INFO] [成功读取表 sales_invoice_data，数据行数：17976]
2025-11-13 20:57:39,722 [INFO] [数据库引擎创建成功]
2025-11-13 20:57:39,722 [INFO] [开始读取数据库表：order_data]
2025-11-13 20:57:40,161 [INFO] [成功读取表 order_data，数据行数：23219]
2025-11-13 20:57:40,280 [INFO] [开始读取数据库表：sales_data]
2025-11-13 20:57:42,830 [INFO] [成功读取表 sales_data，数据行数：24976]
2025-11-13 20:57:43,912 [INFO] [开始读取数据库表：jingpin_data]
2025-11-13 20:57:44,024 [INFO] [成功读取表 jingpin_data，数据行数：4383]
2025-11-13 20:57:44,062 [INFO] [开始读取数据库表：inventory_data]
2025-11-13 20:57:44,311 [INFO] [成功读取表 inventory_data，数据行数：5635]
2025-11-13 20:57:44,312 [INFO] [开始读取数据库表：tuiding_data]
2025-11-13 20:57:44,406 [INFO] [成功读取表 tuiding_data，数据行数：4073]
2025-11-13 20:57:44,406 [INFO] [开始读取数据库表：debit_data]
2025-11-13 20:57:45,343 [INFO] [成功读取表 debit_data，数据行数：24469]
2025-11-13 20:57:45,539 [INFO] [开始读取数据库表：sales_invoice_data]
2025-11-13 20:57:46,100 [INFO] [成功读取表 sales_invoice_data，数据行数：17976]
2025-11-13 21:27:50,642 [INFO] [数据库引擎创建成功]
2025-11-13 21:27:50,653 [INFO] [开始读取数据库表：order_data]
2025-11-13 21:27:51,108 [INFO] [成功读取表 order_data，数据行数：23220]
2025-11-13 21:27:51,227 [INFO] [开始读取数据库表：sales_data]
2025-11-13 21:27:53,339 [INFO] [成功读取表 sales_data，数据行数：24976]
2025-11-13 21:27:54,102 [INFO] [开始读取数据库表：jingpin_data]
2025-11-13 21:27:54,169 [INFO] [成功读取表 jingpin_data，数据行数：4383]
2025-11-13 21:27:54,196 [INFO] [开始读取数据库表：inventory_data]
2025-11-13 21:27:54,341 [INFO] [成功读取表 inventory_data，数据行数：5737]
2025-11-13 21:27:54,342 [INFO] [开始读取数据库表：tuiding_data]
2025-11-13 21:27:54,402 [INFO] [成功读取表 tuiding_data，数据行数：4073]
2025-11-13 21:27:54,402 [INFO] [开始读取数据库表：debit_data]
2025-11-13 21:27:54,992 [INFO] [成功读取表 debit_data，数据行数：24565]
2025-11-13 21:27:55,139 [INFO] [开始读取数据库表：sales_invoice_data]
2025-11-13 21:27:55,472 [INFO] [成功读取表 sales_invoice_data，数据行数：17976]
2025-11-13 21:57:58,429 [INFO] [数据库引擎创建成功]
2025-11-13 21:57:58,430 [INFO] [开始读取数据库表：order_data]
2025-11-13 21:57:58,922 [INFO] [成功读取表 order_data，数据行数：23220]
2025-11-13 21:57:59,063 [INFO] [开始读取数据库表：sales_data]
2025-11-13 21:58:01,429 [INFO] [成功读取表 sales_data，数据行数：24976]
2025-11-13 21:58:02,425 [INFO] [开始读取数据库表：jingpin_data]
2025-11-13 21:58:02,550 [INFO] [成功读取表 jingpin_data，数据行数：4383]
2025-11-13 21:58:02,582 [INFO] [开始读取数据库表：inventory_data]
2025-11-13 21:58:02,724 [INFO] [成功读取表 inventory_data，数据行数：5751]
2025-11-13 21:58:02,724 [INFO] [开始读取数据库表：tuiding_data]
2025-11-13 21:58:02,779 [INFO] [成功读取表 tuiding_data，数据行数：4073]
2025-11-13 21:58:02,779 [INFO] [开始读取数据库表：debit_data]
2025-11-13 21:58:03,433 [INFO] [成功读取表 debit_data，数据行数：24630]
2025-11-13 21:58:03,597 [INFO] [开始读取数据库表：sales_invoice_data]
2025-11-13 21:58:03,981 [INFO] [成功读取表 sales_invoice_data，数据行数：17976]
2025-11-13 22:27:40,430 [INFO] [数据库引擎创建成功]
2025-11-13 22:27:40,430 [INFO] [开始读取数据库表：order_data]
2025-11-13 22:27:40,866 [INFO] [成功读取表 order_data，数据行数：23220]
2025-11-13 22:27:40,995 [INFO] [开始读取数据库表：sales_data]
2025-11-13 22:27:43,108 [INFO] [成功读取表 sales_data，数据行数：24976]
2025-11-13 22:27:43,888 [INFO] [开始读取数据库表：jingpin_data]
2025-11-13 22:27:43,956 [INFO] [成功读取表 jingpin_data，数据行数：4383]
2025-11-13 22:27:43,985 [INFO] [开始读取数据库表：inventory_data]
2025-11-13 22:27:44,187 [INFO] [成功读取表 inventory_data，数据行数：5751]
2025-11-13 22:27:44,187 [INFO] [开始读取数据库表：tuiding_data]
2025-11-13 22:27:44,253 [INFO] [成功读取表 tuiding_data，数据行数：4073]
2025-11-13 22:27:44,253 [INFO] [开始读取数据库表：debit_data]
2025-11-13 22:27:44,831 [INFO] [成功读取表 debit_data，数据行数：24630]
2025-11-13 22:27:44,975 [INFO] [开始读取数据库表：sales_invoice_data]
2025-11-13 22:27:45,418 [INFO] [成功读取表 sales_invoice_data，数据行数：17976]
2025-11-13 22:58:16,424 [INFO] [数据库引擎创建成功]
2025-11-13 22:58:16,424 [INFO] [开始读取数据库表：order_data]
2025-11-13 22:58:17,189 [INFO] [成功读取表 order_data，数据行数：23220]
2025-11-13 22:58:17,336 [INFO] [开始读取数据库表：sales_data]
2025-11-13 22:58:20,890 [INFO] [成功读取表 sales_data，数据行数：24976]
2025-11-13 22:58:22,105 [INFO] [开始读取数据库表：jingpin_data]
2025-11-13 22:58:22,204 [INFO] [成功读取表 jingpin_data，数据行数：4383]
2025-11-13 22:58:22,240 [INFO] [开始读取数据库表：inventory_data]
2025-11-13 22:58:22,421 [INFO] [成功读取表 inventory_data，数据行数：5751]
2025-11-13 22:58:22,422 [INFO] [开始读取数据库表：tuiding_data]
2025-11-13 22:58:22,507 [INFO] [成功读取表 tuiding_data，数据行数：4073]
2025-11-13 22:58:22,507 [INFO] [开始读取数据库表：debit_data]
2025-11-13 22:58:23,393 [INFO] [成功读取表 debit_data，数据行数：24630]
2025-11-13 22:58:23,674 [INFO] [开始读取数据库表：sales_invoice_data]
2025-11-13 22:58:24,531 [INFO] [成功读取表 sales_invoice_data，数据行数：17976]
2025-11-13 23:27:55,890 [INFO] [数据库引擎创建成功]
2025-11-13 23:27:55,890 [INFO] [开始读取数据库表：order_data]
2025-11-13 23:27:56,322 [INFO] [成功读取表 order_data，数据行数：23220]
2025-11-13 23:27:56,443 [INFO] [开始读取数据库表：sales_data]
2025-11-13 23:27:58,524 [INFO] [成功读取表 sales_data，数据行数：24976]
2025-11-13 23:27:59,322 [INFO] [开始读取数据库表：jingpin_data]
2025-11-13 23:27:59,389 [INFO] [成功读取表 jingpin_data，数据行数：4383]
2025-11-13 23:27:59,412 [INFO] [开始读取数据库表：inventory_data]
2025-11-13 23:27:59,554 [INFO] [成功读取表 inventory_data，数据行数：5751]
2025-11-13 23:27:59,554 [INFO] [开始读取数据库表：tuiding_data]
2025-11-13 23:27:59,618 [INFO] [成功读取表 tuiding_data，数据行数：4073]
2025-11-13 23:27:59,618 [INFO] [开始读取数据库表：debit_data]
2025-11-13 23:28:00,190 [INFO] [成功读取表 debit_data，数据行数：24630]
2025-11-13 23:28:00,335 [INFO] [开始读取数据库表：sales_invoice_data]
2025-11-13 23:28:00,654 [INFO] [成功读取表 sales_invoice_data，数据行数：17976]
2025-11-13 23:57:46,971 [INFO] [数据库引擎创建成功]
2025-11-13 23:57:46,971 [INFO] [开始读取数据库表：order_data]
2025-11-13 23:57:47,458 [INFO] [成功读取表 order_data，数据行数：23220]
2025-11-13 23:57:47,599 [INFO] [开始读取数据库表：sales_data]
2025-11-13 23:57:49,927 [INFO] [成功读取表 sales_data，数据行数：24976]
2025-11-13 23:57:50,883 [INFO] [开始读取数据库表：jingpin_data]
2025-11-13 23:57:50,976 [INFO] [成功读取表 jingpin_data，数据行数：4383]
2025-11-13 23:57:51,006 [INFO] [开始读取数据库表：inventory_data]
2025-11-13 23:57:51,213 [INFO] [成功读取表 inventory_data，数据行数：5751]
2025-11-13 23:57:51,213 [INFO] [开始读取数据库表：tuiding_data]
2025-11-13 23:57:51,302 [INFO] [成功读取表 tuiding_data，数据行数：4073]
2025-11-13 23:57:51,302 [INFO] [开始读取数据库表：debit_data]
2025-11-13 23:57:52,011 [INFO] [成功读取表 debit_data，数据行数：24630]
2025-11-13 23:57:52,181 [INFO] [开始读取数据库表：sales_invoice_data]
2025-11-13 23:57:52,522 [INFO] [成功读取表 sales_invoice_data，数据行数：17976]
