2025-11-14 08:05:58,731 [INFO] [数据库引擎创建成功]
2025-11-14 08:05:58,731 [INFO] [开始读取数据库表：order_data]
2025-11-14 08:05:59,378 [INFO] [成功读取表 order_data，数据行数：23221]
2025-11-14 08:05:59,535 [INFO] [开始读取数据库表：sales_data]
2025-11-14 08:06:02,443 [INFO] [成功读取表 sales_data，数据行数：24977]
2025-11-14 08:06:03,465 [INFO] [开始读取数据库表：jingpin_data]
2025-11-14 08:06:03,561 [INFO] [成功读取表 jingpin_data，数据行数：4383]
2025-11-14 08:06:03,602 [INFO] [开始读取数据库表：inventory_data]
2025-11-14 08:06:03,858 [INFO] [成功读取表 inventory_data，数据行数：5751]
2025-11-14 08:06:03,859 [INFO] [开始读取数据库表：tuiding_data]
2025-11-14 08:06:03,963 [INFO] [成功读取表 tuiding_data，数据行数：4072]
2025-11-14 08:06:03,963 [INFO] [开始读取数据库表：debit_data]
2025-11-14 08:06:04,820 [INFO] [成功读取表 debit_data，数据行数：24539]
2025-11-14 08:06:05,067 [INFO] [开始读取数据库表：sales_invoice_data]
2025-11-14 08:06:06,016 [INFO] [成功读取表 sales_invoice_data，数据行数：17976]
2025-11-14 08:27:56,479 [INFO] [数据库引擎创建成功]
2025-11-14 08:27:56,479 [INFO] [开始读取数据库表：order_data]
2025-11-14 08:27:57,062 [INFO] [成功读取表 order_data，数据行数：23221]
2025-11-14 08:27:57,191 [INFO] [开始读取数据库表：sales_data]
2025-11-14 08:27:59,107 [INFO] [成功读取表 sales_data，数据行数：24977]
2025-11-14 08:27:59,876 [INFO] [开始读取数据库表：jingpin_data]
2025-11-14 08:27:59,942 [INFO] [成功读取表 jingpin_data，数据行数：4383]
2025-11-14 08:27:59,976 [INFO] [开始读取数据库表：inventory_data]
2025-11-14 08:28:00,127 [INFO] [成功读取表 inventory_data，数据行数：5751]
2025-11-14 08:28:00,128 [INFO] [开始读取数据库表：tuiding_data]
2025-11-14 08:28:00,189 [INFO] [成功读取表 tuiding_data，数据行数：4072]
2025-11-14 08:28:00,190 [INFO] [开始读取数据库表：debit_data]
2025-11-14 08:28:01,281 [INFO] [成功读取表 debit_data，数据行数：24539]
2025-11-14 08:28:01,577 [INFO] [开始读取数据库表：sales_invoice_data]
2025-11-14 08:28:02,515 [INFO] [成功读取表 sales_invoice_data，数据行数：17976]
2025-11-14 08:58:26,353 [INFO] [数据库引擎创建成功]
2025-11-14 08:58:26,354 [INFO] [开始读取数据库表：order_data]
2025-11-14 08:58:27,430 [INFO] [成功读取表 order_data，数据行数：23221]
2025-11-14 08:58:27,684 [INFO] [开始读取数据库表：sales_data]
2025-11-14 08:58:31,559 [INFO] [成功读取表 sales_data，数据行数：24977]
2025-11-14 08:58:33,191 [INFO] [开始读取数据库表：jingpin_data]
2025-11-14 08:58:33,373 [INFO] [成功读取表 jingpin_data，数据行数：4383]
2025-11-14 08:58:33,434 [INFO] [开始读取数据库表：inventory_data]
2025-11-14 08:58:33,908 [INFO] [成功读取表 inventory_data，数据行数：5751]
2025-11-14 08:58:33,909 [INFO] [开始读取数据库表：tuiding_data]
2025-11-14 08:58:34,105 [INFO] [成功读取表 tuiding_data，数据行数：4072]
2025-11-14 08:58:34,106 [INFO] [开始读取数据库表：debit_data]
2025-11-14 08:58:35,717 [INFO] [成功读取表 debit_data，数据行数：24539]
2025-11-14 08:58:36,037 [INFO] [开始读取数据库表：sales_invoice_data]
2025-11-14 08:58:37,068 [INFO] [成功读取表 sales_invoice_data，数据行数：17976]
2025-11-14 09:27:00,000 [INFO] [数据库引擎创建成功]
2025-11-14 09:27:00,000 [INFO] [开始读取数据库表：order_data]
2025-11-14 09:27:00,499 [INFO] [成功读取表 order_data，数据行数：23219]
2025-11-14 09:27:00,630 [INFO] [开始读取数据库表：sales_data]
2025-11-14 09:27:02,841 [INFO] [成功读取表 sales_data，数据行数：24978]
2025-11-14 09:27:03,607 [INFO] [开始读取数据库表：jingpin_data]
2025-11-14 09:27:03,677 [INFO] [成功读取表 jingpin_data，数据行数：4383]
2025-11-14 09:27:03,703 [INFO] [开始读取数据库表：inventory_data]
2025-11-14 09:27:03,861 [INFO] [成功读取表 inventory_data，数据行数：5750]
2025-11-14 09:27:03,861 [INFO] [开始读取数据库表：tuiding_data]
2025-11-14 09:27:03,919 [INFO] [成功读取表 tuiding_data，数据行数：4074]
2025-11-14 09:27:03,919 [INFO] [开始读取数据库表：debit_data]
2025-11-14 09:27:04,548 [INFO] [成功读取表 debit_data，数据行数：24539]
2025-11-14 09:27:04,691 [INFO] [开始读取数据库表：sales_invoice_data]
2025-11-14 09:27:05,161 [INFO] [成功读取表 sales_invoice_data，数据行数：17976]
2025-11-14 10:08:20,310 [INFO] [数据库引擎创建成功]
2025-11-14 10:08:20,310 [INFO] [开始读取数据库表：order_data]
2025-11-14 10:08:20,757 [INFO] [成功读取表 order_data，数据行数：23219]
2025-11-14 10:08:20,875 [INFO] [开始读取数据库表：sales_data]
2025-11-14 10:08:22,825 [INFO] [成功读取表 sales_data，数据行数：24978]
2025-11-14 10:08:23,550 [INFO] [开始读取数据库表：jingpin_data]
2025-11-14 10:08:23,614 [INFO] [成功读取表 jingpin_data，数据行数：4383]
2025-11-14 10:08:23,640 [INFO] [开始读取数据库表：inventory_data]
2025-11-14 10:08:23,788 [INFO] [成功读取表 inventory_data，数据行数：5750]
2025-11-14 10:08:23,788 [INFO] [开始读取数据库表：tuiding_data]
2025-11-14 10:08:23,844 [INFO] [成功读取表 tuiding_data，数据行数：4074]
2025-11-14 10:08:23,844 [INFO] [开始读取数据库表：debit_data]
2025-11-14 10:08:24,392 [INFO] [成功读取表 debit_data，数据行数：24539]
2025-11-14 10:08:24,525 [INFO] [开始读取数据库表：sales_invoice_data]
2025-11-14 10:08:24,840 [INFO] [成功读取表 sales_invoice_data，数据行数：17976]
2025-11-14 10:27:06,345 [INFO] [数据库引擎创建成功]
2025-11-14 10:27:06,345 [INFO] [开始读取数据库表：order_data]
2025-11-14 10:27:06,811 [INFO] [成功读取表 order_data，数据行数：23223]
2025-11-14 10:27:06,933 [INFO] [开始读取数据库表：sales_data]
2025-11-14 10:27:09,015 [INFO] [成功读取表 sales_data，数据行数：24980]
2025-11-14 10:27:09,768 [INFO] [开始读取数据库表：jingpin_data]
2025-11-14 10:27:09,836 [INFO] [成功读取表 jingpin_data，数据行数：4383]
2025-11-14 10:27:09,862 [INFO] [开始读取数据库表：inventory_data]
2025-11-14 10:27:10,021 [INFO] [成功读取表 inventory_data，数据行数：5748]
2025-11-14 10:27:10,021 [INFO] [开始读取数据库表：tuiding_data]
2025-11-14 10:27:10,095 [INFO] [成功读取表 tuiding_data，数据行数：4075]
2025-11-14 10:27:10,095 [INFO] [开始读取数据库表：debit_data]
2025-11-14 10:27:10,694 [INFO] [成功读取表 debit_data，数据行数：24539]
2025-11-14 10:27:10,848 [INFO] [开始读取数据库表：sales_invoice_data]
2025-11-14 10:27:11,256 [INFO] [成功读取表 sales_invoice_data，数据行数：17978]
2025-11-14 10:56:56,703 [INFO] [数据库引擎创建成功]
2025-11-14 10:56:56,703 [INFO] [开始读取数据库表：order_data]
2025-11-14 10:56:57,157 [INFO] [成功读取表 order_data，数据行数：23224]
2025-11-14 10:56:57,275 [INFO] [开始读取数据库表：sales_data]
2025-11-14 10:57:01,737 [INFO] [成功读取表 sales_data，数据行数：24982]
2025-11-14 10:57:02,479 [INFO] [开始读取数据库表：jingpin_data]
2025-11-14 10:57:02,549 [INFO] [成功读取表 jingpin_data，数据行数：4388]
2025-11-14 10:57:02,573 [INFO] [开始读取数据库表：inventory_data]
2025-11-14 10:57:02,745 [INFO] [成功读取表 inventory_data，数据行数：5748]
2025-11-14 10:57:02,745 [INFO] [开始读取数据库表：tuiding_data]
2025-11-14 10:57:02,822 [INFO] [成功读取表 tuiding_data，数据行数：4075]
2025-11-14 10:57:02,822 [INFO] [开始读取数据库表：debit_data]
2025-11-14 10:57:03,567 [INFO] [成功读取表 debit_data，数据行数：24539]
2025-11-14 10:57:03,728 [INFO] [开始读取数据库表：sales_invoice_data]
2025-11-14 10:57:04,124 [INFO] [成功读取表 sales_invoice_data，数据行数：17980]
2025-11-14 11:28:26,109 [INFO] [数据库引擎创建成功]
2025-11-14 11:28:26,109 [INFO] [开始读取数据库表：order_data]
2025-11-14 11:28:26,569 [INFO] [成功读取表 order_data，数据行数：23223]
2025-11-14 11:28:26,683 [INFO] [开始读取数据库表：sales_data]
2025-11-14 11:28:28,531 [INFO] [成功读取表 sales_data，数据行数：24986]
2025-11-14 11:28:29,264 [INFO] [开始读取数据库表：jingpin_data]
2025-11-14 11:28:29,361 [INFO] [成功读取表 jingpin_data，数据行数：4388]
2025-11-14 11:28:29,400 [INFO] [开始读取数据库表：inventory_data]
2025-11-14 11:28:29,608 [INFO] [成功读取表 inventory_data，数据行数：5744]
2025-11-14 11:28:29,608 [INFO] [开始读取数据库表：tuiding_data]
2025-11-14 11:28:29,680 [INFO] [成功读取表 tuiding_data，数据行数：4076]
2025-11-14 11:28:29,681 [INFO] [开始读取数据库表：debit_data]
2025-11-14 11:28:30,461 [INFO] [成功读取表 debit_data，数据行数：24539]
2025-11-14 11:28:30,638 [INFO] [开始读取数据库表：sales_invoice_data]
2025-11-14 11:28:34,247 [INFO] [成功读取表 sales_invoice_data，数据行数：17984]
2025-11-14 11:58:10,582 [INFO] [数据库引擎创建成功]
2025-11-14 11:58:10,582 [INFO] [开始读取数据库表：order_data]
2025-11-14 11:58:11,238 [INFO] [成功读取表 order_data，数据行数：23224]
2025-11-14 11:58:11,417 [INFO] [开始读取数据库表：sales_data]
2025-11-14 11:58:14,174 [INFO] [成功读取表 sales_data，数据行数：24990]
2025-11-14 11:58:15,172 [INFO] [开始读取数据库表：jingpin_data]
2025-11-14 11:58:17,691 [INFO] [成功读取表 jingpin_data，数据行数：4388]
2025-11-14 11:58:18,863 [INFO] [开始读取数据库表：inventory_data]
2025-11-14 11:58:20,801 [INFO] [成功读取表 inventory_data，数据行数：5741]
2025-11-14 11:58:20,802 [INFO] [开始读取数据库表：tuiding_data]
2025-11-14 11:58:20,981 [INFO] [成功读取表 tuiding_data，数据行数：4076]
2025-11-14 11:58:20,982 [INFO] [开始读取数据库表：debit_data]
2025-11-14 11:58:22,491 [INFO] [成功读取表 debit_data，数据行数：24539]
2025-11-14 11:58:22,771 [INFO] [开始读取数据库表：sales_invoice_data]
2025-11-14 11:58:23,682 [INFO] [成功读取表 sales_invoice_data，数据行数：17987]
2025-11-14 12:27:41,525 [INFO] [数据库引擎创建成功]
2025-11-14 12:27:41,525 [INFO] [开始读取数据库表：order_data]
2025-11-14 12:27:42,227 [INFO] [成功读取表 order_data，数据行数：23225]
2025-11-14 12:27:42,418 [INFO] [开始读取数据库表：sales_data]
2025-11-14 12:27:45,128 [INFO] [成功读取表 sales_data，数据行数：24992]
2025-11-14 12:27:46,152 [INFO] [开始读取数据库表：jingpin_data]
2025-11-14 12:27:46,242 [INFO] [成功读取表 jingpin_data，数据行数：4390]
2025-11-14 12:27:46,278 [INFO] [开始读取数据库表：inventory_data]
2025-11-14 12:27:46,496 [INFO] [成功读取表 inventory_data，数据行数：4617]
2025-11-14 12:27:46,496 [INFO] [开始读取数据库表：tuiding_data]
2025-11-14 12:27:46,585 [INFO] [成功读取表 tuiding_data，数据行数：4077]
2025-11-14 12:27:46,585 [INFO] [开始读取数据库表：debit_data]
2025-11-14 12:27:47,479 [INFO] [成功读取表 debit_data，数据行数：24591]
2025-11-14 12:27:47,689 [INFO] [开始读取数据库表：sales_invoice_data]
2025-11-14 12:27:51,491 [INFO] [成功读取表 sales_invoice_data，数据行数：17989]
2025-11-14 13:58:39,478 [INFO] [数据库引擎创建成功]
2025-11-14 13:58:39,488 [INFO] [开始读取数据库表：order_data]
2025-11-14 13:58:39,900 [INFO] [成功读取表 order_data，数据行数：23224]
2025-11-14 13:58:40,012 [INFO] [开始读取数据库表：sales_data]
2025-11-14 13:58:42,181 [INFO] [成功读取表 sales_data，数据行数：25000]
2025-11-14 13:58:43,001 [INFO] [开始读取数据库表：jingpin_data]
2025-11-14 13:58:43,076 [INFO] [成功读取表 jingpin_data，数据行数：4392]
2025-11-14 13:58:43,106 [INFO] [开始读取数据库表：inventory_data]
2025-11-14 13:58:43,281 [INFO] [成功读取表 inventory_data，数据行数：5784]
2025-11-14 13:58:43,281 [INFO] [开始读取数据库表：tuiding_data]
2025-11-14 13:58:43,347 [INFO] [成功读取表 tuiding_data，数据行数：4083]
2025-11-14 13:58:43,347 [INFO] [开始读取数据库表：debit_data]
2025-11-14 13:58:45,371 [INFO] [成功读取表 debit_data，数据行数：24660]
2025-11-14 13:58:47,627 [INFO] [开始读取数据库表：sales_invoice_data]
2025-11-14 13:58:48,690 [INFO] [成功读取表 sales_invoice_data，数据行数：17998]
2025-11-14 14:28:44,095 [INFO] [数据库引擎创建成功]
2025-11-14 14:28:44,095 [INFO] [开始读取数据库表：order_data]
2025-11-14 14:28:44,642 [INFO] [成功读取表 order_data，数据行数：23228]
2025-11-14 14:28:44,803 [INFO] [开始读取数据库表：sales_data]
2025-11-14 14:28:47,993 [INFO] [成功读取表 sales_data，数据行数：25002]
2025-11-14 14:28:51,123 [INFO] [开始读取数据库表：jingpin_data]
2025-11-14 14:28:51,335 [INFO] [成功读取表 jingpin_data，数据行数：4392]
2025-11-14 14:28:51,417 [INFO] [开始读取数据库表：inventory_data]
2025-11-14 14:28:51,944 [INFO] [成功读取表 inventory_data，数据行数：5782]
2025-11-14 14:28:51,944 [INFO] [开始读取数据库表：tuiding_data]
2025-11-14 14:28:52,127 [INFO] [成功读取表 tuiding_data，数据行数：4084]
2025-11-14 14:28:52,127 [INFO] [开始读取数据库表：debit_data]
2025-11-14 14:28:53,756 [INFO] [成功读取表 debit_data，数据行数：24661]
2025-11-14 14:28:54,081 [INFO] [开始读取数据库表：sales_invoice_data]
2025-11-14 14:28:55,060 [INFO] [成功读取表 sales_invoice_data，数据行数：18000]
2025-11-14 15:00:01,269 [INFO] [数据库引擎创建成功]
2025-11-14 15:00:01,270 [INFO] [开始读取数据库表：order_data]
2025-11-14 15:00:01,974 [INFO] [成功读取表 order_data，数据行数：23232]
2025-11-14 15:00:02,136 [INFO] [开始读取数据库表：sales_data]
2025-11-14 15:00:10,813 [INFO] [成功读取表 sales_data，数据行数：25004]
2025-11-14 15:00:12,716 [INFO] [开始读取数据库表：jingpin_data]
2025-11-14 15:00:12,949 [INFO] [成功读取表 jingpin_data，数据行数：4393]
2025-11-14 15:00:13,055 [INFO] [开始读取数据库表：inventory_data]
2025-11-14 15:00:13,665 [INFO] [成功读取表 inventory_data，数据行数：5780]
2025-11-14 15:00:13,665 [INFO] [开始读取数据库表：tuiding_data]
2025-11-14 15:00:13,860 [INFO] [成功读取表 tuiding_data，数据行数：4085]
2025-11-14 15:00:13,860 [INFO] [开始读取数据库表：debit_data]
2025-11-14 15:00:15,961 [INFO] [成功读取表 debit_data，数据行数：24661]
2025-11-14 15:00:16,345 [INFO] [开始读取数据库表：sales_invoice_data]
2025-11-14 15:00:17,608 [INFO] [成功读取表 sales_invoice_data，数据行数：18002]
2025-11-14 15:30:28,058 [INFO] [数据库引擎创建成功]
2025-11-14 15:30:28,059 [INFO] [开始读取数据库表：order_data]
2025-11-14 15:30:28,517 [INFO] [成功读取表 order_data，数据行数：23235]
2025-11-14 15:30:28,637 [INFO] [开始读取数据库表：sales_data]
2025-11-14 15:30:32,361 [INFO] [成功读取表 sales_data，数据行数：25007]
2025-11-14 15:30:37,856 [INFO] [开始读取数据库表：jingpin_data]
2025-11-14 15:30:38,122 [INFO] [成功读取表 jingpin_data，数据行数：4393]
2025-11-14 15:30:38,162 [INFO] [开始读取数据库表：inventory_data]
2025-11-14 15:30:38,710 [INFO] [成功读取表 inventory_data，数据行数：5776]
2025-11-14 15:30:38,711 [INFO] [开始读取数据库表：tuiding_data]
2025-11-14 15:30:38,915 [INFO] [成功读取表 tuiding_data，数据行数：4085]
2025-11-14 15:30:38,915 [INFO] [开始读取数据库表：debit_data]
2025-11-14 15:30:40,940 [INFO] [成功读取表 debit_data，数据行数：24661]
2025-11-14 15:30:41,338 [INFO] [开始读取数据库表：sales_invoice_data]
2025-11-14 15:30:42,600 [INFO] [成功读取表 sales_invoice_data，数据行数：18005]
2025-11-14 15:59:10,434 [INFO] [数据库引擎创建成功]
2025-11-14 15:59:10,434 [INFO] [开始读取数据库表：order_data]
2025-11-14 15:59:11,013 [INFO] [成功读取表 order_data，数据行数：23237]
2025-11-14 15:59:11,181 [INFO] [开始读取数据库表：sales_data]
2025-11-14 15:59:15,884 [INFO] [成功读取表 sales_data，数据行数：25012]
2025-11-14 15:59:17,868 [INFO] [开始读取数据库表：jingpin_data]
2025-11-14 15:59:18,111 [INFO] [成功读取表 jingpin_data，数据行数：4396]
2025-11-14 15:59:18,172 [INFO] [开始读取数据库表：inventory_data]
2025-11-14 15:59:20,918 [INFO] [成功读取表 inventory_data，数据行数：5772]
2025-11-14 15:59:20,918 [INFO] [开始读取数据库表：tuiding_data]
2025-11-14 15:59:21,130 [INFO] [成功读取表 tuiding_data，数据行数：4085]
2025-11-14 15:59:21,130 [INFO] [开始读取数据库表：debit_data]
2025-11-14 15:59:23,214 [INFO] [成功读取表 debit_data，数据行数：24661]
2025-11-14 15:59:23,607 [INFO] [开始读取数据库表：sales_invoice_data]
2025-11-14 15:59:24,772 [INFO] [成功读取表 sales_invoice_data，数据行数：18008]
2025-11-14 16:30:03,980 [INFO] [数据库引擎创建成功]
2025-11-14 16:30:03,980 [INFO] [开始读取数据库表：order_data]
2025-11-14 16:30:04,616 [INFO] [成功读取表 order_data，数据行数：23238]
2025-11-14 16:30:04,793 [INFO] [开始读取数据库表：sales_data]
2025-11-14 16:30:13,475 [INFO] [成功读取表 sales_data，数据行数：25021]
2025-11-14 16:30:15,521 [INFO] [开始读取数据库表：jingpin_data]
2025-11-14 16:30:15,793 [INFO] [成功读取表 jingpin_data，数据行数：4397]
2025-11-14 16:30:15,864 [INFO] [开始读取数据库表：inventory_data]
2025-11-14 16:30:16,417 [INFO] [成功读取表 inventory_data，数据行数：5762]
2025-11-14 16:30:16,417 [INFO] [开始读取数据库表：tuiding_data]
2025-11-14 16:30:16,593 [INFO] [成功读取表 tuiding_data，数据行数：4085]
2025-11-14 16:30:16,593 [INFO] [开始读取数据库表：debit_data]
2025-11-14 16:30:18,648 [INFO] [成功读取表 debit_data，数据行数：24661]
2025-11-14 16:30:19,038 [INFO] [开始读取数据库表：sales_invoice_data]
2025-11-14 16:30:20,297 [INFO] [成功读取表 sales_invoice_data，数据行数：18017]
2025-11-14 17:00:22,462 [INFO] [数据库引擎创建成功]
2025-11-14 17:00:22,462 [INFO] [开始读取数据库表：order_data]
2025-11-14 17:00:23,156 [INFO] [成功读取表 order_data，数据行数：23240]
2025-11-14 17:00:23,361 [INFO] [开始读取数据库表：sales_data]
2025-11-14 17:00:28,813 [INFO] [成功读取表 sales_data，数据行数：25025]
2025-11-14 17:00:30,855 [INFO] [开始读取数据库表：jingpin_data]
2025-11-14 17:00:31,115 [INFO] [成功读取表 jingpin_data，数据行数：4397]
2025-11-14 17:00:31,151 [INFO] [开始读取数据库表：inventory_data]
2025-11-14 17:00:31,646 [INFO] [成功读取表 inventory_data，数据行数：5759]
2025-11-14 17:00:31,646 [INFO] [开始读取数据库表：tuiding_data]
2025-11-14 17:00:31,880 [INFO] [成功读取表 tuiding_data，数据行数：4087]
2025-11-14 17:00:31,880 [INFO] [开始读取数据库表：debit_data]
2025-11-14 17:00:33,982 [INFO] [成功读取表 debit_data，数据行数：24661]
2025-11-14 17:00:34,372 [INFO] [开始读取数据库表：sales_invoice_data]
2025-11-14 17:00:35,642 [INFO] [成功读取表 sales_invoice_data，数据行数：18021]
2025-11-14 17:29:56,723 [INFO] [数据库引擎创建成功]
2025-11-14 17:29:56,724 [INFO] [开始读取数据库表：order_data]
2025-11-14 17:29:57,314 [INFO] [成功读取表 order_data，数据行数：23243]
2025-11-14 17:29:57,463 [INFO] [开始读取数据库表：sales_data]
2025-11-14 17:30:02,614 [INFO] [成功读取表 sales_data，数据行数：25032]
2025-11-14 17:30:04,498 [INFO] [开始读取数据库表：jingpin_data]
2025-11-14 17:30:04,730 [INFO] [成功读取表 jingpin_data，数据行数：4401]
2025-11-14 17:30:04,806 [INFO] [开始读取数据库表：inventory_data]
2025-11-14 17:30:05,375 [INFO] [成功读取表 inventory_data，数据行数：5756]
2025-11-14 17:30:05,375 [INFO] [开始读取数据库表：tuiding_data]
2025-11-14 17:30:05,601 [INFO] [成功读取表 tuiding_data，数据行数：4088]
2025-11-14 17:30:05,602 [INFO] [开始读取数据库表：debit_data]
2025-11-14 17:30:11,092 [INFO] [成功读取表 debit_data，数据行数：24661]
2025-11-14 17:30:12,272 [INFO] [开始读取数据库表：sales_invoice_data]
2025-11-14 17:30:13,892 [INFO] [成功读取表 sales_invoice_data，数据行数：18026]
2025-11-14 18:00:27,262 [INFO] [数据库引擎创建成功]
2025-11-14 18:00:27,263 [INFO] [开始读取数据库表：order_data]
2025-11-14 18:00:28,006 [INFO] [成功读取表 order_data，数据行数：23246]
2025-11-14 18:00:28,182 [INFO] [开始读取数据库表：sales_data]
2025-11-14 18:00:42,411 [INFO] [成功读取表 sales_data，数据行数：25044]
2025-11-14 18:00:45,426 [INFO] [开始读取数据库表：jingpin_data]
2025-11-14 18:00:45,913 [INFO] [成功读取表 jingpin_data，数据行数：4405]
2025-11-14 18:00:46,010 [INFO] [开始读取数据库表：inventory_data]
2025-11-14 18:00:46,830 [INFO] [成功读取表 inventory_data，数据行数：5752]
2025-11-14 18:00:46,830 [INFO] [开始读取数据库表：tuiding_data]
2025-11-14 18:00:47,374 [INFO] [成功读取表 tuiding_data，数据行数：4089]
2025-11-14 18:00:47,374 [INFO] [开始读取数据库表：debit_data]
2025-11-14 18:00:51,532 [INFO] [成功读取表 debit_data，数据行数：24661]
2025-11-14 18:00:52,432 [INFO] [开始读取数据库表：sales_invoice_data]
2025-11-14 18:00:55,012 [INFO] [成功读取表 sales_invoice_data，数据行数：18028]
2025-11-14 18:30:28,541 [INFO] [数据库引擎创建成功]
2025-11-14 18:30:28,542 [INFO] [开始读取数据库表：order_data]
2025-11-14 18:30:31,087 [INFO] [成功读取表 order_data，数据行数：23250]
2025-11-14 18:30:31,438 [INFO] [开始读取数据库表：sales_data]
2025-11-14 18:30:37,486 [INFO] [成功读取表 sales_data，数据行数：25047]
2025-11-14 18:30:39,553 [INFO] [开始读取数据库表：jingpin_data]
2025-11-14 18:30:39,793 [INFO] [成功读取表 jingpin_data，数据行数：4405]
2025-11-14 18:30:39,859 [INFO] [开始读取数据库表：inventory_data]
2025-11-14 18:30:40,415 [INFO] [成功读取表 inventory_data，数据行数：5750]
2025-11-14 18:30:40,415 [INFO] [开始读取数据库表：tuiding_data]
2025-11-14 18:30:40,649 [INFO] [成功读取表 tuiding_data，数据行数：4090]
2025-11-14 18:30:40,649 [INFO] [开始读取数据库表：debit_data]
2025-11-14 18:30:42,711 [INFO] [成功读取表 debit_data，数据行数：24661]
2025-11-14 18:30:43,123 [INFO] [开始读取数据库表：sales_invoice_data]
2025-11-14 18:30:44,710 [INFO] [成功读取表 sales_invoice_data，数据行数：18031]
2025-11-14 18:59:34,458 [INFO] [数据库引擎创建成功]
2025-11-14 18:59:34,458 [INFO] [开始读取数据库表：order_data]
2025-11-14 18:59:34,920 [INFO] [成功读取表 order_data，数据行数：23250]
2025-11-14 18:59:35,061 [INFO] [开始读取数据库表：sales_data]
2025-11-14 18:59:40,457 [INFO] [成功读取表 sales_data，数据行数：25048]
2025-11-14 18:59:42,280 [INFO] [开始读取数据库表：jingpin_data]
2025-11-14 18:59:42,506 [INFO] [成功读取表 jingpin_data，数据行数：4405]
2025-11-14 18:59:42,575 [INFO] [开始读取数据库表：inventory_data]
2025-11-14 18:59:43,072 [INFO] [成功读取表 inventory_data，数据行数：5750]
2025-11-14 18:59:43,072 [INFO] [开始读取数据库表：tuiding_data]
2025-11-14 18:59:43,265 [INFO] [成功读取表 tuiding_data，数据行数：4091]
2025-11-14 18:59:43,265 [INFO] [开始读取数据库表：debit_data]
2025-11-14 18:59:45,140 [INFO] [成功读取表 debit_data，数据行数：24661]
2025-11-14 18:59:45,510 [INFO] [开始读取数据库表：sales_invoice_data]
2025-11-14 18:59:46,680 [INFO] [成功读取表 sales_invoice_data，数据行数：18032]
2025-11-14 19:29:57,804 [INFO] [数据库引擎创建成功]
2025-11-14 19:29:57,804 [INFO] [开始读取数据库表：order_data]
2025-11-14 19:29:58,395 [INFO] [成功读取表 order_data，数据行数：23250]
2025-11-14 19:29:58,547 [INFO] [开始读取数据库表：sales_data]
2025-11-14 19:30:03,629 [INFO] [成功读取表 sales_data，数据行数：25048]
2025-11-14 19:30:05,531 [INFO] [开始读取数据库表：jingpin_data]
2025-11-14 19:30:05,786 [INFO] [成功读取表 jingpin_data，数据行数：4405]
2025-11-14 19:30:05,859 [INFO] [开始读取数据库表：inventory_data]
2025-11-14 19:30:06,375 [INFO] [成功读取表 inventory_data，数据行数：5750]
2025-11-14 19:30:06,375 [INFO] [开始读取数据库表：tuiding_data]
2025-11-14 19:30:06,568 [INFO] [成功读取表 tuiding_data，数据行数：4091]
2025-11-14 19:30:06,568 [INFO] [开始读取数据库表：debit_data]
2025-11-14 19:30:08,582 [INFO] [成功读取表 debit_data，数据行数：24661]
2025-11-14 19:30:11,771 [INFO] [开始读取数据库表：sales_invoice_data]
2025-11-14 19:30:12,927 [INFO] [成功读取表 sales_invoice_data，数据行数：18032]
2025-11-14 19:59:32,793 [INFO] [数据库引擎创建成功]
2025-11-14 19:59:32,793 [INFO] [开始读取数据库表：order_data]
2025-11-14 19:59:33,344 [INFO] [成功读取表 order_data，数据行数：23252]
2025-11-14 19:59:33,496 [INFO] [开始读取数据库表：sales_data]
2025-11-14 19:59:37,798 [INFO] [成功读取表 sales_data，数据行数：25048]
2025-11-14 19:59:39,662 [INFO] [开始读取数据库表：jingpin_data]
2025-11-14 19:59:42,223 [INFO] [成功读取表 jingpin_data，数据行数：4405]
2025-11-14 19:59:42,396 [INFO] [开始读取数据库表：inventory_data]
2025-11-14 19:59:42,800 [INFO] [成功读取表 inventory_data，数据行数：5750]
2025-11-14 19:59:42,800 [INFO] [开始读取数据库表：tuiding_data]
2025-11-14 19:59:42,930 [INFO] [成功读取表 tuiding_data，数据行数：4091]
2025-11-14 19:59:42,930 [INFO] [开始读取数据库表：debit_data]
2025-11-14 19:59:44,748 [INFO] [成功读取表 debit_data，数据行数：24661]
2025-11-14 19:59:45,108 [INFO] [开始读取数据库表：sales_invoice_data]
2025-11-14 19:59:46,280 [INFO] [成功读取表 sales_invoice_data，数据行数：18032]
2025-11-14 20:29:22,051 [INFO] [数据库引擎创建成功]
2025-11-14 20:29:22,052 [INFO] [开始读取数据库表：order_data]
2025-11-14 20:29:22,565 [INFO] [成功读取表 order_data，数据行数：23254]
2025-11-14 20:29:22,718 [INFO] [开始读取数据库表：sales_data]
2025-11-14 20:29:28,833 [INFO] [成功读取表 sales_data，数据行数：25048]
2025-11-14 20:29:30,724 [INFO] [开始读取数据库表：jingpin_data]
2025-11-14 20:29:30,979 [INFO] [成功读取表 jingpin_data，数据行数：4405]
2025-11-14 20:29:31,058 [INFO] [开始读取数据库表：inventory_data]
2025-11-14 20:29:31,570 [INFO] [成功读取表 inventory_data，数据行数：5750]
2025-11-14 20:29:31,570 [INFO] [开始读取数据库表：tuiding_data]
2025-11-14 20:29:31,757 [INFO] [成功读取表 tuiding_data，数据行数：4091]
2025-11-14 20:29:31,757 [INFO] [开始读取数据库表：debit_data]
2025-11-14 20:29:33,682 [INFO] [成功读取表 debit_data，数据行数：24661]
2025-11-14 20:29:34,030 [INFO] [开始读取数据库表：sales_invoice_data]
2025-11-14 20:29:35,188 [INFO] [成功读取表 sales_invoice_data，数据行数：18032]
2025-11-14 20:59:26,504 [INFO] [数据库引擎创建成功]
2025-11-14 20:59:26,504 [INFO] [开始读取数据库表：order_data]
2025-11-14 20:59:27,011 [INFO] [成功读取表 order_data，数据行数：23255]
2025-11-14 20:59:27,175 [INFO] [开始读取数据库表：sales_data]
2025-11-14 20:59:32,488 [INFO] [成功读取表 sales_data，数据行数：25048]
2025-11-14 20:59:34,328 [INFO] [开始读取数据库表：jingpin_data]
2025-11-14 20:59:34,564 [INFO] [成功读取表 jingpin_data，数据行数：4405]
2025-11-14 20:59:34,627 [INFO] [开始读取数据库表：inventory_data]
2025-11-14 20:59:35,122 [INFO] [成功读取表 inventory_data，数据行数：5750]
2025-11-14 20:59:35,122 [INFO] [开始读取数据库表：tuiding_data]
2025-11-14 20:59:35,310 [INFO] [成功读取表 tuiding_data，数据行数：4091]
2025-11-14 20:59:35,310 [INFO] [开始读取数据库表：debit_data]
2025-11-14 20:59:36,940 [INFO] [成功读取表 debit_data，数据行数：24661]
2025-11-14 20:59:37,267 [INFO] [开始读取数据库表：sales_invoice_data]
2025-11-14 20:59:38,344 [INFO] [成功读取表 sales_invoice_data，数据行数：18032]
2025-11-14 21:29:57,179 [INFO] [数据库引擎创建成功]
2025-11-14 21:29:57,179 [INFO] [开始读取数据库表：order_data]
2025-11-14 21:29:57,628 [INFO] [成功读取表 order_data，数据行数：23255]
2025-11-14 21:29:57,755 [INFO] [开始读取数据库表：sales_data]
2025-11-14 21:30:02,887 [INFO] [成功读取表 sales_data，数据行数：25048]
2025-11-14 21:30:04,772 [INFO] [开始读取数据库表：jingpin_data]
2025-11-14 21:30:04,986 [INFO] [成功读取表 jingpin_data，数据行数：4405]
2025-11-14 21:30:05,054 [INFO] [开始读取数据库表：inventory_data]
2025-11-14 21:30:05,551 [INFO] [成功读取表 inventory_data，数据行数：5790]
2025-11-14 21:30:05,552 [INFO] [开始读取数据库表：tuiding_data]
2025-11-14 21:30:05,745 [INFO] [成功读取表 tuiding_data，数据行数：4091]
2025-11-14 21:30:05,745 [INFO] [开始读取数据库表：debit_data]
2025-11-14 21:30:07,653 [INFO] [成功读取表 debit_data，数据行数：24700]
2025-11-14 21:30:08,039 [INFO] [开始读取数据库表：sales_invoice_data]
2025-11-14 21:30:09,202 [INFO] [成功读取表 sales_invoice_data，数据行数：18032]
2025-11-14 21:59:31,120 [INFO] [数据库引擎创建成功]
2025-11-14 21:59:31,120 [INFO] [开始读取数据库表：order_data]
2025-11-14 21:59:32,515 [INFO] [成功读取表 order_data，数据行数：23256]
2025-11-14 21:59:32,813 [INFO] [开始读取数据库表：sales_data]
2025-11-14 21:59:38,107 [INFO] [成功读取表 sales_data，数据行数：25048]
2025-11-14 21:59:39,961 [INFO] [开始读取数据库表：jingpin_data]
2025-11-14 21:59:40,202 [INFO] [成功读取表 jingpin_data，数据行数：4405]
2025-11-14 21:59:40,271 [INFO] [开始读取数据库表：inventory_data]
2025-11-14 21:59:40,773 [INFO] [成功读取表 inventory_data，数据行数：5812]
2025-11-14 21:59:40,773 [INFO] [开始读取数据库表：tuiding_data]
2025-11-14 21:59:40,974 [INFO] [成功读取表 tuiding_data，数据行数：4091]
2025-11-14 21:59:40,974 [INFO] [开始读取数据库表：debit_data]
2025-11-14 21:59:42,836 [INFO] [成功读取表 debit_data，数据行数：24759]
2025-11-14 21:59:43,200 [INFO] [开始读取数据库表：sales_invoice_data]
2025-11-14 21:59:44,349 [INFO] [成功读取表 sales_invoice_data，数据行数：18032]
2025-11-14 22:29:14,526 [INFO] [数据库引擎创建成功]
2025-11-14 22:29:14,526 [INFO] [开始读取数据库表：order_data]
2025-11-14 22:29:15,007 [INFO] [成功读取表 order_data，数据行数：23256]
2025-11-14 22:29:15,148 [INFO] [开始读取数据库表：sales_data]
2025-11-14 22:29:19,957 [INFO] [成功读取表 sales_data，数据行数：25048]
2025-11-14 22:29:21,829 [INFO] [开始读取数据库表：jingpin_data]
2025-11-14 22:29:22,059 [INFO] [成功读取表 jingpin_data，数据行数：4405]
2025-11-14 22:29:22,127 [INFO] [开始读取数据库表：inventory_data]
2025-11-14 22:29:22,638 [INFO] [成功读取表 inventory_data，数据行数：5812]
2025-11-14 22:29:22,638 [INFO] [开始读取数据库表：tuiding_data]
2025-11-14 22:29:22,837 [INFO] [成功读取表 tuiding_data，数据行数：4091]
2025-11-14 22:29:22,841 [INFO] [开始读取数据库表：debit_data]
2025-11-14 22:29:24,731 [INFO] [成功读取表 debit_data，数据行数：24759]
2025-11-14 22:29:25,082 [INFO] [开始读取数据库表：sales_invoice_data]
2025-11-14 22:29:26,212 [INFO] [成功读取表 sales_invoice_data，数据行数：18032]
2025-11-14 22:58:55,183 [INFO] [数据库引擎创建成功]
2025-11-14 22:58:55,183 [INFO] [开始读取数据库表：order_data]
2025-11-14 22:58:55,629 [INFO] [成功读取表 order_data，数据行数：23256]
2025-11-14 22:58:55,755 [INFO] [开始读取数据库表：sales_data]
2025-11-14 22:58:59,321 [INFO] [成功读取表 sales_data，数据行数：25048]
2025-11-14 22:59:01,240 [INFO] [开始读取数据库表：jingpin_data]
2025-11-14 22:59:01,470 [INFO] [成功读取表 jingpin_data，数据行数：4405]
2025-11-14 22:59:01,545 [INFO] [开始读取数据库表：inventory_data]
2025-11-14 22:59:04,016 [INFO] [成功读取表 inventory_data，数据行数：5812]
2025-11-14 22:59:04,016 [INFO] [开始读取数据库表：tuiding_data]
2025-11-14 22:59:04,181 [INFO] [成功读取表 tuiding_data，数据行数：4091]
2025-11-14 22:59:04,181 [INFO] [开始读取数据库表：debit_data]
2025-11-14 22:59:05,904 [INFO] [成功读取表 debit_data，数据行数：24759]
2025-11-14 22:59:06,267 [INFO] [开始读取数据库表：sales_invoice_data]
2025-11-14 22:59:07,464 [INFO] [成功读取表 sales_invoice_data，数据行数：18032]
2025-11-14 23:28:55,290 [INFO] [数据库引擎创建成功]
2025-11-14 23:28:55,290 [INFO] [开始读取数据库表：order_data]
2025-11-14 23:28:55,802 [INFO] [成功读取表 order_data，数据行数：23256]
2025-11-14 23:28:55,929 [INFO] [开始读取数据库表：sales_data]
2025-11-14 23:28:59,449 [INFO] [成功读取表 sales_data，数据行数：25048]
2025-11-14 23:29:01,385 [INFO] [开始读取数据库表：jingpin_data]
2025-11-14 23:29:01,635 [INFO] [成功读取表 jingpin_data，数据行数：4405]
2025-11-14 23:29:01,705 [INFO] [开始读取数据库表：inventory_data]
2025-11-14 23:29:02,232 [INFO] [成功读取表 inventory_data，数据行数：5812]
2025-11-14 23:29:02,232 [INFO] [开始读取数据库表：tuiding_data]
2025-11-14 23:29:02,445 [INFO] [成功读取表 tuiding_data，数据行数：4091]
2025-11-14 23:29:02,445 [INFO] [开始读取数据库表：debit_data]
2025-11-14 23:29:06,387 [INFO] [成功读取表 debit_data，数据行数：24763]
2025-11-14 23:29:06,753 [INFO] [开始读取数据库表：sales_invoice_data]
2025-11-14 23:29:07,934 [INFO] [成功读取表 sales_invoice_data，数据行数：18032]
2025-11-14 23:58:57,279 [INFO] [数据库引擎创建成功]
2025-11-14 23:58:57,279 [INFO] [开始读取数据库表：order_data]
2025-11-14 23:58:57,791 [INFO] [成功读取表 order_data，数据行数：23256]
2025-11-14 23:58:57,953 [INFO] [开始读取数据库表：sales_data]
2025-11-14 23:59:02,281 [INFO] [成功读取表 sales_data，数据行数：25048]
2025-11-14 23:59:06,382 [INFO] [开始读取数据库表：jingpin_data]
2025-11-14 23:59:06,588 [INFO] [成功读取表 jingpin_data，数据行数：4405]
2025-11-14 23:59:06,641 [INFO] [开始读取数据库表：inventory_data]
2025-11-14 23:59:07,082 [INFO] [成功读取表 inventory_data，数据行数：5812]
2025-11-14 23:59:07,083 [INFO] [开始读取数据库表：tuiding_data]
2025-11-14 23:59:07,271 [INFO] [成功读取表 tuiding_data，数据行数：4091]
2025-11-14 23:59:07,271 [INFO] [开始读取数据库表：debit_data]
2025-11-14 23:59:09,179 [INFO] [成功读取表 debit_data，数据行数：24763]
2025-11-14 23:59:09,544 [INFO] [开始读取数据库表：sales_invoice_data]
2025-11-14 23:59:10,689 [INFO] [成功读取表 sales_invoice_data，数据行数：18032]
