2025-12-16 08:55:06,679 [INFO] [数据库引擎创建成功]
2025-12-16 08:55:06,680 [INFO] [开始读取数据库表：order_data]
2025-12-16 08:55:08,538 [INFO] [成功读取表 order_data，数据行数：25970]
2025-12-16 08:55:08,914 [INFO] [开始读取数据库表：sales_data]
2025-12-16 08:55:15,345 [INFO] [成功读取表 sales_data，数据行数：23397]
2025-12-16 08:55:17,475 [INFO] [开始读取数据库表：jingpin_data]
2025-12-16 08:55:17,744 [INFO] [成功读取表 jingpin_data，数据行数：5277]
2025-12-16 08:55:18,806 [INFO] [开始读取数据库表：inventory_data]
2025-12-16 08:55:19,173 [INFO] [成功读取表 inventory_data，数据行数：4686]
2025-12-16 08:55:19,174 [INFO] [开始读取数据库表：tuiding_data]
2025-12-16 08:55:19,378 [INFO] [成功读取表 tuiding_data，数据行数：4685]
2025-12-16 08:55:19,379 [INFO] [开始读取数据库表：debit_data]
2025-12-16 08:55:21,339 [INFO] [成功读取表 debit_data，数据行数：26525]
2025-12-16 08:55:21,764 [INFO] [开始读取数据库表：sales_invoice_data]
2025-12-16 08:55:23,281 [INFO] [成功读取表 sales_invoice_data，数据行数：21056]
2025-12-16 09:27:03,151 [INFO] [数据库引擎创建成功]
2025-12-16 09:27:03,153 [INFO] [开始读取数据库表：order_data]
2025-12-16 09:27:05,121 [INFO] [成功读取表 order_data，数据行数：25974]
2025-12-16 09:27:05,458 [INFO] [开始读取数据库表：sales_data]
2025-12-16 09:27:13,153 [INFO] [成功读取表 sales_data，数据行数：23397]
2025-12-16 09:27:16,489 [INFO] [开始读取数据库表：jingpin_data]
2025-12-16 09:27:16,998 [INFO] [成功读取表 jingpin_data，数据行数：5278]
2025-12-16 09:27:17,116 [INFO] [开始读取数据库表：inventory_data]
2025-12-16 09:27:17,935 [INFO] [成功读取表 inventory_data，数据行数：4686]
2025-12-16 09:27:17,937 [INFO] [开始读取数据库表：tuiding_data]
2025-12-16 09:27:18,381 [INFO] [成功读取表 tuiding_data，数据行数：4685]
2025-12-16 09:27:18,382 [INFO] [开始读取数据库表：debit_data]
2025-12-16 09:27:20,698 [INFO] [成功读取表 debit_data，数据行数：26525]
2025-12-16 09:27:21,176 [INFO] [开始读取数据库表：sales_invoice_data]
2025-12-16 09:27:22,755 [INFO] [成功读取表 sales_invoice_data，数据行数：21056]
2025-12-16 09:57:58,923 [INFO] [数据库引擎创建成功]
2025-12-16 09:57:58,923 [INFO] [开始读取数据库表：order_data]
2025-12-16 09:58:00,871 [INFO] [成功读取表 order_data，数据行数：25978]
2025-12-16 09:58:01,208 [INFO] [开始读取数据库表：sales_data]
2025-12-16 09:58:07,426 [INFO] [成功读取表 sales_data，数据行数：23398]
2025-12-16 09:58:09,425 [INFO] [开始读取数据库表：jingpin_data]
2025-12-16 09:58:09,765 [INFO] [成功读取表 jingpin_data，数据行数：5280]
2025-12-16 09:58:09,835 [INFO] [开始读取数据库表：inventory_data]
2025-12-16 09:58:10,279 [INFO] [成功读取表 inventory_data，数据行数：4685]
2025-12-16 09:58:10,279 [INFO] [开始读取数据库表：tuiding_data]
2025-12-16 09:58:10,533 [INFO] [成功读取表 tuiding_data，数据行数：4685]
2025-12-16 09:58:10,533 [INFO] [开始读取数据库表：debit_data]
2025-12-16 09:58:12,581 [INFO] [成功读取表 debit_data，数据行数：26525]
2025-12-16 09:58:12,968 [INFO] [开始读取数据库表：sales_invoice_data]
2025-12-16 09:58:14,456 [INFO] [成功读取表 sales_invoice_data，数据行数：21057]
2025-12-16 10:27:52,395 [INFO] [数据库引擎创建成功]
2025-12-16 10:27:52,395 [INFO] [开始读取数据库表：order_data]
2025-12-16 10:27:55,236 [INFO] [成功读取表 order_data，数据行数：25971]
2025-12-16 10:27:55,624 [INFO] [开始读取数据库表：sales_data]
2025-12-16 10:28:02,049 [INFO] [成功读取表 sales_data，数据行数：23399]
2025-12-16 10:28:04,239 [INFO] [开始读取数据库表：jingpin_data]
2025-12-16 10:28:04,599 [INFO] [成功读取表 jingpin_data，数据行数：5287]
2025-12-16 10:28:04,685 [INFO] [开始读取数据库表：inventory_data]
2025-12-16 10:28:05,116 [INFO] [成功读取表 inventory_data，数据行数：4685]
2025-12-16 10:28:05,117 [INFO] [开始读取数据库表：tuiding_data]
2025-12-16 10:28:05,384 [INFO] [成功读取表 tuiding_data，数据行数：4686]
2025-12-16 10:28:05,384 [INFO] [开始读取数据库表：debit_data]
2025-12-16 10:28:07,542 [INFO] [成功读取表 debit_data，数据行数：26525]
2025-12-16 10:28:07,944 [INFO] [开始读取数据库表：sales_invoice_data]
2025-12-16 10:28:09,403 [INFO] [成功读取表 sales_invoice_data，数据行数：21057]
2025-12-16 10:57:10,371 [INFO] [数据库引擎创建成功]
2025-12-16 10:57:10,372 [INFO] [开始读取数据库表：order_data]
2025-12-16 10:57:12,343 [INFO] [成功读取表 order_data，数据行数：25971]
2025-12-16 10:57:12,686 [INFO] [开始读取数据库表：sales_data]
2025-12-16 10:57:19,045 [INFO] [成功读取表 sales_data，数据行数：23404]
2025-12-16 10:57:20,989 [INFO] [开始读取数据库表：jingpin_data]
2025-12-16 10:57:21,339 [INFO] [成功读取表 jingpin_data，数据行数：5287]
2025-12-16 10:57:21,405 [INFO] [开始读取数据库表：inventory_data]
2025-12-16 10:57:21,855 [INFO] [成功读取表 inventory_data，数据行数：4681]
2025-12-16 10:57:21,855 [INFO] [开始读取数据库表：tuiding_data]
2025-12-16 10:57:22,094 [INFO] [成功读取表 tuiding_data，数据行数：4686]
2025-12-16 10:57:22,094 [INFO] [开始读取数据库表：debit_data]
2025-12-16 10:57:24,110 [INFO] [成功读取表 debit_data，数据行数：26525]
2025-12-16 10:57:24,476 [INFO] [开始读取数据库表：sales_invoice_data]
2025-12-16 10:57:25,869 [INFO] [成功读取表 sales_invoice_data，数据行数：21060]
2025-12-16 11:27:44,857 [INFO] [数据库引擎创建成功]
2025-12-16 11:27:44,859 [INFO] [开始读取数据库表：order_data]
2025-12-16 11:27:46,728 [INFO] [成功读取表 order_data，数据行数：25974]
2025-12-16 11:27:47,066 [INFO] [开始读取数据库表：sales_data]
2025-12-16 11:27:53,371 [INFO] [成功读取表 sales_data，数据行数：23411]
2025-12-16 11:27:55,351 [INFO] [开始读取数据库表：jingpin_data]
2025-12-16 11:27:55,705 [INFO] [成功读取表 jingpin_data，数据行数：5288]
2025-12-16 11:27:55,758 [INFO] [开始读取数据库表：inventory_data]
2025-12-16 11:27:56,187 [INFO] [成功读取表 inventory_data，数据行数：4673]
2025-12-16 11:27:56,187 [INFO] [开始读取数据库表：tuiding_data]
2025-12-16 11:27:56,397 [INFO] [成功读取表 tuiding_data，数据行数：4686]
2025-12-16 11:27:56,397 [INFO] [开始读取数据库表：debit_data]
2025-12-16 11:27:58,439 [INFO] [成功读取表 debit_data，数据行数：26525]
2025-12-16 11:27:58,833 [INFO] [开始读取数据库表：sales_invoice_data]
2025-12-16 11:28:00,325 [INFO] [成功读取表 sales_invoice_data，数据行数：21067]
2025-12-16 11:57:04,218 [INFO] [数据库引擎创建成功]
2025-12-16 11:57:04,218 [INFO] [开始读取数据库表：order_data]
2025-12-16 11:57:05,930 [INFO] [成功读取表 order_data，数据行数：25973]
2025-12-16 11:57:06,271 [INFO] [开始读取数据库表：sales_data]
2025-12-16 11:57:12,712 [INFO] [成功读取表 sales_data，数据行数：23419]
2025-12-16 11:57:14,710 [INFO] [开始读取数据库表：jingpin_data]
2025-12-16 11:57:15,083 [INFO] [成功读取表 jingpin_data，数据行数：5289]
2025-12-16 11:57:15,157 [INFO] [开始读取数据库表：inventory_data]
2025-12-16 11:57:15,609 [INFO] [成功读取表 inventory_data，数据行数：4665]
2025-12-16 11:57:15,609 [INFO] [开始读取数据库表：tuiding_data]
2025-12-16 11:57:15,868 [INFO] [成功读取表 tuiding_data，数据行数：4687]
2025-12-16 11:57:15,868 [INFO] [开始读取数据库表：debit_data]
2025-12-16 11:57:17,990 [INFO] [成功读取表 debit_data，数据行数：26525]
2025-12-16 11:57:18,387 [INFO] [开始读取数据库表：sales_invoice_data]
2025-12-16 11:57:19,886 [INFO] [成功读取表 sales_invoice_data，数据行数：21076]
2025-12-16 12:26:57,815 [INFO] [数据库引擎创建成功]
2025-12-16 12:26:57,815 [INFO] [开始读取数据库表：order_data]
2025-12-16 12:26:59,680 [INFO] [成功读取表 order_data，数据行数：25974]
2025-12-16 12:26:59,958 [INFO] [开始读取数据库表：sales_data]
2025-12-16 12:27:05,622 [INFO] [成功读取表 sales_data，数据行数：23423]
2025-12-16 12:27:07,412 [INFO] [开始读取数据库表：jingpin_data]
2025-12-16 12:27:07,726 [INFO] [成功读取表 jingpin_data，数据行数：5290]
2025-12-16 12:27:07,789 [INFO] [开始读取数据库表：inventory_data]
2025-12-16 12:27:08,170 [INFO] [成功读取表 inventory_data，数据行数：4685]
2025-12-16 12:27:08,170 [INFO] [开始读取数据库表：tuiding_data]
2025-12-16 12:27:08,374 [INFO] [成功读取表 tuiding_data，数据行数：4688]
2025-12-16 12:27:08,375 [INFO] [开始读取数据库表：debit_data]
2025-12-16 12:27:12,223 [INFO] [成功读取表 debit_data，数据行数：26567]
2025-12-16 12:27:12,582 [INFO] [开始读取数据库表：sales_invoice_data]
2025-12-16 12:27:13,906 [INFO] [成功读取表 sales_invoice_data，数据行数：21080]
2025-12-16 12:57:08,977 [INFO] [数据库引擎创建成功]
2025-12-16 12:57:08,978 [INFO] [开始读取数据库表：order_data]
2025-12-16 12:57:10,825 [INFO] [成功读取表 order_data，数据行数：25976]
2025-12-16 12:57:11,172 [INFO] [开始读取数据库表：sales_data]
2025-12-16 12:57:17,602 [INFO] [成功读取表 sales_data，数据行数：23426]
2025-12-16 12:57:19,577 [INFO] [开始读取数据库表：jingpin_data]
2025-12-16 12:57:19,943 [INFO] [成功读取表 jingpin_data，数据行数：5289]
2025-12-16 12:57:20,021 [INFO] [开始读取数据库表：inventory_data]
2025-12-16 12:57:20,456 [INFO] [成功读取表 inventory_data，数据行数：4682]
2025-12-16 12:57:20,456 [INFO] [开始读取数据库表：tuiding_data]
2025-12-16 12:57:20,707 [INFO] [成功读取表 tuiding_data，数据行数：4688]
2025-12-16 12:57:20,708 [INFO] [开始读取数据库表：debit_data]
2025-12-16 12:57:22,800 [INFO] [成功读取表 debit_data，数据行数：26567]
2025-12-16 12:57:23,189 [INFO] [开始读取数据库表：sales_invoice_data]
2025-12-16 12:57:24,702 [INFO] [成功读取表 sales_invoice_data，数据行数：21083]
2025-12-16 13:27:29,691 [INFO] [数据库引擎创建成功]
2025-12-16 13:27:29,692 [INFO] [开始读取数据库表：order_data]
2025-12-16 13:27:31,370 [INFO] [成功读取表 order_data，数据行数：25978]
2025-12-16 13:27:31,699 [INFO] [开始读取数据库表：sales_data]
2025-12-16 13:27:38,177 [INFO] [成功读取表 sales_data，数据行数：23431]
2025-12-16 13:27:40,215 [INFO] [开始读取数据库表：jingpin_data]
2025-12-16 13:27:40,563 [INFO] [成功读取表 jingpin_data，数据行数：5294]
2025-12-16 13:27:40,640 [INFO] [开始读取数据库表：inventory_data]
2025-12-16 13:27:41,116 [INFO] [成功读取表 inventory_data，数据行数：4677]
2025-12-16 13:27:41,116 [INFO] [开始读取数据库表：tuiding_data]
2025-12-16 13:27:41,372 [INFO] [成功读取表 tuiding_data，数据行数：4688]
2025-12-16 13:27:41,372 [INFO] [开始读取数据库表：debit_data]
2025-12-16 13:27:43,459 [INFO] [成功读取表 debit_data，数据行数：26567]
2025-12-16 13:27:43,848 [INFO] [开始读取数据库表：sales_invoice_data]
2025-12-16 13:27:45,349 [INFO] [成功读取表 sales_invoice_data，数据行数：21088]
2025-12-16 13:57:47,828 [INFO] [数据库引擎创建成功]
2025-12-16 13:57:47,829 [INFO] [开始读取数据库表：order_data]
2025-12-16 13:57:49,671 [INFO] [成功读取表 order_data，数据行数：25983]
2025-12-16 13:57:50,015 [INFO] [开始读取数据库表：sales_data]
2025-12-16 13:57:56,489 [INFO] [成功读取表 sales_data，数据行数：23436]
2025-12-16 13:57:58,327 [INFO] [开始读取数据库表：jingpin_data]
2025-12-16 13:57:58,695 [INFO] [成功读取表 jingpin_data，数据行数：5294]
2025-12-16 13:57:58,767 [INFO] [开始读取数据库表：inventory_data]
2025-12-16 13:57:59,229 [INFO] [成功读取表 inventory_data，数据行数：4672]
2025-12-16 13:57:59,229 [INFO] [开始读取数据库表：tuiding_data]
2025-12-16 13:57:59,492 [INFO] [成功读取表 tuiding_data，数据行数：4688]
2025-12-16 13:57:59,492 [INFO] [开始读取数据库表：debit_data]
2025-12-16 13:58:01,588 [INFO] [成功读取表 debit_data，数据行数：26567]
2025-12-16 13:58:01,971 [INFO] [开始读取数据库表：sales_invoice_data]
2025-12-16 13:58:03,418 [INFO] [成功读取表 sales_invoice_data，数据行数：21093]
2025-12-16 14:27:36,710 [INFO] [数据库引擎创建成功]
2025-12-16 14:27:36,710 [INFO] [开始读取数据库表：order_data]
2025-12-16 14:27:38,645 [INFO] [成功读取表 order_data，数据行数：25892]
2025-12-16 14:27:38,981 [INFO] [开始读取数据库表：sales_data]
2025-12-16 14:27:44,843 [INFO] [成功读取表 sales_data，数据行数：23403]
2025-12-16 14:27:46,522 [INFO] [开始读取数据库表：jingpin_data]
2025-12-16 14:27:46,790 [INFO] [成功读取表 jingpin_data，数据行数：5298]
2025-12-16 14:27:46,838 [INFO] [开始读取数据库表：inventory_data]
2025-12-16 14:27:47,251 [INFO] [成功读取表 inventory_data，数据行数：4666]
2025-12-16 14:27:47,252 [INFO] [开始读取数据库表：tuiding_data]
2025-12-16 14:27:47,433 [INFO] [成功读取表 tuiding_data，数据行数：4689]
2025-12-16 14:27:47,433 [INFO] [开始读取数据库表：debit_data]
2025-12-16 14:27:49,245 [INFO] [成功读取表 debit_data，数据行数：26567]
2025-12-16 14:27:49,579 [INFO] [开始读取数据库表：sales_invoice_data]
2025-12-16 14:27:50,964 [INFO] [成功读取表 sales_invoice_data，数据行数：21059]
2025-12-16 14:57:38,350 [INFO] [数据库引擎创建成功]
2025-12-16 14:57:38,350 [INFO] [开始读取数据库表：order_data]
2025-12-16 14:57:40,360 [INFO] [成功读取表 order_data，数据行数：25893]
2025-12-16 14:57:40,696 [INFO] [开始读取数据库表：sales_data]
2025-12-16 14:57:47,136 [INFO] [成功读取表 sales_data，数据行数：23404]
2025-12-16 14:57:49,254 [INFO] [开始读取数据库表：jingpin_data]
2025-12-16 14:57:49,633 [INFO] [成功读取表 jingpin_data，数据行数：5311]
2025-12-16 14:57:49,706 [INFO] [开始读取数据库表：inventory_data]
2025-12-16 14:57:50,150 [INFO] [成功读取表 inventory_data，数据行数：4665]
2025-12-16 14:57:50,151 [INFO] [开始读取数据库表：tuiding_data]
2025-12-16 14:57:50,383 [INFO] [成功读取表 tuiding_data，数据行数：4690]
2025-12-16 14:57:50,383 [INFO] [开始读取数据库表：debit_data]
2025-12-16 14:57:52,404 [INFO] [成功读取表 debit_data，数据行数：26567]
2025-12-16 14:57:52,802 [INFO] [开始读取数据库表：sales_invoice_data]
2025-12-16 14:57:54,259 [INFO] [成功读取表 sales_invoice_data，数据行数：21060]
2025-12-16 15:27:30,491 [INFO] [数据库引擎创建成功]
2025-12-16 15:27:30,491 [INFO] [开始读取数据库表：order_data]
2025-12-16 15:27:32,392 [INFO] [成功读取表 order_data，数据行数：25900]
2025-12-16 15:27:32,730 [INFO] [开始读取数据库表：sales_data]
2025-12-16 15:27:38,914 [INFO] [成功读取表 sales_data，数据行数：23410]
2025-12-16 15:27:40,979 [INFO] [开始读取数据库表：jingpin_data]
2025-12-16 15:27:41,313 [INFO] [成功读取表 jingpin_data，数据行数：5311]
2025-12-16 15:27:41,386 [INFO] [开始读取数据库表：inventory_data]
2025-12-16 15:27:41,818 [INFO] [成功读取表 inventory_data，数据行数：4659]
2025-12-16 15:27:41,819 [INFO] [开始读取数据库表：tuiding_data]
2025-12-16 15:27:42,072 [INFO] [成功读取表 tuiding_data，数据行数：4690]
2025-12-16 15:27:42,072 [INFO] [开始读取数据库表：debit_data]
2025-12-16 15:27:44,082 [INFO] [成功读取表 debit_data，数据行数：26567]
2025-12-16 15:27:44,471 [INFO] [开始读取数据库表：sales_invoice_data]
2025-12-16 15:27:45,948 [INFO] [成功读取表 sales_invoice_data，数据行数：21060]
2025-12-16 15:57:21,060 [INFO] [数据库引擎创建成功]
2025-12-16 15:57:21,060 [INFO] [开始读取数据库表：order_data]
2025-12-16 15:57:23,037 [INFO] [成功读取表 order_data，数据行数：25902]
2025-12-16 15:57:23,352 [INFO] [开始读取数据库表：sales_data]
2025-12-16 15:57:29,387 [INFO] [成功读取表 sales_data，数据行数：23425]
2025-12-16 15:57:31,607 [INFO] [开始读取数据库表：jingpin_data]
2025-12-16 15:57:31,949 [INFO] [成功读取表 jingpin_data，数据行数：5311]
2025-12-16 15:57:32,016 [INFO] [开始读取数据库表：inventory_data]
2025-12-16 15:57:32,399 [INFO] [成功读取表 inventory_data，数据行数：4644]
2025-12-16 15:57:32,399 [INFO] [开始读取数据库表：tuiding_data]
2025-12-16 15:57:32,640 [INFO] [成功读取表 tuiding_data，数据行数：4690]
2025-12-16 15:57:32,640 [INFO] [开始读取数据库表：debit_data]
2025-12-16 15:57:34,555 [INFO] [成功读取表 debit_data，数据行数：26567]
2025-12-16 15:57:34,919 [INFO] [开始读取数据库表：sales_invoice_data]
2025-12-16 15:57:36,311 [INFO] [成功读取表 sales_invoice_data，数据行数：21060]
2025-12-16 16:27:46,007 [INFO] [数据库引擎创建成功]
2025-12-16 16:27:46,007 [INFO] [开始读取数据库表：order_data]
2025-12-16 16:27:49,027 [INFO] [成功读取表 order_data，数据行数：25904]
2025-12-16 16:27:49,296 [INFO] [开始读取数据库表：sales_data]
2025-12-16 16:27:53,411 [INFO] [成功读取表 sales_data，数据行数：22415]
2025-12-16 16:27:56,648 [INFO] [开始读取数据库表：jingpin_data]
2025-12-16 16:27:56,652 [ERROR] [数据库操作失败（表：jingpin_data，SQL：SELECT * FROM `jingpin_data`）：(pymysql.err.ProgrammingError) (1146, "Table 'cyy_stg_data.jingpin_data' doesn't exist")
[SQL: SELECT * FROM `jingpin_data`]
(Background on this error at: https://sqlalche.me/e/20/f405)]
Traceback (most recent call last):
  File "D:\python-3.13.3\Lib\site-packages\sqlalchemy\engine\base.py", line 1967, in _exec_single_context
    self.dialect.do_execute(
    ~~~~~~~~~~~~~~~~~~~~~~~^
        cursor, str_statement, effective_parameters, context
        ^^^^^^^^^^^^^^^^^^^^^^^^^^^^^^^^^^^^^^^^^^^^^^^^^^^^
    )
    ^
  File "D:\python-3.13.3\Lib\site-packages\sqlalchemy\engine\default.py", line 951, in do_execute
    cursor.execute(statement, parameters)
    ~~~~~~~~~~~~~~^^^^^^^^^^^^^^^^^^^^^^^
  File "D:\python-3.13.3\Lib\site-packages\pymysql\cursors.py", line 153, in execute
    result = self._query(query)
  File "D:\python-3.13.3\Lib\site-packages\pymysql\cursors.py", line 322, in _query
    conn.query(q)
    ~~~~~~~~~~^^^
  File "D:\python-3.13.3\Lib\site-packages\pymysql\connections.py", line 575, in query
    self._affected_rows = self._read_query_result(unbuffered=unbuffered)
                          ~~~~~~~~~~~~~~~~~~~~~~~^^^^^^^^^^^^^^^^^^^^^^^
  File "D:\python-3.13.3\Lib\site-packages\pymysql\connections.py", line 826, in _read_query_result
    result.read()
    ~~~~~~~~~~~^^
  File "D:\python-3.13.3\Lib\site-packages\pymysql\connections.py", line 1203, in read
    first_packet = self.connection._read_packet()
  File "D:\python-3.13.3\Lib\site-packages\pymysql\connections.py", line 782, in _read_packet
    packet.raise_for_error()
    ~~~~~~~~~~~~~~~~~~~~~~^^
  File "D:\python-3.13.3\Lib\site-packages\pymysql\protocol.py", line 219, in raise_for_error
    err.raise_mysql_exception(self._data)
    ~~~~~~~~~~~~~~~~~~~~~~~~~^^^^^^^^^^^^
  File "D:\python-3.13.3\Lib\site-packages\pymysql\err.py", line 150, in raise_mysql_exception
    raise errorclass(errno, errval)
pymysql.err.ProgrammingError: (1146, "Table 'cyy_stg_data.jingpin_data' doesn't exist")

The above exception was the direct cause of the following exception:

Traceback (most recent call last):
  File "E:\powerbi_data\代码执行\私有云数据\concat_dashboad.py", line 122, in _read_from_db
    df = pd.read_sql(sql, self.engine)
  File "D:\python-3.13.3\Lib\site-packages\pandas\io\sql.py", line 736, in read_sql
    return pandas_sql.read_query(
           ~~~~~~~~~~~~~~~~~~~~~^
        sql,
        ^^^^
    ...<6 lines>...
        dtype=dtype,
        ^^^^^^^^^^^^
    )
    ^
  File "D:\python-3.13.3\Lib\site-packages\pandas\io\sql.py", line 1848, in read_query
    result = self.execute(sql, params)
  File "D:\python-3.13.3\Lib\site-packages\pandas\io\sql.py", line 1671, in execute
    return self.con.exec_driver_sql(sql, *args)
           ~~~~~~~~~~~~~~~~~~~~~~~~^^^^^^^^^^^^
  File "D:\python-3.13.3\Lib\site-packages\sqlalchemy\engine\base.py", line 1779, in exec_driver_sql
    ret = self._execute_context(
        dialect,
    ...<5 lines>...
        distilled_parameters,
    )
  File "D:\python-3.13.3\Lib\site-packages\sqlalchemy\engine\base.py", line 1846, in _execute_context
    return self._exec_single_context(
           ~~~~~~~~~~~~~~~~~~~~~~~~~^
        dialect, context, statement, parameters
        ^^^^^^^^^^^^^^^^^^^^^^^^^^^^^^^^^^^^^^^
    )
    ^
  File "D:\python-3.13.3\Lib\site-packages\sqlalchemy\engine\base.py", line 1986, in _exec_single_context
    self._handle_dbapi_exception(
    ~~~~~~~~~~~~~~~~~~~~~~~~~~~~^
        e, str_statement, effective_parameters, cursor, context
        ^^^^^^^^^^^^^^^^^^^^^^^^^^^^^^^^^^^^^^^^^^^^^^^^^^^^^^^
    )
    ^
  File "D:\python-3.13.3\Lib\site-packages\sqlalchemy\engine\base.py", line 2355, in _handle_dbapi_exception
    raise sqlalchemy_exception.with_traceback(exc_info[2]) from e
  File "D:\python-3.13.3\Lib\site-packages\sqlalchemy\engine\base.py", line 1967, in _exec_single_context
    self.dialect.do_execute(
    ~~~~~~~~~~~~~~~~~~~~~~~^
        cursor, str_statement, effective_parameters, context
        ^^^^^^^^^^^^^^^^^^^^^^^^^^^^^^^^^^^^^^^^^^^^^^^^^^^^
    )
    ^
  File "D:\python-3.13.3\Lib\site-packages\sqlalchemy\engine\default.py", line 951, in do_execute
    cursor.execute(statement, parameters)
    ~~~~~~~~~~~~~~^^^^^^^^^^^^^^^^^^^^^^^
  File "D:\python-3.13.3\Lib\site-packages\pymysql\cursors.py", line 153, in execute
    result = self._query(query)
  File "D:\python-3.13.3\Lib\site-packages\pymysql\cursors.py", line 322, in _query
    conn.query(q)
    ~~~~~~~~~~^^^
  File "D:\python-3.13.3\Lib\site-packages\pymysql\connections.py", line 575, in query
    self._affected_rows = self._read_query_result(unbuffered=unbuffered)
                          ~~~~~~~~~~~~~~~~~~~~~~~^^^^^^^^^^^^^^^^^^^^^^^
  File "D:\python-3.13.3\Lib\site-packages\pymysql\connections.py", line 826, in _read_query_result
    result.read()
    ~~~~~~~~~~~^^
  File "D:\python-3.13.3\Lib\site-packages\pymysql\connections.py", line 1203, in read
    first_packet = self.connection._read_packet()
  File "D:\python-3.13.3\Lib\site-packages\pymysql\connections.py", line 782, in _read_packet
    packet.raise_for_error()
    ~~~~~~~~~~~~~~~~~~~~~~^^
  File "D:\python-3.13.3\Lib\site-packages\pymysql\protocol.py", line 219, in raise_for_error
    err.raise_mysql_exception(self._data)
    ~~~~~~~~~~~~~~~~~~~~~~~~~^^^^^^^^^^^^
  File "D:\python-3.13.3\Lib\site-packages\pymysql\err.py", line 150, in raise_mysql_exception
    raise errorclass(errno, errval)
sqlalchemy.exc.ProgrammingError: (pymysql.err.ProgrammingError) (1146, "Table 'cyy_stg_data.jingpin_data' doesn't exist")
[SQL: SELECT * FROM `jingpin_data`]
(Background on this error at: https://sqlalche.me/e/20/f405)
2025-12-16 16:55:31,498 [INFO] [数据库引擎创建成功]
2025-12-16 16:55:31,498 [INFO] [开始读取数据库表：order_data]
2025-12-16 16:55:32,071 [INFO] [成功读取表 order_data，数据行数：25917]
2025-12-16 16:55:32,203 [INFO] [开始读取数据库表：sales_data]
2025-12-16 16:55:34,728 [INFO] [成功读取表 sales_data，数据行数：23447]
2025-12-16 16:55:35,511 [INFO] [开始读取数据库表：jingpin_data]
2025-12-16 16:55:35,563 [INFO] [成功读取表 jingpin_data，数据行数：5001]
2025-12-16 16:55:35,591 [INFO] [开始读取数据库表：inventory_data]
2025-12-16 16:55:35,724 [INFO] [成功读取表 inventory_data，数据行数：4618]
2025-12-16 16:55:35,724 [INFO] [开始读取数据库表：tuiding_data]
2025-12-16 16:55:35,798 [INFO] [成功读取表 tuiding_data，数据行数：4699]
2025-12-16 16:55:35,798 [INFO] [开始读取数据库表：debit_data]
2025-12-16 16:55:36,354 [INFO] [成功读取表 debit_data，数据行数：26567]
2025-12-16 16:55:36,513 [INFO] [开始读取数据库表：sales_invoice_data]
2025-12-16 16:55:37,230 [INFO] [成功读取表 sales_invoice_data，数据行数：21135]
2025-12-16 17:05:22,387 [INFO] [数据库引擎创建成功]
2025-12-16 17:05:22,387 [INFO] [开始读取数据库表：order_data]
2025-12-16 17:05:22,888 [INFO] [成功读取表 order_data，数据行数：25913]
2025-12-16 17:05:23,022 [INFO] [开始读取数据库表：sales_data]
2025-12-16 17:05:24,314 [INFO] [成功读取表 sales_data，数据行数：22431]
2025-12-16 17:05:25,080 [INFO] [开始读取数据库表：jingpin_data]
2025-12-16 17:05:25,136 [INFO] [成功读取表 jingpin_data，数据行数：5005]
2025-12-16 17:05:25,162 [INFO] [开始读取数据库表：inventory_data]
2025-12-16 17:05:25,289 [INFO] [成功读取表 inventory_data，数据行数：4613]
2025-12-16 17:05:25,289 [INFO] [开始读取数据库表：tuiding_data]
2025-12-16 17:05:25,382 [INFO] [成功读取表 tuiding_data，数据行数：4633]
2025-12-16 17:05:25,382 [INFO] [开始读取数据库表：debit_data]
2025-12-16 17:05:25,916 [INFO] [成功读取表 debit_data，数据行数：26567]
2025-12-16 17:05:26,074 [INFO] [开始读取数据库表：sales_invoice_data]
2025-12-16 17:05:26,532 [INFO] [成功读取表 sales_invoice_data，数据行数：21149]
2025-12-16 17:06:38,253 [INFO] [数据库引擎创建成功]
2025-12-16 17:06:38,254 [INFO] [开始读取数据库表：order_data]
2025-12-16 17:06:38,680 [INFO] [成功读取表 order_data，数据行数：25913]
2025-12-16 17:06:38,797 [INFO] [开始读取数据库表：sales_data]
2025-12-16 17:06:39,909 [INFO] [成功读取表 sales_data，数据行数：22431]
2025-12-16 17:06:40,611 [INFO] [开始读取数据库表：jingpin_data]
2025-12-16 17:06:40,654 [INFO] [成功读取表 jingpin_data，数据行数：5005]
2025-12-16 17:06:40,679 [INFO] [开始读取数据库表：inventory_data]
2025-12-16 17:06:40,786 [INFO] [成功读取表 inventory_data，数据行数：4613]
2025-12-16 17:06:40,786 [INFO] [开始读取数据库表：tuiding_data]
2025-12-16 17:06:40,873 [INFO] [成功读取表 tuiding_data，数据行数：4633]
2025-12-16 17:06:40,873 [INFO] [开始读取数据库表：debit_data]
2025-12-16 17:06:41,346 [INFO] [成功读取表 debit_data，数据行数：26567]
2025-12-16 17:06:41,471 [INFO] [开始读取数据库表：sales_invoice_data]
2025-12-16 17:06:41,834 [INFO] [成功读取表 sales_invoice_data，数据行数：21149]
2025-12-16 17:08:00,540 [INFO] [数据库引擎创建成功]
2025-12-16 17:08:00,540 [INFO] [开始读取数据库表：order_data]
2025-12-16 17:08:00,990 [INFO] [成功读取表 order_data，数据行数：25913]
2025-12-16 17:08:01,100 [INFO] [开始读取数据库表：sales_data]
2025-12-16 17:08:02,192 [INFO] [成功读取表 sales_data，数据行数：22431]
2025-12-16 17:08:02,899 [INFO] [开始读取数据库表：jingpin_data]
2025-12-16 17:08:02,945 [INFO] [成功读取表 jingpin_data，数据行数：5005]
2025-12-16 17:08:02,968 [INFO] [开始读取数据库表：inventory_data]
2025-12-16 17:08:03,075 [INFO] [成功读取表 inventory_data，数据行数：4613]
2025-12-16 17:08:03,075 [INFO] [开始读取数据库表：tuiding_data]
2025-12-16 17:08:03,158 [INFO] [成功读取表 tuiding_data，数据行数：4633]
2025-12-16 17:08:03,158 [INFO] [开始读取数据库表：debit_data]
2025-12-16 17:08:03,591 [INFO] [成功读取表 debit_data，数据行数：26567]
2025-12-16 17:08:03,721 [INFO] [开始读取数据库表：sales_invoice_data]
2025-12-16 17:08:04,076 [INFO] [成功读取表 sales_invoice_data，数据行数：21149]
2025-12-16 17:28:19,135 [INFO] [数据库引擎创建成功]
2025-12-16 17:28:19,135 [INFO] [开始读取数据库表：order_data]
2025-12-16 17:28:20,802 [INFO] [成功读取表 order_data，数据行数：25917]
2025-12-16 17:28:21,140 [INFO] [开始读取数据库表：sales_data]
2025-12-16 17:28:24,984 [INFO] [成功读取表 sales_data，数据行数：22436]
2025-12-16 17:28:26,983 [INFO] [开始读取数据库表：jingpin_data]
2025-12-16 17:28:27,150 [INFO] [成功读取表 jingpin_data，数据行数：5005]
2025-12-16 17:28:27,226 [INFO] [开始读取数据库表：inventory_data]
2025-12-16 17:28:27,664 [INFO] [成功读取表 inventory_data，数据行数：4610]
2025-12-16 17:28:27,664 [INFO] [开始读取数据库表：tuiding_data]
2025-12-16 17:28:27,947 [INFO] [成功读取表 tuiding_data，数据行数：4641]
2025-12-16 17:28:27,947 [INFO] [开始读取数据库表：debit_data]
2025-12-16 17:28:29,824 [INFO] [成功读取表 debit_data，数据行数：26567]
2025-12-16 17:28:30,210 [INFO] [开始读取数据库表：sales_invoice_data]
2025-12-16 17:28:31,629 [INFO] [成功读取表 sales_invoice_data，数据行数：21154]
2025-12-16 17:57:30,018 [INFO] [数据库引擎创建成功]
2025-12-16 17:57:30,018 [INFO] [开始读取数据库表：order_data]
2025-12-16 17:57:31,712 [INFO] [成功读取表 order_data，数据行数：25920]
2025-12-16 17:57:32,069 [INFO] [开始读取数据库表：sales_data]
2025-12-16 17:57:36,015 [INFO] [成功读取表 sales_data，数据行数：22450]
2025-12-16 17:57:38,094 [INFO] [开始读取数据库表：jingpin_data]
2025-12-16 17:57:38,278 [INFO] [成功读取表 jingpin_data，数据行数：5015]
2025-12-16 17:57:38,372 [INFO] [开始读取数据库表：inventory_data]
2025-12-16 17:57:38,791 [INFO] [成功读取表 inventory_data，数据行数：4596]
2025-12-16 17:57:38,791 [INFO] [开始读取数据库表：tuiding_data]
2025-12-16 17:57:40,099 [INFO] [成功读取表 tuiding_data，数据行数：4641]
2025-12-16 17:57:40,099 [INFO] [开始读取数据库表：debit_data]
2025-12-16 17:57:42,020 [INFO] [成功读取表 debit_data，数据行数：26567]
2025-12-16 17:57:42,419 [INFO] [开始读取数据库表：sales_invoice_data]
2025-12-16 17:57:43,862 [INFO] [成功读取表 sales_invoice_data，数据行数：21168]
2025-12-16 17:59:35,734 [INFO] [数据库引擎创建成功]
2025-12-16 17:59:35,734 [INFO] [开始读取数据库表：order_data]
2025-12-16 17:59:36,163 [INFO] [成功读取表 order_data，数据行数：25920]
2025-12-16 17:59:36,283 [INFO] [开始读取数据库表：sales_data]
2025-12-16 17:59:37,362 [INFO] [成功读取表 sales_data，数据行数：22450]
2025-12-16 17:59:38,044 [INFO] [开始读取数据库表：jingpin_data]
2025-12-16 17:59:38,085 [INFO] [成功读取表 jingpin_data，数据行数：5015]
2025-12-16 17:59:38,109 [INFO] [开始读取数据库表：inventory_data]
2025-12-16 17:59:38,214 [INFO] [成功读取表 inventory_data，数据行数：4596]
2025-12-16 17:59:38,214 [INFO] [开始读取数据库表：tuiding_data]
2025-12-16 17:59:38,295 [INFO] [成功读取表 tuiding_data，数据行数：4641]
2025-12-16 17:59:38,295 [INFO] [开始读取数据库表：debit_data]
2025-12-16 17:59:38,748 [INFO] [成功读取表 debit_data，数据行数：26567]
2025-12-16 17:59:38,880 [INFO] [开始读取数据库表：sales_invoice_data]
2025-12-16 17:59:39,231 [INFO] [成功读取表 sales_invoice_data，数据行数：21168]
2025-12-16 18:02:50,066 [INFO] [数据库引擎创建成功]
2025-12-16 18:02:50,066 [INFO] [开始读取数据库表：order_data]
2025-12-16 18:02:50,501 [INFO] [成功读取表 order_data，数据行数：25920]
2025-12-16 18:02:50,611 [INFO] [开始读取数据库表：sales_data]
2025-12-16 18:02:51,715 [INFO] [成功读取表 sales_data，数据行数：22450]
2025-12-16 18:02:52,438 [INFO] [开始读取数据库表：jingpin_data]
2025-12-16 18:02:52,484 [INFO] [成功读取表 jingpin_data，数据行数：5015]
2025-12-16 18:02:52,508 [INFO] [开始读取数据库表：inventory_data]
2025-12-16 18:02:52,621 [INFO] [成功读取表 inventory_data，数据行数：4596]
2025-12-16 18:02:52,621 [INFO] [开始读取数据库表：tuiding_data]
2025-12-16 18:02:52,703 [INFO] [成功读取表 tuiding_data，数据行数：4641]
2025-12-16 18:02:52,703 [INFO] [开始读取数据库表：debit_data]
2025-12-16 18:02:53,152 [INFO] [成功读取表 debit_data，数据行数：26567]
2025-12-16 18:02:53,280 [INFO] [开始读取数据库表：sales_invoice_data]
2025-12-16 18:02:53,636 [INFO] [成功读取表 sales_invoice_data，数据行数：21168]
2025-12-16 18:27:29,724 [INFO] [数据库引擎创建成功]
2025-12-16 18:27:29,725 [INFO] [开始读取数据库表：order_data]
2025-12-16 18:27:31,498 [INFO] [成功读取表 order_data，数据行数：25921]
2025-12-16 18:27:31,831 [INFO] [开始读取数据库表：sales_data]
2025-12-16 18:27:35,842 [INFO] [成功读取表 sales_data，数据行数：22457]
2025-12-16 18:27:37,878 [INFO] [开始读取数据库表：jingpin_data]
2025-12-16 18:27:38,048 [INFO] [成功读取表 jingpin_data，数据行数：5015]
2025-12-16 18:27:38,121 [INFO] [开始读取数据库表：inventory_data]
2025-12-16 18:27:38,528 [INFO] [成功读取表 inventory_data，数据行数：4589]
2025-12-16 18:27:38,528 [INFO] [开始读取数据库表：tuiding_data]
2025-12-16 18:27:38,809 [INFO] [成功读取表 tuiding_data，数据行数：4641]
2025-12-16 18:27:38,809 [INFO] [开始读取数据库表：debit_data]
2025-12-16 18:27:40,618 [INFO] [成功读取表 debit_data，数据行数：26567]
2025-12-16 18:27:41,004 [INFO] [开始读取数据库表：sales_invoice_data]
2025-12-16 18:27:42,383 [INFO] [成功读取表 sales_invoice_data，数据行数：21175]
2025-12-16 18:57:10,980 [INFO] [数据库引擎创建成功]
2025-12-16 18:57:10,981 [INFO] [开始读取数据库表：order_data]
2025-12-16 18:57:12,712 [INFO] [成功读取表 order_data，数据行数：25924]
2025-12-16 18:57:13,057 [INFO] [开始读取数据库表：sales_data]
2025-12-16 18:57:17,032 [INFO] [成功读取表 sales_data，数据行数：22466]
2025-12-16 18:57:19,018 [INFO] [开始读取数据库表：jingpin_data]
2025-12-16 18:57:19,195 [INFO] [成功读取表 jingpin_data，数据行数：5015]
2025-12-16 18:57:19,270 [INFO] [开始读取数据库表：inventory_data]
2025-12-16 18:57:19,687 [INFO] [成功读取表 inventory_data，数据行数：4581]
2025-12-16 18:57:19,687 [INFO] [开始读取数据库表：tuiding_data]
2025-12-16 18:57:19,969 [INFO] [成功读取表 tuiding_data，数据行数：4641]
2025-12-16 18:57:19,969 [INFO] [开始读取数据库表：debit_data]
2025-12-16 18:57:21,847 [INFO] [成功读取表 debit_data，数据行数：26567]
2025-12-16 18:57:22,229 [INFO] [开始读取数据库表：sales_invoice_data]
2025-12-16 18:57:23,650 [INFO] [成功读取表 sales_invoice_data，数据行数：21184]
2025-12-16 19:27:29,774 [INFO] [数据库引擎创建成功]
2025-12-16 19:27:29,774 [INFO] [开始读取数据库表：order_data]
2025-12-16 19:27:31,505 [INFO] [成功读取表 order_data，数据行数：25925]
2025-12-16 19:27:31,839 [INFO] [开始读取数据库表：sales_data]
2025-12-16 19:27:35,800 [INFO] [成功读取表 sales_data，数据行数：22472]
2025-12-16 19:27:37,842 [INFO] [开始读取数据库表：jingpin_data]
2025-12-16 19:27:38,018 [INFO] [成功读取表 jingpin_data，数据行数：5015]
2025-12-16 19:27:38,088 [INFO] [开始读取数据库表：inventory_data]
2025-12-16 19:27:38,537 [INFO] [成功读取表 inventory_data，数据行数：4575]
2025-12-16 19:27:38,537 [INFO] [开始读取数据库表：tuiding_data]
2025-12-16 19:27:38,845 [INFO] [成功读取表 tuiding_data，数据行数：4641]
2025-12-16 19:27:38,845 [INFO] [开始读取数据库表：debit_data]
2025-12-16 19:27:40,765 [INFO] [成功读取表 debit_data，数据行数：26567]
2025-12-16 19:27:41,158 [INFO] [开始读取数据库表：sales_invoice_data]
2025-12-16 19:27:42,646 [INFO] [成功读取表 sales_invoice_data，数据行数：21190]
2025-12-16 19:57:30,003 [INFO] [数据库引擎创建成功]
2025-12-16 19:57:30,003 [INFO] [开始读取数据库表：order_data]
2025-12-16 19:57:31,759 [INFO] [成功读取表 order_data，数据行数：25926]
2025-12-16 19:57:32,100 [INFO] [开始读取数据库表：sales_data]
2025-12-16 19:57:36,200 [INFO] [成功读取表 sales_data，数据行数：22474]
2025-12-16 19:57:38,248 [INFO] [开始读取数据库表：jingpin_data]
2025-12-16 19:57:38,422 [INFO] [成功读取表 jingpin_data，数据行数：5015]
2025-12-16 19:57:38,499 [INFO] [开始读取数据库表：inventory_data]
2025-12-16 19:57:38,912 [INFO] [成功读取表 inventory_data，数据行数：4573]
2025-12-16 19:57:38,912 [INFO] [开始读取数据库表：tuiding_data]
2025-12-16 19:57:39,210 [INFO] [成功读取表 tuiding_data，数据行数：4641]
2025-12-16 19:57:39,211 [INFO] [开始读取数据库表：debit_data]
2025-12-16 19:57:41,064 [INFO] [成功读取表 debit_data，数据行数：26567]
2025-12-16 19:57:41,469 [INFO] [开始读取数据库表：sales_invoice_data]
2025-12-16 19:57:42,864 [INFO] [成功读取表 sales_invoice_data，数据行数：21192]
2025-12-16 20:27:25,680 [INFO] [数据库引擎创建成功]
2025-12-16 20:27:25,681 [INFO] [开始读取数据库表：order_data]
2025-12-16 20:27:27,378 [INFO] [成功读取表 order_data，数据行数：25926]
2025-12-16 20:27:27,710 [INFO] [开始读取数据库表：sales_data]
2025-12-16 20:27:31,762 [INFO] [成功读取表 sales_data，数据行数：22474]
2025-12-16 20:27:33,860 [INFO] [开始读取数据库表：jingpin_data]
2025-12-16 20:27:34,053 [INFO] [成功读取表 jingpin_data，数据行数：5015]
2025-12-16 20:27:34,129 [INFO] [开始读取数据库表：inventory_data]
2025-12-16 20:27:34,565 [INFO] [成功读取表 inventory_data，数据行数：4573]
2025-12-16 20:27:34,565 [INFO] [开始读取数据库表：tuiding_data]
2025-12-16 20:27:34,854 [INFO] [成功读取表 tuiding_data，数据行数：4641]
2025-12-16 20:27:34,854 [INFO] [开始读取数据库表：debit_data]
2025-12-16 20:27:36,714 [INFO] [成功读取表 debit_data，数据行数：26567]
2025-12-16 20:27:37,111 [INFO] [开始读取数据库表：sales_invoice_data]
2025-12-16 20:27:38,554 [INFO] [成功读取表 sales_invoice_data，数据行数：21192]
2025-12-16 20:57:13,686 [INFO] [数据库引擎创建成功]
2025-12-16 20:57:13,687 [INFO] [开始读取数据库表：order_data]
2025-12-16 20:57:15,431 [INFO] [成功读取表 order_data，数据行数：25927]
2025-12-16 20:57:15,768 [INFO] [开始读取数据库表：sales_data]
2025-12-16 20:57:19,834 [INFO] [成功读取表 sales_data，数据行数：22476]
2025-12-16 20:57:21,933 [INFO] [开始读取数据库表：jingpin_data]
2025-12-16 20:57:22,118 [INFO] [成功读取表 jingpin_data，数据行数：5015]
2025-12-16 20:57:22,198 [INFO] [开始读取数据库表：inventory_data]
2025-12-16 20:57:22,647 [INFO] [成功读取表 inventory_data，数据行数：4571]
2025-12-16 20:57:22,647 [INFO] [开始读取数据库表：tuiding_data]
2025-12-16 20:57:22,951 [INFO] [成功读取表 tuiding_data，数据行数：4641]
2025-12-16 20:57:22,951 [INFO] [开始读取数据库表：debit_data]
2025-12-16 20:57:24,796 [INFO] [成功读取表 debit_data，数据行数：26567]
2025-12-16 20:57:25,198 [INFO] [开始读取数据库表：sales_invoice_data]
2025-12-16 20:57:26,651 [INFO] [成功读取表 sales_invoice_data，数据行数：21194]
2025-12-16 21:27:20,322 [INFO] [数据库引擎创建成功]
2025-12-16 21:27:20,323 [INFO] [开始读取数据库表：order_data]
2025-12-16 21:27:22,026 [INFO] [成功读取表 order_data，数据行数：25927]
2025-12-16 21:27:22,368 [INFO] [开始读取数据库表：sales_data]
2025-12-16 21:27:26,471 [INFO] [成功读取表 sales_data，数据行数：22476]
2025-12-16 21:27:28,592 [INFO] [开始读取数据库表：jingpin_data]
2025-12-16 21:27:28,783 [INFO] [成功读取表 jingpin_data，数据行数：5015]
2025-12-16 21:27:28,859 [INFO] [开始读取数据库表：inventory_data]
2025-12-16 21:27:29,238 [INFO] [成功读取表 inventory_data，数据行数：3981]
2025-12-16 21:27:29,239 [INFO] [开始读取数据库表：tuiding_data]
2025-12-16 21:27:29,530 [INFO] [成功读取表 tuiding_data，数据行数：4643]
2025-12-16 21:27:29,531 [INFO] [开始读取数据库表：debit_data]
2025-12-16 21:27:31,419 [INFO] [成功读取表 debit_data，数据行数：26600]
2025-12-16 21:27:31,819 [INFO] [开始读取数据库表：sales_invoice_data]
2025-12-16 21:27:33,235 [INFO] [成功读取表 sales_invoice_data，数据行数：21194]
2025-12-16 21:57:14,214 [INFO] [数据库引擎创建成功]
2025-12-16 21:57:14,215 [INFO] [开始读取数据库表：order_data]
2025-12-16 21:57:15,922 [INFO] [成功读取表 order_data，数据行数：25927]
2025-12-16 21:57:16,267 [INFO] [开始读取数据库表：sales_data]
2025-12-16 21:57:20,315 [INFO] [成功读取表 sales_data，数据行数：22476]
2025-12-16 21:57:22,335 [INFO] [开始读取数据库表：jingpin_data]
2025-12-16 21:57:22,519 [INFO] [成功读取表 jingpin_data，数据行数：5015]
2025-12-16 21:57:22,598 [INFO] [开始读取数据库表：inventory_data]
2025-12-16 21:57:23,029 [INFO] [成功读取表 inventory_data，数据行数：4586]
2025-12-16 21:57:23,029 [INFO] [开始读取数据库表：tuiding_data]
2025-12-16 21:57:23,344 [INFO] [成功读取表 tuiding_data，数据行数：4643]
2025-12-16 21:57:23,344 [INFO] [开始读取数据库表：debit_data]
2025-12-16 21:57:25,238 [INFO] [成功读取表 debit_data，数据行数：26646]
2025-12-16 21:57:25,629 [INFO] [开始读取数据库表：sales_invoice_data]
2025-12-16 21:57:27,028 [INFO] [成功读取表 sales_invoice_data，数据行数：21194]
2025-12-16 22:27:35,673 [INFO] [数据库引擎创建成功]
2025-12-16 22:27:35,673 [INFO] [开始读取数据库表：order_data]
2025-12-16 22:27:37,393 [INFO] [成功读取表 order_data，数据行数：25929]
2025-12-16 22:27:37,736 [INFO] [开始读取数据库表：sales_data]
2025-12-16 22:27:41,751 [INFO] [成功读取表 sales_data，数据行数：22476]
2025-12-16 22:27:43,841 [INFO] [开始读取数据库表：jingpin_data]
2025-12-16 22:27:44,024 [INFO] [成功读取表 jingpin_data，数据行数：5015]
2025-12-16 22:27:44,098 [INFO] [开始读取数据库表：inventory_data]
2025-12-16 22:27:44,518 [INFO] [成功读取表 inventory_data，数据行数：4586]
2025-12-16 22:27:44,518 [INFO] [开始读取数据库表：tuiding_data]
2025-12-16 22:27:44,810 [INFO] [成功读取表 tuiding_data，数据行数：4643]
2025-12-16 22:27:44,810 [INFO] [开始读取数据库表：debit_data]
2025-12-16 22:27:46,697 [INFO] [成功读取表 debit_data，数据行数：26646]
2025-12-16 22:27:47,096 [INFO] [开始读取数据库表：sales_invoice_data]
2025-12-16 22:27:48,515 [INFO] [成功读取表 sales_invoice_data，数据行数：21194]
2025-12-16 22:57:17,840 [INFO] [数据库引擎创建成功]
2025-12-16 22:57:17,841 [INFO] [开始读取数据库表：order_data]
2025-12-16 22:57:19,569 [INFO] [成功读取表 order_data，数据行数：25929]
2025-12-16 22:57:19,918 [INFO] [开始读取数据库表：sales_data]
2025-12-16 22:57:23,939 [INFO] [成功读取表 sales_data，数据行数：22476]
2025-12-16 22:57:26,016 [INFO] [开始读取数据库表：jingpin_data]
2025-12-16 22:57:26,195 [INFO] [成功读取表 jingpin_data，数据行数：5015]
2025-12-16 22:57:26,268 [INFO] [开始读取数据库表：inventory_data]
2025-12-16 22:57:26,705 [INFO] [成功读取表 inventory_data，数据行数：4586]
2025-12-16 22:57:26,706 [INFO] [开始读取数据库表：tuiding_data]
2025-12-16 22:57:26,997 [INFO] [成功读取表 tuiding_data，数据行数：4643]
2025-12-16 22:57:26,997 [INFO] [开始读取数据库表：debit_data]
2025-12-16 22:57:28,854 [INFO] [成功读取表 debit_data，数据行数：26646]
2025-12-16 22:57:29,240 [INFO] [开始读取数据库表：sales_invoice_data]
2025-12-16 22:57:30,666 [INFO] [成功读取表 sales_invoice_data，数据行数：21194]
2025-12-16 23:27:11,026 [INFO] [数据库引擎创建成功]
2025-12-16 23:27:11,026 [INFO] [开始读取数据库表：order_data]
2025-12-16 23:27:12,742 [INFO] [成功读取表 order_data，数据行数：25929]
2025-12-16 23:27:13,085 [INFO] [开始读取数据库表：sales_data]
2025-12-16 23:27:17,254 [INFO] [成功读取表 sales_data，数据行数：22476]
2025-12-16 23:27:19,356 [INFO] [开始读取数据库表：jingpin_data]
2025-12-16 23:27:19,544 [INFO] [成功读取表 jingpin_data，数据行数：5015]
2025-12-16 23:27:19,610 [INFO] [开始读取数据库表：inventory_data]
2025-12-16 23:27:20,050 [INFO] [成功读取表 inventory_data，数据行数：4586]
2025-12-16 23:27:20,051 [INFO] [开始读取数据库表：tuiding_data]
2025-12-16 23:27:20,354 [INFO] [成功读取表 tuiding_data，数据行数：4643]
2025-12-16 23:27:20,354 [INFO] [开始读取数据库表：debit_data]
2025-12-16 23:27:22,280 [INFO] [成功读取表 debit_data，数据行数：26646]
2025-12-16 23:27:22,670 [INFO] [开始读取数据库表：sales_invoice_data]
2025-12-16 23:27:24,108 [INFO] [成功读取表 sales_invoice_data，数据行数：21194]
2025-12-16 23:57:12,105 [INFO] [数据库引擎创建成功]
2025-12-16 23:57:12,106 [INFO] [开始读取数据库表：order_data]
2025-12-16 23:57:13,874 [INFO] [成功读取表 order_data，数据行数：25929]
2025-12-16 23:57:14,217 [INFO] [开始读取数据库表：sales_data]
2025-12-16 23:57:18,277 [INFO] [成功读取表 sales_data，数据行数：22476]
2025-12-16 23:57:20,415 [INFO] [开始读取数据库表：jingpin_data]
2025-12-16 23:57:20,591 [INFO] [成功读取表 jingpin_data，数据行数：5015]
2025-12-16 23:57:20,670 [INFO] [开始读取数据库表：inventory_data]
2025-12-16 23:57:21,103 [INFO] [成功读取表 inventory_data，数据行数：4586]
2025-12-16 23:57:21,103 [INFO] [开始读取数据库表：tuiding_data]
2025-12-16 23:57:21,397 [INFO] [成功读取表 tuiding_data，数据行数：4643]
2025-12-16 23:57:21,397 [INFO] [开始读取数据库表：debit_data]
2025-12-16 23:57:23,263 [INFO] [成功读取表 debit_data，数据行数：26646]
2025-12-16 23:57:23,665 [INFO] [开始读取数据库表：sales_invoice_data]
2025-12-16 23:57:25,061 [INFO] [成功读取表 sales_invoice_data，数据行数：21194]
