2025-11-20 08:07:48,835 [INFO] [数据库引擎创建成功]
2025-11-20 08:07:48,836 [INFO] [开始读取数据库表：order_data]
2025-11-20 08:07:50,779 [INFO] [成功读取表 order_data，数据行数：23675]
2025-11-20 08:07:51,107 [INFO] [开始读取数据库表：sales_data]
2025-11-20 08:07:57,058 [INFO] [成功读取表 sales_data，数据行数：25563]
2025-11-20 08:07:59,015 [INFO] [开始读取数据库表：jingpin_data]
2025-11-20 08:07:59,278 [INFO] [成功读取表 jingpin_data，数据行数：4500]
2025-11-20 08:07:59,358 [INFO] [开始读取数据库表：inventory_data]
2025-11-20 08:07:59,865 [INFO] [成功读取表 inventory_data，数据行数：5609]
2025-11-20 08:07:59,866 [INFO] [开始读取数据库表：tuiding_data]
2025-11-20 08:08:00,111 [INFO] [成功读取表 tuiding_data，数据行数：4182]
2025-11-20 08:08:00,112 [INFO] [开始读取数据库表：debit_data]
2025-11-20 08:08:02,057 [INFO] [成功读取表 debit_data，数据行数：24882]
2025-11-20 08:08:02,409 [INFO] [开始读取数据库表：sales_invoice_data]
2025-11-20 08:08:03,789 [INFO] [成功读取表 sales_invoice_data，数据行数：18469]
2025-11-20 08:29:41,797 [INFO] [数据库引擎创建成功]
2025-11-20 08:29:41,797 [INFO] [开始读取数据库表：order_data]
2025-11-20 08:29:43,153 [INFO] [成功读取表 order_data，数据行数：23675]
2025-11-20 08:29:43,515 [INFO] [开始读取数据库表：sales_data]
2025-11-20 08:29:49,888 [INFO] [成功读取表 sales_data，数据行数：25563]
2025-11-20 08:29:51,993 [INFO] [开始读取数据库表：jingpin_data]
2025-11-20 08:29:52,310 [INFO] [成功读取表 jingpin_data，数据行数：4500]
2025-11-20 08:29:52,409 [INFO] [开始读取数据库表：inventory_data]
2025-11-20 08:29:52,977 [INFO] [成功读取表 inventory_data，数据行数：5609]
2025-11-20 08:29:52,977 [INFO] [开始读取数据库表：tuiding_data]
2025-11-20 08:29:53,222 [INFO] [成功读取表 tuiding_data，数据行数：4182]
2025-11-20 08:29:53,222 [INFO] [开始读取数据库表：debit_data]
2025-11-20 08:29:55,239 [INFO] [成功读取表 debit_data，数据行数：24882]
2025-11-20 08:29:55,623 [INFO] [开始读取数据库表：sales_invoice_data]
2025-11-20 08:29:56,847 [INFO] [成功读取表 sales_invoice_data，数据行数：18469]
2025-11-20 09:00:16,026 [INFO] [数据库引擎创建成功]
2025-11-20 09:00:16,027 [INFO] [开始读取数据库表：order_data]
2025-11-20 09:00:17,909 [INFO] [成功读取表 order_data，数据行数：23675]
2025-11-20 09:00:18,296 [INFO] [开始读取数据库表：sales_data]
2025-11-20 09:00:24,532 [INFO] [成功读取表 sales_data，数据行数：25563]
2025-11-20 09:00:26,820 [INFO] [开始读取数据库表：jingpin_data]
2025-11-20 09:00:27,138 [INFO] [成功读取表 jingpin_data，数据行数：4500]
2025-11-20 09:00:27,230 [INFO] [开始读取数据库表：inventory_data]
2025-11-20 09:00:27,808 [INFO] [成功读取表 inventory_data，数据行数：5609]
2025-11-20 09:00:27,808 [INFO] [开始读取数据库表：tuiding_data]
2025-11-20 09:00:28,073 [INFO] [成功读取表 tuiding_data，数据行数：4182]
2025-11-20 09:00:28,073 [INFO] [开始读取数据库表：debit_data]
2025-11-20 09:00:30,437 [INFO] [成功读取表 debit_data，数据行数：24882]
2025-11-20 09:00:30,996 [INFO] [开始读取数据库表：sales_invoice_data]
2025-11-20 09:00:33,902 [INFO] [成功读取表 sales_invoice_data，数据行数：18469]
2025-11-20 09:48:54,507 [INFO] [数据库引擎创建成功]
2025-11-20 09:48:54,508 [INFO] [开始读取数据库表：order_data]
2025-11-20 09:48:55,204 [INFO] [成功读取表 order_data，数据行数：23675]
2025-11-20 09:48:55,393 [INFO] [开始读取数据库表：sales_data]
2025-11-20 09:48:58,556 [INFO] [成功读取表 sales_data，数据行数：25563]
2025-11-20 09:48:59,694 [INFO] [开始读取数据库表：jingpin_data]
2025-11-20 09:48:59,812 [INFO] [成功读取表 jingpin_data，数据行数：4510]
2025-11-20 09:48:59,855 [INFO] [开始读取数据库表：inventory_data]
2025-11-20 09:49:00,090 [INFO] [成功读取表 inventory_data，数据行数：5609]
2025-11-20 09:49:00,090 [INFO] [开始读取数据库表：tuiding_data]
2025-11-20 09:49:00,196 [INFO] [成功读取表 tuiding_data，数据行数：4182]
2025-11-20 09:49:00,197 [INFO] [开始读取数据库表：debit_data]
2025-11-20 09:49:01,106 [INFO] [成功读取表 debit_data，数据行数：24882]
2025-11-20 09:49:01,317 [INFO] [开始读取数据库表：sales_invoice_data]
2025-11-20 09:49:01,881 [INFO] [成功读取表 sales_invoice_data，数据行数：18469]
2025-11-20 10:00:03,723 [INFO] [数据库引擎创建成功]
2025-11-20 10:00:03,724 [INFO] [开始读取数据库表：order_data]
2025-11-20 10:00:04,386 [INFO] [成功读取表 order_data，数据行数：23677]
2025-11-20 10:00:04,552 [INFO] [开始读取数据库表：sales_data]
2025-11-20 10:00:07,554 [INFO] [成功读取表 sales_data，数据行数：25564]
2025-11-20 10:00:09,132 [INFO] [开始读取数据库表：jingpin_data]
2025-11-20 10:00:09,404 [INFO] [成功读取表 jingpin_data，数据行数：4510]
2025-11-20 10:00:09,483 [INFO] [开始读取数据库表：inventory_data]
2025-11-20 10:00:09,955 [INFO] [成功读取表 inventory_data，数据行数：5607]
2025-11-20 10:00:09,955 [INFO] [开始读取数据库表：tuiding_data]
2025-11-20 10:00:10,166 [INFO] [成功读取表 tuiding_data，数据行数：4182]
2025-11-20 10:00:10,167 [INFO] [开始读取数据库表：debit_data]
2025-11-20 10:00:11,835 [INFO] [成功读取表 debit_data，数据行数：24882]
2025-11-20 10:00:12,257 [INFO] [开始读取数据库表：sales_invoice_data]
2025-11-20 10:00:15,893 [INFO] [成功读取表 sales_invoice_data，数据行数：18471]
2025-11-20 10:30:44,134 [INFO] [数据库引擎创建成功]
2025-11-20 10:30:44,135 [INFO] [开始读取数据库表：order_data]
2025-11-20 10:30:44,817 [INFO] [成功读取表 order_data，数据行数：23680]
2025-11-20 10:30:44,999 [INFO] [开始读取数据库表：sales_data]
2025-11-20 10:30:53,113 [INFO] [成功读取表 sales_data，数据行数：25564]
2025-11-20 10:30:55,361 [INFO] [开始读取数据库表：jingpin_data]
2025-11-20 10:30:55,674 [INFO] [成功读取表 jingpin_data，数据行数：4510]
2025-11-20 10:30:55,761 [INFO] [开始读取数据库表：inventory_data]
2025-11-20 10:30:56,395 [INFO] [成功读取表 inventory_data，数据行数：5611]
2025-11-20 10:30:56,396 [INFO] [开始读取数据库表：tuiding_data]
2025-11-20 10:30:56,652 [INFO] [成功读取表 tuiding_data，数据行数：4182]
2025-11-20 10:30:56,652 [INFO] [开始读取数据库表：debit_data]
2025-11-20 10:30:58,962 [INFO] [成功读取表 debit_data，数据行数：24882]
2025-11-20 10:30:59,426 [INFO] [开始读取数据库表：sales_invoice_data]
2025-11-20 10:31:00,950 [INFO] [成功读取表 sales_invoice_data，数据行数：18472]
2025-11-20 11:01:29,788 [INFO] [数据库引擎创建成功]
2025-11-20 11:01:29,789 [INFO] [开始读取数据库表：order_data]
2025-11-20 11:01:32,303 [INFO] [成功读取表 order_data，数据行数：23681]
2025-11-20 11:01:32,795 [INFO] [开始读取数据库表：sales_data]
2025-11-20 11:01:44,105 [INFO] [成功读取表 sales_data，数据行数：25569]
2025-11-20 11:01:46,404 [INFO] [开始读取数据库表：jingpin_data]
2025-11-20 11:01:46,743 [INFO] [成功读取表 jingpin_data，数据行数：4510]
2025-11-20 11:01:46,863 [INFO] [开始读取数据库表：inventory_data]
2025-11-20 11:01:47,482 [INFO] [成功读取表 inventory_data，数据行数：5606]
2025-11-20 11:01:47,482 [INFO] [开始读取数据库表：tuiding_data]
2025-11-20 11:01:47,718 [INFO] [成功读取表 tuiding_data，数据行数：4182]
2025-11-20 11:01:47,718 [INFO] [开始读取数据库表：debit_data]
2025-11-20 11:01:49,746 [INFO] [成功读取表 debit_data，数据行数：24882]
2025-11-20 11:01:50,193 [INFO] [开始读取数据库表：sales_invoice_data]
2025-11-20 11:01:51,450 [INFO] [成功读取表 sales_invoice_data，数据行数：18475]
2025-11-20 11:30:30,844 [INFO] [数据库引擎创建成功]
2025-11-20 11:30:30,845 [INFO] [开始读取数据库表：order_data]
2025-11-20 11:30:33,816 [INFO] [成功读取表 order_data，数据行数：23677]
2025-11-20 11:30:34,780 [INFO] [开始读取数据库表：sales_data]
2025-11-20 11:30:52,273 [INFO] [成功读取表 sales_data，数据行数：25574]
2025-11-20 11:30:55,150 [INFO] [开始读取数据库表：jingpin_data]
2025-11-20 11:30:55,640 [INFO] [成功读取表 jingpin_data，数据行数：4510]
2025-11-20 11:30:55,776 [INFO] [开始读取数据库表：inventory_data]
2025-11-20 11:30:56,591 [INFO] [成功读取表 inventory_data，数据行数：5603]
2025-11-20 11:30:56,591 [INFO] [开始读取数据库表：tuiding_data]
2025-11-20 11:30:56,913 [INFO] [成功读取表 tuiding_data，数据行数：4187]
2025-11-20 11:30:56,914 [INFO] [开始读取数据库表：debit_data]
2025-11-20 11:30:59,600 [INFO] [成功读取表 debit_data，数据行数：24882]
2025-11-20 11:31:00,182 [INFO] [开始读取数据库表：sales_invoice_data]
2025-11-20 11:31:02,230 [INFO] [成功读取表 sales_invoice_data，数据行数：18479]
2025-11-20 12:00:02,705 [INFO] [数据库引擎创建成功]
2025-11-20 12:00:02,705 [INFO] [开始读取数据库表：order_data]
2025-11-20 12:00:03,489 [INFO] [成功读取表 order_data，数据行数：23673]
2025-11-20 12:00:03,689 [INFO] [开始读取数据库表：sales_data]
2025-11-20 12:00:13,128 [INFO] [成功读取表 sales_data，数据行数：25580]
2025-11-20 12:00:15,263 [INFO] [开始读取数据库表：jingpin_data]
2025-11-20 12:00:15,546 [INFO] [成功读取表 jingpin_data，数据行数：4511]
2025-11-20 12:00:15,612 [INFO] [开始读取数据库表：inventory_data]
2025-11-20 12:00:16,165 [INFO] [成功读取表 inventory_data，数据行数：5613]
2025-11-20 12:00:16,165 [INFO] [开始读取数据库表：tuiding_data]
2025-11-20 12:00:16,394 [INFO] [成功读取表 tuiding_data，数据行数：4193]
2025-11-20 12:00:16,395 [INFO] [开始读取数据库表：debit_data]
2025-11-20 12:00:18,526 [INFO] [成功读取表 debit_data，数据行数：24897]
2025-11-20 12:00:18,957 [INFO] [开始读取数据库表：sales_invoice_data]
2025-11-20 12:00:20,282 [INFO] [成功读取表 sales_invoice_data，数据行数：18484]
2025-11-20 12:29:10,355 [INFO] [数据库引擎创建成功]
2025-11-20 12:29:10,365 [INFO] [开始读取数据库表：order_data]
2025-11-20 12:29:11,027 [INFO] [成功读取表 order_data，数据行数：23676]
2025-11-20 12:29:11,232 [INFO] [开始读取数据库表：sales_data]
2025-11-20 12:29:16,039 [INFO] [成功读取表 sales_data，数据行数：25584]
2025-11-20 12:29:17,769 [INFO] [开始读取数据库表：jingpin_data]
2025-11-20 12:29:17,968 [INFO] [成功读取表 jingpin_data，数据行数：4511]
2025-11-20 12:29:18,034 [INFO] [开始读取数据库表：inventory_data]
2025-11-20 12:29:18,461 [INFO] [成功读取表 inventory_data，数据行数：5610]
2025-11-20 12:29:18,462 [INFO] [开始读取数据库表：tuiding_data]
2025-11-20 12:29:18,618 [INFO] [成功读取表 tuiding_data，数据行数：4193]
2025-11-20 12:29:18,618 [INFO] [开始读取数据库表：debit_data]
2025-11-20 12:29:20,133 [INFO] [成功读取表 debit_data，数据行数：24917]
2025-11-20 12:29:20,497 [INFO] [开始读取数据库表：sales_invoice_data]
2025-11-20 12:29:21,377 [INFO] [成功读取表 sales_invoice_data，数据行数：18487]
2025-11-20 14:01:33,326 [INFO] [数据库引擎创建成功]
2025-11-20 14:01:33,329 [INFO] [开始读取数据库表：order_data]
2025-11-20 14:01:35,066 [INFO] [成功读取表 order_data，数据行数：23679]
2025-11-20 14:01:38,075 [INFO] [开始读取数据库表：sales_data]
2025-11-20 14:01:45,911 [INFO] [成功读取表 sales_data，数据行数：25603]
2025-11-20 14:01:48,736 [INFO] [开始读取数据库表：jingpin_data]
2025-11-20 14:01:49,069 [INFO] [成功读取表 jingpin_data，数据行数：4512]
2025-11-20 14:01:49,174 [INFO] [开始读取数据库表：inventory_data]
2025-11-20 14:01:49,881 [INFO] [成功读取表 inventory_data，数据行数：5594]
2025-11-20 14:01:49,882 [INFO] [开始读取数据库表：tuiding_data]
2025-11-20 14:01:50,180 [INFO] [成功读取表 tuiding_data，数据行数：4195]
2025-11-20 14:01:50,180 [INFO] [开始读取数据库表：debit_data]
2025-11-20 14:01:52,633 [INFO] [成功读取表 debit_data，数据行数：24917]
2025-11-20 14:01:53,218 [INFO] [开始读取数据库表：sales_invoice_data]
2025-11-20 14:01:54,986 [INFO] [成功读取表 sales_invoice_data，数据行数：18502]
2025-11-20 14:29:41,130 [INFO] [数据库引擎创建成功]
2025-11-20 14:29:41,141 [INFO] [开始读取数据库表：order_data]
2025-11-20 14:29:42,804 [INFO] [成功读取表 order_data，数据行数：23678]
2025-11-20 14:29:43,157 [INFO] [开始读取数据库表：sales_data]
2025-11-20 14:29:49,195 [INFO] [成功读取表 sales_data，数据行数：25609]
2025-11-20 14:29:51,350 [INFO] [开始读取数据库表：jingpin_data]
2025-11-20 14:29:51,619 [INFO] [成功读取表 jingpin_data，数据行数：4512]
2025-11-20 14:29:51,720 [INFO] [开始读取数据库表：inventory_data]
2025-11-20 14:29:52,368 [INFO] [成功读取表 inventory_data，数据行数：5589]
2025-11-20 14:29:52,368 [INFO] [开始读取数据库表：tuiding_data]
2025-11-20 14:29:52,617 [INFO] [成功读取表 tuiding_data，数据行数：4196]
2025-11-20 14:29:52,617 [INFO] [开始读取数据库表：debit_data]
2025-11-20 14:29:54,901 [INFO] [成功读取表 debit_data，数据行数：24922]
2025-11-20 14:29:55,366 [INFO] [开始读取数据库表：sales_invoice_data]
2025-11-20 14:29:56,926 [INFO] [成功读取表 sales_invoice_data，数据行数：18508]
2025-11-20 15:01:06,781 [INFO] [数据库引擎创建成功]
2025-11-20 15:01:06,782 [INFO] [开始读取数据库表：order_data]
2025-11-20 15:01:07,783 [INFO] [成功读取表 order_data，数据行数：23676]
2025-11-20 15:01:08,132 [INFO] [开始读取数据库表：sales_data]
2025-11-20 15:01:21,551 [INFO] [成功读取表 sales_data，数据行数：25612]
2025-11-20 15:01:25,835 [INFO] [开始读取数据库表：jingpin_data]
2025-11-20 15:01:26,437 [INFO] [成功读取表 jingpin_data，数据行数：4512]
2025-11-20 15:01:26,665 [INFO] [开始读取数据库表：inventory_data]
2025-11-20 15:01:28,004 [INFO] [成功读取表 inventory_data，数据行数：5585]
2025-11-20 15:01:28,005 [INFO] [开始读取数据库表：tuiding_data]
2025-11-20 15:01:28,384 [INFO] [成功读取表 tuiding_data，数据行数：4201]
2025-11-20 15:01:28,384 [INFO] [开始读取数据库表：debit_data]
2025-11-20 15:01:31,967 [INFO] [成功读取表 debit_data，数据行数：24922]
2025-11-20 15:01:32,400 [INFO] [开始读取数据库表：sales_invoice_data]
2025-11-20 15:01:33,819 [INFO] [成功读取表 sales_invoice_data，数据行数：18512]
2025-11-20 15:31:33,135 [INFO] [数据库引擎创建成功]
2025-11-20 15:31:33,136 [INFO] [开始读取数据库表：order_data]
2025-11-20 15:31:35,300 [INFO] [成功读取表 order_data，数据行数：23679]
2025-11-20 15:31:35,743 [INFO] [开始读取数据库表：sales_data]
2025-11-20 15:31:45,336 [INFO] [成功读取表 sales_data，数据行数：25619]
2025-11-20 15:31:47,681 [INFO] [开始读取数据库表：jingpin_data]
2025-11-20 15:31:47,947 [INFO] [成功读取表 jingpin_data，数据行数：4512]
2025-11-20 15:31:48,002 [INFO] [开始读取数据库表：inventory_data]
2025-11-20 15:31:48,591 [INFO] [成功读取表 inventory_data，数据行数：5579]
2025-11-20 15:31:48,591 [INFO] [开始读取数据库表：tuiding_data]
2025-11-20 15:31:48,823 [INFO] [成功读取表 tuiding_data，数据行数：4201]
2025-11-20 15:31:48,823 [INFO] [开始读取数据库表：debit_data]
2025-11-20 15:31:51,124 [INFO] [成功读取表 debit_data，数据行数：24922]
2025-11-20 15:31:51,604 [INFO] [开始读取数据库表：sales_invoice_data]
2025-11-20 15:31:53,020 [INFO] [成功读取表 sales_invoice_data，数据行数：18518]
2025-11-20 15:59:44,741 [INFO] [数据库引擎创建成功]
2025-11-20 15:59:44,741 [INFO] [开始读取数据库表：order_data]
2025-11-20 15:59:45,421 [INFO] [成功读取表 order_data，数据行数：23680]
2025-11-20 15:59:45,599 [INFO] [开始读取数据库表：sales_data]
2025-11-20 15:59:50,567 [INFO] [成功读取表 sales_data，数据行数：25625]
2025-11-20 15:59:52,480 [INFO] [开始读取数据库表：jingpin_data]
2025-11-20 15:59:52,736 [INFO] [成功读取表 jingpin_data，数据行数：4516]
2025-11-20 15:59:52,771 [INFO] [开始读取数据库表：inventory_data]
2025-11-20 15:59:53,257 [INFO] [成功读取表 inventory_data，数据行数：5572]
2025-11-20 15:59:53,258 [INFO] [开始读取数据库表：tuiding_data]
2025-11-20 15:59:53,476 [INFO] [成功读取表 tuiding_data，数据行数：4201]
2025-11-20 15:59:53,476 [INFO] [开始读取数据库表：debit_data]
2025-11-20 15:59:55,389 [INFO] [成功读取表 debit_data，数据行数：24922]
2025-11-20 15:59:55,673 [INFO] [开始读取数据库表：sales_invoice_data]
2025-11-20 15:59:56,887 [INFO] [成功读取表 sales_invoice_data，数据行数：18524]
2025-11-20 16:30:38,620 [INFO] [数据库引擎创建成功]
2025-11-20 16:30:38,620 [INFO] [开始读取数据库表：order_data]
2025-11-20 16:30:40,926 [INFO] [成功读取表 order_data，数据行数：23683]
2025-11-20 16:30:41,655 [INFO] [开始读取数据库表：sales_data]
2025-11-20 16:30:58,635 [INFO] [成功读取表 sales_data，数据行数：25629]
2025-11-20 16:31:02,934 [INFO] [开始读取数据库表：jingpin_data]
2025-11-20 16:31:03,462 [INFO] [成功读取表 jingpin_data，数据行数：4516]
2025-11-20 16:31:03,598 [INFO] [开始读取数据库表：inventory_data]
2025-11-20 16:31:04,508 [INFO] [成功读取表 inventory_data，数据行数：5569]
2025-11-20 16:31:04,508 [INFO] [开始读取数据库表：tuiding_data]
2025-11-20 16:31:05,196 [INFO] [成功读取表 tuiding_data，数据行数：4201]
2025-11-20 16:31:05,196 [INFO] [开始读取数据库表：debit_data]
2025-11-20 16:31:10,176 [INFO] [成功读取表 debit_data，数据行数：24922]
2025-11-20 16:31:11,343 [INFO] [开始读取数据库表：sales_invoice_data]
2025-11-20 16:31:13,422 [INFO] [成功读取表 sales_invoice_data，数据行数：18527]
2025-11-20 17:00:34,177 [INFO] [数据库引擎创建成功]
2025-11-20 17:00:34,187 [INFO] [开始读取数据库表：order_data]
2025-11-20 17:00:34,934 [INFO] [成功读取表 order_data，数据行数：23690]
2025-11-20 17:00:35,129 [INFO] [开始读取数据库表：sales_data]
2025-11-20 17:00:49,413 [INFO] [成功读取表 sales_data，数据行数：25631]
2025-11-20 17:00:53,375 [INFO] [开始读取数据库表：jingpin_data]
2025-11-20 17:00:53,914 [INFO] [成功读取表 jingpin_data，数据行数：4519]
2025-11-20 17:00:54,057 [INFO] [开始读取数据库表：inventory_data]
2025-11-20 17:00:54,845 [INFO] [成功读取表 inventory_data，数据行数：5564]
2025-11-20 17:00:54,845 [INFO] [开始读取数据库表：tuiding_data]
2025-11-20 17:00:55,201 [INFO] [成功读取表 tuiding_data，数据行数：4201]
2025-11-20 17:00:55,201 [INFO] [开始读取数据库表：debit_data]
2025-11-20 17:00:58,698 [INFO] [成功读取表 debit_data，数据行数：24922]
2025-11-20 17:00:59,479 [INFO] [开始读取数据库表：sales_invoice_data]
2025-11-20 17:01:01,711 [INFO] [成功读取表 sales_invoice_data，数据行数：18530]
2025-11-20 17:30:38,362 [INFO] [数据库引擎创建成功]
2025-11-20 17:30:38,363 [INFO] [开始读取数据库表：order_data]
2025-11-20 17:30:39,473 [INFO] [成功读取表 order_data，数据行数：23696]
2025-11-20 17:30:39,980 [INFO] [开始读取数据库表：sales_data]
2025-11-20 17:30:59,326 [INFO] [成功读取表 sales_data，数据行数：25638]
2025-11-20 17:31:03,349 [INFO] [开始读取数据库表：jingpin_data]
2025-11-20 17:31:04,026 [INFO] [成功读取表 jingpin_data，数据行数：4519]
2025-11-20 17:31:04,128 [INFO] [开始读取数据库表：inventory_data]
2025-11-20 17:31:04,750 [INFO] [成功读取表 inventory_data，数据行数：5557]
2025-11-20 17:31:04,750 [INFO] [开始读取数据库表：tuiding_data]
2025-11-20 17:31:05,016 [INFO] [成功读取表 tuiding_data，数据行数：4201]
2025-11-20 17:31:05,016 [INFO] [开始读取数据库表：debit_data]
2025-11-20 17:31:07,677 [INFO] [成功读取表 debit_data，数据行数：24922]
2025-11-20 17:31:08,113 [INFO] [开始读取数据库表：sales_invoice_data]
2025-11-20 17:31:09,712 [INFO] [成功读取表 sales_invoice_data，数据行数：18537]
2025-11-20 18:00:42,280 [INFO] [数据库引擎创建成功]
2025-11-20 18:00:42,281 [INFO] [开始读取数据库表：order_data]
2025-11-20 18:00:43,385 [INFO] [成功读取表 order_data，数据行数：23701]
2025-11-20 18:00:43,929 [INFO] [开始读取数据库表：sales_data]
2025-11-20 18:00:56,440 [INFO] [成功读取表 sales_data，数据行数：25651]
2025-11-20 18:00:58,933 [INFO] [开始读取数据库表：jingpin_data]
2025-11-20 18:00:59,248 [INFO] [成功读取表 jingpin_data，数据行数：4520]
2025-11-20 18:00:59,347 [INFO] [开始读取数据库表：inventory_data]
2025-11-20 18:01:00,323 [INFO] [成功读取表 inventory_data，数据行数：5545]
2025-11-20 18:01:00,323 [INFO] [开始读取数据库表：tuiding_data]
2025-11-20 18:01:00,551 [INFO] [成功读取表 tuiding_data，数据行数：4201]
2025-11-20 18:01:00,551 [INFO] [开始读取数据库表：debit_data]
2025-11-20 18:01:03,992 [INFO] [成功读取表 debit_data，数据行数：24922]
2025-11-20 18:01:04,836 [INFO] [开始读取数据库表：sales_invoice_data]
2025-11-20 18:01:07,238 [INFO] [成功读取表 sales_invoice_data，数据行数：18550]
2025-11-20 18:29:46,092 [INFO] [数据库引擎创建成功]
2025-11-20 18:29:46,102 [INFO] [开始读取数据库表：order_data]
2025-11-20 18:29:46,771 [INFO] [成功读取表 order_data，数据行数：23699]
2025-11-20 18:29:46,945 [INFO] [开始读取数据库表：sales_data]
2025-11-20 18:29:53,261 [INFO] [成功读取表 sales_data，数据行数：25657]
2025-11-20 18:29:55,173 [INFO] [开始读取数据库表：jingpin_data]
2025-11-20 18:29:55,429 [INFO] [成功读取表 jingpin_data，数据行数：4521]
2025-11-20 18:29:55,465 [INFO] [开始读取数据库表：inventory_data]
2025-11-20 18:29:55,954 [INFO] [成功读取表 inventory_data，数据行数：5540]
2025-11-20 18:29:55,954 [INFO] [开始读取数据库表：tuiding_data]
2025-11-20 18:29:56,153 [INFO] [成功读取表 tuiding_data，数据行数：4209]
2025-11-20 18:29:56,153 [INFO] [开始读取数据库表：debit_data]
2025-11-20 18:29:58,037 [INFO] [成功读取表 debit_data，数据行数：24922]
2025-11-20 18:29:58,355 [INFO] [开始读取数据库表：sales_invoice_data]
2025-11-20 18:29:59,550 [INFO] [成功读取表 sales_invoice_data，数据行数：18556]
2025-11-20 18:59:57,008 [INFO] [数据库引擎创建成功]
2025-11-20 18:59:57,008 [INFO] [开始读取数据库表：order_data]
2025-11-20 18:59:57,640 [INFO] [成功读取表 order_data，数据行数：23699]
2025-11-20 18:59:57,820 [INFO] [开始读取数据库表：sales_data]
2025-11-20 19:00:02,852 [INFO] [成功读取表 sales_data，数据行数：25657]
2025-11-20 19:00:06,238 [INFO] [开始读取数据库表：jingpin_data]
2025-11-20 19:00:06,477 [INFO] [成功读取表 jingpin_data，数据行数：4521]
2025-11-20 19:00:06,559 [INFO] [开始读取数据库表：inventory_data]
2025-11-20 19:00:07,001 [INFO] [成功读取表 inventory_data，数据行数：5540]
2025-11-20 19:00:07,001 [INFO] [开始读取数据库表：tuiding_data]
2025-11-20 19:00:07,237 [INFO] [成功读取表 tuiding_data，数据行数：4209]
2025-11-20 19:00:07,237 [INFO] [开始读取数据库表：debit_data]
2025-11-20 19:00:09,207 [INFO] [成功读取表 debit_data，数据行数：24922]
2025-11-20 19:00:09,689 [INFO] [开始读取数据库表：sales_invoice_data]
2025-11-20 19:00:10,985 [INFO] [成功读取表 sales_invoice_data，数据行数：18556]
2025-11-20 19:29:56,935 [INFO] [数据库引擎创建成功]
2025-11-20 19:29:56,935 [INFO] [开始读取数据库表：order_data]
2025-11-20 19:29:57,585 [INFO] [成功读取表 order_data，数据行数：23701]
2025-11-20 19:29:57,752 [INFO] [开始读取数据库表：sales_data]
2025-11-20 19:30:02,859 [INFO] [成功读取表 sales_data，数据行数：25657]
2025-11-20 19:30:04,827 [INFO] [开始读取数据库表：jingpin_data]
2025-11-20 19:30:05,054 [INFO] [成功读取表 jingpin_data，数据行数：4521]
2025-11-20 19:30:05,093 [INFO] [开始读取数据库表：inventory_data]
2025-11-20 19:30:05,590 [INFO] [成功读取表 inventory_data，数据行数：5540]
2025-11-20 19:30:05,590 [INFO] [开始读取数据库表：tuiding_data]
2025-11-20 19:30:05,804 [INFO] [成功读取表 tuiding_data，数据行数：4209]
2025-11-20 19:30:05,804 [INFO] [开始读取数据库表：debit_data]
2025-11-20 19:30:08,930 [INFO] [成功读取表 debit_data，数据行数：24922]
2025-11-20 19:30:09,328 [INFO] [开始读取数据库表：sales_invoice_data]
2025-11-20 19:30:10,484 [INFO] [成功读取表 sales_invoice_data，数据行数：18556]
2025-11-20 20:00:03,578 [INFO] [数据库引擎创建成功]
2025-11-20 20:00:03,579 [INFO] [开始读取数据库表：order_data]
2025-11-20 20:00:04,206 [INFO] [成功读取表 order_data，数据行数：23702]
2025-11-20 20:00:04,415 [INFO] [开始读取数据库表：sales_data]
2025-11-20 20:00:12,049 [INFO] [成功读取表 sales_data，数据行数：25657]
2025-11-20 20:00:14,050 [INFO] [开始读取数据库表：jingpin_data]
2025-11-20 20:00:14,297 [INFO] [成功读取表 jingpin_data，数据行数：4521]
2025-11-20 20:00:14,376 [INFO] [开始读取数据库表：inventory_data]
2025-11-20 20:00:14,897 [INFO] [成功读取表 inventory_data，数据行数：5540]
2025-11-20 20:00:14,897 [INFO] [开始读取数据库表：tuiding_data]
2025-11-20 20:00:15,093 [INFO] [成功读取表 tuiding_data，数据行数：4209]
2025-11-20 20:00:15,093 [INFO] [开始读取数据库表：debit_data]
2025-11-20 20:00:17,005 [INFO] [成功读取表 debit_data，数据行数：24922]
2025-11-20 20:00:17,394 [INFO] [开始读取数据库表：sales_invoice_data]
2025-11-20 20:00:18,571 [INFO] [成功读取表 sales_invoice_data，数据行数：18556]
2025-11-20 20:29:54,241 [INFO] [数据库引擎创建成功]
2025-11-20 20:29:54,242 [INFO] [开始读取数据库表：order_data]
2025-11-20 20:29:54,798 [INFO] [成功读取表 order_data，数据行数：23702]
2025-11-20 20:29:55,090 [INFO] [开始读取数据库表：sales_data]
2025-11-20 20:30:00,560 [INFO] [成功读取表 sales_data，数据行数：25657]
2025-11-20 20:30:02,517 [INFO] [开始读取数据库表：jingpin_data]
2025-11-20 20:30:02,789 [INFO] [成功读取表 jingpin_data，数据行数：4521]
2025-11-20 20:30:02,861 [INFO] [开始读取数据库表：inventory_data]
2025-11-20 20:30:03,326 [INFO] [成功读取表 inventory_data，数据行数：5540]
2025-11-20 20:30:03,326 [INFO] [开始读取数据库表：tuiding_data]
2025-11-20 20:30:03,540 [INFO] [成功读取表 tuiding_data，数据行数：4209]
2025-11-20 20:30:03,541 [INFO] [开始读取数据库表：debit_data]
2025-11-20 20:30:05,405 [INFO] [成功读取表 debit_data，数据行数：24922]
2025-11-20 20:30:05,779 [INFO] [开始读取数据库表：sales_invoice_data]
2025-11-20 20:30:06,986 [INFO] [成功读取表 sales_invoice_data，数据行数：18556]
2025-11-20 20:59:38,986 [INFO] [数据库引擎创建成功]
2025-11-20 20:59:38,986 [INFO] [开始读取数据库表：order_data]
2025-11-20 20:59:39,556 [INFO] [成功读取表 order_data，数据行数：23702]
2025-11-20 20:59:39,770 [INFO] [开始读取数据库表：sales_data]
2025-11-20 20:59:45,625 [INFO] [成功读取表 sales_data，数据行数：25658]
2025-11-20 20:59:47,491 [INFO] [开始读取数据库表：jingpin_data]
2025-11-20 20:59:47,710 [INFO] [成功读取表 jingpin_data，数据行数：4521]
2025-11-20 20:59:47,755 [INFO] [开始读取数据库表：inventory_data]
2025-11-20 20:59:48,223 [INFO] [成功读取表 inventory_data，数据行数：5539]
2025-11-20 20:59:48,223 [INFO] [开始读取数据库表：tuiding_data]
2025-11-20 20:59:48,432 [INFO] [成功读取表 tuiding_data，数据行数：4209]
2025-11-20 20:59:48,433 [INFO] [开始读取数据库表：debit_data]
2025-11-20 20:59:50,250 [INFO] [成功读取表 debit_data，数据行数：24922]
2025-11-20 20:59:50,530 [INFO] [开始读取数据库表：sales_invoice_data]
2025-11-20 20:59:51,621 [INFO] [成功读取表 sales_invoice_data，数据行数：18557]
2025-11-20 21:30:00,771 [INFO] [数据库引擎创建成功]
2025-11-20 21:30:00,773 [INFO] [开始读取数据库表：order_data]
2025-11-20 21:30:01,367 [INFO] [成功读取表 order_data，数据行数：23702]
2025-11-20 21:30:01,520 [INFO] [开始读取数据库表：sales_data]
2025-11-20 21:30:06,971 [INFO] [成功读取表 sales_data，数据行数：25658]
2025-11-20 21:30:09,014 [INFO] [开始读取数据库表：jingpin_data]
2025-11-20 21:30:09,272 [INFO] [成功读取表 jingpin_data，数据行数：4521]
2025-11-20 21:30:09,343 [INFO] [开始读取数据库表：inventory_data]
2025-11-20 21:30:09,989 [INFO] [成功读取表 inventory_data，数据行数：5549]
2025-11-20 21:30:09,989 [INFO] [开始读取数据库表：tuiding_data]
2025-11-20 21:30:10,284 [INFO] [成功读取表 tuiding_data，数据行数：4209]
2025-11-20 21:30:10,284 [INFO] [开始读取数据库表：debit_data]
2025-11-20 21:30:13,971 [INFO] [成功读取表 debit_data，数据行数：24932]
2025-11-20 21:30:14,392 [INFO] [开始读取数据库表：sales_invoice_data]
2025-11-20 21:30:15,617 [INFO] [成功读取表 sales_invoice_data，数据行数：18557]
2025-11-20 22:00:05,252 [INFO] [数据库引擎创建成功]
2025-11-20 22:00:05,253 [INFO] [开始读取数据库表：order_data]
2025-11-20 22:00:05,975 [INFO] [成功读取表 order_data，数据行数：23702]
2025-11-20 22:00:06,151 [INFO] [开始读取数据库表：sales_data]
2025-11-20 22:00:13,772 [INFO] [成功读取表 sales_data，数据行数：25658]
2025-11-20 22:00:15,793 [INFO] [开始读取数据库表：jingpin_data]
2025-11-20 22:00:16,023 [INFO] [成功读取表 jingpin_data，数据行数：4521]
2025-11-20 22:00:16,081 [INFO] [开始读取数据库表：inventory_data]
2025-11-20 22:00:16,677 [INFO] [成功读取表 inventory_data，数据行数：5550]
2025-11-20 22:00:16,677 [INFO] [开始读取数据库表：tuiding_data]
2025-11-20 22:00:16,918 [INFO] [成功读取表 tuiding_data，数据行数：4209]
2025-11-20 22:00:16,918 [INFO] [开始读取数据库表：debit_data]
2025-11-20 22:00:18,863 [INFO] [成功读取表 debit_data，数据行数：24968]
2025-11-20 22:00:19,225 [INFO] [开始读取数据库表：sales_invoice_data]
2025-11-20 22:00:20,534 [INFO] [成功读取表 sales_invoice_data，数据行数：18557]
2025-11-20 22:30:08,949 [INFO] [数据库引擎创建成功]
2025-11-20 22:30:08,950 [INFO] [开始读取数据库表：order_data]
2025-11-20 22:30:09,558 [INFO] [成功读取表 order_data，数据行数：23702]
2025-11-20 22:30:09,749 [INFO] [开始读取数据库表：sales_data]
2025-11-20 22:30:17,502 [INFO] [成功读取表 sales_data，数据行数：25658]
2025-11-20 22:30:19,888 [INFO] [开始读取数据库表：jingpin_data]
2025-11-20 22:30:20,201 [INFO] [成功读取表 jingpin_data，数据行数：4521]
2025-11-20 22:30:20,250 [INFO] [开始读取数据库表：inventory_data]
2025-11-20 22:30:20,849 [INFO] [成功读取表 inventory_data，数据行数：5550]
2025-11-20 22:30:20,849 [INFO] [开始读取数据库表：tuiding_data]
2025-11-20 22:30:21,094 [INFO] [成功读取表 tuiding_data，数据行数：4209]
2025-11-20 22:30:21,095 [INFO] [开始读取数据库表：debit_data]
2025-11-20 22:30:23,247 [INFO] [成功读取表 debit_data，数据行数：24968]
2025-11-20 22:30:23,675 [INFO] [开始读取数据库表：sales_invoice_data]
2025-11-20 22:30:25,089 [INFO] [成功读取表 sales_invoice_data，数据行数：18557]
2025-11-20 22:59:43,676 [INFO] [数据库引擎创建成功]
2025-11-20 22:59:43,677 [INFO] [开始读取数据库表：order_data]
2025-11-20 22:59:44,210 [INFO] [成功读取表 order_data，数据行数：23702]
2025-11-20 22:59:44,379 [INFO] [开始读取数据库表：sales_data]
2025-11-20 22:59:50,196 [INFO] [成功读取表 sales_data，数据行数：25658]
2025-11-20 22:59:52,434 [INFO] [开始读取数据库表：jingpin_data]
2025-11-20 22:59:52,729 [INFO] [成功读取表 jingpin_data，数据行数：4521]
2025-11-20 22:59:52,789 [INFO] [开始读取数据库表：inventory_data]
2025-11-20 22:59:53,384 [INFO] [成功读取表 inventory_data，数据行数：5550]
2025-11-20 22:59:53,384 [INFO] [开始读取数据库表：tuiding_data]
2025-11-20 22:59:53,626 [INFO] [成功读取表 tuiding_data，数据行数：4209]
2025-11-20 22:59:53,634 [INFO] [开始读取数据库表：debit_data]
2025-11-20 22:59:55,663 [INFO] [成功读取表 debit_data，数据行数：24968]
2025-11-20 22:59:56,085 [INFO] [开始读取数据库表：sales_invoice_data]
2025-11-20 22:59:57,325 [INFO] [成功读取表 sales_invoice_data，数据行数：18557]
2025-11-20 23:29:45,481 [INFO] [数据库引擎创建成功]
2025-11-20 23:29:45,481 [INFO] [开始读取数据库表：order_data]
2025-11-20 23:29:46,001 [INFO] [成功读取表 order_data，数据行数：23702]
2025-11-20 23:29:46,142 [INFO] [开始读取数据库表：sales_data]
2025-11-20 23:29:51,342 [INFO] [成功读取表 sales_data，数据行数：25658]
2025-11-20 23:29:53,423 [INFO] [开始读取数据库表：jingpin_data]
2025-11-20 23:29:53,696 [INFO] [成功读取表 jingpin_data，数据行数：4521]
2025-11-20 23:29:53,795 [INFO] [开始读取数据库表：inventory_data]
2025-11-20 23:29:54,379 [INFO] [成功读取表 inventory_data，数据行数：5550]
2025-11-20 23:29:54,381 [INFO] [开始读取数据库表：tuiding_data]
2025-11-20 23:29:54,610 [INFO] [成功读取表 tuiding_data，数据行数：4209]
2025-11-20 23:29:54,610 [INFO] [开始读取数据库表：debit_data]
2025-11-20 23:29:56,746 [INFO] [成功读取表 debit_data，数据行数：24970]
2025-11-20 23:29:57,155 [INFO] [开始读取数据库表：sales_invoice_data]
2025-11-20 23:29:58,470 [INFO] [成功读取表 sales_invoice_data，数据行数：18557]
