2025-11-22 08:07:02,188 [INFO] [数据库引擎创建成功]
2025-11-22 08:07:02,189 [INFO] [开始读取数据库表：order_data]
2025-11-22 08:07:03,497 [INFO] [成功读取表 order_data，数据行数：23738]
2025-11-22 08:07:03,835 [INFO] [开始读取数据库表：sales_data]
2025-11-22 08:07:08,750 [INFO] [成功读取表 sales_data，数据行数：25744]
2025-11-22 08:07:10,405 [INFO] [开始读取数据库表：jingpin_data]
2025-11-22 08:07:10,619 [INFO] [成功读取表 jingpin_data，数据行数：4557]
2025-11-22 08:07:10,698 [INFO] [开始读取数据库表：inventory_data]
2025-11-22 08:07:11,123 [INFO] [成功读取表 inventory_data，数据行数：6082]
2025-11-22 08:07:11,123 [INFO] [开始读取数据库表：tuiding_data]
2025-11-22 08:07:11,266 [INFO] [成功读取表 tuiding_data，数据行数：4229]
2025-11-22 08:07:11,266 [INFO] [开始读取数据库表：debit_data]
2025-11-22 08:07:12,644 [INFO] [成功读取表 debit_data，数据行数：25497]
2025-11-22 08:07:12,975 [INFO] [开始读取数据库表：sales_invoice_data]
2025-11-22 08:07:13,907 [INFO] [成功读取表 sales_invoice_data，数据行数：18618]
2025-11-22 08:28:28,919 [INFO] [数据库引擎创建成功]
2025-11-22 08:28:28,920 [INFO] [开始读取数据库表：order_data]
2025-11-22 08:28:30,102 [INFO] [成功读取表 order_data，数据行数：23738]
2025-11-22 08:28:30,381 [INFO] [开始读取数据库表：sales_data]
2025-11-22 08:28:35,127 [INFO] [成功读取表 sales_data，数据行数：25744]
2025-11-22 08:28:36,824 [INFO] [开始读取数据库表：jingpin_data]
2025-11-22 08:28:37,005 [INFO] [成功读取表 jingpin_data，数据行数：4557]
2025-11-22 08:28:37,063 [INFO] [开始读取数据库表：inventory_data]
2025-11-22 08:28:37,442 [INFO] [成功读取表 inventory_data，数据行数：6082]
2025-11-22 08:28:37,442 [INFO] [开始读取数据库表：tuiding_data]
2025-11-22 08:28:37,580 [INFO] [成功读取表 tuiding_data，数据行数：4229]
2025-11-22 08:28:37,580 [INFO] [开始读取数据库表：debit_data]
2025-11-22 08:28:38,998 [INFO] [成功读取表 debit_data，数据行数：25497]
2025-11-22 08:28:39,308 [INFO] [开始读取数据库表：sales_invoice_data]
2025-11-22 08:28:40,195 [INFO] [成功读取表 sales_invoice_data，数据行数：18618]
2025-11-22 08:59:07,850 [INFO] [数据库引擎创建成功]
2025-11-22 08:59:07,850 [INFO] [开始读取数据库表：order_data]
2025-11-22 08:59:09,154 [INFO] [成功读取表 order_data，数据行数：23735]
2025-11-22 08:59:09,440 [INFO] [开始读取数据库表：sales_data]
2025-11-22 08:59:14,281 [INFO] [成功读取表 sales_data，数据行数：25744]
2025-11-22 08:59:15,900 [INFO] [开始读取数据库表：jingpin_data]
2025-11-22 08:59:16,089 [INFO] [成功读取表 jingpin_data，数据行数：4557]
2025-11-22 08:59:16,136 [INFO] [开始读取数据库表：inventory_data]
2025-11-22 08:59:16,567 [INFO] [成功读取表 inventory_data，数据行数：6082]
2025-11-22 08:59:16,567 [INFO] [开始读取数据库表：tuiding_data]
2025-11-22 08:59:16,714 [INFO] [成功读取表 tuiding_data，数据行数：4232]
2025-11-22 08:59:16,714 [INFO] [开始读取数据库表：debit_data]
2025-11-22 08:59:18,164 [INFO] [成功读取表 debit_data，数据行数：25497]
2025-11-22 08:59:18,479 [INFO] [开始读取数据库表：sales_invoice_data]
2025-11-22 08:59:19,367 [INFO] [成功读取表 sales_invoice_data，数据行数：18618]
2025-11-22 09:29:37,561 [INFO] [数据库引擎创建成功]
2025-11-22 09:29:37,561 [INFO] [开始读取数据库表：order_data]
2025-11-22 09:29:38,840 [INFO] [成功读取表 order_data，数据行数：23735]
2025-11-22 09:29:39,124 [INFO] [开始读取数据库表：sales_data]
2025-11-22 09:29:44,061 [INFO] [成功读取表 sales_data，数据行数：25747]
2025-11-22 09:29:45,967 [INFO] [开始读取数据库表：jingpin_data]
2025-11-22 09:29:46,210 [INFO] [成功读取表 jingpin_data，数据行数：4557]
2025-11-22 09:29:46,288 [INFO] [开始读取数据库表：inventory_data]
2025-11-22 09:29:46,773 [INFO] [成功读取表 inventory_data，数据行数：6082]
2025-11-22 09:29:46,774 [INFO] [开始读取数据库表：tuiding_data]
2025-11-22 09:29:46,956 [INFO] [成功读取表 tuiding_data，数据行数：4232]
2025-11-22 09:29:46,957 [INFO] [开始读取数据库表：debit_data]
2025-11-22 09:29:48,661 [INFO] [成功读取表 debit_data，数据行数：25497]
2025-11-22 09:29:49,034 [INFO] [开始读取数据库表：sales_invoice_data]
2025-11-22 09:29:50,138 [INFO] [成功读取表 sales_invoice_data，数据行数：18618]
2025-11-22 10:00:02,219 [INFO] [数据库引擎创建成功]
2025-11-22 10:00:02,220 [INFO] [开始读取数据库表：order_data]
2025-11-22 10:00:03,661 [INFO] [成功读取表 order_data，数据行数：23735]
2025-11-22 10:00:03,964 [INFO] [开始读取数据库表：sales_data]
2025-11-22 10:00:09,804 [INFO] [成功读取表 sales_data，数据行数：25748]
2025-11-22 10:00:11,980 [INFO] [开始读取数据库表：jingpin_data]
2025-11-22 10:00:12,267 [INFO] [成功读取表 jingpin_data，数据行数：4557]
2025-11-22 10:00:12,356 [INFO] [开始读取数据库表：inventory_data]
2025-11-22 10:00:12,873 [INFO] [成功读取表 inventory_data，数据行数：6082]
2025-11-22 10:00:12,874 [INFO] [开始读取数据库表：tuiding_data]
2025-11-22 10:00:13,076 [INFO] [成功读取表 tuiding_data，数据行数：4232]
2025-11-22 10:00:13,077 [INFO] [开始读取数据库表：debit_data]
2025-11-22 10:00:15,036 [INFO] [成功读取表 debit_data，数据行数：25497]
2025-11-22 10:00:15,487 [INFO] [开始读取数据库表：sales_invoice_data]
2025-11-22 10:00:17,193 [INFO] [成功读取表 sales_invoice_data，数据行数：18618]
2025-11-22 10:29:34,074 [INFO] [数据库引擎创建成功]
2025-11-22 10:29:34,075 [INFO] [开始读取数据库表：order_data]
2025-11-22 10:29:35,436 [INFO] [成功读取表 order_data，数据行数：23733]
2025-11-22 10:29:35,701 [INFO] [开始读取数据库表：sales_data]
2025-11-22 10:29:40,820 [INFO] [成功读取表 sales_data，数据行数：25748]
2025-11-22 10:29:42,859 [INFO] [开始读取数据库表：jingpin_data]
2025-11-22 10:29:43,107 [INFO] [成功读取表 jingpin_data，数据行数：4558]
2025-11-22 10:29:43,185 [INFO] [开始读取数据库表：inventory_data]
2025-11-22 10:29:43,684 [INFO] [成功读取表 inventory_data，数据行数：6082]
2025-11-22 10:29:43,684 [INFO] [开始读取数据库表：tuiding_data]
2025-11-22 10:29:43,872 [INFO] [成功读取表 tuiding_data，数据行数：4234]
2025-11-22 10:29:43,872 [INFO] [开始读取数据库表：debit_data]
2025-11-22 10:29:45,608 [INFO] [成功读取表 debit_data，数据行数：25497]
2025-11-22 10:29:45,972 [INFO] [开始读取数据库表：sales_invoice_data]
2025-11-22 10:29:47,101 [INFO] [成功读取表 sales_invoice_data，数据行数：18618]
2025-11-22 11:00:17,674 [INFO] [数据库引擎创建成功]
2025-11-22 11:00:17,674 [INFO] [开始读取数据库表：order_data]
2025-11-22 11:00:18,948 [INFO] [成功读取表 order_data，数据行数：23736]
2025-11-22 11:00:19,325 [INFO] [开始读取数据库表：sales_data]
2025-11-22 11:00:30,090 [INFO] [成功读取表 sales_data，数据行数：25750]
2025-11-22 11:00:33,884 [INFO] [开始读取数据库表：jingpin_data]
2025-11-22 11:00:34,317 [INFO] [成功读取表 jingpin_data，数据行数：4558]
2025-11-22 11:00:34,451 [INFO] [开始读取数据库表：inventory_data]
2025-11-22 11:00:35,467 [INFO] [成功读取表 inventory_data，数据行数：6080]
2025-11-22 11:00:35,467 [INFO] [开始读取数据库表：tuiding_data]
2025-11-22 11:00:35,881 [INFO] [成功读取表 tuiding_data，数据行数：4234]
2025-11-22 11:00:35,881 [INFO] [开始读取数据库表：debit_data]
2025-11-22 11:00:40,043 [INFO] [成功读取表 debit_data，数据行数：25497]
2025-11-22 11:00:40,629 [INFO] [开始读取数据库表：sales_invoice_data]
2025-11-22 11:00:42,115 [INFO] [成功读取表 sales_invoice_data，数据行数：18620]
2025-11-22 11:29:43,803 [INFO] [数据库引擎创建成功]
2025-11-22 11:29:43,804 [INFO] [开始读取数据库表：order_data]
2025-11-22 11:29:45,178 [INFO] [成功读取表 order_data，数据行数：23740]
2025-11-22 11:29:45,443 [INFO] [开始读取数据库表：sales_data]
2025-11-22 11:29:50,231 [INFO] [成功读取表 sales_data，数据行数：25751]
2025-11-22 11:29:52,216 [INFO] [开始读取数据库表：jingpin_data]
2025-11-22 11:29:52,462 [INFO] [成功读取表 jingpin_data，数据行数：4561]
2025-11-22 11:29:52,525 [INFO] [开始读取数据库表：inventory_data]
2025-11-22 11:29:53,047 [INFO] [成功读取表 inventory_data，数据行数：6078]
2025-11-22 11:29:53,047 [INFO] [开始读取数据库表：tuiding_data]
2025-11-22 11:29:53,243 [INFO] [成功读取表 tuiding_data，数据行数：4234]
2025-11-22 11:29:53,244 [INFO] [开始读取数据库表：debit_data]
2025-11-22 11:29:55,104 [INFO] [成功读取表 debit_data，数据行数：25497]
2025-11-22 11:29:55,466 [INFO] [开始读取数据库表：sales_invoice_data]
2025-11-22 11:29:56,640 [INFO] [成功读取表 sales_invoice_data，数据行数：18621]
2025-11-22 11:59:27,598 [INFO] [数据库引擎创建成功]
2025-11-22 11:59:27,599 [INFO] [开始读取数据库表：order_data]
2025-11-22 11:59:28,747 [INFO] [成功读取表 order_data，数据行数：23741]
2025-11-22 11:59:29,023 [INFO] [开始读取数据库表：sales_data]
2025-11-22 11:59:33,797 [INFO] [成功读取表 sales_data，数据行数：25758]
2025-11-22 11:59:35,724 [INFO] [开始读取数据库表：jingpin_data]
2025-11-22 11:59:35,987 [INFO] [成功读取表 jingpin_data，数据行数：4563]
2025-11-22 11:59:36,069 [INFO] [开始读取数据库表：inventory_data]
2025-11-22 11:59:36,644 [INFO] [成功读取表 inventory_data，数据行数：6072]
2025-11-22 11:59:36,645 [INFO] [开始读取数据库表：tuiding_data]
2025-11-22 11:59:36,841 [INFO] [成功读取表 tuiding_data，数据行数：4237]
2025-11-22 11:59:36,841 [INFO] [开始读取数据库表：debit_data]
2025-11-22 11:59:38,881 [INFO] [成功读取表 debit_data，数据行数：25497]
2025-11-22 11:59:39,268 [INFO] [开始读取数据库表：sales_invoice_data]
2025-11-22 11:59:40,374 [INFO] [成功读取表 sales_invoice_data，数据行数：18628]
2025-11-22 12:29:43,130 [INFO] [数据库引擎创建成功]
2025-11-22 12:29:43,139 [INFO] [开始读取数据库表：order_data]
2025-11-22 12:29:44,364 [INFO] [成功读取表 order_data，数据行数：23746]
2025-11-22 12:29:44,651 [INFO] [开始读取数据库表：sales_data]
2025-11-22 12:29:49,486 [INFO] [成功读取表 sales_data，数据行数：25759]
2025-11-22 12:29:51,401 [INFO] [开始读取数据库表：jingpin_data]
2025-11-22 12:29:51,657 [INFO] [成功读取表 jingpin_data，数据行数：4563]
2025-11-22 12:29:51,737 [INFO] [开始读取数据库表：inventory_data]
2025-11-22 12:29:52,217 [INFO] [成功读取表 inventory_data，数据行数：6072]
2025-11-22 12:29:52,217 [INFO] [开始读取数据库表：tuiding_data]
2025-11-22 12:29:52,422 [INFO] [成功读取表 tuiding_data，数据行数：4237]
2025-11-22 12:29:52,422 [INFO] [开始读取数据库表：debit_data]
2025-11-22 12:29:54,193 [INFO] [成功读取表 debit_data，数据行数：25497]
2025-11-22 12:29:54,544 [INFO] [开始读取数据库表：sales_invoice_data]
2025-11-22 12:29:55,649 [INFO] [成功读取表 sales_invoice_data，数据行数：18628]
2025-11-22 12:59:33,415 [INFO] [数据库引擎创建成功]
2025-11-22 12:59:33,416 [INFO] [开始读取数据库表：order_data]
2025-11-22 12:59:34,710 [INFO] [成功读取表 order_data，数据行数：23751]
2025-11-22 12:59:34,985 [INFO] [开始读取数据库表：sales_data]
2025-11-22 12:59:40,216 [INFO] [成功读取表 sales_data，数据行数：25760]
2025-11-22 12:59:42,500 [INFO] [开始读取数据库表：jingpin_data]
2025-11-22 12:59:42,787 [INFO] [成功读取表 jingpin_data，数据行数：4563]
2025-11-22 12:59:42,867 [INFO] [开始读取数据库表：inventory_data]
2025-11-22 12:59:43,443 [INFO] [成功读取表 inventory_data，数据行数：6071]
2025-11-22 12:59:43,443 [INFO] [开始读取数据库表：tuiding_data]
2025-11-22 12:59:43,685 [INFO] [成功读取表 tuiding_data，数据行数：4241]
2025-11-22 12:59:43,685 [INFO] [开始读取数据库表：debit_data]
2025-11-22 12:59:46,015 [INFO] [成功读取表 debit_data，数据行数：25497]
2025-11-22 12:59:46,434 [INFO] [开始读取数据库表：sales_invoice_data]
2025-11-22 12:59:47,738 [INFO] [成功读取表 sales_invoice_data，数据行数：18629]
2025-11-22 13:29:59,828 [INFO] [数据库引擎创建成功]
2025-11-22 13:29:59,828 [INFO] [开始读取数据库表：order_data]
2025-11-22 13:30:01,333 [INFO] [成功读取表 order_data，数据行数：23754]
2025-11-22 13:30:01,677 [INFO] [开始读取数据库表：sales_data]
2025-11-22 13:30:07,339 [INFO] [成功读取表 sales_data，数据行数：25761]
2025-11-22 13:30:09,580 [INFO] [开始读取数据库表：jingpin_data]
2025-11-22 13:30:09,844 [INFO] [成功读取表 jingpin_data，数据行数：4564]
2025-11-22 13:30:09,941 [INFO] [开始读取数据库表：inventory_data]
2025-11-22 13:30:10,503 [INFO] [成功读取表 inventory_data，数据行数：6070]
2025-11-22 13:30:10,504 [INFO] [开始读取数据库表：tuiding_data]
2025-11-22 13:30:10,724 [INFO] [成功读取表 tuiding_data，数据行数：4241]
2025-11-22 13:30:10,724 [INFO] [开始读取数据库表：debit_data]
2025-11-22 13:30:12,809 [INFO] [成功读取表 debit_data，数据行数：25497]
2025-11-22 13:30:13,212 [INFO] [开始读取数据库表：sales_invoice_data]
2025-11-22 13:30:14,442 [INFO] [成功读取表 sales_invoice_data，数据行数：18630]
2025-11-22 14:00:26,138 [INFO] [数据库引擎创建成功]
2025-11-22 14:00:26,139 [INFO] [开始读取数据库表：order_data]
2025-11-22 14:00:30,025 [INFO] [成功读取表 order_data，数据行数：23759]
2025-11-22 14:00:30,926 [INFO] [开始读取数据库表：sales_data]
2025-11-22 14:00:45,096 [INFO] [成功读取表 sales_data，数据行数：25763]
2025-11-22 14:00:48,151 [INFO] [开始读取数据库表：jingpin_data]
2025-11-22 14:00:48,686 [INFO] [成功读取表 jingpin_data，数据行数：4564]
2025-11-22 14:00:48,865 [INFO] [开始读取数据库表：inventory_data]
2025-11-22 14:00:49,895 [INFO] [成功读取表 inventory_data，数据行数：6068]
2025-11-22 14:00:49,895 [INFO] [开始读取数据库表：tuiding_data]
2025-11-22 14:00:50,321 [INFO] [成功读取表 tuiding_data，数据行数：4241]
2025-11-22 14:00:50,321 [INFO] [开始读取数据库表：debit_data]
2025-11-22 14:00:53,379 [INFO] [成功读取表 debit_data，数据行数：25497]
2025-11-22 14:00:53,976 [INFO] [开始读取数据库表：sales_invoice_data]
2025-11-22 14:00:56,188 [INFO] [成功读取表 sales_invoice_data，数据行数：18632]
2025-11-22 14:29:40,777 [INFO] [数据库引擎创建成功]
2025-11-22 14:29:40,786 [INFO] [开始读取数据库表：order_data]
2025-11-22 14:29:42,162 [INFO] [成功读取表 order_data，数据行数：23764]
2025-11-22 14:29:42,467 [INFO] [开始读取数据库表：sales_data]
2025-11-22 14:29:47,779 [INFO] [成功读取表 sales_data，数据行数：25765]
2025-11-22 14:29:49,737 [INFO] [开始读取数据库表：jingpin_data]
2025-11-22 14:29:49,978 [INFO] [成功读取表 jingpin_data，数据行数：4564]
2025-11-22 14:29:50,047 [INFO] [开始读取数据库表：inventory_data]
2025-11-22 14:29:50,584 [INFO] [成功读取表 inventory_data，数据行数：6066]
2025-11-22 14:29:50,585 [INFO] [开始读取数据库表：tuiding_data]
2025-11-22 14:29:50,812 [INFO] [成功读取表 tuiding_data，数据行数：4241]
2025-11-22 14:29:50,813 [INFO] [开始读取数据库表：debit_data]
2025-11-22 14:29:52,638 [INFO] [成功读取表 debit_data，数据行数：25497]
2025-11-22 14:29:53,010 [INFO] [开始读取数据库表：sales_invoice_data]
2025-11-22 14:29:54,117 [INFO] [成功读取表 sales_invoice_data，数据行数：18634]
2025-11-22 14:59:39,807 [INFO] [数据库引擎创建成功]
2025-11-22 14:59:39,807 [INFO] [开始读取数据库表：order_data]
2025-11-22 14:59:41,189 [INFO] [成功读取表 order_data，数据行数：23770]
2025-11-22 14:59:41,490 [INFO] [开始读取数据库表：sales_data]
2025-11-22 14:59:46,828 [INFO] [成功读取表 sales_data，数据行数：25765]
2025-11-22 14:59:48,773 [INFO] [开始读取数据库表：jingpin_data]
2025-11-22 14:59:49,010 [INFO] [成功读取表 jingpin_data，数据行数：4564]
2025-11-22 14:59:49,091 [INFO] [开始读取数据库表：inventory_data]
2025-11-22 14:59:49,560 [INFO] [成功读取表 inventory_data，数据行数：6067]
2025-11-22 14:59:49,560 [INFO] [开始读取数据库表：tuiding_data]
2025-11-22 14:59:49,761 [INFO] [成功读取表 tuiding_data，数据行数：4241]
2025-11-22 14:59:49,762 [INFO] [开始读取数据库表：debit_data]
2025-11-22 14:59:51,472 [INFO] [成功读取表 debit_data，数据行数：25497]
2025-11-22 14:59:51,852 [INFO] [开始读取数据库表：sales_invoice_data]
2025-11-22 14:59:52,991 [INFO] [成功读取表 sales_invoice_data，数据行数：18634]
2025-11-22 15:30:14,761 [INFO] [数据库引擎创建成功]
2025-11-22 15:30:14,762 [INFO] [开始读取数据库表：order_data]
2025-11-22 15:30:16,493 [INFO] [成功读取表 order_data，数据行数：23776]
2025-11-22 15:30:16,846 [INFO] [开始读取数据库表：sales_data]
2025-11-22 15:30:29,520 [INFO] [成功读取表 sales_data，数据行数：25765]
2025-11-22 15:30:34,206 [INFO] [开始读取数据库表：jingpin_data]
2025-11-22 15:30:34,794 [INFO] [成功读取表 jingpin_data，数据行数：4564]
2025-11-22 15:30:34,987 [INFO] [开始读取数据库表：inventory_data]
2025-11-22 15:30:36,578 [INFO] [成功读取表 inventory_data，数据行数：6066]
2025-11-22 15:30:36,578 [INFO] [开始读取数据库表：tuiding_data]
2025-11-22 15:30:37,102 [INFO] [成功读取表 tuiding_data，数据行数：4241]
2025-11-22 15:30:37,103 [INFO] [开始读取数据库表：debit_data]
2025-11-22 15:30:44,341 [INFO] [成功读取表 debit_data，数据行数：25497]
2025-11-22 15:30:45,304 [INFO] [开始读取数据库表：sales_invoice_data]
2025-11-22 15:30:48,093 [INFO] [成功读取表 sales_invoice_data，数据行数：18634]
2025-11-22 16:00:24,815 [INFO] [数据库引擎创建成功]
2025-11-22 16:00:24,816 [INFO] [开始读取数据库表：order_data]
2025-11-22 16:00:26,971 [INFO] [成功读取表 order_data，数据行数：23784]
2025-11-22 16:00:27,343 [INFO] [开始读取数据库表：sales_data]
2025-11-22 16:00:37,433 [INFO] [成功读取表 sales_data，数据行数：25770]
2025-11-22 16:00:41,540 [INFO] [开始读取数据库表：jingpin_data]
2025-11-22 16:00:41,917 [INFO] [成功读取表 jingpin_data，数据行数：4564]
2025-11-22 16:00:42,043 [INFO] [开始读取数据库表：inventory_data]
2025-11-22 16:00:42,741 [INFO] [成功读取表 inventory_data，数据行数：6061]
2025-11-22 16:00:42,742 [INFO] [开始读取数据库表：tuiding_data]
2025-11-22 16:00:43,041 [INFO] [成功读取表 tuiding_data，数据行数：4241]
2025-11-22 16:00:43,041 [INFO] [开始读取数据库表：debit_data]
2025-11-22 16:00:46,845 [INFO] [成功读取表 debit_data，数据行数：25497]
2025-11-22 16:00:47,877 [INFO] [开始读取数据库表：sales_invoice_data]
2025-11-22 16:00:49,977 [INFO] [成功读取表 sales_invoice_data，数据行数：18639]
2025-11-22 16:29:41,287 [INFO] [数据库引擎创建成功]
2025-11-22 16:29:41,287 [INFO] [开始读取数据库表：order_data]
2025-11-22 16:29:42,529 [INFO] [成功读取表 order_data，数据行数：23791]
2025-11-22 16:29:42,797 [INFO] [开始读取数据库表：sales_data]
2025-11-22 16:29:47,651 [INFO] [成功读取表 sales_data，数据行数：25772]
2025-11-22 16:29:49,626 [INFO] [开始读取数据库表：jingpin_data]
2025-11-22 16:29:49,908 [INFO] [成功读取表 jingpin_data，数据行数：4565]
2025-11-22 16:29:49,986 [INFO] [开始读取数据库表：inventory_data]
2025-11-22 16:29:50,504 [INFO] [成功读取表 inventory_data，数据行数：6058]
2025-11-22 16:29:50,504 [INFO] [开始读取数据库表：tuiding_data]
2025-11-22 16:29:50,714 [INFO] [成功读取表 tuiding_data，数据行数：4241]
2025-11-22 16:29:50,714 [INFO] [开始读取数据库表：debit_data]
2025-11-22 16:29:52,701 [INFO] [成功读取表 debit_data，数据行数：25497]
2025-11-22 16:29:53,047 [INFO] [开始读取数据库表：sales_invoice_data]
2025-11-22 16:29:54,137 [INFO] [成功读取表 sales_invoice_data，数据行数：18642]
2025-11-22 17:00:06,971 [INFO] [数据库引擎创建成功]
2025-11-22 17:00:06,972 [INFO] [开始读取数据库表：order_data]
2025-11-22 17:00:08,676 [INFO] [成功读取表 order_data，数据行数：23801]
2025-11-22 17:00:09,040 [INFO] [开始读取数据库表：sales_data]
2025-11-22 17:00:15,783 [INFO] [成功读取表 sales_data，数据行数：25772]
2025-11-22 17:00:19,093 [INFO] [开始读取数据库表：jingpin_data]
2025-11-22 17:00:19,456 [INFO] [成功读取表 jingpin_data，数据行数：4565]
2025-11-22 17:00:19,551 [INFO] [开始读取数据库表：inventory_data]
2025-11-22 17:00:20,439 [INFO] [成功读取表 inventory_data，数据行数：6058]
2025-11-22 17:00:20,439 [INFO] [开始读取数据库表：tuiding_data]
2025-11-22 17:00:20,699 [INFO] [成功读取表 tuiding_data，数据行数：4241]
2025-11-22 17:00:20,699 [INFO] [开始读取数据库表：debit_data]
2025-11-22 17:00:24,827 [INFO] [成功读取表 debit_data，数据行数：25497]
2025-11-22 17:00:25,672 [INFO] [开始读取数据库表：sales_invoice_data]
2025-11-22 17:00:28,874 [INFO] [成功读取表 sales_invoice_data，数据行数：18642]
2025-11-22 17:31:55,598 [INFO] [数据库引擎创建成功]
2025-11-22 17:31:55,608 [INFO] [开始读取数据库表：order_data]
2025-11-22 17:31:56,801 [INFO] [成功读取表 order_data，数据行数：23808]
2025-11-22 17:31:57,082 [INFO] [开始读取数据库表：sales_data]
2025-11-22 17:32:01,972 [INFO] [成功读取表 sales_data，数据行数：25777]
2025-11-22 17:32:04,186 [INFO] [开始读取数据库表：jingpin_data]
2025-11-22 17:32:04,435 [INFO] [成功读取表 jingpin_data，数据行数：4567]
2025-11-22 17:32:04,541 [INFO] [开始读取数据库表：inventory_data]
2025-11-22 17:32:05,043 [INFO] [成功读取表 inventory_data，数据行数：6053]
2025-11-22 17:32:05,044 [INFO] [开始读取数据库表：tuiding_data]
2025-11-22 17:32:05,240 [INFO] [成功读取表 tuiding_data，数据行数：4241]
2025-11-22 17:32:05,240 [INFO] [开始读取数据库表：debit_data]
2025-11-22 17:32:07,034 [INFO] [成功读取表 debit_data，数据行数：25497]
2025-11-22 17:32:07,397 [INFO] [开始读取数据库表：sales_invoice_data]
2025-11-22 17:32:08,472 [INFO] [成功读取表 sales_invoice_data，数据行数：18647]
2025-11-22 18:00:17,637 [INFO] [数据库引擎创建成功]
2025-11-22 18:00:17,646 [INFO] [开始读取数据库表：order_data]
2025-11-22 18:00:19,344 [INFO] [成功读取表 order_data，数据行数：23828]
2025-11-22 18:00:19,684 [INFO] [开始读取数据库表：sales_data]
2025-11-22 18:00:29,345 [INFO] [成功读取表 sales_data，数据行数：25782]
2025-11-22 18:00:32,781 [INFO] [开始读取数据库表：jingpin_data]
2025-11-22 18:00:33,204 [INFO] [成功读取表 jingpin_data，数据行数：4567]
2025-11-22 18:00:33,324 [INFO] [开始读取数据库表：inventory_data]
2025-11-22 18:00:34,295 [INFO] [成功读取表 inventory_data，数据行数：6048]
2025-11-22 18:00:34,295 [INFO] [开始读取数据库表：tuiding_data]
2025-11-22 18:00:34,671 [INFO] [成功读取表 tuiding_data，数据行数：4242]
2025-11-22 18:00:34,671 [INFO] [开始读取数据库表：debit_data]
2025-11-22 18:00:39,483 [INFO] [成功读取表 debit_data，数据行数：25497]
2025-11-22 18:00:40,098 [INFO] [开始读取数据库表：sales_invoice_data]
2025-11-22 18:00:42,337 [INFO] [成功读取表 sales_invoice_data，数据行数：18652]
2025-11-22 18:30:09,796 [INFO] [数据库引擎创建成功]
2025-11-22 18:30:09,806 [INFO] [开始读取数据库表：order_data]
2025-11-22 18:30:11,500 [INFO] [成功读取表 order_data，数据行数：23832]
2025-11-22 18:30:11,883 [INFO] [开始读取数据库表：sales_data]
2025-11-22 18:30:27,150 [INFO] [成功读取表 sales_data，数据行数：25783]
2025-11-22 18:30:31,239 [INFO] [开始读取数据库表：jingpin_data]
2025-11-22 18:30:31,689 [INFO] [成功读取表 jingpin_data，数据行数：4567]
2025-11-22 18:30:31,780 [INFO] [开始读取数据库表：inventory_data]
2025-11-22 18:30:32,403 [INFO] [成功读取表 inventory_data，数据行数：6047]
2025-11-22 18:30:32,403 [INFO] [开始读取数据库表：tuiding_data]
2025-11-22 18:30:32,657 [INFO] [成功读取表 tuiding_data，数据行数：4245]
2025-11-22 18:30:32,658 [INFO] [开始读取数据库表：debit_data]
2025-11-22 18:30:34,942 [INFO] [成功读取表 debit_data，数据行数：25497]
2025-11-22 18:30:35,458 [INFO] [开始读取数据库表：sales_invoice_data]
2025-11-22 18:30:36,995 [INFO] [成功读取表 sales_invoice_data，数据行数：18653]
2025-11-22 18:59:35,588 [INFO] [数据库引擎创建成功]
2025-11-22 18:59:35,588 [INFO] [开始读取数据库表：order_data]
2025-11-22 18:59:36,781 [INFO] [成功读取表 order_data，数据行数：23835]
2025-11-22 18:59:37,067 [INFO] [开始读取数据库表：sales_data]
2025-11-22 18:59:43,524 [INFO] [成功读取表 sales_data，数据行数：25784]
2025-11-22 18:59:45,562 [INFO] [开始读取数据库表：jingpin_data]
2025-11-22 18:59:45,815 [INFO] [成功读取表 jingpin_data，数据行数：4567]
2025-11-22 18:59:45,883 [INFO] [开始读取数据库表：inventory_data]
2025-11-22 18:59:46,429 [INFO] [成功读取表 inventory_data，数据行数：6046]
2025-11-22 18:59:46,430 [INFO] [开始读取数据库表：tuiding_data]
2025-11-22 18:59:46,618 [INFO] [成功读取表 tuiding_data，数据行数：4245]
2025-11-22 18:59:46,619 [INFO] [开始读取数据库表：debit_data]
2025-11-22 18:59:48,604 [INFO] [成功读取表 debit_data，数据行数：25497]
2025-11-22 18:59:48,988 [INFO] [开始读取数据库表：sales_invoice_data]
2025-11-22 18:59:50,188 [INFO] [成功读取表 sales_invoice_data，数据行数：18654]
2025-11-22 19:29:26,716 [INFO] [数据库引擎创建成功]
2025-11-22 19:29:26,717 [INFO] [开始读取数据库表：order_data]
2025-11-22 19:29:28,145 [INFO] [成功读取表 order_data，数据行数：23839]
2025-11-22 19:29:28,421 [INFO] [开始读取数据库表：sales_data]
2025-11-22 19:29:33,810 [INFO] [成功读取表 sales_data，数据行数：25784]
2025-11-22 19:29:35,860 [INFO] [开始读取数据库表：jingpin_data]
2025-11-22 19:29:36,107 [INFO] [成功读取表 jingpin_data，数据行数：4567]
2025-11-22 19:29:36,170 [INFO] [开始读取数据库表：inventory_data]
2025-11-22 19:29:36,697 [INFO] [成功读取表 inventory_data，数据行数：6046]
2025-11-22 19:29:36,697 [INFO] [开始读取数据库表：tuiding_data]
2025-11-22 19:29:36,928 [INFO] [成功读取表 tuiding_data，数据行数：4245]
2025-11-22 19:29:36,929 [INFO] [开始读取数据库表：debit_data]
2025-11-22 19:29:38,770 [INFO] [成功读取表 debit_data，数据行数：25497]
2025-11-22 19:29:39,146 [INFO] [开始读取数据库表：sales_invoice_data]
2025-11-22 19:29:40,292 [INFO] [成功读取表 sales_invoice_data，数据行数：18654]
2025-11-22 19:59:31,317 [INFO] [数据库引擎创建成功]
2025-11-22 19:59:31,328 [INFO] [开始读取数据库表：order_data]
2025-11-22 19:59:32,567 [INFO] [成功读取表 order_data，数据行数：23838]
2025-11-22 19:59:32,877 [INFO] [开始读取数据库表：sales_data]
2025-11-22 19:59:37,650 [INFO] [成功读取表 sales_data，数据行数：25784]
2025-11-22 19:59:39,595 [INFO] [开始读取数据库表：jingpin_data]
2025-11-22 19:59:39,834 [INFO] [成功读取表 jingpin_data，数据行数：4567]
2025-11-22 19:59:39,900 [INFO] [开始读取数据库表：inventory_data]
2025-11-22 19:59:40,400 [INFO] [成功读取表 inventory_data，数据行数：6046]
2025-11-22 19:59:40,400 [INFO] [开始读取数据库表：tuiding_data]
2025-11-22 19:59:40,592 [INFO] [成功读取表 tuiding_data，数据行数：4246]
2025-11-22 19:59:40,592 [INFO] [开始读取数据库表：debit_data]
2025-11-22 19:59:42,289 [INFO] [成功读取表 debit_data，数据行数：25497]
2025-11-22 19:59:42,676 [INFO] [开始读取数据库表：sales_invoice_data]
2025-11-22 19:59:43,985 [INFO] [成功读取表 sales_invoice_data，数据行数：18654]
2025-11-22 20:29:38,845 [INFO] [数据库引擎创建成功]
2025-11-22 20:29:38,846 [INFO] [开始读取数据库表：order_data]
2025-11-22 20:29:39,962 [INFO] [成功读取表 order_data，数据行数：23838]
2025-11-22 20:29:40,262 [INFO] [开始读取数据库表：sales_data]
2025-11-22 20:29:45,153 [INFO] [成功读取表 sales_data，数据行数：25784]
2025-11-22 20:29:47,119 [INFO] [开始读取数据库表：jingpin_data]
2025-11-22 20:29:47,358 [INFO] [成功读取表 jingpin_data，数据行数：4567]
2025-11-22 20:29:47,424 [INFO] [开始读取数据库表：inventory_data]
2025-11-22 20:29:47,963 [INFO] [成功读取表 inventory_data，数据行数：6046]
2025-11-22 20:29:47,964 [INFO] [开始读取数据库表：tuiding_data]
2025-11-22 20:29:48,164 [INFO] [成功读取表 tuiding_data，数据行数：4246]
2025-11-22 20:29:48,164 [INFO] [开始读取数据库表：debit_data]
2025-11-22 20:29:49,956 [INFO] [成功读取表 debit_data，数据行数：25497]
2025-11-22 20:29:50,318 [INFO] [开始读取数据库表：sales_invoice_data]
2025-11-22 20:29:51,429 [INFO] [成功读取表 sales_invoice_data，数据行数：18654]
2025-11-22 20:59:31,549 [INFO] [数据库引擎创建成功]
2025-11-22 20:59:31,550 [INFO] [开始读取数据库表：order_data]
2025-11-22 20:59:32,796 [INFO] [成功读取表 order_data，数据行数：23838]
2025-11-22 20:59:33,045 [INFO] [开始读取数据库表：sales_data]
2025-11-22 20:59:38,137 [INFO] [成功读取表 sales_data，数据行数：25784]
2025-11-22 20:59:40,066 [INFO] [开始读取数据库表：jingpin_data]
2025-11-22 20:59:40,303 [INFO] [成功读取表 jingpin_data，数据行数：4567]
2025-11-22 20:59:40,362 [INFO] [开始读取数据库表：inventory_data]
2025-11-22 20:59:40,868 [INFO] [成功读取表 inventory_data，数据行数：6046]
2025-11-22 20:59:40,869 [INFO] [开始读取数据库表：tuiding_data]
2025-11-22 20:59:41,067 [INFO] [成功读取表 tuiding_data，数据行数：4246]
2025-11-22 20:59:41,067 [INFO] [开始读取数据库表：debit_data]
2025-11-22 20:59:42,854 [INFO] [成功读取表 debit_data，数据行数：25497]
2025-11-22 20:59:43,202 [INFO] [开始读取数据库表：sales_invoice_data]
2025-11-22 20:59:44,243 [INFO] [成功读取表 sales_invoice_data，数据行数：18654]
2025-11-22 21:29:44,899 [INFO] [数据库引擎创建成功]
2025-11-22 21:29:44,899 [INFO] [开始读取数据库表：order_data]
2025-11-22 21:29:46,063 [INFO] [成功读取表 order_data，数据行数：23838]
2025-11-22 21:29:46,356 [INFO] [开始读取数据库表：sales_data]
2025-11-22 21:29:51,008 [INFO] [成功读取表 sales_data，数据行数：25784]
2025-11-22 21:29:52,955 [INFO] [开始读取数据库表：jingpin_data]
2025-11-22 21:29:53,237 [INFO] [成功读取表 jingpin_data，数据行数：4567]
2025-11-22 21:29:53,307 [INFO] [开始读取数据库表：inventory_data]
2025-11-22 21:29:53,883 [INFO] [成功读取表 inventory_data，数据行数：6189]
2025-11-22 21:29:53,883 [INFO] [开始读取数据库表：tuiding_data]
2025-11-22 21:29:54,100 [INFO] [成功读取表 tuiding_data，数据行数：4246]
2025-11-22 21:29:54,101 [INFO] [开始读取数据库表：debit_data]
2025-11-22 21:29:56,001 [INFO] [成功读取表 debit_data，数据行数：25640]
2025-11-22 21:29:56,416 [INFO] [开始读取数据库表：sales_invoice_data]
2025-11-22 21:29:57,978 [INFO] [成功读取表 sales_invoice_data，数据行数：18654]
2025-11-22 21:59:16,408 [INFO] [数据库引擎创建成功]
2025-11-22 21:59:16,413 [INFO] [开始读取数据库表：order_data]
2025-11-22 21:59:17,558 [INFO] [成功读取表 order_data，数据行数：23838]
2025-11-22 21:59:17,826 [INFO] [开始读取数据库表：sales_data]
2025-11-22 21:59:22,602 [INFO] [成功读取表 sales_data，数据行数：25784]
2025-11-22 21:59:24,536 [INFO] [开始读取数据库表：jingpin_data]
2025-11-22 21:59:24,783 [INFO] [成功读取表 jingpin_data，数据行数：4567]
2025-11-22 21:59:24,846 [INFO] [开始读取数据库表：inventory_data]
2025-11-22 21:59:25,350 [INFO] [成功读取表 inventory_data，数据行数：6189]
2025-11-22 21:59:25,351 [INFO] [开始读取数据库表：tuiding_data]
2025-11-22 21:59:25,546 [INFO] [成功读取表 tuiding_data，数据行数：4246]
2025-11-22 21:59:25,547 [INFO] [开始读取数据库表：debit_data]
2025-11-22 21:59:27,259 [INFO] [成功读取表 debit_data，数据行数：25732]
2025-11-22 21:59:27,616 [INFO] [开始读取数据库表：sales_invoice_data]
2025-11-22 21:59:28,655 [INFO] [成功读取表 sales_invoice_data，数据行数：18654]
2025-11-22 22:29:31,918 [INFO] [数据库引擎创建成功]
2025-11-22 22:29:31,928 [INFO] [开始读取数据库表：order_data]
2025-11-22 22:29:33,095 [INFO] [成功读取表 order_data，数据行数：23838]
2025-11-22 22:29:33,379 [INFO] [开始读取数据库表：sales_data]
2025-11-22 22:29:38,274 [INFO] [成功读取表 sales_data，数据行数：25784]
2025-11-22 22:29:40,191 [INFO] [开始读取数据库表：jingpin_data]
2025-11-22 22:29:40,483 [INFO] [成功读取表 jingpin_data，数据行数：4567]
2025-11-22 22:29:40,560 [INFO] [开始读取数据库表：inventory_data]
2025-11-22 22:29:41,122 [INFO] [成功读取表 inventory_data，数据行数：6189]
2025-11-22 22:29:41,122 [INFO] [开始读取数据库表：tuiding_data]
2025-11-22 22:29:41,352 [INFO] [成功读取表 tuiding_data，数据行数：4246]
2025-11-22 22:29:41,352 [INFO] [开始读取数据库表：debit_data]
2025-11-22 22:29:43,312 [INFO] [成功读取表 debit_data，数据行数：25732]
2025-11-22 22:29:43,702 [INFO] [开始读取数据库表：sales_invoice_data]
2025-11-22 22:29:44,825 [INFO] [成功读取表 sales_invoice_data，数据行数：18654]
2025-11-22 22:59:29,118 [INFO] [数据库引擎创建成功]
2025-11-22 22:59:29,118 [INFO] [开始读取数据库表：order_data]
2025-11-22 22:59:30,334 [INFO] [成功读取表 order_data，数据行数：23840]
2025-11-22 22:59:30,571 [INFO] [开始读取数据库表：sales_data]
2025-11-22 22:59:35,775 [INFO] [成功读取表 sales_data，数据行数：25784]
2025-11-22 22:59:37,818 [INFO] [开始读取数据库表：jingpin_data]
2025-11-22 22:59:38,054 [INFO] [成功读取表 jingpin_data，数据行数：4567]
2025-11-22 22:59:38,110 [INFO] [开始读取数据库表：inventory_data]
2025-11-22 22:59:38,602 [INFO] [成功读取表 inventory_data，数据行数：6189]
2025-11-22 22:59:38,602 [INFO] [开始读取数据库表：tuiding_data]
2025-11-22 22:59:38,794 [INFO] [成功读取表 tuiding_data，数据行数：4246]
2025-11-22 22:59:38,794 [INFO] [开始读取数据库表：debit_data]
2025-11-22 22:59:40,751 [INFO] [成功读取表 debit_data，数据行数：25732]
2025-11-22 22:59:41,084 [INFO] [开始读取数据库表：sales_invoice_data]
2025-11-22 22:59:42,277 [INFO] [成功读取表 sales_invoice_data，数据行数：18654]
2025-11-22 23:29:12,220 [INFO] [数据库引擎创建成功]
2025-11-22 23:29:12,220 [INFO] [开始读取数据库表：order_data]
2025-11-22 23:29:13,475 [INFO] [成功读取表 order_data，数据行数：23840]
2025-11-22 23:29:13,761 [INFO] [开始读取数据库表：sales_data]
2025-11-22 23:29:18,411 [INFO] [成功读取表 sales_data，数据行数：25784]
2025-11-22 23:29:20,278 [INFO] [开始读取数据库表：jingpin_data]
2025-11-22 23:29:20,523 [INFO] [成功读取表 jingpin_data，数据行数：4567]
2025-11-22 23:29:20,590 [INFO] [开始读取数据库表：inventory_data]
2025-11-22 23:29:21,118 [INFO] [成功读取表 inventory_data，数据行数：6189]
2025-11-22 23:29:21,119 [INFO] [开始读取数据库表：tuiding_data]
2025-11-22 23:29:21,310 [INFO] [成功读取表 tuiding_data，数据行数：4246]
2025-11-22 23:29:21,310 [INFO] [开始读取数据库表：debit_data]
2025-11-22 23:29:23,097 [INFO] [成功读取表 debit_data，数据行数：25732]
2025-11-22 23:29:23,463 [INFO] [开始读取数据库表：sales_invoice_data]
2025-11-22 23:29:24,567 [INFO] [成功读取表 sales_invoice_data，数据行数：18654]
2025-11-22 23:59:19,813 [INFO] [数据库引擎创建成功]
2025-11-22 23:59:19,823 [INFO] [开始读取数据库表：order_data]
2025-11-22 23:59:21,055 [INFO] [成功读取表 order_data，数据行数：23840]
2025-11-22 23:59:21,346 [INFO] [开始读取数据库表：sales_data]
2025-11-22 23:59:26,202 [INFO] [成功读取表 sales_data，数据行数：25784]
2025-11-22 23:59:28,313 [INFO] [开始读取数据库表：jingpin_data]
2025-11-22 23:59:28,638 [INFO] [成功读取表 jingpin_data，数据行数：4567]
2025-11-22 23:59:28,734 [INFO] [开始读取数据库表：inventory_data]
2025-11-22 23:59:29,418 [INFO] [成功读取表 inventory_data，数据行数：6189]
2025-11-22 23:59:29,418 [INFO] [开始读取数据库表：tuiding_data]
2025-11-22 23:59:29,632 [INFO] [成功读取表 tuiding_data，数据行数：4246]
2025-11-22 23:59:29,633 [INFO] [开始读取数据库表：debit_data]
2025-11-22 23:59:31,589 [INFO] [成功读取表 debit_data，数据行数：25732]
2025-11-22 23:59:31,990 [INFO] [开始读取数据库表：sales_invoice_data]
2025-11-22 23:59:33,194 [INFO] [成功读取表 sales_invoice_data，数据行数：18654]
