2025-11-15 08:07:21,295 [INFO] [数据库引擎创建成功]
2025-11-15 08:07:21,296 [INFO] [开始读取数据库表：order_data]
2025-11-15 08:07:21,825 [INFO] [成功读取表 order_data，数据行数：23256]
2025-11-15 08:07:21,983 [INFO] [开始读取数据库表：sales_data]
2025-11-15 08:07:27,016 [INFO] [成功读取表 sales_data，数据行数：25050]
2025-11-15 08:07:29,142 [INFO] [开始读取数据库表：jingpin_data]
2025-11-15 08:07:29,338 [INFO] [成功读取表 jingpin_data，数据行数：4405]
2025-11-15 08:07:29,416 [INFO] [开始读取数据库表：inventory_data]
2025-11-15 08:07:29,920 [INFO] [成功读取表 inventory_data，数据行数：5812]
2025-11-15 08:07:29,920 [INFO] [开始读取数据库表：tuiding_data]
2025-11-15 08:07:30,117 [INFO] [成功读取表 tuiding_data，数据行数：4091]
2025-11-15 08:07:30,117 [INFO] [开始读取数据库表：debit_data]
2025-11-15 08:07:32,200 [INFO] [成功读取表 debit_data，数据行数：24652]
2025-11-15 08:07:32,686 [INFO] [开始读取数据库表：sales_invoice_data]
2025-11-15 08:07:33,748 [INFO] [成功读取表 sales_invoice_data，数据行数：18032]
2025-11-15 08:29:09,533 [INFO] [数据库引擎创建成功]
2025-11-15 08:29:09,533 [INFO] [开始读取数据库表：order_data]
2025-11-15 08:29:09,987 [INFO] [成功读取表 order_data，数据行数：23256]
2025-11-15 08:29:10,125 [INFO] [开始读取数据库表：sales_data]
2025-11-15 08:29:13,862 [INFO] [成功读取表 sales_data，数据行数：25050]
2025-11-15 08:29:15,697 [INFO] [开始读取数据库表：jingpin_data]
2025-11-15 08:29:15,934 [INFO] [成功读取表 jingpin_data，数据行数：4405]
2025-11-15 08:29:16,016 [INFO] [开始读取数据库表：inventory_data]
2025-11-15 08:29:16,560 [INFO] [成功读取表 inventory_data，数据行数：5812]
2025-11-15 08:29:16,560 [INFO] [开始读取数据库表：tuiding_data]
2025-11-15 08:29:16,750 [INFO] [成功读取表 tuiding_data，数据行数：4091]
2025-11-15 08:29:16,751 [INFO] [开始读取数据库表：debit_data]
2025-11-15 08:29:18,651 [INFO] [成功读取表 debit_data，数据行数：24652]
2025-11-15 08:29:18,959 [INFO] [开始读取数据库表：sales_invoice_data]
2025-11-15 08:29:20,118 [INFO] [成功读取表 sales_invoice_data，数据行数：18032]
2025-11-15 08:58:50,773 [INFO] [数据库引擎创建成功]
2025-11-15 08:58:50,774 [INFO] [开始读取数据库表：order_data]
2025-11-15 08:58:51,299 [INFO] [成功读取表 order_data，数据行数：23256]
2025-11-15 08:58:51,432 [INFO] [开始读取数据库表：sales_data]
2025-11-15 08:58:57,756 [INFO] [成功读取表 sales_data，数据行数：25050]
2025-11-15 08:58:59,652 [INFO] [开始读取数据库表：jingpin_data]
2025-11-15 08:58:59,883 [INFO] [成功读取表 jingpin_data，数据行数：4405]
2025-11-15 08:58:59,944 [INFO] [开始读取数据库表：inventory_data]
2025-11-15 08:59:00,469 [INFO] [成功读取表 inventory_data，数据行数：5812]
2025-11-15 08:59:00,469 [INFO] [开始读取数据库表：tuiding_data]
2025-11-15 08:59:00,665 [INFO] [成功读取表 tuiding_data，数据行数：4091]
2025-11-15 08:59:00,665 [INFO] [开始读取数据库表：debit_data]
2025-11-15 08:59:02,507 [INFO] [成功读取表 debit_data，数据行数：24652]
2025-11-15 08:59:02,869 [INFO] [开始读取数据库表：sales_invoice_data]
2025-11-15 08:59:04,052 [INFO] [成功读取表 sales_invoice_data，数据行数：18032]
2025-11-15 09:31:53,691 [INFO] [数据库引擎创建成功]
2025-11-15 09:31:53,701 [INFO] [开始读取数据库表：order_data]
2025-11-15 09:31:54,323 [INFO] [成功读取表 order_data，数据行数：23256]
2025-11-15 09:31:54,494 [INFO] [开始读取数据库表：sales_data]
2025-11-15 09:32:01,640 [INFO] [成功读取表 sales_data，数据行数：25053]
2025-11-15 09:32:03,637 [INFO] [开始读取数据库表：jingpin_data]
2025-11-15 09:32:03,865 [INFO] [成功读取表 jingpin_data，数据行数：4405]
2025-11-15 09:32:03,903 [INFO] [开始读取数据库表：inventory_data]
2025-11-15 09:32:04,442 [INFO] [成功读取表 inventory_data，数据行数：5810]
2025-11-15 09:32:04,442 [INFO] [开始读取数据库表：tuiding_data]
2025-11-15 09:32:04,648 [INFO] [成功读取表 tuiding_data，数据行数：4091]
2025-11-15 09:32:04,648 [INFO] [开始读取数据库表：debit_data]
2025-11-15 09:32:06,500 [INFO] [成功读取表 debit_data，数据行数：24652]
2025-11-15 09:32:06,814 [INFO] [开始读取数据库表：sales_invoice_data]
2025-11-15 09:32:07,976 [INFO] [成功读取表 sales_invoice_data，数据行数：18033]
2025-11-15 10:00:49,283 [INFO] [数据库引擎创建成功]
2025-11-15 10:00:49,283 [INFO] [开始读取数据库表：order_data]
2025-11-15 10:00:49,775 [INFO] [成功读取表 order_data，数据行数：23257]
2025-11-15 10:00:49,905 [INFO] [开始读取数据库表：sales_data]
2025-11-15 10:00:53,448 [INFO] [成功读取表 sales_data，数据行数：25053]
2025-11-15 10:00:55,410 [INFO] [开始读取数据库表：jingpin_data]
2025-11-15 10:00:55,650 [INFO] [成功读取表 jingpin_data，数据行数：4405]
2025-11-15 10:00:55,688 [INFO] [开始读取数据库表：inventory_data]
2025-11-15 10:00:58,288 [INFO] [成功读取表 inventory_data，数据行数：5810]
2025-11-15 10:00:58,288 [INFO] [开始读取数据库表：tuiding_data]
2025-11-15 10:00:58,459 [INFO] [成功读取表 tuiding_data，数据行数：4091]
2025-11-15 10:00:58,459 [INFO] [开始读取数据库表：debit_data]
2025-11-15 10:01:00,292 [INFO] [成功读取表 debit_data，数据行数：24652]
2025-11-15 10:01:00,665 [INFO] [开始读取数据库表：sales_invoice_data]
2025-11-15 10:01:01,861 [INFO] [成功读取表 sales_invoice_data，数据行数：18033]
2025-11-15 10:31:30,454 [INFO] [数据库引擎创建成功]
2025-11-15 10:31:30,454 [INFO] [开始读取数据库表：order_data]
2025-11-15 10:31:31,730 [INFO] [成功读取表 order_data，数据行数：23258]
2025-11-15 10:31:32,034 [INFO] [开始读取数据库表：sales_data]
2025-11-15 10:31:37,695 [INFO] [成功读取表 sales_data，数据行数：25052]
2025-11-15 10:31:39,411 [INFO] [开始读取数据库表：jingpin_data]
2025-11-15 10:31:39,615 [INFO] [成功读取表 jingpin_data，数据行数：4405]
2025-11-15 10:31:39,680 [INFO] [开始读取数据库表：inventory_data]
2025-11-15 10:31:40,126 [INFO] [成功读取表 inventory_data，数据行数：5810]
2025-11-15 10:31:40,126 [INFO] [开始读取数据库表：tuiding_data]
2025-11-15 10:31:40,276 [INFO] [成功读取表 tuiding_data，数据行数：4091]
2025-11-15 10:31:40,276 [INFO] [开始读取数据库表：debit_data]
2025-11-15 10:31:41,868 [INFO] [成功读取表 debit_data，数据行数：24652]
2025-11-15 10:31:42,174 [INFO] [开始读取数据库表：sales_invoice_data]
2025-11-15 10:31:43,103 [INFO] [成功读取表 sales_invoice_data，数据行数：18032]
2025-11-15 11:00:45,481 [INFO] [数据库引擎创建成功]
2025-11-15 11:00:45,481 [INFO] [开始读取数据库表：order_data]
2025-11-15 11:00:45,908 [INFO] [成功读取表 order_data，数据行数：23259]
2025-11-15 11:00:46,036 [INFO] [开始读取数据库表：sales_data]
2025-11-15 11:00:49,487 [INFO] [成功读取表 sales_data，数据行数：25053]
2025-11-15 11:00:51,299 [INFO] [开始读取数据库表：jingpin_data]
2025-11-15 11:00:51,559 [INFO] [成功读取表 jingpin_data，数据行数：4405]
2025-11-15 11:00:51,644 [INFO] [开始读取数据库表：inventory_data]
2025-11-15 11:00:52,173 [INFO] [成功读取表 inventory_data，数据行数：5809]
2025-11-15 11:00:52,173 [INFO] [开始读取数据库表：tuiding_data]
2025-11-15 11:00:52,378 [INFO] [成功读取表 tuiding_data，数据行数：4091]
2025-11-15 11:00:52,378 [INFO] [开始读取数据库表：debit_data]
2025-11-15 11:00:54,307 [INFO] [成功读取表 debit_data，数据行数：24652]
2025-11-15 11:00:54,686 [INFO] [开始读取数据库表：sales_invoice_data]
2025-11-15 11:00:55,902 [INFO] [成功读取表 sales_invoice_data，数据行数：18034]
2025-11-15 11:28:57,899 [INFO] [数据库引擎创建成功]
2025-11-15 11:28:57,900 [INFO] [开始读取数据库表：order_data]
2025-11-15 11:29:04,647 [INFO] [成功读取表 order_data，数据行数：23259]
2025-11-15 11:29:04,981 [INFO] [开始读取数据库表：sales_data]
2025-11-15 11:29:10,672 [INFO] [成功读取表 sales_data，数据行数：25057]
2025-11-15 11:29:12,542 [INFO] [开始读取数据库表：jingpin_data]
2025-11-15 11:29:12,793 [INFO] [成功读取表 jingpin_data，数据行数：4405]
2025-11-15 11:29:12,829 [INFO] [开始读取数据库表：inventory_data]
2025-11-15 11:29:13,332 [INFO] [成功读取表 inventory_data，数据行数：5806]
2025-11-15 11:29:13,332 [INFO] [开始读取数据库表：tuiding_data]
2025-11-15 11:29:13,525 [INFO] [成功读取表 tuiding_data，数据行数：4092]
2025-11-15 11:29:13,526 [INFO] [开始读取数据库表：debit_data]
2025-11-15 11:29:15,401 [INFO] [成功读取表 debit_data，数据行数：24652]
2025-11-15 11:29:15,723 [INFO] [开始读取数据库表：sales_invoice_data]
2025-11-15 11:29:16,862 [INFO] [成功读取表 sales_invoice_data，数据行数：18037]
2025-11-15 11:58:56,181 [INFO] [数据库引擎创建成功]
2025-11-15 11:58:56,181 [INFO] [开始读取数据库表：order_data]
2025-11-15 11:58:56,800 [INFO] [成功读取表 order_data，数据行数：23263]
2025-11-15 11:58:57,015 [INFO] [开始读取数据库表：sales_data]
2025-11-15 11:59:05,945 [INFO] [成功读取表 sales_data，数据行数：25058]
2025-11-15 11:59:07,830 [INFO] [开始读取数据库表：jingpin_data]
2025-11-15 11:59:08,062 [INFO] [成功读取表 jingpin_data，数据行数：4406]
2025-11-15 11:59:08,140 [INFO] [开始读取数据库表：inventory_data]
2025-11-15 11:59:08,667 [INFO] [成功读取表 inventory_data，数据行数：5805]
2025-11-15 11:59:08,667 [INFO] [开始读取数据库表：tuiding_data]
2025-11-15 11:59:08,884 [INFO] [成功读取表 tuiding_data，数据行数：4092]
2025-11-15 11:59:08,884 [INFO] [开始读取数据库表：debit_data]
2025-11-15 11:59:10,887 [INFO] [成功读取表 debit_data，数据行数：24652]
2025-11-15 11:59:11,246 [INFO] [开始读取数据库表：sales_invoice_data]
2025-11-15 11:59:12,419 [INFO] [成功读取表 sales_invoice_data，数据行数：18038]
2025-11-15 12:28:49,916 [INFO] [数据库引擎创建成功]
2025-11-15 12:28:49,927 [INFO] [开始读取数据库表：order_data]
2025-11-15 12:28:50,433 [INFO] [成功读取表 order_data，数据行数：23266]
2025-11-15 12:28:50,579 [INFO] [开始读取数据库表：sales_data]
2025-11-15 12:28:54,749 [INFO] [成功读取表 sales_data，数据行数：25061]
2025-11-15 12:28:56,588 [INFO] [开始读取数据库表：jingpin_data]
2025-11-15 12:28:56,829 [INFO] [成功读取表 jingpin_data，数据行数：4407]
2025-11-15 12:28:56,866 [INFO] [开始读取数据库表：inventory_data]
2025-11-15 12:28:57,383 [INFO] [成功读取表 inventory_data，数据行数：5803]
2025-11-15 12:28:57,383 [INFO] [开始读取数据库表：tuiding_data]
2025-11-15 12:28:57,602 [INFO] [成功读取表 tuiding_data，数据行数：4092]
2025-11-15 12:28:57,602 [INFO] [开始读取数据库表：debit_data]
2025-11-15 12:28:59,522 [INFO] [成功读取表 debit_data，数据行数：24712]
2025-11-15 12:28:59,884 [INFO] [开始读取数据库表：sales_invoice_data]
2025-11-15 12:29:00,993 [INFO] [成功读取表 sales_invoice_data，数据行数：18041]
2025-11-15 12:58:57,815 [INFO] [数据库引擎创建成功]
2025-11-15 12:58:57,824 [INFO] [开始读取数据库表：order_data]
2025-11-15 12:58:58,383 [INFO] [成功读取表 order_data，数据行数：23271]
2025-11-15 12:58:58,524 [INFO] [开始读取数据库表：sales_data]
2025-11-15 12:59:04,984 [INFO] [成功读取表 sales_data，数据行数：25065]
2025-11-15 12:59:06,755 [INFO] [开始读取数据库表：jingpin_data]
2025-11-15 12:59:06,991 [INFO] [成功读取表 jingpin_data，数据行数：4408]
2025-11-15 12:59:07,058 [INFO] [开始读取数据库表：inventory_data]
2025-11-15 12:59:07,585 [INFO] [成功读取表 inventory_data，数据行数：5799]
2025-11-15 12:59:07,586 [INFO] [开始读取数据库表：tuiding_data]
2025-11-15 12:59:07,779 [INFO] [成功读取表 tuiding_data，数据行数：4092]
2025-11-15 12:59:07,779 [INFO] [开始读取数据库表：debit_data]
2025-11-15 12:59:09,666 [INFO] [成功读取表 debit_data，数据行数：24712]
2025-11-15 12:59:10,010 [INFO] [开始读取数据库表：sales_invoice_data]
2025-11-15 12:59:11,135 [INFO] [成功读取表 sales_invoice_data，数据行数：18045]
2025-11-15 13:29:05,997 [INFO] [数据库引擎创建成功]
2025-11-15 13:29:06,007 [INFO] [开始读取数据库表：order_data]
2025-11-15 13:29:06,552 [INFO] [成功读取表 order_data，数据行数：23276]
2025-11-15 13:29:06,722 [INFO] [开始读取数据库表：sales_data]
2025-11-15 13:29:11,260 [INFO] [成功读取表 sales_data，数据行数：25068]
2025-11-15 13:29:13,097 [INFO] [开始读取数据库表：jingpin_data]
2025-11-15 13:29:13,315 [INFO] [成功读取表 jingpin_data，数据行数：4408]
2025-11-15 13:29:13,377 [INFO] [开始读取数据库表：inventory_data]
2025-11-15 13:29:13,882 [INFO] [成功读取表 inventory_data，数据行数：5798]
2025-11-15 13:29:13,883 [INFO] [开始读取数据库表：tuiding_data]
2025-11-15 13:29:14,065 [INFO] [成功读取表 tuiding_data，数据行数：4092]
2025-11-15 13:29:14,065 [INFO] [开始读取数据库表：debit_data]
2025-11-15 13:29:15,890 [INFO] [成功读取表 debit_data，数据行数：24712]
2025-11-15 13:29:16,247 [INFO] [开始读取数据库表：sales_invoice_data]
2025-11-15 13:29:17,367 [INFO] [成功读取表 sales_invoice_data，数据行数：18046]
2025-11-15 13:59:28,798 [INFO] [数据库引擎创建成功]
2025-11-15 13:59:28,798 [INFO] [开始读取数据库表：order_data]
2025-11-15 13:59:29,322 [INFO] [成功读取表 order_data，数据行数：23278]
2025-11-15 13:59:29,465 [INFO] [开始读取数据库表：sales_data]
2025-11-15 13:59:33,312 [INFO] [成功读取表 sales_data，数据行数：25071]
2025-11-15 13:59:37,342 [INFO] [开始读取数据库表：jingpin_data]
2025-11-15 13:59:37,611 [INFO] [成功读取表 jingpin_data，数据行数：4408]
2025-11-15 13:59:37,668 [INFO] [开始读取数据库表：inventory_data]
2025-11-15 13:59:38,145 [INFO] [成功读取表 inventory_data，数据行数：5798]
2025-11-15 13:59:38,145 [INFO] [开始读取数据库表：tuiding_data]
2025-11-15 13:59:38,293 [INFO] [成功读取表 tuiding_data，数据行数：4092]
2025-11-15 13:59:38,293 [INFO] [开始读取数据库表：debit_data]
2025-11-15 13:59:40,122 [INFO] [成功读取表 debit_data，数据行数：24712]
2025-11-15 13:59:40,475 [INFO] [开始读取数据库表：sales_invoice_data]
2025-11-15 13:59:41,579 [INFO] [成功读取表 sales_invoice_data，数据行数：18046]
2025-11-15 14:29:28,557 [INFO] [数据库引擎创建成功]
2025-11-15 14:29:28,557 [INFO] [开始读取数据库表：order_data]
2025-11-15 14:29:29,117 [INFO] [成功读取表 order_data，数据行数：23285]
2025-11-15 14:29:29,258 [INFO] [开始读取数据库表：sales_data]
2025-11-15 14:29:33,571 [INFO] [成功读取表 sales_data，数据行数：25073]
2025-11-15 14:29:35,497 [INFO] [开始读取数据库表：jingpin_data]
2025-11-15 14:29:35,733 [INFO] [成功读取表 jingpin_data，数据行数：4408]
2025-11-15 14:29:35,810 [INFO] [开始读取数据库表：inventory_data]
2025-11-15 14:29:38,336 [INFO] [成功读取表 inventory_data，数据行数：5793]
2025-11-15 14:29:38,336 [INFO] [开始读取数据库表：tuiding_data]
2025-11-15 14:29:38,495 [INFO] [成功读取表 tuiding_data，数据行数：4092]
2025-11-15 14:29:38,496 [INFO] [开始读取数据库表：debit_data]
2025-11-15 14:29:40,194 [INFO] [成功读取表 debit_data，数据行数：24718]
2025-11-15 14:29:40,587 [INFO] [开始读取数据库表：sales_invoice_data]
2025-11-15 14:29:41,762 [INFO] [成功读取表 sales_invoice_data，数据行数：18051]
2025-11-15 14:58:54,588 [INFO] [数据库引擎创建成功]
2025-11-15 14:58:54,588 [INFO] [开始读取数据库表：order_data]
2025-11-15 14:58:55,095 [INFO] [成功读取表 order_data，数据行数：23292]
2025-11-15 14:58:55,232 [INFO] [开始读取数据库表：sales_data]
2025-11-15 14:58:59,168 [INFO] [成功读取表 sales_data，数据行数：25076]
2025-11-15 14:59:00,994 [INFO] [开始读取数据库表：jingpin_data]
2025-11-15 14:59:01,231 [INFO] [成功读取表 jingpin_data，数据行数：4408]
2025-11-15 14:59:01,302 [INFO] [开始读取数据库表：inventory_data]
2025-11-15 14:59:01,800 [INFO] [成功读取表 inventory_data，数据行数：5790]
2025-11-15 14:59:01,800 [INFO] [开始读取数据库表：tuiding_data]
2025-11-15 14:59:01,998 [INFO] [成功读取表 tuiding_data，数据行数：4092]
2025-11-15 14:59:01,998 [INFO] [开始读取数据库表：debit_data]
2025-11-15 14:59:03,781 [INFO] [成功读取表 debit_data，数据行数：24718]
2025-11-15 14:59:04,124 [INFO] [开始读取数据库表：sales_invoice_data]
2025-11-15 14:59:05,270 [INFO] [成功读取表 sales_invoice_data，数据行数：18054]
2025-11-15 15:29:06,000 [INFO] [数据库引擎创建成功]
2025-11-15 15:29:06,001 [INFO] [开始读取数据库表：order_data]
2025-11-15 15:29:06,535 [INFO] [成功读取表 order_data，数据行数：23296]
2025-11-15 15:29:06,650 [INFO] [开始读取数据库表：sales_data]
2025-11-15 15:29:12,794 [INFO] [成功读取表 sales_data，数据行数：25081]
2025-11-15 15:29:14,735 [INFO] [开始读取数据库表：jingpin_data]
2025-11-15 15:29:14,977 [INFO] [成功读取表 jingpin_data，数据行数：4411]
2025-11-15 15:29:15,037 [INFO] [开始读取数据库表：inventory_data]
2025-11-15 15:29:15,567 [INFO] [成功读取表 inventory_data，数据行数：5786]
2025-11-15 15:29:15,567 [INFO] [开始读取数据库表：tuiding_data]
2025-11-15 15:29:15,757 [INFO] [成功读取表 tuiding_data，数据行数：4092]
2025-11-15 15:29:15,757 [INFO] [开始读取数据库表：debit_data]
2025-11-15 15:29:17,626 [INFO] [成功读取表 debit_data，数据行数：24718]
2025-11-15 15:29:17,978 [INFO] [开始读取数据库表：sales_invoice_data]
2025-11-15 15:29:19,155 [INFO] [成功读取表 sales_invoice_data，数据行数：18058]
2025-11-15 15:59:41,493 [INFO] [数据库引擎创建成功]
2025-11-15 15:59:41,493 [INFO] [开始读取数据库表：order_data]
2025-11-15 15:59:41,955 [INFO] [成功读取表 order_data，数据行数：23306]
2025-11-15 15:59:42,076 [INFO] [开始读取数据库表：sales_data]
2025-11-15 15:59:45,794 [INFO] [成功读取表 sales_data，数据行数：25082]
2025-11-15 15:59:47,678 [INFO] [开始读取数据库表：jingpin_data]
2025-11-15 15:59:47,913 [INFO] [成功读取表 jingpin_data，数据行数：4412]
2025-11-15 15:59:47,975 [INFO] [开始读取数据库表：inventory_data]
2025-11-15 15:59:48,484 [INFO] [成功读取表 inventory_data，数据行数：5784]
2025-11-15 15:59:48,484 [INFO] [开始读取数据库表：tuiding_data]
2025-11-15 15:59:48,669 [INFO] [成功读取表 tuiding_data，数据行数：4092]
2025-11-15 15:59:48,669 [INFO] [开始读取数据库表：debit_data]
2025-11-15 15:59:50,508 [INFO] [成功读取表 debit_data，数据行数：24718]
2025-11-15 15:59:50,855 [INFO] [开始读取数据库表：sales_invoice_data]
2025-11-15 15:59:51,999 [INFO] [成功读取表 sales_invoice_data，数据行数：18059]
2025-11-15 16:29:28,640 [INFO] [数据库引擎创建成功]
2025-11-15 16:29:28,641 [INFO] [开始读取数据库表：order_data]
2025-11-15 16:29:29,974 [INFO] [成功读取表 order_data，数据行数：23308]
2025-11-15 16:29:30,299 [INFO] [开始读取数据库表：sales_data]
2025-11-15 16:29:35,941 [INFO] [成功读取表 sales_data，数据行数：25088]
2025-11-15 16:29:37,833 [INFO] [开始读取数据库表：jingpin_data]
2025-11-15 16:29:38,085 [INFO] [成功读取表 jingpin_data，数据行数：4412]
2025-11-15 16:29:38,155 [INFO] [开始读取数据库表：inventory_data]
2025-11-15 16:29:38,654 [INFO] [成功读取表 inventory_data，数据行数：5778]
2025-11-15 16:29:38,655 [INFO] [开始读取数据库表：tuiding_data]
2025-11-15 16:29:38,849 [INFO] [成功读取表 tuiding_data，数据行数：4092]
2025-11-15 16:29:38,849 [INFO] [开始读取数据库表：debit_data]
2025-11-15 16:29:40,719 [INFO] [成功读取表 debit_data，数据行数：24718]
2025-11-15 16:29:41,056 [INFO] [开始读取数据库表：sales_invoice_data]
2025-11-15 16:29:42,217 [INFO] [成功读取表 sales_invoice_data，数据行数：18065]
2025-11-15 16:59:24,304 [INFO] [数据库引擎创建成功]
2025-11-15 16:59:24,304 [INFO] [开始读取数据库表：order_data]
2025-11-15 16:59:24,861 [INFO] [成功读取表 order_data，数据行数：23321]
2025-11-15 16:59:25,009 [INFO] [开始读取数据库表：sales_data]
2025-11-15 16:59:31,333 [INFO] [成功读取表 sales_data，数据行数：25094]
2025-11-15 16:59:33,185 [INFO] [开始读取数据库表：jingpin_data]
2025-11-15 16:59:33,429 [INFO] [成功读取表 jingpin_data，数据行数：4415]
2025-11-15 16:59:33,497 [INFO] [开始读取数据库表：inventory_data]
2025-11-15 16:59:33,997 [INFO] [成功读取表 inventory_data，数据行数：5774]
2025-11-15 16:59:33,997 [INFO] [开始读取数据库表：tuiding_data]
2025-11-15 16:59:34,193 [INFO] [成功读取表 tuiding_data，数据行数：4092]
2025-11-15 16:59:34,194 [INFO] [开始读取数据库表：debit_data]
2025-11-15 16:59:36,032 [INFO] [成功读取表 debit_data，数据行数：24718]
2025-11-15 16:59:36,385 [INFO] [开始读取数据库表：sales_invoice_data]
2025-11-15 16:59:37,504 [INFO] [成功读取表 sales_invoice_data，数据行数：18070]
2025-11-15 17:29:16,149 [INFO] [数据库引擎创建成功]
2025-11-15 17:29:16,150 [INFO] [开始读取数据库表：order_data]
2025-11-15 17:29:17,492 [INFO] [成功读取表 order_data，数据行数：23336]
2025-11-15 17:29:17,800 [INFO] [开始读取数据库表：sales_data]
2025-11-15 17:29:23,368 [INFO] [成功读取表 sales_data，数据行数：25098]
2025-11-15 17:29:25,225 [INFO] [开始读取数据库表：jingpin_data]
2025-11-15 17:29:25,458 [INFO] [成功读取表 jingpin_data，数据行数：4415]
2025-11-15 17:29:25,523 [INFO] [开始读取数据库表：inventory_data]
2025-11-15 17:29:26,022 [INFO] [成功读取表 inventory_data，数据行数：5769]
2025-11-15 17:29:26,022 [INFO] [开始读取数据库表：tuiding_data]
2025-11-15 17:29:26,210 [INFO] [成功读取表 tuiding_data，数据行数：4092]
2025-11-15 17:29:26,210 [INFO] [开始读取数据库表：debit_data]
2025-11-15 17:29:28,005 [INFO] [成功读取表 debit_data，数据行数：24718]
2025-11-15 17:29:28,347 [INFO] [开始读取数据库表：sales_invoice_data]
2025-11-15 17:29:29,423 [INFO] [成功读取表 sales_invoice_data，数据行数：18074]
2025-11-15 17:59:25,160 [INFO] [数据库引擎创建成功]
2025-11-15 17:59:25,160 [INFO] [开始读取数据库表：order_data]
2025-11-15 17:59:25,584 [INFO] [成功读取表 order_data，数据行数：23356]
2025-11-15 17:59:25,710 [INFO] [开始读取数据库表：sales_data]
2025-11-15 17:59:29,090 [INFO] [成功读取表 sales_data，数据行数：25103]
2025-11-15 17:59:33,102 [INFO] [开始读取数据库表：jingpin_data]
2025-11-15 17:59:33,345 [INFO] [成功读取表 jingpin_data，数据行数：4418]
2025-11-15 17:59:33,408 [INFO] [开始读取数据库表：inventory_data]
2025-11-15 17:59:33,919 [INFO] [成功读取表 inventory_data，数据行数：5765]
2025-11-15 17:59:33,919 [INFO] [开始读取数据库表：tuiding_data]
2025-11-15 17:59:34,106 [INFO] [成功读取表 tuiding_data，数据行数：4093]
2025-11-15 17:59:34,106 [INFO] [开始读取数据库表：debit_data]
2025-11-15 17:59:35,913 [INFO] [成功读取表 debit_data，数据行数：24718]
2025-11-15 17:59:36,259 [INFO] [开始读取数据库表：sales_invoice_data]
2025-11-15 17:59:37,407 [INFO] [成功读取表 sales_invoice_data，数据行数：18078]
2025-11-15 18:29:03,631 [INFO] [数据库引擎创建成功]
2025-11-15 18:29:03,631 [INFO] [开始读取数据库表：order_data]
2025-11-15 18:29:05,063 [INFO] [成功读取表 order_data，数据行数：23374]
2025-11-15 18:29:05,379 [INFO] [开始读取数据库表：sales_data]
2025-11-15 18:29:10,932 [INFO] [成功读取表 sales_data，数据行数：25104]
2025-11-15 18:29:12,785 [INFO] [开始读取数据库表：jingpin_data]
2025-11-15 18:29:13,036 [INFO] [成功读取表 jingpin_data，数据行数：4418]
2025-11-15 18:29:13,103 [INFO] [开始读取数据库表：inventory_data]
2025-11-15 18:29:13,608 [INFO] [成功读取表 inventory_data，数据行数：5764]
2025-11-15 18:29:13,608 [INFO] [开始读取数据库表：tuiding_data]
2025-11-15 18:29:13,797 [INFO] [成功读取表 tuiding_data，数据行数：4097]
2025-11-15 18:29:13,797 [INFO] [开始读取数据库表：debit_data]
2025-11-15 18:29:15,694 [INFO] [成功读取表 debit_data，数据行数：24718]
2025-11-15 18:29:16,039 [INFO] [开始读取数据库表：sales_invoice_data]
2025-11-15 18:29:17,190 [INFO] [成功读取表 sales_invoice_data，数据行数：18079]
2025-11-15 18:59:18,168 [INFO] [数据库引擎创建成功]
2025-11-15 18:59:18,169 [INFO] [开始读取数据库表：order_data]
2025-11-15 18:59:18,678 [INFO] [成功读取表 order_data，数据行数：23377]
2025-11-15 18:59:18,860 [INFO] [开始读取数据库表：sales_data]
2025-11-15 18:59:23,133 [INFO] [成功读取表 sales_data，数据行数：25104]
2025-11-15 18:59:24,946 [INFO] [开始读取数据库表：jingpin_data]
2025-11-15 18:59:25,169 [INFO] [成功读取表 jingpin_data，数据行数：4418]
2025-11-15 18:59:25,204 [INFO] [开始读取数据库表：inventory_data]
2025-11-15 18:59:25,705 [INFO] [成功读取表 inventory_data，数据行数：5764]
2025-11-15 18:59:25,705 [INFO] [开始读取数据库表：tuiding_data]
2025-11-15 18:59:25,895 [INFO] [成功读取表 tuiding_data，数据行数：4101]
2025-11-15 18:59:25,896 [INFO] [开始读取数据库表：debit_data]
2025-11-15 18:59:27,700 [INFO] [成功读取表 debit_data，数据行数：24718]
2025-11-15 18:59:28,066 [INFO] [开始读取数据库表：sales_invoice_data]
2025-11-15 18:59:29,196 [INFO] [成功读取表 sales_invoice_data，数据行数：18079]
2025-11-15 19:29:24,242 [INFO] [数据库引擎创建成功]
2025-11-15 19:29:24,242 [INFO] [开始读取数据库表：order_data]
2025-11-15 19:29:24,712 [INFO] [成功读取表 order_data，数据行数：23377]
2025-11-15 19:29:24,828 [INFO] [开始读取数据库表：sales_data]
2025-11-15 19:29:28,249 [INFO] [成功读取表 sales_data，数据行数：25104]
2025-11-15 19:29:30,124 [INFO] [开始读取数据库表：jingpin_data]
2025-11-15 19:29:30,383 [INFO] [成功读取表 jingpin_data，数据行数：4418]
2025-11-15 19:29:30,446 [INFO] [开始读取数据库表：inventory_data]
2025-11-15 19:29:30,939 [INFO] [成功读取表 inventory_data，数据行数：5764]
2025-11-15 19:29:30,940 [INFO] [开始读取数据库表：tuiding_data]
2025-11-15 19:29:31,138 [INFO] [成功读取表 tuiding_data，数据行数：4104]
2025-11-15 19:29:31,139 [INFO] [开始读取数据库表：debit_data]
2025-11-15 19:29:35,016 [INFO] [成功读取表 debit_data，数据行数：24718]
2025-11-15 19:29:35,324 [INFO] [开始读取数据库表：sales_invoice_data]
2025-11-15 19:29:36,374 [INFO] [成功读取表 sales_invoice_data，数据行数：18079]
2025-11-15 19:59:07,940 [INFO] [数据库引擎创建成功]
2025-11-15 19:59:07,940 [INFO] [开始读取数据库表：order_data]
2025-11-15 19:59:09,475 [INFO] [成功读取表 order_data，数据行数：23382]
2025-11-15 19:59:09,736 [INFO] [开始读取数据库表：sales_data]
2025-11-15 19:59:15,334 [INFO] [成功读取表 sales_data，数据行数：25104]
2025-11-15 19:59:17,218 [INFO] [开始读取数据库表：jingpin_data]
2025-11-15 19:59:17,449 [INFO] [成功读取表 jingpin_data，数据行数：4418]
2025-11-15 19:59:17,511 [INFO] [开始读取数据库表：inventory_data]
2025-11-15 19:59:18,043 [INFO] [成功读取表 inventory_data，数据行数：5764]
2025-11-15 19:59:18,043 [INFO] [开始读取数据库表：tuiding_data]
2025-11-15 19:59:18,245 [INFO] [成功读取表 tuiding_data，数据行数：4104]
2025-11-15 19:59:18,245 [INFO] [开始读取数据库表：debit_data]
2025-11-15 19:59:22,089 [INFO] [成功读取表 debit_data，数据行数：24718]
2025-11-15 19:59:22,436 [INFO] [开始读取数据库表：sales_invoice_data]
2025-11-15 19:59:23,567 [INFO] [成功读取表 sales_invoice_data，数据行数：18079]
2025-11-15 20:29:11,423 [INFO] [数据库引擎创建成功]
2025-11-15 20:29:11,434 [INFO] [开始读取数据库表：order_data]
2025-11-15 20:29:11,972 [INFO] [成功读取表 order_data，数据行数：23382]
2025-11-15 20:29:12,119 [INFO] [开始读取数据库表：sales_data]
2025-11-15 20:29:16,537 [INFO] [成功读取表 sales_data，数据行数：25104]
2025-11-15 20:29:18,401 [INFO] [开始读取数据库表：jingpin_data]
2025-11-15 20:29:18,653 [INFO] [成功读取表 jingpin_data，数据行数：4418]
2025-11-15 20:29:18,724 [INFO] [开始读取数据库表：inventory_data]
2025-11-15 20:29:19,251 [INFO] [成功读取表 inventory_data，数据行数：5764]
2025-11-15 20:29:19,251 [INFO] [开始读取数据库表：tuiding_data]
2025-11-15 20:29:19,453 [INFO] [成功读取表 tuiding_data，数据行数：4104]
2025-11-15 20:29:19,453 [INFO] [开始读取数据库表：debit_data]
2025-11-15 20:29:23,952 [INFO] [成功读取表 debit_data，数据行数：24718]
2025-11-15 20:29:24,336 [INFO] [开始读取数据库表：sales_invoice_data]
2025-11-15 20:29:25,543 [INFO] [成功读取表 sales_invoice_data，数据行数：18079]
2025-11-15 20:58:46,943 [INFO] [数据库引擎创建成功]
2025-11-15 20:58:46,943 [INFO] [开始读取数据库表：order_data]
2025-11-15 20:58:47,521 [INFO] [成功读取表 order_data，数据行数：23382]
2025-11-15 20:58:47,662 [INFO] [开始读取数据库表：sales_data]
2025-11-15 20:58:54,222 [INFO] [成功读取表 sales_data，数据行数：25104]
2025-11-15 20:58:56,122 [INFO] [开始读取数据库表：jingpin_data]
2025-11-15 20:58:56,353 [INFO] [成功读取表 jingpin_data，数据行数：4418]
2025-11-15 20:58:56,416 [INFO] [开始读取数据库表：inventory_data]
2025-11-15 20:58:56,891 [INFO] [成功读取表 inventory_data，数据行数：5764]
2025-11-15 20:58:56,891 [INFO] [开始读取数据库表：tuiding_data]
2025-11-15 20:58:57,047 [INFO] [成功读取表 tuiding_data，数据行数：4104]
2025-11-15 20:58:57,047 [INFO] [开始读取数据库表：debit_data]
2025-11-15 20:58:58,880 [INFO] [成功读取表 debit_data，数据行数：24718]
2025-11-15 20:58:59,261 [INFO] [开始读取数据库表：sales_invoice_data]
2025-11-15 20:59:00,415 [INFO] [成功读取表 sales_invoice_data，数据行数：18079]
2025-11-15 21:29:18,860 [INFO] [数据库引擎创建成功]
2025-11-15 21:29:18,860 [INFO] [开始读取数据库表：order_data]
2025-11-15 21:29:19,395 [INFO] [成功读取表 order_data，数据行数：23382]
2025-11-15 21:29:19,548 [INFO] [开始读取数据库表：sales_data]
2025-11-15 21:29:26,078 [INFO] [成功读取表 sales_data，数据行数：25104]
2025-11-15 21:29:27,991 [INFO] [开始读取数据库表：jingpin_data]
2025-11-15 21:29:28,212 [INFO] [成功读取表 jingpin_data，数据行数：4418]
2025-11-15 21:29:28,277 [INFO] [开始读取数据库表：inventory_data]
2025-11-15 21:29:28,800 [INFO] [成功读取表 inventory_data，数据行数：5766]
2025-11-15 21:29:28,800 [INFO] [开始读取数据库表：tuiding_data]
2025-11-15 21:29:28,987 [INFO] [成功读取表 tuiding_data，数据行数：4104]
2025-11-15 21:29:28,988 [INFO] [开始读取数据库表：debit_data]
2025-11-15 21:29:30,881 [INFO] [成功读取表 debit_data，数据行数：24720]
2025-11-15 21:29:31,233 [INFO] [开始读取数据库表：sales_invoice_data]
2025-11-15 21:29:32,361 [INFO] [成功读取表 sales_invoice_data，数据行数：18079]
2025-11-15 21:59:03,961 [INFO] [数据库引擎创建成功]
2025-11-15 21:59:03,961 [INFO] [开始读取数据库表：order_data]
2025-11-15 21:59:04,524 [INFO] [成功读取表 order_data，数据行数：23382]
2025-11-15 21:59:04,670 [INFO] [开始读取数据库表：sales_data]
2025-11-15 21:59:10,908 [INFO] [成功读取表 sales_data，数据行数：25104]
2025-11-15 21:59:12,768 [INFO] [开始读取数据库表：jingpin_data]
2025-11-15 21:59:13,004 [INFO] [成功读取表 jingpin_data，数据行数：4418]
2025-11-15 21:59:13,062 [INFO] [开始读取数据库表：inventory_data]
2025-11-15 21:59:13,568 [INFO] [成功读取表 inventory_data，数据行数：5766]
2025-11-15 21:59:13,568 [INFO] [开始读取数据库表：tuiding_data]
2025-11-15 21:59:13,764 [INFO] [成功读取表 tuiding_data，数据行数：4104]
2025-11-15 21:59:13,764 [INFO] [开始读取数据库表：debit_data]
2025-11-15 21:59:15,638 [INFO] [成功读取表 debit_data，数据行数：24750]
2025-11-15 21:59:15,992 [INFO] [开始读取数据库表：sales_invoice_data]
2025-11-15 21:59:17,172 [INFO] [成功读取表 sales_invoice_data，数据行数：18079]
2025-11-15 22:29:08,966 [INFO] [数据库引擎创建成功]
2025-11-15 22:29:08,966 [INFO] [开始读取数据库表：order_data]
2025-11-15 22:29:09,459 [INFO] [成功读取表 order_data，数据行数：23382]
2025-11-15 22:29:09,631 [INFO] [开始读取数据库表：sales_data]
2025-11-15 22:29:14,222 [INFO] [成功读取表 sales_data，数据行数：25104]
2025-11-15 22:29:16,128 [INFO] [开始读取数据库表：jingpin_data]
2025-11-15 22:29:16,380 [INFO] [成功读取表 jingpin_data，数据行数：4418]
2025-11-15 22:29:16,446 [INFO] [开始读取数据库表：inventory_data]
2025-11-15 22:29:16,961 [INFO] [成功读取表 inventory_data，数据行数：5766]
2025-11-15 22:29:16,961 [INFO] [开始读取数据库表：tuiding_data]
2025-11-15 22:29:17,172 [INFO] [成功读取表 tuiding_data，数据行数：4104]
2025-11-15 22:29:17,172 [INFO] [开始读取数据库表：debit_data]
2025-11-15 22:29:19,058 [INFO] [成功读取表 debit_data，数据行数：24750]
2025-11-15 22:29:19,429 [INFO] [开始读取数据库表：sales_invoice_data]
2025-11-15 22:29:20,587 [INFO] [成功读取表 sales_invoice_data，数据行数：18079]
2025-11-15 22:59:18,260 [INFO] [数据库引擎创建成功]
2025-11-15 22:59:18,260 [INFO] [开始读取数据库表：order_data]
2025-11-15 22:59:18,710 [INFO] [成功读取表 order_data，数据行数：23382]
2025-11-15 22:59:18,839 [INFO] [开始读取数据库表：sales_data]
2025-11-15 22:59:22,654 [INFO] [成功读取表 sales_data，数据行数：25104]
2025-11-15 22:59:24,506 [INFO] [开始读取数据库表：jingpin_data]
2025-11-15 22:59:24,733 [INFO] [成功读取表 jingpin_data，数据行数：4418]
2025-11-15 22:59:24,795 [INFO] [开始读取数据库表：inventory_data]
2025-11-15 22:59:25,288 [INFO] [成功读取表 inventory_data，数据行数：5766]
2025-11-15 22:59:25,288 [INFO] [开始读取数据库表：tuiding_data]
2025-11-15 22:59:25,492 [INFO] [成功读取表 tuiding_data，数据行数：4104]
2025-11-15 22:59:25,493 [INFO] [开始读取数据库表：debit_data]
2025-11-15 22:59:29,187 [INFO] [成功读取表 debit_data，数据行数：24750]
2025-11-15 22:59:29,546 [INFO] [开始读取数据库表：sales_invoice_data]
2025-11-15 22:59:30,684 [INFO] [成功读取表 sales_invoice_data，数据行数：18079]
2025-11-15 23:28:50,275 [INFO] [数据库引擎创建成功]
2025-11-15 23:28:50,275 [INFO] [开始读取数据库表：order_data]
2025-11-15 23:28:50,728 [INFO] [成功读取表 order_data，数据行数：23384]
2025-11-15 23:28:50,851 [INFO] [开始读取数据库表：sales_data]
2025-11-15 23:28:54,434 [INFO] [成功读取表 sales_data，数据行数：25104]
2025-11-15 23:28:56,347 [INFO] [开始读取数据库表：jingpin_data]
2025-11-15 23:28:56,596 [INFO] [成功读取表 jingpin_data，数据行数：4418]
2025-11-15 23:28:56,660 [INFO] [开始读取数据库表：inventory_data]
2025-11-15 23:28:59,124 [INFO] [成功读取表 inventory_data，数据行数：5766]
2025-11-15 23:28:59,124 [INFO] [开始读取数据库表：tuiding_data]
2025-11-15 23:28:59,277 [INFO] [成功读取表 tuiding_data，数据行数：4104]
2025-11-15 23:28:59,277 [INFO] [开始读取数据库表：debit_data]
2025-11-15 23:29:00,954 [INFO] [成功读取表 debit_data，数据行数：24750]
2025-11-15 23:29:01,314 [INFO] [开始读取数据库表：sales_invoice_data]
2025-11-15 23:29:02,499 [INFO] [成功读取表 sales_invoice_data，数据行数：18079]
2025-11-15 23:58:57,748 [INFO] [数据库引擎创建成功]
2025-11-15 23:58:57,748 [INFO] [开始读取数据库表：order_data]
2025-11-15 23:58:58,262 [INFO] [成功读取表 order_data，数据行数：23384]
2025-11-15 23:58:58,392 [INFO] [开始读取数据库表：sales_data]
2025-11-15 23:59:03,100 [INFO] [成功读取表 sales_data，数据行数：25104]
2025-11-15 23:59:04,997 [INFO] [开始读取数据库表：jingpin_data]
2025-11-15 23:59:05,245 [INFO] [成功读取表 jingpin_data，数据行数：4418]
2025-11-15 23:59:05,310 [INFO] [开始读取数据库表：inventory_data]
2025-11-15 23:59:05,817 [INFO] [成功读取表 inventory_data，数据行数：5766]
2025-11-15 23:59:05,818 [INFO] [开始读取数据库表：tuiding_data]
2025-11-15 23:59:06,026 [INFO] [成功读取表 tuiding_data，数据行数：4104]
2025-11-15 23:59:06,026 [INFO] [开始读取数据库表：debit_data]
2025-11-15 23:59:07,879 [INFO] [成功读取表 debit_data，数据行数：24750]
2025-11-15 23:59:08,194 [INFO] [开始读取数据库表：sales_invoice_data]
2025-11-15 23:59:09,329 [INFO] [成功读取表 sales_invoice_data，数据行数：18079]
