2025-11-21 00:00:05,748 [INFO] [数据库引擎创建成功]
2025-11-21 00:00:05,748 [INFO] [开始读取数据库表：order_data]
2025-11-21 00:00:06,441 [INFO] [成功读取表 order_data，数据行数：23702]
2025-11-21 00:00:06,610 [INFO] [开始读取数据库表：sales_data]
2025-11-21 00:00:11,504 [INFO] [成功读取表 sales_data，数据行数：25658]
2025-11-21 00:00:13,810 [INFO] [开始读取数据库表：jingpin_data]
2025-11-21 00:00:14,089 [INFO] [成功读取表 jingpin_data，数据行数：4521]
2025-11-21 00:00:14,175 [INFO] [开始读取数据库表：inventory_data]
2025-11-21 00:00:14,648 [INFO] [成功读取表 inventory_data，数据行数：5550]
2025-11-21 00:00:14,648 [INFO] [开始读取数据库表：tuiding_data]
2025-11-21 00:00:14,833 [INFO] [成功读取表 tuiding_data，数据行数：4209]
2025-11-21 00:00:14,833 [INFO] [开始读取数据库表：debit_data]
2025-11-21 00:00:16,574 [INFO] [成功读取表 debit_data，数据行数：24970]
2025-11-21 00:00:16,946 [INFO] [开始读取数据库表：sales_invoice_data]
2025-11-21 00:00:19,228 [INFO] [成功读取表 sales_invoice_data，数据行数：18557]
2025-11-21 08:07:51,114 [INFO] [数据库引擎创建成功]
2025-11-21 08:07:51,116 [INFO] [开始读取数据库表：order_data]
2025-11-21 08:07:51,976 [INFO] [成功读取表 order_data，数据行数：23702]
2025-11-21 08:07:52,369 [INFO] [开始读取数据库表：sales_data]
2025-11-21 08:07:59,072 [INFO] [成功读取表 sales_data，数据行数：25657]
2025-11-21 08:08:01,426 [INFO] [开始读取数据库表：jingpin_data]
2025-11-21 08:08:01,686 [INFO] [成功读取表 jingpin_data，数据行数：4521]
2025-11-21 08:08:01,747 [INFO] [开始读取数据库表：inventory_data]
2025-11-21 08:08:02,358 [INFO] [成功读取表 inventory_data，数据行数：5550]
2025-11-21 08:08:02,358 [INFO] [开始读取数据库表：tuiding_data]
2025-11-21 08:08:02,593 [INFO] [成功读取表 tuiding_data，数据行数：4209]
2025-11-21 08:08:02,593 [INFO] [开始读取数据库表：debit_data]
2025-11-21 08:08:04,668 [INFO] [成功读取表 debit_data，数据行数：24909]
2025-11-21 08:08:05,070 [INFO] [开始读取数据库表：sales_invoice_data]
2025-11-21 08:08:06,439 [INFO] [成功读取表 sales_invoice_data，数据行数：18557]
2025-11-21 08:29:36,519 [INFO] [数据库引擎创建成功]
2025-11-21 08:29:36,520 [INFO] [开始读取数据库表：order_data]
2025-11-21 08:29:37,142 [INFO] [成功读取表 order_data，数据行数：23702]
2025-11-21 08:29:37,303 [INFO] [开始读取数据库表：sales_data]
2025-11-21 08:29:43,116 [INFO] [成功读取表 sales_data，数据行数：25657]
2025-11-21 08:29:45,252 [INFO] [开始读取数据库表：jingpin_data]
2025-11-21 08:29:45,497 [INFO] [成功读取表 jingpin_data，数据行数：4521]
2025-11-21 08:29:45,568 [INFO] [开始读取数据库表：inventory_data]
2025-11-21 08:29:46,086 [INFO] [成功读取表 inventory_data，数据行数：5550]
2025-11-21 08:29:46,087 [INFO] [开始读取数据库表：tuiding_data]
2025-11-21 08:29:46,307 [INFO] [成功读取表 tuiding_data，数据行数：4209]
2025-11-21 08:29:46,308 [INFO] [开始读取数据库表：debit_data]
2025-11-21 08:29:48,244 [INFO] [成功读取表 debit_data，数据行数：24909]
2025-11-21 08:29:48,624 [INFO] [开始读取数据库表：sales_invoice_data]
2025-11-21 08:29:50,792 [INFO] [成功读取表 sales_invoice_data，数据行数：18557]
2025-11-21 09:00:09,215 [INFO] [数据库引擎创建成功]
2025-11-21 09:00:09,216 [INFO] [开始读取数据库表：order_data]
2025-11-21 09:00:09,762 [INFO] [成功读取表 order_data，数据行数：23702]
2025-11-21 09:00:09,912 [INFO] [开始读取数据库表：sales_data]
2025-11-21 09:00:14,861 [INFO] [成功读取表 sales_data，数据行数：25657]
2025-11-21 09:00:16,956 [INFO] [开始读取数据库表：jingpin_data]
2025-11-21 09:00:17,197 [INFO] [成功读取表 jingpin_data，数据行数：4521]
2025-11-21 09:00:17,296 [INFO] [开始读取数据库表：inventory_data]
2025-11-21 09:00:17,833 [INFO] [成功读取表 inventory_data，数据行数：5550]
2025-11-21 09:00:17,833 [INFO] [开始读取数据库表：tuiding_data]
2025-11-21 09:00:18,036 [INFO] [成功读取表 tuiding_data，数据行数：4209]
2025-11-21 09:00:18,036 [INFO] [开始读取数据库表：debit_data]
2025-11-21 09:00:20,145 [INFO] [成功读取表 debit_data，数据行数：24909]
2025-11-21 09:00:20,550 [INFO] [开始读取数据库表：sales_invoice_data]
2025-11-21 09:00:23,104 [INFO] [成功读取表 sales_invoice_data，数据行数：18557]
2025-11-21 09:32:07,137 [INFO] [数据库引擎创建成功]
2025-11-21 09:32:07,138 [INFO] [开始读取数据库表：order_data]
2025-11-21 09:32:08,332 [INFO] [成功读取表 order_data，数据行数：23704]
2025-11-21 09:32:08,634 [INFO] [开始读取数据库表：sales_data]
2025-11-21 09:32:14,711 [INFO] [成功读取表 sales_data，数据行数：25660]
2025-11-21 09:32:25,259 [INFO] [开始读取数据库表：jingpin_data]
2025-11-21 09:32:25,600 [INFO] [成功读取表 jingpin_data，数据行数：4521]
2025-11-21 09:32:25,688 [INFO] [开始读取数据库表：inventory_data]
2025-11-21 09:32:26,365 [INFO] [成功读取表 inventory_data，数据行数：5547]
2025-11-21 09:32:26,365 [INFO] [开始读取数据库表：tuiding_data]
2025-11-21 09:32:26,626 [INFO] [成功读取表 tuiding_data，数据行数：4209]
2025-11-21 09:32:26,626 [INFO] [开始读取数据库表：debit_data]
2025-11-21 09:32:28,749 [INFO] [成功读取表 debit_data，数据行数：24909]
2025-11-21 09:32:29,239 [INFO] [开始读取数据库表：sales_invoice_data]
2025-11-21 09:32:30,704 [INFO] [成功读取表 sales_invoice_data，数据行数：18560]
2025-11-21 09:55:41,176 [INFO] [数据库引擎创建成功]
2025-11-21 09:55:41,176 [INFO] [开始读取数据库表：order_data]
2025-11-21 09:55:41,854 [INFO] [成功读取表 order_data，数据行数：23704]
2025-11-21 09:55:42,017 [INFO] [开始读取数据库表：sales_data]
2025-11-21 09:55:42,041 [INFO] [成功读取表 sales_data，数据行数：0]
2025-11-21 09:55:43,071 [INFO] [开始读取数据库表：jingpin_data]
2025-11-21 09:55:43,173 [INFO] [成功读取表 jingpin_data，数据行数：4521]
2025-11-21 09:55:43,206 [INFO] [开始读取数据库表：inventory_data]
2025-11-21 09:55:43,465 [INFO] [成功读取表 inventory_data，数据行数：5544]
2025-11-21 09:55:43,466 [INFO] [开始读取数据库表：tuiding_data]
2025-11-21 09:55:43,545 [INFO] [成功读取表 tuiding_data，数据行数：4209]
2025-11-21 09:55:43,546 [INFO] [开始读取数据库表：debit_data]
2025-11-21 09:55:44,317 [INFO] [成功读取表 debit_data，数据行数：24909]
2025-11-21 09:55:44,508 [INFO] [开始读取数据库表：sales_invoice_data]
2025-11-21 09:55:44,997 [INFO] [成功读取表 sales_invoice_data，数据行数：18563]
2025-11-21 09:56:25,811 [INFO] [数据库引擎创建成功]
2025-11-21 09:56:25,811 [INFO] [开始读取数据库表：order_data]
2025-11-21 09:56:26,501 [INFO] [成功读取表 order_data，数据行数：23704]
2025-11-21 09:56:26,659 [INFO] [开始读取数据库表：sales_data]
2025-11-21 09:56:29,581 [INFO] [成功读取表 sales_data，数据行数：25663]
2025-11-21 09:56:30,517 [INFO] [开始读取数据库表：jingpin_data]
2025-11-21 09:56:30,612 [INFO] [成功读取表 jingpin_data，数据行数：4521]
2025-11-21 09:56:30,641 [INFO] [开始读取数据库表：inventory_data]
2025-11-21 09:56:30,834 [INFO] [成功读取表 inventory_data，数据行数：5544]
2025-11-21 09:56:30,834 [INFO] [开始读取数据库表：tuiding_data]
2025-11-21 09:56:30,915 [INFO] [成功读取表 tuiding_data，数据行数：4209]
2025-11-21 09:56:30,915 [INFO] [开始读取数据库表：debit_data]
2025-11-21 09:56:31,683 [INFO] [成功读取表 debit_data，数据行数：24909]
2025-11-21 09:56:31,866 [INFO] [开始读取数据库表：sales_invoice_data]
2025-11-21 09:56:32,314 [INFO] [成功读取表 sales_invoice_data，数据行数：18563]
2025-11-21 10:00:09,589 [INFO] [数据库引擎创建成功]
2025-11-21 10:00:09,589 [INFO] [开始读取数据库表：order_data]
2025-11-21 10:00:10,054 [INFO] [成功读取表 order_data，数据行数：23704]
2025-11-21 10:00:10,189 [INFO] [开始读取数据库表：sales_data]
2025-11-21 10:00:14,437 [INFO] [成功读取表 sales_data，数据行数：25663]
2025-11-21 10:00:16,539 [INFO] [开始读取数据库表：jingpin_data]
2025-11-21 10:00:16,777 [INFO] [成功读取表 jingpin_data，数据行数：4521]
2025-11-21 10:00:16,859 [INFO] [开始读取数据库表：inventory_data]
2025-11-21 10:00:17,357 [INFO] [成功读取表 inventory_data，数据行数：5544]
2025-11-21 10:00:17,357 [INFO] [开始读取数据库表：tuiding_data]
2025-11-21 10:00:17,591 [INFO] [成功读取表 tuiding_data，数据行数：4209]
2025-11-21 10:00:17,592 [INFO] [开始读取数据库表：debit_data]
2025-11-21 10:00:19,591 [INFO] [成功读取表 debit_data，数据行数：24909]
2025-11-21 10:00:20,010 [INFO] [开始读取数据库表：sales_invoice_data]
2025-11-21 10:00:21,137 [INFO] [成功读取表 sales_invoice_data，数据行数：18563]
2025-11-21 10:31:54,364 [INFO] [数据库引擎创建成功]
2025-11-21 10:31:54,364 [INFO] [开始读取数据库表：order_data]
2025-11-21 10:31:55,789 [INFO] [成功读取表 order_data，数据行数：23703]
2025-11-21 10:31:56,336 [INFO] [开始读取数据库表：sales_data]
2025-11-21 10:32:03,355 [INFO] [成功读取表 sales_data，数据行数：25664]
2025-11-21 10:32:05,772 [INFO] [开始读取数据库表：jingpin_data]
2025-11-21 10:32:06,078 [INFO] [成功读取表 jingpin_data，数据行数：4522]
2025-11-21 10:32:06,156 [INFO] [开始读取数据库表：inventory_data]
2025-11-21 10:32:06,848 [INFO] [成功读取表 inventory_data，数据行数：5543]
2025-11-21 10:32:06,849 [INFO] [开始读取数据库表：tuiding_data]
2025-11-21 10:32:07,172 [INFO] [成功读取表 tuiding_data，数据行数：4212]
2025-11-21 10:32:07,173 [INFO] [开始读取数据库表：debit_data]
2025-11-21 10:32:09,446 [INFO] [成功读取表 debit_data，数据行数：24909]
2025-11-21 10:32:09,792 [INFO] [开始读取数据库表：sales_invoice_data]
2025-11-21 10:32:11,021 [INFO] [成功读取表 sales_invoice_data，数据行数：18564]
2025-11-21 10:47:25,328 [INFO] [数据库引擎创建成功]
2025-11-21 10:47:25,329 [INFO] [开始读取数据库表：order_data]
2025-11-21 10:47:26,139 [INFO] [成功读取表 order_data，数据行数：23703]
2025-11-21 10:47:26,294 [INFO] [开始读取数据库表：sales_data]
2025-11-21 10:47:28,732 [INFO] [成功读取表 sales_data，数据行数：25664]
2025-11-21 10:47:29,623 [INFO] [开始读取数据库表：jingpin_data]
2025-11-21 10:47:29,715 [INFO] [成功读取表 jingpin_data，数据行数：4522]
2025-11-21 10:47:29,746 [INFO] [开始读取数据库表：inventory_data]
2025-11-21 10:47:29,935 [INFO] [成功读取表 inventory_data，数据行数：5543]
2025-11-21 10:47:29,935 [INFO] [开始读取数据库表：tuiding_data]
2025-11-21 10:47:30,010 [INFO] [成功读取表 tuiding_data，数据行数：4212]
2025-11-21 10:47:30,010 [INFO] [开始读取数据库表：debit_data]
2025-11-21 10:47:30,761 [INFO] [成功读取表 debit_data，数据行数：24909]
2025-11-21 10:47:30,940 [INFO] [开始读取数据库表：sales_invoice_data]
2025-11-21 10:47:31,397 [INFO] [成功读取表 sales_invoice_data，数据行数：18564]
2025-11-21 11:03:58,468 [INFO] [数据库引擎创建成功]
2025-11-21 11:03:58,470 [INFO] [开始读取数据库表：order_data]
2025-11-21 11:04:00,391 [INFO] [成功读取表 order_data，数据行数：23702]
2025-11-21 11:04:00,759 [INFO] [开始读取数据库表：sales_data]
2025-11-21 11:04:07,257 [INFO] [成功读取表 sales_data，数据行数：25666]
2025-11-21 11:04:09,195 [INFO] [开始读取数据库表：jingpin_data]
2025-11-21 11:04:09,462 [INFO] [成功读取表 jingpin_data，数据行数：4522]
2025-11-21 11:04:09,538 [INFO] [开始读取数据库表：inventory_data]
2025-11-21 11:04:10,075 [INFO] [成功读取表 inventory_data，数据行数：5542]
2025-11-21 11:04:10,075 [INFO] [开始读取数据库表：tuiding_data]
2025-11-21 11:04:10,309 [INFO] [成功读取表 tuiding_data，数据行数：4214]
2025-11-21 11:04:10,309 [INFO] [开始读取数据库表：debit_data]
2025-11-21 11:04:12,328 [INFO] [成功读取表 debit_data，数据行数：24909]
2025-11-21 11:04:12,701 [INFO] [开始读取数据库表：sales_invoice_data]
2025-11-21 11:04:13,979 [INFO] [成功读取表 sales_invoice_data，数据行数：18566]
2025-11-21 11:31:03,221 [INFO] [数据库引擎创建成功]
2025-11-21 11:31:03,223 [INFO] [开始读取数据库表：order_data]
2025-11-21 11:31:10,154 [INFO] [成功读取表 order_data，数据行数：23704]
2025-11-21 11:31:10,845 [INFO] [开始读取数据库表：sales_data]
2025-11-21 11:31:21,269 [INFO] [成功读取表 sales_data，数据行数：25671]
2025-11-21 11:31:23,960 [INFO] [开始读取数据库表：jingpin_data]
2025-11-21 11:31:24,222 [INFO] [成功读取表 jingpin_data，数据行数：4522]
2025-11-21 11:31:24,288 [INFO] [开始读取数据库表：inventory_data]
2025-11-21 11:31:24,686 [INFO] [成功读取表 inventory_data，数据行数：5538]
2025-11-21 11:31:24,686 [INFO] [开始读取数据库表：tuiding_data]
2025-11-21 11:31:24,869 [INFO] [成功读取表 tuiding_data，数据行数：4214]
2025-11-21 11:31:24,869 [INFO] [开始读取数据库表：debit_data]
2025-11-21 11:31:26,431 [INFO] [成功读取表 debit_data，数据行数：24909]
2025-11-21 11:31:26,794 [INFO] [开始读取数据库表：sales_invoice_data]
2025-11-21 11:31:27,909 [INFO] [成功读取表 sales_invoice_data，数据行数：18570]
2025-11-21 12:00:57,181 [INFO] [数据库引擎创建成功]
2025-11-21 12:00:57,182 [INFO] [开始读取数据库表：order_data]
2025-11-21 12:00:58,017 [INFO] [成功读取表 order_data，数据行数：23707]
2025-11-21 12:00:58,403 [INFO] [开始读取数据库表：sales_data]
2025-11-21 12:01:04,737 [INFO] [成功读取表 sales_data，数据行数：25673]
2025-11-21 12:01:07,023 [INFO] [开始读取数据库表：jingpin_data]
2025-11-21 12:01:10,482 [INFO] [成功读取表 jingpin_data，数据行数：4530]
2025-11-21 12:01:10,613 [INFO] [开始读取数据库表：inventory_data]
2025-11-21 12:01:11,252 [INFO] [成功读取表 inventory_data，数据行数：5537]
2025-11-21 12:01:11,252 [INFO] [开始读取数据库表：tuiding_data]
2025-11-21 12:01:11,501 [INFO] [成功读取表 tuiding_data，数据行数：4215]
2025-11-21 12:01:11,502 [INFO] [开始读取数据库表：debit_data]
2025-11-21 12:01:13,649 [INFO] [成功读取表 debit_data，数据行数：24910]
2025-11-21 12:01:14,129 [INFO] [开始读取数据库表：sales_invoice_data]
2025-11-21 12:01:15,488 [INFO] [成功读取表 sales_invoice_data，数据行数：18572]
2025-11-21 13:42:25,583 [INFO] [数据库引擎创建成功]
2025-11-21 13:42:25,584 [INFO] [开始读取数据库表：order_data]
2025-11-21 13:42:26,235 [INFO] [成功读取表 order_data，数据行数：23703]
2025-11-21 13:42:26,409 [INFO] [开始读取数据库表：sales_data]
2025-11-21 13:42:29,167 [INFO] [成功读取表 sales_data，数据行数：25678]
2025-11-21 13:42:30,253 [INFO] [开始读取数据库表：jingpin_data]
2025-11-21 13:42:30,355 [INFO] [成功读取表 jingpin_data，数据行数：4530]
2025-11-21 13:42:30,402 [INFO] [开始读取数据库表：inventory_data]
2025-11-21 13:42:30,618 [INFO] [成功读取表 inventory_data，数据行数：5532]
2025-11-21 13:42:30,618 [INFO] [开始读取数据库表：tuiding_data]
2025-11-21 13:42:30,703 [INFO] [成功读取表 tuiding_data，数据行数：4220]
2025-11-21 13:42:30,703 [INFO] [开始读取数据库表：debit_data]
2025-11-21 13:42:31,592 [INFO] [成功读取表 debit_data，数据行数：24910]
2025-11-21 13:42:31,805 [INFO] [开始读取数据库表：sales_invoice_data]
2025-11-21 13:42:32,338 [INFO] [成功读取表 sales_invoice_data，数据行数：18577]
2025-11-21 13:50:28,526 [INFO] [数据库引擎创建成功]
2025-11-21 13:50:28,527 [INFO] [开始读取数据库表：order_data]
2025-11-21 13:50:29,385 [INFO] [成功读取表 order_data，数据行数：23707]
2025-11-21 13:50:29,577 [INFO] [开始读取数据库表：sales_data]
2025-11-21 13:50:32,498 [INFO] [成功读取表 sales_data，数据行数：25686]
2025-11-21 13:50:33,435 [INFO] [开始读取数据库表：jingpin_data]
2025-11-21 13:50:33,531 [INFO] [成功读取表 jingpin_data，数据行数：4530]
2025-11-21 13:50:33,565 [INFO] [开始读取数据库表：inventory_data]
2025-11-21 13:50:33,764 [INFO] [成功读取表 inventory_data，数据行数：5532]
2025-11-21 13:50:33,764 [INFO] [开始读取数据库表：tuiding_data]
2025-11-21 13:50:33,847 [INFO] [成功读取表 tuiding_data，数据行数：4220]
2025-11-21 13:50:33,847 [INFO] [开始读取数据库表：debit_data]
2025-11-21 13:50:34,709 [INFO] [成功读取表 debit_data，数据行数：24910]
2025-11-21 13:50:34,906 [INFO] [开始读取数据库表：sales_invoice_data]
2025-11-21 13:50:35,408 [INFO] [成功读取表 sales_invoice_data，数据行数：18577]
2025-11-21 14:00:59,015 [INFO] [数据库引擎创建成功]
2025-11-21 14:00:59,020 [INFO] [开始读取数据库表：order_data]
2025-11-21 14:01:04,039 [INFO] [成功读取表 order_data，数据行数：23708]
2025-11-21 14:01:04,845 [INFO] [开始读取数据库表：sales_data]
2025-11-21 14:01:20,095 [INFO] [成功读取表 sales_data，数据行数：25688]
2025-11-21 14:01:23,674 [INFO] [开始读取数据库表：jingpin_data]
2025-11-21 14:01:24,047 [INFO] [成功读取表 jingpin_data，数据行数：4534]
2025-11-21 14:01:24,127 [INFO] [开始读取数据库表：inventory_data]
2025-11-21 14:01:24,750 [INFO] [成功读取表 inventory_data，数据行数：5525]
2025-11-21 14:01:24,750 [INFO] [开始读取数据库表：tuiding_data]
2025-11-21 14:01:24,982 [INFO] [成功读取表 tuiding_data，数据行数：4222]
2025-11-21 14:01:24,982 [INFO] [开始读取数据库表：debit_data]
2025-11-21 14:01:27,946 [INFO] [成功读取表 debit_data，数据行数：24910]
2025-11-21 14:01:28,494 [INFO] [开始读取数据库表：sales_invoice_data]
2025-11-21 14:01:30,715 [INFO] [成功读取表 sales_invoice_data，数据行数：18584]
2025-11-21 14:30:35,061 [INFO] [数据库引擎创建成功]
2025-11-21 14:30:35,063 [INFO] [开始读取数据库表：order_data]
2025-11-21 14:30:38,363 [INFO] [成功读取表 order_data，数据行数：23713]
2025-11-21 14:30:39,015 [INFO] [开始读取数据库表：sales_data]
2025-11-21 14:30:50,416 [INFO] [成功读取表 sales_data，数据行数：25689]
2025-11-21 14:30:54,756 [INFO] [开始读取数据库表：jingpin_data]
2025-11-21 14:30:55,621 [INFO] [成功读取表 jingpin_data，数据行数：4535]
2025-11-21 14:30:55,788 [INFO] [开始读取数据库表：inventory_data]
2025-11-21 14:30:57,073 [INFO] [成功读取表 inventory_data，数据行数：5522]
2025-11-21 14:30:57,073 [INFO] [开始读取数据库表：tuiding_data]
2025-11-21 14:30:57,336 [INFO] [成功读取表 tuiding_data，数据行数：4222]
2025-11-21 14:30:57,336 [INFO] [开始读取数据库表：debit_data]
2025-11-21 14:31:01,367 [INFO] [成功读取表 debit_data，数据行数：24910]
2025-11-21 14:31:02,849 [INFO] [开始读取数据库表：sales_invoice_data]
2025-11-21 14:31:06,169 [INFO] [成功读取表 sales_invoice_data，数据行数：18587]
2025-11-21 15:00:39,825 [INFO] [数据库引擎创建成功]
2025-11-21 15:00:39,826 [INFO] [开始读取数据库表：order_data]
2025-11-21 15:00:41,453 [INFO] [成功读取表 order_data，数据行数：23716]
2025-11-21 15:00:41,883 [INFO] [开始读取数据库表：sales_data]
2025-11-21 15:00:54,505 [INFO] [成功读取表 sales_data，数据行数：25695]
2025-11-21 15:00:56,699 [INFO] [开始读取数据库表：jingpin_data]
2025-11-21 15:00:56,935 [INFO] [成功读取表 jingpin_data，数据行数：4535]
2025-11-21 15:00:56,998 [INFO] [开始读取数据库表：inventory_data]
2025-11-21 15:00:57,514 [INFO] [成功读取表 inventory_data，数据行数：5518]
2025-11-21 15:00:57,514 [INFO] [开始读取数据库表：tuiding_data]
2025-11-21 15:00:57,728 [INFO] [成功读取表 tuiding_data，数据行数：4222]
2025-11-21 15:00:57,728 [INFO] [开始读取数据库表：debit_data]
2025-11-21 15:00:59,745 [INFO] [成功读取表 debit_data，数据行数：24910]
2025-11-21 15:01:00,157 [INFO] [开始读取数据库表：sales_invoice_data]
2025-11-21 15:01:01,474 [INFO] [成功读取表 sales_invoice_data，数据行数：18590]
2025-11-21 15:16:18,789 [INFO] [数据库引擎创建成功]
2025-11-21 15:16:18,789 [INFO] [开始读取数据库表：order_data]
2025-11-21 15:16:20,193 [INFO] [成功读取表 order_data，数据行数：23714]
2025-11-21 15:16:20,511 [INFO] [开始读取数据库表：sales_data]
2025-11-21 15:16:27,520 [INFO] [成功读取表 sales_data，数据行数：25695]
2025-11-21 15:16:29,653 [INFO] [开始读取数据库表：jingpin_data]
2025-11-21 15:16:29,886 [INFO] [成功读取表 jingpin_data，数据行数：4535]
2025-11-21 15:16:29,970 [INFO] [开始读取数据库表：inventory_data]
2025-11-21 15:16:30,384 [INFO] [成功读取表 inventory_data，数据行数：5518]
2025-11-21 15:16:30,384 [INFO] [开始读取数据库表：tuiding_data]
2025-11-21 15:16:30,521 [INFO] [成功读取表 tuiding_data，数据行数：4224]
2025-11-21 15:16:30,522 [INFO] [开始读取数据库表：debit_data]
2025-11-21 15:16:32,412 [INFO] [成功读取表 debit_data，数据行数：24910]
2025-11-21 15:16:32,836 [INFO] [开始读取数据库表：sales_invoice_data]
2025-11-21 15:16:34,325 [INFO] [成功读取表 sales_invoice_data，数据行数：18590]
2025-11-21 15:33:29,393 [INFO] [数据库引擎创建成功]
2025-11-21 15:33:29,395 [INFO] [开始读取数据库表：order_data]
2025-11-21 15:33:30,555 [INFO] [成功读取表 order_data，数据行数：23717]
2025-11-21 15:33:30,851 [INFO] [开始读取数据库表：sales_data]
2025-11-21 15:33:45,814 [INFO] [成功读取表 sales_data，数据行数：25698]
2025-11-21 15:33:48,701 [INFO] [开始读取数据库表：jingpin_data]
2025-11-21 15:33:49,061 [INFO] [成功读取表 jingpin_data，数据行数：4535]
2025-11-21 15:33:49,177 [INFO] [开始读取数据库表：inventory_data]
2025-11-21 15:33:49,877 [INFO] [成功读取表 inventory_data，数据行数：5515]
2025-11-21 15:33:49,879 [INFO] [开始读取数据库表：tuiding_data]
2025-11-21 15:33:50,137 [INFO] [成功读取表 tuiding_data，数据行数：4224]
2025-11-21 15:33:50,138 [INFO] [开始读取数据库表：debit_data]
2025-11-21 15:33:52,524 [INFO] [成功读取表 debit_data，数据行数：24910]
2025-11-21 15:33:53,056 [INFO] [开始读取数据库表：sales_invoice_data]
2025-11-21 15:33:54,759 [INFO] [成功读取表 sales_invoice_data，数据行数：18593]
2025-11-21 16:01:55,024 [INFO] [数据库引擎创建成功]
2025-11-21 16:01:55,025 [INFO] [开始读取数据库表：order_data]
2025-11-21 16:01:57,634 [INFO] [成功读取表 order_data，数据行数：23722]
2025-11-21 16:01:58,115 [INFO] [开始读取数据库表：sales_data]
2025-11-21 16:02:05,628 [ERROR] [数据处理失败（表：sales_data）：Unable to allocate 15.9 MiB for an array with shape (25706, 81) and data type object]
Traceback (most recent call last):
  File "E:\powerbi_data\代码执行\私有云数据\concat_dashboad.py", line 121, in _read_from_db
    df = pd.read_sql(sql, self.engine)
  File "D:\python-3.13.3\Lib\site-packages\pandas\io\sql.py", line 736, in read_sql
    return pandas_sql.read_query(
           ~~~~~~~~~~~~~~~~~~~~~^
        sql,
        ^^^^
    ...<6 lines>...
        dtype=dtype,
        ^^^^^^^^^^^^
    )
    ^
  File "D:\python-3.13.3\Lib\site-packages\pandas\io\sql.py", line 1866, in read_query
    frame = _wrap_result(
        data,
    ...<5 lines>...
        dtype_backend=dtype_backend,
    )
  File "D:\python-3.13.3\Lib\site-packages\pandas\io\sql.py", line 206, in _wrap_result
    frame = _convert_arrays_to_dataframe(data, columns, coerce_float, dtype_backend)
  File "D:\python-3.13.3\Lib\site-packages\pandas\io\sql.py", line 168, in _convert_arrays_to_dataframe
    content = lib.to_object_array_tuples(data)
  File "pandas/_libs/lib.pyx", line 3101, in pandas._libs.lib.to_object_array_tuples
numpy._core._exceptions._ArrayMemoryError: Unable to allocate 15.9 MiB for an array with shape (25706, 81) and data type object
2025-11-21 16:31:40,095 [INFO] [数据库引擎创建成功]
2025-11-21 16:31:40,097 [INFO] [开始读取数据库表：order_data]
2025-11-21 16:31:42,095 [INFO] [成功读取表 order_data，数据行数：23722]
2025-11-21 16:31:42,558 [INFO] [开始读取数据库表：sales_data]
2025-11-21 16:31:49,858 [INFO] [成功读取表 sales_data，数据行数：25711]
2025-11-21 16:31:52,447 [INFO] [开始读取数据库表：jingpin_data]
2025-11-21 16:31:52,761 [INFO] [成功读取表 jingpin_data，数据行数：4548]
2025-11-21 16:31:52,835 [INFO] [开始读取数据库表：inventory_data]
2025-11-21 16:31:53,405 [INFO] [成功读取表 inventory_data，数据行数：5506]
2025-11-21 16:31:53,405 [INFO] [开始读取数据库表：tuiding_data]
2025-11-21 16:31:53,645 [INFO] [成功读取表 tuiding_data，数据行数：4226]
2025-11-21 16:31:53,645 [INFO] [开始读取数据库表：debit_data]
2025-11-21 16:31:55,852 [INFO] [成功读取表 debit_data，数据行数：24910]
2025-11-21 16:31:56,314 [INFO] [开始读取数据库表：sales_invoice_data]
2025-11-21 16:31:57,759 [INFO] [成功读取表 sales_invoice_data，数据行数：18601]
2025-11-21 17:00:52,871 [INFO] [数据库引擎创建成功]
2025-11-21 17:00:52,872 [INFO] [开始读取数据库表：order_data]
2025-11-21 17:00:54,285 [INFO] [成功读取表 order_data，数据行数：23722]
2025-11-21 17:00:54,616 [INFO] [开始读取数据库表：sales_data]
2025-11-21 17:00:59,762 [INFO] [成功读取表 sales_data，数据行数：25715]
2025-11-21 17:01:01,512 [INFO] [开始读取数据库表：jingpin_data]
2025-11-21 17:01:01,671 [INFO] [成功读取表 jingpin_data，数据行数：4550]
2025-11-21 17:01:01,763 [INFO] [开始读取数据库表：inventory_data]
2025-11-21 17:01:02,331 [INFO] [成功读取表 inventory_data，数据行数：5506]
2025-11-21 17:01:02,331 [INFO] [开始读取数据库表：tuiding_data]
2025-11-21 17:01:02,530 [INFO] [成功读取表 tuiding_data，数据行数：4227]
2025-11-21 17:01:02,530 [INFO] [开始读取数据库表：debit_data]
2025-11-21 17:01:08,469 [INFO] [成功读取表 debit_data，数据行数：24910]
2025-11-21 17:01:08,809 [INFO] [开始读取数据库表：sales_invoice_data]
2025-11-21 17:01:09,894 [INFO] [成功读取表 sales_invoice_data，数据行数：18605]
2025-11-21 17:32:40,932 [INFO] [数据库引擎创建成功]
2025-11-21 17:32:40,933 [INFO] [开始读取数据库表：order_data]
2025-11-21 17:32:42,106 [INFO] [成功读取表 order_data，数据行数：23724]
2025-11-21 17:32:42,412 [INFO] [开始读取数据库表：sales_data]
2025-11-21 17:32:48,383 [INFO] [成功读取表 sales_data，数据行数：25721]
2025-11-21 17:32:50,884 [INFO] [开始读取数据库表：jingpin_data]
2025-11-21 17:32:51,151 [INFO] [成功读取表 jingpin_data，数据行数：4551]
2025-11-21 17:32:51,224 [INFO] [开始读取数据库表：inventory_data]
2025-11-21 17:32:51,750 [INFO] [成功读取表 inventory_data，数据行数：5497]
2025-11-21 17:32:51,751 [INFO] [开始读取数据库表：tuiding_data]
2025-11-21 17:32:51,969 [INFO] [成功读取表 tuiding_data，数据行数：4227]
2025-11-21 17:32:51,970 [INFO] [开始读取数据库表：debit_data]
2025-11-21 17:32:55,196 [INFO] [成功读取表 debit_data，数据行数：24910]
2025-11-21 17:32:56,157 [INFO] [开始读取数据库表：sales_invoice_data]
2025-11-21 17:32:59,614 [INFO] [成功读取表 sales_invoice_data，数据行数：18608]
2025-11-21 17:49:42,529 [INFO] [数据库引擎创建成功]
2025-11-21 17:49:42,529 [INFO] [开始读取数据库表：order_data]
2025-11-21 17:49:43,429 [INFO] [成功读取表 order_data，数据行数：23724]
2025-11-21 17:49:43,677 [INFO] [开始读取数据库表：sales_data]
2025-11-21 17:49:47,430 [INFO] [成功读取表 sales_data，数据行数：25721]
2025-11-21 17:49:48,712 [INFO] [开始读取数据库表：jingpin_data]
2025-11-21 17:49:48,835 [INFO] [成功读取表 jingpin_data，数据行数：4551]
2025-11-21 17:49:48,872 [INFO] [开始读取数据库表：inventory_data]
2025-11-21 17:49:49,140 [INFO] [成功读取表 inventory_data，数据行数：5497]
2025-11-21 17:49:49,140 [INFO] [开始读取数据库表：tuiding_data]
2025-11-21 17:49:49,237 [INFO] [成功读取表 tuiding_data，数据行数：4227]
2025-11-21 17:49:49,237 [INFO] [开始读取数据库表：debit_data]
2025-11-21 17:49:50,201 [INFO] [成功读取表 debit_data，数据行数：24910]
2025-11-21 17:49:50,442 [INFO] [开始读取数据库表：sales_invoice_data]
2025-11-21 17:49:51,037 [INFO] [成功读取表 sales_invoice_data，数据行数：18608]
2025-11-21 22:28:52,618 [INFO] [数据库引擎创建成功]
2025-11-21 22:28:52,628 [INFO] [开始读取数据库表：order_data]
2025-11-21 22:28:53,811 [INFO] [成功读取表 order_data，数据行数：23738]
2025-11-21 22:28:54,074 [INFO] [开始读取数据库表：sales_data]
2025-11-21 22:28:58,657 [INFO] [成功读取表 sales_data，数据行数：25731]
2025-11-21 22:29:00,334 [INFO] [开始读取数据库表：jingpin_data]
2025-11-21 22:29:00,529 [INFO] [成功读取表 jingpin_data，数据行数：4557]
2025-11-21 22:29:00,610 [INFO] [开始读取数据库表：inventory_data]
2025-11-21 22:29:01,084 [INFO] [成功读取表 inventory_data，数据行数：6082]
2025-11-21 22:29:01,084 [INFO] [开始读取数据库表：tuiding_data]
2025-11-21 22:29:01,283 [INFO] [成功读取表 tuiding_data，数据行数：4229]
2025-11-21 22:29:01,283 [INFO] [开始读取数据库表：debit_data]
2025-11-21 22:29:03,020 [INFO] [成功读取表 debit_data，数据行数：25514]
2025-11-21 22:29:03,395 [INFO] [开始读取数据库表：sales_invoice_data]
2025-11-21 22:29:04,427 [INFO] [成功读取表 sales_invoice_data，数据行数：18618]
2025-11-21 22:58:53,557 [INFO] [数据库引擎创建成功]
2025-11-21 22:58:53,557 [INFO] [开始读取数据库表：order_data]
2025-11-21 22:58:54,766 [INFO] [成功读取表 order_data，数据行数：23738]
2025-11-21 22:58:55,053 [INFO] [开始读取数据库表：sales_data]
2025-11-21 22:58:59,624 [INFO] [成功读取表 sales_data，数据行数：25731]
2025-11-21 22:59:01,295 [INFO] [开始读取数据库表：jingpin_data]
2025-11-21 22:59:01,511 [INFO] [成功读取表 jingpin_data，数据行数：4557]
2025-11-21 22:59:01,575 [INFO] [开始读取数据库表：inventory_data]
2025-11-21 22:59:02,069 [INFO] [成功读取表 inventory_data，数据行数：6082]
2025-11-21 22:59:02,069 [INFO] [开始读取数据库表：tuiding_data]
2025-11-21 22:59:02,267 [INFO] [成功读取表 tuiding_data，数据行数：4229]
2025-11-21 22:59:02,267 [INFO] [开始读取数据库表：debit_data]
2025-11-21 22:59:03,844 [INFO] [成功读取表 debit_data，数据行数：25514]
2025-11-21 22:59:04,181 [INFO] [开始读取数据库表：sales_invoice_data]
2025-11-21 22:59:05,196 [INFO] [成功读取表 sales_invoice_data，数据行数：18618]
2025-11-21 23:28:21,467 [INFO] [数据库引擎创建成功]
2025-11-21 23:28:21,468 [INFO] [开始读取数据库表：order_data]
2025-11-21 23:28:22,747 [INFO] [成功读取表 order_data，数据行数：23738]
2025-11-21 23:28:23,039 [INFO] [开始读取数据库表：sales_data]
2025-11-21 23:28:27,803 [INFO] [成功读取表 sales_data，数据行数：25731]
2025-11-21 23:28:29,453 [INFO] [开始读取数据库表：jingpin_data]
2025-11-21 23:28:29,651 [INFO] [成功读取表 jingpin_data，数据行数：4557]
2025-11-21 23:28:29,713 [INFO] [开始读取数据库表：inventory_data]
2025-11-21 23:28:30,145 [INFO] [成功读取表 inventory_data，数据行数：6082]
2025-11-21 23:28:30,146 [INFO] [开始读取数据库表：tuiding_data]
2025-11-21 23:28:30,292 [INFO] [成功读取表 tuiding_data，数据行数：4229]
2025-11-21 23:28:30,292 [INFO] [开始读取数据库表：debit_data]
2025-11-21 23:28:31,680 [INFO] [成功读取表 debit_data，数据行数：25514]
2025-11-21 23:28:32,031 [INFO] [开始读取数据库表：sales_invoice_data]
2025-11-21 23:28:32,922 [INFO] [成功读取表 sales_invoice_data，数据行数：18618]
2025-11-21 23:58:42,197 [INFO] [数据库引擎创建成功]
2025-11-21 23:58:42,207 [INFO] [开始读取数据库表：order_data]
2025-11-21 23:58:43,402 [INFO] [成功读取表 order_data，数据行数：23738]
2025-11-21 23:58:43,691 [INFO] [开始读取数据库表：sales_data]
2025-11-21 23:58:49,044 [INFO] [成功读取表 sales_data，数据行数：25731]
2025-11-21 23:58:50,683 [INFO] [开始读取数据库表：jingpin_data]
2025-11-21 23:58:50,832 [INFO] [成功读取表 jingpin_data，数据行数：4557]
2025-11-21 23:58:50,887 [INFO] [开始读取数据库表：inventory_data]
2025-11-21 23:58:51,302 [INFO] [成功读取表 inventory_data，数据行数：6082]
2025-11-21 23:58:51,303 [INFO] [开始读取数据库表：tuiding_data]
2025-11-21 23:58:51,452 [INFO] [成功读取表 tuiding_data，数据行数：4229]
2025-11-21 23:58:51,452 [INFO] [开始读取数据库表：debit_data]
2025-11-21 23:58:52,877 [INFO] [成功读取表 debit_data，数据行数：25514]
2025-11-21 23:58:53,197 [INFO] [开始读取数据库表：sales_invoice_data]
2025-11-21 23:58:54,047 [INFO] [成功读取表 sales_invoice_data，数据行数：18618]
