2025-11-27 08:54:11,511 [INFO] [数据库引擎创建成功]
2025-11-27 08:54:11,511 [INFO] [开始读取数据库表：order_data]
2025-11-27 08:54:12,234 [INFO] [成功读取表 order_data，数据行数：24113]
2025-11-27 08:54:12,433 [INFO] [开始读取数据库表：sales_data]
2025-11-27 08:54:17,292 [INFO] [成功读取表 sales_data，数据行数：26255]
2025-11-27 08:54:18,451 [INFO] [开始读取数据库表：jingpin_data]
2025-11-27 08:54:18,566 [INFO] [成功读取表 jingpin_data，数据行数：4675]
2025-11-27 08:54:18,603 [INFO] [开始读取数据库表：inventory_data]
2025-11-27 08:54:18,884 [INFO] [成功读取表 inventory_data，数据行数：6115]
2025-11-27 08:54:18,884 [INFO] [开始读取数据库表：tuiding_data]
2025-11-27 08:54:18,985 [INFO] [成功读取表 tuiding_data，数据行数：4324]
2025-11-27 08:54:18,985 [INFO] [开始读取数据库表：debit_data]
2025-11-27 08:54:19,893 [INFO] [成功读取表 debit_data，数据行数：25877]
2025-11-27 08:54:20,112 [INFO] [开始读取数据库表：sales_invoice_data]
2025-11-27 08:54:20,719 [INFO] [成功读取表 sales_invoice_data，数据行数：18952]
2025-11-27 09:27:37,656 [INFO] [数据库引擎创建成功]
2025-11-27 09:27:37,666 [INFO] [开始读取数据库表：order_data]
2025-11-27 09:27:39,319 [INFO] [成功读取表 order_data，数据行数：24113]
2025-11-27 09:27:39,644 [INFO] [开始读取数据库表：sales_data]
2025-11-27 09:27:49,906 [INFO] [成功读取表 sales_data，数据行数：26256]
2025-11-27 09:27:51,872 [INFO] [开始读取数据库表：jingpin_data]
2025-11-27 09:27:52,141 [INFO] [成功读取表 jingpin_data，数据行数：4675]
2025-11-27 09:27:52,177 [INFO] [开始读取数据库表：inventory_data]
2025-11-27 09:27:52,728 [INFO] [成功读取表 inventory_data，数据行数：6114]
2025-11-27 09:27:52,728 [INFO] [开始读取数据库表：tuiding_data]
2025-11-27 09:27:52,966 [INFO] [成功读取表 tuiding_data，数据行数：4324]
2025-11-27 09:27:52,967 [INFO] [开始读取数据库表：debit_data]
2025-11-27 09:27:54,992 [INFO] [成功读取表 debit_data，数据行数：25877]
2025-11-27 09:27:55,365 [INFO] [开始读取数据库表：sales_invoice_data]
2025-11-27 09:27:56,566 [INFO] [成功读取表 sales_invoice_data，数据行数：18953]
2025-11-27 09:48:29,778 [INFO] [数据库引擎创建成功]
2025-11-27 09:48:29,780 [INFO] [开始读取数据库表：order_data]
2025-11-27 09:48:31,868 [INFO] [成功读取表 order_data，数据行数：24114]
2025-11-27 09:48:32,223 [INFO] [开始读取数据库表：sales_data]
2025-11-27 09:48:37,521 [INFO] [成功读取表 sales_data，数据行数：26253]
2025-11-27 09:48:39,066 [INFO] [开始读取数据库表：jingpin_data]
2025-11-27 09:48:39,256 [INFO] [成功读取表 jingpin_data，数据行数：4675]
2025-11-27 09:48:39,315 [INFO] [开始读取数据库表：inventory_data]
2025-11-27 09:48:39,704 [INFO] [成功读取表 inventory_data，数据行数：6113]
2025-11-27 09:48:39,705 [INFO] [开始读取数据库表：tuiding_data]
2025-11-27 09:48:39,854 [INFO] [成功读取表 tuiding_data，数据行数：4324]
2025-11-27 09:48:39,854 [INFO] [开始读取数据库表：debit_data]
2025-11-27 09:48:41,335 [INFO] [成功读取表 debit_data，数据行数：25877]
2025-11-27 09:48:41,649 [INFO] [开始读取数据库表：sales_invoice_data]
2025-11-27 09:48:42,668 [INFO] [成功读取表 sales_invoice_data，数据行数：18954]
2025-11-27 09:59:05,131 [INFO] [数据库引擎创建成功]
2025-11-27 09:59:05,132 [INFO] [开始读取数据库表：order_data]
2025-11-27 09:59:07,018 [INFO] [成功读取表 order_data，数据行数：24114]
2025-11-27 09:59:07,312 [INFO] [开始读取数据库表：sales_data]
2025-11-27 09:59:12,062 [INFO] [成功读取表 sales_data，数据行数：26254]
2025-11-27 09:59:13,669 [INFO] [开始读取数据库表：jingpin_data]
2025-11-27 09:59:13,885 [INFO] [成功读取表 jingpin_data，数据行数：4676]
2025-11-27 09:59:13,951 [INFO] [开始读取数据库表：inventory_data]
2025-11-27 09:59:14,278 [INFO] [成功读取表 inventory_data，数据行数：5004]
2025-11-27 09:59:14,278 [INFO] [开始读取数据库表：tuiding_data]
2025-11-27 09:59:14,449 [INFO] [成功读取表 tuiding_data，数据行数：4324]
2025-11-27 09:59:14,450 [INFO] [开始读取数据库表：debit_data]
2025-11-27 09:59:15,936 [INFO] [成功读取表 debit_data，数据行数：25877]
2025-11-27 09:59:16,236 [INFO] [开始读取数据库表：sales_invoice_data]
2025-11-27 09:59:17,226 [INFO] [成功读取表 sales_invoice_data，数据行数：18955]
2025-11-27 10:27:15,220 [INFO] [数据库引擎创建成功]
2025-11-27 10:27:15,221 [INFO] [开始读取数据库表：order_data]
2025-11-27 10:27:17,137 [INFO] [成功读取表 order_data，数据行数：24119]
2025-11-27 10:27:17,484 [INFO] [开始读取数据库表：sales_data]
2025-11-27 10:27:23,117 [INFO] [成功读取表 sales_data，数据行数：26255]
2025-11-27 10:27:25,024 [INFO] [开始读取数据库表：jingpin_data]
2025-11-27 10:27:25,278 [INFO] [成功读取表 jingpin_data，数据行数：4676]
2025-11-27 10:27:25,317 [INFO] [开始读取数据库表：inventory_data]
2025-11-27 10:27:26,032 [INFO] [成功读取表 inventory_data，数据行数：6111]
2025-11-27 10:27:26,033 [INFO] [开始读取数据库表：tuiding_data]
2025-11-27 10:27:26,306 [INFO] [成功读取表 tuiding_data，数据行数：4324]
2025-11-27 10:27:26,306 [INFO] [开始读取数据库表：debit_data]
2025-11-27 10:27:31,940 [INFO] [成功读取表 debit_data，数据行数：25878]
2025-11-27 10:27:32,315 [INFO] [开始读取数据库表：sales_invoice_data]
2025-11-27 10:27:33,527 [INFO] [成功读取表 sales_invoice_data，数据行数：18956]
2025-11-27 11:00:20,858 [INFO] [数据库引擎创建成功]
2025-11-27 11:00:20,868 [INFO] [开始读取数据库表：order_data]
2025-11-27 11:00:22,408 [INFO] [成功读取表 order_data，数据行数：24122]
2025-11-27 11:00:22,697 [INFO] [开始读取数据库表：sales_data]
2025-11-27 11:00:27,914 [INFO] [成功读取表 sales_data，数据行数：26258]
2025-11-27 11:00:29,644 [INFO] [开始读取数据库表：jingpin_data]
2025-11-27 11:00:29,888 [INFO] [成功读取表 jingpin_data，数据行数：4676]
2025-11-27 11:00:29,968 [INFO] [开始读取数据库表：inventory_data]
2025-11-27 11:00:30,384 [INFO] [成功读取表 inventory_data，数据行数：6108]
2025-11-27 11:00:30,384 [INFO] [开始读取数据库表：tuiding_data]
2025-11-27 11:00:30,585 [INFO] [成功读取表 tuiding_data，数据行数：4324]
2025-11-27 11:00:30,585 [INFO] [开始读取数据库表：debit_data]
2025-11-27 11:00:36,525 [INFO] [成功读取表 debit_data，数据行数：25879]
2025-11-27 11:00:36,852 [INFO] [开始读取数据库表：sales_invoice_data]
2025-11-27 11:00:37,966 [INFO] [成功读取表 sales_invoice_data，数据行数：18960]
2025-11-27 11:29:11,109 [INFO] [数据库引擎创建成功]
2025-11-27 11:29:11,110 [INFO] [开始读取数据库表：order_data]
2025-11-27 11:29:12,667 [INFO] [成功读取表 order_data，数据行数：24120]
2025-11-27 11:29:12,971 [INFO] [开始读取数据库表：sales_data]
2025-11-27 11:29:24,401 [INFO] [成功读取表 sales_data，数据行数：26266]
2025-11-27 11:29:26,499 [INFO] [开始读取数据库表：jingpin_data]
2025-11-27 11:29:26,770 [INFO] [成功读取表 jingpin_data，数据行数：4676]
2025-11-27 11:29:26,851 [INFO] [开始读取数据库表：inventory_data]
2025-11-27 11:29:27,433 [INFO] [成功读取表 inventory_data，数据行数：6107]
2025-11-27 11:29:27,433 [INFO] [开始读取数据库表：tuiding_data]
2025-11-27 11:29:27,655 [INFO] [成功读取表 tuiding_data，数据行数：4328]
2025-11-27 11:29:27,655 [INFO] [开始读取数据库表：debit_data]
2025-11-27 11:29:29,632 [INFO] [成功读取表 debit_data，数据行数：25879]
2025-11-27 11:29:30,035 [INFO] [开始读取数据库表：sales_invoice_data]
2025-11-27 11:29:31,258 [INFO] [成功读取表 sales_invoice_data，数据行数：18961]
2025-11-27 11:57:54,880 [INFO] [数据库引擎创建成功]
2025-11-27 11:57:54,881 [INFO] [开始读取数据库表：order_data]
2025-11-27 11:57:56,616 [INFO] [成功读取表 order_data，数据行数：24126]
2025-11-27 11:57:56,927 [INFO] [开始读取数据库表：sales_data]
2025-11-27 11:58:07,599 [INFO] [成功读取表 sales_data，数据行数：26276]
2025-11-27 11:58:09,987 [INFO] [开始读取数据库表：jingpin_data]
2025-11-27 11:58:10,278 [INFO] [成功读取表 jingpin_data，数据行数：4679]
2025-11-27 11:58:10,354 [INFO] [开始读取数据库表：inventory_data]
2025-11-27 11:58:10,969 [INFO] [成功读取表 inventory_data，数据行数：6097]
2025-11-27 11:58:10,970 [INFO] [开始读取数据库表：tuiding_data]
2025-11-27 11:58:11,180 [INFO] [成功读取表 tuiding_data，数据行数：4328]
2025-11-27 11:58:11,180 [INFO] [开始读取数据库表：debit_data]
2025-11-27 11:58:13,274 [INFO] [成功读取表 debit_data，数据行数：25879]
2025-11-27 11:58:13,655 [INFO] [开始读取数据库表：sales_invoice_data]
2025-11-27 11:58:14,936 [INFO] [成功读取表 sales_invoice_data，数据行数：18970]
2025-11-27 12:27:06,727 [INFO] [数据库引擎创建成功]
2025-11-27 12:27:06,728 [INFO] [开始读取数据库表：order_data]
2025-11-27 12:27:08,347 [INFO] [成功读取表 order_data，数据行数：24128]
2025-11-27 12:27:08,631 [INFO] [开始读取数据库表：sales_data]
2025-11-27 12:27:13,884 [INFO] [成功读取表 sales_data，数据行数：26279]
2025-11-27 12:27:15,592 [INFO] [开始读取数据库表：jingpin_data]
2025-11-27 12:27:15,833 [INFO] [成功读取表 jingpin_data，数据行数：4680]
2025-11-27 12:27:15,884 [INFO] [开始读取数据库表：inventory_data]
2025-11-27 12:27:16,353 [INFO] [成功读取表 inventory_data，数据行数：6094]
2025-11-27 12:27:16,354 [INFO] [开始读取数据库表：tuiding_data]
2025-11-27 12:27:16,539 [INFO] [成功读取表 tuiding_data，数据行数：4328]
2025-11-27 12:27:16,539 [INFO] [开始读取数据库表：debit_data]
2025-11-27 12:27:18,257 [INFO] [成功读取表 debit_data，数据行数：25879]
2025-11-27 12:27:18,577 [INFO] [开始读取数据库表：sales_invoice_data]
2025-11-27 12:27:23,718 [INFO] [成功读取表 sales_invoice_data，数据行数：18973]
2025-11-27 12:57:08,204 [INFO] [数据库引擎创建成功]
2025-11-27 12:57:08,205 [INFO] [开始读取数据库表：order_data]
2025-11-27 12:57:09,644 [INFO] [成功读取表 order_data，数据行数：24130]
2025-11-27 12:57:09,919 [INFO] [开始读取数据库表：sales_data]
2025-11-27 12:57:15,032 [INFO] [成功读取表 sales_data，数据行数：26284]
2025-11-27 12:57:16,602 [INFO] [开始读取数据库表：jingpin_data]
2025-11-27 12:57:16,828 [INFO] [成功读取表 jingpin_data，数据行数：4682]
2025-11-27 12:57:16,889 [INFO] [开始读取数据库表：inventory_data]
2025-11-27 12:57:17,334 [INFO] [成功读取表 inventory_data，数据行数：6091]
2025-11-27 12:57:17,334 [INFO] [开始读取数据库表：tuiding_data]
2025-11-27 12:57:17,505 [INFO] [成功读取表 tuiding_data，数据行数：4329]
2025-11-27 12:57:17,505 [INFO] [开始读取数据库表：debit_data]
2025-11-27 12:57:19,156 [INFO] [成功读取表 debit_data，数据行数：25879]
2025-11-27 12:57:19,451 [INFO] [开始读取数据库表：sales_invoice_data]
2025-11-27 12:57:25,878 [INFO] [成功读取表 sales_invoice_data，数据行数：18977]
2025-11-27 13:26:41,512 [INFO] [数据库引擎创建成功]
2025-11-27 13:26:41,513 [INFO] [开始读取数据库表：order_data]
2025-11-27 13:26:43,135 [INFO] [成功读取表 order_data，数据行数：24131]
2025-11-27 13:26:43,403 [INFO] [开始读取数据库表：sales_data]
2025-11-27 13:26:48,820 [INFO] [成功读取表 sales_data，数据行数：26286]
2025-11-27 13:26:50,467 [INFO] [开始读取数据库表：jingpin_data]
2025-11-27 13:26:50,691 [INFO] [成功读取表 jingpin_data，数据行数：4682]
2025-11-27 13:26:50,748 [INFO] [开始读取数据库表：inventory_data]
2025-11-27 13:26:51,193 [INFO] [成功读取表 inventory_data，数据行数：6090]
2025-11-27 13:26:51,193 [INFO] [开始读取数据库表：tuiding_data]
2025-11-27 13:26:51,378 [INFO] [成功读取表 tuiding_data，数据行数：4333]
2025-11-27 13:26:51,378 [INFO] [开始读取数据库表：debit_data]
2025-11-27 13:26:53,067 [INFO] [成功读取表 debit_data，数据行数：25879]
2025-11-27 13:26:53,395 [INFO] [开始读取数据库表：sales_invoice_data]
2025-11-27 13:26:54,482 [INFO] [成功读取表 sales_invoice_data，数据行数：18979]
2025-11-27 13:56:58,944 [INFO] [数据库引擎创建成功]
2025-11-27 13:56:58,945 [INFO] [开始读取数据库表：order_data]
2025-11-27 13:57:00,586 [INFO] [成功读取表 order_data，数据行数：24131]
2025-11-27 13:57:00,906 [INFO] [开始读取数据库表：sales_data]
2025-11-27 13:57:07,087 [INFO] [成功读取表 sales_data，数据行数：26292]
2025-11-27 13:57:09,129 [INFO] [开始读取数据库表：jingpin_data]
2025-11-27 13:57:09,370 [INFO] [成功读取表 jingpin_data，数据行数：4683]
2025-11-27 13:57:09,434 [INFO] [开始读取数据库表：inventory_data]
2025-11-27 13:57:09,968 [INFO] [成功读取表 inventory_data，数据行数：6084]
2025-11-27 13:57:09,969 [INFO] [开始读取数据库表：tuiding_data]
2025-11-27 13:57:10,157 [INFO] [成功读取表 tuiding_data，数据行数：4334]
2025-11-27 13:57:10,158 [INFO] [开始读取数据库表：debit_data]
2025-11-27 13:57:12,176 [INFO] [成功读取表 debit_data，数据行数：25879]
2025-11-27 13:57:12,576 [INFO] [开始读取数据库表：sales_invoice_data]
2025-11-27 13:57:13,902 [INFO] [成功读取表 sales_invoice_data，数据行数：18985]
2025-11-27 14:27:28,989 [INFO] [数据库引擎创建成功]
2025-11-27 14:27:28,990 [INFO] [开始读取数据库表：order_data]
2025-11-27 14:27:30,715 [INFO] [成功读取表 order_data，数据行数：24134]
2025-11-27 14:27:31,112 [INFO] [开始读取数据库表：sales_data]
2025-11-27 14:27:38,645 [INFO] [成功读取表 sales_data，数据行数：26298]
2025-11-27 14:27:40,678 [INFO] [开始读取数据库表：jingpin_data]
2025-11-27 14:27:40,961 [INFO] [成功读取表 jingpin_data，数据行数：4683]
2025-11-27 14:27:41,028 [INFO] [开始读取数据库表：inventory_data]
2025-11-27 14:27:41,586 [INFO] [成功读取表 inventory_data，数据行数：6078]
2025-11-27 14:27:41,586 [INFO] [开始读取数据库表：tuiding_data]
2025-11-27 14:27:41,852 [INFO] [成功读取表 tuiding_data，数据行数：4334]
2025-11-27 14:27:41,852 [INFO] [开始读取数据库表：debit_data]
2025-11-27 14:27:43,983 [INFO] [成功读取表 debit_data，数据行数：25879]
2025-11-27 14:27:44,323 [INFO] [开始读取数据库表：sales_invoice_data]
2025-11-27 14:27:45,768 [INFO] [成功读取表 sales_invoice_data，数据行数：18989]
2025-11-27 14:57:27,610 [INFO] [数据库引擎创建成功]
2025-11-27 14:57:27,611 [INFO] [开始读取数据库表：order_data]
2025-11-27 14:57:29,375 [INFO] [成功读取表 order_data，数据行数：24138]
2025-11-27 14:57:29,656 [INFO] [开始读取数据库表：sales_data]
2025-11-27 14:57:37,129 [INFO] [成功读取表 sales_data，数据行数：26316]
2025-11-27 14:57:39,860 [INFO] [开始读取数据库表：jingpin_data]
2025-11-27 14:57:40,628 [INFO] [成功读取表 jingpin_data，数据行数：4684]
2025-11-27 14:57:41,255 [INFO] [开始读取数据库表：inventory_data]
2025-11-27 14:57:42,904 [INFO] [成功读取表 inventory_data，数据行数：6060]
2025-11-27 14:57:42,904 [INFO] [开始读取数据库表：tuiding_data]
2025-11-27 14:57:43,215 [INFO] [成功读取表 tuiding_data，数据行数：4334]
2025-11-27 14:57:43,215 [INFO] [开始读取数据库表：debit_data]
2025-11-27 14:57:45,582 [INFO] [成功读取表 debit_data，数据行数：25879]
2025-11-27 14:57:46,067 [INFO] [开始读取数据库表：sales_invoice_data]
2025-11-27 14:57:47,604 [INFO] [成功读取表 sales_invoice_data，数据行数：19006]
2025-11-27 15:28:01,061 [INFO] [数据库引擎创建成功]
2025-11-27 15:28:01,072 [INFO] [开始读取数据库表：order_data]
2025-11-27 15:28:04,400 [INFO] [成功读取表 order_data，数据行数：24139]
2025-11-27 15:28:04,757 [INFO] [开始读取数据库表：sales_data]
2025-11-27 15:28:10,904 [INFO] [成功读取表 sales_data，数据行数：26327]
2025-11-27 15:28:12,944 [INFO] [开始读取数据库表：jingpin_data]
2025-11-27 15:28:13,223 [INFO] [成功读取表 jingpin_data，数据行数：4686]
2025-11-27 15:28:13,259 [INFO] [开始读取数据库表：inventory_data]
2025-11-27 15:28:13,798 [INFO] [成功读取表 inventory_data，数据行数：6049]
2025-11-27 15:28:13,798 [INFO] [开始读取数据库表：tuiding_data]
2025-11-27 15:28:14,032 [INFO] [成功读取表 tuiding_data，数据行数：4334]
2025-11-27 15:28:14,032 [INFO] [开始读取数据库表：debit_data]
2025-11-27 15:28:16,121 [INFO] [成功读取表 debit_data，数据行数：25879]
2025-11-27 15:28:16,549 [INFO] [开始读取数据库表：sales_invoice_data]
2025-11-27 15:28:17,915 [INFO] [成功读取表 sales_invoice_data，数据行数：19018]
2025-11-27 16:02:41,457 [INFO] [数据库引擎创建成功]
2025-11-27 16:02:41,458 [INFO] [开始读取数据库表：order_data]
2025-11-27 16:02:43,755 [INFO] [成功读取表 order_data，数据行数：24142]
2025-11-27 16:02:44,084 [INFO] [开始读取数据库表：sales_data]
2025-11-27 16:02:58,188 [INFO] [成功读取表 sales_data，数据行数：26329]
2025-11-27 16:03:00,378 [INFO] [开始读取数据库表：jingpin_data]
2025-11-27 16:03:00,662 [INFO] [成功读取表 jingpin_data，数据行数：4686]
2025-11-27 16:03:00,738 [INFO] [开始读取数据库表：inventory_data]
2025-11-27 16:03:01,333 [INFO] [成功读取表 inventory_data，数据行数：6046]
2025-11-27 16:03:01,333 [INFO] [开始读取数据库表：tuiding_data]
2025-11-27 16:03:01,576 [INFO] [成功读取表 tuiding_data，数据行数：4337]
2025-11-27 16:03:01,576 [INFO] [开始读取数据库表：debit_data]
2025-11-27 16:03:03,714 [INFO] [成功读取表 debit_data，数据行数：25879]
2025-11-27 16:03:04,079 [INFO] [开始读取数据库表：sales_invoice_data]
2025-11-27 16:03:05,382 [INFO] [成功读取表 sales_invoice_data，数据行数：19020]
2025-11-27 16:28:14,716 [INFO] [数据库引擎创建成功]
2025-11-27 16:28:14,717 [INFO] [开始读取数据库表：order_data]
2025-11-27 16:28:16,254 [INFO] [成功读取表 order_data，数据行数：24146]
2025-11-27 16:28:16,555 [INFO] [开始读取数据库表：sales_data]
2025-11-27 16:28:28,408 [INFO] [成功读取表 sales_data，数据行数：26331]
2025-11-27 16:28:30,657 [INFO] [开始读取数据库表：jingpin_data]
2025-11-27 16:28:30,961 [INFO] [成功读取表 jingpin_data，数据行数：4687]
2025-11-27 16:28:31,043 [INFO] [开始读取数据库表：inventory_data]
2025-11-27 16:28:31,744 [INFO] [成功读取表 inventory_data，数据行数：6043]
2025-11-27 16:28:31,744 [INFO] [开始读取数据库表：tuiding_data]
2025-11-27 16:28:31,994 [INFO] [成功读取表 tuiding_data，数据行数：4337]
2025-11-27 16:28:31,994 [INFO] [开始读取数据库表：debit_data]
2025-11-27 16:28:35,222 [INFO] [成功读取表 debit_data，数据行数：25879]
2025-11-27 16:28:36,015 [INFO] [开始读取数据库表：sales_invoice_data]
2025-11-27 16:28:37,589 [INFO] [成功读取表 sales_invoice_data，数据行数：19024]
2025-11-27 16:57:38,338 [INFO] [数据库引擎创建成功]
2025-11-27 16:57:38,338 [INFO] [开始读取数据库表：order_data]
2025-11-27 16:57:39,755 [INFO] [成功读取表 order_data，数据行数：24150]
2025-11-27 16:57:40,014 [INFO] [开始读取数据库表：sales_data]
2025-11-27 16:57:44,926 [INFO] [成功读取表 sales_data，数据行数：26346]
2025-11-27 16:57:46,561 [INFO] [开始读取数据库表：jingpin_data]
2025-11-27 16:57:46,796 [INFO] [成功读取表 jingpin_data，数据行数：4687]
2025-11-27 16:57:46,854 [INFO] [开始读取数据库表：inventory_data]
2025-11-27 16:57:47,340 [INFO] [成功读取表 inventory_data，数据行数：6031]
2025-11-27 16:57:47,340 [INFO] [开始读取数据库表：tuiding_data]
2025-11-27 16:57:47,524 [INFO] [成功读取表 tuiding_data，数据行数：4337]
2025-11-27 16:57:47,524 [INFO] [开始读取数据库表：debit_data]
2025-11-27 16:57:49,138 [INFO] [成功读取表 debit_data，数据行数：25879]
2025-11-27 16:57:49,480 [INFO] [开始读取数据库表：sales_invoice_data]
2025-11-27 16:57:56,087 [INFO] [成功读取表 sales_invoice_data，数据行数：19037]
2025-11-27 17:27:18,846 [INFO] [数据库引擎创建成功]
2025-11-27 17:27:18,846 [INFO] [开始读取数据库表：order_data]
2025-11-27 17:27:20,243 [INFO] [成功读取表 order_data，数据行数：24159]
2025-11-27 17:27:20,530 [INFO] [开始读取数据库表：sales_data]
2025-11-27 17:27:32,746 [INFO] [成功读取表 sales_data，数据行数：26357]
2025-11-27 17:27:34,422 [INFO] [开始读取数据库表：jingpin_data]
2025-11-27 17:27:34,644 [INFO] [成功读取表 jingpin_data，数据行数：4689]
2025-11-27 17:27:34,703 [INFO] [开始读取数据库表：inventory_data]
2025-11-27 17:27:35,141 [INFO] [成功读取表 inventory_data，数据行数：6020]
2025-11-27 17:27:35,141 [INFO] [开始读取数据库表：tuiding_data]
2025-11-27 17:27:35,326 [INFO] [成功读取表 tuiding_data，数据行数：4337]
2025-11-27 17:27:35,326 [INFO] [开始读取数据库表：debit_data]
2025-11-27 17:27:37,031 [INFO] [成功读取表 debit_data，数据行数：25879]
2025-11-27 17:27:37,344 [INFO] [开始读取数据库表：sales_invoice_data]
2025-11-27 17:27:38,421 [INFO] [成功读取表 sales_invoice_data，数据行数：19046]
2025-11-27 17:56:33,458 [INFO] [数据库引擎创建成功]
2025-11-27 17:56:33,458 [INFO] [开始读取数据库表：order_data]
2025-11-27 17:56:35,129 [INFO] [成功读取表 order_data，数据行数：24166]
2025-11-27 17:56:35,436 [INFO] [开始读取数据库表：sales_data]
2025-11-27 17:56:41,233 [INFO] [成功读取表 sales_data，数据行数：26384]
2025-11-27 17:56:43,095 [INFO] [开始读取数据库表：jingpin_data]
2025-11-27 17:56:43,353 [INFO] [成功读取表 jingpin_data，数据行数：4692]
2025-11-27 17:56:43,416 [INFO] [开始读取数据库表：inventory_data]
2025-11-27 17:56:43,901 [INFO] [成功读取表 inventory_data，数据行数：6005]
2025-11-27 17:56:43,901 [INFO] [开始读取数据库表：tuiding_data]
2025-11-27 17:56:44,108 [INFO] [成功读取表 tuiding_data，数据行数：4337]
2025-11-27 17:56:44,108 [INFO] [开始读取数据库表：debit_data]
2025-11-27 17:56:45,966 [INFO] [成功读取表 debit_data，数据行数：25879]
2025-11-27 17:56:46,323 [INFO] [开始读取数据库表：sales_invoice_data]
2025-11-27 17:56:47,519 [INFO] [成功读取表 sales_invoice_data，数据行数：19059]
2025-11-27 18:26:33,816 [INFO] [数据库引擎创建成功]
2025-11-27 18:26:33,816 [INFO] [开始读取数据库表：order_data]
2025-11-27 18:26:35,488 [INFO] [成功读取表 order_data，数据行数：24168]
2025-11-27 18:26:35,807 [INFO] [开始读取数据库表：sales_data]
2025-11-27 18:26:41,837 [INFO] [成功读取表 sales_data，数据行数：26398]
2025-11-27 18:26:43,882 [INFO] [开始读取数据库表：jingpin_data]
2025-11-27 18:26:44,790 [INFO] [成功读取表 jingpin_data，数据行数：4694]
2025-11-27 18:26:44,900 [INFO] [开始读取数据库表：inventory_data]
2025-11-27 18:26:45,752 [INFO] [成功读取表 inventory_data，数据行数：5995]
2025-11-27 18:26:45,752 [INFO] [开始读取数据库表：tuiding_data]
2025-11-27 18:26:45,982 [INFO] [成功读取表 tuiding_data，数据行数：4338]
2025-11-27 18:26:45,982 [INFO] [开始读取数据库表：debit_data]
2025-11-27 18:26:48,109 [INFO] [成功读取表 debit_data，数据行数：25879]
2025-11-27 18:26:48,475 [INFO] [开始读取数据库表：sales_invoice_data]
2025-11-27 18:26:49,674 [INFO] [成功读取表 sales_invoice_data，数据行数：19071]
2025-11-27 18:56:47,136 [INFO] [数据库引擎创建成功]
2025-11-27 18:56:47,136 [INFO] [开始读取数据库表：order_data]
2025-11-27 18:56:48,889 [INFO] [成功读取表 order_data，数据行数：24172]
2025-11-27 18:56:49,205 [INFO] [开始读取数据库表：sales_data]
2025-11-27 18:56:54,814 [INFO] [成功读取表 sales_data，数据行数：26406]
2025-11-27 18:56:56,525 [INFO] [开始读取数据库表：jingpin_data]
2025-11-27 18:56:56,757 [INFO] [成功读取表 jingpin_data，数据行数：4696]
2025-11-27 18:56:56,834 [INFO] [开始读取数据库表：inventory_data]
2025-11-27 18:56:57,265 [INFO] [成功读取表 inventory_data，数据行数：5994]
2025-11-27 18:56:57,265 [INFO] [开始读取数据库表：tuiding_data]
2025-11-27 18:56:57,428 [INFO] [成功读取表 tuiding_data，数据行数：4338]
2025-11-27 18:56:57,429 [INFO] [开始读取数据库表：debit_data]
2025-11-27 18:56:59,218 [INFO] [成功读取表 debit_data，数据行数：25879]
2025-11-27 18:56:59,580 [INFO] [开始读取数据库表：sales_invoice_data]
2025-11-27 18:57:00,746 [INFO] [成功读取表 sales_invoice_data，数据行数：19072]
2025-11-27 19:26:19,594 [INFO] [数据库引擎创建成功]
2025-11-27 19:26:19,594 [INFO] [开始读取数据库表：order_data]
2025-11-27 19:26:21,257 [INFO] [成功读取表 order_data，数据行数：24173]
2025-11-27 19:26:21,557 [INFO] [开始读取数据库表：sales_data]
2025-11-27 19:26:27,296 [INFO] [成功读取表 sales_data，数据行数：26406]
2025-11-27 19:26:29,154 [INFO] [开始读取数据库表：jingpin_data]
2025-11-27 19:26:29,391 [INFO] [成功读取表 jingpin_data，数据行数：4696]
2025-11-27 19:26:29,452 [INFO] [开始读取数据库表：inventory_data]
2025-11-27 19:26:29,922 [INFO] [成功读取表 inventory_data，数据行数：5994]
2025-11-27 19:26:29,922 [INFO] [开始读取数据库表：tuiding_data]
2025-11-27 19:26:30,147 [INFO] [成功读取表 tuiding_data，数据行数：4338]
2025-11-27 19:26:30,147 [INFO] [开始读取数据库表：debit_data]
2025-11-27 19:26:34,573 [INFO] [成功读取表 debit_data，数据行数：25879]
2025-11-27 19:26:34,903 [INFO] [开始读取数据库表：sales_invoice_data]
2025-11-27 19:26:36,056 [INFO] [成功读取表 sales_invoice_data，数据行数：19072]
2025-11-27 19:56:30,082 [INFO] [数据库引擎创建成功]
2025-11-27 19:56:30,082 [INFO] [开始读取数据库表：order_data]
2025-11-27 19:56:32,070 [INFO] [成功读取表 order_data，数据行数：24178]
2025-11-27 19:56:33,269 [INFO] [开始读取数据库表：sales_data]
2025-11-27 19:56:39,554 [INFO] [成功读取表 sales_data，数据行数：26406]
2025-11-27 19:56:41,382 [INFO] [开始读取数据库表：jingpin_data]
2025-11-27 19:56:41,630 [INFO] [成功读取表 jingpin_data，数据行数：4696]
2025-11-27 19:56:41,694 [INFO] [开始读取数据库表：inventory_data]
2025-11-27 19:56:42,213 [INFO] [成功读取表 inventory_data，数据行数：5994]
2025-11-27 19:56:42,213 [INFO] [开始读取数据库表：tuiding_data]
2025-11-27 19:56:42,417 [INFO] [成功读取表 tuiding_data，数据行数：4338]
2025-11-27 19:56:42,418 [INFO] [开始读取数据库表：debit_data]
2025-11-27 19:56:44,408 [INFO] [成功读取表 debit_data，数据行数：25879]
2025-11-27 19:56:44,758 [INFO] [开始读取数据库表：sales_invoice_data]
2025-11-27 19:56:45,941 [INFO] [成功读取表 sales_invoice_data，数据行数：19072]
2025-11-27 20:26:42,142 [INFO] [数据库引擎创建成功]
2025-11-27 20:26:42,142 [INFO] [开始读取数据库表：order_data]
2025-11-27 20:26:43,895 [INFO] [成功读取表 order_data，数据行数：24171]
2025-11-27 20:26:44,209 [INFO] [开始读取数据库表：sales_data]
2025-11-27 20:26:51,278 [INFO] [成功读取表 sales_data，数据行数：26406]
2025-11-27 20:26:53,043 [INFO] [开始读取数据库表：jingpin_data]
2025-11-27 20:26:53,296 [INFO] [成功读取表 jingpin_data，数据行数：4696]
2025-11-27 20:26:53,358 [INFO] [开始读取数据库表：inventory_data]
2025-11-27 20:26:53,866 [INFO] [成功读取表 inventory_data，数据行数：5994]
2025-11-27 20:26:53,866 [INFO] [开始读取数据库表：tuiding_data]
2025-11-27 20:26:54,059 [INFO] [成功读取表 tuiding_data，数据行数：4346]
2025-11-27 20:26:54,059 [INFO] [开始读取数据库表：debit_data]
2025-11-27 20:26:55,969 [INFO] [成功读取表 debit_data，数据行数：25879]
2025-11-27 20:26:56,336 [INFO] [开始读取数据库表：sales_invoice_data]
2025-11-27 20:26:57,521 [INFO] [成功读取表 sales_invoice_data，数据行数：19072]
2025-11-27 20:56:37,507 [INFO] [数据库引擎创建成功]
2025-11-27 20:56:37,508 [INFO] [开始读取数据库表：order_data]
2025-11-27 20:56:39,103 [INFO] [成功读取表 order_data，数据行数：24171]
2025-11-27 20:56:39,403 [INFO] [开始读取数据库表：sales_data]
2025-11-27 20:56:45,122 [INFO] [成功读取表 sales_data，数据行数：26406]
2025-11-27 20:56:46,995 [INFO] [开始读取数据库表：jingpin_data]
2025-11-27 20:56:47,260 [INFO] [成功读取表 jingpin_data，数据行数：4696]
2025-11-27 20:56:47,325 [INFO] [开始读取数据库表：inventory_data]
2025-11-27 20:56:47,810 [INFO] [成功读取表 inventory_data，数据行数：5994]
2025-11-27 20:56:47,810 [INFO] [开始读取数据库表：tuiding_data]
2025-11-27 20:56:48,018 [INFO] [成功读取表 tuiding_data，数据行数：4346]
2025-11-27 20:56:48,018 [INFO] [开始读取数据库表：debit_data]
2025-11-27 20:56:50,546 [INFO] [成功读取表 debit_data，数据行数：25879]
2025-11-27 20:56:50,799 [INFO] [开始读取数据库表：sales_invoice_data]
2025-11-27 20:56:51,733 [INFO] [成功读取表 sales_invoice_data，数据行数：19072]
2025-11-27 21:26:30,405 [INFO] [数据库引擎创建成功]
2025-11-27 21:26:30,406 [INFO] [开始读取数据库表：order_data]
2025-11-27 21:26:31,987 [INFO] [成功读取表 order_data，数据行数：24168]
2025-11-27 21:26:32,284 [INFO] [开始读取数据库表：sales_data]
2025-11-27 21:26:38,624 [INFO] [成功读取表 sales_data，数据行数：26406]
2025-11-27 21:26:40,448 [INFO] [开始读取数据库表：jingpin_data]
2025-11-27 21:26:40,697 [INFO] [成功读取表 jingpin_data，数据行数：4696]
2025-11-27 21:26:40,764 [INFO] [开始读取数据库表：inventory_data]
2025-11-27 21:26:41,276 [INFO] [成功读取表 inventory_data，数据行数：5994]
2025-11-27 21:26:41,276 [INFO] [开始读取数据库表：tuiding_data]
2025-11-27 21:26:41,484 [INFO] [成功读取表 tuiding_data，数据行数：4349]
2025-11-27 21:26:41,484 [INFO] [开始读取数据库表：debit_data]
2025-11-27 21:26:43,388 [INFO] [成功读取表 debit_data，数据行数：25879]
2025-11-27 21:26:43,750 [INFO] [开始读取数据库表：sales_invoice_data]
2025-11-27 21:26:44,894 [INFO] [成功读取表 sales_invoice_data，数据行数：19072]
2025-11-27 21:56:26,094 [INFO] [数据库引擎创建成功]
2025-11-27 21:56:26,094 [INFO] [开始读取数据库表：order_data]
2025-11-27 21:56:27,865 [INFO] [成功读取表 order_data，数据行数：24168]
2025-11-27 21:56:28,172 [INFO] [开始读取数据库表：sales_data]
2025-11-27 21:56:34,026 [INFO] [成功读取表 sales_data，数据行数：26406]
2025-11-27 21:56:36,011 [INFO] [开始读取数据库表：jingpin_data]
2025-11-27 21:56:36,672 [INFO] [成功读取表 jingpin_data，数据行数：4696]
2025-11-27 21:56:36,832 [INFO] [开始读取数据库表：inventory_data]
2025-11-27 21:56:37,388 [INFO] [成功读取表 inventory_data，数据行数：5994]
2025-11-27 21:56:37,389 [INFO] [开始读取数据库表：tuiding_data]
2025-11-27 21:56:37,545 [INFO] [成功读取表 tuiding_data，数据行数：4349]
2025-11-27 21:56:37,546 [INFO] [开始读取数据库表：debit_data]
2025-11-27 21:56:39,255 [INFO] [成功读取表 debit_data，数据行数：25879]
2025-11-27 21:56:39,619 [INFO] [开始读取数据库表：sales_invoice_data]
2025-11-27 21:56:40,817 [INFO] [成功读取表 sales_invoice_data，数据行数：19072]
2025-11-27 22:26:23,891 [INFO] [数据库引擎创建成功]
2025-11-27 22:26:23,891 [INFO] [开始读取数据库表：order_data]
2025-11-27 22:26:25,041 [INFO] [成功读取表 order_data，数据行数：24168]
2025-11-27 22:26:25,346 [INFO] [开始读取数据库表：sales_data]
2025-11-27 22:26:31,064 [INFO] [成功读取表 sales_data，数据行数：26406]
2025-11-27 22:26:32,846 [INFO] [开始读取数据库表：jingpin_data]
2025-11-27 22:26:33,076 [INFO] [成功读取表 jingpin_data，数据行数：4696]
2025-11-27 22:26:33,135 [INFO] [开始读取数据库表：inventory_data]
2025-11-27 22:26:33,619 [INFO] [成功读取表 inventory_data，数据行数：5994]
2025-11-27 22:26:33,619 [INFO] [开始读取数据库表：tuiding_data]
2025-11-27 22:26:33,815 [INFO] [成功读取表 tuiding_data，数据行数：4349]
2025-11-27 22:26:33,815 [INFO] [开始读取数据库表：debit_data]
2025-11-27 22:26:35,743 [INFO] [成功读取表 debit_data，数据行数：25879]
2025-11-27 22:26:36,095 [INFO] [开始读取数据库表：sales_invoice_data]
2025-11-27 22:26:37,281 [INFO] [成功读取表 sales_invoice_data，数据行数：19072]
2025-11-27 22:56:24,336 [INFO] [数据库引擎创建成功]
2025-11-27 22:56:24,336 [INFO] [开始读取数据库表：order_data]
2025-11-27 22:56:25,646 [INFO] [成功读取表 order_data，数据行数：24168]
2025-11-27 22:56:25,934 [INFO] [开始读取数据库表：sales_data]
2025-11-27 22:56:31,728 [INFO] [成功读取表 sales_data，数据行数：26406]
2025-11-27 22:56:33,584 [INFO] [开始读取数据库表：jingpin_data]
2025-11-27 22:56:33,865 [INFO] [成功读取表 jingpin_data，数据行数：4696]
2025-11-27 22:56:33,934 [INFO] [开始读取数据库表：inventory_data]
2025-11-27 22:56:34,476 [INFO] [成功读取表 inventory_data，数据行数：6036]
2025-11-27 22:56:34,476 [INFO] [开始读取数据库表：tuiding_data]
2025-11-27 22:56:34,699 [INFO] [成功读取表 tuiding_data，数据行数：4349]
2025-11-27 22:56:34,699 [INFO] [开始读取数据库表：debit_data]
2025-11-27 22:56:36,692 [INFO] [成功读取表 debit_data，数据行数：25910]
2025-11-27 22:56:37,040 [INFO] [开始读取数据库表：sales_invoice_data]
2025-11-27 22:56:38,312 [INFO] [成功读取表 sales_invoice_data，数据行数：19072]
2025-11-27 23:26:23,081 [INFO] [数据库引擎创建成功]
2025-11-27 23:26:23,082 [INFO] [开始读取数据库表：order_data]
2025-11-27 23:26:25,315 [INFO] [成功读取表 order_data，数据行数：24175]
2025-11-27 23:26:25,521 [INFO] [开始读取数据库表：sales_data]
2025-11-27 23:26:31,018 [INFO] [成功读取表 sales_data，数据行数：26406]
2025-11-27 23:26:32,866 [INFO] [开始读取数据库表：jingpin_data]
2025-11-27 23:26:33,124 [INFO] [成功读取表 jingpin_data，数据行数：4696]
2025-11-27 23:26:33,197 [INFO] [开始读取数据库表：inventory_data]
2025-11-27 23:26:33,727 [INFO] [成功读取表 inventory_data，数据行数：6218]
2025-11-27 23:26:33,727 [INFO] [开始读取数据库表：tuiding_data]
2025-11-27 23:26:33,924 [INFO] [成功读取表 tuiding_data，数据行数：4349]
2025-11-27 23:26:33,925 [INFO] [开始读取数据库表：debit_data]
2025-11-27 23:26:35,841 [INFO] [成功读取表 debit_data，数据行数：26087]
2025-11-27 23:26:36,181 [INFO] [开始读取数据库表：sales_invoice_data]
2025-11-27 23:26:37,384 [INFO] [成功读取表 sales_invoice_data，数据行数：19072]
2025-11-27 23:56:31,244 [INFO] [数据库引擎创建成功]
2025-11-27 23:56:31,244 [INFO] [开始读取数据库表：order_data]
2025-11-27 23:56:32,915 [INFO] [成功读取表 order_data，数据行数：24175]
2025-11-27 23:56:33,233 [INFO] [开始读取数据库表：sales_data]
2025-11-27 23:56:39,185 [INFO] [成功读取表 sales_data，数据行数：26406]
2025-11-27 23:56:42,291 [INFO] [开始读取数据库表：jingpin_data]
2025-11-27 23:56:42,529 [INFO] [成功读取表 jingpin_data，数据行数：4696]
2025-11-27 23:56:42,587 [INFO] [开始读取数据库表：inventory_data]
2025-11-27 23:56:43,100 [INFO] [成功读取表 inventory_data，数据行数：6218]
2025-11-27 23:56:43,100 [INFO] [开始读取数据库表：tuiding_data]
2025-11-27 23:56:43,301 [INFO] [成功读取表 tuiding_data，数据行数：4349]
2025-11-27 23:56:43,302 [INFO] [开始读取数据库表：debit_data]
2025-11-27 23:56:45,152 [INFO] [成功读取表 debit_data，数据行数：26088]
2025-11-27 23:56:45,488 [INFO] [开始读取数据库表：sales_invoice_data]
2025-11-27 23:56:46,682 [INFO] [成功读取表 sales_invoice_data，数据行数：19072]
