2025-10-19 00:27:27,361 [INFO] [数据库引擎创建成功]
2025-10-19 00:27:27,361 [INFO] [开始读取数据库表：order_data]
2025-10-19 00:27:27,717 [INFO] [成功读取表 order_data，数据行数：18604]
2025-10-19 00:27:27,841 [INFO] [开始读取数据库表：sales_data]
2025-10-19 00:27:30,401 [INFO] [成功读取表 sales_data，数据行数：22329]
2025-10-19 00:27:32,342 [INFO] [开始读取数据库表：jingpin_data]
2025-10-19 00:27:32,562 [INFO] [成功读取表 jingpin_data，数据行数：4353]
2025-10-19 00:27:32,626 [INFO] [开始读取数据库表：inventory_data]
2025-10-19 00:27:33,267 [INFO] [成功读取表 inventory_data，数据行数：7137]
2025-10-19 00:27:33,268 [INFO] [开始读取数据库表：tuiding_data]
2025-10-19 00:27:33,433 [INFO] [成功读取表 tuiding_data，数据行数：3220]
2025-10-19 00:27:33,433 [INFO] [开始读取数据库表：debit_data]
2025-10-19 00:27:34,580 [INFO] [成功读取表 debit_data，数据行数：15616]
2025-10-19 00:27:34,963 [INFO] [开始读取数据库表：sales_invoice_data]
2025-10-19 00:27:36,044 [INFO] [成功读取表 sales_invoice_data，数据行数：16506]
2025-10-19 00:57:45,717 [INFO] [数据库引擎创建成功]
2025-10-19 00:57:45,717 [INFO] [开始读取数据库表：order_data]
2025-10-19 00:57:46,084 [INFO] [成功读取表 order_data，数据行数：18604]
2025-10-19 00:57:46,203 [INFO] [开始读取数据库表：sales_data]
2025-10-19 00:57:48,393 [INFO] [成功读取表 sales_data，数据行数：22329]
2025-10-19 00:57:50,298 [INFO] [开始读取数据库表：jingpin_data]
2025-10-19 00:57:50,508 [INFO] [成功读取表 jingpin_data，数据行数：4353]
2025-10-19 00:57:50,570 [INFO] [开始读取数据库表：inventory_data]
2025-10-19 00:57:51,182 [INFO] [成功读取表 inventory_data，数据行数：7137]
2025-10-19 00:57:51,182 [INFO] [开始读取数据库表：tuiding_data]
2025-10-19 00:57:51,335 [INFO] [成功读取表 tuiding_data，数据行数：3220]
2025-10-19 00:57:51,336 [INFO] [开始读取数据库表：debit_data]
2025-10-19 00:57:52,450 [INFO] [成功读取表 debit_data，数据行数：15616]
2025-10-19 00:57:52,804 [INFO] [开始读取数据库表：sales_invoice_data]
2025-10-19 00:57:53,848 [INFO] [成功读取表 sales_invoice_data，数据行数：16506]
2025-10-19 01:27:55,373 [INFO] [数据库引擎创建成功]
2025-10-19 01:27:55,373 [INFO] [开始读取数据库表：order_data]
2025-10-19 01:27:55,731 [INFO] [成功读取表 order_data，数据行数：18604]
2025-10-19 01:27:55,854 [INFO] [开始读取数据库表：sales_data]
2025-10-19 01:27:58,479 [INFO] [成功读取表 sales_data，数据行数：22329]
2025-10-19 01:28:00,414 [INFO] [开始读取数据库表：jingpin_data]
2025-10-19 01:28:00,638 [INFO] [成功读取表 jingpin_data，数据行数：4353]
2025-10-19 01:28:00,700 [INFO] [开始读取数据库表：inventory_data]
2025-10-19 01:28:01,350 [INFO] [成功读取表 inventory_data，数据行数：7137]
2025-10-19 01:28:01,350 [INFO] [开始读取数据库表：tuiding_data]
2025-10-19 01:28:01,511 [INFO] [成功读取表 tuiding_data，数据行数：3220]
2025-10-19 01:28:01,511 [INFO] [开始读取数据库表：debit_data]
2025-10-19 01:28:02,625 [INFO] [成功读取表 debit_data，数据行数：15616]
2025-10-19 01:28:03,006 [INFO] [开始读取数据库表：sales_invoice_data]
2025-10-19 01:28:04,075 [INFO] [成功读取表 sales_invoice_data，数据行数：16506]
2025-10-19 01:57:45,927 [INFO] [数据库引擎创建成功]
2025-10-19 01:57:45,927 [INFO] [开始读取数据库表：order_data]
2025-10-19 01:57:46,300 [INFO] [成功读取表 order_data，数据行数：18604]
2025-10-19 01:57:46,437 [INFO] [开始读取数据库表：sales_data]
2025-10-19 01:57:49,167 [INFO] [成功读取表 sales_data，数据行数：22329]
2025-10-19 01:57:51,053 [INFO] [开始读取数据库表：jingpin_data]
2025-10-19 01:57:51,269 [INFO] [成功读取表 jingpin_data，数据行数：4353]
2025-10-19 01:57:51,344 [INFO] [开始读取数据库表：inventory_data]
2025-10-19 01:57:51,980 [INFO] [成功读取表 inventory_data，数据行数：7137]
2025-10-19 01:57:51,980 [INFO] [开始读取数据库表：tuiding_data]
2025-10-19 01:57:52,136 [INFO] [成功读取表 tuiding_data，数据行数：3220]
2025-10-19 01:57:52,136 [INFO] [开始读取数据库表：debit_data]
2025-10-19 01:57:53,217 [INFO] [成功读取表 debit_data，数据行数：15616]
2025-10-19 01:57:53,589 [INFO] [开始读取数据库表：sales_invoice_data]
2025-10-19 01:57:54,625 [INFO] [成功读取表 sales_invoice_data，数据行数：16506]
2025-10-19 02:27:28,376 [INFO] [数据库引擎创建成功]
2025-10-19 02:27:28,376 [INFO] [开始读取数据库表：order_data]
2025-10-19 02:27:28,748 [INFO] [成功读取表 order_data，数据行数：18604]
2025-10-19 02:27:28,877 [INFO] [开始读取数据库表：sales_data]
2025-10-19 02:27:31,066 [INFO] [成功读取表 sales_data，数据行数：22329]
2025-10-19 02:27:33,066 [INFO] [开始读取数据库表：jingpin_data]
2025-10-19 02:27:33,281 [INFO] [成功读取表 jingpin_data，数据行数：4353]
2025-10-19 02:27:33,349 [INFO] [开始读取数据库表：inventory_data]
2025-10-19 02:27:34,026 [INFO] [成功读取表 inventory_data，数据行数：7137]
2025-10-19 02:27:34,026 [INFO] [开始读取数据库表：tuiding_data]
2025-10-19 02:27:34,190 [INFO] [成功读取表 tuiding_data，数据行数：3220]
2025-10-19 02:27:34,190 [INFO] [开始读取数据库表：debit_data]
2025-10-19 02:27:35,330 [INFO] [成功读取表 debit_data，数据行数：15616]
2025-10-19 02:27:35,723 [INFO] [开始读取数据库表：sales_invoice_data]
2025-10-19 02:27:36,800 [INFO] [成功读取表 sales_invoice_data，数据行数：16506]
2025-10-19 02:57:28,637 [INFO] [数据库引擎创建成功]
2025-10-19 02:57:28,637 [INFO] [开始读取数据库表：order_data]
2025-10-19 02:57:28,986 [INFO] [成功读取表 order_data，数据行数：18604]
2025-10-19 02:57:29,101 [INFO] [开始读取数据库表：sales_data]
2025-10-19 02:57:31,379 [INFO] [成功读取表 sales_data，数据行数：22329]
2025-10-19 02:57:33,323 [INFO] [开始读取数据库表：jingpin_data]
2025-10-19 02:57:33,549 [INFO] [成功读取表 jingpin_data，数据行数：4353]
2025-10-19 02:57:33,615 [INFO] [开始读取数据库表：inventory_data]
2025-10-19 02:57:34,286 [INFO] [成功读取表 inventory_data，数据行数：7137]
2025-10-19 02:57:34,286 [INFO] [开始读取数据库表：tuiding_data]
2025-10-19 02:57:34,440 [INFO] [成功读取表 tuiding_data，数据行数：3220]
2025-10-19 02:57:34,440 [INFO] [开始读取数据库表：debit_data]
2025-10-19 02:57:35,594 [INFO] [成功读取表 debit_data，数据行数：15616]
2025-10-19 02:57:35,965 [INFO] [开始读取数据库表：sales_invoice_data]
2025-10-19 02:57:36,983 [INFO] [成功读取表 sales_invoice_data，数据行数：16506]
2025-10-19 03:27:31,607 [INFO] [数据库引擎创建成功]
2025-10-19 03:27:31,607 [INFO] [开始读取数据库表：order_data]
2025-10-19 03:27:31,969 [INFO] [成功读取表 order_data，数据行数：18604]
2025-10-19 03:27:32,090 [INFO] [开始读取数据库表：sales_data]
2025-10-19 03:27:34,616 [INFO] [成功读取表 sales_data，数据行数：22329]
2025-10-19 03:27:36,437 [INFO] [开始读取数据库表：jingpin_data]
2025-10-19 03:27:36,576 [INFO] [成功读取表 jingpin_data，数据行数：4353]
2025-10-19 03:27:36,629 [INFO] [开始读取数据库表：inventory_data]
2025-10-19 03:27:37,263 [INFO] [成功读取表 inventory_data，数据行数：7455]
2025-10-19 03:27:37,263 [INFO] [开始读取数据库表：tuiding_data]
2025-10-19 03:27:37,422 [INFO] [成功读取表 tuiding_data，数据行数：3220]
2025-10-19 03:27:37,422 [INFO] [开始读取数据库表：debit_data]
2025-10-19 03:27:38,562 [INFO] [成功读取表 debit_data，数据行数：15787]
2025-10-19 03:27:38,946 [INFO] [开始读取数据库表：sales_invoice_data]
2025-10-19 03:27:39,964 [INFO] [成功读取表 sales_invoice_data，数据行数：16506]
2025-10-19 03:57:33,389 [INFO] [数据库引擎创建成功]
2025-10-19 03:57:33,389 [INFO] [开始读取数据库表：order_data]
2025-10-19 03:57:33,774 [INFO] [成功读取表 order_data，数据行数：18604]
2025-10-19 03:57:33,907 [INFO] [开始读取数据库表：sales_data]
2025-10-19 03:57:36,320 [INFO] [成功读取表 sales_data，数据行数：22329]
2025-10-19 03:57:38,289 [INFO] [开始读取数据库表：jingpin_data]
2025-10-19 03:57:38,502 [INFO] [成功读取表 jingpin_data，数据行数：4353]
2025-10-19 03:57:38,566 [INFO] [开始读取数据库表：inventory_data]
2025-10-19 03:57:39,251 [INFO] [成功读取表 inventory_data，数据行数：7457]
2025-10-19 03:57:39,251 [INFO] [开始读取数据库表：tuiding_data]
2025-10-19 03:57:39,418 [INFO] [成功读取表 tuiding_data，数据行数：3220]
2025-10-19 03:57:39,418 [INFO] [开始读取数据库表：debit_data]
2025-10-19 03:57:40,585 [INFO] [成功读取表 debit_data，数据行数：15788]
2025-10-19 03:57:40,967 [INFO] [开始读取数据库表：sales_invoice_data]
2025-10-19 03:57:42,059 [INFO] [成功读取表 sales_invoice_data，数据行数：16506]
2025-10-19 04:27:49,058 [INFO] [数据库引擎创建成功]
2025-10-19 04:27:49,058 [INFO] [开始读取数据库表：order_data]
2025-10-19 04:27:49,436 [INFO] [成功读取表 order_data，数据行数：18604]
2025-10-19 04:27:49,575 [INFO] [开始读取数据库表：sales_data]
2025-10-19 04:27:52,147 [INFO] [成功读取表 sales_data，数据行数：22329]
2025-10-19 04:27:54,089 [INFO] [开始读取数据库表：jingpin_data]
2025-10-19 04:27:54,309 [INFO] [成功读取表 jingpin_data，数据行数：4353]
2025-10-19 04:27:54,390 [INFO] [开始读取数据库表：inventory_data]
2025-10-19 04:27:55,064 [INFO] [成功读取表 inventory_data，数据行数：7457]
2025-10-19 04:27:55,064 [INFO] [开始读取数据库表：tuiding_data]
2025-10-19 04:27:55,228 [INFO] [成功读取表 tuiding_data，数据行数：3220]
2025-10-19 04:27:55,229 [INFO] [开始读取数据库表：debit_data]
2025-10-19 04:27:56,391 [INFO] [成功读取表 debit_data，数据行数：15788]
2025-10-19 04:27:56,787 [INFO] [开始读取数据库表：sales_invoice_data]
2025-10-19 04:27:57,874 [INFO] [成功读取表 sales_invoice_data，数据行数：16506]
2025-10-19 04:57:46,024 [INFO] [数据库引擎创建成功]
2025-10-19 04:57:46,024 [INFO] [开始读取数据库表：order_data]
2025-10-19 04:57:46,368 [INFO] [成功读取表 order_data，数据行数：18604]
2025-10-19 04:57:46,491 [INFO] [开始读取数据库表：sales_data]
2025-10-19 04:57:48,961 [INFO] [成功读取表 sales_data，数据行数：22329]
2025-10-19 04:57:50,894 [INFO] [开始读取数据库表：jingpin_data]
2025-10-19 04:57:51,102 [INFO] [成功读取表 jingpin_data，数据行数：4353]
2025-10-19 04:57:51,160 [INFO] [开始读取数据库表：inventory_data]
2025-10-19 04:57:51,813 [INFO] [成功读取表 inventory_data，数据行数：7489]
2025-10-19 04:57:51,813 [INFO] [开始读取数据库表：tuiding_data]
2025-10-19 04:57:51,973 [INFO] [成功读取表 tuiding_data，数据行数：3220]
2025-10-19 04:57:51,974 [INFO] [开始读取数据库表：debit_data]
2025-10-19 04:57:53,099 [INFO] [成功读取表 debit_data，数据行数：15809]
2025-10-19 04:57:53,467 [INFO] [开始读取数据库表：sales_invoice_data]
2025-10-19 04:57:54,525 [INFO] [成功读取表 sales_invoice_data，数据行数：16506]
2025-10-19 05:27:29,701 [INFO] [数据库引擎创建成功]
2025-10-19 05:27:29,701 [INFO] [开始读取数据库表：order_data]
2025-10-19 05:27:30,062 [INFO] [成功读取表 order_data，数据行数：18604]
2025-10-19 05:27:30,188 [INFO] [开始读取数据库表：sales_data]
2025-10-19 05:27:32,661 [INFO] [成功读取表 sales_data，数据行数：22329]
2025-10-19 05:27:34,604 [INFO] [开始读取数据库表：jingpin_data]
2025-10-19 05:27:34,818 [INFO] [成功读取表 jingpin_data，数据行数：4353]
2025-10-19 05:27:34,888 [INFO] [开始读取数据库表：inventory_data]
2025-10-19 05:27:35,571 [INFO] [成功读取表 inventory_data，数据行数：7489]
2025-10-19 05:27:35,571 [INFO] [开始读取数据库表：tuiding_data]
2025-10-19 05:27:35,729 [INFO] [成功读取表 tuiding_data，数据行数：3220]
2025-10-19 05:27:35,729 [INFO] [开始读取数据库表：debit_data]
2025-10-19 05:27:36,915 [INFO] [成功读取表 debit_data，数据行数：15809]
2025-10-19 05:27:37,301 [INFO] [开始读取数据库表：sales_invoice_data]
2025-10-19 05:27:38,385 [INFO] [成功读取表 sales_invoice_data，数据行数：16506]
2025-10-19 05:57:47,201 [INFO] [数据库引擎创建成功]
2025-10-19 05:57:47,201 [INFO] [开始读取数据库表：order_data]
2025-10-19 05:57:47,599 [INFO] [成功读取表 order_data，数据行数：18604]
2025-10-19 05:57:47,738 [INFO] [开始读取数据库表：sales_data]
2025-10-19 05:57:50,425 [INFO] [成功读取表 sales_data，数据行数：22329]
2025-10-19 05:57:52,361 [INFO] [开始读取数据库表：jingpin_data]
2025-10-19 05:57:52,583 [INFO] [成功读取表 jingpin_data，数据行数：4353]
2025-10-19 05:57:52,652 [INFO] [开始读取数据库表：inventory_data]
2025-10-19 05:57:53,330 [INFO] [成功读取表 inventory_data，数据行数：7489]
2025-10-19 05:57:53,330 [INFO] [开始读取数据库表：tuiding_data]
2025-10-19 05:57:53,481 [INFO] [成功读取表 tuiding_data，数据行数：3220]
2025-10-19 05:57:53,481 [INFO] [开始读取数据库表：debit_data]
2025-10-19 05:57:54,614 [INFO] [成功读取表 debit_data，数据行数：15809]
2025-10-19 05:57:54,975 [INFO] [开始读取数据库表：sales_invoice_data]
2025-10-19 05:57:56,010 [INFO] [成功读取表 sales_invoice_data，数据行数：16506]
2025-10-19 06:27:27,015 [INFO] [数据库引擎创建成功]
2025-10-19 06:27:27,015 [INFO] [开始读取数据库表：order_data]
2025-10-19 06:27:27,351 [INFO] [成功读取表 order_data，数据行数：18604]
2025-10-19 06:27:27,474 [INFO] [开始读取数据库表：sales_data]
2025-10-19 06:27:30,009 [INFO] [成功读取表 sales_data，数据行数：22329]
2025-10-19 06:27:31,991 [INFO] [开始读取数据库表：jingpin_data]
2025-10-19 06:27:32,211 [INFO] [成功读取表 jingpin_data，数据行数：4353]
2025-10-19 06:27:32,275 [INFO] [开始读取数据库表：inventory_data]
2025-10-19 06:27:32,983 [INFO] [成功读取表 inventory_data，数据行数：7489]
2025-10-19 06:27:32,983 [INFO] [开始读取数据库表：tuiding_data]
2025-10-19 06:27:33,140 [INFO] [成功读取表 tuiding_data，数据行数：3220]
2025-10-19 06:27:33,140 [INFO] [开始读取数据库表：debit_data]
2025-10-19 06:27:34,316 [INFO] [成功读取表 debit_data，数据行数：15809]
2025-10-19 06:27:34,690 [INFO] [开始读取数据库表：sales_invoice_data]
2025-10-19 06:27:35,757 [INFO] [成功读取表 sales_invoice_data，数据行数：16506]
2025-10-19 06:57:41,939 [INFO] [数据库引擎创建成功]
2025-10-19 06:57:41,939 [INFO] [开始读取数据库表：order_data]
2025-10-19 06:57:42,331 [INFO] [成功读取表 order_data，数据行数：18604]
2025-10-19 06:57:42,472 [INFO] [开始读取数据库表：sales_data]
2025-10-19 06:57:45,195 [INFO] [成功读取表 sales_data，数据行数：22329]
2025-10-19 06:57:47,140 [INFO] [开始读取数据库表：jingpin_data]
2025-10-19 06:57:47,341 [INFO] [成功读取表 jingpin_data，数据行数：4353]
2025-10-19 06:57:47,402 [INFO] [开始读取数据库表：inventory_data]
2025-10-19 06:57:48,060 [INFO] [成功读取表 inventory_data，数据行数：7489]
2025-10-19 06:57:48,060 [INFO] [开始读取数据库表：tuiding_data]
2025-10-19 06:57:48,203 [INFO] [成功读取表 tuiding_data，数据行数：3220]
2025-10-19 06:57:48,203 [INFO] [开始读取数据库表：debit_data]
2025-10-19 06:57:49,308 [INFO] [成功读取表 debit_data，数据行数：15809]
2025-10-19 06:57:49,687 [INFO] [开始读取数据库表：sales_invoice_data]
2025-10-19 06:57:50,734 [INFO] [成功读取表 sales_invoice_data，数据行数：16506]
2025-10-19 07:27:27,633 [INFO] [数据库引擎创建成功]
2025-10-19 07:27:27,633 [INFO] [开始读取数据库表：order_data]
2025-10-19 07:27:27,980 [INFO] [成功读取表 order_data，数据行数：18604]
2025-10-19 07:27:28,105 [INFO] [开始读取数据库表：sales_data]
2025-10-19 07:27:30,448 [INFO] [成功读取表 sales_data，数据行数：22329]
2025-10-19 07:27:32,423 [INFO] [开始读取数据库表：jingpin_data]
2025-10-19 07:27:32,632 [INFO] [成功读取表 jingpin_data，数据行数：4353]
2025-10-19 07:27:32,700 [INFO] [开始读取数据库表：inventory_data]
2025-10-19 07:27:33,388 [INFO] [成功读取表 inventory_data，数据行数：7489]
2025-10-19 07:27:33,389 [INFO] [开始读取数据库表：tuiding_data]
2025-10-19 07:27:33,545 [INFO] [成功读取表 tuiding_data，数据行数：3220]
2025-10-19 07:27:33,545 [INFO] [开始读取数据库表：debit_data]
2025-10-19 07:27:34,680 [INFO] [成功读取表 debit_data，数据行数：15809]
2025-10-19 07:27:35,062 [INFO] [开始读取数据库表：sales_invoice_data]
2025-10-19 07:27:36,149 [INFO] [成功读取表 sales_invoice_data，数据行数：16506]
2025-10-19 07:57:46,991 [INFO] [数据库引擎创建成功]
2025-10-19 07:57:46,991 [INFO] [开始读取数据库表：order_data]
2025-10-19 07:57:47,375 [INFO] [成功读取表 order_data，数据行数：18604]
2025-10-19 07:57:47,505 [INFO] [开始读取数据库表：sales_data]
2025-10-19 07:57:50,257 [INFO] [成功读取表 sales_data，数据行数：22329]
2025-10-19 07:57:52,156 [INFO] [开始读取数据库表：jingpin_data]
2025-10-19 07:57:52,361 [INFO] [成功读取表 jingpin_data，数据行数：4353]
2025-10-19 07:57:52,427 [INFO] [开始读取数据库表：inventory_data]
2025-10-19 07:57:53,095 [INFO] [成功读取表 inventory_data，数据行数：7489]
2025-10-19 07:57:53,095 [INFO] [开始读取数据库表：tuiding_data]
2025-10-19 07:57:53,241 [INFO] [成功读取表 tuiding_data，数据行数：3220]
2025-10-19 07:57:53,242 [INFO] [开始读取数据库表：debit_data]
2025-10-19 07:57:54,370 [INFO] [成功读取表 debit_data，数据行数：15809]
2025-10-19 07:57:54,760 [INFO] [开始读取数据库表：sales_invoice_data]
2025-10-19 07:57:55,794 [INFO] [成功读取表 sales_invoice_data，数据行数：16506]
2025-10-19 08:27:52,503 [INFO] [数据库引擎创建成功]
2025-10-19 08:27:52,513 [INFO] [开始读取数据库表：order_data]
2025-10-19 08:27:52,886 [INFO] [成功读取表 order_data，数据行数：18604]
2025-10-19 08:27:53,029 [INFO] [开始读取数据库表：sales_data]
2025-10-19 08:27:55,993 [INFO] [成功读取表 sales_data，数据行数：22329]
2025-10-19 08:27:57,969 [INFO] [开始读取数据库表：jingpin_data]
2025-10-19 08:27:58,182 [INFO] [成功读取表 jingpin_data，数据行数：4353]
2025-10-19 08:27:58,251 [INFO] [开始读取数据库表：inventory_data]
2025-10-19 08:27:58,909 [INFO] [成功读取表 inventory_data，数据行数：7489]
2025-10-19 08:27:58,910 [INFO] [开始读取数据库表：tuiding_data]
2025-10-19 08:27:59,062 [INFO] [成功读取表 tuiding_data，数据行数：3220]
2025-10-19 08:27:59,062 [INFO] [开始读取数据库表：debit_data]
2025-10-19 08:28:00,231 [INFO] [成功读取表 debit_data，数据行数：15809]
2025-10-19 08:28:00,631 [INFO] [开始读取数据库表：sales_invoice_data]
2025-10-19 08:28:01,714 [INFO] [成功读取表 sales_invoice_data，数据行数：16506]
2025-10-19 08:57:47,972 [INFO] [数据库引擎创建成功]
2025-10-19 08:57:47,972 [INFO] [开始读取数据库表：order_data]
2025-10-19 08:57:48,340 [INFO] [成功读取表 order_data，数据行数：18604]
2025-10-19 08:57:48,470 [INFO] [开始读取数据库表：sales_data]
2025-10-19 08:57:50,832 [INFO] [成功读取表 sales_data，数据行数：22329]
2025-10-19 08:57:52,749 [INFO] [开始读取数据库表：jingpin_data]
2025-10-19 08:57:52,952 [INFO] [成功读取表 jingpin_data，数据行数：4353]
2025-10-19 08:57:53,012 [INFO] [开始读取数据库表：inventory_data]
2025-10-19 08:57:53,660 [INFO] [成功读取表 inventory_data，数据行数：7489]
2025-10-19 08:57:53,660 [INFO] [开始读取数据库表：tuiding_data]
2025-10-19 08:57:53,819 [INFO] [成功读取表 tuiding_data，数据行数：3220]
2025-10-19 08:57:53,820 [INFO] [开始读取数据库表：debit_data]
2025-10-19 08:57:54,977 [INFO] [成功读取表 debit_data，数据行数：15809]
2025-10-19 08:57:55,343 [INFO] [开始读取数据库表：sales_invoice_data]
2025-10-19 08:57:56,406 [INFO] [成功读取表 sales_invoice_data，数据行数：16507]
2025-10-19 09:28:06,930 [INFO] [数据库引擎创建成功]
2025-10-19 09:28:06,930 [INFO] [开始读取数据库表：order_data]
2025-10-19 09:28:07,292 [INFO] [成功读取表 order_data，数据行数：18605]
2025-10-19 09:28:07,422 [INFO] [开始读取数据库表：sales_data]
2025-10-19 09:28:10,027 [INFO] [成功读取表 sales_data，数据行数：22329]
2025-10-19 09:28:11,990 [INFO] [开始读取数据库表：jingpin_data]
2025-10-19 09:28:12,198 [INFO] [成功读取表 jingpin_data，数据行数：4353]
2025-10-19 09:28:12,262 [INFO] [开始读取数据库表：inventory_data]
2025-10-19 09:28:12,947 [INFO] [成功读取表 inventory_data，数据行数：7489]
2025-10-19 09:28:12,947 [INFO] [开始读取数据库表：tuiding_data]
2025-10-19 09:28:13,111 [INFO] [成功读取表 tuiding_data，数据行数：3220]
2025-10-19 09:28:13,111 [INFO] [开始读取数据库表：debit_data]
2025-10-19 09:28:14,258 [INFO] [成功读取表 debit_data，数据行数：15809]
2025-10-19 09:28:14,645 [INFO] [开始读取数据库表：sales_invoice_data]
2025-10-19 09:28:15,768 [INFO] [成功读取表 sales_invoice_data，数据行数：16509]
2025-10-19 09:57:36,713 [INFO] [数据库引擎创建成功]
2025-10-19 09:57:36,713 [INFO] [开始读取数据库表：order_data]
2025-10-19 09:57:37,093 [INFO] [成功读取表 order_data，数据行数：18609]
2025-10-19 09:57:37,211 [INFO] [开始读取数据库表：sales_data]
2025-10-19 09:57:39,712 [INFO] [成功读取表 sales_data，数据行数：22329]
2025-10-19 09:57:41,668 [INFO] [开始读取数据库表：jingpin_data]
2025-10-19 09:57:41,892 [INFO] [成功读取表 jingpin_data，数据行数：4353]
2025-10-19 09:57:41,955 [INFO] [开始读取数据库表：inventory_data]
2025-10-19 09:57:42,625 [INFO] [成功读取表 inventory_data，数据行数：7489]
2025-10-19 09:57:42,626 [INFO] [开始读取数据库表：tuiding_data]
2025-10-19 09:57:42,772 [INFO] [成功读取表 tuiding_data，数据行数：3220]
2025-10-19 09:57:42,772 [INFO] [开始读取数据库表：debit_data]
2025-10-19 09:57:43,878 [INFO] [成功读取表 debit_data，数据行数：15809]
2025-10-19 09:57:44,234 [INFO] [开始读取数据库表：sales_invoice_data]
2025-10-19 09:57:45,132 [INFO] [成功读取表 sales_invoice_data，数据行数：16518]
2025-10-19 10:27:53,239 [INFO] [数据库引擎创建成功]
2025-10-19 10:27:53,239 [INFO] [开始读取数据库表：order_data]
2025-10-19 10:27:53,585 [INFO] [成功读取表 order_data，数据行数：18609]
2025-10-19 10:27:53,706 [INFO] [开始读取数据库表：sales_data]
2025-10-19 10:27:55,775 [INFO] [成功读取表 sales_data，数据行数：22329]
2025-10-19 10:27:57,771 [INFO] [开始读取数据库表：jingpin_data]
2025-10-19 10:27:57,996 [INFO] [成功读取表 jingpin_data，数据行数：4353]
2025-10-19 10:27:58,056 [INFO] [开始读取数据库表：inventory_data]
2025-10-19 10:27:58,734 [INFO] [成功读取表 inventory_data，数据行数：7490]
2025-10-19 10:27:58,734 [INFO] [开始读取数据库表：tuiding_data]
2025-10-19 10:27:58,903 [INFO] [成功读取表 tuiding_data，数据行数：3220]
2025-10-19 10:27:58,904 [INFO] [开始读取数据库表：debit_data]
2025-10-19 10:28:00,085 [INFO] [成功读取表 debit_data，数据行数：15810]
2025-10-19 10:28:00,474 [INFO] [开始读取数据库表：sales_invoice_data]
2025-10-19 10:28:01,565 [INFO] [成功读取表 sales_invoice_data，数据行数：16520]
2025-10-19 10:58:05,150 [INFO] [数据库引擎创建成功]
2025-10-19 10:58:05,150 [INFO] [开始读取数据库表：order_data]
2025-10-19 10:58:05,494 [INFO] [成功读取表 order_data，数据行数：18609]
2025-10-19 10:58:05,629 [INFO] [开始读取数据库表：sales_data]
2025-10-19 10:58:08,198 [INFO] [成功读取表 sales_data，数据行数：22332]
2025-10-19 10:58:10,178 [INFO] [开始读取数据库表：jingpin_data]
2025-10-19 10:58:10,377 [INFO] [成功读取表 jingpin_data，数据行数：4354]
2025-10-19 10:58:10,445 [INFO] [开始读取数据库表：inventory_data]
2025-10-19 10:58:11,133 [INFO] [成功读取表 inventory_data，数据行数：7491]
2025-10-19 10:58:11,133 [INFO] [开始读取数据库表：tuiding_data]
2025-10-19 10:58:11,292 [INFO] [成功读取表 tuiding_data，数据行数：3221]
2025-10-19 10:58:11,292 [INFO] [开始读取数据库表：debit_data]
2025-10-19 10:58:12,445 [INFO] [成功读取表 debit_data，数据行数：15812]
2025-10-19 10:58:12,828 [INFO] [开始读取数据库表：sales_invoice_data]
2025-10-19 10:58:13,905 [INFO] [成功读取表 sales_invoice_data，数据行数：16522]
2025-10-19 11:27:47,633 [INFO] [数据库引擎创建成功]
2025-10-19 11:27:47,633 [INFO] [开始读取数据库表：order_data]
2025-10-19 11:27:48,059 [INFO] [成功读取表 order_data，数据行数：18612]
2025-10-19 11:27:48,193 [INFO] [开始读取数据库表：sales_data]
2025-10-19 11:27:51,219 [INFO] [成功读取表 sales_data，数据行数：22332]
2025-10-19 11:27:53,189 [INFO] [开始读取数据库表：jingpin_data]
2025-10-19 11:27:53,391 [INFO] [成功读取表 jingpin_data，数据行数：4355]
2025-10-19 11:27:53,458 [INFO] [开始读取数据库表：inventory_data]
2025-10-19 11:27:54,126 [INFO] [成功读取表 inventory_data，数据行数：7493]
2025-10-19 11:27:54,126 [INFO] [开始读取数据库表：tuiding_data]
2025-10-19 11:27:54,287 [INFO] [成功读取表 tuiding_data，数据行数：3225]
2025-10-19 11:27:54,287 [INFO] [开始读取数据库表：debit_data]
2025-10-19 11:27:55,453 [INFO] [成功读取表 debit_data，数据行数：15812]
2025-10-19 11:27:55,815 [INFO] [开始读取数据库表：sales_invoice_data]
2025-10-19 11:27:56,965 [INFO] [成功读取表 sales_invoice_data，数据行数：16526]
2025-10-19 11:57:35,515 [INFO] [数据库引擎创建成功]
2025-10-19 11:57:35,515 [INFO] [开始读取数据库表：order_data]
2025-10-19 11:57:35,850 [INFO] [成功读取表 order_data，数据行数：18612]
2025-10-19 11:57:35,967 [INFO] [开始读取数据库表：sales_data]
2025-10-19 11:57:37,889 [INFO] [成功读取表 sales_data，数据行数：22334]
2025-10-19 11:57:39,849 [INFO] [开始读取数据库表：jingpin_data]
2025-10-19 11:57:40,073 [INFO] [成功读取表 jingpin_data，数据行数：4356]
2025-10-19 11:57:40,146 [INFO] [开始读取数据库表：inventory_data]
2025-10-19 11:57:40,837 [INFO] [成功读取表 inventory_data，数据行数：7493]
2025-10-19 11:57:40,837 [INFO] [开始读取数据库表：tuiding_data]
2025-10-19 11:57:40,997 [INFO] [成功读取表 tuiding_data，数据行数：3227]
2025-10-19 11:57:40,997 [INFO] [开始读取数据库表：debit_data]
2025-10-19 11:57:42,168 [INFO] [成功读取表 debit_data，数据行数：15812]
2025-10-19 11:57:42,554 [INFO] [开始读取数据库表：sales_invoice_data]
2025-10-19 11:57:43,610 [INFO] [成功读取表 sales_invoice_data，数据行数：16526]
2025-10-19 12:27:47,330 [INFO] [数据库引擎创建成功]
2025-10-19 12:27:47,331 [INFO] [开始读取数据库表：order_data]
2025-10-19 12:27:47,687 [INFO] [成功读取表 order_data，数据行数：18614]
2025-10-19 12:27:47,817 [INFO] [开始读取数据库表：sales_data]
2025-10-19 12:27:50,038 [INFO] [成功读取表 sales_data，数据行数：22338]
2025-10-19 12:27:52,047 [INFO] [开始读取数据库表：jingpin_data]
2025-10-19 12:27:52,295 [INFO] [成功读取表 jingpin_data，数据行数：4356]
2025-10-19 12:27:52,362 [INFO] [开始读取数据库表：inventory_data]
2025-10-19 12:27:53,048 [INFO] [成功读取表 inventory_data，数据行数：7560]
2025-10-19 12:27:53,049 [INFO] [开始读取数据库表：tuiding_data]
2025-10-19 12:27:53,215 [INFO] [成功读取表 tuiding_data，数据行数：3227]
2025-10-19 12:27:53,215 [INFO] [开始读取数据库表：debit_data]
2025-10-19 12:27:54,404 [INFO] [成功读取表 debit_data，数据行数：15849]
2025-10-19 12:27:54,804 [INFO] [开始读取数据库表：sales_invoice_data]
2025-10-19 12:27:55,924 [INFO] [成功读取表 sales_invoice_data，数据行数：16529]
2025-10-19 12:57:48,787 [INFO] [数据库引擎创建成功]
2025-10-19 12:57:48,787 [INFO] [开始读取数据库表：order_data]
2025-10-19 12:57:49,191 [INFO] [成功读取表 order_data，数据行数：18616]
2025-10-19 12:57:49,323 [INFO] [开始读取数据库表：sales_data]
2025-10-19 12:57:52,011 [INFO] [成功读取表 sales_data，数据行数：22339]
2025-10-19 12:57:53,958 [INFO] [开始读取数据库表：jingpin_data]
2025-10-19 12:57:54,156 [INFO] [成功读取表 jingpin_data，数据行数：4356]
2025-10-19 12:57:54,221 [INFO] [开始读取数据库表：inventory_data]
2025-10-19 12:57:54,920 [INFO] [成功读取表 inventory_data，数据行数：7560]
2025-10-19 12:57:54,921 [INFO] [开始读取数据库表：tuiding_data]
2025-10-19 12:57:55,085 [INFO] [成功读取表 tuiding_data，数据行数：3228]
2025-10-19 12:57:55,085 [INFO] [开始读取数据库表：debit_data]
2025-10-19 12:57:56,197 [INFO] [成功读取表 debit_data，数据行数：15849]
2025-10-19 12:57:56,557 [INFO] [开始读取数据库表：sales_invoice_data]
2025-10-19 12:57:57,598 [INFO] [成功读取表 sales_invoice_data，数据行数：16532]
2025-10-19 13:27:47,719 [INFO] [数据库引擎创建成功]
2025-10-19 13:27:47,720 [INFO] [开始读取数据库表：order_data]
2025-10-19 13:27:48,082 [INFO] [成功读取表 order_data，数据行数：18618]
2025-10-19 13:27:48,202 [INFO] [开始读取数据库表：sales_data]
2025-10-19 13:27:50,347 [INFO] [成功读取表 sales_data，数据行数：22341]
2025-10-19 13:27:52,341 [INFO] [开始读取数据库表：jingpin_data]
2025-10-19 13:27:52,567 [INFO] [成功读取表 jingpin_data，数据行数：4356]
2025-10-19 13:27:52,633 [INFO] [开始读取数据库表：inventory_data]
2025-10-19 13:27:53,320 [INFO] [成功读取表 inventory_data，数据行数：7561]
2025-10-19 13:27:53,320 [INFO] [开始读取数据库表：tuiding_data]
2025-10-19 13:27:53,481 [INFO] [成功读取表 tuiding_data，数据行数：3228]
2025-10-19 13:27:53,482 [INFO] [开始读取数据库表：debit_data]
2025-10-19 13:27:54,656 [INFO] [成功读取表 debit_data，数据行数：15849]
2025-10-19 13:27:55,038 [INFO] [开始读取数据库表：sales_invoice_data]
2025-10-19 13:27:56,132 [INFO] [成功读取表 sales_invoice_data，数据行数：16536]
2025-10-19 13:57:59,795 [INFO] [数据库引擎创建成功]
2025-10-19 13:57:59,795 [INFO] [开始读取数据库表：order_data]
2025-10-19 13:58:00,168 [INFO] [成功读取表 order_data，数据行数：18627]
2025-10-19 13:58:00,315 [INFO] [开始读取数据库表：sales_data]
2025-10-19 13:58:02,905 [INFO] [成功读取表 sales_data，数据行数：22344]
2025-10-19 13:58:04,848 [INFO] [开始读取数据库表：jingpin_data]
2025-10-19 13:58:05,062 [INFO] [成功读取表 jingpin_data，数据行数：4356]
2025-10-19 13:58:05,130 [INFO] [开始读取数据库表：inventory_data]
2025-10-19 13:58:05,800 [INFO] [成功读取表 inventory_data，数据行数：7565]
2025-10-19 13:58:05,800 [INFO] [开始读取数据库表：tuiding_data]
2025-10-19 13:58:05,954 [INFO] [成功读取表 tuiding_data，数据行数：3229]
2025-10-19 13:58:05,955 [INFO] [开始读取数据库表：debit_data]
2025-10-19 13:58:07,113 [INFO] [成功读取表 debit_data，数据行数：15853]
2025-10-19 13:58:07,494 [INFO] [开始读取数据库表：sales_invoice_data]
2025-10-19 13:58:08,556 [INFO] [成功读取表 sales_invoice_data，数据行数：16546]
2025-10-19 14:27:38,634 [INFO] [数据库引擎创建成功]
2025-10-19 14:27:38,634 [INFO] [开始读取数据库表：order_data]
2025-10-19 14:27:39,012 [INFO] [成功读取表 order_data，数据行数：18629]
2025-10-19 14:27:39,155 [INFO] [开始读取数据库表：sales_data]
2025-10-19 14:27:42,261 [INFO] [成功读取表 sales_data，数据行数：22348]
2025-10-19 14:27:44,310 [INFO] [开始读取数据库表：jingpin_data]
2025-10-19 14:27:44,523 [INFO] [成功读取表 jingpin_data，数据行数：4356]
2025-10-19 14:27:44,585 [INFO] [开始读取数据库表：inventory_data]
2025-10-19 14:27:45,273 [INFO] [成功读取表 inventory_data，数据行数：7565]
2025-10-19 14:27:45,274 [INFO] [开始读取数据库表：tuiding_data]
2025-10-19 14:27:45,432 [INFO] [成功读取表 tuiding_data，数据行数：3233]
2025-10-19 14:27:45,432 [INFO] [开始读取数据库表：debit_data]
2025-10-19 14:27:46,630 [INFO] [成功读取表 debit_data，数据行数：15853]
2025-10-19 14:27:47,023 [INFO] [开始读取数据库表：sales_invoice_data]
2025-10-19 14:27:48,126 [INFO] [成功读取表 sales_invoice_data，数据行数：16548]
2025-10-19 14:57:56,218 [INFO] [数据库引擎创建成功]
2025-10-19 14:57:56,218 [INFO] [开始读取数据库表：order_data]
2025-10-19 14:57:56,605 [INFO] [成功读取表 order_data，数据行数：18630]
2025-10-19 14:57:56,730 [INFO] [开始读取数据库表：sales_data]
2025-10-19 14:57:59,594 [INFO] [成功读取表 sales_data，数据行数：22348]
2025-10-19 14:58:01,567 [INFO] [开始读取数据库表：jingpin_data]
2025-10-19 14:58:01,782 [INFO] [成功读取表 jingpin_data，数据行数：4356]
2025-10-19 14:58:01,858 [INFO] [开始读取数据库表：inventory_data]
2025-10-19 14:58:02,553 [INFO] [成功读取表 inventory_data，数据行数：7568]
2025-10-19 14:58:02,553 [INFO] [开始读取数据库表：tuiding_data]
2025-10-19 14:58:02,716 [INFO] [成功读取表 tuiding_data，数据行数：3233]
2025-10-19 14:58:02,716 [INFO] [开始读取数据库表：debit_data]
2025-10-19 14:58:03,875 [INFO] [成功读取表 debit_data，数据行数：15854]
2025-10-19 14:58:04,237 [INFO] [开始读取数据库表：sales_invoice_data]
2025-10-19 14:58:05,323 [INFO] [成功读取表 sales_invoice_data，数据行数：16550]
2025-10-19 15:27:55,299 [INFO] [数据库引擎创建成功]
2025-10-19 15:27:55,299 [INFO] [开始读取数据库表：order_data]
2025-10-19 15:27:55,652 [INFO] [成功读取表 order_data，数据行数：18633]
2025-10-19 15:27:55,772 [INFO] [开始读取数据库表：sales_data]
2025-10-19 15:27:58,400 [INFO] [成功读取表 sales_data，数据行数：22349]
2025-10-19 15:28:00,353 [INFO] [开始读取数据库表：jingpin_data]
2025-10-19 15:28:00,574 [INFO] [成功读取表 jingpin_data，数据行数：4356]
2025-10-19 15:28:00,637 [INFO] [开始读取数据库表：inventory_data]
2025-10-19 15:28:01,358 [INFO] [成功读取表 inventory_data，数据行数：7569]
2025-10-19 15:28:01,359 [INFO] [开始读取数据库表：tuiding_data]
2025-10-19 15:28:01,552 [INFO] [成功读取表 tuiding_data，数据行数：3236]
2025-10-19 15:28:01,552 [INFO] [开始读取数据库表：debit_data]
2025-10-19 15:28:02,735 [INFO] [成功读取表 debit_data，数据行数：15855]
2025-10-19 15:28:03,124 [INFO] [开始读取数据库表：sales_invoice_data]
2025-10-19 15:28:04,212 [INFO] [成功读取表 sales_invoice_data，数据行数：16554]
2025-10-19 15:57:43,700 [INFO] [数据库引擎创建成功]
2025-10-19 15:57:43,700 [INFO] [开始读取数据库表：order_data]
2025-10-19 15:57:44,046 [INFO] [成功读取表 order_data，数据行数：18640]
2025-10-19 15:57:44,188 [INFO] [开始读取数据库表：sales_data]
2025-10-19 15:57:46,593 [INFO] [成功读取表 sales_data，数据行数：22349]
2025-10-19 15:57:48,550 [INFO] [开始读取数据库表：jingpin_data]
2025-10-19 15:57:48,765 [INFO] [成功读取表 jingpin_data，数据行数：4356]
2025-10-19 15:57:48,828 [INFO] [开始读取数据库表：inventory_data]
2025-10-19 15:57:49,531 [INFO] [成功读取表 inventory_data，数据行数：7570]
2025-10-19 15:57:49,531 [INFO] [开始读取数据库表：tuiding_data]
2025-10-19 15:57:49,690 [INFO] [成功读取表 tuiding_data，数据行数：3236]
2025-10-19 15:57:49,690 [INFO] [开始读取数据库表：debit_data]
2025-10-19 15:57:50,829 [INFO] [成功读取表 debit_data，数据行数：15856]
2025-10-19 15:57:51,196 [INFO] [开始读取数据库表：sales_invoice_data]
2025-10-19 15:57:52,248 [INFO] [成功读取表 sales_invoice_data，数据行数：16561]
2025-10-19 16:27:49,483 [INFO] [数据库引擎创建成功]
2025-10-19 16:27:49,483 [INFO] [开始读取数据库表：order_data]
2025-10-19 16:27:49,876 [INFO] [成功读取表 order_data，数据行数：18647]
2025-10-19 16:27:50,006 [INFO] [开始读取数据库表：sales_data]
2025-10-19 16:27:52,943 [INFO] [成功读取表 sales_data，数据行数：22353]
2025-10-19 16:27:54,972 [INFO] [开始读取数据库表：jingpin_data]
2025-10-19 16:27:55,183 [INFO] [成功读取表 jingpin_data，数据行数：4359]
2025-10-19 16:27:55,249 [INFO] [开始读取数据库表：inventory_data]
2025-10-19 16:27:55,953 [INFO] [成功读取表 inventory_data，数据行数：7571]
2025-10-19 16:27:55,953 [INFO] [开始读取数据库表：tuiding_data]
2025-10-19 16:27:56,121 [INFO] [成功读取表 tuiding_data，数据行数：3236]
2025-10-19 16:27:56,121 [INFO] [开始读取数据库表：debit_data]
2025-10-19 16:27:57,330 [INFO] [成功读取表 debit_data，数据行数：15857]
2025-10-19 16:27:57,718 [INFO] [开始读取数据库表：sales_invoice_data]
2025-10-19 16:27:58,849 [INFO] [成功读取表 sales_invoice_data，数据行数：16569]
2025-10-19 16:57:53,071 [INFO] [数据库引擎创建成功]
2025-10-19 16:57:53,071 [INFO] [开始读取数据库表：order_data]
2025-10-19 16:57:53,492 [INFO] [成功读取表 order_data，数据行数：18650]
2025-10-19 16:57:53,635 [INFO] [开始读取数据库表：sales_data]
2025-10-19 16:57:57,053 [INFO] [成功读取表 sales_data，数据行数：22357]
2025-10-19 16:57:59,025 [INFO] [开始读取数据库表：jingpin_data]
2025-10-19 16:57:59,243 [INFO] [成功读取表 jingpin_data，数据行数：4359]
2025-10-19 16:57:59,302 [INFO] [开始读取数据库表：inventory_data]
2025-10-19 16:57:59,935 [INFO] [成功读取表 inventory_data，数据行数：7571]
2025-10-19 16:57:59,935 [INFO] [开始读取数据库表：tuiding_data]
2025-10-19 16:58:00,108 [INFO] [成功读取表 tuiding_data，数据行数：3237]
2025-10-19 16:58:00,108 [INFO] [开始读取数据库表：debit_data]
2025-10-19 16:58:01,254 [INFO] [成功读取表 debit_data，数据行数：15857]
2025-10-19 16:58:01,635 [INFO] [开始读取数据库表：sales_invoice_data]
2025-10-19 16:58:02,680 [INFO] [成功读取表 sales_invoice_data，数据行数：16572]
2025-10-19 17:27:49,529 [INFO] [数据库引擎创建成功]
2025-10-19 17:27:49,529 [INFO] [开始读取数据库表：order_data]
2025-10-19 17:27:49,874 [INFO] [成功读取表 order_data，数据行数：18657]
2025-10-19 17:27:50,008 [INFO] [开始读取数据库表：sales_data]
2025-10-19 17:27:52,397 [INFO] [成功读取表 sales_data，数据行数：22358]
2025-10-19 17:27:54,431 [INFO] [开始读取数据库表：jingpin_data]
2025-10-19 17:27:54,644 [INFO] [成功读取表 jingpin_data，数据行数：4359]
2025-10-19 17:27:54,715 [INFO] [开始读取数据库表：inventory_data]
2025-10-19 17:27:55,402 [INFO] [成功读取表 inventory_data，数据行数：7572]
2025-10-19 17:27:55,403 [INFO] [开始读取数据库表：tuiding_data]
2025-10-19 17:27:55,568 [INFO] [成功读取表 tuiding_data，数据行数：3241]
2025-10-19 17:27:55,568 [INFO] [开始读取数据库表：debit_data]
2025-10-19 17:27:56,732 [INFO] [成功读取表 debit_data，数据行数：15858]
2025-10-19 17:27:57,142 [INFO] [开始读取数据库表：sales_invoice_data]
2025-10-19 17:27:58,243 [INFO] [成功读取表 sales_invoice_data，数据行数：16580]
2025-10-19 17:57:48,467 [INFO] [数据库引擎创建成功]
2025-10-19 17:57:48,467 [INFO] [开始读取数据库表：order_data]
2025-10-19 17:57:48,859 [INFO] [成功读取表 order_data，数据行数：18665]
2025-10-19 17:57:48,983 [INFO] [开始读取数据库表：sales_data]
2025-10-19 17:57:51,038 [INFO] [成功读取表 sales_data，数据行数：22361]
2025-10-19 17:57:52,999 [INFO] [开始读取数据库表：jingpin_data]
2025-10-19 17:57:53,194 [INFO] [成功读取表 jingpin_data，数据行数：4359]
2025-10-19 17:57:53,265 [INFO] [开始读取数据库表：inventory_data]
2025-10-19 17:57:53,909 [INFO] [成功读取表 inventory_data，数据行数：7573]
2025-10-19 17:57:53,909 [INFO] [开始读取数据库表：tuiding_data]
2025-10-19 17:57:54,055 [INFO] [成功读取表 tuiding_data，数据行数：3241]
2025-10-19 17:57:54,055 [INFO] [开始读取数据库表：debit_data]
2025-10-19 17:57:55,148 [INFO] [成功读取表 debit_data，数据行数：15859]
2025-10-19 17:57:55,533 [INFO] [开始读取数据库表：sales_invoice_data]
2025-10-19 17:57:56,619 [INFO] [成功读取表 sales_invoice_data，数据行数：16587]
2025-10-19 18:27:36,199 [INFO] [数据库引擎创建成功]
2025-10-19 18:27:36,199 [INFO] [开始读取数据库表：order_data]
2025-10-19 18:27:36,577 [INFO] [成功读取表 order_data，数据行数：18672]
2025-10-19 18:27:36,717 [INFO] [开始读取数据库表：sales_data]
2025-10-19 18:27:39,618 [INFO] [成功读取表 sales_data，数据行数：22363]
2025-10-19 18:27:41,570 [INFO] [开始读取数据库表：jingpin_data]
2025-10-19 18:27:41,779 [INFO] [成功读取表 jingpin_data，数据行数：4359]
2025-10-19 18:27:41,845 [INFO] [开始读取数据库表：inventory_data]
2025-10-19 18:27:42,537 [INFO] [成功读取表 inventory_data，数据行数：7574]
2025-10-19 18:27:42,537 [INFO] [开始读取数据库表：tuiding_data]
2025-10-19 18:27:42,701 [INFO] [成功读取表 tuiding_data，数据行数：3243]
2025-10-19 18:27:42,701 [INFO] [开始读取数据库表：debit_data]
2025-10-19 18:27:43,885 [INFO] [成功读取表 debit_data，数据行数：15860]
2025-10-19 18:27:44,270 [INFO] [开始读取数据库表：sales_invoice_data]
2025-10-19 18:27:45,398 [INFO] [成功读取表 sales_invoice_data，数据行数：16593]
2025-10-19 18:57:53,370 [INFO] [数据库引擎创建成功]
2025-10-19 18:57:53,371 [INFO] [开始读取数据库表：order_data]
2025-10-19 18:57:53,735 [INFO] [成功读取表 order_data，数据行数：18673]
2025-10-19 18:57:53,866 [INFO] [开始读取数据库表：sales_data]
2025-10-19 18:57:56,212 [INFO] [成功读取表 sales_data，数据行数：22363]
2025-10-19 18:57:58,152 [INFO] [开始读取数据库表：jingpin_data]
2025-10-19 18:57:58,356 [INFO] [成功读取表 jingpin_data，数据行数：4359]
2025-10-19 18:57:58,433 [INFO] [开始读取数据库表：inventory_data]
2025-10-19 18:57:59,126 [INFO] [成功读取表 inventory_data，数据行数：7574]
2025-10-19 18:57:59,127 [INFO] [开始读取数据库表：tuiding_data]
2025-10-19 18:57:59,275 [INFO] [成功读取表 tuiding_data，数据行数：3243]
2025-10-19 18:57:59,276 [INFO] [开始读取数据库表：debit_data]
2025-10-19 18:58:00,428 [INFO] [成功读取表 debit_data，数据行数：15860]
2025-10-19 18:58:00,819 [INFO] [开始读取数据库表：sales_invoice_data]
2025-10-19 18:58:01,891 [INFO] [成功读取表 sales_invoice_data，数据行数：16595]
2025-10-19 19:27:32,610 [INFO] [数据库引擎创建成功]
2025-10-19 19:27:32,610 [INFO] [开始读取数据库表：order_data]
2025-10-19 19:27:32,972 [INFO] [成功读取表 order_data，数据行数：18674]
2025-10-19 19:27:33,124 [INFO] [开始读取数据库表：sales_data]
2025-10-19 19:27:35,880 [INFO] [成功读取表 sales_data，数据行数：22363]
2025-10-19 19:27:37,838 [INFO] [开始读取数据库表：jingpin_data]
2025-10-19 19:27:38,045 [INFO] [成功读取表 jingpin_data，数据行数：4359]
2025-10-19 19:27:38,107 [INFO] [开始读取数据库表：inventory_data]
2025-10-19 19:27:38,797 [INFO] [成功读取表 inventory_data，数据行数：7574]
2025-10-19 19:27:38,797 [INFO] [开始读取数据库表：tuiding_data]
2025-10-19 19:27:38,953 [INFO] [成功读取表 tuiding_data，数据行数：3243]
2025-10-19 19:27:38,953 [INFO] [开始读取数据库表：debit_data]
2025-10-19 19:27:40,126 [INFO] [成功读取表 debit_data，数据行数：15860]
2025-10-19 19:27:40,500 [INFO] [开始读取数据库表：sales_invoice_data]
2025-10-19 19:27:41,592 [INFO] [成功读取表 sales_invoice_data，数据行数：16596]
2025-10-19 19:57:33,003 [INFO] [数据库引擎创建成功]
2025-10-19 19:57:33,003 [INFO] [开始读取数据库表：order_data]
2025-10-19 19:57:33,337 [INFO] [成功读取表 order_data，数据行数：18674]
2025-10-19 19:57:33,459 [INFO] [开始读取数据库表：sales_data]
2025-10-19 19:57:35,598 [INFO] [成功读取表 sales_data，数据行数：22363]
2025-10-19 19:57:37,598 [INFO] [开始读取数据库表：jingpin_data]
2025-10-19 19:57:37,818 [INFO] [成功读取表 jingpin_data，数据行数：4359]
2025-10-19 19:57:37,883 [INFO] [开始读取数据库表：inventory_data]
2025-10-19 19:57:38,589 [INFO] [成功读取表 inventory_data，数据行数：7574]
2025-10-19 19:57:38,595 [INFO] [开始读取数据库表：tuiding_data]
2025-10-19 19:57:38,771 [INFO] [成功读取表 tuiding_data，数据行数：3243]
2025-10-19 19:57:38,771 [INFO] [开始读取数据库表：debit_data]
2025-10-19 19:57:39,943 [INFO] [成功读取表 debit_data，数据行数：15860]
2025-10-19 19:57:40,341 [INFO] [开始读取数据库表：sales_invoice_data]
2025-10-19 19:57:41,458 [INFO] [成功读取表 sales_invoice_data，数据行数：16596]
2025-10-19 20:27:35,284 [INFO] [数据库引擎创建成功]
2025-10-19 20:27:35,284 [INFO] [开始读取数据库表：order_data]
2025-10-19 20:27:35,636 [INFO] [成功读取表 order_data，数据行数：18674]
2025-10-19 20:27:35,760 [INFO] [开始读取数据库表：sales_data]
2025-10-19 20:27:38,312 [INFO] [成功读取表 sales_data，数据行数：22363]
2025-10-19 20:27:40,250 [INFO] [开始读取数据库表：jingpin_data]
2025-10-19 20:27:40,472 [INFO] [成功读取表 jingpin_data，数据行数：4359]
2025-10-19 20:27:40,535 [INFO] [开始读取数据库表：inventory_data]
2025-10-19 20:27:41,232 [INFO] [成功读取表 inventory_data，数据行数：7574]
2025-10-19 20:27:41,232 [INFO] [开始读取数据库表：tuiding_data]
2025-10-19 20:27:41,387 [INFO] [成功读取表 tuiding_data，数据行数：3243]
2025-10-19 20:27:41,388 [INFO] [开始读取数据库表：debit_data]
2025-10-19 20:27:42,543 [INFO] [成功读取表 debit_data，数据行数：15860]
2025-10-19 20:27:42,929 [INFO] [开始读取数据库表：sales_invoice_data]
2025-10-19 20:27:44,013 [INFO] [成功读取表 sales_invoice_data，数据行数：16596]
2025-10-19 20:57:50,767 [INFO] [数据库引擎创建成功]
2025-10-19 20:57:50,767 [INFO] [开始读取数据库表：order_data]
2025-10-19 20:57:51,125 [INFO] [成功读取表 order_data，数据行数：18674]
2025-10-19 20:57:51,249 [INFO] [开始读取数据库表：sales_data]
2025-10-19 20:57:53,542 [INFO] [成功读取表 sales_data，数据行数：22363]
2025-10-19 20:57:55,499 [INFO] [开始读取数据库表：jingpin_data]
2025-10-19 20:57:55,705 [INFO] [成功读取表 jingpin_data，数据行数：4359]
2025-10-19 20:57:55,767 [INFO] [开始读取数据库表：inventory_data]
2025-10-19 20:57:56,444 [INFO] [成功读取表 inventory_data，数据行数：7574]
2025-10-19 20:57:56,444 [INFO] [开始读取数据库表：tuiding_data]
2025-10-19 20:57:56,610 [INFO] [成功读取表 tuiding_data，数据行数：3243]
2025-10-19 20:57:56,610 [INFO] [开始读取数据库表：debit_data]
2025-10-19 20:57:57,705 [INFO] [成功读取表 debit_data，数据行数：15860]
2025-10-19 20:57:58,072 [INFO] [开始读取数据库表：sales_invoice_data]
2025-10-19 20:57:59,133 [INFO] [成功读取表 sales_invoice_data，数据行数：16596]
2025-10-19 21:27:35,694 [INFO] [数据库引擎创建成功]
2025-10-19 21:27:35,694 [INFO] [开始读取数据库表：order_data]
2025-10-19 21:27:36,063 [INFO] [成功读取表 order_data，数据行数：18675]
2025-10-19 21:27:36,195 [INFO] [开始读取数据库表：sales_data]
2025-10-19 21:27:38,963 [INFO] [成功读取表 sales_data，数据行数：22364]
2025-10-19 21:27:40,965 [INFO] [开始读取数据库表：jingpin_data]
2025-10-19 21:27:41,191 [INFO] [成功读取表 jingpin_data，数据行数：4360]
2025-10-19 21:27:41,252 [INFO] [开始读取数据库表：inventory_data]
2025-10-19 21:27:41,956 [INFO] [成功读取表 inventory_data，数据行数：7574]
2025-10-19 21:27:41,956 [INFO] [开始读取数据库表：tuiding_data]
2025-10-19 21:27:42,118 [INFO] [成功读取表 tuiding_data，数据行数：3243]
2025-10-19 21:27:42,118 [INFO] [开始读取数据库表：debit_data]
2025-10-19 21:27:43,279 [INFO] [成功读取表 debit_data，数据行数：15862]
2025-10-19 21:27:43,656 [INFO] [开始读取数据库表：sales_invoice_data]
2025-10-19 21:27:44,753 [INFO] [成功读取表 sales_invoice_data，数据行数：16598]
2025-10-19 21:57:45,339 [INFO] [数据库引擎创建成功]
2025-10-19 21:57:45,339 [INFO] [开始读取数据库表：order_data]
2025-10-19 21:57:45,695 [INFO] [成功读取表 order_data，数据行数：18675]
2025-10-19 21:57:45,809 [INFO] [开始读取数据库表：sales_data]
2025-10-19 21:57:48,345 [INFO] [成功读取表 sales_data，数据行数：22364]
2025-10-19 21:57:50,307 [INFO] [开始读取数据库表：jingpin_data]
2025-10-19 21:57:50,518 [INFO] [成功读取表 jingpin_data，数据行数：4360]
2025-10-19 21:57:50,588 [INFO] [开始读取数据库表：inventory_data]
2025-10-19 21:57:51,266 [INFO] [成功读取表 inventory_data，数据行数：7678]
2025-10-19 21:57:51,266 [INFO] [开始读取数据库表：tuiding_data]
2025-10-19 21:57:51,427 [INFO] [成功读取表 tuiding_data，数据行数：3245]
2025-10-19 21:57:51,427 [INFO] [开始读取数据库表：debit_data]
2025-10-19 21:57:52,555 [INFO] [成功读取表 debit_data，数据行数：15919]
2025-10-19 21:57:52,929 [INFO] [开始读取数据库表：sales_invoice_data]
2025-10-19 21:57:53,984 [INFO] [成功读取表 sales_invoice_data，数据行数：16598]
2025-10-19 22:27:38,541 [INFO] [数据库引擎创建成功]
2025-10-19 22:27:38,542 [INFO] [开始读取数据库表：order_data]
2025-10-19 22:27:38,883 [INFO] [成功读取表 order_data，数据行数：18675]
2025-10-19 22:27:39,006 [INFO] [开始读取数据库表：sales_data]
2025-10-19 22:27:41,891 [INFO] [成功读取表 sales_data，数据行数：22364]
2025-10-19 22:27:43,893 [INFO] [开始读取数据库表：jingpin_data]
2025-10-19 22:27:44,110 [INFO] [成功读取表 jingpin_data，数据行数：4360]
2025-10-19 22:27:44,177 [INFO] [开始读取数据库表：inventory_data]
2025-10-19 22:27:44,877 [INFO] [成功读取表 inventory_data，数据行数：7678]
2025-10-19 22:27:44,878 [INFO] [开始读取数据库表：tuiding_data]
2025-10-19 22:27:45,031 [INFO] [成功读取表 tuiding_data，数据行数：3245]
2025-10-19 22:27:45,031 [INFO] [开始读取数据库表：debit_data]
2025-10-19 22:27:46,193 [INFO] [成功读取表 debit_data，数据行数：15919]
2025-10-19 22:27:46,583 [INFO] [开始读取数据库表：sales_invoice_data]
2025-10-19 22:27:47,664 [INFO] [成功读取表 sales_invoice_data，数据行数：16598]
2025-10-19 22:57:34,587 [INFO] [数据库引擎创建成功]
2025-10-19 22:57:34,587 [INFO] [开始读取数据库表：order_data]
2025-10-19 22:57:34,928 [INFO] [成功读取表 order_data，数据行数：18675]
2025-10-19 22:57:35,049 [INFO] [开始读取数据库表：sales_data]
2025-10-19 22:57:37,832 [INFO] [成功读取表 sales_data，数据行数：22364]
2025-10-19 22:57:39,802 [INFO] [开始读取数据库表：jingpin_data]
2025-10-19 22:57:40,022 [INFO] [成功读取表 jingpin_data，数据行数：4360]
2025-10-19 22:57:40,085 [INFO] [开始读取数据库表：inventory_data]
2025-10-19 22:57:40,810 [INFO] [成功读取表 inventory_data，数据行数：7686]
2025-10-19 22:57:40,811 [INFO] [开始读取数据库表：tuiding_data]
2025-10-19 22:57:40,967 [INFO] [成功读取表 tuiding_data，数据行数：3245]
2025-10-19 22:57:40,967 [INFO] [开始读取数据库表：debit_data]
2025-10-19 22:57:42,157 [INFO] [成功读取表 debit_data，数据行数：15924]
2025-10-19 22:57:42,540 [INFO] [开始读取数据库表：sales_invoice_data]
2025-10-19 22:57:43,598 [INFO] [成功读取表 sales_invoice_data，数据行数：16598]
2025-10-19 23:27:32,678 [INFO] [数据库引擎创建成功]
2025-10-19 23:27:32,678 [INFO] [开始读取数据库表：order_data]
2025-10-19 23:27:33,015 [INFO] [成功读取表 order_data，数据行数：18675]
2025-10-19 23:27:33,144 [INFO] [开始读取数据库表：sales_data]
2025-10-19 23:27:35,429 [INFO] [成功读取表 sales_data，数据行数：22364]
2025-10-19 23:27:37,431 [INFO] [开始读取数据库表：jingpin_data]
2025-10-19 23:27:37,643 [INFO] [成功读取表 jingpin_data，数据行数：4360]
2025-10-19 23:27:37,703 [INFO] [开始读取数据库表：inventory_data]
2025-10-19 23:27:38,402 [INFO] [成功读取表 inventory_data，数据行数：7686]
2025-10-19 23:27:38,402 [INFO] [开始读取数据库表：tuiding_data]
2025-10-19 23:27:38,564 [INFO] [成功读取表 tuiding_data，数据行数：3245]
2025-10-19 23:27:38,564 [INFO] [开始读取数据库表：debit_data]
2025-10-19 23:27:39,765 [INFO] [成功读取表 debit_data，数据行数：15924]
2025-10-19 23:27:40,138 [INFO] [开始读取数据库表：sales_invoice_data]
2025-10-19 23:27:41,230 [INFO] [成功读取表 sales_invoice_data，数据行数：16598]
2025-10-19 23:57:29,896 [INFO] [数据库引擎创建成功]
2025-10-19 23:57:29,896 [INFO] [开始读取数据库表：order_data]
2025-10-19 23:57:30,240 [INFO] [成功读取表 order_data，数据行数：18675]
2025-10-19 23:57:30,372 [INFO] [开始读取数据库表：sales_data]
2025-10-19 23:57:32,553 [INFO] [成功读取表 sales_data，数据行数：22364]
2025-10-19 23:57:34,531 [INFO] [开始读取数据库表：jingpin_data]
2025-10-19 23:57:34,752 [INFO] [成功读取表 jingpin_data，数据行数：4360]
2025-10-19 23:57:34,821 [INFO] [开始读取数据库表：inventory_data]
2025-10-19 23:57:35,528 [INFO] [成功读取表 inventory_data，数据行数：7686]
2025-10-19 23:57:35,528 [INFO] [开始读取数据库表：tuiding_data]
2025-10-19 23:57:35,684 [INFO] [成功读取表 tuiding_data，数据行数：3245]
2025-10-19 23:57:35,684 [INFO] [开始读取数据库表：debit_data]
2025-10-19 23:57:36,893 [INFO] [成功读取表 debit_data，数据行数：15924]
2025-10-19 23:57:37,260 [INFO] [开始读取数据库表：sales_invoice_data]
2025-10-19 23:57:38,349 [INFO] [成功读取表 sales_invoice_data，数据行数：16598]
