2025-12-07 08:54:52,201 [INFO] [数据库引擎创建成功]
2025-12-07 08:54:52,202 [INFO] [开始读取数据库表：order_data]
2025-12-07 08:54:53,967 [INFO] [成功读取表 order_data，数据行数：24974]
2025-12-07 08:54:54,321 [INFO] [开始读取数据库表：sales_data]
2025-12-07 08:55:00,861 [INFO] [成功读取表 sales_data，数据行数：27375]
2025-12-07 08:55:02,656 [INFO] [开始读取数据库表：jingpin_data]
2025-12-07 08:55:02,859 [INFO] [成功读取表 jingpin_data，数据行数：4984]
2025-12-07 08:55:02,910 [INFO] [开始读取数据库表：inventory_data]
2025-12-07 08:55:03,325 [INFO] [成功读取表 inventory_data，数据行数：5738]
2025-12-07 08:55:03,326 [INFO] [开始读取数据库表：tuiding_data]
2025-12-07 08:55:03,534 [INFO] [成功读取表 tuiding_data，数据行数：4521]
2025-12-07 08:55:03,535 [INFO] [开始读取数据库表：debit_data]
2025-12-07 08:55:05,341 [INFO] [成功读取表 debit_data，数据行数：26436]
2025-12-07 08:55:05,681 [INFO] [开始读取数据库表：sales_invoice_data]
2025-12-07 08:55:06,975 [INFO] [成功读取表 sales_invoice_data，数据行数：19918]
2025-12-07 09:27:59,711 [INFO] [数据库引擎创建成功]
2025-12-07 09:27:59,711 [INFO] [开始读取数据库表：order_data]
2025-12-07 09:28:01,545 [INFO] [成功读取表 order_data，数据行数：24977]
2025-12-07 09:28:01,893 [INFO] [开始读取数据库表：sales_data]
2025-12-07 09:28:08,343 [INFO] [成功读取表 sales_data，数据行数：27376]
2025-12-07 09:28:10,330 [INFO] [开始读取数据库表：jingpin_data]
2025-12-07 09:28:10,628 [INFO] [成功读取表 jingpin_data，数据行数：4984]
2025-12-07 09:28:10,698 [INFO] [开始读取数据库表：inventory_data]
2025-12-07 09:28:11,289 [INFO] [成功读取表 inventory_data，数据行数：5738]
2025-12-07 09:28:11,289 [INFO] [开始读取数据库表：tuiding_data]
2025-12-07 09:28:11,541 [INFO] [成功读取表 tuiding_data，数据行数：4521]
2025-12-07 09:28:11,541 [INFO] [开始读取数据库表：debit_data]
2025-12-07 09:28:13,672 [INFO] [成功读取表 debit_data，数据行数：26436]
2025-12-07 09:28:14,062 [INFO] [开始读取数据库表：sales_invoice_data]
2025-12-07 09:28:15,540 [INFO] [成功读取表 sales_invoice_data，数据行数：19918]
2025-12-07 09:57:40,101 [INFO] [数据库引擎创建成功]
2025-12-07 09:57:40,102 [INFO] [开始读取数据库表：order_data]
2025-12-07 09:57:41,886 [INFO] [成功读取表 order_data，数据行数：24982]
2025-12-07 09:57:42,228 [INFO] [开始读取数据库表：sales_data]
2025-12-07 09:57:48,986 [INFO] [成功读取表 sales_data，数据行数：27376]
2025-12-07 09:57:50,971 [INFO] [开始读取数据库表：jingpin_data]
2025-12-07 09:57:51,275 [INFO] [成功读取表 jingpin_data，数据行数：4984]
2025-12-07 09:57:51,351 [INFO] [开始读取数据库表：inventory_data]
2025-12-07 09:57:51,924 [INFO] [成功读取表 inventory_data，数据行数：5738]
2025-12-07 09:57:51,924 [INFO] [开始读取数据库表：tuiding_data]
2025-12-07 09:57:52,183 [INFO] [成功读取表 tuiding_data，数据行数：4521]
2025-12-07 09:57:52,183 [INFO] [开始读取数据库表：debit_data]
2025-12-07 09:57:54,247 [INFO] [成功读取表 debit_data，数据行数：26436]
2025-12-07 09:57:54,631 [INFO] [开始读取数据库表：sales_invoice_data]
2025-12-07 09:57:56,105 [INFO] [成功读取表 sales_invoice_data，数据行数：19918]
2025-12-07 10:27:10,875 [INFO] [数据库引擎创建成功]
2025-12-07 10:27:10,875 [INFO] [开始读取数据库表：order_data]
2025-12-07 10:27:12,494 [INFO] [成功读取表 order_data，数据行数：24984]
2025-12-07 10:27:12,831 [INFO] [开始读取数据库表：sales_data]
2025-12-07 10:27:19,589 [INFO] [成功读取表 sales_data，数据行数：27379]
2025-12-07 10:27:21,537 [INFO] [开始读取数据库表：jingpin_data]
2025-12-07 10:27:21,844 [INFO] [成功读取表 jingpin_data，数据行数：4984]
2025-12-07 10:27:21,925 [INFO] [开始读取数据库表：inventory_data]
2025-12-07 10:27:22,533 [INFO] [成功读取表 inventory_data，数据行数：5735]
2025-12-07 10:27:22,534 [INFO] [开始读取数据库表：tuiding_data]
2025-12-07 10:27:22,785 [INFO] [成功读取表 tuiding_data，数据行数：4521]
2025-12-07 10:27:22,785 [INFO] [开始读取数据库表：debit_data]
2025-12-07 10:27:24,948 [INFO] [成功读取表 debit_data，数据行数：26436]
2025-12-07 10:27:25,327 [INFO] [开始读取数据库表：sales_invoice_data]
2025-12-07 10:27:26,805 [INFO] [成功读取表 sales_invoice_data，数据行数：19921]
2025-12-07 10:58:06,957 [INFO] [数据库引擎创建成功]
2025-12-07 10:58:06,958 [INFO] [开始读取数据库表：order_data]
2025-12-07 10:58:08,342 [INFO] [成功读取表 order_data，数据行数：24988]
2025-12-07 10:58:08,682 [INFO] [开始读取数据库表：sales_data]
2025-12-07 10:58:15,211 [INFO] [成功读取表 sales_data，数据行数：27384]
2025-12-07 10:58:17,224 [INFO] [开始读取数据库表：jingpin_data]
2025-12-07 10:58:17,541 [INFO] [成功读取表 jingpin_data，数据行数：4986]
2025-12-07 10:58:17,616 [INFO] [开始读取数据库表：inventory_data]
2025-12-07 10:58:18,210 [INFO] [成功读取表 inventory_data，数据行数：5731]
2025-12-07 10:58:18,211 [INFO] [开始读取数据库表：tuiding_data]
2025-12-07 10:58:18,461 [INFO] [成功读取表 tuiding_data，数据行数：4521]
2025-12-07 10:58:18,462 [INFO] [开始读取数据库表：debit_data]
2025-12-07 10:58:20,551 [INFO] [成功读取表 debit_data，数据行数：26436]
2025-12-07 10:58:20,929 [INFO] [开始读取数据库表：sales_invoice_data]
2025-12-07 10:58:22,378 [INFO] [成功读取表 sales_invoice_data，数据行数：19924]
2025-12-07 11:27:13,539 [INFO] [数据库引擎创建成功]
2025-12-07 11:27:13,540 [INFO] [开始读取数据库表：order_data]
2025-12-07 11:27:15,028 [INFO] [成功读取表 order_data，数据行数：24994]
2025-12-07 11:27:15,363 [INFO] [开始读取数据库表：sales_data]
2025-12-07 11:27:22,046 [INFO] [成功读取表 sales_data，数据行数：27387]
2025-12-07 11:27:24,046 [INFO] [开始读取数据库表：jingpin_data]
2025-12-07 11:27:24,338 [INFO] [成功读取表 jingpin_data，数据行数：4986]
2025-12-07 11:27:24,423 [INFO] [开始读取数据库表：inventory_data]
2025-12-07 11:27:25,028 [INFO] [成功读取表 inventory_data，数据行数：5730]
2025-12-07 11:27:25,029 [INFO] [开始读取数据库表：tuiding_data]
2025-12-07 11:27:25,287 [INFO] [成功读取表 tuiding_data，数据行数：4521]
2025-12-07 11:27:25,287 [INFO] [开始读取数据库表：debit_data]
2025-12-07 11:27:27,441 [INFO] [成功读取表 debit_data，数据行数：26436]
2025-12-07 11:27:27,840 [INFO] [开始读取数据库表：sales_invoice_data]
2025-12-07 11:27:29,322 [INFO] [成功读取表 sales_invoice_data，数据行数：19926]
2025-12-07 11:56:32,267 [INFO] [数据库引擎创建成功]
2025-12-07 11:56:32,268 [INFO] [开始读取数据库表：order_data]
2025-12-07 11:56:34,077 [INFO] [成功读取表 order_data，数据行数：24996]
2025-12-07 11:56:34,410 [INFO] [开始读取数据库表：sales_data]
2025-12-07 11:56:41,046 [INFO] [成功读取表 sales_data，数据行数：27391]
2025-12-07 11:56:43,070 [INFO] [开始读取数据库表：jingpin_data]
2025-12-07 11:56:43,384 [INFO] [成功读取表 jingpin_data，数据行数：4986]
2025-12-07 11:56:43,463 [INFO] [开始读取数据库表：inventory_data]
2025-12-07 11:56:44,061 [INFO] [成功读取表 inventory_data，数据行数：5726]
2025-12-07 11:56:44,061 [INFO] [开始读取数据库表：tuiding_data]
2025-12-07 11:56:44,322 [INFO] [成功读取表 tuiding_data，数据行数：4521]
2025-12-07 11:56:44,323 [INFO] [开始读取数据库表：debit_data]
2025-12-07 11:56:46,440 [INFO] [成功读取表 debit_data，数据行数：26436]
2025-12-07 11:56:46,831 [INFO] [开始读取数据库表：sales_invoice_data]
2025-12-07 11:56:48,289 [INFO] [成功读取表 sales_invoice_data，数据行数：19930]
2025-12-07 12:27:18,060 [INFO] [数据库引擎创建成功]
2025-12-07 12:27:18,060 [INFO] [开始读取数据库表：order_data]
2025-12-07 12:27:19,685 [INFO] [成功读取表 order_data，数据行数：24998]
2025-12-07 12:27:20,023 [INFO] [开始读取数据库表：sales_data]
2025-12-07 12:27:26,655 [INFO] [成功读取表 sales_data，数据行数：27394]
2025-12-07 12:27:28,611 [INFO] [开始读取数据库表：jingpin_data]
2025-12-07 12:27:28,920 [INFO] [成功读取表 jingpin_data，数据行数：4986]
2025-12-07 12:27:28,997 [INFO] [开始读取数据库表：inventory_data]
2025-12-07 12:27:29,602 [INFO] [成功读取表 inventory_data，数据行数：5723]
2025-12-07 12:27:29,602 [INFO] [开始读取数据库表：tuiding_data]
2025-12-07 12:27:29,827 [INFO] [成功读取表 tuiding_data，数据行数：4521]
2025-12-07 12:27:29,827 [INFO] [开始读取数据库表：debit_data]
2025-12-07 12:27:31,962 [INFO] [成功读取表 debit_data，数据行数：26446]
2025-12-07 12:27:32,348 [INFO] [开始读取数据库表：sales_invoice_data]
2025-12-07 12:27:33,826 [INFO] [成功读取表 sales_invoice_data，数据行数：19933]
2025-12-07 12:57:59,044 [INFO] [数据库引擎创建成功]
2025-12-07 12:57:59,044 [INFO] [开始读取数据库表：order_data]
2025-12-07 12:58:00,634 [INFO] [成功读取表 order_data，数据行数：25004]
2025-12-07 12:58:00,953 [INFO] [开始读取数据库表：sales_data]
2025-12-07 12:58:07,665 [INFO] [成功读取表 sales_data，数据行数：27396]
2025-12-07 12:58:09,666 [INFO] [开始读取数据库表：jingpin_data]
2025-12-07 12:58:09,981 [INFO] [成功读取表 jingpin_data，数据行数：4987]
2025-12-07 12:58:10,060 [INFO] [开始读取数据库表：inventory_data]
2025-12-07 12:58:10,669 [INFO] [成功读取表 inventory_data，数据行数：5721]
2025-12-07 12:58:10,670 [INFO] [开始读取数据库表：tuiding_data]
2025-12-07 12:58:10,923 [INFO] [成功读取表 tuiding_data，数据行数：4522]
2025-12-07 12:58:10,923 [INFO] [开始读取数据库表：debit_data]
2025-12-07 12:58:13,048 [INFO] [成功读取表 debit_data，数据行数：26446]
2025-12-07 12:58:13,437 [INFO] [开始读取数据库表：sales_invoice_data]
2025-12-07 12:58:14,918 [INFO] [成功读取表 sales_invoice_data，数据行数：19935]
2025-12-07 13:30:26,374 [INFO] [数据库引擎创建成功]
2025-12-07 13:30:26,375 [INFO] [开始读取数据库表：order_data]
2025-12-07 13:30:28,044 [INFO] [成功读取表 order_data，数据行数：25010]
2025-12-07 13:30:28,372 [INFO] [开始读取数据库表：sales_data]
2025-12-07 13:30:35,050 [INFO] [成功读取表 sales_data，数据行数：27404]
2025-12-07 13:30:37,035 [INFO] [开始读取数据库表：jingpin_data]
2025-12-07 13:30:37,353 [INFO] [成功读取表 jingpin_data，数据行数：4987]
2025-12-07 13:30:37,428 [INFO] [开始读取数据库表：inventory_data]
2025-12-07 13:30:38,017 [INFO] [成功读取表 inventory_data，数据行数：5714]
2025-12-07 13:30:38,018 [INFO] [开始读取数据库表：tuiding_data]
2025-12-07 13:30:38,252 [INFO] [成功读取表 tuiding_data，数据行数：4523]
2025-12-07 13:30:38,252 [INFO] [开始读取数据库表：debit_data]
2025-12-07 13:30:40,333 [INFO] [成功读取表 debit_data，数据行数：26446]
2025-12-07 13:30:40,715 [INFO] [开始读取数据库表：sales_invoice_data]
2025-12-07 13:30:42,153 [INFO] [成功读取表 sales_invoice_data，数据行数：19941]
2025-12-07 13:56:56,917 [INFO] [数据库引擎创建成功]
2025-12-07 13:56:56,918 [INFO] [开始读取数据库表：order_data]
2025-12-07 13:56:58,547 [INFO] [成功读取表 order_data，数据行数：25014]
2025-12-07 13:56:58,884 [INFO] [开始读取数据库表：sales_data]
2025-12-07 13:57:05,555 [INFO] [成功读取表 sales_data，数据行数：27409]
2025-12-07 13:57:07,543 [INFO] [开始读取数据库表：jingpin_data]
2025-12-07 13:57:07,856 [INFO] [成功读取表 jingpin_data，数据行数：4987]
2025-12-07 13:57:07,926 [INFO] [开始读取数据库表：inventory_data]
2025-12-07 13:57:08,531 [INFO] [成功读取表 inventory_data，数据行数：5710]
2025-12-07 13:57:08,531 [INFO] [开始读取数据库表：tuiding_data]
2025-12-07 13:57:08,771 [INFO] [成功读取表 tuiding_data，数据行数：4523]
2025-12-07 13:57:08,771 [INFO] [开始读取数据库表：debit_data]
2025-12-07 13:57:10,869 [INFO] [成功读取表 debit_data，数据行数：26446]
2025-12-07 13:57:11,251 [INFO] [开始读取数据库表：sales_invoice_data]
2025-12-07 13:57:12,739 [INFO] [成功读取表 sales_invoice_data，数据行数：19945]
2025-12-07 14:26:52,336 [INFO] [数据库引擎创建成功]
2025-12-07 14:26:52,336 [INFO] [开始读取数据库表：order_data]
2025-12-07 14:26:53,953 [INFO] [成功读取表 order_data，数据行数：25023]
2025-12-07 14:26:54,257 [INFO] [开始读取数据库表：sales_data]
2025-12-07 14:27:00,990 [INFO] [成功读取表 sales_data，数据行数：27410]
2025-12-07 14:27:02,972 [INFO] [开始读取数据库表：jingpin_data]
2025-12-07 14:27:03,283 [INFO] [成功读取表 jingpin_data，数据行数：4987]
2025-12-07 14:27:03,357 [INFO] [开始读取数据库表：inventory_data]
2025-12-07 14:27:03,944 [INFO] [成功读取表 inventory_data，数据行数：5708]
2025-12-07 14:27:03,944 [INFO] [开始读取数据库表：tuiding_data]
2025-12-07 14:27:04,205 [INFO] [成功读取表 tuiding_data，数据行数：4523]
2025-12-07 14:27:04,205 [INFO] [开始读取数据库表：debit_data]
2025-12-07 14:27:06,363 [INFO] [成功读取表 debit_data，数据行数：26446]
2025-12-07 14:27:06,756 [INFO] [开始读取数据库表：sales_invoice_data]
2025-12-07 14:27:08,233 [INFO] [成功读取表 sales_invoice_data，数据行数：19947]
2025-12-07 14:57:13,841 [INFO] [数据库引擎创建成功]
2025-12-07 14:57:13,841 [INFO] [开始读取数据库表：order_data]
2025-12-07 14:57:15,654 [INFO] [成功读取表 order_data，数据行数：25032]
2025-12-07 14:57:16,013 [INFO] [开始读取数据库表：sales_data]
2025-12-07 14:57:22,797 [INFO] [成功读取表 sales_data，数据行数：27414]
2025-12-07 14:57:24,776 [INFO] [开始读取数据库表：jingpin_data]
2025-12-07 14:57:25,075 [INFO] [成功读取表 jingpin_data，数据行数：4987]
2025-12-07 14:57:25,149 [INFO] [开始读取数据库表：inventory_data]
2025-12-07 14:57:25,694 [INFO] [成功读取表 inventory_data，数据行数：5704]
2025-12-07 14:57:25,694 [INFO] [开始读取数据库表：tuiding_data]
2025-12-07 14:57:25,937 [INFO] [成功读取表 tuiding_data，数据行数：4524]
2025-12-07 14:57:25,938 [INFO] [开始读取数据库表：debit_data]
2025-12-07 14:57:27,963 [INFO] [成功读取表 debit_data，数据行数：26446]
2025-12-07 14:57:28,363 [INFO] [开始读取数据库表：sales_invoice_data]
2025-12-07 14:57:29,827 [INFO] [成功读取表 sales_invoice_data，数据行数：19951]
2025-12-07 15:27:13,295 [INFO] [数据库引擎创建成功]
2025-12-07 15:27:13,295 [INFO] [开始读取数据库表：order_data]
2025-12-07 15:27:14,942 [INFO] [成功读取表 order_data，数据行数：25043]
2025-12-07 15:27:15,284 [INFO] [开始读取数据库表：sales_data]
2025-12-07 15:27:22,048 [INFO] [成功读取表 sales_data，数据行数：27419]
2025-12-07 15:27:24,028 [INFO] [开始读取数据库表：jingpin_data]
2025-12-07 15:27:24,347 [INFO] [成功读取表 jingpin_data，数据行数：4987]
2025-12-07 15:27:24,421 [INFO] [开始读取数据库表：inventory_data]
2025-12-07 15:27:25,016 [INFO] [成功读取表 inventory_data，数据行数：5699]
2025-12-07 15:27:25,017 [INFO] [开始读取数据库表：tuiding_data]
2025-12-07 15:27:25,260 [INFO] [成功读取表 tuiding_data，数据行数：4524]
2025-12-07 15:27:25,260 [INFO] [开始读取数据库表：debit_data]
2025-12-07 15:27:27,348 [INFO] [成功读取表 debit_data，数据行数：26446]
2025-12-07 15:27:27,734 [INFO] [开始读取数据库表：sales_invoice_data]
2025-12-07 15:27:29,217 [INFO] [成功读取表 sales_invoice_data，数据行数：19956]
2025-12-07 15:56:57,665 [INFO] [数据库引擎创建成功]
2025-12-07 15:56:57,665 [INFO] [开始读取数据库表：order_data]
2025-12-07 15:56:59,100 [INFO] [成功读取表 order_data，数据行数：25047]
2025-12-07 15:56:59,440 [INFO] [开始读取数据库表：sales_data]
2025-12-07 15:57:06,199 [INFO] [成功读取表 sales_data，数据行数：27429]
2025-12-07 15:57:08,176 [INFO] [开始读取数据库表：jingpin_data]
2025-12-07 15:57:08,469 [INFO] [成功读取表 jingpin_data，数据行数：4988]
2025-12-07 15:57:08,547 [INFO] [开始读取数据库表：inventory_data]
2025-12-07 15:57:09,148 [INFO] [成功读取表 inventory_data，数据行数：5691]
2025-12-07 15:57:09,148 [INFO] [开始读取数据库表：tuiding_data]
2025-12-07 15:57:09,393 [INFO] [成功读取表 tuiding_data，数据行数：4524]
2025-12-07 15:57:09,393 [INFO] [开始读取数据库表：debit_data]
2025-12-07 15:57:11,547 [INFO] [成功读取表 debit_data，数据行数：26446]
2025-12-07 15:57:11,939 [INFO] [开始读取数据库表：sales_invoice_data]
2025-12-07 15:57:13,430 [INFO] [成功读取表 sales_invoice_data，数据行数：19966]
2025-12-07 16:27:21,744 [INFO] [数据库引擎创建成功]
2025-12-07 16:27:21,744 [INFO] [开始读取数据库表：order_data]
2025-12-07 16:27:23,597 [INFO] [成功读取表 order_data，数据行数：25055]
2025-12-07 16:27:23,924 [INFO] [开始读取数据库表：sales_data]
2025-12-07 16:27:30,569 [INFO] [成功读取表 sales_data，数据行数：27445]
2025-12-07 16:27:32,539 [INFO] [开始读取数据库表：jingpin_data]
2025-12-07 16:27:32,839 [INFO] [成功读取表 jingpin_data，数据行数：4988]
2025-12-07 16:27:32,909 [INFO] [开始读取数据库表：inventory_data]
2025-12-07 16:27:33,497 [INFO] [成功读取表 inventory_data，数据行数：5675]
2025-12-07 16:27:33,497 [INFO] [开始读取数据库表：tuiding_data]
2025-12-07 16:27:33,761 [INFO] [成功读取表 tuiding_data，数据行数：4525]
2025-12-07 16:27:33,761 [INFO] [开始读取数据库表：debit_data]
2025-12-07 16:27:35,894 [INFO] [成功读取表 debit_data，数据行数：26446]
2025-12-07 16:27:36,281 [INFO] [开始读取数据库表：sales_invoice_data]
2025-12-07 16:27:37,753 [INFO] [成功读取表 sales_invoice_data，数据行数：19982]
2025-12-07 16:58:22,010 [INFO] [数据库引擎创建成功]
2025-12-07 16:58:22,011 [INFO] [开始读取数据库表：order_data]
2025-12-07 16:58:23,706 [INFO] [成功读取表 order_data，数据行数：25065]
2025-12-07 16:58:24,032 [INFO] [开始读取数据库表：sales_data]
2025-12-07 16:58:30,716 [INFO] [成功读取表 sales_data，数据行数：27455]
2025-12-07 16:58:32,679 [INFO] [开始读取数据库表：jingpin_data]
2025-12-07 16:58:32,968 [INFO] [成功读取表 jingpin_data，数据行数：4988]
2025-12-07 16:58:33,044 [INFO] [开始读取数据库表：inventory_data]
2025-12-07 16:58:33,630 [INFO] [成功读取表 inventory_data，数据行数：5668]
2025-12-07 16:58:33,630 [INFO] [开始读取数据库表：tuiding_data]
2025-12-07 16:58:33,887 [INFO] [成功读取表 tuiding_data，数据行数：4525]
2025-12-07 16:58:33,888 [INFO] [开始读取数据库表：debit_data]
2025-12-07 16:58:36,036 [INFO] [成功读取表 debit_data，数据行数：26446]
2025-12-07 16:58:36,421 [INFO] [开始读取数据库表：sales_invoice_data]
2025-12-07 16:58:37,899 [INFO] [成功读取表 sales_invoice_data，数据行数：19990]
2025-12-07 17:27:24,862 [INFO] [数据库引擎创建成功]
2025-12-07 17:27:24,863 [INFO] [开始读取数据库表：order_data]
2025-12-07 17:27:26,607 [INFO] [成功读取表 order_data，数据行数：25083]
2025-12-07 17:27:26,935 [INFO] [开始读取数据库表：sales_data]
2025-12-07 17:27:33,691 [INFO] [成功读取表 sales_data，数据行数：27464]
2025-12-07 17:27:35,667 [INFO] [开始读取数据库表：jingpin_data]
2025-12-07 17:27:35,964 [INFO] [成功读取表 jingpin_data，数据行数：4990]
2025-12-07 17:27:36,039 [INFO] [开始读取数据库表：inventory_data]
2025-12-07 17:27:36,608 [INFO] [成功读取表 inventory_data，数据行数：5662]
2025-12-07 17:27:36,609 [INFO] [开始读取数据库表：tuiding_data]
2025-12-07 17:27:36,871 [INFO] [成功读取表 tuiding_data，数据行数：4525]
2025-12-07 17:27:36,871 [INFO] [开始读取数据库表：debit_data]
2025-12-07 17:27:39,031 [INFO] [成功读取表 debit_data，数据行数：26446]
2025-12-07 17:27:39,411 [INFO] [开始读取数据库表：sales_invoice_data]
2025-12-07 17:27:40,878 [INFO] [成功读取表 sales_invoice_data，数据行数：19999]
2025-12-07 17:57:09,866 [INFO] [数据库引擎创建成功]
2025-12-07 17:57:09,866 [INFO] [开始读取数据库表：order_data]
2025-12-07 17:57:11,544 [INFO] [成功读取表 order_data，数据行数：25100]
2025-12-07 17:57:11,881 [INFO] [开始读取数据库表：sales_data]
2025-12-07 17:57:18,636 [INFO] [成功读取表 sales_data，数据行数：27471]
2025-12-07 17:57:20,677 [INFO] [开始读取数据库表：jingpin_data]
2025-12-07 17:57:20,992 [INFO] [成功读取表 jingpin_data，数据行数：4991]
2025-12-07 17:57:21,071 [INFO] [开始读取数据库表：inventory_data]
2025-12-07 17:57:21,641 [INFO] [成功读取表 inventory_data，数据行数：5656]
2025-12-07 17:57:21,641 [INFO] [开始读取数据库表：tuiding_data]
2025-12-07 17:57:21,890 [INFO] [成功读取表 tuiding_data，数据行数：4527]
2025-12-07 17:57:21,890 [INFO] [开始读取数据库表：debit_data]
2025-12-07 17:57:23,985 [INFO] [成功读取表 debit_data，数据行数：26446]
2025-12-07 17:57:24,382 [INFO] [开始读取数据库表：sales_invoice_data]
2025-12-07 17:57:25,834 [INFO] [成功读取表 sales_invoice_data，数据行数：20006]
2025-12-07 18:26:47,757 [INFO] [数据库引擎创建成功]
2025-12-07 18:26:47,757 [INFO] [开始读取数据库表：order_data]
2025-12-07 18:26:49,638 [INFO] [成功读取表 order_data，数据行数：25115]
2025-12-07 18:26:49,966 [INFO] [开始读取数据库表：sales_data]
2025-12-07 18:26:56,660 [INFO] [成功读取表 sales_data，数据行数：27474]
2025-12-07 18:26:58,673 [INFO] [开始读取数据库表：jingpin_data]
2025-12-07 18:26:58,969 [INFO] [成功读取表 jingpin_data，数据行数：4991]
2025-12-07 18:26:59,043 [INFO] [开始读取数据库表：inventory_data]
2025-12-07 18:26:59,627 [INFO] [成功读取表 inventory_data，数据行数：5653]
2025-12-07 18:26:59,627 [INFO] [开始读取数据库表：tuiding_data]
2025-12-07 18:26:59,867 [INFO] [成功读取表 tuiding_data，数据行数：4527]
2025-12-07 18:26:59,867 [INFO] [开始读取数据库表：debit_data]
2025-12-07 18:27:01,997 [INFO] [成功读取表 debit_data，数据行数：26446]
2025-12-07 18:27:02,383 [INFO] [开始读取数据库表：sales_invoice_data]
2025-12-07 18:27:03,807 [INFO] [成功读取表 sales_invoice_data，数据行数：20009]
2025-12-07 18:56:53,591 [INFO] [数据库引擎创建成功]
2025-12-07 18:56:53,591 [INFO] [开始读取数据库表：order_data]
2025-12-07 18:56:55,384 [INFO] [成功读取表 order_data，数据行数：25127]
2025-12-07 18:56:55,720 [INFO] [开始读取数据库表：sales_data]
2025-12-07 18:57:02,452 [INFO] [成功读取表 sales_data，数据行数：27475]
2025-12-07 18:57:04,427 [INFO] [开始读取数据库表：jingpin_data]
2025-12-07 18:57:04,741 [INFO] [成功读取表 jingpin_data，数据行数：4991]
2025-12-07 18:57:04,816 [INFO] [开始读取数据库表：inventory_data]
2025-12-07 18:57:05,401 [INFO] [成功读取表 inventory_data，数据行数：5652]
2025-12-07 18:57:05,401 [INFO] [开始读取数据库表：tuiding_data]
2025-12-07 18:57:05,660 [INFO] [成功读取表 tuiding_data，数据行数：4527]
2025-12-07 18:57:05,661 [INFO] [开始读取数据库表：debit_data]
2025-12-07 18:57:07,802 [INFO] [成功读取表 debit_data，数据行数：26446]
2025-12-07 18:57:08,193 [INFO] [开始读取数据库表：sales_invoice_data]
2025-12-07 18:57:09,654 [INFO] [成功读取表 sales_invoice_data，数据行数：20010]
2025-12-07 19:26:34,395 [INFO] [数据库引擎创建成功]
2025-12-07 19:26:34,396 [INFO] [开始读取数据库表：order_data]
2025-12-07 19:26:36,279 [INFO] [成功读取表 order_data，数据行数：25129]
2025-12-07 19:26:36,611 [INFO] [开始读取数据库表：sales_data]
2025-12-07 19:26:43,354 [INFO] [成功读取表 sales_data，数据行数：27475]
2025-12-07 19:26:45,341 [INFO] [开始读取数据库表：jingpin_data]
2025-12-07 19:26:45,650 [INFO] [成功读取表 jingpin_data，数据行数：4991]
2025-12-07 19:26:45,728 [INFO] [开始读取数据库表：inventory_data]
2025-12-07 19:26:46,323 [INFO] [成功读取表 inventory_data，数据行数：5652]
2025-12-07 19:26:46,323 [INFO] [开始读取数据库表：tuiding_data]
2025-12-07 19:26:46,567 [INFO] [成功读取表 tuiding_data，数据行数：4527]
2025-12-07 19:26:46,567 [INFO] [开始读取数据库表：debit_data]
2025-12-07 19:26:48,705 [INFO] [成功读取表 debit_data，数据行数：26446]
2025-12-07 19:26:49,098 [INFO] [开始读取数据库表：sales_invoice_data]
2025-12-07 19:26:50,570 [INFO] [成功读取表 sales_invoice_data，数据行数：20010]
2025-12-07 19:56:37,107 [INFO] [数据库引擎创建成功]
2025-12-07 19:56:37,108 [INFO] [开始读取数据库表：order_data]
2025-12-07 19:56:38,680 [INFO] [成功读取表 order_data，数据行数：25130]
2025-12-07 19:56:39,019 [INFO] [开始读取数据库表：sales_data]
2025-12-07 19:56:45,747 [INFO] [成功读取表 sales_data，数据行数：27476]
2025-12-07 19:56:47,739 [INFO] [开始读取数据库表：jingpin_data]
2025-12-07 19:56:48,048 [INFO] [成功读取表 jingpin_data，数据行数：4991]
2025-12-07 19:56:48,119 [INFO] [开始读取数据库表：inventory_data]
2025-12-07 19:56:48,713 [INFO] [成功读取表 inventory_data，数据行数：5651]
2025-12-07 19:56:48,713 [INFO] [开始读取数据库表：tuiding_data]
2025-12-07 19:56:48,973 [INFO] [成功读取表 tuiding_data，数据行数：4528]
2025-12-07 19:56:48,973 [INFO] [开始读取数据库表：debit_data]
2025-12-07 19:56:51,121 [INFO] [成功读取表 debit_data，数据行数：26446]
2025-12-07 19:56:51,487 [INFO] [开始读取数据库表：sales_invoice_data]
2025-12-07 19:56:52,964 [INFO] [成功读取表 sales_invoice_data，数据行数：20011]
2025-12-07 20:26:50,680 [INFO] [数据库引擎创建成功]
2025-12-07 20:26:50,680 [INFO] [开始读取数据库表：order_data]
2025-12-07 20:26:52,537 [INFO] [成功读取表 order_data，数据行数：25131]
2025-12-07 20:26:52,875 [INFO] [开始读取数据库表：sales_data]
2025-12-07 20:26:59,412 [INFO] [成功读取表 sales_data，数据行数：27476]
2025-12-07 20:27:01,447 [INFO] [开始读取数据库表：jingpin_data]
2025-12-07 20:27:01,742 [INFO] [成功读取表 jingpin_data，数据行数：4991]
2025-12-07 20:27:01,814 [INFO] [开始读取数据库表：inventory_data]
2025-12-07 20:27:02,400 [INFO] [成功读取表 inventory_data，数据行数：5651]
2025-12-07 20:27:02,400 [INFO] [开始读取数据库表：tuiding_data]
2025-12-07 20:27:02,646 [INFO] [成功读取表 tuiding_data，数据行数：4529]
2025-12-07 20:27:02,646 [INFO] [开始读取数据库表：debit_data]
2025-12-07 20:27:04,745 [INFO] [成功读取表 debit_data，数据行数：26446]
2025-12-07 20:27:05,131 [INFO] [开始读取数据库表：sales_invoice_data]
2025-12-07 20:27:06,585 [INFO] [成功读取表 sales_invoice_data，数据行数：20011]
2025-12-07 20:56:38,596 [INFO] [数据库引擎创建成功]
2025-12-07 20:56:38,596 [INFO] [开始读取数据库表：order_data]
2025-12-07 20:56:40,461 [INFO] [成功读取表 order_data，数据行数：25131]
2025-12-07 20:56:40,791 [INFO] [开始读取数据库表：sales_data]
2025-12-07 20:56:47,640 [INFO] [成功读取表 sales_data，数据行数：27476]
2025-12-07 20:56:49,602 [INFO] [开始读取数据库表：jingpin_data]
2025-12-07 20:56:49,913 [INFO] [成功读取表 jingpin_data，数据行数：4991]
2025-12-07 20:56:49,987 [INFO] [开始读取数据库表：inventory_data]
2025-12-07 20:56:50,583 [INFO] [成功读取表 inventory_data，数据行数：5651]
2025-12-07 20:56:50,583 [INFO] [开始读取数据库表：tuiding_data]
2025-12-07 20:56:50,843 [INFO] [成功读取表 tuiding_data，数据行数：4529]
2025-12-07 20:56:50,843 [INFO] [开始读取数据库表：debit_data]
2025-12-07 20:56:53,031 [INFO] [成功读取表 debit_data，数据行数：26446]
2025-12-07 20:56:53,435 [INFO] [开始读取数据库表：sales_invoice_data]
2025-12-07 20:56:54,894 [INFO] [成功读取表 sales_invoice_data，数据行数：20011]
2025-12-07 21:27:07,759 [INFO] [数据库引擎创建成功]
2025-12-07 21:27:07,759 [INFO] [开始读取数据库表：order_data]
2025-12-07 21:27:09,190 [INFO] [成功读取表 order_data，数据行数：25132]
2025-12-07 21:27:09,522 [INFO] [开始读取数据库表：sales_data]
2025-12-07 21:27:16,305 [INFO] [成功读取表 sales_data，数据行数：27476]
2025-12-07 21:27:18,296 [INFO] [开始读取数据库表：jingpin_data]
2025-12-07 21:27:18,595 [INFO] [成功读取表 jingpin_data，数据行数：4991]
2025-12-07 21:27:18,668 [INFO] [开始读取数据库表：inventory_data]
2025-12-07 21:27:19,259 [INFO] [成功读取表 inventory_data，数据行数：5651]
2025-12-07 21:27:19,259 [INFO] [开始读取数据库表：tuiding_data]
2025-12-07 21:27:19,515 [INFO] [成功读取表 tuiding_data，数据行数：4529]
2025-12-07 21:27:19,515 [INFO] [开始读取数据库表：debit_data]
2025-12-07 21:27:21,649 [INFO] [成功读取表 debit_data，数据行数：26446]
2025-12-07 21:27:22,035 [INFO] [开始读取数据库表：sales_invoice_data]
2025-12-07 21:27:23,517 [INFO] [成功读取表 sales_invoice_data，数据行数：20011]
2025-12-07 21:56:54,326 [INFO] [数据库引擎创建成功]
2025-12-07 21:56:54,326 [INFO] [开始读取数据库表：order_data]
2025-12-07 21:56:55,927 [INFO] [成功读取表 order_data，数据行数：25132]
2025-12-07 21:56:56,283 [INFO] [开始读取数据库表：sales_data]
2025-12-07 21:57:03,027 [INFO] [成功读取表 sales_data，数据行数：27476]
2025-12-07 21:57:05,003 [INFO] [开始读取数据库表：jingpin_data]
2025-12-07 21:57:05,311 [INFO] [成功读取表 jingpin_data，数据行数：4991]
2025-12-07 21:57:05,386 [INFO] [开始读取数据库表：inventory_data]
2025-12-07 21:57:05,983 [INFO] [成功读取表 inventory_data，数据行数：5651]
2025-12-07 21:57:05,984 [INFO] [开始读取数据库表：tuiding_data]
2025-12-07 21:57:06,235 [INFO] [成功读取表 tuiding_data，数据行数：4529]
2025-12-07 21:57:06,235 [INFO] [开始读取数据库表：debit_data]
2025-12-07 21:57:08,373 [INFO] [成功读取表 debit_data，数据行数：26471]
2025-12-07 21:57:08,755 [INFO] [开始读取数据库表：sales_invoice_data]
2025-12-07 21:57:10,253 [INFO] [成功读取表 sales_invoice_data，数据行数：20011]
2025-12-07 22:26:40,059 [INFO] [数据库引擎创建成功]
2025-12-07 22:26:40,059 [INFO] [开始读取数据库表：order_data]
2025-12-07 22:26:41,766 [INFO] [成功读取表 order_data，数据行数：25133]
2025-12-07 22:26:42,105 [INFO] [开始读取数据库表：sales_data]
2025-12-07 22:26:48,877 [INFO] [成功读取表 sales_data，数据行数：27476]
2025-12-07 22:26:50,860 [INFO] [开始读取数据库表：jingpin_data]
2025-12-07 22:26:51,174 [INFO] [成功读取表 jingpin_data，数据行数：4991]
2025-12-07 22:26:51,253 [INFO] [开始读取数据库表：inventory_data]
2025-12-07 22:26:51,857 [INFO] [成功读取表 inventory_data，数据行数：5651]
2025-12-07 22:26:51,858 [INFO] [开始读取数据库表：tuiding_data]
2025-12-07 22:26:52,116 [INFO] [成功读取表 tuiding_data，数据行数：4529]
2025-12-07 22:26:52,116 [INFO] [开始读取数据库表：debit_data]
2025-12-07 22:26:54,255 [INFO] [成功读取表 debit_data，数据行数：26471]
2025-12-07 22:26:54,645 [INFO] [开始读取数据库表：sales_invoice_data]
2025-12-07 22:26:56,131 [INFO] [成功读取表 sales_invoice_data，数据行数：20011]
2025-12-07 22:56:39,097 [INFO] [数据库引擎创建成功]
2025-12-07 22:56:39,098 [INFO] [开始读取数据库表：order_data]
2025-12-07 22:56:40,931 [INFO] [成功读取表 order_data，数据行数：25134]
2025-12-07 22:56:41,266 [INFO] [开始读取数据库表：sales_data]
2025-12-07 22:56:48,042 [INFO] [成功读取表 sales_data，数据行数：27476]
2025-12-07 22:56:50,013 [INFO] [开始读取数据库表：jingpin_data]
2025-12-07 22:56:50,327 [INFO] [成功读取表 jingpin_data，数据行数：4991]
2025-12-07 22:56:50,397 [INFO] [开始读取数据库表：inventory_data]
2025-12-07 22:56:50,986 [INFO] [成功读取表 inventory_data，数据行数：5651]
2025-12-07 22:56:50,986 [INFO] [开始读取数据库表：tuiding_data]
2025-12-07 22:56:51,214 [INFO] [成功读取表 tuiding_data，数据行数：4529]
2025-12-07 22:56:51,214 [INFO] [开始读取数据库表：debit_data]
2025-12-07 22:56:53,350 [INFO] [成功读取表 debit_data，数据行数：26471]
2025-12-07 22:56:53,731 [INFO] [开始读取数据库表：sales_invoice_data]
2025-12-07 22:56:55,230 [INFO] [成功读取表 sales_invoice_data，数据行数：20011]
2025-12-07 23:26:40,382 [INFO] [数据库引擎创建成功]
2025-12-07 23:26:40,383 [INFO] [开始读取数据库表：order_data]
2025-12-07 23:26:41,940 [INFO] [成功读取表 order_data，数据行数：25134]
2025-12-07 23:26:42,265 [INFO] [开始读取数据库表：sales_data]
2025-12-07 23:26:48,978 [INFO] [成功读取表 sales_data，数据行数：27476]
2025-12-07 23:26:50,957 [INFO] [开始读取数据库表：jingpin_data]
2025-12-07 23:26:51,263 [INFO] [成功读取表 jingpin_data，数据行数：4991]
2025-12-07 23:26:51,334 [INFO] [开始读取数据库表：inventory_data]
2025-12-07 23:26:51,915 [INFO] [成功读取表 inventory_data，数据行数：5651]
2025-12-07 23:26:51,917 [INFO] [开始读取数据库表：tuiding_data]
2025-12-07 23:26:52,162 [INFO] [成功读取表 tuiding_data，数据行数：4529]
2025-12-07 23:26:52,162 [INFO] [开始读取数据库表：debit_data]
2025-12-07 23:26:54,309 [INFO] [成功读取表 debit_data，数据行数：26471]
2025-12-07 23:26:54,700 [INFO] [开始读取数据库表：sales_invoice_data]
2025-12-07 23:26:56,184 [INFO] [成功读取表 sales_invoice_data，数据行数：20011]
2025-12-07 23:56:51,101 [INFO] [数据库引擎创建成功]
2025-12-07 23:56:51,101 [INFO] [开始读取数据库表：order_data]
2025-12-07 23:56:52,795 [INFO] [成功读取表 order_data，数据行数：25134]
2025-12-07 23:56:53,115 [INFO] [开始读取数据库表：sales_data]
2025-12-07 23:56:59,776 [INFO] [成功读取表 sales_data，数据行数：27476]
2025-12-07 23:57:01,757 [INFO] [开始读取数据库表：jingpin_data]
2025-12-07 23:57:02,072 [INFO] [成功读取表 jingpin_data，数据行数：4991]
2025-12-07 23:57:02,148 [INFO] [开始读取数据库表：inventory_data]
2025-12-07 23:57:02,692 [INFO] [成功读取表 inventory_data，数据行数：5651]
2025-12-07 23:57:02,692 [INFO] [开始读取数据库表：tuiding_data]
2025-12-07 23:57:02,930 [INFO] [成功读取表 tuiding_data，数据行数：4529]
2025-12-07 23:57:02,931 [INFO] [开始读取数据库表：debit_data]
2025-12-07 23:57:05,058 [INFO] [成功读取表 debit_data，数据行数：26471]
2025-12-07 23:57:05,454 [INFO] [开始读取数据库表：sales_invoice_data]
2025-12-07 23:57:06,915 [INFO] [成功读取表 sales_invoice_data，数据行数：20011]
