2025-12-18 00:00:15,998 [INFO] [数据库引擎创建成功]
2025-12-18 00:00:15,999 [INFO] [开始读取数据库表：order_data]
2025-12-18 00:00:17,481 [INFO] [成功读取表 order_data，数据行数：25970]
2025-12-18 00:00:17,770 [INFO] [开始读取数据库表：sales_data]
2025-12-18 00:00:21,131 [INFO] [成功读取表 sales_data，数据行数：23660]
2025-12-18 00:00:22,898 [INFO] [开始读取数据库表：jingpin_data]
2025-12-18 00:00:23,052 [INFO] [成功读取表 jingpin_data，数据行数：5030]
2025-12-18 00:00:23,116 [INFO] [开始读取数据库表：inventory_data]
2025-12-18 00:00:23,448 [INFO] [成功读取表 inventory_data，数据行数：4499]
2025-12-18 00:00:23,449 [INFO] [开始读取数据库表：tuiding_data]
2025-12-18 00:00:23,689 [INFO] [成功读取表 tuiding_data，数据行数：4672]
2025-12-18 00:00:23,689 [INFO] [开始读取数据库表：debit_data]
2025-12-18 00:00:25,157 [INFO] [成功读取表 debit_data，数据行数：26668]
2025-12-18 00:00:25,480 [INFO] [开始读取数据库表：sales_invoice_data]
2025-12-18 00:00:26,670 [INFO] [成功读取表 sales_invoice_data，数据行数：21295]
2025-12-18 08:58:36,665 [INFO] [数据库引擎创建成功]
2025-12-18 08:58:36,666 [INFO] [开始读取数据库表：order_data]
2025-12-18 08:58:38,157 [INFO] [成功读取表 order_data，数据行数：25971]
2025-12-18 08:58:38,442 [INFO] [开始读取数据库表：sales_data]
2025-12-18 08:58:41,858 [INFO] [成功读取表 sales_data，数据行数：23660]
2025-12-18 08:58:43,743 [INFO] [开始读取数据库表：jingpin_data]
2025-12-18 08:58:43,899 [INFO] [成功读取表 jingpin_data，数据行数：5030]
2025-12-18 08:58:43,991 [INFO] [开始读取数据库表：inventory_data]
2025-12-18 08:58:44,353 [INFO] [成功读取表 inventory_data，数据行数：4499]
2025-12-18 08:58:44,353 [INFO] [开始读取数据库表：tuiding_data]
2025-12-18 08:58:44,597 [INFO] [成功读取表 tuiding_data，数据行数：4672]
2025-12-18 08:58:44,598 [INFO] [开始读取数据库表：debit_data]
2025-12-18 08:58:46,221 [INFO] [成功读取表 debit_data，数据行数：26668]
2025-12-18 08:58:46,579 [INFO] [开始读取数据库表：sales_invoice_data]
2025-12-18 08:58:47,764 [INFO] [成功读取表 sales_invoice_data，数据行数：21295]
2025-12-18 09:31:37,266 [INFO] [数据库引擎创建成功]
2025-12-18 09:31:37,267 [INFO] [开始读取数据库表：order_data]
2025-12-18 09:31:38,670 [INFO] [成功读取表 order_data，数据行数：25970]
2025-12-18 09:31:38,958 [INFO] [开始读取数据库表：sales_data]
2025-12-18 09:31:42,043 [INFO] [成功读取表 sales_data，数据行数：23662]
2025-12-18 09:31:43,672 [INFO] [开始读取数据库表：jingpin_data]
2025-12-18 09:31:43,843 [INFO] [成功读取表 jingpin_data，数据行数：5032]
2025-12-18 09:31:43,903 [INFO] [开始读取数据库表：inventory_data]
2025-12-18 09:31:44,234 [INFO] [成功读取表 inventory_data，数据行数：4497]
2025-12-18 09:31:44,234 [INFO] [开始读取数据库表：tuiding_data]
2025-12-18 09:31:44,463 [INFO] [成功读取表 tuiding_data，数据行数：4675]
2025-12-18 09:31:44,463 [INFO] [开始读取数据库表：debit_data]
2025-12-18 09:31:45,948 [INFO] [成功读取表 debit_data，数据行数：26668]
2025-12-18 09:31:46,257 [INFO] [开始读取数据库表：sales_invoice_data]
2025-12-18 09:31:47,331 [INFO] [成功读取表 sales_invoice_data，数据行数：21297]
2025-12-18 10:01:14,706 [INFO] [数据库引擎创建成功]
2025-12-18 10:01:14,707 [INFO] [开始读取数据库表：order_data]
2025-12-18 10:01:16,294 [INFO] [成功读取表 order_data，数据行数：25970]
2025-12-18 10:01:16,620 [INFO] [开始读取数据库表：sales_data]
2025-12-18 10:01:20,978 [INFO] [成功读取表 sales_data，数据行数：23662]
2025-12-18 10:01:22,813 [INFO] [开始读取数据库表：jingpin_data]
2025-12-18 10:01:22,974 [INFO] [成功读取表 jingpin_data，数据行数：5033]
2025-12-18 10:01:23,032 [INFO] [开始读取数据库表：inventory_data]
2025-12-18 10:01:23,378 [INFO] [成功读取表 inventory_data，数据行数：4496]
2025-12-18 10:01:23,379 [INFO] [开始读取数据库表：tuiding_data]
2025-12-18 10:01:23,609 [INFO] [成功读取表 tuiding_data，数据行数：4682]
2025-12-18 10:01:23,609 [INFO] [开始读取数据库表：debit_data]
2025-12-18 10:01:25,295 [INFO] [成功读取表 debit_data，数据行数：26668]
2025-12-18 10:01:25,714 [INFO] [开始读取数据库表：sales_invoice_data]
2025-12-18 10:01:26,935 [INFO] [成功读取表 sales_invoice_data，数据行数：21297]
2025-12-18 10:19:48,961 [INFO] [数据库引擎创建成功]
2025-12-18 10:19:48,961 [INFO] [开始读取数据库表：order_data]
2025-12-18 10:19:49,579 [INFO] [成功读取表 order_data，数据行数：25970]
2025-12-18 10:19:49,716 [INFO] [开始读取数据库表：sales_data]
2025-12-18 10:19:50,920 [INFO] [成功读取表 sales_data，数据行数：23662]
2025-12-18 10:19:51,831 [INFO] [开始读取数据库表：jingpin_data]
2025-12-18 10:19:51,893 [INFO] [成功读取表 jingpin_data，数据行数：5033]
2025-12-18 10:19:51,918 [INFO] [开始读取数据库表：inventory_data]
2025-12-18 10:19:52,030 [INFO] [成功读取表 inventory_data，数据行数：4496]
2025-12-18 10:19:52,030 [INFO] [开始读取数据库表：tuiding_data]
2025-12-18 10:19:52,117 [INFO] [成功读取表 tuiding_data，数据行数：4682]
2025-12-18 10:19:52,117 [INFO] [开始读取数据库表：debit_data]
2025-12-18 10:19:52,580 [INFO] [成功读取表 debit_data，数据行数：26668]
2025-12-18 10:19:52,712 [INFO] [开始读取数据库表：sales_invoice_data]
2025-12-18 10:19:53,072 [INFO] [成功读取表 sales_invoice_data，数据行数：21297]
2025-12-18 10:21:42,154 [INFO] [数据库引擎创建成功]
2025-12-18 10:21:42,154 [INFO] [开始读取数据库表：order_data]
2025-12-18 10:21:42,704 [INFO] [成功读取表 order_data，数据行数：25970]
2025-12-18 10:21:42,826 [INFO] [开始读取数据库表：sales_data]
2025-12-18 10:21:44,029 [INFO] [成功读取表 sales_data，数据行数：23662]
2025-12-18 10:21:44,868 [INFO] [开始读取数据库表：jingpin_data]
2025-12-18 10:21:44,918 [INFO] [成功读取表 jingpin_data，数据行数：5033]
2025-12-18 10:21:44,945 [INFO] [开始读取数据库表：inventory_data]
2025-12-18 10:21:45,086 [INFO] [成功读取表 inventory_data，数据行数：4496]
2025-12-18 10:21:45,086 [INFO] [开始读取数据库表：tuiding_data]
2025-12-18 10:21:45,190 [INFO] [成功读取表 tuiding_data，数据行数：4682]
2025-12-18 10:21:45,191 [INFO] [开始读取数据库表：debit_data]
2025-12-18 10:21:45,701 [INFO] [成功读取表 debit_data，数据行数：26668]
2025-12-18 10:21:45,851 [INFO] [开始读取数据库表：sales_invoice_data]
2025-12-18 10:21:46,266 [INFO] [成功读取表 sales_invoice_data，数据行数：21297]
2025-12-18 10:22:35,298 [INFO] [数据库引擎创建成功]
2025-12-18 10:22:35,298 [INFO] [开始读取数据库表：order_data]
2025-12-18 10:22:35,842 [INFO] [成功读取表 order_data，数据行数：25970]
2025-12-18 10:22:35,958 [INFO] [开始读取数据库表：sales_data]
2025-12-18 10:22:37,145 [INFO] [成功读取表 sales_data，数据行数：23662]
2025-12-18 10:22:37,869 [INFO] [开始读取数据库表：jingpin_data]
2025-12-18 10:22:37,917 [INFO] [成功读取表 jingpin_data，数据行数：5033]
2025-12-18 10:22:37,940 [INFO] [开始读取数据库表：inventory_data]
2025-12-18 10:22:38,045 [INFO] [成功读取表 inventory_data，数据行数：4496]
2025-12-18 10:22:38,045 [INFO] [开始读取数据库表：tuiding_data]
2025-12-18 10:22:38,131 [INFO] [成功读取表 tuiding_data，数据行数：4682]
2025-12-18 10:22:38,131 [INFO] [开始读取数据库表：debit_data]
2025-12-18 10:22:38,725 [INFO] [成功读取表 debit_data，数据行数：26668]
2025-12-18 10:22:38,896 [INFO] [开始读取数据库表：sales_invoice_data]
2025-12-18 10:22:39,357 [INFO] [成功读取表 sales_invoice_data，数据行数：21297]
2025-12-18 10:32:09,200 [INFO] [数据库引擎创建成功]
2025-12-18 10:32:09,201 [INFO] [开始读取数据库表：order_data]
2025-12-18 10:32:10,998 [INFO] [成功读取表 order_data，数据行数：25968]
2025-12-18 10:32:11,279 [INFO] [开始读取数据库表：sales_data]
2025-12-18 10:32:14,586 [INFO] [成功读取表 sales_data，数据行数：23668]
2025-12-18 10:32:16,291 [INFO] [开始读取数据库表：jingpin_data]
2025-12-18 10:32:16,457 [INFO] [成功读取表 jingpin_data，数据行数：5035]
2025-12-18 10:32:16,535 [INFO] [开始读取数据库表：inventory_data]
2025-12-18 10:32:16,897 [INFO] [成功读取表 inventory_data，数据行数：4492]
2025-12-18 10:32:16,898 [INFO] [开始读取数据库表：tuiding_data]
2025-12-18 10:32:17,116 [INFO] [成功读取表 tuiding_data，数据行数：4684]
2025-12-18 10:32:17,116 [INFO] [开始读取数据库表：debit_data]
2025-12-18 10:32:18,667 [INFO] [成功读取表 debit_data，数据行数：26668]
2025-12-18 10:32:19,042 [INFO] [开始读取数据库表：sales_invoice_data]
2025-12-18 10:32:20,239 [INFO] [成功读取表 sales_invoice_data，数据行数：21300]
2025-12-18 11:03:11,288 [INFO] [数据库引擎创建成功]
2025-12-18 11:03:11,289 [INFO] [开始读取数据库表：order_data]
2025-12-18 11:03:12,835 [INFO] [成功读取表 order_data，数据行数：25968]
2025-12-18 11:03:13,158 [INFO] [开始读取数据库表：sales_data]
2025-12-18 11:03:16,837 [INFO] [成功读取表 sales_data，数据行数：23669]
2025-12-18 11:03:18,777 [INFO] [开始读取数据库表：jingpin_data]
2025-12-18 11:03:18,953 [INFO] [成功读取表 jingpin_data，数据行数：5038]
2025-12-18 11:03:19,027 [INFO] [开始读取数据库表：inventory_data]
2025-12-18 11:03:19,429 [INFO] [成功读取表 inventory_data，数据行数：4490]
2025-12-18 11:03:19,429 [INFO] [开始读取数据库表：tuiding_data]
2025-12-18 11:03:19,679 [INFO] [成功读取表 tuiding_data，数据行数：4684]
2025-12-18 11:03:19,679 [INFO] [开始读取数据库表：debit_data]
2025-12-18 11:03:21,294 [INFO] [成功读取表 debit_data，数据行数：26573]
2025-12-18 11:03:21,703 [INFO] [开始读取数据库表：sales_invoice_data]
2025-12-18 11:03:22,928 [INFO] [成功读取表 sales_invoice_data，数据行数：21302]
2025-12-18 11:31:33,441 [INFO] [数据库引擎创建成功]
2025-12-18 11:31:33,442 [INFO] [开始读取数据库表：order_data]
2025-12-18 11:31:35,106 [INFO] [成功读取表 order_data，数据行数：25967]
2025-12-18 11:31:35,456 [INFO] [开始读取数据库表：sales_data]
2025-12-18 11:31:38,921 [INFO] [成功读取表 sales_data，数据行数：23676]
2025-12-18 11:31:40,809 [INFO] [开始读取数据库表：jingpin_data]
2025-12-18 11:31:40,983 [INFO] [成功读取表 jingpin_data，数据行数：5040]
2025-12-18 11:31:41,073 [INFO] [开始读取数据库表：inventory_data]
2025-12-18 11:31:41,441 [INFO] [成功读取表 inventory_data，数据行数：4484]
2025-12-18 11:31:41,441 [INFO] [开始读取数据库表：tuiding_data]
2025-12-18 11:31:41,663 [INFO] [成功读取表 tuiding_data，数据行数：4685]
2025-12-18 11:31:41,664 [INFO] [开始读取数据库表：debit_data]
2025-12-18 11:31:43,127 [INFO] [成功读取表 debit_data，数据行数：26573]
2025-12-18 11:31:43,490 [INFO] [开始读取数据库表：sales_invoice_data]
2025-12-18 11:31:44,652 [INFO] [成功读取表 sales_invoice_data，数据行数：21307]
2025-12-18 12:00:10,466 [INFO] [数据库引擎创建成功]
2025-12-18 12:00:10,467 [INFO] [开始读取数据库表：order_data]
2025-12-18 12:00:11,990 [INFO] [成功读取表 order_data，数据行数：25967]
2025-12-18 12:00:12,244 [INFO] [开始读取数据库表：sales_data]
2025-12-18 12:00:19,155 [INFO] [成功读取表 sales_data，数据行数：23677]
2025-12-18 12:00:20,875 [INFO] [开始读取数据库表：jingpin_data]
2025-12-18 12:00:21,048 [INFO] [成功读取表 jingpin_data，数据行数：5041]
2025-12-18 12:00:21,120 [INFO] [开始读取数据库表：inventory_data]
2025-12-18 12:00:21,526 [INFO] [成功读取表 inventory_data，数据行数：4484]
2025-12-18 12:00:21,527 [INFO] [开始读取数据库表：tuiding_data]
2025-12-18 12:00:21,788 [INFO] [成功读取表 tuiding_data，数据行数：4685]
2025-12-18 12:00:21,788 [INFO] [开始读取数据库表：debit_data]
2025-12-18 12:00:23,394 [INFO] [成功读取表 debit_data，数据行数：26573]
2025-12-18 12:00:23,721 [INFO] [开始读取数据库表：sales_invoice_data]
2025-12-18 12:00:24,884 [INFO] [成功读取表 sales_invoice_data，数据行数：21308]
2025-12-18 12:32:23,994 [INFO] [数据库引擎创建成功]
2025-12-18 12:32:23,994 [INFO] [开始读取数据库表：order_data]
2025-12-18 12:32:25,506 [INFO] [成功读取表 order_data，数据行数：25970]
2025-12-18 12:32:25,839 [INFO] [开始读取数据库表：sales_data]
2025-12-18 12:32:29,361 [INFO] [成功读取表 sales_data，数据行数：23679]
2025-12-18 12:32:31,269 [INFO] [开始读取数据库表：jingpin_data]
2025-12-18 12:32:31,456 [INFO] [成功读取表 jingpin_data，数据行数：5041]
2025-12-18 12:32:31,538 [INFO] [开始读取数据库表：inventory_data]
2025-12-18 12:32:31,918 [INFO] [成功读取表 inventory_data，数据行数：4482]
2025-12-18 12:32:31,918 [INFO] [开始读取数据库表：tuiding_data]
2025-12-18 12:32:32,152 [INFO] [成功读取表 tuiding_data，数据行数：4685]
2025-12-18 12:32:32,152 [INFO] [开始读取数据库表：debit_data]
2025-12-18 12:32:33,759 [INFO] [成功读取表 debit_data，数据行数：26573]
2025-12-18 12:32:34,152 [INFO] [开始读取数据库表：sales_invoice_data]
2025-12-18 12:32:35,390 [INFO] [成功读取表 sales_invoice_data，数据行数：21309]
2025-12-18 13:00:25,709 [INFO] [数据库引擎创建成功]
2025-12-18 13:00:25,710 [INFO] [开始读取数据库表：order_data]
2025-12-18 13:00:27,292 [INFO] [成功读取表 order_data，数据行数：25969]
2025-12-18 13:00:27,586 [INFO] [开始读取数据库表：sales_data]
2025-12-18 13:00:31,112 [INFO] [成功读取表 sales_data，数据行数：23678]
2025-12-18 13:00:32,994 [INFO] [开始读取数据库表：jingpin_data]
2025-12-18 13:00:33,181 [INFO] [成功读取表 jingpin_data，数据行数：5045]
2025-12-18 13:00:33,246 [INFO] [开始读取数据库表：inventory_data]
2025-12-18 13:00:33,549 [INFO] [成功读取表 inventory_data，数据行数：3929]
2025-12-18 13:00:33,549 [INFO] [开始读取数据库表：tuiding_data]
2025-12-18 13:00:33,814 [INFO] [成功读取表 tuiding_data，数据行数：4685]
2025-12-18 13:00:33,815 [INFO] [开始读取数据库表：debit_data]
2025-12-18 13:00:35,535 [INFO] [成功读取表 debit_data，数据行数：26573]
2025-12-18 13:00:35,928 [INFO] [开始读取数据库表：sales_invoice_data]
2025-12-18 13:00:37,176 [INFO] [成功读取表 sales_invoice_data，数据行数：21308]
2025-12-18 13:30:59,721 [INFO] [数据库引擎创建成功]
2025-12-18 13:30:59,721 [INFO] [开始读取数据库表：order_data]
2025-12-18 13:31:01,252 [INFO] [成功读取表 order_data，数据行数：25972]
2025-12-18 13:31:01,563 [INFO] [开始读取数据库表：sales_data]
2025-12-18 13:31:05,139 [INFO] [成功读取表 sales_data，数据行数：23683]
2025-12-18 13:31:06,980 [INFO] [开始读取数据库表：jingpin_data]
2025-12-18 13:31:07,143 [INFO] [成功读取表 jingpin_data，数据行数：5045]
2025-12-18 13:31:07,202 [INFO] [开始读取数据库表：inventory_data]
2025-12-18 13:31:07,561 [INFO] [成功读取表 inventory_data，数据行数：4478]
2025-12-18 13:31:07,562 [INFO] [开始读取数据库表：tuiding_data]
2025-12-18 13:31:07,827 [INFO] [成功读取表 tuiding_data，数据行数：4685]
2025-12-18 13:31:07,827 [INFO] [开始读取数据库表：debit_data]
2025-12-18 13:31:09,433 [INFO] [成功读取表 debit_data，数据行数：26573]
2025-12-18 13:31:09,780 [INFO] [开始读取数据库表：sales_invoice_data]
2025-12-18 13:31:11,032 [INFO] [成功读取表 sales_invoice_data，数据行数：21314]
2025-12-18 13:59:41,949 [INFO] [数据库引擎创建成功]
2025-12-18 13:59:41,950 [INFO] [开始读取数据库表：order_data]
2025-12-18 13:59:43,290 [INFO] [成功读取表 order_data，数据行数：25972]
2025-12-18 13:59:43,598 [INFO] [开始读取数据库表：sales_data]
2025-12-18 13:59:46,809 [INFO] [成功读取表 sales_data，数据行数：23688]
2025-12-18 13:59:48,519 [INFO] [开始读取数据库表：jingpin_data]
2025-12-18 13:59:48,654 [INFO] [成功读取表 jingpin_data，数据行数：5047]
2025-12-18 13:59:48,723 [INFO] [开始读取数据库表：inventory_data]
2025-12-18 13:59:49,029 [INFO] [成功读取表 inventory_data，数据行数：4473]
2025-12-18 13:59:49,029 [INFO] [开始读取数据库表：tuiding_data]
2025-12-18 13:59:49,251 [INFO] [成功读取表 tuiding_data，数据行数：4685]
2025-12-18 13:59:49,251 [INFO] [开始读取数据库表：debit_data]
2025-12-18 13:59:50,708 [INFO] [成功读取表 debit_data，数据行数：26573]
2025-12-18 13:59:51,053 [INFO] [开始读取数据库表：sales_invoice_data]
2025-12-18 13:59:52,110 [INFO] [成功读取表 sales_invoice_data，数据行数：21319]
2025-12-18 14:31:50,596 [INFO] [数据库引擎创建成功]
2025-12-18 14:31:50,597 [INFO] [开始读取数据库表：order_data]
2025-12-18 14:31:52,279 [INFO] [成功读取表 order_data，数据行数：25973]
2025-12-18 14:31:52,547 [INFO] [开始读取数据库表：sales_data]
2025-12-18 14:31:58,600 [INFO] [成功读取表 sales_data，数据行数：23691]
2025-12-18 14:32:00,572 [INFO] [开始读取数据库表：jingpin_data]
2025-12-18 14:32:00,737 [INFO] [成功读取表 jingpin_data，数据行数：5048]
2025-12-18 14:32:00,817 [INFO] [开始读取数据库表：inventory_data]
2025-12-18 14:32:01,137 [INFO] [成功读取表 inventory_data，数据行数：4470]
2025-12-18 14:32:01,137 [INFO] [开始读取数据库表：tuiding_data]
2025-12-18 14:32:01,360 [INFO] [成功读取表 tuiding_data，数据行数：4686]
2025-12-18 14:32:01,360 [INFO] [开始读取数据库表：debit_data]
2025-12-18 14:32:02,830 [INFO] [成功读取表 debit_data，数据行数：26573]
2025-12-18 14:32:03,168 [INFO] [开始读取数据库表：sales_invoice_data]
2025-12-18 14:32:04,493 [INFO] [成功读取表 sales_invoice_data，数据行数：21322]
2025-12-18 15:01:09,619 [INFO] [数据库引擎创建成功]
2025-12-18 15:01:09,620 [INFO] [开始读取数据库表：order_data]
2025-12-18 15:01:11,373 [INFO] [成功读取表 order_data，数据行数：25973]
2025-12-18 15:01:11,659 [INFO] [开始读取数据库表：sales_data]
2025-12-18 15:01:14,729 [INFO] [成功读取表 sales_data，数据行数：23697]
2025-12-18 15:01:16,351 [INFO] [开始读取数据库表：jingpin_data]
2025-12-18 15:01:16,505 [INFO] [成功读取表 jingpin_data，数据行数：5049]
2025-12-18 15:01:16,568 [INFO] [开始读取数据库表：inventory_data]
2025-12-18 15:01:16,956 [INFO] [成功读取表 inventory_data，数据行数：4466]
2025-12-18 15:01:16,956 [INFO] [开始读取数据库表：tuiding_data]
2025-12-18 15:01:17,186 [INFO] [成功读取表 tuiding_data，数据行数：4687]
2025-12-18 15:01:17,186 [INFO] [开始读取数据库表：debit_data]
2025-12-18 15:01:18,548 [INFO] [成功读取表 debit_data，数据行数：26573]
2025-12-18 15:01:18,847 [INFO] [开始读取数据库表：sales_invoice_data]
2025-12-18 15:01:19,923 [INFO] [成功读取表 sales_invoice_data，数据行数：21326]
2025-12-18 15:29:09,865 [INFO] [数据库引擎创建成功]
2025-12-18 15:29:09,866 [INFO] [开始读取数据库表：order_data]
2025-12-18 15:29:11,834 [INFO] [成功读取表 order_data，数据行数：25975]
2025-12-18 15:29:12,161 [INFO] [开始读取数据库表：sales_data]
2025-12-18 15:29:15,219 [INFO] [成功读取表 sales_data，数据行数：17865]
2025-12-18 15:29:17,258 [INFO] [开始读取数据库表：jingpin_data]
2025-12-18 15:29:17,447 [INFO] [成功读取表 jingpin_data，数据行数：5049]
2025-12-18 15:29:18,205 [INFO] [开始读取数据库表：inventory_data]
2025-12-18 15:29:18,549 [INFO] [成功读取表 inventory_data，数据行数：4457]
2025-12-18 15:29:18,550 [INFO] [开始读取数据库表：tuiding_data]
2025-12-18 15:29:18,722 [INFO] [成功读取表 tuiding_data，数据行数：4687]
2025-12-18 15:29:18,722 [INFO] [开始读取数据库表：debit_data]
2025-12-18 15:29:20,291 [INFO] [成功读取表 debit_data，数据行数：26573]
2025-12-18 15:29:20,677 [INFO] [开始读取数据库表：sales_invoice_data]
2025-12-18 15:29:21,731 [INFO] [成功读取表 sales_invoice_data，数据行数：15877]
2025-12-18 15:48:24,159 [INFO] [数据库引擎创建成功]
2025-12-18 15:48:24,159 [INFO] [开始读取数据库表：order_data]
2025-12-18 15:48:24,887 [INFO] [成功读取表 order_data，数据行数：25992]
2025-12-18 15:48:25,034 [INFO] [开始读取数据库表：sales_data]
2025-12-18 15:48:26,269 [INFO] [成功读取表 sales_data，数据行数：17872]
2025-12-18 15:48:27,164 [INFO] [开始读取数据库表：jingpin_data]
2025-12-18 15:48:27,228 [INFO] [成功读取表 jingpin_data，数据行数：5049]
2025-12-18 15:48:27,258 [INFO] [开始读取数据库表：inventory_data]
2025-12-18 15:48:27,403 [INFO] [成功读取表 inventory_data，数据行数：4457]
2025-12-18 15:48:27,403 [INFO] [开始读取数据库表：tuiding_data]
2025-12-18 15:48:27,486 [INFO] [成功读取表 tuiding_data，数据行数：4687]
2025-12-18 15:48:27,486 [INFO] [开始读取数据库表：debit_data]
2025-12-18 15:48:28,139 [INFO] [成功读取表 debit_data，数据行数：26573]
2025-12-18 15:48:28,300 [INFO] [开始读取数据库表：sales_invoice_data]
2025-12-18 15:48:28,663 [INFO] [成功读取表 sales_invoice_data，数据行数：15882]
2025-12-18 15:57:56,434 [INFO] [数据库引擎创建成功]
2025-12-18 15:57:56,435 [INFO] [开始读取数据库表：order_data]
2025-12-18 15:57:58,186 [INFO] [成功读取表 order_data，数据行数：25978]
2025-12-18 15:57:58,496 [INFO] [开始读取数据库表：sales_data]
2025-12-18 15:58:01,523 [INFO] [成功读取表 sales_data，数据行数：17873]
2025-12-18 15:58:04,099 [INFO] [开始读取数据库表：jingpin_data]
2025-12-18 15:58:04,301 [INFO] [成功读取表 jingpin_data，数据行数：5052]
2025-12-18 15:58:04,393 [INFO] [开始读取数据库表：inventory_data]
2025-12-18 15:58:04,807 [INFO] [成功读取表 inventory_data，数据行数：4452]
2025-12-18 15:58:04,807 [INFO] [开始读取数据库表：tuiding_data]
2025-12-18 15:58:05,076 [INFO] [成功读取表 tuiding_data，数据行数：4687]
2025-12-18 15:58:05,076 [INFO] [开始读取数据库表：debit_data]
2025-12-18 15:58:07,097 [INFO] [成功读取表 debit_data，数据行数：26573]
2025-12-18 15:58:07,495 [INFO] [开始读取数据库表：sales_invoice_data]
2025-12-18 15:58:08,558 [INFO] [成功读取表 sales_invoice_data，数据行数：15883]
2025-12-18 16:29:48,455 [INFO] [数据库引擎创建成功]
2025-12-18 16:29:48,456 [INFO] [开始读取数据库表：order_data]
2025-12-18 16:29:49,849 [INFO] [成功读取表 order_data，数据行数：25979]
2025-12-18 16:29:50,087 [INFO] [开始读取数据库表：sales_data]
2025-12-18 16:29:52,489 [INFO] [成功读取表 sales_data，数据行数：17880]
2025-12-18 16:29:54,175 [INFO] [开始读取数据库表：jingpin_data]
2025-12-18 16:29:54,319 [INFO] [成功读取表 jingpin_data，数据行数：5053]
2025-12-18 16:29:54,361 [INFO] [开始读取数据库表：inventory_data]
2025-12-18 16:29:54,685 [INFO] [成功读取表 inventory_data，数据行数：4444]
2025-12-18 16:29:54,685 [INFO] [开始读取数据库表：tuiding_data]
2025-12-18 16:29:54,870 [INFO] [成功读取表 tuiding_data，数据行数：4688]
2025-12-18 16:29:54,871 [INFO] [开始读取数据库表：debit_data]
2025-12-18 16:29:56,872 [INFO] [成功读取表 debit_data，数据行数：26573]
2025-12-18 16:29:57,162 [INFO] [开始读取数据库表：sales_invoice_data]
2025-12-18 16:29:57,966 [INFO] [成功读取表 sales_invoice_data，数据行数：15890]
2025-12-18 17:00:43,273 [INFO] [数据库引擎创建成功]
2025-12-18 17:00:43,274 [INFO] [开始读取数据库表：order_data]
2025-12-18 17:00:44,598 [INFO] [成功读取表 order_data，数据行数：25984]
2025-12-18 17:00:44,857 [INFO] [开始读取数据库表：sales_data]
2025-12-18 17:00:47,089 [INFO] [成功读取表 sales_data，数据行数：17885]
2025-12-18 17:00:48,623 [INFO] [开始读取数据库表：jingpin_data]
2025-12-18 17:00:48,773 [INFO] [成功读取表 jingpin_data，数据行数：5053]
2025-12-18 17:00:48,822 [INFO] [开始读取数据库表：inventory_data]
2025-12-18 17:00:49,097 [INFO] [成功读取表 inventory_data，数据行数：4439]
2025-12-18 17:00:49,098 [INFO] [开始读取数据库表：tuiding_data]
2025-12-18 17:00:49,264 [INFO] [成功读取表 tuiding_data，数据行数：4688]
2025-12-18 17:00:49,264 [INFO] [开始读取数据库表：debit_data]
2025-12-18 17:00:50,598 [INFO] [成功读取表 debit_data，数据行数：26573]
2025-12-18 17:00:50,875 [INFO] [开始读取数据库表：sales_invoice_data]
2025-12-18 17:00:51,604 [INFO] [成功读取表 sales_invoice_data，数据行数：15895]
2025-12-18 17:32:15,815 [INFO] [数据库引擎创建成功]
2025-12-18 17:32:15,825 [INFO] [开始读取数据库表：order_data]
2025-12-18 17:32:20,766 [INFO] [成功读取表 order_data，数据行数：25986]
2025-12-18 17:32:21,126 [INFO] [开始读取数据库表：sales_data]
2025-12-18 17:32:24,106 [INFO] [成功读取表 sales_data，数据行数：17890]
2025-12-18 17:32:25,954 [INFO] [开始读取数据库表：jingpin_data]
2025-12-18 17:32:26,108 [INFO] [成功读取表 jingpin_data，数据行数：5054]
2025-12-18 17:32:26,166 [INFO] [开始读取数据库表：inventory_data]
2025-12-18 17:32:26,481 [INFO] [成功读取表 inventory_data，数据行数：4433]
2025-12-18 17:32:26,481 [INFO] [开始读取数据库表：tuiding_data]
2025-12-18 17:32:26,683 [INFO] [成功读取表 tuiding_data，数据行数：4688]
2025-12-18 17:32:26,683 [INFO] [开始读取数据库表：debit_data]
2025-12-18 17:32:28,140 [INFO] [成功读取表 debit_data，数据行数：26573]
2025-12-18 17:32:28,444 [INFO] [开始读取数据库表：sales_invoice_data]
2025-12-18 17:32:29,280 [INFO] [成功读取表 sales_invoice_data，数据行数：15901]
2025-12-18 18:00:42,760 [INFO] [数据库引擎创建成功]
2025-12-18 18:00:42,761 [INFO] [开始读取数据库表：order_data]
2025-12-18 18:00:44,680 [INFO] [成功读取表 order_data，数据行数：25990]
2025-12-18 18:00:45,009 [INFO] [开始读取数据库表：sales_data]
2025-12-18 18:00:47,997 [INFO] [成功读取表 sales_data，数据行数：17902]
2025-12-18 18:00:50,027 [INFO] [开始读取数据库表：jingpin_data]
2025-12-18 18:00:50,209 [INFO] [成功读取表 jingpin_data，数据行数：5054]
2025-12-18 18:00:50,283 [INFO] [开始读取数据库表：inventory_data]
2025-12-18 18:00:50,655 [INFO] [成功读取表 inventory_data，数据行数：4424]
2025-12-18 18:00:50,655 [INFO] [开始读取数据库表：tuiding_data]
2025-12-18 18:00:50,898 [INFO] [成功读取表 tuiding_data，数据行数：4688]
2025-12-18 18:00:50,899 [INFO] [开始读取数据库表：debit_data]
2025-12-18 18:00:53,721 [INFO] [成功读取表 debit_data，数据行数：26573]
2025-12-18 18:00:54,107 [INFO] [开始读取数据库表：sales_invoice_data]
2025-12-18 18:00:55,047 [INFO] [成功读取表 sales_invoice_data，数据行数：15910]
2025-12-18 18:29:35,368 [INFO] [数据库引擎创建成功]
2025-12-18 18:29:35,369 [INFO] [开始读取数据库表：order_data]
2025-12-18 18:29:36,867 [INFO] [成功读取表 order_data，数据行数：25994]
2025-12-18 18:29:37,155 [INFO] [开始读取数据库表：sales_data]
2025-12-18 18:29:39,837 [INFO] [成功读取表 sales_data，数据行数：17908]
2025-12-18 18:29:41,661 [INFO] [开始读取数据库表：jingpin_data]
2025-12-18 18:29:41,836 [INFO] [成功读取表 jingpin_data，数据行数：5054]
2025-12-18 18:29:41,901 [INFO] [开始读取数据库表：inventory_data]
2025-12-18 18:29:42,235 [INFO] [成功读取表 inventory_data，数据行数：4419]
2025-12-18 18:29:42,236 [INFO] [开始读取数据库表：tuiding_data]
2025-12-18 18:29:42,430 [INFO] [成功读取表 tuiding_data，数据行数：4688]
2025-12-18 18:29:42,431 [INFO] [开始读取数据库表：debit_data]
2025-12-18 18:29:43,995 [INFO] [成功读取表 debit_data，数据行数：26573]
2025-12-18 18:29:44,349 [INFO] [开始读取数据库表：sales_invoice_data]
2025-12-18 18:29:45,198 [INFO] [成功读取表 sales_invoice_data，数据行数：15916]
2025-12-18 18:59:42,440 [INFO] [数据库引擎创建成功]
2025-12-18 18:59:42,440 [INFO] [开始读取数据库表：order_data]
2025-12-18 18:59:43,926 [INFO] [成功读取表 order_data，数据行数：25993]
2025-12-18 18:59:44,199 [INFO] [开始读取数据库表：sales_data]
2025-12-18 18:59:46,673 [INFO] [成功读取表 sales_data，数据行数：17908]
2025-12-18 18:59:48,357 [INFO] [开始读取数据库表：jingpin_data]
2025-12-18 18:59:48,517 [INFO] [成功读取表 jingpin_data，数据行数：5054]
2025-12-18 18:59:48,581 [INFO] [开始读取数据库表：inventory_data]
2025-12-18 18:59:48,875 [INFO] [成功读取表 inventory_data，数据行数：4418]
2025-12-18 18:59:48,875 [INFO] [开始读取数据库表：tuiding_data]
2025-12-18 18:59:49,059 [INFO] [成功读取表 tuiding_data，数据行数：4688]
2025-12-18 18:59:49,059 [INFO] [开始读取数据库表：debit_data]
2025-12-18 18:59:50,523 [INFO] [成功读取表 debit_data，数据行数：26573]
2025-12-18 18:59:50,845 [INFO] [开始读取数据库表：sales_invoice_data]
2025-12-18 18:59:51,638 [INFO] [成功读取表 sales_invoice_data，数据行数：15917]
2025-12-18 19:29:27,831 [INFO] [数据库引擎创建成功]
2025-12-18 19:29:27,831 [INFO] [开始读取数据库表：order_data]
2025-12-18 19:29:29,345 [INFO] [成功读取表 order_data，数据行数：25994]
2025-12-18 19:29:29,635 [INFO] [开始读取数据库表：sales_data]
2025-12-18 19:29:32,173 [INFO] [成功读取表 sales_data，数据行数：17908]
2025-12-18 19:29:33,947 [INFO] [开始读取数据库表：jingpin_data]
2025-12-18 19:29:34,126 [INFO] [成功读取表 jingpin_data，数据行数：5054]
2025-12-18 19:29:34,204 [INFO] [开始读取数据库表：inventory_data]
2025-12-18 19:29:34,531 [INFO] [成功读取表 inventory_data，数据行数：4418]
2025-12-18 19:29:34,531 [INFO] [开始读取数据库表：tuiding_data]
2025-12-18 19:29:34,723 [INFO] [成功读取表 tuiding_data，数据行数：4689]
2025-12-18 19:29:34,723 [INFO] [开始读取数据库表：debit_data]
2025-12-18 19:29:36,240 [INFO] [成功读取表 debit_data，数据行数：26573]
2025-12-18 19:29:36,580 [INFO] [开始读取数据库表：sales_invoice_data]
2025-12-18 19:29:37,454 [INFO] [成功读取表 sales_invoice_data，数据行数：15917]
2025-12-18 19:59:11,173 [INFO] [数据库引擎创建成功]
2025-12-18 19:59:11,174 [INFO] [开始读取数据库表：order_data]
2025-12-18 19:59:12,511 [INFO] [成功读取表 order_data，数据行数：25994]
2025-12-18 19:59:12,793 [INFO] [开始读取数据库表：sales_data]
2025-12-18 19:59:15,023 [INFO] [成功读取表 sales_data，数据行数：17908]
2025-12-18 19:59:16,630 [INFO] [开始读取数据库表：jingpin_data]
2025-12-18 19:59:16,769 [INFO] [成功读取表 jingpin_data，数据行数：5054]
2025-12-18 19:59:16,823 [INFO] [开始读取数据库表：inventory_data]
2025-12-18 19:59:17,128 [INFO] [成功读取表 inventory_data，数据行数：4418]
2025-12-18 19:59:17,129 [INFO] [开始读取数据库表：tuiding_data]
2025-12-18 19:59:17,309 [INFO] [成功读取表 tuiding_data，数据行数：4689]
2025-12-18 19:59:17,310 [INFO] [开始读取数据库表：debit_data]
2025-12-18 19:59:18,635 [INFO] [成功读取表 debit_data，数据行数：26573]
2025-12-18 19:59:18,949 [INFO] [开始读取数据库表：sales_invoice_data]
2025-12-18 19:59:19,762 [INFO] [成功读取表 sales_invoice_data，数据行数：15917]
2025-12-18 20:29:13,515 [INFO] [数据库引擎创建成功]
2025-12-18 20:29:13,525 [INFO] [开始读取数据库表：order_data]
2025-12-18 20:29:15,054 [INFO] [成功读取表 order_data，数据行数：25994]
2025-12-18 20:29:15,357 [INFO] [开始读取数据库表：sales_data]
2025-12-18 20:29:17,768 [INFO] [成功读取表 sales_data，数据行数：17908]
2025-12-18 20:29:19,459 [INFO] [开始读取数据库表：jingpin_data]
2025-12-18 20:29:19,634 [INFO] [成功读取表 jingpin_data，数据行数：5054]
2025-12-18 20:29:19,690 [INFO] [开始读取数据库表：inventory_data]
2025-12-18 20:29:19,999 [INFO] [成功读取表 inventory_data，数据行数：4418]
2025-12-18 20:29:20,000 [INFO] [开始读取数据库表：tuiding_data]
2025-12-18 20:29:20,205 [INFO] [成功读取表 tuiding_data，数据行数：4689]
2025-12-18 20:29:20,206 [INFO] [开始读取数据库表：debit_data]
2025-12-18 20:29:21,732 [INFO] [成功读取表 debit_data，数据行数：26573]
2025-12-18 20:29:22,056 [INFO] [开始读取数据库表：sales_invoice_data]
2025-12-18 20:29:22,868 [INFO] [成功读取表 sales_invoice_data，数据行数：15917]
2025-12-18 20:59:18,334 [INFO] [数据库引擎创建成功]
2025-12-18 20:59:18,334 [INFO] [开始读取数据库表：order_data]
2025-12-18 20:59:19,852 [INFO] [成功读取表 order_data，数据行数：25993]
2025-12-18 20:59:20,134 [INFO] [开始读取数据库表：sales_data]
2025-12-18 20:59:22,596 [INFO] [成功读取表 sales_data，数据行数：17908]
2025-12-18 20:59:24,338 [INFO] [开始读取数据库表：jingpin_data]
2025-12-18 20:59:24,508 [INFO] [成功读取表 jingpin_data，数据行数：5054]
2025-12-18 20:59:24,575 [INFO] [开始读取数据库表：inventory_data]
2025-12-18 20:59:24,938 [INFO] [成功读取表 inventory_data，数据行数：4418]
2025-12-18 20:59:24,938 [INFO] [开始读取数据库表：tuiding_data]
2025-12-18 20:59:25,148 [INFO] [成功读取表 tuiding_data，数据行数：4689]
2025-12-18 20:59:25,148 [INFO] [开始读取数据库表：debit_data]
2025-12-18 20:59:26,786 [INFO] [成功读取表 debit_data，数据行数：26573]
2025-12-18 20:59:27,127 [INFO] [开始读取数据库表：sales_invoice_data]
2025-12-18 20:59:27,965 [INFO] [成功读取表 sales_invoice_data，数据行数：15917]
2025-12-18 21:29:15,065 [INFO] [数据库引擎创建成功]
2025-12-18 21:29:15,065 [INFO] [开始读取数据库表：order_data]
2025-12-18 21:29:16,562 [INFO] [成功读取表 order_data，数据行数：25993]
2025-12-18 21:29:16,847 [INFO] [开始读取数据库表：sales_data]
2025-12-18 21:29:19,376 [INFO] [成功读取表 sales_data，数据行数：17908]
2025-12-18 21:29:21,166 [INFO] [开始读取数据库表：jingpin_data]
2025-12-18 21:29:21,311 [INFO] [成功读取表 jingpin_data，数据行数：5054]
2025-12-18 21:29:21,368 [INFO] [开始读取数据库表：inventory_data]
2025-12-18 21:29:21,711 [INFO] [成功读取表 inventory_data，数据行数：4421]
2025-12-18 21:29:21,711 [INFO] [开始读取数据库表：tuiding_data]
2025-12-18 21:29:21,913 [INFO] [成功读取表 tuiding_data，数据行数：4689]
2025-12-18 21:29:21,913 [INFO] [开始读取数据库表：debit_data]
2025-12-18 21:29:23,459 [INFO] [成功读取表 debit_data，数据行数：26576]
2025-12-18 21:29:23,794 [INFO] [开始读取数据库表：sales_invoice_data]
2025-12-18 21:29:24,639 [INFO] [成功读取表 sales_invoice_data，数据行数：15917]
2025-12-18 21:59:06,123 [INFO] [数据库引擎创建成功]
2025-12-18 21:59:06,123 [INFO] [开始读取数据库表：order_data]
2025-12-18 21:59:07,639 [INFO] [成功读取表 order_data，数据行数：25993]
2025-12-18 21:59:07,889 [INFO] [开始读取数据库表：sales_data]
2025-12-18 21:59:10,378 [INFO] [成功读取表 sales_data，数据行数：17908]
2025-12-18 21:59:12,084 [INFO] [开始读取数据库表：jingpin_data]
2025-12-18 21:59:12,246 [INFO] [成功读取表 jingpin_data，数据行数：5054]
2025-12-18 21:59:12,316 [INFO] [开始读取数据库表：inventory_data]
2025-12-18 21:59:12,662 [INFO] [成功读取表 inventory_data，数据行数：4421]
2025-12-18 21:59:12,663 [INFO] [开始读取数据库表：tuiding_data]
2025-12-18 21:59:12,852 [INFO] [成功读取表 tuiding_data，数据行数：4689]
2025-12-18 21:59:12,852 [INFO] [开始读取数据库表：debit_data]
2025-12-18 21:59:14,317 [INFO] [成功读取表 debit_data，数据行数：26576]
2025-12-18 21:59:14,628 [INFO] [开始读取数据库表：sales_invoice_data]
2025-12-18 21:59:15,477 [INFO] [成功读取表 sales_invoice_data，数据行数：15917]
2025-12-18 22:29:12,909 [INFO] [数据库引擎创建成功]
2025-12-18 22:29:12,909 [INFO] [开始读取数据库表：order_data]
2025-12-18 22:29:14,447 [INFO] [成功读取表 order_data，数据行数：25993]
2025-12-18 22:29:14,725 [INFO] [开始读取数据库表：sales_data]
2025-12-18 22:29:17,167 [INFO] [成功读取表 sales_data，数据行数：17908]
2025-12-18 22:29:18,878 [INFO] [开始读取数据库表：jingpin_data]
2025-12-18 22:29:19,039 [INFO] [成功读取表 jingpin_data，数据行数：5054]
2025-12-18 22:29:19,093 [INFO] [开始读取数据库表：inventory_data]
2025-12-18 22:29:19,408 [INFO] [成功读取表 inventory_data，数据行数：4421]
2025-12-18 22:29:19,408 [INFO] [开始读取数据库表：tuiding_data]
2025-12-18 22:29:19,585 [INFO] [成功读取表 tuiding_data，数据行数：4690]
2025-12-18 22:29:19,586 [INFO] [开始读取数据库表：debit_data]
2025-12-18 22:29:21,108 [INFO] [成功读取表 debit_data，数据行数：26576]
2025-12-18 22:29:21,425 [INFO] [开始读取数据库表：sales_invoice_data]
2025-12-18 22:29:22,224 [INFO] [成功读取表 sales_invoice_data，数据行数：15917]
2025-12-18 22:59:38,394 [INFO] [数据库引擎创建成功]
2025-12-18 22:59:38,394 [INFO] [开始读取数据库表：order_data]
2025-12-18 22:59:39,881 [INFO] [成功读取表 order_data，数据行数：25993]
2025-12-18 22:59:40,163 [INFO] [开始读取数据库表：sales_data]
2025-12-18 22:59:42,604 [INFO] [成功读取表 sales_data，数据行数：17909]
2025-12-18 22:59:44,349 [INFO] [开始读取数据库表：jingpin_data]
2025-12-18 22:59:44,517 [INFO] [成功读取表 jingpin_data，数据行数：5054]
2025-12-18 22:59:44,574 [INFO] [开始读取数据库表：inventory_data]
2025-12-18 22:59:44,911 [INFO] [成功读取表 inventory_data，数据行数：4419]
2025-12-18 22:59:44,911 [INFO] [开始读取数据库表：tuiding_data]
2025-12-18 22:59:45,113 [INFO] [成功读取表 tuiding_data，数据行数：4690]
2025-12-18 22:59:45,113 [INFO] [开始读取数据库表：debit_data]
2025-12-18 22:59:46,594 [INFO] [成功读取表 debit_data，数据行数：26576]
2025-12-18 22:59:46,912 [INFO] [开始读取数据库表：sales_invoice_data]
2025-12-18 22:59:47,741 [INFO] [成功读取表 sales_invoice_data，数据行数：15918]
2025-12-18 23:30:04,641 [INFO] [数据库引擎创建成功]
2025-12-18 23:30:04,641 [INFO] [开始读取数据库表：order_data]
2025-12-18 23:30:06,180 [INFO] [成功读取表 order_data，数据行数：25994]
2025-12-18 23:30:06,463 [INFO] [开始读取数据库表：sales_data]
2025-12-18 23:30:09,909 [INFO] [成功读取表 sales_data，数据行数：23795]
2025-12-18 23:30:11,725 [INFO] [开始读取数据库表：jingpin_data]
2025-12-18 23:30:11,892 [INFO] [成功读取表 jingpin_data，数据行数：5054]
2025-12-18 23:30:11,952 [INFO] [开始读取数据库表：inventory_data]
2025-12-18 23:30:12,281 [INFO] [成功读取表 inventory_data，数据行数：4417]
2025-12-18 23:30:12,282 [INFO] [开始读取数据库表：tuiding_data]
2025-12-18 23:30:12,507 [INFO] [成功读取表 tuiding_data，数据行数：4690]
2025-12-18 23:30:12,508 [INFO] [开始读取数据库表：debit_data]
2025-12-18 23:30:13,997 [INFO] [成功读取表 debit_data，数据行数：26576]
2025-12-18 23:30:14,331 [INFO] [开始读取数据库表：sales_invoice_data]
2025-12-18 23:30:15,485 [INFO] [成功读取表 sales_invoice_data，数据行数：21420]
