2025-12-13 08:55:03,631 [INFO] [数据库引擎创建成功]
2025-12-13 08:55:03,632 [INFO] [开始读取数据库表：order_data]
2025-12-13 08:55:05,665 [INFO] [成功读取表 order_data，数据行数：25569]
2025-12-13 08:55:06,060 [INFO] [开始读取数据库表：sales_data]
2025-12-13 08:55:13,004 [INFO] [成功读取表 sales_data，数据行数：22961]
2025-12-13 08:55:15,270 [INFO] [开始读取数据库表：jingpin_data]
2025-12-13 08:55:15,664 [INFO] [成功读取表 jingpin_data，数据行数：5194]
2025-12-13 08:55:15,752 [INFO] [开始读取数据库表：inventory_data]
2025-12-13 08:55:16,287 [INFO] [成功读取表 inventory_data，数据行数：5059]
2025-12-13 08:55:16,287 [INFO] [开始读取数据库表：tuiding_data]
2025-12-13 08:55:16,576 [INFO] [成功读取表 tuiding_data，数据行数：4623]
2025-12-13 08:55:16,576 [INFO] [开始读取数据库表：debit_data]
2025-12-13 08:55:18,819 [INFO] [成功读取表 debit_data，数据行数：26502]
2025-12-13 08:55:19,269 [INFO] [开始读取数据库表：sales_invoice_data]
2025-12-13 08:55:20,853 [INFO] [成功读取表 sales_invoice_data，数据行数：20661]
2025-12-13 09:27:44,208 [INFO] [数据库引擎创建成功]
2025-12-13 09:27:44,209 [INFO] [开始读取数据库表：order_data]
2025-12-13 09:27:46,283 [INFO] [成功读取表 order_data，数据行数：25570]
2025-12-13 09:27:46,650 [INFO] [开始读取数据库表：sales_data]
2025-12-13 09:27:53,750 [INFO] [成功读取表 sales_data，数据行数：22961]
2025-12-13 09:27:56,089 [INFO] [开始读取数据库表：jingpin_data]
2025-12-13 09:27:56,510 [INFO] [成功读取表 jingpin_data，数据行数：5195]
2025-12-13 09:27:56,587 [INFO] [开始读取数据库表：inventory_data]
2025-12-13 09:27:57,130 [INFO] [成功读取表 inventory_data，数据行数：5059]
2025-12-13 09:27:57,130 [INFO] [开始读取数据库表：tuiding_data]
2025-12-13 09:27:57,405 [INFO] [成功读取表 tuiding_data，数据行数：4623]
2025-12-13 09:27:57,405 [INFO] [开始读取数据库表：debit_data]
2025-12-13 09:27:59,665 [INFO] [成功读取表 debit_data，数据行数：26502]
2025-12-13 09:28:00,108 [INFO] [开始读取数据库表：sales_invoice_data]
2025-12-13 09:28:01,751 [INFO] [成功读取表 sales_invoice_data，数据行数：20661]
2025-12-13 09:57:02,957 [INFO] [数据库引擎创建成功]
2025-12-13 09:57:02,957 [INFO] [开始读取数据库表：order_data]
2025-12-13 09:57:04,929 [INFO] [成功读取表 order_data，数据行数：25572]
2025-12-13 09:57:05,283 [INFO] [开始读取数据库表：sales_data]
2025-12-13 09:57:12,092 [INFO] [成功读取表 sales_data，数据行数：22961]
2025-12-13 09:57:14,327 [INFO] [开始读取数据库表：jingpin_data]
2025-12-13 09:57:14,704 [INFO] [成功读取表 jingpin_data，数据行数：5195]
2025-12-13 09:57:14,787 [INFO] [开始读取数据库表：inventory_data]
2025-12-13 09:57:15,311 [INFO] [成功读取表 inventory_data，数据行数：5059]
2025-12-13 09:57:15,311 [INFO] [开始读取数据库表：tuiding_data]
2025-12-13 09:57:15,568 [INFO] [成功读取表 tuiding_data，数据行数：4623]
2025-12-13 09:57:15,569 [INFO] [开始读取数据库表：debit_data]
2025-12-13 09:57:17,764 [INFO] [成功读取表 debit_data，数据行数：26502]
2025-12-13 09:57:18,181 [INFO] [开始读取数据库表：sales_invoice_data]
2025-12-13 09:57:19,777 [INFO] [成功读取表 sales_invoice_data，数据行数：20661]
2025-12-13 10:27:14,820 [INFO] [数据库引擎创建成功]
2025-12-13 10:27:14,820 [INFO] [开始读取数据库表：order_data]
2025-12-13 10:27:16,854 [INFO] [成功读取表 order_data，数据行数：25578]
2025-12-13 10:27:17,239 [INFO] [开始读取数据库表：sales_data]
2025-12-13 10:27:24,311 [INFO] [成功读取表 sales_data，数据行数：22962]
2025-12-13 10:27:26,680 [INFO] [开始读取数据库表：jingpin_data]
2025-12-13 10:27:27,099 [INFO] [成功读取表 jingpin_data，数据行数：5194]
2025-12-13 10:27:27,185 [INFO] [开始读取数据库表：inventory_data]
2025-12-13 10:27:27,735 [INFO] [成功读取表 inventory_data，数据行数：5059]
2025-12-13 10:27:27,735 [INFO] [开始读取数据库表：tuiding_data]
2025-12-13 10:27:28,006 [INFO] [成功读取表 tuiding_data，数据行数：4623]
2025-12-13 10:27:28,006 [INFO] [开始读取数据库表：debit_data]
2025-12-13 10:27:30,353 [INFO] [成功读取表 debit_data，数据行数：26502]
2025-12-13 10:27:30,789 [INFO] [开始读取数据库表：sales_invoice_data]
2025-12-13 10:27:32,492 [INFO] [成功读取表 sales_invoice_data，数据行数：20662]
2025-12-13 10:57:30,816 [INFO] [数据库引擎创建成功]
2025-12-13 10:57:30,816 [INFO] [开始读取数据库表：order_data]
2025-12-13 10:57:32,752 [INFO] [成功读取表 order_data，数据行数：25578]
2025-12-13 10:57:33,183 [INFO] [开始读取数据库表：sales_data]
2025-12-13 10:57:40,161 [INFO] [成功读取表 sales_data，数据行数：22963]
2025-12-13 10:57:42,531 [INFO] [开始读取数据库表：jingpin_data]
2025-12-13 10:57:42,932 [INFO] [成功读取表 jingpin_data，数据行数：5195]
2025-12-13 10:57:43,021 [INFO] [开始读取数据库表：inventory_data]
2025-12-13 10:57:43,568 [INFO] [成功读取表 inventory_data，数据行数：5059]
2025-12-13 10:57:43,568 [INFO] [开始读取数据库表：tuiding_data]
2025-12-13 10:57:43,840 [INFO] [成功读取表 tuiding_data，数据行数：4623]
2025-12-13 10:57:43,840 [INFO] [开始读取数据库表：debit_data]
2025-12-13 10:57:46,071 [INFO] [成功读取表 debit_data，数据行数：26502]
2025-12-13 10:57:46,555 [INFO] [开始读取数据库表：sales_invoice_data]
2025-12-13 10:57:48,160 [INFO] [成功读取表 sales_invoice_data，数据行数：20663]
2025-12-13 11:27:18,112 [INFO] [数据库引擎创建成功]
2025-12-13 11:27:18,112 [INFO] [开始读取数据库表：order_data]
2025-12-13 11:27:20,205 [INFO] [成功读取表 order_data，数据行数：25578]
2025-12-13 11:27:20,601 [INFO] [开始读取数据库表：sales_data]
2025-12-13 11:27:27,782 [INFO] [成功读取表 sales_data，数据行数：22965]
2025-12-13 11:27:30,187 [INFO] [开始读取数据库表：jingpin_data]
2025-12-13 11:27:30,590 [INFO] [成功读取表 jingpin_data，数据行数：5195]
2025-12-13 11:27:30,691 [INFO] [开始读取数据库表：inventory_data]
2025-12-13 11:27:31,222 [INFO] [成功读取表 inventory_data，数据行数：5056]
2025-12-13 11:27:31,222 [INFO] [开始读取数据库表：tuiding_data]
2025-12-13 11:27:31,485 [INFO] [成功读取表 tuiding_data，数据行数：4626]
2025-12-13 11:27:31,485 [INFO] [开始读取数据库表：debit_data]
2025-12-13 11:27:33,761 [INFO] [成功读取表 debit_data，数据行数：26502]
2025-12-13 11:27:34,248 [INFO] [开始读取数据库表：sales_invoice_data]
2025-12-13 11:27:35,905 [INFO] [成功读取表 sales_invoice_data，数据行数：20665]
2025-12-13 11:57:00,459 [INFO] [数据库引擎创建成功]
2025-12-13 11:57:00,459 [INFO] [开始读取数据库表：order_data]
2025-12-13 11:57:02,511 [INFO] [成功读取表 order_data，数据行数：25581]
2025-12-13 11:57:02,878 [INFO] [开始读取数据库表：sales_data]
2025-12-13 11:57:09,943 [INFO] [成功读取表 sales_data，数据行数：22965]
2025-12-13 11:57:12,320 [INFO] [开始读取数据库表：jingpin_data]
2025-12-13 11:57:12,743 [INFO] [成功读取表 jingpin_data，数据行数：5199]
2025-12-13 11:57:12,821 [INFO] [开始读取数据库表：inventory_data]
2025-12-13 11:57:13,346 [INFO] [成功读取表 inventory_data，数据行数：5062]
2025-12-13 11:57:13,346 [INFO] [开始读取数据库表：tuiding_data]
2025-12-13 11:57:13,605 [INFO] [成功读取表 tuiding_data，数据行数：4627]
2025-12-13 11:57:13,605 [INFO] [开始读取数据库表：debit_data]
2025-12-13 11:57:15,879 [INFO] [成功读取表 debit_data，数据行数：26502]
2025-12-13 11:57:16,325 [INFO] [开始读取数据库表：sales_invoice_data]
2025-12-13 11:57:17,945 [INFO] [成功读取表 sales_invoice_data，数据行数：20665]
2025-12-13 12:27:17,098 [INFO] [数据库引擎创建成功]
2025-12-13 12:27:17,099 [INFO] [开始读取数据库表：order_data]
2025-12-13 12:27:19,198 [INFO] [成功读取表 order_data，数据行数：25588]
2025-12-13 12:27:19,579 [INFO] [开始读取数据库表：sales_data]
2025-12-13 12:27:26,761 [INFO] [成功读取表 sales_data，数据行数：22965]
2025-12-13 12:27:29,124 [INFO] [开始读取数据库表：jingpin_data]
2025-12-13 12:27:29,560 [INFO] [成功读取表 jingpin_data，数据行数：5199]
2025-12-13 12:27:29,647 [INFO] [开始读取数据库表：inventory_data]
2025-12-13 12:27:30,206 [INFO] [成功读取表 inventory_data，数据行数：5061]
2025-12-13 12:27:30,206 [INFO] [开始读取数据库表：tuiding_data]
2025-12-13 12:27:30,491 [INFO] [成功读取表 tuiding_data，数据行数：4627]
2025-12-13 12:27:30,492 [INFO] [开始读取数据库表：debit_data]
2025-12-13 12:27:32,882 [INFO] [成功读取表 debit_data，数据行数：26552]
2025-12-13 12:27:33,345 [INFO] [开始读取数据库表：sales_invoice_data]
2025-12-13 12:27:35,005 [INFO] [成功读取表 sales_invoice_data，数据行数：20665]
2025-12-13 12:57:20,397 [INFO] [数据库引擎创建成功]
2025-12-13 12:57:20,398 [INFO] [开始读取数据库表：order_data]
2025-12-13 12:57:22,417 [INFO] [成功读取表 order_data，数据行数：25594]
2025-12-13 12:57:22,782 [INFO] [开始读取数据库表：sales_data]
2025-12-13 12:57:29,985 [INFO] [成功读取表 sales_data，数据行数：22968]
2025-12-13 12:57:32,332 [INFO] [开始读取数据库表：jingpin_data]
2025-12-13 12:57:32,740 [INFO] [成功读取表 jingpin_data，数据行数：5202]
2025-12-13 12:57:32,821 [INFO] [开始读取数据库表：inventory_data]
2025-12-13 12:57:33,356 [INFO] [成功读取表 inventory_data，数据行数：5058]
2025-12-13 12:57:33,356 [INFO] [开始读取数据库表：tuiding_data]
2025-12-13 12:57:33,630 [INFO] [成功读取表 tuiding_data，数据行数：4627]
2025-12-13 12:57:33,630 [INFO] [开始读取数据库表：debit_data]
2025-12-13 12:57:35,946 [INFO] [成功读取表 debit_data，数据行数：26552]
2025-12-13 12:57:36,389 [INFO] [开始读取数据库表：sales_invoice_data]
2025-12-13 12:57:38,001 [INFO] [成功读取表 sales_invoice_data，数据行数：20668]
2025-12-13 13:27:40,290 [INFO] [数据库引擎创建成功]
2025-12-13 13:27:40,291 [INFO] [开始读取数据库表：order_data]
2025-12-13 13:27:42,272 [INFO] [成功读取表 order_data，数据行数：25597]
2025-12-13 13:27:42,673 [INFO] [开始读取数据库表：sales_data]
2025-12-13 13:27:49,746 [INFO] [成功读取表 sales_data，数据行数：22969]
2025-12-13 13:27:52,247 [INFO] [开始读取数据库表：jingpin_data]
2025-12-13 13:27:52,657 [INFO] [成功读取表 jingpin_data，数据行数：5202]
2025-12-13 13:27:52,751 [INFO] [开始读取数据库表：inventory_data]
2025-12-13 13:27:53,290 [INFO] [成功读取表 inventory_data，数据行数：5056]
2025-12-13 13:27:53,290 [INFO] [开始读取数据库表：tuiding_data]
2025-12-13 13:27:53,560 [INFO] [成功读取表 tuiding_data，数据行数：4627]
2025-12-13 13:27:53,561 [INFO] [开始读取数据库表：debit_data]
2025-12-13 13:27:55,813 [INFO] [成功读取表 debit_data，数据行数：26552]
2025-12-13 13:27:56,262 [INFO] [开始读取数据库表：sales_invoice_data]
2025-12-13 13:27:57,900 [INFO] [成功读取表 sales_invoice_data，数据行数：20667]
2025-12-13 13:57:04,105 [INFO] [数据库引擎创建成功]
2025-12-13 13:57:04,106 [INFO] [开始读取数据库表：order_data]
2025-12-13 13:57:06,169 [INFO] [成功读取表 order_data，数据行数：25603]
2025-12-13 13:57:06,553 [INFO] [开始读取数据库表：sales_data]
2025-12-13 13:57:13,653 [INFO] [成功读取表 sales_data，数据行数：22982]
2025-12-13 13:57:16,038 [INFO] [开始读取数据库表：jingpin_data]
2025-12-13 13:57:16,461 [INFO] [成功读取表 jingpin_data，数据行数：5205]
2025-12-13 13:57:16,548 [INFO] [开始读取数据库表：inventory_data]
2025-12-13 13:57:17,098 [INFO] [成功读取表 inventory_data，数据行数：5044]
2025-12-13 13:57:17,098 [INFO] [开始读取数据库表：tuiding_data]
2025-12-13 13:57:17,363 [INFO] [成功读取表 tuiding_data，数据行数：4627]
2025-12-13 13:57:17,363 [INFO] [开始读取数据库表：debit_data]
2025-12-13 13:57:19,620 [INFO] [成功读取表 debit_data，数据行数：26552]
2025-12-13 13:57:20,054 [INFO] [开始读取数据库表：sales_invoice_data]
2025-12-13 13:57:21,726 [INFO] [成功读取表 sales_invoice_data，数据行数：20680]
2025-12-13 14:27:40,338 [INFO] [数据库引擎创建成功]
2025-12-13 14:27:40,339 [INFO] [开始读取数据库表：order_data]
2025-12-13 14:27:42,384 [INFO] [成功读取表 order_data，数据行数：25606]
2025-12-13 14:27:42,770 [INFO] [开始读取数据库表：sales_data]
2025-12-13 14:27:49,916 [INFO] [成功读取表 sales_data，数据行数：22989]
2025-12-13 14:27:52,300 [INFO] [开始读取数据库表：jingpin_data]
2025-12-13 14:27:52,716 [INFO] [成功读取表 jingpin_data，数据行数：5206]
2025-12-13 14:27:52,794 [INFO] [开始读取数据库表：inventory_data]
2025-12-13 14:27:53,311 [INFO] [成功读取表 inventory_data，数据行数：5040]
2025-12-13 14:27:53,312 [INFO] [开始读取数据库表：tuiding_data]
2025-12-13 14:27:53,585 [INFO] [成功读取表 tuiding_data，数据行数：4627]
2025-12-13 14:27:53,585 [INFO] [开始读取数据库表：debit_data]
2025-12-13 14:27:55,935 [INFO] [成功读取表 debit_data，数据行数：26552]
2025-12-13 14:27:56,398 [INFO] [开始读取数据库表：sales_invoice_data]
2025-12-13 14:27:58,045 [INFO] [成功读取表 sales_invoice_data，数据行数：20684]
2025-12-13 14:57:28,768 [INFO] [数据库引擎创建成功]
2025-12-13 14:57:28,769 [INFO] [开始读取数据库表：order_data]
2025-12-13 14:57:30,814 [INFO] [成功读取表 order_data，数据行数：25615]
2025-12-13 14:57:31,181 [INFO] [开始读取数据库表：sales_data]
2025-12-13 14:57:38,270 [INFO] [成功读取表 sales_data，数据行数：22990]
2025-12-13 14:57:40,552 [INFO] [开始读取数据库表：jingpin_data]
2025-12-13 14:57:40,950 [INFO] [成功读取表 jingpin_data，数据行数：5206]
2025-12-13 14:57:41,034 [INFO] [开始读取数据库表：inventory_data]
2025-12-13 14:57:41,575 [INFO] [成功读取表 inventory_data，数据行数：5038]
2025-12-13 14:57:41,575 [INFO] [开始读取数据库表：tuiding_data]
2025-12-13 14:57:41,836 [INFO] [成功读取表 tuiding_data，数据行数：4627]
2025-12-13 14:57:41,836 [INFO] [开始读取数据库表：debit_data]
2025-12-13 14:57:44,119 [INFO] [成功读取表 debit_data，数据行数：26552]
2025-12-13 14:57:44,574 [INFO] [开始读取数据库表：sales_invoice_data]
2025-12-13 14:57:46,225 [INFO] [成功读取表 sales_invoice_data，数据行数：20686]
2025-12-13 15:27:24,583 [INFO] [数据库引擎创建成功]
2025-12-13 15:27:24,584 [INFO] [开始读取数据库表：order_data]
2025-12-13 15:27:26,547 [INFO] [成功读取表 order_data，数据行数：25625]
2025-12-13 15:27:26,905 [INFO] [开始读取数据库表：sales_data]
2025-12-13 15:27:33,880 [INFO] [成功读取表 sales_data，数据行数：22994]
2025-12-13 15:27:36,229 [INFO] [开始读取数据库表：jingpin_data]
2025-12-13 15:27:36,625 [INFO] [成功读取表 jingpin_data，数据行数：5207]
2025-12-13 15:27:36,705 [INFO] [开始读取数据库表：inventory_data]
2025-12-13 15:27:37,236 [INFO] [成功读取表 inventory_data，数据行数：5034]
2025-12-13 15:27:37,237 [INFO] [开始读取数据库表：tuiding_data]
2025-12-13 15:27:37,484 [INFO] [成功读取表 tuiding_data，数据行数：4628]
2025-12-13 15:27:37,485 [INFO] [开始读取数据库表：debit_data]
2025-12-13 15:27:39,757 [INFO] [成功读取表 debit_data，数据行数：26552]
2025-12-13 15:27:40,219 [INFO] [开始读取数据库表：sales_invoice_data]
2025-12-13 15:27:41,859 [INFO] [成功读取表 sales_invoice_data，数据行数：20690]
2025-12-13 15:57:13,209 [INFO] [数据库引擎创建成功]
2025-12-13 15:57:13,209 [INFO] [开始读取数据库表：order_data]
2025-12-13 15:57:15,279 [INFO] [成功读取表 order_data，数据行数：25628]
2025-12-13 15:57:15,644 [INFO] [开始读取数据库表：sales_data]
2025-12-13 15:57:22,821 [INFO] [成功读取表 sales_data，数据行数：22999]
2025-12-13 15:57:25,061 [INFO] [开始读取数据库表：jingpin_data]
2025-12-13 15:57:25,474 [INFO] [成功读取表 jingpin_data，数据行数：5208]
2025-12-13 15:57:25,556 [INFO] [开始读取数据库表：inventory_data]
2025-12-13 15:57:26,104 [INFO] [成功读取表 inventory_data，数据行数：5030]
2025-12-13 15:57:26,105 [INFO] [开始读取数据库表：tuiding_data]
2025-12-13 15:57:26,371 [INFO] [成功读取表 tuiding_data，数据行数：4628]
2025-12-13 15:57:26,371 [INFO] [开始读取数据库表：debit_data]
2025-12-13 15:57:28,727 [INFO] [成功读取表 debit_data，数据行数：26552]
2025-12-13 15:57:29,176 [INFO] [开始读取数据库表：sales_invoice_data]
2025-12-13 15:57:30,802 [INFO] [成功读取表 sales_invoice_data，数据行数：20695]
2025-12-13 16:28:12,796 [INFO] [数据库引擎创建成功]
2025-12-13 16:28:12,797 [INFO] [开始读取数据库表：order_data]
2025-12-13 16:28:14,822 [INFO] [成功读取表 order_data，数据行数：25637]
2025-12-13 16:28:15,188 [INFO] [开始读取数据库表：sales_data]
2025-12-13 16:28:22,318 [INFO] [成功读取表 sales_data，数据行数：23004]
2025-12-13 16:28:24,700 [INFO] [开始读取数据库表：jingpin_data]
2025-12-13 16:28:25,126 [INFO] [成功读取表 jingpin_data，数据行数：5212]
2025-12-13 16:28:25,211 [INFO] [开始读取数据库表：inventory_data]
2025-12-13 16:28:25,758 [INFO] [成功读取表 inventory_data，数据行数：5026]
2025-12-13 16:28:25,759 [INFO] [开始读取数据库表：tuiding_data]
2025-12-13 16:28:26,048 [INFO] [成功读取表 tuiding_data，数据行数：4628]
2025-12-13 16:28:26,048 [INFO] [开始读取数据库表：debit_data]
2025-12-13 16:28:28,404 [INFO] [成功读取表 debit_data，数据行数：26552]
2025-12-13 16:28:28,852 [INFO] [开始读取数据库表：sales_invoice_data]
2025-12-13 16:28:30,506 [INFO] [成功读取表 sales_invoice_data，数据行数：20699]
2025-12-13 16:58:16,058 [INFO] [数据库引擎创建成功]
2025-12-13 16:58:16,059 [INFO] [开始读取数据库表：order_data]
2025-12-13 16:58:18,078 [INFO] [成功读取表 order_data，数据行数：25657]
2025-12-13 16:58:18,487 [INFO] [开始读取数据库表：sales_data]
2025-12-13 16:58:25,521 [INFO] [成功读取表 sales_data，数据行数：23011]
2025-12-13 16:58:27,811 [INFO] [开始读取数据库表：jingpin_data]
2025-12-13 16:58:28,212 [INFO] [成功读取表 jingpin_data，数据行数：5214]
2025-12-13 16:58:28,294 [INFO] [开始读取数据库表：inventory_data]
2025-12-13 16:58:28,802 [INFO] [成功读取表 inventory_data，数据行数：5019]
2025-12-13 16:58:28,802 [INFO] [开始读取数据库表：tuiding_data]
2025-12-13 16:58:29,121 [INFO] [成功读取表 tuiding_data，数据行数：4628]
2025-12-13 16:58:29,121 [INFO] [开始读取数据库表：debit_data]
2025-12-13 16:58:31,415 [INFO] [成功读取表 debit_data，数据行数：26552]
2025-12-13 16:58:31,846 [INFO] [开始读取数据库表：sales_invoice_data]
2025-12-13 16:58:33,468 [INFO] [成功读取表 sales_invoice_data，数据行数：20705]
2025-12-13 17:27:25,671 [INFO] [数据库引擎创建成功]
2025-12-13 17:27:25,672 [INFO] [开始读取数据库表：order_data]
2025-12-13 17:27:27,645 [INFO] [成功读取表 order_data，数据行数：25669]
2025-12-13 17:27:28,024 [INFO] [开始读取数据库表：sales_data]
2025-12-13 17:27:35,068 [INFO] [成功读取表 sales_data，数据行数：23022]
2025-12-13 17:27:37,496 [INFO] [开始读取数据库表：jingpin_data]
2025-12-13 17:27:37,916 [INFO] [成功读取表 jingpin_data，数据行数：5223]
2025-12-13 17:27:38,002 [INFO] [开始读取数据库表：inventory_data]
2025-12-13 17:27:38,540 [INFO] [成功读取表 inventory_data，数据行数：5008]
2025-12-13 17:27:38,540 [INFO] [开始读取数据库表：tuiding_data]
2025-12-13 17:27:38,798 [INFO] [成功读取表 tuiding_data，数据行数：4630]
2025-12-13 17:27:38,798 [INFO] [开始读取数据库表：debit_data]
2025-12-13 17:27:41,103 [INFO] [成功读取表 debit_data，数据行数：26552]
2025-12-13 17:27:41,541 [INFO] [开始读取数据库表：sales_invoice_data]
2025-12-13 17:27:43,160 [INFO] [成功读取表 sales_invoice_data，数据行数：20716]
2025-12-13 17:57:20,376 [INFO] [数据库引擎创建成功]
2025-12-13 17:57:20,376 [INFO] [开始读取数据库表：order_data]
2025-12-13 17:57:22,362 [INFO] [成功读取表 order_data，数据行数：25690]
2025-12-13 17:57:22,730 [INFO] [开始读取数据库表：sales_data]
2025-12-13 17:57:29,906 [INFO] [成功读取表 sales_data，数据行数：23028]
2025-12-13 17:57:32,354 [INFO] [开始读取数据库表：jingpin_data]
2025-12-13 17:57:32,733 [INFO] [成功读取表 jingpin_data，数据行数：5223]
2025-12-13 17:57:32,820 [INFO] [开始读取数据库表：inventory_data]
2025-12-13 17:57:33,256 [INFO] [成功读取表 inventory_data，数据行数：4205]
2025-12-13 17:57:33,256 [INFO] [开始读取数据库表：tuiding_data]
2025-12-13 17:57:33,545 [INFO] [成功读取表 tuiding_data，数据行数：4630]
2025-12-13 17:57:33,545 [INFO] [开始读取数据库表：debit_data]
2025-12-13 17:57:35,878 [INFO] [成功读取表 debit_data，数据行数：26552]
2025-12-13 17:57:36,344 [INFO] [开始读取数据库表：sales_invoice_data]
2025-12-13 17:57:38,004 [INFO] [成功读取表 sales_invoice_data，数据行数：20722]
2025-12-13 18:27:03,374 [INFO] [数据库引擎创建成功]
2025-12-13 18:27:03,374 [INFO] [开始读取数据库表：order_data]
2025-12-13 18:27:05,342 [INFO] [成功读取表 order_data，数据行数：25709]
2025-12-13 18:27:05,736 [INFO] [开始读取数据库表：sales_data]
2025-12-13 18:27:12,814 [INFO] [成功读取表 sales_data，数据行数：23038]
2025-12-13 18:27:15,028 [INFO] [开始读取数据库表：jingpin_data]
2025-12-13 18:27:15,396 [INFO] [成功读取表 jingpin_data，数据行数：5224]
2025-12-13 18:27:15,472 [INFO] [开始读取数据库表：inventory_data]
2025-12-13 18:27:16,005 [INFO] [成功读取表 inventory_data，数据行数：4995]
2025-12-13 18:27:16,005 [INFO] [开始读取数据库表：tuiding_data]
2025-12-13 18:27:16,263 [INFO] [成功读取表 tuiding_data，数据行数：4630]
2025-12-13 18:27:16,263 [INFO] [开始读取数据库表：debit_data]
2025-12-13 18:27:18,452 [INFO] [成功读取表 debit_data，数据行数：26552]
2025-12-13 18:27:18,871 [INFO] [开始读取数据库表：sales_invoice_data]
2025-12-13 18:27:20,426 [INFO] [成功读取表 sales_invoice_data，数据行数：20731]
2025-12-13 18:56:57,534 [INFO] [数据库引擎创建成功]
2025-12-13 18:56:57,534 [INFO] [开始读取数据库表：order_data]
2025-12-13 18:56:59,559 [INFO] [成功读取表 order_data，数据行数：25723]
2025-12-13 18:56:59,913 [INFO] [开始读取数据库表：sales_data]
2025-12-13 18:57:07,016 [INFO] [成功读取表 sales_data，数据行数：23040]
2025-12-13 18:57:09,312 [INFO] [开始读取数据库表：jingpin_data]
2025-12-13 18:57:09,720 [INFO] [成功读取表 jingpin_data，数据行数：5224]
2025-12-13 18:57:09,799 [INFO] [开始读取数据库表：inventory_data]
2025-12-13 18:57:10,329 [INFO] [成功读取表 inventory_data，数据行数：4994]
2025-12-13 18:57:10,329 [INFO] [开始读取数据库表：tuiding_data]
2025-12-13 18:57:10,610 [INFO] [成功读取表 tuiding_data，数据行数：4630]
2025-12-13 18:57:10,611 [INFO] [开始读取数据库表：debit_data]
2025-12-13 18:57:12,916 [INFO] [成功读取表 debit_data，数据行数：26552]
2025-12-13 18:57:13,355 [INFO] [开始读取数据库表：sales_invoice_data]
2025-12-13 18:57:14,989 [INFO] [成功读取表 sales_invoice_data，数据行数：20733]
2025-12-13 19:26:53,510 [INFO] [数据库引擎创建成功]
2025-12-13 19:26:53,510 [INFO] [开始读取数据库表：order_data]
2025-12-13 19:26:55,530 [INFO] [成功读取表 order_data，数据行数：25728]
2025-12-13 19:26:55,918 [INFO] [开始读取数据库表：sales_data]
2025-12-13 19:27:02,977 [INFO] [成功读取表 sales_data，数据行数：23040]
2025-12-13 19:27:05,337 [INFO] [开始读取数据库表：jingpin_data]
2025-12-13 19:27:05,748 [INFO] [成功读取表 jingpin_data，数据行数：5224]
2025-12-13 19:27:05,831 [INFO] [开始读取数据库表：inventory_data]
2025-12-13 19:27:06,359 [INFO] [成功读取表 inventory_data，数据行数：4994]
2025-12-13 19:27:06,360 [INFO] [开始读取数据库表：tuiding_data]
2025-12-13 19:27:06,648 [INFO] [成功读取表 tuiding_data，数据行数：4630]
2025-12-13 19:27:06,649 [INFO] [开始读取数据库表：debit_data]
2025-12-13 19:27:08,956 [INFO] [成功读取表 debit_data，数据行数：26552]
2025-12-13 19:27:09,379 [INFO] [开始读取数据库表：sales_invoice_data]
2025-12-13 19:27:10,994 [INFO] [成功读取表 sales_invoice_data，数据行数：20733]
2025-12-13 19:57:12,772 [INFO] [数据库引擎创建成功]
2025-12-13 19:57:12,773 [INFO] [开始读取数据库表：order_data]
2025-12-13 19:57:14,821 [INFO] [成功读取表 order_data，数据行数：25736]
2025-12-13 19:57:15,203 [INFO] [开始读取数据库表：sales_data]
2025-12-13 19:57:22,553 [INFO] [成功读取表 sales_data，数据行数：23042]
2025-12-13 19:57:24,901 [INFO] [开始读取数据库表：jingpin_data]
2025-12-13 19:57:25,310 [INFO] [成功读取表 jingpin_data，数据行数：5224]
2025-12-13 19:57:25,397 [INFO] [开始读取数据库表：inventory_data]
2025-12-13 19:57:25,915 [INFO] [成功读取表 inventory_data，数据行数：4992]
2025-12-13 19:57:25,915 [INFO] [开始读取数据库表：tuiding_data]
2025-12-13 19:57:26,190 [INFO] [成功读取表 tuiding_data，数据行数：4630]
2025-12-13 19:57:26,190 [INFO] [开始读取数据库表：debit_data]
2025-12-13 19:57:28,543 [INFO] [成功读取表 debit_data，数据行数：26552]
2025-12-13 19:57:28,994 [INFO] [开始读取数据库表：sales_invoice_data]
2025-12-13 19:57:30,639 [INFO] [成功读取表 sales_invoice_data，数据行数：20735]
2025-12-13 20:27:15,856 [INFO] [数据库引擎创建成功]
2025-12-13 20:27:15,857 [INFO] [开始读取数据库表：order_data]
2025-12-13 20:27:17,905 [INFO] [成功读取表 order_data，数据行数：25741]
2025-12-13 20:27:18,281 [INFO] [开始读取数据库表：sales_data]
2025-12-13 20:27:25,332 [INFO] [成功读取表 sales_data，数据行数：23042]
2025-12-13 20:27:27,711 [INFO] [开始读取数据库表：jingpin_data]
2025-12-13 20:27:28,115 [INFO] [成功读取表 jingpin_data，数据行数：5224]
2025-12-13 20:27:28,196 [INFO] [开始读取数据库表：inventory_data]
2025-12-13 20:27:28,731 [INFO] [成功读取表 inventory_data，数据行数：4992]
2025-12-13 20:27:28,731 [INFO] [开始读取数据库表：tuiding_data]
2025-12-13 20:27:28,998 [INFO] [成功读取表 tuiding_data，数据行数：4630]
2025-12-13 20:27:28,998 [INFO] [开始读取数据库表：debit_data]
2025-12-13 20:27:31,336 [INFO] [成功读取表 debit_data，数据行数：26552]
2025-12-13 20:27:31,775 [INFO] [开始读取数据库表：sales_invoice_data]
2025-12-13 20:27:33,430 [INFO] [成功读取表 sales_invoice_data，数据行数：20735]
2025-12-13 20:57:06,614 [INFO] [数据库引擎创建成功]
2025-12-13 20:57:06,614 [INFO] [开始读取数据库表：order_data]
2025-12-13 20:57:08,731 [INFO] [成功读取表 order_data，数据行数：25743]
2025-12-13 20:57:09,127 [INFO] [开始读取数据库表：sales_data]
2025-12-13 20:57:16,195 [INFO] [成功读取表 sales_data，数据行数：23042]
2025-12-13 20:57:18,622 [INFO] [开始读取数据库表：jingpin_data]
2025-12-13 20:57:19,096 [INFO] [成功读取表 jingpin_data，数据行数：5224]
2025-12-13 20:57:19,201 [INFO] [开始读取数据库表：inventory_data]
2025-12-13 20:57:19,789 [INFO] [成功读取表 inventory_data，数据行数：4992]
2025-12-13 20:57:19,789 [INFO] [开始读取数据库表：tuiding_data]
2025-12-13 20:57:20,063 [INFO] [成功读取表 tuiding_data，数据行数：4631]
2025-12-13 20:57:20,063 [INFO] [开始读取数据库表：debit_data]
2025-12-13 20:57:22,324 [INFO] [成功读取表 debit_data，数据行数：26552]
2025-12-13 20:57:22,749 [INFO] [开始读取数据库表：sales_invoice_data]
2025-12-13 20:57:24,351 [INFO] [成功读取表 sales_invoice_data，数据行数：20735]
2025-12-13 21:27:16,708 [INFO] [数据库引擎创建成功]
2025-12-13 21:27:16,708 [INFO] [开始读取数据库表：order_data]
2025-12-13 21:27:18,614 [INFO] [成功读取表 order_data，数据行数：25743]
2025-12-13 21:27:18,988 [INFO] [开始读取数据库表：sales_data]
2025-12-13 21:27:26,318 [INFO] [成功读取表 sales_data，数据行数：23042]
2025-12-13 21:27:28,666 [INFO] [开始读取数据库表：jingpin_data]
2025-12-13 21:27:29,071 [INFO] [成功读取表 jingpin_data，数据行数：5224]
2025-12-13 21:27:29,159 [INFO] [开始读取数据库表：inventory_data]
2025-12-13 21:27:29,591 [INFO] [成功读取表 inventory_data，数据行数：4173]
2025-12-13 21:27:29,591 [INFO] [开始读取数据库表：tuiding_data]
2025-12-13 21:27:29,933 [INFO] [成功读取表 tuiding_data，数据行数：4631]
2025-12-13 21:27:29,933 [INFO] [开始读取数据库表：debit_data]
2025-12-13 21:27:32,187 [INFO] [成功读取表 debit_data，数据行数：26582]
2025-12-13 21:27:32,652 [INFO] [开始读取数据库表：sales_invoice_data]
2025-12-13 21:27:34,271 [INFO] [成功读取表 sales_invoice_data，数据行数：20735]
2025-12-13 21:56:59,930 [INFO] [数据库引擎创建成功]
2025-12-13 21:56:59,930 [INFO] [开始读取数据库表：order_data]
2025-12-13 21:57:01,916 [INFO] [成功读取表 order_data，数据行数：25744]
2025-12-13 21:57:02,283 [INFO] [开始读取数据库表：sales_data]
2025-12-13 21:57:09,286 [INFO] [成功读取表 sales_data，数据行数：23042]
2025-12-13 21:57:11,657 [INFO] [开始读取数据库表：jingpin_data]
2025-12-13 21:57:12,112 [INFO] [成功读取表 jingpin_data，数据行数：5224]
2025-12-13 21:57:12,182 [INFO] [开始读取数据库表：inventory_data]
2025-12-13 21:57:12,747 [INFO] [成功读取表 inventory_data，数据行数：4992]
2025-12-13 21:57:12,747 [INFO] [开始读取数据库表：tuiding_data]
2025-12-13 21:57:13,013 [INFO] [成功读取表 tuiding_data，数据行数：4631]
2025-12-13 21:57:13,014 [INFO] [开始读取数据库表：debit_data]
2025-12-13 21:57:15,316 [INFO] [成功读取表 debit_data，数据行数：26588]
2025-12-13 21:57:15,733 [INFO] [开始读取数据库表：sales_invoice_data]
2025-12-13 21:57:17,332 [INFO] [成功读取表 sales_invoice_data，数据行数：20735]
2025-12-13 22:27:05,364 [INFO] [数据库引擎创建成功]
2025-12-13 22:27:05,365 [INFO] [开始读取数据库表：order_data]
2025-12-13 22:27:07,391 [INFO] [成功读取表 order_data，数据行数：25744]
2025-12-13 22:27:07,778 [INFO] [开始读取数据库表：sales_data]
2025-12-13 22:27:14,913 [INFO] [成功读取表 sales_data，数据行数：23042]
2025-12-13 22:27:17,243 [INFO] [开始读取数据库表：jingpin_data]
2025-12-13 22:27:17,646 [INFO] [成功读取表 jingpin_data，数据行数：5224]
2025-12-13 22:27:17,728 [INFO] [开始读取数据库表：inventory_data]
2025-12-13 22:27:18,243 [INFO] [成功读取表 inventory_data，数据行数：4992]
2025-12-13 22:27:18,244 [INFO] [开始读取数据库表：tuiding_data]
2025-12-13 22:27:18,520 [INFO] [成功读取表 tuiding_data，数据行数：4631]
2025-12-13 22:27:18,520 [INFO] [开始读取数据库表：debit_data]
2025-12-13 22:27:20,838 [INFO] [成功读取表 debit_data，数据行数：26588]
2025-12-13 22:27:21,253 [INFO] [开始读取数据库表：sales_invoice_data]
2025-12-13 22:27:22,831 [INFO] [成功读取表 sales_invoice_data，数据行数：20735]
2025-12-13 22:56:57,025 [INFO] [数据库引擎创建成功]
2025-12-13 22:56:57,025 [INFO] [开始读取数据库表：order_data]
2025-12-13 22:56:59,114 [INFO] [成功读取表 order_data，数据行数：25744]
2025-12-13 22:56:59,491 [INFO] [开始读取数据库表：sales_data]
2025-12-13 22:57:06,586 [INFO] [成功读取表 sales_data，数据行数：23042]
2025-12-13 22:57:08,998 [INFO] [开始读取数据库表：jingpin_data]
2025-12-13 22:57:09,399 [INFO] [成功读取表 jingpin_data，数据行数：5224]
2025-12-13 22:57:09,482 [INFO] [开始读取数据库表：inventory_data]
2025-12-13 22:57:10,010 [INFO] [成功读取表 inventory_data，数据行数：4992]
2025-12-13 22:57:10,011 [INFO] [开始读取数据库表：tuiding_data]
2025-12-13 22:57:10,275 [INFO] [成功读取表 tuiding_data，数据行数：4631]
2025-12-13 22:57:10,275 [INFO] [开始读取数据库表：debit_data]
2025-12-13 22:57:12,541 [INFO] [成功读取表 debit_data，数据行数：26588]
2025-12-13 22:57:12,967 [INFO] [开始读取数据库表：sales_invoice_data]
2025-12-13 22:57:14,655 [INFO] [成功读取表 sales_invoice_data，数据行数：20735]
2025-12-13 23:27:00,138 [INFO] [数据库引擎创建成功]
2025-12-13 23:27:00,138 [INFO] [开始读取数据库表：order_data]
2025-12-13 23:27:02,139 [INFO] [成功读取表 order_data，数据行数：25744]
2025-12-13 23:27:02,540 [INFO] [开始读取数据库表：sales_data]
2025-12-13 23:27:09,637 [INFO] [成功读取表 sales_data，数据行数：23042]
2025-12-13 23:27:11,984 [INFO] [开始读取数据库表：jingpin_data]
2025-12-13 23:27:12,380 [INFO] [成功读取表 jingpin_data，数据行数：5224]
2025-12-13 23:27:12,456 [INFO] [开始读取数据库表：inventory_data]
2025-12-13 23:27:12,987 [INFO] [成功读取表 inventory_data，数据行数：4992]
2025-12-13 23:27:12,987 [INFO] [开始读取数据库表：tuiding_data]
2025-12-13 23:27:13,294 [INFO] [成功读取表 tuiding_data，数据行数：4631]
2025-12-13 23:27:13,295 [INFO] [开始读取数据库表：debit_data]
2025-12-13 23:27:15,608 [INFO] [成功读取表 debit_data，数据行数：26588]
2025-12-13 23:27:16,033 [INFO] [开始读取数据库表：sales_invoice_data]
2025-12-13 23:27:17,675 [INFO] [成功读取表 sales_invoice_data，数据行数：20735]
2025-12-13 23:56:57,944 [INFO] [数据库引擎创建成功]
2025-12-13 23:56:57,945 [INFO] [开始读取数据库表：order_data]
2025-12-13 23:57:00,064 [INFO] [成功读取表 order_data，数据行数：25745]
2025-12-13 23:57:00,454 [INFO] [开始读取数据库表：sales_data]
2025-12-13 23:57:07,729 [INFO] [成功读取表 sales_data，数据行数：23042]
2025-12-13 23:57:10,099 [INFO] [开始读取数据库表：jingpin_data]
2025-12-13 23:57:10,517 [INFO] [成功读取表 jingpin_data，数据行数：5224]
2025-12-13 23:57:10,603 [INFO] [开始读取数据库表：inventory_data]
2025-12-13 23:57:11,151 [INFO] [成功读取表 inventory_data，数据行数：4992]
2025-12-13 23:57:11,151 [INFO] [开始读取数据库表：tuiding_data]
2025-12-13 23:57:11,425 [INFO] [成功读取表 tuiding_data，数据行数：4631]
2025-12-13 23:57:11,425 [INFO] [开始读取数据库表：debit_data]
2025-12-13 23:57:13,816 [INFO] [成功读取表 debit_data，数据行数：26588]
2025-12-13 23:57:14,247 [INFO] [开始读取数据库表：sales_invoice_data]
2025-12-13 23:57:15,843 [INFO] [成功读取表 sales_invoice_data，数据行数：20735]
