2025-12-15 08:56:57,870 [INFO] [数据库引擎创建成功]
2025-12-15 08:56:57,871 [INFO] [开始读取数据库表：order_data]
2025-12-15 08:56:59,903 [INFO] [成功读取表 order_data，数据行数：25929]
2025-12-15 08:57:00,318 [INFO] [开始读取数据库表：sales_data]
2025-12-15 08:57:07,561 [INFO] [成功读取表 sales_data，数据行数：23197]
2025-12-15 08:57:10,014 [INFO] [开始读取数据库表：jingpin_data]
2025-12-15 08:57:10,422 [INFO] [成功读取表 jingpin_data，数据行数：5243]
2025-12-15 08:57:10,518 [INFO] [开始读取数据库表：inventory_data]
2025-12-15 08:57:11,028 [INFO] [成功读取表 inventory_data，数据行数：4848]
2025-12-15 08:57:11,028 [INFO] [开始读取数据库表：tuiding_data]
2025-12-15 08:57:11,296 [INFO] [成功读取表 tuiding_data，数据行数：4651]
2025-12-15 08:57:11,296 [INFO] [开始读取数据库表：debit_data]
2025-12-15 08:57:13,612 [INFO] [成功读取表 debit_data，数据行数：26502]
2025-12-15 08:57:14,091 [INFO] [开始读取数据库表：sales_invoice_data]
2025-12-15 08:57:15,763 [INFO] [成功读取表 sales_invoice_data，数据行数：20873]
2025-12-15 09:27:06,376 [INFO] [数据库引擎创建成功]
2025-12-15 09:27:06,377 [INFO] [开始读取数据库表：order_data]
2025-12-15 09:27:08,245 [INFO] [成功读取表 order_data，数据行数：25922]
2025-12-15 09:27:08,588 [INFO] [开始读取数据库表：sales_data]
2025-12-15 09:27:14,734 [INFO] [成功读取表 sales_data，数据行数：23197]
2025-12-15 09:27:16,718 [INFO] [开始读取数据库表：jingpin_data]
2025-12-15 09:27:17,065 [INFO] [成功读取表 jingpin_data，数据行数：5244]
2025-12-15 09:27:17,098 [INFO] [开始读取数据库表：inventory_data]
2025-12-15 09:27:17,535 [INFO] [成功读取表 inventory_data，数据行数：4848]
2025-12-15 09:27:17,536 [INFO] [开始读取数据库表：tuiding_data]
2025-12-15 09:27:17,782 [INFO] [成功读取表 tuiding_data，数据行数：4659]
2025-12-15 09:27:17,782 [INFO] [开始读取数据库表：debit_data]
2025-12-15 09:27:19,798 [INFO] [成功读取表 debit_data，数据行数：26502]
2025-12-15 09:27:20,195 [INFO] [开始读取数据库表：sales_invoice_data]
2025-12-15 09:27:21,640 [INFO] [成功读取表 sales_invoice_data，数据行数：20873]
2025-12-15 09:57:28,514 [INFO] [数据库引擎创建成功]
2025-12-15 09:57:28,514 [INFO] [开始读取数据库表：order_data]
2025-12-15 09:57:30,219 [INFO] [成功读取表 order_data，数据行数：25923]
2025-12-15 09:57:30,512 [INFO] [开始读取数据库表：sales_data]
2025-12-15 09:57:36,108 [INFO] [成功读取表 sales_data，数据行数：23205]
2025-12-15 09:57:38,153 [INFO] [开始读取数据库表：jingpin_data]
2025-12-15 09:57:38,498 [INFO] [成功读取表 jingpin_data，数据行数：5244]
2025-12-15 09:57:38,595 [INFO] [开始读取数据库表：inventory_data]
2025-12-15 09:57:39,050 [INFO] [成功读取表 inventory_data，数据行数：4840]
2025-12-15 09:57:39,050 [INFO] [开始读取数据库表：tuiding_data]
2025-12-15 09:57:39,296 [INFO] [成功读取表 tuiding_data，数据行数：4659]
2025-12-15 09:57:39,305 [INFO] [开始读取数据库表：debit_data]
2025-12-15 09:57:41,067 [INFO] [成功读取表 debit_data，数据行数：26502]
2025-12-15 09:57:41,457 [INFO] [开始读取数据库表：sales_invoice_data]
2025-12-15 09:57:42,893 [INFO] [成功读取表 sales_invoice_data，数据行数：20881]
2025-12-15 10:27:18,445 [INFO] [数据库引擎创建成功]
2025-12-15 10:27:18,445 [INFO] [开始读取数据库表：order_data]
2025-12-15 10:27:20,205 [INFO] [成功读取表 order_data，数据行数：25921]
2025-12-15 10:27:21,855 [INFO] [开始读取数据库表：sales_data]
2025-12-15 10:27:27,699 [INFO] [成功读取表 sales_data，数据行数：23210]
2025-12-15 10:27:29,652 [INFO] [开始读取数据库表：jingpin_data]
2025-12-15 10:27:29,993 [INFO] [成功读取表 jingpin_data，数据行数：5247]
2025-12-15 10:27:30,053 [INFO] [开始读取数据库表：inventory_data]
2025-12-15 10:27:30,519 [INFO] [成功读取表 inventory_data，数据行数：4836]
2025-12-15 10:27:30,519 [INFO] [开始读取数据库表：tuiding_data]
2025-12-15 10:27:30,770 [INFO] [成功读取表 tuiding_data，数据行数：4661]
2025-12-15 10:27:30,770 [INFO] [开始读取数据库表：debit_data]
2025-12-15 10:27:32,567 [INFO] [成功读取表 debit_data，数据行数：26503]
2025-12-15 10:27:32,982 [INFO] [开始读取数据库表：sales_invoice_data]
2025-12-15 10:27:34,444 [INFO] [成功读取表 sales_invoice_data，数据行数：20885]
2025-12-15 10:57:28,345 [INFO] [数据库引擎创建成功]
2025-12-15 10:57:28,346 [INFO] [开始读取数据库表：order_data]
2025-12-15 10:57:30,400 [INFO] [成功读取表 order_data，数据行数：25921]
2025-12-15 10:57:30,741 [INFO] [开始读取数据库表：sales_data]
2025-12-15 10:57:37,446 [INFO] [成功读取表 sales_data，数据行数：23216]
2025-12-15 10:57:39,440 [INFO] [开始读取数据库表：jingpin_data]
2025-12-15 10:57:40,007 [INFO] [成功读取表 jingpin_data，数据行数：5247]
2025-12-15 10:57:40,092 [INFO] [开始读取数据库表：inventory_data]
2025-12-15 10:57:40,524 [INFO] [成功读取表 inventory_data，数据行数：4830]
2025-12-15 10:57:40,524 [INFO] [开始读取数据库表：tuiding_data]
2025-12-15 10:57:40,775 [INFO] [成功读取表 tuiding_data，数据行数：4661]
2025-12-15 10:57:40,775 [INFO] [开始读取数据库表：debit_data]
2025-12-15 10:57:42,818 [INFO] [成功读取表 debit_data，数据行数：26503]
2025-12-15 10:57:43,224 [INFO] [开始读取数据库表：sales_invoice_data]
2025-12-15 10:57:44,584 [INFO] [成功读取表 sales_invoice_data，数据行数：20890]
2025-12-15 11:27:09,062 [INFO] [数据库引擎创建成功]
2025-12-15 11:27:09,062 [INFO] [开始读取数据库表：order_data]
2025-12-15 11:27:10,832 [INFO] [成功读取表 order_data，数据行数：25924]
2025-12-15 11:27:11,164 [INFO] [开始读取数据库表：sales_data]
2025-12-15 11:27:17,187 [INFO] [成功读取表 sales_data，数据行数：23237]
2025-12-15 11:27:19,150 [INFO] [开始读取数据库表：jingpin_data]
2025-12-15 11:27:19,493 [INFO] [成功读取表 jingpin_data，数据行数：5247]
2025-12-15 11:27:19,566 [INFO] [开始读取数据库表：inventory_data]
2025-12-15 11:27:20,027 [INFO] [成功读取表 inventory_data，数据行数：4812]
2025-12-15 11:27:20,028 [INFO] [开始读取数据库表：tuiding_data]
2025-12-15 11:27:20,274 [INFO] [成功读取表 tuiding_data，数据行数：4664]
2025-12-15 11:27:20,274 [INFO] [开始读取数据库表：debit_data]
2025-12-15 11:27:22,828 [INFO] [成功读取表 debit_data，数据行数：26503]
2025-12-15 11:27:23,274 [INFO] [开始读取数据库表：sales_invoice_data]
2025-12-15 11:27:24,783 [INFO] [成功读取表 sales_invoice_data，数据行数：20909]
2025-12-15 11:57:05,064 [INFO] [数据库引擎创建成功]
2025-12-15 11:57:05,065 [INFO] [开始读取数据库表：order_data]
2025-12-15 11:57:06,820 [INFO] [成功读取表 order_data，数据行数：25942]
2025-12-15 11:57:07,162 [INFO] [开始读取数据库表：sales_data]
2025-12-15 11:57:13,045 [INFO] [成功读取表 sales_data，数据行数：23248]
2025-12-15 11:57:15,519 [INFO] [开始读取数据库表：jingpin_data]
2025-12-15 11:57:16,432 [INFO] [成功读取表 jingpin_data，数据行数：5247]
2025-12-15 11:57:16,559 [INFO] [开始读取数据库表：inventory_data]
2025-12-15 11:57:17,599 [INFO] [成功读取表 inventory_data，数据行数：4802]
2025-12-15 11:57:17,600 [INFO] [开始读取数据库表：tuiding_data]
2025-12-15 11:57:17,920 [INFO] [成功读取表 tuiding_data，数据行数：4664]
2025-12-15 11:57:17,920 [INFO] [开始读取数据库表：debit_data]
2025-12-15 11:57:20,004 [INFO] [成功读取表 debit_data，数据行数：26503]
2025-12-15 11:57:20,388 [INFO] [开始读取数据库表：sales_invoice_data]
2025-12-15 11:57:21,919 [INFO] [成功读取表 sales_invoice_data，数据行数：20919]
2025-12-15 12:27:12,459 [INFO] [数据库引擎创建成功]
2025-12-15 12:27:12,468 [INFO] [开始读取数据库表：order_data]
2025-12-15 12:27:14,334 [INFO] [成功读取表 order_data，数据行数：25938]
2025-12-15 12:27:14,677 [INFO] [开始读取数据库表：sales_data]
2025-12-15 12:27:20,738 [INFO] [成功读取表 sales_data，数据行数：23253]
2025-12-15 12:27:22,715 [INFO] [开始读取数据库表：jingpin_data]
2025-12-15 12:27:23,051 [INFO] [成功读取表 jingpin_data，数据行数：5247]
2025-12-15 12:27:23,125 [INFO] [开始读取数据库表：inventory_data]
2025-12-15 12:27:23,567 [INFO] [成功读取表 inventory_data，数据行数：4801]
2025-12-15 12:27:23,567 [INFO] [开始读取数据库表：tuiding_data]
2025-12-15 12:27:23,820 [INFO] [成功读取表 tuiding_data，数据行数：4670]
2025-12-15 12:27:23,820 [INFO] [开始读取数据库表：debit_data]
2025-12-15 12:27:25,843 [INFO] [成功读取表 debit_data，数据行数：26533]
2025-12-15 12:27:26,169 [INFO] [开始读取数据库表：sales_invoice_data]
2025-12-15 12:27:27,610 [INFO] [成功读取表 sales_invoice_data，数据行数：20924]
2025-12-15 12:56:42,739 [INFO] [数据库引擎创建成功]
2025-12-15 12:56:42,739 [INFO] [开始读取数据库表：order_data]
2025-12-15 12:56:44,627 [INFO] [成功读取表 order_data，数据行数：25940]
2025-12-15 12:56:44,951 [INFO] [开始读取数据库表：sales_data]
2025-12-15 12:56:50,834 [INFO] [成功读取表 sales_data，数据行数：23257]
2025-12-15 12:56:52,756 [INFO] [开始读取数据库表：jingpin_data]
2025-12-15 12:56:53,091 [INFO] [成功读取表 jingpin_data，数据行数：5248]
2025-12-15 12:56:53,157 [INFO] [开始读取数据库表：inventory_data]
2025-12-15 12:56:53,604 [INFO] [成功读取表 inventory_data，数据行数：4798]
2025-12-15 12:56:53,604 [INFO] [开始读取数据库表：tuiding_data]
2025-12-15 12:56:53,835 [INFO] [成功读取表 tuiding_data，数据行数：4670]
2025-12-15 12:56:53,835 [INFO] [开始读取数据库表：debit_data]
2025-12-15 12:56:55,829 [INFO] [成功读取表 debit_data，数据行数：26533]
2025-12-15 12:56:56,196 [INFO] [开始读取数据库表：sales_invoice_data]
2025-12-15 12:56:57,673 [INFO] [成功读取表 sales_invoice_data，数据行数：20928]
2025-12-15 13:26:44,947 [INFO] [数据库引擎创建成功]
2025-12-15 13:26:44,947 [INFO] [开始读取数据库表：order_data]
2025-12-15 13:26:46,756 [INFO] [成功读取表 order_data，数据行数：25942]
2025-12-15 13:26:47,083 [INFO] [开始读取数据库表：sales_data]
2025-12-15 13:26:53,129 [INFO] [成功读取表 sales_data，数据行数：23267]
2025-12-15 13:26:55,079 [INFO] [开始读取数据库表：jingpin_data]
2025-12-15 13:26:55,419 [INFO] [成功读取表 jingpin_data，数据行数：5257]
2025-12-15 13:26:55,489 [INFO] [开始读取数据库表：inventory_data]
2025-12-15 13:26:55,948 [INFO] [成功读取表 inventory_data，数据行数：4787]
2025-12-15 13:26:55,948 [INFO] [开始读取数据库表：tuiding_data]
2025-12-15 13:26:56,192 [INFO] [成功读取表 tuiding_data，数据行数：4670]
2025-12-15 13:26:56,193 [INFO] [开始读取数据库表：debit_data]
2025-12-15 13:26:58,228 [INFO] [成功读取表 debit_data，数据行数：26533]
2025-12-15 13:26:58,611 [INFO] [开始读取数据库表：sales_invoice_data]
2025-12-15 13:27:00,065 [INFO] [成功读取表 sales_invoice_data，数据行数：20938]
2025-12-15 13:57:26,351 [INFO] [数据库引擎创建成功]
2025-12-15 13:57:26,352 [INFO] [开始读取数据库表：order_data]
2025-12-15 13:57:28,142 [INFO] [成功读取表 order_data，数据行数：25944]
2025-12-15 13:57:28,445 [INFO] [开始读取数据库表：sales_data]
2025-12-15 13:57:33,890 [INFO] [成功读取表 sales_data，数据行数：23275]
2025-12-15 13:57:37,243 [INFO] [开始读取数据库表：jingpin_data]
2025-12-15 13:57:37,629 [INFO] [成功读取表 jingpin_data，数据行数：5257]
2025-12-15 13:57:37,733 [INFO] [开始读取数据库表：inventory_data]
2025-12-15 13:57:38,371 [INFO] [成功读取表 inventory_data，数据行数：4781]
2025-12-15 13:57:38,371 [INFO] [开始读取数据库表：tuiding_data]
2025-12-15 13:57:38,664 [INFO] [成功读取表 tuiding_data，数据行数：4670]
2025-12-15 13:57:38,664 [INFO] [开始读取数据库表：debit_data]
2025-12-15 13:57:40,414 [INFO] [成功读取表 debit_data，数据行数：26533]
2025-12-15 13:57:40,705 [INFO] [开始读取数据库表：sales_invoice_data]
2025-12-15 13:57:42,132 [INFO] [成功读取表 sales_invoice_data，数据行数：20945]
2025-12-15 14:26:55,694 [INFO] [数据库引擎创建成功]
2025-12-15 14:26:55,694 [INFO] [开始读取数据库表：order_data]
2025-12-15 14:26:57,514 [INFO] [成功读取表 order_data，数据行数：25947]
2025-12-15 14:26:57,857 [INFO] [开始读取数据库表：sales_data]
2025-12-15 14:27:03,880 [INFO] [成功读取表 sales_data，数据行数：23285]
2025-12-15 14:27:05,739 [INFO] [开始读取数据库表：jingpin_data]
2025-12-15 14:27:06,087 [INFO] [成功读取表 jingpin_data，数据行数：5257]
2025-12-15 14:27:06,160 [INFO] [开始读取数据库表：inventory_data]
2025-12-15 14:27:07,163 [INFO] [成功读取表 inventory_data，数据行数：4773]
2025-12-15 14:27:07,163 [INFO] [开始读取数据库表：tuiding_data]
2025-12-15 14:27:07,338 [INFO] [成功读取表 tuiding_data，数据行数：4671]
2025-12-15 14:27:07,338 [INFO] [开始读取数据库表：debit_data]
2025-12-15 14:27:09,189 [INFO] [成功读取表 debit_data，数据行数：26533]
2025-12-15 14:27:09,561 [INFO] [开始读取数据库表：sales_invoice_data]
2025-12-15 14:27:11,025 [INFO] [成功读取表 sales_invoice_data，数据行数：20953]
2025-12-15 14:58:07,720 [INFO] [数据库引擎创建成功]
2025-12-15 14:58:07,720 [INFO] [开始读取数据库表：order_data]
2025-12-15 14:58:09,558 [INFO] [成功读取表 order_data，数据行数：25946]
2025-12-15 14:58:09,887 [INFO] [开始读取数据库表：sales_data]
2025-12-15 14:58:16,293 [INFO] [成功读取表 sales_data，数据行数：23301]
2025-12-15 14:58:18,195 [INFO] [开始读取数据库表：jingpin_data]
2025-12-15 14:58:18,533 [INFO] [成功读取表 jingpin_data，数据行数：5257]
2025-12-15 14:58:18,595 [INFO] [开始读取数据库表：inventory_data]
2025-12-15 14:58:19,048 [INFO] [成功读取表 inventory_data，数据行数：4758]
2025-12-15 14:58:19,048 [INFO] [开始读取数据库表：tuiding_data]
2025-12-15 14:58:19,293 [INFO] [成功读取表 tuiding_data，数据行数：4674]
2025-12-15 14:58:19,293 [INFO] [开始读取数据库表：debit_data]
2025-12-15 14:58:21,360 [INFO] [成功读取表 debit_data，数据行数：26533]
2025-12-15 14:58:21,729 [INFO] [开始读取数据库表：sales_invoice_data]
2025-12-15 14:58:23,092 [INFO] [成功读取表 sales_invoice_data，数据行数：20967]
2025-12-15 15:27:26,651 [INFO] [数据库引擎创建成功]
2025-12-15 15:27:26,652 [INFO] [开始读取数据库表：order_data]
2025-12-15 15:27:28,394 [INFO] [成功读取表 order_data，数据行数：25947]
2025-12-15 15:27:28,691 [INFO] [开始读取数据库表：sales_data]
2025-12-15 15:27:34,229 [INFO] [成功读取表 sales_data，数据行数：23314]
2025-12-15 15:27:35,959 [INFO] [开始读取数据库表：jingpin_data]
2025-12-15 15:27:36,273 [INFO] [成功读取表 jingpin_data，数据行数：5261]
2025-12-15 15:27:36,338 [INFO] [开始读取数据库表：inventory_data]
2025-12-15 15:27:36,690 [INFO] [成功读取表 inventory_data，数据行数：4748]
2025-12-15 15:27:36,690 [INFO] [开始读取数据库表：tuiding_data]
2025-12-15 15:27:36,863 [INFO] [成功读取表 tuiding_data，数据行数：4674]
2025-12-15 15:27:36,863 [INFO] [开始读取数据库表：debit_data]
2025-12-15 15:27:38,584 [INFO] [成功读取表 debit_data，数据行数：26533]
2025-12-15 15:27:38,940 [INFO] [开始读取数据库表：sales_invoice_data]
2025-12-15 15:27:40,233 [INFO] [成功读取表 sales_invoice_data，数据行数：20977]
2025-12-15 15:56:57,371 [INFO] [数据库引擎创建成功]
2025-12-15 15:56:57,372 [INFO] [开始读取数据库表：order_data]
2025-12-15 15:56:59,197 [INFO] [成功读取表 order_data，数据行数：25949]
2025-12-15 15:56:59,510 [INFO] [开始读取数据库表：sales_data]
2025-12-15 15:57:05,799 [INFO] [成功读取表 sales_data，数据行数：23320]
2025-12-15 15:57:07,701 [INFO] [开始读取数据库表：jingpin_data]
2025-12-15 15:57:08,075 [INFO] [成功读取表 jingpin_data，数据行数：5260]
2025-12-15 15:57:08,151 [INFO] [开始读取数据库表：inventory_data]
2025-12-15 15:57:08,639 [INFO] [成功读取表 inventory_data，数据行数：4742]
2025-12-15 15:57:08,639 [INFO] [开始读取数据库表：tuiding_data]
2025-12-15 15:57:08,882 [INFO] [成功读取表 tuiding_data，数据行数：4674]
2025-12-15 15:57:08,882 [INFO] [开始读取数据库表：debit_data]
2025-12-15 15:57:11,087 [INFO] [成功读取表 debit_data，数据行数：26533]
2025-12-15 15:57:11,475 [INFO] [开始读取数据库表：sales_invoice_data]
2025-12-15 15:57:13,095 [INFO] [成功读取表 sales_invoice_data，数据行数：20982]
2025-12-15 16:27:23,868 [INFO] [数据库引擎创建成功]
2025-12-15 16:27:23,868 [INFO] [开始读取数据库表：order_data]
2025-12-15 16:27:25,664 [INFO] [成功读取表 order_data，数据行数：25950]
2025-12-15 16:27:25,989 [INFO] [开始读取数据库表：sales_data]
2025-12-15 16:27:32,168 [INFO] [成功读取表 sales_data，数据行数：23326]
2025-12-15 16:27:34,113 [INFO] [开始读取数据库表：jingpin_data]
2025-12-15 16:27:34,474 [INFO] [成功读取表 jingpin_data，数据行数：5264]
2025-12-15 16:27:34,559 [INFO] [开始读取数据库表：inventory_data]
2025-12-15 16:27:35,014 [INFO] [成功读取表 inventory_data，数据行数：4734]
2025-12-15 16:27:35,014 [INFO] [开始读取数据库表：tuiding_data]
2025-12-15 16:27:35,259 [INFO] [成功读取表 tuiding_data，数据行数：4678]
2025-12-15 16:27:35,259 [INFO] [开始读取数据库表：debit_data]
2025-12-15 16:27:37,306 [INFO] [成功读取表 debit_data，数据行数：26533]
2025-12-15 16:27:37,693 [INFO] [开始读取数据库表：sales_invoice_data]
2025-12-15 16:27:39,142 [INFO] [成功读取表 sales_invoice_data，数据行数：20989]
2025-12-15 16:56:57,466 [INFO] [数据库引擎创建成功]
2025-12-15 16:56:57,466 [INFO] [开始读取数据库表：order_data]
2025-12-15 16:56:59,260 [INFO] [成功读取表 order_data，数据行数：25956]
2025-12-15 16:56:59,585 [INFO] [开始读取数据库表：sales_data]
2025-12-15 16:57:05,553 [INFO] [成功读取表 sales_data，数据行数：23345]
2025-12-15 16:57:07,439 [INFO] [开始读取数据库表：jingpin_data]
2025-12-15 16:57:07,776 [INFO] [成功读取表 jingpin_data，数据行数：5271]
2025-12-15 16:57:07,847 [INFO] [开始读取数据库表：inventory_data]
2025-12-15 16:57:08,249 [INFO] [成功读取表 inventory_data，数据行数：4714]
2025-12-15 16:57:08,249 [INFO] [开始读取数据库表：tuiding_data]
2025-12-15 16:57:08,484 [INFO] [成功读取表 tuiding_data，数据行数：4678]
2025-12-15 16:57:08,484 [INFO] [开始读取数据库表：debit_data]
2025-12-15 16:57:10,381 [INFO] [成功读取表 debit_data，数据行数：26533]
2025-12-15 16:57:10,736 [INFO] [开始读取数据库表：sales_invoice_data]
2025-12-15 16:57:12,027 [INFO] [成功读取表 sales_invoice_data，数据行数：21009]
2025-12-15 17:27:36,844 [INFO] [数据库引擎创建成功]
2025-12-15 17:27:36,844 [INFO] [开始读取数据库表：order_data]
2025-12-15 17:27:38,676 [INFO] [成功读取表 order_data，数据行数：25960]
2025-12-15 17:27:39,026 [INFO] [开始读取数据库表：sales_data]
2025-12-15 17:27:44,975 [INFO] [成功读取表 sales_data，数据行数：23360]
2025-12-15 17:27:47,600 [INFO] [开始读取数据库表：jingpin_data]
2025-12-15 17:27:47,961 [INFO] [成功读取表 jingpin_data，数据行数：5275]
2025-12-15 17:27:48,037 [INFO] [开始读取数据库表：inventory_data]
2025-12-15 17:27:48,482 [INFO] [成功读取表 inventory_data，数据行数：4701]
2025-12-15 17:27:48,482 [INFO] [开始读取数据库表：tuiding_data]
2025-12-15 17:27:48,719 [INFO] [成功读取表 tuiding_data，数据行数：4678]
2025-12-15 17:27:48,719 [INFO] [开始读取数据库表：debit_data]
2025-12-15 17:27:50,795 [INFO] [成功读取表 debit_data，数据行数：26533]
2025-12-15 17:27:51,207 [INFO] [开始读取数据库表：sales_invoice_data]
2025-12-15 17:27:52,631 [INFO] [成功读取表 sales_invoice_data，数据行数：21021]
2025-12-15 17:57:38,930 [INFO] [数据库引擎创建成功]
2025-12-15 17:57:38,930 [INFO] [开始读取数据库表：order_data]
2025-12-15 17:57:40,906 [INFO] [成功读取表 order_data，数据行数：25963]
2025-12-15 17:57:41,261 [INFO] [开始读取数据库表：sales_data]
2025-12-15 17:57:47,749 [INFO] [成功读取表 sales_data，数据行数：23369]
2025-12-15 17:57:49,810 [INFO] [开始读取数据库表：jingpin_data]
2025-12-15 17:57:50,546 [INFO] [成功读取表 jingpin_data，数据行数：5275]
2025-12-15 17:57:50,597 [INFO] [开始读取数据库表：inventory_data]
2025-12-15 17:57:50,872 [INFO] [成功读取表 inventory_data，数据行数：4695]
2025-12-15 17:57:50,872 [INFO] [开始读取数据库表：tuiding_data]
2025-12-15 17:57:51,020 [INFO] [成功读取表 tuiding_data，数据行数：4679]
2025-12-15 17:57:51,020 [INFO] [开始读取数据库表：debit_data]
2025-12-15 17:57:52,905 [INFO] [成功读取表 debit_data，数据行数：26533]
2025-12-15 17:57:53,304 [INFO] [开始读取数据库表：sales_invoice_data]
2025-12-15 17:57:54,812 [INFO] [成功读取表 sales_invoice_data，数据行数：21027]
2025-12-15 18:27:11,885 [INFO] [数据库引擎创建成功]
2025-12-15 18:27:11,885 [INFO] [开始读取数据库表：order_data]
2025-12-15 18:27:13,729 [INFO] [成功读取表 order_data，数据行数：25966]
2025-12-15 18:27:14,067 [INFO] [开始读取数据库表：sales_data]
2025-12-15 18:27:20,316 [INFO] [成功读取表 sales_data，数据行数：23375]
2025-12-15 18:27:22,042 [INFO] [开始读取数据库表：jingpin_data]
2025-12-15 18:27:22,307 [INFO] [成功读取表 jingpin_data，数据行数：5277]
2025-12-15 18:27:22,373 [INFO] [开始读取数据库表：inventory_data]
2025-12-15 18:27:22,802 [INFO] [成功读取表 inventory_data，数据行数：4689]
2025-12-15 18:27:22,802 [INFO] [开始读取数据库表：tuiding_data]
2025-12-15 18:27:23,049 [INFO] [成功读取表 tuiding_data，数据行数：4680]
2025-12-15 18:27:23,049 [INFO] [开始读取数据库表：debit_data]
2025-12-15 18:27:25,114 [INFO] [成功读取表 debit_data，数据行数：26533]
2025-12-15 18:27:25,499 [INFO] [开始读取数据库表：sales_invoice_data]
2025-12-15 18:27:26,955 [INFO] [成功读取表 sales_invoice_data，数据行数：21033]
2025-12-15 18:57:04,199 [INFO] [数据库引擎创建成功]
2025-12-15 18:57:04,199 [INFO] [开始读取数据库表：order_data]
2025-12-15 18:57:06,086 [INFO] [成功读取表 order_data，数据行数：25967]
2025-12-15 18:57:06,409 [INFO] [开始读取数据库表：sales_data]
2025-12-15 18:57:13,007 [INFO] [成功读取表 sales_data，数据行数：23379]
2025-12-15 18:57:15,048 [INFO] [开始读取数据库表：jingpin_data]
2025-12-15 18:57:15,390 [INFO] [成功读取表 jingpin_data，数据行数：5277]
2025-12-15 18:57:15,464 [INFO] [开始读取数据库表：inventory_data]
2025-12-15 18:57:15,917 [INFO] [成功读取表 inventory_data，数据行数：4685]
2025-12-15 18:57:15,917 [INFO] [开始读取数据库表：tuiding_data]
2025-12-15 18:57:16,176 [INFO] [成功读取表 tuiding_data，数据行数：4681]
2025-12-15 18:57:16,176 [INFO] [开始读取数据库表：debit_data]
2025-12-15 18:57:18,898 [INFO] [成功读取表 debit_data，数据行数：26533]
2025-12-15 18:57:19,225 [INFO] [开始读取数据库表：sales_invoice_data]
2025-12-15 18:57:20,717 [INFO] [成功读取表 sales_invoice_data，数据行数：21037]
2025-12-15 19:26:44,357 [INFO] [数据库引擎创建成功]
2025-12-15 19:26:44,357 [INFO] [开始读取数据库表：order_data]
2025-12-15 19:26:46,230 [INFO] [成功读取表 order_data，数据行数：25966]
2025-12-15 19:26:46,552 [INFO] [开始读取数据库表：sales_data]
2025-12-15 19:26:53,442 [INFO] [成功读取表 sales_data，数据行数：23384]
2025-12-15 19:26:55,420 [INFO] [开始读取数据库表：jingpin_data]
2025-12-15 19:26:55,772 [INFO] [成功读取表 jingpin_data，数据行数：5277]
2025-12-15 19:26:55,848 [INFO] [开始读取数据库表：inventory_data]
2025-12-15 19:26:56,293 [INFO] [成功读取表 inventory_data，数据行数：4680]
2025-12-15 19:26:56,293 [INFO] [开始读取数据库表：tuiding_data]
2025-12-15 19:26:56,552 [INFO] [成功读取表 tuiding_data，数据行数：4685]
2025-12-15 19:26:56,552 [INFO] [开始读取数据库表：debit_data]
2025-12-15 19:26:58,689 [INFO] [成功读取表 debit_data，数据行数：26533]
2025-12-15 19:26:59,084 [INFO] [开始读取数据库表：sales_invoice_data]
2025-12-15 19:27:00,604 [INFO] [成功读取表 sales_invoice_data，数据行数：21042]
2025-12-15 19:56:59,712 [INFO] [数据库引擎创建成功]
2025-12-15 19:56:59,713 [INFO] [开始读取数据库表：order_data]
2025-12-15 19:57:02,079 [INFO] [成功读取表 order_data，数据行数：25967]
2025-12-15 19:57:02,500 [INFO] [开始读取数据库表：sales_data]
2025-12-15 19:57:10,437 [INFO] [成功读取表 sales_data，数据行数：23390]
2025-12-15 19:57:12,912 [INFO] [开始读取数据库表：jingpin_data]
2025-12-15 19:57:13,289 [INFO] [成功读取表 jingpin_data，数据行数：5277]
2025-12-15 19:57:13,370 [INFO] [开始读取数据库表：inventory_data]
2025-12-15 19:57:13,865 [INFO] [成功读取表 inventory_data，数据行数：4674]
2025-12-15 19:57:13,865 [INFO] [开始读取数据库表：tuiding_data]
2025-12-15 19:57:14,141 [INFO] [成功读取表 tuiding_data，数据行数：4685]
2025-12-15 19:57:14,142 [INFO] [开始读取数据库表：debit_data]
2025-12-15 19:57:16,504 [INFO] [成功读取表 debit_data，数据行数：26533]
2025-12-15 19:57:16,967 [INFO] [开始读取数据库表：sales_invoice_data]
2025-12-15 19:57:18,520 [INFO] [成功读取表 sales_invoice_data，数据行数：21048]
2025-12-15 20:27:00,091 [INFO] [数据库引擎创建成功]
2025-12-15 20:27:00,092 [INFO] [开始读取数据库表：order_data]
2025-12-15 20:27:02,006 [INFO] [成功读取表 order_data，数据行数：25967]
2025-12-15 20:27:02,351 [INFO] [开始读取数据库表：sales_data]
2025-12-15 20:27:09,231 [INFO] [成功读取表 sales_data，数据行数：23392]
2025-12-15 20:27:11,261 [INFO] [开始读取数据库表：jingpin_data]
2025-12-15 20:27:11,618 [INFO] [成功读取表 jingpin_data，数据行数：5277]
2025-12-15 20:27:11,692 [INFO] [开始读取数据库表：inventory_data]
2025-12-15 20:27:12,151 [INFO] [成功读取表 inventory_data，数据行数：4672]
2025-12-15 20:27:12,151 [INFO] [开始读取数据库表：tuiding_data]
2025-12-15 20:27:12,410 [INFO] [成功读取表 tuiding_data，数据行数：4685]
2025-12-15 20:27:12,411 [INFO] [开始读取数据库表：debit_data]
2025-12-15 20:27:14,468 [INFO] [成功读取表 debit_data，数据行数：26533]
2025-12-15 20:27:14,857 [INFO] [开始读取数据库表：sales_invoice_data]
2025-12-15 20:27:16,378 [INFO] [成功读取表 sales_invoice_data，数据行数：21050]
2025-12-15 20:57:05,533 [INFO] [数据库引擎创建成功]
2025-12-15 20:57:05,533 [INFO] [开始读取数据库表：order_data]
2025-12-15 20:57:08,366 [INFO] [成功读取表 order_data，数据行数：25967]
2025-12-15 20:57:08,635 [INFO] [开始读取数据库表：sales_data]
2025-12-15 20:57:14,949 [INFO] [成功读取表 sales_data，数据行数：23397]
2025-12-15 20:57:16,973 [INFO] [开始读取数据库表：jingpin_data]
2025-12-15 20:57:17,337 [INFO] [成功读取表 jingpin_data，数据行数：5277]
2025-12-15 20:57:17,413 [INFO] [开始读取数据库表：inventory_data]
2025-12-15 20:57:17,858 [INFO] [成功读取表 inventory_data，数据行数：4667]
2025-12-15 20:57:17,858 [INFO] [开始读取数据库表：tuiding_data]
2025-12-15 20:57:18,110 [INFO] [成功读取表 tuiding_data，数据行数：4685]
2025-12-15 20:57:18,110 [INFO] [开始读取数据库表：debit_data]
2025-12-15 20:57:20,173 [INFO] [成功读取表 debit_data，数据行数：26533]
2025-12-15 20:57:20,568 [INFO] [开始读取数据库表：sales_invoice_data]
2025-12-15 20:57:22,089 [INFO] [成功读取表 sales_invoice_data，数据行数：21055]
2025-12-15 21:26:52,591 [INFO] [数据库引擎创建成功]
2025-12-15 21:26:52,591 [INFO] [开始读取数据库表：order_data]
2025-12-15 21:26:54,955 [INFO] [成功读取表 order_data，数据行数：25968]
2025-12-15 21:26:55,249 [INFO] [开始读取数据库表：sales_data]
2025-12-15 21:27:01,804 [INFO] [成功读取表 sales_data，数据行数：23398]
2025-12-15 21:27:03,854 [INFO] [开始读取数据库表：jingpin_data]
2025-12-15 21:27:04,219 [INFO] [成功读取表 jingpin_data，数据行数：5277]
2025-12-15 21:27:04,292 [INFO] [开始读取数据库表：inventory_data]
2025-12-15 21:27:04,679 [INFO] [成功读取表 inventory_data，数据行数：4012]
2025-12-15 21:27:04,679 [INFO] [开始读取数据库表：tuiding_data]
2025-12-15 21:27:04,938 [INFO] [成功读取表 tuiding_data，数据行数：4685]
2025-12-15 21:27:04,938 [INFO] [开始读取数据库表：debit_data]
2025-12-15 21:27:07,052 [INFO] [成功读取表 debit_data，数据行数：26596]
2025-12-15 21:27:07,443 [INFO] [开始读取数据库表：sales_invoice_data]
2025-12-15 21:27:08,986 [INFO] [成功读取表 sales_invoice_data，数据行数：21056]
2025-12-15 21:56:56,650 [INFO] [数据库引擎创建成功]
2025-12-15 21:56:56,651 [INFO] [开始读取数据库表：order_data]
2025-12-15 21:56:58,570 [INFO] [成功读取表 order_data，数据行数：25968]
2025-12-15 21:56:58,923 [INFO] [开始读取数据库表：sales_data]
2025-12-15 21:57:05,406 [INFO] [成功读取表 sales_data，数据行数：23398]
2025-12-15 21:57:07,451 [INFO] [开始读取数据库表：jingpin_data]
2025-12-15 21:57:07,812 [INFO] [成功读取表 jingpin_data，数据行数：5277]
2025-12-15 21:57:07,885 [INFO] [开始读取数据库表：inventory_data]
2025-12-15 21:57:08,334 [INFO] [成功读取表 inventory_data，数据行数：4686]
2025-12-15 21:57:08,334 [INFO] [开始读取数据库表：tuiding_data]
2025-12-15 21:57:08,584 [INFO] [成功读取表 tuiding_data，数据行数：4685]
2025-12-15 21:57:08,584 [INFO] [开始读取数据库表：debit_data]
2025-12-15 21:57:11,125 [INFO] [成功读取表 debit_data，数据行数：26623]
2025-12-15 21:57:11,522 [INFO] [开始读取数据库表：sales_invoice_data]
2025-12-15 21:57:12,998 [INFO] [成功读取表 sales_invoice_data，数据行数：21056]
2025-12-15 22:27:03,795 [INFO] [数据库引擎创建成功]
2025-12-15 22:27:03,795 [INFO] [开始读取数据库表：order_data]
2025-12-15 22:27:05,830 [INFO] [成功读取表 order_data，数据行数：25968]
2025-12-15 22:27:06,182 [INFO] [开始读取数据库表：sales_data]
2025-12-15 22:27:12,793 [INFO] [成功读取表 sales_data，数据行数：23398]
2025-12-15 22:27:14,891 [INFO] [开始读取数据库表：jingpin_data]
2025-12-15 22:27:15,245 [INFO] [成功读取表 jingpin_data，数据行数：5277]
2025-12-15 22:27:15,318 [INFO] [开始读取数据库表：inventory_data]
2025-12-15 22:27:15,784 [INFO] [成功读取表 inventory_data，数据行数：4686]
2025-12-15 22:27:15,784 [INFO] [开始读取数据库表：tuiding_data]
2025-12-15 22:27:16,043 [INFO] [成功读取表 tuiding_data，数据行数：4685]
2025-12-15 22:27:16,043 [INFO] [开始读取数据库表：debit_data]
2025-12-15 22:27:18,196 [INFO] [成功读取表 debit_data，数据行数：26623]
2025-12-15 22:27:18,594 [INFO] [开始读取数据库表：sales_invoice_data]
2025-12-15 22:27:20,109 [INFO] [成功读取表 sales_invoice_data，数据行数：21056]
2025-12-15 22:56:48,435 [INFO] [数据库引擎创建成功]
2025-12-15 22:56:48,436 [INFO] [开始读取数据库表：order_data]
2025-12-15 22:56:50,455 [INFO] [成功读取表 order_data，数据行数：25970]
2025-12-15 22:56:50,816 [INFO] [开始读取数据库表：sales_data]
2025-12-15 22:56:58,481 [INFO] [成功读取表 sales_data，数据行数：23398]
2025-12-15 22:57:00,440 [INFO] [开始读取数据库表：jingpin_data]
2025-12-15 22:57:00,796 [INFO] [成功读取表 jingpin_data，数据行数：5277]
2025-12-15 22:57:00,866 [INFO] [开始读取数据库表：inventory_data]
2025-12-15 22:57:01,342 [INFO] [成功读取表 inventory_data，数据行数：4686]
2025-12-15 22:57:01,342 [INFO] [开始读取数据库表：tuiding_data]
2025-12-15 22:57:01,607 [INFO] [成功读取表 tuiding_data，数据行数：4685]
2025-12-15 22:57:01,608 [INFO] [开始读取数据库表：debit_data]
2025-12-15 22:57:03,705 [INFO] [成功读取表 debit_data，数据行数：26623]
2025-12-15 22:57:04,103 [INFO] [开始读取数据库表：sales_invoice_data]
2025-12-15 22:57:05,630 [INFO] [成功读取表 sales_invoice_data，数据行数：21056]
2025-12-15 23:26:45,629 [INFO] [数据库引擎创建成功]
2025-12-15 23:26:45,629 [INFO] [开始读取数据库表：order_data]
2025-12-15 23:26:47,623 [INFO] [成功读取表 order_data，数据行数：25970]
2025-12-15 23:26:47,971 [INFO] [开始读取数据库表：sales_data]
2025-12-15 23:26:54,445 [INFO] [成功读取表 sales_data，数据行数：23398]
2025-12-15 23:26:56,550 [INFO] [开始读取数据库表：jingpin_data]
2025-12-15 23:26:56,917 [INFO] [成功读取表 jingpin_data，数据行数：5277]
2025-12-15 23:26:56,990 [INFO] [开始读取数据库表：inventory_data]
2025-12-15 23:26:58,185 [INFO] [成功读取表 inventory_data，数据行数：4686]
2025-12-15 23:26:58,185 [INFO] [开始读取数据库表：tuiding_data]
2025-12-15 23:26:58,400 [INFO] [成功读取表 tuiding_data，数据行数：4685]
2025-12-15 23:26:58,401 [INFO] [开始读取数据库表：debit_data]
2025-12-15 23:27:00,201 [INFO] [成功读取表 debit_data，数据行数：26623]
2025-12-15 23:27:00,608 [INFO] [开始读取数据库表：sales_invoice_data]
2025-12-15 23:27:02,136 [INFO] [成功读取表 sales_invoice_data，数据行数：21056]
2025-12-15 23:56:44,799 [INFO] [数据库引擎创建成功]
2025-12-15 23:56:44,799 [INFO] [开始读取数据库表：order_data]
2025-12-15 23:56:46,462 [INFO] [成功读取表 order_data，数据行数：25970]
2025-12-15 23:56:46,801 [INFO] [开始读取数据库表：sales_data]
2025-12-15 23:56:53,278 [INFO] [成功读取表 sales_data，数据行数：23398]
2025-12-15 23:56:55,367 [INFO] [开始读取数据库表：jingpin_data]
2025-12-15 23:56:55,733 [INFO] [成功读取表 jingpin_data，数据行数：5277]
2025-12-15 23:56:55,807 [INFO] [开始读取数据库表：inventory_data]
2025-12-15 23:56:56,257 [INFO] [成功读取表 inventory_data，数据行数：4686]
2025-12-15 23:56:56,257 [INFO] [开始读取数据库表：tuiding_data]
2025-12-15 23:56:56,513 [INFO] [成功读取表 tuiding_data，数据行数：4685]
2025-12-15 23:56:56,513 [INFO] [开始读取数据库表：debit_data]
2025-12-15 23:56:58,625 [INFO] [成功读取表 debit_data，数据行数：26623]
2025-12-15 23:56:59,032 [INFO] [开始读取数据库表：sales_invoice_data]
2025-12-15 23:57:00,559 [INFO] [成功读取表 sales_invoice_data，数据行数：21056]
