2025-11-04 00:28:45,112 [INFO] [数据库引擎创建成功]
2025-11-04 00:28:45,112 [INFO] [开始读取数据库表：order_data]
2025-11-04 00:28:45,863 [INFO] [成功读取表 order_data，数据行数：22315]
2025-11-04 00:28:46,087 [INFO] [开始读取数据库表：sales_data]
2025-11-04 00:28:49,335 [INFO] [成功读取表 sales_data，数据行数：26461]
2025-11-04 00:28:50,420 [INFO] [开始读取数据库表：jingpin_data]
2025-11-04 00:28:50,531 [INFO] [成功读取表 jingpin_data，数据行数：4130]
2025-11-04 00:28:50,569 [INFO] [开始读取数据库表：inventory_data]
2025-11-04 00:28:50,815 [INFO] [成功读取表 inventory_data，数据行数：5649]
2025-11-04 00:28:50,815 [INFO] [开始读取数据库表：tuiding_data]
2025-11-04 00:28:50,884 [INFO] [成功读取表 tuiding_data，数据行数：3888]
2025-11-04 00:28:50,884 [INFO] [开始读取数据库表：debit_data]
2025-11-04 00:28:51,996 [INFO] [成功读取表 debit_data，数据行数：21923]
2025-11-04 00:28:52,352 [INFO] [开始读取数据库表：sales_invoice_data]
2025-11-04 00:28:53,368 [INFO] [成功读取表 sales_invoice_data，数据行数：20093]
2025-11-04 00:59:18,944 [INFO] [数据库引擎创建成功]
2025-11-04 00:59:18,944 [INFO] [开始读取数据库表：order_data]
2025-11-04 00:59:19,515 [INFO] [成功读取表 order_data，数据行数：22315]
2025-11-04 00:59:19,690 [INFO] [开始读取数据库表：sales_data]
2025-11-04 00:59:22,529 [INFO] [成功读取表 sales_data，数据行数：26461]
2025-11-04 00:59:23,489 [INFO] [开始读取数据库表：jingpin_data]
2025-11-04 00:59:23,557 [INFO] [成功读取表 jingpin_data，数据行数：4130]
2025-11-04 00:59:23,587 [INFO] [开始读取数据库表：inventory_data]
2025-11-04 00:59:23,784 [INFO] [成功读取表 inventory_data，数据行数：5649]
2025-11-04 00:59:23,784 [INFO] [开始读取数据库表：tuiding_data]
2025-11-04 00:59:23,877 [INFO] [成功读取表 tuiding_data，数据行数：3888]
2025-11-04 00:59:23,877 [INFO] [开始读取数据库表：debit_data]
2025-11-04 00:59:24,545 [INFO] [成功读取表 debit_data，数据行数：21923]
2025-11-04 00:59:24,784 [INFO] [开始读取数据库表：sales_invoice_data]
2025-11-04 00:59:25,317 [INFO] [成功读取表 sales_invoice_data，数据行数：20093]
2025-11-04 01:29:00,960 [INFO] [数据库引擎创建成功]
2025-11-04 01:29:00,960 [INFO] [开始读取数据库表：order_data]
2025-11-04 01:29:01,570 [INFO] [成功读取表 order_data，数据行数：22317]
2025-11-04 01:29:01,720 [INFO] [开始读取数据库表：sales_data]
2025-11-04 01:29:04,745 [INFO] [成功读取表 sales_data，数据行数：26461]
2025-11-04 01:29:05,728 [INFO] [开始读取数据库表：jingpin_data]
2025-11-04 01:29:05,829 [INFO] [成功读取表 jingpin_data，数据行数：4130]
2025-11-04 01:29:05,859 [INFO] [开始读取数据库表：inventory_data]
2025-11-04 01:29:06,130 [INFO] [成功读取表 inventory_data，数据行数：5649]
2025-11-04 01:29:06,130 [INFO] [开始读取数据库表：tuiding_data]
2025-11-04 01:29:06,243 [INFO] [成功读取表 tuiding_data，数据行数：3888]
2025-11-04 01:29:06,243 [INFO] [开始读取数据库表：debit_data]
2025-11-04 01:29:06,969 [INFO] [成功读取表 debit_data，数据行数：21923]
2025-11-04 01:29:07,161 [INFO] [开始读取数据库表：sales_invoice_data]
2025-11-04 01:29:08,260 [INFO] [成功读取表 sales_invoice_data，数据行数：20095]
2025-11-04 01:58:58,340 [INFO] [数据库引擎创建成功]
2025-11-04 01:58:58,340 [INFO] [开始读取数据库表：order_data]
2025-11-04 01:58:58,971 [INFO] [成功读取表 order_data，数据行数：22317]
2025-11-04 01:58:59,147 [INFO] [开始读取数据库表：sales_data]
2025-11-04 01:59:02,685 [INFO] [成功读取表 sales_data，数据行数：26461]
2025-11-04 01:59:03,825 [INFO] [开始读取数据库表：jingpin_data]
2025-11-04 01:59:03,910 [INFO] [成功读取表 jingpin_data，数据行数：4130]
2025-11-04 01:59:03,956 [INFO] [开始读取数据库表：inventory_data]
2025-11-04 01:59:04,236 [INFO] [成功读取表 inventory_data，数据行数：5649]
2025-11-04 01:59:04,236 [INFO] [开始读取数据库表：tuiding_data]
2025-11-04 01:59:04,335 [INFO] [成功读取表 tuiding_data，数据行数：3888]
2025-11-04 01:59:04,335 [INFO] [开始读取数据库表：debit_data]
2025-11-04 01:59:05,122 [INFO] [成功读取表 debit_data，数据行数：21923]
2025-11-04 01:59:05,455 [INFO] [开始读取数据库表：sales_invoice_data]
2025-11-04 01:59:06,488 [INFO] [成功读取表 sales_invoice_data，数据行数：20095]
2025-11-04 02:28:57,182 [INFO] [数据库引擎创建成功]
2025-11-04 02:28:57,182 [INFO] [开始读取数据库表：order_data]
2025-11-04 02:28:57,777 [INFO] [成功读取表 order_data，数据行数：22317]
2025-11-04 02:28:57,934 [INFO] [开始读取数据库表：sales_data]
2025-11-04 02:29:00,711 [INFO] [成功读取表 sales_data，数据行数：26461]
2025-11-04 02:29:01,745 [INFO] [开始读取数据库表：jingpin_data]
2025-11-04 02:29:01,832 [INFO] [成功读取表 jingpin_data，数据行数：4130]
2025-11-04 02:29:01,873 [INFO] [开始读取数据库表：inventory_data]
2025-11-04 02:29:02,179 [INFO] [成功读取表 inventory_data，数据行数：5649]
2025-11-04 02:29:02,180 [INFO] [开始读取数据库表：tuiding_data]
2025-11-04 02:29:02,318 [INFO] [成功读取表 tuiding_data，数据行数：3888]
2025-11-04 02:29:02,318 [INFO] [开始读取数据库表：debit_data]
2025-11-04 02:29:03,147 [INFO] [成功读取表 debit_data，数据行数：21923]
2025-11-04 02:29:03,342 [INFO] [开始读取数据库表：sales_invoice_data]
2025-11-04 02:29:04,143 [INFO] [成功读取表 sales_invoice_data，数据行数：20095]
2025-11-04 02:58:57,740 [INFO] [数据库引擎创建成功]
2025-11-04 02:58:57,740 [INFO] [开始读取数据库表：order_data]
2025-11-04 02:58:58,313 [INFO] [成功读取表 order_data，数据行数：22317]
2025-11-04 02:58:58,502 [INFO] [开始读取数据库表：sales_data]
2025-11-04 02:59:01,678 [INFO] [成功读取表 sales_data，数据行数：26461]
2025-11-04 02:59:02,751 [INFO] [开始读取数据库表：jingpin_data]
2025-11-04 02:59:02,832 [INFO] [成功读取表 jingpin_data，数据行数：4130]
2025-11-04 02:59:02,864 [INFO] [开始读取数据库表：inventory_data]
2025-11-04 02:59:03,106 [INFO] [成功读取表 inventory_data，数据行数：5649]
2025-11-04 02:59:03,106 [INFO] [开始读取数据库表：tuiding_data]
2025-11-04 02:59:03,211 [INFO] [成功读取表 tuiding_data，数据行数：3888]
2025-11-04 02:59:03,211 [INFO] [开始读取数据库表：debit_data]
2025-11-04 02:59:04,077 [INFO] [成功读取表 debit_data，数据行数：21923]
2025-11-04 02:59:04,286 [INFO] [开始读取数据库表：sales_invoice_data]
2025-11-04 02:59:05,367 [INFO] [成功读取表 sales_invoice_data，数据行数：20095]
2025-11-04 03:28:36,262 [INFO] [数据库引擎创建成功]
2025-11-04 03:28:36,262 [INFO] [开始读取数据库表：order_data]
2025-11-04 03:28:36,800 [INFO] [成功读取表 order_data，数据行数：22317]
2025-11-04 03:28:36,946 [INFO] [开始读取数据库表：sales_data]
2025-11-04 03:28:39,522 [INFO] [成功读取表 sales_data，数据行数：26461]
2025-11-04 03:28:40,364 [INFO] [开始读取数据库表：jingpin_data]
2025-11-04 03:28:40,428 [INFO] [成功读取表 jingpin_data，数据行数：4130]
2025-11-04 03:28:40,456 [INFO] [开始读取数据库表：inventory_data]
2025-11-04 03:28:40,625 [INFO] [成功读取表 inventory_data，数据行数：5649]
2025-11-04 03:28:40,625 [INFO] [开始读取数据库表：tuiding_data]
2025-11-04 03:28:40,689 [INFO] [成功读取表 tuiding_data，数据行数：3888]
2025-11-04 03:28:40,689 [INFO] [开始读取数据库表：debit_data]
2025-11-04 03:28:41,594 [INFO] [成功读取表 debit_data，数据行数：21923]
2025-11-04 03:28:41,932 [INFO] [开始读取数据库表：sales_invoice_data]
2025-11-04 03:28:42,984 [INFO] [成功读取表 sales_invoice_data，数据行数：20095]
2025-11-04 03:58:59,642 [INFO] [数据库引擎创建成功]
2025-11-04 03:58:59,643 [INFO] [开始读取数据库表：order_data]
2025-11-04 03:59:00,213 [INFO] [成功读取表 order_data，数据行数：22317]
2025-11-04 03:59:00,397 [INFO] [开始读取数据库表：sales_data]
2025-11-04 03:59:03,279 [INFO] [成功读取表 sales_data，数据行数：26461]
2025-11-04 03:59:04,254 [INFO] [开始读取数据库表：jingpin_data]
2025-11-04 03:59:04,352 [INFO] [成功读取表 jingpin_data，数据行数：4130]
2025-11-04 03:59:04,390 [INFO] [开始读取数据库表：inventory_data]
2025-11-04 03:59:04,623 [INFO] [成功读取表 inventory_data，数据行数：5649]
2025-11-04 03:59:04,623 [INFO] [开始读取数据库表：tuiding_data]
2025-11-04 03:59:04,707 [INFO] [成功读取表 tuiding_data，数据行数：3888]
2025-11-04 03:59:04,707 [INFO] [开始读取数据库表：debit_data]
2025-11-04 03:59:05,551 [INFO] [成功读取表 debit_data，数据行数：21923]
2025-11-04 03:59:05,833 [INFO] [开始读取数据库表：sales_invoice_data]
2025-11-04 03:59:06,762 [INFO] [成功读取表 sales_invoice_data，数据行数：20095]
2025-11-04 04:28:29,196 [INFO] [数据库引擎创建成功]
2025-11-04 04:28:29,196 [INFO] [开始读取数据库表：order_data]
2025-11-04 04:28:29,848 [INFO] [成功读取表 order_data，数据行数：22317]
2025-11-04 04:28:30,000 [INFO] [开始读取数据库表：sales_data]
2025-11-04 04:28:32,365 [INFO] [成功读取表 sales_data，数据行数：26461]
2025-11-04 04:28:33,274 [INFO] [开始读取数据库表：jingpin_data]
2025-11-04 04:28:33,357 [INFO] [成功读取表 jingpin_data，数据行数：4130]
2025-11-04 04:28:33,381 [INFO] [开始读取数据库表：inventory_data]
2025-11-04 04:28:33,540 [INFO] [成功读取表 inventory_data，数据行数：5649]
2025-11-04 04:28:33,540 [INFO] [开始读取数据库表：tuiding_data]
2025-11-04 04:28:33,595 [INFO] [成功读取表 tuiding_data，数据行数：3888]
2025-11-04 04:28:33,596 [INFO] [开始读取数据库表：debit_data]
2025-11-04 04:28:34,131 [INFO] [成功读取表 debit_data，数据行数：21923]
2025-11-04 04:28:34,296 [INFO] [开始读取数据库表：sales_invoice_data]
2025-11-04 04:28:34,821 [INFO] [成功读取表 sales_invoice_data，数据行数：20095]
2025-11-04 04:58:38,269 [INFO] [数据库引擎创建成功]
2025-11-04 04:58:38,269 [INFO] [开始读取数据库表：order_data]
2025-11-04 04:58:38,735 [INFO] [成功读取表 order_data，数据行数：22317]
2025-11-04 04:58:38,883 [INFO] [开始读取数据库表：sales_data]
2025-11-04 04:58:41,187 [INFO] [成功读取表 sales_data，数据行数：26461]
2025-11-04 04:58:42,043 [INFO] [开始读取数据库表：jingpin_data]
2025-11-04 04:58:42,104 [INFO] [成功读取表 jingpin_data，数据行数：4130]
2025-11-04 04:58:42,135 [INFO] [开始读取数据库表：inventory_data]
2025-11-04 04:58:42,306 [INFO] [成功读取表 inventory_data，数据行数：5649]
2025-11-04 04:58:42,306 [INFO] [开始读取数据库表：tuiding_data]
2025-11-04 04:58:42,366 [INFO] [成功读取表 tuiding_data，数据行数：3888]
2025-11-04 04:58:42,367 [INFO] [开始读取数据库表：debit_data]
2025-11-04 04:58:42,877 [INFO] [成功读取表 debit_data，数据行数：21923]
2025-11-04 04:58:43,044 [INFO] [开始读取数据库表：sales_invoice_data]
2025-11-04 04:58:43,475 [INFO] [成功读取表 sales_invoice_data，数据行数：20095]
2025-11-04 05:28:39,111 [INFO] [数据库引擎创建成功]
2025-11-04 05:28:39,111 [INFO] [开始读取数据库表：order_data]
2025-11-04 05:28:39,635 [INFO] [成功读取表 order_data，数据行数：22317]
2025-11-04 05:28:39,855 [INFO] [开始读取数据库表：sales_data]
2025-11-04 05:28:42,753 [INFO] [成功读取表 sales_data，数据行数：26461]
2025-11-04 05:28:43,710 [INFO] [开始读取数据库表：jingpin_data]
2025-11-04 05:28:43,810 [INFO] [成功读取表 jingpin_data，数据行数：4130]
2025-11-04 05:28:43,838 [INFO] [开始读取数据库表：inventory_data]
2025-11-04 05:28:44,054 [INFO] [成功读取表 inventory_data，数据行数：5649]
2025-11-04 05:28:44,054 [INFO] [开始读取数据库表：tuiding_data]
2025-11-04 05:28:44,141 [INFO] [成功读取表 tuiding_data，数据行数：3888]
2025-11-04 05:28:44,141 [INFO] [开始读取数据库表：debit_data]
2025-11-04 05:28:44,883 [INFO] [成功读取表 debit_data，数据行数：21923]
2025-11-04 05:28:45,205 [INFO] [开始读取数据库表：sales_invoice_data]
2025-11-04 05:28:46,404 [INFO] [成功读取表 sales_invoice_data，数据行数：20095]
2025-11-04 05:58:39,461 [INFO] [数据库引擎创建成功]
2025-11-04 05:58:39,461 [INFO] [开始读取数据库表：order_data]
2025-11-04 05:58:40,045 [INFO] [成功读取表 order_data，数据行数：22317]
2025-11-04 05:58:40,186 [INFO] [开始读取数据库表：sales_data]
2025-11-04 05:58:42,986 [INFO] [成功读取表 sales_data，数据行数：26461]
2025-11-04 05:58:43,922 [INFO] [开始读取数据库表：jingpin_data]
2025-11-04 05:58:44,021 [INFO] [成功读取表 jingpin_data，数据行数：4130]
2025-11-04 05:58:44,051 [INFO] [开始读取数据库表：inventory_data]
2025-11-04 05:58:44,251 [INFO] [成功读取表 inventory_data，数据行数：5649]
2025-11-04 05:58:44,251 [INFO] [开始读取数据库表：tuiding_data]
2025-11-04 05:58:44,316 [INFO] [成功读取表 tuiding_data，数据行数：3888]
2025-11-04 05:58:44,316 [INFO] [开始读取数据库表：debit_data]
2025-11-04 05:58:45,077 [INFO] [成功读取表 debit_data，数据行数：21923]
2025-11-04 05:58:45,264 [INFO] [开始读取数据库表：sales_invoice_data]
2025-11-04 05:58:46,226 [INFO] [成功读取表 sales_invoice_data，数据行数：20095]
2025-11-04 06:28:36,150 [INFO] [数据库引擎创建成功]
2025-11-04 06:28:36,150 [INFO] [开始读取数据库表：order_data]
2025-11-04 06:28:36,671 [INFO] [成功读取表 order_data，数据行数：22317]
2025-11-04 06:28:36,836 [INFO] [开始读取数据库表：sales_data]
2025-11-04 06:28:39,682 [INFO] [成功读取表 sales_data，数据行数：26461]
2025-11-04 06:28:40,713 [INFO] [开始读取数据库表：jingpin_data]
2025-11-04 06:28:40,801 [INFO] [成功读取表 jingpin_data，数据行数：4130]
2025-11-04 06:28:40,832 [INFO] [开始读取数据库表：inventory_data]
2025-11-04 06:28:41,023 [INFO] [成功读取表 inventory_data，数据行数：5649]
2025-11-04 06:28:41,023 [INFO] [开始读取数据库表：tuiding_data]
2025-11-04 06:28:41,096 [INFO] [成功读取表 tuiding_data，数据行数：3888]
2025-11-04 06:28:41,096 [INFO] [开始读取数据库表：debit_data]
2025-11-04 06:28:41,842 [INFO] [成功读取表 debit_data，数据行数：21923]
2025-11-04 06:28:42,030 [INFO] [开始读取数据库表：sales_invoice_data]
2025-11-04 06:28:42,554 [INFO] [成功读取表 sales_invoice_data，数据行数：20095]
2025-11-04 06:58:43,100 [INFO] [数据库引擎创建成功]
2025-11-04 06:58:43,101 [INFO] [开始读取数据库表：order_data]
2025-11-04 06:58:43,558 [INFO] [成功读取表 order_data，数据行数：22317]
2025-11-04 06:58:43,701 [INFO] [开始读取数据库表：sales_data]
2025-11-04 06:58:46,334 [INFO] [成功读取表 sales_data，数据行数：26461]
2025-11-04 06:58:47,228 [INFO] [开始读取数据库表：jingpin_data]
2025-11-04 06:58:47,297 [INFO] [成功读取表 jingpin_data，数据行数：4130]
2025-11-04 06:58:47,323 [INFO] [开始读取数据库表：inventory_data]
2025-11-04 06:58:47,502 [INFO] [成功读取表 inventory_data，数据行数：5649]
2025-11-04 06:58:47,502 [INFO] [开始读取数据库表：tuiding_data]
2025-11-04 06:58:47,567 [INFO] [成功读取表 tuiding_data，数据行数：3888]
2025-11-04 06:58:47,567 [INFO] [开始读取数据库表：debit_data]
2025-11-04 06:58:48,217 [INFO] [成功读取表 debit_data，数据行数：21923]
2025-11-04 06:58:48,401 [INFO] [开始读取数据库表：sales_invoice_data]
2025-11-04 06:58:48,892 [INFO] [成功读取表 sales_invoice_data，数据行数：20095]
2025-11-04 07:28:47,777 [INFO] [数据库引擎创建成功]
2025-11-04 07:28:47,778 [INFO] [开始读取数据库表：order_data]
2025-11-04 07:28:48,341 [INFO] [成功读取表 order_data，数据行数：22317]
2025-11-04 07:28:48,473 [INFO] [开始读取数据库表：sales_data]
2025-11-04 07:28:50,835 [INFO] [成功读取表 sales_data，数据行数：26461]
2025-11-04 07:28:51,679 [INFO] [开始读取数据库表：jingpin_data]
2025-11-04 07:28:51,750 [INFO] [成功读取表 jingpin_data，数据行数：4130]
2025-11-04 07:28:51,777 [INFO] [开始读取数据库表：inventory_data]
2025-11-04 07:28:51,970 [INFO] [成功读取表 inventory_data，数据行数：5649]
2025-11-04 07:28:51,970 [INFO] [开始读取数据库表：tuiding_data]
2025-11-04 07:28:52,058 [INFO] [成功读取表 tuiding_data，数据行数：3888]
2025-11-04 07:28:52,058 [INFO] [开始读取数据库表：debit_data]
2025-11-04 07:28:52,570 [INFO] [成功读取表 debit_data，数据行数：21923]
2025-11-04 07:28:52,722 [INFO] [开始读取数据库表：sales_invoice_data]
2025-11-04 07:28:53,234 [INFO] [成功读取表 sales_invoice_data，数据行数：20095]
2025-11-04 07:58:39,103 [INFO] [数据库引擎创建成功]
2025-11-04 07:58:39,103 [INFO] [开始读取数据库表：order_data]
2025-11-04 07:58:39,642 [INFO] [成功读取表 order_data，数据行数：22317]
2025-11-04 07:58:39,816 [INFO] [开始读取数据库表：sales_data]
2025-11-04 07:58:42,613 [INFO] [成功读取表 sales_data，数据行数：26461]
2025-11-04 07:58:43,575 [INFO] [开始读取数据库表：jingpin_data]
2025-11-04 07:58:43,689 [INFO] [成功读取表 jingpin_data，数据行数：4130]
2025-11-04 07:58:43,728 [INFO] [开始读取数据库表：inventory_data]
2025-11-04 07:58:43,955 [INFO] [成功读取表 inventory_data，数据行数：5649]
2025-11-04 07:58:43,955 [INFO] [开始读取数据库表：tuiding_data]
2025-11-04 07:58:44,047 [INFO] [成功读取表 tuiding_data，数据行数：3888]
2025-11-04 07:58:44,047 [INFO] [开始读取数据库表：debit_data]
2025-11-04 07:58:44,677 [INFO] [成功读取表 debit_data，数据行数：21923]
2025-11-04 07:58:44,839 [INFO] [开始读取数据库表：sales_invoice_data]
2025-11-04 07:58:45,308 [INFO] [成功读取表 sales_invoice_data，数据行数：20095]
2025-11-04 08:28:46,394 [INFO] [数据库引擎创建成功]
2025-11-04 08:28:46,395 [INFO] [开始读取数据库表：order_data]
2025-11-04 08:28:46,981 [INFO] [成功读取表 order_data，数据行数：22317]
2025-11-04 08:28:47,132 [INFO] [开始读取数据库表：sales_data]
2025-11-04 08:28:49,876 [INFO] [成功读取表 sales_data，数据行数：26461]
2025-11-04 08:28:50,821 [INFO] [开始读取数据库表：jingpin_data]
2025-11-04 08:28:50,874 [INFO] [成功读取表 jingpin_data，数据行数：4130]
2025-11-04 08:28:50,902 [INFO] [开始读取数据库表：inventory_data]
2025-11-04 08:28:51,052 [INFO] [成功读取表 inventory_data，数据行数：5649]
2025-11-04 08:28:51,052 [INFO] [开始读取数据库表：tuiding_data]
2025-11-04 08:28:51,116 [INFO] [成功读取表 tuiding_data，数据行数：3888]
2025-11-04 08:28:51,116 [INFO] [开始读取数据库表：debit_data]
2025-11-04 08:28:51,635 [INFO] [成功读取表 debit_data，数据行数：21923]
2025-11-04 08:28:51,801 [INFO] [开始读取数据库表：sales_invoice_data]
2025-11-04 08:28:52,254 [INFO] [成功读取表 sales_invoice_data，数据行数：20095]
2025-11-04 08:59:08,542 [INFO] [数据库引擎创建成功]
2025-11-04 08:59:08,543 [INFO] [开始读取数据库表：order_data]
2025-11-04 08:59:08,977 [INFO] [成功读取表 order_data，数据行数：22317]
2025-11-04 08:59:09,145 [INFO] [开始读取数据库表：sales_data]
2025-11-04 08:59:11,663 [INFO] [成功读取表 sales_data，数据行数：26461]
2025-11-04 08:59:12,559 [INFO] [开始读取数据库表：jingpin_data]
2025-11-04 08:59:12,621 [INFO] [成功读取表 jingpin_data，数据行数：4130]
2025-11-04 08:59:12,657 [INFO] [开始读取数据库表：inventory_data]
2025-11-04 08:59:12,867 [INFO] [成功读取表 inventory_data，数据行数：5649]
2025-11-04 08:59:12,867 [INFO] [开始读取数据库表：tuiding_data]
2025-11-04 08:59:12,926 [INFO] [成功读取表 tuiding_data，数据行数：3888]
2025-11-04 08:59:12,926 [INFO] [开始读取数据库表：debit_data]
2025-11-04 08:59:13,560 [INFO] [成功读取表 debit_data，数据行数：21923]
2025-11-04 08:59:13,732 [INFO] [开始读取数据库表：sales_invoice_data]
2025-11-04 08:59:14,128 [INFO] [成功读取表 sales_invoice_data，数据行数：20096]
2025-11-04 09:30:11,537 [INFO] [数据库引擎创建成功]
2025-11-04 09:30:11,537 [INFO] [开始读取数据库表：order_data]
2025-11-04 09:30:12,110 [INFO] [成功读取表 order_data，数据行数：22317]
2025-11-04 09:30:12,269 [INFO] [开始读取数据库表：sales_data]
2025-11-04 09:30:15,623 [INFO] [成功读取表 sales_data，数据行数：26463]
2025-11-04 09:30:18,854 [INFO] [开始读取数据库表：jingpin_data]
2025-11-04 09:30:19,079 [INFO] [成功读取表 jingpin_data，数据行数：4130]
2025-11-04 09:30:19,161 [INFO] [开始读取数据库表：inventory_data]
2025-11-04 09:30:19,731 [INFO] [成功读取表 inventory_data，数据行数：5647]
2025-11-04 09:30:19,732 [INFO] [开始读取数据库表：tuiding_data]
2025-11-04 09:30:19,960 [INFO] [成功读取表 tuiding_data，数据行数：3889]
2025-11-04 09:30:19,961 [INFO] [开始读取数据库表：debit_data]
2025-11-04 09:30:21,685 [INFO] [成功读取表 debit_data，数据行数：21923]
2025-11-04 09:30:22,116 [INFO] [开始读取数据库表：sales_invoice_data]
2025-11-04 09:30:23,342 [INFO] [成功读取表 sales_invoice_data，数据行数：20098]
2025-11-04 09:58:48,218 [INFO] [数据库引擎创建成功]
2025-11-04 09:58:48,219 [INFO] [开始读取数据库表：order_data]
2025-11-04 09:58:48,718 [INFO] [成功读取表 order_data，数据行数：22322]
2025-11-04 09:58:48,857 [INFO] [开始读取数据库表：sales_data]
2025-11-04 09:58:51,360 [INFO] [成功读取表 sales_data，数据行数：26463]
2025-11-04 09:58:52,187 [INFO] [开始读取数据库表：jingpin_data]
2025-11-04 09:58:52,254 [INFO] [成功读取表 jingpin_data，数据行数：4131]
2025-11-04 09:58:52,281 [INFO] [开始读取数据库表：inventory_data]
2025-11-04 09:58:52,457 [INFO] [成功读取表 inventory_data，数据行数：5646]
2025-11-04 09:58:52,462 [INFO] [开始读取数据库表：tuiding_data]
2025-11-04 09:58:52,524 [INFO] [成功读取表 tuiding_data，数据行数：3889]
2025-11-04 09:58:52,524 [INFO] [开始读取数据库表：debit_data]
2025-11-04 09:58:53,164 [INFO] [成功读取表 debit_data，数据行数：21923]
2025-11-04 09:58:53,336 [INFO] [开始读取数据库表：sales_invoice_data]
2025-11-04 09:58:53,939 [INFO] [成功读取表 sales_invoice_data，数据行数：20104]
2025-11-04 10:29:11,385 [INFO] [数据库引擎创建成功]
2025-11-04 10:29:11,386 [INFO] [开始读取数据库表：order_data]
2025-11-04 10:29:11,942 [INFO] [成功读取表 order_data，数据行数：22324]
2025-11-04 10:29:12,108 [INFO] [开始读取数据库表：sales_data]
2025-11-04 10:29:15,406 [INFO] [成功读取表 sales_data，数据行数：26464]
2025-11-04 10:29:16,547 [INFO] [开始读取数据库表：jingpin_data]
2025-11-04 10:29:16,636 [INFO] [成功读取表 jingpin_data，数据行数：4131]
2025-11-04 10:29:16,674 [INFO] [开始读取数据库表：inventory_data]
2025-11-04 10:29:16,894 [INFO] [成功读取表 inventory_data，数据行数：5646]
2025-11-04 10:29:16,894 [INFO] [开始读取数据库表：tuiding_data]
2025-11-04 10:29:16,994 [INFO] [成功读取表 tuiding_data，数据行数：3889]
2025-11-04 10:29:16,994 [INFO] [开始读取数据库表：debit_data]
2025-11-04 10:29:17,752 [INFO] [成功读取表 debit_data，数据行数：21923]
2025-11-04 10:29:17,954 [INFO] [开始读取数据库表：sales_invoice_data]
2025-11-04 10:29:18,571 [INFO] [成功读取表 sales_invoice_data，数据行数：20107]
2025-11-04 11:01:45,816 [INFO] [数据库引擎创建成功]
2025-11-04 11:01:45,816 [INFO] [开始读取数据库表：order_data]
2025-11-04 11:01:46,386 [INFO] [成功读取表 order_data，数据行数：22326]
2025-11-04 11:01:46,537 [INFO] [开始读取数据库表：sales_data]
2025-11-04 11:01:49,546 [INFO] [成功读取表 sales_data，数据行数：26467]
2025-11-04 11:01:50,722 [INFO] [开始读取数据库表：jingpin_data]
2025-11-04 11:01:50,889 [INFO] [成功读取表 jingpin_data，数据行数：4131]
2025-11-04 11:01:50,935 [INFO] [开始读取数据库表：inventory_data]
2025-11-04 11:01:51,229 [INFO] [成功读取表 inventory_data，数据行数：5643]
2025-11-04 11:01:51,229 [INFO] [开始读取数据库表：tuiding_data]
2025-11-04 11:01:51,343 [INFO] [成功读取表 tuiding_data，数据行数：3889]
2025-11-04 11:01:51,343 [INFO] [开始读取数据库表：debit_data]
2025-11-04 11:01:52,723 [INFO] [成功读取表 debit_data，数据行数：21923]
2025-11-04 11:01:53,611 [INFO] [开始读取数据库表：sales_invoice_data]
2025-11-04 11:01:54,509 [INFO] [成功读取表 sales_invoice_data，数据行数：20109]
2025-11-04 11:29:19,050 [INFO] [数据库引擎创建成功]
2025-11-04 11:29:19,050 [INFO] [开始读取数据库表：order_data]
2025-11-04 11:29:19,670 [INFO] [成功读取表 order_data，数据行数：22326]
2025-11-04 11:29:19,840 [INFO] [开始读取数据库表：sales_data]
2025-11-04 11:29:23,615 [INFO] [成功读取表 sales_data，数据行数：26471]
2025-11-04 11:29:26,134 [INFO] [开始读取数据库表：jingpin_data]
2025-11-04 11:29:26,352 [INFO] [成功读取表 jingpin_data，数据行数：4131]
2025-11-04 11:29:26,443 [INFO] [开始读取数据库表：inventory_data]
2025-11-04 11:29:26,939 [INFO] [成功读取表 inventory_data，数据行数：5640]
2025-11-04 11:29:26,939 [INFO] [开始读取数据库表：tuiding_data]
2025-11-04 11:29:27,145 [INFO] [成功读取表 tuiding_data，数据行数：3889]
2025-11-04 11:29:27,146 [INFO] [开始读取数据库表：debit_data]
2025-11-04 11:29:28,689 [INFO] [成功读取表 debit_data，数据行数：21923]
2025-11-04 11:29:29,103 [INFO] [开始读取数据库表：sales_invoice_data]
2025-11-04 11:29:30,293 [INFO] [成功读取表 sales_invoice_data，数据行数：20109]
2025-11-04 11:59:28,188 [INFO] [数据库引擎创建成功]
2025-11-04 11:59:28,188 [INFO] [开始读取数据库表：order_data]
2025-11-04 11:59:28,755 [INFO] [成功读取表 order_data，数据行数：22326]
2025-11-04 11:59:28,908 [INFO] [开始读取数据库表：sales_data]
2025-11-04 11:59:31,567 [INFO] [成功读取表 sales_data，数据行数：26475]
2025-11-04 11:59:32,504 [INFO] [开始读取数据库表：jingpin_data]
2025-11-04 11:59:32,571 [INFO] [成功读取表 jingpin_data，数据行数：4131]
2025-11-04 11:59:32,602 [INFO] [开始读取数据库表：inventory_data]
2025-11-04 11:59:32,785 [INFO] [成功读取表 inventory_data，数据行数：5668]
2025-11-04 11:59:32,785 [INFO] [开始读取数据库表：tuiding_data]
2025-11-04 11:59:32,936 [INFO] [成功读取表 tuiding_data，数据行数：3889]
2025-11-04 11:59:32,936 [INFO] [开始读取数据库表：debit_data]
2025-11-04 11:59:34,356 [INFO] [成功读取表 debit_data，数据行数：21952]
2025-11-04 11:59:34,713 [INFO] [开始读取数据库表：sales_invoice_data]
2025-11-04 11:59:35,798 [INFO] [成功读取表 sales_invoice_data，数据行数：20111]
2025-11-04 12:30:13,776 [INFO] [数据库引擎创建成功]
2025-11-04 12:30:13,776 [INFO] [开始读取数据库表：order_data]
2025-11-04 12:30:14,559 [INFO] [成功读取表 order_data，数据行数：22325]
2025-11-04 12:30:14,728 [INFO] [开始读取数据库表：sales_data]
2025-11-04 12:30:18,247 [INFO] [成功读取表 sales_data，数据行数：26476]
2025-11-04 12:30:20,065 [INFO] [开始读取数据库表：jingpin_data]
2025-11-04 12:30:20,249 [INFO] [成功读取表 jingpin_data，数据行数：4131]
2025-11-04 12:30:20,304 [INFO] [开始读取数据库表：inventory_data]
2025-11-04 12:30:20,751 [INFO] [成功读取表 inventory_data，数据行数：5668]
2025-11-04 12:30:20,751 [INFO] [开始读取数据库表：tuiding_data]
2025-11-04 12:30:20,945 [INFO] [成功读取表 tuiding_data，数据行数：3892]
2025-11-04 12:30:20,945 [INFO] [开始读取数据库表：debit_data]
2025-11-04 12:30:22,418 [INFO] [成功读取表 debit_data，数据行数：22013]
2025-11-04 12:30:22,742 [INFO] [开始读取数据库表：sales_invoice_data]
2025-11-04 12:30:23,918 [INFO] [成功读取表 sales_invoice_data，数据行数：20115]
2025-11-04 13:00:06,610 [INFO] [数据库引擎创建成功]
2025-11-04 13:00:06,611 [INFO] [开始读取数据库表：order_data]
2025-11-04 13:00:07,401 [INFO] [成功读取表 order_data，数据行数：22327]
2025-11-04 13:00:07,636 [INFO] [开始读取数据库表：sales_data]
2025-11-04 13:00:16,461 [INFO] [成功读取表 sales_data，数据行数：26477]
2025-11-04 13:00:18,157 [INFO] [开始读取数据库表：jingpin_data]
2025-11-04 13:00:18,320 [INFO] [成功读取表 jingpin_data，数据行数：4131]
2025-11-04 13:00:18,381 [INFO] [开始读取数据库表：inventory_data]
2025-11-04 13:00:18,797 [INFO] [成功读取表 inventory_data，数据行数：5667]
2025-11-04 13:00:18,797 [INFO] [开始读取数据库表：tuiding_data]
2025-11-04 13:00:18,955 [INFO] [成功读取表 tuiding_data，数据行数：3892]
2025-11-04 13:00:18,955 [INFO] [开始读取数据库表：debit_data]
2025-11-04 13:00:20,296 [INFO] [成功读取表 debit_data，数据行数：22013]
2025-11-04 13:00:20,620 [INFO] [开始读取数据库表：sales_invoice_data]
2025-11-04 13:00:21,725 [INFO] [成功读取表 sales_invoice_data，数据行数：20117]
2025-11-04 13:30:02,442 [INFO] [数据库引擎创建成功]
2025-11-04 13:30:02,443 [INFO] [开始读取数据库表：order_data]
2025-11-04 13:30:03,190 [INFO] [成功读取表 order_data，数据行数：22331]
2025-11-04 13:30:03,386 [INFO] [开始读取数据库表：sales_data]
2025-11-04 13:30:08,218 [INFO] [成功读取表 sales_data，数据行数：26479]
2025-11-04 13:30:09,886 [INFO] [开始读取数据库表：jingpin_data]
2025-11-04 13:30:10,044 [INFO] [成功读取表 jingpin_data，数据行数：4131]
2025-11-04 13:30:10,098 [INFO] [开始读取数据库表：inventory_data]
2025-11-04 13:30:10,514 [INFO] [成功读取表 inventory_data，数据行数：5665]
2025-11-04 13:30:10,515 [INFO] [开始读取数据库表：tuiding_data]
2025-11-04 13:30:10,675 [INFO] [成功读取表 tuiding_data，数据行数：3892]
2025-11-04 13:30:10,675 [INFO] [开始读取数据库表：debit_data]
2025-11-04 13:30:11,951 [INFO] [成功读取表 debit_data，数据行数：22013]
2025-11-04 13:30:12,251 [INFO] [开始读取数据库表：sales_invoice_data]
2025-11-04 13:30:13,275 [INFO] [成功读取表 sales_invoice_data，数据行数：20122]
2025-11-04 13:59:54,314 [INFO] [数据库引擎创建成功]
2025-11-04 13:59:54,314 [INFO] [开始读取数据库表：order_data]
2025-11-04 13:59:54,839 [INFO] [成功读取表 order_data，数据行数：22332]
2025-11-04 13:59:55,000 [INFO] [开始读取数据库表：sales_data]
2025-11-04 13:59:58,137 [INFO] [成功读取表 sales_data，数据行数：26484]
2025-11-04 14:00:00,689 [INFO] [开始读取数据库表：jingpin_data]
2025-11-04 14:00:01,018 [INFO] [成功读取表 jingpin_data，数据行数：4134]
2025-11-04 14:00:01,107 [INFO] [开始读取数据库表：inventory_data]
2025-11-04 14:00:01,681 [INFO] [成功读取表 inventory_data，数据行数：5661]
2025-11-04 14:00:01,681 [INFO] [开始读取数据库表：tuiding_data]
2025-11-04 14:00:01,883 [INFO] [成功读取表 tuiding_data，数据行数：3895]
2025-11-04 14:00:01,883 [INFO] [开始读取数据库表：debit_data]
2025-11-04 14:00:03,434 [INFO] [成功读取表 debit_data，数据行数：22013]
2025-11-04 14:00:03,792 [INFO] [开始读取数据库表：sales_invoice_data]
2025-11-04 14:00:04,933 [INFO] [成功读取表 sales_invoice_data，数据行数：20126]
2025-11-04 14:29:50,164 [INFO] [数据库引擎创建成功]
2025-11-04 14:29:50,165 [INFO] [开始读取数据库表：order_data]
2025-11-04 14:29:50,927 [INFO] [成功读取表 order_data，数据行数：22327]
2025-11-04 14:29:51,163 [INFO] [开始读取数据库表：sales_data]
2025-11-04 14:29:55,486 [INFO] [成功读取表 sales_data，数据行数：26486]
2025-11-04 14:29:57,464 [INFO] [开始读取数据库表：jingpin_data]
2025-11-04 14:29:57,659 [INFO] [成功读取表 jingpin_data，数据行数：4134]
2025-11-04 14:29:57,733 [INFO] [开始读取数据库表：inventory_data]
2025-11-04 14:29:58,224 [INFO] [成功读取表 inventory_data，数据行数：5660]
2025-11-04 14:29:58,225 [INFO] [开始读取数据库表：tuiding_data]
2025-11-04 14:29:58,424 [INFO] [成功读取表 tuiding_data，数据行数：3903]
2025-11-04 14:29:58,424 [INFO] [开始读取数据库表：debit_data]
2025-11-04 14:29:59,933 [INFO] [成功读取表 debit_data，数据行数：22013]
2025-11-04 14:30:00,333 [INFO] [开始读取数据库表：sales_invoice_data]
2025-11-04 14:30:01,667 [INFO] [成功读取表 sales_invoice_data，数据行数：20131]
2025-11-04 14:59:49,608 [INFO] [数据库引擎创建成功]
2025-11-04 14:59:49,608 [INFO] [开始读取数据库表：order_data]
2025-11-04 14:59:50,284 [INFO] [成功读取表 order_data，数据行数：22331]
2025-11-04 14:59:50,466 [INFO] [开始读取数据库表：sales_data]
2025-11-04 14:59:53,800 [INFO] [成功读取表 sales_data，数据行数：26489]
2025-11-04 14:59:55,340 [INFO] [开始读取数据库表：jingpin_data]
2025-11-04 14:59:55,593 [INFO] [成功读取表 jingpin_data，数据行数：4134]
2025-11-04 14:59:55,666 [INFO] [开始读取数据库表：inventory_data]
2025-11-04 14:59:56,085 [INFO] [成功读取表 inventory_data，数据行数：5657]
2025-11-04 14:59:56,085 [INFO] [开始读取数据库表：tuiding_data]
2025-11-04 14:59:56,259 [INFO] [成功读取表 tuiding_data，数据行数：3903]
2025-11-04 14:59:56,259 [INFO] [开始读取数据库表：debit_data]
2025-11-04 14:59:57,888 [INFO] [成功读取表 debit_data，数据行数：22013]
2025-11-04 14:59:58,285 [INFO] [开始读取数据库表：sales_invoice_data]
2025-11-04 14:59:59,458 [INFO] [成功读取表 sales_invoice_data，数据行数：20135]
2025-11-04 15:29:11,668 [INFO] [数据库引擎创建成功]
2025-11-04 15:29:11,668 [INFO] [开始读取数据库表：order_data]
2025-11-04 15:29:12,187 [INFO] [成功读取表 order_data，数据行数：22329]
2025-11-04 15:29:12,353 [INFO] [开始读取数据库表：sales_data]
2025-11-04 15:29:15,013 [INFO] [成功读取表 sales_data，数据行数：26491]
2025-11-04 15:29:15,987 [INFO] [开始读取数据库表：jingpin_data]
2025-11-04 15:29:16,063 [INFO] [成功读取表 jingpin_data，数据行数：4134]
2025-11-04 15:29:16,093 [INFO] [开始读取数据库表：inventory_data]
2025-11-04 15:29:16,309 [INFO] [成功读取表 inventory_data，数据行数：5655]
2025-11-04 15:29:16,309 [INFO] [开始读取数据库表：tuiding_data]
2025-11-04 15:29:16,394 [INFO] [成功读取表 tuiding_data，数据行数：3908]
2025-11-04 15:29:16,394 [INFO] [开始读取数据库表：debit_data]
2025-11-04 15:29:17,169 [INFO] [成功读取表 debit_data，数据行数：22013]
2025-11-04 15:29:17,419 [INFO] [开始读取数据库表：sales_invoice_data]
2025-11-04 15:29:18,108 [INFO] [成功读取表 sales_invoice_data，数据行数：20138]
2025-11-04 15:59:16,850 [INFO] [数据库引擎创建成功]
2025-11-04 15:59:16,851 [INFO] [开始读取数据库表：order_data]
2025-11-04 15:59:17,476 [INFO] [成功读取表 order_data，数据行数：22333]
2025-11-04 15:59:17,639 [INFO] [开始读取数据库表：sales_data]
2025-11-04 15:59:20,743 [INFO] [成功读取表 sales_data，数据行数：26498]
2025-11-04 15:59:21,993 [INFO] [开始读取数据库表：jingpin_data]
2025-11-04 15:59:22,167 [INFO] [成功读取表 jingpin_data，数据行数：4134]
2025-11-04 15:59:22,227 [INFO] [开始读取数据库表：inventory_data]
2025-11-04 15:59:22,516 [INFO] [成功读取表 inventory_data，数据行数：5648]
2025-11-04 15:59:22,517 [INFO] [开始读取数据库表：tuiding_data]
2025-11-04 15:59:22,609 [INFO] [成功读取表 tuiding_data，数据行数：3908]
2025-11-04 15:59:22,609 [INFO] [开始读取数据库表：debit_data]
2025-11-04 15:59:23,589 [INFO] [成功读取表 debit_data，数据行数：22013]
2025-11-04 15:59:23,832 [INFO] [开始读取数据库表：sales_invoice_data]
2025-11-04 15:59:24,589 [INFO] [成功读取表 sales_invoice_data，数据行数：20144]
2025-11-04 16:10:13,466 [INFO] [数据库引擎创建成功]
2025-11-04 16:10:13,467 [INFO] [开始读取数据库表：order_data]
2025-11-04 16:10:13,890 [INFO] [成功读取表 order_data，数据行数：22333]
2025-11-04 16:10:14,008 [INFO] [开始读取数据库表：sales_data]
2025-11-04 16:10:16,086 [INFO] [成功读取表 sales_data，数据行数：26498]
2025-11-04 16:10:16,877 [INFO] [开始读取数据库表：jingpin_data]
2025-11-04 16:10:16,939 [INFO] [成功读取表 jingpin_data，数据行数：4134]
2025-11-04 16:10:16,969 [INFO] [开始读取数据库表：inventory_data]
2025-11-04 16:10:17,106 [INFO] [成功读取表 inventory_data，数据行数：5648]
2025-11-04 16:10:17,106 [INFO] [开始读取数据库表：tuiding_data]
2025-11-04 16:10:17,157 [INFO] [成功读取表 tuiding_data，数据行数：3908]
2025-11-04 16:10:17,157 [INFO] [开始读取数据库表：debit_data]
2025-11-04 16:10:17,634 [INFO] [成功读取表 debit_data，数据行数：22013]
2025-11-04 16:10:17,779 [INFO] [开始读取数据库表：sales_invoice_data]
2025-11-04 16:10:18,147 [INFO] [成功读取表 sales_invoice_data，数据行数：20144]
2025-11-04 16:29:35,307 [INFO] [数据库引擎创建成功]
2025-11-04 16:29:35,307 [INFO] [开始读取数据库表：order_data]
2025-11-04 16:29:35,835 [INFO] [成功读取表 order_data，数据行数：22337]
2025-11-04 16:29:35,983 [INFO] [开始读取数据库表：sales_data]
2025-11-04 16:29:38,543 [INFO] [成功读取表 sales_data，数据行数：26501]
2025-11-04 16:29:39,448 [INFO] [开始读取数据库表：jingpin_data]
2025-11-04 16:29:39,532 [INFO] [成功读取表 jingpin_data，数据行数：4134]
2025-11-04 16:29:39,562 [INFO] [开始读取数据库表：inventory_data]
2025-11-04 16:29:39,747 [INFO] [成功读取表 inventory_data，数据行数：5647]
2025-11-04 16:29:39,747 [INFO] [开始读取数据库表：tuiding_data]
2025-11-04 16:29:39,814 [INFO] [成功读取表 tuiding_data，数据行数：3908]
2025-11-04 16:29:39,814 [INFO] [开始读取数据库表：debit_data]
2025-11-04 16:29:41,042 [INFO] [成功读取表 debit_data，数据行数：22013]
2025-11-04 16:29:41,353 [INFO] [开始读取数据库表：sales_invoice_data]
2025-11-04 16:29:42,539 [INFO] [成功读取表 sales_invoice_data，数据行数：20149]
2025-11-04 16:37:43,483 [INFO] [数据库引擎创建成功]
2025-11-04 16:37:43,483 [INFO] [开始读取数据库表：order_data]
2025-11-04 16:37:43,999 [INFO] [成功读取表 order_data，数据行数：22338]
2025-11-04 16:37:44,144 [INFO] [开始读取数据库表：sales_data]
2025-11-04 16:37:46,672 [INFO] [成功读取表 sales_data，数据行数：26502]
2025-11-04 16:37:47,552 [INFO] [开始读取数据库表：jingpin_data]
2025-11-04 16:37:47,624 [INFO] [成功读取表 jingpin_data，数据行数：4134]
2025-11-04 16:37:47,652 [INFO] [开始读取数据库表：inventory_data]
2025-11-04 16:37:47,833 [INFO] [成功读取表 inventory_data，数据行数：5645]
2025-11-04 16:37:47,833 [INFO] [开始读取数据库表：tuiding_data]
2025-11-04 16:37:47,896 [INFO] [成功读取表 tuiding_data，数据行数：3908]
2025-11-04 16:37:47,896 [INFO] [开始读取数据库表：debit_data]
2025-11-04 16:37:48,493 [INFO] [成功读取表 debit_data，数据行数：22014]
2025-11-04 16:37:48,658 [INFO] [开始读取数据库表：sales_invoice_data]
2025-11-04 16:37:49,110 [INFO] [成功读取表 sales_invoice_data，数据行数：20150]
2025-11-04 16:48:22,188 [INFO] [数据库引擎创建成功]
2025-11-04 16:48:22,188 [INFO] [开始读取数据库表：order_data]
2025-11-04 16:48:22,635 [INFO] [成功读取表 order_data，数据行数：22338]
2025-11-04 16:48:22,751 [INFO] [开始读取数据库表：sales_data]
2025-11-04 16:48:24,815 [INFO] [成功读取表 sales_data，数据行数：26502]
2025-11-04 16:48:25,580 [INFO] [开始读取数据库表：jingpin_data]
2025-11-04 16:48:25,640 [INFO] [成功读取表 jingpin_data，数据行数：4134]
2025-11-04 16:48:25,665 [INFO] [开始读取数据库表：inventory_data]
2025-11-04 16:48:25,804 [INFO] [成功读取表 inventory_data，数据行数：5645]
2025-11-04 16:48:25,804 [INFO] [开始读取数据库表：tuiding_data]
2025-11-04 16:48:25,855 [INFO] [成功读取表 tuiding_data，数据行数：3908]
2025-11-04 16:48:25,855 [INFO] [开始读取数据库表：debit_data]
2025-11-04 16:48:26,330 [INFO] [成功读取表 debit_data，数据行数：22014]
2025-11-04 16:48:26,463 [INFO] [开始读取数据库表：sales_invoice_data]
2025-11-04 16:48:26,821 [INFO] [成功读取表 sales_invoice_data，数据行数：20150]
2025-11-04 16:49:32,662 [INFO] [数据库引擎创建成功]
2025-11-04 16:49:32,662 [INFO] [开始读取数据库表：order_data]
2025-11-04 16:49:33,120 [INFO] [成功读取表 order_data，数据行数：22338]
2025-11-04 16:49:33,242 [INFO] [开始读取数据库表：sales_data]
2025-11-04 16:49:35,737 [INFO] [成功读取表 sales_data，数据行数：26502]
2025-11-04 16:49:36,605 [INFO] [开始读取数据库表：jingpin_data]
2025-11-04 16:49:36,681 [INFO] [成功读取表 jingpin_data，数据行数：4134]
2025-11-04 16:49:36,710 [INFO] [开始读取数据库表：inventory_data]
2025-11-04 16:49:36,886 [INFO] [成功读取表 inventory_data，数据行数：5645]
2025-11-04 16:49:36,886 [INFO] [开始读取数据库表：tuiding_data]
2025-11-04 16:49:36,951 [INFO] [成功读取表 tuiding_data，数据行数：3908]
2025-11-04 16:49:36,951 [INFO] [开始读取数据库表：debit_data]
2025-11-04 16:49:37,572 [INFO] [成功读取表 debit_data，数据行数：22014]
2025-11-04 16:49:37,750 [INFO] [开始读取数据库表：sales_invoice_data]
2025-11-04 16:49:38,219 [INFO] [成功读取表 sales_invoice_data，数据行数：20150]
2025-11-04 16:51:44,273 [INFO] [数据库引擎创建成功]
2025-11-04 16:51:44,273 [INFO] [开始读取数据库表：order_data]
2025-11-04 16:51:44,694 [INFO] [成功读取表 order_data，数据行数：22338]
2025-11-04 16:51:44,807 [INFO] [开始读取数据库表：sales_data]
2025-11-04 16:51:46,896 [INFO] [成功读取表 sales_data，数据行数：26502]
2025-11-04 16:51:47,642 [INFO] [开始读取数据库表：jingpin_data]
2025-11-04 16:51:47,703 [INFO] [成功读取表 jingpin_data，数据行数：4134]
2025-11-04 16:51:47,727 [INFO] [开始读取数据库表：inventory_data]
2025-11-04 16:51:47,866 [INFO] [成功读取表 inventory_data，数据行数：5645]
2025-11-04 16:51:47,866 [INFO] [开始读取数据库表：tuiding_data]
2025-11-04 16:51:47,917 [INFO] [成功读取表 tuiding_data，数据行数：3908]
2025-11-04 16:51:47,917 [INFO] [开始读取数据库表：debit_data]
2025-11-04 16:51:48,447 [INFO] [成功读取表 debit_data，数据行数：22014]
2025-11-04 16:51:48,613 [INFO] [开始读取数据库表：sales_invoice_data]
2025-11-04 16:51:49,093 [INFO] [成功读取表 sales_invoice_data，数据行数：20150]
2025-11-04 16:52:29,833 [INFO] [数据库引擎创建成功]
2025-11-04 16:52:29,834 [INFO] [开始读取数据库表：order_data]
2025-11-04 16:52:30,426 [INFO] [成功读取表 order_data，数据行数：22338]
2025-11-04 16:52:30,596 [INFO] [开始读取数据库表：sales_data]
2025-11-04 16:52:33,291 [INFO] [成功读取表 sales_data，数据行数：26502]
2025-11-04 16:52:34,211 [INFO] [开始读取数据库表：jingpin_data]
2025-11-04 16:52:34,288 [INFO] [成功读取表 jingpin_data，数据行数：4134]
2025-11-04 16:52:34,318 [INFO] [开始读取数据库表：inventory_data]
2025-11-04 16:52:34,497 [INFO] [成功读取表 inventory_data，数据行数：5645]
2025-11-04 16:52:34,497 [INFO] [开始读取数据库表：tuiding_data]
2025-11-04 16:52:34,563 [INFO] [成功读取表 tuiding_data，数据行数：3908]
2025-11-04 16:52:34,563 [INFO] [开始读取数据库表：debit_data]
2025-11-04 16:52:35,173 [INFO] [成功读取表 debit_data，数据行数：22014]
2025-11-04 16:52:35,342 [INFO] [开始读取数据库表：sales_invoice_data]
2025-11-04 16:52:35,820 [INFO] [成功读取表 sales_invoice_data，数据行数：20150]
2025-11-04 16:53:07,657 [INFO] [数据库引擎创建成功]
2025-11-04 16:53:07,657 [INFO] [开始读取数据库表：order_data]
2025-11-04 16:53:08,270 [INFO] [成功读取表 order_data，数据行数：22338]
2025-11-04 16:53:08,426 [INFO] [开始读取数据库表：sales_data]
2025-11-04 16:53:11,304 [INFO] [成功读取表 sales_data，数据行数：26502]
2025-11-04 16:53:12,221 [INFO] [开始读取数据库表：jingpin_data]
2025-11-04 16:53:12,303 [INFO] [成功读取表 jingpin_data，数据行数：4134]
2025-11-04 16:53:12,335 [INFO] [开始读取数据库表：inventory_data]
2025-11-04 16:53:12,525 [INFO] [成功读取表 inventory_data，数据行数：5645]
2025-11-04 16:53:12,525 [INFO] [开始读取数据库表：tuiding_data]
2025-11-04 16:53:12,593 [INFO] [成功读取表 tuiding_data，数据行数：3908]
2025-11-04 16:53:12,593 [INFO] [开始读取数据库表：debit_data]
2025-11-04 16:53:13,241 [INFO] [成功读取表 debit_data，数据行数：22014]
2025-11-04 16:53:13,412 [INFO] [开始读取数据库表：sales_invoice_data]
2025-11-04 16:53:13,935 [INFO] [成功读取表 sales_invoice_data，数据行数：20150]
2025-11-04 16:53:59,296 [INFO] [数据库引擎创建成功]
2025-11-04 16:53:59,296 [INFO] [开始读取数据库表：order_data]
2025-11-04 16:53:59,720 [INFO] [成功读取表 order_data，数据行数：22338]
2025-11-04 16:53:59,831 [INFO] [开始读取数据库表：sales_data]
2025-11-04 16:54:02,041 [INFO] [成功读取表 sales_data，数据行数：26502]
2025-11-04 16:54:03,074 [INFO] [开始读取数据库表：jingpin_data]
2025-11-04 16:54:03,163 [INFO] [成功读取表 jingpin_data，数据行数：4134]
2025-11-04 16:54:03,200 [INFO] [开始读取数据库表：inventory_data]
2025-11-04 16:54:03,401 [INFO] [成功读取表 inventory_data，数据行数：5645]
2025-11-04 16:54:03,402 [INFO] [开始读取数据库表：tuiding_data]
2025-11-04 16:54:03,476 [INFO] [成功读取表 tuiding_data，数据行数：3908]
2025-11-04 16:54:03,476 [INFO] [开始读取数据库表：debit_data]
2025-11-04 16:54:04,134 [INFO] [成功读取表 debit_data，数据行数：22014]
2025-11-04 16:54:04,317 [INFO] [开始读取数据库表：sales_invoice_data]
2025-11-04 16:54:04,824 [INFO] [成功读取表 sales_invoice_data，数据行数：20150]
2025-11-04 16:55:41,132 [INFO] [数据库引擎创建成功]
2025-11-04 16:55:41,132 [INFO] [开始读取数据库表：order_data]
2025-11-04 16:55:41,542 [INFO] [成功读取表 order_data，数据行数：22338]
2025-11-04 16:55:41,660 [INFO] [开始读取数据库表：sales_data]
2025-11-04 16:55:44,268 [INFO] [成功读取表 sales_data，数据行数：26502]
2025-11-04 16:55:45,203 [INFO] [开始读取数据库表：jingpin_data]
2025-11-04 16:55:45,287 [INFO] [成功读取表 jingpin_data，数据行数：4134]
2025-11-04 16:55:45,318 [INFO] [开始读取数据库表：inventory_data]
2025-11-04 16:55:45,516 [INFO] [成功读取表 inventory_data，数据行数：5645]
2025-11-04 16:55:45,516 [INFO] [开始读取数据库表：tuiding_data]
2025-11-04 16:55:45,584 [INFO] [成功读取表 tuiding_data，数据行数：3908]
2025-11-04 16:55:45,584 [INFO] [开始读取数据库表：debit_data]
2025-11-04 16:55:46,230 [INFO] [成功读取表 debit_data，数据行数：22014]
2025-11-04 16:55:46,400 [INFO] [开始读取数据库表：sales_invoice_data]
2025-11-04 16:55:46,895 [INFO] [成功读取表 sales_invoice_data，数据行数：20150]
2025-11-04 16:59:36,248 [INFO] [数据库引擎创建成功]
2025-11-04 16:59:36,248 [INFO] [开始读取数据库表：order_data]
2025-11-04 16:59:37,033 [INFO] [成功读取表 order_data，数据行数：22341]
2025-11-04 16:59:37,323 [INFO] [开始读取数据库表：sales_data]
2025-11-04 16:59:46,076 [INFO] [成功读取表 sales_data，数据行数：26506]
2025-11-04 16:59:47,418 [INFO] [开始读取数据库表：jingpin_data]
2025-11-04 16:59:47,560 [INFO] [成功读取表 jingpin_data，数据行数：4135]
2025-11-04 16:59:47,606 [INFO] [开始读取数据库表：inventory_data]
2025-11-04 16:59:47,869 [INFO] [成功读取表 inventory_data，数据行数：5642]
2025-11-04 16:59:47,870 [INFO] [开始读取数据库表：tuiding_data]
2025-11-04 16:59:48,011 [INFO] [成功读取表 tuiding_data，数据行数：3908]
2025-11-04 16:59:48,012 [INFO] [开始读取数据库表：debit_data]
2025-11-04 16:59:48,823 [INFO] [成功读取表 debit_data，数据行数：22014]
2025-11-04 16:59:49,077 [INFO] [开始读取数据库表：sales_invoice_data]
2025-11-04 16:59:49,829 [INFO] [成功读取表 sales_invoice_data，数据行数：20154]
2025-11-04 17:30:44,560 [INFO] [数据库引擎创建成功]
2025-11-04 17:30:44,561 [INFO] [开始读取数据库表：order_data]
2025-11-04 17:30:45,618 [INFO] [成功读取表 order_data，数据行数：22350]
2025-11-04 17:30:45,922 [INFO] [开始读取数据库表：sales_data]
2025-11-04 17:30:55,394 [INFO] [成功读取表 sales_data，数据行数：26514]
2025-11-04 17:31:00,803 [INFO] [开始读取数据库表：jingpin_data]
2025-11-04 17:31:01,380 [INFO] [成功读取表 jingpin_data，数据行数：4137]
2025-11-04 17:31:01,631 [INFO] [开始读取数据库表：inventory_data]
2025-11-04 17:31:02,880 [INFO] [成功读取表 inventory_data，数据行数：5634]
2025-11-04 17:31:02,881 [INFO] [开始读取数据库表：tuiding_data]
2025-11-04 17:31:03,359 [INFO] [成功读取表 tuiding_data，数据行数：3908]
2025-11-04 17:31:03,359 [INFO] [开始读取数据库表：debit_data]
2025-11-04 17:31:07,573 [INFO] [成功读取表 debit_data，数据行数：22014]
2025-11-04 17:31:08,735 [INFO] [开始读取数据库表：sales_invoice_data]
2025-11-04 17:31:11,269 [INFO] [成功读取表 sales_invoice_data，数据行数：20162]
2025-11-04 17:43:52,889 [INFO] [数据库引擎创建成功]
2025-11-04 17:43:52,899 [INFO] [开始读取数据库表：order_data]
2025-11-04 17:43:53,585 [INFO] [成功读取表 order_data，数据行数：22354]
2025-11-04 17:43:53,766 [INFO] [开始读取数据库表：sales_data]
2025-11-04 17:43:56,575 [INFO] [成功读取表 sales_data，数据行数：26520]
2025-11-04 17:43:57,477 [INFO] [开始读取数据库表：jingpin_data]
2025-11-04 17:43:57,551 [INFO] [成功读取表 jingpin_data，数据行数：4138]
2025-11-04 17:43:57,616 [INFO] [开始读取数据库表：inventory_data]
2025-11-04 17:43:57,801 [INFO] [成功读取表 inventory_data，数据行数：5625]
2025-11-04 17:43:57,801 [INFO] [开始读取数据库表：tuiding_data]
2025-11-04 17:43:57,872 [INFO] [成功读取表 tuiding_data，数据行数：3908]
2025-11-04 17:43:57,872 [INFO] [开始读取数据库表：debit_data]
2025-11-04 17:43:58,470 [INFO] [成功读取表 debit_data，数据行数：22014]
2025-11-04 17:43:58,629 [INFO] [开始读取数据库表：sales_invoice_data]
2025-11-04 17:43:59,084 [INFO] [成功读取表 sales_invoice_data，数据行数：20167]
2025-11-04 18:00:33,603 [INFO] [数据库引擎创建成功]
2025-11-04 18:00:33,604 [INFO] [开始读取数据库表：order_data]
2025-11-04 18:00:34,476 [INFO] [成功读取表 order_data，数据行数：22356]
2025-11-04 18:00:34,697 [INFO] [开始读取数据库表：sales_data]
2025-11-04 18:00:38,716 [INFO] [成功读取表 sales_data，数据行数：26527]
2025-11-04 18:00:40,053 [INFO] [开始读取数据库表：jingpin_data]
2025-11-04 18:00:40,187 [INFO] [成功读取表 jingpin_data，数据行数：4148]
2025-11-04 18:00:40,234 [INFO] [开始读取数据库表：inventory_data]
2025-11-04 18:00:40,512 [INFO] [成功读取表 inventory_data，数据行数：5619]
2025-11-04 18:00:40,513 [INFO] [开始读取数据库表：tuiding_data]
2025-11-04 18:00:40,618 [INFO] [成功读取表 tuiding_data，数据行数：3908]
2025-11-04 18:00:40,619 [INFO] [开始读取数据库表：debit_data]
2025-11-04 18:00:41,498 [INFO] [成功读取表 debit_data，数据行数：22014]
2025-11-04 18:00:41,752 [INFO] [开始读取数据库表：sales_invoice_data]
2025-11-04 18:00:42,491 [INFO] [成功读取表 sales_invoice_data，数据行数：20168]
2025-11-04 18:28:43,265 [INFO] [数据库引擎创建成功]
2025-11-04 18:28:43,265 [INFO] [开始读取数据库表：order_data]
2025-11-04 18:28:43,742 [INFO] [成功读取表 order_data，数据行数：22359]
2025-11-04 18:28:43,884 [INFO] [开始读取数据库表：sales_data]
2025-11-04 18:28:46,283 [INFO] [成功读取表 sales_data，数据行数：26533]
2025-11-04 18:28:47,182 [INFO] [开始读取数据库表：jingpin_data]
2025-11-04 18:28:47,259 [INFO] [成功读取表 jingpin_data，数据行数：4148]
2025-11-04 18:28:47,290 [INFO] [开始读取数据库表：inventory_data]
2025-11-04 18:28:47,476 [INFO] [成功读取表 inventory_data，数据行数：5614]
2025-11-04 18:28:47,477 [INFO] [开始读取数据库表：tuiding_data]
2025-11-04 18:28:47,549 [INFO] [成功读取表 tuiding_data，数据行数：3908]
2025-11-04 18:28:47,549 [INFO] [开始读取数据库表：debit_data]
2025-11-04 18:28:48,270 [INFO] [成功读取表 debit_data，数据行数：22014]
2025-11-04 18:28:48,487 [INFO] [开始读取数据库表：sales_invoice_data]
2025-11-04 18:28:49,175 [INFO] [成功读取表 sales_invoice_data，数据行数：20173]
2025-11-04 18:58:27,069 [INFO] [数据库引擎创建成功]
2025-11-04 18:58:27,070 [INFO] [开始读取数据库表：order_data]
2025-11-04 18:58:27,612 [INFO] [成功读取表 order_data，数据行数：22364]
2025-11-04 18:58:27,788 [INFO] [开始读取数据库表：sales_data]
2025-11-04 18:58:30,621 [INFO] [成功读取表 sales_data，数据行数：26533]
2025-11-04 18:58:31,647 [INFO] [开始读取数据库表：jingpin_data]
2025-11-04 18:58:31,742 [INFO] [成功读取表 jingpin_data，数据行数：4148]
2025-11-04 18:58:31,769 [INFO] [开始读取数据库表：inventory_data]
2025-11-04 18:58:31,976 [INFO] [成功读取表 inventory_data，数据行数：5614]
2025-11-04 18:58:31,976 [INFO] [开始读取数据库表：tuiding_data]
2025-11-04 18:58:32,031 [INFO] [成功读取表 tuiding_data，数据行数：3908]
2025-11-04 18:58:32,032 [INFO] [开始读取数据库表：debit_data]
2025-11-04 18:58:32,662 [INFO] [成功读取表 debit_data，数据行数：22014]
2025-11-04 18:58:32,855 [INFO] [开始读取数据库表：sales_invoice_data]
2025-11-04 18:58:33,352 [INFO] [成功读取表 sales_invoice_data，数据行数：20178]
2025-11-04 19:28:28,727 [INFO] [数据库引擎创建成功]
2025-11-04 19:28:28,727 [INFO] [开始读取数据库表：order_data]
2025-11-04 19:28:29,143 [INFO] [成功读取表 order_data，数据行数：22367]
2025-11-04 19:28:29,263 [INFO] [开始读取数据库表：sales_data]
2025-11-04 19:28:31,388 [INFO] [成功读取表 sales_data，数据行数：26533]
2025-11-04 19:28:32,114 [INFO] [开始读取数据库表：jingpin_data]
2025-11-04 19:28:32,185 [INFO] [成功读取表 jingpin_data，数据行数：4148]
2025-11-04 19:28:32,209 [INFO] [开始读取数据库表：inventory_data]
2025-11-04 19:28:32,349 [INFO] [成功读取表 inventory_data，数据行数：5614]
2025-11-04 19:28:32,349 [INFO] [开始读取数据库表：tuiding_data]
2025-11-04 19:28:32,399 [INFO] [成功读取表 tuiding_data，数据行数：3908]
2025-11-04 19:28:32,400 [INFO] [开始读取数据库表：debit_data]
2025-11-04 19:28:32,862 [INFO] [成功读取表 debit_data，数据行数：22014]
2025-11-04 19:28:33,009 [INFO] [开始读取数据库表：sales_invoice_data]
2025-11-04 19:28:33,375 [INFO] [成功读取表 sales_invoice_data，数据行数：20181]
2025-11-04 19:58:12,016 [INFO] [数据库引擎创建成功]
2025-11-04 19:58:12,016 [INFO] [开始读取数据库表：order_data]
2025-11-04 19:58:12,558 [INFO] [成功读取表 order_data，数据行数：22369]
2025-11-04 19:58:12,727 [INFO] [开始读取数据库表：sales_data]
2025-11-04 19:58:15,499 [INFO] [成功读取表 sales_data，数据行数：26533]
2025-11-04 19:58:16,421 [INFO] [开始读取数据库表：jingpin_data]
2025-11-04 19:58:16,512 [INFO] [成功读取表 jingpin_data，数据行数：4148]
2025-11-04 19:58:16,538 [INFO] [开始读取数据库表：inventory_data]
2025-11-04 19:58:16,758 [INFO] [成功读取表 inventory_data，数据行数：5614]
2025-11-04 19:58:16,758 [INFO] [开始读取数据库表：tuiding_data]
2025-11-04 19:58:16,840 [INFO] [成功读取表 tuiding_data，数据行数：3908]
2025-11-04 19:58:16,840 [INFO] [开始读取数据库表：debit_data]
2025-11-04 19:58:17,488 [INFO] [成功读取表 debit_data，数据行数：22014]
2025-11-04 19:58:17,675 [INFO] [开始读取数据库表：sales_invoice_data]
2025-11-04 19:58:18,189 [INFO] [成功读取表 sales_invoice_data，数据行数：20183]
2025-11-04 20:28:22,094 [INFO] [数据库引擎创建成功]
2025-11-04 20:28:22,094 [INFO] [开始读取数据库表：order_data]
2025-11-04 20:28:22,546 [INFO] [成功读取表 order_data，数据行数：22370]
2025-11-04 20:28:22,694 [INFO] [开始读取数据库表：sales_data]
2025-11-04 20:28:25,323 [INFO] [成功读取表 sales_data，数据行数：26533]
2025-11-04 20:28:26,275 [INFO] [开始读取数据库表：jingpin_data]
2025-11-04 20:28:26,361 [INFO] [成功读取表 jingpin_data，数据行数：4148]
2025-11-04 20:28:26,391 [INFO] [开始读取数据库表：inventory_data]
2025-11-04 20:28:26,624 [INFO] [成功读取表 inventory_data，数据行数：5614]
2025-11-04 20:28:26,624 [INFO] [开始读取数据库表：tuiding_data]
2025-11-04 20:28:26,709 [INFO] [成功读取表 tuiding_data，数据行数：3908]
2025-11-04 20:28:26,709 [INFO] [开始读取数据库表：debit_data]
2025-11-04 20:28:27,474 [INFO] [成功读取表 debit_data，数据行数：22014]
2025-11-04 20:28:27,639 [INFO] [开始读取数据库表：sales_invoice_data]
2025-11-04 20:28:28,164 [INFO] [成功读取表 sales_invoice_data，数据行数：20184]
2025-11-04 20:58:25,326 [INFO] [数据库引擎创建成功]
2025-11-04 20:58:25,326 [INFO] [开始读取数据库表：order_data]
2025-11-04 20:58:25,792 [INFO] [成功读取表 order_data，数据行数：22370]
2025-11-04 20:58:25,934 [INFO] [开始读取数据库表：sales_data]
2025-11-04 20:58:28,599 [INFO] [成功读取表 sales_data，数据行数：26533]
2025-11-04 20:58:29,571 [INFO] [开始读取数据库表：jingpin_data]
2025-11-04 20:58:29,651 [INFO] [成功读取表 jingpin_data，数据行数：4148]
2025-11-04 20:58:29,677 [INFO] [开始读取数据库表：inventory_data]
2025-11-04 20:58:29,946 [INFO] [成功读取表 inventory_data，数据行数：5614]
2025-11-04 20:58:29,946 [INFO] [开始读取数据库表：tuiding_data]
2025-11-04 20:58:30,047 [INFO] [成功读取表 tuiding_data，数据行数：3908]
2025-11-04 20:58:30,047 [INFO] [开始读取数据库表：debit_data]
2025-11-04 20:58:30,772 [INFO] [成功读取表 debit_data，数据行数：22014]
2025-11-04 20:58:30,957 [INFO] [开始读取数据库表：sales_invoice_data]
2025-11-04 20:58:31,458 [INFO] [成功读取表 sales_invoice_data，数据行数：20184]
2025-11-04 21:28:25,723 [INFO] [数据库引擎创建成功]
2025-11-04 21:28:25,723 [INFO] [开始读取数据库表：order_data]
2025-11-04 21:28:26,205 [INFO] [成功读取表 order_data，数据行数：22370]
2025-11-04 21:28:26,355 [INFO] [开始读取数据库表：sales_data]
2025-11-04 21:28:29,066 [INFO] [成功读取表 sales_data，数据行数：26534]
2025-11-04 21:28:30,022 [INFO] [开始读取数据库表：jingpin_data]
2025-11-04 21:28:30,119 [INFO] [成功读取表 jingpin_data，数据行数：4148]
2025-11-04 21:28:30,152 [INFO] [开始读取数据库表：inventory_data]
2025-11-04 21:28:30,351 [INFO] [成功读取表 inventory_data，数据行数：5656]
2025-11-04 21:28:30,351 [INFO] [开始读取数据库表：tuiding_data]
2025-11-04 21:28:30,415 [INFO] [成功读取表 tuiding_data，数据行数：3908]
2025-11-04 21:28:30,415 [INFO] [开始读取数据库表：debit_data]
2025-11-04 21:28:31,076 [INFO] [成功读取表 debit_data，数据行数：22057]
2025-11-04 21:28:31,287 [INFO] [开始读取数据库表：sales_invoice_data]
2025-11-04 21:28:31,836 [INFO] [成功读取表 sales_invoice_data，数据行数：20184]
2025-11-04 21:58:11,478 [INFO] [数据库引擎创建成功]
2025-11-04 21:58:11,478 [INFO] [开始读取数据库表：order_data]
2025-11-04 21:58:11,951 [INFO] [成功读取表 order_data，数据行数：22370]
2025-11-04 21:58:12,090 [INFO] [开始读取数据库表：sales_data]
2025-11-04 21:58:14,659 [INFO] [成功读取表 sales_data，数据行数：26534]
2025-11-04 21:58:15,573 [INFO] [开始读取数据库表：jingpin_data]
2025-11-04 21:58:15,656 [INFO] [成功读取表 jingpin_data，数据行数：4148]
2025-11-04 21:58:15,682 [INFO] [开始读取数据库表：inventory_data]
2025-11-04 21:58:15,834 [INFO] [成功读取表 inventory_data，数据行数：5657]
2025-11-04 21:58:15,834 [INFO] [开始读取数据库表：tuiding_data]
2025-11-04 21:58:15,890 [INFO] [成功读取表 tuiding_data，数据行数：3908]
2025-11-04 21:58:15,890 [INFO] [开始读取数据库表：debit_data]
2025-11-04 21:58:16,660 [INFO] [成功读取表 debit_data，数据行数：22099]
2025-11-04 21:58:16,822 [INFO] [开始读取数据库表：sales_invoice_data]
2025-11-04 21:58:17,367 [INFO] [成功读取表 sales_invoice_data，数据行数：20185]
2025-11-04 22:28:21,493 [INFO] [数据库引擎创建成功]
2025-11-04 22:28:21,493 [INFO] [开始读取数据库表：order_data]
2025-11-04 22:28:21,991 [INFO] [成功读取表 order_data，数据行数：22370]
2025-11-04 22:28:22,141 [INFO] [开始读取数据库表：sales_data]
2025-11-04 22:28:24,985 [INFO] [成功读取表 sales_data，数据行数：26534]
2025-11-04 22:28:25,976 [INFO] [开始读取数据库表：jingpin_data]
2025-11-04 22:28:26,045 [INFO] [成功读取表 jingpin_data，数据行数：4148]
2025-11-04 22:28:26,072 [INFO] [开始读取数据库表：inventory_data]
2025-11-04 22:28:26,229 [INFO] [成功读取表 inventory_data，数据行数：5657]
2025-11-04 22:28:26,230 [INFO] [开始读取数据库表：tuiding_data]
2025-11-04 22:28:26,301 [INFO] [成功读取表 tuiding_data，数据行数：3908]
2025-11-04 22:28:26,301 [INFO] [开始读取数据库表：debit_data]
2025-11-04 22:28:26,989 [INFO] [成功读取表 debit_data，数据行数：22099]
2025-11-04 22:28:27,151 [INFO] [开始读取数据库表：sales_invoice_data]
2025-11-04 22:28:27,699 [INFO] [成功读取表 sales_invoice_data，数据行数：20185]
2025-11-04 22:58:32,947 [INFO] [数据库引擎创建成功]
2025-11-04 22:58:32,948 [INFO] [开始读取数据库表：order_data]
2025-11-04 22:58:33,484 [INFO] [成功读取表 order_data，数据行数：22373]
2025-11-04 22:58:33,670 [INFO] [开始读取数据库表：sales_data]
2025-11-04 22:58:36,846 [INFO] [成功读取表 sales_data，数据行数：26534]
2025-11-04 22:58:37,785 [INFO] [开始读取数据库表：jingpin_data]
2025-11-04 22:58:37,863 [INFO] [成功读取表 jingpin_data，数据行数：4148]
2025-11-04 22:58:37,889 [INFO] [开始读取数据库表：inventory_data]
2025-11-04 22:58:38,074 [INFO] [成功读取表 inventory_data，数据行数：5657]
2025-11-04 22:58:38,074 [INFO] [开始读取数据库表：tuiding_data]
2025-11-04 22:58:38,140 [INFO] [成功读取表 tuiding_data，数据行数：3908]
2025-11-04 22:58:38,140 [INFO] [开始读取数据库表：debit_data]
2025-11-04 22:58:38,735 [INFO] [成功读取表 debit_data，数据行数：22099]
2025-11-04 22:58:38,925 [INFO] [开始读取数据库表：sales_invoice_data]
2025-11-04 22:58:39,462 [INFO] [成功读取表 sales_invoice_data，数据行数：20188]
2025-11-04 23:28:22,866 [INFO] [数据库引擎创建成功]
2025-11-04 23:28:22,866 [INFO] [开始读取数据库表：order_data]
2025-11-04 23:28:23,487 [INFO] [成功读取表 order_data，数据行数：22374]
2025-11-04 23:28:23,680 [INFO] [开始读取数据库表：sales_data]
2025-11-04 23:28:26,779 [INFO] [成功读取表 sales_data，数据行数：26534]
2025-11-04 23:28:27,793 [INFO] [开始读取数据库表：jingpin_data]
2025-11-04 23:28:27,882 [INFO] [成功读取表 jingpin_data，数据行数：4148]
2025-11-04 23:28:27,919 [INFO] [开始读取数据库表：inventory_data]
2025-11-04 23:28:28,122 [INFO] [成功读取表 inventory_data，数据行数：5657]
2025-11-04 23:28:28,122 [INFO] [开始读取数据库表：tuiding_data]
2025-11-04 23:28:28,201 [INFO] [成功读取表 tuiding_data，数据行数：3908]
2025-11-04 23:28:28,201 [INFO] [开始读取数据库表：debit_data]
2025-11-04 23:28:28,909 [INFO] [成功读取表 debit_data，数据行数：22099]
2025-11-04 23:28:29,106 [INFO] [开始读取数据库表：sales_invoice_data]
2025-11-04 23:28:29,748 [INFO] [成功读取表 sales_invoice_data，数据行数：20189]
2025-11-04 23:58:14,045 [INFO] [数据库引擎创建成功]
2025-11-04 23:58:14,046 [INFO] [开始读取数据库表：order_data]
2025-11-04 23:58:14,659 [INFO] [成功读取表 order_data，数据行数：22374]
2025-11-04 23:58:14,857 [INFO] [开始读取数据库表：sales_data]
2025-11-04 23:58:17,820 [INFO] [成功读取表 sales_data，数据行数：26534]
2025-11-04 23:58:18,829 [INFO] [开始读取数据库表：jingpin_data]
2025-11-04 23:58:18,954 [INFO] [成功读取表 jingpin_data，数据行数：4148]
2025-11-04 23:58:18,988 [INFO] [开始读取数据库表：inventory_data]
2025-11-04 23:58:19,190 [INFO] [成功读取表 inventory_data，数据行数：5657]
2025-11-04 23:58:19,190 [INFO] [开始读取数据库表：tuiding_data]
2025-11-04 23:58:19,271 [INFO] [成功读取表 tuiding_data，数据行数：3908]
2025-11-04 23:58:19,271 [INFO] [开始读取数据库表：debit_data]
2025-11-04 23:58:19,998 [INFO] [成功读取表 debit_data，数据行数：22099]
2025-11-04 23:58:20,212 [INFO] [开始读取数据库表：sales_invoice_data]
2025-11-04 23:58:20,785 [INFO] [成功读取表 sales_invoice_data，数据行数：20189]
