2025-10-23 00:28:24,498 [INFO] [数据库引擎创建成功]
2025-10-23 00:28:24,498 [INFO] [开始读取数据库表：order_data]
2025-10-23 00:28:25,012 [INFO] [成功读取表 order_data，数据行数：18512]
2025-10-23 00:28:25,193 [INFO] [开始读取数据库表：sales_data]
2025-10-23 00:28:30,018 [INFO] [成功读取表 sales_data，数据行数：22576]
2025-10-23 00:28:32,271 [INFO] [开始读取数据库表：jingpin_data]
2025-10-23 00:28:32,514 [INFO] [成功读取表 jingpin_data，数据行数：4470]
2025-10-23 00:28:32,588 [INFO] [开始读取数据库表：inventory_data]
2025-10-23 00:28:33,440 [INFO] [成功读取表 inventory_data，数据行数：8146]
2025-10-23 00:28:33,440 [INFO] [开始读取数据库表：tuiding_data]
2025-10-23 00:28:33,641 [INFO] [成功读取表 tuiding_data，数据行数：3338]
2025-10-23 00:28:33,642 [INFO] [开始读取数据库表：debit_data]
2025-10-23 00:28:35,022 [INFO] [成功读取表 debit_data，数据行数：16472]
2025-10-23 00:28:35,447 [INFO] [开始读取数据库表：sales_invoice_data]
2025-10-23 00:28:36,728 [INFO] [成功读取表 sales_invoice_data，数据行数：16807]
2025-10-23 00:58:22,112 [INFO] [数据库引擎创建成功]
2025-10-23 00:58:22,113 [INFO] [开始读取数据库表：order_data]
2025-10-23 00:58:22,552 [INFO] [成功读取表 order_data，数据行数：18512]
2025-10-23 00:58:22,704 [INFO] [开始读取数据库表：sales_data]
2025-10-23 00:58:27,371 [INFO] [成功读取表 sales_data，数据行数：22576]
2025-10-23 00:58:29,618 [INFO] [开始读取数据库表：jingpin_data]
2025-10-23 00:58:29,864 [INFO] [成功读取表 jingpin_data，数据行数：4470]
2025-10-23 00:58:29,936 [INFO] [开始读取数据库表：inventory_data]
2025-10-23 00:58:30,769 [INFO] [成功读取表 inventory_data，数据行数：8146]
2025-10-23 00:58:30,769 [INFO] [开始读取数据库表：tuiding_data]
2025-10-23 00:58:30,974 [INFO] [成功读取表 tuiding_data，数据行数：3338]
2025-10-23 00:58:30,974 [INFO] [开始读取数据库表：debit_data]
2025-10-23 00:58:32,369 [INFO] [成功读取表 debit_data，数据行数：16472]
2025-10-23 00:58:32,805 [INFO] [开始读取数据库表：sales_invoice_data]
2025-10-23 00:58:34,085 [INFO] [成功读取表 sales_invoice_data，数据行数：16807]
2025-10-23 01:28:40,063 [INFO] [数据库引擎创建成功]
2025-10-23 01:28:40,064 [INFO] [开始读取数据库表：order_data]
2025-10-23 01:28:40,484 [INFO] [成功读取表 order_data，数据行数：18512]
2025-10-23 01:28:40,617 [INFO] [开始读取数据库表：sales_data]
2025-10-23 01:28:45,433 [INFO] [成功读取表 sales_data，数据行数：22576]
2025-10-23 01:28:47,980 [INFO] [开始读取数据库表：jingpin_data]
2025-10-23 01:28:48,227 [INFO] [成功读取表 jingpin_data，数据行数：4470]
2025-10-23 01:28:48,301 [INFO] [开始读取数据库表：inventory_data]
2025-10-23 01:28:49,170 [INFO] [成功读取表 inventory_data，数据行数：8146]
2025-10-23 01:28:49,170 [INFO] [开始读取数据库表：tuiding_data]
2025-10-23 01:28:49,354 [INFO] [成功读取表 tuiding_data，数据行数：3338]
2025-10-23 01:28:49,355 [INFO] [开始读取数据库表：debit_data]
2025-10-23 01:28:50,746 [INFO] [成功读取表 debit_data，数据行数：16472]
2025-10-23 01:28:51,171 [INFO] [开始读取数据库表：sales_invoice_data]
2025-10-23 01:28:52,106 [INFO] [成功读取表 sales_invoice_data，数据行数：16807]
2025-10-23 01:58:39,466 [INFO] [数据库引擎创建成功]
2025-10-23 01:58:39,466 [INFO] [开始读取数据库表：order_data]
2025-10-23 01:58:40,003 [INFO] [成功读取表 order_data，数据行数：18512]
2025-10-23 01:58:40,158 [INFO] [开始读取数据库表：sales_data]
2025-10-23 01:58:44,943 [INFO] [成功读取表 sales_data，数据行数：22576]
2025-10-23 01:58:47,180 [INFO] [开始读取数据库表：jingpin_data]
2025-10-23 01:58:47,428 [INFO] [成功读取表 jingpin_data，数据行数：4470]
2025-10-23 01:58:47,504 [INFO] [开始读取数据库表：inventory_data]
2025-10-23 01:58:48,340 [INFO] [成功读取表 inventory_data，数据行数：8146]
2025-10-23 01:58:48,340 [INFO] [开始读取数据库表：tuiding_data]
2025-10-23 01:58:48,534 [INFO] [成功读取表 tuiding_data，数据行数：3338]
2025-10-23 01:58:48,534 [INFO] [开始读取数据库表：debit_data]
2025-10-23 01:58:49,958 [INFO] [成功读取表 debit_data，数据行数：16472]
2025-10-23 01:58:50,412 [INFO] [开始读取数据库表：sales_invoice_data]
2025-10-23 01:58:51,736 [INFO] [成功读取表 sales_invoice_data，数据行数：16807]
2025-10-23 02:28:30,334 [INFO] [数据库引擎创建成功]
2025-10-23 02:28:30,334 [INFO] [开始读取数据库表：order_data]
2025-10-23 02:28:30,824 [INFO] [成功读取表 order_data，数据行数：18512]
2025-10-23 02:28:31,001 [INFO] [开始读取数据库表：sales_data]
2025-10-23 02:28:35,847 [INFO] [成功读取表 sales_data，数据行数：22576]
2025-10-23 02:28:38,085 [INFO] [开始读取数据库表：jingpin_data]
2025-10-23 02:28:38,330 [INFO] [成功读取表 jingpin_data，数据行数：4470]
2025-10-23 02:28:38,403 [INFO] [开始读取数据库表：inventory_data]
2025-10-23 02:28:39,262 [INFO] [成功读取表 inventory_data，数据行数：8146]
2025-10-23 02:28:39,268 [INFO] [开始读取数据库表：tuiding_data]
2025-10-23 02:28:39,466 [INFO] [成功读取表 tuiding_data，数据行数：3338]
2025-10-23 02:28:39,466 [INFO] [开始读取数据库表：debit_data]
2025-10-23 02:28:40,836 [INFO] [成功读取表 debit_data，数据行数：16472]
2025-10-23 02:28:41,284 [INFO] [开始读取数据库表：sales_invoice_data]
2025-10-23 02:28:42,568 [INFO] [成功读取表 sales_invoice_data，数据行数：16807]
2025-10-23 02:58:24,318 [INFO] [数据库引擎创建成功]
2025-10-23 02:58:24,318 [INFO] [开始读取数据库表：order_data]
2025-10-23 02:58:24,834 [INFO] [成功读取表 order_data，数据行数：18512]
2025-10-23 02:58:24,994 [INFO] [开始读取数据库表：sales_data]
2025-10-23 02:58:29,703 [INFO] [成功读取表 sales_data，数据行数：22576]
2025-10-23 02:58:32,007 [INFO] [开始读取数据库表：jingpin_data]
2025-10-23 02:58:32,252 [INFO] [成功读取表 jingpin_data，数据行数：4470]
2025-10-23 02:58:32,324 [INFO] [开始读取数据库表：inventory_data]
2025-10-23 02:58:33,194 [INFO] [成功读取表 inventory_data，数据行数：8146]
2025-10-23 02:58:33,194 [INFO] [开始读取数据库表：tuiding_data]
2025-10-23 02:58:33,381 [INFO] [成功读取表 tuiding_data，数据行数：3338]
2025-10-23 02:58:33,381 [INFO] [开始读取数据库表：debit_data]
2025-10-23 02:58:34,798 [INFO] [成功读取表 debit_data，数据行数：16472]
2025-10-23 02:58:35,254 [INFO] [开始读取数据库表：sales_invoice_data]
2025-10-23 02:58:36,528 [INFO] [成功读取表 sales_invoice_data，数据行数：16807]
2025-10-23 03:28:26,342 [INFO] [数据库引擎创建成功]
2025-10-23 03:28:26,342 [INFO] [开始读取数据库表：order_data]
2025-10-23 03:28:26,897 [INFO] [成功读取表 order_data，数据行数：18512]
2025-10-23 03:28:27,098 [INFO] [开始读取数据库表：sales_data]
2025-10-23 03:28:32,124 [INFO] [成功读取表 sales_data，数据行数：22576]
2025-10-23 03:28:34,339 [INFO] [开始读取数据库表：jingpin_data]
2025-10-23 03:28:34,581 [INFO] [成功读取表 jingpin_data，数据行数：4470]
2025-10-23 03:28:34,655 [INFO] [开始读取数据库表：inventory_data]
2025-10-23 03:28:35,512 [INFO] [成功读取表 inventory_data，数据行数：8146]
2025-10-23 03:28:35,512 [INFO] [开始读取数据库表：tuiding_data]
2025-10-23 03:28:35,704 [INFO] [成功读取表 tuiding_data，数据行数：3338]
2025-10-23 03:28:35,704 [INFO] [开始读取数据库表：debit_data]
2025-10-23 03:28:37,128 [INFO] [成功读取表 debit_data，数据行数：16472]
2025-10-23 03:28:37,569 [INFO] [开始读取数据库表：sales_invoice_data]
2025-10-23 03:28:38,871 [INFO] [成功读取表 sales_invoice_data，数据行数：16807]
2025-10-23 03:58:24,598 [INFO] [数据库引擎创建成功]
2025-10-23 03:58:24,599 [INFO] [开始读取数据库表：order_data]
2025-10-23 03:58:25,185 [INFO] [成功读取表 order_data，数据行数：18512]
2025-10-23 03:58:25,345 [INFO] [开始读取数据库表：sales_data]
2025-10-23 03:58:30,096 [INFO] [成功读取表 sales_data，数据行数：22576]
2025-10-23 03:58:32,333 [INFO] [开始读取数据库表：jingpin_data]
2025-10-23 03:58:32,579 [INFO] [成功读取表 jingpin_data，数据行数：4470]
2025-10-23 03:58:32,656 [INFO] [开始读取数据库表：inventory_data]
2025-10-23 03:58:33,505 [INFO] [成功读取表 inventory_data，数据行数：8146]
2025-10-23 03:58:33,505 [INFO] [开始读取数据库表：tuiding_data]
2025-10-23 03:58:33,705 [INFO] [成功读取表 tuiding_data，数据行数：3338]
2025-10-23 03:58:33,705 [INFO] [开始读取数据库表：debit_data]
2025-10-23 03:58:35,125 [INFO] [成功读取表 debit_data，数据行数：16472]
2025-10-23 03:58:35,558 [INFO] [开始读取数据库表：sales_invoice_data]
2025-10-23 03:58:36,833 [INFO] [成功读取表 sales_invoice_data，数据行数：16807]
2025-10-23 04:28:42,955 [INFO] [数据库引擎创建成功]
2025-10-23 04:28:42,956 [INFO] [开始读取数据库表：order_data]
2025-10-23 04:28:43,479 [INFO] [成功读取表 order_data，数据行数：18512]
2025-10-23 04:28:43,620 [INFO] [开始读取数据库表：sales_data]
2025-10-23 04:28:48,203 [INFO] [成功读取表 sales_data，数据行数：22576]
2025-10-23 04:28:50,505 [INFO] [开始读取数据库表：jingpin_data]
2025-10-23 04:28:50,765 [INFO] [成功读取表 jingpin_data，数据行数：4470]
2025-10-23 04:28:50,852 [INFO] [开始读取数据库表：inventory_data]
2025-10-23 04:28:51,739 [INFO] [成功读取表 inventory_data，数据行数：8146]
2025-10-23 04:28:51,739 [INFO] [开始读取数据库表：tuiding_data]
2025-10-23 04:28:51,973 [INFO] [成功读取表 tuiding_data，数据行数：3338]
2025-10-23 04:28:51,973 [INFO] [开始读取数据库表：debit_data]
2025-10-23 04:28:53,450 [INFO] [成功读取表 debit_data，数据行数：16472]
2025-10-23 04:28:53,898 [INFO] [开始读取数据库表：sales_invoice_data]
2025-10-23 04:28:55,191 [INFO] [成功读取表 sales_invoice_data，数据行数：16807]
2025-10-23 04:58:42,644 [INFO] [数据库引擎创建成功]
2025-10-23 04:58:42,645 [INFO] [开始读取数据库表：order_data]
2025-10-23 04:58:43,136 [INFO] [成功读取表 order_data，数据行数：18512]
2025-10-23 04:58:43,286 [INFO] [开始读取数据库表：sales_data]
2025-10-23 04:58:47,854 [INFO] [成功读取表 sales_data，数据行数：22576]
2025-10-23 04:58:50,112 [INFO] [开始读取数据库表：jingpin_data]
2025-10-23 04:58:50,351 [INFO] [成功读取表 jingpin_data，数据行数：4470]
2025-10-23 04:58:50,422 [INFO] [开始读取数据库表：inventory_data]
2025-10-23 04:58:51,253 [INFO] [成功读取表 inventory_data，数据行数：8146]
2025-10-23 04:58:51,253 [INFO] [开始读取数据库表：tuiding_data]
2025-10-23 04:58:51,451 [INFO] [成功读取表 tuiding_data，数据行数：3338]
2025-10-23 04:58:51,452 [INFO] [开始读取数据库表：debit_data]
2025-10-23 04:58:52,850 [INFO] [成功读取表 debit_data，数据行数：16472]
2025-10-23 04:58:53,292 [INFO] [开始读取数据库表：sales_invoice_data]
2025-10-23 04:58:54,540 [INFO] [成功读取表 sales_invoice_data，数据行数：16807]
2025-10-23 05:28:25,117 [INFO] [数据库引擎创建成功]
2025-10-23 05:28:25,117 [INFO] [开始读取数据库表：order_data]
2025-10-23 05:28:25,678 [INFO] [成功读取表 order_data，数据行数：18512]
2025-10-23 05:28:25,829 [INFO] [开始读取数据库表：sales_data]
2025-10-23 05:28:30,537 [INFO] [成功读取表 sales_data，数据行数：22576]
2025-10-23 05:28:32,841 [INFO] [开始读取数据库表：jingpin_data]
2025-10-23 05:28:33,087 [INFO] [成功读取表 jingpin_data，数据行数：4470]
2025-10-23 05:28:33,163 [INFO] [开始读取数据库表：inventory_data]
2025-10-23 05:28:34,012 [INFO] [成功读取表 inventory_data，数据行数：8146]
2025-10-23 05:28:34,012 [INFO] [开始读取数据库表：tuiding_data]
2025-10-23 05:28:34,203 [INFO] [成功读取表 tuiding_data，数据行数：3338]
2025-10-23 05:28:34,203 [INFO] [开始读取数据库表：debit_data]
2025-10-23 05:28:35,573 [INFO] [成功读取表 debit_data，数据行数：16472]
2025-10-23 05:28:36,002 [INFO] [开始读取数据库表：sales_invoice_data]
2025-10-23 05:28:37,287 [INFO] [成功读取表 sales_invoice_data，数据行数：16807]
2025-10-23 05:58:21,295 [INFO] [数据库引擎创建成功]
2025-10-23 05:58:21,296 [INFO] [开始读取数据库表：order_data]
2025-10-23 05:58:21,773 [INFO] [成功读取表 order_data，数据行数：18512]
2025-10-23 05:58:21,952 [INFO] [开始读取数据库表：sales_data]
2025-10-23 05:58:26,506 [INFO] [成功读取表 sales_data，数据行数：22576]
2025-10-23 05:58:28,750 [INFO] [开始读取数据库表：jingpin_data]
2025-10-23 05:58:29,000 [INFO] [成功读取表 jingpin_data，数据行数：4470]
2025-10-23 05:58:29,076 [INFO] [开始读取数据库表：inventory_data]
2025-10-23 05:58:29,915 [INFO] [成功读取表 inventory_data，数据行数：8146]
2025-10-23 05:58:29,915 [INFO] [开始读取数据库表：tuiding_data]
2025-10-23 05:58:30,110 [INFO] [成功读取表 tuiding_data，数据行数：3338]
2025-10-23 05:58:30,110 [INFO] [开始读取数据库表：debit_data]
2025-10-23 05:58:31,514 [INFO] [成功读取表 debit_data，数据行数：16472]
2025-10-23 05:58:31,954 [INFO] [开始读取数据库表：sales_invoice_data]
2025-10-23 05:58:33,225 [INFO] [成功读取表 sales_invoice_data，数据行数：16807]
2025-10-23 06:28:22,679 [INFO] [数据库引擎创建成功]
2025-10-23 06:28:22,679 [INFO] [开始读取数据库表：order_data]
2025-10-23 06:28:23,152 [INFO] [成功读取表 order_data，数据行数：18512]
2025-10-23 06:28:23,328 [INFO] [开始读取数据库表：sales_data]
2025-10-23 06:28:27,715 [INFO] [成功读取表 sales_data，数据行数：22576]
2025-10-23 06:28:29,977 [INFO] [开始读取数据库表：jingpin_data]
2025-10-23 06:28:30,215 [INFO] [成功读取表 jingpin_data，数据行数：4470]
2025-10-23 06:28:30,283 [INFO] [开始读取数据库表：inventory_data]
2025-10-23 06:28:31,128 [INFO] [成功读取表 inventory_data，数据行数：8146]
2025-10-23 06:28:31,129 [INFO] [开始读取数据库表：tuiding_data]
2025-10-23 06:28:31,318 [INFO] [成功读取表 tuiding_data，数据行数：3338]
2025-10-23 06:28:31,319 [INFO] [开始读取数据库表：debit_data]
2025-10-23 06:28:32,690 [INFO] [成功读取表 debit_data，数据行数：16472]
2025-10-23 06:28:33,111 [INFO] [开始读取数据库表：sales_invoice_data]
2025-10-23 06:28:34,367 [INFO] [成功读取表 sales_invoice_data，数据行数：16807]
2025-10-23 06:58:31,542 [INFO] [数据库引擎创建成功]
2025-10-23 06:58:31,542 [INFO] [开始读取数据库表：order_data]
2025-10-23 06:58:31,912 [INFO] [成功读取表 order_data，数据行数：18512]
2025-10-23 06:58:32,037 [INFO] [开始读取数据库表：sales_data]
2025-10-23 06:58:35,331 [INFO] [成功读取表 sales_data，数据行数：22576]
2025-10-23 06:58:37,536 [INFO] [开始读取数据库表：jingpin_data]
2025-10-23 06:58:37,789 [INFO] [成功读取表 jingpin_data，数据行数：4470]
2025-10-23 06:58:37,871 [INFO] [开始读取数据库表：inventory_data]
2025-10-23 06:58:38,737 [INFO] [成功读取表 inventory_data，数据行数：8146]
2025-10-23 06:58:38,737 [INFO] [开始读取数据库表：tuiding_data]
2025-10-23 06:58:38,928 [INFO] [成功读取表 tuiding_data，数据行数：3338]
2025-10-23 06:58:38,928 [INFO] [开始读取数据库表：debit_data]
2025-10-23 06:58:40,278 [INFO] [成功读取表 debit_data，数据行数：16472]
2025-10-23 06:58:40,722 [INFO] [开始读取数据库表：sales_invoice_data]
2025-10-23 06:58:42,020 [INFO] [成功读取表 sales_invoice_data，数据行数：16807]
2025-10-23 07:28:36,610 [INFO] [数据库引擎创建成功]
2025-10-23 07:28:36,610 [INFO] [开始读取数据库表：order_data]
2025-10-23 07:28:36,987 [INFO] [成功读取表 order_data，数据行数：18513]
2025-10-23 07:28:37,117 [INFO] [开始读取数据库表：sales_data]
2025-10-23 07:28:40,346 [INFO] [成功读取表 sales_data，数据行数：22576]
2025-10-23 07:28:42,660 [INFO] [开始读取数据库表：jingpin_data]
2025-10-23 07:28:42,901 [INFO] [成功读取表 jingpin_data，数据行数：4470]
2025-10-23 07:28:42,977 [INFO] [开始读取数据库表：inventory_data]
2025-10-23 07:28:43,823 [INFO] [成功读取表 inventory_data，数据行数：8146]
2025-10-23 07:28:43,824 [INFO] [开始读取数据库表：tuiding_data]
2025-10-23 07:28:44,011 [INFO] [成功读取表 tuiding_data，数据行数：3338]
2025-10-23 07:28:44,011 [INFO] [开始读取数据库表：debit_data]
2025-10-23 07:28:45,390 [INFO] [成功读取表 debit_data，数据行数：16472]
2025-10-23 07:28:45,835 [INFO] [开始读取数据库表：sales_invoice_data]
2025-10-23 07:28:47,079 [INFO] [成功读取表 sales_invoice_data，数据行数：16808]
2025-10-23 07:58:21,788 [INFO] [数据库引擎创建成功]
2025-10-23 07:58:21,788 [INFO] [开始读取数据库表：order_data]
2025-10-23 07:58:22,247 [INFO] [成功读取表 order_data，数据行数：18513]
2025-10-23 07:58:22,400 [INFO] [开始读取数据库表：sales_data]
2025-10-23 07:58:26,826 [INFO] [成功读取表 sales_data，数据行数：22576]
2025-10-23 07:58:29,082 [INFO] [开始读取数据库表：jingpin_data]
2025-10-23 07:58:29,343 [INFO] [成功读取表 jingpin_data，数据行数：4470]
2025-10-23 07:58:29,416 [INFO] [开始读取数据库表：inventory_data]
2025-10-23 07:58:30,267 [INFO] [成功读取表 inventory_data，数据行数：8146]
2025-10-23 07:58:30,268 [INFO] [开始读取数据库表：tuiding_data]
2025-10-23 07:58:30,456 [INFO] [成功读取表 tuiding_data，数据行数：3338]
2025-10-23 07:58:30,457 [INFO] [开始读取数据库表：debit_data]
2025-10-23 07:58:32,095 [INFO] [成功读取表 debit_data，数据行数：16472]
2025-10-23 07:58:32,534 [INFO] [开始读取数据库表：sales_invoice_data]
2025-10-23 07:58:33,790 [INFO] [成功读取表 sales_invoice_data，数据行数：16808]
2025-10-23 08:28:42,283 [INFO] [数据库引擎创建成功]
2025-10-23 08:28:42,283 [INFO] [开始读取数据库表：order_data]
2025-10-23 08:28:42,769 [INFO] [成功读取表 order_data，数据行数：18513]
2025-10-23 08:28:42,952 [INFO] [开始读取数据库表：sales_data]
2025-10-23 08:28:47,614 [INFO] [成功读取表 sales_data，数据行数：22576]
2025-10-23 08:28:49,925 [INFO] [开始读取数据库表：jingpin_data]
2025-10-23 08:28:50,170 [INFO] [成功读取表 jingpin_data，数据行数：4470]
2025-10-23 08:28:50,261 [INFO] [开始读取数据库表：inventory_data]
2025-10-23 08:28:51,094 [INFO] [成功读取表 inventory_data，数据行数：8146]
2025-10-23 08:28:51,094 [INFO] [开始读取数据库表：tuiding_data]
2025-10-23 08:28:51,282 [INFO] [成功读取表 tuiding_data，数据行数：3338]
2025-10-23 08:28:51,282 [INFO] [开始读取数据库表：debit_data]
2025-10-23 08:28:52,679 [INFO] [成功读取表 debit_data，数据行数：16472]
2025-10-23 08:28:53,115 [INFO] [开始读取数据库表：sales_invoice_data]
2025-10-23 08:28:54,371 [INFO] [成功读取表 sales_invoice_data，数据行数：16809]
2025-10-23 08:59:11,657 [INFO] [数据库引擎创建成功]
2025-10-23 08:59:11,657 [INFO] [开始读取数据库表：order_data]
2025-10-23 08:59:12,094 [INFO] [成功读取表 order_data，数据行数：18513]
2025-10-23 08:59:12,259 [INFO] [开始读取数据库表：sales_data]
2025-10-23 08:59:16,702 [INFO] [成功读取表 sales_data，数据行数：22577]
2025-10-23 08:59:18,850 [INFO] [开始读取数据库表：jingpin_data]
2025-10-23 08:59:19,097 [INFO] [成功读取表 jingpin_data，数据行数：4470]
2025-10-23 08:59:19,165 [INFO] [开始读取数据库表：inventory_data]
2025-10-23 08:59:19,979 [INFO] [成功读取表 inventory_data，数据行数：8146]
2025-10-23 08:59:19,979 [INFO] [开始读取数据库表：tuiding_data]
2025-10-23 08:59:20,187 [INFO] [成功读取表 tuiding_data，数据行数：3338]
2025-10-23 08:59:20,187 [INFO] [开始读取数据库表：debit_data]
2025-10-23 08:59:21,544 [INFO] [成功读取表 debit_data，数据行数：16472]
2025-10-23 08:59:21,975 [INFO] [开始读取数据库表：sales_invoice_data]
2025-10-23 08:59:23,229 [INFO] [成功读取表 sales_invoice_data，数据行数：16809]
2025-10-23 09:28:59,237 [INFO] [数据库引擎创建成功]
2025-10-23 09:28:59,238 [INFO] [开始读取数据库表：order_data]
2025-10-23 09:28:59,817 [INFO] [成功读取表 order_data，数据行数：18514]
2025-10-23 09:29:00,023 [INFO] [开始读取数据库表：sales_data]
2025-10-23 09:29:05,684 [INFO] [成功读取表 sales_data，数据行数：22578]
2025-10-23 09:29:08,049 [INFO] [开始读取数据库表：jingpin_data]
2025-10-23 09:29:08,298 [INFO] [成功读取表 jingpin_data，数据行数：4470]
2025-10-23 09:29:08,389 [INFO] [开始读取数据库表：inventory_data]
2025-10-23 09:29:09,236 [INFO] [成功读取表 inventory_data，数据行数：8147]
2025-10-23 09:29:09,236 [INFO] [开始读取数据库表：tuiding_data]
2025-10-23 09:29:09,434 [INFO] [成功读取表 tuiding_data，数据行数：3338]
2025-10-23 09:29:09,434 [INFO] [开始读取数据库表：debit_data]
2025-10-23 09:29:10,846 [INFO] [成功读取表 debit_data，数据行数：16472]
2025-10-23 09:29:11,303 [INFO] [开始读取数据库表：sales_invoice_data]
2025-10-23 09:29:12,569 [INFO] [成功读取表 sales_invoice_data，数据行数：16809]
2025-10-23 09:59:33,878 [INFO] [数据库引擎创建成功]
2025-10-23 09:59:33,878 [INFO] [开始读取数据库表：order_data]
2025-10-23 09:59:35,548 [INFO] [成功读取表 order_data，数据行数：18514]
2025-10-23 09:59:36,010 [INFO] [开始读取数据库表：sales_data]
2025-10-23 09:59:44,901 [INFO] [成功读取表 sales_data，数据行数：22594]
2025-10-23 09:59:48,569 [INFO] [开始读取数据库表：jingpin_data]
2025-10-23 09:59:48,822 [INFO] [成功读取表 jingpin_data，数据行数：4469]
2025-10-23 09:59:48,913 [INFO] [开始读取数据库表：inventory_data]
2025-10-23 09:59:49,819 [INFO] [成功读取表 inventory_data，数据行数：8147]
2025-10-23 09:59:49,819 [INFO] [开始读取数据库表：tuiding_data]
2025-10-23 09:59:50,078 [INFO] [成功读取表 tuiding_data，数据行数：3339]
2025-10-23 09:59:50,079 [INFO] [开始读取数据库表：debit_data]
2025-10-23 09:59:51,664 [INFO] [成功读取表 debit_data，数据行数：16472]
2025-10-23 09:59:52,136 [INFO] [开始读取数据库表：sales_invoice_data]
2025-10-23 09:59:53,404 [INFO] [成功读取表 sales_invoice_data，数据行数：16810]
2025-10-23 10:29:16,423 [INFO] [数据库引擎创建成功]
2025-10-23 10:29:16,423 [INFO] [开始读取数据库表：order_data]
2025-10-23 10:29:17,102 [INFO] [成功读取表 order_data，数据行数：18514]
2025-10-23 10:29:17,285 [INFO] [开始读取数据库表：sales_data]
2025-10-23 10:29:22,617 [INFO] [成功读取表 sales_data，数据行数：22595]
2025-10-23 10:29:24,748 [INFO] [开始读取数据库表：jingpin_data]
2025-10-23 10:29:24,991 [INFO] [成功读取表 jingpin_data，数据行数：4471]
2025-10-23 10:29:25,058 [INFO] [开始读取数据库表：inventory_data]
2025-10-23 10:29:25,937 [INFO] [成功读取表 inventory_data，数据行数：8147]
2025-10-23 10:29:25,937 [INFO] [开始读取数据库表：tuiding_data]
2025-10-23 10:29:26,124 [INFO] [成功读取表 tuiding_data，数据行数：3339]
2025-10-23 10:29:26,124 [INFO] [开始读取数据库表：debit_data]
2025-10-23 10:29:27,553 [INFO] [成功读取表 debit_data，数据行数：16473]
2025-10-23 10:29:27,986 [INFO] [开始读取数据库表：sales_invoice_data]
2025-10-23 10:29:29,264 [INFO] [成功读取表 sales_invoice_data，数据行数：16811]
2025-10-23 10:59:00,633 [INFO] [数据库引擎创建成功]
2025-10-23 10:59:00,634 [INFO] [开始读取数据库表：order_data]
2025-10-23 10:59:01,244 [INFO] [成功读取表 order_data，数据行数：18516]
2025-10-23 10:59:01,422 [INFO] [开始读取数据库表：sales_data]
2025-10-23 10:59:06,397 [INFO] [成功读取表 sales_data，数据行数：22593]
2025-10-23 10:59:08,530 [INFO] [开始读取数据库表：jingpin_data]
2025-10-23 10:59:08,771 [INFO] [成功读取表 jingpin_data，数据行数：4471]
2025-10-23 10:59:08,844 [INFO] [开始读取数据库表：inventory_data]
2025-10-23 10:59:09,695 [INFO] [成功读取表 inventory_data，数据行数：8148]
2025-10-23 10:59:09,695 [INFO] [开始读取数据库表：tuiding_data]
2025-10-23 10:59:09,885 [INFO] [成功读取表 tuiding_data，数据行数：3339]
2025-10-23 10:59:09,886 [INFO] [开始读取数据库表：debit_data]
2025-10-23 10:59:11,286 [INFO] [成功读取表 debit_data，数据行数：16473]
2025-10-23 10:59:11,716 [INFO] [开始读取数据库表：sales_invoice_data]
2025-10-23 10:59:12,991 [INFO] [成功读取表 sales_invoice_data，数据行数：16829]
2025-10-23 11:28:50,205 [INFO] [数据库引擎创建成功]
2025-10-23 11:28:50,205 [INFO] [开始读取数据库表：order_data]
2025-10-23 11:28:50,760 [INFO] [成功读取表 order_data，数据行数：18517]
2025-10-23 11:28:50,935 [INFO] [开始读取数据库表：sales_data]
2025-10-23 11:28:55,514 [INFO] [成功读取表 sales_data，数据行数：22597]
2025-10-23 11:28:57,556 [INFO] [开始读取数据库表：jingpin_data]
2025-10-23 11:28:57,786 [INFO] [成功读取表 jingpin_data，数据行数：4471]
2025-10-23 11:28:57,855 [INFO] [开始读取数据库表：inventory_data]
2025-10-23 11:28:58,652 [INFO] [成功读取表 inventory_data，数据行数：8149]
2025-10-23 11:28:58,652 [INFO] [开始读取数据库表：tuiding_data]
2025-10-23 11:28:58,835 [INFO] [成功读取表 tuiding_data，数据行数：3340]
2025-10-23 11:28:58,835 [INFO] [开始读取数据库表：debit_data]
2025-10-23 11:29:00,354 [INFO] [成功读取表 debit_data，数据行数：16473]
2025-10-23 11:29:00,795 [INFO] [开始读取数据库表：sales_invoice_data]
2025-10-23 11:29:02,012 [INFO] [成功读取表 sales_invoice_data，数据行数：16839]
2025-10-23 11:59:01,359 [INFO] [数据库引擎创建成功]
2025-10-23 11:59:01,359 [INFO] [开始读取数据库表：order_data]
2025-10-23 11:59:02,010 [INFO] [成功读取表 order_data，数据行数：18517]
2025-10-23 11:59:02,205 [INFO] [开始读取数据库表：sales_data]
2025-10-23 11:59:07,556 [INFO] [成功读取表 sales_data，数据行数：22601]
2025-10-23 11:59:09,725 [INFO] [开始读取数据库表：jingpin_data]
2025-10-23 11:59:09,983 [INFO] [成功读取表 jingpin_data，数据行数：4471]
2025-10-23 11:59:10,062 [INFO] [开始读取数据库表：inventory_data]
2025-10-23 11:59:10,890 [INFO] [成功读取表 inventory_data，数据行数：8151]
2025-10-23 11:59:10,891 [INFO] [开始读取数据库表：tuiding_data]
2025-10-23 11:59:11,074 [INFO] [成功读取表 tuiding_data，数据行数：3340]
2025-10-23 11:59:11,074 [INFO] [开始读取数据库表：debit_data]
2025-10-23 11:59:12,444 [INFO] [成功读取表 debit_data，数据行数：16545]
2025-10-23 11:59:12,866 [INFO] [开始读取数据库表：sales_invoice_data]
2025-10-23 11:59:14,087 [INFO] [成功读取表 sales_invoice_data，数据行数：16854]
2025-10-23 12:28:48,895 [INFO] [数据库引擎创建成功]
2025-10-23 12:28:48,895 [INFO] [开始读取数据库表：order_data]
2025-10-23 12:28:50,033 [INFO] [成功读取表 order_data，数据行数：18519]
2025-10-23 12:28:50,467 [INFO] [开始读取数据库表：sales_data]
2025-10-23 12:28:56,228 [INFO] [成功读取表 sales_data，数据行数：22604]
2025-10-23 12:28:58,431 [INFO] [开始读取数据库表：jingpin_data]
2025-10-23 12:28:58,680 [INFO] [成功读取表 jingpin_data，数据行数：4471]
2025-10-23 12:28:58,753 [INFO] [开始读取数据库表：inventory_data]
2025-10-23 12:28:59,613 [INFO] [成功读取表 inventory_data，数据行数：8151]
2025-10-23 12:28:59,613 [INFO] [开始读取数据库表：tuiding_data]
2025-10-23 12:28:59,794 [INFO] [成功读取表 tuiding_data，数据行数：3340]
2025-10-23 12:28:59,795 [INFO] [开始读取数据库表：debit_data]
2025-10-23 12:29:01,256 [INFO] [成功读取表 debit_data，数据行数：16556]
2025-10-23 12:29:01,683 [INFO] [开始读取数据库表：sales_invoice_data]
2025-10-23 12:29:02,928 [INFO] [成功读取表 sales_invoice_data，数据行数：16863]
2025-10-23 12:59:02,511 [INFO] [数据库引擎创建成功]
2025-10-23 12:59:02,512 [INFO] [开始读取数据库表：order_data]
2025-10-23 12:59:03,138 [INFO] [成功读取表 order_data，数据行数：18519]
2025-10-23 12:59:03,298 [INFO] [开始读取数据库表：sales_data]
2025-10-23 12:59:08,695 [INFO] [成功读取表 sales_data，数据行数：22607]
2025-10-23 12:59:11,131 [INFO] [开始读取数据库表：jingpin_data]
2025-10-23 12:59:11,384 [INFO] [成功读取表 jingpin_data，数据行数：4471]
2025-10-23 12:59:11,461 [INFO] [开始读取数据库表：inventory_data]
2025-10-23 12:59:12,363 [INFO] [成功读取表 inventory_data，数据行数：8251]
2025-10-23 12:59:12,364 [INFO] [开始读取数据库表：tuiding_data]
2025-10-23 12:59:12,574 [INFO] [成功读取表 tuiding_data，数据行数：3340]
2025-10-23 12:59:12,574 [INFO] [开始读取数据库表：debit_data]
2025-10-23 12:59:14,005 [INFO] [成功读取表 debit_data，数据行数：16610]
2025-10-23 12:59:14,409 [INFO] [开始读取数据库表：sales_invoice_data]
2025-10-23 12:59:15,483 [INFO] [成功读取表 sales_invoice_data，数据行数：16880]
2025-10-23 13:29:03,913 [INFO] [数据库引擎创建成功]
2025-10-23 13:29:03,914 [INFO] [开始读取数据库表：order_data]
2025-10-23 13:29:04,382 [INFO] [成功读取表 order_data，数据行数：18521]
2025-10-23 13:29:04,561 [INFO] [开始读取数据库表：sales_data]
2025-10-23 13:29:09,953 [INFO] [成功读取表 sales_data，数据行数：22607]
2025-10-23 13:29:12,303 [INFO] [开始读取数据库表：jingpin_data]
2025-10-23 13:29:12,599 [INFO] [成功读取表 jingpin_data，数据行数：4472]
2025-10-23 13:29:12,685 [INFO] [开始读取数据库表：inventory_data]
2025-10-23 13:29:13,563 [INFO] [成功读取表 inventory_data，数据行数：8251]
2025-10-23 13:29:13,563 [INFO] [开始读取数据库表：tuiding_data]
2025-10-23 13:29:13,762 [INFO] [成功读取表 tuiding_data，数据行数：3340]
2025-10-23 13:29:13,763 [INFO] [开始读取数据库表：debit_data]
2025-10-23 13:29:15,207 [INFO] [成功读取表 debit_data，数据行数：16610]
2025-10-23 13:29:15,644 [INFO] [开始读取数据库表：sales_invoice_data]
2025-10-23 13:29:16,973 [INFO] [成功读取表 sales_invoice_data，数据行数：16883]
2025-10-23 13:59:22,940 [INFO] [数据库引擎创建成功]
2025-10-23 13:59:22,940 [INFO] [开始读取数据库表：order_data]
2025-10-23 13:59:23,486 [INFO] [成功读取表 order_data，数据行数：18521]
2025-10-23 13:59:23,671 [INFO] [开始读取数据库表：sales_data]
2025-10-23 13:59:28,233 [INFO] [成功读取表 sales_data，数据行数：22613]
2025-10-23 13:59:30,325 [INFO] [开始读取数据库表：jingpin_data]
2025-10-23 13:59:30,567 [INFO] [成功读取表 jingpin_data，数据行数：4473]
2025-10-23 13:59:30,638 [INFO] [开始读取数据库表：inventory_data]
2025-10-23 13:59:32,032 [INFO] [成功读取表 inventory_data，数据行数：8251]
2025-10-23 13:59:32,033 [INFO] [开始读取数据库表：tuiding_data]
2025-10-23 13:59:32,440 [INFO] [成功读取表 tuiding_data，数据行数：3340]
2025-10-23 13:59:32,441 [INFO] [开始读取数据库表：debit_data]
2025-10-23 13:59:34,702 [INFO] [成功读取表 debit_data，数据行数：16610]
2025-10-23 13:59:35,152 [INFO] [开始读取数据库表：sales_invoice_data]
2025-10-23 13:59:36,372 [INFO] [成功读取表 sales_invoice_data，数据行数：16888]
2025-10-23 14:28:24,639 [INFO] [数据库引擎创建成功]
2025-10-23 14:28:24,639 [INFO] [开始读取数据库表：order_data]
2025-10-23 14:28:25,248 [INFO] [成功读取表 order_data，数据行数：18521]
2025-10-23 14:28:25,427 [INFO] [开始读取数据库表：sales_data]
2025-10-23 14:28:28,311 [INFO] [成功读取表 sales_data，数据行数：22624]
2025-10-23 14:28:29,439 [INFO] [开始读取数据库表：jingpin_data]
2025-10-23 14:28:29,603 [INFO] [成功读取表 jingpin_data，数据行数：4473]
2025-10-23 14:28:29,651 [INFO] [开始读取数据库表：inventory_data]
2025-10-23 14:28:30,245 [INFO] [成功读取表 inventory_data，数据行数：8253]
2025-10-23 14:28:30,245 [INFO] [开始读取数据库表：tuiding_data]
2025-10-23 14:28:30,376 [INFO] [成功读取表 tuiding_data，数据行数：3340]
2025-10-23 14:28:30,376 [INFO] [开始读取数据库表：debit_data]
2025-10-23 14:28:31,189 [INFO] [成功读取表 debit_data，数据行数：16611]
2025-10-23 14:28:31,476 [INFO] [开始读取数据库表：sales_invoice_data]
2025-10-23 14:28:32,296 [INFO] [成功读取表 sales_invoice_data，数据行数：16888]
2025-10-23 14:58:21,759 [INFO] [数据库引擎创建成功]
2025-10-23 14:58:21,760 [INFO] [开始读取数据库表：order_data]
2025-10-23 14:58:22,536 [INFO] [成功读取表 order_data，数据行数：18525]
2025-10-23 14:58:22,760 [INFO] [开始读取数据库表：sales_data]
2025-10-23 14:58:25,948 [INFO] [成功读取表 sales_data，数据行数：22632]
2025-10-23 14:58:27,560 [INFO] [开始读取数据库表：jingpin_data]
2025-10-23 14:58:27,763 [INFO] [成功读取表 jingpin_data，数据行数：4478]
2025-10-23 14:58:27,826 [INFO] [开始读取数据库表：inventory_data]
2025-10-23 14:58:28,532 [INFO] [成功读取表 inventory_data，数据行数：8253]
2025-10-23 14:58:28,532 [INFO] [开始读取数据库表：tuiding_data]
2025-10-23 14:58:28,708 [INFO] [成功读取表 tuiding_data，数据行数：3343]
2025-10-23 14:58:28,708 [INFO] [开始读取数据库表：debit_data]
2025-10-23 14:58:29,786 [INFO] [成功读取表 debit_data，数据行数：16611]
2025-10-23 14:58:30,145 [INFO] [开始读取数据库表：sales_invoice_data]
2025-10-23 14:58:31,154 [INFO] [成功读取表 sales_invoice_data，数据行数：16893]
2025-10-23 15:28:40,969 [INFO] [数据库引擎创建成功]
2025-10-23 15:28:40,969 [INFO] [开始读取数据库表：order_data]
2025-10-23 15:28:41,589 [INFO] [成功读取表 order_data，数据行数：18524]
2025-10-23 15:28:41,781 [INFO] [开始读取数据库表：sales_data]
2025-10-23 15:28:44,541 [INFO] [成功读取表 sales_data，数据行数：22636]
2025-10-23 15:28:45,707 [INFO] [开始读取数据库表：jingpin_data]
2025-10-23 15:28:45,860 [INFO] [成功读取表 jingpin_data，数据行数：4479]
2025-10-23 15:28:45,901 [INFO] [开始读取数据库表：inventory_data]
2025-10-23 15:28:46,433 [INFO] [成功读取表 inventory_data，数据行数：8253]
2025-10-23 15:28:46,433 [INFO] [开始读取数据库表：tuiding_data]
2025-10-23 15:28:46,552 [INFO] [成功读取表 tuiding_data，数据行数：3344]
2025-10-23 15:28:46,553 [INFO] [开始读取数据库表：debit_data]
2025-10-23 15:28:47,354 [INFO] [成功读取表 debit_data，数据行数：16611]
2025-10-23 15:28:47,644 [INFO] [开始读取数据库表：sales_invoice_data]
2025-10-23 15:28:48,400 [INFO] [成功读取表 sales_invoice_data，数据行数：16896]
2025-10-23 15:58:13,193 [INFO] [数据库引擎创建成功]
2025-10-23 15:58:13,194 [INFO] [开始读取数据库表：order_data]
2025-10-23 15:58:13,742 [INFO] [成功读取表 order_data，数据行数：18528]
2025-10-23 15:58:13,925 [INFO] [开始读取数据库表：sales_data]
2025-10-23 15:58:16,492 [INFO] [成功读取表 sales_data，数据行数：22636]
2025-10-23 15:58:17,600 [INFO] [开始读取数据库表：jingpin_data]
2025-10-23 15:58:17,681 [INFO] [成功读取表 jingpin_data，数据行数：4481]
2025-10-23 15:58:17,714 [INFO] [开始读取数据库表：inventory_data]
2025-10-23 15:58:18,451 [INFO] [成功读取表 inventory_data，数据行数：8253]
2025-10-23 15:58:18,452 [INFO] [开始读取数据库表：tuiding_data]
2025-10-23 15:58:18,640 [INFO] [成功读取表 tuiding_data，数据行数：3348]
2025-10-23 15:58:18,640 [INFO] [开始读取数据库表：debit_data]
2025-10-23 15:58:19,830 [INFO] [成功读取表 debit_data，数据行数：16611]
2025-10-23 15:58:20,230 [INFO] [开始读取数据库表：sales_invoice_data]
2025-10-23 15:58:21,280 [INFO] [成功读取表 sales_invoice_data，数据行数：16902]
2025-10-23 16:28:55,402 [INFO] [数据库引擎创建成功]
2025-10-23 16:28:55,402 [INFO] [开始读取数据库表：order_data]
2025-10-23 16:28:55,825 [INFO] [成功读取表 order_data，数据行数：18528]
2025-10-23 16:28:55,997 [INFO] [开始读取数据库表：sales_data]
2025-10-23 16:28:59,655 [INFO] [成功读取表 sales_data，数据行数：22638]
2025-10-23 16:29:01,692 [INFO] [开始读取数据库表：jingpin_data]
2025-10-23 16:29:01,919 [INFO] [成功读取表 jingpin_data，数据行数：4482]
2025-10-23 16:29:02,006 [INFO] [开始读取数据库表：inventory_data]
2025-10-23 16:29:02,783 [INFO] [成功读取表 inventory_data，数据行数：8254]
2025-10-23 16:29:02,783 [INFO] [开始读取数据库表：tuiding_data]
2025-10-23 16:29:02,963 [INFO] [成功读取表 tuiding_data，数据行数：3348]
2025-10-23 16:29:02,963 [INFO] [开始读取数据库表：debit_data]
2025-10-23 16:29:04,212 [INFO] [成功读取表 debit_data，数据行数：16612]
2025-10-23 16:29:04,617 [INFO] [开始读取数据库表：sales_invoice_data]
2025-10-23 16:29:05,746 [INFO] [成功读取表 sales_invoice_data，数据行数：16907]
2025-10-23 16:58:54,984 [INFO] [数据库引擎创建成功]
2025-10-23 16:58:54,984 [INFO] [开始读取数据库表：order_data]
2025-10-23 16:58:55,577 [INFO] [成功读取表 order_data，数据行数：18540]
2025-10-23 16:58:55,751 [INFO] [开始读取数据库表：sales_data]
2025-10-23 16:59:00,491 [INFO] [成功读取表 sales_data，数据行数：22642]
2025-10-23 16:59:02,414 [INFO] [开始读取数据库表：jingpin_data]
2025-10-23 16:59:02,642 [INFO] [成功读取表 jingpin_data，数据行数：4492]
2025-10-23 16:59:02,708 [INFO] [开始读取数据库表：inventory_data]
2025-10-23 16:59:03,471 [INFO] [成功读取表 inventory_data，数据行数：8254]
2025-10-23 16:59:03,472 [INFO] [开始读取数据库表：tuiding_data]
2025-10-23 16:59:03,651 [INFO] [成功读取表 tuiding_data，数据行数：3348]
2025-10-23 16:59:03,651 [INFO] [开始读取数据库表：debit_data]
2025-10-23 16:59:04,881 [INFO] [成功读取表 debit_data，数据行数：16612]
2025-10-23 16:59:05,255 [INFO] [开始读取数据库表：sales_invoice_data]
2025-10-23 16:59:06,436 [INFO] [成功读取表 sales_invoice_data，数据行数：16916]
2025-10-23 17:28:43,070 [INFO] [数据库引擎创建成功]
2025-10-23 17:28:43,071 [INFO] [开始读取数据库表：order_data]
2025-10-23 17:28:43,627 [INFO] [成功读取表 order_data，数据行数：18543]
2025-10-23 17:28:43,796 [INFO] [开始读取数据库表：sales_data]
2025-10-23 17:28:48,140 [INFO] [成功读取表 sales_data，数据行数：22643]
2025-10-23 17:28:50,087 [INFO] [开始读取数据库表：jingpin_data]
2025-10-23 17:28:50,310 [INFO] [成功读取表 jingpin_data，数据行数：4493]
2025-10-23 17:28:50,374 [INFO] [开始读取数据库表：inventory_data]
2025-10-23 17:28:51,162 [INFO] [成功读取表 inventory_data，数据行数：8254]
2025-10-23 17:28:51,163 [INFO] [开始读取数据库表：tuiding_data]
2025-10-23 17:28:51,342 [INFO] [成功读取表 tuiding_data，数据行数：3349]
2025-10-23 17:28:51,343 [INFO] [开始读取数据库表：debit_data]
2025-10-23 17:28:52,622 [INFO] [成功读取表 debit_data，数据行数：16612]
2025-10-23 17:28:53,005 [INFO] [开始读取数据库表：sales_invoice_data]
2025-10-23 17:28:54,157 [INFO] [成功读取表 sales_invoice_data，数据行数：16920]
2025-10-23 17:58:48,816 [INFO] [数据库引擎创建成功]
2025-10-23 17:58:48,816 [INFO] [开始读取数据库表：order_data]
2025-10-23 17:58:49,315 [INFO] [成功读取表 order_data，数据行数：18544]
2025-10-23 17:58:49,484 [INFO] [开始读取数据库表：sales_data]
2025-10-23 17:58:53,854 [INFO] [成功读取表 sales_data，数据行数：22647]
2025-10-23 17:58:55,883 [INFO] [开始读取数据库表：jingpin_data]
2025-10-23 17:58:56,103 [INFO] [成功读取表 jingpin_data，数据行数：4493]
2025-10-23 17:58:56,166 [INFO] [开始读取数据库表：inventory_data]
2025-10-23 17:58:56,930 [INFO] [成功读取表 inventory_data，数据行数：8256]
2025-10-23 17:58:56,931 [INFO] [开始读取数据库表：tuiding_data]
2025-10-23 17:58:57,102 [INFO] [成功读取表 tuiding_data，数据行数：3351]
2025-10-23 17:58:57,102 [INFO] [开始读取数据库表：debit_data]
2025-10-23 17:58:58,373 [INFO] [成功读取表 debit_data，数据行数：16612]
2025-10-23 17:58:58,750 [INFO] [开始读取数据库表：sales_invoice_data]
2025-10-23 17:58:59,900 [INFO] [成功读取表 sales_invoice_data，数据行数：16924]
2025-10-23 18:28:43,690 [INFO] [数据库引擎创建成功]
2025-10-23 18:28:43,690 [INFO] [开始读取数据库表：order_data]
2025-10-23 18:28:44,075 [INFO] [成功读取表 order_data，数据行数：18547]
2025-10-23 18:28:44,207 [INFO] [开始读取数据库表：sales_data]
2025-10-23 18:28:47,683 [INFO] [成功读取表 sales_data，数据行数：22648]
2025-10-23 18:28:49,766 [INFO] [开始读取数据库表：jingpin_data]
2025-10-23 18:28:50,025 [INFO] [成功读取表 jingpin_data，数据行数：4494]
2025-10-23 18:28:50,089 [INFO] [开始读取数据库表：inventory_data]
2025-10-23 18:28:50,866 [INFO] [成功读取表 inventory_data，数据行数：8256]
2025-10-23 18:28:50,866 [INFO] [开始读取数据库表：tuiding_data]
2025-10-23 18:28:51,072 [INFO] [成功读取表 tuiding_data，数据行数：3352]
2025-10-23 18:28:51,072 [INFO] [开始读取数据库表：debit_data]
2025-10-23 18:28:52,377 [INFO] [成功读取表 debit_data，数据行数：16612]
2025-10-23 18:28:52,767 [INFO] [开始读取数据库表：sales_invoice_data]
2025-10-23 18:28:53,909 [INFO] [成功读取表 sales_invoice_data，数据行数：16928]
2025-10-23 18:58:11,568 [INFO] [数据库引擎创建成功]
2025-10-23 18:58:11,568 [INFO] [开始读取数据库表：order_data]
2025-10-23 18:58:11,948 [INFO] [成功读取表 order_data，数据行数：18547]
2025-10-23 18:58:12,074 [INFO] [开始读取数据库表：sales_data]
2025-10-23 18:58:15,508 [INFO] [成功读取表 sales_data，数据行数：22648]
2025-10-23 18:58:17,512 [INFO] [开始读取数据库表：jingpin_data]
2025-10-23 18:58:17,731 [INFO] [成功读取表 jingpin_data，数据行数：4494]
2025-10-23 18:58:17,796 [INFO] [开始读取数据库表：inventory_data]
2025-10-23 18:58:18,628 [INFO] [成功读取表 inventory_data，数据行数：8256]
2025-10-23 18:58:18,628 [INFO] [开始读取数据库表：tuiding_data]
2025-10-23 18:58:18,797 [INFO] [成功读取表 tuiding_data，数据行数：3354]
2025-10-23 18:58:18,798 [INFO] [开始读取数据库表：debit_data]
2025-10-23 18:58:20,100 [INFO] [成功读取表 debit_data，数据行数：16612]
2025-10-23 18:58:20,477 [INFO] [开始读取数据库表：sales_invoice_data]
2025-10-23 18:58:21,639 [INFO] [成功读取表 sales_invoice_data，数据行数：16930]
2025-10-23 19:28:13,786 [INFO] [数据库引擎创建成功]
2025-10-23 19:28:13,786 [INFO] [开始读取数据库表：order_data]
2025-10-23 19:28:14,196 [INFO] [成功读取表 order_data，数据行数：18547]
2025-10-23 19:28:14,332 [INFO] [开始读取数据库表：sales_data]
2025-10-23 19:28:17,877 [INFO] [成功读取表 sales_data，数据行数：22648]
2025-10-23 19:28:20,123 [INFO] [开始读取数据库表：jingpin_data]
2025-10-23 19:28:20,320 [INFO] [成功读取表 jingpin_data，数据行数：4494]
2025-10-23 19:28:20,378 [INFO] [开始读取数据库表：inventory_data]
2025-10-23 19:28:21,141 [INFO] [成功读取表 inventory_data，数据行数：8256]
2025-10-23 19:28:21,141 [INFO] [开始读取数据库表：tuiding_data]
2025-10-23 19:28:21,341 [INFO] [成功读取表 tuiding_data，数据行数：3354]
2025-10-23 19:28:21,342 [INFO] [开始读取数据库表：debit_data]
2025-10-23 19:28:22,581 [INFO] [成功读取表 debit_data，数据行数：16612]
2025-10-23 19:28:22,983 [INFO] [开始读取数据库表：sales_invoice_data]
2025-10-23 19:28:24,145 [INFO] [成功读取表 sales_invoice_data，数据行数：16930]
2025-10-23 19:58:26,828 [INFO] [数据库引擎创建成功]
2025-10-23 19:58:26,828 [INFO] [开始读取数据库表：order_data]
2025-10-23 19:58:27,228 [INFO] [成功读取表 order_data，数据行数：18548]
2025-10-23 19:58:27,438 [INFO] [开始读取数据库表：sales_data]
2025-10-23 19:58:30,783 [INFO] [成功读取表 sales_data，数据行数：22648]
2025-10-23 19:58:32,694 [INFO] [开始读取数据库表：jingpin_data]
2025-10-23 19:58:33,010 [INFO] [成功读取表 jingpin_data，数据行数：4494]
2025-10-23 19:58:33,070 [INFO] [开始读取数据库表：inventory_data]
2025-10-23 19:58:33,743 [INFO] [成功读取表 inventory_data，数据行数：8256]
2025-10-23 19:58:33,743 [INFO] [开始读取数据库表：tuiding_data]
2025-10-23 19:58:33,893 [INFO] [成功读取表 tuiding_data，数据行数：3354]
2025-10-23 19:58:33,894 [INFO] [开始读取数据库表：debit_data]
2025-10-23 19:58:35,112 [INFO] [成功读取表 debit_data，数据行数：16612]
2025-10-23 19:58:35,484 [INFO] [开始读取数据库表：sales_invoice_data]
2025-10-23 19:58:36,633 [INFO] [成功读取表 sales_invoice_data，数据行数：16931]
2025-10-23 20:28:31,068 [INFO] [数据库引擎创建成功]
2025-10-23 20:28:31,068 [INFO] [开始读取数据库表：order_data]
2025-10-23 20:28:31,424 [INFO] [成功读取表 order_data，数据行数：18550]
2025-10-23 20:28:31,559 [INFO] [开始读取数据库表：sales_data]
2025-10-23 20:28:34,969 [INFO] [成功读取表 sales_data，数据行数：22647]
2025-10-23 20:28:37,055 [INFO] [开始读取数据库表：jingpin_data]
2025-10-23 20:28:37,285 [INFO] [成功读取表 jingpin_data，数据行数：4494]
2025-10-23 20:28:37,352 [INFO] [开始读取数据库表：inventory_data]
2025-10-23 20:28:38,131 [INFO] [成功读取表 inventory_data，数据行数：8256]
2025-10-23 20:28:38,131 [INFO] [开始读取数据库表：tuiding_data]
2025-10-23 20:28:38,277 [INFO] [成功读取表 tuiding_data，数据行数：3354]
2025-10-23 20:28:38,277 [INFO] [开始读取数据库表：debit_data]
2025-10-23 20:28:39,541 [INFO] [成功读取表 debit_data，数据行数：16612]
2025-10-23 20:28:39,945 [INFO] [开始读取数据库表：sales_invoice_data]
2025-10-23 20:28:41,044 [INFO] [成功读取表 sales_invoice_data，数据行数：16933]
2025-10-23 20:58:06,665 [INFO] [数据库引擎创建成功]
2025-10-23 20:58:06,666 [INFO] [开始读取数据库表：order_data]
2025-10-23 20:58:07,092 [INFO] [成功读取表 order_data，数据行数：18551]
2025-10-23 20:58:07,251 [INFO] [开始读取数据库表：sales_data]
2025-10-23 20:58:10,837 [INFO] [成功读取表 sales_data，数据行数：22647]
2025-10-23 20:58:12,977 [INFO] [开始读取数据库表：jingpin_data]
2025-10-23 20:58:13,201 [INFO] [成功读取表 jingpin_data，数据行数：4494]
2025-10-23 20:58:13,274 [INFO] [开始读取数据库表：inventory_data]
2025-10-23 20:58:14,038 [INFO] [成功读取表 inventory_data，数据行数：8256]
2025-10-23 20:58:14,038 [INFO] [开始读取数据库表：tuiding_data]
2025-10-23 20:58:14,217 [INFO] [成功读取表 tuiding_data，数据行数：3354]
2025-10-23 20:58:14,217 [INFO] [开始读取数据库表：debit_data]
2025-10-23 20:58:15,467 [INFO] [成功读取表 debit_data，数据行数：16612]
2025-10-23 20:58:15,845 [INFO] [开始读取数据库表：sales_invoice_data]
2025-10-23 20:58:17,048 [INFO] [成功读取表 sales_invoice_data，数据行数：16934]
2025-10-23 21:28:18,917 [INFO] [数据库引擎创建成功]
2025-10-23 21:28:18,918 [INFO] [开始读取数据库表：order_data]
2025-10-23 21:28:19,283 [INFO] [成功读取表 order_data，数据行数：18551]
2025-10-23 21:28:19,412 [INFO] [开始读取数据库表：sales_data]
2025-10-23 21:28:23,099 [INFO] [成功读取表 sales_data，数据行数：22647]
2025-10-23 21:28:25,225 [INFO] [开始读取数据库表：jingpin_data]
2025-10-23 21:28:25,433 [INFO] [成功读取表 jingpin_data，数据行数：4494]
2025-10-23 21:28:25,489 [INFO] [开始读取数据库表：inventory_data]
2025-10-23 21:28:26,311 [INFO] [成功读取表 inventory_data，数据行数：8322]
2025-10-23 21:28:26,311 [INFO] [开始读取数据库表：tuiding_data]
2025-10-23 21:28:26,476 [INFO] [成功读取表 tuiding_data，数据行数：3354]
2025-10-23 21:28:26,477 [INFO] [开始读取数据库表：debit_data]
2025-10-23 21:28:27,812 [INFO] [成功读取表 debit_data，数据行数：16721]
2025-10-23 21:28:28,210 [INFO] [开始读取数据库表：sales_invoice_data]
2025-10-23 21:28:29,353 [INFO] [成功读取表 sales_invoice_data，数据行数：16934]
2025-10-23 21:58:12,228 [INFO] [数据库引擎创建成功]
2025-10-23 21:58:12,228 [INFO] [开始读取数据库表：order_data]
2025-10-23 21:58:12,778 [INFO] [成功读取表 order_data，数据行数：18551]
2025-10-23 21:58:12,919 [INFO] [开始读取数据库表：sales_data]
2025-10-23 21:58:16,605 [INFO] [成功读取表 sales_data，数据行数：22647]
2025-10-23 21:58:18,651 [INFO] [开始读取数据库表：jingpin_data]
2025-10-23 21:58:18,866 [INFO] [成功读取表 jingpin_data，数据行数：4494]
2025-10-23 21:58:18,933 [INFO] [开始读取数据库表：inventory_data]
2025-10-23 21:58:19,733 [INFO] [成功读取表 inventory_data，数据行数：8374]
2025-10-23 21:58:19,734 [INFO] [开始读取数据库表：tuiding_data]
2025-10-23 21:58:19,894 [INFO] [成功读取表 tuiding_data，数据行数：3354]
2025-10-23 21:58:19,894 [INFO] [开始读取数据库表：debit_data]
2025-10-23 21:58:21,122 [INFO] [成功读取表 debit_data，数据行数：16751]
2025-10-23 21:58:21,537 [INFO] [开始读取数据库表：sales_invoice_data]
2025-10-23 21:58:22,671 [INFO] [成功读取表 sales_invoice_data，数据行数：16934]
2025-10-23 22:28:20,062 [INFO] [数据库引擎创建成功]
2025-10-23 22:28:20,062 [INFO] [开始读取数据库表：order_data]
2025-10-23 22:28:20,435 [INFO] [成功读取表 order_data，数据行数：18551]
2025-10-23 22:28:20,558 [INFO] [开始读取数据库表：sales_data]
2025-10-23 22:28:24,010 [INFO] [成功读取表 sales_data，数据行数：22647]
2025-10-23 22:28:26,066 [INFO] [开始读取数据库表：jingpin_data]
2025-10-23 22:28:26,304 [INFO] [成功读取表 jingpin_data，数据行数：4494]
2025-10-23 22:28:26,361 [INFO] [开始读取数据库表：inventory_data]
2025-10-23 22:28:27,152 [INFO] [成功读取表 inventory_data，数据行数：8374]
2025-10-23 22:28:27,152 [INFO] [开始读取数据库表：tuiding_data]
2025-10-23 22:28:27,378 [INFO] [成功读取表 tuiding_data，数据行数：3354]
2025-10-23 22:28:27,379 [INFO] [开始读取数据库表：debit_data]
2025-10-23 22:28:28,687 [INFO] [成功读取表 debit_data，数据行数：16751]
2025-10-23 22:28:29,056 [INFO] [开始读取数据库表：sales_invoice_data]
2025-10-23 22:28:30,220 [INFO] [成功读取表 sales_invoice_data，数据行数：16934]
2025-10-23 22:58:12,980 [INFO] [数据库引擎创建成功]
2025-10-23 22:58:12,980 [INFO] [开始读取数据库表：order_data]
2025-10-23 22:58:13,399 [INFO] [成功读取表 order_data，数据行数：18551]
2025-10-23 22:58:13,550 [INFO] [开始读取数据库表：sales_data]
2025-10-23 22:58:17,363 [INFO] [成功读取表 sales_data，数据行数：22647]
2025-10-23 22:58:19,387 [INFO] [开始读取数据库表：jingpin_data]
2025-10-23 22:58:19,619 [INFO] [成功读取表 jingpin_data，数据行数：4494]
2025-10-23 22:58:19,686 [INFO] [开始读取数据库表：inventory_data]
2025-10-23 22:58:20,473 [INFO] [成功读取表 inventory_data，数据行数：8374]
2025-10-23 22:58:20,473 [INFO] [开始读取数据库表：tuiding_data]
2025-10-23 22:58:20,627 [INFO] [成功读取表 tuiding_data，数据行数：3354]
2025-10-23 22:58:20,627 [INFO] [开始读取数据库表：debit_data]
2025-10-23 22:58:22,011 [INFO] [成功读取表 debit_data，数据行数：16751]
2025-10-23 22:58:22,419 [INFO] [开始读取数据库表：sales_invoice_data]
2025-10-23 22:58:23,528 [INFO] [成功读取表 sales_invoice_data，数据行数：16934]
2025-10-23 23:28:12,488 [INFO] [数据库引擎创建成功]
2025-10-23 23:28:12,489 [INFO] [开始读取数据库表：order_data]
2025-10-23 23:28:12,975 [INFO] [成功读取表 order_data，数据行数：18551]
2025-10-23 23:28:13,137 [INFO] [开始读取数据库表：sales_data]
2025-10-23 23:28:17,300 [INFO] [成功读取表 sales_data，数据行数：22647]
2025-10-23 23:28:19,388 [INFO] [开始读取数据库表：jingpin_data]
2025-10-23 23:28:19,601 [INFO] [成功读取表 jingpin_data，数据行数：4494]
2025-10-23 23:28:19,662 [INFO] [开始读取数据库表：inventory_data]
2025-10-23 23:28:20,439 [INFO] [成功读取表 inventory_data，数据行数：8374]
2025-10-23 23:28:20,439 [INFO] [开始读取数据库表：tuiding_data]
2025-10-23 23:28:20,620 [INFO] [成功读取表 tuiding_data，数据行数：3354]
2025-10-23 23:28:20,621 [INFO] [开始读取数据库表：debit_data]
2025-10-23 23:28:21,935 [INFO] [成功读取表 debit_data，数据行数：16751]
2025-10-23 23:28:22,324 [INFO] [开始读取数据库表：sales_invoice_data]
2025-10-23 23:28:23,461 [INFO] [成功读取表 sales_invoice_data，数据行数：16934]
2025-10-23 23:58:07,651 [INFO] [数据库引擎创建成功]
2025-10-23 23:58:07,651 [INFO] [开始读取数据库表：order_data]
2025-10-23 23:58:08,013 [INFO] [成功读取表 order_data，数据行数：18551]
2025-10-23 23:58:08,136 [INFO] [开始读取数据库表：sales_data]
2025-10-23 23:58:11,374 [INFO] [成功读取表 sales_data，数据行数：22647]
2025-10-23 23:58:13,492 [INFO] [开始读取数据库表：jingpin_data]
2025-10-23 23:58:13,715 [INFO] [成功读取表 jingpin_data，数据行数：4494]
2025-10-23 23:58:13,789 [INFO] [开始读取数据库表：inventory_data]
2025-10-23 23:58:14,541 [INFO] [成功读取表 inventory_data，数据行数：8374]
2025-10-23 23:58:14,542 [INFO] [开始读取数据库表：tuiding_data]
2025-10-23 23:58:14,713 [INFO] [成功读取表 tuiding_data，数据行数：3354]
2025-10-23 23:58:14,713 [INFO] [开始读取数据库表：debit_data]
2025-10-23 23:58:16,021 [INFO] [成功读取表 debit_data，数据行数：16751]
2025-10-23 23:58:16,418 [INFO] [开始读取数据库表：sales_invoice_data]
2025-10-23 23:58:17,569 [INFO] [成功读取表 sales_invoice_data，数据行数：16934]
