2025-12-11 02:03:29,613 [INFO] [数据库引擎创建成功]
2025-12-11 02:03:29,613 [INFO] [开始读取数据库表：order_data]
2025-12-11 02:03:31,546 [INFO] [成功读取表 order_data，数据行数：25401]
2025-12-11 02:03:31,894 [INFO] [开始读取数据库表：sales_data]
2025-12-11 02:03:38,862 [INFO] [成功读取表 sales_data，数据行数：27964]
2025-12-11 02:03:41,016 [INFO] [开始读取数据库表：jingpin_data]
2025-12-11 02:03:41,384 [INFO] [成功读取表 jingpin_data，数据行数：5098]
2025-12-11 02:03:41,459 [INFO] [开始读取数据库表：inventory_data]
2025-12-11 02:03:41,962 [INFO] [成功读取表 inventory_data，数据行数：5242]
2025-12-11 02:03:41,962 [INFO] [开始读取数据库表：tuiding_data]
2025-12-11 02:03:42,212 [INFO] [成功读取表 tuiding_data，数据行数：4587]
2025-12-11 02:03:42,212 [INFO] [开始读取数据库表：debit_data]
2025-12-11 02:03:44,388 [INFO] [成功读取表 debit_data，数据行数：26485]
2025-12-11 02:03:44,803 [INFO] [开始读取数据库表：sales_invoice_data]
2025-12-11 02:03:46,311 [INFO] [成功读取表 sales_invoice_data，数据行数：20430]
2025-12-11 08:55:12,862 [INFO] [数据库引擎创建成功]
2025-12-11 08:55:12,863 [INFO] [开始读取数据库表：order_data]
2025-12-11 08:55:14,842 [INFO] [成功读取表 order_data，数据行数：25401]
2025-12-11 08:55:15,196 [INFO] [开始读取数据库表：sales_data]
2025-12-11 08:55:22,254 [INFO] [成功读取表 sales_data，数据行数：28000]
2025-12-11 08:55:24,344 [INFO] [开始读取数据库表：jingpin_data]
2025-12-11 08:55:24,712 [INFO] [成功读取表 jingpin_data，数据行数：5098]
2025-12-11 08:55:24,791 [INFO] [开始读取数据库表：inventory_data]
2025-12-11 08:55:25,304 [INFO] [成功读取表 inventory_data，数据行数：5262]
2025-12-11 08:55:25,304 [INFO] [开始读取数据库表：tuiding_data]
2025-12-11 08:55:25,594 [INFO] [成功读取表 tuiding_data，数据行数：4587]
2025-12-11 08:55:25,594 [INFO] [开始读取数据库表：debit_data]
2025-12-11 08:55:27,747 [INFO] [成功读取表 debit_data，数据行数：26470]
2025-12-11 08:55:28,149 [INFO] [开始读取数据库表：sales_invoice_data]
2025-12-11 08:55:29,658 [INFO] [成功读取表 sales_invoice_data，数据行数：20431]
2025-12-11 09:26:53,610 [INFO] [数据库引擎创建成功]
2025-12-11 09:26:53,611 [INFO] [开始读取数据库表：order_data]
2025-12-11 09:26:55,568 [INFO] [成功读取表 order_data，数据行数：25401]
2025-12-11 09:26:55,917 [INFO] [开始读取数据库表：sales_data]
2025-12-11 09:27:02,759 [INFO] [成功读取表 sales_data，数据行数：28000]
2025-12-11 09:27:04,977 [INFO] [开始读取数据库表：jingpin_data]
2025-12-11 09:27:05,344 [INFO] [成功读取表 jingpin_data，数据行数：5098]
2025-12-11 09:27:05,422 [INFO] [开始读取数据库表：inventory_data]
2025-12-11 09:27:05,952 [INFO] [成功读取表 inventory_data，数据行数：5262]
2025-12-11 09:27:05,952 [INFO] [开始读取数据库表：tuiding_data]
2025-12-11 09:27:06,250 [INFO] [成功读取表 tuiding_data，数据行数：4587]
2025-12-11 09:27:06,250 [INFO] [开始读取数据库表：debit_data]
2025-12-11 09:27:08,413 [INFO] [成功读取表 debit_data，数据行数：26470]
2025-12-11 09:27:08,815 [INFO] [开始读取数据库表：sales_invoice_data]
2025-12-11 09:27:10,314 [INFO] [成功读取表 sales_invoice_data，数据行数：20431]
2025-12-11 10:02:43,097 [INFO] [数据库引擎创建成功]
2025-12-11 10:02:43,097 [INFO] [开始读取数据库表：order_data]
2025-12-11 10:02:45,014 [INFO] [成功读取表 order_data，数据行数：25401]
2025-12-11 10:02:45,360 [INFO] [开始读取数据库表：sales_data]
2025-12-11 10:02:52,379 [INFO] [成功读取表 sales_data，数据行数：28009]
2025-12-11 10:02:54,439 [INFO] [开始读取数据库表：jingpin_data]
2025-12-11 10:02:54,807 [INFO] [成功读取表 jingpin_data，数据行数：5098]
2025-12-11 10:02:54,887 [INFO] [开始读取数据库表：inventory_data]
2025-12-11 10:02:55,408 [INFO] [成功读取表 inventory_data，数据行数：5258]
2025-12-11 10:02:55,408 [INFO] [开始读取数据库表：tuiding_data]
2025-12-11 10:02:55,670 [INFO] [成功读取表 tuiding_data，数据行数：4587]
2025-12-11 10:02:55,670 [INFO] [开始读取数据库表：debit_data]
2025-12-11 10:02:57,840 [INFO] [成功读取表 debit_data，数据行数：26470]
2025-12-11 10:02:58,235 [INFO] [开始读取数据库表：sales_invoice_data]
2025-12-11 10:02:59,763 [INFO] [成功读取表 sales_invoice_data，数据行数：20433]
2025-12-11 10:28:34,848 [INFO] [数据库引擎创建成功]
2025-12-11 10:28:34,848 [INFO] [开始读取数据库表：order_data]
2025-12-11 10:28:36,816 [INFO] [成功读取表 order_data，数据行数：25401]
2025-12-11 10:28:37,151 [INFO] [开始读取数据库表：sales_data]
2025-12-11 10:28:43,912 [INFO] [成功读取表 sales_data，数据行数：28011]
2025-12-11 10:28:45,917 [INFO] [开始读取数据库表：jingpin_data]
2025-12-11 10:28:46,265 [INFO] [成功读取表 jingpin_data，数据行数：5098]
2025-12-11 10:28:46,345 [INFO] [开始读取数据库表：inventory_data]
2025-12-11 10:28:46,848 [INFO] [成功读取表 inventory_data，数据行数：5258]
2025-12-11 10:28:46,849 [INFO] [开始读取数据库表：tuiding_data]
2025-12-11 10:28:47,091 [INFO] [成功读取表 tuiding_data，数据行数：4587]
2025-12-11 10:28:47,091 [INFO] [开始读取数据库表：debit_data]
2025-12-11 10:28:49,208 [INFO] [成功读取表 debit_data，数据行数：26470]
2025-12-11 10:28:49,649 [INFO] [开始读取数据库表：sales_invoice_data]
2025-12-11 10:28:51,152 [INFO] [成功读取表 sales_invoice_data，数据行数：20433]
2025-12-11 10:58:08,864 [INFO] [数据库引擎创建成功]
2025-12-11 10:58:08,865 [INFO] [开始读取数据库表：order_data]
2025-12-11 10:58:10,775 [INFO] [成功读取表 order_data，数据行数：25401]
2025-12-11 10:58:11,153 [INFO] [开始读取数据库表：sales_data]
2025-12-11 10:58:18,251 [INFO] [成功读取表 sales_data，数据行数：28018]
2025-12-11 10:58:20,412 [INFO] [开始读取数据库表：jingpin_data]
2025-12-11 10:58:20,785 [INFO] [成功读取表 jingpin_data，数据行数：5098]
2025-12-11 10:58:20,862 [INFO] [开始读取数据库表：inventory_data]
2025-12-11 10:58:21,366 [INFO] [成功读取表 inventory_data，数据行数：5252]
2025-12-11 10:58:21,367 [INFO] [开始读取数据库表：tuiding_data]
2025-12-11 10:58:21,625 [INFO] [成功读取表 tuiding_data，数据行数：4587]
2025-12-11 10:58:21,625 [INFO] [开始读取数据库表：debit_data]
2025-12-11 10:58:23,772 [INFO] [成功读取表 debit_data，数据行数：26470]
2025-12-11 10:58:24,183 [INFO] [开始读取数据库表：sales_invoice_data]
2025-12-11 10:58:25,694 [INFO] [成功读取表 sales_invoice_data，数据行数：20442]
2025-12-11 11:43:59,759 [INFO] [数据库引擎创建成功]
2025-12-11 11:43:59,759 [INFO] [开始读取数据库表：order_data]
2025-12-11 11:44:01,647 [INFO] [成功读取表 order_data，数据行数：25401]
2025-12-11 11:44:01,999 [INFO] [开始读取数据库表：sales_data]
2025-12-11 11:44:08,855 [INFO] [成功读取表 sales_data，数据行数：28023]
2025-12-11 11:44:10,983 [INFO] [开始读取数据库表：jingpin_data]
2025-12-11 11:44:11,346 [INFO] [成功读取表 jingpin_data，数据行数：5098]
2025-12-11 11:44:11,416 [INFO] [开始读取数据库表：inventory_data]
2025-12-11 11:44:11,922 [INFO] [成功读取表 inventory_data，数据行数：5247]
2025-12-11 11:44:11,922 [INFO] [开始读取数据库表：tuiding_data]
2025-12-11 11:44:12,178 [INFO] [成功读取表 tuiding_data，数据行数：4587]
2025-12-11 11:44:12,178 [INFO] [开始读取数据库表：debit_data]
2025-12-11 11:44:14,325 [INFO] [成功读取表 debit_data，数据行数：26470]
2025-12-11 11:44:14,743 [INFO] [开始读取数据库表：sales_invoice_data]
2025-12-11 11:44:16,265 [INFO] [成功读取表 sales_invoice_data，数据行数：20447]
2025-12-11 11:58:08,035 [INFO] [数据库引擎创建成功]
2025-12-11 11:58:08,035 [INFO] [开始读取数据库表：order_data]
2025-12-11 11:58:12,899 [INFO] [成功读取表 order_data，数据行数：25401]
2025-12-11 11:58:14,967 [INFO] [开始读取数据库表：sales_data]
2025-12-11 11:58:22,945 [INFO] [成功读取表 sales_data，数据行数：28030]
2025-12-11 11:58:25,319 [INFO] [开始读取数据库表：jingpin_data]
2025-12-11 11:58:25,654 [INFO] [成功读取表 jingpin_data，数据行数：5098]
2025-12-11 11:58:25,724 [INFO] [开始读取数据库表：inventory_data]
2025-12-11 11:58:26,197 [INFO] [成功读取表 inventory_data，数据行数：5240]
2025-12-11 11:58:26,197 [INFO] [开始读取数据库表：tuiding_data]
2025-12-11 11:58:26,448 [INFO] [成功读取表 tuiding_data，数据行数：4587]
2025-12-11 11:58:26,449 [INFO] [开始读取数据库表：debit_data]
2025-12-11 11:58:28,591 [INFO] [成功读取表 debit_data，数据行数：26470]
2025-12-11 11:58:28,996 [INFO] [开始读取数据库表：sales_invoice_data]
2025-12-11 11:58:30,503 [INFO] [成功读取表 sales_invoice_data，数据行数：20454]
2025-12-11 12:27:44,265 [INFO] [数据库引擎创建成功]
2025-12-11 12:27:44,265 [INFO] [开始读取数据库表：order_data]
2025-12-11 12:27:46,038 [INFO] [成功读取表 order_data，数据行数：25400]
2025-12-11 12:27:46,388 [INFO] [开始读取数据库表：sales_data]
2025-12-11 12:27:52,688 [INFO] [成功读取表 sales_data，数据行数：28035]
2025-12-11 12:27:54,657 [INFO] [开始读取数据库表：jingpin_data]
2025-12-11 12:27:54,997 [INFO] [成功读取表 jingpin_data，数据行数：5098]
2025-12-11 12:27:55,090 [INFO] [开始读取数据库表：inventory_data]
2025-12-11 12:27:55,609 [INFO] [成功读取表 inventory_data，数据行数：5234]
2025-12-11 12:27:55,609 [INFO] [开始读取数据库表：tuiding_data]
2025-12-11 12:27:55,864 [INFO] [成功读取表 tuiding_data，数据行数：4588]
2025-12-11 12:27:55,864 [INFO] [开始读取数据库表：debit_data]
2025-12-11 12:27:57,924 [INFO] [成功读取表 debit_data，数据行数：26520]
2025-12-11 12:27:58,321 [INFO] [开始读取数据库表：sales_invoice_data]
2025-12-11 12:27:59,767 [INFO] [成功读取表 sales_invoice_data，数据行数：20459]
2025-12-11 13:52:41,854 [INFO] [数据库引擎创建成功]
2025-12-11 13:52:41,855 [INFO] [开始读取数据库表：order_data]
2025-12-11 13:52:43,802 [INFO] [成功读取表 order_data，数据行数：25400]
2025-12-11 13:52:44,157 [INFO] [开始读取数据库表：sales_data]
2025-12-11 13:52:51,216 [INFO] [成功读取表 sales_data，数据行数：28040]
2025-12-11 13:52:53,339 [INFO] [开始读取数据库表：jingpin_data]
2025-12-11 13:52:53,727 [INFO] [成功读取表 jingpin_data，数据行数：5098]
2025-12-11 13:52:53,803 [INFO] [开始读取数据库表：inventory_data]
2025-12-11 13:52:54,320 [INFO] [成功读取表 inventory_data，数据行数：5230]
2025-12-11 13:52:54,320 [INFO] [开始读取数据库表：tuiding_data]
2025-12-11 13:52:54,591 [INFO] [成功读取表 tuiding_data，数据行数：4588]
2025-12-11 13:52:54,592 [INFO] [开始读取数据库表：debit_data]
2025-12-11 13:52:56,758 [INFO] [成功读取表 debit_data，数据行数：26520]
2025-12-11 13:52:57,134 [INFO] [开始读取数据库表：sales_invoice_data]
2025-12-11 13:52:58,636 [INFO] [成功读取表 sales_invoice_data，数据行数：20464]
2025-12-11 14:30:15,108 [INFO] [数据库引擎创建成功]
2025-12-11 14:30:15,108 [INFO] [开始读取数据库表：order_data]
2025-12-11 14:30:17,098 [INFO] [成功读取表 order_data，数据行数：25400]
2025-12-11 14:30:17,468 [INFO] [开始读取数据库表：sales_data]
2025-12-11 14:30:24,526 [INFO] [成功读取表 sales_data，数据行数：28072]
2025-12-11 14:30:26,866 [INFO] [开始读取数据库表：jingpin_data]
2025-12-11 14:30:27,257 [INFO] [成功读取表 jingpin_data，数据行数：5098]
2025-12-11 14:30:27,322 [INFO] [开始读取数据库表：inventory_data]
2025-12-11 14:30:27,861 [INFO] [成功读取表 inventory_data，数据行数：5198]
2025-12-11 14:30:27,861 [INFO] [开始读取数据库表：tuiding_data]
2025-12-11 14:30:28,123 [INFO] [成功读取表 tuiding_data，数据行数：4588]
2025-12-11 14:30:28,123 [INFO] [开始读取数据库表：debit_data]
2025-12-11 14:30:30,389 [INFO] [成功读取表 debit_data，数据行数：26520]
2025-12-11 14:30:30,807 [INFO] [开始读取数据库表：sales_invoice_data]
2025-12-11 14:30:32,350 [INFO] [成功读取表 sales_invoice_data，数据行数：20496]
2025-12-11 15:10:09,265 [INFO] [数据库引擎创建成功]
2025-12-11 15:10:09,266 [INFO] [开始读取数据库表：order_data]
2025-12-11 15:10:11,130 [INFO] [成功读取表 order_data，数据行数：25397]
2025-12-11 15:10:11,473 [INFO] [开始读取数据库表：sales_data]
2025-12-11 15:10:17,998 [INFO] [成功读取表 sales_data，数据行数：28081]
2025-12-11 15:10:20,001 [INFO] [开始读取数据库表：jingpin_data]
2025-12-11 15:10:20,359 [INFO] [成功读取表 jingpin_data，数据行数：5098]
2025-12-11 15:10:20,432 [INFO] [开始读取数据库表：inventory_data]
2025-12-11 15:10:20,923 [INFO] [成功读取表 inventory_data，数据行数：5188]
2025-12-11 15:10:20,924 [INFO] [开始读取数据库表：tuiding_data]
2025-12-11 15:10:21,178 [INFO] [成功读取表 tuiding_data，数据行数：4591]
2025-12-11 15:10:21,179 [INFO] [开始读取数据库表：debit_data]
2025-12-11 15:10:23,248 [INFO] [成功读取表 debit_data，数据行数：26520]
2025-12-11 15:10:23,664 [INFO] [开始读取数据库表：sales_invoice_data]
2025-12-11 15:10:25,158 [INFO] [成功读取表 sales_invoice_data，数据行数：20506]
2025-12-11 15:28:48,562 [INFO] [数据库引擎创建成功]
2025-12-11 15:28:48,563 [INFO] [开始读取数据库表：order_data]
2025-12-11 15:28:50,466 [INFO] [成功读取表 order_data，数据行数：25397]
2025-12-11 15:28:50,838 [INFO] [开始读取数据库表：sales_data]
2025-12-11 15:28:57,829 [INFO] [成功读取表 sales_data，数据行数：28089]
2025-12-11 15:28:59,813 [INFO] [开始读取数据库表：jingpin_data]
2025-12-11 15:29:00,239 [INFO] [成功读取表 jingpin_data，数据行数：5098]
2025-12-11 15:29:00,330 [INFO] [开始读取数据库表：inventory_data]
2025-12-11 15:29:00,855 [INFO] [成功读取表 inventory_data，数据行数：5181]
2025-12-11 15:29:00,855 [INFO] [开始读取数据库表：tuiding_data]
2025-12-11 15:29:01,112 [INFO] [成功读取表 tuiding_data，数据行数：4591]
2025-12-11 15:29:01,112 [INFO] [开始读取数据库表：debit_data]
2025-12-11 15:29:03,267 [INFO] [成功读取表 debit_data，数据行数：26520]
2025-12-11 15:29:03,672 [INFO] [开始读取数据库表：sales_invoice_data]
2025-12-11 15:29:05,172 [INFO] [成功读取表 sales_invoice_data，数据行数：20514]
2025-12-11 15:57:55,295 [INFO] [数据库引擎创建成功]
2025-12-11 15:57:55,296 [INFO] [开始读取数据库表：order_data]
2025-12-11 15:57:57,377 [INFO] [成功读取表 order_data，数据行数：25396]
2025-12-11 15:57:57,699 [INFO] [开始读取数据库表：sales_data]
2025-12-11 15:58:04,578 [INFO] [成功读取表 sales_data，数据行数：28095]
2025-12-11 15:58:06,739 [INFO] [开始读取数据库表：jingpin_data]
2025-12-11 15:58:07,234 [INFO] [成功读取表 jingpin_data，数据行数：5098]
2025-12-11 15:58:07,290 [INFO] [开始读取数据库表：inventory_data]
2025-12-11 15:58:07,816 [INFO] [成功读取表 inventory_data，数据行数：5175]
2025-12-11 15:58:07,816 [INFO] [开始读取数据库表：tuiding_data]
2025-12-11 15:58:08,093 [INFO] [成功读取表 tuiding_data，数据行数：4592]
2025-12-11 15:58:08,093 [INFO] [开始读取数据库表：debit_data]
2025-12-11 15:58:10,384 [INFO] [成功读取表 debit_data，数据行数：26520]
2025-12-11 15:58:10,779 [INFO] [开始读取数据库表：sales_invoice_data]
2025-12-11 15:58:12,721 [INFO] [成功读取表 sales_invoice_data，数据行数：20520]
2025-12-11 16:27:50,383 [INFO] [数据库引擎创建成功]
2025-12-11 16:27:50,384 [INFO] [开始读取数据库表：order_data]
2025-12-11 16:27:52,565 [INFO] [成功读取表 order_data，数据行数：25396]
2025-12-11 16:27:52,986 [INFO] [开始读取数据库表：sales_data]
2025-12-11 16:28:01,090 [INFO] [成功读取表 sales_data，数据行数：28106]
2025-12-11 16:28:03,708 [INFO] [开始读取数据库表：jingpin_data]
2025-12-11 16:28:04,126 [INFO] [成功读取表 jingpin_data，数据行数：5098]
2025-12-11 16:28:04,217 [INFO] [开始读取数据库表：inventory_data]
2025-12-11 16:28:04,830 [INFO] [成功读取表 inventory_data，数据行数：5167]
2025-12-11 16:28:04,830 [INFO] [开始读取数据库表：tuiding_data]
2025-12-11 16:28:05,104 [INFO] [成功读取表 tuiding_data，数据行数：4592]
2025-12-11 16:28:05,104 [INFO] [开始读取数据库表：debit_data]
2025-12-11 16:28:07,586 [INFO] [成功读取表 debit_data，数据行数：26520]
2025-12-11 16:28:08,095 [INFO] [开始读取数据库表：sales_invoice_data]
2025-12-11 16:28:09,857 [INFO] [成功读取表 sales_invoice_data，数据行数：20528]
2025-12-11 16:58:23,060 [INFO] [数据库引擎创建成功]
2025-12-11 16:58:23,061 [INFO] [开始读取数据库表：order_data]
2025-12-11 16:58:25,080 [INFO] [成功读取表 order_data，数据行数：25395]
2025-12-11 16:58:25,509 [INFO] [开始读取数据库表：sales_data]
2025-12-11 16:58:32,801 [INFO] [成功读取表 sales_data，数据行数：28116]
2025-12-11 16:58:35,044 [INFO] [开始读取数据库表：jingpin_data]
2025-12-11 16:58:35,440 [INFO] [成功读取表 jingpin_data，数据行数：5098]
2025-12-11 16:58:35,516 [INFO] [开始读取数据库表：inventory_data]
2025-12-11 16:58:36,018 [INFO] [成功读取表 inventory_data，数据行数：5167]
2025-12-11 16:58:36,018 [INFO] [开始读取数据库表：tuiding_data]
2025-12-11 16:58:36,265 [INFO] [成功读取表 tuiding_data，数据行数：4593]
2025-12-11 16:58:36,265 [INFO] [开始读取数据库表：debit_data]
2025-12-11 16:58:38,513 [INFO] [成功读取表 debit_data，数据行数：26520]
2025-12-11 16:58:38,980 [INFO] [开始读取数据库表：sales_invoice_data]
2025-12-11 16:58:40,673 [INFO] [成功读取表 sales_invoice_data，数据行数：20537]
2025-12-11 17:27:35,885 [INFO] [数据库引擎创建成功]
2025-12-11 17:27:35,886 [INFO] [开始读取数据库表：order_data]
2025-12-11 17:27:37,835 [INFO] [成功读取表 order_data，数据行数：25394]
2025-12-11 17:27:38,216 [INFO] [开始读取数据库表：sales_data]
2025-12-11 17:27:45,582 [INFO] [成功读取表 sales_data，数据行数：28128]
2025-12-11 17:27:47,957 [INFO] [开始读取数据库表：jingpin_data]
2025-12-11 17:27:48,300 [INFO] [成功读取表 jingpin_data，数据行数：5098]
2025-12-11 17:27:48,372 [INFO] [开始读取数据库表：inventory_data]
2025-12-11 17:27:48,901 [INFO] [成功读取表 inventory_data，数据行数：5146]
2025-12-11 17:27:48,901 [INFO] [开始读取数据库表：tuiding_data]
2025-12-11 17:27:49,192 [INFO] [成功读取表 tuiding_data，数据行数：4594]
2025-12-11 17:27:49,192 [INFO] [开始读取数据库表：debit_data]
2025-12-11 17:27:51,392 [INFO] [成功读取表 debit_data，数据行数：26520]
2025-12-11 17:27:51,798 [INFO] [开始读取数据库表：sales_invoice_data]
2025-12-11 17:27:53,371 [INFO] [成功读取表 sales_invoice_data，数据行数：20548]
2025-12-11 17:57:33,530 [INFO] [数据库引擎创建成功]
2025-12-11 17:57:33,530 [INFO] [开始读取数据库表：order_data]
2025-12-11 17:57:35,674 [INFO] [成功读取表 order_data，数据行数：25392]
2025-12-11 17:57:36,066 [INFO] [开始读取数据库表：sales_data]
2025-12-11 17:57:43,791 [INFO] [成功读取表 sales_data，数据行数：28161]
2025-12-11 17:57:46,135 [INFO] [开始读取数据库表：jingpin_data]
2025-12-11 17:57:46,497 [INFO] [成功读取表 jingpin_data，数据行数：5098]
2025-12-11 17:57:46,584 [INFO] [开始读取数据库表：inventory_data]
2025-12-11 17:57:47,192 [INFO] [成功读取表 inventory_data，数据行数：5126]
2025-12-11 17:57:47,192 [INFO] [开始读取数据库表：tuiding_data]
2025-12-11 17:57:47,478 [INFO] [成功读取表 tuiding_data，数据行数：4596]
2025-12-11 17:57:47,478 [INFO] [开始读取数据库表：debit_data]
2025-12-11 17:57:49,955 [INFO] [成功读取表 debit_data，数据行数：26520]
2025-12-11 17:57:50,456 [INFO] [开始读取数据库表：sales_invoice_data]
2025-12-11 17:57:52,218 [INFO] [成功读取表 sales_invoice_data，数据行数：20565]
2025-12-11 18:27:13,287 [INFO] [数据库引擎创建成功]
2025-12-11 18:27:13,288 [INFO] [开始读取数据库表：order_data]
2025-12-11 18:27:15,292 [INFO] [成功读取表 order_data，数据行数：25392]
2025-12-11 18:27:15,673 [INFO] [开始读取数据库表：sales_data]
2025-12-11 18:27:23,170 [INFO] [成功读取表 sales_data，数据行数：28165]
2025-12-11 18:27:25,638 [INFO] [开始读取数据库表：jingpin_data]
2025-12-11 18:27:26,030 [INFO] [成功读取表 jingpin_data，数据行数：5098]
2025-12-11 18:27:26,111 [INFO] [开始读取数据库表：inventory_data]
2025-12-11 18:27:26,645 [INFO] [成功读取表 inventory_data，数据行数：5124]
2025-12-11 18:27:26,646 [INFO] [开始读取数据库表：tuiding_data]
2025-12-11 18:27:26,931 [INFO] [成功读取表 tuiding_data，数据行数：4596]
2025-12-11 18:27:26,931 [INFO] [开始读取数据库表：debit_data]
2025-12-11 18:27:29,185 [INFO] [成功读取表 debit_data，数据行数：26520]
2025-12-11 18:27:29,642 [INFO] [开始读取数据库表：sales_invoice_data]
2025-12-11 18:27:31,337 [INFO] [成功读取表 sales_invoice_data，数据行数：20569]
2025-12-11 18:57:20,855 [INFO] [数据库引擎创建成功]
2025-12-11 18:57:20,856 [INFO] [开始读取数据库表：order_data]
2025-12-11 18:57:22,916 [INFO] [成功读取表 order_data，数据行数：25389]
2025-12-11 18:57:23,313 [INFO] [开始读取数据库表：sales_data]
2025-12-11 18:57:31,168 [INFO] [成功读取表 sales_data，数据行数：28165]
2025-12-11 18:57:33,689 [INFO] [开始读取数据库表：jingpin_data]
2025-12-11 18:57:34,104 [INFO] [成功读取表 jingpin_data，数据行数：5098]
2025-12-11 18:57:34,182 [INFO] [开始读取数据库表：inventory_data]
2025-12-11 18:57:34,737 [INFO] [成功读取表 inventory_data，数据行数：5124]
2025-12-11 18:57:34,737 [INFO] [开始读取数据库表：tuiding_data]
2025-12-11 18:57:35,012 [INFO] [成功读取表 tuiding_data，数据行数：4599]
2025-12-11 18:57:35,012 [INFO] [开始读取数据库表：debit_data]
2025-12-11 18:57:37,397 [INFO] [成功读取表 debit_data，数据行数：26520]
2025-12-11 18:57:37,841 [INFO] [开始读取数据库表：sales_invoice_data]
2025-12-11 18:57:39,474 [INFO] [成功读取表 sales_invoice_data，数据行数：20569]
2025-12-11 19:27:33,598 [INFO] [数据库引擎创建成功]
2025-12-11 19:27:33,598 [INFO] [开始读取数据库表：order_data]
2025-12-11 19:27:35,596 [INFO] [成功读取表 order_data，数据行数：25389]
2025-12-11 19:27:35,977 [INFO] [开始读取数据库表：sales_data]
2025-12-11 19:27:43,007 [INFO] [成功读取表 sales_data，数据行数：28165]
2025-12-11 19:27:45,191 [INFO] [开始读取数据库表：jingpin_data]
2025-12-11 19:27:45,574 [INFO] [成功读取表 jingpin_data，数据行数：5098]
2025-12-11 19:27:45,653 [INFO] [开始读取数据库表：inventory_data]
2025-12-11 19:27:46,142 [INFO] [成功读取表 inventory_data，数据行数：5124]
2025-12-11 19:27:46,142 [INFO] [开始读取数据库表：tuiding_data]
2025-12-11 19:27:46,417 [INFO] [成功读取表 tuiding_data，数据行数：4599]
2025-12-11 19:27:46,417 [INFO] [开始读取数据库表：debit_data]
2025-12-11 19:27:48,512 [INFO] [成功读取表 debit_data，数据行数：26520]
2025-12-11 19:27:48,905 [INFO] [开始读取数据库表：sales_invoice_data]
2025-12-11 19:27:50,290 [INFO] [成功读取表 sales_invoice_data，数据行数：20569]
2025-12-11 19:57:18,511 [INFO] [数据库引擎创建成功]
2025-12-11 19:57:18,511 [INFO] [开始读取数据库表：order_data]
2025-12-11 19:57:20,524 [INFO] [成功读取表 order_data，数据行数：25389]
2025-12-11 19:57:20,934 [INFO] [开始读取数据库表：sales_data]
2025-12-11 19:57:28,655 [INFO] [成功读取表 sales_data，数据行数：28165]
2025-12-11 19:57:31,092 [INFO] [开始读取数据库表：jingpin_data]
2025-12-11 19:57:31,482 [INFO] [成功读取表 jingpin_data，数据行数：5098]
2025-12-11 19:57:31,564 [INFO] [开始读取数据库表：inventory_data]
2025-12-11 19:57:32,119 [INFO] [成功读取表 inventory_data，数据行数：5124]
2025-12-11 19:57:32,120 [INFO] [开始读取数据库表：tuiding_data]
2025-12-11 19:57:32,392 [INFO] [成功读取表 tuiding_data，数据行数：4599]
2025-12-11 19:57:32,392 [INFO] [开始读取数据库表：debit_data]
2025-12-11 19:57:34,749 [INFO] [成功读取表 debit_data，数据行数：26520]
2025-12-11 19:57:35,258 [INFO] [开始读取数据库表：sales_invoice_data]
2025-12-11 19:57:36,905 [INFO] [成功读取表 sales_invoice_data，数据行数：20569]
2025-12-11 20:27:17,602 [INFO] [数据库引擎创建成功]
2025-12-11 20:27:17,603 [INFO] [开始读取数据库表：order_data]
2025-12-11 20:27:19,582 [INFO] [成功读取表 order_data，数据行数：25389]
2025-12-11 20:27:19,989 [INFO] [开始读取数据库表：sales_data]
2025-12-11 20:27:27,486 [INFO] [成功读取表 sales_data，数据行数：28165]
2025-12-11 20:27:29,892 [INFO] [开始读取数据库表：jingpin_data]
2025-12-11 20:27:30,301 [INFO] [成功读取表 jingpin_data，数据行数：5098]
2025-12-11 20:27:30,395 [INFO] [开始读取数据库表：inventory_data]
2025-12-11 20:27:30,925 [INFO] [成功读取表 inventory_data，数据行数：5124]
2025-12-11 20:27:30,926 [INFO] [开始读取数据库表：tuiding_data]
2025-12-11 20:27:31,187 [INFO] [成功读取表 tuiding_data，数据行数：4599]
2025-12-11 20:27:31,188 [INFO] [开始读取数据库表：debit_data]
2025-12-11 20:27:33,560 [INFO] [成功读取表 debit_data，数据行数：26520]
2025-12-11 20:27:33,992 [INFO] [开始读取数据库表：sales_invoice_data]
2025-12-11 20:27:35,606 [INFO] [成功读取表 sales_invoice_data，数据行数：20569]
2025-12-11 20:57:20,310 [INFO] [数据库引擎创建成功]
2025-12-11 20:57:20,311 [INFO] [开始读取数据库表：order_data]
2025-12-11 20:57:22,370 [INFO] [成功读取表 order_data，数据行数：25389]
2025-12-11 20:57:22,757 [INFO] [开始读取数据库表：sales_data]
2025-12-11 20:57:30,610 [INFO] [成功读取表 sales_data，数据行数：28165]
2025-12-11 20:57:33,082 [INFO] [开始读取数据库表：jingpin_data]
2025-12-11 20:57:33,489 [INFO] [成功读取表 jingpin_data，数据行数：5098]
2025-12-11 20:57:33,578 [INFO] [开始读取数据库表：inventory_data]
2025-12-11 20:57:34,178 [INFO] [成功读取表 inventory_data，数据行数：5124]
2025-12-11 20:57:34,178 [INFO] [开始读取数据库表：tuiding_data]
2025-12-11 20:57:34,512 [INFO] [成功读取表 tuiding_data，数据行数：4599]
2025-12-11 20:57:34,512 [INFO] [开始读取数据库表：debit_data]
2025-12-11 20:57:37,018 [INFO] [成功读取表 debit_data，数据行数：26520]
2025-12-11 20:57:37,490 [INFO] [开始读取数据库表：sales_invoice_data]
2025-12-11 20:57:39,192 [INFO] [成功读取表 sales_invoice_data，数据行数：20569]
2025-12-11 21:27:23,694 [INFO] [数据库引擎创建成功]
2025-12-11 21:27:23,694 [INFO] [开始读取数据库表：order_data]
2025-12-11 21:27:25,645 [INFO] [成功读取表 order_data，数据行数：25389]
2025-12-11 21:27:26,042 [INFO] [开始读取数据库表：sales_data]
2025-12-11 21:27:33,539 [INFO] [成功读取表 sales_data，数据行数：28165]
2025-12-11 21:27:35,891 [INFO] [开始读取数据库表：jingpin_data]
2025-12-11 21:27:36,253 [INFO] [成功读取表 jingpin_data，数据行数：5098]
2025-12-11 21:27:36,332 [INFO] [开始读取数据库表：inventory_data]
2025-12-11 21:27:36,904 [INFO] [成功读取表 inventory_data，数据行数：5153]
2025-12-11 21:27:36,905 [INFO] [开始读取数据库表：tuiding_data]
2025-12-11 21:27:37,165 [INFO] [成功读取表 tuiding_data，数据行数：4599]
2025-12-11 21:27:37,165 [INFO] [开始读取数据库表：debit_data]
2025-12-11 21:27:39,413 [INFO] [成功读取表 debit_data，数据行数：26550]
2025-12-11 21:27:39,857 [INFO] [开始读取数据库表：sales_invoice_data]
2025-12-11 21:27:41,458 [INFO] [成功读取表 sales_invoice_data，数据行数：20569]
2025-12-11 21:57:21,914 [INFO] [数据库引擎创建成功]
2025-12-11 21:57:21,914 [INFO] [开始读取数据库表：order_data]
2025-12-11 21:57:23,846 [INFO] [成功读取表 order_data，数据行数：25389]
2025-12-11 21:57:24,239 [INFO] [开始读取数据库表：sales_data]
2025-12-11 21:57:31,942 [INFO] [成功读取表 sales_data，数据行数：28165]
2025-12-11 21:57:34,359 [INFO] [开始读取数据库表：jingpin_data]
2025-12-11 21:57:34,766 [INFO] [成功读取表 jingpin_data，数据行数：5098]
2025-12-11 21:57:34,848 [INFO] [开始读取数据库表：inventory_data]
2025-12-11 21:57:35,378 [INFO] [成功读取表 inventory_data，数据行数：5153]
2025-12-11 21:57:35,379 [INFO] [开始读取数据库表：tuiding_data]
2025-12-11 21:57:35,653 [INFO] [成功读取表 tuiding_data，数据行数：4599]
2025-12-11 21:57:35,653 [INFO] [开始读取数据库表：debit_data]
2025-12-11 21:57:37,973 [INFO] [成功读取表 debit_data，数据行数：26578]
2025-12-11 21:57:38,408 [INFO] [开始读取数据库表：sales_invoice_data]
2025-12-11 21:57:40,028 [INFO] [成功读取表 sales_invoice_data，数据行数：20569]
2025-12-11 22:27:22,195 [INFO] [数据库引擎创建成功]
2025-12-11 22:27:22,196 [INFO] [开始读取数据库表：order_data]
2025-12-11 22:27:24,290 [INFO] [成功读取表 order_data，数据行数：25385]
2025-12-11 22:27:24,692 [INFO] [开始读取数据库表：sales_data]
2025-12-11 22:27:32,306 [INFO] [成功读取表 sales_data，数据行数：28164]
2025-12-11 22:27:34,673 [INFO] [开始读取数据库表：jingpin_data]
2025-12-11 22:27:35,070 [INFO] [成功读取表 jingpin_data，数据行数：5098]
2025-12-11 22:27:35,152 [INFO] [开始读取数据库表：inventory_data]
2025-12-11 22:27:35,690 [INFO] [成功读取表 inventory_data，数据行数：5153]
2025-12-11 22:27:35,691 [INFO] [开始读取数据库表：tuiding_data]
2025-12-11 22:27:35,971 [INFO] [成功读取表 tuiding_data，数据行数：4603]
2025-12-11 22:27:35,971 [INFO] [开始读取数据库表：debit_data]
2025-12-11 22:27:38,199 [INFO] [成功读取表 debit_data，数据行数：26578]
2025-12-11 22:27:38,653 [INFO] [开始读取数据库表：sales_invoice_data]
2025-12-11 22:27:40,304 [INFO] [成功读取表 sales_invoice_data，数据行数：20569]
2025-12-11 22:57:01,847 [INFO] [数据库引擎创建成功]
2025-12-11 22:57:01,847 [INFO] [开始读取数据库表：order_data]
2025-12-11 22:57:03,871 [INFO] [成功读取表 order_data，数据行数：25381]
2025-12-11 22:57:04,292 [INFO] [开始读取数据库表：sales_data]
2025-12-11 22:57:11,816 [INFO] [成功读取表 sales_data，数据行数：28164]
2025-12-11 22:57:14,107 [INFO] [开始读取数据库表：jingpin_data]
2025-12-11 22:57:14,517 [INFO] [成功读取表 jingpin_data，数据行数：5098]
2025-12-11 22:57:14,600 [INFO] [开始读取数据库表：inventory_data]
2025-12-11 22:57:15,155 [INFO] [成功读取表 inventory_data，数据行数：5153]
2025-12-11 22:57:15,155 [INFO] [开始读取数据库表：tuiding_data]
2025-12-11 22:57:15,420 [INFO] [成功读取表 tuiding_data，数据行数：4607]
2025-12-11 22:57:15,420 [INFO] [开始读取数据库表：debit_data]
2025-12-11 22:57:17,670 [INFO] [成功读取表 debit_data，数据行数：26578]
2025-12-11 22:57:18,143 [INFO] [开始读取数据库表：sales_invoice_data]
2025-12-11 22:57:19,776 [INFO] [成功读取表 sales_invoice_data，数据行数：20569]
2025-12-11 23:27:00,061 [INFO] [数据库引擎创建成功]
2025-12-11 23:27:00,061 [INFO] [开始读取数据库表：order_data]
2025-12-11 23:27:02,082 [INFO] [成功读取表 order_data，数据行数：25381]
2025-12-11 23:27:02,481 [INFO] [开始读取数据库表：sales_data]
2025-12-11 23:27:10,277 [INFO] [成功读取表 sales_data，数据行数：28164]
2025-12-11 23:27:12,693 [INFO] [开始读取数据库表：jingpin_data]
2025-12-11 23:27:13,098 [INFO] [成功读取表 jingpin_data，数据行数：5098]
2025-12-11 23:27:13,174 [INFO] [开始读取数据库表：inventory_data]
2025-12-11 23:27:13,680 [INFO] [成功读取表 inventory_data，数据行数：5153]
2025-12-11 23:27:13,680 [INFO] [开始读取数据库表：tuiding_data]
2025-12-11 23:27:13,968 [INFO] [成功读取表 tuiding_data，数据行数：4607]
2025-12-11 23:27:13,969 [INFO] [开始读取数据库表：debit_data]
2025-12-11 23:27:16,302 [INFO] [成功读取表 debit_data，数据行数：26578]
2025-12-11 23:27:16,766 [INFO] [开始读取数据库表：sales_invoice_data]
2025-12-11 23:27:18,462 [INFO] [成功读取表 sales_invoice_data，数据行数：20569]
2025-12-11 23:57:00,545 [INFO] [数据库引擎创建成功]
2025-12-11 23:57:00,546 [INFO] [开始读取数据库表：order_data]
2025-12-11 23:57:02,526 [INFO] [成功读取表 order_data，数据行数：25381]
2025-12-11 23:57:02,893 [INFO] [开始读取数据库表：sales_data]
2025-12-11 23:57:10,698 [INFO] [成功读取表 sales_data，数据行数：28164]
2025-12-11 23:57:13,108 [INFO] [开始读取数据库表：jingpin_data]
2025-12-11 23:57:13,512 [INFO] [成功读取表 jingpin_data，数据行数：5098]
2025-12-11 23:57:13,592 [INFO] [开始读取数据库表：inventory_data]
2025-12-11 23:57:14,140 [INFO] [成功读取表 inventory_data，数据行数：5153]
2025-12-11 23:57:14,140 [INFO] [开始读取数据库表：tuiding_data]
2025-12-11 23:57:14,410 [INFO] [成功读取表 tuiding_data，数据行数：4607]
2025-12-11 23:57:14,410 [INFO] [开始读取数据库表：debit_data]
2025-12-11 23:57:16,784 [INFO] [成功读取表 debit_data，数据行数：26578]
2025-12-11 23:57:17,231 [INFO] [开始读取数据库表：sales_invoice_data]
2025-12-11 23:57:18,875 [INFO] [成功读取表 sales_invoice_data，数据行数：20569]
