2025-11-05 05:03:33,026 [INFO] [数据库引擎创建成功]
2025-11-05 05:03:33,026 [INFO] [开始读取数据库表：order_data]
2025-11-05 05:03:33,584 [INFO] [成功读取表 order_data，数据行数：22374]
2025-11-05 05:03:33,770 [INFO] [开始读取数据库表：sales_data]
2025-11-05 05:03:36,771 [INFO] [成功读取表 sales_data，数据行数：26534]
2025-11-05 05:03:37,780 [INFO] [开始读取数据库表：jingpin_data]
2025-11-05 05:03:37,906 [INFO] [成功读取表 jingpin_data，数据行数：4148]
2025-11-05 05:03:37,943 [INFO] [开始读取数据库表：inventory_data]
2025-11-05 05:03:38,163 [INFO] [成功读取表 inventory_data，数据行数：5657]
2025-11-05 05:03:38,163 [INFO] [开始读取数据库表：tuiding_data]
2025-11-05 05:03:38,239 [INFO] [成功读取表 tuiding_data，数据行数：3908]
2025-11-05 05:03:38,239 [INFO] [开始读取数据库表：debit_data]
2025-11-05 05:03:38,969 [INFO] [成功读取表 debit_data，数据行数：22099]
2025-11-05 05:03:39,151 [INFO] [开始读取数据库表：sales_invoice_data]
2025-11-05 05:03:39,648 [INFO] [成功读取表 sales_invoice_data，数据行数：20189]
2025-11-05 05:28:25,786 [INFO] [数据库引擎创建成功]
2025-11-05 05:28:25,786 [INFO] [开始读取数据库表：order_data]
2025-11-05 05:28:26,313 [INFO] [成功读取表 order_data，数据行数：22376]
2025-11-05 05:28:26,472 [INFO] [开始读取数据库表：sales_data]
2025-11-05 05:28:29,093 [INFO] [成功读取表 sales_data，数据行数：21628]
2025-11-05 05:28:30,052 [INFO] [开始读取数据库表：jingpin_data]
2025-11-05 05:28:30,157 [INFO] [成功读取表 jingpin_data，数据行数：4148]
2025-11-05 05:28:30,196 [INFO] [开始读取数据库表：inventory_data]
2025-11-05 05:28:30,397 [INFO] [成功读取表 inventory_data，数据行数：5657]
2025-11-05 05:28:30,397 [INFO] [开始读取数据库表：tuiding_data]
2025-11-05 05:28:30,478 [INFO] [成功读取表 tuiding_data，数据行数：3905]
2025-11-05 05:28:30,478 [INFO] [开始读取数据库表：debit_data]
2025-11-05 05:28:31,292 [INFO] [成功读取表 debit_data，数据行数：23710]
2025-11-05 05:28:31,462 [INFO] [开始读取数据库表：sales_invoice_data]
2025-11-05 05:28:31,970 [INFO] [成功读取表 sales_invoice_data，数据行数：21324]
2025-11-05 05:57:56,864 [INFO] [数据库引擎创建成功]
2025-11-05 05:57:56,865 [INFO] [开始读取数据库表：order_data]
2025-11-05 05:57:57,385 [INFO] [成功读取表 order_data，数据行数：22376]
2025-11-05 05:57:57,521 [INFO] [开始读取数据库表：sales_data]
2025-11-05 05:58:00,161 [INFO] [成功读取表 sales_data，数据行数：24338]
2025-11-05 05:58:01,159 [INFO] [开始读取数据库表：jingpin_data]
2025-11-05 05:58:01,270 [INFO] [成功读取表 jingpin_data，数据行数：4148]
2025-11-05 05:58:01,301 [INFO] [开始读取数据库表：inventory_data]
2025-11-05 05:58:01,466 [INFO] [成功读取表 inventory_data，数据行数：5657]
2025-11-05 05:58:01,467 [INFO] [开始读取数据库表：tuiding_data]
2025-11-05 05:58:01,535 [INFO] [成功读取表 tuiding_data，数据行数：3905]
2025-11-05 05:58:01,536 [INFO] [开始读取数据库表：debit_data]
2025-11-05 05:58:02,328 [INFO] [成功读取表 debit_data，数据行数：23710]
2025-11-05 05:58:02,528 [INFO] [开始读取数据库表：sales_invoice_data]
2025-11-05 05:58:03,063 [INFO] [成功读取表 sales_invoice_data，数据行数：21324]
2025-11-05 06:28:14,868 [INFO] [数据库引擎创建成功]
2025-11-05 06:28:14,868 [INFO] [开始读取数据库表：order_data]
2025-11-05 06:28:15,375 [INFO] [成功读取表 order_data，数据行数：22376]
2025-11-05 06:28:15,509 [INFO] [开始读取数据库表：sales_data]
2025-11-05 06:28:18,051 [INFO] [成功读取表 sales_data，数据行数：24338]
2025-11-05 06:28:18,924 [INFO] [开始读取数据库表：jingpin_data]
2025-11-05 06:28:19,021 [INFO] [成功读取表 jingpin_data，数据行数：4148]
2025-11-05 06:28:19,046 [INFO] [开始读取数据库表：inventory_data]
2025-11-05 06:28:19,207 [INFO] [成功读取表 inventory_data，数据行数：5657]
2025-11-05 06:28:19,208 [INFO] [开始读取数据库表：tuiding_data]
2025-11-05 06:28:19,267 [INFO] [成功读取表 tuiding_data，数据行数：3905]
2025-11-05 06:28:19,267 [INFO] [开始读取数据库表：debit_data]
2025-11-05 06:28:19,893 [INFO] [成功读取表 debit_data，数据行数：23710]
2025-11-05 06:28:20,044 [INFO] [开始读取数据库表：sales_invoice_data]
2025-11-05 06:28:20,555 [INFO] [成功读取表 sales_invoice_data，数据行数：21324]
2025-11-05 06:57:54,850 [INFO] [数据库引擎创建成功]
2025-11-05 06:57:54,850 [INFO] [开始读取数据库表：order_data]
2025-11-05 06:57:55,410 [INFO] [成功读取表 order_data，数据行数：22376]
2025-11-05 06:57:55,581 [INFO] [开始读取数据库表：sales_data]
2025-11-05 06:57:58,280 [INFO] [成功读取表 sales_data，数据行数：24338]
2025-11-05 06:57:59,193 [INFO] [开始读取数据库表：jingpin_data]
2025-11-05 06:57:59,284 [INFO] [成功读取表 jingpin_data，数据行数：4148]
2025-11-05 06:57:59,311 [INFO] [开始读取数据库表：inventory_data]
2025-11-05 06:57:59,511 [INFO] [成功读取表 inventory_data，数据行数：5657]
2025-11-05 06:57:59,511 [INFO] [开始读取数据库表：tuiding_data]
2025-11-05 06:57:59,567 [INFO] [成功读取表 tuiding_data，数据行数：3905]
2025-11-05 06:57:59,567 [INFO] [开始读取数据库表：debit_data]
2025-11-05 06:58:00,378 [INFO] [成功读取表 debit_data，数据行数：23710]
2025-11-05 06:58:00,534 [INFO] [开始读取数据库表：sales_invoice_data]
2025-11-05 06:58:01,000 [INFO] [成功读取表 sales_invoice_data，数据行数：21324]
2025-11-05 07:28:00,390 [INFO] [数据库引擎创建成功]
2025-11-05 07:28:00,391 [INFO] [开始读取数据库表：order_data]
2025-11-05 07:28:00,849 [INFO] [成功读取表 order_data，数据行数：22376]
2025-11-05 07:28:00,981 [INFO] [开始读取数据库表：sales_data]
2025-11-05 07:28:03,459 [INFO] [成功读取表 sales_data，数据行数：24338]
2025-11-05 07:28:04,310 [INFO] [开始读取数据库表：jingpin_data]
2025-11-05 07:28:04,402 [INFO] [成功读取表 jingpin_data，数据行数：4148]
2025-11-05 07:28:04,429 [INFO] [开始读取数据库表：inventory_data]
2025-11-05 07:28:04,604 [INFO] [成功读取表 inventory_data，数据行数：5657]
2025-11-05 07:28:04,604 [INFO] [开始读取数据库表：tuiding_data]
2025-11-05 07:28:04,672 [INFO] [成功读取表 tuiding_data，数据行数：3905]
2025-11-05 07:28:04,672 [INFO] [开始读取数据库表：debit_data]
2025-11-05 07:28:05,260 [INFO] [成功读取表 debit_data，数据行数：23710]
2025-11-05 07:28:05,433 [INFO] [开始读取数据库表：sales_invoice_data]
2025-11-05 07:28:05,967 [INFO] [成功读取表 sales_invoice_data，数据行数：21324]
2025-11-05 07:57:57,069 [INFO] [数据库引擎创建成功]
2025-11-05 07:57:57,069 [INFO] [开始读取数据库表：order_data]
2025-11-05 07:57:57,650 [INFO] [成功读取表 order_data，数据行数：22376]
2025-11-05 07:57:57,825 [INFO] [开始读取数据库表：sales_data]
2025-11-05 07:58:00,529 [INFO] [成功读取表 sales_data，数据行数：24338]
2025-11-05 07:58:01,522 [INFO] [开始读取数据库表：jingpin_data]
2025-11-05 07:58:01,614 [INFO] [成功读取表 jingpin_data，数据行数：4148]
2025-11-05 07:58:01,646 [INFO] [开始读取数据库表：inventory_data]
2025-11-05 07:58:01,875 [INFO] [成功读取表 inventory_data，数据行数：5657]
2025-11-05 07:58:01,876 [INFO] [开始读取数据库表：tuiding_data]
2025-11-05 07:58:01,979 [INFO] [成功读取表 tuiding_data，数据行数：3905]
2025-11-05 07:58:01,979 [INFO] [开始读取数据库表：debit_data]
2025-11-05 07:58:02,719 [INFO] [成功读取表 debit_data，数据行数：23710]
2025-11-05 07:58:02,926 [INFO] [开始读取数据库表：sales_invoice_data]
2025-11-05 07:58:03,488 [INFO] [成功读取表 sales_invoice_data，数据行数：21324]
2025-11-05 08:28:10,978 [INFO] [数据库引擎创建成功]
2025-11-05 08:28:10,978 [INFO] [开始读取数据库表：order_data]
2025-11-05 08:28:11,412 [INFO] [成功读取表 order_data，数据行数：22376]
2025-11-05 08:28:11,704 [INFO] [开始读取数据库表：sales_data]
2025-11-05 08:28:13,743 [INFO] [成功读取表 sales_data，数据行数：24338]
2025-11-05 08:28:14,489 [INFO] [开始读取数据库表：jingpin_data]
2025-11-05 08:28:14,556 [INFO] [成功读取表 jingpin_data，数据行数：4148]
2025-11-05 08:28:14,581 [INFO] [开始读取数据库表：inventory_data]
2025-11-05 08:28:14,725 [INFO] [成功读取表 inventory_data，数据行数：5657]
2025-11-05 08:28:14,725 [INFO] [开始读取数据库表：tuiding_data]
2025-11-05 08:28:14,777 [INFO] [成功读取表 tuiding_data，数据行数：3905]
2025-11-05 08:28:14,777 [INFO] [开始读取数据库表：debit_data]
2025-11-05 08:28:15,287 [INFO] [成功读取表 debit_data，数据行数：23710]
2025-11-05 08:28:15,431 [INFO] [开始读取数据库表：sales_invoice_data]
2025-11-05 08:28:15,810 [INFO] [成功读取表 sales_invoice_data，数据行数：21324]
2025-11-05 08:58:50,590 [INFO] [数据库引擎创建成功]
2025-11-05 08:58:50,590 [INFO] [开始读取数据库表：order_data]
2025-11-05 08:58:51,018 [INFO] [成功读取表 order_data，数据行数：22376]
2025-11-05 08:58:51,169 [INFO] [开始读取数据库表：sales_data]
2025-11-05 08:58:53,211 [INFO] [成功读取表 sales_data，数据行数：24338]
2025-11-05 08:58:54,028 [INFO] [开始读取数据库表：jingpin_data]
2025-11-05 08:58:54,093 [INFO] [成功读取表 jingpin_data，数据行数：4148]
2025-11-05 08:58:54,128 [INFO] [开始读取数据库表：inventory_data]
2025-11-05 08:58:54,285 [INFO] [成功读取表 inventory_data，数据行数：5657]
2025-11-05 08:58:54,285 [INFO] [开始读取数据库表：tuiding_data]
2025-11-05 08:58:54,338 [INFO] [成功读取表 tuiding_data，数据行数：3905]
2025-11-05 08:58:54,338 [INFO] [开始读取数据库表：debit_data]
2025-11-05 08:58:54,853 [INFO] [成功读取表 debit_data，数据行数：23710]
2025-11-05 08:58:54,988 [INFO] [开始读取数据库表：sales_invoice_data]
2025-11-05 08:58:55,373 [INFO] [成功读取表 sales_invoice_data，数据行数：21324]
2025-11-05 09:17:04,337 [INFO] [数据库引擎创建成功]
2025-11-05 09:17:04,346 [INFO] [开始读取数据库表：order_data]
2025-11-05 09:17:04,950 [INFO] [成功读取表 order_data，数据行数：22376]
2025-11-05 09:17:05,123 [INFO] [开始读取数据库表：sales_data]
2025-11-05 09:17:08,472 [INFO] [成功读取表 sales_data，数据行数：24338]
2025-11-05 09:17:10,076 [INFO] [开始读取数据库表：jingpin_data]
2025-11-05 09:17:10,246 [INFO] [成功读取表 jingpin_data，数据行数：4148]
2025-11-05 09:17:10,299 [INFO] [开始读取数据库表：inventory_data]
2025-11-05 09:17:10,663 [INFO] [成功读取表 inventory_data，数据行数：5657]
2025-11-05 09:17:10,664 [INFO] [开始读取数据库表：tuiding_data]
2025-11-05 09:17:10,786 [INFO] [成功读取表 tuiding_data，数据行数：3905]
2025-11-05 09:17:10,786 [INFO] [开始读取数据库表：debit_data]
2025-11-05 09:17:11,930 [INFO] [成功读取表 debit_data，数据行数：23710]
2025-11-05 09:17:12,224 [INFO] [开始读取数据库表：sales_invoice_data]
2025-11-05 09:17:13,084 [INFO] [成功读取表 sales_invoice_data，数据行数：21324]
2025-11-05 09:19:26,841 [INFO] [数据库引擎创建成功]
2025-11-05 09:19:26,841 [INFO] [开始读取数据库表：order_data]
2025-11-05 09:19:27,388 [INFO] [成功读取表 order_data，数据行数：22376]
2025-11-05 09:19:27,532 [INFO] [开始读取数据库表：sales_data]
2025-11-05 09:19:30,106 [INFO] [成功读取表 sales_data，数据行数：24338]
2025-11-05 09:19:31,002 [INFO] [开始读取数据库表：jingpin_data]
2025-11-05 09:19:31,076 [INFO] [成功读取表 jingpin_data，数据行数：4148]
2025-11-05 09:19:31,106 [INFO] [开始读取数据库表：inventory_data]
2025-11-05 09:19:31,294 [INFO] [成功读取表 inventory_data，数据行数：5657]
2025-11-05 09:19:31,294 [INFO] [开始读取数据库表：tuiding_data]
2025-11-05 09:19:31,362 [INFO] [成功读取表 tuiding_data，数据行数：3905]
2025-11-05 09:19:31,363 [INFO] [开始读取数据库表：debit_data]
2025-11-05 09:19:32,042 [INFO] [成功读取表 debit_data，数据行数：23710]
2025-11-05 09:19:32,202 [INFO] [开始读取数据库表：sales_invoice_data]
2025-11-05 09:19:32,727 [INFO] [成功读取表 sales_invoice_data，数据行数：21324]
2025-11-05 09:31:37,792 [INFO] [数据库引擎创建成功]
2025-11-05 09:31:37,793 [INFO] [开始读取数据库表：order_data]
2025-11-05 09:31:38,936 [INFO] [成功读取表 order_data，数据行数：22374]
2025-11-05 09:31:39,248 [INFO] [开始读取数据库表：sales_data]
2025-11-05 09:31:49,515 [INFO] [成功读取表 sales_data，数据行数：24338]
2025-11-05 09:31:51,951 [INFO] [开始读取数据库表：jingpin_data]
2025-11-05 09:31:52,205 [INFO] [成功读取表 jingpin_data，数据行数：4148]
2025-11-05 09:31:52,291 [INFO] [开始读取数据库表：inventory_data]
2025-11-05 09:31:52,886 [INFO] [成功读取表 inventory_data，数据行数：5657]
2025-11-05 09:31:52,886 [INFO] [开始读取数据库表：tuiding_data]
2025-11-05 09:31:53,118 [INFO] [成功读取表 tuiding_data，数据行数：3907]
2025-11-05 09:31:53,118 [INFO] [开始读取数据库表：debit_data]
2025-11-05 09:31:55,300 [INFO] [成功读取表 debit_data，数据行数：23710]
2025-11-05 09:31:55,698 [INFO] [开始读取数据库表：sales_invoice_data]
2025-11-05 09:31:57,287 [INFO] [成功读取表 sales_invoice_data，数据行数：21324]
2025-11-05 10:03:22,697 [INFO] [数据库引擎创建成功]
2025-11-05 10:03:22,698 [INFO] [开始读取数据库表：order_data]
2025-11-05 10:03:23,296 [INFO] [成功读取表 order_data，数据行数：22374]
2025-11-05 10:03:23,461 [INFO] [开始读取数据库表：sales_data]
2025-11-05 10:03:26,026 [INFO] [成功读取表 sales_data，数据行数：24341]
2025-11-05 10:03:26,884 [INFO] [开始读取数据库表：jingpin_data]
2025-11-05 10:03:26,971 [INFO] [成功读取表 jingpin_data，数据行数：4148]
2025-11-05 10:03:27,000 [INFO] [开始读取数据库表：inventory_data]
2025-11-05 10:03:27,181 [INFO] [成功读取表 inventory_data，数据行数：5652]
2025-11-05 10:03:27,181 [INFO] [开始读取数据库表：tuiding_data]
2025-11-05 10:03:27,250 [INFO] [成功读取表 tuiding_data，数据行数：3907]
2025-11-05 10:03:27,250 [INFO] [开始读取数据库表：debit_data]
2025-11-05 10:03:28,762 [INFO] [成功读取表 debit_data，数据行数：23710]
2025-11-05 10:03:29,117 [INFO] [开始读取数据库表：sales_invoice_data]
2025-11-05 10:03:30,363 [INFO] [成功读取表 sales_invoice_data，数据行数：21324]
2025-11-05 10:30:46,197 [INFO] [数据库引擎创建成功]
2025-11-05 10:30:46,198 [INFO] [开始读取数据库表：order_data]
2025-11-05 10:30:46,921 [INFO] [成功读取表 order_data，数据行数：22378]
2025-11-05 10:30:47,054 [INFO] [开始读取数据库表：sales_data]
2025-11-05 10:30:49,498 [INFO] [成功读取表 sales_data，数据行数：29258]
2025-11-05 10:30:50,528 [INFO] [开始读取数据库表：jingpin_data]
2025-11-05 10:30:50,612 [INFO] [成功读取表 jingpin_data，数据行数：4157]
2025-11-05 10:30:50,653 [INFO] [开始读取数据库表：inventory_data]
2025-11-05 10:30:50,852 [INFO] [成功读取表 inventory_data，数据行数：5646]
2025-11-05 10:30:50,852 [INFO] [开始读取数据库表：tuiding_data]
2025-11-05 10:30:50,925 [INFO] [成功读取表 tuiding_data，数据行数：3907]
2025-11-05 10:30:50,925 [INFO] [开始读取数据库表：debit_data]
2025-11-05 10:30:52,912 [INFO] [成功读取表 debit_data，数据行数：23710]
2025-11-05 10:30:53,296 [INFO] [开始读取数据库表：sales_invoice_data]
2025-11-05 10:30:54,476 [INFO] [成功读取表 sales_invoice_data，数据行数：21328]
2025-11-05 10:38:22,774 [INFO] [数据库引擎创建成功]
2025-11-05 10:38:22,774 [INFO] [开始读取数据库表：order_data]
2025-11-05 10:38:23,398 [INFO] [成功读取表 order_data，数据行数：22378]
2025-11-05 10:38:23,547 [INFO] [开始读取数据库表：sales_data]
2025-11-05 10:38:25,868 [INFO] [成功读取表 sales_data，数据行数：24011]
2025-11-05 10:38:26,724 [INFO] [开始读取数据库表：jingpin_data]
2025-11-05 10:38:26,799 [INFO] [成功读取表 jingpin_data，数据行数：4157]
2025-11-05 10:38:26,830 [INFO] [开始读取数据库表：inventory_data]
2025-11-05 10:38:27,006 [INFO] [成功读取表 inventory_data，数据行数：5646]
2025-11-05 10:38:27,006 [INFO] [开始读取数据库表：tuiding_data]
2025-11-05 10:38:27,069 [INFO] [成功读取表 tuiding_data，数据行数：3907]
2025-11-05 10:38:27,070 [INFO] [开始读取数据库表：debit_data]
2025-11-05 10:38:27,765 [INFO] [成功读取表 debit_data，数据行数：23710]
2025-11-05 10:38:27,923 [INFO] [开始读取数据库表：sales_invoice_data]
2025-11-05 10:38:28,348 [INFO] [成功读取表 sales_invoice_data，数据行数：17235]
2025-11-05 10:57:47,839 [INFO] [数据库引擎创建成功]
2025-11-05 10:57:47,848 [INFO] [开始读取数据库表：order_data]
2025-11-05 10:57:48,357 [INFO] [成功读取表 order_data，数据行数：22380]
2025-11-05 10:57:48,515 [INFO] [开始读取数据库表：sales_data]
2025-11-05 10:57:51,164 [INFO] [成功读取表 sales_data，数据行数：24014]
2025-11-05 10:57:52,349 [INFO] [开始读取数据库表：jingpin_data]
2025-11-05 10:57:52,449 [INFO] [成功读取表 jingpin_data，数据行数：4157]
2025-11-05 10:57:52,487 [INFO] [开始读取数据库表：inventory_data]
2025-11-05 10:57:53,421 [INFO] [成功读取表 inventory_data，数据行数：5643]
2025-11-05 10:57:53,421 [INFO] [开始读取数据库表：tuiding_data]
2025-11-05 10:57:53,669 [INFO] [成功读取表 tuiding_data，数据行数：3907]
2025-11-05 10:57:53,669 [INFO] [开始读取数据库表：debit_data]
2025-11-05 10:57:55,490 [INFO] [成功读取表 debit_data，数据行数：23711]
2025-11-05 10:57:55,821 [INFO] [开始读取数据库表：sales_invoice_data]
2025-11-05 10:57:56,850 [INFO] [成功读取表 sales_invoice_data，数据行数：17238]
2025-11-05 11:27:47,512 [INFO] [数据库引擎创建成功]
2025-11-05 11:27:47,513 [INFO] [开始读取数据库表：order_data]
2025-11-05 11:27:48,334 [INFO] [成功读取表 order_data，数据行数：22380]
2025-11-05 11:27:48,552 [INFO] [开始读取数据库表：sales_data]
2025-11-05 11:27:51,745 [INFO] [成功读取表 sales_data，数据行数：24024]
2025-11-05 11:27:57,065 [INFO] [开始读取数据库表：jingpin_data]
2025-11-05 11:27:57,328 [INFO] [成功读取表 jingpin_data，数据行数：4157]
2025-11-05 11:27:57,407 [INFO] [开始读取数据库表：inventory_data]
2025-11-05 11:27:57,910 [INFO] [成功读取表 inventory_data，数据行数：5637]
2025-11-05 11:27:57,910 [INFO] [开始读取数据库表：tuiding_data]
2025-11-05 11:27:58,092 [INFO] [成功读取表 tuiding_data，数据行数：3909]
2025-11-05 11:27:58,092 [INFO] [开始读取数据库表：debit_data]
2025-11-05 11:27:59,889 [INFO] [成功读取表 debit_data，数据行数：23711]
2025-11-05 11:28:00,298 [INFO] [开始读取数据库表：sales_invoice_data]
2025-11-05 11:28:01,288 [INFO] [成功读取表 sales_invoice_data，数据行数：17245]
2025-11-05 11:56:50,570 [INFO] [数据库引擎创建成功]
2025-11-05 11:56:50,570 [INFO] [开始读取数据库表：order_data]
2025-11-05 11:56:51,138 [INFO] [成功读取表 order_data，数据行数：22382]
2025-11-05 11:56:51,304 [INFO] [开始读取数据库表：sales_data]
2025-11-05 11:56:54,043 [INFO] [成功读取表 sales_data，数据行数：24029]
2025-11-05 11:56:55,131 [INFO] [开始读取数据库表：jingpin_data]
2025-11-05 11:56:55,260 [INFO] [成功读取表 jingpin_data，数据行数：4157]
2025-11-05 11:56:56,105 [INFO] [开始读取数据库表：inventory_data]
2025-11-05 11:56:57,201 [INFO] [成功读取表 inventory_data，数据行数：5644]
2025-11-05 11:56:57,202 [INFO] [开始读取数据库表：tuiding_data]
2025-11-05 11:56:57,421 [INFO] [成功读取表 tuiding_data，数据行数：3909]
2025-11-05 11:56:57,422 [INFO] [开始读取数据库表：debit_data]
2025-11-05 11:56:59,151 [INFO] [成功读取表 debit_data，数据行数：23723]
2025-11-05 11:56:59,478 [INFO] [开始读取数据库表：sales_invoice_data]
2025-11-05 11:57:00,402 [INFO] [成功读取表 sales_invoice_data，数据行数：17250]
2025-11-05 13:34:44,601 [INFO] [数据库引擎创建成功]
2025-11-05 13:34:44,602 [INFO] [开始读取数据库表：order_data]
2025-11-05 13:34:45,062 [INFO] [成功读取表 order_data，数据行数：22386]
2025-11-05 13:34:45,221 [INFO] [开始读取数据库表：sales_data]
2025-11-05 13:34:47,471 [INFO] [成功读取表 sales_data，数据行数：24032]
2025-11-05 13:34:48,318 [INFO] [开始读取数据库表：jingpin_data]
2025-11-05 13:34:48,386 [INFO] [成功读取表 jingpin_data，数据行数：4159]
2025-11-05 13:34:48,418 [INFO] [开始读取数据库表：inventory_data]
2025-11-05 13:34:48,565 [INFO] [成功读取表 inventory_data，数据行数：5641]
2025-11-05 13:34:48,565 [INFO] [开始读取数据库表：tuiding_data]
2025-11-05 13:34:48,618 [INFO] [成功读取表 tuiding_data，数据行数：3909]
2025-11-05 13:34:48,618 [INFO] [开始读取数据库表：debit_data]
2025-11-05 13:34:49,242 [INFO] [成功读取表 debit_data，数据行数：23789]
2025-11-05 13:34:49,660 [INFO] [开始读取数据库表：sales_invoice_data]
2025-11-05 13:34:50,751 [INFO] [成功读取表 sales_invoice_data，数据行数：17253]
2025-11-05 13:58:22,514 [INFO] [数据库引擎创建成功]
2025-11-05 13:58:22,523 [INFO] [开始读取数据库表：order_data]
2025-11-05 13:58:22,936 [INFO] [成功读取表 order_data，数据行数：22390]
2025-11-05 13:58:23,055 [INFO] [开始读取数据库表：sales_data]
2025-11-05 13:58:24,964 [INFO] [成功读取表 sales_data，数据行数：24059]
2025-11-05 13:58:25,824 [INFO] [开始读取数据库表：jingpin_data]
2025-11-05 13:58:25,910 [INFO] [成功读取表 jingpin_data，数据行数：4162]
2025-11-05 13:58:25,944 [INFO] [开始读取数据库表：inventory_data]
2025-11-05 13:58:26,124 [INFO] [成功读取表 inventory_data，数据行数：5618]
2025-11-05 13:58:26,124 [INFO] [开始读取数据库表：tuiding_data]
2025-11-05 13:58:26,191 [INFO] [成功读取表 tuiding_data，数据行数：3913]
2025-11-05 13:58:26,191 [INFO] [开始读取数据库表：debit_data]
2025-11-05 13:58:26,879 [INFO] [成功读取表 debit_data，数据行数：23793]
2025-11-05 13:58:27,057 [INFO] [开始读取数据库表：sales_invoice_data]
2025-11-05 13:58:28,175 [INFO] [成功读取表 sales_invoice_data，数据行数：17277]
2025-11-05 14:28:13,174 [INFO] [数据库引擎创建成功]
2025-11-05 14:28:13,183 [INFO] [开始读取数据库表：order_data]
2025-11-05 14:28:13,744 [INFO] [成功读取表 order_data，数据行数：22388]
2025-11-05 14:28:13,911 [INFO] [开始读取数据库表：sales_data]
2025-11-05 14:28:16,426 [INFO] [成功读取表 sales_data，数据行数：24062]
2025-11-05 14:28:17,391 [INFO] [开始读取数据库表：jingpin_data]
2025-11-05 14:28:17,487 [INFO] [成功读取表 jingpin_data，数据行数：4162]
2025-11-05 14:28:17,520 [INFO] [开始读取数据库表：inventory_data]
2025-11-05 14:28:17,741 [INFO] [成功读取表 inventory_data，数据行数：5616]
2025-11-05 14:28:17,742 [INFO] [开始读取数据库表：tuiding_data]
2025-11-05 14:28:17,826 [INFO] [成功读取表 tuiding_data，数据行数：3915]
2025-11-05 14:28:17,826 [INFO] [开始读取数据库表：debit_data]
2025-11-05 14:28:22,904 [INFO] [成功读取表 debit_data，数据行数：23799]
2025-11-05 14:28:23,306 [INFO] [开始读取数据库表：sales_invoice_data]
2025-11-05 14:28:24,367 [INFO] [成功读取表 sales_invoice_data，数据行数：17280]
2025-11-05 14:58:25,008 [INFO] [数据库引擎创建成功]
2025-11-05 14:58:25,008 [INFO] [开始读取数据库表：order_data]
2025-11-05 14:58:25,584 [INFO] [成功读取表 order_data，数据行数：22391]
2025-11-05 14:58:25,749 [INFO] [开始读取数据库表：sales_data]
2025-11-05 14:58:28,316 [INFO] [成功读取表 sales_data，数据行数：24067]
2025-11-05 14:58:29,344 [INFO] [开始读取数据库表：jingpin_data]
2025-11-05 14:58:29,440 [INFO] [成功读取表 jingpin_data，数据行数：4162]
2025-11-05 14:58:29,473 [INFO] [开始读取数据库表：inventory_data]
2025-11-05 14:58:29,665 [INFO] [成功读取表 inventory_data，数据行数：5618]
2025-11-05 14:58:29,665 [INFO] [开始读取数据库表：tuiding_data]
2025-11-05 14:58:29,844 [INFO] [成功读取表 tuiding_data，数据行数：3915]
2025-11-05 14:58:29,844 [INFO] [开始读取数据库表：debit_data]
2025-11-05 14:58:31,561 [INFO] [成功读取表 debit_data，数据行数：23799]
2025-11-05 14:58:31,927 [INFO] [开始读取数据库表：sales_invoice_data]
2025-11-05 14:58:33,015 [INFO] [成功读取表 sales_invoice_data，数据行数：17285]
2025-11-05 15:27:56,430 [INFO] [数据库引擎创建成功]
2025-11-05 15:27:56,431 [INFO] [开始读取数据库表：order_data]
2025-11-05 15:27:57,029 [INFO] [成功读取表 order_data，数据行数：22395]
2025-11-05 15:27:57,219 [INFO] [开始读取数据库表：sales_data]
2025-11-05 15:27:59,751 [INFO] [成功读取表 sales_data，数据行数：24068]
2025-11-05 15:28:00,749 [INFO] [开始读取数据库表：jingpin_data]
2025-11-05 15:28:00,842 [INFO] [成功读取表 jingpin_data，数据行数：4162]
2025-11-05 15:28:00,876 [INFO] [开始读取数据库表：inventory_data]
2025-11-05 15:28:01,085 [INFO] [成功读取表 inventory_data，数据行数：5610]
2025-11-05 15:28:01,086 [INFO] [开始读取数据库表：tuiding_data]
2025-11-05 15:28:01,243 [INFO] [成功读取表 tuiding_data，数据行数：3916]
2025-11-05 15:28:01,244 [INFO] [开始读取数据库表：debit_data]
2025-11-05 15:28:03,039 [INFO] [成功读取表 debit_data，数据行数：23799]
2025-11-05 15:28:03,383 [INFO] [开始读取数据库表：sales_invoice_data]
2025-11-05 15:28:04,474 [INFO] [成功读取表 sales_invoice_data，数据行数：17286]
2025-11-05 15:58:09,238 [INFO] [数据库引擎创建成功]
2025-11-05 15:58:09,239 [INFO] [开始读取数据库表：order_data]
2025-11-05 15:58:10,026 [INFO] [成功读取表 order_data，数据行数：22399]
2025-11-05 15:58:10,219 [INFO] [开始读取数据库表：sales_data]
2025-11-05 15:58:13,156 [INFO] [成功读取表 sales_data，数据行数：24072]
2025-11-05 15:58:14,396 [INFO] [开始读取数据库表：jingpin_data]
2025-11-05 15:58:14,604 [INFO] [成功读取表 jingpin_data，数据行数：4164]
2025-11-05 15:58:14,680 [INFO] [开始读取数据库表：inventory_data]
2025-11-05 15:58:15,091 [INFO] [成功读取表 inventory_data，数据行数：5607]
2025-11-05 15:58:15,091 [INFO] [开始读取数据库表：tuiding_data]
2025-11-05 15:58:15,246 [INFO] [成功读取表 tuiding_data，数据行数：3917]
2025-11-05 15:58:15,246 [INFO] [开始读取数据库表：debit_data]
2025-11-05 15:58:16,826 [INFO] [成功读取表 debit_data，数据行数：23799]
2025-11-05 15:58:17,153 [INFO] [开始读取数据库表：sales_invoice_data]
2025-11-05 15:58:18,067 [INFO] [成功读取表 sales_invoice_data，数据行数：17290]
2025-11-05 16:27:07,722 [INFO] [数据库引擎创建成功]
2025-11-05 16:27:07,722 [INFO] [开始读取数据库表：order_data]
2025-11-05 16:27:08,607 [INFO] [成功读取表 order_data，数据行数：22403]
2025-11-05 16:27:08,811 [INFO] [开始读取数据库表：sales_data]
2025-11-05 16:27:11,899 [INFO] [成功读取表 sales_data，数据行数：24079]
2025-11-05 16:27:13,574 [INFO] [开始读取数据库表：jingpin_data]
2025-11-05 16:27:13,763 [INFO] [成功读取表 jingpin_data，数据行数：4164]
2025-11-05 16:27:13,825 [INFO] [开始读取数据库表：inventory_data]
2025-11-05 16:27:14,278 [INFO] [成功读取表 inventory_data，数据行数：5600]
2025-11-05 16:27:14,279 [INFO] [开始读取数据库表：tuiding_data]
2025-11-05 16:27:14,443 [INFO] [成功读取表 tuiding_data，数据行数：3917]
2025-11-05 16:27:14,443 [INFO] [开始读取数据库表：debit_data]
2025-11-05 16:27:16,293 [INFO] [成功读取表 debit_data，数据行数：23799]
2025-11-05 16:27:16,702 [INFO] [开始读取数据库表：sales_invoice_data]
2025-11-05 16:27:17,870 [INFO] [成功读取表 sales_invoice_data，数据行数：17296]
2025-11-05 16:58:07,380 [INFO] [数据库引擎创建成功]
2025-11-05 16:58:07,390 [INFO] [开始读取数据库表：order_data]
2025-11-05 16:58:08,017 [INFO] [成功读取表 order_data，数据行数：22405]
2025-11-05 16:58:08,186 [INFO] [开始读取数据库表：sales_data]
2025-11-05 16:58:11,342 [INFO] [成功读取表 sales_data，数据行数：24087]
2025-11-05 16:58:13,278 [INFO] [开始读取数据库表：jingpin_data]
2025-11-05 16:58:13,557 [INFO] [成功读取表 jingpin_data，数据行数：4164]
2025-11-05 16:58:13,637 [INFO] [开始读取数据库表：inventory_data]
2025-11-05 16:58:14,211 [INFO] [成功读取表 inventory_data，数据行数：5590]
2025-11-05 16:58:14,211 [INFO] [开始读取数据库表：tuiding_data]
2025-11-05 16:58:14,454 [INFO] [成功读取表 tuiding_data，数据行数：3920]
2025-11-05 16:58:14,454 [INFO] [开始读取数据库表：debit_data]
2025-11-05 16:58:16,288 [INFO] [成功读取表 debit_data，数据行数：23799]
2025-11-05 16:58:16,665 [INFO] [开始读取数据库表：sales_invoice_data]
2025-11-05 16:58:17,681 [INFO] [成功读取表 sales_invoice_data，数据行数：17304]
2025-11-05 17:27:23,548 [INFO] [数据库引擎创建成功]
2025-11-05 17:27:23,548 [INFO] [开始读取数据库表：order_data]
2025-11-05 17:27:24,201 [INFO] [成功读取表 order_data，数据行数：22415]
2025-11-05 17:27:24,367 [INFO] [开始读取数据库表：sales_data]
2025-11-05 17:27:27,484 [INFO] [成功读取表 sales_data，数据行数：24096]
2025-11-05 17:27:30,401 [INFO] [开始读取数据库表：jingpin_data]
2025-11-05 17:27:30,651 [INFO] [成功读取表 jingpin_data，数据行数：4167]
2025-11-05 17:27:30,718 [INFO] [开始读取数据库表：inventory_data]
2025-11-05 17:27:31,217 [INFO] [成功读取表 inventory_data，数据行数：5583]
2025-11-05 17:27:31,217 [INFO] [开始读取数据库表：tuiding_data]
2025-11-05 17:27:31,393 [INFO] [成功读取表 tuiding_data，数据行数：3922]
2025-11-05 17:27:31,393 [INFO] [开始读取数据库表：debit_data]
2025-11-05 17:27:33,110 [INFO] [成功读取表 debit_data，数据行数：23799]
2025-11-05 17:27:33,458 [INFO] [开始读取数据库表：sales_invoice_data]
2025-11-05 17:27:34,502 [INFO] [成功读取表 sales_invoice_data，数据行数：17313]
2025-11-05 17:56:17,332 [INFO] [数据库引擎创建成功]
2025-11-05 17:56:17,332 [INFO] [开始读取数据库表：order_data]
2025-11-05 17:56:17,979 [INFO] [成功读取表 order_data，数据行数：22421]
2025-11-05 17:56:18,185 [INFO] [开始读取数据库表：sales_data]
2025-11-05 17:56:20,823 [INFO] [成功读取表 sales_data，数据行数：24116]
2025-11-05 17:56:21,778 [INFO] [开始读取数据库表：jingpin_data]
2025-11-05 17:56:21,931 [INFO] [成功读取表 jingpin_data，数据行数：4168]
2025-11-05 17:56:21,978 [INFO] [开始读取数据库表：inventory_data]
2025-11-05 17:56:22,319 [INFO] [成功读取表 inventory_data，数据行数：5572]
2025-11-05 17:56:22,320 [INFO] [开始读取数据库表：tuiding_data]
2025-11-05 17:56:22,427 [INFO] [成功读取表 tuiding_data，数据行数：3922]
2025-11-05 17:56:22,428 [INFO] [开始读取数据库表：debit_data]
2025-11-05 17:56:23,567 [INFO] [成功读取表 debit_data，数据行数：23799]
2025-11-05 17:56:23,844 [INFO] [开始读取数据库表：sales_invoice_data]
2025-11-05 17:56:24,810 [INFO] [成功读取表 sales_invoice_data，数据行数：17323]
2025-11-05 18:26:33,559 [INFO] [数据库引擎创建成功]
2025-11-05 18:26:33,560 [INFO] [开始读取数据库表：order_data]
2025-11-05 18:26:34,140 [INFO] [成功读取表 order_data，数据行数：22423]
2025-11-05 18:26:34,275 [INFO] [开始读取数据库表：sales_data]
2025-11-05 18:26:36,774 [INFO] [成功读取表 sales_data，数据行数：24126]
2025-11-05 18:26:37,705 [INFO] [开始读取数据库表：jingpin_data]
2025-11-05 18:26:37,807 [INFO] [成功读取表 jingpin_data，数据行数：4169]
2025-11-05 18:26:37,845 [INFO] [开始读取数据库表：inventory_data]
2025-11-05 18:26:38,039 [INFO] [成功读取表 inventory_data，数据行数：5565]
2025-11-05 18:26:38,040 [INFO] [开始读取数据库表：tuiding_data]
2025-11-05 18:26:38,115 [INFO] [成功读取表 tuiding_data，数据行数：3922]
2025-11-05 18:26:38,115 [INFO] [开始读取数据库表：debit_data]
2025-11-05 18:26:38,848 [INFO] [成功读取表 debit_data，数据行数：23799]
2025-11-05 18:26:39,035 [INFO] [开始读取数据库表：sales_invoice_data]
2025-11-05 18:26:39,487 [INFO] [成功读取表 sales_invoice_data，数据行数：17333]
2025-11-05 18:56:47,663 [INFO] [数据库引擎创建成功]
2025-11-05 18:56:47,664 [INFO] [开始读取数据库表：order_data]
2025-11-05 18:56:48,168 [INFO] [成功读取表 order_data，数据行数：22429]
2025-11-05 18:56:48,320 [INFO] [开始读取数据库表：sales_data]
2025-11-05 18:56:50,759 [INFO] [成功读取表 sales_data，数据行数：24127]
2025-11-05 18:56:51,698 [INFO] [开始读取数据库表：jingpin_data]
2025-11-05 18:56:51,794 [INFO] [成功读取表 jingpin_data，数据行数：4169]
2025-11-05 18:56:51,827 [INFO] [开始读取数据库表：inventory_data]
2025-11-05 18:56:52,047 [INFO] [成功读取表 inventory_data，数据行数：5563]
2025-11-05 18:56:52,047 [INFO] [开始读取数据库表：tuiding_data]
2025-11-05 18:56:52,101 [INFO] [成功读取表 tuiding_data，数据行数：3922]
2025-11-05 18:56:52,101 [INFO] [开始读取数据库表：debit_data]
2025-11-05 18:56:52,829 [INFO] [成功读取表 debit_data，数据行数：23799]
2025-11-05 18:56:53,025 [INFO] [开始读取数据库表：sales_invoice_data]
2025-11-05 18:56:53,738 [INFO] [成功读取表 sales_invoice_data，数据行数：17334]
2025-11-05 19:26:20,154 [INFO] [数据库引擎创建成功]
2025-11-05 19:26:20,154 [INFO] [开始读取数据库表：order_data]
2025-11-05 19:26:20,567 [INFO] [成功读取表 order_data，数据行数：22434]
2025-11-05 19:26:20,684 [INFO] [开始读取数据库表：sales_data]
2025-11-05 19:26:22,592 [INFO] [成功读取表 sales_data，数据行数：24133]
2025-11-05 19:26:23,342 [INFO] [开始读取数据库表：jingpin_data]
2025-11-05 19:26:23,407 [INFO] [成功读取表 jingpin_data，数据行数：4169]
2025-11-05 19:26:23,433 [INFO] [开始读取数据库表：inventory_data]
2025-11-05 19:26:23,565 [INFO] [成功读取表 inventory_data，数据行数：5558]
2025-11-05 19:26:23,565 [INFO] [开始读取数据库表：tuiding_data]
2025-11-05 19:26:23,628 [INFO] [成功读取表 tuiding_data，数据行数：3924]
2025-11-05 19:26:23,628 [INFO] [开始读取数据库表：debit_data]
2025-11-05 19:26:24,147 [INFO] [成功读取表 debit_data，数据行数：23799]
2025-11-05 19:26:24,282 [INFO] [开始读取数据库表：sales_invoice_data]
2025-11-05 19:26:24,578 [INFO] [成功读取表 sales_invoice_data，数据行数：17340]
2025-11-05 19:56:13,356 [INFO] [数据库引擎创建成功]
2025-11-05 19:56:13,357 [INFO] [开始读取数据库表：order_data]
2025-11-05 19:56:13,926 [INFO] [成功读取表 order_data，数据行数：22436]
2025-11-05 19:56:14,075 [INFO] [开始读取数据库表：sales_data]
2025-11-05 19:56:16,546 [INFO] [成功读取表 sales_data，数据行数：24133]
2025-11-05 19:56:17,505 [INFO] [开始读取数据库表：jingpin_data]
2025-11-05 19:56:17,600 [INFO] [成功读取表 jingpin_data，数据行数：4169]
2025-11-05 19:56:17,628 [INFO] [开始读取数据库表：inventory_data]
2025-11-05 19:56:17,808 [INFO] [成功读取表 inventory_data，数据行数：5558]
2025-11-05 19:56:17,808 [INFO] [开始读取数据库表：tuiding_data]
2025-11-05 19:56:17,897 [INFO] [成功读取表 tuiding_data，数据行数：3924]
2025-11-05 19:56:17,898 [INFO] [开始读取数据库表：debit_data]
2025-11-05 19:56:18,598 [INFO] [成功读取表 debit_data，数据行数：23799]
2025-11-05 19:56:18,753 [INFO] [开始读取数据库表：sales_invoice_data]
2025-11-05 19:56:19,179 [INFO] [成功读取表 sales_invoice_data，数据行数：17340]
2025-11-05 20:26:48,992 [INFO] [数据库引擎创建成功]
2025-11-05 20:26:48,993 [INFO] [开始读取数据库表：order_data]
2025-11-05 20:26:49,493 [INFO] [成功读取表 order_data，数据行数：22436]
2025-11-05 20:26:49,673 [INFO] [开始读取数据库表：sales_data]
2025-11-05 20:26:52,302 [INFO] [成功读取表 sales_data，数据行数：24133]
2025-11-05 20:26:53,339 [INFO] [开始读取数据库表：jingpin_data]
2025-11-05 20:26:53,426 [INFO] [成功读取表 jingpin_data，数据行数：4169]
2025-11-05 20:26:53,451 [INFO] [开始读取数据库表：inventory_data]
2025-11-05 20:26:53,621 [INFO] [成功读取表 inventory_data，数据行数：5558]
2025-11-05 20:26:53,621 [INFO] [开始读取数据库表：tuiding_data]
2025-11-05 20:26:53,677 [INFO] [成功读取表 tuiding_data，数据行数：3924]
2025-11-05 20:26:53,678 [INFO] [开始读取数据库表：debit_data]
2025-11-05 20:26:54,450 [INFO] [成功读取表 debit_data，数据行数：23799]
2025-11-05 20:26:54,618 [INFO] [开始读取数据库表：sales_invoice_data]
2025-11-05 20:26:55,084 [INFO] [成功读取表 sales_invoice_data，数据行数：17340]
2025-11-05 20:56:39,638 [INFO] [数据库引擎创建成功]
2025-11-05 20:56:39,638 [INFO] [开始读取数据库表：order_data]
2025-11-05 20:56:40,110 [INFO] [成功读取表 order_data，数据行数：22440]
2025-11-05 20:56:40,278 [INFO] [开始读取数据库表：sales_data]
2025-11-05 20:56:42,615 [INFO] [成功读取表 sales_data，数据行数：24133]
2025-11-05 20:56:43,540 [INFO] [开始读取数据库表：jingpin_data]
2025-11-05 20:56:43,629 [INFO] [成功读取表 jingpin_data，数据行数：4169]
2025-11-05 20:56:43,663 [INFO] [开始读取数据库表：inventory_data]
2025-11-05 20:56:43,808 [INFO] [成功读取表 inventory_data，数据行数：5558]
2025-11-05 20:56:43,808 [INFO] [开始读取数据库表：tuiding_data]
2025-11-05 20:56:43,871 [INFO] [成功读取表 tuiding_data，数据行数：3924]
2025-11-05 20:56:43,871 [INFO] [开始读取数据库表：debit_data]
2025-11-05 20:56:44,562 [INFO] [成功读取表 debit_data，数据行数：23799]
2025-11-05 20:56:44,738 [INFO] [开始读取数据库表：sales_invoice_data]
2025-11-05 20:56:45,140 [INFO] [成功读取表 sales_invoice_data，数据行数：17340]
2025-11-05 21:26:49,468 [INFO] [数据库引擎创建成功]
2025-11-05 21:26:49,468 [INFO] [开始读取数据库表：order_data]
2025-11-05 21:26:49,942 [INFO] [成功读取表 order_data，数据行数：22440]
2025-11-05 21:26:50,085 [INFO] [开始读取数据库表：sales_data]
2025-11-05 21:26:52,566 [INFO] [成功读取表 sales_data，数据行数：24133]
2025-11-05 21:26:53,592 [INFO] [开始读取数据库表：jingpin_data]
2025-11-05 21:26:53,704 [INFO] [成功读取表 jingpin_data，数据行数：4169]
2025-11-05 21:26:53,734 [INFO] [开始读取数据库表：inventory_data]
2025-11-05 21:26:53,896 [INFO] [成功读取表 inventory_data，数据行数：5576]
2025-11-05 21:26:53,896 [INFO] [开始读取数据库表：tuiding_data]
2025-11-05 21:26:53,954 [INFO] [成功读取表 tuiding_data，数据行数：3924]
2025-11-05 21:26:53,954 [INFO] [开始读取数据库表：debit_data]
2025-11-05 21:26:54,651 [INFO] [成功读取表 debit_data，数据行数：23817]
2025-11-05 21:26:54,830 [INFO] [开始读取数据库表：sales_invoice_data]
2025-11-05 21:26:55,241 [INFO] [成功读取表 sales_invoice_data，数据行数：17340]
2025-11-05 21:56:43,663 [INFO] [数据库引擎创建成功]
2025-11-05 21:56:43,664 [INFO] [开始读取数据库表：order_data]
2025-11-05 21:56:44,187 [INFO] [成功读取表 order_data，数据行数：22438]
2025-11-05 21:56:44,321 [INFO] [开始读取数据库表：sales_data]
2025-11-05 21:56:46,451 [INFO] [成功读取表 sales_data，数据行数：24133]
2025-11-05 21:56:47,369 [INFO] [开始读取数据库表：jingpin_data]
2025-11-05 21:56:47,445 [INFO] [成功读取表 jingpin_data，数据行数：4169]
2025-11-05 21:56:47,469 [INFO] [开始读取数据库表：inventory_data]
2025-11-05 21:56:47,646 [INFO] [成功读取表 inventory_data，数据行数：5576]
2025-11-05 21:56:47,646 [INFO] [开始读取数据库表：tuiding_data]
2025-11-05 21:56:47,714 [INFO] [成功读取表 tuiding_data，数据行数：3926]
2025-11-05 21:56:47,714 [INFO] [开始读取数据库表：debit_data]
2025-11-05 21:56:48,401 [INFO] [成功读取表 debit_data，数据行数：23907]
2025-11-05 21:56:48,566 [INFO] [开始读取数据库表：sales_invoice_data]
2025-11-05 21:56:48,956 [INFO] [成功读取表 sales_invoice_data，数据行数：17340]
2025-11-05 22:27:10,542 [INFO] [数据库引擎创建成功]
2025-11-05 22:27:10,542 [INFO] [开始读取数据库表：order_data]
2025-11-05 22:27:11,060 [INFO] [成功读取表 order_data，数据行数：22440]
2025-11-05 22:27:11,202 [INFO] [开始读取数据库表：sales_data]
2025-11-05 22:27:13,883 [INFO] [成功读取表 sales_data，数据行数：24133]
2025-11-05 22:27:14,996 [INFO] [开始读取数据库表：jingpin_data]
2025-11-05 22:27:15,127 [INFO] [成功读取表 jingpin_data，数据行数：4169]
2025-11-05 22:27:15,159 [INFO] [开始读取数据库表：inventory_data]
2025-11-05 22:27:15,369 [INFO] [成功读取表 inventory_data，数据行数：5576]
2025-11-05 22:27:15,369 [INFO] [开始读取数据库表：tuiding_data]
2025-11-05 22:27:15,465 [INFO] [成功读取表 tuiding_data，数据行数：3926]
2025-11-05 22:27:15,465 [INFO] [开始读取数据库表：debit_data]
2025-11-05 22:27:16,335 [INFO] [成功读取表 debit_data，数据行数：23907]
2025-11-05 22:27:16,547 [INFO] [开始读取数据库表：sales_invoice_data]
2025-11-05 22:27:17,297 [INFO] [成功读取表 sales_invoice_data，数据行数：17340]
2025-11-05 22:56:45,737 [INFO] [数据库引擎创建成功]
2025-11-05 22:56:45,738 [INFO] [开始读取数据库表：order_data]
2025-11-05 22:56:46,222 [INFO] [成功读取表 order_data，数据行数：22440]
2025-11-05 22:56:46,374 [INFO] [开始读取数据库表：sales_data]
2025-11-05 22:56:48,664 [INFO] [成功读取表 sales_data，数据行数：24133]
2025-11-05 22:56:49,626 [INFO] [开始读取数据库表：jingpin_data]
2025-11-05 22:56:49,704 [INFO] [成功读取表 jingpin_data，数据行数：4169]
2025-11-05 22:56:49,728 [INFO] [开始读取数据库表：inventory_data]
2025-11-05 22:56:49,937 [INFO] [成功读取表 inventory_data，数据行数：5576]
2025-11-05 22:56:49,937 [INFO] [开始读取数据库表：tuiding_data]
2025-11-05 22:56:50,006 [INFO] [成功读取表 tuiding_data，数据行数：3926]
2025-11-05 22:56:50,006 [INFO] [开始读取数据库表：debit_data]
2025-11-05 22:56:50,749 [INFO] [成功读取表 debit_data，数据行数：23907]
2025-11-05 22:56:50,933 [INFO] [开始读取数据库表：sales_invoice_data]
2025-11-05 22:56:51,357 [INFO] [成功读取表 sales_invoice_data，数据行数：17340]
2025-11-05 23:27:07,551 [INFO] [数据库引擎创建成功]
2025-11-05 23:27:07,551 [INFO] [开始读取数据库表：order_data]
2025-11-05 23:27:08,106 [INFO] [成功读取表 order_data，数据行数：22440]
2025-11-05 23:27:08,262 [INFO] [开始读取数据库表：sales_data]
2025-11-05 23:27:10,718 [INFO] [成功读取表 sales_data，数据行数：24133]
2025-11-05 23:27:11,667 [INFO] [开始读取数据库表：jingpin_data]
2025-11-05 23:27:11,743 [INFO] [成功读取表 jingpin_data，数据行数：4169]
2025-11-05 23:27:11,776 [INFO] [开始读取数据库表：inventory_data]
2025-11-05 23:27:11,964 [INFO] [成功读取表 inventory_data，数据行数：5576]
2025-11-05 23:27:11,964 [INFO] [开始读取数据库表：tuiding_data]
2025-11-05 23:27:12,025 [INFO] [成功读取表 tuiding_data，数据行数：3926]
2025-11-05 23:27:12,026 [INFO] [开始读取数据库表：debit_data]
2025-11-05 23:27:12,706 [INFO] [成功读取表 debit_data，数据行数：23912]
2025-11-05 23:27:12,915 [INFO] [开始读取数据库表：sales_invoice_data]
2025-11-05 23:27:13,428 [INFO] [成功读取表 sales_invoice_data，数据行数：17340]
2025-11-05 23:57:03,466 [INFO] [数据库引擎创建成功]
2025-11-05 23:57:03,466 [INFO] [开始读取数据库表：order_data]
2025-11-05 23:57:03,936 [INFO] [成功读取表 order_data，数据行数：22440]
2025-11-05 23:57:04,080 [INFO] [开始读取数据库表：sales_data]
2025-11-05 23:57:06,484 [INFO] [成功读取表 sales_data，数据行数：24133]
2025-11-05 23:57:07,379 [INFO] [开始读取数据库表：jingpin_data]
2025-11-05 23:57:07,469 [INFO] [成功读取表 jingpin_data，数据行数：4169]
2025-11-05 23:57:07,495 [INFO] [开始读取数据库表：inventory_data]
2025-11-05 23:57:07,673 [INFO] [成功读取表 inventory_data，数据行数：5576]
2025-11-05 23:57:07,673 [INFO] [开始读取数据库表：tuiding_data]
2025-11-05 23:57:07,738 [INFO] [成功读取表 tuiding_data，数据行数：3926]
2025-11-05 23:57:07,738 [INFO] [开始读取数据库表：debit_data]
2025-11-05 23:57:08,384 [INFO] [成功读取表 debit_data，数据行数：23912]
2025-11-05 23:57:08,546 [INFO] [开始读取数据库表：sales_invoice_data]
2025-11-05 23:57:08,939 [INFO] [成功读取表 sales_invoice_data，数据行数：17340]
