2025-12-20 08:58:05,836 [INFO] [数据库引擎创建成功]
2025-12-20 08:58:05,837 [INFO] [开始读取数据库表：order_data]
2025-12-20 08:58:07,398 [INFO] [成功读取表 order_data，数据行数：23753]
2025-12-20 08:58:07,674 [INFO] [开始读取数据库表：sales_data]
2025-12-20 08:58:11,330 [INFO] [成功读取表 sales_data，数据行数：23876]
2025-12-20 08:58:13,303 [INFO] [开始读取数据库表：jingpin_data]
2025-12-20 08:58:13,466 [INFO] [成功读取表 jingpin_data，数据行数：5074]
2025-12-20 08:58:13,539 [INFO] [开始读取数据库表：inventory_data]
2025-12-20 08:58:13,853 [INFO] [成功读取表 inventory_data，数据行数：4393]
2025-12-20 08:58:13,853 [INFO] [开始读取数据库表：tuiding_data]
2025-12-20 08:58:14,111 [INFO] [成功读取表 tuiding_data，数据行数：4704]
2025-12-20 08:58:14,116 [INFO] [开始读取数据库表：debit_data]
2025-12-20 08:58:15,884 [INFO] [成功读取表 debit_data，数据行数：26627]
2025-12-20 08:58:16,284 [INFO] [开始读取数据库表：sales_invoice_data]
2025-12-20 08:58:17,590 [INFO] [成功读取表 sales_invoice_data，数据行数：21499]
2025-12-20 09:30:02,218 [INFO] [数据库引擎创建成功]
2025-12-20 09:30:02,219 [INFO] [开始读取数据库表：order_data]
2025-12-20 09:30:03,868 [INFO] [成功读取表 order_data，数据行数：23756]
2025-12-20 09:30:04,201 [INFO] [开始读取数据库表：sales_data]
2025-12-20 09:30:08,102 [INFO] [成功读取表 sales_data，数据行数：23873]
2025-12-20 09:30:09,838 [INFO] [开始读取数据库表：jingpin_data]
2025-12-20 09:30:10,026 [INFO] [成功读取表 jingpin_data，数据行数：5075]
2025-12-20 09:30:10,096 [INFO] [开始读取数据库表：inventory_data]
2025-12-20 09:30:10,449 [INFO] [成功读取表 inventory_data，数据行数：4393]
2025-12-20 09:30:10,449 [INFO] [开始读取数据库表：tuiding_data]
2025-12-20 09:30:10,749 [INFO] [成功读取表 tuiding_data，数据行数：4709]
2025-12-20 09:30:10,749 [INFO] [开始读取数据库表：debit_data]
2025-12-20 09:30:12,437 [INFO] [成功读取表 debit_data，数据行数：26630]
2025-12-20 09:30:12,835 [INFO] [开始读取数据库表：sales_invoice_data]
2025-12-20 09:30:14,059 [INFO] [成功读取表 sales_invoice_data，数据行数：21499]
2025-12-20 09:59:48,298 [INFO] [数据库引擎创建成功]
2025-12-20 09:59:48,308 [INFO] [开始读取数据库表：order_data]
2025-12-20 09:59:49,694 [INFO] [成功读取表 order_data，数据行数：23756]
2025-12-20 09:59:49,981 [INFO] [开始读取数据库表：sales_data]
2025-12-20 09:59:53,686 [INFO] [成功读取表 sales_data，数据行数：23872]
2025-12-20 09:59:55,602 [INFO] [开始读取数据库表：jingpin_data]
2025-12-20 09:59:55,786 [INFO] [成功读取表 jingpin_data，数据行数：5077]
2025-12-20 09:59:55,855 [INFO] [开始读取数据库表：inventory_data]
2025-12-20 09:59:56,226 [INFO] [成功读取表 inventory_data，数据行数：4393]
2025-12-20 09:59:56,227 [INFO] [开始读取数据库表：tuiding_data]
2025-12-20 09:59:56,477 [INFO] [成功读取表 tuiding_data，数据行数：4709]
2025-12-20 09:59:56,477 [INFO] [开始读取数据库表：debit_data]
2025-12-20 09:59:58,142 [INFO] [成功读取表 debit_data，数据行数：26630]
2025-12-20 09:59:58,557 [INFO] [开始读取数据库表：sales_invoice_data]
2025-12-20 09:59:59,859 [INFO] [成功读取表 sales_invoice_data，数据行数：21499]
2025-12-20 10:29:55,920 [INFO] [数据库引擎创建成功]
2025-12-20 10:29:55,929 [INFO] [开始读取数据库表：order_data]
2025-12-20 10:29:57,423 [INFO] [成功读取表 order_data，数据行数：23754]
2025-12-20 10:29:57,707 [INFO] [开始读取数据库表：sales_data]
2025-12-20 10:30:01,343 [INFO] [成功读取表 sales_data，数据行数：23873]
2025-12-20 10:30:03,359 [INFO] [开始读取数据库表：jingpin_data]
2025-12-20 10:30:03,519 [INFO] [成功读取表 jingpin_data，数据行数：5077]
2025-12-20 10:30:03,590 [INFO] [开始读取数据库表：inventory_data]
2025-12-20 10:30:03,925 [INFO] [成功读取表 inventory_data，数据行数：4392]
2025-12-20 10:30:03,926 [INFO] [开始读取数据库表：tuiding_data]
2025-12-20 10:30:04,209 [INFO] [成功读取表 tuiding_data，数据行数：4710]
2025-12-20 10:30:04,210 [INFO] [开始读取数据库表：debit_data]
2025-12-20 10:30:05,772 [INFO] [成功读取表 debit_data，数据行数：26630]
2025-12-20 10:30:06,107 [INFO] [开始读取数据库表：sales_invoice_data]
2025-12-20 10:30:07,343 [INFO] [成功读取表 sales_invoice_data，数据行数：21500]
2025-12-20 10:59:52,540 [INFO] [数据库引擎创建成功]
2025-12-20 10:59:52,550 [INFO] [开始读取数据库表：order_data]
2025-12-20 10:59:53,977 [INFO] [成功读取表 order_data，数据行数：23754]
2025-12-20 10:59:54,294 [INFO] [开始读取数据库表：sales_data]
2025-12-20 10:59:57,785 [INFO] [成功读取表 sales_data，数据行数：23873]
2025-12-20 10:59:59,510 [INFO] [开始读取数据库表：jingpin_data]
2025-12-20 10:59:59,665 [INFO] [成功读取表 jingpin_data，数据行数：5078]
2025-12-20 10:59:59,750 [INFO] [开始读取数据库表：inventory_data]
2025-12-20 11:00:00,068 [INFO] [成功读取表 inventory_data，数据行数：4392]
2025-12-20 11:00:00,068 [INFO] [开始读取数据库表：tuiding_data]
2025-12-20 11:00:00,298 [INFO] [成功读取表 tuiding_data，数据行数：4710]
2025-12-20 11:00:00,298 [INFO] [开始读取数据库表：debit_data]
2025-12-20 11:00:01,975 [INFO] [成功读取表 debit_data，数据行数：26630]
2025-12-20 11:00:02,346 [INFO] [开始读取数据库表：sales_invoice_data]
2025-12-20 11:00:03,553 [INFO] [成功读取表 sales_invoice_data，数据行数：21500]
2025-12-20 11:30:17,847 [INFO] [数据库引擎创建成功]
2025-12-20 11:30:17,857 [INFO] [开始读取数据库表：order_data]
2025-12-20 11:30:19,364 [INFO] [成功读取表 order_data，数据行数：23756]
2025-12-20 11:30:19,683 [INFO] [开始读取数据库表：sales_data]
2025-12-20 11:30:23,511 [INFO] [成功读取表 sales_data，数据行数：23880]
2025-12-20 11:30:25,465 [INFO] [开始读取数据库表：jingpin_data]
2025-12-20 11:30:25,629 [INFO] [成功读取表 jingpin_data，数据行数：5082]
2025-12-20 11:30:25,708 [INFO] [开始读取数据库表：inventory_data]
2025-12-20 11:30:26,030 [INFO] [成功读取表 inventory_data，数据行数：4389]
2025-12-20 11:30:26,030 [INFO] [开始读取数据库表：tuiding_data]
2025-12-20 11:30:26,284 [INFO] [成功读取表 tuiding_data，数据行数：4710]
2025-12-20 11:30:26,284 [INFO] [开始读取数据库表：debit_data]
2025-12-20 11:30:27,845 [INFO] [成功读取表 debit_data，数据行数：26630]
2025-12-20 11:30:28,216 [INFO] [开始读取数据库表：sales_invoice_data]
2025-12-20 11:30:29,419 [INFO] [成功读取表 sales_invoice_data，数据行数：21503]
2025-12-20 11:59:45,703 [INFO] [数据库引擎创建成功]
2025-12-20 11:59:45,712 [INFO] [开始读取数据库表：order_data]
2025-12-20 11:59:47,115 [INFO] [成功读取表 order_data，数据行数：23758]
2025-12-20 11:59:47,413 [INFO] [开始读取数据库表：sales_data]
2025-12-20 11:59:50,997 [INFO] [成功读取表 sales_data，数据行数：23880]
2025-12-20 11:59:52,956 [INFO] [开始读取数据库表：jingpin_data]
2025-12-20 11:59:53,103 [INFO] [成功读取表 jingpin_data，数据行数：5082]
2025-12-20 11:59:53,168 [INFO] [开始读取数据库表：inventory_data]
2025-12-20 11:59:53,598 [INFO] [成功读取表 inventory_data，数据行数：4389]
2025-12-20 11:59:53,599 [INFO] [开始读取数据库表：tuiding_data]
2025-12-20 11:59:53,864 [INFO] [成功读取表 tuiding_data，数据行数：4710]
2025-12-20 11:59:53,864 [INFO] [开始读取数据库表：debit_data]
2025-12-20 11:59:55,499 [INFO] [成功读取表 debit_data，数据行数：26630]
2025-12-20 11:59:55,863 [INFO] [开始读取数据库表：sales_invoice_data]
2025-12-20 11:59:57,096 [INFO] [成功读取表 sales_invoice_data，数据行数：21503]
2025-12-20 12:29:55,818 [INFO] [数据库引擎创建成功]
2025-12-20 12:29:55,819 [INFO] [开始读取数据库表：order_data]
2025-12-20 12:29:57,419 [INFO] [成功读取表 order_data，数据行数：23757]
2025-12-20 12:29:57,734 [INFO] [开始读取数据库表：sales_data]
2025-12-20 12:30:01,532 [INFO] [成功读取表 sales_data，数据行数：23881]
2025-12-20 12:30:03,235 [INFO] [开始读取数据库表：jingpin_data]
2025-12-20 12:30:03,386 [INFO] [成功读取表 jingpin_data，数据行数：5082]
2025-12-20 12:30:03,459 [INFO] [开始读取数据库表：inventory_data]
2025-12-20 12:30:03,766 [INFO] [成功读取表 inventory_data，数据行数：4388]
2025-12-20 12:30:03,766 [INFO] [开始读取数据库表：tuiding_data]
2025-12-20 12:30:04,006 [INFO] [成功读取表 tuiding_data，数据行数：4715]
2025-12-20 12:30:04,006 [INFO] [开始读取数据库表：debit_data]
2025-12-20 12:30:05,431 [INFO] [成功读取表 debit_data，数据行数：26630]
2025-12-20 12:30:05,736 [INFO] [开始读取数据库表：sales_invoice_data]
2025-12-20 12:30:06,883 [INFO] [成功读取表 sales_invoice_data，数据行数：21504]
2025-12-20 12:59:56,153 [INFO] [数据库引擎创建成功]
2025-12-20 12:59:56,154 [INFO] [开始读取数据库表：order_data]
2025-12-20 12:59:57,669 [INFO] [成功读取表 order_data，数据行数：23755]
2025-12-20 12:59:57,939 [INFO] [开始读取数据库表：sales_data]
2025-12-20 13:00:01,623 [INFO] [成功读取表 sales_data，数据行数：23884]
2025-12-20 13:00:03,496 [INFO] [开始读取数据库表：jingpin_data]
2025-12-20 13:00:03,653 [INFO] [成功读取表 jingpin_data，数据行数：5082]
2025-12-20 13:00:03,714 [INFO] [开始读取数据库表：inventory_data]
2025-12-20 13:00:04,089 [INFO] [成功读取表 inventory_data，数据行数：4385]
2025-12-20 13:00:04,089 [INFO] [开始读取数据库表：tuiding_data]
2025-12-20 13:00:04,366 [INFO] [成功读取表 tuiding_data，数据行数：4715]
2025-12-20 13:00:04,366 [INFO] [开始读取数据库表：debit_data]
2025-12-20 13:00:05,919 [INFO] [成功读取表 debit_data，数据行数：26630]
2025-12-20 13:00:06,268 [INFO] [开始读取数据库表：sales_invoice_data]
2025-12-20 13:00:07,556 [INFO] [成功读取表 sales_invoice_data，数据行数：21506]
2025-12-20 13:30:03,166 [INFO] [数据库引擎创建成功]
2025-12-20 13:30:03,166 [INFO] [开始读取数据库表：order_data]
2025-12-20 13:30:04,733 [INFO] [成功读取表 order_data，数据行数：23756]
2025-12-20 13:30:05,044 [INFO] [开始读取数据库表：sales_data]
2025-12-20 13:30:08,813 [INFO] [成功读取表 sales_data，数据行数：23885]
2025-12-20 13:30:10,594 [INFO] [开始读取数据库表：jingpin_data]
2025-12-20 13:30:10,770 [INFO] [成功读取表 jingpin_data，数据行数：5082]
2025-12-20 13:30:10,839 [INFO] [开始读取数据库表：inventory_data]
2025-12-20 13:30:11,192 [INFO] [成功读取表 inventory_data，数据行数：4384]
2025-12-20 13:30:11,192 [INFO] [开始读取数据库表：tuiding_data]
2025-12-20 13:30:11,461 [INFO] [成功读取表 tuiding_data，数据行数：4715]
2025-12-20 13:30:11,462 [INFO] [开始读取数据库表：debit_data]
2025-12-20 13:30:13,091 [INFO] [成功读取表 debit_data，数据行数：26630]
2025-12-20 13:30:13,484 [INFO] [开始读取数据库表：sales_invoice_data]
2025-12-20 13:30:14,671 [INFO] [成功读取表 sales_invoice_data，数据行数：21506]
2025-12-20 13:59:49,410 [INFO] [数据库引擎创建成功]
2025-12-20 13:59:49,411 [INFO] [开始读取数据库表：order_data]
2025-12-20 13:59:51,031 [INFO] [成功读取表 order_data，数据行数：23762]
2025-12-20 13:59:51,332 [INFO] [开始读取数据库表：sales_data]
2025-12-20 13:59:54,922 [INFO] [成功读取表 sales_data，数据行数：23887]
2025-12-20 13:59:56,799 [INFO] [开始读取数据库表：jingpin_data]
2025-12-20 13:59:56,979 [INFO] [成功读取表 jingpin_data，数据行数：5082]
2025-12-20 13:59:57,036 [INFO] [开始读取数据库表：inventory_data]
2025-12-20 13:59:57,375 [INFO] [成功读取表 inventory_data，数据行数：4381]
2025-12-20 13:59:57,375 [INFO] [开始读取数据库表：tuiding_data]
2025-12-20 13:59:57,664 [INFO] [成功读取表 tuiding_data，数据行数：4717]
2025-12-20 13:59:57,664 [INFO] [开始读取数据库表：debit_data]
2025-12-20 13:59:59,309 [INFO] [成功读取表 debit_data，数据行数：26630]
2025-12-20 13:59:59,715 [INFO] [开始读取数据库表：sales_invoice_data]
2025-12-20 14:00:00,837 [INFO] [成功读取表 sales_invoice_data，数据行数：21508]
2025-12-20 14:30:28,791 [INFO] [数据库引擎创建成功]
2025-12-20 14:30:28,793 [INFO] [开始读取数据库表：order_data]
2025-12-20 14:30:30,377 [INFO] [成功读取表 order_data，数据行数：23769]
2025-12-20 14:30:30,628 [INFO] [开始读取数据库表：sales_data]
2025-12-20 14:30:34,236 [INFO] [成功读取表 sales_data，数据行数：23887]
2025-12-20 14:30:36,139 [INFO] [开始读取数据库表：jingpin_data]
2025-12-20 14:30:36,280 [INFO] [成功读取表 jingpin_data，数据行数：5083]
2025-12-20 14:30:36,338 [INFO] [开始读取数据库表：inventory_data]
2025-12-20 14:30:36,653 [INFO] [成功读取表 inventory_data，数据行数：4381]
2025-12-20 14:30:36,654 [INFO] [开始读取数据库表：tuiding_data]
2025-12-20 14:30:36,911 [INFO] [成功读取表 tuiding_data，数据行数：4718]
2025-12-20 14:30:36,911 [INFO] [开始读取数据库表：debit_data]
2025-12-20 14:30:38,514 [INFO] [成功读取表 debit_data，数据行数：26630]
2025-12-20 14:30:38,912 [INFO] [开始读取数据库表：sales_invoice_data]
2025-12-20 14:30:40,178 [INFO] [成功读取表 sales_invoice_data，数据行数：21508]
2025-12-20 15:00:19,500 [INFO] [数据库引擎创建成功]
2025-12-20 15:00:19,501 [INFO] [开始读取数据库表：order_data]
2025-12-20 15:00:20,989 [INFO] [成功读取表 order_data，数据行数：23773]
2025-12-20 15:00:21,332 [INFO] [开始读取数据库表：sales_data]
2025-12-20 15:00:25,405 [INFO] [成功读取表 sales_data，数据行数：23891]
2025-12-20 15:00:27,281 [INFO] [开始读取数据库表：jingpin_data]
2025-12-20 15:00:27,446 [INFO] [成功读取表 jingpin_data，数据行数：5085]
2025-12-20 15:00:27,508 [INFO] [开始读取数据库表：inventory_data]
2025-12-20 15:00:27,837 [INFO] [成功读取表 inventory_data，数据行数：4377]
2025-12-20 15:00:27,837 [INFO] [开始读取数据库表：tuiding_data]
2025-12-20 15:00:28,095 [INFO] [成功读取表 tuiding_data，数据行数：4718]
2025-12-20 15:00:28,095 [INFO] [开始读取数据库表：debit_data]
2025-12-20 15:00:29,697 [INFO] [成功读取表 debit_data，数据行数：26630]
2025-12-20 15:00:30,076 [INFO] [开始读取数据库表：sales_invoice_data]
2025-12-20 15:00:31,323 [INFO] [成功读取表 sales_invoice_data，数据行数：21512]
2025-12-20 15:30:03,145 [INFO] [数据库引擎创建成功]
2025-12-20 15:30:03,146 [INFO] [开始读取数据库表：order_data]
2025-12-20 15:30:04,674 [INFO] [成功读取表 order_data，数据行数：23777]
2025-12-20 15:30:04,955 [INFO] [开始读取数据库表：sales_data]
2025-12-20 15:30:08,639 [INFO] [成功读取表 sales_data，数据行数：23894]
2025-12-20 15:30:10,498 [INFO] [开始读取数据库表：jingpin_data]
2025-12-20 15:30:10,693 [INFO] [成功读取表 jingpin_data，数据行数：5085]
2025-12-20 15:30:10,741 [INFO] [开始读取数据库表：inventory_data]
2025-12-20 15:30:11,163 [INFO] [成功读取表 inventory_data，数据行数：4374]
2025-12-20 15:30:11,163 [INFO] [开始读取数据库表：tuiding_data]
2025-12-20 15:30:11,461 [INFO] [成功读取表 tuiding_data，数据行数：4718]
2025-12-20 15:30:11,461 [INFO] [开始读取数据库表：debit_data]
2025-12-20 15:30:13,138 [INFO] [成功读取表 debit_data，数据行数：26630]
2025-12-20 15:30:13,513 [INFO] [开始读取数据库表：sales_invoice_data]
2025-12-20 15:30:14,786 [INFO] [成功读取表 sales_invoice_data，数据行数：21515]
2025-12-20 16:00:10,098 [INFO] [数据库引擎创建成功]
2025-12-20 16:00:10,099 [INFO] [开始读取数据库表：order_data]
2025-12-20 16:00:11,653 [INFO] [成功读取表 order_data，数据行数：23783]
2025-12-20 16:00:11,998 [INFO] [开始读取数据库表：sales_data]
2025-12-20 16:00:15,695 [INFO] [成功读取表 sales_data，数据行数：23899]
2025-12-20 16:00:17,567 [INFO] [开始读取数据库表：jingpin_data]
2025-12-20 16:00:17,732 [INFO] [成功读取表 jingpin_data，数据行数：5091]
2025-12-20 16:00:17,795 [INFO] [开始读取数据库表：inventory_data]
2025-12-20 16:00:18,156 [INFO] [成功读取表 inventory_data，数据行数：4369]
2025-12-20 16:00:18,157 [INFO] [开始读取数据库表：tuiding_data]
2025-12-20 16:00:18,415 [INFO] [成功读取表 tuiding_data，数据行数：4718]
2025-12-20 16:00:18,415 [INFO] [开始读取数据库表：debit_data]
2025-12-20 16:00:19,951 [INFO] [成功读取表 debit_data，数据行数：26630]
2025-12-20 16:00:20,286 [INFO] [开始读取数据库表：sales_invoice_data]
2025-12-20 16:00:21,532 [INFO] [成功读取表 sales_invoice_data，数据行数：21520]
2025-12-20 16:29:39,860 [INFO] [数据库引擎创建成功]
2025-12-20 16:29:39,870 [INFO] [开始读取数据库表：order_data]
2025-12-20 16:29:41,340 [INFO] [成功读取表 order_data，数据行数：23786]
2025-12-20 16:29:41,616 [INFO] [开始读取数据库表：sales_data]
2025-12-20 16:29:44,964 [INFO] [成功读取表 sales_data，数据行数：23903]
2025-12-20 16:29:46,846 [INFO] [开始读取数据库表：jingpin_data]
2025-12-20 16:29:46,995 [INFO] [成功读取表 jingpin_data，数据行数：5095]
2025-12-20 16:29:47,051 [INFO] [开始读取数据库表：inventory_data]
2025-12-20 16:29:47,401 [INFO] [成功读取表 inventory_data，数据行数：4365]
2025-12-20 16:29:47,401 [INFO] [开始读取数据库表：tuiding_data]
2025-12-20 16:29:47,684 [INFO] [成功读取表 tuiding_data，数据行数：4719]
2025-12-20 16:29:47,685 [INFO] [开始读取数据库表：debit_data]
2025-12-20 16:29:49,304 [INFO] [成功读取表 debit_data，数据行数：26630]
2025-12-20 16:29:49,642 [INFO] [开始读取数据库表：sales_invoice_data]
2025-12-20 16:29:50,884 [INFO] [成功读取表 sales_invoice_data，数据行数：21524]
2025-12-20 17:00:00,713 [INFO] [数据库引擎创建成功]
2025-12-20 17:00:00,714 [INFO] [开始读取数据库表：order_data]
2025-12-20 17:00:02,037 [INFO] [成功读取表 order_data，数据行数：23793]
2025-12-20 17:00:02,330 [INFO] [开始读取数据库表：sales_data]
2025-12-20 17:00:05,748 [INFO] [成功读取表 sales_data，数据行数：23907]
2025-12-20 17:00:07,505 [INFO] [开始读取数据库表：jingpin_data]
2025-12-20 17:00:07,644 [INFO] [成功读取表 jingpin_data，数据行数：5095]
2025-12-20 17:00:07,693 [INFO] [开始读取数据库表：inventory_data]
2025-12-20 17:00:07,986 [INFO] [成功读取表 inventory_data，数据行数：4362]
2025-12-20 17:00:07,986 [INFO] [开始读取数据库表：tuiding_data]
2025-12-20 17:00:08,214 [INFO] [成功读取表 tuiding_data，数据行数：4719]
2025-12-20 17:00:08,214 [INFO] [开始读取数据库表：debit_data]
2025-12-20 17:00:09,606 [INFO] [成功读取表 debit_data，数据行数：26630]
2025-12-20 17:00:09,966 [INFO] [开始读取数据库表：sales_invoice_data]
2025-12-20 17:00:11,150 [INFO] [成功读取表 sales_invoice_data，数据行数：21527]
2025-12-20 17:30:15,578 [INFO] [数据库引擎创建成功]
2025-12-20 17:30:15,587 [INFO] [开始读取数据库表：order_data]
2025-12-20 17:30:17,176 [INFO] [成功读取表 order_data，数据行数：23800]
2025-12-20 17:30:17,459 [INFO] [开始读取数据库表：sales_data]
2025-12-20 17:30:21,239 [INFO] [成功读取表 sales_data，数据行数：23908]
2025-12-20 17:30:23,317 [INFO] [开始读取数据库表：jingpin_data]
2025-12-20 17:30:23,481 [INFO] [成功读取表 jingpin_data，数据行数：5095]
2025-12-20 17:30:23,556 [INFO] [开始读取数据库表：inventory_data]
2025-12-20 17:30:23,961 [INFO] [成功读取表 inventory_data，数据行数：4362]
2025-12-20 17:30:23,962 [INFO] [开始读取数据库表：tuiding_data]
2025-12-20 17:30:24,219 [INFO] [成功读取表 tuiding_data，数据行数：4719]
2025-12-20 17:30:24,219 [INFO] [开始读取数据库表：debit_data]
2025-12-20 17:30:25,912 [INFO] [成功读取表 debit_data，数据行数：26630]
2025-12-20 17:30:26,289 [INFO] [开始读取数据库表：sales_invoice_data]
2025-12-20 17:30:27,555 [INFO] [成功读取表 sales_invoice_data，数据行数：21528]
2025-12-20 17:59:49,958 [INFO] [数据库引擎创建成功]
2025-12-20 17:59:49,969 [INFO] [开始读取数据库表：order_data]
2025-12-20 17:59:51,375 [INFO] [成功读取表 order_data，数据行数：23817]
2025-12-20 17:59:51,727 [INFO] [开始读取数据库表：sales_data]
2025-12-20 17:59:55,427 [INFO] [成功读取表 sales_data，数据行数：23912]
2025-12-20 17:59:57,341 [INFO] [开始读取数据库表：jingpin_data]
2025-12-20 17:59:57,556 [INFO] [成功读取表 jingpin_data，数据行数：5096]
2025-12-20 17:59:57,642 [INFO] [开始读取数据库表：inventory_data]
2025-12-20 17:59:57,992 [INFO] [成功读取表 inventory_data，数据行数：4357]
2025-12-20 17:59:57,993 [INFO] [开始读取数据库表：tuiding_data]
2025-12-20 17:59:58,309 [INFO] [成功读取表 tuiding_data，数据行数：4720]
2025-12-20 17:59:58,309 [INFO] [开始读取数据库表：debit_data]
2025-12-20 18:00:00,037 [INFO] [成功读取表 debit_data，数据行数：26630]
2025-12-20 18:00:00,366 [INFO] [开始读取数据库表：sales_invoice_data]
2025-12-20 18:00:01,500 [INFO] [成功读取表 sales_invoice_data，数据行数：21534]
2025-12-20 18:30:10,287 [INFO] [数据库引擎创建成功]
2025-12-20 18:30:10,288 [INFO] [开始读取数据库表：order_data]
2025-12-20 18:30:11,855 [INFO] [成功读取表 order_data，数据行数：23827]
2025-12-20 18:30:12,132 [INFO] [开始读取数据库表：sales_data]
2025-12-20 18:30:16,150 [INFO] [成功读取表 sales_data，数据行数：23941]
2025-12-20 18:30:18,111 [INFO] [开始读取数据库表：jingpin_data]
2025-12-20 18:30:18,266 [INFO] [成功读取表 jingpin_data，数据行数：5096]
2025-12-20 18:30:18,337 [INFO] [开始读取数据库表：inventory_data]
2025-12-20 18:30:18,719 [INFO] [成功读取表 inventory_data，数据行数：4328]
2025-12-20 18:30:18,719 [INFO] [开始读取数据库表：tuiding_data]
2025-12-20 18:30:18,964 [INFO] [成功读取表 tuiding_data，数据行数：4720]
2025-12-20 18:30:18,964 [INFO] [开始读取数据库表：debit_data]
2025-12-20 18:30:20,598 [INFO] [成功读取表 debit_data，数据行数：26630]
2025-12-20 18:30:20,990 [INFO] [开始读取数据库表：sales_invoice_data]
2025-12-20 18:30:22,294 [INFO] [成功读取表 sales_invoice_data，数据行数：21563]
2025-12-20 19:00:04,178 [INFO] [数据库引擎创建成功]
2025-12-20 19:00:04,179 [INFO] [开始读取数据库表：order_data]
2025-12-20 19:00:05,521 [INFO] [成功读取表 order_data，数据行数：23831]
2025-12-20 19:00:05,782 [INFO] [开始读取数据库表：sales_data]
2025-12-20 19:00:08,853 [INFO] [成功读取表 sales_data，数据行数：23941]
2025-12-20 19:00:10,871 [INFO] [开始读取数据库表：jingpin_data]
2025-12-20 19:00:11,024 [INFO] [成功读取表 jingpin_data，数据行数：5096]
2025-12-20 19:00:11,079 [INFO] [开始读取数据库表：inventory_data]
2025-12-20 19:00:11,418 [INFO] [成功读取表 inventory_data，数据行数：4328]
2025-12-20 19:00:11,418 [INFO] [开始读取数据库表：tuiding_data]
2025-12-20 19:00:11,687 [INFO] [成功读取表 tuiding_data，数据行数：4720]
2025-12-20 19:00:11,688 [INFO] [开始读取数据库表：debit_data]
2025-12-20 19:00:13,236 [INFO] [成功读取表 debit_data，数据行数：26630]
2025-12-20 19:00:13,648 [INFO] [开始读取数据库表：sales_invoice_data]
2025-12-20 19:00:15,069 [INFO] [成功读取表 sales_invoice_data，数据行数：21563]
2025-12-20 19:29:51,987 [INFO] [数据库引擎创建成功]
2025-12-20 19:29:51,988 [INFO] [开始读取数据库表：order_data]
2025-12-20 19:29:53,583 [INFO] [成功读取表 order_data，数据行数：23836]
2025-12-20 19:29:53,872 [INFO] [开始读取数据库表：sales_data]
2025-12-20 19:29:57,629 [INFO] [成功读取表 sales_data，数据行数：23941]
2025-12-20 19:29:59,616 [INFO] [开始读取数据库表：jingpin_data]
2025-12-20 19:29:59,810 [INFO] [成功读取表 jingpin_data，数据行数：5096]
2025-12-20 19:29:59,902 [INFO] [开始读取数据库表：inventory_data]
2025-12-20 19:30:00,233 [INFO] [成功读取表 inventory_data，数据行数：4328]
2025-12-20 19:30:00,234 [INFO] [开始读取数据库表：tuiding_data]
2025-12-20 19:30:00,445 [INFO] [成功读取表 tuiding_data，数据行数：4720]
2025-12-20 19:30:00,446 [INFO] [开始读取数据库表：debit_data]
2025-12-20 19:30:01,963 [INFO] [成功读取表 debit_data，数据行数：26630]
2025-12-20 19:30:02,294 [INFO] [开始读取数据库表：sales_invoice_data]
2025-12-20 19:30:03,428 [INFO] [成功读取表 sales_invoice_data，数据行数：21563]
2025-12-20 19:59:48,347 [INFO] [数据库引擎创建成功]
2025-12-20 19:59:48,348 [INFO] [开始读取数据库表：order_data]
2025-12-20 19:59:49,900 [INFO] [成功读取表 order_data，数据行数：23839]
2025-12-20 19:59:50,172 [INFO] [开始读取数据库表：sales_data]
2025-12-20 19:59:53,885 [INFO] [成功读取表 sales_data，数据行数：23941]
2025-12-20 19:59:55,932 [INFO] [开始读取数据库表：jingpin_data]
2025-12-20 19:59:56,096 [INFO] [成功读取表 jingpin_data，数据行数：5096]
2025-12-20 19:59:56,185 [INFO] [开始读取数据库表：inventory_data]
2025-12-20 19:59:56,548 [INFO] [成功读取表 inventory_data，数据行数：4328]
2025-12-20 19:59:56,549 [INFO] [开始读取数据库表：tuiding_data]
2025-12-20 19:59:56,785 [INFO] [成功读取表 tuiding_data，数据行数：4720]
2025-12-20 19:59:56,785 [INFO] [开始读取数据库表：debit_data]
2025-12-20 19:59:58,412 [INFO] [成功读取表 debit_data，数据行数：26630]
2025-12-20 19:59:58,796 [INFO] [开始读取数据库表：sales_invoice_data]
2025-12-20 20:00:00,103 [INFO] [成功读取表 sales_invoice_data，数据行数：21563]
2025-12-20 20:29:49,726 [INFO] [数据库引擎创建成功]
2025-12-20 20:29:49,735 [INFO] [开始读取数据库表：order_data]
2025-12-20 20:29:51,224 [INFO] [成功读取表 order_data，数据行数：23841]
2025-12-20 20:29:51,562 [INFO] [开始读取数据库表：sales_data]
2025-12-20 20:29:55,188 [INFO] [成功读取表 sales_data，数据行数：23941]
2025-12-20 20:29:57,142 [INFO] [开始读取数据库表：jingpin_data]
2025-12-20 20:29:57,299 [INFO] [成功读取表 jingpin_data，数据行数：5096]
2025-12-20 20:29:57,361 [INFO] [开始读取数据库表：inventory_data]
2025-12-20 20:29:57,764 [INFO] [成功读取表 inventory_data，数据行数：4328]
2025-12-20 20:29:57,764 [INFO] [开始读取数据库表：tuiding_data]
2025-12-20 20:29:58,059 [INFO] [成功读取表 tuiding_data，数据行数：4720]
2025-12-20 20:29:58,059 [INFO] [开始读取数据库表：debit_data]
2025-12-20 20:29:59,701 [INFO] [成功读取表 debit_data，数据行数：26630]
2025-12-20 20:30:00,074 [INFO] [开始读取数据库表：sales_invoice_data]
2025-12-20 20:30:01,107 [INFO] [成功读取表 sales_invoice_data，数据行数：21563]
2025-12-20 20:59:55,515 [INFO] [数据库引擎创建成功]
2025-12-20 20:59:55,516 [INFO] [开始读取数据库表：order_data]
2025-12-20 20:59:56,905 [INFO] [成功读取表 order_data，数据行数：23842]
2025-12-20 20:59:57,211 [INFO] [开始读取数据库表：sales_data]
2025-12-20 21:00:00,800 [INFO] [成功读取表 sales_data，数据行数：23941]
2025-12-20 21:00:02,637 [INFO] [开始读取数据库表：jingpin_data]
2025-12-20 21:00:02,803 [INFO] [成功读取表 jingpin_data，数据行数：5096]
2025-12-20 21:00:02,868 [INFO] [开始读取数据库表：inventory_data]
2025-12-20 21:00:03,191 [INFO] [成功读取表 inventory_data，数据行数：4328]
2025-12-20 21:00:03,191 [INFO] [开始读取数据库表：tuiding_data]
2025-12-20 21:00:03,443 [INFO] [成功读取表 tuiding_data，数据行数：4720]
2025-12-20 21:00:03,443 [INFO] [开始读取数据库表：debit_data]
2025-12-20 21:00:04,896 [INFO] [成功读取表 debit_data，数据行数：26630]
2025-12-20 21:00:05,224 [INFO] [开始读取数据库表：sales_invoice_data]
2025-12-20 21:00:06,317 [INFO] [成功读取表 sales_invoice_data，数据行数：21563]
2025-12-20 21:29:38,493 [INFO] [数据库引擎创建成功]
2025-12-20 21:29:38,494 [INFO] [开始读取数据库表：order_data]
2025-12-20 21:29:39,958 [INFO] [成功读取表 order_data，数据行数：23842]
2025-12-20 21:29:40,225 [INFO] [开始读取数据库表：sales_data]
2025-12-20 21:29:43,745 [INFO] [成功读取表 sales_data，数据行数：23941]
2025-12-20 21:29:45,621 [INFO] [开始读取数据库表：jingpin_data]
2025-12-20 21:29:45,803 [INFO] [成功读取表 jingpin_data，数据行数：5096]
2025-12-20 21:29:45,883 [INFO] [开始读取数据库表：inventory_data]
2025-12-20 21:29:46,250 [INFO] [成功读取表 inventory_data，数据行数：4328]
2025-12-20 21:29:46,251 [INFO] [开始读取数据库表：tuiding_data]
2025-12-20 21:29:46,502 [INFO] [成功读取表 tuiding_data，数据行数：4720]
2025-12-20 21:29:46,502 [INFO] [开始读取数据库表：debit_data]
2025-12-20 21:29:48,142 [INFO] [成功读取表 debit_data，数据行数：26630]
2025-12-20 21:29:48,503 [INFO] [开始读取数据库表：sales_invoice_data]
2025-12-20 21:29:49,718 [INFO] [成功读取表 sales_invoice_data，数据行数：21563]
2025-12-20 21:59:48,978 [INFO] [数据库引擎创建成功]
2025-12-20 21:59:48,989 [INFO] [开始读取数据库表：order_data]
2025-12-20 21:59:50,468 [INFO] [成功读取表 order_data，数据行数：23842]
2025-12-20 21:59:50,779 [INFO] [开始读取数据库表：sales_data]
2025-12-20 21:59:54,174 [INFO] [成功读取表 sales_data，数据行数：23941]
2025-12-20 21:59:56,122 [INFO] [开始读取数据库表：jingpin_data]
2025-12-20 21:59:56,272 [INFO] [成功读取表 jingpin_data，数据行数：5096]
2025-12-20 21:59:56,337 [INFO] [开始读取数据库表：inventory_data]
2025-12-20 21:59:56,660 [INFO] [成功读取表 inventory_data，数据行数：4328]
2025-12-20 21:59:56,661 [INFO] [开始读取数据库表：tuiding_data]
2025-12-20 21:59:56,907 [INFO] [成功读取表 tuiding_data，数据行数：4720]
2025-12-20 21:59:56,908 [INFO] [开始读取数据库表：debit_data]
2025-12-20 21:59:58,375 [INFO] [成功读取表 debit_data，数据行数：26630]
2025-12-20 21:59:58,720 [INFO] [开始读取数据库表：sales_invoice_data]
2025-12-20 22:00:00,031 [INFO] [成功读取表 sales_invoice_data，数据行数：21563]
