2025-10-25 00:28:12,079 [INFO] [数据库引擎创建成功]
2025-10-25 00:28:12,079 [INFO] [开始读取数据库表：order_data]
2025-10-25 00:28:12,662 [INFO] [成功读取表 order_data，数据行数：18552]
2025-10-25 00:28:12,854 [INFO] [开始读取数据库表：sales_data]
2025-10-25 00:28:16,871 [INFO] [成功读取表 sales_data，数据行数：22728]
2025-10-25 00:28:18,449 [INFO] [开始读取数据库表：jingpin_data]
2025-10-25 00:28:18,635 [INFO] [成功读取表 jingpin_data，数据行数：4522]
2025-10-25 00:28:18,672 [INFO] [开始读取数据库表：inventory_data]
2025-10-25 00:28:19,376 [INFO] [成功读取表 inventory_data，数据行数：8677]
2025-10-25 00:28:19,377 [INFO] [开始读取数据库表：tuiding_data]
2025-10-25 00:28:19,512 [INFO] [成功读取表 tuiding_data，数据行数：3413]
2025-10-25 00:28:19,512 [INFO] [开始读取数据库表：debit_data]
2025-10-25 00:28:20,546 [INFO] [成功读取表 debit_data，数据行数：17441]
2025-10-25 00:28:20,838 [INFO] [开始读取数据库表：sales_invoice_data]
2025-10-25 00:28:21,836 [INFO] [成功读取表 sales_invoice_data，数据行数：17020]
2025-10-25 00:57:56,321 [INFO] [数据库引擎创建成功]
2025-10-25 00:57:56,330 [INFO] [开始读取数据库表：order_data]
2025-10-25 00:57:57,010 [INFO] [成功读取表 order_data，数据行数：18552]
2025-10-25 00:57:57,200 [INFO] [开始读取数据库表：sales_data]
2025-10-25 00:58:01,258 [INFO] [成功读取表 sales_data，数据行数：22728]
2025-10-25 00:58:02,932 [INFO] [开始读取数据库表：jingpin_data]
2025-10-25 00:58:03,153 [INFO] [成功读取表 jingpin_data，数据行数：4522]
2025-10-25 00:58:03,191 [INFO] [开始读取数据库表：inventory_data]
2025-10-25 00:58:03,860 [INFO] [成功读取表 inventory_data，数据行数：8677]
2025-10-25 00:58:03,860 [INFO] [开始读取数据库表：tuiding_data]
2025-10-25 00:58:03,994 [INFO] [成功读取表 tuiding_data，数据行数：3413]
2025-10-25 00:58:03,994 [INFO] [开始读取数据库表：debit_data]
2025-10-25 00:58:05,130 [INFO] [成功读取表 debit_data，数据行数：17441]
2025-10-25 00:58:05,454 [INFO] [开始读取数据库表：sales_invoice_data]
2025-10-25 00:58:06,421 [INFO] [成功读取表 sales_invoice_data，数据行数：17020]
2025-10-25 01:28:06,581 [INFO] [数据库引擎创建成功]
2025-10-25 01:28:06,582 [INFO] [开始读取数据库表：order_data]
2025-10-25 01:28:07,283 [INFO] [成功读取表 order_data，数据行数：18552]
2025-10-25 01:28:07,519 [INFO] [开始读取数据库表：sales_data]
2025-10-25 01:28:11,584 [INFO] [成功读取表 sales_data，数据行数：22728]
2025-10-25 01:28:13,239 [INFO] [开始读取数据库表：jingpin_data]
2025-10-25 01:28:13,437 [INFO] [成功读取表 jingpin_data，数据行数：4522]
2025-10-25 01:28:13,476 [INFO] [开始读取数据库表：inventory_data]
2025-10-25 01:28:14,136 [INFO] [成功读取表 inventory_data，数据行数：8677]
2025-10-25 01:28:14,136 [INFO] [开始读取数据库表：tuiding_data]
2025-10-25 01:28:14,282 [INFO] [成功读取表 tuiding_data，数据行数：3413]
2025-10-25 01:28:14,282 [INFO] [开始读取数据库表：debit_data]
2025-10-25 01:28:15,403 [INFO] [成功读取表 debit_data，数据行数：17441]
2025-10-25 01:28:15,722 [INFO] [开始读取数据库表：sales_invoice_data]
2025-10-25 01:28:16,621 [INFO] [成功读取表 sales_invoice_data，数据行数：17020]
2025-10-25 01:57:47,276 [INFO] [数据库引擎创建成功]
2025-10-25 01:57:47,286 [INFO] [开始读取数据库表：order_data]
2025-10-25 01:57:47,869 [INFO] [成功读取表 order_data，数据行数：18552]
2025-10-25 01:57:48,085 [INFO] [开始读取数据库表：sales_data]
2025-10-25 01:57:52,175 [INFO] [成功读取表 sales_data，数据行数：22728]
2025-10-25 01:57:53,807 [INFO] [开始读取数据库表：jingpin_data]
2025-10-25 01:57:53,987 [INFO] [成功读取表 jingpin_data，数据行数：4522]
2025-10-25 01:57:54,059 [INFO] [开始读取数据库表：inventory_data]
2025-10-25 01:57:54,757 [INFO] [成功读取表 inventory_data，数据行数：8677]
2025-10-25 01:57:54,757 [INFO] [开始读取数据库表：tuiding_data]
2025-10-25 01:57:54,911 [INFO] [成功读取表 tuiding_data，数据行数：3413]
2025-10-25 01:57:54,911 [INFO] [开始读取数据库表：debit_data]
2025-10-25 01:57:56,013 [INFO] [成功读取表 debit_data，数据行数：17441]
2025-10-25 01:57:56,335 [INFO] [开始读取数据库表：sales_invoice_data]
2025-10-25 01:57:57,341 [INFO] [成功读取表 sales_invoice_data，数据行数：17020]
2025-10-25 02:27:47,009 [INFO] [数据库引擎创建成功]
2025-10-25 02:27:47,010 [INFO] [开始读取数据库表：order_data]
2025-10-25 02:27:47,871 [INFO] [成功读取表 order_data，数据行数：18552]
2025-10-25 02:27:48,145 [INFO] [开始读取数据库表：sales_data]
2025-10-25 02:27:52,348 [INFO] [成功读取表 sales_data，数据行数：22728]
2025-10-25 02:27:54,030 [INFO] [开始读取数据库表：jingpin_data]
2025-10-25 02:27:54,238 [INFO] [成功读取表 jingpin_data，数据行数：4522]
2025-10-25 02:27:54,273 [INFO] [开始读取数据库表：inventory_data]
2025-10-25 02:27:54,976 [INFO] [成功读取表 inventory_data，数据行数：8677]
2025-10-25 02:27:54,976 [INFO] [开始读取数据库表：tuiding_data]
2025-10-25 02:27:55,114 [INFO] [成功读取表 tuiding_data，数据行数：3413]
2025-10-25 02:27:55,114 [INFO] [开始读取数据库表：debit_data]
2025-10-25 02:27:56,234 [INFO] [成功读取表 debit_data，数据行数：17441]
2025-10-25 02:27:56,551 [INFO] [开始读取数据库表：sales_invoice_data]
2025-10-25 02:27:57,502 [INFO] [成功读取表 sales_invoice_data，数据行数：17020]
2025-10-25 02:57:42,434 [INFO] [数据库引擎创建成功]
2025-10-25 02:57:42,444 [INFO] [开始读取数据库表：order_data]
2025-10-25 02:57:43,069 [INFO] [成功读取表 order_data，数据行数：18552]
2025-10-25 02:57:43,309 [INFO] [开始读取数据库表：sales_data]
2025-10-25 02:57:47,492 [INFO] [成功读取表 sales_data，数据行数：22728]
2025-10-25 02:57:49,164 [INFO] [开始读取数据库表：jingpin_data]
2025-10-25 02:57:49,357 [INFO] [成功读取表 jingpin_data，数据行数：4522]
2025-10-25 02:57:49,397 [INFO] [开始读取数据库表：inventory_data]
2025-10-25 02:57:50,051 [INFO] [成功读取表 inventory_data，数据行数：8677]
2025-10-25 02:57:50,051 [INFO] [开始读取数据库表：tuiding_data]
2025-10-25 02:57:50,200 [INFO] [成功读取表 tuiding_data，数据行数：3413]
2025-10-25 02:57:50,200 [INFO] [开始读取数据库表：debit_data]
2025-10-25 02:57:51,254 [INFO] [成功读取表 debit_data，数据行数：17441]
2025-10-25 02:57:51,553 [INFO] [开始读取数据库表：sales_invoice_data]
2025-10-25 02:57:52,437 [INFO] [成功读取表 sales_invoice_data，数据行数：17020]
2025-10-25 03:27:57,211 [INFO] [数据库引擎创建成功]
2025-10-25 03:27:57,220 [INFO] [开始读取数据库表：order_data]
2025-10-25 03:27:57,794 [INFO] [成功读取表 order_data，数据行数：18552]
2025-10-25 03:27:57,980 [INFO] [开始读取数据库表：sales_data]
2025-10-25 03:28:02,029 [INFO] [成功读取表 sales_data，数据行数：22728]
2025-10-25 03:28:03,680 [INFO] [开始读取数据库表：jingpin_data]
2025-10-25 03:28:03,855 [INFO] [成功读取表 jingpin_data，数据行数：4522]
2025-10-25 03:28:03,891 [INFO] [开始读取数据库表：inventory_data]
2025-10-25 03:28:04,542 [INFO] [成功读取表 inventory_data，数据行数：8677]
2025-10-25 03:28:04,542 [INFO] [开始读取数据库表：tuiding_data]
2025-10-25 03:28:04,674 [INFO] [成功读取表 tuiding_data，数据行数：3413]
2025-10-25 03:28:04,674 [INFO] [开始读取数据库表：debit_data]
2025-10-25 03:28:05,853 [INFO] [成功读取表 debit_data，数据行数：17441]
2025-10-25 03:28:06,132 [INFO] [开始读取数据库表：sales_invoice_data]
2025-10-25 03:28:07,110 [INFO] [成功读取表 sales_invoice_data，数据行数：17020]
2025-10-25 03:57:52,632 [INFO] [数据库引擎创建成功]
2025-10-25 03:57:52,642 [INFO] [开始读取数据库表：order_data]
2025-10-25 03:57:53,155 [INFO] [成功读取表 order_data，数据行数：18552]
2025-10-25 03:57:53,339 [INFO] [开始读取数据库表：sales_data]
2025-10-25 03:57:57,559 [INFO] [成功读取表 sales_data，数据行数：22728]
2025-10-25 03:57:59,210 [INFO] [开始读取数据库表：jingpin_data]
2025-10-25 03:57:59,394 [INFO] [成功读取表 jingpin_data，数据行数：4522]
2025-10-25 03:57:59,430 [INFO] [开始读取数据库表：inventory_data]
2025-10-25 03:58:00,117 [INFO] [成功读取表 inventory_data，数据行数：8677]
2025-10-25 03:58:00,117 [INFO] [开始读取数据库表：tuiding_data]
2025-10-25 03:58:00,256 [INFO] [成功读取表 tuiding_data，数据行数：3413]
2025-10-25 03:58:00,256 [INFO] [开始读取数据库表：debit_data]
2025-10-25 03:58:01,218 [INFO] [成功读取表 debit_data，数据行数：17441]
2025-10-25 03:58:01,506 [INFO] [开始读取数据库表：sales_invoice_data]
2025-10-25 03:58:02,436 [INFO] [成功读取表 sales_invoice_data，数据行数：17020]
2025-10-25 04:28:01,982 [INFO] [数据库引擎创建成功]
2025-10-25 04:28:01,992 [INFO] [开始读取数据库表：order_data]
2025-10-25 04:28:02,541 [INFO] [成功读取表 order_data，数据行数：18552]
2025-10-25 04:28:02,770 [INFO] [开始读取数据库表：sales_data]
2025-10-25 04:28:06,658 [INFO] [成功读取表 sales_data，数据行数：22728]
2025-10-25 04:28:08,276 [INFO] [开始读取数据库表：jingpin_data]
2025-10-25 04:28:08,433 [INFO] [成功读取表 jingpin_data，数据行数：4522]
2025-10-25 04:28:08,487 [INFO] [开始读取数据库表：inventory_data]
2025-10-25 04:28:09,087 [INFO] [成功读取表 inventory_data，数据行数：8677]
2025-10-25 04:28:09,087 [INFO] [开始读取数据库表：tuiding_data]
2025-10-25 04:28:09,225 [INFO] [成功读取表 tuiding_data，数据行数：3413]
2025-10-25 04:28:09,225 [INFO] [开始读取数据库表：debit_data]
2025-10-25 04:28:10,317 [INFO] [成功读取表 debit_data，数据行数：17441]
2025-10-25 04:28:10,601 [INFO] [开始读取数据库表：sales_invoice_data]
2025-10-25 04:28:11,535 [INFO] [成功读取表 sales_invoice_data，数据行数：17020]
2025-10-25 04:57:46,113 [INFO] [数据库引擎创建成功]
2025-10-25 04:57:46,113 [INFO] [开始读取数据库表：order_data]
2025-10-25 04:57:46,681 [INFO] [成功读取表 order_data，数据行数：18552]
2025-10-25 04:57:46,883 [INFO] [开始读取数据库表：sales_data]
2025-10-25 04:57:50,961 [INFO] [成功读取表 sales_data，数据行数：22728]
2025-10-25 04:57:52,469 [INFO] [开始读取数据库表：jingpin_data]
2025-10-25 04:57:52,640 [INFO] [成功读取表 jingpin_data，数据行数：4522]
2025-10-25 04:57:52,709 [INFO] [开始读取数据库表：inventory_data]
2025-10-25 04:57:53,346 [INFO] [成功读取表 inventory_data，数据行数：8677]
2025-10-25 04:57:53,346 [INFO] [开始读取数据库表：tuiding_data]
2025-10-25 04:57:53,490 [INFO] [成功读取表 tuiding_data，数据行数：3413]
2025-10-25 04:57:53,490 [INFO] [开始读取数据库表：debit_data]
2025-10-25 04:57:54,579 [INFO] [成功读取表 debit_data，数据行数：17441]
2025-10-25 04:57:54,846 [INFO] [开始读取数据库表：sales_invoice_data]
2025-10-25 04:57:55,757 [INFO] [成功读取表 sales_invoice_data，数据行数：17020]
2025-10-25 05:27:44,436 [INFO] [数据库引擎创建成功]
2025-10-25 05:27:44,446 [INFO] [开始读取数据库表：order_data]
2025-10-25 05:27:45,101 [INFO] [成功读取表 order_data，数据行数：18552]
2025-10-25 05:27:45,311 [INFO] [开始读取数据库表：sales_data]
2025-10-25 05:27:49,365 [INFO] [成功读取表 sales_data，数据行数：22728]
2025-10-25 05:27:50,980 [INFO] [开始读取数据库表：jingpin_data]
2025-10-25 05:27:51,152 [INFO] [成功读取表 jingpin_data，数据行数：4522]
2025-10-25 05:27:51,183 [INFO] [开始读取数据库表：inventory_data]
2025-10-25 05:27:51,817 [INFO] [成功读取表 inventory_data，数据行数：8677]
2025-10-25 05:27:51,817 [INFO] [开始读取数据库表：tuiding_data]
2025-10-25 05:27:51,955 [INFO] [成功读取表 tuiding_data，数据行数：3413]
2025-10-25 05:27:51,955 [INFO] [开始读取数据库表：debit_data]
2025-10-25 05:27:52,978 [INFO] [成功读取表 debit_data，数据行数：17441]
2025-10-25 05:27:53,273 [INFO] [开始读取数据库表：sales_invoice_data]
2025-10-25 05:27:54,228 [INFO] [成功读取表 sales_invoice_data，数据行数：17020]
2025-10-25 05:57:48,812 [INFO] [数据库引擎创建成功]
2025-10-25 05:57:48,821 [INFO] [开始读取数据库表：order_data]
2025-10-25 05:57:49,424 [INFO] [成功读取表 order_data，数据行数：18552]
2025-10-25 05:57:49,628 [INFO] [开始读取数据库表：sales_data]
2025-10-25 05:57:53,610 [INFO] [成功读取表 sales_data，数据行数：22728]
2025-10-25 05:57:55,212 [INFO] [开始读取数据库表：jingpin_data]
2025-10-25 05:57:55,413 [INFO] [成功读取表 jingpin_data，数据行数：4522]
2025-10-25 05:57:55,451 [INFO] [开始读取数据库表：inventory_data]
2025-10-25 05:57:56,131 [INFO] [成功读取表 inventory_data，数据行数：8677]
2025-10-25 05:57:56,131 [INFO] [开始读取数据库表：tuiding_data]
2025-10-25 05:57:56,265 [INFO] [成功读取表 tuiding_data，数据行数：3413]
2025-10-25 05:57:56,265 [INFO] [开始读取数据库表：debit_data]
2025-10-25 05:57:57,360 [INFO] [成功读取表 debit_data，数据行数：17441]
2025-10-25 05:57:57,645 [INFO] [开始读取数据库表：sales_invoice_data]
2025-10-25 05:57:58,513 [INFO] [成功读取表 sales_invoice_data，数据行数：17020]
2025-10-25 06:28:01,367 [INFO] [数据库引擎创建成功]
2025-10-25 06:28:01,377 [INFO] [开始读取数据库表：order_data]
2025-10-25 06:28:01,982 [INFO] [成功读取表 order_data，数据行数：18552]
2025-10-25 06:28:02,166 [INFO] [开始读取数据库表：sales_data]
2025-10-25 06:28:06,256 [INFO] [成功读取表 sales_data，数据行数：22728]
2025-10-25 06:28:07,889 [INFO] [开始读取数据库表：jingpin_data]
2025-10-25 06:28:08,072 [INFO] [成功读取表 jingpin_data，数据行数：4522]
2025-10-25 06:28:08,109 [INFO] [开始读取数据库表：inventory_data]
2025-10-25 06:28:08,781 [INFO] [成功读取表 inventory_data，数据行数：8677]
2025-10-25 06:28:08,781 [INFO] [开始读取数据库表：tuiding_data]
2025-10-25 06:28:08,928 [INFO] [成功读取表 tuiding_data，数据行数：3413]
2025-10-25 06:28:08,928 [INFO] [开始读取数据库表：debit_data]
2025-10-25 06:28:10,019 [INFO] [成功读取表 debit_data，数据行数：17441]
2025-10-25 06:28:10,343 [INFO] [开始读取数据库表：sales_invoice_data]
2025-10-25 06:28:11,230 [INFO] [成功读取表 sales_invoice_data，数据行数：17020]
2025-10-25 06:57:55,210 [INFO] [数据库引擎创建成功]
2025-10-25 06:57:55,219 [INFO] [开始读取数据库表：order_data]
2025-10-25 06:57:55,796 [INFO] [成功读取表 order_data，数据行数：18552]
2025-10-25 06:57:55,977 [INFO] [开始读取数据库表：sales_data]
2025-10-25 06:58:00,060 [INFO] [成功读取表 sales_data，数据行数：22728]
2025-10-25 06:58:01,701 [INFO] [开始读取数据库表：jingpin_data]
2025-10-25 06:58:01,892 [INFO] [成功读取表 jingpin_data，数据行数：4522]
2025-10-25 06:58:01,966 [INFO] [开始读取数据库表：inventory_data]
2025-10-25 06:58:02,634 [INFO] [成功读取表 inventory_data，数据行数：8677]
2025-10-25 06:58:02,635 [INFO] [开始读取数据库表：tuiding_data]
2025-10-25 06:58:02,784 [INFO] [成功读取表 tuiding_data，数据行数：3413]
2025-10-25 06:58:02,784 [INFO] [开始读取数据库表：debit_data]
2025-10-25 06:58:03,870 [INFO] [成功读取表 debit_data，数据行数：17441]
2025-10-25 06:58:04,185 [INFO] [开始读取数据库表：sales_invoice_data]
2025-10-25 06:58:05,199 [INFO] [成功读取表 sales_invoice_data，数据行数：17020]
2025-10-25 07:27:57,000 [INFO] [数据库引擎创建成功]
2025-10-25 07:27:57,010 [INFO] [开始读取数据库表：order_data]
2025-10-25 07:27:57,691 [INFO] [成功读取表 order_data，数据行数：18552]
2025-10-25 07:27:57,894 [INFO] [开始读取数据库表：sales_data]
2025-10-25 07:28:01,950 [INFO] [成功读取表 sales_data，数据行数：22728]
2025-10-25 07:28:03,587 [INFO] [开始读取数据库表：jingpin_data]
2025-10-25 07:28:03,798 [INFO] [成功读取表 jingpin_data，数据行数：4522]
2025-10-25 07:28:03,834 [INFO] [开始读取数据库表：inventory_data]
2025-10-25 07:28:04,510 [INFO] [成功读取表 inventory_data，数据行数：8677]
2025-10-25 07:28:04,510 [INFO] [开始读取数据库表：tuiding_data]
2025-10-25 07:28:04,639 [INFO] [成功读取表 tuiding_data，数据行数：3413]
2025-10-25 07:28:04,639 [INFO] [开始读取数据库表：debit_data]
2025-10-25 07:28:05,750 [INFO] [成功读取表 debit_data，数据行数：17441]
2025-10-25 07:28:06,040 [INFO] [开始读取数据库表：sales_invoice_data]
2025-10-25 07:28:06,887 [INFO] [成功读取表 sales_invoice_data，数据行数：17020]
2025-10-25 07:57:56,152 [INFO] [数据库引擎创建成功]
2025-10-25 07:57:56,161 [INFO] [开始读取数据库表：order_data]
2025-10-25 07:57:56,775 [INFO] [成功读取表 order_data，数据行数：18552]
2025-10-25 07:57:56,951 [INFO] [开始读取数据库表：sales_data]
2025-10-25 07:58:00,958 [INFO] [成功读取表 sales_data，数据行数：22728]
2025-10-25 07:58:02,572 [INFO] [开始读取数据库表：jingpin_data]
2025-10-25 07:58:02,753 [INFO] [成功读取表 jingpin_data，数据行数：4522]
2025-10-25 07:58:02,790 [INFO] [开始读取数据库表：inventory_data]
2025-10-25 07:58:03,545 [INFO] [成功读取表 inventory_data，数据行数：8677]
2025-10-25 07:58:03,545 [INFO] [开始读取数据库表：tuiding_data]
2025-10-25 07:58:03,690 [INFO] [成功读取表 tuiding_data，数据行数：3413]
2025-10-25 07:58:03,690 [INFO] [开始读取数据库表：debit_data]
2025-10-25 07:58:04,754 [INFO] [成功读取表 debit_data，数据行数：17441]
2025-10-25 07:58:05,025 [INFO] [开始读取数据库表：sales_invoice_data]
2025-10-25 07:58:05,982 [INFO] [成功读取表 sales_invoice_data，数据行数：17020]
2025-10-25 08:28:00,370 [INFO] [数据库引擎创建成功]
2025-10-25 08:28:00,371 [INFO] [开始读取数据库表：order_data]
2025-10-25 08:28:00,905 [INFO] [成功读取表 order_data，数据行数：18552]
2025-10-25 08:28:01,111 [INFO] [开始读取数据库表：sales_data]
2025-10-25 08:28:05,228 [INFO] [成功读取表 sales_data，数据行数：22728]
2025-10-25 08:28:06,991 [INFO] [开始读取数据库表：jingpin_data]
2025-10-25 08:28:07,192 [INFO] [成功读取表 jingpin_data，数据行数：4522]
2025-10-25 08:28:07,229 [INFO] [开始读取数据库表：inventory_data]
2025-10-25 08:28:07,904 [INFO] [成功读取表 inventory_data，数据行数：8677]
2025-10-25 08:28:07,904 [INFO] [开始读取数据库表：tuiding_data]
2025-10-25 08:28:08,053 [INFO] [成功读取表 tuiding_data，数据行数：3413]
2025-10-25 08:28:08,053 [INFO] [开始读取数据库表：debit_data]
2025-10-25 08:28:09,145 [INFO] [成功读取表 debit_data，数据行数：17441]
2025-10-25 08:28:09,460 [INFO] [开始读取数据库表：sales_invoice_data]
2025-10-25 08:28:10,372 [INFO] [成功读取表 sales_invoice_data，数据行数：17020]
2025-10-25 08:58:17,626 [INFO] [数据库引擎创建成功]
2025-10-25 08:58:17,626 [INFO] [开始读取数据库表：order_data]
2025-10-25 08:58:18,217 [INFO] [成功读取表 order_data，数据行数：18552]
2025-10-25 08:58:18,418 [INFO] [开始读取数据库表：sales_data]
2025-10-25 08:58:22,709 [INFO] [成功读取表 sales_data，数据行数：22728]
2025-10-25 08:58:24,381 [INFO] [开始读取数据库表：jingpin_data]
2025-10-25 08:58:24,575 [INFO] [成功读取表 jingpin_data，数据行数：4522]
2025-10-25 08:58:24,610 [INFO] [开始读取数据库表：inventory_data]
2025-10-25 08:58:25,237 [INFO] [成功读取表 inventory_data，数据行数：8677]
2025-10-25 08:58:25,238 [INFO] [开始读取数据库表：tuiding_data]
2025-10-25 08:58:25,390 [INFO] [成功读取表 tuiding_data，数据行数：3413]
2025-10-25 08:58:25,390 [INFO] [开始读取数据库表：debit_data]
2025-10-25 08:58:26,472 [INFO] [成功读取表 debit_data，数据行数：17441]
2025-10-25 08:58:26,720 [INFO] [开始读取数据库表：sales_invoice_data]
2025-10-25 08:58:27,651 [INFO] [成功读取表 sales_invoice_data，数据行数：17020]
2025-10-25 09:28:18,127 [INFO] [数据库引擎创建成功]
2025-10-25 09:28:18,128 [INFO] [开始读取数据库表：order_data]
2025-10-25 09:28:18,682 [INFO] [成功读取表 order_data，数据行数：18553]
2025-10-25 09:28:18,878 [INFO] [开始读取数据库表：sales_data]
2025-10-25 09:28:23,037 [INFO] [成功读取表 sales_data，数据行数：22729]
2025-10-25 09:28:24,706 [INFO] [开始读取数据库表：jingpin_data]
2025-10-25 09:28:24,895 [INFO] [成功读取表 jingpin_data，数据行数：4522]
2025-10-25 09:28:24,942 [INFO] [开始读取数据库表：inventory_data]
2025-10-25 09:28:25,668 [INFO] [成功读取表 inventory_data，数据行数：8677]
2025-10-25 09:28:25,669 [INFO] [开始读取数据库表：tuiding_data]
2025-10-25 09:28:25,800 [INFO] [成功读取表 tuiding_data，数据行数：3413]
2025-10-25 09:28:25,800 [INFO] [开始读取数据库表：debit_data]
2025-10-25 09:28:26,912 [INFO] [成功读取表 debit_data，数据行数：17441]
2025-10-25 09:28:27,230 [INFO] [开始读取数据库表：sales_invoice_data]
2025-10-25 09:28:28,168 [INFO] [成功读取表 sales_invoice_data，数据行数：17021]
2025-10-25 09:58:23,644 [INFO] [数据库引擎创建成功]
2025-10-25 09:58:23,655 [INFO] [开始读取数据库表：order_data]
2025-10-25 09:58:24,325 [INFO] [成功读取表 order_data，数据行数：18554]
2025-10-25 09:58:24,515 [INFO] [开始读取数据库表：sales_data]
2025-10-25 09:58:28,720 [INFO] [成功读取表 sales_data，数据行数：22730]
2025-10-25 09:58:30,333 [INFO] [开始读取数据库表：jingpin_data]
2025-10-25 09:58:30,532 [INFO] [成功读取表 jingpin_data，数据行数：4522]
2025-10-25 09:58:30,570 [INFO] [开始读取数据库表：inventory_data]
2025-10-25 09:58:31,254 [INFO] [成功读取表 inventory_data，数据行数：8677]
2025-10-25 09:58:31,254 [INFO] [开始读取数据库表：tuiding_data]
2025-10-25 09:58:31,391 [INFO] [成功读取表 tuiding_data，数据行数：3413]
2025-10-25 09:58:31,391 [INFO] [开始读取数据库表：debit_data]
2025-10-25 09:58:32,390 [INFO] [成功读取表 debit_data，数据行数：17441]
2025-10-25 09:58:32,680 [INFO] [开始读取数据库表：sales_invoice_data]
2025-10-25 09:58:33,606 [INFO] [成功读取表 sales_invoice_data，数据行数：17022]
2025-10-25 10:28:19,976 [INFO] [数据库引擎创建成功]
2025-10-25 10:28:19,977 [INFO] [开始读取数据库表：order_data]
2025-10-25 10:28:20,592 [INFO] [成功读取表 order_data，数据行数：18555]
2025-10-25 10:28:20,790 [INFO] [开始读取数据库表：sales_data]
2025-10-25 10:28:24,771 [INFO] [成功读取表 sales_data，数据行数：22732]
2025-10-25 10:28:26,460 [INFO] [开始读取数据库表：jingpin_data]
2025-10-25 10:28:26,624 [INFO] [成功读取表 jingpin_data，数据行数：4523]
2025-10-25 10:28:26,661 [INFO] [开始读取数据库表：inventory_data]
2025-10-25 10:28:27,340 [INFO] [成功读取表 inventory_data，数据行数：8677]
2025-10-25 10:28:27,341 [INFO] [开始读取数据库表：tuiding_data]
2025-10-25 10:28:27,467 [INFO] [成功读取表 tuiding_data，数据行数：3413]
2025-10-25 10:28:27,467 [INFO] [开始读取数据库表：debit_data]
2025-10-25 10:28:28,527 [INFO] [成功读取表 debit_data，数据行数：17443]
2025-10-25 10:28:28,834 [INFO] [开始读取数据库表：sales_invoice_data]
2025-10-25 10:28:29,769 [INFO] [成功读取表 sales_invoice_data，数据行数：17023]
2025-10-25 10:58:23,714 [INFO] [数据库引擎创建成功]
2025-10-25 10:58:23,724 [INFO] [开始读取数据库表：order_data]
2025-10-25 10:58:24,347 [INFO] [成功读取表 order_data，数据行数：18557]
2025-10-25 10:58:24,590 [INFO] [开始读取数据库表：sales_data]
2025-10-25 10:58:28,492 [INFO] [成功读取表 sales_data，数据行数：22736]
2025-10-25 10:58:29,974 [INFO] [开始读取数据库表：jingpin_data]
2025-10-25 10:58:30,153 [INFO] [成功读取表 jingpin_data，数据行数：4523]
2025-10-25 10:58:30,209 [INFO] [开始读取数据库表：inventory_data]
2025-10-25 10:58:30,798 [INFO] [成功读取表 inventory_data，数据行数：8677]
2025-10-25 10:58:30,798 [INFO] [开始读取数据库表：tuiding_data]
2025-10-25 10:58:30,928 [INFO] [成功读取表 tuiding_data，数据行数：3413]
2025-10-25 10:58:30,929 [INFO] [开始读取数据库表：debit_data]
2025-10-25 10:58:31,945 [INFO] [成功读取表 debit_data，数据行数：17443]
2025-10-25 10:58:32,209 [INFO] [开始读取数据库表：sales_invoice_data]
2025-10-25 10:58:33,070 [INFO] [成功读取表 sales_invoice_data，数据行数：17028]
2025-10-25 11:28:32,283 [INFO] [数据库引擎创建成功]
2025-10-25 11:28:32,292 [INFO] [开始读取数据库表：order_data]
2025-10-25 11:28:32,954 [INFO] [成功读取表 order_data，数据行数：18558]
2025-10-25 11:28:33,186 [INFO] [开始读取数据库表：sales_data]
2025-10-25 11:28:37,481 [INFO] [成功读取表 sales_data，数据行数：22742]
2025-10-25 11:28:39,179 [INFO] [开始读取数据库表：jingpin_data]
2025-10-25 11:28:39,411 [INFO] [成功读取表 jingpin_data，数据行数：4523]
2025-10-25 11:28:39,493 [INFO] [开始读取数据库表：inventory_data]
2025-10-25 11:28:40,090 [INFO] [成功读取表 inventory_data，数据行数：8677]
2025-10-25 11:28:40,090 [INFO] [开始读取数据库表：tuiding_data]
2025-10-25 11:28:40,236 [INFO] [成功读取表 tuiding_data，数据行数：3415]
2025-10-25 11:28:40,236 [INFO] [开始读取数据库表：debit_data]
2025-10-25 11:28:41,318 [INFO] [成功读取表 debit_data，数据行数：17443]
2025-10-25 11:28:41,641 [INFO] [开始读取数据库表：sales_invoice_data]
2025-10-25 11:28:42,527 [INFO] [成功读取表 sales_invoice_data，数据行数：17033]
2025-10-25 11:58:01,492 [INFO] [数据库引擎创建成功]
2025-10-25 11:58:01,502 [INFO] [开始读取数据库表：order_data]
2025-10-25 11:58:02,092 [INFO] [成功读取表 order_data，数据行数：18563]
2025-10-25 11:58:02,299 [INFO] [开始读取数据库表：sales_data]
2025-10-25 11:58:06,274 [INFO] [成功读取表 sales_data，数据行数：22745]
2025-10-25 11:58:07,848 [INFO] [开始读取数据库表：jingpin_data]
2025-10-25 11:58:08,057 [INFO] [成功读取表 jingpin_data，数据行数：4525]
2025-10-25 11:58:08,094 [INFO] [开始读取数据库表：inventory_data]
2025-10-25 11:58:08,683 [INFO] [成功读取表 inventory_data，数据行数：8677]
2025-10-25 11:58:08,683 [INFO] [开始读取数据库表：tuiding_data]
2025-10-25 11:58:08,827 [INFO] [成功读取表 tuiding_data，数据行数：3416]
2025-10-25 11:58:08,827 [INFO] [开始读取数据库表：debit_data]
2025-10-25 11:58:09,950 [INFO] [成功读取表 debit_data，数据行数：17443]
2025-10-25 11:58:10,272 [INFO] [开始读取数据库表：sales_invoice_data]
2025-10-25 11:58:11,195 [INFO] [成功读取表 sales_invoice_data，数据行数：17039]
2025-10-25 12:28:14,764 [INFO] [数据库引擎创建成功]
2025-10-25 12:28:14,773 [INFO] [开始读取数据库表：order_data]
2025-10-25 12:28:15,407 [INFO] [成功读取表 order_data，数据行数：18564]
2025-10-25 12:28:15,604 [INFO] [开始读取数据库表：sales_data]
2025-10-25 12:28:19,965 [INFO] [成功读取表 sales_data，数据行数：22747]
2025-10-25 12:28:21,560 [INFO] [开始读取数据库表：jingpin_data]
2025-10-25 12:28:21,812 [INFO] [成功读取表 jingpin_data，数据行数：4525]
2025-10-25 12:28:21,853 [INFO] [开始读取数据库表：inventory_data]
2025-10-25 12:28:22,529 [INFO] [成功读取表 inventory_data，数据行数：8724]
2025-10-25 12:28:22,529 [INFO] [开始读取数据库表：tuiding_data]
2025-10-25 12:28:22,665 [INFO] [成功读取表 tuiding_data，数据行数：3416]
2025-10-25 12:28:22,666 [INFO] [开始读取数据库表：debit_data]
2025-10-25 12:28:23,702 [INFO] [成功读取表 debit_data，数据行数：17477]
2025-10-25 12:28:24,036 [INFO] [开始读取数据库表：sales_invoice_data]
2025-10-25 12:28:25,075 [INFO] [成功读取表 sales_invoice_data，数据行数：17041]
2025-10-25 12:58:01,169 [INFO] [数据库引擎创建成功]
2025-10-25 12:58:01,179 [INFO] [开始读取数据库表：order_data]
2025-10-25 12:58:01,827 [INFO] [成功读取表 order_data，数据行数：18568]
2025-10-25 12:58:02,029 [INFO] [开始读取数据库表：sales_data]
2025-10-25 12:58:06,123 [INFO] [成功读取表 sales_data，数据行数：22750]
2025-10-25 12:58:07,843 [INFO] [开始读取数据库表：jingpin_data]
2025-10-25 12:58:08,071 [INFO] [成功读取表 jingpin_data，数据行数：4525]
2025-10-25 12:58:08,117 [INFO] [开始读取数据库表：inventory_data]
2025-10-25 12:58:08,706 [INFO] [成功读取表 inventory_data，数据行数：8746]
2025-10-25 12:58:08,711 [INFO] [开始读取数据库表：tuiding_data]
2025-10-25 12:58:08,855 [INFO] [成功读取表 tuiding_data，数据行数：3416]
2025-10-25 12:58:08,856 [INFO] [开始读取数据库表：debit_data]
2025-10-25 12:58:09,978 [INFO] [成功读取表 debit_data，数据行数：17495]
2025-10-25 12:58:10,271 [INFO] [开始读取数据库表：sales_invoice_data]
2025-10-25 12:58:11,196 [INFO] [成功读取表 sales_invoice_data，数据行数：17045]
2025-10-25 13:28:14,056 [INFO] [数据库引擎创建成功]
2025-10-25 13:28:14,066 [INFO] [开始读取数据库表：order_data]
2025-10-25 13:28:14,718 [INFO] [成功读取表 order_data，数据行数：18570]
2025-10-25 13:28:14,941 [INFO] [开始读取数据库表：sales_data]
2025-10-25 13:28:19,347 [INFO] [成功读取表 sales_data，数据行数：22753]
2025-10-25 13:28:20,971 [INFO] [开始读取数据库表：jingpin_data]
2025-10-25 13:28:21,178 [INFO] [成功读取表 jingpin_data，数据行数：4525]
2025-10-25 13:28:21,216 [INFO] [开始读取数据库表：inventory_data]
2025-10-25 13:28:21,869 [INFO] [成功读取表 inventory_data，数据行数：8746]
2025-10-25 13:28:21,869 [INFO] [开始读取数据库表：tuiding_data]
2025-10-25 13:28:21,999 [INFO] [成功读取表 tuiding_data，数据行数：3416]
2025-10-25 13:28:22,000 [INFO] [开始读取数据库表：debit_data]
2025-10-25 13:28:23,090 [INFO] [成功读取表 debit_data，数据行数：17495]
2025-10-25 13:28:23,444 [INFO] [开始读取数据库表：sales_invoice_data]
2025-10-25 13:28:24,367 [INFO] [成功读取表 sales_invoice_data，数据行数：17048]
2025-10-25 13:58:42,706 [INFO] [数据库引擎创建成功]
2025-10-25 13:58:42,716 [INFO] [开始读取数据库表：order_data]
2025-10-25 13:58:43,363 [INFO] [成功读取表 order_data，数据行数：18573]
2025-10-25 13:58:43,586 [INFO] [开始读取数据库表：sales_data]
2025-10-25 13:58:47,422 [INFO] [成功读取表 sales_data，数据行数：22761]
2025-10-25 13:58:48,984 [INFO] [开始读取数据库表：jingpin_data]
2025-10-25 13:58:49,207 [INFO] [成功读取表 jingpin_data，数据行数：4525]
2025-10-25 13:58:49,253 [INFO] [开始读取数据库表：inventory_data]
2025-10-25 13:58:49,804 [INFO] [成功读取表 inventory_data，数据行数：8746]
2025-10-25 13:58:49,804 [INFO] [开始读取数据库表：tuiding_data]
2025-10-25 13:58:49,948 [INFO] [成功读取表 tuiding_data，数据行数：3416]
2025-10-25 13:58:49,948 [INFO] [开始读取数据库表：debit_data]
2025-10-25 13:58:50,885 [INFO] [成功读取表 debit_data，数据行数：17495]
2025-10-25 13:58:51,180 [INFO] [开始读取数据库表：sales_invoice_data]
2025-10-25 13:58:52,049 [INFO] [成功读取表 sales_invoice_data，数据行数：17050]
2025-10-25 14:28:21,910 [INFO] [数据库引擎创建成功]
2025-10-25 14:28:21,911 [INFO] [开始读取数据库表：order_data]
2025-10-25 14:28:22,581 [INFO] [成功读取表 order_data，数据行数：18576]
2025-10-25 14:28:22,780 [INFO] [开始读取数据库表：sales_data]
2025-10-25 14:28:26,979 [INFO] [成功读取表 sales_data，数据行数：22765]
2025-10-25 14:28:28,652 [INFO] [开始读取数据库表：jingpin_data]
2025-10-25 14:28:28,904 [INFO] [成功读取表 jingpin_data，数据行数：4527]
2025-10-25 14:28:28,960 [INFO] [开始读取数据库表：inventory_data]
2025-10-25 14:28:29,604 [INFO] [成功读取表 inventory_data，数据行数：8759]
2025-10-25 14:28:29,604 [INFO] [开始读取数据库表：tuiding_data]
2025-10-25 14:28:29,766 [INFO] [成功读取表 tuiding_data，数据行数：3416]
2025-10-25 14:28:29,767 [INFO] [开始读取数据库表：debit_data]
2025-10-25 14:28:30,905 [INFO] [成功读取表 debit_data，数据行数：17508]
2025-10-25 14:28:31,222 [INFO] [开始读取数据库表：sales_invoice_data]
2025-10-25 14:28:32,339 [INFO] [成功读取表 sales_invoice_data，数据行数：17054]
2025-10-25 14:58:06,393 [INFO] [数据库引擎创建成功]
2025-10-25 14:58:06,393 [INFO] [开始读取数据库表：order_data]
2025-10-25 14:58:07,372 [INFO] [成功读取表 order_data，数据行数：18581]
2025-10-25 14:58:07,674 [INFO] [开始读取数据库表：sales_data]
2025-10-25 14:58:11,755 [INFO] [成功读取表 sales_data，数据行数：22770]
2025-10-25 14:58:13,313 [INFO] [开始读取数据库表：jingpin_data]
2025-10-25 14:58:13,512 [INFO] [成功读取表 jingpin_data，数据行数：4531]
2025-10-25 14:58:13,549 [INFO] [开始读取数据库表：inventory_data]
2025-10-25 14:58:14,127 [INFO] [成功读取表 inventory_data，数据行数：8759]
2025-10-25 14:58:14,127 [INFO] [开始读取数据库表：tuiding_data]
2025-10-25 14:58:14,290 [INFO] [成功读取表 tuiding_data，数据行数：3416]
2025-10-25 14:58:14,290 [INFO] [开始读取数据库表：debit_data]
2025-10-25 14:58:15,434 [INFO] [成功读取表 debit_data，数据行数：17508]
2025-10-25 14:58:15,731 [INFO] [开始读取数据库表：sales_invoice_data]
2025-10-25 14:58:16,663 [INFO] [成功读取表 sales_invoice_data，数据行数：17060]
2025-10-25 15:28:17,376 [INFO] [数据库引擎创建成功]
2025-10-25 15:28:17,386 [INFO] [开始读取数据库表：order_data]
2025-10-25 15:28:18,021 [INFO] [成功读取表 order_data，数据行数：18585]
2025-10-25 15:28:18,244 [INFO] [开始读取数据库表：sales_data]
2025-10-25 15:28:23,396 [INFO] [成功读取表 sales_data，数据行数：22776]
2025-10-25 15:28:25,251 [INFO] [开始读取数据库表：jingpin_data]
2025-10-25 15:28:25,562 [INFO] [成功读取表 jingpin_data，数据行数：4543]
2025-10-25 15:28:25,641 [INFO] [开始读取数据库表：inventory_data]
2025-10-25 15:28:26,299 [INFO] [成功读取表 inventory_data，数据行数：8759]
2025-10-25 15:28:26,299 [INFO] [开始读取数据库表：tuiding_data]
2025-10-25 15:28:26,441 [INFO] [成功读取表 tuiding_data，数据行数：3416]
2025-10-25 15:28:26,441 [INFO] [开始读取数据库表：debit_data]
2025-10-25 15:28:27,522 [INFO] [成功读取表 debit_data，数据行数：17508]
2025-10-25 15:28:27,830 [INFO] [开始读取数据库表：sales_invoice_data]
2025-10-25 15:28:28,833 [INFO] [成功读取表 sales_invoice_data，数据行数：17065]
2025-10-25 15:58:11,279 [INFO] [数据库引擎创建成功]
2025-10-25 15:58:11,280 [INFO] [开始读取数据库表：order_data]
2025-10-25 15:58:11,940 [INFO] [成功读取表 order_data，数据行数：18592]
2025-10-25 15:58:12,121 [INFO] [开始读取数据库表：sales_data]
2025-10-25 15:58:16,261 [INFO] [成功读取表 sales_data，数据行数：22778]
2025-10-25 15:58:17,982 [INFO] [开始读取数据库表：jingpin_data]
2025-10-25 15:58:18,239 [INFO] [成功读取表 jingpin_data，数据行数：4544]
2025-10-25 15:58:18,289 [INFO] [开始读取数据库表：inventory_data]
2025-10-25 15:58:18,957 [INFO] [成功读取表 inventory_data，数据行数：8759]
2025-10-25 15:58:18,957 [INFO] [开始读取数据库表：tuiding_data]
2025-10-25 15:58:19,100 [INFO] [成功读取表 tuiding_data，数据行数：3416]
2025-10-25 15:58:19,101 [INFO] [开始读取数据库表：debit_data]
2025-10-25 15:58:20,187 [INFO] [成功读取表 debit_data，数据行数：17508]
2025-10-25 15:58:20,464 [INFO] [开始读取数据库表：sales_invoice_data]
2025-10-25 15:58:21,443 [INFO] [成功读取表 sales_invoice_data，数据行数：17075]
2025-10-25 16:28:54,945 [INFO] [数据库引擎创建成功]
2025-10-25 16:28:54,946 [INFO] [开始读取数据库表：order_data]
2025-10-25 16:28:55,782 [INFO] [成功读取表 order_data，数据行数：18592]
2025-10-25 16:28:56,068 [INFO] [开始读取数据库表：sales_data]
2025-10-25 16:29:00,075 [INFO] [成功读取表 sales_data，数据行数：22780]
2025-10-25 16:29:01,784 [INFO] [开始读取数据库表：jingpin_data]
2025-10-25 16:29:02,028 [INFO] [成功读取表 jingpin_data，数据行数：4544]
2025-10-25 16:29:02,105 [INFO] [开始读取数据库表：inventory_data]
2025-10-25 16:29:02,754 [INFO] [成功读取表 inventory_data，数据行数：8759]
2025-10-25 16:29:02,754 [INFO] [开始读取数据库表：tuiding_data]
2025-10-25 16:29:02,896 [INFO] [成功读取表 tuiding_data，数据行数：3416]
2025-10-25 16:29:02,896 [INFO] [开始读取数据库表：debit_data]
2025-10-25 16:29:03,926 [INFO] [成功读取表 debit_data，数据行数：17508]
2025-10-25 16:29:04,255 [INFO] [开始读取数据库表：sales_invoice_data]
2025-10-25 16:29:05,139 [INFO] [成功读取表 sales_invoice_data，数据行数：17083]
2025-10-25 16:58:24,542 [INFO] [数据库引擎创建成功]
2025-10-25 16:58:24,543 [INFO] [开始读取数据库表：order_data]
2025-10-25 16:58:25,295 [INFO] [成功读取表 order_data，数据行数：18613]
2025-10-25 16:58:25,495 [INFO] [开始读取数据库表：sales_data]
2025-10-25 16:58:29,605 [INFO] [成功读取表 sales_data，数据行数：22782]
2025-10-25 16:58:31,273 [INFO] [开始读取数据库表：jingpin_data]
2025-10-25 16:58:31,490 [INFO] [成功读取表 jingpin_data，数据行数：4544]
2025-10-25 16:58:31,558 [INFO] [开始读取数据库表：inventory_data]
2025-10-25 16:58:32,208 [INFO] [成功读取表 inventory_data，数据行数：8759]
2025-10-25 16:58:32,208 [INFO] [开始读取数据库表：tuiding_data]
2025-10-25 16:58:32,354 [INFO] [成功读取表 tuiding_data，数据行数：3418]
2025-10-25 16:58:32,354 [INFO] [开始读取数据库表：debit_data]
2025-10-25 16:58:33,390 [INFO] [成功读取表 debit_data，数据行数：17508]
2025-10-25 16:58:33,682 [INFO] [开始读取数据库表：sales_invoice_data]
2025-10-25 16:58:34,548 [INFO] [成功读取表 sales_invoice_data，数据行数：17099]
2025-10-25 17:28:24,976 [INFO] [数据库引擎创建成功]
2025-10-25 17:28:24,987 [INFO] [开始读取数据库表：order_data]
2025-10-25 17:28:25,662 [INFO] [成功读取表 order_data，数据行数：18613]
2025-10-25 17:28:25,876 [INFO] [开始读取数据库表：sales_data]
2025-10-25 17:28:29,948 [INFO] [成功读取表 sales_data，数据行数：22785]
2025-10-25 17:28:31,571 [INFO] [开始读取数据库表：jingpin_data]
2025-10-25 17:28:31,793 [INFO] [成功读取表 jingpin_data，数据行数：4544]
2025-10-25 17:28:31,830 [INFO] [开始读取数据库表：inventory_data]
2025-10-25 17:28:32,489 [INFO] [成功读取表 inventory_data，数据行数：8759]
2025-10-25 17:28:32,489 [INFO] [开始读取数据库表：tuiding_data]
2025-10-25 17:28:32,621 [INFO] [成功读取表 tuiding_data，数据行数：3418]
2025-10-25 17:28:32,621 [INFO] [开始读取数据库表：debit_data]
2025-10-25 17:28:33,716 [INFO] [成功读取表 debit_data，数据行数：17508]
2025-10-25 17:28:33,992 [INFO] [开始读取数据库表：sales_invoice_data]
2025-10-25 17:28:34,865 [INFO] [成功读取表 sales_invoice_data，数据行数：17116]
2025-10-25 17:58:21,239 [INFO] [数据库引擎创建成功]
2025-10-25 17:58:21,248 [INFO] [开始读取数据库表：order_data]
2025-10-25 17:58:21,909 [INFO] [成功读取表 order_data，数据行数：18644]
2025-10-25 17:58:22,131 [INFO] [开始读取数据库表：sales_data]
2025-10-25 17:58:25,918 [INFO] [成功读取表 sales_data，数据行数：22794]
2025-10-25 17:58:27,464 [INFO] [开始读取数据库表：jingpin_data]
2025-10-25 17:58:27,681 [INFO] [成功读取表 jingpin_data，数据行数：4548]
2025-10-25 17:58:27,739 [INFO] [开始读取数据库表：inventory_data]
2025-10-25 17:58:28,350 [INFO] [成功读取表 inventory_data，数据行数：8761]
2025-10-25 17:58:28,350 [INFO] [开始读取数据库表：tuiding_data]
2025-10-25 17:58:28,476 [INFO] [成功读取表 tuiding_data，数据行数：3419]
2025-10-25 17:58:28,476 [INFO] [开始读取数据库表：debit_data]
2025-10-25 17:58:29,455 [INFO] [成功读取表 debit_data，数据行数：17509]
2025-10-25 17:58:29,760 [INFO] [开始读取数据库表：sales_invoice_data]
2025-10-25 17:58:30,656 [INFO] [成功读取表 sales_invoice_data，数据行数：17132]
2025-10-25 18:28:23,963 [INFO] [数据库引擎创建成功]
2025-10-25 18:28:23,972 [INFO] [开始读取数据库表：order_data]
2025-10-25 18:28:24,465 [INFO] [成功读取表 order_data，数据行数：18659]
2025-10-25 18:28:24,638 [INFO] [开始读取数据库表：sales_data]
2025-10-25 18:28:28,317 [INFO] [成功读取表 sales_data，数据行数：22795]
2025-10-25 18:28:29,868 [INFO] [开始读取数据库表：jingpin_data]
2025-10-25 18:28:30,076 [INFO] [成功读取表 jingpin_data，数据行数：4548]
2025-10-25 18:28:30,138 [INFO] [开始读取数据库表：inventory_data]
2025-10-25 18:28:30,746 [INFO] [成功读取表 inventory_data，数据行数：8762]
2025-10-25 18:28:30,746 [INFO] [开始读取数据库表：tuiding_data]
2025-10-25 18:28:30,883 [INFO] [成功读取表 tuiding_data，数据行数：3419]
2025-10-25 18:28:30,883 [INFO] [开始读取数据库表：debit_data]
2025-10-25 18:28:31,825 [INFO] [成功读取表 debit_data，数据行数：17509]
2025-10-25 18:28:32,131 [INFO] [开始读取数据库表：sales_invoice_data]
2025-10-25 18:28:33,032 [INFO] [成功读取表 sales_invoice_data，数据行数：17147]
2025-10-25 18:58:08,657 [INFO] [数据库引擎创建成功]
2025-10-25 18:58:08,668 [INFO] [开始读取数据库表：order_data]
2025-10-25 18:58:09,164 [INFO] [成功读取表 order_data，数据行数：18665]
2025-10-25 18:58:09,320 [INFO] [开始读取数据库表：sales_data]
2025-10-25 18:58:12,890 [INFO] [成功读取表 sales_data，数据行数：22795]
2025-10-25 18:58:14,461 [INFO] [开始读取数据库表：jingpin_data]
2025-10-25 18:58:14,659 [INFO] [成功读取表 jingpin_data，数据行数：4548]
2025-10-25 18:58:14,705 [INFO] [开始读取数据库表：inventory_data]
2025-10-25 18:58:15,272 [INFO] [成功读取表 inventory_data，数据行数：8762]
2025-10-25 18:58:15,273 [INFO] [开始读取数据库表：tuiding_data]
2025-10-25 18:58:15,405 [INFO] [成功读取表 tuiding_data，数据行数：3419]
2025-10-25 18:58:15,405 [INFO] [开始读取数据库表：debit_data]
2025-10-25 18:58:16,332 [INFO] [成功读取表 debit_data，数据行数：17509]
2025-10-25 18:58:16,595 [INFO] [开始读取数据库表：sales_invoice_data]
2025-10-25 18:58:17,453 [INFO] [成功读取表 sales_invoice_data，数据行数：17153]
2025-10-25 19:28:22,181 [INFO] [数据库引擎创建成功]
2025-10-25 19:28:22,191 [INFO] [开始读取数据库表：order_data]
2025-10-25 19:28:22,829 [INFO] [成功读取表 order_data，数据行数：18665]
2025-10-25 19:28:23,053 [INFO] [开始读取数据库表：sales_data]
2025-10-25 19:28:27,000 [INFO] [成功读取表 sales_data，数据行数：22795]
2025-10-25 19:28:28,550 [INFO] [开始读取数据库表：jingpin_data]
2025-10-25 19:28:28,746 [INFO] [成功读取表 jingpin_data，数据行数：4548]
2025-10-25 19:28:28,784 [INFO] [开始读取数据库表：inventory_data]
2025-10-25 19:28:29,367 [INFO] [成功读取表 inventory_data，数据行数：8762]
2025-10-25 19:28:29,367 [INFO] [开始读取数据库表：tuiding_data]
2025-10-25 19:28:29,509 [INFO] [成功读取表 tuiding_data，数据行数：3420]
2025-10-25 19:28:29,509 [INFO] [开始读取数据库表：debit_data]
2025-10-25 19:28:30,471 [INFO] [成功读取表 debit_data，数据行数：17509]
2025-10-25 19:28:30,737 [INFO] [开始读取数据库表：sales_invoice_data]
2025-10-25 19:28:31,604 [INFO] [成功读取表 sales_invoice_data，数据行数：17154]
2025-10-25 19:58:10,496 [INFO] [数据库引擎创建成功]
2025-10-25 19:58:10,506 [INFO] [开始读取数据库表：order_data]
2025-10-25 19:58:11,185 [INFO] [成功读取表 order_data，数据行数：18668]
2025-10-25 19:58:11,388 [INFO] [开始读取数据库表：sales_data]
2025-10-25 19:58:15,455 [INFO] [成功读取表 sales_data，数据行数：22795]
2025-10-25 19:58:17,095 [INFO] [开始读取数据库表：jingpin_data]
2025-10-25 19:58:17,301 [INFO] [成功读取表 jingpin_data，数据行数：4548]
2025-10-25 19:58:17,340 [INFO] [开始读取数据库表：inventory_data]
2025-10-25 19:58:17,922 [INFO] [成功读取表 inventory_data，数据行数：8762]
2025-10-25 19:58:17,923 [INFO] [开始读取数据库表：tuiding_data]
2025-10-25 19:58:18,073 [INFO] [成功读取表 tuiding_data，数据行数：3420]
2025-10-25 19:58:18,073 [INFO] [开始读取数据库表：debit_data]
2025-10-25 19:58:19,141 [INFO] [成功读取表 debit_data，数据行数：17509]
2025-10-25 19:58:19,456 [INFO] [开始读取数据库表：sales_invoice_data]
2025-10-25 19:58:20,342 [INFO] [成功读取表 sales_invoice_data，数据行数：17159]
2025-10-25 20:28:15,801 [INFO] [数据库引擎创建成功]
2025-10-25 20:28:15,811 [INFO] [开始读取数据库表：order_data]
2025-10-25 20:28:16,426 [INFO] [成功读取表 order_data，数据行数：18670]
2025-10-25 20:28:16,627 [INFO] [开始读取数据库表：sales_data]
2025-10-25 20:28:20,788 [INFO] [成功读取表 sales_data，数据行数：22795]
2025-10-25 20:28:22,391 [INFO] [开始读取数据库表：jingpin_data]
2025-10-25 20:28:22,620 [INFO] [成功读取表 jingpin_data，数据行数：4548]
2025-10-25 20:28:22,670 [INFO] [开始读取数据库表：inventory_data]
2025-10-25 20:28:23,248 [INFO] [成功读取表 inventory_data，数据行数：8762]
2025-10-25 20:28:23,248 [INFO] [开始读取数据库表：tuiding_data]
2025-10-25 20:28:23,395 [INFO] [成功读取表 tuiding_data，数据行数：3420]
2025-10-25 20:28:23,395 [INFO] [开始读取数据库表：debit_data]
2025-10-25 20:28:24,421 [INFO] [成功读取表 debit_data，数据行数：17509]
2025-10-25 20:28:24,706 [INFO] [开始读取数据库表：sales_invoice_data]
2025-10-25 20:28:25,671 [INFO] [成功读取表 sales_invoice_data，数据行数：17161]
2025-10-25 20:58:17,158 [INFO] [数据库引擎创建成功]
2025-10-25 20:58:17,168 [INFO] [开始读取数据库表：order_data]
2025-10-25 20:58:17,813 [INFO] [成功读取表 order_data，数据行数：18670]
2025-10-25 20:58:18,000 [INFO] [开始读取数据库表：sales_data]
2025-10-25 20:58:21,849 [INFO] [成功读取表 sales_data，数据行数：22795]
2025-10-25 20:58:23,459 [INFO] [开始读取数据库表：jingpin_data]
2025-10-25 20:58:23,664 [INFO] [成功读取表 jingpin_data，数据行数：4548]
2025-10-25 20:58:23,723 [INFO] [开始读取数据库表：inventory_data]
2025-10-25 20:58:24,364 [INFO] [成功读取表 inventory_data，数据行数：8762]
2025-10-25 20:58:24,364 [INFO] [开始读取数据库表：tuiding_data]
2025-10-25 20:58:24,505 [INFO] [成功读取表 tuiding_data，数据行数：3422]
2025-10-25 20:58:24,505 [INFO] [开始读取数据库表：debit_data]
2025-10-25 20:58:25,605 [INFO] [成功读取表 debit_data，数据行数：17509]
2025-10-25 20:58:25,886 [INFO] [开始读取数据库表：sales_invoice_data]
2025-10-25 20:58:26,708 [INFO] [成功读取表 sales_invoice_data，数据行数：17163]
2025-10-25 21:28:16,808 [INFO] [数据库引擎创建成功]
2025-10-25 21:28:16,818 [INFO] [开始读取数据库表：order_data]
2025-10-25 21:28:17,452 [INFO] [成功读取表 order_data，数据行数：18670]
2025-10-25 21:28:17,648 [INFO] [开始读取数据库表：sales_data]
2025-10-25 21:28:21,768 [INFO] [成功读取表 sales_data，数据行数：22795]
2025-10-25 21:28:23,414 [INFO] [开始读取数据库表：jingpin_data]
2025-10-25 21:28:23,664 [INFO] [成功读取表 jingpin_data，数据行数：4548]
2025-10-25 21:28:23,700 [INFO] [开始读取数据库表：inventory_data]
2025-10-25 21:28:24,337 [INFO] [成功读取表 inventory_data，数据行数：8762]
2025-10-25 21:28:24,337 [INFO] [开始读取数据库表：tuiding_data]
2025-10-25 21:28:24,490 [INFO] [成功读取表 tuiding_data，数据行数：3422]
2025-10-25 21:28:24,491 [INFO] [开始读取数据库表：debit_data]
2025-10-25 21:28:25,502 [INFO] [成功读取表 debit_data，数据行数：17509]
2025-10-25 21:28:25,775 [INFO] [开始读取数据库表：sales_invoice_data]
2025-10-25 21:28:26,801 [INFO] [成功读取表 sales_invoice_data，数据行数：17163]
2025-10-25 21:58:20,830 [INFO] [数据库引擎创建成功]
2025-10-25 21:58:20,831 [INFO] [开始读取数据库表：order_data]
2025-10-25 21:58:21,453 [INFO] [成功读取表 order_data，数据行数：18672]
2025-10-25 21:58:21,680 [INFO] [开始读取数据库表：sales_data]
2025-10-25 21:58:25,934 [INFO] [成功读取表 sales_data，数据行数：22795]
2025-10-25 21:58:27,588 [INFO] [开始读取数据库表：jingpin_data]
2025-10-25 21:58:27,825 [INFO] [成功读取表 jingpin_data，数据行数：4548]
2025-10-25 21:58:27,862 [INFO] [开始读取数据库表：inventory_data]
2025-10-25 21:58:28,439 [INFO] [成功读取表 inventory_data，数据行数：8816]
2025-10-25 21:58:28,439 [INFO] [开始读取数据库表：tuiding_data]
2025-10-25 21:58:28,596 [INFO] [成功读取表 tuiding_data，数据行数：3422]
2025-10-25 21:58:28,596 [INFO] [开始读取数据库表：debit_data]
2025-10-25 21:58:29,664 [INFO] [成功读取表 debit_data，数据行数：17545]
2025-10-25 21:58:30,009 [INFO] [开始读取数据库表：sales_invoice_data]
2025-10-25 21:58:30,902 [INFO] [成功读取表 sales_invoice_data，数据行数：17165]
2025-10-25 22:28:33,527 [INFO] [数据库引擎创建成功]
2025-10-25 22:28:33,536 [INFO] [开始读取数据库表：order_data]
2025-10-25 22:28:34,156 [INFO] [成功读取表 order_data，数据行数：18672]
2025-10-25 22:28:34,353 [INFO] [开始读取数据库表：sales_data]
2025-10-25 22:28:38,442 [INFO] [成功读取表 sales_data，数据行数：22795]
2025-10-25 22:28:40,117 [INFO] [开始读取数据库表：jingpin_data]
2025-10-25 22:28:40,336 [INFO] [成功读取表 jingpin_data，数据行数：4548]
2025-10-25 22:28:40,375 [INFO] [开始读取数据库表：inventory_data]
2025-10-25 22:28:40,994 [INFO] [成功读取表 inventory_data，数据行数：8816]
2025-10-25 22:28:40,994 [INFO] [开始读取数据库表：tuiding_data]
2025-10-25 22:28:41,120 [INFO] [成功读取表 tuiding_data，数据行数：3422]
2025-10-25 22:28:41,121 [INFO] [开始读取数据库表：debit_data]
2025-10-25 22:28:42,221 [INFO] [成功读取表 debit_data，数据行数：17545]
2025-10-25 22:28:42,528 [INFO] [开始读取数据库表：sales_invoice_data]
2025-10-25 22:28:43,479 [INFO] [成功读取表 sales_invoice_data，数据行数：17165]
2025-10-25 22:58:27,789 [INFO] [数据库引擎创建成功]
2025-10-25 22:58:27,798 [INFO] [开始读取数据库表：order_data]
2025-10-25 22:58:28,413 [INFO] [成功读取表 order_data，数据行数：18672]
2025-10-25 22:58:28,630 [INFO] [开始读取数据库表：sales_data]
2025-10-25 22:58:32,752 [INFO] [成功读取表 sales_data，数据行数：22795]
2025-10-25 22:58:34,447 [INFO] [开始读取数据库表：jingpin_data]
2025-10-25 22:58:34,668 [INFO] [成功读取表 jingpin_data，数据行数：4548]
2025-10-25 22:58:34,703 [INFO] [开始读取数据库表：inventory_data]
2025-10-25 22:58:35,303 [INFO] [成功读取表 inventory_data，数据行数：8816]
2025-10-25 22:58:35,303 [INFO] [开始读取数据库表：tuiding_data]
2025-10-25 22:58:35,435 [INFO] [成功读取表 tuiding_data，数据行数：3422]
2025-10-25 22:58:35,435 [INFO] [开始读取数据库表：debit_data]
2025-10-25 22:58:36,573 [INFO] [成功读取表 debit_data，数据行数：17545]
2025-10-25 22:58:36,887 [INFO] [开始读取数据库表：sales_invoice_data]
2025-10-25 22:58:37,912 [INFO] [成功读取表 sales_invoice_data，数据行数：17165]
2025-10-25 23:28:07,306 [INFO] [数据库引擎创建成功]
2025-10-25 23:28:07,316 [INFO] [开始读取数据库表：order_data]
2025-10-25 23:28:07,913 [INFO] [成功读取表 order_data，数据行数：18672]
2025-10-25 23:28:08,123 [INFO] [开始读取数据库表：sales_data]
2025-10-25 23:28:12,254 [INFO] [成功读取表 sales_data，数据行数：22795]
2025-10-25 23:28:13,953 [INFO] [开始读取数据库表：jingpin_data]
2025-10-25 23:28:14,159 [INFO] [成功读取表 jingpin_data，数据行数：4548]
2025-10-25 23:28:14,196 [INFO] [开始读取数据库表：inventory_data]
2025-10-25 23:28:14,841 [INFO] [成功读取表 inventory_data，数据行数：8822]
2025-10-25 23:28:14,841 [INFO] [开始读取数据库表：tuiding_data]
2025-10-25 23:28:14,976 [INFO] [成功读取表 tuiding_data，数据行数：3422]
2025-10-25 23:28:14,976 [INFO] [开始读取数据库表：debit_data]
2025-10-25 23:28:16,073 [INFO] [成功读取表 debit_data，数据行数：17548]
2025-10-25 23:28:16,416 [INFO] [开始读取数据库表：sales_invoice_data]
2025-10-25 23:28:17,398 [INFO] [成功读取表 sales_invoice_data，数据行数：17165]
2025-10-25 23:58:05,452 [INFO] [数据库引擎创建成功]
2025-10-25 23:58:05,461 [INFO] [开始读取数据库表：order_data]
2025-10-25 23:58:06,031 [INFO] [成功读取表 order_data，数据行数：18672]
2025-10-25 23:58:06,234 [INFO] [开始读取数据库表：sales_data]
2025-10-25 23:58:10,179 [INFO] [成功读取表 sales_data，数据行数：22795]
2025-10-25 23:58:11,805 [INFO] [开始读取数据库表：jingpin_data]
2025-10-25 23:58:12,014 [INFO] [成功读取表 jingpin_data，数据行数：4548]
2025-10-25 23:58:12,052 [INFO] [开始读取数据库表：inventory_data]
2025-10-25 23:58:12,721 [INFO] [成功读取表 inventory_data，数据行数：8822]
2025-10-25 23:58:12,721 [INFO] [开始读取数据库表：tuiding_data]
2025-10-25 23:58:12,863 [INFO] [成功读取表 tuiding_data，数据行数：3422]
2025-10-25 23:58:12,863 [INFO] [开始读取数据库表：debit_data]
2025-10-25 23:58:13,919 [INFO] [成功读取表 debit_data，数据行数：17548]
2025-10-25 23:58:14,252 [INFO] [开始读取数据库表：sales_invoice_data]
2025-10-25 23:58:15,239 [INFO] [成功读取表 sales_invoice_data，数据行数：17165]
