2025-11-19 00:00:14,038 [INFO] [数据库引擎创建成功]
2025-11-19 00:00:14,038 [INFO] [开始读取数据库表：order_data]
2025-11-19 00:00:14,735 [INFO] [成功读取表 order_data，数据行数：23611]
2025-11-19 00:00:14,877 [INFO] [开始读取数据库表：sales_data]
2025-11-19 00:00:21,550 [INFO] [成功读取表 sales_data，数据行数：25436]
2025-11-19 00:00:24,076 [INFO] [开始读取数据库表：jingpin_data]
2025-11-19 00:00:24,403 [INFO] [成功读取表 jingpin_data，数据行数：4483]
2025-11-19 00:00:24,496 [INFO] [开始读取数据库表：inventory_data]
2025-11-19 00:00:25,128 [INFO] [成功读取表 inventory_data，数据行数：5644]
2025-11-19 00:00:25,129 [INFO] [开始读取数据库表：tuiding_data]
2025-11-19 00:00:25,419 [INFO] [成功读取表 tuiding_data，数据行数：4170]
2025-11-19 00:00:25,419 [INFO] [开始读取数据库表：debit_data]
2025-11-19 00:00:27,819 [INFO] [成功读取表 debit_data，数据行数：24884]
2025-11-19 00:00:28,277 [INFO] [开始读取数据库表：sales_invoice_data]
2025-11-19 00:00:29,839 [INFO] [成功读取表 sales_invoice_data，数据行数：18357]
2025-11-19 08:08:19,900 [INFO] [数据库引擎创建成功]
2025-11-19 08:08:19,909 [INFO] [开始读取数据库表：order_data]
2025-11-19 08:08:20,496 [INFO] [成功读取表 order_data，数据行数：23610]
2025-11-19 08:08:20,673 [INFO] [开始读取数据库表：sales_data]
2025-11-19 08:08:27,049 [INFO] [成功读取表 sales_data，数据行数：25439]
2025-11-19 08:08:29,574 [INFO] [开始读取数据库表：jingpin_data]
2025-11-19 08:08:29,916 [INFO] [成功读取表 jingpin_data，数据行数：4483]
2025-11-19 08:08:30,015 [INFO] [开始读取数据库表：inventory_data]
2025-11-19 08:08:30,704 [INFO] [成功读取表 inventory_data，数据行数：5644]
2025-11-19 08:08:30,705 [INFO] [开始读取数据库表：tuiding_data]
2025-11-19 08:08:30,981 [INFO] [成功读取表 tuiding_data，数据行数：4171]
2025-11-19 08:08:30,981 [INFO] [开始读取数据库表：debit_data]
2025-11-19 08:08:33,526 [INFO] [成功读取表 debit_data，数据行数：24804]
2025-11-19 08:08:34,024 [INFO] [开始读取数据库表：sales_invoice_data]
2025-11-19 08:08:35,579 [INFO] [成功读取表 sales_invoice_data，数据行数：18357]
2025-11-19 08:30:33,523 [INFO] [数据库引擎创建成功]
2025-11-19 08:30:33,523 [INFO] [开始读取数据库表：order_data]
2025-11-19 08:30:34,280 [INFO] [成功读取表 order_data，数据行数：23610]
2025-11-19 08:30:34,483 [INFO] [开始读取数据库表：sales_data]
2025-11-19 08:30:40,553 [INFO] [成功读取表 sales_data，数据行数：25439]
2025-11-19 08:30:43,060 [INFO] [开始读取数据库表：jingpin_data]
2025-11-19 08:30:43,400 [INFO] [成功读取表 jingpin_data，数据行数：4483]
2025-11-19 08:30:43,491 [INFO] [开始读取数据库表：inventory_data]
2025-11-19 08:30:44,130 [INFO] [成功读取表 inventory_data，数据行数：5644]
2025-11-19 08:30:44,131 [INFO] [开始读取数据库表：tuiding_data]
2025-11-19 08:30:44,395 [INFO] [成功读取表 tuiding_data，数据行数：4171]
2025-11-19 08:30:44,395 [INFO] [开始读取数据库表：debit_data]
2025-11-19 08:30:46,765 [INFO] [成功读取表 debit_data，数据行数：24804]
2025-11-19 08:30:47,224 [INFO] [开始读取数据库表：sales_invoice_data]
2025-11-19 08:30:48,692 [INFO] [成功读取表 sales_invoice_data，数据行数：18357]
2025-11-19 08:59:56,615 [INFO] [数据库引擎创建成功]
2025-11-19 08:59:56,615 [INFO] [开始读取数据库表：order_data]
2025-11-19 08:59:57,117 [INFO] [成功读取表 order_data，数据行数：23611]
2025-11-19 08:59:57,236 [INFO] [开始读取数据库表：sales_data]
2025-11-19 09:00:01,236 [INFO] [成功读取表 sales_data，数据行数：25439]
2025-11-19 09:00:03,687 [INFO] [开始读取数据库表：jingpin_data]
2025-11-19 09:00:03,989 [INFO] [成功读取表 jingpin_data，数据行数：4483]
2025-11-19 09:00:04,069 [INFO] [开始读取数据库表：inventory_data]
2025-11-19 09:00:04,715 [INFO] [成功读取表 inventory_data，数据行数：5644]
2025-11-19 09:00:04,715 [INFO] [开始读取数据库表：tuiding_data]
2025-11-19 09:00:04,940 [INFO] [成功读取表 tuiding_data，数据行数：4171]
2025-11-19 09:00:04,940 [INFO] [开始读取数据库表：debit_data]
2025-11-19 09:00:07,225 [INFO] [成功读取表 debit_data，数据行数：24804]
2025-11-19 09:00:07,665 [INFO] [开始读取数据库表：sales_invoice_data]
2025-11-19 09:00:09,146 [INFO] [成功读取表 sales_invoice_data，数据行数：18357]
2025-11-19 09:32:03,167 [INFO] [数据库引擎创建成功]
2025-11-19 09:32:03,168 [INFO] [开始读取数据库表：order_data]
2025-11-19 09:32:04,082 [INFO] [成功读取表 order_data，数据行数：23613]
2025-11-19 09:32:04,474 [INFO] [开始读取数据库表：sales_data]
2025-11-19 09:32:12,776 [INFO] [成功读取表 sales_data，数据行数：25437]
2025-11-19 09:32:15,018 [INFO] [开始读取数据库表：jingpin_data]
2025-11-19 09:32:15,332 [INFO] [成功读取表 jingpin_data，数据行数：4483]
2025-11-19 09:32:15,442 [INFO] [开始读取数据库表：inventory_data]
2025-11-19 09:32:16,406 [INFO] [成功读取表 inventory_data，数据行数：5644]
2025-11-19 09:32:16,407 [INFO] [开始读取数据库表：tuiding_data]
2025-11-19 09:32:16,692 [INFO] [成功读取表 tuiding_data，数据行数：4171]
2025-11-19 09:32:16,692 [INFO] [开始读取数据库表：debit_data]
2025-11-19 09:32:20,153 [INFO] [成功读取表 debit_data，数据行数：24804]
2025-11-19 09:32:20,841 [INFO] [开始读取数据库表：sales_invoice_data]
2025-11-19 09:32:22,367 [INFO] [成功读取表 sales_invoice_data，数据行数：18357]
2025-11-19 09:59:58,237 [INFO] [数据库引擎创建成功]
2025-11-19 09:59:58,238 [INFO] [开始读取数据库表：order_data]
2025-11-19 09:59:58,829 [INFO] [成功读取表 order_data，数据行数：23612]
2025-11-19 09:59:58,992 [INFO] [开始读取数据库表：sales_data]
2025-11-19 10:00:02,015 [INFO] [成功读取表 sales_data，数据行数：25438]
2025-11-19 10:00:03,132 [INFO] [开始读取数据库表：jingpin_data]
2025-11-19 10:00:03,247 [INFO] [成功读取表 jingpin_data，数据行数：4483]
2025-11-19 10:00:03,287 [INFO] [开始读取数据库表：inventory_data]
2025-11-19 10:00:03,534 [INFO] [成功读取表 inventory_data，数据行数：5643]
2025-11-19 10:00:03,534 [INFO] [开始读取数据库表：tuiding_data]
2025-11-19 10:00:03,629 [INFO] [成功读取表 tuiding_data，数据行数：4172]
2025-11-19 10:00:03,630 [INFO] [开始读取数据库表：debit_data]
2025-11-19 10:00:04,467 [INFO] [成功读取表 debit_data，数据行数：24804]
2025-11-19 10:00:04,753 [INFO] [开始读取数据库表：sales_invoice_data]
2025-11-19 10:00:05,457 [INFO] [成功读取表 sales_invoice_data，数据行数：18357]
2025-11-19 10:31:06,001 [INFO] [数据库引擎创建成功]
2025-11-19 10:31:06,001 [INFO] [开始读取数据库表：order_data]
2025-11-19 10:31:06,439 [INFO] [成功读取表 order_data，数据行数：23612]
2025-11-19 10:31:06,562 [INFO] [开始读取数据库表：sales_data]
2025-11-19 10:31:09,962 [INFO] [成功读取表 sales_data，数据行数：25439]
2025-11-19 10:31:12,133 [INFO] [开始读取数据库表：jingpin_data]
2025-11-19 10:31:12,452 [INFO] [成功读取表 jingpin_data，数据行数：4483]
2025-11-19 10:31:12,526 [INFO] [开始读取数据库表：inventory_data]
2025-11-19 10:31:13,116 [INFO] [成功读取表 inventory_data，数据行数：5642]
2025-11-19 10:31:13,116 [INFO] [开始读取数据库表：tuiding_data]
2025-11-19 10:31:13,367 [INFO] [成功读取表 tuiding_data，数据行数：4172]
2025-11-19 10:31:13,367 [INFO] [开始读取数据库表：debit_data]
2025-11-19 10:31:15,468 [INFO] [成功读取表 debit_data，数据行数：24804]
2025-11-19 10:31:15,867 [INFO] [开始读取数据库表：sales_invoice_data]
2025-11-19 10:31:17,176 [INFO] [成功读取表 sales_invoice_data，数据行数：18358]
2025-11-19 11:02:28,144 [INFO] [数据库引擎创建成功]
2025-11-19 11:02:28,144 [INFO] [开始读取数据库表：order_data]
2025-11-19 11:02:28,754 [INFO] [成功读取表 order_data，数据行数：23615]
2025-11-19 11:02:28,918 [INFO] [开始读取数据库表：sales_data]
2025-11-19 11:02:34,219 [INFO] [成功读取表 sales_data，数据行数：25440]
2025-11-19 11:02:36,475 [INFO] [开始读取数据库表：jingpin_data]
2025-11-19 11:02:36,785 [INFO] [成功读取表 jingpin_data，数据行数：4485]
2025-11-19 11:02:36,872 [INFO] [开始读取数据库表：inventory_data]
2025-11-19 11:02:37,490 [INFO] [成功读取表 inventory_data，数据行数：5641]
2025-11-19 11:02:37,490 [INFO] [开始读取数据库表：tuiding_data]
2025-11-19 11:02:37,732 [INFO] [成功读取表 tuiding_data，数据行数：4172]
2025-11-19 11:02:37,732 [INFO] [开始读取数据库表：debit_data]
2025-11-19 11:02:40,001 [INFO] [成功读取表 debit_data，数据行数：24804]
2025-11-19 11:02:40,454 [INFO] [开始读取数据库表：sales_invoice_data]
2025-11-19 11:02:41,993 [INFO] [成功读取表 sales_invoice_data，数据行数：18359]
2025-11-19 11:33:26,081 [INFO] [数据库引擎创建成功]
2025-11-19 11:33:26,081 [INFO] [开始读取数据库表：order_data]
2025-11-19 11:33:26,864 [INFO] [成功读取表 order_data，数据行数：23616]
2025-11-19 11:33:27,066 [INFO] [开始读取数据库表：sales_data]
2025-11-19 11:33:33,155 [INFO] [成功读取表 sales_data，数据行数：25447]
2025-11-19 11:33:35,340 [INFO] [开始读取数据库表：jingpin_data]
2025-11-19 11:33:35,617 [INFO] [成功读取表 jingpin_data，数据行数：4485]
2025-11-19 11:33:35,699 [INFO] [开始读取数据库表：inventory_data]
2025-11-19 11:33:36,286 [INFO] [成功读取表 inventory_data，数据行数：5634]
2025-11-19 11:33:36,286 [INFO] [开始读取数据库表：tuiding_data]
2025-11-19 11:33:36,547 [INFO] [成功读取表 tuiding_data，数据行数：4172]
2025-11-19 11:33:36,548 [INFO] [开始读取数据库表：debit_data]
2025-11-19 11:33:38,561 [INFO] [成功读取表 debit_data，数据行数：24804]
2025-11-19 11:33:38,968 [INFO] [开始读取数据库表：sales_invoice_data]
2025-11-19 11:33:40,481 [INFO] [成功读取表 sales_invoice_data，数据行数：18366]
2025-11-19 12:00:40,879 [INFO] [数据库引擎创建成功]
2025-11-19 12:00:40,879 [INFO] [开始读取数据库表：order_data]
2025-11-19 12:00:41,535 [INFO] [成功读取表 order_data，数据行数：23619]
2025-11-19 12:00:41,702 [INFO] [开始读取数据库表：sales_data]
2025-11-19 12:00:47,532 [INFO] [成功读取表 sales_data，数据行数：25454]
2025-11-19 12:00:49,677 [INFO] [开始读取数据库表：jingpin_data]
2025-11-19 12:00:49,969 [INFO] [成功读取表 jingpin_data，数据行数：4485]
2025-11-19 12:00:50,048 [INFO] [开始读取数据库表：inventory_data]
2025-11-19 12:00:50,626 [INFO] [成功读取表 inventory_data，数据行数：5643]
2025-11-19 12:00:50,626 [INFO] [开始读取数据库表：tuiding_data]
2025-11-19 12:00:50,851 [INFO] [成功读取表 tuiding_data，数据行数：4172]
2025-11-19 12:00:50,851 [INFO] [开始读取数据库表：debit_data]
2025-11-19 12:00:53,078 [INFO] [成功读取表 debit_data，数据行数：24812]
2025-11-19 12:00:53,540 [INFO] [开始读取数据库表：sales_invoice_data]
2025-11-19 12:00:54,979 [INFO] [成功读取表 sales_invoice_data，数据行数：18370]
2025-11-19 12:30:07,986 [INFO] [数据库引擎创建成功]
2025-11-19 12:30:07,987 [INFO] [开始读取数据库表：order_data]
2025-11-19 12:30:08,707 [INFO] [成功读取表 order_data，数据行数：23620]
2025-11-19 12:30:08,898 [INFO] [开始读取数据库表：sales_data]
2025-11-19 12:30:15,287 [INFO] [成功读取表 sales_data，数据行数：25457]
2025-11-19 12:30:17,482 [INFO] [开始读取数据库表：jingpin_data]
2025-11-19 12:30:17,769 [INFO] [成功读取表 jingpin_data，数据行数：4487]
2025-11-19 12:30:17,819 [INFO] [开始读取数据库表：inventory_data]
2025-11-19 12:30:18,116 [INFO] [成功读取表 inventory_data，数据行数：2948]
2025-11-19 12:30:18,116 [INFO] [开始读取数据库表：tuiding_data]
2025-11-19 12:30:18,363 [INFO] [成功读取表 tuiding_data，数据行数：4174]
2025-11-19 12:30:18,363 [INFO] [开始读取数据库表：debit_data]
2025-11-19 12:30:20,524 [INFO] [成功读取表 debit_data，数据行数：24844]
2025-11-19 12:30:20,977 [INFO] [开始读取数据库表：sales_invoice_data]
2025-11-19 12:30:22,330 [INFO] [成功读取表 sales_invoice_data，数据行数：18373]
2025-11-19 12:59:53,685 [INFO] [数据库引擎创建成功]
2025-11-19 12:59:53,685 [INFO] [开始读取数据库表：order_data]
2025-11-19 12:59:54,313 [INFO] [成功读取表 order_data，数据行数：23620]
2025-11-19 12:59:54,504 [INFO] [开始读取数据库表：sales_data]
2025-11-19 13:00:00,538 [INFO] [成功读取表 sales_data，数据行数：25460]
2025-11-19 13:00:02,750 [INFO] [开始读取数据库表：jingpin_data]
2025-11-19 13:00:03,035 [INFO] [成功读取表 jingpin_data，数据行数：4490]
2025-11-19 13:00:03,121 [INFO] [开始读取数据库表：inventory_data]
2025-11-19 13:00:03,702 [INFO] [成功读取表 inventory_data，数据行数：5667]
2025-11-19 13:00:03,702 [INFO] [开始读取数据库表：tuiding_data]
2025-11-19 13:00:03,947 [INFO] [成功读取表 tuiding_data，数据行数：4175]
2025-11-19 13:00:03,947 [INFO] [开始读取数据库表：debit_data]
2025-11-19 13:00:06,115 [INFO] [成功读取表 debit_data，数据行数：24911]
2025-11-19 13:00:06,532 [INFO] [开始读取数据库表：sales_invoice_data]
2025-11-19 13:00:07,884 [INFO] [成功读取表 sales_invoice_data，数据行数：18375]
2025-11-19 13:30:16,562 [INFO] [数据库引擎创建成功]
2025-11-19 13:30:16,562 [INFO] [开始读取数据库表：order_data]
2025-11-19 13:30:17,183 [INFO] [成功读取表 order_data，数据行数：23627]
2025-11-19 13:30:17,354 [INFO] [开始读取数据库表：sales_data]
2025-11-19 13:30:23,157 [INFO] [成功读取表 sales_data，数据行数：25462]
2025-11-19 13:30:25,342 [INFO] [开始读取数据库表：jingpin_data]
2025-11-19 13:30:25,631 [INFO] [成功读取表 jingpin_data，数据行数：4490]
2025-11-19 13:30:25,669 [INFO] [开始读取数据库表：inventory_data]
2025-11-19 13:30:26,219 [INFO] [成功读取表 inventory_data，数据行数：5665]
2025-11-19 13:30:26,219 [INFO] [开始读取数据库表：tuiding_data]
2025-11-19 13:30:26,432 [INFO] [成功读取表 tuiding_data，数据行数：4178]
2025-11-19 13:30:26,432 [INFO] [开始读取数据库表：debit_data]
2025-11-19 13:30:28,546 [INFO] [成功读取表 debit_data，数据行数：24911]
2025-11-19 13:30:28,905 [INFO] [开始读取数据库表：sales_invoice_data]
2025-11-19 13:30:30,238 [INFO] [成功读取表 sales_invoice_data，数据行数：18377]
2025-11-19 14:01:23,279 [INFO] [数据库引擎创建成功]
2025-11-19 14:01:23,280 [INFO] [开始读取数据库表：order_data]
2025-11-19 14:01:23,722 [INFO] [成功读取表 order_data，数据行数：23626]
2025-11-19 14:01:23,861 [INFO] [开始读取数据库表：sales_data]
2025-11-19 14:01:28,665 [INFO] [成功读取表 sales_data，数据行数：25468]
2025-11-19 14:01:30,778 [INFO] [开始读取数据库表：jingpin_data]
2025-11-19 14:01:31,083 [INFO] [成功读取表 jingpin_data，数据行数：4493]
2025-11-19 14:01:31,117 [INFO] [开始读取数据库表：inventory_data]
2025-11-19 14:01:31,722 [INFO] [成功读取表 inventory_data，数据行数：5659]
2025-11-19 14:01:31,722 [INFO] [开始读取数据库表：tuiding_data]
2025-11-19 14:01:31,952 [INFO] [成功读取表 tuiding_data，数据行数：4179]
2025-11-19 14:01:31,953 [INFO] [开始读取数据库表：debit_data]
2025-11-19 14:01:34,104 [INFO] [成功读取表 debit_data，数据行数：24911]
2025-11-19 14:01:34,517 [INFO] [开始读取数据库表：sales_invoice_data]
2025-11-19 14:01:35,860 [INFO] [成功读取表 sales_invoice_data，数据行数：18383]
2025-11-19 14:31:34,774 [INFO] [数据库引擎创建成功]
2025-11-19 14:31:34,775 [INFO] [开始读取数据库表：order_data]
2025-11-19 14:31:35,360 [INFO] [成功读取表 order_data，数据行数：23628]
2025-11-19 14:31:35,543 [INFO] [开始读取数据库表：sales_data]
2025-11-19 14:31:41,083 [INFO] [成功读取表 sales_data，数据行数：25470]
2025-11-19 14:31:43,434 [INFO] [开始读取数据库表：jingpin_data]
2025-11-19 14:31:43,823 [INFO] [成功读取表 jingpin_data，数据行数：4494]
2025-11-19 14:31:43,924 [INFO] [开始读取数据库表：inventory_data]
2025-11-19 14:31:44,517 [INFO] [成功读取表 inventory_data，数据行数：5657]
2025-11-19 14:31:44,517 [INFO] [开始读取数据库表：tuiding_data]
2025-11-19 14:31:44,754 [INFO] [成功读取表 tuiding_data，数据行数：4179]
2025-11-19 14:31:44,754 [INFO] [开始读取数据库表：debit_data]
2025-11-19 14:31:47,160 [INFO] [成功读取表 debit_data，数据行数：24913]
2025-11-19 14:31:47,618 [INFO] [开始读取数据库表：sales_invoice_data]
2025-11-19 14:31:49,097 [INFO] [成功读取表 sales_invoice_data，数据行数：18385]
2025-11-19 15:00:17,533 [INFO] [数据库引擎创建成功]
2025-11-19 15:00:17,533 [INFO] [开始读取数据库表：order_data]
2025-11-19 15:00:18,190 [INFO] [成功读取表 order_data，数据行数：23632]
2025-11-19 15:00:18,361 [INFO] [开始读取数据库表：sales_data]
2025-11-19 15:00:24,720 [INFO] [成功读取表 sales_data，数据行数：25484]
2025-11-19 15:00:27,028 [INFO] [开始读取数据库表：jingpin_data]
2025-11-19 15:00:27,341 [INFO] [成功读取表 jingpin_data，数据行数：4494]
2025-11-19 15:00:27,427 [INFO] [开始读取数据库表：inventory_data]
2025-11-19 15:00:28,042 [INFO] [成功读取表 inventory_data，数据行数：5644]
2025-11-19 15:00:28,043 [INFO] [开始读取数据库表：tuiding_data]
2025-11-19 15:00:28,286 [INFO] [成功读取表 tuiding_data，数据行数：4179]
2025-11-19 15:00:28,286 [INFO] [开始读取数据库表：debit_data]
2025-11-19 15:00:30,560 [INFO] [成功读取表 debit_data，数据行数：24913]
2025-11-19 15:00:30,954 [INFO] [开始读取数据库表：sales_invoice_data]
2025-11-19 15:00:32,474 [INFO] [成功读取表 sales_invoice_data，数据行数：18399]
2025-11-19 15:31:24,971 [INFO] [数据库引擎创建成功]
2025-11-19 15:31:24,972 [INFO] [开始读取数据库表：order_data]
2025-11-19 15:31:25,704 [INFO] [成功读取表 order_data，数据行数：23635]
2025-11-19 15:31:25,885 [INFO] [开始读取数据库表：sales_data]
2025-11-19 15:31:32,411 [INFO] [成功读取表 sales_data，数据行数：25495]
2025-11-19 15:31:34,634 [INFO] [开始读取数据库表：jingpin_data]
2025-11-19 15:31:34,853 [INFO] [成功读取表 jingpin_data，数据行数：4494]
2025-11-19 15:31:34,895 [INFO] [开始读取数据库表：inventory_data]
2025-11-19 15:31:35,484 [INFO] [成功读取表 inventory_data，数据行数：5632]
2025-11-19 15:31:35,484 [INFO] [开始读取数据库表：tuiding_data]
2025-11-19 15:31:35,705 [INFO] [成功读取表 tuiding_data，数据行数：4179]
2025-11-19 15:31:35,705 [INFO] [开始读取数据库表：debit_data]
2025-11-19 15:31:37,956 [INFO] [成功读取表 debit_data，数据行数：24913]
2025-11-19 15:31:38,386 [INFO] [开始读取数据库表：sales_invoice_data]
2025-11-19 15:31:39,715 [INFO] [成功读取表 sales_invoice_data，数据行数：18410]
2025-11-19 16:00:58,148 [INFO] [数据库引擎创建成功]
2025-11-19 16:00:58,148 [INFO] [开始读取数据库表：order_data]
2025-11-19 16:00:58,830 [INFO] [成功读取表 order_data，数据行数：23639]
2025-11-19 16:00:58,997 [INFO] [开始读取数据库表：sales_data]
2025-11-19 16:01:05,136 [INFO] [成功读取表 sales_data，数据行数：25505]
2025-11-19 16:01:07,425 [INFO] [开始读取数据库表：jingpin_data]
2025-11-19 16:01:07,714 [INFO] [成功读取表 jingpin_data，数据行数：4494]
2025-11-19 16:01:07,798 [INFO] [开始读取数据库表：inventory_data]
2025-11-19 16:01:08,324 [INFO] [成功读取表 inventory_data，数据行数：5621]
2025-11-19 16:01:08,324 [INFO] [开始读取数据库表：tuiding_data]
2025-11-19 16:01:08,562 [INFO] [成功读取表 tuiding_data，数据行数：4179]
2025-11-19 16:01:08,562 [INFO] [开始读取数据库表：debit_data]
2025-11-19 16:01:10,794 [INFO] [成功读取表 debit_data，数据行数：24913]
2025-11-19 16:01:11,227 [INFO] [开始读取数据库表：sales_invoice_data]
2025-11-19 16:01:12,611 [INFO] [成功读取表 sales_invoice_data，数据行数：18420]
2025-11-19 16:30:57,798 [INFO] [数据库引擎创建成功]
2025-11-19 16:30:57,798 [INFO] [开始读取数据库表：order_data]
2025-11-19 16:30:58,605 [INFO] [成功读取表 order_data，数据行数：23641]
2025-11-19 16:30:58,815 [INFO] [开始读取数据库表：sales_data]
2025-11-19 16:31:05,891 [INFO] [成功读取表 sales_data，数据行数：25512]
2025-11-19 16:31:08,670 [INFO] [开始读取数据库表：jingpin_data]
2025-11-19 16:31:09,121 [INFO] [成功读取表 jingpin_data，数据行数：4494]
2025-11-19 16:31:09,241 [INFO] [开始读取数据库表：inventory_data]
2025-11-19 16:31:09,883 [INFO] [成功读取表 inventory_data，数据行数：5616]
2025-11-19 16:31:09,884 [INFO] [开始读取数据库表：tuiding_data]
2025-11-19 16:31:10,144 [INFO] [成功读取表 tuiding_data，数据行数：4179]
2025-11-19 16:31:10,144 [INFO] [开始读取数据库表：debit_data]
2025-11-19 16:31:12,468 [INFO] [成功读取表 debit_data，数据行数：24913]
2025-11-19 16:31:12,939 [INFO] [开始读取数据库表：sales_invoice_data]
2025-11-19 16:31:14,107 [INFO] [成功读取表 sales_invoice_data，数据行数：18426]
2025-11-19 17:01:38,815 [INFO] [数据库引擎创建成功]
2025-11-19 17:01:38,817 [INFO] [开始读取数据库表：order_data]
2025-11-19 17:01:39,507 [INFO] [成功读取表 order_data，数据行数：23644]
2025-11-19 17:01:39,686 [INFO] [开始读取数据库表：sales_data]
2025-11-19 17:01:47,221 [INFO] [成功读取表 sales_data，数据行数：25523]
2025-11-19 17:01:49,421 [INFO] [开始读取数据库表：jingpin_data]
2025-11-19 17:01:49,739 [INFO] [成功读取表 jingpin_data，数据行数：4494]
2025-11-19 17:01:49,824 [INFO] [开始读取数据库表：inventory_data]
2025-11-19 17:01:50,491 [INFO] [成功读取表 inventory_data，数据行数：5607]
2025-11-19 17:01:50,491 [INFO] [开始读取数据库表：tuiding_data]
2025-11-19 17:01:50,753 [INFO] [成功读取表 tuiding_data，数据行数：4180]
2025-11-19 17:01:50,753 [INFO] [开始读取数据库表：debit_data]
2025-11-19 17:01:52,895 [INFO] [成功读取表 debit_data，数据行数：24913]
2025-11-19 17:01:53,330 [INFO] [开始读取数据库表：sales_invoice_data]
2025-11-19 17:01:55,911 [INFO] [成功读取表 sales_invoice_data，数据行数：18436]
2025-11-19 17:29:55,212 [INFO] [数据库引擎创建成功]
2025-11-19 17:29:55,213 [INFO] [开始读取数据库表：order_data]
2025-11-19 17:29:56,752 [INFO] [成功读取表 order_data，数据行数：23650]
2025-11-19 17:29:57,096 [INFO] [开始读取数据库表：sales_data]
2025-11-19 17:30:03,603 [INFO] [成功读取表 sales_data，数据行数：25528]
2025-11-19 17:30:05,779 [INFO] [开始读取数据库表：jingpin_data]
2025-11-19 17:30:06,056 [INFO] [成功读取表 jingpin_data，数据行数：4498]
2025-11-19 17:30:06,139 [INFO] [开始读取数据库表：inventory_data]
2025-11-19 17:30:06,697 [INFO] [成功读取表 inventory_data，数据行数：5602]
2025-11-19 17:30:06,698 [INFO] [开始读取数据库表：tuiding_data]
2025-11-19 17:30:06,956 [INFO] [成功读取表 tuiding_data，数据行数：4182]
2025-11-19 17:30:06,956 [INFO] [开始读取数据库表：debit_data]
2025-11-19 17:30:09,103 [INFO] [成功读取表 debit_data，数据行数：24913]
2025-11-19 17:30:09,526 [INFO] [开始读取数据库表：sales_invoice_data]
2025-11-19 17:30:10,869 [INFO] [成功读取表 sales_invoice_data，数据行数：18441]
2025-11-19 18:02:06,550 [INFO] [数据库引擎创建成功]
2025-11-19 18:02:06,551 [INFO] [开始读取数据库表：order_data]
2025-11-19 18:02:07,252 [INFO] [成功读取表 order_data，数据行数：23655]
2025-11-19 18:02:07,446 [INFO] [开始读取数据库表：sales_data]
2025-11-19 18:02:13,867 [INFO] [成功读取表 sales_data，数据行数：25547]
2025-11-19 18:02:16,299 [INFO] [开始读取数据库表：jingpin_data]
2025-11-19 18:02:16,606 [INFO] [成功读取表 jingpin_data，数据行数：4500]
2025-11-19 18:02:16,645 [INFO] [开始读取数据库表：inventory_data]
2025-11-19 18:02:17,271 [INFO] [成功读取表 inventory_data，数据行数：5582]
2025-11-19 18:02:17,272 [INFO] [开始读取数据库表：tuiding_data]
2025-11-19 18:02:17,516 [INFO] [成功读取表 tuiding_data，数据行数：4183]
2025-11-19 18:02:17,517 [INFO] [开始读取数据库表：debit_data]
2025-11-19 18:02:19,942 [INFO] [成功读取表 debit_data，数据行数：24913]
2025-11-19 18:02:20,310 [INFO] [开始读取数据库表：sales_invoice_data]
2025-11-19 18:02:21,870 [INFO] [成功读取表 sales_invoice_data，数据行数：18459]
2025-11-19 18:30:13,786 [INFO] [数据库引擎创建成功]
2025-11-19 18:30:13,797 [INFO] [开始读取数据库表：order_data]
2025-11-19 18:30:17,080 [INFO] [成功读取表 order_data，数据行数：23659]
2025-11-19 18:30:17,766 [INFO] [开始读取数据库表：sales_data]
2025-11-19 18:30:31,562 [INFO] [成功读取表 sales_data，数据行数：25555]
2025-11-19 18:30:36,693 [INFO] [开始读取数据库表：jingpin_data]
2025-11-19 18:30:37,283 [INFO] [成功读取表 jingpin_data，数据行数：4500]
2025-11-19 18:30:37,439 [INFO] [开始读取数据库表：inventory_data]
2025-11-19 18:30:38,589 [INFO] [成功读取表 inventory_data，数据行数：5577]
2025-11-19 18:30:38,589 [INFO] [开始读取数据库表：tuiding_data]
2025-11-19 18:30:39,109 [INFO] [成功读取表 tuiding_data，数据行数：4183]
2025-11-19 18:30:39,109 [INFO] [开始读取数据库表：debit_data]
2025-11-19 18:30:42,117 [INFO] [成功读取表 debit_data，数据行数：24913]
2025-11-19 18:30:42,988 [INFO] [开始读取数据库表：sales_invoice_data]
2025-11-19 18:30:44,829 [INFO] [成功读取表 sales_invoice_data，数据行数：18463]
2025-11-19 18:59:23,766 [INFO] [数据库引擎创建成功]
2025-11-19 18:59:23,767 [INFO] [开始读取数据库表：order_data]
2025-11-19 18:59:25,252 [INFO] [成功读取表 order_data，数据行数：23662]
2025-11-19 18:59:25,584 [INFO] [开始读取数据库表：sales_data]
2025-11-19 18:59:31,605 [INFO] [成功读取表 sales_data，数据行数：25555]
2025-11-19 18:59:33,706 [INFO] [开始读取数据库表：jingpin_data]
2025-11-19 18:59:33,997 [INFO] [成功读取表 jingpin_data，数据行数：4500]
2025-11-19 18:59:34,062 [INFO] [开始读取数据库表：inventory_data]
2025-11-19 18:59:34,556 [INFO] [成功读取表 inventory_data，数据行数：5576]
2025-11-19 18:59:34,556 [INFO] [开始读取数据库表：tuiding_data]
2025-11-19 18:59:34,786 [INFO] [成功读取表 tuiding_data，数据行数：4183]
2025-11-19 18:59:34,786 [INFO] [开始读取数据库表：debit_data]
2025-11-19 18:59:36,719 [INFO] [成功读取表 debit_data，数据行数：24913]
2025-11-19 18:59:37,102 [INFO] [开始读取数据库表：sales_invoice_data]
2025-11-19 18:59:38,389 [INFO] [成功读取表 sales_invoice_data，数据行数：18463]
2025-11-19 19:29:47,428 [INFO] [数据库引擎创建成功]
2025-11-19 19:29:47,438 [INFO] [开始读取数据库表：order_data]
2025-11-19 19:29:49,051 [INFO] [成功读取表 order_data，数据行数：23663]
2025-11-19 19:29:49,418 [INFO] [开始读取数据库表：sales_data]
2025-11-19 19:29:55,418 [INFO] [成功读取表 sales_data，数据行数：25557]
2025-11-19 19:29:57,848 [INFO] [开始读取数据库表：jingpin_data]
2025-11-19 19:29:58,133 [INFO] [成功读取表 jingpin_data，数据行数：4500]
2025-11-19 19:29:58,220 [INFO] [开始读取数据库表：inventory_data]
2025-11-19 19:29:58,802 [INFO] [成功读取表 inventory_data，数据行数：5575]
2025-11-19 19:29:58,802 [INFO] [开始读取数据库表：tuiding_data]
2025-11-19 19:29:59,044 [INFO] [成功读取表 tuiding_data，数据行数：4183]
2025-11-19 19:29:59,044 [INFO] [开始读取数据库表：debit_data]
2025-11-19 19:30:01,323 [INFO] [成功读取表 debit_data，数据行数：24913]
2025-11-19 19:30:01,910 [INFO] [开始读取数据库表：sales_invoice_data]
2025-11-19 19:30:03,292 [INFO] [成功读取表 sales_invoice_data，数据行数：18465]
2025-11-19 19:59:36,007 [INFO] [数据库引擎创建成功]
2025-11-19 19:59:36,016 [INFO] [开始读取数据库表：order_data]
2025-11-19 19:59:37,456 [INFO] [成功读取表 order_data，数据行数：23664]
2025-11-19 19:59:37,787 [INFO] [开始读取数据库表：sales_data]
2025-11-19 19:59:43,653 [INFO] [成功读取表 sales_data，数据行数：25559]
2025-11-19 19:59:45,682 [INFO] [开始读取数据库表：jingpin_data]
2025-11-19 19:59:45,950 [INFO] [成功读取表 jingpin_data，数据行数：4500]
2025-11-19 19:59:45,991 [INFO] [开始读取数据库表：inventory_data]
2025-11-19 19:59:46,507 [INFO] [成功读取表 inventory_data，数据行数：5572]
2025-11-19 19:59:46,507 [INFO] [开始读取数据库表：tuiding_data]
2025-11-19 19:59:46,816 [INFO] [成功读取表 tuiding_data，数据行数：4183]
2025-11-19 19:59:46,816 [INFO] [开始读取数据库表：debit_data]
2025-11-19 19:59:48,724 [INFO] [成功读取表 debit_data，数据行数：24913]
2025-11-19 19:59:49,111 [INFO] [开始读取数据库表：sales_invoice_data]
2025-11-19 19:59:50,374 [INFO] [成功读取表 sales_invoice_data，数据行数：18468]
2025-11-19 20:29:48,190 [INFO] [数据库引擎创建成功]
2025-11-19 20:29:48,191 [INFO] [开始读取数据库表：order_data]
2025-11-19 20:29:49,645 [INFO] [成功读取表 order_data，数据行数：23664]
2025-11-19 20:29:50,005 [INFO] [开始读取数据库表：sales_data]
2025-11-19 20:29:56,224 [INFO] [成功读取表 sales_data，数据行数：25560]
2025-11-19 20:29:58,362 [INFO] [开始读取数据库表：jingpin_data]
2025-11-19 20:29:58,625 [INFO] [成功读取表 jingpin_data，数据行数：4500]
2025-11-19 20:29:58,693 [INFO] [开始读取数据库表：inventory_data]
2025-11-19 20:29:59,214 [INFO] [成功读取表 inventory_data，数据行数：5571]
2025-11-19 20:29:59,214 [INFO] [开始读取数据库表：tuiding_data]
2025-11-19 20:29:59,462 [INFO] [成功读取表 tuiding_data，数据行数：4183]
2025-11-19 20:29:59,462 [INFO] [开始读取数据库表：debit_data]
2025-11-19 20:30:01,435 [INFO] [成功读取表 debit_data，数据行数：24913]
2025-11-19 20:30:01,892 [INFO] [开始读取数据库表：sales_invoice_data]
2025-11-19 20:30:03,352 [INFO] [成功读取表 sales_invoice_data，数据行数：18469]
2025-11-19 20:59:26,551 [INFO] [数据库引擎创建成功]
2025-11-19 20:59:26,560 [INFO] [开始读取数据库表：order_data]
2025-11-19 20:59:27,971 [INFO] [成功读取表 order_data，数据行数：23673]
2025-11-19 20:59:28,304 [INFO] [开始读取数据库表：sales_data]
2025-11-19 20:59:34,282 [INFO] [成功读取表 sales_data，数据行数：25560]
2025-11-19 20:59:36,296 [INFO] [开始读取数据库表：jingpin_data]
2025-11-19 20:59:36,567 [INFO] [成功读取表 jingpin_data，数据行数：4500]
2025-11-19 20:59:36,637 [INFO] [开始读取数据库表：inventory_data]
2025-11-19 20:59:37,112 [INFO] [成功读取表 inventory_data，数据行数：5571]
2025-11-19 20:59:37,112 [INFO] [开始读取数据库表：tuiding_data]
2025-11-19 20:59:37,334 [INFO] [成功读取表 tuiding_data，数据行数：4183]
2025-11-19 20:59:37,335 [INFO] [开始读取数据库表：debit_data]
2025-11-19 20:59:39,388 [INFO] [成功读取表 debit_data，数据行数：24913]
2025-11-19 20:59:39,965 [INFO] [开始读取数据库表：sales_invoice_data]
2025-11-19 20:59:41,302 [INFO] [成功读取表 sales_invoice_data，数据行数：18469]
2025-11-19 21:29:31,737 [INFO] [数据库引擎创建成功]
2025-11-19 21:29:31,737 [INFO] [开始读取数据库表：order_data]
2025-11-19 21:29:33,479 [INFO] [成功读取表 order_data，数据行数：23673]
2025-11-19 21:29:33,835 [INFO] [开始读取数据库表：sales_data]
2025-11-19 21:29:40,247 [INFO] [成功读取表 sales_data，数据行数：25560]
2025-11-19 21:29:42,314 [INFO] [开始读取数据库表：jingpin_data]
2025-11-19 21:29:42,580 [INFO] [成功读取表 jingpin_data，数据行数：4500]
2025-11-19 21:29:42,646 [INFO] [开始读取数据库表：inventory_data]
2025-11-19 21:29:43,193 [INFO] [成功读取表 inventory_data，数据行数：5609]
2025-11-19 21:29:43,193 [INFO] [开始读取数据库表：tuiding_data]
2025-11-19 21:29:43,402 [INFO] [成功读取表 tuiding_data，数据行数：4183]
2025-11-19 21:29:43,402 [INFO] [开始读取数据库表：debit_data]
2025-11-19 21:29:45,483 [INFO] [成功读取表 debit_data，数据行数：24951]
2025-11-19 21:29:45,855 [INFO] [开始读取数据库表：sales_invoice_data]
2025-11-19 21:29:47,196 [INFO] [成功读取表 sales_invoice_data，数据行数：18469]
2025-11-19 22:00:00,300 [INFO] [数据库引擎创建成功]
2025-11-19 22:00:00,303 [INFO] [开始读取数据库表：order_data]
2025-11-19 22:00:02,083 [INFO] [成功读取表 order_data，数据行数：23673]
2025-11-19 22:00:02,543 [INFO] [开始读取数据库表：sales_data]
2025-11-19 22:00:09,059 [INFO] [成功读取表 sales_data，数据行数：25560]
2025-11-19 22:00:11,305 [INFO] [开始读取数据库表：jingpin_data]
2025-11-19 22:00:11,612 [INFO] [成功读取表 jingpin_data，数据行数：4500]
2025-11-19 22:00:11,693 [INFO] [开始读取数据库表：inventory_data]
2025-11-19 22:00:12,264 [INFO] [成功读取表 inventory_data，数据行数：5609]
2025-11-19 22:00:12,265 [INFO] [开始读取数据库表：tuiding_data]
2025-11-19 22:00:12,520 [INFO] [成功读取表 tuiding_data，数据行数：4183]
2025-11-19 22:00:12,521 [INFO] [开始读取数据库表：debit_data]
2025-11-19 22:00:14,669 [INFO] [成功读取表 debit_data，数据行数：24991]
2025-11-19 22:00:15,239 [INFO] [开始读取数据库表：sales_invoice_data]
2025-11-19 22:00:18,496 [INFO] [成功读取表 sales_invoice_data，数据行数：18469]
2025-11-19 22:29:43,199 [INFO] [数据库引擎创建成功]
2025-11-19 22:29:43,201 [INFO] [开始读取数据库表：order_data]
2025-11-19 22:29:44,410 [INFO] [成功读取表 order_data，数据行数：23673]
2025-11-19 22:29:44,746 [INFO] [开始读取数据库表：sales_data]
2025-11-19 22:29:51,101 [INFO] [成功读取表 sales_data，数据行数：25560]
2025-11-19 22:29:53,137 [INFO] [开始读取数据库表：jingpin_data]
2025-11-19 22:29:53,391 [INFO] [成功读取表 jingpin_data，数据行数：4500]
2025-11-19 22:29:53,450 [INFO] [开始读取数据库表：inventory_data]
2025-11-19 22:29:53,983 [INFO] [成功读取表 inventory_data，数据行数：5609]
2025-11-19 22:29:53,984 [INFO] [开始读取数据库表：tuiding_data]
2025-11-19 22:29:54,194 [INFO] [成功读取表 tuiding_data，数据行数：4183]
2025-11-19 22:29:54,194 [INFO] [开始读取数据库表：debit_data]
2025-11-19 22:29:56,301 [INFO] [成功读取表 debit_data，数据行数：24991]
2025-11-19 22:29:56,705 [INFO] [开始读取数据库表：sales_invoice_data]
2025-11-19 22:29:57,972 [INFO] [成功读取表 sales_invoice_data，数据行数：18469]
2025-11-19 22:59:53,410 [INFO] [数据库引擎创建成功]
2025-11-19 22:59:53,420 [INFO] [开始读取数据库表：order_data]
2025-11-19 22:59:54,805 [INFO] [成功读取表 order_data，数据行数：23673]
2025-11-19 22:59:55,158 [INFO] [开始读取数据库表：sales_data]
2025-11-19 23:00:01,664 [INFO] [成功读取表 sales_data，数据行数：25560]
2025-11-19 23:00:03,732 [INFO] [开始读取数据库表：jingpin_data]
2025-11-19 23:00:04,340 [INFO] [成功读取表 jingpin_data，数据行数：4500]
2025-11-19 23:00:04,407 [INFO] [开始读取数据库表：inventory_data]
2025-11-19 23:00:05,404 [INFO] [成功读取表 inventory_data，数据行数：5609]
2025-11-19 23:00:05,404 [INFO] [开始读取数据库表：tuiding_data]
2025-11-19 23:00:05,660 [INFO] [成功读取表 tuiding_data，数据行数：4183]
2025-11-19 23:00:05,661 [INFO] [开始读取数据库表：debit_data]
2025-11-19 23:00:07,680 [INFO] [成功读取表 debit_data，数据行数：24991]
2025-11-19 23:00:08,057 [INFO] [开始读取数据库表：sales_invoice_data]
2025-11-19 23:00:09,349 [INFO] [成功读取表 sales_invoice_data，数据行数：18469]
2025-11-19 23:29:25,939 [INFO] [数据库引擎创建成功]
2025-11-19 23:29:25,940 [INFO] [开始读取数据库表：order_data]
2025-11-19 23:29:27,296 [INFO] [成功读取表 order_data，数据行数：23673]
2025-11-19 23:29:27,634 [INFO] [开始读取数据库表：sales_data]
2025-11-19 23:29:33,695 [INFO] [成功读取表 sales_data，数据行数：25560]
2025-11-19 23:29:35,700 [INFO] [开始读取数据库表：jingpin_data]
2025-11-19 23:29:35,958 [INFO] [成功读取表 jingpin_data，数据行数：4500]
2025-11-19 23:29:36,044 [INFO] [开始读取数据库表：inventory_data]
2025-11-19 23:29:36,565 [INFO] [成功读取表 inventory_data，数据行数：5609]
2025-11-19 23:29:36,565 [INFO] [开始读取数据库表：tuiding_data]
2025-11-19 23:29:36,776 [INFO] [成功读取表 tuiding_data，数据行数：4183]
2025-11-19 23:29:36,776 [INFO] [开始读取数据库表：debit_data]
2025-11-19 23:29:38,740 [INFO] [成功读取表 debit_data，数据行数：24991]
2025-11-19 23:29:39,105 [INFO] [开始读取数据库表：sales_invoice_data]
2025-11-19 23:29:40,290 [INFO] [成功读取表 sales_invoice_data，数据行数：18469]
2025-11-19 23:59:48,858 [INFO] [数据库引擎创建成功]
2025-11-19 23:59:48,859 [INFO] [开始读取数据库表：order_data]
2025-11-19 23:59:50,244 [INFO] [成功读取表 order_data，数据行数：23674]
2025-11-19 23:59:50,600 [INFO] [开始读取数据库表：sales_data]
2025-11-19 23:59:56,600 [INFO] [成功读取表 sales_data，数据行数：25560]
2025-11-19 23:59:58,825 [INFO] [开始读取数据库表：jingpin_data]
2025-11-19 23:59:59,069 [INFO] [成功读取表 jingpin_data，数据行数：4500]
2025-11-19 23:59:59,141 [INFO] [开始读取数据库表：inventory_data]
2025-11-19 23:59:59,678 [INFO] [成功读取表 inventory_data，数据行数：5609]
2025-11-19 23:59:59,679 [INFO] [开始读取数据库表：tuiding_data]
2025-11-19 23:59:59,878 [INFO] [成功读取表 tuiding_data，数据行数：4183]
2025-11-19 23:59:59,878 [INFO] [开始读取数据库表：debit_data]
2025-11-20 00:00:01,890 [INFO] [成功读取表 debit_data，数据行数：24991]
2025-11-20 00:00:02,262 [INFO] [开始读取数据库表：sales_invoice_data]
2025-11-20 00:00:03,527 [INFO] [成功读取表 sales_invoice_data，数据行数：18469]
