2025-10-30 00:27:25,591 [INFO] [数据库引擎创建成功]
2025-10-30 00:27:25,592 [INFO] [开始读取数据库表：order_data]
2025-10-30 00:27:26,697 [INFO] [成功读取表 order_data，数据行数：21807]
2025-10-30 00:27:26,980 [INFO] [开始读取数据库表：sales_data]
2025-10-30 00:27:30,442 [INFO] [成功读取表 sales_data，数据行数：23488]
2025-10-30 00:27:31,433 [INFO] [开始读取数据库表：jingpin_data]
2025-10-30 00:27:31,505 [INFO] [成功读取表 jingpin_data，数据行数：3824]
2025-10-30 00:27:31,537 [INFO] [开始读取数据库表：inventory_data]
2025-10-30 00:27:31,773 [INFO] [成功读取表 inventory_data，数据行数：6284]
2025-10-30 00:27:31,773 [INFO] [开始读取数据库表：tuiding_data]
2025-10-30 00:27:31,919 [INFO] [成功读取表 tuiding_data，数据行数：3492]
2025-10-30 00:27:31,919 [INFO] [开始读取数据库表：debit_data]
2025-10-30 00:27:32,782 [INFO] [成功读取表 debit_data，数据行数：16382]
2025-10-30 00:27:33,062 [INFO] [开始读取数据库表：sales_invoice_data]
2025-10-30 00:27:33,855 [INFO] [成功读取表 sales_invoice_data，数据行数：17069]
2025-10-30 00:57:45,288 [INFO] [数据库引擎创建成功]
2025-10-30 00:57:45,289 [INFO] [开始读取数据库表：order_data]
2025-10-30 00:57:46,014 [INFO] [成功读取表 order_data，数据行数：21807]
2025-10-30 00:57:46,221 [INFO] [开始读取数据库表：sales_data]
2025-10-30 00:57:49,227 [INFO] [成功读取表 sales_data，数据行数：23488]
2025-10-30 00:57:50,481 [INFO] [开始读取数据库表：jingpin_data]
2025-10-30 00:57:50,572 [INFO] [成功读取表 jingpin_data，数据行数：3824]
2025-10-30 00:57:50,620 [INFO] [开始读取数据库表：inventory_data]
2025-10-30 00:57:50,860 [INFO] [成功读取表 inventory_data，数据行数：6284]
2025-10-30 00:57:50,860 [INFO] [开始读取数据库表：tuiding_data]
2025-10-30 00:57:50,931 [INFO] [成功读取表 tuiding_data，数据行数：3492]
2025-10-30 00:57:50,931 [INFO] [开始读取数据库表：debit_data]
2025-10-30 00:57:51,546 [INFO] [成功读取表 debit_data，数据行数：16382]
2025-10-30 00:57:51,796 [INFO] [开始读取数据库表：sales_invoice_data]
2025-10-30 00:57:52,601 [INFO] [成功读取表 sales_invoice_data，数据行数：17069]
2025-10-30 01:27:38,671 [INFO] [数据库引擎创建成功]
2025-10-30 01:27:38,672 [INFO] [开始读取数据库表：order_data]
2025-10-30 01:27:39,286 [INFO] [成功读取表 order_data，数据行数：21807]
2025-10-30 01:27:39,437 [INFO] [开始读取数据库表：sales_data]
2025-10-30 01:27:42,239 [INFO] [成功读取表 sales_data，数据行数：23488]
2025-10-30 01:27:43,737 [INFO] [开始读取数据库表：jingpin_data]
2025-10-30 01:27:43,907 [INFO] [成功读取表 jingpin_data，数据行数：3824]
2025-10-30 01:27:43,978 [INFO] [开始读取数据库表：inventory_data]
2025-10-30 01:27:44,391 [INFO] [成功读取表 inventory_data，数据行数：6284]
2025-10-30 01:27:44,391 [INFO] [开始读取数据库表：tuiding_data]
2025-10-30 01:27:44,487 [INFO] [成功读取表 tuiding_data，数据行数：3492]
2025-10-30 01:27:44,488 [INFO] [开始读取数据库表：debit_data]
2025-10-30 01:27:45,258 [INFO] [成功读取表 debit_data，数据行数：16382]
2025-10-30 01:27:45,521 [INFO] [开始读取数据库表：sales_invoice_data]
2025-10-30 01:27:46,395 [INFO] [成功读取表 sales_invoice_data，数据行数：17069]
2025-10-30 01:57:17,944 [INFO] [数据库引擎创建成功]
2025-10-30 01:57:17,944 [INFO] [开始读取数据库表：order_data]
2025-10-30 01:57:18,506 [INFO] [成功读取表 order_data，数据行数：21807]
2025-10-30 01:57:18,677 [INFO] [开始读取数据库表：sales_data]
2025-10-30 01:57:21,368 [INFO] [成功读取表 sales_data，数据行数：23488]
2025-10-30 01:57:22,376 [INFO] [开始读取数据库表：jingpin_data]
2025-10-30 01:57:22,452 [INFO] [成功读取表 jingpin_data，数据行数：3824]
2025-10-30 01:57:22,486 [INFO] [开始读取数据库表：inventory_data]
2025-10-30 01:57:22,712 [INFO] [成功读取表 inventory_data，数据行数：6284]
2025-10-30 01:57:22,712 [INFO] [开始读取数据库表：tuiding_data]
2025-10-30 01:57:22,781 [INFO] [成功读取表 tuiding_data，数据行数：3492]
2025-10-30 01:57:22,781 [INFO] [开始读取数据库表：debit_data]
2025-10-30 01:57:23,288 [INFO] [成功读取表 debit_data，数据行数：16382]
2025-10-30 01:57:23,483 [INFO] [开始读取数据库表：sales_invoice_data]
2025-10-30 01:57:24,015 [INFO] [成功读取表 sales_invoice_data，数据行数：17069]
2025-10-30 02:27:27,613 [INFO] [数据库引擎创建成功]
2025-10-30 02:27:27,613 [INFO] [开始读取数据库表：order_data]
2025-10-30 02:27:28,317 [INFO] [成功读取表 order_data，数据行数：21807]
2025-10-30 02:27:28,514 [INFO] [开始读取数据库表：sales_data]
2025-10-30 02:27:31,626 [INFO] [成功读取表 sales_data，数据行数：23488]
2025-10-30 02:27:32,964 [INFO] [开始读取数据库表：jingpin_data]
2025-10-30 02:27:33,100 [INFO] [成功读取表 jingpin_data，数据行数：3824]
2025-10-30 02:27:33,147 [INFO] [开始读取数据库表：inventory_data]
2025-10-30 02:27:33,488 [INFO] [成功读取表 inventory_data，数据行数：6284]
2025-10-30 02:27:33,488 [INFO] [开始读取数据库表：tuiding_data]
2025-10-30 02:27:33,558 [INFO] [成功读取表 tuiding_data，数据行数：3492]
2025-10-30 02:27:33,558 [INFO] [开始读取数据库表：debit_data]
2025-10-30 02:27:34,346 [INFO] [成功读取表 debit_data，数据行数：16382]
2025-10-30 02:27:34,683 [INFO] [开始读取数据库表：sales_invoice_data]
2025-10-30 02:27:35,542 [INFO] [成功读取表 sales_invoice_data，数据行数：17069]
2025-10-30 02:57:25,600 [INFO] [数据库引擎创建成功]
2025-10-30 02:57:25,601 [INFO] [开始读取数据库表：order_data]
2025-10-30 02:57:26,455 [INFO] [成功读取表 order_data，数据行数：21807]
2025-10-30 02:57:26,658 [INFO] [开始读取数据库表：sales_data]
2025-10-30 02:57:29,844 [INFO] [成功读取表 sales_data，数据行数：23488]
2025-10-30 02:57:31,007 [INFO] [开始读取数据库表：jingpin_data]
2025-10-30 02:57:31,137 [INFO] [成功读取表 jingpin_data，数据行数：3824]
2025-10-30 02:57:31,184 [INFO] [开始读取数据库表：inventory_data]
2025-10-30 02:57:31,444 [INFO] [成功读取表 inventory_data，数据行数：6284]
2025-10-30 02:57:31,444 [INFO] [开始读取数据库表：tuiding_data]
2025-10-30 02:57:31,537 [INFO] [成功读取表 tuiding_data，数据行数：3492]
2025-10-30 02:57:31,537 [INFO] [开始读取数据库表：debit_data]
2025-10-30 02:57:32,429 [INFO] [成功读取表 debit_data，数据行数：16382]
2025-10-30 02:57:32,717 [INFO] [开始读取数据库表：sales_invoice_data]
2025-10-30 02:57:33,529 [INFO] [成功读取表 sales_invoice_data，数据行数：17069]
2025-10-30 03:27:25,674 [INFO] [数据库引擎创建成功]
2025-10-30 03:27:25,674 [INFO] [开始读取数据库表：order_data]
2025-10-30 03:27:26,671 [INFO] [成功读取表 order_data，数据行数：21807]
2025-10-30 03:27:26,857 [INFO] [开始读取数据库表：sales_data]
2025-10-30 03:27:30,222 [INFO] [成功读取表 sales_data，数据行数：23488]
2025-10-30 03:27:31,633 [INFO] [开始读取数据库表：jingpin_data]
2025-10-30 03:27:31,768 [INFO] [成功读取表 jingpin_data，数据行数：3824]
2025-10-30 03:27:31,818 [INFO] [开始读取数据库表：inventory_data]
2025-10-30 03:27:32,235 [INFO] [成功读取表 inventory_data，数据行数：6284]
2025-10-30 03:27:32,235 [INFO] [开始读取数据库表：tuiding_data]
2025-10-30 03:27:32,378 [INFO] [成功读取表 tuiding_data，数据行数：3492]
2025-10-30 03:27:32,379 [INFO] [开始读取数据库表：debit_data]
2025-10-30 03:27:33,316 [INFO] [成功读取表 debit_data，数据行数：16382]
2025-10-30 03:27:33,593 [INFO] [开始读取数据库表：sales_invoice_data]
2025-10-30 03:27:34,411 [INFO] [成功读取表 sales_invoice_data，数据行数：17069]
2025-10-30 03:57:23,950 [INFO] [数据库引擎创建成功]
2025-10-30 03:57:23,950 [INFO] [开始读取数据库表：order_data]
2025-10-30 03:57:24,568 [INFO] [成功读取表 order_data，数据行数：21807]
2025-10-30 03:57:24,735 [INFO] [开始读取数据库表：sales_data]
2025-10-30 03:57:27,374 [INFO] [成功读取表 sales_data，数据行数：23488]
2025-10-30 03:57:28,489 [INFO] [开始读取数据库表：jingpin_data]
2025-10-30 03:57:28,561 [INFO] [成功读取表 jingpin_data，数据行数：3824]
2025-10-30 03:57:28,598 [INFO] [开始读取数据库表：inventory_data]
2025-10-30 03:57:28,860 [INFO] [成功读取表 inventory_data，数据行数：6284]
2025-10-30 03:57:28,860 [INFO] [开始读取数据库表：tuiding_data]
2025-10-30 03:57:28,956 [INFO] [成功读取表 tuiding_data，数据行数：3492]
2025-10-30 03:57:28,956 [INFO] [开始读取数据库表：debit_data]
2025-10-30 03:57:29,554 [INFO] [成功读取表 debit_data，数据行数：16382]
2025-10-30 03:57:29,818 [INFO] [开始读取数据库表：sales_invoice_data]
2025-10-30 03:57:30,582 [INFO] [成功读取表 sales_invoice_data，数据行数：17069]
2025-10-30 04:27:39,387 [INFO] [数据库引擎创建成功]
2025-10-30 04:27:39,387 [INFO] [开始读取数据库表：order_data]
2025-10-30 04:27:39,970 [INFO] [成功读取表 order_data，数据行数：21807]
2025-10-30 04:27:40,148 [INFO] [开始读取数据库表：sales_data]
2025-10-30 04:27:43,069 [INFO] [成功读取表 sales_data，数据行数：23488]
2025-10-30 04:27:44,240 [INFO] [开始读取数据库表：jingpin_data]
2025-10-30 04:27:44,310 [INFO] [成功读取表 jingpin_data，数据行数：3824]
2025-10-30 04:27:44,344 [INFO] [开始读取数据库表：inventory_data]
2025-10-30 04:27:44,577 [INFO] [成功读取表 inventory_data，数据行数：6284]
2025-10-30 04:27:44,577 [INFO] [开始读取数据库表：tuiding_data]
2025-10-30 04:27:44,654 [INFO] [成功读取表 tuiding_data，数据行数：3492]
2025-10-30 04:27:44,654 [INFO] [开始读取数据库表：debit_data]
2025-10-30 04:27:45,306 [INFO] [成功读取表 debit_data，数据行数：16382]
2025-10-30 04:27:45,473 [INFO] [开始读取数据库表：sales_invoice_data]
2025-10-30 04:27:45,879 [INFO] [成功读取表 sales_invoice_data，数据行数：17069]
2025-10-30 04:57:38,603 [INFO] [数据库引擎创建成功]
2025-10-30 04:57:38,604 [INFO] [开始读取数据库表：order_data]
2025-10-30 04:57:39,343 [INFO] [成功读取表 order_data，数据行数：21807]
2025-10-30 04:57:39,568 [INFO] [开始读取数据库表：sales_data]
2025-10-30 04:57:42,805 [INFO] [成功读取表 sales_data，数据行数：23488]
2025-10-30 04:57:44,007 [INFO] [开始读取数据库表：jingpin_data]
2025-10-30 04:57:44,126 [INFO] [成功读取表 jingpin_data，数据行数：3824]
2025-10-30 04:57:44,176 [INFO] [开始读取数据库表：inventory_data]
2025-10-30 04:57:44,524 [INFO] [成功读取表 inventory_data，数据行数：6284]
2025-10-30 04:57:44,524 [INFO] [开始读取数据库表：tuiding_data]
2025-10-30 04:57:44,621 [INFO] [成功读取表 tuiding_data，数据行数：3492]
2025-10-30 04:57:44,622 [INFO] [开始读取数据库表：debit_data]
2025-10-30 04:57:45,475 [INFO] [成功读取表 debit_data，数据行数：16382]
2025-10-30 04:57:45,784 [INFO] [开始读取数据库表：sales_invoice_data]
2025-10-30 04:57:46,561 [INFO] [成功读取表 sales_invoice_data，数据行数：17069]
2025-10-30 05:27:18,245 [INFO] [数据库引擎创建成功]
2025-10-30 05:27:18,245 [INFO] [开始读取数据库表：order_data]
2025-10-30 05:27:18,952 [INFO] [成功读取表 order_data，数据行数：21807]
2025-10-30 05:27:19,108 [INFO] [开始读取数据库表：sales_data]
2025-10-30 05:27:21,616 [INFO] [成功读取表 sales_data，数据行数：23488]
2025-10-30 05:27:22,627 [INFO] [开始读取数据库表：jingpin_data]
2025-10-30 05:27:22,713 [INFO] [成功读取表 jingpin_data，数据行数：3824]
2025-10-30 05:27:22,754 [INFO] [开始读取数据库表：inventory_data]
2025-10-30 05:27:22,998 [INFO] [成功读取表 inventory_data，数据行数：6284]
2025-10-30 05:27:22,998 [INFO] [开始读取数据库表：tuiding_data]
2025-10-30 05:27:23,073 [INFO] [成功读取表 tuiding_data，数据行数：3492]
2025-10-30 05:27:23,073 [INFO] [开始读取数据库表：debit_data]
2025-10-30 05:27:23,616 [INFO] [成功读取表 debit_data，数据行数：16382]
2025-10-30 05:27:23,776 [INFO] [开始读取数据库表：sales_invoice_data]
2025-10-30 05:27:24,223 [INFO] [成功读取表 sales_invoice_data，数据行数：17069]
2025-10-30 05:57:19,465 [INFO] [数据库引擎创建成功]
2025-10-30 05:57:19,465 [INFO] [开始读取数据库表：order_data]
2025-10-30 05:57:20,114 [INFO] [成功读取表 order_data，数据行数：21807]
2025-10-30 05:57:20,313 [INFO] [开始读取数据库表：sales_data]
2025-10-30 05:57:23,519 [INFO] [成功读取表 sales_data，数据行数：23488]
2025-10-30 05:57:24,717 [INFO] [开始读取数据库表：jingpin_data]
2025-10-30 05:57:24,835 [INFO] [成功读取表 jingpin_data，数据行数：3824]
2025-10-30 05:57:24,872 [INFO] [开始读取数据库表：inventory_data]
2025-10-30 05:57:25,218 [INFO] [成功读取表 inventory_data，数据行数：6284]
2025-10-30 05:57:25,218 [INFO] [开始读取数据库表：tuiding_data]
2025-10-30 05:57:25,308 [INFO] [成功读取表 tuiding_data，数据行数：3492]
2025-10-30 05:57:25,308 [INFO] [开始读取数据库表：debit_data]
2025-10-30 05:57:25,972 [INFO] [成功读取表 debit_data，数据行数：16382]
2025-10-30 05:57:26,277 [INFO] [开始读取数据库表：sales_invoice_data]
2025-10-30 05:57:27,130 [INFO] [成功读取表 sales_invoice_data，数据行数：17069]
2025-10-30 06:27:23,490 [INFO] [数据库引擎创建成功]
2025-10-30 06:27:23,490 [INFO] [开始读取数据库表：order_data]
2025-10-30 06:27:24,085 [INFO] [成功读取表 order_data，数据行数：21807]
2025-10-30 06:27:24,252 [INFO] [开始读取数据库表：sales_data]
2025-10-30 06:27:27,056 [INFO] [成功读取表 sales_data，数据行数：23488]
2025-10-30 06:27:28,008 [INFO] [开始读取数据库表：jingpin_data]
2025-10-30 06:27:28,086 [INFO] [成功读取表 jingpin_data，数据行数：3824]
2025-10-30 06:27:28,122 [INFO] [开始读取数据库表：inventory_data]
2025-10-30 06:27:28,389 [INFO] [成功读取表 inventory_data，数据行数：6284]
2025-10-30 06:27:28,389 [INFO] [开始读取数据库表：tuiding_data]
2025-10-30 06:27:28,477 [INFO] [成功读取表 tuiding_data，数据行数：3492]
2025-10-30 06:27:28,477 [INFO] [开始读取数据库表：debit_data]
2025-10-30 06:27:28,951 [INFO] [成功读取表 debit_data，数据行数：16382]
2025-10-30 06:27:29,138 [INFO] [开始读取数据库表：sales_invoice_data]
2025-10-30 06:27:29,570 [INFO] [成功读取表 sales_invoice_data，数据行数：17069]
2025-10-30 06:57:37,105 [INFO] [数据库引擎创建成功]
2025-10-30 06:57:37,105 [INFO] [开始读取数据库表：order_data]
2025-10-30 06:57:37,794 [INFO] [成功读取表 order_data，数据行数：21807]
2025-10-30 06:57:37,973 [INFO] [开始读取数据库表：sales_data]
2025-10-30 06:57:40,873 [INFO] [成功读取表 sales_data，数据行数：23488]
2025-10-30 06:57:41,990 [INFO] [开始读取数据库表：jingpin_data]
2025-10-30 06:57:42,055 [INFO] [成功读取表 jingpin_data，数据行数：3824]
2025-10-30 06:57:42,096 [INFO] [开始读取数据库表：inventory_data]
2025-10-30 06:57:42,396 [INFO] [成功读取表 inventory_data，数据行数：6284]
2025-10-30 06:57:42,396 [INFO] [开始读取数据库表：tuiding_data]
2025-10-30 06:57:42,457 [INFO] [成功读取表 tuiding_data，数据行数：3492]
2025-10-30 06:57:42,457 [INFO] [开始读取数据库表：debit_data]
2025-10-30 06:57:42,936 [INFO] [成功读取表 debit_data，数据行数：16382]
2025-10-30 06:57:43,139 [INFO] [开始读取数据库表：sales_invoice_data]
2025-10-30 06:57:43,666 [INFO] [成功读取表 sales_invoice_data，数据行数：17069]
2025-10-30 07:27:27,773 [INFO] [数据库引擎创建成功]
2025-10-30 07:27:27,774 [INFO] [开始读取数据库表：order_data]
2025-10-30 07:27:28,309 [INFO] [成功读取表 order_data，数据行数：21807]
2025-10-30 07:27:28,468 [INFO] [开始读取数据库表：sales_data]
2025-10-30 07:27:31,075 [INFO] [成功读取表 sales_data，数据行数：23488]
2025-10-30 07:27:32,084 [INFO] [开始读取数据库表：jingpin_data]
2025-10-30 07:27:32,186 [INFO] [成功读取表 jingpin_data，数据行数：3824]
2025-10-30 07:27:32,220 [INFO] [开始读取数据库表：inventory_data]
2025-10-30 07:27:32,420 [INFO] [成功读取表 inventory_data，数据行数：6284]
2025-10-30 07:27:32,420 [INFO] [开始读取数据库表：tuiding_data]
2025-10-30 07:27:32,481 [INFO] [成功读取表 tuiding_data，数据行数：3492]
2025-10-30 07:27:32,482 [INFO] [开始读取数据库表：debit_data]
2025-10-30 07:27:32,940 [INFO] [成功读取表 debit_data，数据行数：16382]
2025-10-30 07:27:33,123 [INFO] [开始读取数据库表：sales_invoice_data]
2025-10-30 07:27:33,730 [INFO] [成功读取表 sales_invoice_data，数据行数：17069]
2025-10-30 07:57:14,852 [INFO] [数据库引擎创建成功]
2025-10-30 07:57:14,852 [INFO] [开始读取数据库表：order_data]
2025-10-30 07:57:15,687 [INFO] [成功读取表 order_data，数据行数：21807]
2025-10-30 07:57:15,885 [INFO] [开始读取数据库表：sales_data]
2025-10-30 07:57:19,048 [INFO] [成功读取表 sales_data，数据行数：23488]
2025-10-30 07:57:20,226 [INFO] [开始读取数据库表：jingpin_data]
2025-10-30 07:57:20,320 [INFO] [成功读取表 jingpin_data，数据行数：3824]
2025-10-30 07:57:20,350 [INFO] [开始读取数据库表：inventory_data]
2025-10-30 07:57:20,674 [INFO] [成功读取表 inventory_data，数据行数：6284]
2025-10-30 07:57:20,674 [INFO] [开始读取数据库表：tuiding_data]
2025-10-30 07:57:20,769 [INFO] [成功读取表 tuiding_data，数据行数：3492]
2025-10-30 07:57:20,770 [INFO] [开始读取数据库表：debit_data]
2025-10-30 07:57:21,624 [INFO] [成功读取表 debit_data，数据行数：16382]
2025-10-30 07:57:21,913 [INFO] [开始读取数据库表：sales_invoice_data]
2025-10-30 07:57:22,780 [INFO] [成功读取表 sales_invoice_data，数据行数：17069]
2025-10-30 08:27:55,388 [INFO] [数据库引擎创建成功]
2025-10-30 08:27:55,388 [INFO] [开始读取数据库表：order_data]
2025-10-30 08:27:56,148 [INFO] [成功读取表 order_data，数据行数：21808]
2025-10-30 08:27:56,349 [INFO] [开始读取数据库表：sales_data]
2025-10-30 08:27:59,516 [INFO] [成功读取表 sales_data，数据行数：23488]
2025-10-30 08:28:00,618 [INFO] [开始读取数据库表：jingpin_data]
2025-10-30 08:28:00,683 [INFO] [成功读取表 jingpin_data，数据行数：3824]
2025-10-30 08:28:00,716 [INFO] [开始读取数据库表：inventory_data]
2025-10-30 08:28:01,033 [INFO] [成功读取表 inventory_data，数据行数：6284]
2025-10-30 08:28:01,033 [INFO] [开始读取数据库表：tuiding_data]
2025-10-30 08:28:01,129 [INFO] [成功读取表 tuiding_data，数据行数：3492]
2025-10-30 08:28:01,130 [INFO] [开始读取数据库表：debit_data]
2025-10-30 08:28:01,798 [INFO] [成功读取表 debit_data，数据行数：16382]
2025-10-30 08:28:02,075 [INFO] [开始读取数据库表：sales_invoice_data]
2025-10-30 08:28:02,970 [INFO] [成功读取表 sales_invoice_data，数据行数：17070]
2025-10-30 08:58:47,744 [INFO] [数据库引擎创建成功]
2025-10-30 08:58:47,744 [INFO] [开始读取数据库表：order_data]
2025-10-30 08:58:48,320 [INFO] [成功读取表 order_data，数据行数：21807]
2025-10-30 08:58:48,481 [INFO] [开始读取数据库表：sales_data]
2025-10-30 08:58:51,115 [INFO] [成功读取表 sales_data，数据行数：23488]
2025-10-30 08:58:52,038 [INFO] [开始读取数据库表：jingpin_data]
2025-10-30 08:58:52,102 [INFO] [成功读取表 jingpin_data，数据行数：3824]
2025-10-30 08:58:52,140 [INFO] [开始读取数据库表：inventory_data]
2025-10-30 08:58:52,342 [INFO] [成功读取表 inventory_data，数据行数：6284]
2025-10-30 08:58:52,342 [INFO] [开始读取数据库表：tuiding_data]
2025-10-30 08:58:52,401 [INFO] [成功读取表 tuiding_data，数据行数：3493]
2025-10-30 08:58:52,401 [INFO] [开始读取数据库表：debit_data]
2025-10-30 08:58:53,281 [INFO] [成功读取表 debit_data，数据行数：16382]
2025-10-30 08:58:53,598 [INFO] [开始读取数据库表：sales_invoice_data]
2025-10-30 08:58:54,427 [INFO] [成功读取表 sales_invoice_data，数据行数：17070]
2025-10-30 09:28:56,848 [INFO] [数据库引擎创建成功]
2025-10-30 09:28:56,848 [INFO] [开始读取数据库表：order_data]
2025-10-30 09:28:57,268 [INFO] [成功读取表 order_data，数据行数：21807]
2025-10-30 09:28:57,422 [INFO] [开始读取数据库表：sales_data]
2025-10-30 09:29:01,192 [INFO] [成功读取表 sales_data，数据行数：23488]
2025-10-30 09:29:03,250 [INFO] [开始读取数据库表：jingpin_data]
2025-10-30 09:29:03,434 [INFO] [成功读取表 jingpin_data，数据行数：3824]
2025-10-30 09:29:03,485 [INFO] [开始读取数据库表：inventory_data]
2025-10-30 09:29:04,057 [INFO] [成功读取表 inventory_data，数据行数：6284]
2025-10-30 09:29:04,057 [INFO] [开始读取数据库表：tuiding_data]
2025-10-30 09:29:04,263 [INFO] [成功读取表 tuiding_data，数据行数：3493]
2025-10-30 09:29:04,263 [INFO] [开始读取数据库表：debit_data]
2025-10-30 09:29:05,500 [INFO] [成功读取表 debit_data，数据行数：16382]
2025-10-30 09:29:05,877 [INFO] [开始读取数据库表：sales_invoice_data]
2025-10-30 09:29:07,024 [INFO] [成功读取表 sales_invoice_data，数据行数：17072]
2025-10-30 09:59:26,606 [INFO] [数据库引擎创建成功]
2025-10-30 09:59:26,606 [INFO] [开始读取数据库表：order_data]
2025-10-30 09:59:27,336 [INFO] [成功读取表 order_data，数据行数：21807]
2025-10-30 09:59:27,540 [INFO] [开始读取数据库表：sales_data]
2025-10-30 09:59:32,559 [INFO] [成功读取表 sales_data，数据行数：23488]
2025-10-30 09:59:34,482 [INFO] [开始读取数据库表：jingpin_data]
2025-10-30 09:59:34,648 [INFO] [成功读取表 jingpin_data，数据行数：3826]
2025-10-30 09:59:34,704 [INFO] [开始读取数据库表：inventory_data]
2025-10-30 09:59:35,212 [INFO] [成功读取表 inventory_data，数据行数：6285]
2025-10-30 09:59:35,212 [INFO] [开始读取数据库表：tuiding_data]
2025-10-30 09:59:35,374 [INFO] [成功读取表 tuiding_data，数据行数：3493]
2025-10-30 09:59:35,374 [INFO] [开始读取数据库表：debit_data]
2025-10-30 09:59:36,537 [INFO] [成功读取表 debit_data，数据行数：16383]
2025-10-30 09:59:36,901 [INFO] [开始读取数据库表：sales_invoice_data]
2025-10-30 09:59:37,970 [INFO] [成功读取表 sales_invoice_data，数据行数：17074]
2025-10-30 10:18:22,714 [INFO] [数据库引擎创建成功]
2025-10-30 10:18:22,715 [INFO] [开始读取数据库表：order_data]
2025-10-30 10:18:23,471 [INFO] [成功读取表 order_data，数据行数：21807]
2025-10-30 10:18:23,671 [INFO] [开始读取数据库表：sales_data]
2025-10-30 10:18:26,667 [INFO] [成功读取表 sales_data，数据行数：23488]
2025-10-30 10:18:27,732 [INFO] [开始读取数据库表：jingpin_data]
2025-10-30 10:18:27,815 [INFO] [成功读取表 jingpin_data，数据行数：3826]
2025-10-30 10:18:27,853 [INFO] [开始读取数据库表：inventory_data]
2025-10-30 10:18:28,116 [INFO] [成功读取表 inventory_data，数据行数：6285]
2025-10-30 10:18:28,117 [INFO] [开始读取数据库表：tuiding_data]
2025-10-30 10:18:28,198 [INFO] [成功读取表 tuiding_data，数据行数：3493]
2025-10-30 10:18:28,199 [INFO] [开始读取数据库表：debit_data]
2025-10-30 10:18:28,840 [INFO] [成功读取表 debit_data，数据行数：16383]
2025-10-30 10:18:29,059 [INFO] [开始读取数据库表：sales_invoice_data]
2025-10-30 10:18:29,648 [INFO] [成功读取表 sales_invoice_data，数据行数：17074]
2025-10-30 10:29:03,188 [INFO] [数据库引擎创建成功]
2025-10-30 10:29:03,188 [INFO] [开始读取数据库表：order_data]
2025-10-30 10:29:04,027 [INFO] [成功读取表 order_data，数据行数：21807]
2025-10-30 10:29:04,234 [INFO] [开始读取数据库表：sales_data]
2025-10-30 10:29:10,151 [INFO] [成功读取表 sales_data，数据行数：23490]
2025-10-30 10:29:11,899 [INFO] [开始读取数据库表：jingpin_data]
2025-10-30 10:29:12,061 [INFO] [成功读取表 jingpin_data，数据行数：3826]
2025-10-30 10:29:12,112 [INFO] [开始读取数据库表：inventory_data]
2025-10-30 10:29:12,568 [INFO] [成功读取表 inventory_data，数据行数：6286]
2025-10-30 10:29:12,568 [INFO] [开始读取数据库表：tuiding_data]
2025-10-30 10:29:12,707 [INFO] [成功读取表 tuiding_data，数据行数：3493]
2025-10-30 10:29:12,707 [INFO] [开始读取数据库表：debit_data]
2025-10-30 10:29:13,688 [INFO] [成功读取表 debit_data，数据行数：16384]
2025-10-30 10:29:13,986 [INFO] [开始读取数据库表：sales_invoice_data]
2025-10-30 10:29:14,882 [INFO] [成功读取表 sales_invoice_data，数据行数：17079]
2025-10-30 10:39:31,711 [INFO] [数据库引擎创建成功]
2025-10-30 10:39:31,711 [INFO] [开始读取数据库表：order_data]
2025-10-30 10:39:32,113 [INFO] [成功读取表 order_data，数据行数：21807]
2025-10-30 10:39:32,231 [INFO] [开始读取数据库表：sales_data]
2025-10-30 10:39:34,308 [INFO] [成功读取表 sales_data，数据行数：23490]
2025-10-30 10:39:35,193 [INFO] [开始读取数据库表：jingpin_data]
2025-10-30 10:39:35,259 [INFO] [成功读取表 jingpin_data，数据行数：3826]
2025-10-30 10:39:35,290 [INFO] [开始读取数据库表：inventory_data]
2025-10-30 10:39:35,482 [INFO] [成功读取表 inventory_data，数据行数：6286]
2025-10-30 10:39:35,483 [INFO] [开始读取数据库表：tuiding_data]
2025-10-30 10:39:35,543 [INFO] [成功读取表 tuiding_data，数据行数：3493]
2025-10-30 10:39:35,544 [INFO] [开始读取数据库表：debit_data]
2025-10-30 10:39:35,975 [INFO] [成功读取表 debit_data，数据行数：16384]
2025-10-30 10:39:36,145 [INFO] [开始读取数据库表：sales_invoice_data]
2025-10-30 10:39:36,552 [INFO] [成功读取表 sales_invoice_data，数据行数：17079]
2025-10-30 10:59:09,415 [INFO] [数据库引擎创建成功]
2025-10-30 10:59:09,416 [INFO] [开始读取数据库表：order_data]
2025-10-30 10:59:12,494 [INFO] [成功读取表 order_data，数据行数：21805]
2025-10-30 10:59:13,006 [INFO] [开始读取数据库表：sales_data]
2025-10-30 10:59:18,648 [INFO] [成功读取表 sales_data，数据行数：23491]
2025-10-30 10:59:20,902 [INFO] [开始读取数据库表：jingpin_data]
2025-10-30 10:59:21,100 [INFO] [成功读取表 jingpin_data，数据行数：3827]
2025-10-30 10:59:21,159 [INFO] [开始读取数据库表：inventory_data]
2025-10-30 10:59:21,737 [INFO] [成功读取表 inventory_data，数据行数：6286]
2025-10-30 10:59:21,737 [INFO] [开始读取数据库表：tuiding_data]
2025-10-30 10:59:21,906 [INFO] [成功读取表 tuiding_data，数据行数：3495]
2025-10-30 10:59:21,906 [INFO] [开始读取数据库表：debit_data]
2025-10-30 10:59:23,208 [INFO] [成功读取表 debit_data，数据行数：16384]
2025-10-30 10:59:23,593 [INFO] [开始读取数据库表：sales_invoice_data]
2025-10-30 10:59:24,639 [INFO] [成功读取表 sales_invoice_data，数据行数：17082]
2025-10-30 11:24:00,580 [INFO] [数据库引擎创建成功]
2025-10-30 11:24:00,581 [INFO] [开始读取数据库表：order_data]
2025-10-30 11:24:01,122 [INFO] [成功读取表 order_data，数据行数：21805]
2025-10-30 11:24:01,276 [INFO] [开始读取数据库表：sales_data]
2025-10-30 11:24:03,597 [INFO] [成功读取表 sales_data，数据行数：23491]
2025-10-30 11:24:04,546 [INFO] [开始读取数据库表：jingpin_data]
2025-10-30 11:24:04,612 [INFO] [成功读取表 jingpin_data，数据行数：3827]
2025-10-30 11:24:04,644 [INFO] [开始读取数据库表：inventory_data]
2025-10-30 11:24:04,847 [INFO] [成功读取表 inventory_data，数据行数：6286]
2025-10-30 11:24:04,847 [INFO] [开始读取数据库表：tuiding_data]
2025-10-30 11:24:04,908 [INFO] [成功读取表 tuiding_data，数据行数：3495]
2025-10-30 11:24:04,909 [INFO] [开始读取数据库表：debit_data]
2025-10-30 11:24:05,360 [INFO] [成功读取表 debit_data，数据行数：16384]
2025-10-30 11:24:05,534 [INFO] [开始读取数据库表：sales_invoice_data]
2025-10-30 11:24:05,945 [INFO] [成功读取表 sales_invoice_data，数据行数：17082]
2025-10-30 11:29:34,877 [INFO] [数据库引擎创建成功]
2025-10-30 11:29:34,878 [INFO] [开始读取数据库表：order_data]
2025-10-30 11:29:37,296 [INFO] [成功读取表 order_data，数据行数：21805]
2025-10-30 11:29:37,793 [INFO] [开始读取数据库表：sales_data]
2025-10-30 11:29:46,592 [INFO] [成功读取表 sales_data，数据行数：23493]
2025-10-30 11:29:48,779 [INFO] [开始读取数据库表：jingpin_data]
2025-10-30 11:29:48,949 [INFO] [成功读取表 jingpin_data，数据行数：3828]
2025-10-30 11:29:49,006 [INFO] [开始读取数据库表：inventory_data]
2025-10-30 11:29:49,461 [INFO] [成功读取表 inventory_data，数据行数：6286]
2025-10-30 11:29:49,462 [INFO] [开始读取数据库表：tuiding_data]
2025-10-30 11:29:49,659 [INFO] [成功读取表 tuiding_data，数据行数：3495]
2025-10-30 11:29:49,659 [INFO] [开始读取数据库表：debit_data]
2025-10-30 11:29:50,844 [INFO] [成功读取表 debit_data，数据行数：16384]
2025-10-30 11:29:51,218 [INFO] [开始读取数据库表：sales_invoice_data]
2025-10-30 11:29:52,267 [INFO] [成功读取表 sales_invoice_data，数据行数：17085]
2025-10-30 11:58:33,557 [INFO] [数据库引擎创建成功]
2025-10-30 11:58:33,557 [INFO] [开始读取数据库表：order_data]
2025-10-30 11:58:33,963 [INFO] [成功读取表 order_data，数据行数：21816]
2025-10-30 11:58:34,082 [INFO] [开始读取数据库表：sales_data]
2025-10-30 11:58:37,202 [INFO] [成功读取表 sales_data，数据行数：23495]
2025-10-30 11:58:39,085 [INFO] [开始读取数据库表：jingpin_data]
2025-10-30 11:58:39,255 [INFO] [成功读取表 jingpin_data，数据行数：3828]
2025-10-30 11:58:39,336 [INFO] [开始读取数据库表：inventory_data]
2025-10-30 11:58:39,852 [INFO] [成功读取表 inventory_data，数据行数：6286]
2025-10-30 11:58:39,852 [INFO] [开始读取数据库表：tuiding_data]
2025-10-30 11:58:40,030 [INFO] [成功读取表 tuiding_data，数据行数：3496]
2025-10-30 11:58:40,030 [INFO] [开始读取数据库表：debit_data]
2025-10-30 11:58:41,159 [INFO] [成功读取表 debit_data，数据行数：16386]
2025-10-30 11:58:41,508 [INFO] [开始读取数据库表：sales_invoice_data]
2025-10-30 11:58:42,496 [INFO] [成功读取表 sales_invoice_data，数据行数：17087]
2025-10-30 12:28:15,705 [INFO] [数据库引擎创建成功]
2025-10-30 12:28:15,705 [INFO] [开始读取数据库表：order_data]
2025-10-30 12:28:16,213 [INFO] [成功读取表 order_data，数据行数：21818]
2025-10-30 12:28:16,355 [INFO] [开始读取数据库表：sales_data]
2025-10-30 12:28:20,448 [INFO] [成功读取表 sales_data，数据行数：23497]
2025-10-30 12:28:22,469 [INFO] [开始读取数据库表：jingpin_data]
2025-10-30 12:28:22,654 [INFO] [成功读取表 jingpin_data，数据行数：3828]
2025-10-30 12:28:22,736 [INFO] [开始读取数据库表：inventory_data]
2025-10-30 12:28:23,272 [INFO] [成功读取表 inventory_data，数据行数：6300]
2025-10-30 12:28:23,272 [INFO] [开始读取数据库表：tuiding_data]
2025-10-30 12:28:23,464 [INFO] [成功读取表 tuiding_data，数据行数：3496]
2025-10-30 12:28:23,464 [INFO] [开始读取数据库表：debit_data]
2025-10-30 12:28:24,644 [INFO] [成功读取表 debit_data，数据行数：16393]
2025-10-30 12:28:25,062 [INFO] [开始读取数据库表：sales_invoice_data]
2025-10-30 12:28:26,174 [INFO] [成功读取表 sales_invoice_data，数据行数：17091]
2025-10-30 12:58:42,330 [INFO] [数据库引擎创建成功]
2025-10-30 12:58:42,331 [INFO] [开始读取数据库表：order_data]
2025-10-30 12:58:42,806 [INFO] [成功读取表 order_data，数据行数：21818]
2025-10-30 12:58:42,945 [INFO] [开始读取数据库表：sales_data]
2025-10-30 12:58:50,968 [INFO] [成功读取表 sales_data，数据行数：23497]
2025-10-30 12:58:53,080 [INFO] [开始读取数据库表：jingpin_data]
2025-10-30 12:58:53,255 [INFO] [成功读取表 jingpin_data，数据行数：3828]
2025-10-30 12:58:53,319 [INFO] [开始读取数据库表：inventory_data]
2025-10-30 12:58:53,855 [INFO] [成功读取表 inventory_data，数据行数：6300]
2025-10-30 12:58:53,855 [INFO] [开始读取数据库表：tuiding_data]
2025-10-30 12:58:54,032 [INFO] [成功读取表 tuiding_data，数据行数：3496]
2025-10-30 12:58:54,032 [INFO] [开始读取数据库表：debit_data]
2025-10-30 12:58:55,261 [INFO] [成功读取表 debit_data，数据行数：16393]
2025-10-30 12:58:55,649 [INFO] [开始读取数据库表：sales_invoice_data]
2025-10-30 12:58:56,804 [INFO] [成功读取表 sales_invoice_data，数据行数：17091]
2025-10-30 13:28:42,589 [INFO] [数据库引擎创建成功]
2025-10-30 13:28:42,589 [INFO] [开始读取数据库表：order_data]
2025-10-30 13:28:43,103 [INFO] [成功读取表 order_data，数据行数：21818]
2025-10-30 13:28:43,263 [INFO] [开始读取数据库表：sales_data]
2025-10-30 13:28:50,472 [INFO] [成功读取表 sales_data，数据行数：23497]
2025-10-30 13:28:52,936 [INFO] [开始读取数据库表：jingpin_data]
2025-10-30 13:28:53,143 [INFO] [成功读取表 jingpin_data，数据行数：3828]
2025-10-30 13:28:53,210 [INFO] [开始读取数据库表：inventory_data]
2025-10-30 13:28:53,770 [INFO] [成功读取表 inventory_data，数据行数：6300]
2025-10-30 13:28:53,770 [INFO] [开始读取数据库表：tuiding_data]
2025-10-30 13:28:53,957 [INFO] [成功读取表 tuiding_data，数据行数：3496]
2025-10-30 13:28:53,957 [INFO] [开始读取数据库表：debit_data]
2025-10-30 13:28:55,255 [INFO] [成功读取表 debit_data，数据行数：16393]
2025-10-30 13:28:55,659 [INFO] [开始读取数据库表：sales_invoice_data]
2025-10-30 13:28:56,812 [INFO] [成功读取表 sales_invoice_data，数据行数：17091]
2025-10-30 14:00:37,178 [INFO] [数据库引擎创建成功]
2025-10-30 14:00:37,179 [INFO] [开始读取数据库表：order_data]
2025-10-30 14:00:38,016 [INFO] [成功读取表 order_data，数据行数：21817]
2025-10-30 14:00:38,311 [INFO] [开始读取数据库表：sales_data]
2025-10-30 14:00:48,576 [INFO] [成功读取表 sales_data，数据行数：23512]
2025-10-30 14:00:50,999 [INFO] [开始读取数据库表：jingpin_data]
2025-10-30 14:00:51,200 [INFO] [成功读取表 jingpin_data，数据行数：3830]
2025-10-30 14:00:51,281 [INFO] [开始读取数据库表：inventory_data]
2025-10-30 14:00:51,866 [INFO] [成功读取表 inventory_data，数据行数：6375]
2025-10-30 14:00:51,866 [INFO] [开始读取数据库表：tuiding_data]
2025-10-30 14:00:52,052 [INFO] [成功读取表 tuiding_data，数据行数：3497]
2025-10-30 14:00:52,052 [INFO] [开始读取数据库表：debit_data]
2025-10-30 14:00:53,338 [INFO] [成功读取表 debit_data，数据行数：16432]
2025-10-30 14:00:53,765 [INFO] [开始读取数据库表：sales_invoice_data]
2025-10-30 14:00:54,997 [INFO] [成功读取表 sales_invoice_data，数据行数：17111]
2025-10-30 14:05:23,324 [INFO] [数据库引擎创建成功]
2025-10-30 14:05:23,324 [INFO] [开始读取数据库表：order_data]
2025-10-30 14:05:24,222 [INFO] [成功读取表 order_data，数据行数：21817]
2025-10-30 14:05:24,434 [INFO] [开始读取数据库表：sales_data]
2025-10-30 14:05:27,795 [INFO] [成功读取表 sales_data，数据行数：23512]
2025-10-30 14:05:29,173 [INFO] [开始读取数据库表：jingpin_data]
2025-10-30 14:05:29,270 [INFO] [成功读取表 jingpin_data，数据行数：3830]
2025-10-30 14:05:29,319 [INFO] [开始读取数据库表：inventory_data]
2025-10-30 14:05:29,651 [INFO] [成功读取表 inventory_data，数据行数：6375]
2025-10-30 14:05:29,652 [INFO] [开始读取数据库表：tuiding_data]
2025-10-30 14:05:29,830 [INFO] [成功读取表 tuiding_data，数据行数：3497]
2025-10-30 14:05:29,831 [INFO] [开始读取数据库表：debit_data]
2025-10-30 14:05:30,578 [INFO] [成功读取表 debit_data，数据行数：16432]
2025-10-30 14:05:30,818 [INFO] [开始读取数据库表：sales_invoice_data]
2025-10-30 14:05:31,469 [INFO] [成功读取表 sales_invoice_data，数据行数：17111]
2025-10-30 14:29:04,663 [INFO] [数据库引擎创建成功]
2025-10-30 14:29:04,673 [INFO] [开始读取数据库表：order_data]
2025-10-30 14:29:05,926 [INFO] [成功读取表 order_data，数据行数：21833]
2025-10-30 14:29:06,282 [INFO] [开始读取数据库表：sales_data]
2025-10-30 14:29:11,211 [INFO] [成功读取表 sales_data，数据行数：23512]
2025-10-30 14:29:14,819 [INFO] [开始读取数据库表：jingpin_data]
2025-10-30 14:29:15,184 [INFO] [成功读取表 jingpin_data，数据行数：3830]
2025-10-30 14:29:15,268 [INFO] [开始读取数据库表：inventory_data]
2025-10-30 14:29:15,885 [INFO] [成功读取表 inventory_data，数据行数：6375]
2025-10-30 14:29:15,885 [INFO] [开始读取数据库表：tuiding_data]
2025-10-30 14:29:16,058 [INFO] [成功读取表 tuiding_data，数据行数：3497]
2025-10-30 14:29:16,058 [INFO] [开始读取数据库表：debit_data]
2025-10-30 14:29:17,165 [INFO] [成功读取表 debit_data，数据行数：16432]
2025-10-30 14:29:17,523 [INFO] [开始读取数据库表：sales_invoice_data]
2025-10-30 14:29:18,532 [INFO] [成功读取表 sales_invoice_data，数据行数：17114]
2025-10-30 14:57:13,503 [INFO] [数据库引擎创建成功]
2025-10-30 14:57:13,504 [INFO] [开始读取数据库表：order_data]
2025-10-30 14:57:13,559 [INFO] [成功读取表 order_data，数据行数：0]
2025-10-30 14:57:13,888 [INFO] [开始读取数据库表：sales_data]
2025-10-30 14:57:17,073 [INFO] [成功读取表 sales_data，数据行数：23517]
2025-10-30 14:57:18,359 [INFO] [开始读取数据库表：jingpin_data]
2025-10-30 14:57:18,446 [INFO] [成功读取表 jingpin_data，数据行数：3830]
2025-10-30 14:57:18,488 [INFO] [开始读取数据库表：inventory_data]
2025-10-30 14:57:18,806 [INFO] [成功读取表 inventory_data，数据行数：6375]
2025-10-30 14:57:18,807 [INFO] [开始读取数据库表：tuiding_data]
2025-10-30 14:57:18,886 [INFO] [成功读取表 tuiding_data，数据行数：3497]
2025-10-30 14:57:18,886 [INFO] [开始读取数据库表：debit_data]
2025-10-30 14:57:18,895 [INFO] [成功读取表 debit_data，数据行数：0]
2025-10-30 14:57:19,143 [INFO] [开始读取数据库表：sales_invoice_data]
2025-10-30 14:57:19,695 [INFO] [成功读取表 sales_invoice_data，数据行数：17119]
2025-10-30 15:00:12,885 [INFO] [数据库引擎创建成功]
2025-10-30 15:00:12,886 [INFO] [开始读取数据库表：order_data]
2025-10-30 15:00:13,778 [INFO] [成功读取表 order_data，数据行数：21833]
2025-10-30 15:00:14,211 [INFO] [开始读取数据库表：sales_data]
2025-10-30 15:00:22,079 [INFO] [成功读取表 sales_data，数据行数：23517]
2025-10-30 15:00:24,058 [INFO] [开始读取数据库表：jingpin_data]
2025-10-30 15:00:24,253 [INFO] [成功读取表 jingpin_data，数据行数：3830]
2025-10-30 15:00:24,343 [INFO] [开始读取数据库表：inventory_data]
2025-10-30 15:00:24,934 [INFO] [成功读取表 inventory_data，数据行数：6375]
2025-10-30 15:00:24,934 [INFO] [开始读取数据库表：tuiding_data]
2025-10-30 15:00:25,141 [INFO] [成功读取表 tuiding_data，数据行数：3497]
2025-10-30 15:00:25,141 [INFO] [开始读取数据库表：debit_data]
2025-10-30 15:00:26,478 [INFO] [成功读取表 debit_data，数据行数：16432]
2025-10-30 15:00:26,906 [INFO] [开始读取数据库表：sales_invoice_data]
2025-10-30 15:00:28,183 [INFO] [成功读取表 sales_invoice_data，数据行数：17119]
2025-10-30 15:04:01,901 [INFO] [数据库引擎创建成功]
2025-10-30 15:04:01,901 [INFO] [开始读取数据库表：order_data]
2025-10-30 15:04:02,569 [INFO] [成功读取表 order_data，数据行数：21841]
2025-10-30 15:04:02,750 [INFO] [开始读取数据库表：sales_data]
2025-10-30 15:04:05,344 [INFO] [成功读取表 sales_data，数据行数：23517]
2025-10-30 15:04:06,375 [INFO] [开始读取数据库表：jingpin_data]
2025-10-30 15:04:06,449 [INFO] [成功读取表 jingpin_data，数据行数：3832]
2025-10-30 15:04:06,481 [INFO] [开始读取数据库表：inventory_data]
2025-10-30 15:04:06,748 [INFO] [成功读取表 inventory_data，数据行数：6375]
2025-10-30 15:04:06,748 [INFO] [开始读取数据库表：tuiding_data]
2025-10-30 15:04:06,812 [INFO] [成功读取表 tuiding_data，数据行数：3497]
2025-10-30 15:04:06,812 [INFO] [开始读取数据库表：debit_data]
2025-10-30 15:04:07,324 [INFO] [成功读取表 debit_data，数据行数：16432]
2025-10-30 15:04:07,503 [INFO] [开始读取数据库表：sales_invoice_data]
2025-10-30 15:04:07,972 [INFO] [成功读取表 sales_invoice_data，数据行数：17123]
2025-10-30 16:30:33,695 [INFO] [数据库引擎创建成功]
2025-10-30 16:30:33,705 [INFO] [开始读取数据库表：order_data]
2025-10-30 16:30:34,128 [INFO] [成功读取表 order_data，数据行数：21861]
2025-10-30 16:30:34,253 [INFO] [开始读取数据库表：sales_data]
2025-10-30 16:30:36,634 [INFO] [成功读取表 sales_data，数据行数：26076]
2025-10-30 16:30:37,666 [INFO] [开始读取数据库表：jingpin_data]
2025-10-30 16:30:37,750 [INFO] [成功读取表 jingpin_data，数据行数：4068]
2025-10-30 16:30:37,785 [INFO] [开始读取数据库表：inventory_data]
2025-10-30 16:30:37,985 [INFO] [成功读取表 inventory_data，数据行数：5827]
2025-10-30 16:30:37,985 [INFO] [开始读取数据库表：tuiding_data]
2025-10-30 16:30:38,063 [INFO] [成功读取表 tuiding_data，数据行数：3782]
2025-10-30 16:30:38,063 [INFO] [开始读取数据库表：debit_data]
2025-10-30 16:30:38,719 [INFO] [成功读取表 debit_data，数据行数：21446]
2025-10-30 16:30:38,899 [INFO] [开始读取数据库表：sales_invoice_data]
2025-10-30 16:30:39,383 [INFO] [成功读取表 sales_invoice_data，数据行数：19272]
2025-10-30 16:31:12,637 [INFO] [数据库引擎创建成功]
2025-10-30 16:31:12,637 [INFO] [开始读取数据库表：order_data]
2025-10-30 16:31:13,039 [INFO] [成功读取表 order_data，数据行数：21861]
2025-10-30 16:31:13,169 [INFO] [开始读取数据库表：sales_data]
2025-10-30 16:31:15,756 [INFO] [成功读取表 sales_data，数据行数：26076]
2025-10-30 16:31:16,660 [INFO] [开始读取数据库表：jingpin_data]
2025-10-30 16:31:16,729 [INFO] [成功读取表 jingpin_data，数据行数：4068]
2025-10-30 16:31:16,759 [INFO] [开始读取数据库表：inventory_data]
2025-10-30 16:31:16,942 [INFO] [成功读取表 inventory_data，数据行数：5827]
2025-10-30 16:31:16,942 [INFO] [开始读取数据库表：tuiding_data]
2025-10-30 16:31:17,009 [INFO] [成功读取表 tuiding_data，数据行数：3782]
2025-10-30 16:31:17,009 [INFO] [开始读取数据库表：debit_data]
2025-10-30 16:31:17,646 [INFO] [成功读取表 debit_data，数据行数：21446]
2025-10-30 16:31:17,816 [INFO] [开始读取数据库表：sales_invoice_data]
2025-10-30 16:31:18,290 [INFO] [成功读取表 sales_invoice_data，数据行数：19272]
2025-10-30 16:54:05,476 [INFO] [数据库引擎创建成功]
2025-10-30 16:54:05,477 [INFO] [开始读取数据库表：order_data]
2025-10-30 16:54:06,540 [INFO] [成功读取表 order_data，数据行数：21861]
2025-10-30 16:54:06,786 [INFO] [开始读取数据库表：sales_data]
2025-10-30 16:54:11,490 [INFO] [成功读取表 sales_data，数据行数：26076]
2025-10-30 16:54:12,984 [INFO] [开始读取数据库表：jingpin_data]
2025-10-30 16:54:13,115 [INFO] [成功读取表 jingpin_data，数据行数：4068]
2025-10-30 16:54:13,161 [INFO] [开始读取数据库表：inventory_data]
2025-10-30 16:54:13,505 [INFO] [成功读取表 inventory_data，数据行数：5827]
2025-10-30 16:54:13,506 [INFO] [开始读取数据库表：tuiding_data]
2025-10-30 16:54:13,618 [INFO] [成功读取表 tuiding_data，数据行数：3782]
2025-10-30 16:54:13,619 [INFO] [开始读取数据库表：debit_data]
2025-10-30 16:54:14,650 [INFO] [成功读取表 debit_data，数据行数：21446]
2025-10-30 16:54:14,921 [INFO] [开始读取数据库表：sales_invoice_data]
2025-10-30 16:54:15,685 [INFO] [成功读取表 sales_invoice_data，数据行数：19272]
2025-10-30 17:27:18,225 [INFO] [数据库引擎创建成功]
2025-10-30 17:27:18,226 [INFO] [开始读取数据库表：order_data]
2025-10-30 17:27:19,478 [INFO] [成功读取表 order_data，数据行数：21861]
2025-10-30 17:27:19,697 [INFO] [开始读取数据库表：sales_data]
2025-10-30 17:27:23,670 [INFO] [成功读取表 sales_data，数据行数：26076]
2025-10-30 17:27:24,934 [INFO] [开始读取数据库表：jingpin_data]
2025-10-30 17:27:25,028 [INFO] [成功读取表 jingpin_data，数据行数：4068]
2025-10-30 17:27:25,071 [INFO] [开始读取数据库表：inventory_data]
2025-10-30 17:27:25,398 [INFO] [成功读取表 inventory_data，数据行数：5827]
2025-10-30 17:27:25,398 [INFO] [开始读取数据库表：tuiding_data]
2025-10-30 17:27:25,511 [INFO] [成功读取表 tuiding_data，数据行数：3782]
2025-10-30 17:27:25,511 [INFO] [开始读取数据库表：debit_data]
2025-10-30 17:27:26,420 [INFO] [成功读取表 debit_data，数据行数：21446]
2025-10-30 17:27:26,664 [INFO] [开始读取数据库表：sales_invoice_data]
2025-10-30 17:27:27,393 [INFO] [成功读取表 sales_invoice_data，数据行数：19272]
2025-10-30 17:42:37,340 [INFO] [数据库引擎创建成功]
2025-10-30 17:42:37,340 [INFO] [开始读取数据库表：order_data]
2025-10-30 17:42:37,992 [INFO] [成功读取表 order_data，数据行数：21861]
2025-10-30 17:42:38,169 [INFO] [开始读取数据库表：sales_data]
2025-10-30 17:42:41,370 [INFO] [成功读取表 sales_data，数据行数：26076]
2025-10-30 17:42:42,440 [INFO] [开始读取数据库表：jingpin_data]
2025-10-30 17:42:42,514 [INFO] [成功读取表 jingpin_data，数据行数：4068]
2025-10-30 17:42:42,549 [INFO] [开始读取数据库表：inventory_data]
2025-10-30 17:42:42,803 [INFO] [成功读取表 inventory_data，数据行数：5827]
2025-10-30 17:42:42,803 [INFO] [开始读取数据库表：tuiding_data]
2025-10-30 17:42:42,889 [INFO] [成功读取表 tuiding_data，数据行数：3782]
2025-10-30 17:42:42,889 [INFO] [开始读取数据库表：debit_data]
2025-10-30 17:42:43,663 [INFO] [成功读取表 debit_data，数据行数：21446]
2025-10-30 17:42:43,864 [INFO] [开始读取数据库表：sales_invoice_data]
2025-10-30 17:42:44,443 [INFO] [成功读取表 sales_invoice_data，数据行数：19272]
2025-10-30 17:43:01,602 [INFO] [数据库引擎创建成功]
2025-10-30 17:43:01,602 [INFO] [开始读取数据库表：order_data]
2025-10-30 17:43:02,461 [INFO] [成功读取表 order_data，数据行数：21861]
2025-10-30 17:43:02,670 [INFO] [开始读取数据库表：sales_data]
2025-10-30 17:43:08,082 [INFO] [成功读取表 sales_data，数据行数：26076]
2025-10-30 17:43:10,261 [INFO] [开始读取数据库表：jingpin_data]
2025-10-30 17:43:10,523 [INFO] [成功读取表 jingpin_data，数据行数：4068]
2025-10-30 17:43:10,610 [INFO] [开始读取数据库表：inventory_data]
2025-10-30 17:43:11,317 [INFO] [成功读取表 inventory_data，数据行数：5827]
2025-10-30 17:43:11,327 [INFO] [开始读取数据库表：tuiding_data]
2025-10-30 17:43:11,525 [INFO] [成功读取表 tuiding_data，数据行数：3782]
2025-10-30 17:43:11,525 [INFO] [开始读取数据库表：debit_data]
2025-10-30 17:43:12,913 [INFO] [成功读取表 debit_data，数据行数：21446]
2025-10-30 17:43:13,215 [INFO] [开始读取数据库表：sales_invoice_data]
2025-10-30 17:43:13,885 [INFO] [成功读取表 sales_invoice_data，数据行数：19272]
2025-10-30 18:00:52,258 [INFO] [数据库引擎创建成功]
2025-10-30 18:00:52,258 [INFO] [开始读取数据库表：order_data]
2025-10-30 18:00:52,812 [INFO] [成功读取表 order_data，数据行数：21861]
2025-10-30 18:00:52,976 [INFO] [开始读取数据库表：sales_data]
2025-10-30 18:00:55,658 [INFO] [成功读取表 sales_data，数据行数：26076]
2025-10-30 18:00:56,659 [INFO] [开始读取数据库表：jingpin_data]
2025-10-30 18:00:56,734 [INFO] [成功读取表 jingpin_data，数据行数：4068]
2025-10-30 18:00:56,768 [INFO] [开始读取数据库表：inventory_data]
2025-10-30 18:00:56,968 [INFO] [成功读取表 inventory_data，数据行数：5827]
2025-10-30 18:00:56,968 [INFO] [开始读取数据库表：tuiding_data]
2025-10-30 18:00:57,039 [INFO] [成功读取表 tuiding_data，数据行数：3782]
2025-10-30 18:00:57,039 [INFO] [开始读取数据库表：debit_data]
2025-10-30 18:00:57,666 [INFO] [成功读取表 debit_data，数据行数：21446]
2025-10-30 18:00:57,858 [INFO] [开始读取数据库表：sales_invoice_data]
2025-10-30 18:00:58,322 [INFO] [成功读取表 sales_invoice_data，数据行数：19272]
2025-10-30 18:01:42,007 [INFO] [数据库引擎创建成功]
2025-10-30 18:01:42,007 [INFO] [开始读取数据库表：order_data]
2025-10-30 18:01:42,784 [INFO] [成功读取表 order_data，数据行数：21861]
2025-10-30 18:01:42,969 [INFO] [开始读取数据库表：sales_data]
2025-10-30 18:01:46,463 [INFO] [成功读取表 sales_data，数据行数：26076]
2025-10-30 18:01:47,657 [INFO] [开始读取数据库表：jingpin_data]
2025-10-30 18:01:47,747 [INFO] [成功读取表 jingpin_data，数据行数：4068]
2025-10-30 18:01:47,780 [INFO] [开始读取数据库表：inventory_data]
2025-10-30 18:01:48,020 [INFO] [成功读取表 inventory_data，数据行数：5827]
2025-10-30 18:01:48,020 [INFO] [开始读取数据库表：tuiding_data]
2025-10-30 18:01:48,101 [INFO] [成功读取表 tuiding_data，数据行数：3782]
2025-10-30 18:01:48,102 [INFO] [开始读取数据库表：debit_data]
2025-10-30 18:01:48,921 [INFO] [成功读取表 debit_data，数据行数：21446]
2025-10-30 18:01:49,130 [INFO] [开始读取数据库表：sales_invoice_data]
2025-10-30 18:01:49,791 [INFO] [成功读取表 sales_invoice_data，数据行数：19272]
