2025-12-01 08:56:24,899 [INFO] [数据库引擎创建成功]
2025-12-01 08:56:24,900 [INFO] [开始读取数据库表：order_data]
2025-12-01 08:56:26,580 [INFO] [成功读取表 order_data，数据行数：24429]
2025-12-01 08:56:26,957 [INFO] [开始读取数据库表：sales_data]
2025-12-01 08:56:33,324 [INFO] [成功读取表 sales_data，数据行数：26727]
2025-12-01 08:56:35,346 [INFO] [开始读取数据库表：jingpin_data]
2025-12-01 08:56:35,673 [INFO] [成功读取表 jingpin_data，数据行数：4798]
2025-12-01 08:56:35,741 [INFO] [开始读取数据库表：inventory_data]
2025-12-01 08:56:36,267 [INFO] [成功读取表 inventory_data，数据行数：6037]
2025-12-01 08:56:36,268 [INFO] [开始读取数据库表：tuiding_data]
2025-12-01 08:56:36,490 [INFO] [成功读取表 tuiding_data，数据行数：4393]
2025-12-01 08:56:36,490 [INFO] [开始读取数据库表：debit_data]
2025-12-01 08:56:38,510 [INFO] [成功读取表 debit_data，数据行数：26191]
2025-12-01 08:56:38,965 [INFO] [开始读取数据库表：sales_invoice_data]
2025-12-01 08:56:40,267 [INFO] [成功读取表 sales_invoice_data，数据行数：19360]
2025-12-01 09:29:07,692 [INFO] [数据库引擎创建成功]
2025-12-01 09:29:07,692 [INFO] [开始读取数据库表：order_data]
2025-12-01 09:29:09,529 [INFO] [成功读取表 order_data，数据行数：24433]
2025-12-01 09:29:09,908 [INFO] [开始读取数据库表：sales_data]
2025-12-01 09:29:16,300 [INFO] [成功读取表 sales_data，数据行数：26729]
2025-12-01 09:29:18,259 [INFO] [开始读取数据库表：jingpin_data]
2025-12-01 09:29:18,521 [INFO] [成功读取表 jingpin_data，数据行数：4808]
2025-12-01 09:29:18,560 [INFO] [开始读取数据库表：inventory_data]
2025-12-01 09:29:19,063 [INFO] [成功读取表 inventory_data，数据行数：6036]
2025-12-01 09:29:19,063 [INFO] [开始读取数据库表：tuiding_data]
2025-12-01 09:29:19,276 [INFO] [成功读取表 tuiding_data，数据行数：4393]
2025-12-01 09:29:19,276 [INFO] [开始读取数据库表：debit_data]
2025-12-01 09:29:21,335 [INFO] [成功读取表 debit_data，数据行数：26191]
2025-12-01 09:29:21,714 [INFO] [开始读取数据库表：sales_invoice_data]
2025-12-01 09:29:22,907 [INFO] [成功读取表 sales_invoice_data，数据行数：19361]
2025-12-01 09:58:16,174 [INFO] [数据库引擎创建成功]
2025-12-01 09:58:16,174 [INFO] [开始读取数据库表：order_data]
2025-12-01 09:58:17,929 [INFO] [成功读取表 order_data，数据行数：24435]
2025-12-01 09:58:18,243 [INFO] [开始读取数据库表：sales_data]
2025-12-01 09:58:24,554 [INFO] [成功读取表 sales_data，数据行数：26730]
2025-12-01 09:58:27,228 [INFO] [开始读取数据库表：jingpin_data]
2025-12-01 09:58:27,663 [INFO] [成功读取表 jingpin_data，数据行数：4808]
2025-12-01 09:58:28,186 [INFO] [开始读取数据库表：inventory_data]
2025-12-01 09:58:29,114 [INFO] [成功读取表 inventory_data，数据行数：6035]
2025-12-01 09:58:29,114 [INFO] [开始读取数据库表：tuiding_data]
2025-12-01 09:58:30,181 [INFO] [成功读取表 tuiding_data，数据行数：4393]
2025-12-01 09:58:30,182 [INFO] [开始读取数据库表：debit_data]
2025-12-01 09:58:33,086 [INFO] [成功读取表 debit_data，数据行数：26191]
2025-12-01 09:58:33,518 [INFO] [开始读取数据库表：sales_invoice_data]
2025-12-01 09:58:34,945 [INFO] [成功读取表 sales_invoice_data，数据行数：19362]
2025-12-01 10:30:53,730 [INFO] [数据库引擎创建成功]
2025-12-01 10:30:53,731 [INFO] [开始读取数据库表：order_data]
2025-12-01 10:30:55,436 [INFO] [成功读取表 order_data，数据行数：24443]
2025-12-01 10:30:55,802 [INFO] [开始读取数据库表：sales_data]
2025-12-01 10:31:01,615 [INFO] [成功读取表 sales_data，数据行数：26724]
2025-12-01 10:31:03,406 [INFO] [开始读取数据库表：jingpin_data]
2025-12-01 10:31:03,670 [INFO] [成功读取表 jingpin_data，数据行数：4808]
2025-12-01 10:31:03,743 [INFO] [开始读取数据库表：inventory_data]
2025-12-01 10:31:04,335 [INFO] [成功读取表 inventory_data，数据行数：6034]
2025-12-01 10:31:04,336 [INFO] [开始读取数据库表：tuiding_data]
2025-12-01 10:31:04,555 [INFO] [成功读取表 tuiding_data，数据行数：4393]
2025-12-01 10:31:04,555 [INFO] [开始读取数据库表：debit_data]
2025-12-01 10:31:06,627 [INFO] [成功读取表 debit_data，数据行数：26191]
2025-12-01 10:31:07,038 [INFO] [开始读取数据库表：sales_invoice_data]
2025-12-01 10:31:08,366 [INFO] [成功读取表 sales_invoice_data，数据行数：19362]
2025-12-01 11:01:19,838 [INFO] [数据库引擎创建成功]
2025-12-01 11:01:19,839 [INFO] [开始读取数据库表：order_data]
2025-12-01 11:01:21,436 [INFO] [成功读取表 order_data，数据行数：24443]
2025-12-01 11:01:21,737 [INFO] [开始读取数据库表：sales_data]
2025-12-01 11:01:27,787 [INFO] [成功读取表 sales_data，数据行数：26727]
2025-12-01 11:01:30,044 [INFO] [开始读取数据库表：jingpin_data]
2025-12-01 11:01:30,262 [INFO] [成功读取表 jingpin_data，数据行数：4809]
2025-12-01 11:01:30,318 [INFO] [开始读取数据库表：inventory_data]
2025-12-01 11:01:30,733 [INFO] [成功读取表 inventory_data，数据行数：6032]
2025-12-01 11:01:30,734 [INFO] [开始读取数据库表：tuiding_data]
2025-12-01 11:01:30,924 [INFO] [成功读取表 tuiding_data，数据行数：4393]
2025-12-01 11:01:30,924 [INFO] [开始读取数据库表：debit_data]
2025-12-01 11:01:32,852 [INFO] [成功读取表 debit_data，数据行数：26191]
2025-12-01 11:01:33,207 [INFO] [开始读取数据库表：sales_invoice_data]
2025-12-01 11:01:34,436 [INFO] [成功读取表 sales_invoice_data，数据行数：19365]
2025-12-01 11:32:38,075 [INFO] [数据库引擎创建成功]
2025-12-01 11:32:38,076 [INFO] [开始读取数据库表：order_data]
2025-12-01 11:32:39,700 [INFO] [成功读取表 order_data，数据行数：24441]
2025-12-01 11:32:40,537 [INFO] [开始读取数据库表：sales_data]
2025-12-01 11:32:46,934 [INFO] [成功读取表 sales_data，数据行数：26731]
2025-12-01 11:32:48,946 [INFO] [开始读取数据库表：jingpin_data]
2025-12-01 11:32:49,256 [INFO] [成功读取表 jingpin_data，数据行数：4809]
2025-12-01 11:32:49,346 [INFO] [开始读取数据库表：inventory_data]
2025-12-01 11:32:49,915 [INFO] [成功读取表 inventory_data，数据行数：6027]
2025-12-01 11:32:49,916 [INFO] [开始读取数据库表：tuiding_data]
2025-12-01 11:32:50,158 [INFO] [成功读取表 tuiding_data，数据行数：4395]
2025-12-01 11:32:50,158 [INFO] [开始读取数据库表：debit_data]
2025-12-01 11:32:52,275 [INFO] [成功读取表 debit_data，数据行数：26191]
2025-12-01 11:32:52,715 [INFO] [开始读取数据库表：sales_invoice_data]
2025-12-01 11:32:54,030 [INFO] [成功读取表 sales_invoice_data，数据行数：19369]
2025-12-01 11:56:59,325 [INFO] [数据库引擎创建成功]
2025-12-01 11:56:59,325 [INFO] [开始读取数据库表：order_data]
2025-12-01 11:57:00,752 [INFO] [成功读取表 order_data，数据行数：24455]
2025-12-01 11:57:01,022 [INFO] [开始读取数据库表：sales_data]
2025-12-01 11:57:06,060 [INFO] [成功读取表 sales_data，数据行数：26734]
2025-12-01 11:57:07,575 [INFO] [开始读取数据库表：jingpin_data]
2025-12-01 11:57:07,811 [INFO] [成功读取表 jingpin_data，数据行数：4809]
2025-12-01 11:57:07,870 [INFO] [开始读取数据库表：inventory_data]
2025-12-01 11:57:08,309 [INFO] [成功读取表 inventory_data，数据行数：6025]
2025-12-01 11:57:08,309 [INFO] [开始读取数据库表：tuiding_data]
2025-12-01 11:57:08,501 [INFO] [成功读取表 tuiding_data，数据行数：4396]
2025-12-01 11:57:08,501 [INFO] [开始读取数据库表：debit_data]
2025-12-01 11:57:10,062 [INFO] [成功读取表 debit_data，数据行数：26191]
2025-12-01 11:57:10,364 [INFO] [开始读取数据库表：sales_invoice_data]
2025-12-01 11:57:11,816 [INFO] [成功读取表 sales_invoice_data，数据行数：19372]
2025-12-01 12:26:25,958 [INFO] [数据库引擎创建成功]
2025-12-01 12:26:25,958 [INFO] [开始读取数据库表：order_data]
2025-12-01 12:26:28,789 [INFO] [成功读取表 order_data，数据行数：24455]
2025-12-01 12:26:29,279 [INFO] [开始读取数据库表：sales_data]
2025-12-01 12:26:34,390 [INFO] [成功读取表 sales_data，数据行数：26746]
2025-12-01 12:26:35,922 [INFO] [开始读取数据库表：jingpin_data]
2025-12-01 12:26:36,156 [INFO] [成功读取表 jingpin_data，数据行数：4809]
2025-12-01 12:26:36,206 [INFO] [开始读取数据库表：inventory_data]
2025-12-01 12:26:36,648 [INFO] [成功读取表 inventory_data，数据行数：6013]
2025-12-01 12:26:36,648 [INFO] [开始读取数据库表：tuiding_data]
2025-12-01 12:26:36,816 [INFO] [成功读取表 tuiding_data，数据行数：4399]
2025-12-01 12:26:36,817 [INFO] [开始读取数据库表：debit_data]
2025-12-01 12:26:38,431 [INFO] [成功读取表 debit_data，数据行数：26191]
2025-12-01 12:26:38,745 [INFO] [开始读取数据库表：sales_invoice_data]
2025-12-01 12:26:39,794 [INFO] [成功读取表 sales_invoice_data，数据行数：19384]
2025-12-01 12:56:33,236 [INFO] [数据库引擎创建成功]
2025-12-01 12:56:33,237 [INFO] [开始读取数据库表：order_data]
2025-12-01 12:56:34,711 [INFO] [成功读取表 order_data，数据行数：24458]
2025-12-01 12:56:34,978 [INFO] [开始读取数据库表：sales_data]
2025-12-01 12:56:39,825 [INFO] [成功读取表 sales_data，数据行数：26753]
2025-12-01 12:56:41,500 [INFO] [开始读取数据库表：jingpin_data]
2025-12-01 12:56:41,704 [INFO] [成功读取表 jingpin_data，数据行数：4809]
2025-12-01 12:56:41,756 [INFO] [开始读取数据库表：inventory_data]
2025-12-01 12:56:42,212 [INFO] [成功读取表 inventory_data，数据行数：6012]
2025-12-01 12:56:42,213 [INFO] [开始读取数据库表：tuiding_data]
2025-12-01 12:56:42,408 [INFO] [成功读取表 tuiding_data，数据行数：4399]
2025-12-01 12:56:42,408 [INFO] [开始读取数据库表：debit_data]
2025-12-01 12:56:44,658 [INFO] [成功读取表 debit_data，数据行数：26211]
2025-12-01 12:56:44,983 [INFO] [开始读取数据库表：sales_invoice_data]
2025-12-01 12:56:46,039 [INFO] [成功读取表 sales_invoice_data，数据行数：19385]
2025-12-01 13:27:43,167 [INFO] [数据库引擎创建成功]
2025-12-01 13:27:43,168 [INFO] [开始读取数据库表：order_data]
2025-12-01 13:27:45,698 [INFO] [成功读取表 order_data，数据行数：24463]
2025-12-01 13:27:46,164 [INFO] [开始读取数据库表：sales_data]
2025-12-01 13:27:51,881 [INFO] [成功读取表 sales_data，数据行数：26762]
2025-12-01 13:27:53,670 [INFO] [开始读取数据库表：jingpin_data]
2025-12-01 13:27:53,910 [INFO] [成功读取表 jingpin_data，数据行数：4809]
2025-12-01 13:27:53,971 [INFO] [开始读取数据库表：inventory_data]
2025-12-01 13:27:54,449 [INFO] [成功读取表 inventory_data，数据行数：6002]
2025-12-01 13:27:54,450 [INFO] [开始读取数据库表：tuiding_data]
2025-12-01 13:27:54,669 [INFO] [成功读取表 tuiding_data，数据行数：4399]
2025-12-01 13:27:54,669 [INFO] [开始读取数据库表：debit_data]
2025-12-01 13:27:56,515 [INFO] [成功读取表 debit_data，数据行数：26211]
2025-12-01 13:27:56,855 [INFO] [开始读取数据库表：sales_invoice_data]
2025-12-01 13:27:57,978 [INFO] [成功读取表 sales_invoice_data，数据行数：19393]
2025-12-01 14:00:28,626 [INFO] [数据库引擎创建成功]
2025-12-01 14:00:28,626 [INFO] [开始读取数据库表：order_data]
2025-12-01 14:00:30,677 [INFO] [成功读取表 order_data，数据行数：24470]
2025-12-01 14:00:31,098 [INFO] [开始读取数据库表：sales_data]
2025-12-01 14:00:40,459 [INFO] [成功读取表 sales_data，数据行数：26769]
2025-12-01 14:00:42,778 [INFO] [开始读取数据库表：jingpin_data]
2025-12-01 14:00:43,093 [INFO] [成功读取表 jingpin_data，数据行数：4809]
2025-12-01 14:00:43,185 [INFO] [开始读取数据库表：inventory_data]
2025-12-01 14:00:43,764 [INFO] [成功读取表 inventory_data，数据行数：5995]
2025-12-01 14:00:43,765 [INFO] [开始读取数据库表：tuiding_data]
2025-12-01 14:00:44,012 [INFO] [成功读取表 tuiding_data，数据行数：4399]
2025-12-01 14:00:44,013 [INFO] [开始读取数据库表：debit_data]
2025-12-01 14:00:48,187 [INFO] [成功读取表 debit_data，数据行数：26211]
2025-12-01 14:00:49,452 [INFO] [开始读取数据库表：sales_invoice_data]
2025-12-01 14:00:52,734 [INFO] [成功读取表 sales_invoice_data，数据行数：19399]
2025-12-01 14:16:17,672 [INFO] [数据库引擎创建成功]
2025-12-01 14:16:17,672 [INFO] [开始读取数据库表：order_data]
2025-12-01 14:16:18,166 [INFO] [成功读取表 order_data，数据行数：24470]
2025-12-01 14:16:18,280 [INFO] [开始读取数据库表：sales_data]
2025-12-01 14:16:20,360 [INFO] [成功读取表 sales_data，数据行数：26769]
2025-12-01 14:16:21,078 [INFO] [开始读取数据库表：jingpin_data]
2025-12-01 14:16:21,151 [INFO] [成功读取表 jingpin_data，数据行数：4809]
2025-12-01 14:16:21,177 [INFO] [开始读取数据库表：inventory_data]
2025-12-01 14:16:21,332 [INFO] [成功读取表 inventory_data，数据行数：5995]
2025-12-01 14:16:21,332 [INFO] [开始读取数据库表：tuiding_data]
2025-12-01 14:16:21,390 [INFO] [成功读取表 tuiding_data，数据行数：4399]
2025-12-01 14:16:21,390 [INFO] [开始读取数据库表：debit_data]
2025-12-01 14:16:21,944 [INFO] [成功读取表 debit_data，数据行数：26211]
2025-12-01 14:16:22,079 [INFO] [开始读取数据库表：sales_invoice_data]
2025-12-01 14:16:22,423 [INFO] [成功读取表 sales_invoice_data，数据行数：19399]
2025-12-01 14:27:09,213 [INFO] [数据库引擎创建成功]
2025-12-01 14:27:09,213 [INFO] [开始读取数据库表：order_data]
2025-12-01 14:27:11,286 [INFO] [成功读取表 order_data，数据行数：24472]
2025-12-01 14:27:11,608 [INFO] [开始读取数据库表：sales_data]
2025-12-01 14:27:19,146 [INFO] [成功读取表 sales_data，数据行数：26773]
2025-12-01 14:27:21,548 [INFO] [开始读取数据库表：jingpin_data]
2025-12-01 14:27:21,894 [INFO] [成功读取表 jingpin_data，数据行数：4809]
2025-12-01 14:27:21,991 [INFO] [开始读取数据库表：inventory_data]
2025-12-01 14:27:22,653 [INFO] [成功读取表 inventory_data，数据行数：5991]
2025-12-01 14:27:22,654 [INFO] [开始读取数据库表：tuiding_data]
2025-12-01 14:27:22,938 [INFO] [成功读取表 tuiding_data，数据行数：4399]
2025-12-01 14:27:22,938 [INFO] [开始读取数据库表：debit_data]
2025-12-01 14:27:25,284 [INFO] [成功读取表 debit_data，数据行数：26211]
2025-12-01 14:27:25,713 [INFO] [开始读取数据库表：sales_invoice_data]
2025-12-01 14:27:26,960 [INFO] [成功读取表 sales_invoice_data，数据行数：19403]
2025-12-01 14:58:00,424 [INFO] [数据库引擎创建成功]
2025-12-01 14:58:00,433 [INFO] [开始读取数据库表：order_data]
2025-12-01 14:58:02,245 [INFO] [成功读取表 order_data，数据行数：24475]
2025-12-01 14:58:02,610 [INFO] [开始读取数据库表：sales_data]
2025-12-01 14:58:08,955 [INFO] [成功读取表 sales_data，数据行数：26774]
2025-12-01 14:58:14,119 [INFO] [开始读取数据库表：jingpin_data]
2025-12-01 14:58:14,414 [INFO] [成功读取表 jingpin_data，数据行数：4809]
2025-12-01 14:58:14,506 [INFO] [开始读取数据库表：inventory_data]
2025-12-01 14:58:15,051 [INFO] [成功读取表 inventory_data，数据行数：5989]
2025-12-01 14:58:15,051 [INFO] [开始读取数据库表：tuiding_data]
2025-12-01 14:58:15,277 [INFO] [成功读取表 tuiding_data，数据行数：4399]
2025-12-01 14:58:15,277 [INFO] [开始读取数据库表：debit_data]
2025-12-01 14:58:17,479 [INFO] [成功读取表 debit_data，数据行数：26211]
2025-12-01 14:58:17,907 [INFO] [开始读取数据库表：sales_invoice_data]
2025-12-01 14:58:19,237 [INFO] [成功读取表 sales_invoice_data，数据行数：19406]
2025-12-01 15:28:06,152 [INFO] [数据库引擎创建成功]
2025-12-01 15:28:06,153 [INFO] [开始读取数据库表：order_data]
2025-12-01 15:28:07,784 [INFO] [成功读取表 order_data，数据行数：24481]
2025-12-01 15:28:08,112 [INFO] [开始读取数据库表：sales_data]
2025-12-01 15:28:18,755 [INFO] [成功读取表 sales_data，数据行数：26777]
2025-12-01 15:28:20,709 [INFO] [开始读取数据库表：jingpin_data]
2025-12-01 15:28:21,006 [INFO] [成功读取表 jingpin_data，数据行数：4810]
2025-12-01 15:28:21,080 [INFO] [开始读取数据库表：inventory_data]
2025-12-01 15:28:21,663 [INFO] [成功读取表 inventory_data，数据行数：5986]
2025-12-01 15:28:21,663 [INFO] [开始读取数据库表：tuiding_data]
2025-12-01 15:28:21,895 [INFO] [成功读取表 tuiding_data，数据行数：4399]
2025-12-01 15:28:21,895 [INFO] [开始读取数据库表：debit_data]
2025-12-01 15:28:23,950 [INFO] [成功读取表 debit_data，数据行数：26211]
2025-12-01 15:28:24,269 [INFO] [开始读取数据库表：sales_invoice_data]
2025-12-01 15:28:25,566 [INFO] [成功读取表 sales_invoice_data，数据行数：19409]
2025-12-01 15:58:17,295 [INFO] [数据库引擎创建成功]
2025-12-01 15:58:17,296 [INFO] [开始读取数据库表：order_data]
2025-12-01 15:58:19,165 [INFO] [成功读取表 order_data，数据行数：24484]
2025-12-01 15:58:19,463 [INFO] [开始读取数据库表：sales_data]
2025-12-01 15:58:25,383 [INFO] [成功读取表 sales_data，数据行数：26787]
2025-12-01 15:58:27,416 [INFO] [开始读取数据库表：jingpin_data]
2025-12-01 15:58:27,676 [INFO] [成功读取表 jingpin_data，数据行数：4815]
2025-12-01 15:58:27,749 [INFO] [开始读取数据库表：inventory_data]
2025-12-01 15:58:28,294 [INFO] [成功读取表 inventory_data，数据行数：5978]
2025-12-01 15:58:28,295 [INFO] [开始读取数据库表：tuiding_data]
2025-12-01 15:58:31,341 [INFO] [成功读取表 tuiding_data，数据行数：4399]
2025-12-01 15:58:31,342 [INFO] [开始读取数据库表：debit_data]
2025-12-01 15:58:34,148 [INFO] [成功读取表 debit_data，数据行数：26211]
2025-12-01 15:58:34,556 [INFO] [开始读取数据库表：sales_invoice_data]
2025-12-01 15:58:35,897 [INFO] [成功读取表 sales_invoice_data，数据行数：19418]
2025-12-01 16:27:37,495 [INFO] [数据库引擎创建成功]
2025-12-01 16:27:37,496 [INFO] [开始读取数据库表：order_data]
2025-12-01 16:27:39,231 [INFO] [成功读取表 order_data，数据行数：24485]
2025-12-01 16:27:39,549 [INFO] [开始读取数据库表：sales_data]
2025-12-01 16:27:47,028 [INFO] [成功读取表 sales_data，数据行数：26799]
2025-12-01 16:27:48,906 [INFO] [开始读取数据库表：jingpin_data]
2025-12-01 16:27:49,171 [INFO] [成功读取表 jingpin_data，数据行数：4816]
2025-12-01 16:27:49,241 [INFO] [开始读取数据库表：inventory_data]
2025-12-01 16:27:49,761 [INFO] [成功读取表 inventory_data，数据行数：5967]
2025-12-01 16:27:49,761 [INFO] [开始读取数据库表：tuiding_data]
2025-12-01 16:27:49,990 [INFO] [成功读取表 tuiding_data，数据行数：4404]
2025-12-01 16:27:49,990 [INFO] [开始读取数据库表：debit_data]
2025-12-01 16:27:52,047 [INFO] [成功读取表 debit_data，数据行数：26211]
2025-12-01 16:27:52,409 [INFO] [开始读取数据库表：sales_invoice_data]
2025-12-01 16:27:53,718 [INFO] [成功读取表 sales_invoice_data，数据行数：19429]
2025-12-01 16:57:32,649 [INFO] [数据库引擎创建成功]
2025-12-01 16:57:32,649 [INFO] [开始读取数据库表：order_data]
2025-12-01 16:57:34,330 [INFO] [成功读取表 order_data，数据行数：24490]
2025-12-01 16:57:34,651 [INFO] [开始读取数据库表：sales_data]
2025-12-01 16:57:40,890 [INFO] [成功读取表 sales_data，数据行数：26805]
2025-12-01 16:57:42,762 [INFO] [开始读取数据库表：jingpin_data]
2025-12-01 16:57:43,029 [INFO] [成功读取表 jingpin_data，数据行数：4816]
2025-12-01 16:57:43,100 [INFO] [开始读取数据库表：inventory_data]
2025-12-01 16:57:43,636 [INFO] [成功读取表 inventory_data，数据行数：5964]
2025-12-01 16:57:43,636 [INFO] [开始读取数据库表：tuiding_data]
2025-12-01 16:57:43,853 [INFO] [成功读取表 tuiding_data，数据行数：4404]
2025-12-01 16:57:43,853 [INFO] [开始读取数据库表：debit_data]
2025-12-01 16:57:45,930 [INFO] [成功读取表 debit_data，数据行数：26211]
2025-12-01 16:57:46,304 [INFO] [开始读取数据库表：sales_invoice_data]
2025-12-01 16:57:47,594 [INFO] [成功读取表 sales_invoice_data，数据行数：19432]
2025-12-01 17:28:57,766 [INFO] [数据库引擎创建成功]
2025-12-01 17:28:57,767 [INFO] [开始读取数据库表：order_data]
2025-12-01 17:28:59,336 [INFO] [成功读取表 order_data，数据行数：24498]
2025-12-01 17:28:59,659 [INFO] [开始读取数据库表：sales_data]
2025-12-01 17:29:06,784 [INFO] [成功读取表 sales_data，数据行数：26812]
2025-12-01 17:29:08,740 [INFO] [开始读取数据库表：jingpin_data]
2025-12-01 17:29:09,030 [INFO] [成功读取表 jingpin_data，数据行数：4818]
2025-12-01 17:29:09,100 [INFO] [开始读取数据库表：inventory_data]
2025-12-01 17:29:09,683 [INFO] [成功读取表 inventory_data，数据行数：5958]
2025-12-01 17:29:09,683 [INFO] [开始读取数据库表：tuiding_data]
2025-12-01 17:29:09,920 [INFO] [成功读取表 tuiding_data，数据行数：4404]
2025-12-01 17:29:09,921 [INFO] [开始读取数据库表：debit_data]
2025-12-01 17:29:12,035 [INFO] [成功读取表 debit_data，数据行数：26211]
2025-12-01 17:29:12,422 [INFO] [开始读取数据库表：sales_invoice_data]
2025-12-01 17:29:13,775 [INFO] [成功读取表 sales_invoice_data，数据行数：19438]
2025-12-01 17:57:08,747 [INFO] [数据库引擎创建成功]
2025-12-01 17:57:08,748 [INFO] [开始读取数据库表：order_data]
2025-12-01 17:57:10,545 [INFO] [成功读取表 order_data，数据行数：24504]
2025-12-01 17:57:10,862 [INFO] [开始读取数据库表：sales_data]
2025-12-01 17:57:17,230 [INFO] [成功读取表 sales_data，数据行数：26815]
2025-12-01 17:57:20,069 [INFO] [开始读取数据库表：jingpin_data]
2025-12-01 17:57:20,347 [INFO] [成功读取表 jingpin_data，数据行数：4823]
2025-12-01 17:57:20,418 [INFO] [开始读取数据库表：inventory_data]
2025-12-01 17:57:20,947 [INFO] [成功读取表 inventory_data，数据行数：5953]
2025-12-01 17:57:20,947 [INFO] [开始读取数据库表：tuiding_data]
2025-12-01 17:57:21,163 [INFO] [成功读取表 tuiding_data，数据行数：4404]
2025-12-01 17:57:21,163 [INFO] [开始读取数据库表：debit_data]
2025-12-01 17:57:23,170 [INFO] [成功读取表 debit_data，数据行数：26211]
2025-12-01 17:57:23,487 [INFO] [开始读取数据库表：sales_invoice_data]
2025-12-01 17:57:24,577 [INFO] [成功读取表 sales_invoice_data，数据行数：19441]
2025-12-01 18:26:36,079 [INFO] [数据库引擎创建成功]
2025-12-01 18:26:36,080 [INFO] [开始读取数据库表：order_data]
2025-12-01 18:26:37,851 [INFO] [成功读取表 order_data，数据行数：24509]
2025-12-01 18:26:38,178 [INFO] [开始读取数据库表：sales_data]
2025-12-01 18:26:44,519 [INFO] [成功读取表 sales_data，数据行数：26819]
2025-12-01 18:26:46,448 [INFO] [开始读取数据库表：jingpin_data]
2025-12-01 18:26:46,752 [INFO] [成功读取表 jingpin_data，数据行数：4823]
2025-12-01 18:26:46,822 [INFO] [开始读取数据库表：inventory_data]
2025-12-01 18:26:47,388 [INFO] [成功读取表 inventory_data，数据行数：5950]
2025-12-01 18:26:47,388 [INFO] [开始读取数据库表：tuiding_data]
2025-12-01 18:26:47,617 [INFO] [成功读取表 tuiding_data，数据行数：4404]
2025-12-01 18:26:47,618 [INFO] [开始读取数据库表：debit_data]
2025-12-01 18:26:49,717 [INFO] [成功读取表 debit_data，数据行数：26211]
2025-12-01 18:26:50,105 [INFO] [开始读取数据库表：sales_invoice_data]
2025-12-01 18:26:51,462 [INFO] [成功读取表 sales_invoice_data，数据行数：19445]
2025-12-01 18:56:34,846 [INFO] [数据库引擎创建成功]
2025-12-01 18:56:34,847 [INFO] [开始读取数据库表：order_data]
2025-12-01 18:56:37,182 [INFO] [成功读取表 order_data，数据行数：24510]
2025-12-01 18:56:37,439 [INFO] [开始读取数据库表：sales_data]
2025-12-01 18:56:43,659 [INFO] [成功读取表 sales_data，数据行数：26820]
2025-12-01 18:56:45,528 [INFO] [开始读取数据库表：jingpin_data]
2025-12-01 18:56:45,817 [INFO] [成功读取表 jingpin_data，数据行数：4823]
2025-12-01 18:56:45,889 [INFO] [开始读取数据库表：inventory_data]
2025-12-01 18:56:46,434 [INFO] [成功读取表 inventory_data，数据行数：5950]
2025-12-01 18:56:46,434 [INFO] [开始读取数据库表：tuiding_data]
2025-12-01 18:56:46,669 [INFO] [成功读取表 tuiding_data，数据行数：4404]
2025-12-01 18:56:46,669 [INFO] [开始读取数据库表：debit_data]
2025-12-01 18:56:48,734 [INFO] [成功读取表 debit_data，数据行数：26211]
2025-12-01 18:56:49,106 [INFO] [开始读取数据库表：sales_invoice_data]
2025-12-01 18:56:50,413 [INFO] [成功读取表 sales_invoice_data，数据行数：19445]
2025-12-01 19:26:48,130 [INFO] [数据库引擎创建成功]
2025-12-01 19:26:48,130 [INFO] [开始读取数据库表：order_data]
2025-12-01 19:26:49,929 [INFO] [成功读取表 order_data，数据行数：24512]
2025-12-01 19:26:50,262 [INFO] [开始读取数据库表：sales_data]
2025-12-01 19:26:56,962 [INFO] [成功读取表 sales_data，数据行数：26820]
2025-12-01 19:26:58,867 [INFO] [开始读取数据库表：jingpin_data]
2025-12-01 19:26:59,158 [INFO] [成功读取表 jingpin_data，数据行数：4823]
2025-12-01 19:26:59,230 [INFO] [开始读取数据库表：inventory_data]
2025-12-01 19:26:59,796 [INFO] [成功读取表 inventory_data，数据行数：5950]
2025-12-01 19:26:59,796 [INFO] [开始读取数据库表：tuiding_data]
2025-12-01 19:27:00,027 [INFO] [成功读取表 tuiding_data，数据行数：4404]
2025-12-01 19:27:00,028 [INFO] [开始读取数据库表：debit_data]
2025-12-01 19:27:02,118 [INFO] [成功读取表 debit_data，数据行数：26211]
2025-12-01 19:27:02,494 [INFO] [开始读取数据库表：sales_invoice_data]
2025-12-01 19:27:03,851 [INFO] [成功读取表 sales_invoice_data，数据行数：19445]
2025-12-01 19:56:46,112 [INFO] [数据库引擎创建成功]
2025-12-01 19:56:46,112 [INFO] [开始读取数据库表：order_data]
2025-12-01 19:56:47,695 [INFO] [成功读取表 order_data，数据行数：24512]
2025-12-01 19:56:48,017 [INFO] [开始读取数据库表：sales_data]
2025-12-01 19:56:55,039 [INFO] [成功读取表 sales_data，数据行数：26820]
2025-12-01 19:56:56,956 [INFO] [开始读取数据库表：jingpin_data]
2025-12-01 19:56:57,241 [INFO] [成功读取表 jingpin_data，数据行数：4823]
2025-12-01 19:56:57,313 [INFO] [开始读取数据库表：inventory_data]
2025-12-01 19:56:57,869 [INFO] [成功读取表 inventory_data，数据行数：5950]
2025-12-01 19:56:57,869 [INFO] [开始读取数据库表：tuiding_data]
2025-12-01 19:56:58,097 [INFO] [成功读取表 tuiding_data，数据行数：4404]
2025-12-01 19:56:58,097 [INFO] [开始读取数据库表：debit_data]
2025-12-01 19:57:00,195 [INFO] [成功读取表 debit_data，数据行数：26211]
2025-12-01 19:57:00,563 [INFO] [开始读取数据库表：sales_invoice_data]
2025-12-01 19:57:01,868 [INFO] [成功读取表 sales_invoice_data，数据行数：19445]
2025-12-01 20:26:37,914 [INFO] [数据库引擎创建成功]
2025-12-01 20:26:37,914 [INFO] [开始读取数据库表：order_data]
2025-12-01 20:26:40,411 [INFO] [成功读取表 order_data，数据行数：24512]
2025-12-01 20:26:40,708 [INFO] [开始读取数据库表：sales_data]
2025-12-01 20:26:47,001 [INFO] [成功读取表 sales_data，数据行数：26820]
2025-12-01 20:26:48,923 [INFO] [开始读取数据库表：jingpin_data]
2025-12-01 20:26:49,213 [INFO] [成功读取表 jingpin_data，数据行数：4823]
2025-12-01 20:26:49,282 [INFO] [开始读取数据库表：inventory_data]
2025-12-01 20:26:49,818 [INFO] [成功读取表 inventory_data，数据行数：5950]
2025-12-01 20:26:49,818 [INFO] [开始读取数据库表：tuiding_data]
2025-12-01 20:26:50,053 [INFO] [成功读取表 tuiding_data，数据行数：4404]
2025-12-01 20:26:50,053 [INFO] [开始读取数据库表：debit_data]
2025-12-01 20:26:52,143 [INFO] [成功读取表 debit_data，数据行数：26211]
2025-12-01 20:26:52,515 [INFO] [开始读取数据库表：sales_invoice_data]
2025-12-01 20:26:53,816 [INFO] [成功读取表 sales_invoice_data，数据行数：19445]
2025-12-01 20:56:33,552 [INFO] [数据库引擎创建成功]
2025-12-01 20:56:33,553 [INFO] [开始读取数据库表：order_data]
2025-12-01 20:56:35,306 [INFO] [成功读取表 order_data，数据行数：24512]
2025-12-01 20:56:35,635 [INFO] [开始读取数据库表：sales_data]
2025-12-01 20:56:42,118 [INFO] [成功读取表 sales_data，数据行数：26820]
2025-12-01 20:56:44,079 [INFO] [开始读取数据库表：jingpin_data]
2025-12-01 20:56:44,366 [INFO] [成功读取表 jingpin_data，数据行数：4823]
2025-12-01 20:56:44,439 [INFO] [开始读取数据库表：inventory_data]
2025-12-01 20:56:45,010 [INFO] [成功读取表 inventory_data，数据行数：5950]
2025-12-01 20:56:45,010 [INFO] [开始读取数据库表：tuiding_data]
2025-12-01 20:56:45,252 [INFO] [成功读取表 tuiding_data，数据行数：4404]
2025-12-01 20:56:45,252 [INFO] [开始读取数据库表：debit_data]
2025-12-01 20:56:47,423 [INFO] [成功读取表 debit_data，数据行数：26211]
2025-12-01 20:56:47,789 [INFO] [开始读取数据库表：sales_invoice_data]
2025-12-01 20:56:49,159 [INFO] [成功读取表 sales_invoice_data，数据行数：19445]
2025-12-01 21:26:36,513 [INFO] [数据库引擎创建成功]
2025-12-01 21:26:36,513 [INFO] [开始读取数据库表：order_data]
2025-12-01 21:26:38,266 [INFO] [成功读取表 order_data，数据行数：24512]
2025-12-01 21:26:38,564 [INFO] [开始读取数据库表：sales_data]
2025-12-01 21:26:47,487 [INFO] [成功读取表 sales_data，数据行数：26820]
2025-12-01 21:26:49,160 [INFO] [开始读取数据库表：jingpin_data]
2025-12-01 21:26:49,422 [INFO] [成功读取表 jingpin_data，数据行数：4823]
2025-12-01 21:26:49,495 [INFO] [开始读取数据库表：inventory_data]
2025-12-01 21:26:49,944 [INFO] [成功读取表 inventory_data，数据行数：5977]
2025-12-01 21:26:49,944 [INFO] [开始读取数据库表：tuiding_data]
2025-12-01 21:26:50,114 [INFO] [成功读取表 tuiding_data，数据行数：4404]
2025-12-01 21:26:50,115 [INFO] [开始读取数据库表：debit_data]
2025-12-01 21:26:51,786 [INFO] [成功读取表 debit_data，数据行数：26238]
2025-12-01 21:26:52,090 [INFO] [开始读取数据库表：sales_invoice_data]
2025-12-01 21:26:53,295 [INFO] [成功读取表 sales_invoice_data，数据行数：19445]
2025-12-01 21:56:53,942 [INFO] [数据库引擎创建成功]
2025-12-01 21:56:53,943 [INFO] [开始读取数据库表：order_data]
2025-12-01 21:56:57,101 [INFO] [成功读取表 order_data，数据行数：24512]
2025-12-01 21:56:57,660 [INFO] [开始读取数据库表：sales_data]
2025-12-01 21:57:08,027 [INFO] [成功读取表 sales_data，数据行数：26820]
2025-12-01 21:57:11,472 [INFO] [开始读取数据库表：jingpin_data]
2025-12-01 21:57:11,993 [INFO] [成功读取表 jingpin_data，数据行数：4823]
2025-12-01 21:57:12,109 [INFO] [开始读取数据库表：inventory_data]
2025-12-01 21:57:13,119 [INFO] [成功读取表 inventory_data，数据行数：5977]
2025-12-01 21:57:13,119 [INFO] [开始读取数据库表：tuiding_data]
2025-12-01 21:57:13,494 [INFO] [成功读取表 tuiding_data，数据行数：4404]
2025-12-01 21:57:13,495 [INFO] [开始读取数据库表：debit_data]
2025-12-01 21:57:17,766 [INFO] [成功读取表 debit_data，数据行数：26274]
2025-12-01 21:57:18,615 [INFO] [开始读取数据库表：sales_invoice_data]
2025-12-01 21:57:23,213 [INFO] [成功读取表 sales_invoice_data，数据行数：19445]
