2025-12-05 08:55:02,520 [INFO] [数据库引擎创建成功]
2025-12-05 08:55:02,520 [INFO] [开始读取数据库表：order_data]
2025-12-05 08:55:04,436 [INFO] [成功读取表 order_data，数据行数：24757]
2025-12-05 08:55:04,788 [INFO] [开始读取数据库表：sales_data]
2025-12-05 08:55:11,453 [INFO] [成功读取表 sales_data，数据行数：27199]
2025-12-05 08:55:13,515 [INFO] [开始读取数据库表：jingpin_data]
2025-12-05 08:55:13,822 [INFO] [成功读取表 jingpin_data，数据行数：4907]
2025-12-05 08:55:13,905 [INFO] [开始读取数据库表：inventory_data]
2025-12-05 08:55:14,479 [INFO] [成功读取表 inventory_data，数据行数：5875]
2025-12-05 08:55:14,479 [INFO] [开始读取数据库表：tuiding_data]
2025-12-05 08:55:14,747 [INFO] [成功读取表 tuiding_data，数据行数：4472]
2025-12-05 08:55:14,747 [INFO] [开始读取数据库表：debit_data]
2025-12-05 08:55:16,852 [INFO] [成功读取表 debit_data，数据行数：26413]
2025-12-05 08:55:17,166 [INFO] [开始读取数据库表：sales_invoice_data]
2025-12-05 08:55:18,347 [INFO] [成功读取表 sales_invoice_data，数据行数：19767]
2025-12-05 09:28:41,534 [INFO] [数据库引擎创建成功]
2025-12-05 09:28:41,534 [INFO] [开始读取数据库表：order_data]
2025-12-05 09:28:43,521 [INFO] [成功读取表 order_data，数据行数：24755]
2025-12-05 09:28:43,860 [INFO] [开始读取数据库表：sales_data]
2025-12-05 09:28:50,323 [INFO] [成功读取表 sales_data，数据行数：27197]
2025-12-05 09:28:52,282 [INFO] [开始读取数据库表：jingpin_data]
2025-12-05 09:28:52,571 [INFO] [成功读取表 jingpin_data，数据行数：4907]
2025-12-05 09:28:52,648 [INFO] [开始读取数据库表：inventory_data]
2025-12-05 09:28:53,896 [INFO] [成功读取表 inventory_data，数据行数：5876]
2025-12-05 09:28:53,897 [INFO] [开始读取数据库表：tuiding_data]
2025-12-05 09:28:54,099 [INFO] [成功读取表 tuiding_data，数据行数：4474]
2025-12-05 09:28:54,099 [INFO] [开始读取数据库表：debit_data]
2025-12-05 09:28:55,899 [INFO] [成功读取表 debit_data，数据行数：26413]
2025-12-05 09:28:56,270 [INFO] [开始读取数据库表：sales_invoice_data]
2025-12-05 09:28:57,404 [INFO] [成功读取表 sales_invoice_data，数据行数：19766]
2025-12-05 09:54:34,440 [INFO] [数据库引擎创建成功]
2025-12-05 09:54:34,440 [INFO] [开始读取数据库表：order_data]
2025-12-05 09:54:35,972 [INFO] [成功读取表 order_data，数据行数：24755]
2025-12-05 09:54:36,375 [INFO] [开始读取数据库表：sales_data]
2025-12-05 09:54:43,885 [INFO] [成功读取表 sales_data，数据行数：27197]
2025-12-05 09:54:45,873 [INFO] [开始读取数据库表：jingpin_data]
2025-12-05 09:54:46,077 [INFO] [成功读取表 jingpin_data，数据行数：4907]
2025-12-05 09:54:46,143 [INFO] [开始读取数据库表：inventory_data]
2025-12-05 09:54:46,546 [INFO] [成功读取表 inventory_data，数据行数：5876]
2025-12-05 09:54:46,547 [INFO] [开始读取数据库表：tuiding_data]
2025-12-05 09:54:46,710 [INFO] [成功读取表 tuiding_data，数据行数：4474]
2025-12-05 09:54:46,710 [INFO] [开始读取数据库表：debit_data]
2025-12-05 09:54:48,178 [INFO] [成功读取表 debit_data，数据行数：26413]
2025-12-05 09:54:48,491 [INFO] [开始读取数据库表：sales_invoice_data]
2025-12-05 09:54:49,460 [INFO] [成功读取表 sales_invoice_data，数据行数：19766]
2025-12-05 10:33:02,962 [INFO] [数据库引擎创建成功]
2025-12-05 10:33:02,962 [INFO] [开始读取数据库表：order_data]
2025-12-05 10:33:04,857 [INFO] [成功读取表 order_data，数据行数：24752]
2025-12-05 10:33:05,185 [INFO] [开始读取数据库表：sales_data]
2025-12-05 10:33:11,735 [INFO] [成功读取表 sales_data，数据行数：27197]
2025-12-05 10:33:13,758 [INFO] [开始读取数据库表：jingpin_data]
2025-12-05 10:33:14,039 [INFO] [成功读取表 jingpin_data，数据行数：4905]
2025-12-05 10:33:14,103 [INFO] [开始读取数据库表：inventory_data]
2025-12-05 10:33:14,648 [INFO] [成功读取表 inventory_data，数据行数：5871]
2025-12-05 10:33:14,648 [INFO] [开始读取数据库表：tuiding_data]
2025-12-05 10:33:14,891 [INFO] [成功读取表 tuiding_data，数据行数：4477]
2025-12-05 10:33:14,891 [INFO] [开始读取数据库表：debit_data]
2025-12-05 10:33:17,015 [INFO] [成功读取表 debit_data，数据行数：26413]
2025-12-05 10:33:17,386 [INFO] [开始读取数据库表：sales_invoice_data]
2025-12-05 10:33:18,718 [INFO] [成功读取表 sales_invoice_data，数据行数：19766]
2025-12-05 11:00:09,776 [INFO] [数据库引擎创建成功]
2025-12-05 11:00:09,776 [INFO] [开始读取数据库表：order_data]
2025-12-05 11:00:11,341 [INFO] [成功读取表 order_data，数据行数：24759]
2025-12-05 11:00:11,646 [INFO] [开始读取数据库表：sales_data]
2025-12-05 11:00:18,128 [INFO] [成功读取表 sales_data，数据行数：27205]
2025-12-05 11:00:20,140 [INFO] [开始读取数据库表：jingpin_data]
2025-12-05 11:00:20,427 [INFO] [成功读取表 jingpin_data，数据行数：4905]
2025-12-05 11:00:20,500 [INFO] [开始读取数据库表：inventory_data]
2025-12-05 11:00:21,089 [INFO] [成功读取表 inventory_data，数据行数：5867]
2025-12-05 11:00:21,089 [INFO] [开始读取数据库表：tuiding_data]
2025-12-05 11:00:21,325 [INFO] [成功读取表 tuiding_data，数据行数：4477]
2025-12-05 11:00:21,326 [INFO] [开始读取数据库表：debit_data]
2025-12-05 11:00:23,484 [INFO] [成功读取表 debit_data，数据行数：26413]
2025-12-05 11:00:23,845 [INFO] [开始读取数据库表：sales_invoice_data]
2025-12-05 11:00:25,243 [INFO] [成功读取表 sales_invoice_data，数据行数：19771]
2025-12-05 11:28:22,211 [INFO] [数据库引擎创建成功]
2025-12-05 11:28:22,212 [INFO] [开始读取数据库表：order_data]
2025-12-05 11:28:24,724 [INFO] [成功读取表 order_data，数据行数：24762]
2025-12-05 11:28:24,984 [INFO] [开始读取数据库表：sales_data]
2025-12-05 11:28:31,195 [INFO] [成功读取表 sales_data，数据行数：27210]
2025-12-05 11:28:33,232 [INFO] [开始读取数据库表：jingpin_data]
2025-12-05 11:28:33,536 [INFO] [成功读取表 jingpin_data，数据行数：4914]
2025-12-05 11:28:33,613 [INFO] [开始读取数据库表：inventory_data]
2025-12-05 11:28:34,188 [INFO] [成功读取表 inventory_data，数据行数：5864]
2025-12-05 11:28:34,188 [INFO] [开始读取数据库表：tuiding_data]
2025-12-05 11:28:34,430 [INFO] [成功读取表 tuiding_data，数据行数：4478]
2025-12-05 11:28:34,431 [INFO] [开始读取数据库表：debit_data]
2025-12-05 11:28:36,584 [INFO] [成功读取表 debit_data，数据行数：26413]
2025-12-05 11:28:36,971 [INFO] [开始读取数据库表：sales_invoice_data]
2025-12-05 11:28:38,370 [INFO] [成功读取表 sales_invoice_data，数据行数：19775]
2025-12-05 11:56:53,795 [INFO] [数据库引擎创建成功]
2025-12-05 11:56:53,795 [INFO] [开始读取数据库表：order_data]
2025-12-05 11:56:55,602 [INFO] [成功读取表 order_data，数据行数：24767]
2025-12-05 11:56:55,908 [INFO] [开始读取数据库表：sales_data]
2025-12-05 11:57:02,274 [INFO] [成功读取表 sales_data，数据行数：27212]
2025-12-05 11:57:04,063 [INFO] [开始读取数据库表：jingpin_data]
2025-12-05 11:57:04,332 [INFO] [成功读取表 jingpin_data，数据行数：4927]
2025-12-05 11:57:04,397 [INFO] [开始读取数据库表：inventory_data]
2025-12-05 11:57:04,901 [INFO] [成功读取表 inventory_data，数据行数：5862]
2025-12-05 11:57:04,902 [INFO] [开始读取数据库表：tuiding_data]
2025-12-05 11:57:05,078 [INFO] [成功读取表 tuiding_data，数据行数：4479]
2025-12-05 11:57:05,078 [INFO] [开始读取数据库表：debit_data]
2025-12-05 11:57:07,086 [INFO] [成功读取表 debit_data，数据行数：26413]
2025-12-05 11:57:07,446 [INFO] [开始读取数据库表：sales_invoice_data]
2025-12-05 11:57:08,752 [INFO] [成功读取表 sales_invoice_data，数据行数：19777]
2025-12-05 12:27:33,380 [INFO] [数据库引擎创建成功]
2025-12-05 12:27:33,381 [INFO] [开始读取数据库表：order_data]
2025-12-05 12:27:35,133 [INFO] [成功读取表 order_data，数据行数：24769]
2025-12-05 12:27:35,490 [INFO] [开始读取数据库表：sales_data]
2025-12-05 12:27:42,213 [INFO] [成功读取表 sales_data，数据行数：27216]
2025-12-05 12:27:44,290 [INFO] [开始读取数据库表：jingpin_data]
2025-12-05 12:27:44,602 [INFO] [成功读取表 jingpin_data，数据行数：4928]
2025-12-05 12:27:44,695 [INFO] [开始读取数据库表：inventory_data]
2025-12-05 12:27:45,284 [INFO] [成功读取表 inventory_data，数据行数：5859]
2025-12-05 12:27:45,284 [INFO] [开始读取数据库表：tuiding_data]
2025-12-05 12:27:45,546 [INFO] [成功读取表 tuiding_data，数据行数：4480]
2025-12-05 12:27:45,547 [INFO] [开始读取数据库表：debit_data]
2025-12-05 12:27:47,711 [INFO] [成功读取表 debit_data，数据行数：26437]
2025-12-05 12:27:48,110 [INFO] [开始读取数据库表：sales_invoice_data]
2025-12-05 12:27:49,476 [INFO] [成功读取表 sales_invoice_data，数据行数：19781]
2025-12-05 12:57:05,151 [INFO] [数据库引擎创建成功]
2025-12-05 12:57:05,152 [INFO] [开始读取数据库表：order_data]
2025-12-05 12:57:07,166 [INFO] [成功读取表 order_data，数据行数：24771]
2025-12-05 12:57:07,525 [INFO] [开始读取数据库表：sales_data]
2025-12-05 12:57:14,161 [INFO] [成功读取表 sales_data，数据行数：27225]
2025-12-05 12:57:16,204 [INFO] [开始读取数据库表：jingpin_data]
2025-12-05 12:57:16,495 [INFO] [成功读取表 jingpin_data，数据行数：4928]
2025-12-05 12:57:16,568 [INFO] [开始读取数据库表：inventory_data]
2025-12-05 12:57:17,142 [INFO] [成功读取表 inventory_data，数据行数：5853]
2025-12-05 12:57:17,143 [INFO] [开始读取数据库表：tuiding_data]
2025-12-05 12:57:17,397 [INFO] [成功读取表 tuiding_data，数据行数：4481]
2025-12-05 12:57:17,397 [INFO] [开始读取数据库表：debit_data]
2025-12-05 12:57:19,597 [INFO] [成功读取表 debit_data，数据行数：26437]
2025-12-05 12:57:19,999 [INFO] [开始读取数据库表：sales_invoice_data]
2025-12-05 12:57:21,428 [INFO] [成功读取表 sales_invoice_data，数据行数：19787]
2025-12-05 13:27:14,589 [INFO] [数据库引擎创建成功]
2025-12-05 13:27:14,589 [INFO] [开始读取数据库表：order_data]
2025-12-05 13:27:16,505 [INFO] [成功读取表 order_data，数据行数：24776]
2025-12-05 13:27:16,846 [INFO] [开始读取数据库表：sales_data]
2025-12-05 13:27:23,580 [INFO] [成功读取表 sales_data，数据行数：27229]
2025-12-05 13:27:25,620 [INFO] [开始读取数据库表：jingpin_data]
2025-12-05 13:27:25,929 [INFO] [成功读取表 jingpin_data，数据行数：4931]
2025-12-05 13:27:26,012 [INFO] [开始读取数据库表：inventory_data]
2025-12-05 13:27:26,586 [INFO] [成功读取表 inventory_data，数据行数：5849]
2025-12-05 13:27:26,586 [INFO] [开始读取数据库表：tuiding_data]
2025-12-05 13:27:26,829 [INFO] [成功读取表 tuiding_data，数据行数：4481]
2025-12-05 13:27:26,829 [INFO] [开始读取数据库表：debit_data]
2025-12-05 13:27:29,066 [INFO] [成功读取表 debit_data，数据行数：26437]
2025-12-05 13:27:29,467 [INFO] [开始读取数据库表：sales_invoice_data]
2025-12-05 13:27:30,889 [INFO] [成功读取表 sales_invoice_data，数据行数：19791]
2025-12-05 13:58:36,061 [INFO] [数据库引擎创建成功]
2025-12-05 13:58:36,061 [INFO] [开始读取数据库表：order_data]
2025-12-05 13:58:37,907 [INFO] [成功读取表 order_data，数据行数：24778]
2025-12-05 13:58:38,245 [INFO] [开始读取数据库表：sales_data]
2025-12-05 13:58:44,973 [INFO] [成功读取表 sales_data，数据行数：27239]
2025-12-05 13:58:46,970 [INFO] [开始读取数据库表：jingpin_data]
2025-12-05 13:58:47,251 [INFO] [成功读取表 jingpin_data，数据行数：4934]
2025-12-05 13:58:47,322 [INFO] [开始读取数据库表：inventory_data]
2025-12-05 13:58:47,849 [INFO] [成功读取表 inventory_data，数据行数：5839]
2025-12-05 13:58:47,849 [INFO] [开始读取数据库表：tuiding_data]
2025-12-05 13:58:48,094 [INFO] [成功读取表 tuiding_data，数据行数：4481]
2025-12-05 13:58:48,094 [INFO] [开始读取数据库表：debit_data]
2025-12-05 13:58:50,291 [INFO] [成功读取表 debit_data，数据行数：26437]
2025-12-05 13:58:50,680 [INFO] [开始读取数据库表：sales_invoice_data]
2025-12-05 13:58:52,077 [INFO] [成功读取表 sales_invoice_data，数据行数：19801]
2025-12-05 14:26:59,876 [INFO] [数据库引擎创建成功]
2025-12-05 14:26:59,876 [INFO] [开始读取数据库表：order_data]
2025-12-05 14:27:01,561 [INFO] [成功读取表 order_data，数据行数：24786]
2025-12-05 14:27:01,862 [INFO] [开始读取数据库表：sales_data]
2025-12-05 14:27:07,920 [INFO] [成功读取表 sales_data，数据行数：27239]
2025-12-05 14:27:09,657 [INFO] [开始读取数据库表：jingpin_data]
2025-12-05 14:27:09,930 [INFO] [成功读取表 jingpin_data，数据行数：4934]
2025-12-05 14:27:09,990 [INFO] [开始读取数据库表：inventory_data]
2025-12-05 14:27:10,498 [INFO] [成功读取表 inventory_data，数据行数：5838]
2025-12-05 14:27:10,498 [INFO] [开始读取数据库表：tuiding_data]
2025-12-05 14:27:10,703 [INFO] [成功读取表 tuiding_data，数据行数：4481]
2025-12-05 14:27:10,704 [INFO] [开始读取数据库表：debit_data]
2025-12-05 14:27:12,652 [INFO] [成功读取表 debit_data，数据行数：26437]
2025-12-05 14:27:13,012 [INFO] [开始读取数据库表：sales_invoice_data]
2025-12-05 14:27:14,349 [INFO] [成功读取表 sales_invoice_data，数据行数：19801]
2025-12-05 14:56:51,987 [INFO] [数据库引擎创建成功]
2025-12-05 14:56:51,988 [INFO] [开始读取数据库表：order_data]
2025-12-05 14:56:53,833 [INFO] [成功读取表 order_data，数据行数：24784]
2025-12-05 14:56:54,130 [INFO] [开始读取数据库表：sales_data]
2025-12-05 14:57:00,127 [INFO] [成功读取表 sales_data，数据行数：27247]
2025-12-05 14:57:02,009 [INFO] [开始读取数据库表：jingpin_data]
2025-12-05 14:57:02,265 [INFO] [成功读取表 jingpin_data，数据行数：4937]
2025-12-05 14:57:02,336 [INFO] [开始读取数据库表：inventory_data]
2025-12-05 14:57:02,851 [INFO] [成功读取表 inventory_data，数据行数：5829]
2025-12-05 14:57:02,851 [INFO] [开始读取数据库表：tuiding_data]
2025-12-05 14:57:03,085 [INFO] [成功读取表 tuiding_data，数据行数：4488]
2025-12-05 14:57:03,085 [INFO] [开始读取数据库表：debit_data]
2025-12-05 14:57:05,112 [INFO] [成功读取表 debit_data，数据行数：26437]
2025-12-05 14:57:05,467 [INFO] [开始读取数据库表：sales_invoice_data]
2025-12-05 14:57:06,776 [INFO] [成功读取表 sales_invoice_data，数据行数：19807]
2025-12-05 15:26:59,633 [INFO] [数据库引擎创建成功]
2025-12-05 15:26:59,634 [INFO] [开始读取数据库表：order_data]
2025-12-05 15:27:01,625 [INFO] [成功读取表 order_data，数据行数：24787]
2025-12-05 15:27:01,972 [INFO] [开始读取数据库表：sales_data]
2025-12-05 15:27:08,772 [INFO] [成功读取表 sales_data，数据行数：27255]
2025-12-05 15:27:10,835 [INFO] [开始读取数据库表：jingpin_data]
2025-12-05 15:27:11,126 [INFO] [成功读取表 jingpin_data，数据行数：4937]
2025-12-05 15:27:11,192 [INFO] [开始读取数据库表：inventory_data]
2025-12-05 15:27:11,764 [INFO] [成功读取表 inventory_data，数据行数：5822]
2025-12-05 15:27:11,764 [INFO] [开始读取数据库表：tuiding_data]
2025-12-05 15:27:12,008 [INFO] [成功读取表 tuiding_data，数据行数：4489]
2025-12-05 15:27:12,008 [INFO] [开始读取数据库表：debit_data]
2025-12-05 15:27:14,200 [INFO] [成功读取表 debit_data，数据行数：26437]
2025-12-05 15:27:14,600 [INFO] [开始读取数据库表：sales_invoice_data]
2025-12-05 15:27:15,993 [INFO] [成功读取表 sales_invoice_data，数据行数：19815]
2025-12-05 15:57:05,248 [INFO] [数据库引擎创建成功]
2025-12-05 15:57:05,248 [INFO] [开始读取数据库表：order_data]
2025-12-05 15:57:07,175 [INFO] [成功读取表 order_data，数据行数：24792]
2025-12-05 15:57:07,524 [INFO] [开始读取数据库表：sales_data]
2025-12-05 15:57:14,189 [INFO] [成功读取表 sales_data，数据行数：27261]
2025-12-05 15:57:16,302 [INFO] [开始读取数据库表：jingpin_data]
2025-12-05 15:57:16,602 [INFO] [成功读取表 jingpin_data，数据行数：4937]
2025-12-05 15:57:16,670 [INFO] [开始读取数据库表：inventory_data]
2025-12-05 15:57:17,221 [INFO] [成功读取表 inventory_data，数据行数：5816]
2025-12-05 15:57:17,221 [INFO] [开始读取数据库表：tuiding_data]
2025-12-05 15:57:17,476 [INFO] [成功读取表 tuiding_data，数据行数：4489]
2025-12-05 15:57:17,476 [INFO] [开始读取数据库表：debit_data]
2025-12-05 15:57:19,678 [INFO] [成功读取表 debit_data，数据行数：26437]
2025-12-05 15:57:20,076 [INFO] [开始读取数据库表：sales_invoice_data]
2025-12-05 15:57:21,476 [INFO] [成功读取表 sales_invoice_data，数据行数：19821]
2025-12-05 16:28:17,171 [INFO] [数据库引擎创建成功]
2025-12-05 16:28:17,172 [INFO] [开始读取数据库表：order_data]
2025-12-05 16:28:19,054 [INFO] [成功读取表 order_data，数据行数：24796]
2025-12-05 16:28:19,418 [INFO] [开始读取数据库表：sales_data]
2025-12-05 16:28:25,977 [INFO] [成功读取表 sales_data，数据行数：27265]
2025-12-05 16:28:28,002 [INFO] [开始读取数据库表：jingpin_data]
2025-12-05 16:28:28,312 [INFO] [成功读取表 jingpin_data，数据行数：4937]
2025-12-05 16:28:28,400 [INFO] [开始读取数据库表：inventory_data]
2025-12-05 16:28:28,993 [INFO] [成功读取表 inventory_data，数据行数：5813]
2025-12-05 16:28:28,993 [INFO] [开始读取数据库表：tuiding_data]
2025-12-05 16:28:29,236 [INFO] [成功读取表 tuiding_data，数据行数：4490]
2025-12-05 16:28:29,236 [INFO] [开始读取数据库表：debit_data]
2025-12-05 16:28:31,298 [INFO] [成功读取表 debit_data，数据行数：26437]
2025-12-05 16:28:31,703 [INFO] [开始读取数据库表：sales_invoice_data]
2025-12-05 16:28:33,157 [INFO] [成功读取表 sales_invoice_data，数据行数：19825]
2025-12-05 17:00:34,073 [INFO] [数据库引擎创建成功]
2025-12-05 17:00:34,073 [INFO] [开始读取数据库表：order_data]
2025-12-05 17:00:35,876 [INFO] [成功读取表 order_data，数据行数：24798]
2025-12-05 17:00:36,214 [INFO] [开始读取数据库表：sales_data]
2025-12-05 17:00:42,863 [INFO] [成功读取表 sales_data，数据行数：27273]
2025-12-05 17:00:44,866 [INFO] [开始读取数据库表：jingpin_data]
2025-12-05 17:00:45,169 [INFO] [成功读取表 jingpin_data，数据行数：4938]
2025-12-05 17:00:45,243 [INFO] [开始读取数据库表：inventory_data]
2025-12-05 17:00:45,823 [INFO] [成功读取表 inventory_data，数据行数：5805]
2025-12-05 17:00:45,823 [INFO] [开始读取数据库表：tuiding_data]
2025-12-05 17:00:46,067 [INFO] [成功读取表 tuiding_data，数据行数：4498]
2025-12-05 17:00:46,067 [INFO] [开始读取数据库表：debit_data]
2025-12-05 17:00:48,152 [INFO] [成功读取表 debit_data，数据行数：26437]
2025-12-05 17:00:48,540 [INFO] [开始读取数据库表：sales_invoice_data]
2025-12-05 17:00:49,933 [INFO] [成功读取表 sales_invoice_data，数据行数：19833]
2025-12-05 17:27:30,165 [INFO] [数据库引擎创建成功]
2025-12-05 17:27:30,166 [INFO] [开始读取数据库表：order_data]
2025-12-05 17:27:31,993 [INFO] [成功读取表 order_data，数据行数：24804]
2025-12-05 17:27:32,333 [INFO] [开始读取数据库表：sales_data]
2025-12-05 17:27:38,273 [INFO] [成功读取表 sales_data，数据行数：27277]
2025-12-05 17:27:40,267 [INFO] [开始读取数据库表：jingpin_data]
2025-12-05 17:27:40,519 [INFO] [成功读取表 jingpin_data，数据行数：4938]
2025-12-05 17:27:40,566 [INFO] [开始读取数据库表：inventory_data]
2025-12-05 17:27:41,146 [INFO] [成功读取表 inventory_data，数据行数：5800]
2025-12-05 17:27:41,147 [INFO] [开始读取数据库表：tuiding_data]
2025-12-05 17:27:41,390 [INFO] [成功读取表 tuiding_data，数据行数：4499]
2025-12-05 17:27:41,390 [INFO] [开始读取数据库表：debit_data]
2025-12-05 17:27:43,436 [INFO] [成功读取表 debit_data，数据行数：26437]
2025-12-05 17:27:43,798 [INFO] [开始读取数据库表：sales_invoice_data]
2025-12-05 17:27:45,065 [INFO] [成功读取表 sales_invoice_data，数据行数：19838]
2025-12-05 17:56:54,609 [INFO] [数据库引擎创建成功]
2025-12-05 17:56:54,610 [INFO] [开始读取数据库表：order_data]
2025-12-05 17:56:56,414 [INFO] [成功读取表 order_data，数据行数：24810]
2025-12-05 17:56:56,744 [INFO] [开始读取数据库表：sales_data]
2025-12-05 17:57:03,241 [INFO] [成功读取表 sales_data，数据行数：27287]
2025-12-05 17:57:05,191 [INFO] [开始读取数据库表：jingpin_data]
2025-12-05 17:57:05,504 [INFO] [成功读取表 jingpin_data，数据行数：4945]
2025-12-05 17:57:05,576 [INFO] [开始读取数据库表：inventory_data]
2025-12-05 17:57:06,168 [INFO] [成功读取表 inventory_data，数据行数：5792]
2025-12-05 17:57:06,168 [INFO] [开始读取数据库表：tuiding_data]
2025-12-05 17:57:06,405 [INFO] [成功读取表 tuiding_data，数据行数：4499]
2025-12-05 17:57:06,406 [INFO] [开始读取数据库表：debit_data]
2025-12-05 17:57:08,481 [INFO] [成功读取表 debit_data，数据行数：26437]
2025-12-05 17:57:08,860 [INFO] [开始读取数据库表：sales_invoice_data]
2025-12-05 17:57:10,235 [INFO] [成功读取表 sales_invoice_data，数据行数：19844]
2025-12-05 18:27:06,632 [INFO] [数据库引擎创建成功]
2025-12-05 18:27:06,633 [INFO] [开始读取数据库表：order_data]
2025-12-05 18:27:08,435 [INFO] [成功读取表 order_data，数据行数：24818]
2025-12-05 18:27:08,771 [INFO] [开始读取数据库表：sales_data]
2025-12-05 18:27:15,406 [INFO] [成功读取表 sales_data，数据行数：27291]
2025-12-05 18:27:17,436 [INFO] [开始读取数据库表：jingpin_data]
2025-12-05 18:27:17,733 [INFO] [成功读取表 jingpin_data，数据行数：4945]
2025-12-05 18:27:17,813 [INFO] [开始读取数据库表：inventory_data]
2025-12-05 18:27:18,408 [INFO] [成功读取表 inventory_data，数据行数：5791]
2025-12-05 18:27:18,408 [INFO] [开始读取数据库表：tuiding_data]
2025-12-05 18:27:18,652 [INFO] [成功读取表 tuiding_data，数据行数：4499]
2025-12-05 18:27:18,652 [INFO] [开始读取数据库表：debit_data]
2025-12-05 18:27:20,734 [INFO] [成功读取表 debit_data，数据行数：26437]
2025-12-05 18:27:21,141 [INFO] [开始读取数据库表：sales_invoice_data]
2025-12-05 18:27:22,532 [INFO] [成功读取表 sales_invoice_data，数据行数：19846]
2025-12-05 18:57:02,196 [INFO] [数据库引擎创建成功]
2025-12-05 18:57:02,196 [INFO] [开始读取数据库表：order_data]
2025-12-05 18:57:03,849 [INFO] [成功读取表 order_data，数据行数：24823]
2025-12-05 18:57:04,185 [INFO] [开始读取数据库表：sales_data]
2025-12-05 18:57:10,821 [INFO] [成功读取表 sales_data，数据行数：27294]
2025-12-05 18:57:12,823 [INFO] [开始读取数据库表：jingpin_data]
2025-12-05 18:57:13,132 [INFO] [成功读取表 jingpin_data，数据行数：4945]
2025-12-05 18:57:13,205 [INFO] [开始读取数据库表：inventory_data]
2025-12-05 18:57:13,797 [INFO] [成功读取表 inventory_data，数据行数：5789]
2025-12-05 18:57:13,797 [INFO] [开始读取数据库表：tuiding_data]
2025-12-05 18:57:14,041 [INFO] [成功读取表 tuiding_data，数据行数：4500]
2025-12-05 18:57:14,041 [INFO] [开始读取数据库表：debit_data]
2025-12-05 18:57:16,135 [INFO] [成功读取表 debit_data，数据行数：26437]
2025-12-05 18:57:16,524 [INFO] [开始读取数据库表：sales_invoice_data]
2025-12-05 18:57:17,905 [INFO] [成功读取表 sales_invoice_data，数据行数：19848]
2025-12-05 19:26:29,879 [INFO] [数据库引擎创建成功]
2025-12-05 19:26:29,880 [INFO] [开始读取数据库表：order_data]
2025-12-05 19:26:31,546 [INFO] [成功读取表 order_data，数据行数：24823]
2025-12-05 19:26:31,868 [INFO] [开始读取数据库表：sales_data]
2025-12-05 19:26:38,466 [INFO] [成功读取表 sales_data，数据行数：27295]
2025-12-05 19:26:40,474 [INFO] [开始读取数据库表：jingpin_data]
2025-12-05 19:26:40,777 [INFO] [成功读取表 jingpin_data，数据行数：4945]
2025-12-05 19:26:40,849 [INFO] [开始读取数据库表：inventory_data]
2025-12-05 19:26:41,450 [INFO] [成功读取表 inventory_data，数据行数：5788]
2025-12-05 19:26:41,450 [INFO] [开始读取数据库表：tuiding_data]
2025-12-05 19:26:41,683 [INFO] [成功读取表 tuiding_data，数据行数：4500]
2025-12-05 19:26:41,684 [INFO] [开始读取数据库表：debit_data]
2025-12-05 19:26:43,758 [INFO] [成功读取表 debit_data，数据行数：26437]
2025-12-05 19:26:44,147 [INFO] [开始读取数据库表：sales_invoice_data]
2025-12-05 19:26:45,523 [INFO] [成功读取表 sales_invoice_data，数据行数：19849]
2025-12-05 19:56:30,636 [INFO] [数据库引擎创建成功]
2025-12-05 19:56:30,636 [INFO] [开始读取数据库表：order_data]
2025-12-05 19:56:32,343 [INFO] [成功读取表 order_data，数据行数：24824]
2025-12-05 19:56:32,670 [INFO] [开始读取数据库表：sales_data]
2025-12-05 19:56:39,263 [INFO] [成功读取表 sales_data，数据行数：27295]
2025-12-05 19:56:41,240 [INFO] [开始读取数据库表：jingpin_data]
2025-12-05 19:56:41,534 [INFO] [成功读取表 jingpin_data，数据行数：4945]
2025-12-05 19:56:41,609 [INFO] [开始读取数据库表：inventory_data]
2025-12-05 19:56:42,216 [INFO] [成功读取表 inventory_data，数据行数：5788]
2025-12-05 19:56:42,216 [INFO] [开始读取数据库表：tuiding_data]
2025-12-05 19:56:42,468 [INFO] [成功读取表 tuiding_data，数据行数：4500]
2025-12-05 19:56:42,468 [INFO] [开始读取数据库表：debit_data]
2025-12-05 19:56:44,550 [INFO] [成功读取表 debit_data，数据行数：26437]
2025-12-05 19:56:44,931 [INFO] [开始读取数据库表：sales_invoice_data]
2025-12-05 19:56:46,288 [INFO] [成功读取表 sales_invoice_data，数据行数：19849]
2025-12-05 20:26:31,739 [INFO] [数据库引擎创建成功]
2025-12-05 20:26:31,740 [INFO] [开始读取数据库表：order_data]
2025-12-05 20:26:33,383 [INFO] [成功读取表 order_data，数据行数：24824]
2025-12-05 20:26:33,719 [INFO] [开始读取数据库表：sales_data]
2025-12-05 20:26:40,303 [INFO] [成功读取表 sales_data，数据行数：27295]
2025-12-05 20:26:42,255 [INFO] [开始读取数据库表：jingpin_data]
2025-12-05 20:26:42,565 [INFO] [成功读取表 jingpin_data，数据行数：4945]
2025-12-05 20:26:42,638 [INFO] [开始读取数据库表：inventory_data]
2025-12-05 20:26:43,228 [INFO] [成功读取表 inventory_data，数据行数：5788]
2025-12-05 20:26:43,229 [INFO] [开始读取数据库表：tuiding_data]
2025-12-05 20:26:43,479 [INFO] [成功读取表 tuiding_data，数据行数：4501]
2025-12-05 20:26:43,479 [INFO] [开始读取数据库表：debit_data]
2025-12-05 20:26:45,540 [INFO] [成功读取表 debit_data，数据行数：26437]
2025-12-05 20:26:45,925 [INFO] [开始读取数据库表：sales_invoice_data]
2025-12-05 20:26:47,310 [INFO] [成功读取表 sales_invoice_data，数据行数：19849]
2025-12-05 20:56:40,627 [INFO] [数据库引擎创建成功]
2025-12-05 20:56:40,627 [INFO] [开始读取数据库表：order_data]
2025-12-05 20:56:42,298 [INFO] [成功读取表 order_data，数据行数：24821]
2025-12-05 20:56:42,631 [INFO] [开始读取数据库表：sales_data]
2025-12-05 20:56:49,228 [INFO] [成功读取表 sales_data，数据行数：27295]
2025-12-05 20:56:51,190 [INFO] [开始读取数据库表：jingpin_data]
2025-12-05 20:56:51,491 [INFO] [成功读取表 jingpin_data，数据行数：4945]
2025-12-05 20:56:51,560 [INFO] [开始读取数据库表：inventory_data]
2025-12-05 20:56:52,150 [INFO] [成功读取表 inventory_data，数据行数：5788]
2025-12-05 20:56:52,151 [INFO] [开始读取数据库表：tuiding_data]
2025-12-05 20:56:52,377 [INFO] [成功读取表 tuiding_data，数据行数：4504]
2025-12-05 20:56:52,378 [INFO] [开始读取数据库表：debit_data]
2025-12-05 20:56:54,454 [INFO] [成功读取表 debit_data，数据行数：26437]
2025-12-05 20:56:54,834 [INFO] [开始读取数据库表：sales_invoice_data]
2025-12-05 20:56:56,185 [INFO] [成功读取表 sales_invoice_data，数据行数：19849]
2025-12-05 21:26:46,922 [INFO] [数据库引擎创建成功]
2025-12-05 21:26:46,923 [INFO] [开始读取数据库表：order_data]
2025-12-05 21:26:48,591 [INFO] [成功读取表 order_data，数据行数：24822]
2025-12-05 21:26:48,932 [INFO] [开始读取数据库表：sales_data]
2025-12-05 21:26:55,584 [INFO] [成功读取表 sales_data，数据行数：27295]
2025-12-05 21:26:57,484 [INFO] [开始读取数据库表：jingpin_data]
2025-12-05 21:26:57,787 [INFO] [成功读取表 jingpin_data，数据行数：4945]
2025-12-05 21:26:57,856 [INFO] [开始读取数据库表：inventory_data]
2025-12-05 21:26:58,456 [INFO] [成功读取表 inventory_data，数据行数：5809]
2025-12-05 21:26:58,456 [INFO] [开始读取数据库表：tuiding_data]
2025-12-05 21:26:58,702 [INFO] [成功读取表 tuiding_data，数据行数：4504]
2025-12-05 21:26:58,702 [INFO] [开始读取数据库表：debit_data]
2025-12-05 21:27:00,823 [INFO] [成功读取表 debit_data，数据行数：26458]
2025-12-05 21:27:01,209 [INFO] [开始读取数据库表：sales_invoice_data]
2025-12-05 21:27:02,546 [INFO] [成功读取表 sales_invoice_data，数据行数：19849]
2025-12-05 21:56:36,415 [INFO] [数据库引擎创建成功]
2025-12-05 21:56:36,415 [INFO] [开始读取数据库表：order_data]
2025-12-05 21:56:38,016 [INFO] [成功读取表 order_data，数据行数：24822]
2025-12-05 21:56:38,340 [INFO] [开始读取数据库表：sales_data]
2025-12-05 21:56:44,874 [INFO] [成功读取表 sales_data，数据行数：27295]
2025-12-05 21:56:46,823 [INFO] [开始读取数据库表：jingpin_data]
2025-12-05 21:56:47,125 [INFO] [成功读取表 jingpin_data，数据行数：4945]
2025-12-05 21:56:47,202 [INFO] [开始读取数据库表：inventory_data]
2025-12-05 21:56:47,801 [INFO] [成功读取表 inventory_data，数据行数：5809]
2025-12-05 21:56:47,801 [INFO] [开始读取数据库表：tuiding_data]
2025-12-05 21:56:48,043 [INFO] [成功读取表 tuiding_data，数据行数：4504]
2025-12-05 21:56:48,043 [INFO] [开始读取数据库表：debit_data]
2025-12-05 21:56:50,125 [INFO] [成功读取表 debit_data，数据行数：26500]
2025-12-05 21:56:50,507 [INFO] [开始读取数据库表：sales_invoice_data]
2025-12-05 21:56:51,950 [INFO] [成功读取表 sales_invoice_data，数据行数：19849]
2025-12-05 22:26:46,108 [INFO] [数据库引擎创建成功]
2025-12-05 22:26:46,109 [INFO] [开始读取数据库表：order_data]
2025-12-05 22:26:47,585 [INFO] [成功读取表 order_data，数据行数：24823]
2025-12-05 22:26:47,917 [INFO] [开始读取数据库表：sales_data]
2025-12-05 22:26:54,505 [INFO] [成功读取表 sales_data，数据行数：27295]
2025-12-05 22:26:56,451 [INFO] [开始读取数据库表：jingpin_data]
2025-12-05 22:26:56,754 [INFO] [成功读取表 jingpin_data，数据行数：4945]
2025-12-05 22:26:56,823 [INFO] [开始读取数据库表：inventory_data]
2025-12-05 22:26:57,413 [INFO] [成功读取表 inventory_data，数据行数：5809]
2025-12-05 22:26:57,413 [INFO] [开始读取数据库表：tuiding_data]
2025-12-05 22:26:57,659 [INFO] [成功读取表 tuiding_data，数据行数：4504]
2025-12-05 22:26:57,659 [INFO] [开始读取数据库表：debit_data]
2025-12-05 22:26:59,727 [INFO] [成功读取表 debit_data，数据行数：26500]
2025-12-05 22:27:00,111 [INFO] [开始读取数据库表：sales_invoice_data]
2025-12-05 22:27:01,536 [INFO] [成功读取表 sales_invoice_data，数据行数：19849]
2025-12-05 22:56:42,853 [INFO] [数据库引擎创建成功]
2025-12-05 22:56:42,854 [INFO] [开始读取数据库表：order_data]
2025-12-05 22:56:44,398 [INFO] [成功读取表 order_data，数据行数：24823]
2025-12-05 22:56:44,735 [INFO] [开始读取数据库表：sales_data]
2025-12-05 22:56:51,362 [INFO] [成功读取表 sales_data，数据行数：27295]
2025-12-05 22:56:53,310 [INFO] [开始读取数据库表：jingpin_data]
2025-12-05 22:56:53,608 [INFO] [成功读取表 jingpin_data，数据行数：4945]
2025-12-05 22:56:53,677 [INFO] [开始读取数据库表：inventory_data]
2025-12-05 22:56:54,260 [INFO] [成功读取表 inventory_data，数据行数：5809]
2025-12-05 22:56:54,261 [INFO] [开始读取数据库表：tuiding_data]
2025-12-05 22:56:54,504 [INFO] [成功读取表 tuiding_data，数据行数：4504]
2025-12-05 22:56:54,504 [INFO] [开始读取数据库表：debit_data]
2025-12-05 22:56:56,597 [INFO] [成功读取表 debit_data，数据行数：26500]
2025-12-05 22:56:56,973 [INFO] [开始读取数据库表：sales_invoice_data]
2025-12-05 22:56:58,361 [INFO] [成功读取表 sales_invoice_data，数据行数：19849]
2025-12-05 23:26:30,515 [INFO] [数据库引擎创建成功]
2025-12-05 23:26:30,515 [INFO] [开始读取数据库表：order_data]
2025-12-05 23:26:32,293 [INFO] [成功读取表 order_data，数据行数：24823]
2025-12-05 23:26:32,615 [INFO] [开始读取数据库表：sales_data]
2025-12-05 23:26:39,229 [INFO] [成功读取表 sales_data，数据行数：27295]
2025-12-05 23:26:41,186 [INFO] [开始读取数据库表：jingpin_data]
2025-12-05 23:26:41,485 [INFO] [成功读取表 jingpin_data，数据行数：4945]
2025-12-05 23:26:41,559 [INFO] [开始读取数据库表：inventory_data]
2025-12-05 23:26:42,157 [INFO] [成功读取表 inventory_data，数据行数：5809]
2025-12-05 23:26:42,157 [INFO] [开始读取数据库表：tuiding_data]
2025-12-05 23:26:42,403 [INFO] [成功读取表 tuiding_data，数据行数：4504]
2025-12-05 23:26:42,403 [INFO] [开始读取数据库表：debit_data]
2025-12-05 23:26:44,523 [INFO] [成功读取表 debit_data，数据行数：26500]
2025-12-05 23:26:44,899 [INFO] [开始读取数据库表：sales_invoice_data]
2025-12-05 23:26:46,339 [INFO] [成功读取表 sales_invoice_data，数据行数：19849]
2025-12-05 23:56:37,248 [INFO] [数据库引擎创建成功]
2025-12-05 23:56:37,248 [INFO] [开始读取数据库表：order_data]
2025-12-05 23:56:38,935 [INFO] [成功读取表 order_data，数据行数：24823]
2025-12-05 23:56:39,262 [INFO] [开始读取数据库表：sales_data]
2025-12-05 23:56:45,838 [INFO] [成功读取表 sales_data，数据行数：27295]
2025-12-05 23:56:47,796 [INFO] [开始读取数据库表：jingpin_data]
2025-12-05 23:56:48,088 [INFO] [成功读取表 jingpin_data，数据行数：4945]
2025-12-05 23:56:48,158 [INFO] [开始读取数据库表：inventory_data]
2025-12-05 23:56:48,750 [INFO] [成功读取表 inventory_data，数据行数：5809]
2025-12-05 23:56:48,750 [INFO] [开始读取数据库表：tuiding_data]
2025-12-05 23:56:48,994 [INFO] [成功读取表 tuiding_data，数据行数：4504]
2025-12-05 23:56:48,994 [INFO] [开始读取数据库表：debit_data]
2025-12-05 23:56:51,077 [INFO] [成功读取表 debit_data，数据行数：26500]
2025-12-05 23:56:51,455 [INFO] [开始读取数据库表：sales_invoice_data]
2025-12-05 23:56:52,884 [INFO] [成功读取表 sales_invoice_data，数据行数：19849]
