2025-10-29 00:28:38,721 [INFO] [数据库引擎创建成功]
2025-10-29 00:28:38,722 [INFO] [开始读取数据库表：order_data]
2025-10-29 00:28:40,144 [INFO] [成功读取表 order_data，数据行数：18799]
2025-10-29 00:28:40,499 [INFO] [开始读取数据库表：sales_data]
2025-10-29 00:28:45,924 [INFO] [成功读取表 sales_data，数据行数：23386]
2025-10-29 00:28:47,941 [INFO] [开始读取数据库表：jingpin_data]
2025-10-29 00:28:48,223 [INFO] [成功读取表 jingpin_data，数据行数：4739]
2025-10-29 00:28:48,300 [INFO] [开始读取数据库表：inventory_data]
2025-10-29 00:28:48,842 [INFO] [成功读取表 inventory_data，数据行数：5880]
2025-10-29 00:28:48,842 [INFO] [开始读取数据库表：tuiding_data]
2025-10-29 00:28:49,038 [INFO] [成功读取表 tuiding_data，数据行数：3485]
2025-10-29 00:28:49,038 [INFO] [开始读取数据库表：debit_data]
2025-10-29 00:28:50,364 [INFO] [成功读取表 debit_data，数据行数：16133]
2025-10-29 00:28:50,772 [INFO] [开始读取数据库表：sales_invoice_data]
2025-10-29 00:28:53,474 [INFO] [成功读取表 sales_invoice_data，数据行数：16906]
2025-10-29 00:59:24,244 [INFO] [数据库引擎创建成功]
2025-10-29 00:59:24,254 [INFO] [开始读取数据库表：order_data]
2025-10-29 00:59:24,876 [INFO] [成功读取表 order_data，数据行数：18799]
2025-10-29 00:59:25,082 [INFO] [开始读取数据库表：sales_data]
2025-10-29 00:59:30,488 [INFO] [成功读取表 sales_data，数据行数：23386]
2025-10-29 00:59:32,586 [INFO] [开始读取数据库表：jingpin_data]
2025-10-29 00:59:32,874 [INFO] [成功读取表 jingpin_data，数据行数：4739]
2025-10-29 00:59:32,914 [INFO] [开始读取数据库表：inventory_data]
2025-10-29 00:59:33,425 [INFO] [成功读取表 inventory_data，数据行数：5880]
2025-10-29 00:59:33,425 [INFO] [开始读取数据库表：tuiding_data]
2025-10-29 00:59:33,612 [INFO] [成功读取表 tuiding_data，数据行数：3485]
2025-10-29 00:59:33,612 [INFO] [开始读取数据库表：debit_data]
2025-10-29 00:59:34,839 [INFO] [成功读取表 debit_data，数据行数：16133]
2025-10-29 00:59:35,233 [INFO] [开始读取数据库表：sales_invoice_data]
2025-10-29 00:59:36,424 [INFO] [成功读取表 sales_invoice_data，数据行数：16906]
2025-10-29 01:29:01,207 [INFO] [数据库引擎创建成功]
2025-10-29 01:29:01,207 [INFO] [开始读取数据库表：order_data]
2025-10-29 01:29:01,927 [INFO] [成功读取表 order_data，数据行数：18799]
2025-10-29 01:29:02,190 [INFO] [开始读取数据库表：sales_data]
2025-10-29 01:29:07,768 [INFO] [成功读取表 sales_data，数据行数：23386]
2025-10-29 01:29:11,538 [INFO] [开始读取数据库表：jingpin_data]
2025-10-29 01:29:11,852 [INFO] [成功读取表 jingpin_data，数据行数：4739]
2025-10-29 01:29:11,935 [INFO] [开始读取数据库表：inventory_data]
2025-10-29 01:29:12,480 [INFO] [成功读取表 inventory_data，数据行数：5880]
2025-10-29 01:29:12,480 [INFO] [开始读取数据库表：tuiding_data]
2025-10-29 01:29:12,681 [INFO] [成功读取表 tuiding_data，数据行数：3485]
2025-10-29 01:29:12,682 [INFO] [开始读取数据库表：debit_data]
2025-10-29 01:29:14,028 [INFO] [成功读取表 debit_data，数据行数：16133]
2025-10-29 01:29:14,445 [INFO] [开始读取数据库表：sales_invoice_data]
2025-10-29 01:29:15,578 [INFO] [成功读取表 sales_invoice_data，数据行数：16906]
2025-10-29 01:58:30,105 [INFO] [数据库引擎创建成功]
2025-10-29 01:58:30,106 [INFO] [开始读取数据库表：order_data]
2025-10-29 01:58:31,074 [INFO] [成功读取表 order_data，数据行数：18799]
2025-10-29 01:58:31,418 [INFO] [开始读取数据库表：sales_data]
2025-10-29 01:58:36,719 [INFO] [成功读取表 sales_data，数据行数：23386]
2025-10-29 01:58:38,745 [INFO] [开始读取数据库表：jingpin_data]
2025-10-29 01:58:39,021 [INFO] [成功读取表 jingpin_data，数据行数：4739]
2025-10-29 01:58:39,982 [INFO] [开始读取数据库表：inventory_data]
2025-10-29 01:58:40,858 [INFO] [成功读取表 inventory_data，数据行数：5880]
2025-10-29 01:58:40,858 [INFO] [开始读取数据库表：tuiding_data]
2025-10-29 01:58:41,050 [INFO] [成功读取表 tuiding_data，数据行数：3485]
2025-10-29 01:58:41,050 [INFO] [开始读取数据库表：debit_data]
2025-10-29 01:58:42,319 [INFO] [成功读取表 debit_data，数据行数：16133]
2025-10-29 01:58:42,722 [INFO] [开始读取数据库表：sales_invoice_data]
2025-10-29 01:58:43,888 [INFO] [成功读取表 sales_invoice_data，数据行数：16906]
2025-10-29 02:28:33,251 [INFO] [数据库引擎创建成功]
2025-10-29 02:28:33,252 [INFO] [开始读取数据库表：order_data]
2025-10-29 02:28:34,158 [INFO] [成功读取表 order_data，数据行数：18799]
2025-10-29 02:28:34,518 [INFO] [开始读取数据库表：sales_data]
2025-10-29 02:28:39,875 [INFO] [成功读取表 sales_data，数据行数：23386]
2025-10-29 02:28:42,963 [INFO] [开始读取数据库表：jingpin_data]
2025-10-29 02:28:43,243 [INFO] [成功读取表 jingpin_data，数据行数：4739]
2025-10-29 02:28:43,325 [INFO] [开始读取数据库表：inventory_data]
2025-10-29 02:28:43,861 [INFO] [成功读取表 inventory_data，数据行数：5880]
2025-10-29 02:28:43,862 [INFO] [开始读取数据库表：tuiding_data]
2025-10-29 02:28:44,039 [INFO] [成功读取表 tuiding_data，数据行数：3485]
2025-10-29 02:28:44,044 [INFO] [开始读取数据库表：debit_data]
2025-10-29 02:28:45,319 [INFO] [成功读取表 debit_data，数据行数：16133]
2025-10-29 02:28:45,655 [INFO] [开始读取数据库表：sales_invoice_data]
2025-10-29 02:28:46,771 [INFO] [成功读取表 sales_invoice_data，数据行数：16906]
2025-10-29 02:58:48,668 [INFO] [数据库引擎创建成功]
2025-10-29 02:58:48,669 [INFO] [开始读取数据库表：order_data]
2025-10-29 02:58:49,522 [INFO] [成功读取表 order_data，数据行数：18799]
2025-10-29 02:58:49,887 [INFO] [开始读取数据库表：sales_data]
2025-10-29 02:58:55,157 [INFO] [成功读取表 sales_data，数据行数：23386]
2025-10-29 02:58:58,172 [INFO] [开始读取数据库表：jingpin_data]
2025-10-29 02:58:58,437 [INFO] [成功读取表 jingpin_data，数据行数：4739]
2025-10-29 02:58:58,500 [INFO] [开始读取数据库表：inventory_data]
2025-10-29 02:58:59,074 [INFO] [成功读取表 inventory_data，数据行数：5880]
2025-10-29 02:58:59,074 [INFO] [开始读取数据库表：tuiding_data]
2025-10-29 02:58:59,258 [INFO] [成功读取表 tuiding_data，数据行数：3485]
2025-10-29 02:58:59,258 [INFO] [开始读取数据库表：debit_data]
2025-10-29 02:59:00,529 [INFO] [成功读取表 debit_data，数据行数：16133]
2025-10-29 02:59:00,940 [INFO] [开始读取数据库表：sales_invoice_data]
2025-10-29 02:59:02,078 [INFO] [成功读取表 sales_invoice_data，数据行数：16906]
2025-10-29 03:28:56,808 [INFO] [数据库引擎创建成功]
2025-10-29 03:28:56,809 [INFO] [开始读取数据库表：order_data]
2025-10-29 03:28:59,314 [INFO] [成功读取表 order_data，数据行数：18799]
2025-10-29 03:28:59,650 [INFO] [开始读取数据库表：sales_data]
2025-10-29 03:29:05,216 [INFO] [成功读取表 sales_data，数据行数：23386]
2025-10-29 03:29:07,383 [INFO] [开始读取数据库表：jingpin_data]
2025-10-29 03:29:07,656 [INFO] [成功读取表 jingpin_data，数据行数：4739]
2025-10-29 03:29:07,725 [INFO] [开始读取数据库表：inventory_data]
2025-10-29 03:29:08,239 [INFO] [成功读取表 inventory_data，数据行数：5880]
2025-10-29 03:29:08,240 [INFO] [开始读取数据库表：tuiding_data]
2025-10-29 03:29:08,427 [INFO] [成功读取表 tuiding_data，数据行数：3485]
2025-10-29 03:29:08,427 [INFO] [开始读取数据库表：debit_data]
2025-10-29 03:29:09,673 [INFO] [成功读取表 debit_data，数据行数：16133]
2025-10-29 03:29:10,076 [INFO] [开始读取数据库表：sales_invoice_data]
2025-10-29 03:29:11,283 [INFO] [成功读取表 sales_invoice_data，数据行数：16906]
2025-10-29 03:58:33,086 [INFO] [数据库引擎创建成功]
2025-10-29 03:58:33,086 [INFO] [开始读取数据库表：order_data]
2025-10-29 03:58:33,861 [INFO] [成功读取表 order_data，数据行数：18799]
2025-10-29 03:58:34,164 [INFO] [开始读取数据库表：sales_data]
2025-10-29 03:58:39,547 [INFO] [成功读取表 sales_data，数据行数：23386]
2025-10-29 03:58:41,561 [INFO] [开始读取数据库表：jingpin_data]
2025-10-29 03:58:41,854 [INFO] [成功读取表 jingpin_data，数据行数：4739]
2025-10-29 03:58:41,923 [INFO] [开始读取数据库表：inventory_data]
2025-10-29 03:58:42,444 [INFO] [成功读取表 inventory_data，数据行数：5880]
2025-10-29 03:58:42,444 [INFO] [开始读取数据库表：tuiding_data]
2025-10-29 03:58:42,629 [INFO] [成功读取表 tuiding_data，数据行数：3485]
2025-10-29 03:58:42,629 [INFO] [开始读取数据库表：debit_data]
2025-10-29 03:58:45,139 [INFO] [成功读取表 debit_data，数据行数：16133]
2025-10-29 03:58:45,566 [INFO] [开始读取数据库表：sales_invoice_data]
2025-10-29 03:58:46,750 [INFO] [成功读取表 sales_invoice_data，数据行数：16906]
2025-10-29 04:28:34,385 [INFO] [数据库引擎创建成功]
2025-10-29 04:28:34,386 [INFO] [开始读取数据库表：order_data]
2025-10-29 04:28:35,242 [INFO] [成功读取表 order_data，数据行数：18799]
2025-10-29 04:28:35,585 [INFO] [开始读取数据库表：sales_data]
2025-10-29 04:28:40,995 [INFO] [成功读取表 sales_data，数据行数：23386]
2025-10-29 04:28:43,010 [INFO] [开始读取数据库表：jingpin_data]
2025-10-29 04:28:43,292 [INFO] [成功读取表 jingpin_data，数据行数：4739]
2025-10-29 04:28:43,331 [INFO] [开始读取数据库表：inventory_data]
2025-10-29 04:28:43,862 [INFO] [成功读取表 inventory_data，数据行数：5880]
2025-10-29 04:28:43,863 [INFO] [开始读取数据库表：tuiding_data]
2025-10-29 04:28:44,251 [INFO] [成功读取表 tuiding_data，数据行数：3485]
2025-10-29 04:28:44,251 [INFO] [开始读取数据库表：debit_data]
2025-10-29 04:28:46,128 [INFO] [成功读取表 debit_data，数据行数：16133]
2025-10-29 04:28:46,433 [INFO] [开始读取数据库表：sales_invoice_data]
2025-10-29 04:28:47,562 [INFO] [成功读取表 sales_invoice_data，数据行数：16906]
2025-10-29 04:58:33,083 [INFO] [数据库引擎创建成功]
2025-10-29 04:58:33,083 [INFO] [开始读取数据库表：order_data]
2025-10-29 04:58:34,456 [INFO] [成功读取表 order_data，数据行数：18799]
2025-10-29 04:58:34,796 [INFO] [开始读取数据库表：sales_data]
2025-10-29 04:58:39,563 [INFO] [成功读取表 sales_data，数据行数：23386]
2025-10-29 04:58:41,592 [INFO] [开始读取数据库表：jingpin_data]
2025-10-29 04:58:41,864 [INFO] [成功读取表 jingpin_data，数据行数：4739]
2025-10-29 04:58:41,901 [INFO] [开始读取数据库表：inventory_data]
2025-10-29 04:58:42,413 [INFO] [成功读取表 inventory_data，数据行数：5880]
2025-10-29 04:58:42,413 [INFO] [开始读取数据库表：tuiding_data]
2025-10-29 04:58:42,590 [INFO] [成功读取表 tuiding_data，数据行数：3485]
2025-10-29 04:58:42,590 [INFO] [开始读取数据库表：debit_data]
2025-10-29 04:58:43,831 [INFO] [成功读取表 debit_data，数据行数：16133]
2025-10-29 04:58:44,182 [INFO] [开始读取数据库表：sales_invoice_data]
2025-10-29 04:58:45,339 [INFO] [成功读取表 sales_invoice_data，数据行数：16906]
2025-10-29 05:28:54,678 [INFO] [数据库引擎创建成功]
2025-10-29 05:28:54,678 [INFO] [开始读取数据库表：order_data]
2025-10-29 05:28:55,805 [INFO] [成功读取表 order_data，数据行数：18799]
2025-10-29 05:28:56,076 [INFO] [开始读取数据库表：sales_data]
2025-10-29 05:29:02,054 [INFO] [成功读取表 sales_data，数据行数：23386]
2025-10-29 05:29:04,920 [INFO] [开始读取数据库表：jingpin_data]
2025-10-29 05:29:05,187 [INFO] [成功读取表 jingpin_data，数据行数：4739]
2025-10-29 05:29:05,258 [INFO] [开始读取数据库表：inventory_data]
2025-10-29 05:29:05,792 [INFO] [成功读取表 inventory_data，数据行数：5880]
2025-10-29 05:29:05,792 [INFO] [开始读取数据库表：tuiding_data]
2025-10-29 05:29:05,991 [INFO] [成功读取表 tuiding_data，数据行数：3485]
2025-10-29 05:29:05,991 [INFO] [开始读取数据库表：debit_data]
2025-10-29 05:29:07,283 [INFO] [成功读取表 debit_data，数据行数：16133]
2025-10-29 05:29:07,698 [INFO] [开始读取数据库表：sales_invoice_data]
2025-10-29 05:29:08,896 [INFO] [成功读取表 sales_invoice_data，数据行数：16906]
2025-10-29 05:58:35,079 [INFO] [数据库引擎创建成功]
2025-10-29 05:58:35,079 [INFO] [开始读取数据库表：order_data]
2025-10-29 05:58:36,050 [INFO] [成功读取表 order_data，数据行数：18799]
2025-10-29 05:58:36,406 [INFO] [开始读取数据库表：sales_data]
2025-10-29 05:58:41,838 [INFO] [成功读取表 sales_data，数据行数：23386]
2025-10-29 05:58:43,820 [INFO] [开始读取数据库表：jingpin_data]
2025-10-29 05:58:44,105 [INFO] [成功读取表 jingpin_data，数据行数：4739]
2025-10-29 05:58:44,139 [INFO] [开始读取数据库表：inventory_data]
2025-10-29 05:58:44,679 [INFO] [成功读取表 inventory_data，数据行数：5880]
2025-10-29 05:58:44,679 [INFO] [开始读取数据库表：tuiding_data]
2025-10-29 05:58:44,868 [INFO] [成功读取表 tuiding_data，数据行数：3485]
2025-10-29 05:58:44,868 [INFO] [开始读取数据库表：debit_data]
2025-10-29 05:58:46,127 [INFO] [成功读取表 debit_data，数据行数：16133]
2025-10-29 05:58:46,481 [INFO] [开始读取数据库表：sales_invoice_data]
2025-10-29 05:58:48,873 [INFO] [成功读取表 sales_invoice_data，数据行数：16906]
2025-10-29 06:28:55,904 [INFO] [数据库引擎创建成功]
2025-10-29 06:28:55,913 [INFO] [开始读取数据库表：order_data]
2025-10-29 06:28:56,868 [INFO] [成功读取表 order_data，数据行数：18799]
2025-10-29 06:28:57,270 [INFO] [开始读取数据库表：sales_data]
2025-10-29 06:29:02,656 [INFO] [成功读取表 sales_data，数据行数：23386]
2025-10-29 06:29:05,631 [INFO] [开始读取数据库表：jingpin_data]
2025-10-29 06:29:05,918 [INFO] [成功读取表 jingpin_data，数据行数：4739]
2025-10-29 06:29:05,972 [INFO] [开始读取数据库表：inventory_data]
2025-10-29 06:29:06,543 [INFO] [成功读取表 inventory_data，数据行数：5880]
2025-10-29 06:29:06,544 [INFO] [开始读取数据库表：tuiding_data]
2025-10-29 06:29:06,728 [INFO] [成功读取表 tuiding_data，数据行数：3485]
2025-10-29 06:29:06,729 [INFO] [开始读取数据库表：debit_data]
2025-10-29 06:29:08,041 [INFO] [成功读取表 debit_data，数据行数：16133]
2025-10-29 06:29:08,465 [INFO] [开始读取数据库表：sales_invoice_data]
2025-10-29 06:29:09,628 [INFO] [成功读取表 sales_invoice_data，数据行数：16906]
2025-10-29 06:58:21,782 [INFO] [数据库引擎创建成功]
2025-10-29 06:58:21,783 [INFO] [开始读取数据库表：order_data]
2025-10-29 06:58:22,568 [INFO] [成功读取表 order_data，数据行数：18799]
2025-10-29 06:58:22,851 [INFO] [开始读取数据库表：sales_data]
2025-10-29 06:58:28,113 [INFO] [成功读取表 sales_data，数据行数：23386]
2025-10-29 06:58:30,141 [INFO] [开始读取数据库表：jingpin_data]
2025-10-29 06:58:30,431 [INFO] [成功读取表 jingpin_data，数据行数：4739]
2025-10-29 06:58:30,498 [INFO] [开始读取数据库表：inventory_data]
2025-10-29 06:58:31,029 [INFO] [成功读取表 inventory_data，数据行数：5880]
2025-10-29 06:58:31,029 [INFO] [开始读取数据库表：tuiding_data]
2025-10-29 06:58:31,224 [INFO] [成功读取表 tuiding_data，数据行数：3485]
2025-10-29 06:58:31,224 [INFO] [开始读取数据库表：debit_data]
2025-10-29 06:58:32,514 [INFO] [成功读取表 debit_data，数据行数：16133]
2025-10-29 06:58:32,916 [INFO] [开始读取数据库表：sales_invoice_data]
2025-10-29 06:58:34,944 [INFO] [成功读取表 sales_invoice_data，数据行数：16906]
2025-10-29 07:28:45,452 [INFO] [数据库引擎创建成功]
2025-10-29 07:28:45,452 [INFO] [开始读取数据库表：order_data]
2025-10-29 07:28:46,195 [INFO] [成功读取表 order_data，数据行数：18798]
2025-10-29 07:28:46,476 [INFO] [开始读取数据库表：sales_data]
2025-10-29 07:28:52,951 [INFO] [成功读取表 sales_data，数据行数：23386]
2025-10-29 07:28:55,110 [INFO] [开始读取数据库表：jingpin_data]
2025-10-29 07:28:55,384 [INFO] [成功读取表 jingpin_data，数据行数：4739]
2025-10-29 07:28:55,423 [INFO] [开始读取数据库表：inventory_data]
2025-10-29 07:28:55,961 [INFO] [成功读取表 inventory_data，数据行数：5880]
2025-10-29 07:28:55,962 [INFO] [开始读取数据库表：tuiding_data]
2025-10-29 07:28:56,154 [INFO] [成功读取表 tuiding_data，数据行数：3486]
2025-10-29 07:28:56,154 [INFO] [开始读取数据库表：debit_data]
2025-10-29 07:28:57,432 [INFO] [成功读取表 debit_data，数据行数：16133]
2025-10-29 07:28:57,859 [INFO] [开始读取数据库表：sales_invoice_data]
2025-10-29 07:28:59,030 [INFO] [成功读取表 sales_invoice_data，数据行数：16906]
2025-10-29 07:58:50,579 [INFO] [数据库引擎创建成功]
2025-10-29 07:58:50,580 [INFO] [开始读取数据库表：order_data]
2025-10-29 07:58:52,864 [INFO] [成功读取表 order_data，数据行数：18798]
2025-10-29 07:58:53,177 [INFO] [开始读取数据库表：sales_data]
2025-10-29 07:58:58,485 [INFO] [成功读取表 sales_data，数据行数：23386]
2025-10-29 07:59:00,451 [INFO] [开始读取数据库表：jingpin_data]
2025-10-29 07:59:00,725 [INFO] [成功读取表 jingpin_data，数据行数：4739]
2025-10-29 07:59:00,789 [INFO] [开始读取数据库表：inventory_data]
2025-10-29 07:59:01,324 [INFO] [成功读取表 inventory_data，数据行数：5880]
2025-10-29 07:59:01,325 [INFO] [开始读取数据库表：tuiding_data]
2025-10-29 07:59:01,510 [INFO] [成功读取表 tuiding_data，数据行数：3486]
2025-10-29 07:59:01,510 [INFO] [开始读取数据库表：debit_data]
2025-10-29 07:59:02,772 [INFO] [成功读取表 debit_data，数据行数：16133]
2025-10-29 07:59:03,147 [INFO] [开始读取数据库表：sales_invoice_data]
2025-10-29 07:59:04,289 [INFO] [成功读取表 sales_invoice_data，数据行数：16907]
2025-10-29 08:28:54,597 [INFO] [数据库引擎创建成功]
2025-10-29 08:28:54,598 [INFO] [开始读取数据库表：order_data]
2025-10-29 08:28:55,563 [INFO] [成功读取表 order_data，数据行数：18799]
2025-10-29 08:28:55,934 [INFO] [开始读取数据库表：sales_data]
2025-10-29 08:29:01,298 [INFO] [成功读取表 sales_data，数据行数：23386]
2025-10-29 08:29:03,404 [INFO] [开始读取数据库表：jingpin_data]
2025-10-29 08:29:03,700 [INFO] [成功读取表 jingpin_data，数据行数：4739]
2025-10-29 08:29:03,751 [INFO] [开始读取数据库表：inventory_data]
2025-10-29 08:29:04,286 [INFO] [成功读取表 inventory_data，数据行数：5880]
2025-10-29 08:29:04,287 [INFO] [开始读取数据库表：tuiding_data]
2025-10-29 08:29:04,467 [INFO] [成功读取表 tuiding_data，数据行数：3486]
2025-10-29 08:29:04,468 [INFO] [开始读取数据库表：debit_data]
2025-10-29 08:29:05,684 [INFO] [成功读取表 debit_data，数据行数：16133]
2025-10-29 08:29:06,096 [INFO] [开始读取数据库表：sales_invoice_data]
2025-10-29 08:29:07,519 [INFO] [成功读取表 sales_invoice_data，数据行数：16908]
2025-10-29 08:58:59,949 [INFO] [数据库引擎创建成功]
2025-10-29 08:58:59,949 [INFO] [开始读取数据库表：order_data]
2025-10-29 08:59:00,618 [INFO] [成功读取表 order_data，数据行数：18800]
2025-10-29 08:59:00,816 [INFO] [开始读取数据库表：sales_data]
2025-10-29 08:59:05,788 [INFO] [成功读取表 sales_data，数据行数：23386]
2025-10-29 08:59:07,708 [INFO] [开始读取数据库表：jingpin_data]
2025-10-29 08:59:07,980 [INFO] [成功读取表 jingpin_data，数据行数：4739]
2025-10-29 08:59:08,045 [INFO] [开始读取数据库表：inventory_data]
2025-10-29 08:59:09,899 [INFO] [成功读取表 inventory_data，数据行数：5880]
2025-10-29 08:59:09,899 [INFO] [开始读取数据库表：tuiding_data]
2025-10-29 08:59:10,124 [INFO] [成功读取表 tuiding_data，数据行数：3486]
2025-10-29 08:59:10,124 [INFO] [开始读取数据库表：debit_data]
2025-10-29 08:59:11,357 [INFO] [成功读取表 debit_data，数据行数：16133]
2025-10-29 08:59:11,688 [INFO] [开始读取数据库表：sales_invoice_data]
2025-10-29 08:59:12,821 [INFO] [成功读取表 sales_invoice_data，数据行数：16909]
2025-10-29 09:29:25,580 [INFO] [数据库引擎创建成功]
2025-10-29 09:29:25,581 [INFO] [开始读取数据库表：order_data]
2025-10-29 09:29:26,140 [INFO] [成功读取表 order_data，数据行数：18800]
2025-10-29 09:29:26,309 [INFO] [开始读取数据库表：sales_data]
2025-10-29 09:29:30,866 [INFO] [成功读取表 sales_data，数据行数：23386]
2025-10-29 09:29:34,301 [INFO] [开始读取数据库表：jingpin_data]
2025-10-29 09:29:34,618 [INFO] [成功读取表 jingpin_data，数据行数：4739]
2025-10-29 09:29:34,694 [INFO] [开始读取数据库表：inventory_data]
2025-10-29 09:29:35,273 [INFO] [成功读取表 inventory_data，数据行数：5882]
2025-10-29 09:29:35,273 [INFO] [开始读取数据库表：tuiding_data]
2025-10-29 09:29:35,459 [INFO] [成功读取表 tuiding_data，数据行数：3486]
2025-10-29 09:29:35,459 [INFO] [开始读取数据库表：debit_data]
2025-10-29 09:29:36,804 [INFO] [成功读取表 debit_data，数据行数：16135]
2025-10-29 09:29:37,181 [INFO] [开始读取数据库表：sales_invoice_data]
2025-10-29 09:29:38,344 [INFO] [成功读取表 sales_invoice_data，数据行数：16912]
2025-10-29 09:58:43,676 [INFO] [数据库引擎创建成功]
2025-10-29 09:58:43,677 [INFO] [开始读取数据库表：order_data]
2025-10-29 09:58:44,038 [INFO] [成功读取表 order_data，数据行数：18804]
2025-10-29 09:58:44,171 [INFO] [开始读取数据库表：sales_data]
2025-10-29 09:58:47,532 [INFO] [成功读取表 sales_data，数据行数：23392]
2025-10-29 09:58:49,514 [INFO] [开始读取数据库表：jingpin_data]
2025-10-29 09:58:49,836 [INFO] [成功读取表 jingpin_data，数据行数：4739]
2025-10-29 09:58:49,875 [INFO] [开始读取数据库表：inventory_data]
2025-10-29 09:58:50,400 [INFO] [成功读取表 inventory_data，数据行数：5883]
2025-10-29 09:58:50,400 [INFO] [开始读取数据库表：tuiding_data]
2025-10-29 09:58:50,581 [INFO] [成功读取表 tuiding_data，数据行数：3486]
2025-10-29 09:58:50,581 [INFO] [开始读取数据库表：debit_data]
2025-10-29 09:58:51,923 [INFO] [成功读取表 debit_data，数据行数：16135]
2025-10-29 09:58:52,291 [INFO] [开始读取数据库表：sales_invoice_data]
2025-10-29 09:58:53,368 [INFO] [成功读取表 sales_invoice_data，数据行数：16917]
2025-10-29 10:10:29,821 [INFO] [数据库引擎创建成功]
2025-10-29 10:10:29,821 [INFO] [开始读取数据库表：order_data]
2025-10-29 10:10:30,340 [INFO] [成功读取表 order_data，数据行数：18804]
2025-10-29 10:10:30,528 [INFO] [开始读取数据库表：sales_data]
2025-10-29 10:10:33,123 [INFO] [成功读取表 sales_data，数据行数：23392]
2025-10-29 10:10:34,188 [INFO] [开始读取数据库表：jingpin_data]
2025-10-29 10:10:34,283 [INFO] [成功读取表 jingpin_data，数据行数：3806]
2025-10-29 10:10:34,313 [INFO] [开始读取数据库表：inventory_data]
2025-10-29 10:10:34,507 [INFO] [成功读取表 inventory_data，数据行数：5883]
2025-10-29 10:10:34,508 [INFO] [开始读取数据库表：tuiding_data]
2025-10-29 10:10:34,573 [INFO] [成功读取表 tuiding_data，数据行数：3486]
2025-10-29 10:10:34,573 [INFO] [开始读取数据库表：debit_data]
2025-10-29 10:10:35,053 [INFO] [成功读取表 debit_data，数据行数：16135]
2025-10-29 10:10:35,249 [INFO] [开始读取数据库表：sales_invoice_data]
2025-10-29 10:10:35,706 [INFO] [成功读取表 sales_invoice_data，数据行数：16917]
2025-10-29 10:24:09,043 [INFO] [数据库引擎创建成功]
2025-10-29 10:24:09,043 [INFO] [开始读取数据库表：order_data]
2025-10-29 10:24:09,527 [INFO] [成功读取表 order_data，数据行数：18804]
2025-10-29 10:24:09,672 [INFO] [开始读取数据库表：sales_data]
2025-10-29 10:24:11,465 [INFO] [成功读取表 sales_data，数据行数：23392]
2025-10-29 10:24:12,447 [INFO] [开始读取数据库表：jingpin_data]
2025-10-29 10:24:12,535 [INFO] [成功读取表 jingpin_data，数据行数：3806]
2025-10-29 10:24:12,566 [INFO] [开始读取数据库表：inventory_data]
2025-10-29 10:24:12,755 [INFO] [成功读取表 inventory_data，数据行数：5883]
2025-10-29 10:24:12,755 [INFO] [开始读取数据库表：tuiding_data]
2025-10-29 10:24:12,819 [INFO] [成功读取表 tuiding_data，数据行数：3486]
2025-10-29 10:24:12,819 [INFO] [开始读取数据库表：debit_data]
2025-10-29 10:24:13,274 [INFO] [成功读取表 debit_data，数据行数：16135]
2025-10-29 10:24:13,476 [INFO] [开始读取数据库表：sales_invoice_data]
2025-10-29 10:24:13,939 [INFO] [成功读取表 sales_invoice_data，数据行数：16917]
2025-10-29 10:25:28,449 [INFO] [数据库引擎创建成功]
2025-10-29 10:25:28,449 [INFO] [开始读取数据库表：order_data]
2025-10-29 10:25:29,053 [INFO] [成功读取表 order_data，数据行数：18804]
2025-10-29 10:25:29,243 [INFO] [开始读取数据库表：sales_data]
2025-10-29 10:25:31,709 [INFO] [成功读取表 sales_data，数据行数：23392]
2025-10-29 10:25:32,763 [INFO] [开始读取数据库表：jingpin_data]
2025-10-29 10:25:32,873 [INFO] [成功读取表 jingpin_data，数据行数：3806]
2025-10-29 10:25:32,909 [INFO] [开始读取数据库表：inventory_data]
2025-10-29 10:25:33,133 [INFO] [成功读取表 inventory_data，数据行数：5883]
2025-10-29 10:25:33,133 [INFO] [开始读取数据库表：tuiding_data]
2025-10-29 10:25:33,208 [INFO] [成功读取表 tuiding_data，数据行数：3486]
2025-10-29 10:25:33,208 [INFO] [开始读取数据库表：debit_data]
2025-10-29 10:25:33,743 [INFO] [成功读取表 debit_data，数据行数：16135]
2025-10-29 10:25:33,971 [INFO] [开始读取数据库表：sales_invoice_data]
2025-10-29 10:25:34,441 [INFO] [成功读取表 sales_invoice_data，数据行数：16917]
2025-10-29 10:28:53,741 [INFO] [数据库引擎创建成功]
2025-10-29 10:28:53,742 [INFO] [开始读取数据库表：order_data]
2025-10-29 10:28:54,125 [INFO] [成功读取表 order_data，数据行数：18804]
2025-10-29 10:28:54,244 [INFO] [开始读取数据库表：sales_data]
2025-10-29 10:28:56,615 [INFO] [成功读取表 sales_data，数据行数：23395]
2025-10-29 10:28:58,870 [INFO] [开始读取数据库表：jingpin_data]
2025-10-29 10:28:59,095 [INFO] [成功读取表 jingpin_data，数据行数：3807]
2025-10-29 10:28:59,184 [INFO] [开始读取数据库表：inventory_data]
2025-10-29 10:28:59,767 [INFO] [成功读取表 inventory_data，数据行数：5883]
2025-10-29 10:28:59,767 [INFO] [开始读取数据库表：tuiding_data]
2025-10-29 10:28:59,929 [INFO] [成功读取表 tuiding_data，数据行数：3486]
2025-10-29 10:28:59,929 [INFO] [开始读取数据库表：debit_data]
2025-10-29 10:29:01,132 [INFO] [成功读取表 debit_data，数据行数：16136]
2025-10-29 10:29:01,537 [INFO] [开始读取数据库表：sales_invoice_data]
2025-10-29 10:29:02,709 [INFO] [成功读取表 sales_invoice_data，数据行数：16921]
2025-10-29 10:38:06,840 [INFO] [数据库引擎创建成功]
2025-10-29 10:38:06,840 [INFO] [开始读取数据库表：order_data]
2025-10-29 10:38:07,449 [INFO] [成功读取表 order_data，数据行数：18804]
2025-10-29 10:38:07,634 [INFO] [开始读取数据库表：sales_data]
2025-10-29 10:38:10,512 [INFO] [成功读取表 sales_data，数据行数：23395]
2025-10-29 10:38:11,693 [INFO] [开始读取数据库表：jingpin_data]
2025-10-29 10:38:11,824 [INFO] [成功读取表 jingpin_data，数据行数：3807]
2025-10-29 10:38:11,857 [INFO] [开始读取数据库表：inventory_data]
2025-10-29 10:38:12,114 [INFO] [成功读取表 inventory_data，数据行数：5883]
2025-10-29 10:38:12,114 [INFO] [开始读取数据库表：tuiding_data]
2025-10-29 10:38:12,197 [INFO] [成功读取表 tuiding_data，数据行数：3486]
2025-10-29 10:38:12,197 [INFO] [开始读取数据库表：debit_data]
2025-10-29 10:38:12,793 [INFO] [成功读取表 debit_data，数据行数：16136]
2025-10-29 10:38:13,010 [INFO] [开始读取数据库表：sales_invoice_data]
2025-10-29 10:38:14,808 [INFO] [成功读取表 sales_invoice_data，数据行数：16921]
2025-10-29 10:58:06,872 [INFO] [数据库引擎创建成功]
2025-10-29 10:58:06,873 [INFO] [开始读取数据库表：order_data]
2025-10-29 10:58:07,688 [INFO] [成功读取表 order_data，数据行数：18804]
2025-10-29 10:58:08,047 [INFO] [开始读取数据库表：sales_data]
2025-10-29 10:58:13,906 [INFO] [成功读取表 sales_data，数据行数：23398]
2025-10-29 10:58:15,699 [INFO] [开始读取数据库表：jingpin_data]
2025-10-29 10:58:15,884 [INFO] [成功读取表 jingpin_data，数据行数：3808]
2025-10-29 10:58:15,948 [INFO] [开始读取数据库表：inventory_data]
2025-10-29 10:58:16,417 [INFO] [成功读取表 inventory_data，数据行数：5883]
2025-10-29 10:58:16,418 [INFO] [开始读取数据库表：tuiding_data]
2025-10-29 10:58:16,572 [INFO] [成功读取表 tuiding_data，数据行数：3486]
2025-10-29 10:58:16,572 [INFO] [开始读取数据库表：debit_data]
2025-10-29 10:58:17,758 [INFO] [成功读取表 debit_data，数据行数：16136]
2025-10-29 10:58:18,205 [INFO] [开始读取数据库表：sales_invoice_data]
2025-10-29 10:58:19,388 [INFO] [成功读取表 sales_invoice_data，数据行数：16924]
2025-10-29 11:30:13,772 [INFO] [数据库引擎创建成功]
2025-10-29 11:30:13,773 [INFO] [开始读取数据库表：order_data]
2025-10-29 11:30:14,352 [INFO] [成功读取表 order_data，数据行数：18803]
2025-10-29 11:30:14,529 [INFO] [开始读取数据库表：sales_data]
2025-10-29 11:30:18,967 [INFO] [成功读取表 sales_data，数据行数：23400]
2025-10-29 11:30:22,081 [INFO] [开始读取数据库表：jingpin_data]
2025-10-29 11:30:22,274 [INFO] [成功读取表 jingpin_data，数据行数：3808]
2025-10-29 11:30:22,335 [INFO] [开始读取数据库表：inventory_data]
2025-10-29 11:30:22,787 [INFO] [成功读取表 inventory_data，数据行数：5883]
2025-10-29 11:30:22,787 [INFO] [开始读取数据库表：tuiding_data]
2025-10-29 11:30:22,949 [INFO] [成功读取表 tuiding_data，数据行数：3487]
2025-10-29 11:30:22,949 [INFO] [开始读取数据库表：debit_data]
2025-10-29 11:30:24,018 [INFO] [成功读取表 debit_data，数据行数：16137]
2025-10-29 11:30:24,348 [INFO] [开始读取数据库表：sales_invoice_data]
2025-10-29 11:30:25,260 [INFO] [成功读取表 sales_invoice_data，数据行数：16932]
2025-10-29 11:59:31,137 [INFO] [数据库引擎创建成功]
2025-10-29 11:59:31,137 [INFO] [开始读取数据库表：order_data]
2025-10-29 11:59:31,935 [INFO] [成功读取表 order_data，数据行数：18813]
2025-10-29 11:59:32,270 [INFO] [开始读取数据库表：sales_data]
2025-10-29 11:59:37,410 [INFO] [成功读取表 sales_data，数据行数：23404]
2025-10-29 11:59:39,406 [INFO] [开始读取数据库表：jingpin_data]
2025-10-29 11:59:39,641 [INFO] [成功读取表 jingpin_data，数据行数：3813]
2025-10-29 11:59:39,689 [INFO] [开始读取数据库表：inventory_data]
2025-10-29 11:59:40,196 [INFO] [成功读取表 inventory_data，数据行数：5883]
2025-10-29 11:59:40,196 [INFO] [开始读取数据库表：tuiding_data]
2025-10-29 11:59:40,379 [INFO] [成功读取表 tuiding_data，数据行数：3487]
2025-10-29 11:59:40,379 [INFO] [开始读取数据库表：debit_data]
2025-10-29 11:59:41,601 [INFO] [成功读取表 debit_data，数据行数：16141]
2025-10-29 11:59:42,025 [INFO] [开始读取数据库表：sales_invoice_data]
2025-10-29 11:59:43,219 [INFO] [成功读取表 sales_invoice_data，数据行数：16938]
2025-10-29 12:28:55,632 [INFO] [数据库引擎创建成功]
2025-10-29 12:28:55,633 [INFO] [开始读取数据库表：order_data]
2025-10-29 12:28:56,669 [INFO] [成功读取表 order_data，数据行数：18815]
2025-10-29 12:28:56,979 [INFO] [开始读取数据库表：sales_data]
2025-10-29 12:29:01,659 [INFO] [成功读取表 sales_data，数据行数：23407]
2025-10-29 12:29:03,541 [INFO] [开始读取数据库表：jingpin_data]
2025-10-29 12:29:03,754 [INFO] [成功读取表 jingpin_data，数据行数：3813]
2025-10-29 12:29:03,822 [INFO] [开始读取数据库表：inventory_data]
2025-10-29 12:29:04,319 [INFO] [成功读取表 inventory_data，数据行数：5932]
2025-10-29 12:29:04,319 [INFO] [开始读取数据库表：tuiding_data]
2025-10-29 12:29:04,471 [INFO] [成功读取表 tuiding_data，数据行数：3488]
2025-10-29 12:29:04,471 [INFO] [开始读取数据库表：debit_data]
2025-10-29 12:29:05,539 [INFO] [成功读取表 debit_data，数据行数：16196]
2025-10-29 12:29:05,902 [INFO] [开始读取数据库表：sales_invoice_data]
2025-10-29 12:29:06,932 [INFO] [成功读取表 sales_invoice_data，数据行数：16943]
2025-10-29 12:58:33,226 [INFO] [数据库引擎创建成功]
2025-10-29 12:58:33,227 [INFO] [开始读取数据库表：order_data]
2025-10-29 12:58:33,957 [INFO] [成功读取表 order_data，数据行数：18819]
2025-10-29 12:58:34,215 [INFO] [开始读取数据库表：sales_data]
2025-10-29 12:58:38,692 [INFO] [成功读取表 sales_data，数据行数：23410]
2025-10-29 12:58:40,528 [INFO] [开始读取数据库表：jingpin_data]
2025-10-29 12:58:40,736 [INFO] [成功读取表 jingpin_data，数据行数：3813]
2025-10-29 12:58:40,801 [INFO] [开始读取数据库表：inventory_data]
2025-10-29 12:58:41,260 [INFO] [成功读取表 inventory_data，数据行数：6085]
2025-10-29 12:58:41,260 [INFO] [开始读取数据库表：tuiding_data]
2025-10-29 12:58:41,404 [INFO] [成功读取表 tuiding_data，数据行数：3488]
2025-10-29 12:58:41,404 [INFO] [开始读取数据库表：debit_data]
2025-10-29 12:58:42,455 [INFO] [成功读取表 debit_data，数据行数：16277]
2025-10-29 12:58:42,814 [INFO] [开始读取数据库表：sales_invoice_data]
2025-10-29 12:58:43,752 [INFO] [成功读取表 sales_invoice_data，数据行数：16951]
2025-10-29 13:28:46,823 [INFO] [数据库引擎创建成功]
2025-10-29 13:28:46,824 [INFO] [开始读取数据库表：order_data]
2025-10-29 13:28:47,572 [INFO] [成功读取表 order_data，数据行数：18825]
2025-10-29 13:28:47,788 [INFO] [开始读取数据库表：sales_data]
2025-10-29 13:28:52,449 [INFO] [成功读取表 sales_data，数据行数：23415]
2025-10-29 13:28:54,164 [INFO] [开始读取数据库表：jingpin_data]
2025-10-29 13:28:54,362 [INFO] [成功读取表 jingpin_data，数据行数：3815]
2025-10-29 13:28:54,427 [INFO] [开始读取数据库表：inventory_data]
2025-10-29 13:28:54,878 [INFO] [成功读取表 inventory_data，数据行数：6085]
2025-10-29 13:28:54,878 [INFO] [开始读取数据库表：tuiding_data]
2025-10-29 13:28:55,034 [INFO] [成功读取表 tuiding_data，数据行数：3488]
2025-10-29 13:28:55,034 [INFO] [开始读取数据库表：debit_data]
2025-10-29 13:28:56,008 [INFO] [成功读取表 debit_data，数据行数：16277]
2025-10-29 13:28:56,321 [INFO] [开始读取数据库表：sales_invoice_data]
2025-10-29 13:28:57,265 [INFO] [成功读取表 sales_invoice_data，数据行数：16961]
2025-10-29 13:59:21,672 [INFO] [数据库引擎创建成功]
2025-10-29 13:59:21,673 [INFO] [开始读取数据库表：order_data]
2025-10-29 13:59:23,180 [INFO] [成功读取表 order_data，数据行数：18825]
2025-10-29 13:59:23,658 [INFO] [开始读取数据库表：sales_data]
2025-10-29 13:59:29,073 [INFO] [成功读取表 sales_data，数据行数：23418]
2025-10-29 13:59:31,124 [INFO] [开始读取数据库表：jingpin_data]
2025-10-29 13:59:31,313 [INFO] [成功读取表 jingpin_data，数据行数：3817]
2025-10-29 13:59:31,357 [INFO] [开始读取数据库表：inventory_data]
2025-10-29 13:59:31,802 [INFO] [成功读取表 inventory_data，数据行数：6085]
2025-10-29 13:59:31,803 [INFO] [开始读取数据库表：tuiding_data]
2025-10-29 13:59:31,965 [INFO] [成功读取表 tuiding_data，数据行数：3488]
2025-10-29 13:59:31,965 [INFO] [开始读取数据库表：debit_data]
2025-10-29 13:59:33,067 [INFO] [成功读取表 debit_data，数据行数：16277]
2025-10-29 13:59:33,474 [INFO] [开始读取数据库表：sales_invoice_data]
2025-10-29 13:59:34,552 [INFO] [成功读取表 sales_invoice_data，数据行数：16965]
2025-10-29 14:29:28,133 [INFO] [数据库引擎创建成功]
2025-10-29 14:29:28,133 [INFO] [开始读取数据库表：order_data]
2025-10-29 14:29:28,639 [INFO] [成功读取表 order_data，数据行数：18825]
2025-10-29 14:29:28,803 [INFO] [开始读取数据库表：sales_data]
2025-10-29 14:29:33,658 [INFO] [成功读取表 sales_data，数据行数：23425]
2025-10-29 14:29:35,698 [INFO] [开始读取数据库表：jingpin_data]
2025-10-29 14:29:35,923 [INFO] [成功读取表 jingpin_data，数据行数：3817]
2025-10-29 14:29:36,019 [INFO] [开始读取数据库表：inventory_data]
2025-10-29 14:29:36,558 [INFO] [成功读取表 inventory_data，数据行数：6117]
2025-10-29 14:29:36,559 [INFO] [开始读取数据库表：tuiding_data]
2025-10-29 14:29:36,740 [INFO] [成功读取表 tuiding_data，数据行数：3488]
2025-10-29 14:29:36,740 [INFO] [开始读取数据库表：debit_data]
2025-10-29 14:29:37,890 [INFO] [成功读取表 debit_data，数据行数：16293]
2025-10-29 14:29:38,296 [INFO] [开始读取数据库表：sales_invoice_data]
2025-10-29 14:29:39,521 [INFO] [成功读取表 sales_invoice_data，数据行数：16969]
2025-10-29 14:58:24,690 [INFO] [数据库引擎创建成功]
2025-10-29 14:58:24,690 [INFO] [开始读取数据库表：order_data]
2025-10-29 14:58:25,081 [INFO] [成功读取表 order_data，数据行数：18830]
2025-10-29 14:58:25,229 [INFO] [开始读取数据库表：sales_data]
2025-10-29 14:58:27,143 [INFO] [成功读取表 sales_data，数据行数：23429]
2025-10-29 14:58:28,696 [INFO] [开始读取数据库表：jingpin_data]
2025-10-29 14:58:28,918 [INFO] [成功读取表 jingpin_data，数据行数：3819]
2025-10-29 14:58:29,003 [INFO] [开始读取数据库表：inventory_data]
2025-10-29 14:58:29,453 [INFO] [成功读取表 inventory_data，数据行数：6117]
2025-10-29 14:58:29,454 [INFO] [开始读取数据库表：tuiding_data]
2025-10-29 14:58:29,592 [INFO] [成功读取表 tuiding_data，数据行数：3489]
2025-10-29 14:58:29,592 [INFO] [开始读取数据库表：debit_data]
2025-10-29 14:58:30,795 [INFO] [成功读取表 debit_data，数据行数：16293]
2025-10-29 14:58:31,207 [INFO] [开始读取数据库表：sales_invoice_data]
2025-10-29 14:58:32,367 [INFO] [成功读取表 sales_invoice_data，数据行数：16976]
2025-10-29 15:29:14,238 [INFO] [数据库引擎创建成功]
2025-10-29 15:29:14,238 [INFO] [开始读取数据库表：order_data]
2025-10-29 15:29:15,819 [INFO] [成功读取表 order_data，数据行数：18833]
2025-10-29 15:29:16,169 [INFO] [开始读取数据库表：sales_data]
2025-10-29 15:29:21,167 [INFO] [成功读取表 sales_data，数据行数：23429]
2025-10-29 15:29:23,125 [INFO] [开始读取数据库表：jingpin_data]
2025-10-29 15:29:23,349 [INFO] [成功读取表 jingpin_data，数据行数：3820]
2025-10-29 15:29:23,428 [INFO] [开始读取数据库表：inventory_data]
2025-10-29 15:29:23,934 [INFO] [成功读取表 inventory_data，数据行数：6117]
2025-10-29 15:29:23,935 [INFO] [开始读取数据库表：tuiding_data]
2025-10-29 15:29:24,112 [INFO] [成功读取表 tuiding_data，数据行数：3489]
2025-10-29 15:29:24,112 [INFO] [开始读取数据库表：debit_data]
2025-10-29 15:29:25,257 [INFO] [成功读取表 debit_data，数据行数：16293]
2025-10-29 15:29:26,959 [INFO] [开始读取数据库表：sales_invoice_data]
2025-10-29 15:29:29,801 [INFO] [成功读取表 sales_invoice_data，数据行数：16986]
2025-10-29 15:31:30,751 [INFO] [数据库引擎创建成功]
2025-10-29 15:31:30,751 [INFO] [开始读取数据库表：order_data]
2025-10-29 15:31:31,244 [INFO] [成功读取表 order_data，数据行数：18833]
2025-10-29 15:31:31,386 [INFO] [开始读取数据库表：sales_data]
2025-10-29 15:31:33,536 [INFO] [成功读取表 sales_data，数据行数：23429]
2025-10-29 15:31:34,419 [INFO] [开始读取数据库表：jingpin_data]
2025-10-29 15:31:34,507 [INFO] [成功读取表 jingpin_data，数据行数：3820]
2025-10-29 15:31:34,540 [INFO] [开始读取数据库表：inventory_data]
2025-10-29 15:31:34,743 [INFO] [成功读取表 inventory_data，数据行数：6117]
2025-10-29 15:31:34,743 [INFO] [开始读取数据库表：tuiding_data]
2025-10-29 15:31:34,806 [INFO] [成功读取表 tuiding_data，数据行数：3489]
2025-10-29 15:31:34,806 [INFO] [开始读取数据库表：debit_data]
2025-10-29 15:31:35,270 [INFO] [成功读取表 debit_data，数据行数：16293]
2025-10-29 15:31:35,449 [INFO] [开始读取数据库表：sales_invoice_data]
2025-10-29 15:31:35,861 [INFO] [成功读取表 sales_invoice_data，数据行数：16986]
2025-10-29 15:58:31,044 [INFO] [数据库引擎创建成功]
2025-10-29 15:58:31,044 [INFO] [开始读取数据库表：order_data]
2025-10-29 15:58:31,438 [INFO] [成功读取表 order_data，数据行数：18833]
2025-10-29 15:58:31,568 [INFO] [开始读取数据库表：sales_data]
2025-10-29 15:58:34,606 [INFO] [成功读取表 sales_data，数据行数：23432]
2025-10-29 15:58:36,472 [INFO] [开始读取数据库表：jingpin_data]
2025-10-29 15:58:36,693 [INFO] [成功读取表 jingpin_data，数据行数：3820]
2025-10-29 15:58:36,760 [INFO] [开始读取数据库表：inventory_data]
2025-10-29 15:58:37,302 [INFO] [成功读取表 inventory_data，数据行数：6117]
2025-10-29 15:58:37,302 [INFO] [开始读取数据库表：tuiding_data]
2025-10-29 15:58:37,442 [INFO] [成功读取表 tuiding_data，数据行数：3489]
2025-10-29 15:58:37,442 [INFO] [开始读取数据库表：debit_data]
2025-10-29 15:58:38,565 [INFO] [成功读取表 debit_data，数据行数：16293]
2025-10-29 15:58:38,894 [INFO] [开始读取数据库表：sales_invoice_data]
2025-10-29 15:58:42,042 [INFO] [成功读取表 sales_invoice_data，数据行数：16993]
2025-10-29 16:28:36,730 [INFO] [数据库引擎创建成功]
2025-10-29 16:28:36,730 [INFO] [开始读取数据库表：order_data]
2025-10-29 16:28:37,122 [INFO] [成功读取表 order_data，数据行数：18842]
2025-10-29 16:28:37,254 [INFO] [开始读取数据库表：sales_data]
2025-10-29 16:28:40,030 [INFO] [成功读取表 sales_data，数据行数：23437]
2025-10-29 16:28:41,934 [INFO] [开始读取数据库表：jingpin_data]
2025-10-29 16:28:42,149 [INFO] [成功读取表 jingpin_data，数据行数：3821]
2025-10-29 16:28:42,209 [INFO] [开始读取数据库表：inventory_data]
2025-10-29 16:28:42,733 [INFO] [成功读取表 inventory_data，数据行数：6117]
2025-10-29 16:28:42,734 [INFO] [开始读取数据库表：tuiding_data]
2025-10-29 16:28:42,908 [INFO] [成功读取表 tuiding_data，数据行数：3489]
2025-10-29 16:28:42,908 [INFO] [开始读取数据库表：debit_data]
2025-10-29 16:28:44,172 [INFO] [成功读取表 debit_data，数据行数：16293]
2025-10-29 16:28:44,571 [INFO] [开始读取数据库表：sales_invoice_data]
2025-10-29 16:28:48,029 [INFO] [成功读取表 sales_invoice_data，数据行数：16997]
2025-10-29 16:38:05,596 [INFO] [数据库引擎创建成功]
2025-10-29 16:38:05,596 [INFO] [开始读取数据库表：order_data]
2025-10-29 16:38:05,954 [INFO] [成功读取表 order_data，数据行数：18843]
2025-10-29 16:38:06,062 [INFO] [开始读取数据库表：sales_data]
2025-10-29 16:38:07,716 [INFO] [成功读取表 sales_data，数据行数：23437]
2025-10-29 16:38:08,439 [INFO] [开始读取数据库表：jingpin_data]
2025-10-29 16:38:08,506 [INFO] [成功读取表 jingpin_data，数据行数：3821]
2025-10-29 16:38:08,529 [INFO] [开始读取数据库表：inventory_data]
2025-10-29 16:38:08,670 [INFO] [成功读取表 inventory_data，数据行数：6117]
2025-10-29 16:38:08,671 [INFO] [开始读取数据库表：tuiding_data]
2025-10-29 16:38:08,718 [INFO] [成功读取表 tuiding_data，数据行数：3488]
2025-10-29 16:38:08,718 [INFO] [开始读取数据库表：debit_data]
2025-10-29 16:38:09,035 [INFO] [成功读取表 debit_data，数据行数：16293]
2025-10-29 16:38:09,169 [INFO] [开始读取数据库表：sales_invoice_data]
2025-10-29 16:38:09,533 [INFO] [成功读取表 sales_invoice_data，数据行数：16997]
2025-10-29 16:52:53,011 [INFO] [数据库引擎创建成功]
2025-10-29 16:52:53,011 [INFO] [开始读取数据库表：order_data]
2025-10-29 16:52:53,385 [INFO] [成功读取表 order_data，数据行数：18843]
2025-10-29 16:52:53,506 [INFO] [开始读取数据库表：sales_data]
2025-10-29 16:52:55,184 [INFO] [成功读取表 sales_data，数据行数：23437]
2025-10-29 16:52:55,890 [INFO] [开始读取数据库表：jingpin_data]
2025-10-29 16:52:55,957 [INFO] [成功读取表 jingpin_data，数据行数：3821]
2025-10-29 16:52:55,981 [INFO] [开始读取数据库表：inventory_data]
2025-10-29 16:52:56,122 [INFO] [成功读取表 inventory_data，数据行数：6117]
2025-10-29 16:52:56,122 [INFO] [开始读取数据库表：tuiding_data]
2025-10-29 16:52:56,166 [INFO] [成功读取表 tuiding_data，数据行数：3488]
2025-10-29 16:52:56,166 [INFO] [开始读取数据库表：debit_data]
2025-10-29 16:52:56,488 [INFO] [成功读取表 debit_data，数据行数：16293]
2025-10-29 16:52:56,616 [INFO] [开始读取数据库表：sales_invoice_data]
2025-10-29 16:52:56,922 [INFO] [成功读取表 sales_invoice_data，数据行数：16997]
2025-10-29 16:58:22,092 [INFO] [数据库引擎创建成功]
2025-10-29 16:58:22,092 [INFO] [开始读取数据库表：order_data]
2025-10-29 16:58:22,473 [INFO] [成功读取表 order_data，数据行数：18843]
2025-10-29 16:58:22,613 [INFO] [开始读取数据库表：sales_data]
2025-10-29 16:58:25,937 [INFO] [成功读取表 sales_data，数据行数：23439]
2025-10-29 16:58:27,792 [INFO] [开始读取数据库表：jingpin_data]
2025-10-29 16:58:28,018 [INFO] [成功读取表 jingpin_data，数据行数：3822]
2025-10-29 16:58:28,077 [INFO] [开始读取数据库表：inventory_data]
2025-10-29 16:58:28,530 [INFO] [成功读取表 inventory_data，数据行数：6118]
2025-10-29 16:58:28,530 [INFO] [开始读取数据库表：tuiding_data]
2025-10-29 16:58:28,675 [INFO] [成功读取表 tuiding_data，数据行数：3488]
2025-10-29 16:58:28,675 [INFO] [开始读取数据库表：debit_data]
2025-10-29 16:58:30,928 [INFO] [成功读取表 debit_data，数据行数：16295]
2025-10-29 16:58:31,705 [INFO] [开始读取数据库表：sales_invoice_data]
2025-10-29 16:58:33,003 [INFO] [成功读取表 sales_invoice_data，数据行数：17007]
2025-10-29 17:28:08,073 [INFO] [数据库引擎创建成功]
2025-10-29 17:28:08,082 [INFO] [开始读取数据库表：order_data]
2025-10-29 17:28:08,626 [INFO] [成功读取表 order_data，数据行数：18843]
2025-10-29 17:28:08,807 [INFO] [开始读取数据库表：sales_data]
2025-10-29 17:28:11,371 [INFO] [成功读取表 sales_data，数据行数：23447]
2025-10-29 17:28:12,439 [INFO] [开始读取数据库表：jingpin_data]
2025-10-29 17:28:12,537 [INFO] [成功读取表 jingpin_data，数据行数：3822]
2025-10-29 17:28:12,571 [INFO] [开始读取数据库表：inventory_data]
2025-10-29 17:28:12,791 [INFO] [成功读取表 inventory_data，数据行数：6119]
2025-10-29 17:28:12,791 [INFO] [开始读取数据库表：tuiding_data]
2025-10-29 17:28:12,867 [INFO] [成功读取表 tuiding_data，数据行数：3488]
2025-10-29 17:28:12,867 [INFO] [开始读取数据库表：debit_data]
2025-10-29 17:28:13,362 [INFO] [成功读取表 debit_data，数据行数：16297]
2025-10-29 17:28:13,556 [INFO] [开始读取数据库表：sales_invoice_data]
2025-10-29 17:28:14,019 [INFO] [成功读取表 sales_invoice_data，数据行数：17023]
2025-10-29 17:54:45,640 [INFO] [数据库引擎创建成功]
2025-10-29 17:54:45,640 [INFO] [开始读取数据库表：order_data]
2025-10-29 17:54:46,414 [INFO] [成功读取表 order_data，数据行数：21780]
2025-10-29 17:54:46,603 [INFO] [开始读取数据库表：sales_data]
2025-10-29 17:54:49,317 [INFO] [成功读取表 sales_data，数据行数：23447]
2025-10-29 17:54:50,311 [INFO] [开始读取数据库表：jingpin_data]
2025-10-29 17:54:50,378 [INFO] [成功读取表 jingpin_data，数据行数：3822]
2025-10-29 17:54:50,409 [INFO] [开始读取数据库表：inventory_data]
2025-10-29 17:54:50,606 [INFO] [成功读取表 inventory_data，数据行数：6119]
2025-10-29 17:54:50,606 [INFO] [开始读取数据库表：tuiding_data]
2025-10-29 17:54:50,671 [INFO] [成功读取表 tuiding_data，数据行数：3488]
2025-10-29 17:54:50,671 [INFO] [开始读取数据库表：debit_data]
2025-10-29 17:54:51,118 [INFO] [成功读取表 debit_data，数据行数：16297]
2025-10-29 17:54:51,286 [INFO] [开始读取数据库表：sales_invoice_data]
2025-10-29 17:54:51,682 [INFO] [成功读取表 sales_invoice_data，数据行数：17023]
2025-10-29 17:59:04,684 [INFO] [数据库引擎创建成功]
2025-10-29 17:59:04,695 [INFO] [开始读取数据库表：order_data]
2025-10-29 17:59:05,250 [INFO] [成功读取表 order_data，数据行数：21781]
2025-10-29 17:59:05,403 [INFO] [开始读取数据库表：sales_data]
2025-10-29 17:59:07,753 [INFO] [成功读取表 sales_data，数据行数：23473]
2025-10-29 17:59:08,677 [INFO] [开始读取数据库表：jingpin_data]
2025-10-29 17:59:08,745 [INFO] [成功读取表 jingpin_data，数据行数：3824]
2025-10-29 17:59:08,778 [INFO] [开始读取数据库表：inventory_data]
2025-10-29 17:59:08,968 [INFO] [成功读取表 inventory_data，数据行数：6119]
2025-10-29 17:59:08,968 [INFO] [开始读取数据库表：tuiding_data]
2025-10-29 17:59:09,029 [INFO] [成功读取表 tuiding_data，数据行数：3490]
2025-10-29 17:59:09,029 [INFO] [开始读取数据库表：debit_data]
2025-10-29 17:59:09,604 [INFO] [成功读取表 debit_data，数据行数：16297]
2025-10-29 17:59:09,931 [INFO] [开始读取数据库表：sales_invoice_data]
2025-10-29 17:59:10,821 [INFO] [成功读取表 sales_invoice_data，数据行数：17035]
2025-10-29 18:28:22,431 [INFO] [数据库引擎创建成功]
2025-10-29 18:28:22,431 [INFO] [开始读取数据库表：order_data]
2025-10-29 18:28:23,044 [INFO] [成功读取表 order_data，数据行数：21779]
2025-10-29 18:28:23,197 [INFO] [开始读取数据库表：sales_data]
2025-10-29 18:28:25,692 [INFO] [成功读取表 sales_data，数据行数：23479]
2025-10-29 18:28:26,630 [INFO] [开始读取数据库表：jingpin_data]
2025-10-29 18:28:26,701 [INFO] [成功读取表 jingpin_data，数据行数：3824]
2025-10-29 18:28:26,729 [INFO] [开始读取数据库表：inventory_data]
2025-10-29 18:28:26,936 [INFO] [成功读取表 inventory_data，数据行数：6119]
2025-10-29 18:28:26,936 [INFO] [开始读取数据库表：tuiding_data]
2025-10-29 18:28:27,008 [INFO] [成功读取表 tuiding_data，数据行数：3492]
2025-10-29 18:28:27,009 [INFO] [开始读取数据库表：debit_data]
2025-10-29 18:28:27,661 [INFO] [成功读取表 debit_data，数据行数：16297]
2025-10-29 18:28:27,837 [INFO] [开始读取数据库表：sales_invoice_data]
2025-10-29 18:28:28,254 [INFO] [成功读取表 sales_invoice_data，数据行数：17044]
2025-10-29 18:57:53,580 [INFO] [数据库引擎创建成功]
2025-10-29 18:57:53,580 [INFO] [开始读取数据库表：order_data]
2025-10-29 18:57:54,281 [INFO] [成功读取表 order_data，数据行数：21798]
2025-10-29 18:57:54,496 [INFO] [开始读取数据库表：sales_data]
2025-10-29 18:57:57,599 [INFO] [成功读取表 sales_data，数据行数：23482]
2025-10-29 18:57:58,787 [INFO] [开始读取数据库表：jingpin_data]
2025-10-29 18:57:58,882 [INFO] [成功读取表 jingpin_data，数据行数：3824]
2025-10-29 18:57:58,914 [INFO] [开始读取数据库表：inventory_data]
2025-10-29 18:57:59,162 [INFO] [成功读取表 inventory_data，数据行数：6119]
2025-10-29 18:57:59,162 [INFO] [开始读取数据库表：tuiding_data]
2025-10-29 18:57:59,284 [INFO] [成功读取表 tuiding_data，数据行数：3492]
2025-10-29 18:57:59,284 [INFO] [开始读取数据库表：debit_data]
2025-10-29 18:57:59,805 [INFO] [成功读取表 debit_data，数据行数：16297]
2025-10-29 18:58:00,086 [INFO] [开始读取数据库表：sales_invoice_data]
2025-10-29 18:58:00,931 [INFO] [成功读取表 sales_invoice_data，数据行数：17058]
2025-10-29 19:28:08,365 [INFO] [数据库引擎创建成功]
2025-10-29 19:28:08,365 [INFO] [开始读取数据库表：order_data]
2025-10-29 19:28:08,896 [INFO] [成功读取表 order_data，数据行数：21800]
2025-10-29 19:28:09,048 [INFO] [开始读取数据库表：sales_data]
2025-10-29 19:28:11,614 [INFO] [成功读取表 sales_data，数据行数：23485]
2025-10-29 19:28:12,604 [INFO] [开始读取数据库表：jingpin_data]
2025-10-29 19:28:12,696 [INFO] [成功读取表 jingpin_data，数据行数：3824]
2025-10-29 19:28:12,747 [INFO] [开始读取数据库表：inventory_data]
2025-10-29 19:28:13,030 [INFO] [成功读取表 inventory_data，数据行数：6119]
2025-10-29 19:28:13,030 [INFO] [开始读取数据库表：tuiding_data]
2025-10-29 19:28:13,111 [INFO] [成功读取表 tuiding_data，数据行数：3492]
2025-10-29 19:28:13,111 [INFO] [开始读取数据库表：debit_data]
2025-10-29 19:28:13,639 [INFO] [成功读取表 debit_data，数据行数：16297]
2025-10-29 19:28:13,888 [INFO] [开始读取数据库表：sales_invoice_data]
2025-10-29 19:28:14,447 [INFO] [成功读取表 sales_invoice_data，数据行数：17060]
2025-10-29 19:57:53,323 [INFO] [数据库引擎创建成功]
2025-10-29 19:57:53,323 [INFO] [开始读取数据库表：order_data]
2025-10-29 19:57:54,118 [INFO] [成功读取表 order_data，数据行数：21802]
2025-10-29 19:57:54,320 [INFO] [开始读取数据库表：sales_data]
2025-10-29 19:57:56,985 [INFO] [成功读取表 sales_data，数据行数：23488]
2025-10-29 19:57:57,905 [INFO] [开始读取数据库表：jingpin_data]
2025-10-29 19:57:57,976 [INFO] [成功读取表 jingpin_data，数据行数：3824]
2025-10-29 19:57:58,007 [INFO] [开始读取数据库表：inventory_data]
2025-10-29 19:57:58,201 [INFO] [成功读取表 inventory_data，数据行数：6119]
2025-10-29 19:57:58,201 [INFO] [开始读取数据库表：tuiding_data]
2025-10-29 19:57:58,273 [INFO] [成功读取表 tuiding_data，数据行数：3492]
2025-10-29 19:57:58,274 [INFO] [开始读取数据库表：debit_data]
2025-10-29 19:57:58,756 [INFO] [成功读取表 debit_data，数据行数：16297]
2025-10-29 19:57:58,984 [INFO] [开始读取数据库表：sales_invoice_data]
2025-10-29 19:57:59,830 [INFO] [成功读取表 sales_invoice_data，数据行数：17062]
2025-10-29 20:27:43,003 [INFO] [数据库引擎创建成功]
2025-10-29 20:27:43,003 [INFO] [开始读取数据库表：order_data]
2025-10-29 20:27:43,795 [INFO] [成功读取表 order_data，数据行数：21804]
2025-10-29 20:27:44,070 [INFO] [开始读取数据库表：sales_data]
2025-10-29 20:27:47,695 [INFO] [成功读取表 sales_data，数据行数：23488]
2025-10-29 20:27:48,826 [INFO] [开始读取数据库表：jingpin_data]
2025-10-29 20:27:48,939 [INFO] [成功读取表 jingpin_data，数据行数：3824]
2025-10-29 20:27:48,974 [INFO] [开始读取数据库表：inventory_data]
2025-10-29 20:27:49,297 [INFO] [成功读取表 inventory_data，数据行数：6119]
2025-10-29 20:27:49,297 [INFO] [开始读取数据库表：tuiding_data]
2025-10-29 20:27:49,447 [INFO] [成功读取表 tuiding_data，数据行数：3492]
2025-10-29 20:27:49,447 [INFO] [开始读取数据库表：debit_data]
2025-10-29 20:27:50,411 [INFO] [成功读取表 debit_data，数据行数：16297]
2025-10-29 20:27:50,713 [INFO] [开始读取数据库表：sales_invoice_data]
2025-10-29 20:27:52,814 [INFO] [成功读取表 sales_invoice_data，数据行数：17064]
2025-10-29 20:58:02,460 [INFO] [数据库引擎创建成功]
2025-10-29 20:58:02,460 [INFO] [开始读取数据库表：order_data]
2025-10-29 20:58:03,125 [INFO] [成功读取表 order_data，数据行数：21806]
2025-10-29 20:58:03,343 [INFO] [开始读取数据库表：sales_data]
2025-10-29 20:58:06,459 [INFO] [成功读取表 sales_data，数据行数：23488]
2025-10-29 20:58:09,942 [INFO] [开始读取数据库表：jingpin_data]
2025-10-29 20:58:10,112 [INFO] [成功读取表 jingpin_data，数据行数：3824]
2025-10-29 20:58:10,173 [INFO] [开始读取数据库表：inventory_data]
2025-10-29 20:58:10,644 [INFO] [成功读取表 inventory_data，数据行数：6119]
2025-10-29 20:58:10,644 [INFO] [开始读取数据库表：tuiding_data]
2025-10-29 20:58:10,774 [INFO] [成功读取表 tuiding_data，数据行数：3492]
2025-10-29 20:58:10,774 [INFO] [开始读取数据库表：debit_data]
2025-10-29 20:58:11,677 [INFO] [成功读取表 debit_data，数据行数：16297]
2025-10-29 20:58:11,994 [INFO] [开始读取数据库表：sales_invoice_data]
2025-10-29 20:58:12,847 [INFO] [成功读取表 sales_invoice_data，数据行数：17067]
2025-10-29 21:27:51,914 [INFO] [数据库引擎创建成功]
2025-10-29 21:27:51,915 [INFO] [开始读取数据库表：order_data]
2025-10-29 21:27:52,591 [INFO] [成功读取表 order_data，数据行数：21807]
2025-10-29 21:27:52,782 [INFO] [开始读取数据库表：sales_data]
2025-10-29 21:27:57,792 [INFO] [成功读取表 sales_data，数据行数：23488]
2025-10-29 21:27:59,426 [INFO] [开始读取数据库表：jingpin_data]
2025-10-29 21:27:59,584 [INFO] [成功读取表 jingpin_data，数据行数：3824]
2025-10-29 21:27:59,633 [INFO] [开始读取数据库表：inventory_data]
2025-10-29 21:28:00,049 [INFO] [成功读取表 inventory_data，数据行数：6119]
2025-10-29 21:28:00,050 [INFO] [开始读取数据库表：tuiding_data]
2025-10-29 21:28:00,196 [INFO] [成功读取表 tuiding_data，数据行数：3492]
2025-10-29 21:28:00,196 [INFO] [开始读取数据库表：debit_data]
2025-10-29 21:28:01,129 [INFO] [成功读取表 debit_data，数据行数：16300]
2025-10-29 21:28:01,423 [INFO] [开始读取数据库表：sales_invoice_data]
2025-10-29 21:28:02,247 [INFO] [成功读取表 sales_invoice_data，数据行数：17068]
2025-10-29 21:58:29,904 [INFO] [数据库引擎创建成功]
2025-10-29 21:58:29,904 [INFO] [开始读取数据库表：order_data]
2025-10-29 21:58:30,471 [INFO] [成功读取表 order_data，数据行数：21807]
2025-10-29 21:58:30,625 [INFO] [开始读取数据库表：sales_data]
2025-10-29 21:58:33,095 [INFO] [成功读取表 sales_data，数据行数：23488]
2025-10-29 21:58:34,044 [INFO] [开始读取数据库表：jingpin_data]
2025-10-29 21:58:34,147 [INFO] [成功读取表 jingpin_data，数据行数：3824]
2025-10-29 21:58:34,178 [INFO] [开始读取数据库表：inventory_data]
2025-10-29 21:58:34,389 [INFO] [成功读取表 inventory_data，数据行数：6270]
2025-10-29 21:58:34,389 [INFO] [开始读取数据库表：tuiding_data]
2025-10-29 21:58:34,476 [INFO] [成功读取表 tuiding_data，数据行数：3492]
2025-10-29 21:58:34,476 [INFO] [开始读取数据库表：debit_data]
2025-10-29 21:58:34,911 [INFO] [成功读取表 debit_data，数据行数：16375]
2025-10-29 21:58:35,088 [INFO] [开始读取数据库表：sales_invoice_data]
2025-10-29 21:58:35,522 [INFO] [成功读取表 sales_invoice_data，数据行数：17069]
2025-10-29 22:27:49,956 [INFO] [数据库引擎创建成功]
2025-10-29 22:27:49,957 [INFO] [开始读取数据库表：order_data]
2025-10-29 22:27:50,516 [INFO] [成功读取表 order_data，数据行数：21807]
2025-10-29 22:27:50,684 [INFO] [开始读取数据库表：sales_data]
2025-10-29 22:27:53,627 [INFO] [成功读取表 sales_data，数据行数：23488]
2025-10-29 22:27:54,768 [INFO] [开始读取数据库表：jingpin_data]
2025-10-29 22:27:54,904 [INFO] [成功读取表 jingpin_data，数据行数：3824]
2025-10-29 22:27:54,987 [INFO] [开始读取数据库表：inventory_data]
2025-10-29 22:27:56,723 [INFO] [成功读取表 inventory_data，数据行数：6270]
2025-10-29 22:27:56,723 [INFO] [开始读取数据库表：tuiding_data]
2025-10-29 22:27:57,034 [INFO] [成功读取表 tuiding_data，数据行数：3492]
2025-10-29 22:27:57,035 [INFO] [开始读取数据库表：debit_data]
2025-10-29 22:27:58,403 [INFO] [成功读取表 debit_data，数据行数：16375]
2025-10-29 22:27:58,710 [INFO] [开始读取数据库表：sales_invoice_data]
2025-10-29 22:27:59,588 [INFO] [成功读取表 sales_invoice_data，数据行数：17069]
2025-10-29 22:57:50,520 [INFO] [数据库引擎创建成功]
2025-10-29 22:57:50,521 [INFO] [开始读取数据库表：order_data]
2025-10-29 22:57:51,259 [INFO] [成功读取表 order_data，数据行数：21807]
2025-10-29 22:57:51,470 [INFO] [开始读取数据库表：sales_data]
2025-10-29 22:57:54,707 [INFO] [成功读取表 sales_data，数据行数：23488]
2025-10-29 22:57:55,933 [INFO] [开始读取数据库表：jingpin_data]
2025-10-29 22:57:56,038 [INFO] [成功读取表 jingpin_data，数据行数：3824]
2025-10-29 22:57:56,079 [INFO] [开始读取数据库表：inventory_data]
2025-10-29 22:57:56,362 [INFO] [成功读取表 inventory_data，数据行数：6270]
2025-10-29 22:57:56,362 [INFO] [开始读取数据库表：tuiding_data]
2025-10-29 22:57:56,439 [INFO] [成功读取表 tuiding_data，数据行数：3492]
2025-10-29 22:57:56,439 [INFO] [开始读取数据库表：debit_data]
2025-10-29 22:57:57,103 [INFO] [成功读取表 debit_data，数据行数：16375]
2025-10-29 22:57:57,402 [INFO] [开始读取数据库表：sales_invoice_data]
2025-10-29 22:57:58,232 [INFO] [成功读取表 sales_invoice_data，数据行数：17069]
2025-10-29 23:27:37,560 [INFO] [数据库引擎创建成功]
2025-10-29 23:27:37,560 [INFO] [开始读取数据库表：order_data]
2025-10-29 23:27:38,359 [INFO] [成功读取表 order_data，数据行数：21807]
2025-10-29 23:27:38,555 [INFO] [开始读取数据库表：sales_data]
2025-10-29 23:27:41,811 [INFO] [成功读取表 sales_data，数据行数：23488]
2025-10-29 23:27:42,945 [INFO] [开始读取数据库表：jingpin_data]
2025-10-29 23:27:43,052 [INFO] [成功读取表 jingpin_data，数据行数：3824]
2025-10-29 23:27:43,087 [INFO] [开始读取数据库表：inventory_data]
2025-10-29 23:27:43,352 [INFO] [成功读取表 inventory_data，数据行数：6284]
2025-10-29 23:27:43,352 [INFO] [开始读取数据库表：tuiding_data]
2025-10-29 23:27:43,432 [INFO] [成功读取表 tuiding_data，数据行数：3492]
2025-10-29 23:27:43,432 [INFO] [开始读取数据库表：debit_data]
2025-10-29 23:27:44,339 [INFO] [成功读取表 debit_data，数据行数：16382]
2025-10-29 23:27:44,683 [INFO] [开始读取数据库表：sales_invoice_data]
2025-10-29 23:27:45,541 [INFO] [成功读取表 sales_invoice_data，数据行数：17069]
2025-10-29 23:57:27,444 [INFO] [数据库引擎创建成功]
2025-10-29 23:57:27,444 [INFO] [开始读取数据库表：order_data]
2025-10-29 23:57:28,223 [INFO] [成功读取表 order_data，数据行数：21807]
2025-10-29 23:57:28,382 [INFO] [开始读取数据库表：sales_data]
2025-10-29 23:57:30,944 [INFO] [成功读取表 sales_data，数据行数：23488]
2025-10-29 23:57:31,840 [INFO] [开始读取数据库表：jingpin_data]
2025-10-29 23:57:31,909 [INFO] [成功读取表 jingpin_data，数据行数：3824]
2025-10-29 23:57:31,950 [INFO] [开始读取数据库表：inventory_data]
2025-10-29 23:57:32,172 [INFO] [成功读取表 inventory_data，数据行数：6284]
2025-10-29 23:57:32,172 [INFO] [开始读取数据库表：tuiding_data]
2025-10-29 23:57:32,276 [INFO] [成功读取表 tuiding_data，数据行数：3492]
2025-10-29 23:57:32,276 [INFO] [开始读取数据库表：debit_data]
2025-10-29 23:57:32,837 [INFO] [成功读取表 debit_data，数据行数：16382]
2025-10-29 23:57:33,009 [INFO] [开始读取数据库表：sales_invoice_data]
2025-10-29 23:57:33,458 [INFO] [成功读取表 sales_invoice_data，数据行数：17069]
