2025-12-25 08:59:28,802 [INFO] [数据库引擎创建成功]
2025-12-25 08:59:28,802 [INFO] [开始读取数据库表：order_data]
2025-12-25 08:59:30,472 [INFO] [成功读取表 order_data，数据行数：25637]
2025-12-25 08:59:30,752 [INFO] [开始读取数据库表：sales_data]
2025-12-25 08:59:34,028 [INFO] [成功读取表 sales_data，数据行数：24404]
2025-12-25 08:59:35,836 [INFO] [开始读取数据库表：jingpin_data]
2025-12-25 08:59:35,979 [INFO] [成功读取表 jingpin_data，数据行数：5166]
2025-12-25 08:59:36,063 [INFO] [开始读取数据库表：inventory_data]
2025-12-25 08:59:36,368 [INFO] [成功读取表 inventory_data，数据行数：4120]
2025-12-25 08:59:36,368 [INFO] [开始读取数据库表：tuiding_data]
2025-12-25 08:59:36,590 [INFO] [成功读取表 tuiding_data，数据行数：4787]
2025-12-25 08:59:36,590 [INFO] [开始读取数据库表：debit_data]
2025-12-25 08:59:38,085 [INFO] [成功读取表 debit_data，数据行数：26806]
2025-12-25 08:59:38,957 [INFO] [开始读取数据库表：sales_invoice_data]
2025-12-25 08:59:40,136 [INFO] [成功读取表 sales_invoice_data，数据行数：21962]
2025-12-25 09:30:27,762 [INFO] [数据库引擎创建成功]
2025-12-25 09:30:27,773 [INFO] [开始读取数据库表：order_data]
2025-12-25 09:30:29,313 [INFO] [成功读取表 order_data，数据行数：25639]
2025-12-25 09:30:29,581 [INFO] [开始读取数据库表：sales_data]
2025-12-25 09:30:33,097 [INFO] [成功读取表 sales_data，数据行数：24406]
2025-12-25 09:30:34,923 [INFO] [开始读取数据库表：jingpin_data]
2025-12-25 09:30:35,075 [INFO] [成功读取表 jingpin_data，数据行数：5166]
2025-12-25 09:30:35,129 [INFO] [开始读取数据库表：inventory_data]
2025-12-25 09:30:35,484 [INFO] [成功读取表 inventory_data，数据行数：4119]
2025-12-25 09:30:35,484 [INFO] [开始读取数据库表：tuiding_data]
2025-12-25 09:30:35,707 [INFO] [成功读取表 tuiding_data，数据行数：4787]
2025-12-25 09:30:35,708 [INFO] [开始读取数据库表：debit_data]
2025-12-25 09:30:37,265 [INFO] [成功读取表 debit_data，数据行数：26807]
2025-12-25 09:30:37,629 [INFO] [开始读取数据库表：sales_invoice_data]
2025-12-25 09:30:38,869 [INFO] [成功读取表 sales_invoice_data，数据行数：21963]
2025-12-25 10:01:45,269 [INFO] [数据库引擎创建成功]
2025-12-25 10:01:45,270 [INFO] [开始读取数据库表：order_data]
2025-12-25 10:01:46,752 [INFO] [成功读取表 order_data，数据行数：25642]
2025-12-25 10:01:47,019 [INFO] [开始读取数据库表：sales_data]
2025-12-25 10:01:50,221 [INFO] [成功读取表 sales_data，数据行数：24406]
2025-12-25 10:01:51,794 [INFO] [开始读取数据库表：jingpin_data]
2025-12-25 10:01:51,951 [INFO] [成功读取表 jingpin_data，数据行数：5166]
2025-12-25 10:01:52,007 [INFO] [开始读取数据库表：inventory_data]
2025-12-25 10:01:52,329 [INFO] [成功读取表 inventory_data，数据行数：4119]
2025-12-25 10:01:52,329 [INFO] [开始读取数据库表：tuiding_data]
2025-12-25 10:01:52,532 [INFO] [成功读取表 tuiding_data，数据行数：4787]
2025-12-25 10:01:52,532 [INFO] [开始读取数据库表：debit_data]
2025-12-25 10:01:53,895 [INFO] [成功读取表 debit_data，数据行数：26807]
2025-12-25 10:01:54,229 [INFO] [开始读取数据库表：sales_invoice_data]
2025-12-25 10:01:55,238 [INFO] [成功读取表 sales_invoice_data，数据行数：21963]
2025-12-25 10:31:30,087 [INFO] [数据库引擎创建成功]
2025-12-25 10:31:30,087 [INFO] [开始读取数据库表：order_data]
2025-12-25 10:31:31,594 [INFO] [成功读取表 order_data，数据行数：25648]
2025-12-25 10:31:31,867 [INFO] [开始读取数据库表：sales_data]
2025-12-25 10:31:35,257 [INFO] [成功读取表 sales_data，数据行数：24407]
2025-12-25 10:31:36,996 [INFO] [开始读取数据库表：jingpin_data]
2025-12-25 10:31:37,142 [INFO] [成功读取表 jingpin_data，数据行数：5166]
2025-12-25 10:31:37,194 [INFO] [开始读取数据库表：inventory_data]
2025-12-25 10:31:37,534 [INFO] [成功读取表 inventory_data，数据行数：4117]
2025-12-25 10:31:37,534 [INFO] [开始读取数据库表：tuiding_data]
2025-12-25 10:31:37,739 [INFO] [成功读取表 tuiding_data，数据行数：4787]
2025-12-25 10:31:37,748 [INFO] [开始读取数据库表：debit_data]
2025-12-25 10:31:39,117 [INFO] [成功读取表 debit_data，数据行数：26807]
2025-12-25 10:31:39,426 [INFO] [开始读取数据库表：sales_invoice_data]
2025-12-25 10:31:40,499 [INFO] [成功读取表 sales_invoice_data，数据行数：21965]
2025-12-25 11:01:04,989 [INFO] [数据库引擎创建成功]
2025-12-25 11:01:04,990 [INFO] [开始读取数据库表：order_data]
2025-12-25 11:01:06,399 [INFO] [成功读取表 order_data，数据行数：25654]
2025-12-25 11:01:06,655 [INFO] [开始读取数据库表：sales_data]
2025-12-25 11:01:09,729 [INFO] [成功读取表 sales_data，数据行数：24411]
2025-12-25 11:01:11,274 [INFO] [开始读取数据库表：jingpin_data]
2025-12-25 11:01:11,418 [INFO] [成功读取表 jingpin_data，数据行数：5166]
2025-12-25 11:01:11,470 [INFO] [开始读取数据库表：inventory_data]
2025-12-25 11:01:11,782 [INFO] [成功读取表 inventory_data，数据行数：4110]
2025-12-25 11:01:11,782 [INFO] [开始读取数据库表：tuiding_data]
2025-12-25 11:01:11,993 [INFO] [成功读取表 tuiding_data，数据行数：4789]
2025-12-25 11:01:11,993 [INFO] [开始读取数据库表：debit_data]
2025-12-25 11:01:13,300 [INFO] [成功读取表 debit_data，数据行数：26807]
2025-12-25 11:01:13,556 [INFO] [开始读取数据库表：sales_invoice_data]
2025-12-25 11:01:14,590 [INFO] [成功读取表 sales_invoice_data，数据行数：21969]
2025-12-25 11:32:03,021 [INFO] [数据库引擎创建成功]
2025-12-25 11:32:03,031 [INFO] [开始读取数据库表：order_data]
2025-12-25 11:32:04,482 [INFO] [成功读取表 order_data，数据行数：25658]
2025-12-25 11:32:04,814 [INFO] [开始读取数据库表：sales_data]
2025-12-25 11:32:07,952 [INFO] [成功读取表 sales_data，数据行数：24414]
2025-12-25 11:32:10,087 [INFO] [开始读取数据库表：jingpin_data]
2025-12-25 11:32:10,254 [INFO] [成功读取表 jingpin_data，数据行数：5166]
2025-12-25 11:32:10,327 [INFO] [开始读取数据库表：inventory_data]
2025-12-25 11:32:10,714 [INFO] [成功读取表 inventory_data，数据行数：4107]
2025-12-25 11:32:10,715 [INFO] [开始读取数据库表：tuiding_data]
2025-12-25 11:32:11,002 [INFO] [成功读取表 tuiding_data，数据行数：4789]
2025-12-25 11:32:11,002 [INFO] [开始读取数据库表：debit_data]
2025-12-25 11:32:12,924 [INFO] [成功读取表 debit_data，数据行数：26807]
2025-12-25 11:32:13,376 [INFO] [开始读取数据库表：sales_invoice_data]
2025-12-25 11:32:16,071 [INFO] [成功读取表 sales_invoice_data，数据行数：21972]
2025-12-25 12:01:20,376 [INFO] [数据库引擎创建成功]
2025-12-25 12:01:20,377 [INFO] [开始读取数据库表：order_data]
2025-12-25 12:01:21,778 [INFO] [成功读取表 order_data，数据行数：25660]
2025-12-25 12:01:22,032 [INFO] [开始读取数据库表：sales_data]
2025-12-25 12:01:25,234 [INFO] [成功读取表 sales_data，数据行数：24420]
2025-12-25 12:01:26,817 [INFO] [开始读取数据库表：jingpin_data]
2025-12-25 12:01:26,957 [INFO] [成功读取表 jingpin_data，数据行数：5165]
2025-12-25 12:01:27,007 [INFO] [开始读取数据库表：inventory_data]
2025-12-25 12:01:27,335 [INFO] [成功读取表 inventory_data，数据行数：4103]
2025-12-25 12:01:27,335 [INFO] [开始读取数据库表：tuiding_data]
2025-12-25 12:01:27,546 [INFO] [成功读取表 tuiding_data，数据行数：4789]
2025-12-25 12:01:27,546 [INFO] [开始读取数据库表：debit_data]
2025-12-25 12:01:28,933 [INFO] [成功读取表 debit_data，数据行数：26809]
2025-12-25 12:01:29,272 [INFO] [开始读取数据库表：sales_invoice_data]
2025-12-25 12:01:30,502 [INFO] [成功读取表 sales_invoice_data，数据行数：21977]
2025-12-25 12:30:23,920 [INFO] [数据库引擎创建成功]
2025-12-25 12:30:23,921 [INFO] [开始读取数据库表：order_data]
2025-12-25 12:30:25,304 [INFO] [成功读取表 order_data，数据行数：25661]
2025-12-25 12:30:25,552 [INFO] [开始读取数据库表：sales_data]
2025-12-25 12:30:28,526 [INFO] [成功读取表 sales_data，数据行数：24421]
2025-12-25 12:30:30,019 [INFO] [开始读取数据库表：jingpin_data]
2025-12-25 12:30:30,158 [INFO] [成功读取表 jingpin_data，数据行数：5165]
2025-12-25 12:30:30,214 [INFO] [开始读取数据库表：inventory_data]
2025-12-25 12:30:30,521 [INFO] [成功读取表 inventory_data，数据行数：4182]
2025-12-25 12:30:30,521 [INFO] [开始读取数据库表：tuiding_data]
2025-12-25 12:30:30,701 [INFO] [成功读取表 tuiding_data，数据行数：4789]
2025-12-25 12:30:30,701 [INFO] [开始读取数据库表：debit_data]
2025-12-25 12:30:32,005 [INFO] [成功读取表 debit_data，数据行数：26968]
2025-12-25 12:30:32,299 [INFO] [开始读取数据库表：sales_invoice_data]
2025-12-25 12:30:33,301 [INFO] [成功读取表 sales_invoice_data，数据行数：21978]
2025-12-25 13:00:27,571 [INFO] [数据库引擎创建成功]
2025-12-25 13:00:27,571 [INFO] [开始读取数据库表：order_data]
2025-12-25 13:00:29,023 [INFO] [成功读取表 order_data，数据行数：25670]
2025-12-25 13:00:29,279 [INFO] [开始读取数据库表：sales_data]
2025-12-25 13:00:32,519 [INFO] [成功读取表 sales_data，数据行数：24425]
2025-12-25 13:00:34,200 [INFO] [开始读取数据库表：jingpin_data]
2025-12-25 13:00:34,388 [INFO] [成功读取表 jingpin_data，数据行数：5165]
2025-12-25 13:00:34,446 [INFO] [开始读取数据库表：inventory_data]
2025-12-25 13:00:34,800 [INFO] [成功读取表 inventory_data，数据行数：4178]
2025-12-25 13:00:34,800 [INFO] [开始读取数据库表：tuiding_data]
2025-12-25 13:00:35,050 [INFO] [成功读取表 tuiding_data，数据行数：4789]
2025-12-25 13:00:35,050 [INFO] [开始读取数据库表：debit_data]
2025-12-25 13:00:36,522 [INFO] [成功读取表 debit_data，数据行数：26968]
2025-12-25 13:00:36,831 [INFO] [开始读取数据库表：sales_invoice_data]
2025-12-25 13:00:38,030 [INFO] [成功读取表 sales_invoice_data，数据行数：21981]
2025-12-25 13:31:50,510 [INFO] [数据库引擎创建成功]
2025-12-25 13:31:50,510 [INFO] [开始读取数据库表：order_data]
2025-12-25 13:31:51,991 [INFO] [成功读取表 order_data，数据行数：25679]
2025-12-25 13:31:52,287 [INFO] [开始读取数据库表：sales_data]
2025-12-25 13:31:55,500 [INFO] [成功读取表 sales_data，数据行数：24432]
2025-12-25 13:31:57,273 [INFO] [开始读取数据库表：jingpin_data]
2025-12-25 13:31:57,449 [INFO] [成功读取表 jingpin_data，数据行数：5165]
2025-12-25 13:31:57,521 [INFO] [开始读取数据库表：inventory_data]
2025-12-25 13:31:57,841 [INFO] [成功读取表 inventory_data，数据行数：4172]
2025-12-25 13:31:57,841 [INFO] [开始读取数据库表：tuiding_data]
2025-12-25 13:31:58,028 [INFO] [成功读取表 tuiding_data，数据行数：4789]
2025-12-25 13:31:58,028 [INFO] [开始读取数据库表：debit_data]
2025-12-25 13:31:59,459 [INFO] [成功读取表 debit_data，数据行数：26968]
2025-12-25 13:31:59,809 [INFO] [开始读取数据库表：sales_invoice_data]
2025-12-25 13:32:00,913 [INFO] [成功读取表 sales_invoice_data，数据行数：21986]
2025-12-25 14:01:00,733 [INFO] [数据库引擎创建成功]
2025-12-25 14:01:00,743 [INFO] [开始读取数据库表：order_data]
2025-12-25 14:01:02,211 [INFO] [成功读取表 order_data，数据行数：25681]
2025-12-25 14:01:02,471 [INFO] [开始读取数据库表：sales_data]
2025-12-25 14:01:05,837 [INFO] [成功读取表 sales_data，数据行数：24437]
2025-12-25 14:01:07,370 [INFO] [开始读取数据库表：jingpin_data]
2025-12-25 14:01:07,546 [INFO] [成功读取表 jingpin_data，数据行数：5165]
2025-12-25 14:01:07,602 [INFO] [开始读取数据库表：inventory_data]
2025-12-25 14:01:07,908 [INFO] [成功读取表 inventory_data，数据行数：4167]
2025-12-25 14:01:07,908 [INFO] [开始读取数据库表：tuiding_data]
2025-12-25 14:01:08,129 [INFO] [成功读取表 tuiding_data，数据行数：4790]
2025-12-25 14:01:08,129 [INFO] [开始读取数据库表：debit_data]
2025-12-25 14:01:09,499 [INFO] [成功读取表 debit_data，数据行数：26968]
2025-12-25 14:01:09,804 [INFO] [开始读取数据库表：sales_invoice_data]
2025-12-25 14:01:10,883 [INFO] [成功读取表 sales_invoice_data，数据行数：21991]
2025-12-25 14:31:21,584 [INFO] [数据库引擎创建成功]
2025-12-25 14:31:21,584 [INFO] [开始读取数据库表：order_data]
2025-12-25 14:31:23,160 [INFO] [成功读取表 order_data，数据行数：25692]
2025-12-25 14:31:23,458 [INFO] [开始读取数据库表：sales_data]
2025-12-25 14:31:26,628 [INFO] [成功读取表 sales_data，数据行数：24446]
2025-12-25 14:31:28,191 [INFO] [开始读取数据库表：jingpin_data]
2025-12-25 14:31:28,337 [INFO] [成功读取表 jingpin_data，数据行数：5165]
2025-12-25 14:31:28,392 [INFO] [开始读取数据库表：inventory_data]
2025-12-25 14:31:28,738 [INFO] [成功读取表 inventory_data，数据行数：4158]
2025-12-25 14:31:28,738 [INFO] [开始读取数据库表：tuiding_data]
2025-12-25 14:31:28,929 [INFO] [成功读取表 tuiding_data，数据行数：4792]
2025-12-25 14:31:28,929 [INFO] [开始读取数据库表：debit_data]
2025-12-25 14:31:30,294 [INFO] [成功读取表 debit_data，数据行数：26968]
2025-12-25 14:31:30,608 [INFO] [开始读取数据库表：sales_invoice_data]
2025-12-25 14:31:31,685 [INFO] [成功读取表 sales_invoice_data，数据行数：22000]
2025-12-25 15:01:06,261 [INFO] [数据库引擎创建成功]
2025-12-25 15:01:06,262 [INFO] [开始读取数据库表：order_data]
2025-12-25 15:01:07,880 [INFO] [成功读取表 order_data，数据行数：25695]
2025-12-25 15:01:08,153 [INFO] [开始读取数据库表：sales_data]
2025-12-25 15:01:11,534 [INFO] [成功读取表 sales_data，数据行数：24449]
2025-12-25 15:01:13,080 [INFO] [开始读取数据库表：jingpin_data]
2025-12-25 15:01:13,275 [INFO] [成功读取表 jingpin_data，数据行数：5165]
2025-12-25 15:01:13,331 [INFO] [开始读取数据库表：inventory_data]
2025-12-25 15:01:13,712 [INFO] [成功读取表 inventory_data，数据行数：4157]
2025-12-25 15:01:13,712 [INFO] [开始读取数据库表：tuiding_data]
2025-12-25 15:01:13,927 [INFO] [成功读取表 tuiding_data，数据行数：4792]
2025-12-25 15:01:13,928 [INFO] [开始读取数据库表：debit_data]
2025-12-25 15:01:15,518 [INFO] [成功读取表 debit_data，数据行数：26970]
2025-12-25 15:01:15,839 [INFO] [开始读取数据库表：sales_invoice_data]
2025-12-25 15:01:17,023 [INFO] [成功读取表 sales_invoice_data，数据行数：22003]
2025-12-25 15:31:23,197 [INFO] [数据库引擎创建成功]
2025-12-25 15:31:23,198 [INFO] [开始读取数据库表：order_data]
2025-12-25 15:31:24,640 [INFO] [成功读取表 order_data，数据行数：25700]
2025-12-25 15:31:24,889 [INFO] [开始读取数据库表：sales_data]
2025-12-25 15:31:28,055 [INFO] [成功读取表 sales_data，数据行数：24458]
2025-12-25 15:31:29,629 [INFO] [开始读取数据库表：jingpin_data]
2025-12-25 15:31:29,778 [INFO] [成功读取表 jingpin_data，数据行数：5165]
2025-12-25 15:31:29,836 [INFO] [开始读取数据库表：inventory_data]
2025-12-25 15:31:30,137 [INFO] [成功读取表 inventory_data，数据行数：4149]
2025-12-25 15:31:30,137 [INFO] [开始读取数据库表：tuiding_data]
2025-12-25 15:31:30,323 [INFO] [成功读取表 tuiding_data，数据行数：4794]
2025-12-25 15:31:30,323 [INFO] [开始读取数据库表：debit_data]
2025-12-25 15:31:31,610 [INFO] [成功读取表 debit_data，数据行数：26970]
2025-12-25 15:31:31,894 [INFO] [开始读取数据库表：sales_invoice_data]
2025-12-25 15:31:32,953 [INFO] [成功读取表 sales_invoice_data，数据行数：22011]
2025-12-25 16:00:32,076 [INFO] [数据库引擎创建成功]
2025-12-25 16:00:32,076 [INFO] [开始读取数据库表：order_data]
2025-12-25 16:00:33,400 [INFO] [成功读取表 order_data，数据行数：25709]
2025-12-25 16:00:33,621 [INFO] [开始读取数据库表：sales_data]
2025-12-25 16:00:36,737 [INFO] [成功读取表 sales_data，数据行数：24465]
2025-12-25 16:00:38,261 [INFO] [开始读取数据库表：jingpin_data]
2025-12-25 16:00:38,404 [INFO] [成功读取表 jingpin_data，数据行数：5165]
2025-12-25 16:00:38,470 [INFO] [开始读取数据库表：inventory_data]
2025-12-25 16:00:38,777 [INFO] [成功读取表 inventory_data，数据行数：4141]
2025-12-25 16:00:38,777 [INFO] [开始读取数据库表：tuiding_data]
2025-12-25 16:00:38,965 [INFO] [成功读取表 tuiding_data，数据行数：4794]
2025-12-25 16:00:38,966 [INFO] [开始读取数据库表：debit_data]
2025-12-25 16:00:40,336 [INFO] [成功读取表 debit_data，数据行数：26970]
2025-12-25 16:00:40,617 [INFO] [开始读取数据库表：sales_invoice_data]
2025-12-25 16:00:41,703 [INFO] [成功读取表 sales_invoice_data，数据行数：22018]
2025-12-25 16:30:39,526 [INFO] [数据库引擎创建成功]
2025-12-25 16:30:39,526 [INFO] [开始读取数据库表：order_data]
2025-12-25 16:30:41,792 [INFO] [成功读取表 order_data，数据行数：25715]
2025-12-25 16:30:42,133 [INFO] [开始读取数据库表：sales_data]
2025-12-25 16:30:47,992 [INFO] [成功读取表 sales_data，数据行数：24476]
2025-12-25 16:30:49,719 [INFO] [开始读取数据库表：jingpin_data]
2025-12-25 16:30:49,895 [INFO] [成功读取表 jingpin_data，数据行数：5165]
2025-12-25 16:30:49,959 [INFO] [开始读取数据库表：inventory_data]
2025-12-25 16:30:50,366 [INFO] [成功读取表 inventory_data，数据行数：4130]
2025-12-25 16:30:50,367 [INFO] [开始读取数据库表：tuiding_data]
2025-12-25 16:30:50,618 [INFO] [成功读取表 tuiding_data，数据行数：4794]
2025-12-25 16:30:50,618 [INFO] [开始读取数据库表：debit_data]
2025-12-25 16:30:52,594 [INFO] [成功读取表 debit_data，数据行数：26970]
2025-12-25 16:30:52,900 [INFO] [开始读取数据库表：sales_invoice_data]
2025-12-25 16:30:53,913 [INFO] [成功读取表 sales_invoice_data，数据行数：22028]
2025-12-25 17:00:37,270 [INFO] [数据库引擎创建成功]
2025-12-25 17:00:37,270 [INFO] [开始读取数据库表：order_data]
2025-12-25 17:00:38,831 [INFO] [成功读取表 order_data，数据行数：25718]
2025-12-25 17:00:39,108 [INFO] [开始读取数据库表：sales_data]
2025-12-25 17:00:42,397 [INFO] [成功读取表 sales_data，数据行数：24478]
2025-12-25 17:00:43,974 [INFO] [开始读取数据库表：jingpin_data]
2025-12-25 17:00:44,126 [INFO] [成功读取表 jingpin_data，数据行数：5165]
2025-12-25 17:00:44,188 [INFO] [开始读取数据库表：inventory_data]
2025-12-25 17:00:44,554 [INFO] [成功读取表 inventory_data，数据行数：4130]
2025-12-25 17:00:44,554 [INFO] [开始读取数据库表：tuiding_data]
2025-12-25 17:00:44,771 [INFO] [成功读取表 tuiding_data，数据行数：4794]
2025-12-25 17:00:44,771 [INFO] [开始读取数据库表：debit_data]
2025-12-25 17:00:46,239 [INFO] [成功读取表 debit_data，数据行数：26970]
2025-12-25 17:00:46,550 [INFO] [开始读取数据库表：sales_invoice_data]
2025-12-25 17:00:47,646 [INFO] [成功读取表 sales_invoice_data，数据行数：22030]
2025-12-25 17:31:54,096 [INFO] [数据库引擎创建成功]
2025-12-25 17:31:54,096 [INFO] [开始读取数据库表：order_data]
2025-12-25 17:31:55,623 [INFO] [成功读取表 order_data，数据行数：25725]
2025-12-25 17:31:55,890 [INFO] [开始读取数据库表：sales_data]
2025-12-25 17:31:59,337 [INFO] [成功读取表 sales_data，数据行数：24481]
2025-12-25 17:32:00,907 [INFO] [开始读取数据库表：jingpin_data]
2025-12-25 17:32:01,044 [INFO] [成功读取表 jingpin_data，数据行数：5165]
2025-12-25 17:32:01,093 [INFO] [开始读取数据库表：inventory_data]
2025-12-25 17:32:01,422 [INFO] [成功读取表 inventory_data，数据行数：4124]
2025-12-25 17:32:01,422 [INFO] [开始读取数据库表：tuiding_data]
2025-12-25 17:32:01,606 [INFO] [成功读取表 tuiding_data，数据行数：4794]
2025-12-25 17:32:01,607 [INFO] [开始读取数据库表：debit_data]
2025-12-25 17:32:02,973 [INFO] [成功读取表 debit_data，数据行数：26970]
2025-12-25 17:32:03,267 [INFO] [开始读取数据库表：sales_invoice_data]
2025-12-25 17:32:04,277 [INFO] [成功读取表 sales_invoice_data，数据行数：22032]
2025-12-25 18:01:45,888 [INFO] [数据库引擎创建成功]
2025-12-25 18:01:45,888 [INFO] [开始读取数据库表：order_data]
2025-12-25 18:01:47,569 [INFO] [成功读取表 order_data，数据行数：25730]
2025-12-25 18:01:47,897 [INFO] [开始读取数据库表：sales_data]
2025-12-25 18:01:51,470 [INFO] [成功读取表 sales_data，数据行数：24496]
2025-12-25 18:01:53,549 [INFO] [开始读取数据库表：jingpin_data]
2025-12-25 18:01:53,726 [INFO] [成功读取表 jingpin_data，数据行数：5165]
2025-12-25 18:01:53,822 [INFO] [开始读取数据库表：inventory_data]
2025-12-25 18:01:54,234 [INFO] [成功读取表 inventory_data，数据行数：4110]
2025-12-25 18:01:54,234 [INFO] [开始读取数据库表：tuiding_data]
2025-12-25 18:01:54,469 [INFO] [成功读取表 tuiding_data，数据行数：4794]
2025-12-25 18:01:54,469 [INFO] [开始读取数据库表：debit_data]
2025-12-25 18:01:56,249 [INFO] [成功读取表 debit_data，数据行数：26970]
2025-12-25 18:01:56,723 [INFO] [开始读取数据库表：sales_invoice_data]
2025-12-25 18:01:58,077 [INFO] [成功读取表 sales_invoice_data，数据行数：22048]
2025-12-25 18:30:13,079 [INFO] [数据库引擎创建成功]
2025-12-25 18:30:13,080 [INFO] [开始读取数据库表：order_data]
2025-12-25 18:30:14,479 [INFO] [成功读取表 order_data，数据行数：25734]
2025-12-25 18:30:14,730 [INFO] [开始读取数据库表：sales_data]
2025-12-25 18:30:17,701 [INFO] [成功读取表 sales_data，数据行数：24506]
2025-12-25 18:30:19,176 [INFO] [开始读取数据库表：jingpin_data]
2025-12-25 18:30:19,312 [INFO] [成功读取表 jingpin_data，数据行数：5165]
2025-12-25 18:30:19,368 [INFO] [开始读取数据库表：inventory_data]
2025-12-25 18:30:19,687 [INFO] [成功读取表 inventory_data，数据行数：4100]
2025-12-25 18:30:19,687 [INFO] [开始读取数据库表：tuiding_data]
2025-12-25 18:30:19,878 [INFO] [成功读取表 tuiding_data，数据行数：4795]
2025-12-25 18:30:19,878 [INFO] [开始读取数据库表：debit_data]
2025-12-25 18:30:21,187 [INFO] [成功读取表 debit_data，数据行数：26970]
2025-12-25 18:30:21,483 [INFO] [开始读取数据库表：sales_invoice_data]
2025-12-25 18:30:22,517 [INFO] [成功读取表 sales_invoice_data，数据行数：22058]
2025-12-25 19:00:15,160 [INFO] [数据库引擎创建成功]
2025-12-25 19:00:15,161 [INFO] [开始读取数据库表：order_data]
2025-12-25 19:00:16,840 [INFO] [成功读取表 order_data，数据行数：25734]
2025-12-25 19:00:17,097 [INFO] [开始读取数据库表：sales_data]
2025-12-25 19:00:22,746 [INFO] [成功读取表 sales_data，数据行数：24507]
2025-12-25 19:00:24,803 [INFO] [开始读取数据库表：jingpin_data]
2025-12-25 19:00:24,974 [INFO] [成功读取表 jingpin_data，数据行数：5165]
2025-12-25 19:00:25,037 [INFO] [开始读取数据库表：inventory_data]
2025-12-25 19:00:25,841 [INFO] [成功读取表 inventory_data，数据行数：4098]
2025-12-25 19:00:25,841 [INFO] [开始读取数据库表：tuiding_data]
2025-12-25 19:00:26,747 [INFO] [成功读取表 tuiding_data，数据行数：4797]
2025-12-25 19:00:26,748 [INFO] [开始读取数据库表：debit_data]
2025-12-25 19:00:29,424 [INFO] [成功读取表 debit_data，数据行数：26970]
2025-12-25 19:00:29,902 [INFO] [开始读取数据库表：sales_invoice_data]
2025-12-25 19:00:31,559 [INFO] [成功读取表 sales_invoice_data，数据行数：22060]
2025-12-25 19:30:28,716 [INFO] [数据库引擎创建成功]
2025-12-25 19:30:28,717 [INFO] [开始读取数据库表：order_data]
2025-12-25 19:30:30,198 [INFO] [成功读取表 order_data，数据行数：25734]
2025-12-25 19:30:30,457 [INFO] [开始读取数据库表：sales_data]
2025-12-25 19:30:33,687 [INFO] [成功读取表 sales_data，数据行数：24508]
2025-12-25 19:30:35,343 [INFO] [开始读取数据库表：jingpin_data]
2025-12-25 19:30:35,500 [INFO] [成功读取表 jingpin_data，数据行数：5165]
2025-12-25 19:30:35,563 [INFO] [开始读取数据库表：inventory_data]
2025-12-25 19:30:35,893 [INFO] [成功读取表 inventory_data，数据行数：4097]
2025-12-25 19:30:35,893 [INFO] [开始读取数据库表：tuiding_data]
2025-12-25 19:30:36,135 [INFO] [成功读取表 tuiding_data，数据行数：4797]
2025-12-25 19:30:36,136 [INFO] [开始读取数据库表：debit_data]
2025-12-25 19:30:37,592 [INFO] [成功读取表 debit_data，数据行数：26970]
2025-12-25 19:30:37,941 [INFO] [开始读取数据库表：sales_invoice_data]
2025-12-25 19:30:39,035 [INFO] [成功读取表 sales_invoice_data，数据行数：22061]
2025-12-25 20:00:23,921 [INFO] [数据库引擎创建成功]
2025-12-25 20:00:23,921 [INFO] [开始读取数据库表：order_data]
2025-12-25 20:00:25,321 [INFO] [成功读取表 order_data，数据行数：25734]
2025-12-25 20:00:25,577 [INFO] [开始读取数据库表：sales_data]
2025-12-25 20:00:28,837 [INFO] [成功读取表 sales_data，数据行数：24510]
2025-12-25 20:00:30,372 [INFO] [开始读取数据库表：jingpin_data]
2025-12-25 20:00:30,522 [INFO] [成功读取表 jingpin_data，数据行数：5165]
2025-12-25 20:00:30,583 [INFO] [开始读取数据库表：inventory_data]
2025-12-25 20:00:30,899 [INFO] [成功读取表 inventory_data，数据行数：4095]
2025-12-25 20:00:30,899 [INFO] [开始读取数据库表：tuiding_data]
2025-12-25 20:00:31,083 [INFO] [成功读取表 tuiding_data，数据行数：4797]
2025-12-25 20:00:31,084 [INFO] [开始读取数据库表：debit_data]
2025-12-25 20:00:32,414 [INFO] [成功读取表 debit_data，数据行数：26970]
2025-12-25 20:00:32,675 [INFO] [开始读取数据库表：sales_invoice_data]
2025-12-25 20:00:33,641 [INFO] [成功读取表 sales_invoice_data，数据行数：22063]
2025-12-25 20:32:04,933 [INFO] [数据库引擎创建成功]
2025-12-25 20:32:04,933 [INFO] [开始读取数据库表：order_data]
2025-12-25 20:32:06,399 [INFO] [成功读取表 order_data，数据行数：25734]
2025-12-25 20:32:06,682 [INFO] [开始读取数据库表：sales_data]
2025-12-25 20:32:09,940 [INFO] [成功读取表 sales_data，数据行数：24510]
2025-12-25 20:32:11,668 [INFO] [开始读取数据库表：jingpin_data]
2025-12-25 20:32:11,808 [INFO] [成功读取表 jingpin_data，数据行数：5165]
2025-12-25 20:32:11,863 [INFO] [开始读取数据库表：inventory_data]
2025-12-25 20:32:12,171 [INFO] [成功读取表 inventory_data，数据行数：4095]
2025-12-25 20:32:12,171 [INFO] [开始读取数据库表：tuiding_data]
2025-12-25 20:32:12,397 [INFO] [成功读取表 tuiding_data，数据行数：4797]
2025-12-25 20:32:12,398 [INFO] [开始读取数据库表：debit_data]
2025-12-25 20:32:13,753 [INFO] [成功读取表 debit_data，数据行数：26970]
2025-12-25 20:32:14,088 [INFO] [开始读取数据库表：sales_invoice_data]
2025-12-25 20:32:15,276 [INFO] [成功读取表 sales_invoice_data，数据行数：22063]
2025-12-25 21:01:30,891 [INFO] [数据库引擎创建成功]
2025-12-25 21:01:30,891 [INFO] [开始读取数据库表：order_data]
2025-12-25 21:01:32,444 [INFO] [成功读取表 order_data，数据行数：25734]
2025-12-25 21:01:32,718 [INFO] [开始读取数据库表：sales_data]
2025-12-25 21:01:36,184 [INFO] [成功读取表 sales_data，数据行数：24510]
2025-12-25 21:01:37,874 [INFO] [开始读取数据库表：jingpin_data]
2025-12-25 21:01:38,042 [INFO] [成功读取表 jingpin_data，数据行数：5165]
2025-12-25 21:01:38,103 [INFO] [开始读取数据库表：inventory_data]
2025-12-25 21:01:38,429 [INFO] [成功读取表 inventory_data，数据行数：4095]
2025-12-25 21:01:38,429 [INFO] [开始读取数据库表：tuiding_data]
2025-12-25 21:01:38,620 [INFO] [成功读取表 tuiding_data，数据行数：4797]
2025-12-25 21:01:38,620 [INFO] [开始读取数据库表：debit_data]
2025-12-25 21:01:40,250 [INFO] [成功读取表 debit_data，数据行数：26970]
2025-12-25 21:01:40,646 [INFO] [开始读取数据库表：sales_invoice_data]
2025-12-25 21:01:41,799 [INFO] [成功读取表 sales_invoice_data，数据行数：22063]
2025-12-25 21:30:58,550 [INFO] [数据库引擎创建成功]
2025-12-25 21:30:58,550 [INFO] [开始读取数据库表：order_data]
2025-12-25 21:31:00,148 [INFO] [成功读取表 order_data，数据行数：25734]
2025-12-25 21:31:00,397 [INFO] [开始读取数据库表：sales_data]
2025-12-25 21:31:03,933 [INFO] [成功读取表 sales_data，数据行数：24510]
2025-12-25 21:31:05,614 [INFO] [开始读取数据库表：jingpin_data]
2025-12-25 21:31:05,785 [INFO] [成功读取表 jingpin_data，数据行数：5165]
2025-12-25 21:31:05,851 [INFO] [开始读取数据库表：inventory_data]
2025-12-25 21:31:06,241 [INFO] [成功读取表 inventory_data，数据行数：4568]
2025-12-25 21:31:06,241 [INFO] [开始读取数据库表：tuiding_data]
2025-12-25 21:31:06,458 [INFO] [成功读取表 tuiding_data，数据行数：4797]
2025-12-25 21:31:06,458 [INFO] [开始读取数据库表：debit_data]
2025-12-25 21:31:08,034 [INFO] [成功读取表 debit_data，数据行数：27443]
2025-12-25 21:31:08,401 [INFO] [开始读取数据库表：sales_invoice_data]
2025-12-25 21:31:09,637 [INFO] [成功读取表 sales_invoice_data，数据行数：22063]
2025-12-25 22:01:07,339 [INFO] [数据库引擎创建成功]
2025-12-25 22:01:07,339 [INFO] [开始读取数据库表：order_data]
2025-12-25 22:01:08,848 [INFO] [成功读取表 order_data，数据行数：25734]
2025-12-25 22:01:09,126 [INFO] [开始读取数据库表：sales_data]
2025-12-25 22:01:12,560 [INFO] [成功读取表 sales_data，数据行数：24510]
2025-12-25 22:01:14,257 [INFO] [开始读取数据库表：jingpin_data]
2025-12-25 22:01:14,395 [INFO] [成功读取表 jingpin_data，数据行数：5165]
2025-12-25 22:01:14,450 [INFO] [开始读取数据库表：inventory_data]
2025-12-25 22:01:14,790 [INFO] [成功读取表 inventory_data，数据行数：4739]
2025-12-25 22:01:14,790 [INFO] [开始读取数据库表：tuiding_data]
2025-12-25 22:01:14,987 [INFO] [成功读取表 tuiding_data，数据行数：4797]
2025-12-25 22:01:14,987 [INFO] [开始读取数据库表：debit_data]
2025-12-25 22:01:16,377 [INFO] [成功读取表 debit_data，数据行数：27614]
2025-12-25 22:01:16,683 [INFO] [开始读取数据库表：sales_invoice_data]
2025-12-25 22:01:17,728 [INFO] [成功读取表 sales_invoice_data，数据行数：22063]
