2025-11-17 08:07:12,114 [INFO] [数据库引擎创建成功]
2025-11-17 08:07:12,114 [INFO] [开始读取数据库表：order_data]
2025-11-17 08:07:12,588 [INFO] [成功读取表 order_data，数据行数：23528]
2025-11-17 08:07:12,725 [INFO] [开始读取数据库表：sales_data]
2025-11-17 08:07:20,930 [INFO] [成功读取表 sales_data，数据行数：25176]
2025-11-17 08:07:22,808 [INFO] [开始读取数据库表：jingpin_data]
2025-11-17 08:07:23,039 [INFO] [成功读取表 jingpin_data，数据行数：4430]
2025-11-17 08:07:23,134 [INFO] [开始读取数据库表：inventory_data]
2025-11-17 08:07:23,619 [INFO] [成功读取表 inventory_data，数据行数：5699]
2025-11-17 08:07:23,619 [INFO] [开始读取数据库表：tuiding_data]
2025-11-17 08:07:23,823 [INFO] [成功读取表 tuiding_data，数据行数：4119]
2025-11-17 08:07:23,823 [INFO] [开始读取数据库表：debit_data]
2025-11-17 08:07:25,583 [INFO] [成功读取表 debit_data，数据行数：24655]
2025-11-17 08:07:25,983 [INFO] [开始读取数据库表：sales_invoice_data]
2025-11-17 08:07:27,065 [INFO] [成功读取表 sales_invoice_data，数据行数：18146]
2025-11-17 08:28:49,801 [INFO] [数据库引擎创建成功]
2025-11-17 08:28:49,802 [INFO] [开始读取数据库表：order_data]
2025-11-17 08:28:50,267 [INFO] [成功读取表 order_data，数据行数：23528]
2025-11-17 08:28:50,398 [INFO] [开始读取数据库表：sales_data]
2025-11-17 08:28:54,751 [INFO] [成功读取表 sales_data，数据行数：25176]
2025-11-17 08:28:56,638 [INFO] [开始读取数据库表：jingpin_data]
2025-11-17 08:28:56,876 [INFO] [成功读取表 jingpin_data，数据行数：4430]
2025-11-17 08:28:56,946 [INFO] [开始读取数据库表：inventory_data]
2025-11-17 08:28:57,464 [INFO] [成功读取表 inventory_data，数据行数：5699]
2025-11-17 08:28:57,464 [INFO] [开始读取数据库表：tuiding_data]
2025-11-17 08:28:57,676 [INFO] [成功读取表 tuiding_data，数据行数：4119]
2025-11-17 08:28:57,676 [INFO] [开始读取数据库表：debit_data]
2025-11-17 08:29:01,385 [INFO] [成功读取表 debit_data，数据行数：24655]
2025-11-17 08:29:01,684 [INFO] [开始读取数据库表：sales_invoice_data]
2025-11-17 08:29:02,875 [INFO] [成功读取表 sales_invoice_data，数据行数：18146]
2025-11-17 08:59:07,189 [INFO] [数据库引擎创建成功]
2025-11-17 08:59:07,189 [INFO] [开始读取数据库表：order_data]
2025-11-17 08:59:07,726 [INFO] [成功读取表 order_data，数据行数：23528]
2025-11-17 08:59:07,846 [INFO] [开始读取数据库表：sales_data]
2025-11-17 08:59:11,930 [INFO] [成功读取表 sales_data，数据行数：25176]
2025-11-17 08:59:13,836 [INFO] [开始读取数据库表：jingpin_data]
2025-11-17 08:59:14,089 [INFO] [成功读取表 jingpin_data，数据行数：4430]
2025-11-17 08:59:14,153 [INFO] [开始读取数据库表：inventory_data]
2025-11-17 08:59:14,702 [INFO] [成功读取表 inventory_data，数据行数：5699]
2025-11-17 08:59:14,702 [INFO] [开始读取数据库表：tuiding_data]
2025-11-17 08:59:17,172 [INFO] [成功读取表 tuiding_data，数据行数：4119]
2025-11-17 08:59:17,172 [INFO] [开始读取数据库表：debit_data]
2025-11-17 08:59:18,970 [INFO] [成功读取表 debit_data，数据行数：24655]
2025-11-17 08:59:19,317 [INFO] [开始读取数据库表：sales_invoice_data]
2025-11-17 08:59:20,485 [INFO] [成功读取表 sales_invoice_data，数据行数：18146]
2025-11-17 09:31:09,511 [INFO] [数据库引擎创建成功]
2025-11-17 09:31:09,513 [INFO] [开始读取数据库表：order_data]
2025-11-17 09:31:10,535 [INFO] [成功读取表 order_data，数据行数：23526]
2025-11-17 09:31:10,844 [INFO] [开始读取数据库表：sales_data]
2025-11-17 09:31:21,838 [INFO] [成功读取表 sales_data，数据行数：25176]
2025-11-17 09:31:24,546 [INFO] [开始读取数据库表：jingpin_data]
2025-11-17 09:31:24,833 [INFO] [成功读取表 jingpin_data，数据行数：4430]
2025-11-17 09:31:24,911 [INFO] [开始读取数据库表：inventory_data]
2025-11-17 09:31:25,509 [INFO] [成功读取表 inventory_data，数据行数：5699]
2025-11-17 09:31:25,509 [INFO] [开始读取数据库表：tuiding_data]
2025-11-17 09:31:25,728 [INFO] [成功读取表 tuiding_data，数据行数：4122]
2025-11-17 09:31:25,728 [INFO] [开始读取数据库表：debit_data]
2025-11-17 09:31:27,780 [INFO] [成功读取表 debit_data，数据行数：24655]
2025-11-17 09:31:28,160 [INFO] [开始读取数据库表：sales_invoice_data]
2025-11-17 09:31:29,578 [INFO] [成功读取表 sales_invoice_data，数据行数：18146]
2025-11-17 10:00:35,962 [INFO] [数据库引擎创建成功]
2025-11-17 10:00:35,963 [INFO] [开始读取数据库表：order_data]
2025-11-17 10:00:36,806 [INFO] [成功读取表 order_data，数据行数：23527]
2025-11-17 10:00:36,976 [INFO] [开始读取数据库表：sales_data]
2025-11-17 10:00:42,564 [INFO] [成功读取表 sales_data，数据行数：25176]
2025-11-17 10:00:44,703 [INFO] [开始读取数据库表：jingpin_data]
2025-11-17 10:00:44,963 [INFO] [成功读取表 jingpin_data，数据行数：4430]
2025-11-17 10:00:45,030 [INFO] [开始读取数据库表：inventory_data]
2025-11-17 10:00:45,546 [INFO] [成功读取表 inventory_data，数据行数：5699]
2025-11-17 10:00:45,546 [INFO] [开始读取数据库表：tuiding_data]
2025-11-17 10:00:45,765 [INFO] [成功读取表 tuiding_data，数据行数：4123]
2025-11-17 10:00:45,766 [INFO] [开始读取数据库表：debit_data]
2025-11-17 10:00:49,950 [INFO] [成功读取表 debit_data，数据行数：24655]
2025-11-17 10:00:50,273 [INFO] [开始读取数据库表：sales_invoice_data]
2025-11-17 10:00:51,532 [INFO] [成功读取表 sales_invoice_data，数据行数：18146]
2025-11-17 10:30:28,225 [INFO] [数据库引擎创建成功]
2025-11-17 10:30:28,225 [INFO] [开始读取数据库表：order_data]
2025-11-17 10:30:28,724 [INFO] [成功读取表 order_data，数据行数：23529]
2025-11-17 10:30:28,881 [INFO] [开始读取数据库表：sales_data]
2025-11-17 10:30:32,836 [INFO] [成功读取表 sales_data，数据行数：25179]
2025-11-17 10:30:37,524 [INFO] [开始读取数据库表：jingpin_data]
2025-11-17 10:30:37,819 [INFO] [成功读取表 jingpin_data，数据行数：4430]
2025-11-17 10:30:37,860 [INFO] [开始读取数据库表：inventory_data]
2025-11-17 10:30:38,440 [INFO] [成功读取表 inventory_data，数据行数：5696]
2025-11-17 10:30:38,440 [INFO] [开始读取数据库表：tuiding_data]
2025-11-17 10:30:38,743 [INFO] [成功读取表 tuiding_data，数据行数：4123]
2025-11-17 10:30:38,743 [INFO] [开始读取数据库表：debit_data]
2025-11-17 10:30:40,939 [INFO] [成功读取表 debit_data，数据行数：24655]
2025-11-17 10:30:41,367 [INFO] [开始读取数据库表：sales_invoice_data]
2025-11-17 10:30:42,617 [INFO] [成功读取表 sales_invoice_data，数据行数：18148]
2025-11-17 11:00:13,973 [INFO] [数据库引擎创建成功]
2025-11-17 11:00:13,975 [INFO] [开始读取数据库表：order_data]
2025-11-17 11:00:14,669 [INFO] [成功读取表 order_data，数据行数：23530]
2025-11-17 11:00:14,866 [INFO] [开始读取数据库表：sales_data]
2025-11-17 11:00:20,731 [INFO] [成功读取表 sales_data，数据行数：25184]
2025-11-17 11:00:26,674 [INFO] [开始读取数据库表：jingpin_data]
2025-11-17 11:00:26,929 [INFO] [成功读取表 jingpin_data，数据行数：4430]
2025-11-17 11:00:27,024 [INFO] [开始读取数据库表：inventory_data]
2025-11-17 11:00:27,551 [INFO] [成功读取表 inventory_data，数据行数：5693]
2025-11-17 11:00:27,551 [INFO] [开始读取数据库表：tuiding_data]
2025-11-17 11:00:27,761 [INFO] [成功读取表 tuiding_data，数据行数：4123]
2025-11-17 11:00:27,762 [INFO] [开始读取数据库表：debit_data]
2025-11-17 11:00:30,157 [INFO] [成功读取表 debit_data，数据行数：24655]
2025-11-17 11:00:30,703 [INFO] [开始读取数据库表：sales_invoice_data]
2025-11-17 11:00:32,169 [INFO] [成功读取表 sales_invoice_data，数据行数：18151]
2025-11-17 11:30:15,468 [INFO] [数据库引擎创建成功]
2025-11-17 11:30:15,469 [INFO] [开始读取数据库表：order_data]
2025-11-17 11:30:16,148 [INFO] [成功读取表 order_data，数据行数：23532]
2025-11-17 11:30:16,327 [INFO] [开始读取数据库表：sales_data]
2025-11-17 11:30:21,490 [INFO] [成功读取表 sales_data，数据行数：25188]
2025-11-17 11:30:29,338 [INFO] [开始读取数据库表：jingpin_data]
2025-11-17 11:30:29,682 [INFO] [成功读取表 jingpin_data，数据行数：4431]
2025-11-17 11:30:29,783 [INFO] [开始读取数据库表：inventory_data]
2025-11-17 11:30:30,426 [INFO] [成功读取表 inventory_data，数据行数：5692]
2025-11-17 11:30:30,426 [INFO] [开始读取数据库表：tuiding_data]
2025-11-17 11:30:30,687 [INFO] [成功读取表 tuiding_data，数据行数：4123]
2025-11-17 11:30:30,687 [INFO] [开始读取数据库表：debit_data]
2025-11-17 11:30:33,214 [INFO] [成功读取表 debit_data，数据行数：24655]
2025-11-17 11:30:33,685 [INFO] [开始读取数据库表：sales_invoice_data]
2025-11-17 11:30:35,222 [INFO] [成功读取表 sales_invoice_data，数据行数：18155]
2025-11-17 11:59:58,144 [INFO] [数据库引擎创建成功]
2025-11-17 11:59:58,146 [INFO] [开始读取数据库表：order_data]
2025-11-17 11:59:58,952 [INFO] [成功读取表 order_data，数据行数：23530]
2025-11-17 11:59:59,132 [INFO] [开始读取数据库表：sales_data]
2025-11-17 12:00:05,276 [INFO] [成功读取表 sales_data，数据行数：25193]
2025-11-17 12:00:10,627 [INFO] [开始读取数据库表：jingpin_data]
2025-11-17 12:00:12,120 [INFO] [成功读取表 jingpin_data，数据行数：4432]
2025-11-17 12:00:12,209 [INFO] [开始读取数据库表：inventory_data]
2025-11-17 12:00:12,941 [INFO] [成功读取表 inventory_data，数据行数：5720]
2025-11-17 12:00:12,942 [INFO] [开始读取数据库表：tuiding_data]
2025-11-17 12:00:13,256 [INFO] [成功读取表 tuiding_data，数据行数：4127]
2025-11-17 12:00:13,257 [INFO] [开始读取数据库表：debit_data]
2025-11-17 12:00:15,775 [INFO] [成功读取表 debit_data，数据行数：24678]
2025-11-17 12:00:16,246 [INFO] [开始读取数据库表：sales_invoice_data]
2025-11-17 12:00:17,684 [INFO] [成功读取表 sales_invoice_data，数据行数：18159]
2025-11-17 12:29:41,521 [INFO] [数据库引擎创建成功]
2025-11-17 12:29:41,521 [INFO] [开始读取数据库表：order_data]
2025-11-17 12:29:42,409 [INFO] [成功读取表 order_data，数据行数：23524]
2025-11-17 12:29:42,671 [INFO] [开始读取数据库表：sales_data]
2025-11-17 12:29:47,640 [INFO] [成功读取表 sales_data，数据行数：25201]
2025-11-17 12:29:49,289 [INFO] [开始读取数据库表：jingpin_data]
2025-11-17 12:29:49,492 [INFO] [成功读取表 jingpin_data，数据行数：4432]
2025-11-17 12:29:49,535 [INFO] [开始读取数据库表：inventory_data]
2025-11-17 12:29:50,007 [INFO] [成功读取表 inventory_data，数据行数：5721]
2025-11-17 12:29:50,007 [INFO] [开始读取数据库表：tuiding_data]
2025-11-17 12:29:50,209 [INFO] [成功读取表 tuiding_data，数据行数：4134]
2025-11-17 12:29:50,209 [INFO] [开始读取数据库表：debit_data]
2025-11-17 12:29:51,875 [INFO] [成功读取表 debit_data，数据行数：24724]
2025-11-17 12:29:52,190 [INFO] [开始读取数据库表：sales_invoice_data]
2025-11-17 12:29:53,204 [INFO] [成功读取表 sales_invoice_data，数据行数：18167]
2025-11-17 13:00:55,187 [INFO] [数据库引擎创建成功]
2025-11-17 13:00:55,187 [INFO] [开始读取数据库表：order_data]
2025-11-17 13:00:55,825 [INFO] [成功读取表 order_data，数据行数：23523]
2025-11-17 13:00:56,013 [INFO] [开始读取数据库表：sales_data]
2025-11-17 13:01:06,845 [INFO] [成功读取表 sales_data，数据行数：25209]
2025-11-17 13:01:08,836 [INFO] [开始读取数据库表：jingpin_data]
2025-11-17 13:01:09,090 [INFO] [成功读取表 jingpin_data，数据行数：4433]
2025-11-17 13:01:09,159 [INFO] [开始读取数据库表：inventory_data]
2025-11-17 13:01:09,680 [INFO] [成功读取表 inventory_data，数据行数：5712]
2025-11-17 13:01:09,680 [INFO] [开始读取数据库表：tuiding_data]
2025-11-17 13:01:09,885 [INFO] [成功读取表 tuiding_data，数据行数：4136]
2025-11-17 13:01:09,886 [INFO] [开始读取数据库表：debit_data]
2025-11-17 13:01:11,791 [INFO] [成功读取表 debit_data，数据行数：24724]
2025-11-17 13:01:12,119 [INFO] [开始读取数据库表：sales_invoice_data]
2025-11-17 13:01:13,309 [INFO] [成功读取表 sales_invoice_data，数据行数：18174]
2025-11-17 13:30:32,815 [INFO] [数据库引擎创建成功]
2025-11-17 13:30:32,816 [INFO] [开始读取数据库表：order_data]
2025-11-17 13:30:33,661 [INFO] [成功读取表 order_data，数据行数：23521]
2025-11-17 13:30:33,911 [INFO] [开始读取数据库表：sales_data]
2025-11-17 13:30:39,493 [INFO] [成功读取表 sales_data，数据行数：25216]
2025-11-17 13:30:41,249 [INFO] [开始读取数据库表：jingpin_data]
2025-11-17 13:30:41,499 [INFO] [成功读取表 jingpin_data，数据行数：4433]
2025-11-17 13:30:41,575 [INFO] [开始读取数据库表：inventory_data]
2025-11-17 13:30:46,909 [INFO] [成功读取表 inventory_data，数据行数：5706]
2025-11-17 13:30:46,910 [INFO] [开始读取数据库表：tuiding_data]
2025-11-17 13:30:47,328 [INFO] [成功读取表 tuiding_data，数据行数：4139]
2025-11-17 13:30:47,328 [INFO] [开始读取数据库表：debit_data]
2025-11-17 13:30:49,370 [INFO] [成功读取表 debit_data，数据行数：24724]
2025-11-17 13:30:49,771 [INFO] [开始读取数据库表：sales_invoice_data]
2025-11-17 13:30:51,015 [INFO] [成功读取表 sales_invoice_data，数据行数：18181]
2025-11-17 14:01:06,184 [INFO] [数据库引擎创建成功]
2025-11-17 14:01:06,184 [INFO] [开始读取数据库表：order_data]
2025-11-17 14:01:06,933 [INFO] [成功读取表 order_data，数据行数：23526]
2025-11-17 14:01:07,132 [INFO] [开始读取数据库表：sales_data]
2025-11-17 14:01:12,924 [INFO] [成功读取表 sales_data，数据行数：25224]
2025-11-17 14:01:20,373 [INFO] [开始读取数据库表：jingpin_data]
2025-11-17 14:01:20,663 [INFO] [成功读取表 jingpin_data，数据行数：4433]
2025-11-17 14:01:20,755 [INFO] [开始读取数据库表：inventory_data]
2025-11-17 14:01:21,344 [INFO] [成功读取表 inventory_data，数据行数：5700]
2025-11-17 14:01:21,345 [INFO] [开始读取数据库表：tuiding_data]
2025-11-17 14:01:21,590 [INFO] [成功读取表 tuiding_data，数据行数：4139]
2025-11-17 14:01:21,590 [INFO] [开始读取数据库表：debit_data]
2025-11-17 14:01:23,619 [INFO] [成功读取表 debit_data，数据行数：24724]
2025-11-17 14:01:24,037 [INFO] [开始读取数据库表：sales_invoice_data]
2025-11-17 14:01:25,134 [INFO] [成功读取表 sales_invoice_data，数据行数：18187]
2025-11-17 14:32:09,061 [INFO] [数据库引擎创建成功]
2025-11-17 14:32:09,062 [INFO] [开始读取数据库表：order_data]
2025-11-17 14:32:10,707 [INFO] [成功读取表 order_data，数据行数：23526]
2025-11-17 14:32:11,082 [INFO] [开始读取数据库表：sales_data]
2025-11-17 14:32:22,997 [INFO] [成功读取表 sales_data，数据行数：25225]
2025-11-17 14:32:25,119 [INFO] [开始读取数据库表：jingpin_data]
2025-11-17 14:32:25,392 [INFO] [成功读取表 jingpin_data，数据行数：4433]
2025-11-17 14:32:25,482 [INFO] [开始读取数据库表：inventory_data]
2025-11-17 14:32:26,051 [INFO] [成功读取表 inventory_data，数据行数：5698]
2025-11-17 14:32:26,051 [INFO] [开始读取数据库表：tuiding_data]
2025-11-17 14:32:26,271 [INFO] [成功读取表 tuiding_data，数据行数：4141]
2025-11-17 14:32:26,271 [INFO] [开始读取数据库表：debit_data]
2025-11-17 14:32:28,218 [INFO] [成功读取表 debit_data，数据行数：24724]
2025-11-17 14:32:28,622 [INFO] [开始读取数据库表：sales_invoice_data]
2025-11-17 14:32:29,817 [INFO] [成功读取表 sales_invoice_data，数据行数：18188]
2025-11-17 15:01:17,408 [INFO] [数据库引擎创建成功]
2025-11-17 15:01:17,408 [INFO] [开始读取数据库表：order_data]
2025-11-17 15:01:18,057 [INFO] [成功读取表 order_data，数据行数：23527]
2025-11-17 15:01:18,223 [INFO] [开始读取数据库表：sales_data]
2025-11-17 15:01:23,740 [INFO] [成功读取表 sales_data，数据行数：25238]
2025-11-17 15:01:26,256 [INFO] [开始读取数据库表：jingpin_data]
2025-11-17 15:01:26,543 [INFO] [成功读取表 jingpin_data，数据行数：4433]
2025-11-17 15:01:26,618 [INFO] [开始读取数据库表：inventory_data]
2025-11-17 15:01:27,219 [INFO] [成功读取表 inventory_data，数据行数：5684]
2025-11-17 15:01:27,219 [INFO] [开始读取数据库表：tuiding_data]
2025-11-17 15:01:27,468 [INFO] [成功读取表 tuiding_data，数据行数：4141]
2025-11-17 15:01:27,469 [INFO] [开始读取数据库表：debit_data]
2025-11-17 15:01:29,551 [INFO] [成功读取表 debit_data，数据行数：24724]
2025-11-17 15:01:29,945 [INFO] [开始读取数据库表：sales_invoice_data]
2025-11-17 15:01:35,996 [INFO] [成功读取表 sales_invoice_data，数据行数：18202]
2025-11-17 15:29:30,970 [INFO] [数据库引擎创建成功]
2025-11-17 15:29:30,971 [INFO] [开始读取数据库表：order_data]
2025-11-17 15:29:31,408 [INFO] [成功读取表 order_data，数据行数：23533]
2025-11-17 15:29:31,513 [INFO] [开始读取数据库表：sales_data]
2025-11-17 15:29:35,547 [INFO] [成功读取表 sales_data，数据行数：25241]
2025-11-17 15:29:37,518 [INFO] [开始读取数据库表：jingpin_data]
2025-11-17 15:29:37,787 [INFO] [成功读取表 jingpin_data，数据行数：4436]
2025-11-17 15:29:37,853 [INFO] [开始读取数据库表：inventory_data]
2025-11-17 15:29:38,377 [INFO] [成功读取表 inventory_data，数据行数：5681]
2025-11-17 15:29:38,378 [INFO] [开始读取数据库表：tuiding_data]
2025-11-17 15:29:38,592 [INFO] [成功读取表 tuiding_data，数据行数：4142]
2025-11-17 15:29:38,592 [INFO] [开始读取数据库表：debit_data]
2025-11-17 15:29:40,540 [INFO] [成功读取表 debit_data，数据行数：24724]
2025-11-17 15:29:40,929 [INFO] [开始读取数据库表：sales_invoice_data]
2025-11-17 15:29:42,140 [INFO] [成功读取表 sales_invoice_data，数据行数：18205]
2025-11-17 16:00:20,652 [INFO] [数据库引擎创建成功]
2025-11-17 16:00:20,653 [INFO] [开始读取数据库表：order_data]
2025-11-17 16:00:21,311 [INFO] [成功读取表 order_data，数据行数：23536]
2025-11-17 16:00:21,489 [INFO] [开始读取数据库表：sales_data]
2025-11-17 16:00:26,651 [INFO] [成功读取表 sales_data，数据行数：25249]
2025-11-17 16:00:28,715 [INFO] [开始读取数据库表：jingpin_data]
2025-11-17 16:00:29,005 [INFO] [成功读取表 jingpin_data，数据行数：4441]
2025-11-17 16:00:29,101 [INFO] [开始读取数据库表：inventory_data]
2025-11-17 16:00:29,677 [INFO] [成功读取表 inventory_data，数据行数：5672]
2025-11-17 16:00:29,677 [INFO] [开始读取数据库表：tuiding_data]
2025-11-17 16:00:29,861 [INFO] [成功读取表 tuiding_data，数据行数：4143]
2025-11-17 16:00:29,862 [INFO] [开始读取数据库表：debit_data]
2025-11-17 16:00:32,190 [INFO] [成功读取表 debit_data，数据行数：24724]
2025-11-17 16:00:32,720 [INFO] [开始读取数据库表：sales_invoice_data]
2025-11-17 16:00:35,108 [INFO] [成功读取表 sales_invoice_data，数据行数：18215]
2025-11-17 16:29:28,776 [INFO] [数据库引擎创建成功]
2025-11-17 16:29:28,776 [INFO] [开始读取数据库表：order_data]
2025-11-17 16:29:29,216 [INFO] [成功读取表 order_data，数据行数：23540]
2025-11-17 16:29:29,332 [INFO] [开始读取数据库表：sales_data]
2025-11-17 16:29:32,245 [INFO] [成功读取表 sales_data，数据行数：25256]
2025-11-17 16:29:34,187 [INFO] [开始读取数据库表：jingpin_data]
2025-11-17 16:29:34,440 [INFO] [成功读取表 jingpin_data，数据行数：4447]
2025-11-17 16:29:34,476 [INFO] [开始读取数据库表：inventory_data]
2025-11-17 16:29:34,991 [INFO] [成功读取表 inventory_data，数据行数：5665]
2025-11-17 16:29:34,991 [INFO] [开始读取数据库表：tuiding_data]
2025-11-17 16:29:35,201 [INFO] [成功读取表 tuiding_data，数据行数：4143]
2025-11-17 16:29:35,201 [INFO] [开始读取数据库表：debit_data]
2025-11-17 16:29:37,143 [INFO] [成功读取表 debit_data，数据行数：24724]
2025-11-17 16:29:37,450 [INFO] [开始读取数据库表：sales_invoice_data]
2025-11-17 16:29:38,672 [INFO] [成功读取表 sales_invoice_data，数据行数：18221]
2025-11-17 17:00:42,981 [INFO] [数据库引擎创建成功]
2025-11-17 17:00:42,982 [INFO] [开始读取数据库表：order_data]
2025-11-17 17:00:43,705 [INFO] [成功读取表 order_data，数据行数：23545]
2025-11-17 17:00:43,899 [INFO] [开始读取数据库表：sales_data]
2025-11-17 17:00:48,755 [INFO] [成功读取表 sales_data，数据行数：25262]
2025-11-17 17:00:50,854 [INFO] [开始读取数据库表：jingpin_data]
2025-11-17 17:00:51,123 [INFO] [成功读取表 jingpin_data，数据行数：4447]
2025-11-17 17:00:51,194 [INFO] [开始读取数据库表：inventory_data]
2025-11-17 17:00:51,748 [INFO] [成功读取表 inventory_data，数据行数：5659]
2025-11-17 17:00:51,748 [INFO] [开始读取数据库表：tuiding_data]
2025-11-17 17:00:51,968 [INFO] [成功读取表 tuiding_data，数据行数：4143]
2025-11-17 17:00:51,968 [INFO] [开始读取数据库表：debit_data]
2025-11-17 17:00:53,907 [INFO] [成功读取表 debit_data，数据行数：24724]
2025-11-17 17:00:54,311 [INFO] [开始读取数据库表：sales_invoice_data]
2025-11-17 17:00:55,577 [INFO] [成功读取表 sales_invoice_data，数据行数：18225]
2025-11-17 17:31:17,050 [INFO] [数据库引擎创建成功]
2025-11-17 17:31:17,050 [INFO] [开始读取数据库表：order_data]
2025-11-17 17:31:17,640 [INFO] [成功读取表 order_data，数据行数：23553]
2025-11-17 17:31:17,802 [INFO] [开始读取数据库表：sales_data]
2025-11-17 17:31:22,289 [INFO] [成功读取表 sales_data，数据行数：25272]
2025-11-17 17:31:24,255 [INFO] [开始读取数据库表：jingpin_data]
2025-11-17 17:31:24,509 [INFO] [成功读取表 jingpin_data，数据行数：4448]
2025-11-17 17:31:24,592 [INFO] [开始读取数据库表：inventory_data]
2025-11-17 17:31:25,133 [INFO] [成功读取表 inventory_data，数据行数：5650]
2025-11-17 17:31:25,133 [INFO] [开始读取数据库表：tuiding_data]
2025-11-17 17:31:25,331 [INFO] [成功读取表 tuiding_data，数据行数：4143]
2025-11-17 17:31:25,331 [INFO] [开始读取数据库表：debit_data]
2025-11-17 17:31:27,130 [INFO] [成功读取表 debit_data，数据行数：24724]
2025-11-17 17:31:27,494 [INFO] [开始读取数据库表：sales_invoice_data]
2025-11-17 17:31:28,676 [INFO] [成功读取表 sales_invoice_data，数据行数：18234]
2025-11-17 18:01:04,368 [INFO] [数据库引擎创建成功]
2025-11-17 18:01:04,369 [INFO] [开始读取数据库表：order_data]
2025-11-17 18:01:05,118 [INFO] [成功读取表 order_data，数据行数：23558]
2025-11-17 18:01:05,273 [INFO] [开始读取数据库表：sales_data]
2025-11-17 18:01:10,827 [INFO] [成功读取表 sales_data，数据行数：25290]
2025-11-17 18:01:13,126 [INFO] [开始读取数据库表：jingpin_data]
2025-11-17 18:01:13,395 [INFO] [成功读取表 jingpin_data，数据行数：4452]
2025-11-17 18:01:13,483 [INFO] [开始读取数据库表：inventory_data]
2025-11-17 18:01:14,003 [INFO] [成功读取表 inventory_data，数据行数：5639]
2025-11-17 18:01:14,003 [INFO] [开始读取数据库表：tuiding_data]
2025-11-17 18:01:14,271 [INFO] [成功读取表 tuiding_data，数据行数：4144]
2025-11-17 18:01:14,272 [INFO] [开始读取数据库表：debit_data]
2025-11-17 18:01:16,282 [INFO] [成功读取表 debit_data，数据行数：24724]
2025-11-17 18:01:16,597 [INFO] [开始读取数据库表：sales_invoice_data]
2025-11-17 18:01:17,848 [INFO] [成功读取表 sales_invoice_data，数据行数：18242]
2025-11-17 18:29:25,930 [INFO] [数据库引擎创建成功]
2025-11-17 18:29:25,931 [INFO] [开始读取数据库表：order_data]
2025-11-17 18:29:26,466 [INFO] [成功读取表 order_data，数据行数：23558]
2025-11-17 18:29:26,605 [INFO] [开始读取数据库表：sales_data]
2025-11-17 18:29:31,707 [INFO] [成功读取表 sales_data，数据行数：25298]
2025-11-17 18:29:33,736 [INFO] [开始读取数据库表：jingpin_data]
2025-11-17 18:29:34,012 [INFO] [成功读取表 jingpin_data，数据行数：4452]
2025-11-17 18:29:34,085 [INFO] [开始读取数据库表：inventory_data]
2025-11-17 18:29:34,655 [INFO] [成功读取表 inventory_data，数据行数：5632]
2025-11-17 18:29:34,655 [INFO] [开始读取数据库表：tuiding_data]
2025-11-17 18:29:34,889 [INFO] [成功读取表 tuiding_data，数据行数：4150]
2025-11-17 18:29:34,889 [INFO] [开始读取数据库表：debit_data]
2025-11-17 18:29:36,956 [INFO] [成功读取表 debit_data，数据行数：24724]
2025-11-17 18:29:37,351 [INFO] [开始读取数据库表：sales_invoice_data]
2025-11-17 18:29:38,623 [INFO] [成功读取表 sales_invoice_data，数据行数：18249]
2025-11-17 18:59:38,210 [INFO] [数据库引擎创建成功]
2025-11-17 18:59:38,210 [INFO] [开始读取数据库表：order_data]
2025-11-17 18:59:38,639 [INFO] [成功读取表 order_data，数据行数：23559]
2025-11-17 18:59:38,753 [INFO] [开始读取数据库表：sales_data]
2025-11-17 18:59:41,730 [INFO] [成功读取表 sales_data，数据行数：25306]
2025-11-17 18:59:43,817 [INFO] [开始读取数据库表：jingpin_data]
2025-11-17 18:59:44,091 [INFO] [成功读取表 jingpin_data，数据行数：4453]
2025-11-17 18:59:44,170 [INFO] [开始读取数据库表：inventory_data]
2025-11-17 18:59:44,707 [INFO] [成功读取表 inventory_data，数据行数：5627]
2025-11-17 18:59:44,707 [INFO] [开始读取数据库表：tuiding_data]
2025-11-17 18:59:44,928 [INFO] [成功读取表 tuiding_data，数据行数：4151]
2025-11-17 18:59:44,929 [INFO] [开始读取数据库表：debit_data]
2025-11-17 18:59:46,957 [INFO] [成功读取表 debit_data，数据行数：24724]
2025-11-17 18:59:47,337 [INFO] [开始读取数据库表：sales_invoice_data]
2025-11-17 18:59:48,629 [INFO] [成功读取表 sales_invoice_data，数据行数：18256]
2025-11-17 19:29:19,432 [INFO] [数据库引擎创建成功]
2025-11-17 19:29:19,442 [INFO] [开始读取数据库表：order_data]
2025-11-17 19:29:19,946 [INFO] [成功读取表 order_data，数据行数：23559]
2025-11-17 19:29:20,090 [INFO] [开始读取数据库表：sales_data]
2025-11-17 19:29:24,690 [INFO] [成功读取表 sales_data，数据行数：25306]
2025-11-17 19:29:26,736 [INFO] [开始读取数据库表：jingpin_data]
2025-11-17 19:29:27,006 [INFO] [成功读取表 jingpin_data，数据行数：4453]
2025-11-17 19:29:27,044 [INFO] [开始读取数据库表：inventory_data]
2025-11-17 19:29:27,584 [INFO] [成功读取表 inventory_data，数据行数：5627]
2025-11-17 19:29:27,585 [INFO] [开始读取数据库表：tuiding_data]
2025-11-17 19:29:27,807 [INFO] [成功读取表 tuiding_data，数据行数：4152]
2025-11-17 19:29:27,807 [INFO] [开始读取数据库表：debit_data]
2025-11-17 19:29:29,866 [INFO] [成功读取表 debit_data，数据行数：24724]
2025-11-17 19:29:30,194 [INFO] [开始读取数据库表：sales_invoice_data]
2025-11-17 19:29:31,496 [INFO] [成功读取表 sales_invoice_data，数据行数：18256]
2025-11-17 19:59:33,364 [INFO] [数据库引擎创建成功]
2025-11-17 19:59:33,364 [INFO] [开始读取数据库表：order_data]
2025-11-17 19:59:33,828 [INFO] [成功读取表 order_data，数据行数：23559]
2025-11-17 19:59:33,961 [INFO] [开始读取数据库表：sales_data]
2025-11-17 19:59:38,199 [INFO] [成功读取表 sales_data，数据行数：25306]
2025-11-17 19:59:40,269 [INFO] [开始读取数据库表：jingpin_data]
2025-11-17 19:59:40,533 [INFO] [成功读取表 jingpin_data，数据行数：4453]
2025-11-17 19:59:40,599 [INFO] [开始读取数据库表：inventory_data]
2025-11-17 19:59:41,153 [INFO] [成功读取表 inventory_data，数据行数：5627]
2025-11-17 19:59:41,153 [INFO] [开始读取数据库表：tuiding_data]
2025-11-17 19:59:41,376 [INFO] [成功读取表 tuiding_data，数据行数：4152]
2025-11-17 19:59:41,376 [INFO] [开始读取数据库表：debit_data]
2025-11-17 19:59:43,408 [INFO] [成功读取表 debit_data，数据行数：24724]
2025-11-17 19:59:43,804 [INFO] [开始读取数据库表：sales_invoice_data]
2025-11-17 19:59:45,097 [INFO] [成功读取表 sales_invoice_data，数据行数：18256]
2025-11-17 20:29:00,758 [INFO] [数据库引擎创建成功]
2025-11-17 20:29:00,758 [INFO] [开始读取数据库表：order_data]
2025-11-17 20:29:01,209 [INFO] [成功读取表 order_data，数据行数：23560]
2025-11-17 20:29:01,345 [INFO] [开始读取数据库表：sales_data]
2025-11-17 20:29:05,755 [INFO] [成功读取表 sales_data，数据行数：25306]
2025-11-17 20:29:07,756 [INFO] [开始读取数据库表：jingpin_data]
2025-11-17 20:29:08,024 [INFO] [成功读取表 jingpin_data，数据行数：4453]
2025-11-17 20:29:08,096 [INFO] [开始读取数据库表：inventory_data]
2025-11-17 20:29:08,632 [INFO] [成功读取表 inventory_data，数据行数：5627]
2025-11-17 20:29:08,633 [INFO] [开始读取数据库表：tuiding_data]
2025-11-17 20:29:08,852 [INFO] [成功读取表 tuiding_data，数据行数：4152]
2025-11-17 20:29:08,852 [INFO] [开始读取数据库表：debit_data]
2025-11-17 20:29:10,891 [INFO] [成功读取表 debit_data，数据行数：24724]
2025-11-17 20:29:11,279 [INFO] [开始读取数据库表：sales_invoice_data]
2025-11-17 20:29:12,531 [INFO] [成功读取表 sales_invoice_data，数据行数：18256]
2025-11-17 20:59:16,374 [INFO] [数据库引擎创建成功]
2025-11-17 20:59:16,375 [INFO] [开始读取数据库表：order_data]
2025-11-17 20:59:16,852 [INFO] [成功读取表 order_data，数据行数：23560]
2025-11-17 20:59:17,024 [INFO] [开始读取数据库表：sales_data]
2025-11-17 20:59:21,712 [INFO] [成功读取表 sales_data，数据行数：25306]
2025-11-17 20:59:23,752 [INFO] [开始读取数据库表：jingpin_data]
2025-11-17 20:59:24,012 [INFO] [成功读取表 jingpin_data，数据行数：4453]
2025-11-17 20:59:24,088 [INFO] [开始读取数据库表：inventory_data]
2025-11-17 20:59:24,630 [INFO] [成功读取表 inventory_data，数据行数：5627]
2025-11-17 20:59:24,631 [INFO] [开始读取数据库表：tuiding_data]
2025-11-17 20:59:24,856 [INFO] [成功读取表 tuiding_data，数据行数：4152]
2025-11-17 20:59:24,857 [INFO] [开始读取数据库表：debit_data]
2025-11-17 20:59:26,858 [INFO] [成功读取表 debit_data，数据行数：24724]
2025-11-17 20:59:27,257 [INFO] [开始读取数据库表：sales_invoice_data]
2025-11-17 20:59:28,535 [INFO] [成功读取表 sales_invoice_data，数据行数：18256]
2025-11-17 21:29:26,378 [INFO] [数据库引擎创建成功]
2025-11-17 21:29:26,378 [INFO] [开始读取数据库表：order_data]
2025-11-17 21:29:26,907 [INFO] [成功读取表 order_data，数据行数：23557]
2025-11-17 21:29:27,059 [INFO] [开始读取数据库表：sales_data]
2025-11-17 21:29:31,777 [INFO] [成功读取表 sales_data，数据行数：25306]
2025-11-17 21:29:33,817 [INFO] [开始读取数据库表：jingpin_data]
2025-11-17 21:29:34,086 [INFO] [成功读取表 jingpin_data，数据行数：4453]
2025-11-17 21:29:34,165 [INFO] [开始读取数据库表：inventory_data]
2025-11-17 21:29:34,710 [INFO] [成功读取表 inventory_data，数据行数：5648]
2025-11-17 21:29:34,710 [INFO] [开始读取数据库表：tuiding_data]
2025-11-17 21:29:34,930 [INFO] [成功读取表 tuiding_data，数据行数：4155]
2025-11-17 21:29:34,930 [INFO] [开始读取数据库表：debit_data]
2025-11-17 21:29:36,977 [INFO] [成功读取表 debit_data，数据行数：24743]
2025-11-17 21:29:37,383 [INFO] [开始读取数据库表：sales_invoice_data]
2025-11-17 21:29:38,645 [INFO] [成功读取表 sales_invoice_data，数据行数：18256]
2025-11-17 21:59:13,959 [INFO] [数据库引擎创建成功]
2025-11-17 21:59:13,959 [INFO] [开始读取数据库表：order_data]
2025-11-17 21:59:14,441 [INFO] [成功读取表 order_data，数据行数：23557]
2025-11-17 21:59:14,569 [INFO] [开始读取数据库表：sales_data]
2025-11-17 21:59:18,906 [INFO] [成功读取表 sales_data，数据行数：25306]
2025-11-17 21:59:20,966 [INFO] [开始读取数据库表：jingpin_data]
2025-11-17 21:59:21,229 [INFO] [成功读取表 jingpin_data，数据行数：4453]
2025-11-17 21:59:21,303 [INFO] [开始读取数据库表：inventory_data]
2025-11-17 21:59:21,868 [INFO] [成功读取表 inventory_data，数据行数：5652]
2025-11-17 21:59:21,868 [INFO] [开始读取数据库表：tuiding_data]
2025-11-17 21:59:22,085 [INFO] [成功读取表 tuiding_data，数据行数：4155]
2025-11-17 21:59:22,086 [INFO] [开始读取数据库表：debit_data]
2025-11-17 21:59:24,115 [INFO] [成功读取表 debit_data，数据行数：24785]
2025-11-17 21:59:24,496 [INFO] [开始读取数据库表：sales_invoice_data]
2025-11-17 21:59:25,755 [INFO] [成功读取表 sales_invoice_data，数据行数：18256]
2025-11-17 22:29:18,142 [INFO] [数据库引擎创建成功]
2025-11-17 22:29:18,142 [INFO] [开始读取数据库表：order_data]
2025-11-17 22:29:18,568 [INFO] [成功读取表 order_data，数据行数：23558]
2025-11-17 22:29:18,686 [INFO] [开始读取数据库表：sales_data]
2025-11-17 22:29:22,343 [INFO] [成功读取表 sales_data，数据行数：25306]
2025-11-17 22:29:24,366 [INFO] [开始读取数据库表：jingpin_data]
2025-11-17 22:29:24,680 [INFO] [成功读取表 jingpin_data，数据行数：4453]
2025-11-17 22:29:24,755 [INFO] [开始读取数据库表：inventory_data]
2025-11-17 22:29:25,317 [INFO] [成功读取表 inventory_data，数据行数：5652]
2025-11-17 22:29:25,317 [INFO] [开始读取数据库表：tuiding_data]
2025-11-17 22:29:25,541 [INFO] [成功读取表 tuiding_data，数据行数：4155]
2025-11-17 22:29:25,541 [INFO] [开始读取数据库表：debit_data]
2025-11-17 22:29:27,572 [INFO] [成功读取表 debit_data，数据行数：24785]
2025-11-17 22:29:27,965 [INFO] [开始读取数据库表：sales_invoice_data]
2025-11-17 22:29:29,250 [INFO] [成功读取表 sales_invoice_data，数据行数：18256]
2025-11-17 22:59:36,915 [INFO] [数据库引擎创建成功]
2025-11-17 22:59:36,915 [INFO] [开始读取数据库表：order_data]
2025-11-17 22:59:37,353 [INFO] [成功读取表 order_data，数据行数：23558]
2025-11-17 22:59:37,465 [INFO] [开始读取数据库表：sales_data]
2025-11-17 22:59:40,970 [INFO] [成功读取表 sales_data，数据行数：25306]
2025-11-17 22:59:43,015 [INFO] [开始读取数据库表：jingpin_data]
2025-11-17 22:59:43,266 [INFO] [成功读取表 jingpin_data，数据行数：4453]
2025-11-17 22:59:43,338 [INFO] [开始读取数据库表：inventory_data]
2025-11-17 22:59:43,878 [INFO] [成功读取表 inventory_data，数据行数：5652]
2025-11-17 22:59:43,878 [INFO] [开始读取数据库表：tuiding_data]
2025-11-17 22:59:44,095 [INFO] [成功读取表 tuiding_data，数据行数：4155]
2025-11-17 22:59:44,096 [INFO] [开始读取数据库表：debit_data]
2025-11-17 22:59:46,125 [INFO] [成功读取表 debit_data，数据行数：24785]
2025-11-17 22:59:46,517 [INFO] [开始读取数据库表：sales_invoice_data]
2025-11-17 22:59:47,783 [INFO] [成功读取表 sales_invoice_data，数据行数：18256]
2025-11-17 23:28:58,246 [INFO] [数据库引擎创建成功]
2025-11-17 23:28:58,247 [INFO] [开始读取数据库表：order_data]
2025-11-17 23:28:58,685 [INFO] [成功读取表 order_data，数据行数：23558]
2025-11-17 23:28:58,801 [INFO] [开始读取数据库表：sales_data]
2025-11-17 23:29:02,199 [INFO] [成功读取表 sales_data，数据行数：25306]
2025-11-17 23:29:04,256 [INFO] [开始读取数据库表：jingpin_data]
2025-11-17 23:29:04,524 [INFO] [成功读取表 jingpin_data，数据行数：4453]
2025-11-17 23:29:04,600 [INFO] [开始读取数据库表：inventory_data]
2025-11-17 23:29:05,150 [INFO] [成功读取表 inventory_data，数据行数：5652]
2025-11-17 23:29:05,151 [INFO] [开始读取数据库表：tuiding_data]
2025-11-17 23:29:05,374 [INFO] [成功读取表 tuiding_data，数据行数：4155]
2025-11-17 23:29:05,374 [INFO] [开始读取数据库表：debit_data]
2025-11-17 23:29:07,477 [INFO] [成功读取表 debit_data，数据行数：24789]
2025-11-17 23:29:07,869 [INFO] [开始读取数据库表：sales_invoice_data]
2025-11-17 23:29:09,132 [INFO] [成功读取表 sales_invoice_data，数据行数：18256]
2025-11-17 23:58:59,292 [INFO] [数据库引擎创建成功]
2025-11-17 23:58:59,292 [INFO] [开始读取数据库表：order_data]
2025-11-17 23:58:59,704 [INFO] [成功读取表 order_data，数据行数：23558]
2025-11-17 23:58:59,823 [INFO] [开始读取数据库表：sales_data]
2025-11-17 23:59:03,769 [INFO] [成功读取表 sales_data，数据行数：25306]
2025-11-17 23:59:05,791 [INFO] [开始读取数据库表：jingpin_data]
2025-11-17 23:59:06,058 [INFO] [成功读取表 jingpin_data，数据行数：4453]
2025-11-17 23:59:06,137 [INFO] [开始读取数据库表：inventory_data]
2025-11-17 23:59:06,690 [INFO] [成功读取表 inventory_data，数据行数：5652]
2025-11-17 23:59:06,691 [INFO] [开始读取数据库表：tuiding_data]
2025-11-17 23:59:06,922 [INFO] [成功读取表 tuiding_data，数据行数：4155]
2025-11-17 23:59:06,922 [INFO] [开始读取数据库表：debit_data]
2025-11-17 23:59:09,008 [INFO] [成功读取表 debit_data，数据行数：24789]
2025-11-17 23:59:09,390 [INFO] [开始读取数据库表：sales_invoice_data]
2025-11-17 23:59:10,701 [INFO] [成功读取表 sales_invoice_data，数据行数：18256]
