2025-10-27 00:28:06,681 [INFO] [数据库引擎创建成功]
2025-10-27 00:28:06,681 [INFO] [开始读取数据库表：order_data]
2025-10-27 00:28:07,208 [INFO] [成功读取表 order_data，数据行数：18795]
2025-10-27 00:28:07,380 [INFO] [开始读取数据库表：sales_data]
2025-10-27 00:28:11,070 [INFO] [成功读取表 sales_data，数据行数：22871]
2025-10-27 00:28:12,857 [INFO] [开始读取数据库表：jingpin_data]
2025-10-27 00:28:13,102 [INFO] [成功读取表 jingpin_data，数据行数：4553]
2025-10-27 00:28:13,162 [INFO] [开始读取数据库表：inventory_data]
2025-10-27 00:28:13,853 [INFO] [成功读取表 inventory_data，数据行数：8966]
2025-10-27 00:28:13,853 [INFO] [开始读取数据库表：tuiding_data]
2025-10-27 00:28:14,007 [INFO] [成功读取表 tuiding_data，数据行数：3433]
2025-10-27 00:28:14,007 [INFO] [开始读取数据库表：debit_data]
2025-10-27 00:28:15,238 [INFO] [成功读取表 debit_data，数据行数：17651]
2025-10-27 00:28:15,594 [INFO] [开始读取数据库表：sales_invoice_data]
2025-10-27 00:28:16,691 [INFO] [成功读取表 sales_invoice_data，数据行数：17317]
2025-10-27 00:58:15,231 [INFO] [数据库引擎创建成功]
2025-10-27 00:58:15,241 [INFO] [开始读取数据库表：order_data]
2025-10-27 00:58:15,748 [INFO] [成功读取表 order_data，数据行数：18795]
2025-10-27 00:58:15,920 [INFO] [开始读取数据库表：sales_data]
2025-10-27 00:58:20,210 [INFO] [成功读取表 sales_data，数据行数：22871]
2025-10-27 00:58:21,974 [INFO] [开始读取数据库表：jingpin_data]
2025-10-27 00:58:22,223 [INFO] [成功读取表 jingpin_data，数据行数：4553]
2025-10-27 00:58:22,260 [INFO] [开始读取数据库表：inventory_data]
2025-10-27 00:58:22,934 [INFO] [成功读取表 inventory_data，数据行数：8966]
2025-10-27 00:58:22,934 [INFO] [开始读取数据库表：tuiding_data]
2025-10-27 00:58:23,076 [INFO] [成功读取表 tuiding_data，数据行数：3433]
2025-10-27 00:58:23,076 [INFO] [开始读取数据库表：debit_data]
2025-10-27 00:58:24,282 [INFO] [成功读取表 debit_data，数据行数：17651]
2025-10-27 00:58:24,654 [INFO] [开始读取数据库表：sales_invoice_data]
2025-10-27 00:58:25,788 [INFO] [成功读取表 sales_invoice_data，数据行数：17317]
2025-10-27 01:28:39,551 [INFO] [数据库引擎创建成功]
2025-10-27 01:28:39,556 [INFO] [开始读取数据库表：order_data]
2025-10-27 01:28:40,007 [INFO] [成功读取表 order_data，数据行数：18795]
2025-10-27 01:28:40,168 [INFO] [开始读取数据库表：sales_data]
2025-10-27 01:28:43,698 [INFO] [成功读取表 sales_data，数据行数：22871]
2025-10-27 01:28:45,316 [INFO] [开始读取数据库表：jingpin_data]
2025-10-27 01:28:45,553 [INFO] [成功读取表 jingpin_data，数据行数：4553]
2025-10-27 01:28:45,616 [INFO] [开始读取数据库表：inventory_data]
2025-10-27 01:28:46,295 [INFO] [成功读取表 inventory_data，数据行数：8966]
2025-10-27 01:28:46,295 [INFO] [开始读取数据库表：tuiding_data]
2025-10-27 01:28:46,456 [INFO] [成功读取表 tuiding_data，数据行数：3433]
2025-10-27 01:28:46,457 [INFO] [开始读取数据库表：debit_data]
2025-10-27 01:28:47,564 [INFO] [成功读取表 debit_data，数据行数：17651]
2025-10-27 01:28:47,861 [INFO] [开始读取数据库表：sales_invoice_data]
2025-10-27 01:28:48,817 [INFO] [成功读取表 sales_invoice_data，数据行数：17317]
2025-10-27 01:58:06,891 [INFO] [数据库引擎创建成功]
2025-10-27 01:58:06,900 [INFO] [开始读取数据库表：order_data]
2025-10-27 01:58:07,447 [INFO] [成功读取表 order_data，数据行数：18795]
2025-10-27 01:58:07,621 [INFO] [开始读取数据库表：sales_data]
2025-10-27 01:58:11,672 [INFO] [成功读取表 sales_data，数据行数：22871]
2025-10-27 01:58:13,435 [INFO] [开始读取数据库表：jingpin_data]
2025-10-27 01:58:13,698 [INFO] [成功读取表 jingpin_data，数据行数：4553]
2025-10-27 01:58:13,735 [INFO] [开始读取数据库表：inventory_data]
2025-10-27 01:58:14,406 [INFO] [成功读取表 inventory_data，数据行数：8966]
2025-10-27 01:58:14,407 [INFO] [开始读取数据库表：tuiding_data]
2025-10-27 01:58:14,585 [INFO] [成功读取表 tuiding_data，数据行数：3433]
2025-10-27 01:58:14,585 [INFO] [开始读取数据库表：debit_data]
2025-10-27 01:58:15,725 [INFO] [成功读取表 debit_data，数据行数：17651]
2025-10-27 01:58:16,045 [INFO] [开始读取数据库表：sales_invoice_data]
2025-10-27 01:58:17,127 [INFO] [成功读取表 sales_invoice_data，数据行数：17317]
2025-10-27 02:28:17,675 [INFO] [数据库引擎创建成功]
2025-10-27 02:28:17,684 [INFO] [开始读取数据库表：order_data]
2025-10-27 02:28:18,152 [INFO] [成功读取表 order_data，数据行数：18795]
2025-10-27 02:28:18,344 [INFO] [开始读取数据库表：sales_data]
2025-10-27 02:28:22,408 [INFO] [成功读取表 sales_data，数据行数：22871]
2025-10-27 02:28:24,133 [INFO] [开始读取数据库表：jingpin_data]
2025-10-27 02:28:24,396 [INFO] [成功读取表 jingpin_data，数据行数：4553]
2025-10-27 02:28:24,459 [INFO] [开始读取数据库表：inventory_data]
2025-10-27 02:28:25,147 [INFO] [成功读取表 inventory_data，数据行数：8966]
2025-10-27 02:28:25,148 [INFO] [开始读取数据库表：tuiding_data]
2025-10-27 02:28:25,303 [INFO] [成功读取表 tuiding_data，数据行数：3433]
2025-10-27 02:28:25,303 [INFO] [开始读取数据库表：debit_data]
2025-10-27 02:28:26,452 [INFO] [成功读取表 debit_data，数据行数：17651]
2025-10-27 02:28:26,796 [INFO] [开始读取数据库表：sales_invoice_data]
2025-10-27 02:28:27,805 [INFO] [成功读取表 sales_invoice_data，数据行数：17317]
2025-10-27 02:58:08,708 [INFO] [数据库引擎创建成功]
2025-10-27 02:58:08,716 [INFO] [开始读取数据库表：order_data]
2025-10-27 02:58:09,270 [INFO] [成功读取表 order_data，数据行数：18795]
2025-10-27 02:58:09,463 [INFO] [开始读取数据库表：sales_data]
2025-10-27 02:58:13,592 [INFO] [成功读取表 sales_data，数据行数：22871]
2025-10-27 02:58:15,242 [INFO] [开始读取数据库表：jingpin_data]
2025-10-27 02:58:15,455 [INFO] [成功读取表 jingpin_data，数据行数：4553]
2025-10-27 02:58:15,490 [INFO] [开始读取数据库表：inventory_data]
2025-10-27 02:58:16,231 [INFO] [成功读取表 inventory_data，数据行数：8966]
2025-10-27 02:58:16,231 [INFO] [开始读取数据库表：tuiding_data]
2025-10-27 02:58:16,371 [INFO] [成功读取表 tuiding_data，数据行数：3433]
2025-10-27 02:58:16,371 [INFO] [开始读取数据库表：debit_data]
2025-10-27 02:58:17,550 [INFO] [成功读取表 debit_data，数据行数：17651]
2025-10-27 02:58:17,825 [INFO] [开始读取数据库表：sales_invoice_data]
2025-10-27 02:58:18,726 [INFO] [成功读取表 sales_invoice_data，数据行数：17317]
2025-10-27 03:28:12,253 [INFO] [数据库引擎创建成功]
2025-10-27 03:28:12,263 [INFO] [开始读取数据库表：order_data]
2025-10-27 03:28:12,792 [INFO] [成功读取表 order_data，数据行数：18795]
2025-10-27 03:28:12,985 [INFO] [开始读取数据库表：sales_data]
2025-10-27 03:28:17,162 [INFO] [成功读取表 sales_data，数据行数：22871]
2025-10-27 03:28:18,880 [INFO] [开始读取数据库表：jingpin_data]
2025-10-27 03:28:19,109 [INFO] [成功读取表 jingpin_data，数据行数：4553]
2025-10-27 03:28:19,181 [INFO] [开始读取数据库表：inventory_data]
2025-10-27 03:28:19,813 [INFO] [成功读取表 inventory_data，数据行数：8966]
2025-10-27 03:28:19,813 [INFO] [开始读取数据库表：tuiding_data]
2025-10-27 03:28:19,984 [INFO] [成功读取表 tuiding_data，数据行数：3433]
2025-10-27 03:28:19,984 [INFO] [开始读取数据库表：debit_data]
2025-10-27 03:28:21,160 [INFO] [成功读取表 debit_data，数据行数：17651]
2025-10-27 03:28:21,503 [INFO] [开始读取数据库表：sales_invoice_data]
2025-10-27 03:28:22,477 [INFO] [成功读取表 sales_invoice_data，数据行数：17317]
2025-10-27 03:57:58,965 [INFO] [数据库引擎创建成功]
2025-10-27 03:57:58,976 [INFO] [开始读取数据库表：order_data]
2025-10-27 03:57:59,487 [INFO] [成功读取表 order_data，数据行数：18795]
2025-10-27 03:57:59,661 [INFO] [开始读取数据库表：sales_data]
2025-10-27 03:58:03,854 [INFO] [成功读取表 sales_data，数据行数：22871]
2025-10-27 03:58:05,533 [INFO] [开始读取数据库表：jingpin_data]
2025-10-27 03:58:05,756 [INFO] [成功读取表 jingpin_data，数据行数：4553]
2025-10-27 03:58:05,792 [INFO] [开始读取数据库表：inventory_data]
2025-10-27 03:58:06,391 [INFO] [成功读取表 inventory_data，数据行数：8966]
2025-10-27 03:58:06,392 [INFO] [开始读取数据库表：tuiding_data]
2025-10-27 03:58:06,514 [INFO] [成功读取表 tuiding_data，数据行数：3433]
2025-10-27 03:58:06,515 [INFO] [开始读取数据库表：debit_data]
2025-10-27 03:58:07,691 [INFO] [成功读取表 debit_data，数据行数：17651]
2025-10-27 03:58:08,024 [INFO] [开始读取数据库表：sales_invoice_data]
2025-10-27 03:58:09,046 [INFO] [成功读取表 sales_invoice_data，数据行数：17317]
2025-10-27 04:28:05,419 [INFO] [数据库引擎创建成功]
2025-10-27 04:28:05,420 [INFO] [开始读取数据库表：order_data]
2025-10-27 04:28:05,951 [INFO] [成功读取表 order_data，数据行数：18795]
2025-10-27 04:28:06,136 [INFO] [开始读取数据库表：sales_data]
2025-10-27 04:28:10,064 [INFO] [成功读取表 sales_data，数据行数：22871]
2025-10-27 04:28:11,573 [INFO] [开始读取数据库表：jingpin_data]
2025-10-27 04:28:11,775 [INFO] [成功读取表 jingpin_data，数据行数：4553]
2025-10-27 04:28:11,817 [INFO] [开始读取数据库表：inventory_data]
2025-10-27 04:28:12,464 [INFO] [成功读取表 inventory_data，数据行数：8966]
2025-10-27 04:28:12,464 [INFO] [开始读取数据库表：tuiding_data]
2025-10-27 04:28:12,621 [INFO] [成功读取表 tuiding_data，数据行数：3433]
2025-10-27 04:28:12,621 [INFO] [开始读取数据库表：debit_data]
2025-10-27 04:28:13,562 [INFO] [成功读取表 debit_data，数据行数：17651]
2025-10-27 04:28:13,900 [INFO] [开始读取数据库表：sales_invoice_data]
2025-10-27 04:28:14,793 [INFO] [成功读取表 sales_invoice_data，数据行数：17317]
2025-10-27 04:58:01,737 [INFO] [数据库引擎创建成功]
2025-10-27 04:58:01,746 [INFO] [开始读取数据库表：order_data]
2025-10-27 04:58:02,298 [INFO] [成功读取表 order_data，数据行数：18795]
2025-10-27 04:58:02,479 [INFO] [开始读取数据库表：sales_data]
2025-10-27 04:58:06,525 [INFO] [成功读取表 sales_data，数据行数：22871]
2025-10-27 04:58:08,137 [INFO] [开始读取数据库表：jingpin_data]
2025-10-27 04:58:08,377 [INFO] [成功读取表 jingpin_data，数据行数：4553]
2025-10-27 04:58:08,413 [INFO] [开始读取数据库表：inventory_data]
2025-10-27 04:58:09,069 [INFO] [成功读取表 inventory_data，数据行数：8966]
2025-10-27 04:58:09,069 [INFO] [开始读取数据库表：tuiding_data]
2025-10-27 04:58:09,195 [INFO] [成功读取表 tuiding_data，数据行数：3433]
2025-10-27 04:58:09,195 [INFO] [开始读取数据库表：debit_data]
2025-10-27 04:58:10,346 [INFO] [成功读取表 debit_data，数据行数：17651]
2025-10-27 04:58:10,647 [INFO] [开始读取数据库表：sales_invoice_data]
2025-10-27 04:58:11,668 [INFO] [成功读取表 sales_invoice_data，数据行数：17317]
2025-10-27 05:28:03,159 [INFO] [数据库引擎创建成功]
2025-10-27 05:28:03,160 [INFO] [开始读取数据库表：order_data]
2025-10-27 05:28:03,748 [INFO] [成功读取表 order_data，数据行数：18795]
2025-10-27 05:28:03,936 [INFO] [开始读取数据库表：sales_data]
2025-10-27 05:28:07,943 [INFO] [成功读取表 sales_data，数据行数：22871]
2025-10-27 05:28:09,570 [INFO] [开始读取数据库表：jingpin_data]
2025-10-27 05:28:09,779 [INFO] [成功读取表 jingpin_data，数据行数：4553]
2025-10-27 05:28:09,816 [INFO] [开始读取数据库表：inventory_data]
2025-10-27 05:28:10,420 [INFO] [成功读取表 inventory_data，数据行数：8966]
2025-10-27 05:28:10,420 [INFO] [开始读取数据库表：tuiding_data]
2025-10-27 05:28:10,565 [INFO] [成功读取表 tuiding_data，数据行数：3433]
2025-10-27 05:28:10,565 [INFO] [开始读取数据库表：debit_data]
2025-10-27 05:28:11,671 [INFO] [成功读取表 debit_data，数据行数：17651]
2025-10-27 05:28:11,973 [INFO] [开始读取数据库表：sales_invoice_data]
2025-10-27 05:28:12,972 [INFO] [成功读取表 sales_invoice_data，数据行数：17317]
2025-10-27 05:58:13,406 [INFO] [数据库引擎创建成功]
2025-10-27 05:58:13,416 [INFO] [开始读取数据库表：order_data]
2025-10-27 05:58:14,021 [INFO] [成功读取表 order_data，数据行数：18795]
2025-10-27 05:58:14,197 [INFO] [开始读取数据库表：sales_data]
2025-10-27 05:58:18,303 [INFO] [成功读取表 sales_data，数据行数：22871]
2025-10-27 05:58:20,009 [INFO] [开始读取数据库表：jingpin_data]
2025-10-27 05:58:20,262 [INFO] [成功读取表 jingpin_data，数据行数：4553]
2025-10-27 05:58:20,297 [INFO] [开始读取数据库表：inventory_data]
2025-10-27 05:58:21,036 [INFO] [成功读取表 inventory_data，数据行数：8966]
2025-10-27 05:58:21,036 [INFO] [开始读取数据库表：tuiding_data]
2025-10-27 05:58:21,173 [INFO] [成功读取表 tuiding_data，数据行数：3433]
2025-10-27 05:58:21,173 [INFO] [开始读取数据库表：debit_data]
2025-10-27 05:58:22,332 [INFO] [成功读取表 debit_data，数据行数：17651]
2025-10-27 05:58:22,652 [INFO] [开始读取数据库表：sales_invoice_data]
2025-10-27 05:58:23,621 [INFO] [成功读取表 sales_invoice_data，数据行数：17317]
2025-10-27 06:28:12,709 [INFO] [数据库引擎创建成功]
2025-10-27 06:28:12,719 [INFO] [开始读取数据库表：order_data]
2025-10-27 06:28:13,310 [INFO] [成功读取表 order_data，数据行数：18795]
2025-10-27 06:28:13,492 [INFO] [开始读取数据库表：sales_data]
2025-10-27 06:28:17,717 [INFO] [成功读取表 sales_data，数据行数：22871]
2025-10-27 06:28:19,464 [INFO] [开始读取数据库表：jingpin_data]
2025-10-27 06:28:19,710 [INFO] [成功读取表 jingpin_data，数据行数：4553]
2025-10-27 06:28:19,779 [INFO] [开始读取数据库表：inventory_data]
2025-10-27 06:28:20,432 [INFO] [成功读取表 inventory_data，数据行数：8966]
2025-10-27 06:28:20,432 [INFO] [开始读取数据库表：tuiding_data]
2025-10-27 06:28:20,585 [INFO] [成功读取表 tuiding_data，数据行数：3433]
2025-10-27 06:28:20,585 [INFO] [开始读取数据库表：debit_data]
2025-10-27 06:28:21,772 [INFO] [成功读取表 debit_data，数据行数：17651]
2025-10-27 06:28:22,112 [INFO] [开始读取数据库表：sales_invoice_data]
2025-10-27 06:28:23,149 [INFO] [成功读取表 sales_invoice_data，数据行数：17317]
2025-10-27 06:58:08,091 [INFO] [数据库引擎创建成功]
2025-10-27 06:58:08,101 [INFO] [开始读取数据库表：order_data]
2025-10-27 06:58:08,683 [INFO] [成功读取表 order_data，数据行数：18795]
2025-10-27 06:58:08,853 [INFO] [开始读取数据库表：sales_data]
2025-10-27 06:58:12,734 [INFO] [成功读取表 sales_data，数据行数：22871]
2025-10-27 06:58:14,420 [INFO] [开始读取数据库表：jingpin_data]
2025-10-27 06:58:14,642 [INFO] [成功读取表 jingpin_data，数据行数：4553]
2025-10-27 06:58:14,677 [INFO] [开始读取数据库表：inventory_data]
2025-10-27 06:58:15,289 [INFO] [成功读取表 inventory_data，数据行数：8966]
2025-10-27 06:58:15,289 [INFO] [开始读取数据库表：tuiding_data]
2025-10-27 06:58:15,415 [INFO] [成功读取表 tuiding_data，数据行数：3433]
2025-10-27 06:58:15,415 [INFO] [开始读取数据库表：debit_data]
2025-10-27 06:58:16,590 [INFO] [成功读取表 debit_data，数据行数：17651]
2025-10-27 06:58:16,894 [INFO] [开始读取数据库表：sales_invoice_data]
2025-10-27 06:58:18,030 [INFO] [成功读取表 sales_invoice_data，数据行数：17317]
2025-10-27 07:28:01,274 [INFO] [数据库引擎创建成功]
2025-10-27 07:28:01,284 [INFO] [开始读取数据库表：order_data]
2025-10-27 07:28:01,879 [INFO] [成功读取表 order_data，数据行数：18793]
2025-10-27 07:28:02,050 [INFO] [开始读取数据库表：sales_data]
2025-10-27 07:28:06,220 [INFO] [成功读取表 sales_data，数据行数：22871]
2025-10-27 07:28:07,776 [INFO] [开始读取数据库表：jingpin_data]
2025-10-27 07:28:07,984 [INFO] [成功读取表 jingpin_data，数据行数：4553]
2025-10-27 07:28:08,018 [INFO] [开始读取数据库表：inventory_data]
2025-10-27 07:28:08,713 [INFO] [成功读取表 inventory_data，数据行数：8966]
2025-10-27 07:28:08,714 [INFO] [开始读取数据库表：tuiding_data]
2025-10-27 07:28:08,851 [INFO] [成功读取表 tuiding_data，数据行数：3435]
2025-10-27 07:28:08,851 [INFO] [开始读取数据库表：debit_data]
2025-10-27 07:28:09,941 [INFO] [成功读取表 debit_data，数据行数：17651]
2025-10-27 07:28:10,272 [INFO] [开始读取数据库表：sales_invoice_data]
2025-10-27 07:28:11,274 [INFO] [成功读取表 sales_invoice_data，数据行数：17317]
2025-10-27 07:57:54,659 [INFO] [数据库引擎创建成功]
2025-10-27 07:57:54,667 [INFO] [开始读取数据库表：order_data]
2025-10-27 07:57:55,128 [INFO] [成功读取表 order_data，数据行数：18793]
2025-10-27 07:57:55,304 [INFO] [开始读取数据库表：sales_data]
2025-10-27 07:57:59,305 [INFO] [成功读取表 sales_data，数据行数：22871]
2025-10-27 07:58:01,062 [INFO] [开始读取数据库表：jingpin_data]
2025-10-27 07:58:01,303 [INFO] [成功读取表 jingpin_data，数据行数：4553]
2025-10-27 07:58:01,339 [INFO] [开始读取数据库表：inventory_data]
2025-10-27 07:58:02,080 [INFO] [成功读取表 inventory_data，数据行数：8966]
2025-10-27 07:58:02,080 [INFO] [开始读取数据库表：tuiding_data]
2025-10-27 07:58:02,225 [INFO] [成功读取表 tuiding_data，数据行数：3435]
2025-10-27 07:58:02,225 [INFO] [开始读取数据库表：debit_data]
2025-10-27 07:58:03,422 [INFO] [成功读取表 debit_data，数据行数：17651]
2025-10-27 07:58:03,733 [INFO] [开始读取数据库表：sales_invoice_data]
2025-10-27 07:58:04,687 [INFO] [成功读取表 sales_invoice_data，数据行数：17317]
2025-10-27 08:28:39,104 [INFO] [数据库引擎创建成功]
2025-10-27 08:28:39,105 [INFO] [开始读取数据库表：order_data]
2025-10-27 08:28:39,631 [INFO] [成功读取表 order_data，数据行数：18793]
2025-10-27 08:28:39,809 [INFO] [开始读取数据库表：sales_data]
2025-10-27 08:28:43,865 [INFO] [成功读取表 sales_data，数据行数：22871]
2025-10-27 08:28:45,642 [INFO] [开始读取数据库表：jingpin_data]
2025-10-27 08:28:45,862 [INFO] [成功读取表 jingpin_data，数据行数：4553]
2025-10-27 08:28:45,924 [INFO] [开始读取数据库表：inventory_data]
2025-10-27 08:28:46,651 [INFO] [成功读取表 inventory_data，数据行数：8966]
2025-10-27 08:28:46,651 [INFO] [开始读取数据库表：tuiding_data]
2025-10-27 08:28:46,808 [INFO] [成功读取表 tuiding_data，数据行数：3435]
2025-10-27 08:28:46,809 [INFO] [开始读取数据库表：debit_data]
2025-10-27 08:28:47,837 [INFO] [成功读取表 debit_data，数据行数：17651]
2025-10-27 08:28:48,178 [INFO] [开始读取数据库表：sales_invoice_data]
2025-10-27 08:28:49,218 [INFO] [成功读取表 sales_invoice_data，数据行数：17317]
2025-10-27 08:59:13,920 [INFO] [数据库引擎创建成功]
2025-10-27 08:59:13,929 [INFO] [开始读取数据库表：order_data]
2025-10-27 08:59:14,482 [INFO] [成功读取表 order_data，数据行数：18793]
2025-10-27 08:59:14,691 [INFO] [开始读取数据库表：sales_data]
2025-10-27 08:59:18,598 [INFO] [成功读取表 sales_data，数据行数：22871]
2025-10-27 08:59:20,343 [INFO] [开始读取数据库表：jingpin_data]
2025-10-27 08:59:20,592 [INFO] [成功读取表 jingpin_data，数据行数：4553]
2025-10-27 08:59:20,627 [INFO] [开始读取数据库表：inventory_data]
2025-10-27 08:59:21,350 [INFO] [成功读取表 inventory_data，数据行数：8966]
2025-10-27 08:59:21,350 [INFO] [开始读取数据库表：tuiding_data]
2025-10-27 08:59:21,516 [INFO] [成功读取表 tuiding_data，数据行数：3435]
2025-10-27 08:59:21,516 [INFO] [开始读取数据库表：debit_data]
2025-10-27 08:59:22,660 [INFO] [成功读取表 debit_data，数据行数：17651]
2025-10-27 08:59:22,942 [INFO] [开始读取数据库表：sales_invoice_data]
2025-10-27 08:59:24,040 [INFO] [成功读取表 sales_invoice_data，数据行数：17317]
2025-10-27 09:28:40,689 [INFO] [数据库引擎创建成功]
2025-10-27 09:28:40,690 [INFO] [开始读取数据库表：order_data]
2025-10-27 09:28:41,050 [INFO] [成功读取表 order_data，数据行数：18792]
2025-10-27 09:28:41,170 [INFO] [开始读取数据库表：sales_data]
2025-10-27 09:28:44,473 [INFO] [成功读取表 sales_data，数据行数：22871]
2025-10-27 09:28:46,545 [INFO] [开始读取数据库表：jingpin_data]
2025-10-27 09:28:46,829 [INFO] [成功读取表 jingpin_data，数据行数：4553]
2025-10-27 09:28:46,902 [INFO] [开始读取数据库表：inventory_data]
2025-10-27 09:28:47,681 [INFO] [成功读取表 inventory_data，数据行数：8966]
2025-10-27 09:28:47,681 [INFO] [开始读取数据库表：tuiding_data]
2025-10-27 09:28:47,865 [INFO] [成功读取表 tuiding_data，数据行数：3436]
2025-10-27 09:28:47,865 [INFO] [开始读取数据库表：debit_data]
2025-10-27 09:28:49,268 [INFO] [成功读取表 debit_data，数据行数：17651]
2025-10-27 09:28:49,616 [INFO] [开始读取数据库表：sales_invoice_data]
2025-10-27 09:28:50,828 [INFO] [成功读取表 sales_invoice_data，数据行数：17317]
2025-10-27 09:58:43,290 [INFO] [数据库引擎创建成功]
2025-10-27 09:58:43,290 [INFO] [开始读取数据库表：order_data]
2025-10-27 09:58:43,708 [INFO] [成功读取表 order_data，数据行数：18792]
2025-10-27 09:58:43,913 [INFO] [开始读取数据库表：sales_data]
2025-10-27 09:58:47,734 [INFO] [成功读取表 sales_data，数据行数：22872]
2025-10-27 09:58:49,463 [INFO] [开始读取数据库表：jingpin_data]
2025-10-27 09:58:49,682 [INFO] [成功读取表 jingpin_data，数据行数：4553]
2025-10-27 09:58:49,742 [INFO] [开始读取数据库表：inventory_data]
2025-10-27 09:58:50,427 [INFO] [成功读取表 inventory_data，数据行数：8967]
2025-10-27 09:58:50,427 [INFO] [开始读取数据库表：tuiding_data]
2025-10-27 09:58:50,588 [INFO] [成功读取表 tuiding_data，数据行数：3436]
2025-10-27 09:58:50,588 [INFO] [开始读取数据库表：debit_data]
2025-10-27 09:58:51,760 [INFO] [成功读取表 debit_data，数据行数：17652]
2025-10-27 09:58:52,090 [INFO] [开始读取数据库表：sales_invoice_data]
2025-10-27 09:58:53,079 [INFO] [成功读取表 sales_invoice_data，数据行数：17323]
2025-10-27 10:29:14,580 [INFO] [数据库引擎创建成功]
2025-10-27 10:29:14,580 [INFO] [开始读取数据库表：order_data]
2025-10-27 10:29:15,076 [INFO] [成功读取表 order_data，数据行数：18792]
2025-10-27 10:29:15,251 [INFO] [开始读取数据库表：sales_data]
2025-10-27 10:29:18,792 [INFO] [成功读取表 sales_data，数据行数：22875]
2025-10-27 10:29:20,705 [INFO] [开始读取数据库表：jingpin_data]
2025-10-27 10:29:20,968 [INFO] [成功读取表 jingpin_data，数据行数：4553]
2025-10-27 10:29:21,034 [INFO] [开始读取数据库表：inventory_data]
2025-10-27 10:29:21,804 [INFO] [成功读取表 inventory_data，数据行数：8969]
2025-10-27 10:29:21,805 [INFO] [开始读取数据库表：tuiding_data]
2025-10-27 10:29:21,989 [INFO] [成功读取表 tuiding_data，数据行数：3436]
2025-10-27 10:29:21,989 [INFO] [开始读取数据库表：debit_data]
2025-10-27 10:29:23,268 [INFO] [成功读取表 debit_data，数据行数：17653]
2025-10-27 10:29:23,649 [INFO] [开始读取数据库表：sales_invoice_data]
2025-10-27 10:29:24,802 [INFO] [成功读取表 sales_invoice_data，数据行数：17326]
2025-10-27 10:58:56,215 [INFO] [数据库引擎创建成功]
2025-10-27 10:58:56,215 [INFO] [开始读取数据库表：order_data]
2025-10-27 10:58:56,716 [INFO] [成功读取表 order_data，数据行数：18788]
2025-10-27 10:58:56,885 [INFO] [开始读取数据库表：sales_data]
2025-10-27 10:59:00,858 [INFO] [成功读取表 sales_data，数据行数：22878]
2025-10-27 10:59:02,771 [INFO] [开始读取数据库表：jingpin_data]
2025-10-27 10:59:03,037 [INFO] [成功读取表 jingpin_data，数据行数：4554]
2025-10-27 10:59:03,091 [INFO] [开始读取数据库表：inventory_data]
2025-10-27 10:59:03,880 [INFO] [成功读取表 inventory_data，数据行数：8969]
2025-10-27 10:59:03,880 [INFO] [开始读取数据库表：tuiding_data]
2025-10-27 10:59:04,052 [INFO] [成功读取表 tuiding_data，数据行数：3440]
2025-10-27 10:59:04,052 [INFO] [开始读取数据库表：debit_data]
2025-10-27 10:59:05,320 [INFO] [成功读取表 debit_data，数据行数：17653]
2025-10-27 10:59:05,713 [INFO] [开始读取数据库表：sales_invoice_data]
2025-10-27 10:59:06,843 [INFO] [成功读取表 sales_invoice_data，数据行数：17327]
2025-10-27 11:29:03,121 [INFO] [数据库引擎创建成功]
2025-10-27 11:29:03,121 [INFO] [开始读取数据库表：order_data]
2025-10-27 11:29:03,690 [INFO] [成功读取表 order_data，数据行数：18786]
2025-10-27 11:29:03,879 [INFO] [开始读取数据库表：sales_data]
2025-10-27 11:29:08,268 [INFO] [成功读取表 sales_data，数据行数：22881]
2025-10-27 11:29:10,203 [INFO] [开始读取数据库表：jingpin_data]
2025-10-27 11:29:10,473 [INFO] [成功读取表 jingpin_data，数据行数：4555]
2025-10-27 11:29:10,536 [INFO] [开始读取数据库表：inventory_data]
2025-10-27 11:29:11,311 [INFO] [成功读取表 inventory_data，数据行数：8971]
2025-10-27 11:29:11,311 [INFO] [开始读取数据库表：tuiding_data]
2025-10-27 11:29:11,490 [INFO] [成功读取表 tuiding_data，数据行数：3442]
2025-10-27 11:29:11,491 [INFO] [开始读取数据库表：debit_data]
2025-10-27 11:29:12,755 [INFO] [成功读取表 debit_data，数据行数：17654]
2025-10-27 11:29:13,186 [INFO] [开始读取数据库表：sales_invoice_data]
2025-10-27 11:29:14,342 [INFO] [成功读取表 sales_invoice_data，数据行数：17329]
2025-10-27 11:59:02,492 [INFO] [数据库引擎创建成功]
2025-10-27 11:59:02,492 [INFO] [开始读取数据库表：order_data]
2025-10-27 11:59:03,013 [INFO] [成功读取表 order_data，数据行数：18785]
2025-10-27 11:59:03,182 [INFO] [开始读取数据库表：sales_data]
2025-10-27 11:59:07,787 [INFO] [成功读取表 sales_data，数据行数：22888]
2025-10-27 11:59:09,803 [INFO] [开始读取数据库表：jingpin_data]
2025-10-27 11:59:10,082 [INFO] [成功读取表 jingpin_data，数据行数：4555]
2025-10-27 11:59:10,148 [INFO] [开始读取数据库表：inventory_data]
2025-10-27 11:59:10,940 [INFO] [成功读取表 inventory_data，数据行数：8971]
2025-10-27 11:59:10,940 [INFO] [开始读取数据库表：tuiding_data]
2025-10-27 11:59:11,129 [INFO] [成功读取表 tuiding_data，数据行数：3443]
2025-10-27 11:59:11,129 [INFO] [开始读取数据库表：debit_data]
2025-10-27 11:59:12,444 [INFO] [成功读取表 debit_data，数据行数：17763]
2025-10-27 11:59:12,839 [INFO] [开始读取数据库表：sales_invoice_data]
2025-10-27 11:59:14,089 [INFO] [成功读取表 sales_invoice_data，数据行数：17330]
2025-10-27 12:28:12,274 [INFO] [数据库引擎创建成功]
2025-10-27 12:28:12,274 [INFO] [开始读取数据库表：order_data]
2025-10-27 12:28:12,862 [INFO] [成功读取表 order_data，数据行数：18793]
2025-10-27 12:28:13,049 [INFO] [开始读取数据库表：sales_data]
2025-10-27 12:28:17,474 [INFO] [成功读取表 sales_data，数据行数：22891]
2025-10-27 12:28:19,257 [INFO] [开始读取数据库表：jingpin_data]
2025-10-27 12:28:19,454 [INFO] [成功读取表 jingpin_data，数据行数：4555]
2025-10-27 12:28:19,517 [INFO] [开始读取数据库表：inventory_data]
2025-10-27 12:28:20,226 [INFO] [成功读取表 inventory_data，数据行数：8976]
2025-10-27 12:28:20,227 [INFO] [开始读取数据库表：tuiding_data]
2025-10-27 12:28:20,391 [INFO] [成功读取表 tuiding_data，数据行数：3443]
2025-10-27 12:28:20,391 [INFO] [开始读取数据库表：debit_data]
2025-10-27 12:28:21,623 [INFO] [成功读取表 debit_data，数据行数：17881]
2025-10-27 12:28:21,965 [INFO] [开始读取数据库表：sales_invoice_data]
2025-10-27 12:28:22,916 [INFO] [成功读取表 sales_invoice_data，数据行数：17333]
2025-10-27 12:58:20,074 [INFO] [数据库引擎创建成功]
2025-10-27 12:58:20,074 [INFO] [开始读取数据库表：order_data]
2025-10-27 12:58:20,632 [INFO] [成功读取表 order_data，数据行数：18793]
2025-10-27 12:58:20,827 [INFO] [开始读取数据库表：sales_data]
2025-10-27 12:58:24,764 [INFO] [成功读取表 sales_data，数据行数：22896]
2025-10-27 12:58:26,443 [INFO] [开始读取数据库表：jingpin_data]
2025-10-27 12:58:26,672 [INFO] [成功读取表 jingpin_data，数据行数：4555]
2025-10-27 12:58:26,737 [INFO] [开始读取数据库表：inventory_data]
2025-10-27 12:58:27,393 [INFO] [成功读取表 inventory_data，数据行数：9090]
2025-10-27 12:58:27,393 [INFO] [开始读取数据库表：tuiding_data]
2025-10-27 12:58:27,548 [INFO] [成功读取表 tuiding_data，数据行数：3443]
2025-10-27 12:58:27,548 [INFO] [开始读取数据库表：debit_data]
2025-10-27 12:58:28,697 [INFO] [成功读取表 debit_data，数据行数：17996]
2025-10-27 12:58:28,988 [INFO] [开始读取数据库表：sales_invoice_data]
2025-10-27 12:58:29,956 [INFO] [成功读取表 sales_invoice_data，数据行数：17334]
2025-10-27 13:28:43,340 [INFO] [数据库引擎创建成功]
2025-10-27 13:28:43,340 [INFO] [开始读取数据库表：order_data]
2025-10-27 13:28:44,256 [INFO] [成功读取表 order_data，数据行数：18791]
2025-10-27 13:28:44,541 [INFO] [开始读取数据库表：sales_data]
2025-10-27 13:28:48,925 [INFO] [成功读取表 sales_data，数据行数：22904]
2025-10-27 13:28:50,596 [INFO] [开始读取数据库表：jingpin_data]
2025-10-27 13:28:50,826 [INFO] [成功读取表 jingpin_data，数据行数：4556]
2025-10-27 13:28:50,887 [INFO] [开始读取数据库表：inventory_data]
2025-10-27 13:28:51,601 [INFO] [成功读取表 inventory_data，数据行数：9090]
2025-10-27 13:28:51,601 [INFO] [开始读取数据库表：tuiding_data]
2025-10-27 13:28:51,752 [INFO] [成功读取表 tuiding_data，数据行数：3445]
2025-10-27 13:28:51,753 [INFO] [开始读取数据库表：debit_data]
2025-10-27 13:28:52,824 [INFO] [成功读取表 debit_data，数据行数：17998]
2025-10-27 13:28:53,146 [INFO] [开始读取数据库表：sales_invoice_data]
2025-10-27 13:28:54,073 [INFO] [成功读取表 sales_invoice_data，数据行数：17334]
2025-10-27 13:58:51,970 [INFO] [数据库引擎创建成功]
2025-10-27 13:58:51,970 [INFO] [开始读取数据库表：order_data]
2025-10-27 13:58:52,539 [INFO] [成功读取表 order_data，数据行数：18791]
2025-10-27 13:58:52,828 [INFO] [开始读取数据库表：sales_data]
2025-10-27 13:58:57,619 [INFO] [成功读取表 sales_data，数据行数：22910]
2025-10-27 13:58:59,576 [INFO] [开始读取数据库表：jingpin_data]
2025-10-27 13:58:59,853 [INFO] [成功读取表 jingpin_data，数据行数：4558]
2025-10-27 13:58:59,922 [INFO] [开始读取数据库表：inventory_data]
2025-10-27 13:59:00,733 [INFO] [成功读取表 inventory_data，数据行数：9090]
2025-10-27 13:59:00,733 [INFO] [开始读取数据库表：tuiding_data]
2025-10-27 13:59:00,911 [INFO] [成功读取表 tuiding_data，数据行数：3445]
2025-10-27 13:59:00,912 [INFO] [开始读取数据库表：debit_data]
2025-10-27 13:59:02,212 [INFO] [成功读取表 debit_data，数据行数：17998]
2025-10-27 13:59:02,585 [INFO] [开始读取数据库表：sales_invoice_data]
2025-10-27 13:59:03,787 [INFO] [成功读取表 sales_invoice_data，数据行数：17335]
2025-10-27 14:29:08,333 [INFO] [数据库引擎创建成功]
2025-10-27 14:29:08,334 [INFO] [开始读取数据库表：order_data]
2025-10-27 14:29:08,923 [INFO] [成功读取表 order_data，数据行数：18791]
2025-10-27 14:29:09,110 [INFO] [开始读取数据库表：sales_data]
2025-10-27 14:29:13,601 [INFO] [成功读取表 sales_data，数据行数：22917]
2025-10-27 14:29:15,718 [INFO] [开始读取数据库表：jingpin_data]
2025-10-27 14:29:16,088 [INFO] [成功读取表 jingpin_data，数据行数：4558]
2025-10-27 14:29:16,166 [INFO] [开始读取数据库表：inventory_data]
2025-10-27 14:29:17,039 [INFO] [成功读取表 inventory_data，数据行数：9108]
2025-10-27 14:29:17,039 [INFO] [开始读取数据库表：tuiding_data]
2025-10-27 14:29:17,217 [INFO] [成功读取表 tuiding_data，数据行数：3445]
2025-10-27 14:29:17,217 [INFO] [开始读取数据库表：debit_data]
2025-10-27 14:29:18,625 [INFO] [成功读取表 debit_data，数据行数：18007]
2025-10-27 14:29:19,063 [INFO] [开始读取数据库表：sales_invoice_data]
2025-10-27 14:29:20,283 [INFO] [成功读取表 sales_invoice_data，数据行数：17339]
2025-10-27 14:58:35,883 [INFO] [数据库引擎创建成功]
2025-10-27 14:58:35,883 [INFO] [开始读取数据库表：order_data]
2025-10-27 14:58:36,475 [INFO] [成功读取表 order_data，数据行数：18794]
2025-10-27 14:58:36,649 [INFO] [开始读取数据库表：sales_data]
2025-10-27 14:58:41,070 [INFO] [成功读取表 sales_data，数据行数：22926]
2025-10-27 14:58:42,981 [INFO] [开始读取数据库表：jingpin_data]
2025-10-27 14:58:43,246 [INFO] [成功读取表 jingpin_data，数据行数：4558]
2025-10-27 14:58:43,311 [INFO] [开始读取数据库表：inventory_data]
2025-10-27 14:58:44,102 [INFO] [成功读取表 inventory_data，数据行数：9108]
2025-10-27 14:58:44,102 [INFO] [开始读取数据库表：tuiding_data]
2025-10-27 14:58:44,283 [INFO] [成功读取表 tuiding_data，数据行数：3447]
2025-10-27 14:58:44,283 [INFO] [开始读取数据库表：debit_data]
2025-10-27 14:58:45,566 [INFO] [成功读取表 debit_data，数据行数：18007]
2025-10-27 14:58:45,939 [INFO] [开始读取数据库表：sales_invoice_data]
2025-10-27 14:58:47,090 [INFO] [成功读取表 sales_invoice_data，数据行数：17339]
2025-10-27 15:29:07,473 [INFO] [数据库引擎创建成功]
2025-10-27 15:29:07,473 [INFO] [开始读取数据库表：order_data]
2025-10-27 15:29:08,112 [INFO] [成功读取表 order_data，数据行数：18793]
2025-10-27 15:29:08,331 [INFO] [开始读取数据库表：sales_data]
2025-10-27 15:29:13,354 [INFO] [成功读取表 sales_data，数据行数：22927]
2025-10-27 15:29:15,321 [INFO] [开始读取数据库表：jingpin_data]
2025-10-27 15:29:15,595 [INFO] [成功读取表 jingpin_data，数据行数：4558]
2025-10-27 15:29:15,663 [INFO] [开始读取数据库表：inventory_data]
2025-10-27 15:29:16,495 [INFO] [成功读取表 inventory_data，数据行数：9108]
2025-10-27 15:29:16,496 [INFO] [开始读取数据库表：tuiding_data]
2025-10-27 15:29:16,680 [INFO] [成功读取表 tuiding_data，数据行数：3448]
2025-10-27 15:29:16,680 [INFO] [开始读取数据库表：debit_data]
2025-10-27 15:29:18,024 [INFO] [成功读取表 debit_data，数据行数：18007]
2025-10-27 15:29:18,387 [INFO] [开始读取数据库表：sales_invoice_data]
2025-10-27 15:29:19,537 [INFO] [成功读取表 sales_invoice_data，数据行数：17347]
2025-10-27 15:59:16,858 [INFO] [数据库引擎创建成功]
2025-10-27 15:59:16,858 [INFO] [开始读取数据库表：order_data]
2025-10-27 15:59:17,439 [INFO] [成功读取表 order_data，数据行数：18791]
2025-10-27 15:59:17,618 [INFO] [开始读取数据库表：sales_data]
2025-10-27 15:59:22,418 [INFO] [成功读取表 sales_data，数据行数：22940]
2025-10-27 15:59:24,427 [INFO] [开始读取数据库表：jingpin_data]
2025-10-27 15:59:24,703 [INFO] [成功读取表 jingpin_data，数据行数：4559]
2025-10-27 15:59:24,771 [INFO] [开始读取数据库表：inventory_data]
2025-10-27 15:59:25,600 [INFO] [成功读取表 inventory_data，数据行数：9108]
2025-10-27 15:59:25,600 [INFO] [开始读取数据库表：tuiding_data]
2025-10-27 15:59:25,800 [INFO] [成功读取表 tuiding_data，数据行数：3450]
2025-10-27 15:59:25,801 [INFO] [开始读取数据库表：debit_data]
2025-10-27 15:59:27,219 [INFO] [成功读取表 debit_data，数据行数：18007]
2025-10-27 15:59:27,636 [INFO] [开始读取数据库表：sales_invoice_data]
2025-10-27 15:59:29,270 [INFO] [成功读取表 sales_invoice_data，数据行数：17351]
2025-10-27 16:28:25,666 [INFO] [数据库引擎创建成功]
2025-10-27 16:28:25,666 [INFO] [开始读取数据库表：order_data]
2025-10-27 16:28:26,106 [INFO] [成功读取表 order_data，数据行数：18804]
2025-10-27 16:28:26,266 [INFO] [开始读取数据库表：sales_data]
2025-10-27 16:28:29,410 [INFO] [成功读取表 sales_data，数据行数：22947]
2025-10-27 16:28:31,265 [INFO] [开始读取数据库表：jingpin_data]
2025-10-27 16:28:31,543 [INFO] [成功读取表 jingpin_data，数据行数：4560]
2025-10-27 16:28:31,604 [INFO] [开始读取数据库表：inventory_data]
2025-10-27 16:28:32,334 [INFO] [成功读取表 inventory_data，数据行数：9108]
2025-10-27 16:28:32,334 [INFO] [开始读取数据库表：tuiding_data]
2025-10-27 16:28:32,490 [INFO] [成功读取表 tuiding_data，数据行数：3451]
2025-10-27 16:28:32,490 [INFO] [开始读取数据库表：debit_data]
2025-10-27 16:28:33,769 [INFO] [成功读取表 debit_data，数据行数：18007]
2025-10-27 16:28:34,115 [INFO] [开始读取数据库表：sales_invoice_data]
2025-10-27 16:28:35,213 [INFO] [成功读取表 sales_invoice_data，数据行数：17358]
2025-10-27 16:58:17,021 [INFO] [数据库引擎创建成功]
2025-10-27 16:58:17,021 [INFO] [开始读取数据库表：order_data]
2025-10-27 16:58:17,378 [INFO] [成功读取表 order_data，数据行数：18806]
2025-10-27 16:58:17,508 [INFO] [开始读取数据库表：sales_data]
2025-10-27 16:58:19,349 [INFO] [成功读取表 sales_data，数据行数：22953]
2025-10-27 16:58:21,329 [INFO] [开始读取数据库表：jingpin_data]
2025-10-27 16:58:21,588 [INFO] [成功读取表 jingpin_data，数据行数：4563]
2025-10-27 16:58:21,665 [INFO] [开始读取数据库表：inventory_data]
2025-10-27 16:58:22,451 [INFO] [成功读取表 inventory_data，数据行数：9108]
2025-10-27 16:58:22,451 [INFO] [开始读取数据库表：tuiding_data]
2025-10-27 16:58:22,639 [INFO] [成功读取表 tuiding_data，数据行数：3451]
2025-10-27 16:58:22,639 [INFO] [开始读取数据库表：debit_data]
2025-10-27 16:58:24,009 [INFO] [成功读取表 debit_data，数据行数：18007]
2025-10-27 16:58:24,378 [INFO] [开始读取数据库表：sales_invoice_data]
2025-10-27 16:58:25,519 [INFO] [成功读取表 sales_invoice_data，数据行数：17361]
2025-10-27 17:28:16,037 [INFO] [数据库引擎创建成功]
2025-10-27 17:28:16,038 [INFO] [开始读取数据库表：order_data]
2025-10-27 17:28:16,362 [INFO] [成功读取表 order_data，数据行数：18810]
2025-10-27 17:28:16,472 [INFO] [开始读取数据库表：sales_data]
2025-10-27 17:28:18,058 [INFO] [成功读取表 sales_data，数据行数：22959]
2025-10-27 17:28:19,950 [INFO] [开始读取数据库表：jingpin_data]
2025-10-27 17:28:20,229 [INFO] [成功读取表 jingpin_data，数据行数：4572]
2025-10-27 17:28:20,296 [INFO] [开始读取数据库表：inventory_data]
2025-10-27 17:28:21,117 [INFO] [成功读取表 inventory_data，数据行数：9109]
2025-10-27 17:28:21,118 [INFO] [开始读取数据库表：tuiding_data]
2025-10-27 17:28:21,303 [INFO] [成功读取表 tuiding_data，数据行数：3452]
2025-10-27 17:28:21,303 [INFO] [开始读取数据库表：debit_data]
2025-10-27 17:28:22,692 [INFO] [成功读取表 debit_data，数据行数：18007]
2025-10-27 17:28:23,090 [INFO] [开始读取数据库表：sales_invoice_data]
2025-10-27 17:28:24,311 [INFO] [成功读取表 sales_invoice_data，数据行数：17366]
2025-10-27 17:58:22,980 [INFO] [数据库引擎创建成功]
2025-10-27 17:58:22,981 [INFO] [开始读取数据库表：order_data]
2025-10-27 17:58:23,321 [INFO] [成功读取表 order_data，数据行数：18816]
2025-10-27 17:58:23,437 [INFO] [开始读取数据库表：sales_data]
2025-10-27 17:58:25,335 [INFO] [成功读取表 sales_data，数据行数：22967]
2025-10-27 17:58:27,269 [INFO] [开始读取数据库表：jingpin_data]
2025-10-27 17:58:27,538 [INFO] [成功读取表 jingpin_data，数据行数：4572]
2025-10-27 17:58:27,600 [INFO] [开始读取数据库表：inventory_data]
2025-10-27 17:58:28,274 [INFO] [成功读取表 inventory_data，数据行数：9109]
2025-10-27 17:58:28,274 [INFO] [开始读取数据库表：tuiding_data]
2025-10-27 17:58:28,449 [INFO] [成功读取表 tuiding_data，数据行数：3453]
2025-10-27 17:58:28,449 [INFO] [开始读取数据库表：debit_data]
2025-10-27 17:58:29,825 [INFO] [成功读取表 debit_data，数据行数：18007]
2025-10-27 17:58:30,161 [INFO] [开始读取数据库表：sales_invoice_data]
2025-10-27 17:58:31,353 [INFO] [成功读取表 sales_invoice_data，数据行数：17375]
2025-10-27 18:28:05,049 [INFO] [数据库引擎创建成功]
2025-10-27 18:28:05,049 [INFO] [开始读取数据库表：order_data]
2025-10-27 18:28:05,395 [INFO] [成功读取表 order_data，数据行数：18815]
2025-10-27 18:28:05,505 [INFO] [开始读取数据库表：sales_data]
2025-10-27 18:28:07,208 [INFO] [成功读取表 sales_data，数据行数：22982]
2025-10-27 18:28:09,200 [INFO] [开始读取数据库表：jingpin_data]
2025-10-27 18:28:09,493 [INFO] [成功读取表 jingpin_data，数据行数：4573]
2025-10-27 18:28:09,558 [INFO] [开始读取数据库表：inventory_data]
2025-10-27 18:28:10,442 [INFO] [成功读取表 inventory_data，数据行数：9110]
2025-10-27 18:28:10,442 [INFO] [开始读取数据库表：tuiding_data]
2025-10-27 18:28:10,635 [INFO] [成功读取表 tuiding_data，数据行数：3456]
2025-10-27 18:28:10,635 [INFO] [开始读取数据库表：debit_data]
2025-10-27 18:28:12,088 [INFO] [成功读取表 debit_data，数据行数：18008]
2025-10-27 18:28:12,472 [INFO] [开始读取数据库表：sales_invoice_data]
2025-10-27 18:28:13,773 [INFO] [成功读取表 sales_invoice_data，数据行数：17377]
2025-10-27 18:57:49,225 [INFO] [数据库引擎创建成功]
2025-10-27 18:57:49,225 [INFO] [开始读取数据库表：order_data]
2025-10-27 18:57:49,552 [INFO] [成功读取表 order_data，数据行数：18818]
2025-10-27 18:57:49,663 [INFO] [开始读取数据库表：sales_data]
2025-10-27 18:57:51,229 [INFO] [成功读取表 sales_data，数据行数：22985]
2025-10-27 18:57:53,165 [INFO] [开始读取数据库表：jingpin_data]
2025-10-27 18:57:53,450 [INFO] [成功读取表 jingpin_data，数据行数：4573]
2025-10-27 18:57:53,521 [INFO] [开始读取数据库表：inventory_data]
2025-10-27 18:57:54,376 [INFO] [成功读取表 inventory_data，数据行数：9110]
2025-10-27 18:57:54,376 [INFO] [开始读取数据库表：tuiding_data]
2025-10-27 18:57:54,555 [INFO] [成功读取表 tuiding_data，数据行数：3456]
2025-10-27 18:57:54,555 [INFO] [开始读取数据库表：debit_data]
2025-10-27 18:57:55,953 [INFO] [成功读取表 debit_data，数据行数：18008]
2025-10-27 18:57:56,333 [INFO] [开始读取数据库表：sales_invoice_data]
2025-10-27 18:57:57,578 [INFO] [成功读取表 sales_invoice_data，数据行数：17380]
2025-10-27 19:27:57,464 [INFO] [数据库引擎创建成功]
2025-10-27 19:27:57,464 [INFO] [开始读取数据库表：order_data]
2025-10-27 19:27:57,797 [INFO] [成功读取表 order_data，数据行数：18820]
2025-10-27 19:27:57,911 [INFO] [开始读取数据库表：sales_data]
2025-10-27 19:27:59,496 [INFO] [成功读取表 sales_data，数据行数：22985]
2025-10-27 19:28:01,354 [INFO] [开始读取数据库表：jingpin_data]
2025-10-27 19:28:01,635 [INFO] [成功读取表 jingpin_data，数据行数：4573]
2025-10-27 19:28:01,708 [INFO] [开始读取数据库表：inventory_data]
2025-10-27 19:28:02,514 [INFO] [成功读取表 inventory_data，数据行数：9110]
2025-10-27 19:28:02,514 [INFO] [开始读取数据库表：tuiding_data]
2025-10-27 19:28:02,702 [INFO] [成功读取表 tuiding_data，数据行数：3456]
2025-10-27 19:28:02,702 [INFO] [开始读取数据库表：debit_data]
2025-10-27 19:28:04,095 [INFO] [成功读取表 debit_data，数据行数：18008]
2025-10-27 19:28:04,478 [INFO] [开始读取数据库表：sales_invoice_data]
2025-10-27 19:28:05,702 [INFO] [成功读取表 sales_invoice_data，数据行数：17382]
2025-10-27 19:58:06,215 [INFO] [数据库引擎创建成功]
2025-10-27 19:58:06,215 [INFO] [开始读取数据库表：order_data]
2025-10-27 19:58:06,557 [INFO] [成功读取表 order_data，数据行数：18820]
2025-10-27 19:58:06,677 [INFO] [开始读取数据库表：sales_data]
2025-10-27 19:58:08,724 [INFO] [成功读取表 sales_data，数据行数：22985]
2025-10-27 19:58:10,662 [INFO] [开始读取数据库表：jingpin_data]
2025-10-27 19:58:10,934 [INFO] [成功读取表 jingpin_data，数据行数：4573]
2025-10-27 19:58:11,001 [INFO] [开始读取数据库表：inventory_data]
2025-10-27 19:58:11,814 [INFO] [成功读取表 inventory_data，数据行数：9110]
2025-10-27 19:58:11,814 [INFO] [开始读取数据库表：tuiding_data]
2025-10-27 19:58:11,997 [INFO] [成功读取表 tuiding_data，数据行数：3456]
2025-10-27 19:58:11,997 [INFO] [开始读取数据库表：debit_data]
2025-10-27 19:58:13,352 [INFO] [成功读取表 debit_data，数据行数：18008]
2025-10-27 19:58:13,735 [INFO] [开始读取数据库表：sales_invoice_data]
2025-10-27 19:58:14,918 [INFO] [成功读取表 sales_invoice_data，数据行数：17382]
2025-10-27 20:28:15,463 [INFO] [数据库引擎创建成功]
2025-10-27 20:28:15,463 [INFO] [开始读取数据库表：order_data]
2025-10-27 20:28:15,840 [INFO] [成功读取表 order_data，数据行数：18822]
2025-10-27 20:28:15,960 [INFO] [开始读取数据库表：sales_data]
2025-10-27 20:28:18,142 [INFO] [成功读取表 sales_data，数据行数：22985]
2025-10-27 20:28:20,107 [INFO] [开始读取数据库表：jingpin_data]
2025-10-27 20:28:20,389 [INFO] [成功读取表 jingpin_data，数据行数：4573]
2025-10-27 20:28:20,458 [INFO] [开始读取数据库表：inventory_data]
2025-10-27 20:28:21,271 [INFO] [成功读取表 inventory_data，数据行数：9110]
2025-10-27 20:28:21,271 [INFO] [开始读取数据库表：tuiding_data]
2025-10-27 20:28:21,461 [INFO] [成功读取表 tuiding_data，数据行数：3457]
2025-10-27 20:28:21,461 [INFO] [开始读取数据库表：debit_data]
2025-10-27 20:28:22,847 [INFO] [成功读取表 debit_data，数据行数：18008]
2025-10-27 20:28:23,228 [INFO] [开始读取数据库表：sales_invoice_data]
2025-10-27 20:28:24,421 [INFO] [成功读取表 sales_invoice_data，数据行数：17385]
2025-10-27 20:57:52,535 [INFO] [数据库引擎创建成功]
2025-10-27 20:57:52,535 [INFO] [开始读取数据库表：order_data]
2025-10-27 20:57:52,941 [INFO] [成功读取表 order_data，数据行数：18822]
2025-10-27 20:57:53,075 [INFO] [开始读取数据库表：sales_data]
2025-10-27 20:57:55,870 [INFO] [成功读取表 sales_data，数据行数：22985]
2025-10-27 20:57:57,815 [INFO] [开始读取数据库表：jingpin_data]
2025-10-27 20:57:58,092 [INFO] [成功读取表 jingpin_data，数据行数：4573]
2025-10-27 20:57:58,161 [INFO] [开始读取数据库表：inventory_data]
2025-10-27 20:57:58,974 [INFO] [成功读取表 inventory_data，数据行数：9110]
2025-10-27 20:57:58,975 [INFO] [开始读取数据库表：tuiding_data]
2025-10-27 20:57:59,150 [INFO] [成功读取表 tuiding_data，数据行数：3457]
2025-10-27 20:57:59,150 [INFO] [开始读取数据库表：debit_data]
2025-10-27 20:58:00,523 [INFO] [成功读取表 debit_data，数据行数：18008]
2025-10-27 20:58:00,901 [INFO] [开始读取数据库表：sales_invoice_data]
2025-10-27 20:58:02,101 [INFO] [成功读取表 sales_invoice_data，数据行数：17385]
2025-10-27 21:28:45,954 [INFO] [数据库引擎创建成功]
2025-10-27 21:28:45,955 [INFO] [开始读取数据库表：order_data]
2025-10-27 21:28:46,867 [INFO] [成功读取表 order_data，数据行数：18817]
2025-10-27 21:28:47,247 [INFO] [开始读取数据库表：sales_data]
2025-10-27 21:28:52,569 [INFO] [成功读取表 sales_data，数据行数：22985]
2025-10-27 21:28:54,884 [INFO] [开始读取数据库表：jingpin_data]
2025-10-27 21:28:55,147 [INFO] [成功读取表 jingpin_data，数据行数：4573]
2025-10-27 21:28:55,218 [INFO] [开始读取数据库表：inventory_data]
2025-10-27 21:28:55,947 [INFO] [成功读取表 inventory_data，数据行数：9110]
2025-10-27 21:28:55,948 [INFO] [开始读取数据库表：tuiding_data]
2025-10-27 21:28:56,108 [INFO] [成功读取表 tuiding_data，数据行数：3462]
2025-10-27 21:28:56,108 [INFO] [开始读取数据库表：debit_data]
2025-10-27 21:28:57,525 [INFO] [成功读取表 debit_data，数据行数：18025]
2025-10-27 21:28:57,944 [INFO] [开始读取数据库表：sales_invoice_data]
2025-10-27 21:28:59,163 [INFO] [成功读取表 sales_invoice_data，数据行数：17386]
2025-10-27 21:58:02,587 [INFO] [数据库引擎创建成功]
2025-10-27 21:58:02,587 [INFO] [开始读取数据库表：order_data]
2025-10-27 21:58:02,914 [INFO] [成功读取表 order_data，数据行数：18817]
2025-10-27 21:58:03,024 [INFO] [开始读取数据库表：sales_data]
2025-10-27 21:58:04,649 [INFO] [成功读取表 sales_data，数据行数：22985]
2025-10-27 21:58:06,613 [INFO] [开始读取数据库表：jingpin_data]
2025-10-27 21:58:06,888 [INFO] [成功读取表 jingpin_data，数据行数：4573]
2025-10-27 21:58:06,959 [INFO] [开始读取数据库表：inventory_data]
2025-10-27 21:58:07,798 [INFO] [成功读取表 inventory_data，数据行数：9157]
2025-10-27 21:58:07,798 [INFO] [开始读取数据库表：tuiding_data]
2025-10-27 21:58:07,985 [INFO] [成功读取表 tuiding_data，数据行数：3462]
2025-10-27 21:58:07,985 [INFO] [开始读取数据库表：debit_data]
2025-10-27 21:58:09,371 [INFO] [成功读取表 debit_data，数据行数：18058]
2025-10-27 21:58:09,757 [INFO] [开始读取数据库表：sales_invoice_data]
2025-10-27 21:58:10,972 [INFO] [成功读取表 sales_invoice_data，数据行数：17386]
2025-10-27 22:27:53,275 [INFO] [数据库引擎创建成功]
2025-10-27 22:27:53,275 [INFO] [开始读取数据库表：order_data]
2025-10-27 22:27:53,637 [INFO] [成功读取表 order_data，数据行数：18817]
2025-10-27 22:27:53,767 [INFO] [开始读取数据库表：sales_data]
2025-10-27 22:27:56,240 [INFO] [成功读取表 sales_data，数据行数：22985]
2025-10-27 22:27:58,182 [INFO] [开始读取数据库表：jingpin_data]
2025-10-27 22:27:58,456 [INFO] [成功读取表 jingpin_data，数据行数：4573]
2025-10-27 22:27:58,524 [INFO] [开始读取数据库表：inventory_data]
2025-10-27 22:27:59,325 [INFO] [成功读取表 inventory_data，数据行数：9157]
2025-10-27 22:27:59,325 [INFO] [开始读取数据库表：tuiding_data]
2025-10-27 22:27:59,498 [INFO] [成功读取表 tuiding_data，数据行数：3462]
2025-10-27 22:27:59,499 [INFO] [开始读取数据库表：debit_data]
2025-10-27 22:28:00,833 [INFO] [成功读取表 debit_data，数据行数：18058]
2025-10-27 22:28:01,204 [INFO] [开始读取数据库表：sales_invoice_data]
2025-10-27 22:28:02,343 [INFO] [成功读取表 sales_invoice_data，数据行数：17386]
2025-10-27 22:58:07,884 [INFO] [数据库引擎创建成功]
2025-10-27 22:58:07,884 [INFO] [开始读取数据库表：order_data]
2025-10-27 22:58:08,283 [INFO] [成功读取表 order_data，数据行数：18817]
2025-10-27 22:58:08,408 [INFO] [开始读取数据库表：sales_data]
2025-10-27 22:58:11,098 [INFO] [成功读取表 sales_data，数据行数：22985]
2025-10-27 22:58:13,044 [INFO] [开始读取数据库表：jingpin_data]
2025-10-27 22:58:13,316 [INFO] [成功读取表 jingpin_data，数据行数：4573]
2025-10-27 22:58:13,383 [INFO] [开始读取数据库表：inventory_data]
2025-10-27 22:58:14,201 [INFO] [成功读取表 inventory_data，数据行数：9157]
2025-10-27 22:58:14,202 [INFO] [开始读取数据库表：tuiding_data]
2025-10-27 22:58:14,382 [INFO] [成功读取表 tuiding_data，数据行数：3462]
2025-10-27 22:58:14,382 [INFO] [开始读取数据库表：debit_data]
2025-10-27 22:58:15,740 [INFO] [成功读取表 debit_data，数据行数：18058]
2025-10-27 22:58:16,112 [INFO] [开始读取数据库表：sales_invoice_data]
2025-10-27 22:58:17,290 [INFO] [成功读取表 sales_invoice_data，数据行数：17386]
2025-10-27 23:27:59,968 [INFO] [数据库引擎创建成功]
2025-10-27 23:27:59,968 [INFO] [开始读取数据库表：order_data]
2025-10-27 23:28:00,403 [INFO] [成功读取表 order_data，数据行数：18817]
2025-10-27 23:28:00,520 [INFO] [开始读取数据库表：sales_data]
2025-10-27 23:28:03,356 [INFO] [成功读取表 sales_data，数据行数：22985]
2025-10-27 23:28:05,320 [INFO] [开始读取数据库表：jingpin_data]
2025-10-27 23:28:05,596 [INFO] [成功读取表 jingpin_data，数据行数：4573]
2025-10-27 23:28:05,665 [INFO] [开始读取数据库表：inventory_data]
2025-10-27 23:28:06,476 [INFO] [成功读取表 inventory_data，数据行数：9157]
2025-10-27 23:28:06,476 [INFO] [开始读取数据库表：tuiding_data]
2025-10-27 23:28:06,656 [INFO] [成功读取表 tuiding_data，数据行数：3462]
2025-10-27 23:28:06,656 [INFO] [开始读取数据库表：debit_data]
2025-10-27 23:28:07,983 [INFO] [成功读取表 debit_data，数据行数：18058]
2025-10-27 23:28:08,360 [INFO] [开始读取数据库表：sales_invoice_data]
2025-10-27 23:28:09,540 [INFO] [成功读取表 sales_invoice_data，数据行数：17386]
2025-10-27 23:58:02,108 [INFO] [数据库引擎创建成功]
2025-10-27 23:58:02,108 [INFO] [开始读取数据库表：order_data]
2025-10-27 23:58:02,455 [INFO] [成功读取表 order_data，数据行数：18817]
2025-10-27 23:58:02,573 [INFO] [开始读取数据库表：sales_data]
2025-10-27 23:58:04,571 [INFO] [成功读取表 sales_data，数据行数：22985]
2025-10-27 23:58:06,502 [INFO] [开始读取数据库表：jingpin_data]
2025-10-27 23:58:06,783 [INFO] [成功读取表 jingpin_data，数据行数：4573]
2025-10-27 23:58:06,848 [INFO] [开始读取数据库表：inventory_data]
2025-10-27 23:58:07,661 [INFO] [成功读取表 inventory_data，数据行数：9157]
2025-10-27 23:58:07,661 [INFO] [开始读取数据库表：tuiding_data]
2025-10-27 23:58:07,840 [INFO] [成功读取表 tuiding_data，数据行数：3462]
2025-10-27 23:58:07,840 [INFO] [开始读取数据库表：debit_data]
2025-10-27 23:58:09,214 [INFO] [成功读取表 debit_data，数据行数：18058]
2025-10-27 23:58:09,600 [INFO] [开始读取数据库表：sales_invoice_data]
2025-10-27 23:58:10,788 [INFO] [成功读取表 sales_invoice_data，数据行数：17386]
