2025-12-14 08:55:11,933 [INFO] [数据库引擎创建成功]
2025-12-14 08:55:11,934 [INFO] [开始读取数据库表：order_data]
2025-12-14 08:55:13,980 [INFO] [成功读取表 order_data，数据行数：25747]
2025-12-14 08:55:14,405 [INFO] [开始读取数据库表：sales_data]
2025-12-14 08:55:21,579 [INFO] [成功读取表 sales_data，数据行数：23040]
2025-12-14 08:55:23,998 [INFO] [开始读取数据库表：jingpin_data]
2025-12-14 08:55:24,399 [INFO] [成功读取表 jingpin_data，数据行数：5224]
2025-12-14 08:55:24,488 [INFO] [开始读取数据库表：inventory_data]
2025-12-14 08:55:25,007 [INFO] [成功读取表 inventory_data，数据行数：4992]
2025-12-14 08:55:25,008 [INFO] [开始读取数据库表：tuiding_data]
2025-12-14 08:55:25,284 [INFO] [成功读取表 tuiding_data，数据行数：4631]
2025-12-14 08:55:25,285 [INFO] [开始读取数据库表：debit_data]
2025-12-14 08:55:27,573 [INFO] [成功读取表 debit_data，数据行数：26502]
2025-12-14 08:55:28,038 [INFO] [开始读取数据库表：sales_invoice_data]
2025-12-14 08:55:29,660 [INFO] [成功读取表 sales_invoice_data，数据行数：20734]
2025-12-14 09:27:22,285 [INFO] [数据库引擎创建成功]
2025-12-14 09:27:22,286 [INFO] [开始读取数据库表：order_data]
2025-12-14 09:27:24,337 [INFO] [成功读取表 order_data，数据行数：25751]
2025-12-14 09:27:24,742 [INFO] [开始读取数据库表：sales_data]
2025-12-14 09:27:31,872 [INFO] [成功读取表 sales_data，数据行数：23042]
2025-12-14 09:27:34,241 [INFO] [开始读取数据库表：jingpin_data]
2025-12-14 09:27:34,660 [INFO] [成功读取表 jingpin_data，数据行数：5224]
2025-12-14 09:27:34,744 [INFO] [开始读取数据库表：inventory_data]
2025-12-14 09:27:35,300 [INFO] [成功读取表 inventory_data，数据行数：4990]
2025-12-14 09:27:35,300 [INFO] [开始读取数据库表：tuiding_data]
2025-12-14 09:27:35,592 [INFO] [成功读取表 tuiding_data，数据行数：4631]
2025-12-14 09:27:35,593 [INFO] [开始读取数据库表：debit_data]
2025-12-14 09:27:37,854 [INFO] [成功读取表 debit_data，数据行数：26502]
2025-12-14 09:27:38,287 [INFO] [开始读取数据库表：sales_invoice_data]
2025-12-14 09:27:39,934 [INFO] [成功读取表 sales_invoice_data，数据行数：20736]
2025-12-14 09:57:21,816 [INFO] [数据库引擎创建成功]
2025-12-14 09:57:21,817 [INFO] [开始读取数据库表：order_data]
2025-12-14 09:57:23,889 [INFO] [成功读取表 order_data，数据行数：25757]
2025-12-14 09:57:24,265 [INFO] [开始读取数据库表：sales_data]
2025-12-14 09:57:31,326 [INFO] [成功读取表 sales_data，数据行数：23045]
2025-12-14 09:57:33,651 [INFO] [开始读取数据库表：jingpin_data]
2025-12-14 09:57:34,051 [INFO] [成功读取表 jingpin_data，数据行数：5224]
2025-12-14 09:57:34,137 [INFO] [开始读取数据库表：inventory_data]
2025-12-14 09:57:34,659 [INFO] [成功读取表 inventory_data，数据行数：4986]
2025-12-14 09:57:34,660 [INFO] [开始读取数据库表：tuiding_data]
2025-12-14 09:57:34,932 [INFO] [成功读取表 tuiding_data，数据行数：4631]
2025-12-14 09:57:34,932 [INFO] [开始读取数据库表：debit_data]
2025-12-14 09:57:37,138 [INFO] [成功读取表 debit_data，数据行数：26502]
2025-12-14 09:57:37,579 [INFO] [开始读取数据库表：sales_invoice_data]
2025-12-14 09:57:39,276 [INFO] [成功读取表 sales_invoice_data，数据行数：20738]
2025-12-14 10:27:42,392 [INFO] [数据库引擎创建成功]
2025-12-14 10:27:42,392 [INFO] [开始读取数据库表：order_data]
2025-12-14 10:27:44,249 [INFO] [成功读取表 order_data，数据行数：25758]
2025-12-14 10:27:44,634 [INFO] [开始读取数据库表：sales_data]
2025-12-14 10:27:51,925 [INFO] [成功读取表 sales_data，数据行数：23045]
2025-12-14 10:27:54,483 [INFO] [开始读取数据库表：jingpin_data]
2025-12-14 10:27:54,899 [INFO] [成功读取表 jingpin_data，数据行数：5224]
2025-12-14 10:27:54,993 [INFO] [开始读取数据库表：inventory_data]
2025-12-14 10:27:55,520 [INFO] [成功读取表 inventory_data，数据行数：4986]
2025-12-14 10:27:55,520 [INFO] [开始读取数据库表：tuiding_data]
2025-12-14 10:27:55,791 [INFO] [成功读取表 tuiding_data，数据行数：4631]
2025-12-14 10:27:55,791 [INFO] [开始读取数据库表：debit_data]
2025-12-14 10:27:58,221 [INFO] [成功读取表 debit_data，数据行数：26502]
2025-12-14 10:27:58,697 [INFO] [开始读取数据库表：sales_invoice_data]
2025-12-14 10:28:00,389 [INFO] [成功读取表 sales_invoice_data，数据行数：20738]
2025-12-14 10:57:27,625 [INFO] [数据库引擎创建成功]
2025-12-14 10:57:27,627 [INFO] [开始读取数据库表：order_data]
2025-12-14 10:57:29,599 [INFO] [成功读取表 order_data，数据行数：25762]
2025-12-14 10:57:29,975 [INFO] [开始读取数据库表：sales_data]
2025-12-14 10:57:36,934 [INFO] [成功读取表 sales_data，数据行数：23047]
2025-12-14 10:57:39,192 [INFO] [开始读取数据库表：jingpin_data]
2025-12-14 10:57:39,597 [INFO] [成功读取表 jingpin_data，数据行数：5224]
2025-12-14 10:57:39,689 [INFO] [开始读取数据库表：inventory_data]
2025-12-14 10:57:40,190 [INFO] [成功读取表 inventory_data，数据行数：4984]
2025-12-14 10:57:40,190 [INFO] [开始读取数据库表：tuiding_data]
2025-12-14 10:57:40,472 [INFO] [成功读取表 tuiding_data，数据行数：4631]
2025-12-14 10:57:40,473 [INFO] [开始读取数据库表：debit_data]
2025-12-14 10:57:42,774 [INFO] [成功读取表 debit_data，数据行数：26502]
2025-12-14 10:57:43,245 [INFO] [开始读取数据库表：sales_invoice_data]
2025-12-14 10:57:44,936 [INFO] [成功读取表 sales_invoice_data，数据行数：20739]
2025-12-14 11:27:34,918 [INFO] [数据库引擎创建成功]
2025-12-14 11:27:34,928 [INFO] [开始读取数据库表：order_data]
2025-12-14 11:27:36,998 [INFO] [成功读取表 order_data，数据行数：25766]
2025-12-14 11:27:37,389 [INFO] [开始读取数据库表：sales_data]
2025-12-14 11:27:44,324 [INFO] [成功读取表 sales_data，数据行数：23058]
2025-12-14 11:27:46,750 [INFO] [开始读取数据库表：jingpin_data]
2025-12-14 11:27:47,162 [INFO] [成功读取表 jingpin_data，数据行数：5226]
2025-12-14 11:27:47,234 [INFO] [开始读取数据库表：inventory_data]
2025-12-14 11:27:47,738 [INFO] [成功读取表 inventory_data，数据行数：4974]
2025-12-14 11:27:47,738 [INFO] [开始读取数据库表：tuiding_data]
2025-12-14 11:27:48,014 [INFO] [成功读取表 tuiding_data，数据行数：4631]
2025-12-14 11:27:48,014 [INFO] [开始读取数据库表：debit_data]
2025-12-14 11:27:50,292 [INFO] [成功读取表 debit_data，数据行数：26502]
2025-12-14 11:27:50,764 [INFO] [开始读取数据库表：sales_invoice_data]
2025-12-14 11:27:52,425 [INFO] [成功读取表 sales_invoice_data，数据行数：20749]
2025-12-14 11:57:13,209 [INFO] [数据库引擎创建成功]
2025-12-14 11:57:13,210 [INFO] [开始读取数据库表：order_data]
2025-12-14 11:57:15,362 [INFO] [成功读取表 order_data，数据行数：25767]
2025-12-14 11:57:15,763 [INFO] [开始读取数据库表：sales_data]
2025-12-14 11:57:22,991 [INFO] [成功读取表 sales_data，数据行数：23063]
2025-12-14 11:57:25,314 [INFO] [开始读取数据库表：jingpin_data]
2025-12-14 11:57:25,696 [INFO] [成功读取表 jingpin_data，数据行数：5226]
2025-12-14 11:57:25,779 [INFO] [开始读取数据库表：inventory_data]
2025-12-14 11:57:26,307 [INFO] [成功读取表 inventory_data，数据行数：4970]
2025-12-14 11:57:26,307 [INFO] [开始读取数据库表：tuiding_data]
2025-12-14 11:57:26,575 [INFO] [成功读取表 tuiding_data，数据行数：4633]
2025-12-14 11:57:26,575 [INFO] [开始读取数据库表：debit_data]
2025-12-14 11:57:28,890 [INFO] [成功读取表 debit_data，数据行数：26502]
2025-12-14 11:57:29,333 [INFO] [开始读取数据库表：sales_invoice_data]
2025-12-14 11:57:31,006 [INFO] [成功读取表 sales_invoice_data，数据行数：20751]
2025-12-14 12:27:30,981 [INFO] [数据库引擎创建成功]
2025-12-14 12:27:30,981 [INFO] [开始读取数据库表：order_data]
2025-12-14 12:27:32,996 [INFO] [成功读取表 order_data，数据行数：25774]
2025-12-14 12:27:33,378 [INFO] [开始读取数据库表：sales_data]
2025-12-14 12:27:40,621 [INFO] [成功读取表 sales_data，数据行数：23066]
2025-12-14 12:27:42,999 [INFO] [开始读取数据库表：jingpin_data]
2025-12-14 12:27:43,392 [INFO] [成功读取表 jingpin_data，数据行数：5226]
2025-12-14 12:27:43,474 [INFO] [开始读取数据库表：inventory_data]
2025-12-14 12:27:44,006 [INFO] [成功读取表 inventory_data，数据行数：4967]
2025-12-14 12:27:44,007 [INFO] [开始读取数据库表：tuiding_data]
2025-12-14 12:27:44,276 [INFO] [成功读取表 tuiding_data，数据行数：4633]
2025-12-14 12:27:44,276 [INFO] [开始读取数据库表：debit_data]
2025-12-14 12:27:46,574 [INFO] [成功读取表 debit_data，数据行数：26502]
2025-12-14 12:27:47,016 [INFO] [开始读取数据库表：sales_invoice_data]
2025-12-14 12:27:48,647 [INFO] [成功读取表 sales_invoice_data，数据行数：20754]
2025-12-14 12:57:19,927 [INFO] [数据库引擎创建成功]
2025-12-14 12:57:19,928 [INFO] [开始读取数据库表：order_data]
2025-12-14 12:57:21,966 [INFO] [成功读取表 order_data，数据行数：25777]
2025-12-14 12:57:22,340 [INFO] [开始读取数据库表：sales_data]
2025-12-14 12:57:29,430 [INFO] [成功读取表 sales_data，数据行数：23073]
2025-12-14 12:57:31,696 [INFO] [开始读取数据库表：jingpin_data]
2025-12-14 12:57:32,114 [INFO] [成功读取表 jingpin_data，数据行数：5226]
2025-12-14 12:57:32,200 [INFO] [开始读取数据库表：inventory_data]
2025-12-14 12:57:32,694 [INFO] [成功读取表 inventory_data，数据行数：4960]
2025-12-14 12:57:32,694 [INFO] [开始读取数据库表：tuiding_data]
2025-12-14 12:57:32,971 [INFO] [成功读取表 tuiding_data，数据行数：4633]
2025-12-14 12:57:32,971 [INFO] [开始读取数据库表：debit_data]
2025-12-14 12:57:35,258 [INFO] [成功读取表 debit_data，数据行数：26502]
2025-12-14 12:57:35,708 [INFO] [开始读取数据库表：sales_invoice_data]
2025-12-14 12:57:37,307 [INFO] [成功读取表 sales_invoice_data，数据行数：20761]
2025-12-14 13:27:25,007 [INFO] [数据库引擎创建成功]
2025-12-14 13:27:25,008 [INFO] [开始读取数据库表：order_data]
2025-12-14 13:27:27,041 [INFO] [成功读取表 order_data，数据行数：25782]
2025-12-14 13:27:27,429 [INFO] [开始读取数据库表：sales_data]
2025-12-14 13:27:34,368 [INFO] [成功读取表 sales_data，数据行数：23082]
2025-12-14 13:27:36,660 [INFO] [开始读取数据库表：jingpin_data]
2025-12-14 13:27:37,031 [INFO] [成功读取表 jingpin_data，数据行数：5226]
2025-12-14 13:27:37,121 [INFO] [开始读取数据库表：inventory_data]
2025-12-14 13:27:37,634 [INFO] [成功读取表 inventory_data，数据行数：4952]
2025-12-14 13:27:37,634 [INFO] [开始读取数据库表：tuiding_data]
2025-12-14 13:27:37,892 [INFO] [成功读取表 tuiding_data，数据行数：4633]
2025-12-14 13:27:37,893 [INFO] [开始读取数据库表：debit_data]
2025-12-14 13:27:40,168 [INFO] [成功读取表 debit_data，数据行数：26502]
2025-12-14 13:27:40,620 [INFO] [开始读取数据库表：sales_invoice_data]
2025-12-14 13:27:42,241 [INFO] [成功读取表 sales_invoice_data，数据行数：20769]
2025-12-14 13:57:53,776 [INFO] [数据库引擎创建成功]
2025-12-14 13:57:53,778 [INFO] [开始读取数据库表：order_data]
2025-12-14 13:57:56,103 [INFO] [成功读取表 order_data，数据行数：25793]
2025-12-14 13:57:56,591 [INFO] [开始读取数据库表：sales_data]
2025-12-14 13:58:04,434 [INFO] [成功读取表 sales_data，数据行数：23096]
2025-12-14 13:58:07,203 [INFO] [开始读取数据库表：jingpin_data]
2025-12-14 13:58:07,646 [INFO] [成功读取表 jingpin_data，数据行数：5228]
2025-12-14 13:58:07,748 [INFO] [开始读取数据库表：inventory_data]
2025-12-14 13:58:08,359 [INFO] [成功读取表 inventory_data，数据行数：4940]
2025-12-14 13:58:08,359 [INFO] [开始读取数据库表：tuiding_data]
2025-12-14 13:58:08,653 [INFO] [成功读取表 tuiding_data，数据行数：4633]
2025-12-14 13:58:08,654 [INFO] [开始读取数据库表：debit_data]
2025-12-14 13:58:11,305 [INFO] [成功读取表 debit_data，数据行数：26502]
2025-12-14 13:58:11,840 [INFO] [开始读取数据库表：sales_invoice_data]
2025-12-14 13:58:13,671 [INFO] [成功读取表 sales_invoice_data，数据行数：20780]
2025-12-14 14:27:09,760 [INFO] [数据库引擎创建成功]
2025-12-14 14:27:09,761 [INFO] [开始读取数据库表：order_data]
2025-12-14 14:27:11,796 [INFO] [成功读取表 order_data，数据行数：25799]
2025-12-14 14:27:12,195 [INFO] [开始读取数据库表：sales_data]
2025-12-14 14:27:19,285 [INFO] [成功读取表 sales_data，数据行数：23105]
2025-12-14 14:27:21,687 [INFO] [开始读取数据库表：jingpin_data]
2025-12-14 14:27:22,079 [INFO] [成功读取表 jingpin_data，数据行数：5236]
2025-12-14 14:27:22,175 [INFO] [开始读取数据库表：inventory_data]
2025-12-14 14:27:22,711 [INFO] [成功读取表 inventory_data，数据行数：4930]
2025-12-14 14:27:22,711 [INFO] [开始读取数据库表：tuiding_data]
2025-12-14 14:27:22,975 [INFO] [成功读取表 tuiding_data，数据行数：4636]
2025-12-14 14:27:22,975 [INFO] [开始读取数据库表：debit_data]
2025-12-14 14:27:25,273 [INFO] [成功读取表 debit_data，数据行数：26502]
2025-12-14 14:27:25,710 [INFO] [开始读取数据库表：sales_invoice_data]
2025-12-14 14:27:27,325 [INFO] [成功读取表 sales_invoice_data，数据行数：20789]
2025-12-14 14:57:21,812 [INFO] [数据库引擎创建成功]
2025-12-14 14:57:21,813 [INFO] [开始读取数据库表：order_data]
2025-12-14 14:57:23,798 [INFO] [成功读取表 order_data，数据行数：25806]
2025-12-14 14:57:24,173 [INFO] [开始读取数据库表：sales_data]
2025-12-14 14:57:30,716 [INFO] [成功读取表 sales_data，数据行数：23112]
2025-12-14 14:57:32,792 [INFO] [开始读取数据库表：jingpin_data]
2025-12-14 14:57:33,165 [INFO] [成功读取表 jingpin_data，数据行数：5236]
2025-12-14 14:57:33,236 [INFO] [开始读取数据库表：inventory_data]
2025-12-14 14:57:33,725 [INFO] [成功读取表 inventory_data，数据行数：4922]
2025-12-14 14:57:33,725 [INFO] [开始读取数据库表：tuiding_data]
2025-12-14 14:57:33,981 [INFO] [成功读取表 tuiding_data，数据行数：4636]
2025-12-14 14:57:33,981 [INFO] [开始读取数据库表：debit_data]
2025-12-14 14:57:36,137 [INFO] [成功读取表 debit_data，数据行数：26502]
2025-12-14 14:57:36,541 [INFO] [开始读取数据库表：sales_invoice_data]
2025-12-14 14:57:38,052 [INFO] [成功读取表 sales_invoice_data，数据行数：20796]
2025-12-14 15:27:10,768 [INFO] [数据库引擎创建成功]
2025-12-14 15:27:10,769 [INFO] [开始读取数据库表：order_data]
2025-12-14 15:27:12,856 [INFO] [成功读取表 order_data，数据行数：25812]
2025-12-14 15:27:13,273 [INFO] [开始读取数据库表：sales_data]
2025-12-14 15:27:20,386 [INFO] [成功读取表 sales_data，数据行数：23120]
2025-12-14 15:27:22,762 [INFO] [开始读取数据库表：jingpin_data]
2025-12-14 15:27:23,151 [INFO] [成功读取表 jingpin_data，数据行数：5236]
2025-12-14 15:27:23,227 [INFO] [开始读取数据库表：inventory_data]
2025-12-14 15:27:23,790 [INFO] [成功读取表 inventory_data，数据行数：4916]
2025-12-14 15:27:23,791 [INFO] [开始读取数据库表：tuiding_data]
2025-12-14 15:27:24,071 [INFO] [成功读取表 tuiding_data，数据行数：4636]
2025-12-14 15:27:24,071 [INFO] [开始读取数据库表：debit_data]
2025-12-14 15:27:26,487 [INFO] [成功读取表 debit_data，数据行数：26502]
2025-12-14 15:27:26,968 [INFO] [开始读取数据库表：sales_invoice_data]
2025-12-14 15:27:28,721 [INFO] [成功读取表 sales_invoice_data，数据行数：20804]
2025-12-14 15:57:35,182 [INFO] [数据库引擎创建成功]
2025-12-14 15:57:35,183 [INFO] [开始读取数据库表：order_data]
2025-12-14 15:57:37,201 [INFO] [成功读取表 order_data，数据行数：25817]
2025-12-14 15:57:37,591 [INFO] [开始读取数据库表：sales_data]
2025-12-14 15:57:44,689 [INFO] [成功读取表 sales_data，数据行数：23127]
2025-12-14 15:57:47,046 [INFO] [开始读取数据库表：jingpin_data]
2025-12-14 15:57:47,419 [INFO] [成功读取表 jingpin_data，数据行数：5237]
2025-12-14 15:57:47,492 [INFO] [开始读取数据库表：inventory_data]
2025-12-14 15:57:48,013 [INFO] [成功读取表 inventory_data，数据行数：4909]
2025-12-14 15:57:48,014 [INFO] [开始读取数据库表：tuiding_data]
2025-12-14 15:57:48,282 [INFO] [成功读取表 tuiding_data，数据行数：4636]
2025-12-14 15:57:48,282 [INFO] [开始读取数据库表：debit_data]
2025-12-14 15:57:50,577 [INFO] [成功读取表 debit_data，数据行数：26502]
2025-12-14 15:57:51,050 [INFO] [开始读取数据库表：sales_invoice_data]
2025-12-14 15:57:52,644 [INFO] [成功读取表 sales_invoice_data，数据行数：20811]
2025-12-14 16:27:23,999 [INFO] [数据库引擎创建成功]
2025-12-14 16:27:23,999 [INFO] [开始读取数据库表：order_data]
2025-12-14 16:27:26,072 [INFO] [成功读取表 order_data，数据行数：25826]
2025-12-14 16:27:26,425 [INFO] [开始读取数据库表：sales_data]
2025-12-14 16:27:32,908 [INFO] [成功读取表 sales_data，数据行数：23132]
2025-12-14 16:27:34,970 [INFO] [开始读取数据库表：jingpin_data]
2025-12-14 16:27:35,349 [INFO] [成功读取表 jingpin_data，数据行数：5238]
2025-12-14 16:27:35,423 [INFO] [开始读取数据库表：inventory_data]
2025-12-14 16:27:35,908 [INFO] [成功读取表 inventory_data，数据行数：4905]
2025-12-14 16:27:35,908 [INFO] [开始读取数据库表：tuiding_data]
2025-12-14 16:27:36,158 [INFO] [成功读取表 tuiding_data，数据行数：4636]
2025-12-14 16:27:36,158 [INFO] [开始读取数据库表：debit_data]
2025-12-14 16:27:38,297 [INFO] [成功读取表 debit_data，数据行数：26502]
2025-12-14 16:27:38,718 [INFO] [开始读取数据库表：sales_invoice_data]
2025-12-14 16:27:40,229 [INFO] [成功读取表 sales_invoice_data，数据行数：20815]
2025-12-14 16:57:25,253 [INFO] [数据库引擎创建成功]
2025-12-14 16:57:25,254 [INFO] [开始读取数据库表：order_data]
2025-12-14 16:57:27,250 [INFO] [成功读取表 order_data，数据行数：25833]
2025-12-14 16:57:27,630 [INFO] [开始读取数据库表：sales_data]
2025-12-14 16:57:34,676 [INFO] [成功读取表 sales_data，数据行数：23143]
2025-12-14 16:57:37,030 [INFO] [开始读取数据库表：jingpin_data]
2025-12-14 16:57:37,419 [INFO] [成功读取表 jingpin_data，数据行数：5238]
2025-12-14 16:57:37,499 [INFO] [开始读取数据库表：inventory_data]
2025-12-14 16:57:37,987 [INFO] [成功读取表 inventory_data，数据行数：4895]
2025-12-14 16:57:37,988 [INFO] [开始读取数据库表：tuiding_data]
2025-12-14 16:57:38,243 [INFO] [成功读取表 tuiding_data，数据行数：4636]
2025-12-14 16:57:38,243 [INFO] [开始读取数据库表：debit_data]
2025-12-14 16:57:40,510 [INFO] [成功读取表 debit_data，数据行数：26502]
2025-12-14 16:57:40,964 [INFO] [开始读取数据库表：sales_invoice_data]
2025-12-14 16:57:42,574 [INFO] [成功读取表 sales_invoice_data，数据行数：20825]
2025-12-14 17:27:58,713 [INFO] [数据库引擎创建成功]
2025-12-14 17:27:58,714 [INFO] [开始读取数据库表：order_data]
2025-12-14 17:28:00,729 [INFO] [成功读取表 order_data，数据行数：25848]
2025-12-14 17:28:01,143 [INFO] [开始读取数据库表：sales_data]
2025-12-14 17:28:08,243 [INFO] [成功读取表 sales_data，数据行数：23157]
2025-12-14 17:28:10,576 [INFO] [开始读取数据库表：jingpin_data]
2025-12-14 17:28:10,974 [INFO] [成功读取表 jingpin_data，数据行数：5239]
2025-12-14 17:28:11,062 [INFO] [开始读取数据库表：inventory_data]
2025-12-14 17:28:11,619 [INFO] [成功读取表 inventory_data，数据行数：4881]
2025-12-14 17:28:11,619 [INFO] [开始读取数据库表：tuiding_data]
2025-12-14 17:28:11,903 [INFO] [成功读取表 tuiding_data，数据行数：4636]
2025-12-14 17:28:11,903 [INFO] [开始读取数据库表：debit_data]
2025-12-14 17:28:14,229 [INFO] [成功读取表 debit_data，数据行数：26502]
2025-12-14 17:28:14,685 [INFO] [开始读取数据库表：sales_invoice_data]
2025-12-14 17:28:16,372 [INFO] [成功读取表 sales_invoice_data，数据行数：20838]
2025-12-14 17:57:13,166 [INFO] [数据库引擎创建成功]
2025-12-14 17:57:13,166 [INFO] [开始读取数据库表：order_data]
2025-12-14 17:57:15,190 [INFO] [成功读取表 order_data，数据行数：25862]
2025-12-14 17:57:15,567 [INFO] [开始读取数据库表：sales_data]
2025-12-14 17:57:22,425 [INFO] [成功读取表 sales_data，数据行数：23166]
2025-12-14 17:57:24,689 [INFO] [开始读取数据库表：jingpin_data]
2025-12-14 17:57:25,112 [INFO] [成功读取表 jingpin_data，数据行数：5240]
2025-12-14 17:57:25,196 [INFO] [开始读取数据库表：inventory_data]
2025-12-14 17:57:25,690 [INFO] [成功读取表 inventory_data，数据行数：4873]
2025-12-14 17:57:25,690 [INFO] [开始读取数据库表：tuiding_data]
2025-12-14 17:57:25,951 [INFO] [成功读取表 tuiding_data，数据行数：4636]
2025-12-14 17:57:25,951 [INFO] [开始读取数据库表：debit_data]
2025-12-14 17:57:28,175 [INFO] [成功读取表 debit_data，数据行数：26502]
2025-12-14 17:57:28,619 [INFO] [开始读取数据库表：sales_invoice_data]
2025-12-14 17:57:30,221 [INFO] [成功读取表 sales_invoice_data，数据行数：20847]
2025-12-14 18:27:09,783 [INFO] [数据库引擎创建成功]
2025-12-14 18:27:09,783 [INFO] [开始读取数据库表：order_data]
2025-12-14 18:27:11,872 [INFO] [成功读取表 order_data，数据行数：25894]
2025-12-14 18:27:12,242 [INFO] [开始读取数据库表：sales_data]
2025-12-14 18:27:19,490 [INFO] [成功读取表 sales_data，数据行数：23177]
2025-12-14 18:27:21,896 [INFO] [开始读取数据库表：jingpin_data]
2025-12-14 18:27:22,296 [INFO] [成功读取表 jingpin_data，数据行数：5243]
2025-12-14 18:27:22,382 [INFO] [开始读取数据库表：inventory_data]
2025-12-14 18:27:22,903 [INFO] [成功读取表 inventory_data，数据行数：4867]
2025-12-14 18:27:22,903 [INFO] [开始读取数据库表：tuiding_data]
2025-12-14 18:27:23,184 [INFO] [成功读取表 tuiding_data，数据行数：4636]
2025-12-14 18:27:23,184 [INFO] [开始读取数据库表：debit_data]
2025-12-14 18:27:25,525 [INFO] [成功读取表 debit_data，数据行数：26502]
2025-12-14 18:27:26,004 [INFO] [开始读取数据库表：sales_invoice_data]
2025-12-14 18:27:27,663 [INFO] [成功读取表 sales_invoice_data，数据行数：20853]
2025-12-14 18:57:22,282 [INFO] [数据库引擎创建成功]
2025-12-14 18:57:22,283 [INFO] [开始读取数据库表：order_data]
2025-12-14 18:57:24,340 [INFO] [成功读取表 order_data，数据行数：25904]
2025-12-14 18:57:24,710 [INFO] [开始读取数据库表：sales_data]
2025-12-14 18:57:31,872 [INFO] [成功读取表 sales_data，数据行数：23182]
2025-12-14 18:57:34,318 [INFO] [开始读取数据库表：jingpin_data]
2025-12-14 18:57:34,718 [INFO] [成功读取表 jingpin_data，数据行数：5243]
2025-12-14 18:57:34,806 [INFO] [开始读取数据库表：inventory_data]
2025-12-14 18:57:35,316 [INFO] [成功读取表 inventory_data，数据行数：4863]
2025-12-14 18:57:35,316 [INFO] [开始读取数据库表：tuiding_data]
2025-12-14 18:57:35,589 [INFO] [成功读取表 tuiding_data，数据行数：4637]
2025-12-14 18:57:35,589 [INFO] [开始读取数据库表：debit_data]
2025-12-14 18:57:37,862 [INFO] [成功读取表 debit_data，数据行数：26502]
2025-12-14 18:57:38,354 [INFO] [开始读取数据库表：sales_invoice_data]
2025-12-14 18:57:39,963 [INFO] [成功读取表 sales_invoice_data，数据行数：20858]
2025-12-14 19:27:21,906 [INFO] [数据库引擎创建成功]
2025-12-14 19:27:21,906 [INFO] [开始读取数据库表：order_data]
2025-12-14 19:27:23,871 [INFO] [成功读取表 order_data，数据行数：25917]
2025-12-14 19:27:24,225 [INFO] [开始读取数据库表：sales_data]
2025-12-14 19:27:30,685 [INFO] [成功读取表 sales_data，数据行数：23185]
2025-12-14 19:27:32,761 [INFO] [开始读取数据库表：jingpin_data]
2025-12-14 19:27:33,143 [INFO] [成功读取表 jingpin_data，数据行数：5243]
2025-12-14 19:27:33,234 [INFO] [开始读取数据库表：inventory_data]
2025-12-14 19:27:33,705 [INFO] [成功读取表 inventory_data，数据行数：4860]
2025-12-14 19:27:33,705 [INFO] [开始读取数据库表：tuiding_data]
2025-12-14 19:27:33,951 [INFO] [成功读取表 tuiding_data，数据行数：4637]
2025-12-14 19:27:33,952 [INFO] [开始读取数据库表：debit_data]
2025-12-14 19:27:36,065 [INFO] [成功读取表 debit_data，数据行数：26502]
2025-12-14 19:27:36,459 [INFO] [开始读取数据库表：sales_invoice_data]
2025-12-14 19:27:38,003 [INFO] [成功读取表 sales_invoice_data，数据行数：20861]
2025-12-14 19:57:06,829 [INFO] [数据库引擎创建成功]
2025-12-14 19:57:06,829 [INFO] [开始读取数据库表：order_data]
2025-12-14 19:57:08,922 [INFO] [成功读取表 order_data，数据行数：25925]
2025-12-14 19:57:09,276 [INFO] [开始读取数据库表：sales_data]
2025-12-14 19:57:15,775 [INFO] [成功读取表 sales_data，数据行数：23190]
2025-12-14 19:57:17,891 [INFO] [开始读取数据库表：jingpin_data]
2025-12-14 19:57:18,263 [INFO] [成功读取表 jingpin_data，数据行数：5243]
2025-12-14 19:57:18,340 [INFO] [开始读取数据库表：inventory_data]
2025-12-14 19:57:18,817 [INFO] [成功读取表 inventory_data，数据行数：4855]
2025-12-14 19:57:18,817 [INFO] [开始读取数据库表：tuiding_data]
2025-12-14 19:57:19,078 [INFO] [成功读取表 tuiding_data，数据行数：4637]
2025-12-14 19:57:19,078 [INFO] [开始读取数据库表：debit_data]
2025-12-14 19:57:21,180 [INFO] [成功读取表 debit_data，数据行数：26502]
2025-12-14 19:57:21,577 [INFO] [开始读取数据库表：sales_invoice_data]
2025-12-14 19:57:23,101 [INFO] [成功读取表 sales_invoice_data，数据行数：20866]
2025-12-14 20:27:11,641 [INFO] [数据库引擎创建成功]
2025-12-14 20:27:11,642 [INFO] [开始读取数据库表：order_data]
2025-12-14 20:27:13,769 [INFO] [成功读取表 order_data，数据行数：25933]
2025-12-14 20:27:14,128 [INFO] [开始读取数据库表：sales_data]
2025-12-14 20:27:21,284 [INFO] [成功读取表 sales_data，数据行数：23192]
2025-12-14 20:27:23,652 [INFO] [开始读取数据库表：jingpin_data]
2025-12-14 20:27:24,067 [INFO] [成功读取表 jingpin_data，数据行数：5243]
2025-12-14 20:27:24,153 [INFO] [开始读取数据库表：inventory_data]
2025-12-14 20:27:24,644 [INFO] [成功读取表 inventory_data，数据行数：4853]
2025-12-14 20:27:24,644 [INFO] [开始读取数据库表：tuiding_data]
2025-12-14 20:27:24,921 [INFO] [成功读取表 tuiding_data，数据行数：4637]
2025-12-14 20:27:24,922 [INFO] [开始读取数据库表：debit_data]
2025-12-14 20:27:27,193 [INFO] [成功读取表 debit_data，数据行数：26502]
2025-12-14 20:27:27,623 [INFO] [开始读取数据库表：sales_invoice_data]
2025-12-14 20:27:29,280 [INFO] [成功读取表 sales_invoice_data，数据行数：20868]
2025-12-14 20:57:05,783 [INFO] [数据库引擎创建成功]
2025-12-14 20:57:05,785 [INFO] [开始读取数据库表：order_data]
2025-12-14 20:57:07,956 [INFO] [成功读取表 order_data，数据行数：25932]
2025-12-14 20:57:08,365 [INFO] [开始读取数据库表：sales_data]
2025-12-14 20:57:15,885 [INFO] [成功读取表 sales_data，数据行数：23194]
2025-12-14 20:57:18,338 [INFO] [开始读取数据库表：jingpin_data]
2025-12-14 20:57:18,785 [INFO] [成功读取表 jingpin_data，数据行数：5243]
2025-12-14 20:57:18,878 [INFO] [开始读取数据库表：inventory_data]
2025-12-14 20:57:19,428 [INFO] [成功读取表 inventory_data，数据行数：4851]
2025-12-14 20:57:19,428 [INFO] [开始读取数据库表：tuiding_data]
2025-12-14 20:57:19,713 [INFO] [成功读取表 tuiding_data，数据行数：4642]
2025-12-14 20:57:19,713 [INFO] [开始读取数据库表：debit_data]
2025-12-14 20:57:22,173 [INFO] [成功读取表 debit_data，数据行数：26502]
2025-12-14 20:57:22,620 [INFO] [开始读取数据库表：sales_invoice_data]
2025-12-14 20:57:24,385 [INFO] [成功读取表 sales_invoice_data，数据行数：20870]
2025-12-14 21:27:04,391 [INFO] [数据库引擎创建成功]
2025-12-14 21:27:04,392 [INFO] [开始读取数据库表：order_data]
2025-12-14 21:27:06,454 [INFO] [成功读取表 order_data，数据行数：25937]
2025-12-14 21:27:06,840 [INFO] [开始读取数据库表：sales_data]
2025-12-14 21:27:14,191 [INFO] [成功读取表 sales_data，数据行数：23194]
2025-12-14 21:27:16,656 [INFO] [开始读取数据库表：jingpin_data]
2025-12-14 21:27:17,062 [INFO] [成功读取表 jingpin_data，数据行数：5243]
2025-12-14 21:27:17,149 [INFO] [开始读取数据库表：inventory_data]
2025-12-14 21:27:17,599 [INFO] [成功读取表 inventory_data，数据行数：4147]
2025-12-14 21:27:17,599 [INFO] [开始读取数据库表：tuiding_data]
2025-12-14 21:27:17,876 [INFO] [成功读取表 tuiding_data，数据行数：4642]
2025-12-14 21:27:17,876 [INFO] [开始读取数据库表：debit_data]
2025-12-14 21:27:20,241 [INFO] [成功读取表 debit_data，数据行数：26517]
2025-12-14 21:27:20,688 [INFO] [开始读取数据库表：sales_invoice_data]
2025-12-14 21:27:22,370 [INFO] [成功读取表 sales_invoice_data，数据行数：20870]
2025-12-14 21:57:04,159 [INFO] [数据库引擎创建成功]
2025-12-14 21:57:04,159 [INFO] [开始读取数据库表：order_data]
2025-12-14 21:57:06,110 [INFO] [成功读取表 order_data，数据行数：25936]
2025-12-14 21:57:06,496 [INFO] [开始读取数据库表：sales_data]
2025-12-14 21:57:13,777 [INFO] [成功读取表 sales_data，数据行数：23197]
2025-12-14 21:57:16,140 [INFO] [开始读取数据库表：jingpin_data]
2025-12-14 21:57:16,532 [INFO] [成功读取表 jingpin_data，数据行数：5243]
2025-12-14 21:57:16,624 [INFO] [开始读取数据库表：inventory_data]
2025-12-14 21:57:17,139 [INFO] [成功读取表 inventory_data，数据行数：4848]
2025-12-14 21:57:17,139 [INFO] [开始读取数据库表：tuiding_data]
2025-12-14 21:57:17,403 [INFO] [成功读取表 tuiding_data，数据行数：4643]
2025-12-14 21:57:17,403 [INFO] [开始读取数据库表：debit_data]
2025-12-14 21:57:19,767 [INFO] [成功读取表 debit_data，数据行数：26606]
2025-12-14 21:57:20,222 [INFO] [开始读取数据库表：sales_invoice_data]
2025-12-14 21:57:21,898 [INFO] [成功读取表 sales_invoice_data，数据行数：20873]
2025-12-14 22:27:08,147 [INFO] [数据库引擎创建成功]
2025-12-14 22:27:08,147 [INFO] [开始读取数据库表：order_data]
2025-12-14 22:27:10,234 [INFO] [成功读取表 order_data，数据行数：25934]
2025-12-14 22:27:10,623 [INFO] [开始读取数据库表：sales_data]
2025-12-14 22:27:18,039 [INFO] [成功读取表 sales_data，数据行数：23197]
2025-12-14 22:27:20,453 [INFO] [开始读取数据库表：jingpin_data]
2025-12-14 22:27:20,882 [INFO] [成功读取表 jingpin_data，数据行数：5243]
2025-12-14 22:27:20,970 [INFO] [开始读取数据库表：inventory_data]
2025-12-14 22:27:21,519 [INFO] [成功读取表 inventory_data，数据行数：4848]
2025-12-14 22:27:21,519 [INFO] [开始读取数据库表：tuiding_data]
2025-12-14 22:27:21,807 [INFO] [成功读取表 tuiding_data，数据行数：4645]
2025-12-14 22:27:21,808 [INFO] [开始读取数据库表：debit_data]
2025-12-14 22:27:24,136 [INFO] [成功读取表 debit_data，数据行数：26606]
2025-12-14 22:27:24,586 [INFO] [开始读取数据库表：sales_invoice_data]
2025-12-14 22:27:26,287 [INFO] [成功读取表 sales_invoice_data，数据行数：20873]
2025-12-14 22:56:53,404 [INFO] [数据库引擎创建成功]
2025-12-14 22:56:53,404 [INFO] [开始读取数据库表：order_data]
2025-12-14 22:56:55,418 [INFO] [成功读取表 order_data，数据行数：25934]
2025-12-14 22:56:55,810 [INFO] [开始读取数据库表：sales_data]
2025-12-14 22:57:02,786 [INFO] [成功读取表 sales_data，数据行数：23197]
2025-12-14 22:57:05,118 [INFO] [开始读取数据库表：jingpin_data]
2025-12-14 22:57:05,515 [INFO] [成功读取表 jingpin_data，数据行数：5243]
2025-12-14 22:57:05,598 [INFO] [开始读取数据库表：inventory_data]
2025-12-14 22:57:06,077 [INFO] [成功读取表 inventory_data，数据行数：4848]
2025-12-14 22:57:06,077 [INFO] [开始读取数据库表：tuiding_data]
2025-12-14 22:57:06,341 [INFO] [成功读取表 tuiding_data，数据行数：4645]
2025-12-14 22:57:06,341 [INFO] [开始读取数据库表：debit_data]
2025-12-14 22:57:08,665 [INFO] [成功读取表 debit_data，数据行数：26606]
2025-12-14 22:57:09,100 [INFO] [开始读取数据库表：sales_invoice_data]
2025-12-14 22:57:10,737 [INFO] [成功读取表 sales_invoice_data，数据行数：20873]
2025-12-14 23:26:54,083 [INFO] [数据库引擎创建成功]
2025-12-14 23:26:54,084 [INFO] [开始读取数据库表：order_data]
2025-12-14 23:26:56,106 [INFO] [成功读取表 order_data，数据行数：25934]
2025-12-14 23:26:56,472 [INFO] [开始读取数据库表：sales_data]
2025-12-14 23:27:03,488 [INFO] [成功读取表 sales_data，数据行数：23197]
2025-12-14 23:27:05,747 [INFO] [开始读取数据库表：jingpin_data]
2025-12-14 23:27:06,131 [INFO] [成功读取表 jingpin_data，数据行数：5243]
2025-12-14 23:27:06,209 [INFO] [开始读取数据库表：inventory_data]
2025-12-14 23:27:06,699 [INFO] [成功读取表 inventory_data，数据行数：4848]
2025-12-14 23:27:06,700 [INFO] [开始读取数据库表：tuiding_data]
2025-12-14 23:27:06,945 [INFO] [成功读取表 tuiding_data，数据行数：4645]
2025-12-14 23:27:06,945 [INFO] [开始读取数据库表：debit_data]
2025-12-14 23:27:09,175 [INFO] [成功读取表 debit_data，数据行数：26606]
2025-12-14 23:27:09,591 [INFO] [开始读取数据库表：sales_invoice_data]
2025-12-14 23:27:11,167 [INFO] [成功读取表 sales_invoice_data，数据行数：20873]
2025-12-14 23:57:16,338 [INFO] [数据库引擎创建成功]
2025-12-14 23:57:16,339 [INFO] [开始读取数据库表：order_data]
2025-12-14 23:57:18,382 [INFO] [成功读取表 order_data，数据行数：25934]
2025-12-14 23:57:18,764 [INFO] [开始读取数据库表：sales_data]
2025-12-14 23:57:26,101 [INFO] [成功读取表 sales_data，数据行数：23197]
2025-12-14 23:57:28,499 [INFO] [开始读取数据库表：jingpin_data]
2025-12-14 23:57:28,878 [INFO] [成功读取表 jingpin_data，数据行数：5243]
2025-12-14 23:57:28,960 [INFO] [开始读取数据库表：inventory_data]
2025-12-14 23:57:29,478 [INFO] [成功读取表 inventory_data，数据行数：4848]
2025-12-14 23:57:29,478 [INFO] [开始读取数据库表：tuiding_data]
2025-12-14 23:57:29,763 [INFO] [成功读取表 tuiding_data，数据行数：4645]
2025-12-14 23:57:29,764 [INFO] [开始读取数据库表：debit_data]
2025-12-14 23:57:32,113 [INFO] [成功读取表 debit_data，数据行数：26606]
2025-12-14 23:57:32,560 [INFO] [开始读取数据库表：sales_invoice_data]
2025-12-14 23:57:34,205 [INFO] [成功读取表 sales_invoice_data，数据行数：20873]
