2025-10-31 09:14:36,688 [INFO] [数据库引擎创建成功]
2025-10-31 09:14:36,688 [INFO] [开始读取数据库表：order_data]
2025-10-31 09:14:37,403 [INFO] [成功读取表 order_data，数据行数：21894]
2025-10-31 09:14:37,595 [INFO] [开始读取数据库表：sales_data]
2025-10-31 09:14:40,812 [INFO] [成功读取表 sales_data，数据行数：26133]
2025-10-31 09:14:41,925 [INFO] [开始读取数据库表：jingpin_data]
2025-10-31 09:14:42,011 [INFO] [成功读取表 jingpin_data，数据行数：4074]
2025-10-31 09:14:42,057 [INFO] [开始读取数据库表：inventory_data]
2025-10-31 09:14:42,299 [INFO] [成功读取表 inventory_data，数据行数：5972]
2025-10-31 09:14:42,299 [INFO] [开始读取数据库表：tuiding_data]
2025-10-31 09:14:42,386 [INFO] [成功读取表 tuiding_data，数据行数：3790]
2025-10-31 09:14:42,386 [INFO] [开始读取数据库表：debit_data]
2025-10-31 09:14:43,205 [INFO] [成功读取表 debit_data，数据行数：21539]
2025-10-31 09:14:43,421 [INFO] [开始读取数据库表：sales_invoice_data]
2025-10-31 09:14:44,054 [INFO] [成功读取表 sales_invoice_data，数据行数：19298]
2025-10-31 09:18:36,684 [INFO] [数据库引擎创建成功]
2025-10-31 09:18:36,684 [INFO] [开始读取数据库表：order_data]
2025-10-31 09:18:37,404 [INFO] [成功读取表 order_data，数据行数：21894]
2025-10-31 09:18:37,568 [INFO] [开始读取数据库表：sales_data]
2025-10-31 09:18:40,856 [INFO] [成功读取表 sales_data，数据行数：26132]
2025-10-31 09:18:42,264 [INFO] [开始读取数据库表：jingpin_data]
2025-10-31 09:18:42,384 [INFO] [成功读取表 jingpin_data，数据行数：4074]
2025-10-31 09:18:42,425 [INFO] [开始读取数据库表：inventory_data]
2025-10-31 09:18:42,745 [INFO] [成功读取表 inventory_data，数据行数：5972]
2025-10-31 09:18:42,746 [INFO] [开始读取数据库表：tuiding_data]
2025-10-31 09:18:42,879 [INFO] [成功读取表 tuiding_data，数据行数：3790]
2025-10-31 09:18:42,880 [INFO] [开始读取数据库表：debit_data]
2025-10-31 09:18:43,846 [INFO] [成功读取表 debit_data，数据行数：21539]
2025-10-31 09:18:44,067 [INFO] [开始读取数据库表：sales_invoice_data]
2025-10-31 09:18:46,625 [INFO] [成功读取表 sales_invoice_data，数据行数：19306]
2025-10-31 09:29:40,215 [INFO] [数据库引擎创建成功]
2025-10-31 09:29:40,216 [INFO] [开始读取数据库表：order_data]
2025-10-31 09:29:41,152 [INFO] [成功读取表 order_data，数据行数：21894]
2025-10-31 09:29:41,434 [INFO] [开始读取数据库表：sales_data]
2025-10-31 09:29:49,415 [INFO] [成功读取表 sales_data，数据行数：26133]
2025-10-31 09:29:51,866 [INFO] [开始读取数据库表：jingpin_data]
2025-10-31 09:29:52,119 [INFO] [成功读取表 jingpin_data，数据行数：4074]
2025-10-31 09:29:52,203 [INFO] [开始读取数据库表：inventory_data]
2025-10-31 09:29:52,766 [INFO] [成功读取表 inventory_data，数据行数：5972]
2025-10-31 09:29:52,766 [INFO] [开始读取数据库表：tuiding_data]
2025-10-31 09:29:52,967 [INFO] [成功读取表 tuiding_data，数据行数：3790]
2025-10-31 09:29:52,968 [INFO] [开始读取数据库表：debit_data]
2025-10-31 09:29:55,058 [INFO] [成功读取表 debit_data，数据行数：21539]
2025-10-31 09:29:55,615 [INFO] [开始读取数据库表：sales_invoice_data]
2025-10-31 09:29:56,998 [INFO] [成功读取表 sales_invoice_data，数据行数：19311]
2025-10-31 09:59:53,383 [INFO] [数据库引擎创建成功]
2025-10-31 09:59:53,393 [INFO] [开始读取数据库表：order_data]
2025-10-31 09:59:54,861 [INFO] [成功读取表 order_data，数据行数：21892]
2025-10-31 09:59:55,195 [INFO] [开始读取数据库表：sales_data]
2025-10-31 10:00:01,526 [INFO] [成功读取表 sales_data，数据行数：26142]
2025-10-31 10:00:03,638 [INFO] [开始读取数据库表：jingpin_data]
2025-10-31 10:00:03,852 [INFO] [成功读取表 jingpin_data，数据行数：4074]
2025-10-31 10:00:03,907 [INFO] [开始读取数据库表：inventory_data]
2025-10-31 10:00:04,470 [INFO] [成功读取表 inventory_data，数据行数：5975]
2025-10-31 10:00:04,471 [INFO] [开始读取数据库表：tuiding_data]
2025-10-31 10:00:04,688 [INFO] [成功读取表 tuiding_data，数据行数：3792]
2025-10-31 10:00:04,688 [INFO] [开始读取数据库表：debit_data]
2025-10-31 10:00:06,480 [INFO] [成功读取表 debit_data，数据行数：21539]
2025-10-31 10:00:06,863 [INFO] [开始读取数据库表：sales_invoice_data]
2025-10-31 10:00:08,203 [INFO] [成功读取表 sales_invoice_data，数据行数：19343]
2025-10-31 10:29:51,832 [INFO] [数据库引擎创建成功]
2025-10-31 10:29:51,841 [INFO] [开始读取数据库表：order_data]
2025-10-31 10:29:52,463 [INFO] [成功读取表 order_data，数据行数：21892]
2025-10-31 10:29:52,623 [INFO] [开始读取数据库表：sales_data]
2025-10-31 10:29:58,007 [INFO] [成功读取表 sales_data，数据行数：26142]
2025-10-31 10:30:00,174 [INFO] [开始读取数据库表：jingpin_data]
2025-10-31 10:30:00,378 [INFO] [成功读取表 jingpin_data，数据行数：4074]
2025-10-31 10:30:00,427 [INFO] [开始读取数据库表：inventory_data]
2025-10-31 10:30:01,040 [INFO] [成功读取表 inventory_data，数据行数：5975]
2025-10-31 10:30:01,040 [INFO] [开始读取数据库表：tuiding_data]
2025-10-31 10:30:01,252 [INFO] [成功读取表 tuiding_data，数据行数：3792]
2025-10-31 10:30:01,252 [INFO] [开始读取数据库表：debit_data]
2025-10-31 10:30:03,146 [INFO] [成功读取表 debit_data，数据行数：21539]
2025-10-31 10:30:03,542 [INFO] [开始读取数据库表：sales_invoice_data]
2025-10-31 10:30:04,994 [INFO] [成功读取表 sales_invoice_data，数据行数：19343]
2025-10-31 10:43:59,708 [INFO] [数据库引擎创建成功]
2025-10-31 10:43:59,708 [INFO] [开始读取数据库表：order_data]
2025-10-31 10:44:00,332 [INFO] [成功读取表 order_data，数据行数：21892]
2025-10-31 10:44:00,496 [INFO] [开始读取数据库表：sales_data]
2025-10-31 10:44:03,418 [INFO] [成功读取表 sales_data，数据行数：26142]
2025-10-31 10:44:04,405 [INFO] [开始读取数据库表：jingpin_data]
2025-10-31 10:44:04,494 [INFO] [成功读取表 jingpin_data，数据行数：4074]
2025-10-31 10:44:04,526 [INFO] [开始读取数据库表：inventory_data]
2025-10-31 10:44:04,745 [INFO] [成功读取表 inventory_data，数据行数：5975]
2025-10-31 10:44:04,745 [INFO] [开始读取数据库表：tuiding_data]
2025-10-31 10:44:04,822 [INFO] [成功读取表 tuiding_data，数据行数：3792]
2025-10-31 10:44:04,822 [INFO] [开始读取数据库表：debit_data]
2025-10-31 10:44:05,535 [INFO] [成功读取表 debit_data，数据行数：21539]
2025-10-31 10:44:05,716 [INFO] [开始读取数据库表：sales_invoice_data]
2025-10-31 10:44:06,246 [INFO] [成功读取表 sales_invoice_data，数据行数：19343]
2025-10-31 10:49:34,933 [INFO] [数据库引擎创建成功]
2025-10-31 10:49:34,933 [INFO] [开始读取数据库表：order_data]
2025-10-31 10:49:37,286 [INFO] [成功读取表 order_data，数据行数：21892]
2025-10-31 10:49:37,580 [INFO] [开始读取数据库表：sales_data]
2025-10-31 10:49:40,949 [INFO] [成功读取表 sales_data，数据行数：26149]
2025-10-31 10:49:41,986 [INFO] [开始读取数据库表：jingpin_data]
2025-10-31 10:49:42,063 [INFO] [成功读取表 jingpin_data，数据行数：4074]
2025-10-31 10:49:42,099 [INFO] [开始读取数据库表：inventory_data]
2025-10-31 10:49:42,331 [INFO] [成功读取表 inventory_data，数据行数：5975]
2025-10-31 10:49:42,331 [INFO] [开始读取数据库表：tuiding_data]
2025-10-31 10:49:42,415 [INFO] [成功读取表 tuiding_data，数据行数：3792]
2025-10-31 10:49:42,416 [INFO] [开始读取数据库表：debit_data]
2025-10-31 10:49:43,159 [INFO] [成功读取表 debit_data，数据行数：21539]
2025-10-31 10:49:43,354 [INFO] [开始读取数据库表：sales_invoice_data]
2025-10-31 10:49:43,899 [INFO] [成功读取表 sales_invoice_data，数据行数：19365]
2025-10-31 10:58:33,697 [INFO] [数据库引擎创建成功]
2025-10-31 10:58:33,697 [INFO] [开始读取数据库表：order_data]
2025-10-31 10:58:34,218 [INFO] [成功读取表 order_data，数据行数：21904]
2025-10-31 10:58:34,358 [INFO] [开始读取数据库表：sales_data]
2025-10-31 10:58:38,699 [INFO] [成功读取表 sales_data，数据行数：26149]
2025-10-31 10:58:39,554 [INFO] [开始读取数据库表：jingpin_data]
2025-10-31 10:58:39,630 [INFO] [成功读取表 jingpin_data，数据行数：4074]
2025-10-31 10:58:39,659 [INFO] [开始读取数据库表：inventory_data]
2025-10-31 10:58:39,847 [INFO] [成功读取表 inventory_data，数据行数：5975]
2025-10-31 10:58:39,847 [INFO] [开始读取数据库表：tuiding_data]
2025-10-31 10:58:39,913 [INFO] [成功读取表 tuiding_data，数据行数：3792]
2025-10-31 10:58:39,913 [INFO] [开始读取数据库表：debit_data]
2025-10-31 10:58:40,514 [INFO] [成功读取表 debit_data，数据行数：21539]
2025-10-31 10:58:40,677 [INFO] [开始读取数据库表：sales_invoice_data]
2025-10-31 10:58:41,154 [INFO] [成功读取表 sales_invoice_data，数据行数：19367]
2025-10-31 11:02:44,478 [INFO] [数据库引擎创建成功]
2025-10-31 11:02:44,478 [INFO] [开始读取数据库表：order_data]
2025-10-31 11:02:45,051 [INFO] [成功读取表 order_data，数据行数：21904]
2025-10-31 11:02:45,224 [INFO] [开始读取数据库表：sales_data]
2025-10-31 11:02:49,006 [INFO] [成功读取表 sales_data，数据行数：26149]
2025-10-31 11:02:50,634 [INFO] [开始读取数据库表：jingpin_data]
2025-10-31 11:02:50,793 [INFO] [成功读取表 jingpin_data，数据行数：4074]
2025-10-31 11:02:50,831 [INFO] [开始读取数据库表：inventory_data]
2025-10-31 11:02:52,142 [INFO] [成功读取表 inventory_data，数据行数：5975]
2025-10-31 11:02:52,143 [INFO] [开始读取数据库表：tuiding_data]
2025-10-31 11:02:52,871 [INFO] [成功读取表 tuiding_data，数据行数：3792]
2025-10-31 11:02:52,871 [INFO] [开始读取数据库表：debit_data]
2025-10-31 11:02:55,678 [INFO] [成功读取表 debit_data，数据行数：21539]
2025-10-31 11:02:56,282 [INFO] [开始读取数据库表：sales_invoice_data]
2025-10-31 11:02:58,274 [INFO] [成功读取表 sales_invoice_data，数据行数：19372]
2025-10-31 11:10:15,910 [INFO] [数据库引擎创建成功]
2025-10-31 11:10:15,921 [INFO] [开始读取数据库表：order_data]
2025-10-31 11:10:16,581 [INFO] [成功读取表 order_data，数据行数：21904]
2025-10-31 11:10:16,763 [INFO] [开始读取数据库表：sales_data]
2025-10-31 11:10:20,518 [INFO] [成功读取表 sales_data，数据行数：26149]
2025-10-31 11:10:23,416 [INFO] [开始读取数据库表：jingpin_data]
2025-10-31 11:10:23,579 [INFO] [成功读取表 jingpin_data，数据行数：4074]
2025-10-31 11:10:23,632 [INFO] [开始读取数据库表：inventory_data]
2025-10-31 11:10:24,116 [INFO] [成功读取表 inventory_data，数据行数：5975]
2025-10-31 11:10:24,116 [INFO] [开始读取数据库表：tuiding_data]
2025-10-31 11:10:24,264 [INFO] [成功读取表 tuiding_data，数据行数：3792]
2025-10-31 11:10:24,265 [INFO] [开始读取数据库表：debit_data]
2025-10-31 11:10:25,173 [INFO] [成功读取表 debit_data，数据行数：21539]
2025-10-31 11:10:25,408 [INFO] [开始读取数据库表：sales_invoice_data]
2025-10-31 11:10:26,048 [INFO] [成功读取表 sales_invoice_data，数据行数：19373]
2025-10-31 11:29:32,505 [INFO] [数据库引擎创建成功]
2025-10-31 11:29:32,506 [INFO] [开始读取数据库表：order_data]
2025-10-31 11:29:33,181 [INFO] [成功读取表 order_data，数据行数：21904]
2025-10-31 11:29:33,359 [INFO] [开始读取数据库表：sales_data]
2025-10-31 11:29:36,439 [INFO] [成功读取表 sales_data，数据行数：26153]
2025-10-31 11:29:39,651 [INFO] [开始读取数据库表：jingpin_data]
2025-10-31 11:29:39,931 [INFO] [成功读取表 jingpin_data，数据行数：4074]
2025-10-31 11:29:40,018 [INFO] [开始读取数据库表：inventory_data]
2025-10-31 11:29:40,674 [INFO] [成功读取表 inventory_data，数据行数：5975]
2025-10-31 11:29:40,675 [INFO] [开始读取数据库表：tuiding_data]
2025-10-31 11:29:40,906 [INFO] [成功读取表 tuiding_data，数据行数：3792]
2025-10-31 11:29:40,906 [INFO] [开始读取数据库表：debit_data]
2025-10-31 11:29:42,618 [INFO] [成功读取表 debit_data，数据行数：21539]
2025-10-31 11:29:42,993 [INFO] [开始读取数据库表：sales_invoice_data]
2025-10-31 11:29:44,235 [INFO] [成功读取表 sales_invoice_data，数据行数：19376]
2025-10-31 11:58:51,478 [INFO] [数据库引擎创建成功]
2025-10-31 11:58:51,479 [INFO] [开始读取数据库表：order_data]
2025-10-31 11:58:52,145 [INFO] [成功读取表 order_data，数据行数：21904]
2025-10-31 11:58:52,340 [INFO] [开始读取数据库表：sales_data]
2025-10-31 11:58:59,054 [INFO] [成功读取表 sales_data，数据行数：26156]
2025-10-31 11:59:00,945 [INFO] [开始读取数据库表：jingpin_data]
2025-10-31 11:59:01,134 [INFO] [成功读取表 jingpin_data，数据行数：4074]
2025-10-31 11:59:01,197 [INFO] [开始读取数据库表：inventory_data]
2025-10-31 11:59:01,721 [INFO] [成功读取表 inventory_data，数据行数：5975]
2025-10-31 11:59:01,721 [INFO] [开始读取数据库表：tuiding_data]
2025-10-31 11:59:01,912 [INFO] [成功读取表 tuiding_data，数据行数：3794]
2025-10-31 11:59:01,912 [INFO] [开始读取数据库表：debit_data]
2025-10-31 11:59:03,519 [INFO] [成功读取表 debit_data，数据行数：21542]
2025-10-31 11:59:03,870 [INFO] [开始读取数据库表：sales_invoice_data]
2025-10-31 11:59:05,092 [INFO] [成功读取表 sales_invoice_data，数据行数：19387]
2025-10-31 12:28:36,079 [INFO] [数据库引擎创建成功]
2025-10-31 12:28:36,079 [INFO] [开始读取数据库表：order_data]
2025-10-31 12:28:36,581 [INFO] [成功读取表 order_data，数据行数：21907]
2025-10-31 12:28:36,725 [INFO] [开始读取数据库表：sales_data]
2025-10-31 12:28:41,407 [INFO] [成功读取表 sales_data，数据行数：26160]
2025-10-31 12:28:42,883 [INFO] [开始读取数据库表：jingpin_data]
2025-10-31 12:28:43,050 [INFO] [成功读取表 jingpin_data，数据行数：4075]
2025-10-31 12:28:43,125 [INFO] [开始读取数据库表：inventory_data]
2025-10-31 12:28:43,592 [INFO] [成功读取表 inventory_data，数据行数：5975]
2025-10-31 12:28:43,592 [INFO] [开始读取数据库表：tuiding_data]
2025-10-31 12:28:43,799 [INFO] [成功读取表 tuiding_data，数据行数：3794]
2025-10-31 12:28:43,799 [INFO] [开始读取数据库表：debit_data]
2025-10-31 12:28:45,407 [INFO] [成功读取表 debit_data，数据行数：21542]
2025-10-31 12:28:45,754 [INFO] [开始读取数据库表：sales_invoice_data]
2025-10-31 12:28:46,850 [INFO] [成功读取表 sales_invoice_data，数据行数：19397]
2025-10-31 12:58:44,921 [INFO] [数据库引擎创建成功]
2025-10-31 12:58:44,921 [INFO] [开始读取数据库表：order_data]
2025-10-31 12:58:45,458 [INFO] [成功读取表 order_data，数据行数：21902]
2025-10-31 12:58:45,614 [INFO] [开始读取数据库表：sales_data]
2025-10-31 12:58:48,272 [INFO] [成功读取表 sales_data，数据行数：26168]
2025-10-31 12:58:49,164 [INFO] [开始读取数据库表：jingpin_data]
2025-10-31 12:58:49,224 [INFO] [成功读取表 jingpin_data，数据行数：4077]
2025-10-31 12:58:49,252 [INFO] [开始读取数据库表：inventory_data]
2025-10-31 12:58:49,439 [INFO] [成功读取表 inventory_data，数据行数：5975]
2025-10-31 12:58:49,439 [INFO] [开始读取数据库表：tuiding_data]
2025-10-31 12:58:49,502 [INFO] [成功读取表 tuiding_data，数据行数：3800]
2025-10-31 12:58:49,502 [INFO] [开始读取数据库表：debit_data]
2025-10-31 12:58:50,115 [INFO] [成功读取表 debit_data，数据行数：21542]
2025-10-31 12:58:50,280 [INFO] [开始读取数据库表：sales_invoice_data]
2025-10-31 12:58:50,761 [INFO] [成功读取表 sales_invoice_data，数据行数：19401]
2025-10-31 13:29:12,569 [INFO] [数据库引擎创建成功]
2025-10-31 13:29:12,570 [INFO] [开始读取数据库表：order_data]
2025-10-31 13:29:13,516 [INFO] [成功读取表 order_data，数据行数：21901]
2025-10-31 13:29:13,745 [INFO] [开始读取数据库表：sales_data]
2025-10-31 13:29:17,748 [INFO] [成功读取表 sales_data，数据行数：26178]
2025-10-31 13:29:19,442 [INFO] [开始读取数据库表：jingpin_data]
2025-10-31 13:29:19,636 [INFO] [成功读取表 jingpin_data，数据行数：4077]
2025-10-31 13:29:19,705 [INFO] [开始读取数据库表：inventory_data]
2025-10-31 13:29:20,212 [INFO] [成功读取表 inventory_data，数据行数：5975]
2025-10-31 13:29:20,212 [INFO] [开始读取数据库表：tuiding_data]
2025-10-31 13:29:20,403 [INFO] [成功读取表 tuiding_data，数据行数：3801]
2025-10-31 13:29:20,404 [INFO] [开始读取数据库表：debit_data]
2025-10-31 13:29:22,041 [INFO] [成功读取表 debit_data，数据行数：21542]
2025-10-31 13:29:22,426 [INFO] [开始读取数据库表：sales_invoice_data]
2025-10-31 13:29:24,725 [INFO] [成功读取表 sales_invoice_data，数据行数：19411]
2025-10-31 13:59:01,484 [INFO] [数据库引擎创建成功]
2025-10-31 13:59:01,493 [INFO] [开始读取数据库表：order_data]
2025-10-31 13:59:02,173 [INFO] [成功读取表 order_data，数据行数：21910]
2025-10-31 13:59:02,370 [INFO] [开始读取数据库表：sales_data]
2025-10-31 13:59:05,625 [INFO] [成功读取表 sales_data，数据行数：26182]
2025-10-31 13:59:07,415 [INFO] [开始读取数据库表：jingpin_data]
2025-10-31 13:59:07,620 [INFO] [成功读取表 jingpin_data，数据行数：4077]
2025-10-31 13:59:07,683 [INFO] [开始读取数据库表：inventory_data]
2025-10-31 13:59:08,205 [INFO] [成功读取表 inventory_data，数据行数：5976]
2025-10-31 13:59:08,206 [INFO] [开始读取数据库表：tuiding_data]
2025-10-31 13:59:08,403 [INFO] [成功读取表 tuiding_data，数据行数：3801]
2025-10-31 13:59:08,403 [INFO] [开始读取数据库表：debit_data]
2025-10-31 13:59:10,780 [INFO] [成功读取表 debit_data，数据行数：21542]
2025-10-31 13:59:11,189 [INFO] [开始读取数据库表：sales_invoice_data]
2025-10-31 13:59:12,446 [INFO] [成功读取表 sales_invoice_data，数据行数：19423]
2025-10-31 14:29:55,305 [INFO] [数据库引擎创建成功]
2025-10-31 14:29:55,306 [INFO] [开始读取数据库表：order_data]
2025-10-31 14:29:57,835 [INFO] [成功读取表 order_data，数据行数：21910]
2025-10-31 14:29:58,227 [INFO] [开始读取数据库表：sales_data]
2025-10-31 14:30:05,892 [INFO] [成功读取表 sales_data，数据行数：26195]
2025-10-31 14:30:08,275 [INFO] [开始读取数据库表：jingpin_data]
2025-10-31 14:30:08,476 [INFO] [成功读取表 jingpin_data，数据行数：4077]
2025-10-31 14:30:08,566 [INFO] [开始读取数据库表：inventory_data]
2025-10-31 14:30:09,201 [INFO] [成功读取表 inventory_data，数据行数：5976]
2025-10-31 14:30:09,201 [INFO] [开始读取数据库表：tuiding_data]
2025-10-31 14:30:09,424 [INFO] [成功读取表 tuiding_data，数据行数：3801]
2025-10-31 14:30:09,425 [INFO] [开始读取数据库表：debit_data]
2025-10-31 14:30:11,313 [INFO] [成功读取表 debit_data，数据行数：21542]
2025-10-31 14:30:11,776 [INFO] [开始读取数据库表：sales_invoice_data]
2025-10-31 14:30:13,226 [INFO] [成功读取表 sales_invoice_data，数据行数：19428]
2025-10-31 15:00:02,362 [INFO] [数据库引擎创建成功]
2025-10-31 15:00:02,363 [INFO] [开始读取数据库表：order_data]
2025-10-31 15:00:04,281 [INFO] [成功读取表 order_data，数据行数：21910]
2025-10-31 15:00:04,706 [INFO] [开始读取数据库表：sales_data]
2025-10-31 15:00:12,735 [INFO] [成功读取表 sales_data，数据行数：26199]
2025-10-31 15:00:15,128 [INFO] [开始读取数据库表：jingpin_data]
2025-10-31 15:00:15,395 [INFO] [成功读取表 jingpin_data，数据行数：4077]
2025-10-31 15:00:15,495 [INFO] [开始读取数据库表：inventory_data]
2025-10-31 15:00:16,191 [INFO] [成功读取表 inventory_data，数据行数：5976]
2025-10-31 15:00:16,191 [INFO] [开始读取数据库表：tuiding_data]
2025-10-31 15:00:16,415 [INFO] [成功读取表 tuiding_data，数据行数：3801]
2025-10-31 15:00:16,415 [INFO] [开始读取数据库表：debit_data]
2025-10-31 15:00:18,432 [INFO] [成功读取表 debit_data，数据行数：21542]
2025-10-31 15:00:18,867 [INFO] [开始读取数据库表：sales_invoice_data]
2025-10-31 15:00:20,437 [INFO] [成功读取表 sales_invoice_data，数据行数：19436]
2025-10-31 15:29:38,584 [INFO] [数据库引擎创建成功]
2025-10-31 15:29:38,584 [INFO] [开始读取数据库表：order_data]
2025-10-31 15:29:39,361 [INFO] [成功读取表 order_data，数据行数：21909]
2025-10-31 15:29:39,545 [INFO] [开始读取数据库表：sales_data]
2025-10-31 15:29:45,617 [INFO] [成功读取表 sales_data，数据行数：26203]
2025-10-31 15:29:48,022 [INFO] [开始读取数据库表：jingpin_data]
2025-10-31 15:29:48,259 [INFO] [成功读取表 jingpin_data，数据行数：4083]
2025-10-31 15:29:48,299 [INFO] [开始读取数据库表：inventory_data]
2025-10-31 15:29:48,896 [INFO] [成功读取表 inventory_data，数据行数：5976]
2025-10-31 15:29:48,896 [INFO] [开始读取数据库表：tuiding_data]
2025-10-31 15:29:49,112 [INFO] [成功读取表 tuiding_data，数据行数：3802]
2025-10-31 15:29:49,113 [INFO] [开始读取数据库表：debit_data]
2025-10-31 15:29:51,012 [INFO] [成功读取表 debit_data，数据行数：21542]
2025-10-31 15:29:51,475 [INFO] [开始读取数据库表：sales_invoice_data]
2025-10-31 15:29:52,953 [INFO] [成功读取表 sales_invoice_data，数据行数：19448]
2025-10-31 15:59:52,894 [INFO] [数据库引擎创建成功]
2025-10-31 15:59:52,895 [INFO] [开始读取数据库表：order_data]
2025-10-31 15:59:53,681 [INFO] [成功读取表 order_data，数据行数：21909]
2025-10-31 15:59:53,900 [INFO] [开始读取数据库表：sales_data]
2025-10-31 16:00:04,012 [INFO] [成功读取表 sales_data，数据行数：26212]
2025-10-31 16:00:06,358 [INFO] [开始读取数据库表：jingpin_data]
2025-10-31 16:00:06,591 [INFO] [成功读取表 jingpin_data，数据行数：4086]
2025-10-31 16:00:06,700 [INFO] [开始读取数据库表：inventory_data]
2025-10-31 16:00:07,297 [INFO] [成功读取表 inventory_data，数据行数：5976]
2025-10-31 16:00:07,297 [INFO] [开始读取数据库表：tuiding_data]
2025-10-31 16:00:07,549 [INFO] [成功读取表 tuiding_data，数据行数：3802]
2025-10-31 16:00:07,550 [INFO] [开始读取数据库表：debit_data]
2025-10-31 16:00:09,412 [INFO] [成功读取表 debit_data，数据行数：21542]
2025-10-31 16:00:09,864 [INFO] [开始读取数据库表：sales_invoice_data]
2025-10-31 16:00:11,269 [INFO] [成功读取表 sales_invoice_data，数据行数：19457]
2025-10-31 16:29:53,908 [INFO] [数据库引擎创建成功]
2025-10-31 16:29:53,908 [INFO] [开始读取数据库表：order_data]
2025-10-31 16:29:55,646 [INFO] [成功读取表 order_data，数据行数：21909]
2025-10-31 16:29:56,018 [INFO] [开始读取数据库表：sales_data]
2025-10-31 16:30:06,148 [INFO] [成功读取表 sales_data，数据行数：26219]
2025-10-31 16:30:08,295 [INFO] [开始读取数据库表：jingpin_data]
2025-10-31 16:30:08,520 [INFO] [成功读取表 jingpin_data，数据行数：4086]
2025-10-31 16:30:08,598 [INFO] [开始读取数据库表：inventory_data]
2025-10-31 16:30:09,197 [INFO] [成功读取表 inventory_data，数据行数：5976]
2025-10-31 16:30:09,197 [INFO] [开始读取数据库表：tuiding_data]
2025-10-31 16:30:09,408 [INFO] [成功读取表 tuiding_data，数据行数：3802]
2025-10-31 16:30:09,408 [INFO] [开始读取数据库表：debit_data]
2025-10-31 16:30:11,261 [INFO] [成功读取表 debit_data，数据行数：21542]
2025-10-31 16:30:11,655 [INFO] [开始读取数据库表：sales_invoice_data]
2025-10-31 16:30:13,112 [INFO] [成功读取表 sales_invoice_data，数据行数：19461]
2025-10-31 16:59:59,858 [INFO] [数据库引擎创建成功]
2025-10-31 16:59:59,859 [INFO] [开始读取数据库表：order_data]
2025-10-31 17:00:00,858 [INFO] [成功读取表 order_data，数据行数：21909]
2025-10-31 17:00:01,125 [INFO] [开始读取数据库表：sales_data]
2025-10-31 17:00:10,435 [INFO] [成功读取表 sales_data，数据行数：26225]
2025-10-31 17:00:12,318 [INFO] [开始读取数据库表：jingpin_data]
2025-10-31 17:00:12,521 [INFO] [成功读取表 jingpin_data，数据行数：4086]
2025-10-31 17:00:12,591 [INFO] [开始读取数据库表：inventory_data]
2025-10-31 17:00:13,169 [INFO] [成功读取表 inventory_data，数据行数：5976]
2025-10-31 17:00:13,170 [INFO] [开始读取数据库表：tuiding_data]
2025-10-31 17:00:13,377 [INFO] [成功读取表 tuiding_data，数据行数：3802]
2025-10-31 17:00:13,377 [INFO] [开始读取数据库表：debit_data]
2025-10-31 17:00:15,012 [INFO] [成功读取表 debit_data，数据行数：21542]
2025-10-31 17:00:15,441 [INFO] [开始读取数据库表：sales_invoice_data]
2025-10-31 17:00:16,819 [INFO] [成功读取表 sales_invoice_data，数据行数：19461]
2025-10-31 17:29:36,869 [INFO] [数据库引擎创建成功]
2025-10-31 17:29:36,869 [INFO] [开始读取数据库表：order_data]
2025-10-31 17:29:38,568 [INFO] [成功读取表 order_data，数据行数：21908]
2025-10-31 17:29:38,946 [INFO] [开始读取数据库表：sales_data]
2025-10-31 17:29:46,329 [INFO] [成功读取表 sales_data，数据行数：26258]
2025-10-31 17:29:48,573 [INFO] [开始读取数据库表：jingpin_data]
2025-10-31 17:29:48,835 [INFO] [成功读取表 jingpin_data，数据行数：4086]
2025-10-31 17:29:48,916 [INFO] [开始读取数据库表：inventory_data]
2025-10-31 17:29:49,507 [INFO] [成功读取表 inventory_data，数据行数：5976]
2025-10-31 17:29:49,507 [INFO] [开始读取数据库表：tuiding_data]
2025-10-31 17:29:49,736 [INFO] [成功读取表 tuiding_data，数据行数：3803]
2025-10-31 17:29:49,736 [INFO] [开始读取数据库表：debit_data]
2025-10-31 17:29:51,647 [INFO] [成功读取表 debit_data，数据行数：21542]
2025-10-31 17:29:52,091 [INFO] [开始读取数据库表：sales_invoice_data]
2025-10-31 17:29:53,536 [INFO] [成功读取表 sales_invoice_data，数据行数：19474]
2025-10-31 18:00:07,057 [INFO] [数据库引擎创建成功]
2025-10-31 18:00:07,057 [INFO] [开始读取数据库表：order_data]
2025-10-31 18:00:08,581 [INFO] [成功读取表 order_data，数据行数：21908]
2025-10-31 18:00:08,992 [INFO] [开始读取数据库表：sales_data]
2025-10-31 18:00:17,057 [INFO] [成功读取表 sales_data，数据行数：26260]
2025-10-31 18:00:20,309 [INFO] [开始读取数据库表：jingpin_data]
2025-10-31 18:00:20,669 [INFO] [成功读取表 jingpin_data，数据行数：4090]
2025-10-31 18:00:20,775 [INFO] [开始读取数据库表：inventory_data]
2025-10-31 18:00:21,476 [INFO] [成功读取表 inventory_data，数据行数：5976]
2025-10-31 18:00:21,476 [INFO] [开始读取数据库表：tuiding_data]
2025-10-31 18:00:21,710 [INFO] [成功读取表 tuiding_data，数据行数：3803]
2025-10-31 18:00:21,710 [INFO] [开始读取数据库表：debit_data]
2025-10-31 18:00:23,917 [INFO] [成功读取表 debit_data，数据行数：21542]
2025-10-31 18:00:24,372 [INFO] [开始读取数据库表：sales_invoice_data]
2025-10-31 18:00:26,174 [INFO] [成功读取表 sales_invoice_data，数据行数：19482]
2025-10-31 18:28:53,718 [INFO] [数据库引擎创建成功]
2025-10-31 18:28:53,728 [INFO] [开始读取数据库表：order_data]
2025-10-31 18:28:54,340 [INFO] [成功读取表 order_data，数据行数：21928]
2025-10-31 18:28:54,511 [INFO] [开始读取数据库表：sales_data]
2025-10-31 18:29:00,504 [INFO] [成功读取表 sales_data，数据行数：26263]
2025-10-31 18:29:02,677 [INFO] [开始读取数据库表：jingpin_data]
2025-10-31 18:29:02,907 [INFO] [成功读取表 jingpin_data，数据行数：4093]
2025-10-31 18:29:02,940 [INFO] [开始读取数据库表：inventory_data]
2025-10-31 18:29:03,565 [INFO] [成功读取表 inventory_data，数据行数：5976]
2025-10-31 18:29:03,565 [INFO] [开始读取数据库表：tuiding_data]
2025-10-31 18:29:03,778 [INFO] [成功读取表 tuiding_data，数据行数：3821]
2025-10-31 18:29:03,779 [INFO] [开始读取数据库表：debit_data]
2025-10-31 18:29:05,675 [INFO] [成功读取表 debit_data，数据行数：21542]
2025-10-31 18:29:06,034 [INFO] [开始读取数据库表：sales_invoice_data]
2025-10-31 18:29:07,478 [INFO] [成功读取表 sales_invoice_data，数据行数：19490]
2025-10-31 18:58:36,673 [INFO] [数据库引擎创建成功]
2025-10-31 18:58:36,674 [INFO] [开始读取数据库表：order_data]
2025-10-31 18:58:37,105 [INFO] [成功读取表 order_data，数据行数：21933]
2025-10-31 18:58:37,233 [INFO] [开始读取数据库表：sales_data]
2025-10-31 18:58:42,033 [INFO] [成功读取表 sales_data，数据行数：26269]
2025-10-31 18:58:44,199 [INFO] [开始读取数据库表：jingpin_data]
2025-10-31 18:58:44,420 [INFO] [成功读取表 jingpin_data，数据行数：4093]
2025-10-31 18:58:44,493 [INFO] [开始读取数据库表：inventory_data]
2025-10-31 18:58:45,048 [INFO] [成功读取表 inventory_data，数据行数：5976]
2025-10-31 18:58:45,048 [INFO] [开始读取数据库表：tuiding_data]
2025-10-31 18:58:45,258 [INFO] [成功读取表 tuiding_data，数据行数：3821]
2025-10-31 18:58:45,258 [INFO] [开始读取数据库表：debit_data]
2025-10-31 18:58:47,101 [INFO] [成功读取表 debit_data，数据行数：21542]
2025-10-31 18:58:47,523 [INFO] [开始读取数据库表：sales_invoice_data]
2025-10-31 18:58:48,934 [INFO] [成功读取表 sales_invoice_data，数据行数：19497]
2025-10-31 19:28:50,140 [INFO] [数据库引擎创建成功]
2025-10-31 19:28:50,140 [INFO] [开始读取数据库表：order_data]
2025-10-31 19:28:50,727 [INFO] [成功读取表 order_data，数据行数：21933]
2025-10-31 19:28:50,881 [INFO] [开始读取数据库表：sales_data]
2025-10-31 19:28:56,257 [INFO] [成功读取表 sales_data，数据行数：26276]
2025-10-31 19:28:58,495 [INFO] [开始读取数据库表：jingpin_data]
2025-10-31 19:28:58,721 [INFO] [成功读取表 jingpin_data，数据行数：4093]
2025-10-31 19:28:58,815 [INFO] [开始读取数据库表：inventory_data]
2025-10-31 19:28:59,431 [INFO] [成功读取表 inventory_data，数据行数：5976]
2025-10-31 19:28:59,431 [INFO] [开始读取数据库表：tuiding_data]
2025-10-31 19:28:59,644 [INFO] [成功读取表 tuiding_data，数据行数：3821]
2025-10-31 19:28:59,644 [INFO] [开始读取数据库表：debit_data]
2025-10-31 19:29:01,472 [INFO] [成功读取表 debit_data，数据行数：21542]
2025-10-31 19:29:01,910 [INFO] [开始读取数据库表：sales_invoice_data]
2025-10-31 19:29:03,338 [INFO] [成功读取表 sales_invoice_data，数据行数：19499]
2025-10-31 19:58:37,290 [INFO] [数据库引擎创建成功]
2025-10-31 19:58:37,290 [INFO] [开始读取数据库表：order_data]
2025-10-31 19:58:37,868 [INFO] [成功读取表 order_data，数据行数：21931]
2025-10-31 19:58:38,027 [INFO] [开始读取数据库表：sales_data]
2025-10-31 19:58:43,524 [INFO] [成功读取表 sales_data，数据行数：26275]
2025-10-31 19:58:45,713 [INFO] [开始读取数据库表：jingpin_data]
2025-10-31 19:58:45,935 [INFO] [成功读取表 jingpin_data，数据行数：4093]
2025-10-31 19:58:46,011 [INFO] [开始读取数据库表：inventory_data]
2025-10-31 19:58:46,583 [INFO] [成功读取表 inventory_data，数据行数：5980]
2025-10-31 19:58:46,583 [INFO] [开始读取数据库表：tuiding_data]
2025-10-31 19:58:46,808 [INFO] [成功读取表 tuiding_data，数据行数：3823]
2025-10-31 19:58:46,808 [INFO] [开始读取数据库表：debit_data]
2025-10-31 19:58:48,623 [INFO] [成功读取表 debit_data，数据行数：21544]
2025-10-31 19:58:49,035 [INFO] [开始读取数据库表：sales_invoice_data]
2025-10-31 19:58:50,428 [INFO] [成功读取表 sales_invoice_data，数据行数：19499]
2025-10-31 20:28:51,687 [INFO] [数据库引擎创建成功]
2025-10-31 20:28:51,687 [INFO] [开始读取数据库表：order_data]
2025-10-31 20:28:52,247 [INFO] [成功读取表 order_data，数据行数：21931]
2025-10-31 20:28:52,376 [INFO] [开始读取数据库表：sales_data]
2025-10-31 20:28:57,405 [INFO] [成功读取表 sales_data，数据行数：26276]
2025-10-31 20:28:59,613 [INFO] [开始读取数据库表：jingpin_data]
2025-10-31 20:28:59,817 [INFO] [成功读取表 jingpin_data，数据行数：4093]
2025-10-31 20:28:59,876 [INFO] [开始读取数据库表：inventory_data]
2025-10-31 20:29:00,466 [INFO] [成功读取表 inventory_data，数据行数：5980]
2025-10-31 20:29:00,467 [INFO] [开始读取数据库表：tuiding_data]
2025-10-31 20:29:00,694 [INFO] [成功读取表 tuiding_data，数据行数：3823]
2025-10-31 20:29:00,694 [INFO] [开始读取数据库表：debit_data]
2025-10-31 20:29:02,532 [INFO] [成功读取表 debit_data，数据行数：21544]
2025-10-31 20:29:02,930 [INFO] [开始读取数据库表：sales_invoice_data]
2025-10-31 20:29:04,339 [INFO] [成功读取表 sales_invoice_data，数据行数：19499]
2025-10-31 20:58:53,612 [INFO] [数据库引擎创建成功]
2025-10-31 20:58:53,613 [INFO] [开始读取数据库表：order_data]
2025-10-31 20:58:54,196 [INFO] [成功读取表 order_data，数据行数：21932]
2025-10-31 20:58:54,343 [INFO] [开始读取数据库表：sales_data]
2025-10-31 20:58:59,584 [INFO] [成功读取表 sales_data，数据行数：26276]
2025-10-31 20:59:01,729 [INFO] [开始读取数据库表：jingpin_data]
2025-10-31 20:59:01,937 [INFO] [成功读取表 jingpin_data，数据行数：4093]
2025-10-31 20:59:02,015 [INFO] [开始读取数据库表：inventory_data]
2025-10-31 20:59:02,579 [INFO] [成功读取表 inventory_data，数据行数：5980]
2025-10-31 20:59:02,579 [INFO] [开始读取数据库表：tuiding_data]
2025-10-31 20:59:02,798 [INFO] [成功读取表 tuiding_data，数据行数：3823]
2025-10-31 20:59:02,798 [INFO] [开始读取数据库表：debit_data]
2025-10-31 20:59:04,608 [INFO] [成功读取表 debit_data，数据行数：21544]
2025-10-31 20:59:05,031 [INFO] [开始读取数据库表：sales_invoice_data]
2025-10-31 20:59:06,465 [INFO] [成功读取表 sales_invoice_data，数据行数：19500]
2025-10-31 21:28:47,654 [INFO] [数据库引擎创建成功]
2025-10-31 21:28:47,654 [INFO] [开始读取数据库表：order_data]
2025-10-31 21:28:48,272 [INFO] [成功读取表 order_data，数据行数：21932]
2025-10-31 21:28:48,450 [INFO] [开始读取数据库表：sales_data]
2025-10-31 21:28:54,213 [INFO] [成功读取表 sales_data，数据行数：26276]
2025-10-31 21:28:56,577 [INFO] [开始读取数据库表：jingpin_data]
2025-10-31 21:28:56,805 [INFO] [成功读取表 jingpin_data，数据行数：4093]
2025-10-31 21:28:56,896 [INFO] [开始读取数据库表：inventory_data]
2025-10-31 21:28:57,448 [INFO] [成功读取表 inventory_data，数据行数：5980]
2025-10-31 21:28:57,448 [INFO] [开始读取数据库表：tuiding_data]
2025-10-31 21:28:57,645 [INFO] [成功读取表 tuiding_data，数据行数：3823]
2025-10-31 21:28:57,645 [INFO] [开始读取数据库表：debit_data]
2025-10-31 21:28:59,520 [INFO] [成功读取表 debit_data，数据行数：21544]
2025-10-31 21:28:59,979 [INFO] [开始读取数据库表：sales_invoice_data]
2025-10-31 21:29:01,414 [INFO] [成功读取表 sales_invoice_data，数据行数：19500]
2025-10-31 21:58:46,887 [INFO] [数据库引擎创建成功]
2025-10-31 21:58:46,888 [INFO] [开始读取数据库表：order_data]
2025-10-31 21:58:47,330 [INFO] [成功读取表 order_data，数据行数：21932]
2025-10-31 21:58:47,460 [INFO] [开始读取数据库表：sales_data]
2025-10-31 21:58:52,417 [INFO] [成功读取表 sales_data，数据行数：26279]
2025-10-31 21:58:54,512 [INFO] [开始读取数据库表：jingpin_data]
2025-10-31 21:58:54,726 [INFO] [成功读取表 jingpin_data，数据行数：4093]
2025-10-31 21:58:54,805 [INFO] [开始读取数据库表：inventory_data]
2025-10-31 21:58:55,406 [INFO] [成功读取表 inventory_data，数据行数：6176]
2025-10-31 21:58:55,406 [INFO] [开始读取数据库表：tuiding_data]
2025-10-31 21:58:55,597 [INFO] [成功读取表 tuiding_data，数据行数：3823]
2025-10-31 21:58:55,597 [INFO] [开始读取数据库表：debit_data]
2025-10-31 21:58:57,426 [INFO] [成功读取表 debit_data，数据行数：21642]
2025-10-31 21:58:57,847 [INFO] [开始读取数据库表：sales_invoice_data]
2025-10-31 21:58:59,269 [INFO] [成功读取表 sales_invoice_data，数据行数：19501]
2025-10-31 22:29:06,218 [INFO] [数据库引擎创建成功]
2025-10-31 22:29:06,218 [INFO] [开始读取数据库表：order_data]
2025-10-31 22:29:06,749 [INFO] [成功读取表 order_data，数据行数：21931]
2025-10-31 22:29:06,897 [INFO] [开始读取数据库表：sales_data]
2025-10-31 22:29:12,273 [INFO] [成功读取表 sales_data，数据行数：26280]
2025-10-31 22:29:14,495 [INFO] [开始读取数据库表：jingpin_data]
2025-10-31 22:29:14,718 [INFO] [成功读取表 jingpin_data，数据行数：4093]
2025-10-31 22:29:14,795 [INFO] [开始读取数据库表：inventory_data]
2025-10-31 22:29:15,404 [INFO] [成功读取表 inventory_data，数据行数：6176]
2025-10-31 22:29:15,404 [INFO] [开始读取数据库表：tuiding_data]
2025-10-31 22:29:15,612 [INFO] [成功读取表 tuiding_data，数据行数：3824]
2025-10-31 22:29:15,612 [INFO] [开始读取数据库表：debit_data]
2025-10-31 22:29:17,477 [INFO] [成功读取表 debit_data，数据行数：21643]
2025-10-31 22:29:17,879 [INFO] [开始读取数据库表：sales_invoice_data]
2025-10-31 22:29:19,290 [INFO] [成功读取表 sales_invoice_data，数据行数：19501]
2025-10-31 22:58:50,593 [INFO] [数据库引擎创建成功]
2025-10-31 22:58:50,594 [INFO] [开始读取数据库表：order_data]
2025-10-31 22:58:51,113 [INFO] [成功读取表 order_data，数据行数：21931]
2025-10-31 22:58:51,279 [INFO] [开始读取数据库表：sales_data]
2025-10-31 22:58:56,612 [INFO] [成功读取表 sales_data，数据行数：26283]
2025-10-31 22:58:58,770 [INFO] [开始读取数据库表：jingpin_data]
2025-10-31 22:58:58,992 [INFO] [成功读取表 jingpin_data，数据行数：4093]
2025-10-31 22:58:59,073 [INFO] [开始读取数据库表：inventory_data]
2025-10-31 22:58:59,667 [INFO] [成功读取表 inventory_data，数据行数：6176]
2025-10-31 22:58:59,667 [INFO] [开始读取数据库表：tuiding_data]
2025-10-31 22:58:59,884 [INFO] [成功读取表 tuiding_data，数据行数：3824]
2025-10-31 22:58:59,884 [INFO] [开始读取数据库表：debit_data]
2025-10-31 22:59:01,867 [INFO] [成功读取表 debit_data，数据行数：21643]
2025-10-31 22:59:02,273 [INFO] [开始读取数据库表：sales_invoice_data]
2025-10-31 22:59:03,649 [INFO] [成功读取表 sales_invoice_data，数据行数：19501]
2025-10-31 23:28:52,722 [INFO] [数据库引擎创建成功]
2025-10-31 23:28:52,722 [INFO] [开始读取数据库表：order_data]
2025-10-31 23:28:53,263 [INFO] [成功读取表 order_data，数据行数：21931]
2025-10-31 23:28:53,407 [INFO] [开始读取数据库表：sales_data]
2025-10-31 23:28:58,723 [INFO] [成功读取表 sales_data，数据行数：26284]
2025-10-31 23:29:00,965 [INFO] [开始读取数据库表：jingpin_data]
2025-10-31 23:29:01,184 [INFO] [成功读取表 jingpin_data，数据行数：4093]
2025-10-31 23:29:01,256 [INFO] [开始读取数据库表：inventory_data]
2025-10-31 23:29:01,861 [INFO] [成功读取表 inventory_data，数据行数：6202]
2025-10-31 23:29:01,861 [INFO] [开始读取数据库表：tuiding_data]
2025-10-31 23:29:02,087 [INFO] [成功读取表 tuiding_data，数据行数：3824]
2025-10-31 23:29:02,087 [INFO] [开始读取数据库表：debit_data]
2025-10-31 23:29:03,961 [INFO] [成功读取表 debit_data，数据行数：21656]
2025-10-31 23:29:04,371 [INFO] [开始读取数据库表：sales_invoice_data]
2025-10-31 23:29:05,794 [INFO] [成功读取表 sales_invoice_data，数据行数：19501]
2025-10-31 23:58:45,722 [INFO] [数据库引擎创建成功]
2025-10-31 23:58:45,723 [INFO] [开始读取数据库表：order_data]
2025-10-31 23:58:46,194 [INFO] [成功读取表 order_data，数据行数：21931]
2025-10-31 23:58:46,327 [INFO] [开始读取数据库表：sales_data]
2025-10-31 23:58:51,541 [INFO] [成功读取表 sales_data，数据行数：26284]
2025-10-31 23:58:53,696 [INFO] [开始读取数据库表：jingpin_data]
2025-10-31 23:58:53,914 [INFO] [成功读取表 jingpin_data，数据行数：4093]
2025-10-31 23:58:53,995 [INFO] [开始读取数据库表：inventory_data]
2025-10-31 23:58:54,595 [INFO] [成功读取表 inventory_data，数据行数：6202]
2025-10-31 23:58:54,595 [INFO] [开始读取数据库表：tuiding_data]
2025-10-31 23:58:54,808 [INFO] [成功读取表 tuiding_data，数据行数：3824]
2025-10-31 23:58:54,808 [INFO] [开始读取数据库表：debit_data]
2025-10-31 23:58:56,641 [INFO] [成功读取表 debit_data，数据行数：21656]
2025-10-31 23:58:57,118 [INFO] [开始读取数据库表：sales_invoice_data]
2025-10-31 23:58:58,571 [INFO] [成功读取表 sales_invoice_data，数据行数：19501]
