2025-12-26 09:00:08,851 [INFO] [数据库引擎创建成功]
2025-12-26 09:00:08,851 [INFO] [开始读取数据库表：order_data]
2025-12-26 09:00:10,697 [INFO] [成功读取表 order_data，数据行数：25734]
2025-12-26 09:00:11,083 [INFO] [开始读取数据库表：sales_data]
2025-12-26 09:00:17,473 [INFO] [成功读取表 sales_data，数据行数：24510]
2025-12-26 09:00:19,294 [INFO] [开始读取数据库表：jingpin_data]
2025-12-26 09:00:19,451 [INFO] [成功读取表 jingpin_data，数据行数：5165]
2025-12-26 09:00:19,519 [INFO] [开始读取数据库表：inventory_data]
2025-12-26 09:00:19,881 [INFO] [成功读取表 inventory_data，数据行数：4804]
2025-12-26 09:00:19,881 [INFO] [开始读取数据库表：tuiding_data]
2025-12-26 09:00:20,102 [INFO] [成功读取表 tuiding_data，数据行数：4798]
2025-12-26 09:00:20,102 [INFO] [开始读取数据库表：debit_data]
2025-12-26 09:00:23,591 [INFO] [成功读取表 debit_data，数据行数：27636]
2025-12-26 09:00:24,015 [INFO] [开始读取数据库表：sales_invoice_data]
2025-12-26 09:00:25,387 [INFO] [成功读取表 sales_invoice_data，数据行数：22063]
2025-12-26 09:31:17,875 [INFO] [数据库引擎创建成功]
2025-12-26 09:31:17,876 [INFO] [开始读取数据库表：order_data]
2025-12-26 09:31:19,348 [INFO] [成功读取表 order_data，数据行数：25734]
2025-12-26 09:31:19,631 [INFO] [开始读取数据库表：sales_data]
2025-12-26 09:31:23,106 [INFO] [成功读取表 sales_data，数据行数：24513]
2025-12-26 09:31:24,734 [INFO] [开始读取数据库表：jingpin_data]
2025-12-26 09:31:24,881 [INFO] [成功读取表 jingpin_data，数据行数：5165]
2025-12-26 09:31:24,935 [INFO] [开始读取数据库表：inventory_data]
2025-12-26 09:31:25,286 [INFO] [成功读取表 inventory_data，数据行数：4800]
2025-12-26 09:31:25,286 [INFO] [开始读取数据库表：tuiding_data]
2025-12-26 09:31:25,514 [INFO] [成功读取表 tuiding_data，数据行数：4799]
2025-12-26 09:31:25,514 [INFO] [开始读取数据库表：debit_data]
2025-12-26 09:31:27,008 [INFO] [成功读取表 debit_data，数据行数：27636]
2025-12-26 09:31:27,336 [INFO] [开始读取数据库表：sales_invoice_data]
2025-12-26 09:31:28,542 [INFO] [成功读取表 sales_invoice_data，数据行数：22067]
2025-12-26 10:05:26,429 [INFO] [数据库引擎创建成功]
2025-12-26 10:05:26,430 [INFO] [开始读取数据库表：order_data]
2025-12-26 10:05:27,917 [INFO] [成功读取表 order_data，数据行数：25734]
2025-12-26 10:05:28,171 [INFO] [开始读取数据库表：sales_data]
2025-12-26 10:05:31,272 [INFO] [成功读取表 sales_data，数据行数：24513]
2025-12-26 10:05:32,763 [INFO] [开始读取数据库表：jingpin_data]
2025-12-26 10:05:32,907 [INFO] [成功读取表 jingpin_data，数据行数：5165]
2025-12-26 10:05:32,969 [INFO] [开始读取数据库表：inventory_data]
2025-12-26 10:05:33,338 [INFO] [成功读取表 inventory_data，数据行数：4800]
2025-12-26 10:05:33,338 [INFO] [开始读取数据库表：tuiding_data]
2025-12-26 10:05:33,536 [INFO] [成功读取表 tuiding_data，数据行数：4799]
2025-12-26 10:05:33,536 [INFO] [开始读取数据库表：debit_data]
2025-12-26 10:05:34,855 [INFO] [成功读取表 debit_data，数据行数：27636]
2025-12-26 10:05:35,130 [INFO] [开始读取数据库表：sales_invoice_data]
2025-12-26 10:05:36,232 [INFO] [成功读取表 sales_invoice_data，数据行数：22067]
2025-12-26 10:33:05,824 [INFO] [数据库引擎创建成功]
2025-12-26 10:33:05,835 [INFO] [开始读取数据库表：order_data]
2025-12-26 10:33:07,355 [INFO] [成功读取表 order_data，数据行数：25734]
2025-12-26 10:33:07,602 [INFO] [开始读取数据库表：sales_data]
2025-12-26 10:33:10,798 [INFO] [成功读取表 sales_data，数据行数：24513]
2025-12-26 10:33:12,474 [INFO] [开始读取数据库表：jingpin_data]
2025-12-26 10:33:12,634 [INFO] [成功读取表 jingpin_data，数据行数：5165]
2025-12-26 10:33:12,690 [INFO] [开始读取数据库表：inventory_data]
2025-12-26 10:33:13,085 [INFO] [成功读取表 inventory_data，数据行数：4800]
2025-12-26 10:33:13,086 [INFO] [开始读取数据库表：tuiding_data]
2025-12-26 10:33:13,316 [INFO] [成功读取表 tuiding_data，数据行数：4799]
2025-12-26 10:33:13,317 [INFO] [开始读取数据库表：debit_data]
2025-12-26 10:33:14,985 [INFO] [成功读取表 debit_data，数据行数：27636]
2025-12-26 10:33:15,360 [INFO] [开始读取数据库表：sales_invoice_data]
2025-12-26 10:33:16,620 [INFO] [成功读取表 sales_invoice_data，数据行数：22067]
2025-12-26 11:00:03,266 [INFO] [数据库引擎创建成功]
2025-12-26 11:00:03,268 [INFO] [开始读取数据库表：order_data]
2025-12-26 11:00:05,064 [INFO] [成功读取表 order_data，数据行数：25734]
2025-12-26 11:00:05,397 [INFO] [开始读取数据库表：sales_data]
2025-12-26 11:00:09,070 [INFO] [成功读取表 sales_data，数据行数：24513]
2025-12-26 11:00:10,855 [INFO] [开始读取数据库表：jingpin_data]
2025-12-26 11:00:11,023 [INFO] [成功读取表 jingpin_data，数据行数：5208]
2025-12-26 11:00:11,092 [INFO] [开始读取数据库表：inventory_data]
2025-12-26 11:00:11,506 [INFO] [成功读取表 inventory_data，数据行数：4800]
2025-12-26 11:00:11,506 [INFO] [开始读取数据库表：tuiding_data]
2025-12-26 11:00:11,729 [INFO] [成功读取表 tuiding_data，数据行数：4799]
2025-12-26 11:00:11,729 [INFO] [开始读取数据库表：debit_data]
2025-12-26 11:00:13,430 [INFO] [成功读取表 debit_data，数据行数：27636]
2025-12-26 11:00:13,784 [INFO] [开始读取数据库表：sales_invoice_data]
2025-12-26 11:00:15,001 [INFO] [成功读取表 sales_invoice_data，数据行数：22067]
2025-12-26 11:30:47,353 [INFO] [数据库引擎创建成功]
2025-12-26 11:30:47,353 [INFO] [开始读取数据库表：order_data]
2025-12-26 11:30:48,748 [INFO] [成功读取表 order_data，数据行数：25734]
2025-12-26 11:30:48,983 [INFO] [开始读取数据库表：sales_data]
2025-12-26 11:30:52,038 [INFO] [成功读取表 sales_data，数据行数：24513]
2025-12-26 11:30:53,514 [INFO] [开始读取数据库表：jingpin_data]
2025-12-26 11:30:53,659 [INFO] [成功读取表 jingpin_data，数据行数：5208]
2025-12-26 11:30:53,713 [INFO] [开始读取数据库表：inventory_data]
2025-12-26 11:30:54,059 [INFO] [成功读取表 inventory_data，数据行数：4800]
2025-12-26 11:30:54,059 [INFO] [开始读取数据库表：tuiding_data]
2025-12-26 11:30:54,248 [INFO] [成功读取表 tuiding_data，数据行数：4799]
2025-12-26 11:30:54,248 [INFO] [开始读取数据库表：debit_data]
2025-12-26 11:30:55,599 [INFO] [成功读取表 debit_data，数据行数：27636]
2025-12-26 11:30:55,879 [INFO] [开始读取数据库表：sales_invoice_data]
2025-12-26 11:30:56,914 [INFO] [成功读取表 sales_invoice_data，数据行数：22067]
2025-12-26 12:00:27,895 [INFO] [数据库引擎创建成功]
2025-12-26 12:00:27,895 [INFO] [开始读取数据库表：order_data]
2025-12-26 12:00:29,289 [INFO] [成功读取表 order_data，数据行数：25734]
2025-12-26 12:00:29,535 [INFO] [开始读取数据库表：sales_data]
2025-12-26 12:00:32,585 [INFO] [成功读取表 sales_data，数据行数：24513]
2025-12-26 12:00:34,092 [INFO] [开始读取数据库表：jingpin_data]
2025-12-26 12:00:34,237 [INFO] [成功读取表 jingpin_data，数据行数：5210]
2025-12-26 12:00:34,291 [INFO] [开始读取数据库表：inventory_data]
2025-12-26 12:00:34,658 [INFO] [成功读取表 inventory_data，数据行数：4800]
2025-12-26 12:00:34,659 [INFO] [开始读取数据库表：tuiding_data]
2025-12-26 12:00:34,855 [INFO] [成功读取表 tuiding_data，数据行数：4799]
2025-12-26 12:00:34,855 [INFO] [开始读取数据库表：debit_data]
2025-12-26 12:00:36,296 [INFO] [成功读取表 debit_data，数据行数：27636]
2025-12-26 12:00:36,586 [INFO] [开始读取数据库表：sales_invoice_data]
2025-12-26 12:00:37,674 [INFO] [成功读取表 sales_invoice_data，数据行数：22067]
2025-12-26 16:59:36,488 [INFO] [数据库引擎创建成功]
2025-12-26 16:59:36,489 [INFO] [开始读取数据库表：order_data]
2025-12-26 16:59:38,713 [INFO] [成功读取表 order_data，数据行数：25782]
2025-12-26 16:59:39,054 [INFO] [开始读取数据库表：sales_data]
2025-12-26 16:59:43,605 [INFO] [成功读取表 sales_data，数据行数：24578]
2025-12-26 16:59:45,383 [INFO] [开始读取数据库表：jingpin_data]
2025-12-26 16:59:45,559 [INFO] [成功读取表 jingpin_data，数据行数：5220]
2025-12-26 16:59:45,632 [INFO] [开始读取数据库表：inventory_data]
2025-12-26 16:59:46,121 [INFO] [成功读取表 inventory_data，数据行数：5010]
2025-12-26 16:59:46,121 [INFO] [开始读取数据库表：tuiding_data]
2025-12-26 16:59:46,402 [INFO] [成功读取表 tuiding_data，数据行数：4809]
2025-12-26 16:59:46,402 [INFO] [开始读取数据库表：debit_data]
2025-12-26 16:59:48,424 [INFO] [成功读取表 debit_data，数据行数：27897]
2025-12-26 16:59:48,862 [INFO] [开始读取数据库表：sales_invoice_data]
2025-12-26 16:59:50,346 [INFO] [成功读取表 sales_invoice_data，数据行数：22116]
2025-12-26 18:00:57,619 [INFO] [数据库引擎创建成功]
2025-12-26 18:00:57,619 [INFO] [开始读取数据库表：order_data]
2025-12-26 18:00:59,080 [INFO] [成功读取表 order_data，数据行数：25786]
2025-12-26 18:00:59,354 [INFO] [开始读取数据库表：sales_data]
2025-12-26 18:01:02,577 [INFO] [成功读取表 sales_data，数据行数：24596]
2025-12-26 18:01:04,245 [INFO] [开始读取数据库表：jingpin_data]
2025-12-26 18:01:04,401 [INFO] [成功读取表 jingpin_data，数据行数：5222]
2025-12-26 18:01:04,461 [INFO] [开始读取数据库表：inventory_data]
2025-12-26 18:01:04,827 [INFO] [成功读取表 inventory_data，数据行数：4992]
2025-12-26 18:01:04,827 [INFO] [开始读取数据库表：tuiding_data]
2025-12-26 18:01:05,015 [INFO] [成功读取表 tuiding_data，数据行数：4810]
2025-12-26 18:01:05,015 [INFO] [开始读取数据库表：debit_data]
2025-12-26 18:01:06,442 [INFO] [成功读取表 debit_data，数据行数：27897]
2025-12-26 18:01:06,759 [INFO] [开始读取数据库表：sales_invoice_data]
2025-12-26 18:01:07,927 [INFO] [成功读取表 sales_invoice_data，数据行数：22132]
2025-12-26 18:02:27,250 [INFO] [数据库引擎创建成功]
2025-12-26 18:02:27,250 [INFO] [开始读取数据库表：order_data]
2025-12-26 18:02:28,681 [INFO] [成功读取表 order_data，数据行数：25786]
2025-12-26 18:02:28,934 [INFO] [开始读取数据库表：sales_data]
2025-12-26 18:02:32,099 [INFO] [成功读取表 sales_data，数据行数：24596]
2025-12-26 18:02:33,677 [INFO] [开始读取数据库表：jingpin_data]
2025-12-26 18:02:33,810 [INFO] [成功读取表 jingpin_data，数据行数：5222]
2025-12-26 18:02:33,861 [INFO] [开始读取数据库表：inventory_data]
2025-12-26 18:02:34,212 [INFO] [成功读取表 inventory_data，数据行数：4992]
2025-12-26 18:02:34,212 [INFO] [开始读取数据库表：tuiding_data]
2025-12-26 18:02:34,409 [INFO] [成功读取表 tuiding_data，数据行数：4810]
2025-12-26 18:02:34,409 [INFO] [开始读取数据库表：debit_data]
2025-12-26 18:02:35,831 [INFO] [成功读取表 debit_data，数据行数：27897]
2025-12-26 18:02:36,116 [INFO] [开始读取数据库表：sales_invoice_data]
2025-12-26 18:02:37,183 [INFO] [成功读取表 sales_invoice_data，数据行数：22132]
