2025-11-10 07:05:22,790 [INFO] [数据库引擎创建成功]
2025-11-10 07:05:22,791 [INFO] [开始读取数据库表：order_data]
2025-11-10 07:05:23,221 [INFO] [成功读取表 order_data，数据行数：22977]
2025-11-10 07:05:23,343 [INFO] [开始读取数据库表：sales_data]
2025-11-10 07:05:26,716 [INFO] [成功读取表 sales_data，数据行数：24523]
2025-11-10 07:05:28,759 [INFO] [开始读取数据库表：jingpin_data]
2025-11-10 07:05:29,024 [INFO] [成功读取表 jingpin_data，数据行数：4250]
2025-11-10 07:05:29,110 [INFO] [开始读取数据库表：inventory_data]
2025-11-10 07:05:29,635 [INFO] [成功读取表 inventory_data，数据行数：5360]
2025-11-10 07:05:29,635 [INFO] [开始读取数据库表：tuiding_data]
2025-11-10 07:05:29,861 [INFO] [成功读取表 tuiding_data，数据行数：3992]
2025-11-10 07:05:29,861 [INFO] [开始读取数据库表：debit_data]
2025-11-10 07:05:31,868 [INFO] [成功读取表 debit_data，数据行数：23796]
2025-11-10 07:05:32,246 [INFO] [开始读取数据库表：sales_invoice_data]
2025-11-10 07:05:33,462 [INFO] [成功读取表 sales_invoice_data，数据行数：17622]
2025-11-10 07:26:55,326 [INFO] [数据库引擎创建成功]
2025-11-10 07:26:55,327 [INFO] [开始读取数据库表：order_data]
2025-11-10 07:26:55,801 [INFO] [成功读取表 order_data，数据行数：22977]
2025-11-10 07:26:55,925 [INFO] [开始读取数据库表：sales_data]
2025-11-10 07:26:59,573 [INFO] [成功读取表 sales_data，数据行数：24523]
2025-11-10 07:27:01,589 [INFO] [开始读取数据库表：jingpin_data]
2025-11-10 07:27:01,840 [INFO] [成功读取表 jingpin_data，数据行数：4250]
2025-11-10 07:27:01,918 [INFO] [开始读取数据库表：inventory_data]
2025-11-10 07:27:02,438 [INFO] [成功读取表 inventory_data，数据行数：5360]
2025-11-10 07:27:02,438 [INFO] [开始读取数据库表：tuiding_data]
2025-11-10 07:27:02,646 [INFO] [成功读取表 tuiding_data，数据行数：3992]
2025-11-10 07:27:02,646 [INFO] [开始读取数据库表：debit_data]
2025-11-10 07:27:04,620 [INFO] [成功读取表 debit_data，数据行数：23796]
2025-11-10 07:27:05,001 [INFO] [开始读取数据库表：sales_invoice_data]
2025-11-10 07:27:06,232 [INFO] [成功读取表 sales_invoice_data，数据行数：17622]
2025-11-10 07:57:16,135 [INFO] [数据库引擎创建成功]
2025-11-10 07:57:16,136 [INFO] [开始读取数据库表：order_data]
2025-11-10 07:57:16,563 [INFO] [成功读取表 order_data，数据行数：22977]
2025-11-10 07:57:16,685 [INFO] [开始读取数据库表：sales_data]
2025-11-10 07:57:20,278 [INFO] [成功读取表 sales_data，数据行数：24523]
2025-11-10 07:57:22,293 [INFO] [开始读取数据库表：jingpin_data]
2025-11-10 07:57:22,551 [INFO] [成功读取表 jingpin_data，数据行数：4250]
2025-11-10 07:57:22,639 [INFO] [开始读取数据库表：inventory_data]
2025-11-10 07:57:23,159 [INFO] [成功读取表 inventory_data，数据行数：5360]
2025-11-10 07:57:23,159 [INFO] [开始读取数据库表：tuiding_data]
2025-11-10 07:57:23,375 [INFO] [成功读取表 tuiding_data，数据行数：3992]
2025-11-10 07:57:23,375 [INFO] [开始读取数据库表：debit_data]
2025-11-10 07:57:25,374 [INFO] [成功读取表 debit_data，数据行数：23796]
2025-11-10 07:57:25,772 [INFO] [开始读取数据库表：sales_invoice_data]
2025-11-10 07:57:27,014 [INFO] [成功读取表 sales_invoice_data，数据行数：17622]
2025-11-10 08:27:01,856 [INFO] [数据库引擎创建成功]
2025-11-10 08:27:01,857 [INFO] [开始读取数据库表：order_data]
2025-11-10 08:27:02,262 [INFO] [成功读取表 order_data，数据行数：22977]
2025-11-10 08:27:02,373 [INFO] [开始读取数据库表：sales_data]
2025-11-10 08:27:05,171 [INFO] [成功读取表 sales_data，数据行数：24523]
2025-11-10 08:27:07,189 [INFO] [开始读取数据库表：jingpin_data]
2025-11-10 08:27:07,450 [INFO] [成功读取表 jingpin_data，数据行数：4250]
2025-11-10 08:27:07,519 [INFO] [开始读取数据库表：inventory_data]
2025-11-10 08:27:08,053 [INFO] [成功读取表 inventory_data，数据行数：5360]
2025-11-10 08:27:08,053 [INFO] [开始读取数据库表：tuiding_data]
2025-11-10 08:27:08,265 [INFO] [成功读取表 tuiding_data，数据行数：3992]
2025-11-10 08:27:08,265 [INFO] [开始读取数据库表：debit_data]
2025-11-10 08:27:10,289 [INFO] [成功读取表 debit_data，数据行数：23796]
2025-11-10 08:27:10,677 [INFO] [开始读取数据库表：sales_invoice_data]
2025-11-10 08:27:11,922 [INFO] [成功读取表 sales_invoice_data，数据行数：17622]
2025-11-10 08:57:31,666 [INFO] [数据库引擎创建成功]
2025-11-10 08:57:31,666 [INFO] [开始读取数据库表：order_data]
2025-11-10 08:57:32,105 [INFO] [成功读取表 order_data，数据行数：22978]
2025-11-10 08:57:32,228 [INFO] [开始读取数据库表：sales_data]
2025-11-10 08:57:35,908 [INFO] [成功读取表 sales_data，数据行数：24523]
2025-11-10 08:57:37,908 [INFO] [开始读取数据库表：jingpin_data]
2025-11-10 08:57:38,160 [INFO] [成功读取表 jingpin_data，数据行数：4250]
2025-11-10 08:57:38,231 [INFO] [开始读取数据库表：inventory_data]
2025-11-10 08:57:38,728 [INFO] [成功读取表 inventory_data，数据行数：5360]
2025-11-10 08:57:38,728 [INFO] [开始读取数据库表：tuiding_data]
2025-11-10 08:57:38,955 [INFO] [成功读取表 tuiding_data，数据行数：3992]
2025-11-10 08:57:38,955 [INFO] [开始读取数据库表：debit_data]
2025-11-10 08:57:40,949 [INFO] [成功读取表 debit_data，数据行数：23796]
2025-11-10 08:57:41,335 [INFO] [开始读取数据库表：sales_invoice_data]
2025-11-10 08:57:42,589 [INFO] [成功读取表 sales_invoice_data，数据行数：17622]
2025-11-10 09:27:37,605 [INFO] [数据库引擎创建成功]
2025-11-10 09:27:37,605 [INFO] [开始读取数据库表：order_data]
2025-11-10 09:27:38,012 [INFO] [成功读取表 order_data，数据行数：22980]
2025-11-10 09:27:38,125 [INFO] [开始读取数据库表：sales_data]
2025-11-10 09:27:40,558 [INFO] [成功读取表 sales_data，数据行数：24528]
2025-11-10 09:27:42,491 [INFO] [开始读取数据库表：jingpin_data]
2025-11-10 09:27:42,734 [INFO] [成功读取表 jingpin_data，数据行数：4251]
2025-11-10 09:27:42,808 [INFO] [开始读取数据库表：inventory_data]
2025-11-10 09:27:43,318 [INFO] [成功读取表 inventory_data，数据行数：5355]
2025-11-10 09:27:43,319 [INFO] [开始读取数据库表：tuiding_data]
2025-11-10 09:27:43,532 [INFO] [成功读取表 tuiding_data，数据行数：3993]
2025-11-10 09:27:43,532 [INFO] [开始读取数据库表：debit_data]
2025-11-10 09:27:45,491 [INFO] [成功读取表 debit_data，数据行数：23796]
2025-11-10 09:27:45,837 [INFO] [开始读取数据库表：sales_invoice_data]
2025-11-10 09:27:47,054 [INFO] [成功读取表 sales_invoice_data，数据行数：17627]
2025-11-10 09:59:52,020 [INFO] [数据库引擎创建成功]
2025-11-10 09:59:52,021 [INFO] [开始读取数据库表：order_data]
2025-11-10 09:59:52,440 [INFO] [成功读取表 order_data，数据行数：22980]
2025-11-10 09:59:52,554 [INFO] [开始读取数据库表：sales_data]
2025-11-10 09:59:55,062 [INFO] [成功读取表 sales_data，数据行数：24530]
2025-11-10 09:59:56,988 [INFO] [开始读取数据库表：jingpin_data]
2025-11-10 09:59:57,234 [INFO] [成功读取表 jingpin_data，数据行数：4251]
2025-11-10 09:59:57,307 [INFO] [开始读取数据库表：inventory_data]
2025-11-10 09:59:57,834 [INFO] [成功读取表 inventory_data，数据行数：5354]
2025-11-10 09:59:57,834 [INFO] [开始读取数据库表：tuiding_data]
2025-11-10 09:59:58,045 [INFO] [成功读取表 tuiding_data，数据行数：3993]
2025-11-10 09:59:58,046 [INFO] [开始读取数据库表：debit_data]
2025-11-10 09:59:59,956 [INFO] [成功读取表 debit_data，数据行数：23796]
2025-11-10 10:00:00,305 [INFO] [开始读取数据库表：sales_invoice_data]
2025-11-10 10:00:01,446 [INFO] [成功读取表 sales_invoice_data，数据行数：17629]
2025-11-10 10:31:17,473 [INFO] [数据库引擎创建成功]
2025-11-10 10:31:17,473 [INFO] [开始读取数据库表：order_data]
2025-11-10 10:31:17,891 [INFO] [成功读取表 order_data，数据行数：22983]
2025-11-10 10:31:18,002 [INFO] [开始读取数据库表：sales_data]
2025-11-10 10:31:20,549 [INFO] [成功读取表 sales_data，数据行数：24529]
2025-11-10 10:31:22,468 [INFO] [开始读取数据库表：jingpin_data]
2025-11-10 10:31:22,714 [INFO] [成功读取表 jingpin_data，数据行数：4253]
2025-11-10 10:31:22,792 [INFO] [开始读取数据库表：inventory_data]
2025-11-10 10:31:23,300 [INFO] [成功读取表 inventory_data，数据行数：5354]
2025-11-10 10:31:23,300 [INFO] [开始读取数据库表：tuiding_data]
2025-11-10 10:31:23,502 [INFO] [成功读取表 tuiding_data，数据行数：3993]
2025-11-10 10:31:23,502 [INFO] [开始读取数据库表：debit_data]
2025-11-10 10:31:25,406 [INFO] [成功读取表 debit_data，数据行数：23796]
2025-11-10 10:31:25,770 [INFO] [开始读取数据库表：sales_invoice_data]
2025-11-10 10:31:26,950 [INFO] [成功读取表 sales_invoice_data，数据行数：17629]
2025-11-10 10:59:35,719 [INFO] [数据库引擎创建成功]
2025-11-10 10:59:35,719 [INFO] [开始读取数据库表：order_data]
2025-11-10 10:59:36,129 [INFO] [成功读取表 order_data，数据行数：22987]
2025-11-10 10:59:36,247 [INFO] [开始读取数据库表：sales_data]
2025-11-10 10:59:38,838 [INFO] [成功读取表 sales_data，数据行数：24541]
2025-11-10 10:59:40,802 [INFO] [开始读取数据库表：jingpin_data]
2025-11-10 10:59:41,056 [INFO] [成功读取表 jingpin_data，数据行数：4253]
2025-11-10 10:59:41,128 [INFO] [开始读取数据库表：inventory_data]
2025-11-10 10:59:41,626 [INFO] [成功读取表 inventory_data，数据行数：5342]
2025-11-10 10:59:41,626 [INFO] [开始读取数据库表：tuiding_data]
2025-11-10 10:59:41,833 [INFO] [成功读取表 tuiding_data，数据行数：3993]
2025-11-10 10:59:41,833 [INFO] [开始读取数据库表：debit_data]
2025-11-10 10:59:43,722 [INFO] [成功读取表 debit_data，数据行数：23796]
2025-11-10 10:59:44,106 [INFO] [开始读取数据库表：sales_invoice_data]
2025-11-10 10:59:45,309 [INFO] [成功读取表 sales_invoice_data，数据行数：17641]
2025-11-10 11:30:41,982 [INFO] [数据库引擎创建成功]
2025-11-10 11:30:41,982 [INFO] [开始读取数据库表：order_data]
2025-11-10 11:30:42,391 [INFO] [成功读取表 order_data，数据行数：22987]
2025-11-10 11:30:42,504 [INFO] [开始读取数据库表：sales_data]
2025-11-10 11:30:44,894 [INFO] [成功读取表 sales_data，数据行数：24545]
2025-11-10 11:30:46,859 [INFO] [开始读取数据库表：jingpin_data]
2025-11-10 11:30:47,109 [INFO] [成功读取表 jingpin_data，数据行数：4253]
2025-11-10 11:30:47,179 [INFO] [开始读取数据库表：inventory_data]
2025-11-10 11:30:47,693 [INFO] [成功读取表 inventory_data，数据行数：5338]
2025-11-10 11:30:47,694 [INFO] [开始读取数据库表：tuiding_data]
2025-11-10 11:30:47,908 [INFO] [成功读取表 tuiding_data，数据行数：3994]
2025-11-10 11:30:47,908 [INFO] [开始读取数据库表：debit_data]
2025-11-10 11:30:49,883 [INFO] [成功读取表 debit_data，数据行数：23796]
2025-11-10 11:30:50,244 [INFO] [开始读取数据库表：sales_invoice_data]
2025-11-10 11:30:51,487 [INFO] [成功读取表 sales_invoice_data，数据行数：17645]
2025-11-10 11:59:22,021 [INFO] [数据库引擎创建成功]
2025-11-10 11:59:22,021 [INFO] [开始读取数据库表：order_data]
2025-11-10 11:59:22,442 [INFO] [成功读取表 order_data，数据行数：22987]
2025-11-10 11:59:22,550 [INFO] [开始读取数据库表：sales_data]
2025-11-10 11:59:24,846 [INFO] [成功读取表 sales_data，数据行数：24550]
2025-11-10 11:59:26,762 [INFO] [开始读取数据库表：jingpin_data]
2025-11-10 11:59:27,006 [INFO] [成功读取表 jingpin_data，数据行数：4255]
2025-11-10 11:59:27,074 [INFO] [开始读取数据库表：inventory_data]
2025-11-10 11:59:27,584 [INFO] [成功读取表 inventory_data，数据行数：5332]
2025-11-10 11:59:27,585 [INFO] [开始读取数据库表：tuiding_data]
2025-11-10 11:59:27,788 [INFO] [成功读取表 tuiding_data，数据行数：3994]
2025-11-10 11:59:27,789 [INFO] [开始读取数据库表：debit_data]
2025-11-10 11:59:29,717 [INFO] [成功读取表 debit_data，数据行数：23796]
2025-11-10 11:59:30,099 [INFO] [开始读取数据库表：sales_invoice_data]
2025-11-10 11:59:31,308 [INFO] [成功读取表 sales_invoice_data，数据行数：17650]
2025-11-10 12:29:37,311 [INFO] [数据库引擎创建成功]
2025-11-10 12:29:37,311 [INFO] [开始读取数据库表：order_data]
2025-11-10 12:29:37,745 [INFO] [成功读取表 order_data，数据行数：22988]
2025-11-10 12:29:37,875 [INFO] [开始读取数据库表：sales_data]
2025-11-10 12:29:40,984 [INFO] [成功读取表 sales_data，数据行数：24555]
2025-11-10 12:29:42,971 [INFO] [开始读取数据库表：jingpin_data]
2025-11-10 12:29:43,224 [INFO] [成功读取表 jingpin_data，数据行数：4255]
2025-11-10 12:29:43,304 [INFO] [开始读取数据库表：inventory_data]
2025-11-10 12:29:43,836 [INFO] [成功读取表 inventory_data，数据行数：5521]
2025-11-10 12:29:43,836 [INFO] [开始读取数据库表：tuiding_data]
2025-11-10 12:29:44,041 [INFO] [成功读取表 tuiding_data，数据行数：3994]
2025-11-10 12:29:44,041 [INFO] [开始读取数据库表：debit_data]
2025-11-10 12:29:46,038 [INFO] [成功读取表 debit_data，数据行数：23989]
2025-11-10 12:29:46,428 [INFO] [开始读取数据库表：sales_invoice_data]
2025-11-10 12:29:47,667 [INFO] [成功读取表 sales_invoice_data，数据行数：17655]
2025-11-10 12:59:23,790 [INFO] [数据库引擎创建成功]
2025-11-10 12:59:23,790 [INFO] [开始读取数据库表：order_data]
2025-11-10 12:59:24,200 [INFO] [成功读取表 order_data，数据行数：22991]
2025-11-10 12:59:24,314 [INFO] [开始读取数据库表：sales_data]
2025-11-10 12:59:26,771 [INFO] [成功读取表 sales_data，数据行数：24561]
2025-11-10 12:59:28,702 [INFO] [开始读取数据库表：jingpin_data]
2025-11-10 12:59:28,954 [INFO] [成功读取表 jingpin_data，数据行数：4257]
2025-11-10 12:59:29,026 [INFO] [开始读取数据库表：inventory_data]
2025-11-10 12:59:29,559 [INFO] [成功读取表 inventory_data，数据行数：5520]
2025-11-10 12:59:29,559 [INFO] [开始读取数据库表：tuiding_data]
2025-11-10 12:59:29,770 [INFO] [成功读取表 tuiding_data，数据行数：3994]
2025-11-10 12:59:29,771 [INFO] [开始读取数据库表：debit_data]
2025-11-10 12:59:31,742 [INFO] [成功读取表 debit_data，数据行数：24042]
2025-11-10 12:59:32,121 [INFO] [开始读取数据库表：sales_invoice_data]
2025-11-10 12:59:33,324 [INFO] [成功读取表 sales_invoice_data，数据行数：17661]
2025-11-10 13:29:14,782 [INFO] [数据库引擎创建成功]
2025-11-10 13:29:14,782 [INFO] [开始读取数据库表：order_data]
2025-11-10 13:29:15,234 [INFO] [成功读取表 order_data，数据行数：22995]
2025-11-10 13:29:15,354 [INFO] [开始读取数据库表：sales_data]
2025-11-10 13:29:18,381 [INFO] [成功读取表 sales_data，数据行数：24568]
2025-11-10 13:29:20,331 [INFO] [开始读取数据库表：jingpin_data]
2025-11-10 13:29:20,594 [INFO] [成功读取表 jingpin_data，数据行数：4257]
2025-11-10 13:29:20,664 [INFO] [开始读取数据库表：inventory_data]
2025-11-10 13:29:21,204 [INFO] [成功读取表 inventory_data，数据行数：5513]
2025-11-10 13:29:21,205 [INFO] [开始读取数据库表：tuiding_data]
2025-11-10 13:29:21,415 [INFO] [成功读取表 tuiding_data，数据行数：3994]
2025-11-10 13:29:21,416 [INFO] [开始读取数据库表：debit_data]
2025-11-10 13:29:23,387 [INFO] [成功读取表 debit_data，数据行数：24042]
2025-11-10 13:29:23,771 [INFO] [开始读取数据库表：sales_invoice_data]
2025-11-10 13:29:25,006 [INFO] [成功读取表 sales_invoice_data，数据行数：17668]
2025-11-10 14:01:32,540 [INFO] [数据库引擎创建成功]
2025-11-10 14:01:32,540 [INFO] [开始读取数据库表：order_data]
2025-11-10 14:01:32,987 [INFO] [成功读取表 order_data，数据行数：22999]
2025-11-10 14:01:33,106 [INFO] [开始读取数据库表：sales_data]
2025-11-10 14:01:35,826 [INFO] [成功读取表 sales_data，数据行数：24571]
2025-11-10 14:01:37,788 [INFO] [开始读取数据库表：jingpin_data]
2025-11-10 14:01:38,040 [INFO] [成功读取表 jingpin_data，数据行数：4258]
2025-11-10 14:01:38,115 [INFO] [开始读取数据库表：inventory_data]
2025-11-10 14:01:38,650 [INFO] [成功读取表 inventory_data，数据行数：5508]
2025-11-10 14:01:38,650 [INFO] [开始读取数据库表：tuiding_data]
2025-11-10 14:01:38,854 [INFO] [成功读取表 tuiding_data，数据行数：3994]
2025-11-10 14:01:38,855 [INFO] [开始读取数据库表：debit_data]
2025-11-10 14:01:40,682 [INFO] [成功读取表 debit_data，数据行数：24042]
2025-11-10 14:01:41,013 [INFO] [开始读取数据库表：sales_invoice_data]
2025-11-10 14:01:42,186 [INFO] [成功读取表 sales_invoice_data，数据行数：17671]
2025-11-10 14:30:01,368 [INFO] [数据库引擎创建成功]
2025-11-10 14:30:01,369 [INFO] [开始读取数据库表：order_data]
2025-11-10 14:30:01,877 [INFO] [成功读取表 order_data，数据行数：23002]
2025-11-10 14:30:02,022 [INFO] [开始读取数据库表：sales_data]
2025-11-10 14:30:06,540 [INFO] [成功读取表 sales_data，数据行数：24585]
2025-11-10 14:30:08,513 [INFO] [开始读取数据库表：jingpin_data]
2025-11-10 14:30:08,780 [INFO] [成功读取表 jingpin_data，数据行数：4259]
2025-11-10 14:30:08,853 [INFO] [开始读取数据库表：inventory_data]
2025-11-10 14:30:09,396 [INFO] [成功读取表 inventory_data，数据行数：5496]
2025-11-10 14:30:09,396 [INFO] [开始读取数据库表：tuiding_data]
2025-11-10 14:30:09,604 [INFO] [成功读取表 tuiding_data，数据行数：3994]
2025-11-10 14:30:09,604 [INFO] [开始读取数据库表：debit_data]
2025-11-10 14:30:11,623 [INFO] [成功读取表 debit_data，数据行数：24042]
2025-11-10 14:30:12,007 [INFO] [开始读取数据库表：sales_invoice_data]
2025-11-10 14:30:13,266 [INFO] [成功读取表 sales_invoice_data，数据行数：17685]
2025-11-10 14:59:12,282 [INFO] [数据库引擎创建成功]
2025-11-10 14:59:12,282 [INFO] [开始读取数据库表：order_data]
2025-11-10 14:59:12,687 [INFO] [成功读取表 order_data，数据行数：23002]
2025-11-10 14:59:12,798 [INFO] [开始读取数据库表：sales_data]
2025-11-10 14:59:15,938 [INFO] [成功读取表 sales_data，数据行数：24589]
2025-11-10 14:59:17,914 [INFO] [开始读取数据库表：jingpin_data]
2025-11-10 14:59:18,160 [INFO] [成功读取表 jingpin_data，数据行数：4261]
2025-11-10 14:59:18,241 [INFO] [开始读取数据库表：inventory_data]
2025-11-10 14:59:18,769 [INFO] [成功读取表 inventory_data，数据行数：5490]
2025-11-10 14:59:18,769 [INFO] [开始读取数据库表：tuiding_data]
2025-11-10 14:59:18,947 [INFO] [成功读取表 tuiding_data，数据行数：3995]
2025-11-10 14:59:18,947 [INFO] [开始读取数据库表：debit_data]
2025-11-10 14:59:21,224 [INFO] [成功读取表 debit_data，数据行数：24042]
2025-11-10 14:59:22,018 [INFO] [开始读取数据库表：sales_invoice_data]
2025-11-10 14:59:23,655 [INFO] [成功读取表 sales_invoice_data，数据行数：17688]
2025-11-10 15:29:46,234 [INFO] [数据库引擎创建成功]
2025-11-10 15:29:46,234 [INFO] [开始读取数据库表：order_data]
2025-11-10 15:29:46,638 [INFO] [成功读取表 order_data，数据行数：23007]
2025-11-10 15:29:46,760 [INFO] [开始读取数据库表：sales_data]
2025-11-10 15:29:49,421 [INFO] [成功读取表 sales_data，数据行数：24594]
2025-11-10 15:29:51,408 [INFO] [开始读取数据库表：jingpin_data]
2025-11-10 15:29:51,658 [INFO] [成功读取表 jingpin_data，数据行数：4262]
2025-11-10 15:29:51,727 [INFO] [开始读取数据库表：inventory_data]
2025-11-10 15:29:52,229 [INFO] [成功读取表 inventory_data，数据行数：5488]
2025-11-10 15:29:52,229 [INFO] [开始读取数据库表：tuiding_data]
2025-11-10 15:29:52,437 [INFO] [成功读取表 tuiding_data，数据行数：3996]
2025-11-10 15:29:52,438 [INFO] [开始读取数据库表：debit_data]
2025-11-10 15:29:54,407 [INFO] [成功读取表 debit_data，数据行数：24042]
2025-11-10 15:29:54,815 [INFO] [开始读取数据库表：sales_invoice_data]
2025-11-10 15:29:56,045 [INFO] [成功读取表 sales_invoice_data，数据行数：17693]
2025-11-10 16:00:14,579 [INFO] [数据库引擎创建成功]
2025-11-10 16:00:14,579 [INFO] [开始读取数据库表：order_data]
2025-11-10 16:00:14,987 [INFO] [成功读取表 order_data，数据行数：23013]
2025-11-10 16:00:15,098 [INFO] [开始读取数据库表：sales_data]
2025-11-10 16:00:18,242 [INFO] [成功读取表 sales_data，数据行数：24599]
2025-11-10 16:00:20,159 [INFO] [开始读取数据库表：jingpin_data]
2025-11-10 16:00:20,406 [INFO] [成功读取表 jingpin_data，数据行数：4263]
2025-11-10 16:00:20,476 [INFO] [开始读取数据库表：inventory_data]
2025-11-10 16:00:21,005 [INFO] [成功读取表 inventory_data，数据行数：5482]
2025-11-10 16:00:21,005 [INFO] [开始读取数据库表：tuiding_data]
2025-11-10 16:00:21,211 [INFO] [成功读取表 tuiding_data，数据行数：3998]
2025-11-10 16:00:21,211 [INFO] [开始读取数据库表：debit_data]
2025-11-10 16:00:23,153 [INFO] [成功读取表 debit_data，数据行数：24042]
2025-11-10 16:00:23,533 [INFO] [开始读取数据库表：sales_invoice_data]
2025-11-10 16:00:24,505 [INFO] [成功读取表 sales_invoice_data，数据行数：17697]
2025-11-10 16:29:57,610 [INFO] [数据库引擎创建成功]
2025-11-10 16:29:57,610 [INFO] [开始读取数据库表：order_data]
2025-11-10 16:29:58,018 [INFO] [成功读取表 order_data，数据行数：23018]
2025-11-10 16:29:58,128 [INFO] [开始读取数据库表：sales_data]
2025-11-10 16:30:00,817 [INFO] [成功读取表 sales_data，数据行数：24605]
2025-11-10 16:30:02,746 [INFO] [开始读取数据库表：jingpin_data]
2025-11-10 16:30:02,985 [INFO] [成功读取表 jingpin_data，数据行数：4263]
2025-11-10 16:30:03,059 [INFO] [开始读取数据库表：inventory_data]
2025-11-10 16:30:03,574 [INFO] [成功读取表 inventory_data，数据行数：5475]
2025-11-10 16:30:03,575 [INFO] [开始读取数据库表：tuiding_data]
2025-11-10 16:30:03,781 [INFO] [成功读取表 tuiding_data，数据行数：3998]
2025-11-10 16:30:03,781 [INFO] [开始读取数据库表：debit_data]
2025-11-10 16:30:05,670 [INFO] [成功读取表 debit_data，数据行数：24042]
2025-11-10 16:30:06,045 [INFO] [开始读取数据库表：sales_invoice_data]
2025-11-10 16:30:07,245 [INFO] [成功读取表 sales_invoice_data，数据行数：17702]
2025-11-10 16:59:25,556 [INFO] [数据库引擎创建成功]
2025-11-10 16:59:25,556 [INFO] [开始读取数据库表：order_data]
2025-11-10 16:59:25,954 [INFO] [成功读取表 order_data，数据行数：23026]
2025-11-10 16:59:26,069 [INFO] [开始读取数据库表：sales_data]
2025-11-10 16:59:28,714 [INFO] [成功读取表 sales_data，数据行数：24616]
2025-11-10 16:59:30,356 [INFO] [开始读取数据库表：jingpin_data]
2025-11-10 16:59:30,620 [INFO] [成功读取表 jingpin_data，数据行数：4263]
2025-11-10 16:59:30,693 [INFO] [开始读取数据库表：inventory_data]
2025-11-10 16:59:31,213 [INFO] [成功读取表 inventory_data，数据行数：5469]
2025-11-10 16:59:31,213 [INFO] [开始读取数据库表：tuiding_data]
2025-11-10 16:59:31,412 [INFO] [成功读取表 tuiding_data，数据行数：3998]
2025-11-10 16:59:31,413 [INFO] [开始读取数据库表：debit_data]
2025-11-10 16:59:33,285 [INFO] [成功读取表 debit_data，数据行数：24042]
2025-11-10 16:59:33,660 [INFO] [开始读取数据库表：sales_invoice_data]
2025-11-10 16:59:34,884 [INFO] [成功读取表 sales_invoice_data，数据行数：17709]
2025-11-10 17:29:38,903 [INFO] [数据库引擎创建成功]
2025-11-10 17:29:38,903 [INFO] [开始读取数据库表：order_data]
2025-11-10 17:29:39,339 [INFO] [成功读取表 order_data，数据行数：23033]
2025-11-10 17:29:39,457 [INFO] [开始读取数据库表：sales_data]
2025-11-10 17:29:42,157 [INFO] [成功读取表 sales_data，数据行数：24623]
2025-11-10 17:29:44,071 [INFO] [开始读取数据库表：jingpin_data]
2025-11-10 17:29:44,316 [INFO] [成功读取表 jingpin_data，数据行数：4264]
2025-11-10 17:29:44,386 [INFO] [开始读取数据库表：inventory_data]
2025-11-10 17:29:44,891 [INFO] [成功读取表 inventory_data，数据行数：5464]
2025-11-10 17:29:44,891 [INFO] [开始读取数据库表：tuiding_data]
2025-11-10 17:29:45,096 [INFO] [成功读取表 tuiding_data，数据行数：3999]
2025-11-10 17:29:45,097 [INFO] [开始读取数据库表：debit_data]
2025-11-10 17:29:47,007 [INFO] [成功读取表 debit_data，数据行数：24042]
2025-11-10 17:29:47,389 [INFO] [开始读取数据库表：sales_invoice_data]
2025-11-10 17:29:48,573 [INFO] [成功读取表 sales_invoice_data，数据行数：17716]
2025-11-10 17:59:37,772 [INFO] [数据库引擎创建成功]
2025-11-10 17:59:37,772 [INFO] [开始读取数据库表：order_data]
2025-11-10 17:59:38,201 [INFO] [成功读取表 order_data，数据行数：23033]
2025-11-10 17:59:38,316 [INFO] [开始读取数据库表：sales_data]
2025-11-10 17:59:41,076 [INFO] [成功读取表 sales_data，数据行数：24637]
2025-11-10 17:59:43,018 [INFO] [开始读取数据库表：jingpin_data]
2025-11-10 17:59:43,277 [INFO] [成功读取表 jingpin_data，数据行数：4276]
2025-11-10 17:59:43,355 [INFO] [开始读取数据库表：inventory_data]
2025-11-10 17:59:43,864 [INFO] [成功读取表 inventory_data，数据行数：5454]
2025-11-10 17:59:43,864 [INFO] [开始读取数据库表：tuiding_data]
2025-11-10 17:59:44,077 [INFO] [成功读取表 tuiding_data，数据行数：4002]
2025-11-10 17:59:44,077 [INFO] [开始读取数据库表：debit_data]
2025-11-10 17:59:45,443 [INFO] [成功读取表 debit_data，数据行数：24042]
2025-11-10 17:59:45,762 [INFO] [开始读取数据库表：sales_invoice_data]
2025-11-10 17:59:47,018 [INFO] [成功读取表 sales_invoice_data，数据行数：17725]
2025-11-10 18:29:01,895 [INFO] [数据库引擎创建成功]
2025-11-10 18:29:01,896 [INFO] [开始读取数据库表：order_data]
2025-11-10 18:29:02,291 [INFO] [成功读取表 order_data，数据行数：23038]
2025-11-10 18:29:02,401 [INFO] [开始读取数据库表：sales_data]
2025-11-10 18:29:04,805 [INFO] [成功读取表 sales_data，数据行数：24644]
2025-11-10 18:29:06,769 [INFO] [开始读取数据库表：jingpin_data]
2025-11-10 18:29:07,051 [INFO] [成功读取表 jingpin_data，数据行数：4282]
2025-11-10 18:29:07,125 [INFO] [开始读取数据库表：inventory_data]
2025-11-10 18:29:07,657 [INFO] [成功读取表 inventory_data，数据行数：5453]
2025-11-10 18:29:07,657 [INFO] [开始读取数据库表：tuiding_data]
2025-11-10 18:29:07,875 [INFO] [成功读取表 tuiding_data，数据行数：4004]
2025-11-10 18:29:07,875 [INFO] [开始读取数据库表：debit_data]
2025-11-10 18:29:09,974 [INFO] [成功读取表 debit_data，数据行数：24042]
2025-11-10 18:29:10,350 [INFO] [开始读取数据库表：sales_invoice_data]
2025-11-10 18:29:11,605 [INFO] [成功读取表 sales_invoice_data，数据行数：17727]
2025-11-10 18:58:38,852 [INFO] [数据库引擎创建成功]
2025-11-10 18:58:38,852 [INFO] [开始读取数据库表：order_data]
2025-11-10 18:58:39,399 [INFO] [成功读取表 order_data，数据行数：23042]
2025-11-10 18:58:39,612 [INFO] [开始读取数据库表：sales_data]
2025-11-10 18:58:44,016 [INFO] [成功读取表 sales_data，数据行数：24649]
2025-11-10 18:58:45,822 [INFO] [开始读取数据库表：jingpin_data]
2025-11-10 18:58:46,064 [INFO] [成功读取表 jingpin_data，数据行数：4282]
2025-11-10 18:58:46,137 [INFO] [开始读取数据库表：inventory_data]
2025-11-10 18:58:46,566 [INFO] [成功读取表 inventory_data，数据行数：5448]
2025-11-10 18:58:46,567 [INFO] [开始读取数据库表：tuiding_data]
2025-11-10 18:58:46,759 [INFO] [成功读取表 tuiding_data，数据行数：4005]
2025-11-10 18:58:46,759 [INFO] [开始读取数据库表：debit_data]
2025-11-10 18:58:48,703 [INFO] [成功读取表 debit_data，数据行数：24042]
2025-11-10 18:58:49,029 [INFO] [开始读取数据库表：sales_invoice_data]
2025-11-10 18:58:50,200 [INFO] [成功读取表 sales_invoice_data，数据行数：17732]
2025-11-10 19:28:38,675 [INFO] [数据库引擎创建成功]
2025-11-10 19:28:38,675 [INFO] [开始读取数据库表：order_data]
2025-11-10 19:28:39,160 [INFO] [成功读取表 order_data，数据行数：23045]
2025-11-10 19:28:39,293 [INFO] [开始读取数据库表：sales_data]
2025-11-10 19:28:43,441 [INFO] [成功读取表 sales_data，数据行数：24649]
2025-11-10 19:28:45,192 [INFO] [开始读取数据库表：jingpin_data]
2025-11-10 19:28:45,428 [INFO] [成功读取表 jingpin_data，数据行数：4282]
2025-11-10 19:28:45,500 [INFO] [开始读取数据库表：inventory_data]
2025-11-10 19:28:46,018 [INFO] [成功读取表 inventory_data，数据行数：5448]
2025-11-10 19:28:46,018 [INFO] [开始读取数据库表：tuiding_data]
2025-11-10 19:28:46,209 [INFO] [成功读取表 tuiding_data，数据行数：4005]
2025-11-10 19:28:46,209 [INFO] [开始读取数据库表：debit_data]
2025-11-10 19:28:48,149 [INFO] [成功读取表 debit_data，数据行数：24042]
2025-11-10 19:28:48,496 [INFO] [开始读取数据库表：sales_invoice_data]
2025-11-10 19:28:49,635 [INFO] [成功读取表 sales_invoice_data，数据行数：17732]
2025-11-10 19:58:56,804 [INFO] [数据库引擎创建成功]
2025-11-10 19:58:56,804 [INFO] [开始读取数据库表：order_data]
2025-11-10 19:58:57,198 [INFO] [成功读取表 order_data，数据行数：23046]
2025-11-10 19:58:57,307 [INFO] [开始读取数据库表：sales_data]
2025-11-10 19:58:59,603 [INFO] [成功读取表 sales_data，数据行数：24652]
2025-11-10 19:59:01,680 [INFO] [开始读取数据库表：jingpin_data]
2025-11-10 19:59:01,943 [INFO] [成功读取表 jingpin_data，数据行数：4282]
2025-11-10 19:59:02,014 [INFO] [开始读取数据库表：inventory_data]
2025-11-10 19:59:02,547 [INFO] [成功读取表 inventory_data，数据行数：5445]
2025-11-10 19:59:02,547 [INFO] [开始读取数据库表：tuiding_data]
2025-11-10 19:59:02,746 [INFO] [成功读取表 tuiding_data，数据行数：4005]
2025-11-10 19:59:02,747 [INFO] [开始读取数据库表：debit_data]
2025-11-10 19:59:04,605 [INFO] [成功读取表 debit_data，数据行数：24042]
2025-11-10 19:59:05,010 [INFO] [开始读取数据库表：sales_invoice_data]
2025-11-10 19:59:06,274 [INFO] [成功读取表 sales_invoice_data，数据行数：17735]
2025-11-10 20:28:46,153 [INFO] [数据库引擎创建成功]
2025-11-10 20:28:46,153 [INFO] [开始读取数据库表：order_data]
2025-11-10 20:28:46,576 [INFO] [成功读取表 order_data，数据行数：23046]
2025-11-10 20:28:46,689 [INFO] [开始读取数据库表：sales_data]
2025-11-10 20:28:49,287 [INFO] [成功读取表 sales_data，数据行数：24652]
2025-11-10 20:28:51,301 [INFO] [开始读取数据库表：jingpin_data]
2025-11-10 20:28:51,568 [INFO] [成功读取表 jingpin_data，数据行数：4282]
2025-11-10 20:28:51,641 [INFO] [开始读取数据库表：inventory_data]
2025-11-10 20:28:52,152 [INFO] [成功读取表 inventory_data，数据行数：5445]
2025-11-10 20:28:52,153 [INFO] [开始读取数据库表：tuiding_data]
2025-11-10 20:28:52,387 [INFO] [成功读取表 tuiding_data，数据行数：4005]
2025-11-10 20:28:52,388 [INFO] [开始读取数据库表：debit_data]
2025-11-10 20:28:54,393 [INFO] [成功读取表 debit_data，数据行数：24042]
2025-11-10 20:28:54,786 [INFO] [开始读取数据库表：sales_invoice_data]
2025-11-10 20:28:56,071 [INFO] [成功读取表 sales_invoice_data，数据行数：17735]
2025-11-10 20:58:56,222 [INFO] [数据库引擎创建成功]
2025-11-10 20:58:56,222 [INFO] [开始读取数据库表：order_data]
2025-11-10 20:58:56,617 [INFO] [成功读取表 order_data，数据行数：23044]
2025-11-10 20:58:56,724 [INFO] [开始读取数据库表：sales_data]
2025-11-10 20:58:59,025 [INFO] [成功读取表 sales_data，数据行数：24652]
2025-11-10 20:59:01,035 [INFO] [开始读取数据库表：jingpin_data]
2025-11-10 20:59:01,319 [INFO] [成功读取表 jingpin_data，数据行数：4282]
2025-11-10 20:59:01,394 [INFO] [开始读取数据库表：inventory_data]
2025-11-10 20:59:01,950 [INFO] [成功读取表 inventory_data，数据行数：5445]
2025-11-10 20:59:01,951 [INFO] [开始读取数据库表：tuiding_data]
2025-11-10 20:59:02,173 [INFO] [成功读取表 tuiding_data，数据行数：4007]
2025-11-10 20:59:02,173 [INFO] [开始读取数据库表：debit_data]
2025-11-10 20:59:04,210 [INFO] [成功读取表 debit_data，数据行数：24042]
2025-11-10 20:59:04,607 [INFO] [开始读取数据库表：sales_invoice_data]
2025-11-10 20:59:05,875 [INFO] [成功读取表 sales_invoice_data，数据行数：17735]
2025-11-10 21:29:14,147 [INFO] [数据库引擎创建成功]
2025-11-10 21:29:14,147 [INFO] [开始读取数据库表：order_data]
2025-11-10 21:29:14,589 [INFO] [成功读取表 order_data，数据行数：23045]
2025-11-10 21:29:14,701 [INFO] [开始读取数据库表：sales_data]
2025-11-10 21:29:17,616 [INFO] [成功读取表 sales_data，数据行数：24652]
2025-11-10 21:29:19,609 [INFO] [开始读取数据库表：jingpin_data]
2025-11-10 21:29:19,853 [INFO] [成功读取表 jingpin_data，数据行数：4282]
2025-11-10 21:29:19,929 [INFO] [开始读取数据库表：inventory_data]
2025-11-10 21:29:20,499 [INFO] [成功读取表 inventory_data，数据行数：5619]
2025-11-10 21:29:20,499 [INFO] [开始读取数据库表：tuiding_data]
2025-11-10 21:29:20,712 [INFO] [成功读取表 tuiding_data，数据行数：4007]
2025-11-10 21:29:20,712 [INFO] [开始读取数据库表：debit_data]
2025-11-10 21:29:22,731 [INFO] [成功读取表 debit_data，数据行数：24216]
2025-11-10 21:29:23,109 [INFO] [开始读取数据库表：sales_invoice_data]
2025-11-10 21:29:24,379 [INFO] [成功读取表 sales_invoice_data，数据行数：17735]
2025-11-10 21:58:40,067 [INFO] [数据库引擎创建成功]
2025-11-10 21:58:40,067 [INFO] [开始读取数据库表：order_data]
2025-11-10 21:58:40,488 [INFO] [成功读取表 order_data，数据行数：23046]
2025-11-10 21:58:40,602 [INFO] [开始读取数据库表：sales_data]
2025-11-10 21:58:43,225 [INFO] [成功读取表 sales_data，数据行数：24652]
2025-11-10 21:58:45,217 [INFO] [开始读取数据库表：jingpin_data]
2025-11-10 21:58:45,492 [INFO] [成功读取表 jingpin_data，数据行数：4282]
2025-11-10 21:58:45,566 [INFO] [开始读取数据库表：inventory_data]
2025-11-10 21:58:46,137 [INFO] [成功读取表 inventory_data，数据行数：5653]
2025-11-10 21:58:46,137 [INFO] [开始读取数据库表：tuiding_data]
2025-11-10 21:58:46,352 [INFO] [成功读取表 tuiding_data，数据行数：4007]
2025-11-10 21:58:46,352 [INFO] [开始读取数据库表：debit_data]
2025-11-10 21:58:48,359 [INFO] [成功读取表 debit_data，数据行数：24281]
2025-11-10 21:58:48,748 [INFO] [开始读取数据库表：sales_invoice_data]
2025-11-10 21:58:49,956 [INFO] [成功读取表 sales_invoice_data，数据行数：17735]
2025-11-10 22:28:56,431 [INFO] [数据库引擎创建成功]
2025-11-10 22:28:56,432 [INFO] [开始读取数据库表：order_data]
2025-11-10 22:28:56,834 [INFO] [成功读取表 order_data，数据行数：23046]
2025-11-10 22:28:56,950 [INFO] [开始读取数据库表：sales_data]
2025-11-10 22:28:59,849 [INFO] [成功读取表 sales_data，数据行数：24652]
2025-11-10 22:29:01,843 [INFO] [开始读取数据库表：jingpin_data]
2025-11-10 22:29:02,113 [INFO] [成功读取表 jingpin_data，数据行数：4282]
2025-11-10 22:29:02,185 [INFO] [开始读取数据库表：inventory_data]
2025-11-10 22:29:02,718 [INFO] [成功读取表 inventory_data，数据行数：5653]
2025-11-10 22:29:02,718 [INFO] [开始读取数据库表：tuiding_data]
2025-11-10 22:29:02,938 [INFO] [成功读取表 tuiding_data，数据行数：4007]
2025-11-10 22:29:02,938 [INFO] [开始读取数据库表：debit_data]
2025-11-10 22:29:04,986 [INFO] [成功读取表 debit_data，数据行数：24281]
2025-11-10 22:29:05,378 [INFO] [开始读取数据库表：sales_invoice_data]
2025-11-10 22:29:06,623 [INFO] [成功读取表 sales_invoice_data，数据行数：17735]
2025-11-10 22:58:42,385 [INFO] [数据库引擎创建成功]
2025-11-10 22:58:42,385 [INFO] [开始读取数据库表：order_data]
2025-11-10 22:58:42,807 [INFO] [成功读取表 order_data，数据行数：23046]
2025-11-10 22:58:42,917 [INFO] [开始读取数据库表：sales_data]
2025-11-10 22:58:45,415 [INFO] [成功读取表 sales_data，数据行数：24652]
2025-11-10 22:58:47,400 [INFO] [开始读取数据库表：jingpin_data]
2025-11-10 22:58:47,658 [INFO] [成功读取表 jingpin_data，数据行数：4282]
2025-11-10 22:58:47,738 [INFO] [开始读取数据库表：inventory_data]
2025-11-10 22:58:48,308 [INFO] [成功读取表 inventory_data，数据行数：5653]
2025-11-10 22:58:48,308 [INFO] [开始读取数据库表：tuiding_data]
2025-11-10 22:58:48,536 [INFO] [成功读取表 tuiding_data，数据行数：4007]
2025-11-10 22:58:48,536 [INFO] [开始读取数据库表：debit_data]
2025-11-10 22:58:50,540 [INFO] [成功读取表 debit_data，数据行数：24281]
2025-11-10 22:58:50,926 [INFO] [开始读取数据库表：sales_invoice_data]
2025-11-10 22:58:52,231 [INFO] [成功读取表 sales_invoice_data，数据行数：17735]
2025-11-10 23:28:38,994 [INFO] [数据库引擎创建成功]
2025-11-10 23:28:38,995 [INFO] [开始读取数据库表：order_data]
2025-11-10 23:28:39,400 [INFO] [成功读取表 order_data，数据行数：23046]
2025-11-10 23:28:39,512 [INFO] [开始读取数据库表：sales_data]
2025-11-10 23:28:42,073 [INFO] [成功读取表 sales_data，数据行数：24652]
2025-11-10 23:28:44,053 [INFO] [开始读取数据库表：jingpin_data]
2025-11-10 23:28:44,318 [INFO] [成功读取表 jingpin_data，数据行数：4282]
2025-11-10 23:28:44,396 [INFO] [开始读取数据库表：inventory_data]
2025-11-10 23:28:44,962 [INFO] [成功读取表 inventory_data，数据行数：5653]
2025-11-10 23:28:44,962 [INFO] [开始读取数据库表：tuiding_data]
2025-11-10 23:28:45,181 [INFO] [成功读取表 tuiding_data，数据行数：4007]
2025-11-10 23:28:45,181 [INFO] [开始读取数据库表：debit_data]
2025-11-10 23:28:47,269 [INFO] [成功读取表 debit_data，数据行数：24281]
2025-11-10 23:28:47,659 [INFO] [开始读取数据库表：sales_invoice_data]
2025-11-10 23:28:48,909 [INFO] [成功读取表 sales_invoice_data，数据行数：17735]
2025-11-10 23:58:59,531 [INFO] [数据库引擎创建成功]
2025-11-10 23:58:59,531 [INFO] [开始读取数据库表：order_data]
2025-11-10 23:58:59,940 [INFO] [成功读取表 order_data，数据行数：23046]
2025-11-10 23:59:00,058 [INFO] [开始读取数据库表：sales_data]
2025-11-10 23:59:02,276 [INFO] [成功读取表 sales_data，数据行数：24652]
2025-11-10 23:59:04,265 [INFO] [开始读取数据库表：jingpin_data]
2025-11-10 23:59:04,537 [INFO] [成功读取表 jingpin_data，数据行数：4282]
2025-11-10 23:59:04,609 [INFO] [开始读取数据库表：inventory_data]
2025-11-10 23:59:05,194 [INFO] [成功读取表 inventory_data，数据行数：5653]
2025-11-10 23:59:05,195 [INFO] [开始读取数据库表：tuiding_data]
2025-11-10 23:59:05,412 [INFO] [成功读取表 tuiding_data，数据行数：4007]
2025-11-10 23:59:05,413 [INFO] [开始读取数据库表：debit_data]
2025-11-10 23:59:07,481 [INFO] [成功读取表 debit_data，数据行数：24281]
2025-11-10 23:59:07,871 [INFO] [开始读取数据库表：sales_invoice_data]
2025-11-10 23:59:09,193 [INFO] [成功读取表 sales_invoice_data，数据行数：17735]
