2025-10-14 00:27:34,888 [INFO] [数据库引擎创建成功]
2025-10-14 00:27:34,888 [INFO] [开始读取数据库表：order_data]
2025-10-14 00:27:35,296 [INFO] [成功读取表 order_data，数据行数：17771]
2025-10-14 00:27:35,476 [INFO] [开始读取数据库表：sales_data]
2025-10-14 00:27:37,652 [INFO] [成功读取表 sales_data，数据行数：21547]
2025-10-14 00:27:38,640 [INFO] [开始读取数据库表：jingpin_data]
2025-10-14 00:27:38,741 [INFO] [成功读取表 jingpin_data，数据行数：4205]
2025-10-14 00:27:38,770 [INFO] [开始读取数据库表：inventory_data]
2025-10-14 00:27:38,933 [INFO] [成功读取表 inventory_data，数据行数：4641]
2025-10-14 00:27:38,933 [INFO] [开始读取数据库表：tuiding_data]
2025-10-14 00:27:39,007 [INFO] [成功读取表 tuiding_data，数据行数：3097]
2025-10-14 00:27:39,007 [INFO] [开始读取数据库表：debit_data]
2025-10-14 00:27:39,408 [INFO] [成功读取表 debit_data，数据行数：13280]
2025-10-14 00:27:39,596 [INFO] [开始读取数据库表：sales_invoice_data]
2025-10-14 00:27:39,966 [INFO] [成功读取表 sales_invoice_data，数据行数：15369]
2025-10-14 00:57:59,665 [INFO] [数据库引擎创建成功]
2025-10-14 00:57:59,665 [INFO] [开始读取数据库表：order_data]
2025-10-14 00:58:00,071 [INFO] [成功读取表 order_data，数据行数：17771]
2025-10-14 00:58:00,236 [INFO] [开始读取数据库表：sales_data]
2025-10-14 00:58:02,387 [INFO] [成功读取表 sales_data，数据行数：21547]
2025-10-14 00:58:03,418 [INFO] [开始读取数据库表：jingpin_data]
2025-10-14 00:58:03,503 [INFO] [成功读取表 jingpin_data，数据行数：4205]
2025-10-14 00:58:03,538 [INFO] [开始读取数据库表：inventory_data]
2025-10-14 00:58:03,717 [INFO] [成功读取表 inventory_data，数据行数：4641]
2025-10-14 00:58:03,717 [INFO] [开始读取数据库表：tuiding_data]
2025-10-14 00:58:03,797 [INFO] [成功读取表 tuiding_data，数据行数：3097]
2025-10-14 00:58:03,797 [INFO] [开始读取数据库表：debit_data]
2025-10-14 00:58:04,288 [INFO] [成功读取表 debit_data，数据行数：13280]
2025-10-14 00:58:04,481 [INFO] [开始读取数据库表：sales_invoice_data]
2025-10-14 00:58:04,930 [INFO] [成功读取表 sales_invoice_data，数据行数：15369]
2025-10-14 01:27:44,543 [INFO] [数据库引擎创建成功]
2025-10-14 01:27:44,543 [INFO] [开始读取数据库表：order_data]
2025-10-14 01:27:44,947 [INFO] [成功读取表 order_data，数据行数：17771]
2025-10-14 01:27:45,127 [INFO] [开始读取数据库表：sales_data]
2025-10-14 01:27:47,341 [INFO] [成功读取表 sales_data，数据行数：21547]
2025-10-14 01:27:48,394 [INFO] [开始读取数据库表：jingpin_data]
2025-10-14 01:27:48,491 [INFO] [成功读取表 jingpin_data，数据行数：4205]
2025-10-14 01:27:48,522 [INFO] [开始读取数据库表：inventory_data]
2025-10-14 01:27:48,691 [INFO] [成功读取表 inventory_data，数据行数：4641]
2025-10-14 01:27:48,691 [INFO] [开始读取数据库表：tuiding_data]
2025-10-14 01:27:48,746 [INFO] [成功读取表 tuiding_data，数据行数：3097]
2025-10-14 01:27:48,747 [INFO] [开始读取数据库表：debit_data]
2025-10-14 01:27:49,190 [INFO] [成功读取表 debit_data，数据行数：13280]
2025-10-14 01:27:49,428 [INFO] [开始读取数据库表：sales_invoice_data]
2025-10-14 01:27:49,906 [INFO] [成功读取表 sales_invoice_data，数据行数：15369]
2025-10-14 01:57:46,796 [INFO] [数据库引擎创建成功]
2025-10-14 01:57:46,796 [INFO] [开始读取数据库表：order_data]
2025-10-14 01:57:47,130 [INFO] [成功读取表 order_data，数据行数：17771]
2025-10-14 01:57:47,282 [INFO] [开始读取数据库表：sales_data]
2025-10-14 01:57:49,131 [INFO] [成功读取表 sales_data，数据行数：21547]
2025-10-14 01:57:50,142 [INFO] [开始读取数据库表：jingpin_data]
2025-10-14 01:57:50,222 [INFO] [成功读取表 jingpin_data，数据行数：4205]
2025-10-14 01:57:50,255 [INFO] [开始读取数据库表：inventory_data]
2025-10-14 01:57:50,433 [INFO] [成功读取表 inventory_data，数据行数：4641]
2025-10-14 01:57:50,433 [INFO] [开始读取数据库表：tuiding_data]
2025-10-14 01:57:50,494 [INFO] [成功读取表 tuiding_data，数据行数：3097]
2025-10-14 01:57:50,494 [INFO] [开始读取数据库表：debit_data]
2025-10-14 01:57:50,948 [INFO] [成功读取表 debit_data，数据行数：13280]
2025-10-14 01:57:51,129 [INFO] [开始读取数据库表：sales_invoice_data]
2025-10-14 01:57:51,559 [INFO] [成功读取表 sales_invoice_data，数据行数：15369]
2025-10-14 02:27:31,115 [INFO] [数据库引擎创建成功]
2025-10-14 02:27:31,116 [INFO] [开始读取数据库表：order_data]
2025-10-14 02:27:31,644 [INFO] [成功读取表 order_data，数据行数：17771]
2025-10-14 02:27:31,872 [INFO] [开始读取数据库表：sales_data]
2025-10-14 02:27:34,781 [INFO] [成功读取表 sales_data，数据行数：21547]
2025-10-14 02:27:35,759 [INFO] [开始读取数据库表：jingpin_data]
2025-10-14 02:27:35,833 [INFO] [成功读取表 jingpin_data，数据行数：4205]
2025-10-14 02:27:35,863 [INFO] [开始读取数据库表：inventory_data]
2025-10-14 02:27:36,032 [INFO] [成功读取表 inventory_data，数据行数：4641]
2025-10-14 02:27:36,032 [INFO] [开始读取数据库表：tuiding_data]
2025-10-14 02:27:36,089 [INFO] [成功读取表 tuiding_data，数据行数：3097]
2025-10-14 02:27:36,089 [INFO] [开始读取数据库表：debit_data]
2025-10-14 02:27:36,516 [INFO] [成功读取表 debit_data，数据行数：13280]
2025-10-14 02:27:36,699 [INFO] [开始读取数据库表：sales_invoice_data]
2025-10-14 02:27:37,177 [INFO] [成功读取表 sales_invoice_data，数据行数：15369]
2025-10-14 02:57:41,280 [INFO] [数据库引擎创建成功]
2025-10-14 02:57:41,280 [INFO] [开始读取数据库表：order_data]
2025-10-14 02:57:41,729 [INFO] [成功读取表 order_data，数据行数：17771]
2025-10-14 02:57:41,877 [INFO] [开始读取数据库表：sales_data]
2025-10-14 02:57:43,951 [INFO] [成功读取表 sales_data，数据行数：21547]
2025-10-14 02:57:44,891 [INFO] [开始读取数据库表：jingpin_data]
2025-10-14 02:57:44,953 [INFO] [成功读取表 jingpin_data，数据行数：4205]
2025-10-14 02:57:44,979 [INFO] [开始读取数据库表：inventory_data]
2025-10-14 02:57:45,136 [INFO] [成功读取表 inventory_data，数据行数：4641]
2025-10-14 02:57:45,137 [INFO] [开始读取数据库表：tuiding_data]
2025-10-14 02:57:45,203 [INFO] [成功读取表 tuiding_data，数据行数：3097]
2025-10-14 02:57:45,203 [INFO] [开始读取数据库表：debit_data]
2025-10-14 02:57:45,608 [INFO] [成功读取表 debit_data，数据行数：13280]
2025-10-14 02:57:45,799 [INFO] [开始读取数据库表：sales_invoice_data]
2025-10-14 02:57:46,121 [INFO] [成功读取表 sales_invoice_data，数据行数：15369]
2025-10-14 03:27:48,097 [INFO] [数据库引擎创建成功]
2025-10-14 03:27:48,097 [INFO] [开始读取数据库表：order_data]
2025-10-14 03:27:48,477 [INFO] [成功读取表 order_data，数据行数：17771]
2025-10-14 03:27:48,614 [INFO] [开始读取数据库表：sales_data]
2025-10-14 03:27:50,518 [INFO] [成功读取表 sales_data，数据行数：21547]
2025-10-14 03:27:51,348 [INFO] [开始读取数据库表：jingpin_data]
2025-10-14 03:27:51,411 [INFO] [成功读取表 jingpin_data，数据行数：4205]
2025-10-14 03:27:51,436 [INFO] [开始读取数据库表：inventory_data]
2025-10-14 03:27:51,573 [INFO] [成功读取表 inventory_data，数据行数：4641]
2025-10-14 03:27:51,573 [INFO] [开始读取数据库表：tuiding_data]
2025-10-14 03:27:51,622 [INFO] [成功读取表 tuiding_data，数据行数：3097]
2025-10-14 03:27:51,622 [INFO] [开始读取数据库表：debit_data]
2025-10-14 03:27:51,961 [INFO] [成功读取表 debit_data，数据行数：13280]
2025-10-14 03:27:52,133 [INFO] [开始读取数据库表：sales_invoice_data]
2025-10-14 03:27:52,491 [INFO] [成功读取表 sales_invoice_data，数据行数：15369]
2025-10-14 03:57:47,145 [INFO] [数据库引擎创建成功]
2025-10-14 03:57:47,145 [INFO] [开始读取数据库表：order_data]
2025-10-14 03:57:47,583 [INFO] [成功读取表 order_data，数据行数：17771]
2025-10-14 03:57:47,826 [INFO] [开始读取数据库表：sales_data]
2025-10-14 03:57:50,063 [INFO] [成功读取表 sales_data，数据行数：21547]
2025-10-14 03:57:51,045 [INFO] [开始读取数据库表：jingpin_data]
2025-10-14 03:57:51,140 [INFO] [成功读取表 jingpin_data，数据行数：4205]
2025-10-14 03:57:51,172 [INFO] [开始读取数据库表：inventory_data]
2025-10-14 03:57:51,358 [INFO] [成功读取表 inventory_data，数据行数：4641]
2025-10-14 03:57:51,359 [INFO] [开始读取数据库表：tuiding_data]
2025-10-14 03:57:51,425 [INFO] [成功读取表 tuiding_data，数据行数：3097]
2025-10-14 03:57:51,425 [INFO] [开始读取数据库表：debit_data]
2025-10-14 03:57:51,793 [INFO] [成功读取表 debit_data，数据行数：13280]
2025-10-14 03:57:52,009 [INFO] [开始读取数据库表：sales_invoice_data]
2025-10-14 03:57:52,385 [INFO] [成功读取表 sales_invoice_data，数据行数：15369]
2025-10-14 04:27:35,946 [INFO] [数据库引擎创建成功]
2025-10-14 04:27:35,946 [INFO] [开始读取数据库表：order_data]
2025-10-14 04:27:36,363 [INFO] [成功读取表 order_data，数据行数：17771]
2025-10-14 04:27:36,547 [INFO] [开始读取数据库表：sales_data]
2025-10-14 04:27:38,636 [INFO] [成功读取表 sales_data，数据行数：21547]
2025-10-14 04:27:39,580 [INFO] [开始读取数据库表：jingpin_data]
2025-10-14 04:27:39,655 [INFO] [成功读取表 jingpin_data，数据行数：4205]
2025-10-14 04:27:39,682 [INFO] [开始读取数据库表：inventory_data]
2025-10-14 04:27:39,836 [INFO] [成功读取表 inventory_data，数据行数：4641]
2025-10-14 04:27:39,837 [INFO] [开始读取数据库表：tuiding_data]
2025-10-14 04:27:39,894 [INFO] [成功读取表 tuiding_data，数据行数：3097]
2025-10-14 04:27:39,894 [INFO] [开始读取数据库表：debit_data]
2025-10-14 04:27:40,337 [INFO] [成功读取表 debit_data，数据行数：13280]
2025-10-14 04:27:40,527 [INFO] [开始读取数据库表：sales_invoice_data]
2025-10-14 04:27:40,946 [INFO] [成功读取表 sales_invoice_data，数据行数：15369]
2025-10-14 04:57:38,266 [INFO] [数据库引擎创建成功]
2025-10-14 04:57:38,266 [INFO] [开始读取数据库表：order_data]
2025-10-14 04:57:38,665 [INFO] [成功读取表 order_data，数据行数：17771]
2025-10-14 04:57:38,836 [INFO] [开始读取数据库表：sales_data]
2025-10-14 04:57:40,827 [INFO] [成功读取表 sales_data，数据行数：21547]
2025-10-14 04:57:41,805 [INFO] [开始读取数据库表：jingpin_data]
2025-10-14 04:57:41,900 [INFO] [成功读取表 jingpin_data，数据行数：4205]
2025-10-14 04:57:41,932 [INFO] [开始读取数据库表：inventory_data]
2025-10-14 04:57:42,109 [INFO] [成功读取表 inventory_data，数据行数：4641]
2025-10-14 04:57:42,109 [INFO] [开始读取数据库表：tuiding_data]
2025-10-14 04:57:42,168 [INFO] [成功读取表 tuiding_data，数据行数：3097]
2025-10-14 04:57:42,168 [INFO] [开始读取数据库表：debit_data]
2025-10-14 04:57:42,614 [INFO] [成功读取表 debit_data，数据行数：13280]
2025-10-14 04:57:42,822 [INFO] [开始读取数据库表：sales_invoice_data]
2025-10-14 04:57:43,264 [INFO] [成功读取表 sales_invoice_data，数据行数：15369]
2025-10-14 05:27:34,202 [INFO] [数据库引擎创建成功]
2025-10-14 05:27:34,203 [INFO] [开始读取数据库表：order_data]
2025-10-14 05:27:34,628 [INFO] [成功读取表 order_data，数据行数：17771]
2025-10-14 05:27:34,811 [INFO] [开始读取数据库表：sales_data]
2025-10-14 05:27:36,917 [INFO] [成功读取表 sales_data，数据行数：21547]
2025-10-14 05:27:37,945 [INFO] [开始读取数据库表：jingpin_data]
2025-10-14 05:27:38,014 [INFO] [成功读取表 jingpin_data，数据行数：4205]
2025-10-14 05:27:38,046 [INFO] [开始读取数据库表：inventory_data]
2025-10-14 05:27:38,205 [INFO] [成功读取表 inventory_data，数据行数：4641]
2025-10-14 05:27:38,205 [INFO] [开始读取数据库表：tuiding_data]
2025-10-14 05:27:38,278 [INFO] [成功读取表 tuiding_data，数据行数：3097]
2025-10-14 05:27:38,278 [INFO] [开始读取数据库表：debit_data]
2025-10-14 05:27:38,688 [INFO] [成功读取表 debit_data，数据行数：13280]
2025-10-14 05:27:38,864 [INFO] [开始读取数据库表：sales_invoice_data]
2025-10-14 05:27:39,187 [INFO] [成功读取表 sales_invoice_data，数据行数：15369]
2025-10-14 05:57:33,255 [INFO] [数据库引擎创建成功]
2025-10-14 05:57:33,255 [INFO] [开始读取数据库表：order_data]
2025-10-14 05:57:33,661 [INFO] [成功读取表 order_data，数据行数：17771]
2025-10-14 05:57:33,846 [INFO] [开始读取数据库表：sales_data]
2025-10-14 05:57:35,971 [INFO] [成功读取表 sales_data，数据行数：21547]
2025-10-14 05:57:36,969 [INFO] [开始读取数据库表：jingpin_data]
2025-10-14 05:57:37,095 [INFO] [成功读取表 jingpin_data，数据行数：4205]
2025-10-14 05:57:37,122 [INFO] [开始读取数据库表：inventory_data]
2025-10-14 05:57:37,304 [INFO] [成功读取表 inventory_data，数据行数：4641]
2025-10-14 05:57:37,304 [INFO] [开始读取数据库表：tuiding_data]
2025-10-14 05:57:37,372 [INFO] [成功读取表 tuiding_data，数据行数：3097]
2025-10-14 05:57:37,373 [INFO] [开始读取数据库表：debit_data]
2025-10-14 05:57:37,775 [INFO] [成功读取表 debit_data，数据行数：13280]
2025-10-14 05:57:37,957 [INFO] [开始读取数据库表：sales_invoice_data]
2025-10-14 05:57:38,424 [INFO] [成功读取表 sales_invoice_data，数据行数：15369]
2025-10-14 06:27:34,902 [INFO] [数据库引擎创建成功]
2025-10-14 06:27:34,902 [INFO] [开始读取数据库表：order_data]
2025-10-14 06:27:35,308 [INFO] [成功读取表 order_data，数据行数：17771]
2025-10-14 06:27:35,453 [INFO] [开始读取数据库表：sales_data]
2025-10-14 06:27:37,317 [INFO] [成功读取表 sales_data，数据行数：21547]
2025-10-14 06:27:38,129 [INFO] [开始读取数据库表：jingpin_data]
2025-10-14 06:27:38,188 [INFO] [成功读取表 jingpin_data，数据行数：4205]
2025-10-14 06:27:38,214 [INFO] [开始读取数据库表：inventory_data]
2025-10-14 06:27:38,347 [INFO] [成功读取表 inventory_data，数据行数：4641]
2025-10-14 06:27:38,347 [INFO] [开始读取数据库表：tuiding_data]
2025-10-14 06:27:38,395 [INFO] [成功读取表 tuiding_data，数据行数：3097]
2025-10-14 06:27:38,395 [INFO] [开始读取数据库表：debit_data]
2025-10-14 06:27:38,758 [INFO] [成功读取表 debit_data，数据行数：13280]
2025-10-14 06:27:38,920 [INFO] [开始读取数据库表：sales_invoice_data]
2025-10-14 06:27:39,254 [INFO] [成功读取表 sales_invoice_data，数据行数：15369]
2025-10-14 06:57:34,607 [INFO] [数据库引擎创建成功]
2025-10-14 06:57:34,607 [INFO] [开始读取数据库表：order_data]
2025-10-14 06:57:35,067 [INFO] [成功读取表 order_data，数据行数：17771]
2025-10-14 06:57:35,222 [INFO] [开始读取数据库表：sales_data]
2025-10-14 06:57:37,499 [INFO] [成功读取表 sales_data，数据行数：21547]
2025-10-14 06:57:38,470 [INFO] [开始读取数据库表：jingpin_data]
2025-10-14 06:57:38,568 [INFO] [成功读取表 jingpin_data，数据行数：4205]
2025-10-14 06:57:38,607 [INFO] [开始读取数据库表：inventory_data]
2025-10-14 06:57:38,756 [INFO] [成功读取表 inventory_data，数据行数：4641]
2025-10-14 06:57:38,756 [INFO] [开始读取数据库表：tuiding_data]
2025-10-14 06:57:38,820 [INFO] [成功读取表 tuiding_data，数据行数：3097]
2025-10-14 06:57:38,821 [INFO] [开始读取数据库表：debit_data]
2025-10-14 06:57:39,211 [INFO] [成功读取表 debit_data，数据行数：13280]
2025-10-14 06:57:39,406 [INFO] [开始读取数据库表：sales_invoice_data]
2025-10-14 06:57:39,778 [INFO] [成功读取表 sales_invoice_data，数据行数：15369]
2025-10-14 07:27:42,301 [INFO] [数据库引擎创建成功]
2025-10-14 07:27:42,302 [INFO] [开始读取数据库表：order_data]
2025-10-14 07:27:42,696 [INFO] [成功读取表 order_data，数据行数：17771]
2025-10-14 07:27:42,857 [INFO] [开始读取数据库表：sales_data]
2025-10-14 07:27:45,002 [INFO] [成功读取表 sales_data，数据行数：21547]
2025-10-14 07:27:45,985 [INFO] [开始读取数据库表：jingpin_data]
2025-10-14 07:27:46,053 [INFO] [成功读取表 jingpin_data，数据行数：4205]
2025-10-14 07:27:46,084 [INFO] [开始读取数据库表：inventory_data]
2025-10-14 07:27:46,238 [INFO] [成功读取表 inventory_data，数据行数：4641]
2025-10-14 07:27:46,238 [INFO] [开始读取数据库表：tuiding_data]
2025-10-14 07:27:46,309 [INFO] [成功读取表 tuiding_data，数据行数：3097]
2025-10-14 07:27:46,309 [INFO] [开始读取数据库表：debit_data]
2025-10-14 07:27:46,751 [INFO] [成功读取表 debit_data，数据行数：13280]
2025-10-14 07:27:46,949 [INFO] [开始读取数据库表：sales_invoice_data]
2025-10-14 07:27:47,379 [INFO] [成功读取表 sales_invoice_data，数据行数：15369]
2025-10-14 07:57:43,314 [INFO] [数据库引擎创建成功]
2025-10-14 07:57:43,314 [INFO] [开始读取数据库表：order_data]
2025-10-14 07:57:43,632 [INFO] [成功读取表 order_data，数据行数：17771]
2025-10-14 07:57:43,749 [INFO] [开始读取数据库表：sales_data]
2025-10-14 07:57:45,293 [INFO] [成功读取表 sales_data，数据行数：21547]
2025-10-14 07:57:46,016 [INFO] [开始读取数据库表：jingpin_data]
2025-10-14 07:57:46,070 [INFO] [成功读取表 jingpin_data，数据行数：4205]
2025-10-14 07:57:46,092 [INFO] [开始读取数据库表：inventory_data]
2025-10-14 07:57:46,203 [INFO] [成功读取表 inventory_data，数据行数：4641]
2025-10-14 07:57:46,203 [INFO] [开始读取数据库表：tuiding_data]
2025-10-14 07:57:46,242 [INFO] [成功读取表 tuiding_data，数据行数：3097]
2025-10-14 07:57:46,242 [INFO] [开始读取数据库表：debit_data]
2025-10-14 07:57:46,523 [INFO] [成功读取表 debit_data，数据行数：13280]
2025-10-14 07:57:46,658 [INFO] [开始读取数据库表：sales_invoice_data]
2025-10-14 07:57:46,921 [INFO] [成功读取表 sales_invoice_data，数据行数：15369]
2025-10-14 08:27:44,481 [INFO] [数据库引擎创建成功]
2025-10-14 08:27:44,481 [INFO] [开始读取数据库表：order_data]
2025-10-14 08:27:44,890 [INFO] [成功读取表 order_data，数据行数：17771]
2025-10-14 08:27:45,064 [INFO] [开始读取数据库表：sales_data]
2025-10-14 08:27:47,082 [INFO] [成功读取表 sales_data，数据行数：21547]
2025-10-14 08:27:47,995 [INFO] [开始读取数据库表：jingpin_data]
2025-10-14 08:27:48,076 [INFO] [成功读取表 jingpin_data，数据行数：4205]
2025-10-14 08:27:48,117 [INFO] [开始读取数据库表：inventory_data]
2025-10-14 08:27:48,316 [INFO] [成功读取表 inventory_data，数据行数：4641]
2025-10-14 08:27:48,316 [INFO] [开始读取数据库表：tuiding_data]
2025-10-14 08:27:48,412 [INFO] [成功读取表 tuiding_data，数据行数：3099]
2025-10-14 08:27:48,412 [INFO] [开始读取数据库表：debit_data]
2025-10-14 08:27:48,836 [INFO] [成功读取表 debit_data，数据行数：13280]
2025-10-14 08:27:49,027 [INFO] [开始读取数据库表：sales_invoice_data]
2025-10-14 08:27:49,449 [INFO] [成功读取表 sales_invoice_data，数据行数：15369]
2025-10-14 08:57:39,540 [INFO] [数据库引擎创建成功]
2025-10-14 08:57:39,540 [INFO] [开始读取数据库表：order_data]
2025-10-14 08:57:39,992 [INFO] [成功读取表 order_data，数据行数：17772]
2025-10-14 08:57:40,145 [INFO] [开始读取数据库表：sales_data]
2025-10-14 08:57:42,080 [INFO] [成功读取表 sales_data，数据行数：21548]
2025-10-14 08:57:42,951 [INFO] [开始读取数据库表：jingpin_data]
2025-10-14 08:57:43,017 [INFO] [成功读取表 jingpin_data，数据行数：4205]
2025-10-14 08:57:43,044 [INFO] [开始读取数据库表：inventory_data]
2025-10-14 08:57:43,193 [INFO] [成功读取表 inventory_data，数据行数：4641]
2025-10-14 08:57:43,193 [INFO] [开始读取数据库表：tuiding_data]
2025-10-14 08:57:43,244 [INFO] [成功读取表 tuiding_data，数据行数：3099]
2025-10-14 08:57:43,245 [INFO] [开始读取数据库表：debit_data]
2025-10-14 08:57:43,613 [INFO] [成功读取表 debit_data，数据行数：13280]
2025-10-14 08:57:43,793 [INFO] [开始读取数据库表：sales_invoice_data]
2025-10-14 08:57:44,136 [INFO] [成功读取表 sales_invoice_data，数据行数：15370]
2025-10-14 09:22:15,140 [INFO] [数据库引擎创建成功]
2025-10-14 09:22:15,140 [INFO] [开始读取数据库表：order_data]
2025-10-14 09:22:15,480 [INFO] [成功读取表 order_data，数据行数：17772]
2025-10-14 09:22:15,594 [INFO] [开始读取数据库表：sales_data]
2025-10-14 09:22:17,140 [INFO] [成功读取表 sales_data，数据行数：21548]
2025-10-14 09:22:17,880 [INFO] [开始读取数据库表：jingpin_data]
2025-10-14 09:22:17,933 [INFO] [成功读取表 jingpin_data，数据行数：4205]
2025-10-14 09:22:17,955 [INFO] [开始读取数据库表：inventory_data]
2025-10-14 09:22:18,065 [INFO] [成功读取表 inventory_data，数据行数：4641]
2025-10-14 09:22:18,066 [INFO] [开始读取数据库表：tuiding_data]
2025-10-14 09:22:18,111 [INFO] [成功读取表 tuiding_data，数据行数：3099]
2025-10-14 09:22:18,111 [INFO] [开始读取数据库表：debit_data]
2025-10-14 09:22:18,400 [INFO] [成功读取表 debit_data，数据行数：13280]
2025-10-14 09:22:18,527 [INFO] [开始读取数据库表：sales_invoice_data]
2025-10-14 09:22:18,805 [INFO] [成功读取表 sales_invoice_data，数据行数：15370]
2025-10-14 09:28:39,369 [INFO] [数据库引擎创建成功]
2025-10-14 09:28:39,369 [INFO] [开始读取数据库表：order_data]
2025-10-14 09:28:40,030 [INFO] [成功读取表 order_data，数据行数：17772]
2025-10-14 09:28:40,321 [INFO] [开始读取数据库表：sales_data]
2025-10-14 09:28:44,771 [INFO] [成功读取表 sales_data，数据行数：21548]
2025-10-14 09:28:46,614 [INFO] [开始读取数据库表：jingpin_data]
2025-10-14 09:28:46,822 [INFO] [成功读取表 jingpin_data，数据行数：4205]
2025-10-14 09:28:46,894 [INFO] [开始读取数据库表：inventory_data]
2025-10-14 09:28:47,288 [INFO] [成功读取表 inventory_data，数据行数：4654]
2025-10-14 09:28:47,289 [INFO] [开始读取数据库表：tuiding_data]
2025-10-14 09:28:47,418 [INFO] [成功读取表 tuiding_data，数据行数：3101]
2025-10-14 09:28:47,419 [INFO] [开始读取数据库表：debit_data]
2025-10-14 09:28:48,338 [INFO] [成功读取表 debit_data，数据行数：13280]
2025-10-14 09:28:48,715 [INFO] [开始读取数据库表：sales_invoice_data]
2025-10-14 09:28:49,663 [INFO] [成功读取表 sales_invoice_data，数据行数：15370]
2025-10-14 09:58:43,718 [INFO] [数据库引擎创建成功]
2025-10-14 09:58:43,719 [INFO] [开始读取数据库表：order_data]
2025-10-14 09:58:44,375 [INFO] [成功读取表 order_data，数据行数：17774]
2025-10-14 09:58:44,568 [INFO] [开始读取数据库表：sales_data]
2025-10-14 09:58:46,898 [INFO] [成功读取表 sales_data，数据行数：21549]
2025-10-14 09:58:47,907 [INFO] [开始读取数据库表：jingpin_data]
2025-10-14 09:58:47,984 [INFO] [成功读取表 jingpin_data，数据行数：4205]
2025-10-14 09:58:48,015 [INFO] [开始读取数据库表：inventory_data]
2025-10-14 09:58:48,176 [INFO] [成功读取表 inventory_data，数据行数：4654]
2025-10-14 09:58:48,176 [INFO] [开始读取数据库表：tuiding_data]
2025-10-14 09:58:48,231 [INFO] [成功读取表 tuiding_data，数据行数：3102]
2025-10-14 09:58:48,232 [INFO] [开始读取数据库表：debit_data]
2025-10-14 09:58:48,981 [INFO] [成功读取表 debit_data，数据行数：13280]
2025-10-14 09:58:49,321 [INFO] [开始读取数据库表：sales_invoice_data]
2025-10-14 09:58:50,182 [INFO] [成功读取表 sales_invoice_data，数据行数：15370]
2025-10-14 10:29:08,688 [INFO] [数据库引擎创建成功]
2025-10-14 10:29:08,689 [INFO] [开始读取数据库表：order_data]
2025-10-14 10:29:09,580 [INFO] [成功读取表 order_data，数据行数：17775]
2025-10-14 10:29:09,882 [INFO] [开始读取数据库表：sales_data]
2025-10-14 10:29:14,311 [INFO] [成功读取表 sales_data，数据行数：21551]
2025-10-14 10:29:17,058 [INFO] [开始读取数据库表：jingpin_data]
2025-10-14 10:29:17,350 [INFO] [成功读取表 jingpin_data，数据行数：4205]
2025-10-14 10:29:17,455 [INFO] [开始读取数据库表：inventory_data]
2025-10-14 10:29:17,918 [INFO] [成功读取表 inventory_data，数据行数：4654]
2025-10-14 10:29:17,919 [INFO] [开始读取数据库表：tuiding_data]
2025-10-14 10:29:18,089 [INFO] [成功读取表 tuiding_data，数据行数：3107]
2025-10-14 10:29:18,090 [INFO] [开始读取数据库表：debit_data]
2025-10-14 10:29:19,386 [INFO] [成功读取表 debit_data，数据行数：13280]
2025-10-14 10:29:19,702 [INFO] [开始读取数据库表：sales_invoice_data]
2025-10-14 10:29:20,473 [INFO] [成功读取表 sales_invoice_data，数据行数：15372]
2025-10-14 10:50:26,775 [INFO] [数据库引擎创建成功]
2025-10-14 10:50:26,775 [INFO] [开始读取数据库表：order_data]
2025-10-14 10:50:27,162 [INFO] [成功读取表 order_data，数据行数：17777]
2025-10-14 10:50:27,319 [INFO] [开始读取数据库表：sales_data]
2025-10-14 10:50:29,427 [INFO] [成功读取表 sales_data，数据行数：21554]
2025-10-14 10:50:30,285 [INFO] [开始读取数据库表：jingpin_data]
2025-10-14 10:50:30,351 [INFO] [成功读取表 jingpin_data，数据行数：4205]
2025-10-14 10:50:30,387 [INFO] [开始读取数据库表：inventory_data]
2025-10-14 10:50:30,521 [INFO] [成功读取表 inventory_data，数据行数：4654]
2025-10-14 10:50:30,521 [INFO] [开始读取数据库表：tuiding_data]
2025-10-14 10:50:30,569 [INFO] [成功读取表 tuiding_data，数据行数：3107]
2025-10-14 10:50:30,569 [INFO] [开始读取数据库表：debit_data]
2025-10-14 10:50:30,980 [INFO] [成功读取表 debit_data，数据行数：13280]
2025-10-14 10:50:31,194 [INFO] [开始读取数据库表：sales_invoice_data]
2025-10-14 10:50:31,586 [INFO] [成功读取表 sales_invoice_data，数据行数：15375]
2025-10-14 10:58:25,728 [INFO] [数据库引擎创建成功]
2025-10-14 10:58:25,728 [INFO] [开始读取数据库表：order_data]
2025-10-14 10:58:26,233 [INFO] [成功读取表 order_data，数据行数：17777]
2025-10-14 10:58:26,430 [INFO] [开始读取数据库表：sales_data]
2025-10-14 10:58:28,946 [INFO] [成功读取表 sales_data，数据行数：21555]
2025-10-14 10:58:30,181 [INFO] [开始读取数据库表：jingpin_data]
2025-10-14 10:58:30,276 [INFO] [成功读取表 jingpin_data，数据行数：4205]
2025-10-14 10:58:30,318 [INFO] [开始读取数据库表：inventory_data]
2025-10-14 10:58:30,565 [INFO] [成功读取表 inventory_data，数据行数：4655]
2025-10-14 10:58:30,565 [INFO] [开始读取数据库表：tuiding_data]
2025-10-14 10:58:30,643 [INFO] [成功读取表 tuiding_data，数据行数：3107]
2025-10-14 10:58:30,643 [INFO] [开始读取数据库表：debit_data]
2025-10-14 10:58:31,361 [INFO] [成功读取表 debit_data，数据行数：13280]
2025-10-14 10:58:31,617 [INFO] [开始读取数据库表：sales_invoice_data]
2025-10-14 10:58:32,372 [INFO] [成功读取表 sales_invoice_data，数据行数：15376]
2025-10-14 11:27:44,737 [INFO] [数据库引擎创建成功]
2025-10-14 11:27:44,738 [INFO] [开始读取数据库表：order_data]
2025-10-14 11:27:46,503 [INFO] [成功读取表 order_data，数据行数：17778]
2025-10-14 11:27:46,968 [INFO] [开始读取数据库表：sales_data]
2025-10-14 11:27:50,304 [INFO] [成功读取表 sales_data，数据行数：21565]
2025-10-14 11:27:51,144 [INFO] [开始读取数据库表：jingpin_data]
2025-10-14 11:27:51,212 [INFO] [成功读取表 jingpin_data，数据行数：4210]
2025-10-14 11:27:51,240 [INFO] [开始读取数据库表：inventory_data]
2025-10-14 11:27:51,396 [INFO] [成功读取表 inventory_data，数据行数：4656]
2025-10-14 11:27:51,396 [INFO] [开始读取数据库表：tuiding_data]
2025-10-14 11:27:51,450 [INFO] [成功读取表 tuiding_data，数据行数：3107]
2025-10-14 11:27:51,450 [INFO] [开始读取数据库表：debit_data]
2025-10-14 11:27:51,882 [INFO] [成功读取表 debit_data，数据行数：13280]
2025-10-14 11:27:52,068 [INFO] [开始读取数据库表：sales_invoice_data]
2025-10-14 11:27:52,471 [INFO] [成功读取表 sales_invoice_data，数据行数：15379]
2025-10-14 11:27:52,695 [INFO] [数据库引擎创建成功]
2025-10-14 11:27:52,696 [INFO] [开始读取数据库表：order_data]
2025-10-14 11:27:53,188 [INFO] [成功读取表 order_data，数据行数：17778]
2025-10-14 11:27:53,371 [INFO] [开始读取数据库表：sales_data]
2025-10-14 11:27:57,862 [INFO] [成功读取表 sales_data，数据行数：21565]
2025-10-14 11:27:59,394 [INFO] [开始读取数据库表：jingpin_data]
2025-10-14 11:27:59,566 [INFO] [成功读取表 jingpin_data，数据行数：4210]
2025-10-14 11:27:59,621 [INFO] [开始读取数据库表：inventory_data]
2025-10-14 11:27:59,961 [INFO] [成功读取表 inventory_data，数据行数：4656]
2025-10-14 11:27:59,962 [INFO] [开始读取数据库表：tuiding_data]
2025-10-14 11:28:00,095 [INFO] [成功读取表 tuiding_data，数据行数：3107]
2025-10-14 11:28:00,095 [INFO] [开始读取数据库表：debit_data]
2025-10-14 11:28:00,948 [INFO] [成功读取表 debit_data，数据行数：13280]
2025-10-14 11:28:01,289 [INFO] [开始读取数据库表：sales_invoice_data]
2025-10-14 11:28:02,047 [INFO] [成功读取表 sales_invoice_data，数据行数：15379]
2025-10-14 11:28:33,108 [INFO] [数据库引擎创建成功]
2025-10-14 11:28:33,108 [INFO] [开始读取数据库表：order_data]
2025-10-14 11:28:33,428 [INFO] [成功读取表 order_data，数据行数：17778]
2025-10-14 11:28:33,543 [INFO] [开始读取数据库表：sales_data]
2025-10-14 11:28:35,338 [INFO] [成功读取表 sales_data，数据行数：21565]
2025-10-14 11:28:36,187 [INFO] [开始读取数据库表：jingpin_data]
2025-10-14 11:28:36,251 [INFO] [成功读取表 jingpin_data，数据行数：4210]
2025-10-14 11:28:36,278 [INFO] [开始读取数据库表：inventory_data]
2025-10-14 11:28:36,416 [INFO] [成功读取表 inventory_data，数据行数：4656]
2025-10-14 11:28:36,417 [INFO] [开始读取数据库表：tuiding_data]
2025-10-14 11:28:36,474 [INFO] [成功读取表 tuiding_data，数据行数：3107]
2025-10-14 11:28:36,474 [INFO] [开始读取数据库表：debit_data]
2025-10-14 11:28:37,400 [INFO] [成功读取表 debit_data，数据行数：13280]
2025-10-14 11:28:38,200 [INFO] [开始读取数据库表：sales_invoice_data]
2025-10-14 11:28:39,548 [INFO] [成功读取表 sales_invoice_data，数据行数：15379]
2025-10-14 11:37:13,252 [INFO] [数据库引擎创建成功]
2025-10-14 11:37:13,252 [INFO] [开始读取数据库表：order_data]
2025-10-14 11:37:13,569 [INFO] [成功读取表 order_data，数据行数：17778]
2025-10-14 11:37:13,697 [INFO] [开始读取数据库表：sales_data]
2025-10-14 11:37:15,286 [INFO] [成功读取表 sales_data，数据行数：21565]
2025-10-14 11:37:16,028 [INFO] [开始读取数据库表：jingpin_data]
2025-10-14 11:37:16,082 [INFO] [成功读取表 jingpin_data，数据行数：4210]
2025-10-14 11:37:16,104 [INFO] [开始读取数据库表：inventory_data]
2025-10-14 11:37:16,218 [INFO] [成功读取表 inventory_data，数据行数：4656]
2025-10-14 11:37:16,218 [INFO] [开始读取数据库表：tuiding_data]
2025-10-14 11:37:16,258 [INFO] [成功读取表 tuiding_data，数据行数：3107]
2025-10-14 11:37:16,258 [INFO] [开始读取数据库表：debit_data]
2025-10-14 11:37:16,549 [INFO] [成功读取表 debit_data，数据行数：13280]
2025-10-14 11:37:16,679 [INFO] [开始读取数据库表：sales_invoice_data]
2025-10-14 11:37:16,960 [INFO] [成功读取表 sales_invoice_data，数据行数：15379]
2025-10-14 11:39:32,125 [INFO] [数据库引擎创建成功]
2025-10-14 11:39:32,125 [INFO] [开始读取数据库表：order_data]
2025-10-14 11:39:32,444 [INFO] [成功读取表 order_data，数据行数：17778]
2025-10-14 11:39:32,553 [INFO] [开始读取数据库表：sales_data]
2025-10-14 11:39:34,039 [INFO] [成功读取表 sales_data，数据行数：21565]
2025-10-14 11:39:34,730 [INFO] [开始读取数据库表：jingpin_data]
2025-10-14 11:39:34,781 [INFO] [成功读取表 jingpin_data，数据行数：4210]
2025-10-14 11:39:34,803 [INFO] [开始读取数据库表：inventory_data]
2025-10-14 11:39:34,912 [INFO] [成功读取表 inventory_data，数据行数：4656]
2025-10-14 11:39:34,912 [INFO] [开始读取数据库表：tuiding_data]
2025-10-14 11:39:34,954 [INFO] [成功读取表 tuiding_data，数据行数：3107]
2025-10-14 11:39:34,954 [INFO] [开始读取数据库表：debit_data]
2025-10-14 11:39:35,249 [INFO] [成功读取表 debit_data，数据行数：13280]
2025-10-14 11:39:35,379 [INFO] [开始读取数据库表：sales_invoice_data]
2025-10-14 11:39:35,652 [INFO] [成功读取表 sales_invoice_data，数据行数：15379]
2025-10-14 11:58:20,022 [INFO] [数据库引擎创建成功]
2025-10-14 11:58:20,022 [INFO] [开始读取数据库表：order_data]
2025-10-14 11:58:20,442 [INFO] [成功读取表 order_data，数据行数：17780]
2025-10-14 11:58:20,600 [INFO] [开始读取数据库表：sales_data]
2025-10-14 11:58:23,201 [INFO] [成功读取表 sales_data，数据行数：21572]
2025-10-14 11:58:24,237 [INFO] [开始读取数据库表：jingpin_data]
2025-10-14 11:58:24,310 [INFO] [成功读取表 jingpin_data，数据行数：4210]
2025-10-14 11:58:24,338 [INFO] [开始读取数据库表：inventory_data]
2025-10-14 11:58:24,501 [INFO] [成功读取表 inventory_data，数据行数：4656]
2025-10-14 11:58:24,502 [INFO] [开始读取数据库表：tuiding_data]
2025-10-14 11:58:24,557 [INFO] [成功读取表 tuiding_data，数据行数：3108]
2025-10-14 11:58:24,557 [INFO] [开始读取数据库表：debit_data]
2025-10-14 11:58:24,941 [INFO] [成功读取表 debit_data，数据行数：13280]
2025-10-14 11:58:25,111 [INFO] [开始读取数据库表：sales_invoice_data]
2025-10-14 11:58:25,451 [INFO] [成功读取表 sales_invoice_data，数据行数：15386]
2025-10-14 12:26:08,088 [INFO] [数据库引擎创建成功]
2025-10-14 12:26:08,089 [INFO] [开始读取数据库表：order_data]
2025-10-14 12:26:08,412 [INFO] [成功读取表 order_data，数据行数：17782]
2025-10-14 12:26:08,530 [INFO] [开始读取数据库表：sales_data]
2025-10-14 12:26:10,093 [INFO] [成功读取表 sales_data，数据行数：21576]
2025-10-14 12:26:10,808 [INFO] [开始读取数据库表：jingpin_data]
2025-10-14 12:26:10,873 [INFO] [成功读取表 jingpin_data，数据行数：4210]
2025-10-14 12:26:10,895 [INFO] [开始读取数据库表：inventory_data]
2025-10-14 12:26:11,007 [INFO] [成功读取表 inventory_data，数据行数：4656]
2025-10-14 12:26:11,007 [INFO] [开始读取数据库表：tuiding_data]
2025-10-14 12:26:11,046 [INFO] [成功读取表 tuiding_data，数据行数：3108]
2025-10-14 12:26:11,046 [INFO] [开始读取数据库表：debit_data]
2025-10-14 12:26:11,341 [INFO] [成功读取表 debit_data，数据行数：13280]
2025-10-14 12:26:11,467 [INFO] [开始读取数据库表：sales_invoice_data]
2025-10-14 12:26:11,742 [INFO] [成功读取表 sales_invoice_data，数据行数：15390]
2025-10-14 14:42:12,460 [INFO] [数据库引擎创建成功]
2025-10-14 14:42:12,460 [INFO] [开始读取数据库表：order_data]
2025-10-14 14:42:12,903 [INFO] [成功读取表 order_data，数据行数：17804]
2025-10-14 14:42:13,053 [INFO] [开始读取数据库表：sales_data]
2025-10-14 14:42:14,964 [INFO] [成功读取表 sales_data，数据行数：21590]
2025-10-14 14:42:15,768 [INFO] [开始读取数据库表：jingpin_data]
2025-10-14 14:42:15,830 [INFO] [成功读取表 jingpin_data，数据行数：4216]
2025-10-14 14:42:15,856 [INFO] [开始读取数据库表：inventory_data]
2025-10-14 14:42:15,996 [INFO] [成功读取表 inventory_data，数据行数：4676]
2025-10-14 14:42:15,996 [INFO] [开始读取数据库表：tuiding_data]
2025-10-14 14:42:16,045 [INFO] [成功读取表 tuiding_data，数据行数：3116]
2025-10-14 14:42:16,045 [INFO] [开始读取数据库表：debit_data]
2025-10-14 14:42:16,393 [INFO] [成功读取表 debit_data，数据行数：13280]
2025-10-14 14:42:16,555 [INFO] [开始读取数据库表：sales_invoice_data]
2025-10-14 14:42:16,897 [INFO] [成功读取表 sales_invoice_data，数据行数：15404]
2025-10-14 16:34:57,507 [INFO] [数据库引擎创建成功]
2025-10-14 16:34:57,508 [INFO] [开始读取数据库表：order_data]
2025-10-14 16:34:57,830 [INFO] [成功读取表 order_data，数据行数：17847]
2025-10-14 16:34:57,953 [INFO] [开始读取数据库表：sales_data]
2025-10-14 16:34:59,433 [INFO] [成功读取表 sales_data，数据行数：21618]
2025-10-14 16:35:00,137 [INFO] [开始读取数据库表：jingpin_data]
2025-10-14 16:35:00,194 [INFO] [成功读取表 jingpin_data，数据行数：4229]
2025-10-14 16:35:00,217 [INFO] [开始读取数据库表：inventory_data]
2025-10-14 16:35:00,336 [INFO] [成功读取表 inventory_data，数据行数：4676]
2025-10-14 16:35:00,336 [INFO] [开始读取数据库表：tuiding_data]
2025-10-14 16:35:00,379 [INFO] [成功读取表 tuiding_data，数据行数：3122]
2025-10-14 16:35:00,379 [INFO] [开始读取数据库表：debit_data]
2025-10-14 16:35:00,663 [INFO] [成功读取表 debit_data，数据行数：13280]
2025-10-14 16:35:00,799 [INFO] [开始读取数据库表：sales_invoice_data]
2025-10-14 16:35:01,062 [INFO] [成功读取表 sales_invoice_data，数据行数：15431]
2025-10-14 16:41:19,558 [INFO] [数据库引擎创建成功]
2025-10-14 16:41:19,558 [INFO] [开始读取数据库表：order_data]
2025-10-14 16:41:19,895 [INFO] [成功读取表 order_data，数据行数：17847]
2025-10-14 16:41:20,013 [INFO] [开始读取数据库表：sales_data]
2025-10-14 16:41:21,529 [INFO] [成功读取表 sales_data，数据行数：21618]
2025-10-14 16:41:22,225 [INFO] [开始读取数据库表：jingpin_data]
2025-10-14 16:41:22,277 [INFO] [成功读取表 jingpin_data，数据行数：4229]
2025-10-14 16:41:22,299 [INFO] [开始读取数据库表：inventory_data]
2025-10-14 16:41:22,413 [INFO] [成功读取表 inventory_data，数据行数：4676]
2025-10-14 16:41:22,413 [INFO] [开始读取数据库表：tuiding_data]
2025-10-14 16:41:22,454 [INFO] [成功读取表 tuiding_data，数据行数：3122]
2025-10-14 16:41:22,454 [INFO] [开始读取数据库表：debit_data]
2025-10-14 16:41:22,733 [INFO] [成功读取表 debit_data，数据行数：13280]
2025-10-14 16:41:22,860 [INFO] [开始读取数据库表：sales_invoice_data]
2025-10-14 16:41:23,129 [INFO] [成功读取表 sales_invoice_data，数据行数：15431]
2025-10-14 16:53:21,766 [INFO] [数据库引擎创建成功]
2025-10-14 16:53:21,767 [INFO] [开始读取数据库表：order_data]
2025-10-14 16:53:22,109 [INFO] [成功读取表 order_data，数据行数：17847]
2025-10-14 16:53:22,227 [INFO] [开始读取数据库表：sales_data]
2025-10-14 16:53:23,760 [INFO] [成功读取表 sales_data，数据行数：21618]
2025-10-14 16:53:24,458 [INFO] [开始读取数据库表：jingpin_data]
2025-10-14 16:53:24,510 [INFO] [成功读取表 jingpin_data，数据行数：4229]
2025-10-14 16:53:24,531 [INFO] [开始读取数据库表：inventory_data]
2025-10-14 16:53:24,643 [INFO] [成功读取表 inventory_data，数据行数：4676]
2025-10-14 16:53:24,643 [INFO] [开始读取数据库表：tuiding_data]
2025-10-14 16:53:24,687 [INFO] [成功读取表 tuiding_data，数据行数：3122]
2025-10-14 16:53:24,687 [INFO] [开始读取数据库表：debit_data]
2025-10-14 16:53:24,971 [INFO] [成功读取表 debit_data，数据行数：13280]
2025-10-14 16:53:25,098 [INFO] [开始读取数据库表：sales_invoice_data]
2025-10-14 16:53:25,365 [INFO] [成功读取表 sales_invoice_data，数据行数：15431]
2025-10-14 17:00:09,669 [INFO] [数据库引擎创建成功]
2025-10-14 17:00:09,669 [INFO] [开始读取数据库表：order_data]
2025-10-14 17:00:10,028 [INFO] [成功读取表 order_data，数据行数：17847]
2025-10-14 17:00:10,158 [INFO] [开始读取数据库表：sales_data]
2025-10-14 17:00:12,256 [INFO] [成功读取表 sales_data，数据行数：21618]
2025-10-14 17:00:13,240 [INFO] [开始读取数据库表：jingpin_data]
2025-10-14 17:00:13,323 [INFO] [成功读取表 jingpin_data，数据行数：4229]
2025-10-14 17:00:13,358 [INFO] [开始读取数据库表：inventory_data]
2025-10-14 17:00:13,537 [INFO] [成功读取表 inventory_data，数据行数：4676]
2025-10-14 17:00:13,538 [INFO] [开始读取数据库表：tuiding_data]
2025-10-14 17:00:13,598 [INFO] [成功读取表 tuiding_data，数据行数：3122]
2025-10-14 17:00:13,598 [INFO] [开始读取数据库表：debit_data]
2025-10-14 17:00:14,016 [INFO] [成功读取表 debit_data，数据行数：13280]
2025-10-14 17:00:14,206 [INFO] [开始读取数据库表：sales_invoice_data]
2025-10-14 17:00:14,579 [INFO] [成功读取表 sales_invoice_data，数据行数：15431]
2025-10-14 17:02:15,040 [INFO] [数据库引擎创建成功]
2025-10-14 17:02:15,040 [INFO] [开始读取数据库表：order_data]
2025-10-14 17:02:15,414 [INFO] [成功读取表 order_data，数据行数：17847]
2025-10-14 17:02:15,537 [INFO] [开始读取数据库表：sales_data]
2025-10-14 17:02:17,131 [INFO] [成功读取表 sales_data，数据行数：21618]
2025-10-14 17:02:17,924 [INFO] [开始读取数据库表：jingpin_data]
2025-10-14 17:02:17,987 [INFO] [成功读取表 jingpin_data，数据行数：4229]
2025-10-14 17:02:18,012 [INFO] [开始读取数据库表：inventory_data]
2025-10-14 17:02:18,148 [INFO] [成功读取表 inventory_data，数据行数：4676]
2025-10-14 17:02:18,148 [INFO] [开始读取数据库表：tuiding_data]
2025-10-14 17:02:18,199 [INFO] [成功读取表 tuiding_data，数据行数：3122]
2025-10-14 17:02:18,199 [INFO] [开始读取数据库表：debit_data]
2025-10-14 17:02:18,558 [INFO] [成功读取表 debit_data，数据行数：13280]
2025-10-14 17:02:18,715 [INFO] [开始读取数据库表：sales_invoice_data]
2025-10-14 17:02:19,099 [INFO] [成功读取表 sales_invoice_data，数据行数：15431]
2025-10-14 17:05:26,172 [INFO] [数据库引擎创建成功]
2025-10-14 17:05:26,172 [INFO] [开始读取数据库表：order_data]
2025-10-14 17:05:26,508 [INFO] [成功读取表 order_data，数据行数：17847]
2025-10-14 17:05:26,629 [INFO] [开始读取数据库表：sales_data]
2025-10-14 17:05:28,172 [INFO] [成功读取表 sales_data，数据行数：21618]
2025-10-14 17:05:28,886 [INFO] [开始读取数据库表：jingpin_data]
2025-10-14 17:05:28,939 [INFO] [成功读取表 jingpin_data，数据行数：4229]
2025-10-14 17:05:28,962 [INFO] [开始读取数据库表：inventory_data]
2025-10-14 17:05:29,075 [INFO] [成功读取表 inventory_data，数据行数：4676]
2025-10-14 17:05:29,075 [INFO] [开始读取数据库表：tuiding_data]
2025-10-14 17:05:29,120 [INFO] [成功读取表 tuiding_data，数据行数：3122]
2025-10-14 17:05:29,120 [INFO] [开始读取数据库表：debit_data]
2025-10-14 17:05:29,406 [INFO] [成功读取表 debit_data，数据行数：13280]
2025-10-14 17:05:29,530 [INFO] [开始读取数据库表：sales_invoice_data]
2025-10-14 17:05:29,805 [INFO] [成功读取表 sales_invoice_data，数据行数：15431]
2025-10-14 17:08:51,873 [INFO] [数据库引擎创建成功]
2025-10-14 17:08:51,873 [INFO] [开始读取数据库表：order_data]
2025-10-14 17:08:52,279 [INFO] [成功读取表 order_data，数据行数：17847]
2025-10-14 17:08:52,404 [INFO] [开始读取数据库表：sales_data]
2025-10-14 17:08:53,942 [INFO] [成功读取表 sales_data，数据行数：21618]
2025-10-14 17:08:54,640 [INFO] [开始读取数据库表：jingpin_data]
2025-10-14 17:08:54,692 [INFO] [成功读取表 jingpin_data，数据行数：4229]
2025-10-14 17:08:54,714 [INFO] [开始读取数据库表：inventory_data]
2025-10-14 17:08:54,824 [INFO] [成功读取表 inventory_data，数据行数：4676]
2025-10-14 17:08:54,825 [INFO] [开始读取数据库表：tuiding_data]
2025-10-14 17:08:54,867 [INFO] [成功读取表 tuiding_data，数据行数：3122]
2025-10-14 17:08:54,867 [INFO] [开始读取数据库表：debit_data]
2025-10-14 17:08:55,151 [INFO] [成功读取表 debit_data，数据行数：13280]
2025-10-14 17:08:55,283 [INFO] [开始读取数据库表：sales_invoice_data]
2025-10-14 17:08:55,553 [INFO] [成功读取表 sales_invoice_data，数据行数：15431]
2025-10-14 17:15:59,801 [INFO] [数据库引擎创建成功]
2025-10-14 17:15:59,802 [INFO] [开始读取数据库表：order_data]
2025-10-14 17:16:00,136 [INFO] [成功读取表 order_data，数据行数：17847]
2025-10-14 17:16:00,259 [INFO] [开始读取数据库表：sales_data]
2025-10-14 17:16:01,950 [INFO] [成功读取表 sales_data，数据行数：21618]
2025-10-14 17:16:02,677 [INFO] [开始读取数据库表：jingpin_data]
2025-10-14 17:16:02,730 [INFO] [成功读取表 jingpin_data，数据行数：4229]
2025-10-14 17:16:02,752 [INFO] [开始读取数据库表：inventory_data]
2025-10-14 17:16:02,868 [INFO] [成功读取表 inventory_data，数据行数：4676]
2025-10-14 17:16:02,868 [INFO] [开始读取数据库表：tuiding_data]
2025-10-14 17:16:02,910 [INFO] [成功读取表 tuiding_data，数据行数：3122]
2025-10-14 17:16:02,911 [INFO] [开始读取数据库表：debit_data]
2025-10-14 17:16:03,200 [INFO] [成功读取表 debit_data，数据行数：13280]
2025-10-14 17:16:03,330 [INFO] [开始读取数据库表：sales_invoice_data]
2025-10-14 17:16:03,608 [INFO] [成功读取表 sales_invoice_data，数据行数：15431]
2025-10-14 17:16:37,796 [INFO] [数据库引擎创建成功]
2025-10-14 17:16:37,797 [INFO] [开始读取数据库表：order_data]
2025-10-14 17:16:38,127 [INFO] [成功读取表 order_data，数据行数：17847]
2025-10-14 17:16:38,245 [INFO] [开始读取数据库表：sales_data]
2025-10-14 17:16:39,849 [INFO] [成功读取表 sales_data，数据行数：21618]
2025-10-14 17:16:40,659 [INFO] [开始读取数据库表：jingpin_data]
2025-10-14 17:16:40,720 [INFO] [成功读取表 jingpin_data，数据行数：4229]
2025-10-14 17:16:40,746 [INFO] [开始读取数据库表：inventory_data]
2025-10-14 17:16:40,878 [INFO] [成功读取表 inventory_data，数据行数：4676]
2025-10-14 17:16:40,878 [INFO] [开始读取数据库表：tuiding_data]
2025-10-14 17:16:40,929 [INFO] [成功读取表 tuiding_data，数据行数：3122]
2025-10-14 17:16:40,929 [INFO] [开始读取数据库表：debit_data]
2025-10-14 17:16:41,304 [INFO] [成功读取表 debit_data，数据行数：13280]
2025-10-14 17:16:41,467 [INFO] [开始读取数据库表：sales_invoice_data]
2025-10-14 17:16:41,814 [INFO] [成功读取表 sales_invoice_data，数据行数：15431]
2025-10-14 17:17:04,717 [INFO] [数据库引擎创建成功]
2025-10-14 17:17:04,717 [INFO] [开始读取数据库表：order_data]
2025-10-14 17:17:05,050 [INFO] [成功读取表 order_data，数据行数：17847]
2025-10-14 17:17:05,164 [INFO] [开始读取数据库表：sales_data]
2025-10-14 17:17:06,719 [INFO] [成功读取表 sales_data，数据行数：21618]
2025-10-14 17:17:07,453 [INFO] [开始读取数据库表：jingpin_data]
2025-10-14 17:17:07,505 [INFO] [成功读取表 jingpin_data，数据行数：4229]
2025-10-14 17:17:07,526 [INFO] [开始读取数据库表：inventory_data]
2025-10-14 17:17:07,639 [INFO] [成功读取表 inventory_data，数据行数：4676]
2025-10-14 17:17:07,639 [INFO] [开始读取数据库表：tuiding_data]
2025-10-14 17:17:07,682 [INFO] [成功读取表 tuiding_data，数据行数：3122]
2025-10-14 17:17:07,682 [INFO] [开始读取数据库表：debit_data]
2025-10-14 17:17:07,972 [INFO] [成功读取表 debit_data，数据行数：13280]
2025-10-14 17:17:08,115 [INFO] [开始读取数据库表：sales_invoice_data]
2025-10-14 17:17:08,421 [INFO] [成功读取表 sales_invoice_data，数据行数：15431]
2025-10-14 17:22:41,764 [INFO] [数据库引擎创建成功]
2025-10-14 17:22:41,764 [INFO] [开始读取数据库表：order_data]
2025-10-14 17:22:42,115 [INFO] [成功读取表 order_data，数据行数：17847]
2025-10-14 17:22:42,232 [INFO] [开始读取数据库表：sales_data]
2025-10-14 17:22:43,783 [INFO] [成功读取表 sales_data，数据行数：21618]
2025-10-14 17:22:44,773 [INFO] [开始读取数据库表：jingpin_data]
2025-10-14 17:22:44,887 [INFO] [成功读取表 jingpin_data，数据行数：4229]
2025-10-14 17:22:44,924 [INFO] [开始读取数据库表：inventory_data]
2025-10-14 17:22:45,132 [INFO] [成功读取表 inventory_data，数据行数：4676]
2025-10-14 17:22:45,133 [INFO] [开始读取数据库表：tuiding_data]
2025-10-14 17:22:45,203 [INFO] [成功读取表 tuiding_data，数据行数：3122]
2025-10-14 17:22:45,203 [INFO] [开始读取数据库表：debit_data]
2025-10-14 17:22:45,505 [INFO] [成功读取表 debit_data，数据行数：13280]
2025-10-14 17:22:45,636 [INFO] [开始读取数据库表：sales_invoice_data]
2025-10-14 17:22:45,917 [INFO] [成功读取表 sales_invoice_data，数据行数：15431]
2025-10-14 17:24:31,224 [INFO] [数据库引擎创建成功]
2025-10-14 17:24:31,224 [INFO] [开始读取数据库表：order_data]
2025-10-14 17:24:31,567 [INFO] [成功读取表 order_data，数据行数：17847]
2025-10-14 17:24:31,688 [INFO] [开始读取数据库表：sales_data]
2025-10-14 17:24:33,292 [INFO] [成功读取表 sales_data，数据行数：21618]
2025-10-14 17:24:34,040 [INFO] [开始读取数据库表：jingpin_data]
2025-10-14 17:24:34,092 [INFO] [成功读取表 jingpin_data，数据行数：4229]
2025-10-14 17:24:34,113 [INFO] [开始读取数据库表：inventory_data]
2025-10-14 17:24:34,228 [INFO] [成功读取表 inventory_data，数据行数：4676]
2025-10-14 17:24:34,229 [INFO] [开始读取数据库表：tuiding_data]
2025-10-14 17:24:34,273 [INFO] [成功读取表 tuiding_data，数据行数：3122]
2025-10-14 17:24:34,273 [INFO] [开始读取数据库表：debit_data]
2025-10-14 17:24:34,568 [INFO] [成功读取表 debit_data，数据行数：13280]
2025-10-14 17:24:34,709 [INFO] [开始读取数据库表：sales_invoice_data]
2025-10-14 17:24:34,990 [INFO] [成功读取表 sales_invoice_data，数据行数：15431]
2025-10-14 17:25:32,830 [INFO] [数据库引擎创建成功]
2025-10-14 17:25:32,831 [INFO] [开始读取数据库表：order_data]
2025-10-14 17:25:33,179 [INFO] [成功读取表 order_data，数据行数：17847]
2025-10-14 17:25:33,297 [INFO] [开始读取数据库表：sales_data]
2025-10-14 17:25:34,836 [INFO] [成功读取表 sales_data，数据行数：21618]
2025-10-14 17:25:35,555 [INFO] [开始读取数据库表：jingpin_data]
2025-10-14 17:25:35,608 [INFO] [成功读取表 jingpin_data，数据行数：4229]
2025-10-14 17:25:35,631 [INFO] [开始读取数据库表：inventory_data]
2025-10-14 17:25:35,744 [INFO] [成功读取表 inventory_data，数据行数：4676]
2025-10-14 17:25:35,744 [INFO] [开始读取数据库表：tuiding_data]
2025-10-14 17:25:35,790 [INFO] [成功读取表 tuiding_data，数据行数：3122]
2025-10-14 17:25:35,790 [INFO] [开始读取数据库表：debit_data]
2025-10-14 17:25:36,073 [INFO] [成功读取表 debit_data，数据行数：13280]
2025-10-14 17:25:36,201 [INFO] [开始读取数据库表：sales_invoice_data]
2025-10-14 17:25:36,472 [INFO] [成功读取表 sales_invoice_data，数据行数：15431]
2025-10-14 17:27:43,348 [INFO] [数据库引擎创建成功]
2025-10-14 17:27:43,348 [INFO] [开始读取数据库表：order_data]
2025-10-14 17:27:43,692 [INFO] [成功读取表 order_data，数据行数：17847]
2025-10-14 17:27:43,804 [INFO] [开始读取数据库表：sales_data]
2025-10-14 17:27:45,376 [INFO] [成功读取表 sales_data，数据行数：21618]
2025-10-14 17:27:46,105 [INFO] [开始读取数据库表：jingpin_data]
2025-10-14 17:27:46,158 [INFO] [成功读取表 jingpin_data，数据行数：4229]
2025-10-14 17:27:46,180 [INFO] [开始读取数据库表：inventory_data]
2025-10-14 17:27:46,297 [INFO] [成功读取表 inventory_data，数据行数：4676]
2025-10-14 17:27:46,297 [INFO] [开始读取数据库表：tuiding_data]
2025-10-14 17:27:46,341 [INFO] [成功读取表 tuiding_data，数据行数：3122]
2025-10-14 17:27:46,342 [INFO] [开始读取数据库表：debit_data]
2025-10-14 17:27:46,632 [INFO] [成功读取表 debit_data，数据行数：13280]
2025-10-14 17:27:46,765 [INFO] [开始读取数据库表：sales_invoice_data]
2025-10-14 17:27:47,040 [INFO] [成功读取表 sales_invoice_data，数据行数：15431]
2025-10-14 17:28:03,217 [INFO] [数据库引擎创建成功]
2025-10-14 17:28:03,217 [INFO] [开始读取数据库表：order_data]
2025-10-14 17:28:03,643 [INFO] [成功读取表 order_data，数据行数：17847]
2025-10-14 17:28:03,789 [INFO] [开始读取数据库表：sales_data]
2025-10-14 17:28:05,591 [INFO] [成功读取表 sales_data，数据行数：21618]
2025-10-14 17:28:06,433 [INFO] [开始读取数据库表：jingpin_data]
2025-10-14 17:28:06,495 [INFO] [成功读取表 jingpin_data，数据行数：4229]
2025-10-14 17:28:06,520 [INFO] [开始读取数据库表：inventory_data]
2025-10-14 17:28:06,654 [INFO] [成功读取表 inventory_data，数据行数：4676]
2025-10-14 17:28:06,654 [INFO] [开始读取数据库表：tuiding_data]
2025-10-14 17:28:06,704 [INFO] [成功读取表 tuiding_data，数据行数：3122]
2025-10-14 17:28:06,704 [INFO] [开始读取数据库表：debit_data]
2025-10-14 17:28:07,048 [INFO] [成功读取表 debit_data，数据行数：13280]
2025-10-14 17:28:07,196 [INFO] [开始读取数据库表：sales_invoice_data]
2025-10-14 17:28:07,513 [INFO] [成功读取表 sales_invoice_data，数据行数：15431]
2025-10-14 17:28:55,569 [INFO] [数据库引擎创建成功]
2025-10-14 17:28:55,569 [INFO] [开始读取数据库表：order_data]
2025-10-14 17:28:55,894 [INFO] [成功读取表 order_data，数据行数：17847]
2025-10-14 17:28:56,013 [INFO] [开始读取数据库表：sales_data]
2025-10-14 17:28:57,542 [INFO] [成功读取表 sales_data，数据行数：21618]
2025-10-14 17:28:58,282 [INFO] [开始读取数据库表：jingpin_data]
2025-10-14 17:28:58,341 [INFO] [成功读取表 jingpin_data，数据行数：4229]
2025-10-14 17:28:58,365 [INFO] [开始读取数据库表：inventory_data]
2025-10-14 17:28:58,498 [INFO] [成功读取表 inventory_data，数据行数：4676]
2025-10-14 17:28:58,498 [INFO] [开始读取数据库表：tuiding_data]
2025-10-14 17:28:58,549 [INFO] [成功读取表 tuiding_data，数据行数：3122]
2025-10-14 17:28:58,549 [INFO] [开始读取数据库表：debit_data]
2025-10-14 17:28:58,902 [INFO] [成功读取表 debit_data，数据行数：13280]
2025-10-14 17:28:59,053 [INFO] [开始读取数据库表：sales_invoice_data]
2025-10-14 17:28:59,381 [INFO] [成功读取表 sales_invoice_data，数据行数：15431]
2025-10-14 17:34:50,976 [INFO] [数据库引擎创建成功]
2025-10-14 17:34:50,976 [INFO] [开始读取数据库表：order_data]
2025-10-14 17:34:51,320 [INFO] [成功读取表 order_data，数据行数：17847]
2025-10-14 17:34:51,435 [INFO] [开始读取数据库表：sales_data]
2025-10-14 17:34:53,235 [INFO] [成功读取表 sales_data，数据行数：21618]
2025-10-14 17:34:54,111 [INFO] [开始读取数据库表：jingpin_data]
2025-10-14 17:34:54,183 [INFO] [成功读取表 jingpin_data，数据行数：4229]
2025-10-14 17:34:54,214 [INFO] [开始读取数据库表：inventory_data]
2025-10-14 17:34:54,364 [INFO] [成功读取表 inventory_data，数据行数：4676]
2025-10-14 17:34:54,364 [INFO] [开始读取数据库表：tuiding_data]
2025-10-14 17:34:54,418 [INFO] [成功读取表 tuiding_data，数据行数：3122]
2025-10-14 17:34:54,418 [INFO] [开始读取数据库表：debit_data]
2025-10-14 17:34:54,780 [INFO] [成功读取表 debit_data，数据行数：13280]
2025-10-14 17:34:54,948 [INFO] [开始读取数据库表：sales_invoice_data]
2025-10-14 17:34:55,282 [INFO] [成功读取表 sales_invoice_data，数据行数：15431]
2025-10-14 17:35:47,590 [INFO] [数据库引擎创建成功]
2025-10-14 17:35:47,590 [INFO] [开始读取数据库表：order_data]
2025-10-14 17:35:47,921 [INFO] [成功读取表 order_data，数据行数：17847]
2025-10-14 17:35:48,029 [INFO] [开始读取数据库表：sales_data]
2025-10-14 17:35:49,564 [INFO] [成功读取表 sales_data，数据行数：21618]
2025-10-14 17:35:50,310 [INFO] [开始读取数据库表：jingpin_data]
2025-10-14 17:35:50,363 [INFO] [成功读取表 jingpin_data，数据行数：4229]
2025-10-14 17:35:50,386 [INFO] [开始读取数据库表：inventory_data]
2025-10-14 17:35:50,500 [INFO] [成功读取表 inventory_data，数据行数：4676]
2025-10-14 17:35:50,500 [INFO] [开始读取数据库表：tuiding_data]
2025-10-14 17:35:50,544 [INFO] [成功读取表 tuiding_data，数据行数：3122]
2025-10-14 17:35:50,544 [INFO] [开始读取数据库表：debit_data]
2025-10-14 17:35:50,833 [INFO] [成功读取表 debit_data，数据行数：13280]
2025-10-14 17:35:50,975 [INFO] [开始读取数据库表：sales_invoice_data]
2025-10-14 17:35:51,242 [INFO] [成功读取表 sales_invoice_data，数据行数：15431]
2025-10-14 17:41:06,401 [INFO] [数据库引擎创建成功]
2025-10-14 17:41:06,401 [INFO] [开始读取数据库表：order_data]
2025-10-14 17:41:06,734 [INFO] [成功读取表 order_data，数据行数：17847]
2025-10-14 17:41:06,852 [INFO] [开始读取数据库表：sales_data]
2025-10-14 17:41:08,369 [INFO] [成功读取表 sales_data，数据行数：21618]
2025-10-14 17:41:09,100 [INFO] [开始读取数据库表：jingpin_data]
2025-10-14 17:41:09,153 [INFO] [成功读取表 jingpin_data，数据行数：4229]
2025-10-14 17:41:09,174 [INFO] [开始读取数据库表：inventory_data]
2025-10-14 17:41:09,283 [INFO] [成功读取表 inventory_data，数据行数：4676]
2025-10-14 17:41:09,283 [INFO] [开始读取数据库表：tuiding_data]
2025-10-14 17:41:09,327 [INFO] [成功读取表 tuiding_data，数据行数：3122]
2025-10-14 17:41:09,327 [INFO] [开始读取数据库表：debit_data]
2025-10-14 17:41:09,607 [INFO] [成功读取表 debit_data，数据行数：13280]
2025-10-14 17:41:09,734 [INFO] [开始读取数据库表：sales_invoice_data]
2025-10-14 17:41:09,998 [INFO] [成功读取表 sales_invoice_data，数据行数：15431]
2025-10-14 17:43:21,879 [INFO] [数据库引擎创建成功]
2025-10-14 17:43:21,879 [INFO] [开始读取数据库表：order_data]
2025-10-14 17:43:22,235 [INFO] [成功读取表 order_data，数据行数：17847]
2025-10-14 17:43:22,350 [INFO] [开始读取数据库表：sales_data]
2025-10-14 17:43:23,887 [INFO] [成功读取表 sales_data，数据行数：21618]
2025-10-14 17:43:24,609 [INFO] [开始读取数据库表：jingpin_data]
2025-10-14 17:43:24,661 [INFO] [成功读取表 jingpin_data，数据行数：4229]
2025-10-14 17:43:24,686 [INFO] [开始读取数据库表：inventory_data]
2025-10-14 17:43:24,802 [INFO] [成功读取表 inventory_data，数据行数：4676]
2025-10-14 17:43:24,802 [INFO] [开始读取数据库表：tuiding_data]
2025-10-14 17:43:24,845 [INFO] [成功读取表 tuiding_data，数据行数：3122]
2025-10-14 17:43:24,845 [INFO] [开始读取数据库表：debit_data]
2025-10-14 17:43:25,128 [INFO] [成功读取表 debit_data，数据行数：13280]
2025-10-14 17:43:25,255 [INFO] [开始读取数据库表：sales_invoice_data]
2025-10-14 17:43:25,520 [INFO] [成功读取表 sales_invoice_data，数据行数：15431]
2025-10-14 17:44:43,697 [INFO] [数据库引擎创建成功]
2025-10-14 17:44:43,697 [INFO] [开始读取数据库表：order_data]
2025-10-14 17:44:44,016 [INFO] [成功读取表 order_data，数据行数：17847]
2025-10-14 17:44:44,132 [INFO] [开始读取数据库表：sales_data]
2025-10-14 17:44:45,649 [INFO] [成功读取表 sales_data，数据行数：21618]
2025-10-14 17:44:46,365 [INFO] [开始读取数据库表：jingpin_data]
2025-10-14 17:44:46,417 [INFO] [成功读取表 jingpin_data，数据行数：4229]
2025-10-14 17:44:46,439 [INFO] [开始读取数据库表：inventory_data]
2025-10-14 17:44:46,553 [INFO] [成功读取表 inventory_data，数据行数：4676]
2025-10-14 17:44:46,553 [INFO] [开始读取数据库表：tuiding_data]
2025-10-14 17:44:46,597 [INFO] [成功读取表 tuiding_data，数据行数：3122]
2025-10-14 17:44:46,597 [INFO] [开始读取数据库表：debit_data]
2025-10-14 17:44:46,878 [INFO] [成功读取表 debit_data，数据行数：13280]
2025-10-14 17:44:47,007 [INFO] [开始读取数据库表：sales_invoice_data]
2025-10-14 17:44:47,281 [INFO] [成功读取表 sales_invoice_data，数据行数：15431]
2025-10-14 17:46:01,734 [INFO] [数据库引擎创建成功]
2025-10-14 17:46:01,734 [INFO] [开始读取数据库表：order_data]
2025-10-14 17:46:02,055 [INFO] [成功读取表 order_data，数据行数：17847]
2025-10-14 17:46:02,167 [INFO] [开始读取数据库表：sales_data]
2025-10-14 17:46:03,692 [INFO] [成功读取表 sales_data，数据行数：21618]
2025-10-14 17:46:04,421 [INFO] [开始读取数据库表：jingpin_data]
2025-10-14 17:46:04,473 [INFO] [成功读取表 jingpin_data，数据行数：4229]
2025-10-14 17:46:04,495 [INFO] [开始读取数据库表：inventory_data]
2025-10-14 17:46:04,608 [INFO] [成功读取表 inventory_data，数据行数：4676]
2025-10-14 17:46:04,608 [INFO] [开始读取数据库表：tuiding_data]
2025-10-14 17:46:04,651 [INFO] [成功读取表 tuiding_data，数据行数：3122]
2025-10-14 17:46:04,651 [INFO] [开始读取数据库表：debit_data]
2025-10-14 17:46:04,939 [INFO] [成功读取表 debit_data，数据行数：13280]
2025-10-14 17:46:05,063 [INFO] [开始读取数据库表：sales_invoice_data]
2025-10-14 17:46:05,329 [INFO] [成功读取表 sales_invoice_data，数据行数：15431]
2025-10-14 17:47:02,261 [INFO] [数据库引擎创建成功]
2025-10-14 17:47:02,261 [INFO] [开始读取数据库表：order_data]
2025-10-14 17:47:02,608 [INFO] [成功读取表 order_data，数据行数：17847]
2025-10-14 17:47:02,718 [INFO] [开始读取数据库表：sales_data]
2025-10-14 17:47:04,229 [INFO] [成功读取表 sales_data，数据行数：21618]
2025-10-14 17:47:04,914 [INFO] [开始读取数据库表：jingpin_data]
2025-10-14 17:47:04,964 [INFO] [成功读取表 jingpin_data，数据行数：4229]
2025-10-14 17:47:04,986 [INFO] [开始读取数据库表：inventory_data]
2025-10-14 17:47:05,099 [INFO] [成功读取表 inventory_data，数据行数：4676]
2025-10-14 17:47:05,099 [INFO] [开始读取数据库表：tuiding_data]
2025-10-14 17:47:05,143 [INFO] [成功读取表 tuiding_data，数据行数：3122]
2025-10-14 17:47:05,143 [INFO] [开始读取数据库表：debit_data]
2025-10-14 17:47:05,423 [INFO] [成功读取表 debit_data，数据行数：13280]
2025-10-14 17:47:05,551 [INFO] [开始读取数据库表：sales_invoice_data]
2025-10-14 17:47:05,825 [INFO] [成功读取表 sales_invoice_data，数据行数：15431]
2025-10-14 17:47:26,031 [INFO] [数据库引擎创建成功]
2025-10-14 17:47:26,031 [INFO] [开始读取数据库表：order_data]
2025-10-14 17:47:26,352 [INFO] [成功读取表 order_data，数据行数：17847]
2025-10-14 17:47:26,463 [INFO] [开始读取数据库表：sales_data]
2025-10-14 17:47:28,002 [INFO] [成功读取表 sales_data，数据行数：21618]
2025-10-14 17:47:28,725 [INFO] [开始读取数据库表：jingpin_data]
2025-10-14 17:47:28,786 [INFO] [成功读取表 jingpin_data，数据行数：4229]
2025-10-14 17:47:28,813 [INFO] [开始读取数据库表：inventory_data]
2025-10-14 17:47:28,946 [INFO] [成功读取表 inventory_data，数据行数：4676]
2025-10-14 17:47:28,946 [INFO] [开始读取数据库表：tuiding_data]
2025-10-14 17:47:28,994 [INFO] [成功读取表 tuiding_data，数据行数：3122]
2025-10-14 17:47:28,994 [INFO] [开始读取数据库表：debit_data]
2025-10-14 17:47:29,337 [INFO] [成功读取表 debit_data，数据行数：13280]
2025-10-14 17:47:29,486 [INFO] [开始读取数据库表：sales_invoice_data]
2025-10-14 17:47:29,825 [INFO] [成功读取表 sales_invoice_data，数据行数：15431]
2025-10-14 17:49:06,937 [INFO] [数据库引擎创建成功]
2025-10-14 17:49:06,937 [INFO] [开始读取数据库表：order_data]
2025-10-14 17:49:07,276 [INFO] [成功读取表 order_data，数据行数：17847]
2025-10-14 17:49:07,390 [INFO] [开始读取数据库表：sales_data]
2025-10-14 17:49:08,916 [INFO] [成功读取表 sales_data，数据行数：21618]
2025-10-14 17:49:09,628 [INFO] [开始读取数据库表：jingpin_data]
2025-10-14 17:49:09,677 [INFO] [成功读取表 jingpin_data，数据行数：4229]
2025-10-14 17:49:09,700 [INFO] [开始读取数据库表：inventory_data]
2025-10-14 17:49:09,809 [INFO] [成功读取表 inventory_data，数据行数：4676]
2025-10-14 17:49:09,809 [INFO] [开始读取数据库表：tuiding_data]
2025-10-14 17:49:09,852 [INFO] [成功读取表 tuiding_data，数据行数：3122]
2025-10-14 17:49:09,852 [INFO] [开始读取数据库表：debit_data]
2025-10-14 17:49:10,142 [INFO] [成功读取表 debit_data，数据行数：13280]
2025-10-14 17:49:10,285 [INFO] [开始读取数据库表：sales_invoice_data]
2025-10-14 17:49:10,599 [INFO] [成功读取表 sales_invoice_data，数据行数：15431]
