2025-10-17 00:26:54,970 [INFO] [数据库引擎创建成功]
2025-10-17 00:26:54,970 [INFO] [开始读取数据库表：order_data]
2025-10-17 00:26:55,403 [INFO] [成功读取表 order_data，数据行数：18068]
2025-10-17 00:26:55,546 [INFO] [开始读取数据库表：sales_data]
2025-10-17 00:26:57,774 [INFO] [成功读取表 sales_data，数据行数：21784]
2025-10-17 00:26:58,852 [INFO] [开始读取数据库表：jingpin_data]
2025-10-17 00:26:58,936 [INFO] [成功读取表 jingpin_data，数据行数：4314]
2025-10-17 00:26:58,976 [INFO] [开始读取数据库表：inventory_data]
2025-10-17 00:26:59,190 [INFO] [成功读取表 inventory_data，数据行数：6210]
2025-10-17 00:26:59,190 [INFO] [开始读取数据库表：tuiding_data]
2025-10-17 00:26:59,253 [INFO] [成功读取表 tuiding_data，数据行数：3175]
2025-10-17 00:26:59,253 [INFO] [开始读取数据库表：debit_data]
2025-10-17 00:26:59,754 [INFO] [成功读取表 debit_data，数据行数：14451]
2025-10-17 00:26:59,945 [INFO] [开始读取数据库表：sales_invoice_data]
2025-10-17 00:27:00,467 [INFO] [成功读取表 sales_invoice_data，数据行数：15707]
2025-10-17 00:56:55,055 [INFO] [数据库引擎创建成功]
2025-10-17 00:56:55,055 [INFO] [开始读取数据库表：order_data]
2025-10-17 00:56:55,494 [INFO] [成功读取表 order_data，数据行数：18068]
2025-10-17 00:56:55,691 [INFO] [开始读取数据库表：sales_data]
2025-10-17 00:56:57,904 [INFO] [成功读取表 sales_data，数据行数：21784]
2025-10-17 00:56:59,001 [INFO] [开始读取数据库表：jingpin_data]
2025-10-17 00:56:59,097 [INFO] [成功读取表 jingpin_data，数据行数：4314]
2025-10-17 00:56:59,134 [INFO] [开始读取数据库表：inventory_data]
2025-10-17 00:56:59,377 [INFO] [成功读取表 inventory_data，数据行数：6210]
2025-10-17 00:56:59,378 [INFO] [开始读取数据库表：tuiding_data]
2025-10-17 00:56:59,475 [INFO] [成功读取表 tuiding_data，数据行数：3175]
2025-10-17 00:56:59,476 [INFO] [开始读取数据库表：debit_data]
2025-10-17 00:56:59,944 [INFO] [成功读取表 debit_data，数据行数：14451]
2025-10-17 00:57:00,177 [INFO] [开始读取数据库表：sales_invoice_data]
2025-10-17 00:57:00,792 [INFO] [成功读取表 sales_invoice_data，数据行数：15707]
2025-10-17 01:26:58,186 [INFO] [数据库引擎创建成功]
2025-10-17 01:26:58,187 [INFO] [开始读取数据库表：order_data]
2025-10-17 01:26:58,604 [INFO] [成功读取表 order_data，数据行数：18069]
2025-10-17 01:26:58,752 [INFO] [开始读取数据库表：sales_data]
2025-10-17 01:27:00,937 [INFO] [成功读取表 sales_data，数据行数：21784]
2025-10-17 01:27:02,135 [INFO] [开始读取数据库表：jingpin_data]
2025-10-17 01:27:02,291 [INFO] [成功读取表 jingpin_data，数据行数：4314]
2025-10-17 01:27:02,346 [INFO] [开始读取数据库表：inventory_data]
2025-10-17 01:27:02,626 [INFO] [成功读取表 inventory_data，数据行数：6210]
2025-10-17 01:27:02,626 [INFO] [开始读取数据库表：tuiding_data]
2025-10-17 01:27:02,716 [INFO] [成功读取表 tuiding_data，数据行数：3175]
2025-10-17 01:27:02,716 [INFO] [开始读取数据库表：debit_data]
2025-10-17 01:27:03,241 [INFO] [成功读取表 debit_data，数据行数：14451]
2025-10-17 01:27:03,460 [INFO] [开始读取数据库表：sales_invoice_data]
2025-10-17 01:27:03,887 [INFO] [成功读取表 sales_invoice_data，数据行数：15708]
2025-10-17 01:56:44,031 [INFO] [数据库引擎创建成功]
2025-10-17 01:56:44,031 [INFO] [开始读取数据库表：order_data]
2025-10-17 01:56:44,386 [INFO] [成功读取表 order_data，数据行数：18071]
2025-10-17 01:56:44,498 [INFO] [开始读取数据库表：sales_data]
2025-10-17 01:56:46,184 [INFO] [成功读取表 sales_data，数据行数：21784]
2025-10-17 01:56:47,017 [INFO] [开始读取数据库表：jingpin_data]
2025-10-17 01:56:47,073 [INFO] [成功读取表 jingpin_data，数据行数：4314]
2025-10-17 01:56:47,095 [INFO] [开始读取数据库表：inventory_data]
2025-10-17 01:56:47,240 [INFO] [成功读取表 inventory_data，数据行数：6210]
2025-10-17 01:56:47,240 [INFO] [开始读取数据库表：tuiding_data]
2025-10-17 01:56:47,283 [INFO] [成功读取表 tuiding_data，数据行数：3175]
2025-10-17 01:56:47,283 [INFO] [开始读取数据库表：debit_data]
2025-10-17 01:56:47,605 [INFO] [成功读取表 debit_data，数据行数：14451]
2025-10-17 01:56:47,740 [INFO] [开始读取数据库表：sales_invoice_data]
2025-10-17 01:56:48,024 [INFO] [成功读取表 sales_invoice_data，数据行数：15710]
2025-10-17 02:26:43,845 [INFO] [数据库引擎创建成功]
2025-10-17 02:26:43,845 [INFO] [开始读取数据库表：order_data]
2025-10-17 02:26:44,271 [INFO] [成功读取表 order_data，数据行数：18071]
2025-10-17 02:26:44,431 [INFO] [开始读取数据库表：sales_data]
2025-10-17 02:26:46,508 [INFO] [成功读取表 sales_data，数据行数：21784]
2025-10-17 02:26:47,501 [INFO] [开始读取数据库表：jingpin_data]
2025-10-17 02:26:47,577 [INFO] [成功读取表 jingpin_data，数据行数：4314]
2025-10-17 02:26:47,609 [INFO] [开始读取数据库表：inventory_data]
2025-10-17 02:26:47,829 [INFO] [成功读取表 inventory_data，数据行数：6210]
2025-10-17 02:26:47,829 [INFO] [开始读取数据库表：tuiding_data]
2025-10-17 02:26:47,899 [INFO] [成功读取表 tuiding_data，数据行数：3175]
2025-10-17 02:26:47,899 [INFO] [开始读取数据库表：debit_data]
2025-10-17 02:26:48,368 [INFO] [成功读取表 debit_data，数据行数：14451]
2025-10-17 02:26:48,565 [INFO] [开始读取数据库表：sales_invoice_data]
2025-10-17 02:26:48,977 [INFO] [成功读取表 sales_invoice_data，数据行数：15710]
2025-10-17 02:56:42,405 [INFO] [数据库引擎创建成功]
2025-10-17 02:56:42,405 [INFO] [开始读取数据库表：order_data]
2025-10-17 02:56:42,822 [INFO] [成功读取表 order_data，数据行数：18071]
2025-10-17 02:56:42,969 [INFO] [开始读取数据库表：sales_data]
2025-10-17 02:56:45,167 [INFO] [成功读取表 sales_data，数据行数：21784]
2025-10-17 02:56:46,135 [INFO] [开始读取数据库表：jingpin_data]
2025-10-17 02:56:46,248 [INFO] [成功读取表 jingpin_data，数据行数：4314]
2025-10-17 02:56:46,290 [INFO] [开始读取数据库表：inventory_data]
2025-10-17 02:56:46,444 [INFO] [成功读取表 inventory_data，数据行数：6210]
2025-10-17 02:56:46,444 [INFO] [开始读取数据库表：tuiding_data]
2025-10-17 02:56:46,486 [INFO] [成功读取表 tuiding_data，数据行数：3175]
2025-10-17 02:56:46,486 [INFO] [开始读取数据库表：debit_data]
2025-10-17 02:56:46,847 [INFO] [成功读取表 debit_data，数据行数：14451]
2025-10-17 02:56:46,985 [INFO] [开始读取数据库表：sales_invoice_data]
2025-10-17 02:56:47,349 [INFO] [成功读取表 sales_invoice_data，数据行数：15710]
2025-10-17 03:27:50,913 [INFO] [数据库引擎创建成功]
2025-10-17 03:27:50,913 [INFO] [开始读取数据库表：order_data]
2025-10-17 03:27:51,591 [INFO] [成功读取表 order_data，数据行数：18071]
2025-10-17 03:27:51,839 [INFO] [开始读取数据库表：sales_data]
2025-10-17 03:27:54,631 [INFO] [成功读取表 sales_data，数据行数：21784]
2025-10-17 03:27:56,174 [INFO] [开始读取数据库表：jingpin_data]
2025-10-17 03:27:56,380 [INFO] [成功读取表 jingpin_data，数据行数：4314]
2025-10-17 03:27:56,465 [INFO] [开始读取数据库表：inventory_data]
2025-10-17 03:27:56,916 [INFO] [成功读取表 inventory_data，数据行数：6210]
2025-10-17 03:27:56,916 [INFO] [开始读取数据库表：tuiding_data]
2025-10-17 03:27:57,056 [INFO] [成功读取表 tuiding_data，数据行数：3175]
2025-10-17 03:27:57,056 [INFO] [开始读取数据库表：debit_data]
2025-10-17 03:27:58,036 [INFO] [成功读取表 debit_data，数据行数：14451]
2025-10-17 03:27:58,369 [INFO] [开始读取数据库表：sales_invoice_data]
2025-10-17 03:27:59,220 [INFO] [成功读取表 sales_invoice_data，数据行数：15710]
2025-10-17 03:56:55,127 [INFO] [数据库引擎创建成功]
2025-10-17 03:56:55,136 [INFO] [开始读取数据库表：order_data]
2025-10-17 03:56:55,524 [INFO] [成功读取表 order_data，数据行数：18071]
2025-10-17 03:56:55,700 [INFO] [开始读取数据库表：sales_data]
2025-10-17 03:56:57,715 [INFO] [成功读取表 sales_data，数据行数：21784]
2025-10-17 03:56:58,697 [INFO] [开始读取数据库表：jingpin_data]
2025-10-17 03:56:58,772 [INFO] [成功读取表 jingpin_data，数据行数：4314]
2025-10-17 03:56:58,804 [INFO] [开始读取数据库表：inventory_data]
2025-10-17 03:56:59,006 [INFO] [成功读取表 inventory_data，数据行数：6210]
2025-10-17 03:56:59,006 [INFO] [开始读取数据库表：tuiding_data]
2025-10-17 03:56:59,064 [INFO] [成功读取表 tuiding_data，数据行数：3175]
2025-10-17 03:56:59,064 [INFO] [开始读取数据库表：debit_data]
2025-10-17 03:56:59,464 [INFO] [成功读取表 debit_data，数据行数：14451]
2025-10-17 03:56:59,649 [INFO] [开始读取数据库表：sales_invoice_data]
2025-10-17 03:56:59,980 [INFO] [成功读取表 sales_invoice_data，数据行数：15710]
2025-10-17 04:26:53,344 [INFO] [数据库引擎创建成功]
2025-10-17 04:26:53,344 [INFO] [开始读取数据库表：order_data]
2025-10-17 04:26:53,916 [INFO] [成功读取表 order_data，数据行数：18071]
2025-10-17 04:26:54,126 [INFO] [开始读取数据库表：sales_data]
2025-10-17 04:26:56,466 [INFO] [成功读取表 sales_data，数据行数：21784]
2025-10-17 04:26:57,363 [INFO] [开始读取数据库表：jingpin_data]
2025-10-17 04:26:57,429 [INFO] [成功读取表 jingpin_data，数据行数：4314]
2025-10-17 04:26:57,454 [INFO] [开始读取数据库表：inventory_data]
2025-10-17 04:26:57,620 [INFO] [成功读取表 inventory_data，数据行数：6210]
2025-10-17 04:26:57,620 [INFO] [开始读取数据库表：tuiding_data]
2025-10-17 04:26:57,674 [INFO] [成功读取表 tuiding_data，数据行数：3175]
2025-10-17 04:26:57,674 [INFO] [开始读取数据库表：debit_data]
2025-10-17 04:26:58,093 [INFO] [成功读取表 debit_data，数据行数：14451]
2025-10-17 04:26:58,249 [INFO] [开始读取数据库表：sales_invoice_data]
2025-10-17 04:26:58,749 [INFO] [成功读取表 sales_invoice_data，数据行数：15710]
2025-10-17 04:56:49,824 [INFO] [数据库引擎创建成功]
2025-10-17 04:56:49,824 [INFO] [开始读取数据库表：order_data]
2025-10-17 04:56:50,281 [INFO] [成功读取表 order_data，数据行数：18071]
2025-10-17 04:56:50,447 [INFO] [开始读取数据库表：sales_data]
2025-10-17 04:56:52,544 [INFO] [成功读取表 sales_data，数据行数：21784]
2025-10-17 04:56:53,554 [INFO] [开始读取数据库表：jingpin_data]
2025-10-17 04:56:53,636 [INFO] [成功读取表 jingpin_data，数据行数：4314]
2025-10-17 04:56:53,672 [INFO] [开始读取数据库表：inventory_data]
2025-10-17 04:56:53,909 [INFO] [成功读取表 inventory_data，数据行数：6210]
2025-10-17 04:56:53,909 [INFO] [开始读取数据库表：tuiding_data]
2025-10-17 04:56:53,974 [INFO] [成功读取表 tuiding_data，数据行数：3175]
2025-10-17 04:56:53,974 [INFO] [开始读取数据库表：debit_data]
2025-10-17 04:56:54,489 [INFO] [成功读取表 debit_data，数据行数：14451]
2025-10-17 04:56:54,746 [INFO] [开始读取数据库表：sales_invoice_data]
2025-10-17 04:56:55,326 [INFO] [成功读取表 sales_invoice_data，数据行数：15710]
2025-10-17 05:26:51,165 [INFO] [数据库引擎创建成功]
2025-10-17 05:26:51,165 [INFO] [开始读取数据库表：order_data]
2025-10-17 05:26:51,569 [INFO] [成功读取表 order_data，数据行数：18071]
2025-10-17 05:26:51,713 [INFO] [开始读取数据库表：sales_data]
2025-10-17 05:26:53,992 [INFO] [成功读取表 sales_data，数据行数：21784]
2025-10-17 05:26:55,107 [INFO] [开始读取数据库表：jingpin_data]
2025-10-17 05:26:55,236 [INFO] [成功读取表 jingpin_data，数据行数：4314]
2025-10-17 05:26:55,289 [INFO] [开始读取数据库表：inventory_data]
2025-10-17 05:26:55,596 [INFO] [成功读取表 inventory_data，数据行数：6210]
2025-10-17 05:26:55,597 [INFO] [开始读取数据库表：tuiding_data]
2025-10-17 05:26:55,689 [INFO] [成功读取表 tuiding_data，数据行数：3175]
2025-10-17 05:26:55,689 [INFO] [开始读取数据库表：debit_data]
2025-10-17 05:26:56,219 [INFO] [成功读取表 debit_data，数据行数：14451]
2025-10-17 05:26:56,407 [INFO] [开始读取数据库表：sales_invoice_data]
2025-10-17 05:26:56,822 [INFO] [成功读取表 sales_invoice_data，数据行数：15710]
2025-10-17 05:56:50,069 [INFO] [数据库引擎创建成功]
2025-10-17 05:56:50,069 [INFO] [开始读取数据库表：order_data]
2025-10-17 05:56:50,441 [INFO] [成功读取表 order_data，数据行数：18071]
2025-10-17 05:56:50,603 [INFO] [开始读取数据库表：sales_data]
2025-10-17 05:56:52,639 [INFO] [成功读取表 sales_data，数据行数：21784]
2025-10-17 05:56:53,672 [INFO] [开始读取数据库表：jingpin_data]
2025-10-17 05:56:53,770 [INFO] [成功读取表 jingpin_data，数据行数：4314]
2025-10-17 05:56:53,810 [INFO] [开始读取数据库表：inventory_data]
2025-10-17 05:56:54,012 [INFO] [成功读取表 inventory_data，数据行数：6210]
2025-10-17 05:56:54,012 [INFO] [开始读取数据库表：tuiding_data]
2025-10-17 05:56:54,082 [INFO] [成功读取表 tuiding_data，数据行数：3175]
2025-10-17 05:56:54,082 [INFO] [开始读取数据库表：debit_data]
2025-10-17 05:56:54,584 [INFO] [成功读取表 debit_data，数据行数：14451]
2025-10-17 05:56:54,772 [INFO] [开始读取数据库表：sales_invoice_data]
2025-10-17 05:56:55,194 [INFO] [成功读取表 sales_invoice_data，数据行数：15710]
2025-10-17 06:27:12,203 [INFO] [数据库引擎创建成功]
2025-10-17 06:27:12,204 [INFO] [开始读取数据库表：order_data]
2025-10-17 06:27:12,802 [INFO] [成功读取表 order_data，数据行数：18071]
2025-10-17 06:27:12,997 [INFO] [开始读取数据库表：sales_data]
2025-10-17 06:27:15,247 [INFO] [成功读取表 sales_data，数据行数：21784]
2025-10-17 06:27:16,163 [INFO] [开始读取数据库表：jingpin_data]
2025-10-17 06:27:16,237 [INFO] [成功读取表 jingpin_data，数据行数：4314]
2025-10-17 06:27:16,265 [INFO] [开始读取数据库表：inventory_data]
2025-10-17 06:27:16,436 [INFO] [成功读取表 inventory_data，数据行数：6210]
2025-10-17 06:27:16,436 [INFO] [开始读取数据库表：tuiding_data]
2025-10-17 06:27:16,491 [INFO] [成功读取表 tuiding_data，数据行数：3175]
2025-10-17 06:27:16,491 [INFO] [开始读取数据库表：debit_data]
2025-10-17 06:27:16,958 [INFO] [成功读取表 debit_data，数据行数：14451]
2025-10-17 06:27:17,198 [INFO] [开始读取数据库表：sales_invoice_data]
2025-10-17 06:27:17,759 [INFO] [成功读取表 sales_invoice_data，数据行数：15710]
2025-10-17 06:57:01,974 [INFO] [数据库引擎创建成功]
2025-10-17 06:57:01,974 [INFO] [开始读取数据库表：order_data]
2025-10-17 06:57:02,399 [INFO] [成功读取表 order_data，数据行数：18071]
2025-10-17 06:57:02,546 [INFO] [开始读取数据库表：sales_data]
2025-10-17 06:57:04,682 [INFO] [成功读取表 sales_data，数据行数：21784]
2025-10-17 06:57:05,568 [INFO] [开始读取数据库表：jingpin_data]
2025-10-17 06:57:05,641 [INFO] [成功读取表 jingpin_data，数据行数：4314]
2025-10-17 06:57:05,667 [INFO] [开始读取数据库表：inventory_data]
2025-10-17 06:57:05,867 [INFO] [成功读取表 inventory_data，数据行数：6210]
2025-10-17 06:57:05,868 [INFO] [开始读取数据库表：tuiding_data]
2025-10-17 06:57:05,917 [INFO] [成功读取表 tuiding_data，数据行数：3175]
2025-10-17 06:57:05,917 [INFO] [开始读取数据库表：debit_data]
2025-10-17 06:57:06,306 [INFO] [成功读取表 debit_data，数据行数：14451]
2025-10-17 06:57:06,475 [INFO] [开始读取数据库表：sales_invoice_data]
2025-10-17 06:57:06,855 [INFO] [成功读取表 sales_invoice_data，数据行数：15710]
2025-10-17 07:27:21,563 [INFO] [数据库引擎创建成功]
2025-10-17 07:27:21,563 [INFO] [开始读取数据库表：order_data]
2025-10-17 07:27:21,938 [INFO] [成功读取表 order_data，数据行数：18072]
2025-10-17 07:27:22,091 [INFO] [开始读取数据库表：sales_data]
2025-10-17 07:27:24,205 [INFO] [成功读取表 sales_data，数据行数：21784]
2025-10-17 07:27:25,136 [INFO] [开始读取数据库表：jingpin_data]
2025-10-17 07:27:25,202 [INFO] [成功读取表 jingpin_data，数据行数：4314]
2025-10-17 07:27:25,227 [INFO] [开始读取数据库表：inventory_data]
2025-10-17 07:27:25,400 [INFO] [成功读取表 inventory_data，数据行数：6210]
2025-10-17 07:27:25,400 [INFO] [开始读取数据库表：tuiding_data]
2025-10-17 07:27:25,449 [INFO] [成功读取表 tuiding_data，数据行数：3175]
2025-10-17 07:27:25,449 [INFO] [开始读取数据库表：debit_data]
2025-10-17 07:27:25,835 [INFO] [成功读取表 debit_data，数据行数：14451]
2025-10-17 07:27:26,002 [INFO] [开始读取数据库表：sales_invoice_data]
2025-10-17 07:27:26,404 [INFO] [成功读取表 sales_invoice_data，数据行数：15711]
2025-10-17 07:56:47,413 [INFO] [数据库引擎创建成功]
2025-10-17 07:56:47,413 [INFO] [开始读取数据库表：order_data]
2025-10-17 07:56:47,797 [INFO] [成功读取表 order_data，数据行数：18072]
2025-10-17 07:56:47,940 [INFO] [开始读取数据库表：sales_data]
2025-10-17 07:56:49,770 [INFO] [成功读取表 sales_data，数据行数：21784]
2025-10-17 07:56:50,629 [INFO] [开始读取数据库表：jingpin_data]
2025-10-17 07:56:50,690 [INFO] [成功读取表 jingpin_data，数据行数：4314]
2025-10-17 07:56:50,717 [INFO] [开始读取数据库表：inventory_data]
2025-10-17 07:56:50,895 [INFO] [成功读取表 inventory_data，数据行数：6211]
2025-10-17 07:56:50,895 [INFO] [开始读取数据库表：tuiding_data]
2025-10-17 07:56:50,946 [INFO] [成功读取表 tuiding_data，数据行数：3175]
2025-10-17 07:56:50,946 [INFO] [开始读取数据库表：debit_data]
2025-10-17 07:56:51,352 [INFO] [成功读取表 debit_data，数据行数：14452]
2025-10-17 07:56:51,539 [INFO] [开始读取数据库表：sales_invoice_data]
2025-10-17 07:56:51,868 [INFO] [成功读取表 sales_invoice_data，数据行数：15713]
2025-10-17 08:27:06,503 [INFO] [数据库引擎创建成功]
2025-10-17 08:27:06,503 [INFO] [开始读取数据库表：order_data]
2025-10-17 08:27:06,908 [INFO] [成功读取表 order_data，数据行数：18074]
2025-10-17 08:27:07,057 [INFO] [开始读取数据库表：sales_data]
2025-10-17 08:27:09,373 [INFO] [成功读取表 sales_data，数据行数：21784]
2025-10-17 08:27:10,393 [INFO] [开始读取数据库表：jingpin_data]
2025-10-17 08:27:10,461 [INFO] [成功读取表 jingpin_data，数据行数：4314]
2025-10-17 08:27:10,487 [INFO] [开始读取数据库表：inventory_data]
2025-10-17 08:27:10,670 [INFO] [成功读取表 inventory_data，数据行数：6211]
2025-10-17 08:27:10,670 [INFO] [开始读取数据库表：tuiding_data]
2025-10-17 08:27:10,726 [INFO] [成功读取表 tuiding_data，数据行数：3175]
2025-10-17 08:27:10,726 [INFO] [开始读取数据库表：debit_data]
2025-10-17 08:27:11,131 [INFO] [成功读取表 debit_data，数据行数：14452]
2025-10-17 08:27:11,297 [INFO] [开始读取数据库表：sales_invoice_data]
2025-10-17 08:27:11,706 [INFO] [成功读取表 sales_invoice_data，数据行数：15723]
2025-10-17 08:57:29,814 [INFO] [数据库引擎创建成功]
2025-10-17 08:57:29,814 [INFO] [开始读取数据库表：order_data]
2025-10-17 08:57:30,216 [INFO] [成功读取表 order_data，数据行数：18077]
2025-10-17 08:57:30,387 [INFO] [开始读取数据库表：sales_data]
2025-10-17 08:57:32,685 [INFO] [成功读取表 sales_data，数据行数：21784]
2025-10-17 08:57:33,853 [INFO] [开始读取数据库表：jingpin_data]
2025-10-17 08:57:33,998 [INFO] [成功读取表 jingpin_data，数据行数：4314]
2025-10-17 08:57:34,033 [INFO] [开始读取数据库表：inventory_data]
2025-10-17 08:57:34,304 [INFO] [成功读取表 inventory_data，数据行数：6212]
2025-10-17 08:57:34,304 [INFO] [开始读取数据库表：tuiding_data]
2025-10-17 08:57:34,401 [INFO] [成功读取表 tuiding_data，数据行数：3175]
2025-10-17 08:57:34,401 [INFO] [开始读取数据库表：debit_data]
2025-10-17 08:57:34,865 [INFO] [成功读取表 debit_data，数据行数：14453]
2025-10-17 08:57:35,130 [INFO] [开始读取数据库表：sales_invoice_data]
2025-10-17 08:57:35,625 [INFO] [成功读取表 sales_invoice_data，数据行数：15738]
2025-10-17 09:13:10,243 [INFO] [数据库引擎创建成功]
2025-10-17 09:13:10,243 [INFO] [开始读取数据库表：order_data]
2025-10-17 09:13:10,688 [INFO] [成功读取表 order_data，数据行数：18078]
2025-10-17 09:13:10,835 [INFO] [开始读取数据库表：sales_data]
2025-10-17 09:13:12,833 [INFO] [成功读取表 sales_data，数据行数：21785]
2025-10-17 09:13:13,647 [INFO] [开始读取数据库表：jingpin_data]
2025-10-17 09:13:13,711 [INFO] [成功读取表 jingpin_data，数据行数：4314]
2025-10-17 09:13:13,737 [INFO] [开始读取数据库表：inventory_data]
2025-10-17 09:13:13,914 [INFO] [成功读取表 inventory_data，数据行数：6213]
2025-10-17 09:13:13,914 [INFO] [开始读取数据库表：tuiding_data]
2025-10-17 09:13:13,970 [INFO] [成功读取表 tuiding_data，数据行数：3182]
2025-10-17 09:13:13,970 [INFO] [开始读取数据库表：debit_data]
2025-10-17 09:13:14,353 [INFO] [成功读取表 debit_data，数据行数：14454]
2025-10-17 09:13:14,502 [INFO] [开始读取数据库表：sales_invoice_data]
2025-10-17 09:13:14,855 [INFO] [成功读取表 sales_invoice_data，数据行数：15749]
2025-10-17 09:27:44,046 [INFO] [数据库引擎创建成功]
2025-10-17 09:27:44,049 [INFO] [开始读取数据库表：order_data]
2025-10-17 09:27:44,668 [INFO] [成功读取表 order_data，数据行数：18082]
2025-10-17 09:27:45,069 [INFO] [开始读取数据库表：sales_data]
2025-10-17 09:27:49,508 [INFO] [成功读取表 sales_data，数据行数：21785]
2025-10-17 09:27:51,896 [INFO] [开始读取数据库表：jingpin_data]
2025-10-17 09:27:52,179 [INFO] [成功读取表 jingpin_data，数据行数：4314]
2025-10-17 09:27:52,253 [INFO] [开始读取数据库表：inventory_data]
2025-10-17 09:27:52,886 [INFO] [成功读取表 inventory_data，数据行数：6216]
2025-10-17 09:27:52,886 [INFO] [开始读取数据库表：tuiding_data]
2025-10-17 09:27:53,038 [INFO] [成功读取表 tuiding_data，数据行数：3182]
2025-10-17 09:27:53,039 [INFO] [开始读取数据库表：debit_data]
2025-10-17 09:27:54,024 [INFO] [成功读取表 debit_data，数据行数：14457]
2025-10-17 09:27:54,409 [INFO] [开始读取数据库表：sales_invoice_data]
2025-10-17 09:27:55,368 [INFO] [成功读取表 sales_invoice_data，数据行数：15757]
2025-10-17 09:57:56,447 [INFO] [数据库引擎创建成功]
2025-10-17 09:57:56,447 [INFO] [开始读取数据库表：order_data]
2025-10-17 09:57:56,929 [INFO] [成功读取表 order_data，数据行数：18090]
2025-10-17 09:57:57,095 [INFO] [开始读取数据库表：sales_data]
2025-10-17 09:57:59,353 [INFO] [成功读取表 sales_data，数据行数：21787]
2025-10-17 09:58:00,677 [INFO] [开始读取数据库表：jingpin_data]
2025-10-17 09:58:00,855 [INFO] [成功读取表 jingpin_data，数据行数：4315]
2025-10-17 09:58:00,915 [INFO] [开始读取数据库表：inventory_data]
2025-10-17 09:58:01,368 [INFO] [成功读取表 inventory_data，数据行数：6218]
2025-10-17 09:58:01,368 [INFO] [开始读取数据库表：tuiding_data]
2025-10-17 09:58:01,494 [INFO] [成功读取表 tuiding_data，数据行数：3184]
2025-10-17 09:58:01,494 [INFO] [开始读取数据库表：debit_data]
2025-10-17 09:58:02,312 [INFO] [成功读取表 debit_data，数据行数：14459]
2025-10-17 09:58:02,551 [INFO] [开始读取数据库表：sales_invoice_data]
2025-10-17 09:58:03,403 [INFO] [成功读取表 sales_invoice_data，数据行数：15779]
2025-10-17 10:27:45,224 [INFO] [数据库引擎创建成功]
2025-10-17 10:27:45,224 [INFO] [开始读取数据库表：order_data]
2025-10-17 10:27:45,691 [INFO] [成功读取表 order_data，数据行数：18109]
2025-10-17 10:27:45,843 [INFO] [开始读取数据库表：sales_data]
2025-10-17 10:27:48,107 [INFO] [成功读取表 sales_data，数据行数：21793]
2025-10-17 10:27:49,035 [INFO] [开始读取数据库表：jingpin_data]
2025-10-17 10:27:49,142 [INFO] [成功读取表 jingpin_data，数据行数：4315]
2025-10-17 10:27:49,190 [INFO] [开始读取数据库表：inventory_data]
2025-10-17 10:27:49,478 [INFO] [成功读取表 inventory_data，数据行数：6221]
2025-10-17 10:27:49,478 [INFO] [开始读取数据库表：tuiding_data]
2025-10-17 10:27:49,539 [INFO] [成功读取表 tuiding_data，数据行数：3184]
2025-10-17 10:27:49,540 [INFO] [开始读取数据库表：debit_data]
2025-10-17 10:27:50,022 [INFO] [成功读取表 debit_data，数据行数：14461]
2025-10-17 10:27:50,229 [INFO] [开始读取数据库表：sales_invoice_data]
2025-10-17 10:27:50,740 [INFO] [成功读取表 sales_invoice_data，数据行数：15810]
2025-10-17 10:57:54,576 [INFO] [数据库引擎创建成功]
2025-10-17 10:57:54,576 [INFO] [开始读取数据库表：order_data]
2025-10-17 10:57:55,040 [INFO] [成功读取表 order_data，数据行数：18120]
2025-10-17 10:57:55,198 [INFO] [开始读取数据库表：sales_data]
2025-10-17 10:57:57,149 [INFO] [成功读取表 sales_data，数据行数：21807]
2025-10-17 10:57:58,027 [INFO] [开始读取数据库表：jingpin_data]
2025-10-17 10:57:58,095 [INFO] [成功读取表 jingpin_data，数据行数：4315]
2025-10-17 10:57:58,129 [INFO] [开始读取数据库表：inventory_data]
2025-10-17 10:57:58,309 [INFO] [成功读取表 inventory_data，数据行数：6221]
2025-10-17 10:57:58,309 [INFO] [开始读取数据库表：tuiding_data]
2025-10-17 10:57:58,360 [INFO] [成功读取表 tuiding_data，数据行数：3184]
2025-10-17 10:57:58,361 [INFO] [开始读取数据库表：debit_data]
2025-10-17 10:57:58,770 [INFO] [成功读取表 debit_data，数据行数：14462]
2025-10-17 10:57:58,937 [INFO] [开始读取数据库表：sales_invoice_data]
2025-10-17 10:57:59,324 [INFO] [成功读取表 sales_invoice_data，数据行数：15831]
2025-10-17 11:28:03,612 [INFO] [数据库引擎创建成功]
2025-10-17 11:28:03,612 [INFO] [开始读取数据库表：order_data]
2025-10-17 11:28:04,011 [INFO] [成功读取表 order_data，数据行数：18136]
2025-10-17 11:28:04,143 [INFO] [开始读取数据库表：sales_data]
2025-10-17 11:28:06,047 [INFO] [成功读取表 sales_data，数据行数：21814]
2025-10-17 11:28:06,881 [INFO] [开始读取数据库表：jingpin_data]
2025-10-17 11:28:06,947 [INFO] [成功读取表 jingpin_data，数据行数：4315]
2025-10-17 11:28:06,972 [INFO] [开始读取数据库表：inventory_data]
2025-10-17 11:28:07,660 [INFO] [成功读取表 inventory_data，数据行数：6226]
2025-10-17 11:28:07,660 [INFO] [开始读取数据库表：tuiding_data]
2025-10-17 11:28:08,350 [INFO] [成功读取表 tuiding_data，数据行数：3184]
2025-10-17 11:28:08,351 [INFO] [开始读取数据库表：debit_data]
2025-10-17 11:28:10,583 [INFO] [成功读取表 debit_data，数据行数：14466]
2025-10-17 11:28:11,060 [INFO] [开始读取数据库表：sales_invoice_data]
2025-10-17 11:28:11,947 [INFO] [成功读取表 sales_invoice_data，数据行数：15862]
2025-10-17 11:42:24,370 [INFO] [数据库引擎创建成功]
2025-10-17 11:42:24,370 [INFO] [开始读取数据库表：order_data]
2025-10-17 11:42:24,797 [INFO] [成功读取表 order_data，数据行数：18159]
2025-10-17 11:42:24,939 [INFO] [开始读取数据库表：sales_data]
2025-10-17 11:42:26,863 [INFO] [成功读取表 sales_data，数据行数：21891]
2025-10-17 11:42:27,692 [INFO] [开始读取数据库表：jingpin_data]
2025-10-17 11:42:27,757 [INFO] [成功读取表 jingpin_data，数据行数：4329]
2025-10-17 11:42:27,785 [INFO] [开始读取数据库表：inventory_data]
2025-10-17 11:42:27,985 [INFO] [成功读取表 inventory_data，数据行数：6779]
2025-10-17 11:42:27,985 [INFO] [开始读取数据库表：tuiding_data]
2025-10-17 11:42:28,036 [INFO] [成功读取表 tuiding_data，数据行数：3195]
2025-10-17 11:42:28,036 [INFO] [开始读取数据库表：debit_data]
2025-10-17 11:42:28,421 [INFO] [成功读取表 debit_data，数据行数：14798]
2025-10-17 11:42:28,583 [INFO] [开始读取数据库表：sales_invoice_data]
2025-10-17 11:42:28,932 [INFO] [成功读取表 sales_invoice_data，数据行数：15911]
2025-10-17 11:45:38,247 [INFO] [数据库引擎创建成功]
2025-10-17 11:45:38,248 [INFO] [开始读取数据库表：order_data]
2025-10-17 11:45:39,218 [INFO] [成功读取表 order_data，数据行数：18159]
2025-10-17 11:45:39,464 [INFO] [开始读取数据库表：sales_data]
2025-10-17 11:45:43,321 [INFO] [成功读取表 sales_data，数据行数：21891]
2025-10-17 11:45:45,413 [INFO] [开始读取数据库表：jingpin_data]
2025-10-17 11:45:45,633 [INFO] [成功读取表 jingpin_data，数据行数：4329]
2025-10-17 11:45:45,702 [INFO] [开始读取数据库表：inventory_data]
2025-10-17 11:45:46,284 [INFO] [成功读取表 inventory_data，数据行数：6779]
2025-10-17 11:45:46,285 [INFO] [开始读取数据库表：tuiding_data]
2025-10-17 11:45:46,463 [INFO] [成功读取表 tuiding_data，数据行数：3195]
2025-10-17 11:45:46,464 [INFO] [开始读取数据库表：debit_data]
2025-10-17 11:45:47,631 [INFO] [成功读取表 debit_data，数据行数：14798]
2025-10-17 11:45:48,067 [INFO] [开始读取数据库表：sales_invoice_data]
2025-10-17 11:45:48,845 [INFO] [成功读取表 sales_invoice_data，数据行数：15911]
2025-10-17 11:57:59,227 [INFO] [数据库引擎创建成功]
2025-10-17 11:57:59,228 [INFO] [开始读取数据库表：order_data]
2025-10-17 11:57:59,554 [INFO] [成功读取表 order_data，数据行数：18167]
2025-10-17 11:57:59,674 [INFO] [开始读取数据库表：sales_data]
2025-10-17 11:58:04,677 [INFO] [成功读取表 sales_data，数据行数：21894]
2025-10-17 11:58:06,617 [INFO] [开始读取数据库表：jingpin_data]
2025-10-17 11:58:06,783 [INFO] [成功读取表 jingpin_data，数据行数：4329]
2025-10-17 11:58:06,836 [INFO] [开始读取数据库表：inventory_data]
2025-10-17 11:58:07,278 [INFO] [成功读取表 inventory_data，数据行数：6779]
2025-10-17 11:58:07,278 [INFO] [开始读取数据库表：tuiding_data]
2025-10-17 11:58:07,386 [INFO] [成功读取表 tuiding_data，数据行数：3195]
2025-10-17 11:58:07,386 [INFO] [开始读取数据库表：debit_data]
2025-10-17 11:58:08,311 [INFO] [成功读取表 debit_data，数据行数：14831]
2025-10-17 11:58:08,639 [INFO] [开始读取数据库表：sales_invoice_data]
2025-10-17 11:58:09,572 [INFO] [成功读取表 sales_invoice_data，数据行数：15925]
2025-10-17 12:27:37,828 [INFO] [数据库引擎创建成功]
2025-10-17 12:27:37,828 [INFO] [开始读取数据库表：order_data]
2025-10-17 12:27:38,315 [INFO] [成功读取表 order_data，数据行数：18180]
2025-10-17 12:27:38,491 [INFO] [开始读取数据库表：sales_data]
2025-10-17 12:27:40,599 [INFO] [成功读取表 sales_data，数据行数：21898]
2025-10-17 12:27:41,553 [INFO] [开始读取数据库表：jingpin_data]
2025-10-17 12:27:41,673 [INFO] [成功读取表 jingpin_data，数据行数：4329]
2025-10-17 12:27:41,705 [INFO] [开始读取数据库表：inventory_data]
2025-10-17 12:27:41,937 [INFO] [成功读取表 inventory_data，数据行数：6781]
2025-10-17 12:27:41,937 [INFO] [开始读取数据库表：tuiding_data]
2025-10-17 12:27:42,000 [INFO] [成功读取表 tuiding_data，数据行数：3196]
2025-10-17 12:27:42,000 [INFO] [开始读取数据库表：debit_data]
2025-10-17 12:27:42,474 [INFO] [成功读取表 debit_data，数据行数：14892]
2025-10-17 12:27:42,633 [INFO] [开始读取数据库表：sales_invoice_data]
2025-10-17 12:27:43,018 [INFO] [成功读取表 sales_invoice_data，数据行数：15941]
2025-10-17 12:57:30,728 [INFO] [数据库引擎创建成功]
2025-10-17 12:57:30,729 [INFO] [开始读取数据库表：order_data]
2025-10-17 12:57:31,169 [INFO] [成功读取表 order_data，数据行数：18192]
2025-10-17 12:57:31,322 [INFO] [开始读取数据库表：sales_data]
2025-10-17 12:57:33,859 [INFO] [成功读取表 sales_data，数据行数：21907]
2025-10-17 12:57:34,920 [INFO] [开始读取数据库表：jingpin_data]
2025-10-17 12:57:35,005 [INFO] [成功读取表 jingpin_data，数据行数：4329]
2025-10-17 12:57:35,039 [INFO] [开始读取数据库表：inventory_data]
2025-10-17 12:57:35,283 [INFO] [成功读取表 inventory_data，数据行数：6900]
2025-10-17 12:57:35,283 [INFO] [开始读取数据库表：tuiding_data]
2025-10-17 12:57:35,377 [INFO] [成功读取表 tuiding_data，数据行数：3196]
2025-10-17 12:57:35,377 [INFO] [开始读取数据库表：debit_data]
2025-10-17 12:57:35,853 [INFO] [成功读取表 debit_data，数据行数：14969]
2025-10-17 12:57:36,052 [INFO] [开始读取数据库表：sales_invoice_data]
2025-10-17 12:57:36,550 [INFO] [成功读取表 sales_invoice_data，数据行数：15965]
2025-10-17 13:27:41,478 [INFO] [数据库引擎创建成功]
2025-10-17 13:27:41,478 [INFO] [开始读取数据库表：order_data]
2025-10-17 13:27:41,901 [INFO] [成功读取表 order_data，数据行数：18208]
2025-10-17 13:27:42,068 [INFO] [开始读取数据库表：sales_data]
2025-10-17 13:27:44,144 [INFO] [成功读取表 sales_data，数据行数：21913]
2025-10-17 13:27:45,148 [INFO] [开始读取数据库表：jingpin_data]
2025-10-17 13:27:45,238 [INFO] [成功读取表 jingpin_data，数据行数：4329]
2025-10-17 13:27:45,267 [INFO] [开始读取数据库表：inventory_data]
2025-10-17 13:27:45,489 [INFO] [成功读取表 inventory_data，数据行数：6902]
2025-10-17 13:27:45,489 [INFO] [开始读取数据库表：tuiding_data]
2025-10-17 13:27:45,590 [INFO] [成功读取表 tuiding_data，数据行数：3196]
2025-10-17 13:27:45,591 [INFO] [开始读取数据库表：debit_data]
2025-10-17 13:27:45,999 [INFO] [成功读取表 debit_data，数据行数：14973]
2025-10-17 13:27:46,185 [INFO] [开始读取数据库表：sales_invoice_data]
2025-10-17 13:27:46,594 [INFO] [成功读取表 sales_invoice_data，数据行数：15990]
2025-10-17 13:58:38,245 [INFO] [数据库引擎创建成功]
2025-10-17 13:58:38,245 [INFO] [开始读取数据库表：order_data]
2025-10-17 13:58:39,601 [INFO] [成功读取表 order_data，数据行数：18220]
2025-10-17 13:58:39,772 [INFO] [开始读取数据库表：sales_data]
2025-10-17 13:58:44,895 [INFO] [成功读取表 sales_data，数据行数：21922]
2025-10-17 13:58:46,823 [INFO] [开始读取数据库表：jingpin_data]
2025-10-17 13:58:47,013 [INFO] [成功读取表 jingpin_data，数据行数：4331]
2025-10-17 13:58:47,063 [INFO] [开始读取数据库表：inventory_data]
2025-10-17 13:58:47,564 [INFO] [成功读取表 inventory_data，数据行数：6905]
2025-10-17 13:58:47,564 [INFO] [开始读取数据库表：tuiding_data]
2025-10-17 13:58:47,731 [INFO] [成功读取表 tuiding_data，数据行数：3197]
2025-10-17 13:58:47,731 [INFO] [开始读取数据库表：debit_data]
2025-10-17 13:58:48,607 [INFO] [成功读取表 debit_data，数据行数：14974]
2025-10-17 13:58:48,925 [INFO] [开始读取数据库表：sales_invoice_data]
2025-10-17 13:58:49,783 [INFO] [成功读取表 sales_invoice_data，数据行数：16013]
2025-10-17 14:28:35,559 [INFO] [数据库引擎创建成功]
2025-10-17 14:28:35,559 [INFO] [开始读取数据库表：order_data]
2025-10-17 14:28:36,120 [INFO] [成功读取表 order_data，数据行数：18240]
2025-10-17 14:28:36,302 [INFO] [开始读取数据库表：sales_data]
2025-10-17 14:28:43,410 [INFO] [成功读取表 sales_data，数据行数：21941]
2025-10-17 14:28:45,625 [INFO] [开始读取数据库表：jingpin_data]
2025-10-17 14:28:45,915 [INFO] [成功读取表 jingpin_data，数据行数：4331]
2025-10-17 14:28:45,994 [INFO] [开始读取数据库表：inventory_data]
2025-10-17 14:28:46,714 [INFO] [成功读取表 inventory_data，数据行数：6916]
2025-10-17 14:28:46,714 [INFO] [开始读取数据库表：tuiding_data]
2025-10-17 14:28:46,913 [INFO] [成功读取表 tuiding_data，数据行数：3197]
2025-10-17 14:28:46,913 [INFO] [开始读取数据库表：debit_data]
2025-10-17 14:28:49,584 [INFO] [成功读取表 debit_data，数据行数：14980]
2025-10-17 14:28:50,061 [INFO] [开始读取数据库表：sales_invoice_data]
2025-10-17 14:28:51,487 [INFO] [成功读取表 sales_invoice_data，数据行数：16040]
2025-10-17 14:38:37,462 [INFO] [数据库引擎创建成功]
2025-10-17 14:38:37,463 [INFO] [开始读取数据库表：order_data]
2025-10-17 14:38:37,965 [INFO] [成功读取表 order_data，数据行数：18240]
2025-10-17 14:38:38,121 [INFO] [开始读取数据库表：sales_data]
2025-10-17 14:38:40,128 [INFO] [成功读取表 sales_data，数据行数：21941]
2025-10-17 14:38:41,152 [INFO] [开始读取数据库表：jingpin_data]
2025-10-17 14:38:41,268 [INFO] [成功读取表 jingpin_data，数据行数：4331]
2025-10-17 14:38:41,310 [INFO] [开始读取数据库表：inventory_data]
2025-10-17 14:38:41,558 [INFO] [成功读取表 inventory_data，数据行数：6916]
2025-10-17 14:38:41,558 [INFO] [开始读取数据库表：tuiding_data]
2025-10-17 14:38:41,646 [INFO] [成功读取表 tuiding_data，数据行数：3197]
2025-10-17 14:38:41,646 [INFO] [开始读取数据库表：debit_data]
2025-10-17 14:38:42,173 [INFO] [成功读取表 debit_data，数据行数：14980]
2025-10-17 14:38:42,394 [INFO] [开始读取数据库表：sales_invoice_data]
2025-10-17 14:38:42,784 [INFO] [成功读取表 sales_invoice_data，数据行数：16040]
2025-10-17 14:58:05,772 [INFO] [数据库引擎创建成功]
2025-10-17 14:58:05,772 [INFO] [开始读取数据库表：order_data]
2025-10-17 14:58:06,175 [INFO] [成功读取表 order_data，数据行数：18268]
2025-10-17 14:58:06,317 [INFO] [开始读取数据库表：sales_data]
2025-10-17 14:58:08,244 [INFO] [成功读取表 sales_data，数据行数：21954]
2025-10-17 14:58:09,095 [INFO] [开始读取数据库表：jingpin_data]
2025-10-17 14:58:09,158 [INFO] [成功读取表 jingpin_data，数据行数：4332]
2025-10-17 14:58:09,184 [INFO] [开始读取数据库表：inventory_data]
2025-10-17 14:58:09,383 [INFO] [成功读取表 inventory_data，数据行数：6921]
2025-10-17 14:58:09,384 [INFO] [开始读取数据库表：tuiding_data]
2025-10-17 14:58:09,472 [INFO] [成功读取表 tuiding_data，数据行数：3198]
2025-10-17 14:58:09,472 [INFO] [开始读取数据库表：debit_data]
2025-10-17 14:58:09,826 [INFO] [成功读取表 debit_data，数据行数：14984]
2025-10-17 14:58:09,988 [INFO] [开始读取数据库表：sales_invoice_data]
2025-10-17 14:58:10,350 [INFO] [成功读取表 sales_invoice_data，数据行数：16071]
2025-10-17 15:06:13,059 [INFO] [数据库引擎创建成功]
2025-10-17 15:06:13,059 [INFO] [开始读取数据库表：order_data]
2025-10-17 15:06:13,568 [INFO] [成功读取表 order_data，数据行数：18268]
2025-10-17 15:06:13,730 [INFO] [开始读取数据库表：sales_data]
2025-10-17 15:06:16,196 [INFO] [成功读取表 sales_data，数据行数：21954]
2025-10-17 15:06:17,248 [INFO] [开始读取数据库表：jingpin_data]
2025-10-17 15:06:17,324 [INFO] [成功读取表 jingpin_data，数据行数：4332]
2025-10-17 15:06:17,353 [INFO] [开始读取数据库表：inventory_data]
2025-10-17 15:06:17,574 [INFO] [成功读取表 inventory_data，数据行数：6921]
2025-10-17 15:06:17,575 [INFO] [开始读取数据库表：tuiding_data]
2025-10-17 15:06:17,656 [INFO] [成功读取表 tuiding_data，数据行数：3198]
2025-10-17 15:06:17,656 [INFO] [开始读取数据库表：debit_data]
2025-10-17 15:06:18,046 [INFO] [成功读取表 debit_data，数据行数：14984]
2025-10-17 15:06:18,205 [INFO] [开始读取数据库表：sales_invoice_data]
2025-10-17 15:06:18,575 [INFO] [成功读取表 sales_invoice_data，数据行数：16071]
2025-10-17 15:06:45,638 [INFO] [数据库引擎创建成功]
2025-10-17 15:06:45,638 [INFO] [开始读取数据库表：order_data]
2025-10-17 15:06:46,032 [INFO] [成功读取表 order_data，数据行数：18268]
2025-10-17 15:06:46,195 [INFO] [开始读取数据库表：sales_data]
2025-10-17 15:06:48,456 [INFO] [成功读取表 sales_data，数据行数：21954]
2025-10-17 15:06:49,440 [INFO] [开始读取数据库表：jingpin_data]
2025-10-17 15:06:49,514 [INFO] [成功读取表 jingpin_data，数据行数：4332]
2025-10-17 15:06:49,542 [INFO] [开始读取数据库表：inventory_data]
2025-10-17 15:06:49,761 [INFO] [成功读取表 inventory_data，数据行数：6921]
2025-10-17 15:06:49,761 [INFO] [开始读取数据库表：tuiding_data]
2025-10-17 15:06:49,856 [INFO] [成功读取表 tuiding_data，数据行数：3198]
2025-10-17 15:06:49,856 [INFO] [开始读取数据库表：debit_data]
2025-10-17 15:06:50,331 [INFO] [成功读取表 debit_data，数据行数：14984]
2025-10-17 15:06:50,635 [INFO] [开始读取数据库表：sales_invoice_data]
2025-10-17 15:06:51,259 [INFO] [成功读取表 sales_invoice_data，数据行数：16071]
2025-10-17 15:23:36,284 [INFO] [数据库引擎创建成功]
2025-10-17 15:23:36,293 [INFO] [开始读取数据库表：order_data]
2025-10-17 15:23:36,774 [INFO] [成功读取表 order_data，数据行数：18286]
2025-10-17 15:23:36,965 [INFO] [开始读取数据库表：sales_data]
2025-10-17 15:23:39,033 [INFO] [成功读取表 sales_data，数据行数：21963]
2025-10-17 15:23:40,006 [INFO] [开始读取数据库表：jingpin_data]
2025-10-17 15:23:40,085 [INFO] [成功读取表 jingpin_data，数据行数：4332]
2025-10-17 15:23:40,122 [INFO] [开始读取数据库表：inventory_data]
2025-10-17 15:23:40,352 [INFO] [成功读取表 inventory_data，数据行数：6925]
2025-10-17 15:23:40,352 [INFO] [开始读取数据库表：tuiding_data]
2025-10-17 15:23:40,436 [INFO] [成功读取表 tuiding_data，数据行数：3198]
2025-10-17 15:23:40,437 [INFO] [开始读取数据库表：debit_data]
2025-10-17 15:23:40,861 [INFO] [成功读取表 debit_data，数据行数：14985]
2025-10-17 15:23:41,059 [INFO] [开始读取数据库表：sales_invoice_data]
2025-10-17 15:23:41,453 [INFO] [成功读取表 sales_invoice_data，数据行数：16095]
2025-10-17 15:27:55,654 [INFO] [数据库引擎创建成功]
2025-10-17 15:27:55,654 [INFO] [开始读取数据库表：order_data]
2025-10-17 15:27:56,097 [INFO] [成功读取表 order_data，数据行数：18290]
2025-10-17 15:27:56,235 [INFO] [开始读取数据库表：sales_data]
2025-10-17 15:27:58,352 [INFO] [成功读取表 sales_data，数据行数：21963]
2025-10-17 15:27:59,446 [INFO] [开始读取数据库表：jingpin_data]
2025-10-17 15:27:59,548 [INFO] [成功读取表 jingpin_data，数据行数：4332]
2025-10-17 15:27:59,588 [INFO] [开始读取数据库表：inventory_data]
2025-10-17 15:27:59,885 [INFO] [成功读取表 inventory_data，数据行数：6925]
2025-10-17 15:27:59,885 [INFO] [开始读取数据库表：tuiding_data]
2025-10-17 15:27:59,989 [INFO] [成功读取表 tuiding_data，数据行数：3198]
2025-10-17 15:27:59,990 [INFO] [开始读取数据库表：debit_data]
2025-10-17 15:28:03,585 [INFO] [成功读取表 debit_data，数据行数：14985]
2025-10-17 15:28:04,077 [INFO] [开始读取数据库表：sales_invoice_data]
2025-10-17 15:28:05,021 [INFO] [成功读取表 sales_invoice_data，数据行数：16100]
2025-10-17 15:57:23,926 [INFO] [数据库引擎创建成功]
2025-10-17 15:57:23,936 [INFO] [开始读取数据库表：order_data]
2025-10-17 15:57:24,533 [INFO] [成功读取表 order_data，数据行数：18307]
2025-10-17 15:57:24,695 [INFO] [开始读取数据库表：sales_data]
2025-10-17 15:57:26,638 [INFO] [成功读取表 sales_data，数据行数：21975]
2025-10-17 15:57:27,464 [INFO] [开始读取数据库表：jingpin_data]
2025-10-17 15:57:27,527 [INFO] [成功读取表 jingpin_data，数据行数：4333]
2025-10-17 15:57:27,553 [INFO] [开始读取数据库表：inventory_data]
2025-10-17 15:57:27,744 [INFO] [成功读取表 inventory_data，数据行数：6927]
2025-10-17 15:57:27,744 [INFO] [开始读取数据库表：tuiding_data]
2025-10-17 15:57:27,815 [INFO] [成功读取表 tuiding_data，数据行数：3198]
2025-10-17 15:57:27,815 [INFO] [开始读取数据库表：debit_data]
2025-10-17 15:57:28,176 [INFO] [成功读取表 debit_data，数据行数：14987]
2025-10-17 15:57:28,353 [INFO] [开始读取数据库表：sales_invoice_data]
2025-10-17 15:57:28,711 [INFO] [成功读取表 sales_invoice_data，数据行数：16125]
2025-10-17 16:27:49,181 [INFO] [数据库引擎创建成功]
2025-10-17 16:27:49,181 [INFO] [开始读取数据库表：order_data]
2025-10-17 16:27:49,587 [INFO] [成功读取表 order_data，数据行数：18334]
2025-10-17 16:27:49,725 [INFO] [开始读取数据库表：sales_data]
2025-10-17 16:27:51,618 [INFO] [成功读取表 sales_data，数据行数：21986]
2025-10-17 16:27:52,450 [INFO] [开始读取数据库表：jingpin_data]
2025-10-17 16:27:52,516 [INFO] [成功读取表 jingpin_data，数据行数：4333]
2025-10-17 16:27:52,544 [INFO] [开始读取数据库表：inventory_data]
2025-10-17 16:27:52,743 [INFO] [成功读取表 inventory_data，数据行数：6928]
2025-10-17 16:27:52,743 [INFO] [开始读取数据库表：tuiding_data]
2025-10-17 16:27:52,820 [INFO] [成功读取表 tuiding_data，数据行数：3198]
2025-10-17 16:27:52,820 [INFO] [开始读取数据库表：debit_data]
2025-10-17 16:27:53,249 [INFO] [成功读取表 debit_data，数据行数：14989]
2025-10-17 16:27:53,462 [INFO] [开始读取数据库表：sales_invoice_data]
2025-10-17 16:27:54,839 [INFO] [成功读取表 sales_invoice_data，数据行数：16163]
2025-10-17 16:57:45,478 [INFO] [数据库引擎创建成功]
2025-10-17 16:57:45,478 [INFO] [开始读取数据库表：order_data]
2025-10-17 16:57:45,967 [INFO] [成功读取表 order_data，数据行数：18351]
2025-10-17 16:57:46,144 [INFO] [开始读取数据库表：sales_data]
2025-10-17 16:57:48,356 [INFO] [成功读取表 sales_data，数据行数：21998]
2025-10-17 16:57:49,216 [INFO] [开始读取数据库表：jingpin_data]
2025-10-17 16:57:49,290 [INFO] [成功读取表 jingpin_data，数据行数：4334]
2025-10-17 16:57:49,321 [INFO] [开始读取数据库表：inventory_data]
2025-10-17 16:57:49,577 [INFO] [成功读取表 inventory_data，数据行数：6929]
2025-10-17 16:57:49,577 [INFO] [开始读取数据库表：tuiding_data]
2025-10-17 16:57:49,643 [INFO] [成功读取表 tuiding_data，数据行数：3198]
2025-10-17 16:57:49,643 [INFO] [开始读取数据库表：debit_data]
2025-10-17 16:57:50,030 [INFO] [成功读取表 debit_data，数据行数：14990]
2025-10-17 16:57:50,193 [INFO] [开始读取数据库表：sales_invoice_data]
2025-10-17 16:57:51,035 [INFO] [成功读取表 sales_invoice_data，数据行数：16187]
2025-10-17 17:27:21,934 [INFO] [数据库引擎创建成功]
2025-10-17 17:27:21,934 [INFO] [开始读取数据库表：order_data]
2025-10-17 17:27:22,331 [INFO] [成功读取表 order_data，数据行数：18368]
2025-10-17 17:27:22,457 [INFO] [开始读取数据库表：sales_data]
2025-10-17 17:27:25,264 [INFO] [成功读取表 sales_data，数据行数：22007]
2025-10-17 17:27:26,761 [INFO] [开始读取数据库表：jingpin_data]
2025-10-17 17:27:27,442 [INFO] [成功读取表 jingpin_data，数据行数：4334]
2025-10-17 17:27:27,574 [INFO] [开始读取数据库表：inventory_data]
2025-10-17 17:27:28,934 [INFO] [成功读取表 inventory_data，数据行数：6930]
2025-10-17 17:27:28,935 [INFO] [开始读取数据库表：tuiding_data]
2025-10-17 17:27:29,087 [INFO] [成功读取表 tuiding_data，数据行数：3200]
2025-10-17 17:27:29,087 [INFO] [开始读取数据库表：debit_data]
2025-10-17 17:27:30,142 [INFO] [成功读取表 debit_data，数据行数：14992]
2025-10-17 17:27:30,471 [INFO] [开始读取数据库表：sales_invoice_data]
2025-10-17 17:27:31,354 [INFO] [成功读取表 sales_invoice_data，数据行数：16207]
2025-10-17 17:41:39,222 [INFO] [数据库引擎创建成功]
2025-10-17 17:41:39,222 [INFO] [开始读取数据库表：order_data]
2025-10-17 17:41:39,569 [INFO] [成功读取表 order_data，数据行数：18368]
2025-10-17 17:41:39,686 [INFO] [开始读取数据库表：sales_data]
2025-10-17 17:41:41,258 [INFO] [成功读取表 sales_data，数据行数：22007]
2025-10-17 17:41:41,969 [INFO] [开始读取数据库表：jingpin_data]
2025-10-17 17:41:42,024 [INFO] [成功读取表 jingpin_data，数据行数：4334]
2025-10-17 17:41:42,046 [INFO] [开始读取数据库表：inventory_data]
2025-10-17 17:41:42,230 [INFO] [成功读取表 inventory_data，数据行数：6930]
2025-10-17 17:41:42,230 [INFO] [开始读取数据库表：tuiding_data]
2025-10-17 17:41:42,271 [INFO] [成功读取表 tuiding_data，数据行数：3200]
2025-10-17 17:41:42,271 [INFO] [开始读取数据库表：debit_data]
2025-10-17 17:41:42,571 [INFO] [成功读取表 debit_data，数据行数：14992]
2025-10-17 17:41:42,702 [INFO] [开始读取数据库表：sales_invoice_data]
2025-10-17 17:41:42,993 [INFO] [成功读取表 sales_invoice_data，数据行数：16207]
2025-10-17 17:42:05,789 [INFO] [数据库引擎创建成功]
2025-10-17 17:42:05,790 [INFO] [开始读取数据库表：order_data]
2025-10-17 17:42:06,161 [INFO] [成功读取表 order_data，数据行数：18368]
2025-10-17 17:42:06,270 [INFO] [开始读取数据库表：sales_data]
2025-10-17 17:42:07,877 [INFO] [成功读取表 sales_data，数据行数：22007]
2025-10-17 17:42:08,707 [INFO] [开始读取数据库表：jingpin_data]
2025-10-17 17:42:08,772 [INFO] [成功读取表 jingpin_data，数据行数：4334]
2025-10-17 17:42:08,799 [INFO] [开始读取数据库表：inventory_data]
2025-10-17 17:42:09,016 [INFO] [成功读取表 inventory_data，数据行数：6930]
2025-10-17 17:42:09,017 [INFO] [开始读取数据库表：tuiding_data]
2025-10-17 17:42:09,067 [INFO] [成功读取表 tuiding_data，数据行数：3200]
2025-10-17 17:42:09,067 [INFO] [开始读取数据库表：debit_data]
2025-10-17 17:42:09,436 [INFO] [成功读取表 debit_data，数据行数：14992]
2025-10-17 17:42:09,617 [INFO] [开始读取数据库表：sales_invoice_data]
2025-10-17 17:42:10,006 [INFO] [成功读取表 sales_invoice_data，数据行数：16207]
2025-10-17 17:58:16,854 [INFO] [数据库引擎创建成功]
2025-10-17 17:58:16,854 [INFO] [开始读取数据库表：order_data]
2025-10-17 17:58:17,462 [INFO] [成功读取表 order_data，数据行数：18396]
2025-10-17 17:58:17,655 [INFO] [开始读取数据库表：sales_data]
2025-10-17 17:58:17,677 [INFO] [成功读取表 sales_data，数据行数：0]
2025-10-17 17:58:18,821 [INFO] [开始读取数据库表：jingpin_data]
2025-10-17 17:58:18,913 [INFO] [成功读取表 jingpin_data，数据行数：4334]
2025-10-17 17:58:18,948 [INFO] [开始读取数据库表：inventory_data]
2025-10-17 17:58:19,253 [INFO] [成功读取表 inventory_data，数据行数：6935]
2025-10-17 17:58:19,253 [INFO] [开始读取数据库表：tuiding_data]
2025-10-17 17:58:19,325 [INFO] [成功读取表 tuiding_data，数据行数：3200]
2025-10-17 17:58:19,325 [INFO] [开始读取数据库表：debit_data]
2025-10-17 17:58:19,884 [INFO] [成功读取表 debit_data，数据行数：14997]
2025-10-17 17:58:20,096 [INFO] [开始读取数据库表：sales_invoice_data]
2025-10-17 17:58:20,596 [INFO] [成功读取表 sales_invoice_data，数据行数：16235]
2025-10-17 18:28:12,623 [INFO] [数据库引擎创建成功]
2025-10-17 18:28:12,624 [INFO] [开始读取数据库表：order_data]
2025-10-17 18:28:13,774 [INFO] [成功读取表 order_data，数据行数：18419]
2025-10-17 18:28:14,098 [INFO] [开始读取数据库表：sales_data]
2025-10-17 18:28:18,582 [INFO] [成功读取表 sales_data，数据行数：22041]
2025-10-17 18:28:20,407 [INFO] [开始读取数据库表：jingpin_data]
2025-10-17 18:28:20,575 [INFO] [成功读取表 jingpin_data，数据行数：4334]
2025-10-17 18:28:20,641 [INFO] [开始读取数据库表：inventory_data]
2025-10-17 18:28:21,171 [INFO] [成功读取表 inventory_data，数据行数：6936]
2025-10-17 18:28:21,171 [INFO] [开始读取数据库表：tuiding_data]
2025-10-17 18:28:21,341 [INFO] [成功读取表 tuiding_data，数据行数：3200]
2025-10-17 18:28:21,341 [INFO] [开始读取数据库表：debit_data]
2025-10-17 18:28:22,334 [INFO] [成功读取表 debit_data，数据行数：14998]
2025-10-17 18:28:22,700 [INFO] [开始读取数据库表：sales_invoice_data]
2025-10-17 18:28:23,744 [INFO] [成功读取表 sales_invoice_data，数据行数：16263]
2025-10-17 18:58:00,257 [INFO] [数据库引擎创建成功]
2025-10-17 18:58:00,257 [INFO] [开始读取数据库表：order_data]
2025-10-17 18:58:00,783 [INFO] [成功读取表 order_data，数据行数：18438]
2025-10-17 18:58:00,945 [INFO] [开始读取数据库表：sales_data]
2025-10-17 18:58:03,355 [INFO] [成功读取表 sales_data，数据行数：22062]
2025-10-17 18:58:04,471 [INFO] [开始读取数据库表：jingpin_data]
2025-10-17 18:58:04,563 [INFO] [成功读取表 jingpin_data，数据行数：4334]
2025-10-17 18:58:04,590 [INFO] [开始读取数据库表：inventory_data]
2025-10-17 18:58:04,871 [INFO] [成功读取表 inventory_data，数据行数：6939]
2025-10-17 18:58:04,871 [INFO] [开始读取数据库表：tuiding_data]
2025-10-17 18:58:04,939 [INFO] [成功读取表 tuiding_data，数据行数：3200]
2025-10-17 18:58:04,939 [INFO] [开始读取数据库表：debit_data]
2025-10-17 18:58:05,450 [INFO] [成功读取表 debit_data，数据行数：15001]
2025-10-17 18:58:05,643 [INFO] [开始读取数据库表：sales_invoice_data]
2025-10-17 18:58:06,169 [INFO] [成功读取表 sales_invoice_data，数据行数：16284]
2025-10-17 19:27:42,336 [INFO] [数据库引擎创建成功]
2025-10-17 19:27:42,337 [INFO] [开始读取数据库表：order_data]
2025-10-17 19:27:42,964 [INFO] [成功读取表 order_data，数据行数：18450]
2025-10-17 19:27:43,176 [INFO] [开始读取数据库表：sales_data]
2025-10-17 19:27:46,929 [INFO] [成功读取表 sales_data，数据行数：22076]
2025-10-17 19:27:48,530 [INFO] [开始读取数据库表：jingpin_data]
2025-10-17 19:27:48,707 [INFO] [成功读取表 jingpin_data，数据行数：4334]
2025-10-17 19:27:48,763 [INFO] [开始读取数据库表：inventory_data]
2025-10-17 19:27:49,282 [INFO] [成功读取表 inventory_data，数据行数：6940]
2025-10-17 19:27:49,282 [INFO] [开始读取数据库表：tuiding_data]
2025-10-17 19:27:49,398 [INFO] [成功读取表 tuiding_data，数据行数：3200]
2025-10-17 19:27:49,398 [INFO] [开始读取数据库表：debit_data]
2025-10-17 19:27:50,248 [INFO] [成功读取表 debit_data，数据行数：15003]
2025-10-17 19:27:50,547 [INFO] [开始读取数据库表：sales_invoice_data]
2025-10-17 19:27:51,394 [INFO] [成功读取表 sales_invoice_data，数据行数：16300]
2025-10-17 19:57:54,447 [INFO] [数据库引擎创建成功]
2025-10-17 19:57:54,448 [INFO] [开始读取数据库表：order_data]
2025-10-17 19:57:55,024 [INFO] [成功读取表 order_data，数据行数：18462]
2025-10-17 19:57:55,194 [INFO] [开始读取数据库表：sales_data]
2025-10-17 19:57:57,809 [INFO] [成功读取表 sales_data，数据行数：22091]
2025-10-17 19:57:59,156 [INFO] [开始读取数据库表：jingpin_data]
2025-10-17 19:57:59,241 [INFO] [成功读取表 jingpin_data，数据行数：4334]
2025-10-17 19:57:59,284 [INFO] [开始读取数据库表：inventory_data]
2025-10-17 19:57:59,575 [INFO] [成功读取表 inventory_data，数据行数：6945]
2025-10-17 19:57:59,575 [INFO] [开始读取数据库表：tuiding_data]
2025-10-17 19:57:59,648 [INFO] [成功读取表 tuiding_data，数据行数：3200]
2025-10-17 19:57:59,649 [INFO] [开始读取数据库表：debit_data]
2025-10-17 19:58:00,171 [INFO] [成功读取表 debit_data，数据行数：15007]
2025-10-17 19:58:00,382 [INFO] [开始读取数据库表：sales_invoice_data]
2025-10-17 19:58:02,575 [INFO] [成功读取表 sales_invoice_data，数据行数：16314]
2025-10-17 20:28:03,031 [INFO] [数据库引擎创建成功]
2025-10-17 20:28:03,031 [INFO] [开始读取数据库表：order_data]
2025-10-17 20:28:03,474 [INFO] [成功读取表 order_data，数据行数：18465]
2025-10-17 20:28:03,621 [INFO] [开始读取数据库表：sales_data]
2025-10-17 20:28:05,701 [INFO] [成功读取表 sales_data，数据行数：22100]
2025-10-17 20:28:06,588 [INFO] [开始读取数据库表：jingpin_data]
2025-10-17 20:28:06,668 [INFO] [成功读取表 jingpin_data，数据行数：4334]
2025-10-17 20:28:06,697 [INFO] [开始读取数据库表：inventory_data]
2025-10-17 20:28:06,954 [INFO] [成功读取表 inventory_data，数据行数：6948]
2025-10-17 20:28:06,954 [INFO] [开始读取数据库表：tuiding_data]
2025-10-17 20:28:07,009 [INFO] [成功读取表 tuiding_data，数据行数：3200]
2025-10-17 20:28:07,009 [INFO] [开始读取数据库表：debit_data]
2025-10-17 20:28:07,411 [INFO] [成功读取表 debit_data，数据行数：15009]
2025-10-17 20:28:07,633 [INFO] [开始读取数据库表：sales_invoice_data]
2025-10-17 20:28:08,628 [INFO] [成功读取表 sales_invoice_data，数据行数：16321]
2025-10-17 20:58:05,987 [INFO] [数据库引擎创建成功]
2025-10-17 20:58:05,988 [INFO] [开始读取数据库表：order_data]
2025-10-17 20:58:06,450 [INFO] [成功读取表 order_data，数据行数：18478]
2025-10-17 20:58:06,615 [INFO] [开始读取数据库表：sales_data]
2025-10-17 20:58:08,687 [INFO] [成功读取表 sales_data，数据行数：22120]
2025-10-17 20:58:09,653 [INFO] [开始读取数据库表：jingpin_data]
2025-10-17 20:58:09,768 [INFO] [成功读取表 jingpin_data，数据行数：4334]
2025-10-17 20:58:09,796 [INFO] [开始读取数据库表：inventory_data]
2025-10-17 20:58:10,056 [INFO] [成功读取表 inventory_data，数据行数：6948]
2025-10-17 20:58:10,056 [INFO] [开始读取数据库表：tuiding_data]
2025-10-17 20:58:10,108 [INFO] [成功读取表 tuiding_data，数据行数：3200]
2025-10-17 20:58:10,108 [INFO] [开始读取数据库表：debit_data]
2025-10-17 20:58:10,496 [INFO] [成功读取表 debit_data，数据行数：15010]
2025-10-17 20:58:10,689 [INFO] [开始读取数据库表：sales_invoice_data]
2025-10-17 20:58:11,101 [INFO] [成功读取表 sales_invoice_data，数据行数：16341]
2025-10-17 21:27:59,662 [INFO] [数据库引擎创建成功]
2025-10-17 21:27:59,663 [INFO] [开始读取数据库表：order_data]
2025-10-17 21:28:00,251 [INFO] [成功读取表 order_data，数据行数：18487]
2025-10-17 21:28:00,436 [INFO] [开始读取数据库表：sales_data]
2025-10-17 21:28:03,100 [INFO] [成功读取表 sales_data，数据行数：22147]
2025-10-17 21:28:04,204 [INFO] [开始读取数据库表：jingpin_data]
2025-10-17 21:28:04,298 [INFO] [成功读取表 jingpin_data，数据行数：4334]
2025-10-17 21:28:04,334 [INFO] [开始读取数据库表：inventory_data]
2025-10-17 21:28:04,651 [INFO] [成功读取表 inventory_data，数据行数：6953]
2025-10-17 21:28:04,651 [INFO] [开始读取数据库表：tuiding_data]
2025-10-17 21:28:04,722 [INFO] [成功读取表 tuiding_data，数据行数：3205]
2025-10-17 21:28:04,723 [INFO] [开始读取数据库表：debit_data]
2025-10-17 21:28:05,254 [INFO] [成功读取表 debit_data，数据行数：15097]
2025-10-17 21:28:05,490 [INFO] [开始读取数据库表：sales_invoice_data]
2025-10-17 21:28:06,088 [INFO] [成功读取表 sales_invoice_data，数据行数：16355]
2025-10-17 21:57:53,384 [INFO] [数据库引擎创建成功]
2025-10-17 21:57:53,393 [INFO] [开始读取数据库表：order_data]
2025-10-17 21:57:53,828 [INFO] [成功读取表 order_data，数据行数：18499]
2025-10-17 21:57:53,973 [INFO] [开始读取数据库表：sales_data]
2025-10-17 21:57:55,961 [INFO] [成功读取表 sales_data，数据行数：22175]
2025-10-17 21:57:56,824 [INFO] [开始读取数据库表：jingpin_data]
2025-10-17 21:57:56,897 [INFO] [成功读取表 jingpin_data，数据行数：4334]
2025-10-17 21:57:56,925 [INFO] [开始读取数据库表：inventory_data]
2025-10-17 21:57:57,165 [INFO] [成功读取表 inventory_data，数据行数：7101]
2025-10-17 21:57:57,165 [INFO] [开始读取数据库表：tuiding_data]
2025-10-17 21:57:57,218 [INFO] [成功读取表 tuiding_data，数据行数：3205]
2025-10-17 21:57:57,218 [INFO] [开始读取数据库表：debit_data]
2025-10-17 21:57:57,602 [INFO] [成功读取表 debit_data，数据行数：15177]
2025-10-17 21:57:57,761 [INFO] [开始读取数据库表：sales_invoice_data]
2025-10-17 21:57:58,178 [INFO] [成功读取表 sales_invoice_data，数据行数：16367]
2025-10-17 22:27:29,824 [INFO] [数据库引擎创建成功]
2025-10-17 22:27:29,825 [INFO] [开始读取数据库表：order_data]
2025-10-17 22:27:30,246 [INFO] [成功读取表 order_data，数据行数：18510]
2025-10-17 22:27:30,384 [INFO] [开始读取数据库表：sales_data]
2025-10-17 22:27:32,513 [INFO] [成功读取表 sales_data，数据行数：22199]
2025-10-17 22:27:33,648 [INFO] [开始读取数据库表：jingpin_data]
2025-10-17 22:27:33,747 [INFO] [成功读取表 jingpin_data，数据行数：4334]
2025-10-17 22:27:33,785 [INFO] [开始读取数据库表：inventory_data]
2025-10-17 22:27:34,112 [INFO] [成功读取表 inventory_data，数据行数：7106]
2025-10-17 22:27:34,112 [INFO] [开始读取数据库表：tuiding_data]
2025-10-17 22:27:34,185 [INFO] [成功读取表 tuiding_data，数据行数：3205]
2025-10-17 22:27:34,186 [INFO] [开始读取数据库表：debit_data]
2025-10-17 22:27:34,786 [INFO] [成功读取表 debit_data，数据行数：15182]
2025-10-17 22:27:35,012 [INFO] [开始读取数据库表：sales_invoice_data]
2025-10-17 22:27:35,573 [INFO] [成功读取表 sales_invoice_data，数据行数：16378]
2025-10-17 22:57:52,643 [INFO] [数据库引擎创建成功]
2025-10-17 22:57:52,644 [INFO] [开始读取数据库表：order_data]
2025-10-17 22:57:53,480 [INFO] [成功读取表 order_data，数据行数：18515]
2025-10-17 22:57:53,687 [INFO] [开始读取数据库表：sales_data]
2025-10-17 22:57:57,505 [INFO] [成功读取表 sales_data，数据行数：22213]
2025-10-17 22:57:59,345 [INFO] [开始读取数据库表：jingpin_data]
2025-10-17 22:57:59,546 [INFO] [成功读取表 jingpin_data，数据行数：4334]
2025-10-17 22:57:59,605 [INFO] [开始读取数据库表：inventory_data]
2025-10-17 22:58:00,204 [INFO] [成功读取表 inventory_data，数据行数：7108]
2025-10-17 22:58:00,204 [INFO] [开始读取数据库表：tuiding_data]
2025-10-17 22:58:00,359 [INFO] [成功读取表 tuiding_data，数据行数：3205]
2025-10-17 22:58:00,359 [INFO] [开始读取数据库表：debit_data]
2025-10-17 22:58:01,378 [INFO] [成功读取表 debit_data，数据行数：15184]
2025-10-17 22:58:01,732 [INFO] [开始读取数据库表：sales_invoice_data]
2025-10-17 22:58:02,643 [INFO] [成功读取表 sales_invoice_data，数据行数：16383]
2025-10-17 23:27:55,631 [INFO] [数据库引擎创建成功]
2025-10-17 23:27:55,631 [INFO] [开始读取数据库表：order_data]
2025-10-17 23:27:56,130 [INFO] [成功读取表 order_data，数据行数：18520]
2025-10-17 23:27:56,291 [INFO] [开始读取数据库表：sales_data]
2025-10-17 23:27:58,803 [INFO] [成功读取表 sales_data，数据行数：22237]
2025-10-17 23:27:59,809 [INFO] [开始读取数据库表：jingpin_data]
2025-10-17 23:27:59,900 [INFO] [成功读取表 jingpin_data，数据行数：4334]
2025-10-17 23:27:59,932 [INFO] [开始读取数据库表：inventory_data]
2025-10-17 23:28:00,213 [INFO] [成功读取表 inventory_data，数据行数：7111]
2025-10-17 23:28:00,213 [INFO] [开始读取数据库表：tuiding_data]
2025-10-17 23:28:00,275 [INFO] [成功读取表 tuiding_data，数据行数：3205]
2025-10-17 23:28:00,275 [INFO] [开始读取数据库表：debit_data]
2025-10-17 23:28:00,701 [INFO] [成功读取表 debit_data，数据行数：15188]
2025-10-17 23:28:00,901 [INFO] [开始读取数据库表：sales_invoice_data]
2025-10-17 23:28:01,305 [INFO] [成功读取表 sales_invoice_data，数据行数：16388]
2025-10-17 23:57:58,736 [INFO] [数据库引擎创建成功]
2025-10-17 23:57:58,736 [INFO] [开始读取数据库表：order_data]
2025-10-17 23:57:59,273 [INFO] [成功读取表 order_data，数据行数：18520]
2025-10-17 23:57:59,468 [INFO] [开始读取数据库表：sales_data]
2025-10-17 23:58:02,158 [INFO] [成功读取表 sales_data，数据行数：22281]
2025-10-17 23:58:03,177 [INFO] [开始读取数据库表：jingpin_data]
2025-10-17 23:58:03,250 [INFO] [成功读取表 jingpin_data，数据行数：4334]
2025-10-17 23:58:03,281 [INFO] [开始读取数据库表：inventory_data]
2025-10-17 23:58:03,573 [INFO] [成功读取表 inventory_data，数据行数：7114]
2025-10-17 23:58:03,573 [INFO] [开始读取数据库表：tuiding_data]
2025-10-17 23:58:03,636 [INFO] [成功读取表 tuiding_data，数据行数：3205]
2025-10-17 23:58:03,636 [INFO] [开始读取数据库表：debit_data]
2025-10-17 23:58:04,166 [INFO] [成功读取表 debit_data，数据行数：15191]
2025-10-17 23:58:04,366 [INFO] [开始读取数据库表：sales_invoice_data]
2025-10-17 23:58:04,808 [INFO] [成功读取表 sales_invoice_data，数据行数：16388]
