2025-12-27 02:00:10,443 [INFO] [数据库引擎创建成功]
2025-12-27 02:00:10,444 [INFO] [开始读取数据库表：order_data]
2025-12-27 02:00:11,832 [INFO] [成功读取表 order_data，数据行数：25786]
2025-12-27 02:00:12,088 [INFO] [开始读取数据库表：sales_data]
2025-12-27 02:00:12,113 [INFO] [成功读取表 sales_data，数据行数：0]
2025-12-27 02:00:13,629 [INFO] [开始读取数据库表：jingpin_data]
2025-12-27 02:00:13,801 [INFO] [成功读取表 jingpin_data，数据行数：5222]
2025-12-27 02:00:13,857 [INFO] [开始读取数据库表：inventory_data]
2025-12-27 02:00:14,204 [INFO] [成功读取表 inventory_data，数据行数：4992]
2025-12-27 02:00:14,204 [INFO] [开始读取数据库表：tuiding_data]
2025-12-27 02:00:14,391 [INFO] [成功读取表 tuiding_data，数据行数：4810]
2025-12-27 02:00:14,391 [INFO] [开始读取数据库表：debit_data]
2025-12-27 02:00:15,779 [INFO] [成功读取表 debit_data，数据行数：27897]
2025-12-27 02:00:16,070 [INFO] [开始读取数据库表：sales_invoice_data]
2025-12-27 02:00:17,069 [INFO] [成功读取表 sales_invoice_data，数据行数：22132]
2025-12-27 02:03:27,252 [INFO] [数据库引擎创建成功]
2025-12-27 02:03:27,253 [INFO] [开始读取数据库表：order_data]
2025-12-27 02:03:28,650 [INFO] [成功读取表 order_data，数据行数：25789]
2025-12-27 02:03:28,912 [INFO] [开始读取数据库表：sales_data]
2025-12-27 02:03:32,134 [INFO] [成功读取表 sales_data，数据行数：24598]
2025-12-27 02:03:33,655 [INFO] [开始读取数据库表：jingpin_data]
2025-12-27 02:03:33,817 [INFO] [成功读取表 jingpin_data，数据行数：5222]
2025-12-27 02:03:33,874 [INFO] [开始读取数据库表：inventory_data]
2025-12-27 02:03:34,235 [INFO] [成功读取表 inventory_data，数据行数：4992]
2025-12-27 02:03:34,235 [INFO] [开始读取数据库表：tuiding_data]
2025-12-27 02:03:34,429 [INFO] [成功读取表 tuiding_data，数据行数：4811]
2025-12-27 02:03:34,430 [INFO] [开始读取数据库表：debit_data]
2025-12-27 02:03:35,882 [INFO] [成功读取表 debit_data，数据行数：27897]
2025-12-27 02:03:36,174 [INFO] [开始读取数据库表：sales_invoice_data]
2025-12-27 02:03:37,354 [INFO] [成功读取表 sales_invoice_data，数据行数：22134]
2025-12-27 08:08:06,618 [INFO] [数据库引擎创建成功]
2025-12-27 08:08:06,618 [INFO] [开始读取数据库表：order_data]
2025-12-27 08:08:08,023 [INFO] [成功读取表 order_data，数据行数：25793]
2025-12-27 08:08:08,323 [INFO] [开始读取数据库表：sales_data]
2025-12-27 08:08:11,609 [INFO] [成功读取表 sales_data，数据行数：24615]
2025-12-27 08:08:13,241 [INFO] [开始读取数据库表：jingpin_data]
2025-12-27 08:08:13,423 [INFO] [成功读取表 jingpin_data，数据行数：5222]
2025-12-27 08:08:13,489 [INFO] [开始读取数据库表：inventory_data]
2025-12-27 08:08:13,872 [INFO] [成功读取表 inventory_data，数据行数：4974]
2025-12-27 08:08:13,872 [INFO] [开始读取数据库表：tuiding_data]
2025-12-27 08:08:14,070 [INFO] [成功读取表 tuiding_data，数据行数：4813]
2025-12-27 08:08:14,071 [INFO] [开始读取数据库表：debit_data]
2025-12-27 08:08:15,525 [INFO] [成功读取表 debit_data，数据行数：27859]
2025-12-27 08:08:15,870 [INFO] [开始读取数据库表：sales_invoice_data]
2025-12-27 08:08:16,948 [INFO] [成功读取表 sales_invoice_data，数据行数：22155]
2025-12-27 08:18:28,019 [INFO] [数据库引擎创建成功]
2025-12-27 08:18:28,019 [INFO] [开始读取数据库表：order_data]
2025-12-27 08:18:29,447 [INFO] [成功读取表 order_data，数据行数：25793]
2025-12-27 08:18:29,695 [INFO] [开始读取数据库表：sales_data]
2025-12-27 08:18:33,049 [INFO] [成功读取表 sales_data，数据行数：24615]
2025-12-27 08:18:34,610 [INFO] [开始读取数据库表：jingpin_data]
2025-12-27 08:18:34,759 [INFO] [成功读取表 jingpin_data，数据行数：5222]
2025-12-27 08:18:34,817 [INFO] [开始读取数据库表：inventory_data]
2025-12-27 08:18:35,162 [INFO] [成功读取表 inventory_data，数据行数：4974]
2025-12-27 08:18:35,162 [INFO] [开始读取数据库表：tuiding_data]
2025-12-27 08:18:35,346 [INFO] [成功读取表 tuiding_data，数据行数：4813]
2025-12-27 08:18:35,347 [INFO] [开始读取数据库表：debit_data]
2025-12-27 08:18:36,820 [INFO] [成功读取表 debit_data，数据行数：27859]
2025-12-27 08:18:37,129 [INFO] [开始读取数据库表：sales_invoice_data]
2025-12-27 08:18:38,204 [INFO] [成功读取表 sales_invoice_data，数据行数：22155]
2025-12-27 08:28:21,215 [INFO] [数据库引擎创建成功]
2025-12-27 08:28:21,216 [INFO] [开始读取数据库表：order_data]
2025-12-27 08:28:22,665 [INFO] [成功读取表 order_data，数据行数：25793]
2025-12-27 08:28:22,896 [INFO] [开始读取数据库表：sales_data]
2025-12-27 08:28:26,164 [INFO] [成功读取表 sales_data，数据行数：24615]
2025-12-27 08:28:27,715 [INFO] [开始读取数据库表：jingpin_data]
2025-12-27 08:28:27,864 [INFO] [成功读取表 jingpin_data，数据行数：5222]
2025-12-27 08:28:27,912 [INFO] [开始读取数据库表：inventory_data]
2025-12-27 08:28:28,249 [INFO] [成功读取表 inventory_data，数据行数：4974]
2025-12-27 08:28:28,249 [INFO] [开始读取数据库表：tuiding_data]
2025-12-27 08:28:28,468 [INFO] [成功读取表 tuiding_data，数据行数：4813]
2025-12-27 08:28:28,468 [INFO] [开始读取数据库表：debit_data]
2025-12-27 08:28:29,849 [INFO] [成功读取表 debit_data，数据行数：27859]
2025-12-27 08:28:30,147 [INFO] [开始读取数据库表：sales_invoice_data]
2025-12-27 08:28:31,285 [INFO] [成功读取表 sales_invoice_data，数据行数：22155]
2025-12-27 08:38:34,962 [INFO] [数据库引擎创建成功]
2025-12-27 08:38:34,962 [INFO] [开始读取数据库表：order_data]
2025-12-27 08:38:36,340 [INFO] [成功读取表 order_data，数据行数：25793]
2025-12-27 08:38:36,592 [INFO] [开始读取数据库表：sales_data]
2025-12-27 08:38:39,737 [INFO] [成功读取表 sales_data，数据行数：24615]
2025-12-27 08:38:41,304 [INFO] [开始读取数据库表：jingpin_data]
2025-12-27 08:38:41,432 [INFO] [成功读取表 jingpin_data，数据行数：5222]
2025-12-27 08:38:41,489 [INFO] [开始读取数据库表：inventory_data]
2025-12-27 08:38:41,844 [INFO] [成功读取表 inventory_data，数据行数：4974]
2025-12-27 08:38:41,845 [INFO] [开始读取数据库表：tuiding_data]
2025-12-27 08:38:42,030 [INFO] [成功读取表 tuiding_data，数据行数：4813]
2025-12-27 08:38:42,030 [INFO] [开始读取数据库表：debit_data]
2025-12-27 08:38:43,505 [INFO] [成功读取表 debit_data，数据行数：27859]
2025-12-27 08:38:43,826 [INFO] [开始读取数据库表：sales_invoice_data]
2025-12-27 08:38:44,982 [INFO] [成功读取表 sales_invoice_data，数据行数：22155]
2025-12-27 08:48:51,353 [INFO] [数据库引擎创建成功]
2025-12-27 08:48:51,354 [INFO] [开始读取数据库表：order_data]
2025-12-27 08:48:52,745 [INFO] [成功读取表 order_data，数据行数：25793]
2025-12-27 08:48:52,985 [INFO] [开始读取数据库表：sales_data]
2025-12-27 08:48:56,245 [INFO] [成功读取表 sales_data，数据行数：24615]
2025-12-27 08:48:57,786 [INFO] [开始读取数据库表：jingpin_data]
2025-12-27 08:48:57,950 [INFO] [成功读取表 jingpin_data，数据行数：5222]
2025-12-27 08:48:58,004 [INFO] [开始读取数据库表：inventory_data]
2025-12-27 08:48:58,367 [INFO] [成功读取表 inventory_data，数据行数：4974]
2025-12-27 08:48:58,368 [INFO] [开始读取数据库表：tuiding_data]
2025-12-27 08:48:58,557 [INFO] [成功读取表 tuiding_data，数据行数：4813]
2025-12-27 08:48:58,557 [INFO] [开始读取数据库表：debit_data]
2025-12-27 08:48:59,969 [INFO] [成功读取表 debit_data，数据行数：27859]
2025-12-27 08:49:00,324 [INFO] [开始读取数据库表：sales_invoice_data]
2025-12-27 08:49:01,492 [INFO] [成功读取表 sales_invoice_data，数据行数：22155]
2025-12-27 08:58:19,334 [INFO] [数据库引擎创建成功]
2025-12-27 08:58:19,335 [INFO] [开始读取数据库表：order_data]
2025-12-27 08:58:20,863 [INFO] [成功读取表 order_data，数据行数：25793]
2025-12-27 08:58:21,150 [INFO] [开始读取数据库表：sales_data]
2025-12-27 08:58:24,397 [INFO] [成功读取表 sales_data，数据行数：24615]
2025-12-27 08:58:26,006 [INFO] [开始读取数据库表：jingpin_data]
2025-12-27 08:58:26,159 [INFO] [成功读取表 jingpin_data，数据行数：5222]
2025-12-27 08:58:26,219 [INFO] [开始读取数据库表：inventory_data]
2025-12-27 08:58:26,551 [INFO] [成功读取表 inventory_data，数据行数：4974]
2025-12-27 08:58:26,551 [INFO] [开始读取数据库表：tuiding_data]
2025-12-27 08:58:26,739 [INFO] [成功读取表 tuiding_data，数据行数：4813]
2025-12-27 08:58:26,739 [INFO] [开始读取数据库表：debit_data]
2025-12-27 08:58:28,092 [INFO] [成功读取表 debit_data，数据行数：27859]
2025-12-27 08:58:28,399 [INFO] [开始读取数据库表：sales_invoice_data]
2025-12-27 08:58:29,458 [INFO] [成功读取表 sales_invoice_data，数据行数：22155]
2025-12-27 08:58:55,703 [INFO] [数据库引擎创建成功]
2025-12-27 08:58:55,703 [INFO] [开始读取数据库表：order_data]
2025-12-27 08:58:57,148 [INFO] [成功读取表 order_data，数据行数：25793]
2025-12-27 08:58:57,432 [INFO] [开始读取数据库表：sales_data]
2025-12-27 08:59:00,844 [INFO] [成功读取表 sales_data，数据行数：24615]
2025-12-27 08:59:02,481 [INFO] [开始读取数据库表：jingpin_data]
2025-12-27 08:59:02,645 [INFO] [成功读取表 jingpin_data，数据行数：5222]
2025-12-27 08:59:02,702 [INFO] [开始读取数据库表：inventory_data]
2025-12-27 08:59:03,077 [INFO] [成功读取表 inventory_data，数据行数：4974]
2025-12-27 08:59:03,077 [INFO] [开始读取数据库表：tuiding_data]
2025-12-27 08:59:03,294 [INFO] [成功读取表 tuiding_data，数据行数：4813]
2025-12-27 08:59:03,294 [INFO] [开始读取数据库表：debit_data]
2025-12-27 08:59:04,754 [INFO] [成功读取表 debit_data，数据行数：27859]
2025-12-27 08:59:05,651 [INFO] [开始读取数据库表：sales_invoice_data]
2025-12-27 08:59:06,749 [INFO] [成功读取表 sales_invoice_data，数据行数：22155]
2025-12-27 09:12:39,406 [INFO] [数据库引擎创建成功]
2025-12-27 09:12:39,407 [INFO] [开始读取数据库表：order_data]
2025-12-27 09:12:40,869 [INFO] [成功读取表 order_data，数据行数：25802]
2025-12-27 09:12:41,128 [INFO] [开始读取数据库表：sales_data]
2025-12-27 09:12:44,414 [INFO] [成功读取表 sales_data，数据行数：24617]
2025-12-27 09:12:45,974 [INFO] [开始读取数据库表：jingpin_data]
2025-12-27 09:12:46,127 [INFO] [成功读取表 jingpin_data，数据行数：5223]
2025-12-27 09:12:46,185 [INFO] [开始读取数据库表：inventory_data]
2025-12-27 09:12:46,550 [INFO] [成功读取表 inventory_data，数据行数：4973]
2025-12-27 09:12:46,550 [INFO] [开始读取数据库表：tuiding_data]
2025-12-27 09:12:46,741 [INFO] [成功读取表 tuiding_data，数据行数：4818]
2025-12-27 09:12:46,741 [INFO] [开始读取数据库表：debit_data]
2025-12-27 09:12:48,120 [INFO] [成功读取表 debit_data，数据行数：27859]
2025-12-27 09:12:48,415 [INFO] [开始读取数据库表：sales_invoice_data]
2025-12-27 09:12:49,567 [INFO] [成功读取表 sales_invoice_data，数据行数：22156]
2025-12-27 09:24:05,463 [INFO] [数据库引擎创建成功]
2025-12-27 09:24:05,463 [INFO] [开始读取数据库表：order_data]
2025-12-27 09:24:06,804 [INFO] [成功读取表 order_data，数据行数：25802]
2025-12-27 09:24:07,020 [INFO] [开始读取数据库表：sales_data]
2025-12-27 09:24:09,838 [INFO] [成功读取表 sales_data，数据行数：24617]
2025-12-27 09:24:11,185 [INFO] [开始读取数据库表：jingpin_data]
2025-12-27 09:24:11,307 [INFO] [成功读取表 jingpin_data，数据行数：5223]
2025-12-27 09:24:11,360 [INFO] [开始读取数据库表：inventory_data]
2025-12-27 09:24:11,673 [INFO] [成功读取表 inventory_data，数据行数：4973]
2025-12-27 09:24:11,674 [INFO] [开始读取数据库表：tuiding_data]
2025-12-27 09:24:11,842 [INFO] [成功读取表 tuiding_data，数据行数：4818]
2025-12-27 09:24:11,843 [INFO] [开始读取数据库表：debit_data]
2025-12-27 09:24:13,068 [INFO] [成功读取表 debit_data，数据行数：27859]
2025-12-27 09:24:13,335 [INFO] [开始读取数据库表：sales_invoice_data]
2025-12-27 09:24:14,276 [INFO] [成功读取表 sales_invoice_data，数据行数：22156]
2025-12-27 09:30:40,226 [INFO] [数据库引擎创建成功]
2025-12-27 09:30:40,226 [INFO] [开始读取数据库表：order_data]
2025-12-27 09:30:41,766 [INFO] [成功读取表 order_data，数据行数：25802]
2025-12-27 09:30:42,035 [INFO] [开始读取数据库表：sales_data]
2025-12-27 09:30:45,242 [INFO] [成功读取表 sales_data，数据行数：24617]
2025-12-27 09:30:46,508 [INFO] [开始读取数据库表：jingpin_data]
2025-12-27 09:30:46,645 [INFO] [成功读取表 jingpin_data，数据行数：5223]
2025-12-27 09:30:46,705 [INFO] [开始读取数据库表：inventory_data]
2025-12-27 09:30:47,100 [INFO] [成功读取表 inventory_data，数据行数：4973]
2025-12-27 09:30:47,101 [INFO] [开始读取数据库表：tuiding_data]
2025-12-27 09:30:47,313 [INFO] [成功读取表 tuiding_data，数据行数：4818]
2025-12-27 09:30:47,314 [INFO] [开始读取数据库表：debit_data]
2025-12-27 09:30:48,769 [INFO] [成功读取表 debit_data，数据行数：27859]
2025-12-27 09:30:49,038 [INFO] [开始读取数据库表：sales_invoice_data]
2025-12-27 09:30:50,044 [INFO] [成功读取表 sales_invoice_data，数据行数：22156]
2025-12-27 09:37:53,194 [INFO] [数据库引擎创建成功]
2025-12-27 09:37:53,194 [INFO] [开始读取数据库表：order_data]
2025-12-27 09:37:54,546 [INFO] [成功读取表 order_data，数据行数：25802]
2025-12-27 09:37:54,801 [INFO] [开始读取数据库表：sales_data]
2025-12-27 09:37:57,936 [INFO] [成功读取表 sales_data，数据行数：24617]
2025-12-27 09:37:59,503 [INFO] [开始读取数据库表：jingpin_data]
2025-12-27 09:37:59,644 [INFO] [成功读取表 jingpin_data，数据行数：5223]
2025-12-27 09:37:59,695 [INFO] [开始读取数据库表：inventory_data]
2025-12-27 09:38:00,083 [INFO] [成功读取表 inventory_data，数据行数：4973]
2025-12-27 09:38:00,083 [INFO] [开始读取数据库表：tuiding_data]
2025-12-27 09:38:00,279 [INFO] [成功读取表 tuiding_data，数据行数：4818]
2025-12-27 09:38:00,279 [INFO] [开始读取数据库表：debit_data]
2025-12-27 09:38:01,785 [INFO] [成功读取表 debit_data，数据行数：27859]
2025-12-27 09:38:02,066 [INFO] [开始读取数据库表：sales_invoice_data]
2025-12-27 09:38:03,166 [INFO] [成功读取表 sales_invoice_data，数据行数：22156]
2025-12-27 09:48:23,298 [INFO] [数据库引擎创建成功]
2025-12-27 09:48:23,299 [INFO] [开始读取数据库表：order_data]
2025-12-27 09:48:24,691 [INFO] [成功读取表 order_data，数据行数：25804]
2025-12-27 09:48:24,935 [INFO] [开始读取数据库表：sales_data]
2025-12-27 09:48:28,076 [INFO] [成功读取表 sales_data，数据行数：24616]
2025-12-27 09:48:29,561 [INFO] [开始读取数据库表：jingpin_data]
2025-12-27 09:48:29,716 [INFO] [成功读取表 jingpin_data，数据行数：5223]
2025-12-27 09:48:29,773 [INFO] [开始读取数据库表：inventory_data]
2025-12-27 09:48:30,129 [INFO] [成功读取表 inventory_data，数据行数：4973]
2025-12-27 09:48:30,129 [INFO] [开始读取数据库表：tuiding_data]
2025-12-27 09:48:30,317 [INFO] [成功读取表 tuiding_data，数据行数：4818]
2025-12-27 09:48:30,317 [INFO] [开始读取数据库表：debit_data]
2025-12-27 09:48:31,708 [INFO] [成功读取表 debit_data，数据行数：27859]
2025-12-27 09:48:32,027 [INFO] [开始读取数据库表：sales_invoice_data]
2025-12-27 09:48:33,092 [INFO] [成功读取表 sales_invoice_data，数据行数：22156]
2025-12-27 09:58:27,817 [INFO] [数据库引擎创建成功]
2025-12-27 09:58:27,817 [INFO] [开始读取数据库表：order_data]
2025-12-27 09:58:29,240 [INFO] [成功读取表 order_data，数据行数：25804]
2025-12-27 09:58:29,481 [INFO] [开始读取数据库表：sales_data]
2025-12-27 09:58:32,457 [INFO] [成功读取表 sales_data，数据行数：24616]
2025-12-27 09:58:33,864 [INFO] [开始读取数据库表：jingpin_data]
2025-12-27 09:58:34,005 [INFO] [成功读取表 jingpin_data，数据行数：5223]
2025-12-27 09:58:34,059 [INFO] [开始读取数据库表：inventory_data]
2025-12-27 09:58:34,403 [INFO] [成功读取表 inventory_data，数据行数：4972]
2025-12-27 09:58:34,403 [INFO] [开始读取数据库表：tuiding_data]
2025-12-27 09:58:34,579 [INFO] [成功读取表 tuiding_data，数据行数：4818]
2025-12-27 09:58:34,580 [INFO] [开始读取数据库表：debit_data]
2025-12-27 09:58:35,968 [INFO] [成功读取表 debit_data，数据行数：27859]
2025-12-27 09:58:36,250 [INFO] [开始读取数据库表：sales_invoice_data]
2025-12-27 09:58:37,249 [INFO] [成功读取表 sales_invoice_data，数据行数：22156]
2025-12-27 10:00:26,882 [INFO] [数据库引擎创建成功]
2025-12-27 10:00:26,883 [INFO] [开始读取数据库表：order_data]
2025-12-27 10:00:28,380 [INFO] [成功读取表 order_data，数据行数：25804]
2025-12-27 10:00:28,668 [INFO] [开始读取数据库表：sales_data]
2025-12-27 10:00:31,826 [INFO] [成功读取表 sales_data，数据行数：24616]
2025-12-27 10:00:33,339 [INFO] [开始读取数据库表：jingpin_data]
2025-12-27 10:00:33,496 [INFO] [成功读取表 jingpin_data，数据行数：5223]
2025-12-27 10:00:33,547 [INFO] [开始读取数据库表：inventory_data]
2025-12-27 10:00:33,910 [INFO] [成功读取表 inventory_data，数据行数：4972]
2025-12-27 10:00:33,910 [INFO] [开始读取数据库表：tuiding_data]
2025-12-27 10:00:34,107 [INFO] [成功读取表 tuiding_data，数据行数：4818]
2025-12-27 10:00:34,107 [INFO] [开始读取数据库表：debit_data]
2025-12-27 10:00:35,441 [INFO] [成功读取表 debit_data，数据行数：27859]
2025-12-27 10:00:35,756 [INFO] [开始读取数据库表：sales_invoice_data]
2025-12-27 10:00:36,846 [INFO] [成功读取表 sales_invoice_data，数据行数：22156]
2025-12-27 10:08:42,113 [INFO] [数据库引擎创建成功]
2025-12-27 10:08:42,114 [INFO] [开始读取数据库表：order_data]
2025-12-27 10:08:43,524 [INFO] [成功读取表 order_data，数据行数：25804]
2025-12-27 10:08:43,766 [INFO] [开始读取数据库表：sales_data]
2025-12-27 10:08:46,904 [INFO] [成功读取表 sales_data，数据行数：24614]
2025-12-27 10:08:48,484 [INFO] [开始读取数据库表：jingpin_data]
2025-12-27 10:08:48,645 [INFO] [成功读取表 jingpin_data，数据行数：5223]
2025-12-27 10:08:48,709 [INFO] [开始读取数据库表：inventory_data]
2025-12-27 10:08:49,087 [INFO] [成功读取表 inventory_data，数据行数：4972]
2025-12-27 10:08:49,087 [INFO] [开始读取数据库表：tuiding_data]
2025-12-27 10:08:49,284 [INFO] [成功读取表 tuiding_data，数据行数：4818]
2025-12-27 10:08:49,285 [INFO] [开始读取数据库表：debit_data]
2025-12-27 10:08:50,712 [INFO] [成功读取表 debit_data，数据行数：27859]
2025-12-27 10:08:51,017 [INFO] [开始读取数据库表：sales_invoice_data]
2025-12-27 10:08:52,066 [INFO] [成功读取表 sales_invoice_data，数据行数：22156]
2025-12-27 10:19:17,511 [INFO] [数据库引擎创建成功]
2025-12-27 10:19:17,512 [INFO] [开始读取数据库表：order_data]
2025-12-27 10:19:18,951 [INFO] [成功读取表 order_data，数据行数：25804]
2025-12-27 10:19:19,197 [INFO] [开始读取数据库表：sales_data]
2025-12-27 10:19:22,444 [INFO] [成功读取表 sales_data，数据行数：24614]
2025-12-27 10:19:23,973 [INFO] [开始读取数据库表：jingpin_data]
2025-12-27 10:19:24,108 [INFO] [成功读取表 jingpin_data，数据行数：5223]
2025-12-27 10:19:24,159 [INFO] [开始读取数据库表：inventory_data]
2025-12-27 10:19:24,505 [INFO] [成功读取表 inventory_data，数据行数：4972]
2025-12-27 10:19:24,505 [INFO] [开始读取数据库表：tuiding_data]
2025-12-27 10:19:24,714 [INFO] [成功读取表 tuiding_data，数据行数：4818]
2025-12-27 10:19:24,715 [INFO] [开始读取数据库表：debit_data]
2025-12-27 10:19:26,276 [INFO] [成功读取表 debit_data，数据行数：27859]
2025-12-27 10:19:26,550 [INFO] [开始读取数据库表：sales_invoice_data]
2025-12-27 10:19:27,668 [INFO] [成功读取表 sales_invoice_data，数据行数：22156]
2025-12-27 10:31:13,589 [INFO] [数据库引擎创建成功]
2025-12-27 10:31:13,589 [INFO] [开始读取数据库表：order_data]
2025-12-27 10:31:15,019 [INFO] [成功读取表 order_data，数据行数：25804]
2025-12-27 10:31:15,279 [INFO] [开始读取数据库表：sales_data]
2025-12-27 10:31:18,451 [INFO] [成功读取表 sales_data，数据行数：24614]
2025-12-27 10:31:20,083 [INFO] [开始读取数据库表：jingpin_data]
2025-12-27 10:31:20,248 [INFO] [成功读取表 jingpin_data，数据行数：5224]
2025-12-27 10:31:20,301 [INFO] [开始读取数据库表：inventory_data]
2025-12-27 10:31:20,670 [INFO] [成功读取表 inventory_data，数据行数：4972]
2025-12-27 10:31:20,670 [INFO] [开始读取数据库表：tuiding_data]
2025-12-27 10:31:20,874 [INFO] [成功读取表 tuiding_data，数据行数：4818]
2025-12-27 10:31:20,875 [INFO] [开始读取数据库表：debit_data]
2025-12-27 10:31:22,258 [INFO] [成功读取表 debit_data，数据行数：27859]
2025-12-27 10:31:22,535 [INFO] [开始读取数据库表：sales_invoice_data]
2025-12-27 10:31:23,579 [INFO] [成功读取表 sales_invoice_data，数据行数：22156]
2025-12-27 10:33:38,245 [INFO] [数据库引擎创建成功]
2025-12-27 10:33:38,245 [INFO] [开始读取数据库表：order_data]
2025-12-27 10:33:39,645 [INFO] [成功读取表 order_data，数据行数：25804]
2025-12-27 10:33:39,896 [INFO] [开始读取数据库表：sales_data]
2025-12-27 10:33:43,081 [INFO] [成功读取表 sales_data，数据行数：24614]
2025-12-27 10:33:44,612 [INFO] [开始读取数据库表：jingpin_data]
2025-12-27 10:33:44,768 [INFO] [成功读取表 jingpin_data，数据行数：5224]
2025-12-27 10:33:44,818 [INFO] [开始读取数据库表：inventory_data]
2025-12-27 10:33:45,155 [INFO] [成功读取表 inventory_data，数据行数：4972]
2025-12-27 10:33:45,155 [INFO] [开始读取数据库表：tuiding_data]
2025-12-27 10:33:45,346 [INFO] [成功读取表 tuiding_data，数据行数：4818]
2025-12-27 10:33:45,346 [INFO] [开始读取数据库表：debit_data]
2025-12-27 10:33:46,776 [INFO] [成功读取表 debit_data，数据行数：27859]
2025-12-27 10:33:47,075 [INFO] [开始读取数据库表：sales_invoice_data]
2025-12-27 10:33:48,177 [INFO] [成功读取表 sales_invoice_data，数据行数：22156]
2025-12-27 10:44:08,410 [INFO] [数据库引擎创建成功]
2025-12-27 10:44:08,410 [INFO] [开始读取数据库表：order_data]
2025-12-27 10:44:09,914 [INFO] [成功读取表 order_data，数据行数：25805]
2025-12-27 10:44:10,162 [INFO] [开始读取数据库表：sales_data]
2025-12-27 10:44:13,360 [INFO] [成功读取表 sales_data，数据行数：24614]
2025-12-27 10:44:14,910 [INFO] [开始读取数据库表：jingpin_data]
2025-12-27 10:44:15,061 [INFO] [成功读取表 jingpin_data，数据行数：5224]
2025-12-27 10:44:15,118 [INFO] [开始读取数据库表：inventory_data]
2025-12-27 10:44:15,507 [INFO] [成功读取表 inventory_data，数据行数：4972]
2025-12-27 10:44:15,507 [INFO] [开始读取数据库表：tuiding_data]
2025-12-27 10:44:15,693 [INFO] [成功读取表 tuiding_data，数据行数：4819]
2025-12-27 10:44:15,693 [INFO] [开始读取数据库表：debit_data]
2025-12-27 10:44:17,063 [INFO] [成功读取表 debit_data，数据行数：27859]
2025-12-27 10:44:17,343 [INFO] [开始读取数据库表：sales_invoice_data]
2025-12-27 10:44:18,419 [INFO] [成功读取表 sales_invoice_data，数据行数：22156]
2025-12-27 10:58:01,172 [INFO] [数据库引擎创建成功]
2025-12-27 10:58:01,173 [INFO] [开始读取数据库表：order_data]
2025-12-27 10:58:02,556 [INFO] [成功读取表 order_data，数据行数：25808]
2025-12-27 10:58:02,783 [INFO] [开始读取数据库表：sales_data]
2025-12-27 10:58:05,856 [INFO] [成功读取表 sales_data，数据行数：24615]
2025-12-27 10:58:07,348 [INFO] [开始读取数据库表：jingpin_data]
2025-12-27 10:58:07,503 [INFO] [成功读取表 jingpin_data，数据行数：5224]
2025-12-27 10:58:07,558 [INFO] [开始读取数据库表：inventory_data]
2025-12-27 10:58:07,934 [INFO] [成功读取表 inventory_data，数据行数：4970]
2025-12-27 10:58:07,935 [INFO] [开始读取数据库表：tuiding_data]
2025-12-27 10:58:08,118 [INFO] [成功读取表 tuiding_data，数据行数：4819]
2025-12-27 10:58:08,118 [INFO] [开始读取数据库表：debit_data]
2025-12-27 10:58:09,454 [INFO] [成功读取表 debit_data，数据行数：27859]
2025-12-27 10:58:09,738 [INFO] [开始读取数据库表：sales_invoice_data]
2025-12-27 10:58:10,728 [INFO] [成功读取表 sales_invoice_data，数据行数：22158]
2025-12-27 11:00:29,557 [INFO] [数据库引擎创建成功]
2025-12-27 11:00:29,557 [INFO] [开始读取数据库表：order_data]
2025-12-27 11:00:30,970 [INFO] [成功读取表 order_data，数据行数：25808]
2025-12-27 11:00:31,209 [INFO] [开始读取数据库表：sales_data]
2025-12-27 11:00:34,348 [INFO] [成功读取表 sales_data，数据行数：24615]
2025-12-27 11:00:35,818 [INFO] [开始读取数据库表：jingpin_data]
2025-12-27 11:00:35,959 [INFO] [成功读取表 jingpin_data，数据行数：5224]
2025-12-27 11:00:36,012 [INFO] [开始读取数据库表：inventory_data]
2025-12-27 11:00:36,349 [INFO] [成功读取表 inventory_data，数据行数：4970]
2025-12-27 11:00:36,349 [INFO] [开始读取数据库表：tuiding_data]
2025-12-27 11:00:36,526 [INFO] [成功读取表 tuiding_data，数据行数：4819]
2025-12-27 11:00:36,526 [INFO] [开始读取数据库表：debit_data]
2025-12-27 11:00:37,983 [INFO] [成功读取表 debit_data，数据行数：27859]
2025-12-27 11:00:38,272 [INFO] [开始读取数据库表：sales_invoice_data]
2025-12-27 11:00:39,338 [INFO] [成功读取表 sales_invoice_data，数据行数：22158]
2025-12-27 11:09:09,819 [INFO] [数据库引擎创建成功]
2025-12-27 11:09:09,820 [INFO] [开始读取数据库表：order_data]
2025-12-27 11:09:11,235 [INFO] [成功读取表 order_data，数据行数：25809]
2025-12-27 11:09:11,491 [INFO] [开始读取数据库表：sales_data]
2025-12-27 11:09:14,733 [INFO] [成功读取表 sales_data，数据行数：24615]
2025-12-27 11:09:16,244 [INFO] [开始读取数据库表：jingpin_data]
2025-12-27 11:09:16,401 [INFO] [成功读取表 jingpin_data，数据行数：5224]
2025-12-27 11:09:16,455 [INFO] [开始读取数据库表：inventory_data]
2025-12-27 11:09:16,839 [INFO] [成功读取表 inventory_data，数据行数：4970]
2025-12-27 11:09:16,839 [INFO] [开始读取数据库表：tuiding_data]
2025-12-27 11:09:17,038 [INFO] [成功读取表 tuiding_data，数据行数：4819]
2025-12-27 11:09:17,039 [INFO] [开始读取数据库表：debit_data]
2025-12-27 11:09:18,433 [INFO] [成功读取表 debit_data，数据行数：27859]
2025-12-27 11:09:18,723 [INFO] [开始读取数据库表：sales_invoice_data]
2025-12-27 11:09:19,774 [INFO] [成功读取表 sales_invoice_data，数据行数：22158]
2025-12-27 11:23:57,951 [INFO] [数据库引擎创建成功]
2025-12-27 11:23:57,951 [INFO] [开始读取数据库表：order_data]
2025-12-27 11:23:59,351 [INFO] [成功读取表 order_data，数据行数：25810]
2025-12-27 11:23:59,591 [INFO] [开始读取数据库表：sales_data]
2025-12-27 11:24:02,455 [INFO] [成功读取表 sales_data，数据行数：24616]
2025-12-27 11:24:03,919 [INFO] [开始读取数据库表：jingpin_data]
2025-12-27 11:24:04,053 [INFO] [成功读取表 jingpin_data，数据行数：5224]
2025-12-27 11:24:04,110 [INFO] [开始读取数据库表：inventory_data]
2025-12-27 11:24:04,443 [INFO] [成功读取表 inventory_data，数据行数：4970]
2025-12-27 11:24:04,444 [INFO] [开始读取数据库表：tuiding_data]
2025-12-27 11:24:04,626 [INFO] [成功读取表 tuiding_data，数据行数：4819]
2025-12-27 11:24:04,626 [INFO] [开始读取数据库表：debit_data]
2025-12-27 11:24:05,958 [INFO] [成功读取表 debit_data，数据行数：27859]
2025-12-27 11:24:06,256 [INFO] [开始读取数据库表：sales_invoice_data]
2025-12-27 11:24:07,236 [INFO] [成功读取表 sales_invoice_data，数据行数：22158]
2025-12-27 11:30:36,813 [INFO] [数据库引擎创建成功]
2025-12-27 11:30:36,813 [INFO] [开始读取数据库表：order_data]
2025-12-27 11:30:38,229 [INFO] [成功读取表 order_data，数据行数：25810]
2025-12-27 11:30:38,458 [INFO] [开始读取数据库表：sales_data]
2025-12-27 11:30:41,745 [INFO] [成功读取表 sales_data，数据行数：24616]
2025-12-27 11:30:43,198 [INFO] [开始读取数据库表：jingpin_data]
2025-12-27 11:30:43,346 [INFO] [成功读取表 jingpin_data，数据行数：5224]
2025-12-27 11:30:43,393 [INFO] [开始读取数据库表：inventory_data]
2025-12-27 11:30:43,735 [INFO] [成功读取表 inventory_data，数据行数：4970]
2025-12-27 11:30:43,735 [INFO] [开始读取数据库表：tuiding_data]
2025-12-27 11:30:43,922 [INFO] [成功读取表 tuiding_data，数据行数：4819]
2025-12-27 11:30:43,922 [INFO] [开始读取数据库表：debit_data]
2025-12-27 11:30:45,346 [INFO] [成功读取表 debit_data，数据行数：27859]
2025-12-27 11:30:45,641 [INFO] [开始读取数据库表：sales_invoice_data]
2025-12-27 11:30:46,699 [INFO] [成功读取表 sales_invoice_data，数据行数：22158]
2025-12-27 11:38:11,668 [INFO] [数据库引擎创建成功]
2025-12-27 11:38:11,668 [INFO] [开始读取数据库表：order_data]
2025-12-27 11:38:13,085 [INFO] [成功读取表 order_data，数据行数：25810]
2025-12-27 11:38:13,346 [INFO] [开始读取数据库表：sales_data]
2025-12-27 11:38:16,464 [INFO] [成功读取表 sales_data，数据行数：24616]
2025-12-27 11:38:17,977 [INFO] [开始读取数据库表：jingpin_data]
2025-12-27 11:38:18,125 [INFO] [成功读取表 jingpin_data，数据行数：5224]
2025-12-27 11:38:18,192 [INFO] [开始读取数据库表：inventory_data]
2025-12-27 11:38:18,563 [INFO] [成功读取表 inventory_data，数据行数：4970]
2025-12-27 11:38:18,564 [INFO] [开始读取数据库表：tuiding_data]
2025-12-27 11:38:18,773 [INFO] [成功读取表 tuiding_data，数据行数：4819]
2025-12-27 11:38:18,773 [INFO] [开始读取数据库表：debit_data]
2025-12-27 11:38:20,213 [INFO] [成功读取表 debit_data，数据行数：27859]
2025-12-27 11:38:20,503 [INFO] [开始读取数据库表：sales_invoice_data]
2025-12-27 11:38:21,640 [INFO] [成功读取表 sales_invoice_data，数据行数：22158]
2025-12-27 11:48:52,102 [INFO] [数据库引擎创建成功]
2025-12-27 11:48:52,102 [INFO] [开始读取数据库表：order_data]
2025-12-27 11:48:53,620 [INFO] [成功读取表 order_data，数据行数：25810]
2025-12-27 11:48:53,881 [INFO] [开始读取数据库表：sales_data]
2025-12-27 11:48:57,096 [INFO] [成功读取表 sales_data，数据行数：24617]
2025-12-27 11:48:58,691 [INFO] [开始读取数据库表：jingpin_data]
2025-12-27 11:48:58,826 [INFO] [成功读取表 jingpin_data，数据行数：5225]
2025-12-27 11:48:58,888 [INFO] [开始读取数据库表：inventory_data]
2025-12-27 11:48:59,228 [INFO] [成功读取表 inventory_data，数据行数：4969]
2025-12-27 11:48:59,228 [INFO] [开始读取数据库表：tuiding_data]
2025-12-27 11:48:59,407 [INFO] [成功读取表 tuiding_data，数据行数：4819]
2025-12-27 11:48:59,407 [INFO] [开始读取数据库表：debit_data]
2025-12-27 11:49:00,721 [INFO] [成功读取表 debit_data，数据行数：27859]
2025-12-27 11:49:01,008 [INFO] [开始读取数据库表：sales_invoice_data]
2025-12-27 11:49:02,011 [INFO] [成功读取表 sales_invoice_data，数据行数：22159]
2025-12-27 11:58:49,510 [INFO] [数据库引擎创建成功]
2025-12-27 11:58:49,511 [INFO] [开始读取数据库表：order_data]
2025-12-27 11:58:51,085 [INFO] [成功读取表 order_data，数据行数：25811]
2025-12-27 11:58:51,359 [INFO] [开始读取数据库表：sales_data]
2025-12-27 11:58:54,719 [INFO] [成功读取表 sales_data，数据行数：24616]
2025-12-27 11:58:56,416 [INFO] [开始读取数据库表：jingpin_data]
2025-12-27 11:58:56,575 [INFO] [成功读取表 jingpin_data，数据行数：5225]
2025-12-27 11:58:56,644 [INFO] [开始读取数据库表：inventory_data]
2025-12-27 11:58:57,030 [INFO] [成功读取表 inventory_data，数据行数：4969]
2025-12-27 11:58:57,030 [INFO] [开始读取数据库表：tuiding_data]
2025-12-27 11:58:57,232 [INFO] [成功读取表 tuiding_data，数据行数：4819]
2025-12-27 11:58:57,232 [INFO] [开始读取数据库表：debit_data]
2025-12-27 11:58:58,686 [INFO] [成功读取表 debit_data，数据行数：27859]
2025-12-27 11:58:58,990 [INFO] [开始读取数据库表：sales_invoice_data]
2025-12-27 11:59:00,042 [INFO] [成功读取表 sales_invoice_data，数据行数：22159]
2025-12-27 12:00:26,610 [INFO] [数据库引擎创建成功]
2025-12-27 12:00:26,610 [INFO] [开始读取数据库表：order_data]
2025-12-27 12:00:28,023 [INFO] [成功读取表 order_data，数据行数：25811]
2025-12-27 12:00:28,267 [INFO] [开始读取数据库表：sales_data]
2025-12-27 12:00:31,310 [INFO] [成功读取表 sales_data，数据行数：24616]
2025-12-27 12:00:32,873 [INFO] [开始读取数据库表：jingpin_data]
2025-12-27 12:00:33,037 [INFO] [成功读取表 jingpin_data，数据行数：5225]
2025-12-27 12:00:33,106 [INFO] [开始读取数据库表：inventory_data]
2025-12-27 12:00:33,502 [INFO] [成功读取表 inventory_data，数据行数：4969]
2025-12-27 12:00:33,502 [INFO] [开始读取数据库表：tuiding_data]
2025-12-27 12:00:33,717 [INFO] [成功读取表 tuiding_data，数据行数：4819]
2025-12-27 12:00:33,718 [INFO] [开始读取数据库表：debit_data]
2025-12-27 12:00:35,134 [INFO] [成功读取表 debit_data，数据行数：27859]
2025-12-27 12:00:35,435 [INFO] [开始读取数据库表：sales_invoice_data]
2025-12-27 12:00:36,456 [INFO] [成功读取表 sales_invoice_data，数据行数：22159]
2025-12-27 12:09:30,163 [INFO] [数据库引擎创建成功]
2025-12-27 12:09:30,163 [INFO] [开始读取数据库表：order_data]
2025-12-27 12:09:31,587 [INFO] [成功读取表 order_data，数据行数：25811]
2025-12-27 12:09:31,831 [INFO] [开始读取数据库表：sales_data]
2025-12-27 12:09:35,014 [INFO] [成功读取表 sales_data，数据行数：24616]
2025-12-27 12:09:36,519 [INFO] [开始读取数据库表：jingpin_data]
2025-12-27 12:09:36,669 [INFO] [成功读取表 jingpin_data，数据行数：5225]
2025-12-27 12:09:36,723 [INFO] [开始读取数据库表：inventory_data]
2025-12-27 12:09:37,064 [INFO] [成功读取表 inventory_data，数据行数：4976]
2025-12-27 12:09:37,065 [INFO] [开始读取数据库表：tuiding_data]
2025-12-27 12:09:37,263 [INFO] [成功读取表 tuiding_data，数据行数：4819]
2025-12-27 12:09:37,263 [INFO] [开始读取数据库表：debit_data]
2025-12-27 12:09:38,609 [INFO] [成功读取表 debit_data，数据行数：27866]
2025-12-27 12:09:38,913 [INFO] [开始读取数据库表：sales_invoice_data]
2025-12-27 12:09:40,020 [INFO] [成功读取表 sales_invoice_data，数据行数：22159]
2025-12-27 12:23:37,956 [INFO] [数据库引擎创建成功]
2025-12-27 12:23:37,956 [INFO] [开始读取数据库表：order_data]
2025-12-27 12:23:39,492 [INFO] [成功读取表 order_data，数据行数：25811]
2025-12-27 12:23:39,787 [INFO] [开始读取数据库表：sales_data]
2025-12-27 12:23:43,418 [INFO] [成功读取表 sales_data，数据行数：24616]
2025-12-27 12:23:45,135 [INFO] [开始读取数据库表：jingpin_data]
2025-12-27 12:23:45,287 [INFO] [成功读取表 jingpin_data，数据行数：5225]
2025-12-27 12:23:45,338 [INFO] [开始读取数据库表：inventory_data]
2025-12-27 12:23:45,709 [INFO] [成功读取表 inventory_data，数据行数：4978]
2025-12-27 12:23:45,709 [INFO] [开始读取数据库表：tuiding_data]
2025-12-27 12:23:45,939 [INFO] [成功读取表 tuiding_data，数据行数：4823]
2025-12-27 12:23:45,940 [INFO] [开始读取数据库表：debit_data]
2025-12-27 12:23:47,497 [INFO] [成功读取表 debit_data，数据行数：27867]
2025-12-27 12:23:47,775 [INFO] [开始读取数据库表：sales_invoice_data]
2025-12-27 12:23:48,843 [INFO] [成功读取表 sales_invoice_data，数据行数：22159]
2025-12-27 12:30:41,066 [INFO] [数据库引擎创建成功]
2025-12-27 12:30:41,066 [INFO] [开始读取数据库表：order_data]
2025-12-27 12:30:42,559 [INFO] [成功读取表 order_data，数据行数：25811]
2025-12-27 12:30:42,839 [INFO] [开始读取数据库表：sales_data]
2025-12-27 12:30:46,155 [INFO] [成功读取表 sales_data，数据行数：24615]
2025-12-27 12:30:47,865 [INFO] [开始读取数据库表：jingpin_data]
2025-12-27 12:30:48,017 [INFO] [成功读取表 jingpin_data，数据行数：5225]
2025-12-27 12:30:48,077 [INFO] [开始读取数据库表：inventory_data]
2025-12-27 12:30:48,402 [INFO] [成功读取表 inventory_data，数据行数：4529]
2025-12-27 12:30:48,402 [INFO] [开始读取数据库表：tuiding_data]
2025-12-27 12:30:48,583 [INFO] [成功读取表 tuiding_data，数据行数：4823]
2025-12-27 12:30:48,583 [INFO] [开始读取数据库表：debit_data]
2025-12-27 12:30:50,070 [INFO] [成功读取表 debit_data，数据行数：27871]
2025-12-27 12:30:50,425 [INFO] [开始读取数据库表：sales_invoice_data]
2025-12-27 12:30:51,489 [INFO] [成功读取表 sales_invoice_data，数据行数：22159]
2025-12-27 12:33:49,002 [INFO] [数据库引擎创建成功]
2025-12-27 12:33:49,003 [INFO] [开始读取数据库表：order_data]
2025-12-27 12:33:50,455 [INFO] [成功读取表 order_data，数据行数：25811]
2025-12-27 12:33:50,755 [INFO] [开始读取数据库表：sales_data]
2025-12-27 12:33:54,057 [INFO] [成功读取表 sales_data，数据行数：24615]
2025-12-27 12:33:55,646 [INFO] [开始读取数据库表：jingpin_data]
2025-12-27 12:33:55,806 [INFO] [成功读取表 jingpin_data，数据行数：5225]
2025-12-27 12:33:55,854 [INFO] [开始读取数据库表：inventory_data]
2025-12-27 12:33:56,159 [INFO] [成功读取表 inventory_data，数据行数：4529]
2025-12-27 12:33:56,159 [INFO] [开始读取数据库表：tuiding_data]
2025-12-27 12:33:56,338 [INFO] [成功读取表 tuiding_data，数据行数：4823]
2025-12-27 12:33:56,338 [INFO] [开始读取数据库表：debit_data]
2025-12-27 12:33:57,725 [INFO] [成功读取表 debit_data，数据行数：27871]
2025-12-27 12:33:58,002 [INFO] [开始读取数据库表：sales_invoice_data]
2025-12-27 12:33:59,090 [INFO] [成功读取表 sales_invoice_data，数据行数：22159]
2025-12-27 12:44:27,787 [INFO] [数据库引擎创建成功]
2025-12-27 12:44:27,787 [INFO] [开始读取数据库表：order_data]
2025-12-27 12:44:29,163 [INFO] [成功读取表 order_data，数据行数：25813]
2025-12-27 12:44:29,398 [INFO] [开始读取数据库表：sales_data]
2025-12-27 12:44:32,590 [INFO] [成功读取表 sales_data，数据行数：24615]
2025-12-27 12:44:34,095 [INFO] [开始读取数据库表：jingpin_data]
2025-12-27 12:44:34,234 [INFO] [成功读取表 jingpin_data，数据行数：5225]
2025-12-27 12:44:34,285 [INFO] [开始读取数据库表：inventory_data]
2025-12-27 12:44:34,640 [INFO] [成功读取表 inventory_data，数据行数：4978]
2025-12-27 12:44:34,641 [INFO] [开始读取数据库表：tuiding_data]
2025-12-27 12:44:34,826 [INFO] [成功读取表 tuiding_data，数据行数：4823]
2025-12-27 12:44:34,826 [INFO] [开始读取数据库表：debit_data]
2025-12-27 12:44:36,235 [INFO] [成功读取表 debit_data，数据行数：27963]
2025-12-27 12:44:36,503 [INFO] [开始读取数据库表：sales_invoice_data]
2025-12-27 12:44:37,562 [INFO] [成功读取表 sales_invoice_data，数据行数：22159]
2025-12-27 12:58:31,441 [INFO] [数据库引擎创建成功]
2025-12-27 12:58:31,442 [INFO] [开始读取数据库表：order_data]
2025-12-27 12:58:32,875 [INFO] [成功读取表 order_data，数据行数：25815]
2025-12-27 12:58:33,121 [INFO] [开始读取数据库表：sales_data]
2025-12-27 12:58:36,240 [INFO] [成功读取表 sales_data，数据行数：24617]
2025-12-27 12:58:37,734 [INFO] [开始读取数据库表：jingpin_data]
2025-12-27 12:58:37,873 [INFO] [成功读取表 jingpin_data，数据行数：5225]
2025-12-27 12:58:37,936 [INFO] [开始读取数据库表：inventory_data]
2025-12-27 12:58:38,267 [INFO] [成功读取表 inventory_data，数据行数：4976]
2025-12-27 12:58:38,268 [INFO] [开始读取数据库表：tuiding_data]
2025-12-27 12:58:38,453 [INFO] [成功读取表 tuiding_data，数据行数：4823]
2025-12-27 12:58:38,453 [INFO] [开始读取数据库表：debit_data]
2025-12-27 12:58:39,848 [INFO] [成功读取表 debit_data，数据行数：27963]
2025-12-27 12:58:40,140 [INFO] [开始读取数据库表：sales_invoice_data]
2025-12-27 12:58:41,187 [INFO] [成功读取表 sales_invoice_data，数据行数：22161]
2025-12-27 13:00:31,253 [INFO] [数据库引擎创建成功]
2025-12-27 13:00:31,254 [INFO] [开始读取数据库表：order_data]
2025-12-27 13:00:32,654 [INFO] [成功读取表 order_data，数据行数：25815]
2025-12-27 13:00:32,908 [INFO] [开始读取数据库表：sales_data]
2025-12-27 13:00:35,995 [INFO] [成功读取表 sales_data，数据行数：24617]
2025-12-27 13:00:37,451 [INFO] [开始读取数据库表：jingpin_data]
2025-12-27 13:00:37,609 [INFO] [成功读取表 jingpin_data，数据行数：5225]
2025-12-27 13:00:37,669 [INFO] [开始读取数据库表：inventory_data]
2025-12-27 13:00:38,025 [INFO] [成功读取表 inventory_data，数据行数：4976]
2025-12-27 13:00:38,025 [INFO] [开始读取数据库表：tuiding_data]
2025-12-27 13:00:38,217 [INFO] [成功读取表 tuiding_data，数据行数：4823]
2025-12-27 13:00:38,217 [INFO] [开始读取数据库表：debit_data]
2025-12-27 13:00:39,660 [INFO] [成功读取表 debit_data，数据行数：27963]
2025-12-27 13:00:39,952 [INFO] [开始读取数据库表：sales_invoice_data]
2025-12-27 13:00:41,110 [INFO] [成功读取表 sales_invoice_data，数据行数：22161]
2025-12-27 13:09:21,263 [INFO] [数据库引擎创建成功]
2025-12-27 13:09:21,263 [INFO] [开始读取数据库表：order_data]
2025-12-27 13:09:22,704 [INFO] [成功读取表 order_data，数据行数：25815]
2025-12-27 13:09:22,957 [INFO] [开始读取数据库表：sales_data]
2025-12-27 13:09:26,116 [INFO] [成功读取表 sales_data，数据行数：24617]
2025-12-27 13:09:27,669 [INFO] [开始读取数据库表：jingpin_data]
2025-12-27 13:09:27,827 [INFO] [成功读取表 jingpin_data，数据行数：5225]
2025-12-27 13:09:27,879 [INFO] [开始读取数据库表：inventory_data]
2025-12-27 13:09:28,258 [INFO] [成功读取表 inventory_data，数据行数：4977]
2025-12-27 13:09:28,259 [INFO] [开始读取数据库表：tuiding_data]
2025-12-27 13:09:28,447 [INFO] [成功读取表 tuiding_data，数据行数：4823]
2025-12-27 13:09:28,447 [INFO] [开始读取数据库表：debit_data]
2025-12-27 13:09:29,847 [INFO] [成功读取表 debit_data，数据行数：27964]
2025-12-27 13:09:30,118 [INFO] [开始读取数据库表：sales_invoice_data]
2025-12-27 13:09:31,196 [INFO] [成功读取表 sales_invoice_data，数据行数：22161]
2025-12-27 13:23:46,378 [INFO] [数据库引擎创建成功]
2025-12-27 13:23:46,379 [INFO] [开始读取数据库表：order_data]
2025-12-27 13:23:47,819 [INFO] [成功读取表 order_data，数据行数：25816]
2025-12-27 13:23:48,049 [INFO] [开始读取数据库表：sales_data]
2025-12-27 13:23:51,183 [INFO] [成功读取表 sales_data，数据行数：24617]
2025-12-27 13:23:52,637 [INFO] [开始读取数据库表：jingpin_data]
2025-12-27 13:23:52,801 [INFO] [成功读取表 jingpin_data，数据行数：5225]
2025-12-27 13:23:52,863 [INFO] [开始读取数据库表：inventory_data]
2025-12-27 13:23:53,222 [INFO] [成功读取表 inventory_data，数据行数：4976]
2025-12-27 13:23:53,222 [INFO] [开始读取数据库表：tuiding_data]
2025-12-27 13:23:53,453 [INFO] [成功读取表 tuiding_data，数据行数：4823]
2025-12-27 13:23:53,453 [INFO] [开始读取数据库表：debit_data]
2025-12-27 13:23:55,072 [INFO] [成功读取表 debit_data，数据行数：27965]
2025-12-27 13:23:55,389 [INFO] [开始读取数据库表：sales_invoice_data]
2025-12-27 13:23:56,486 [INFO] [成功读取表 sales_invoice_data，数据行数：22161]
2025-12-27 13:30:54,011 [INFO] [数据库引擎创建成功]
2025-12-27 13:30:54,011 [INFO] [开始读取数据库表：order_data]
2025-12-27 13:30:55,626 [INFO] [成功读取表 order_data，数据行数：25816]
2025-12-27 13:30:55,893 [INFO] [开始读取数据库表：sales_data]
2025-12-27 13:30:59,232 [INFO] [成功读取表 sales_data，数据行数：24617]
2025-12-27 13:31:00,750 [INFO] [开始读取数据库表：jingpin_data]
2025-12-27 13:31:00,897 [INFO] [成功读取表 jingpin_data，数据行数：5225]
2025-12-27 13:31:00,948 [INFO] [开始读取数据库表：inventory_data]
2025-12-27 13:31:01,296 [INFO] [成功读取表 inventory_data，数据行数：4976]
2025-12-27 13:31:01,296 [INFO] [开始读取数据库表：tuiding_data]
2025-12-27 13:31:01,481 [INFO] [成功读取表 tuiding_data，数据行数：4823]
2025-12-27 13:31:01,481 [INFO] [开始读取数据库表：debit_data]
2025-12-27 13:31:02,853 [INFO] [成功读取表 debit_data，数据行数：27965]
2025-12-27 13:31:03,165 [INFO] [开始读取数据库表：sales_invoice_data]
2025-12-27 13:31:04,233 [INFO] [成功读取表 sales_invoice_data，数据行数：22161]
2025-12-27 13:33:48,349 [INFO] [数据库引擎创建成功]
2025-12-27 13:33:48,349 [INFO] [开始读取数据库表：order_data]
2025-12-27 13:33:49,778 [INFO] [成功读取表 order_data，数据行数：25816]
2025-12-27 13:33:50,033 [INFO] [开始读取数据库表：sales_data]
2025-12-27 13:33:53,272 [INFO] [成功读取表 sales_data，数据行数：24617]
2025-12-27 13:33:54,746 [INFO] [开始读取数据库表：jingpin_data]
2025-12-27 13:33:54,899 [INFO] [成功读取表 jingpin_data，数据行数：5225]
2025-12-27 13:33:54,945 [INFO] [开始读取数据库表：inventory_data]
2025-12-27 13:33:55,272 [INFO] [成功读取表 inventory_data，数据行数：4976]
2025-12-27 13:33:55,273 [INFO] [开始读取数据库表：tuiding_data]
2025-12-27 13:33:55,460 [INFO] [成功读取表 tuiding_data，数据行数：4823]
2025-12-27 13:33:55,460 [INFO] [开始读取数据库表：debit_data]
2025-12-27 13:33:56,918 [INFO] [成功读取表 debit_data，数据行数：27965]
2025-12-27 13:33:57,218 [INFO] [开始读取数据库表：sales_invoice_data]
2025-12-27 13:33:58,300 [INFO] [成功读取表 sales_invoice_data，数据行数：22161]
2025-12-27 13:44:39,906 [INFO] [数据库引擎创建成功]
2025-12-27 13:44:39,906 [INFO] [开始读取数据库表：order_data]
2025-12-27 13:44:41,389 [INFO] [成功读取表 order_data，数据行数：25819]
2025-12-27 13:44:41,638 [INFO] [开始读取数据库表：sales_data]
2025-12-27 13:44:44,858 [INFO] [成功读取表 sales_data，数据行数：24617]
2025-12-27 13:44:46,360 [INFO] [开始读取数据库表：jingpin_data]
2025-12-27 13:44:46,512 [INFO] [成功读取表 jingpin_data，数据行数：5225]
2025-12-27 13:44:46,575 [INFO] [开始读取数据库表：inventory_data]
2025-12-27 13:44:46,935 [INFO] [成功读取表 inventory_data，数据行数：4976]
2025-12-27 13:44:46,935 [INFO] [开始读取数据库表：tuiding_data]
2025-12-27 13:44:47,124 [INFO] [成功读取表 tuiding_data，数据行数：4823]
2025-12-27 13:44:47,125 [INFO] [开始读取数据库表：debit_data]
2025-12-27 13:44:48,555 [INFO] [成功读取表 debit_data，数据行数：27965]
2025-12-27 13:44:48,865 [INFO] [开始读取数据库表：sales_invoice_data]
2025-12-27 13:44:49,926 [INFO] [成功读取表 sales_invoice_data，数据行数：22161]
2025-12-27 13:57:57,116 [INFO] [数据库引擎创建成功]
2025-12-27 13:57:57,116 [INFO] [开始读取数据库表：order_data]
2025-12-27 13:57:58,556 [INFO] [成功读取表 order_data，数据行数：25822]
2025-12-27 13:57:58,824 [INFO] [开始读取数据库表：sales_data]
2025-12-27 13:58:02,042 [INFO] [成功读取表 sales_data，数据行数：24619]
2025-12-27 13:58:03,486 [INFO] [开始读取数据库表：jingpin_data]
2025-12-27 13:58:03,627 [INFO] [成功读取表 jingpin_data，数据行数：5225]
2025-12-27 13:58:03,683 [INFO] [开始读取数据库表：inventory_data]
2025-12-27 13:58:04,027 [INFO] [成功读取表 inventory_data，数据行数：4974]
2025-12-27 13:58:04,027 [INFO] [开始读取数据库表：tuiding_data]
2025-12-27 13:58:04,214 [INFO] [成功读取表 tuiding_data，数据行数：4823]
2025-12-27 13:58:04,214 [INFO] [开始读取数据库表：debit_data]
2025-12-27 13:58:05,552 [INFO] [成功读取表 debit_data，数据行数：27965]
2025-12-27 13:58:05,812 [INFO] [开始读取数据库表：sales_invoice_data]
2025-12-27 13:58:06,806 [INFO] [成功读取表 sales_invoice_data，数据行数：22163]
2025-12-27 14:00:22,935 [INFO] [数据库引擎创建成功]
2025-12-27 14:00:22,935 [INFO] [开始读取数据库表：order_data]
2025-12-27 14:00:24,394 [INFO] [成功读取表 order_data，数据行数：25822]
2025-12-27 14:00:24,637 [INFO] [开始读取数据库表：sales_data]
2025-12-27 14:00:27,765 [INFO] [成功读取表 sales_data，数据行数：24619]
2025-12-27 14:00:29,267 [INFO] [开始读取数据库表：jingpin_data]
2025-12-27 14:00:29,408 [INFO] [成功读取表 jingpin_data，数据行数：5225]
2025-12-27 14:00:29,460 [INFO] [开始读取数据库表：inventory_data]
2025-12-27 14:00:29,801 [INFO] [成功读取表 inventory_data，数据行数：4974]
2025-12-27 14:00:29,801 [INFO] [开始读取数据库表：tuiding_data]
2025-12-27 14:00:29,982 [INFO] [成功读取表 tuiding_data，数据行数：4823]
2025-12-27 14:00:29,982 [INFO] [开始读取数据库表：debit_data]
2025-12-27 14:00:31,291 [INFO] [成功读取表 debit_data，数据行数：27965]
2025-12-27 14:00:31,610 [INFO] [开始读取数据库表：sales_invoice_data]
2025-12-27 14:00:32,763 [INFO] [成功读取表 sales_invoice_data，数据行数：22163]
2025-12-27 14:08:56,239 [INFO] [数据库引擎创建成功]
2025-12-27 14:08:56,240 [INFO] [开始读取数据库表：order_data]
2025-12-27 14:08:57,693 [INFO] [成功读取表 order_data，数据行数：25823]
2025-12-27 14:08:57,951 [INFO] [开始读取数据库表：sales_data]
2025-12-27 14:09:01,333 [INFO] [成功读取表 sales_data，数据行数：24619]
2025-12-27 14:09:02,889 [INFO] [开始读取数据库表：jingpin_data]
2025-12-27 14:09:03,026 [INFO] [成功读取表 jingpin_data，数据行数：5225]
2025-12-27 14:09:03,082 [INFO] [开始读取数据库表：inventory_data]
2025-12-27 14:09:03,447 [INFO] [成功读取表 inventory_data，数据行数：4974]
2025-12-27 14:09:03,447 [INFO] [开始读取数据库表：tuiding_data]
2025-12-27 14:09:03,652 [INFO] [成功读取表 tuiding_data，数据行数：4823]
2025-12-27 14:09:03,652 [INFO] [开始读取数据库表：debit_data]
2025-12-27 14:09:04,980 [INFO] [成功读取表 debit_data，数据行数：27965]
2025-12-27 14:09:05,272 [INFO] [开始读取数据库表：sales_invoice_data]
2025-12-27 14:09:06,346 [INFO] [成功读取表 sales_invoice_data，数据行数：22163]
2025-12-27 14:19:17,161 [INFO] [数据库引擎创建成功]
2025-12-27 14:19:17,162 [INFO] [开始读取数据库表：order_data]
2025-12-27 14:19:18,694 [INFO] [成功读取表 order_data，数据行数：25825]
2025-12-27 14:19:18,952 [INFO] [开始读取数据库表：sales_data]
2025-12-27 14:19:22,225 [INFO] [成功读取表 sales_data，数据行数：24623]
2025-12-27 14:19:23,822 [INFO] [开始读取数据库表：jingpin_data]
2025-12-27 14:19:23,965 [INFO] [成功读取表 jingpin_data，数据行数：5225]
2025-12-27 14:19:24,016 [INFO] [开始读取数据库表：inventory_data]
2025-12-27 14:19:24,360 [INFO] [成功读取表 inventory_data，数据行数：4943]
2025-12-27 14:19:24,361 [INFO] [开始读取数据库表：tuiding_data]
2025-12-27 14:19:24,548 [INFO] [成功读取表 tuiding_data，数据行数：4823]
2025-12-27 14:19:24,548 [INFO] [开始读取数据库表：debit_data]
2025-12-27 14:19:26,016 [INFO] [成功读取表 debit_data，数据行数：27965]
2025-12-27 14:19:26,325 [INFO] [开始读取数据库表：sales_invoice_data]
2025-12-27 14:19:27,389 [INFO] [成功读取表 sales_invoice_data，数据行数：22167]
2025-12-27 14:31:12,890 [INFO] [数据库引擎创建成功]
2025-12-27 14:31:12,890 [INFO] [开始读取数据库表：order_data]
2025-12-27 14:31:14,386 [INFO] [成功读取表 order_data，数据行数：25825]
2025-12-27 14:31:14,645 [INFO] [开始读取数据库表：sales_data]
2025-12-27 14:31:17,873 [INFO] [成功读取表 sales_data，数据行数：24625]
2025-12-27 14:31:19,405 [INFO] [开始读取数据库表：jingpin_data]
2025-12-27 14:31:19,542 [INFO] [成功读取表 jingpin_data，数据行数：5225]
2025-12-27 14:31:19,592 [INFO] [开始读取数据库表：inventory_data]
2025-12-27 14:31:19,925 [INFO] [成功读取表 inventory_data，数据行数：4881]
2025-12-27 14:31:19,925 [INFO] [开始读取数据库表：tuiding_data]
2025-12-27 14:31:20,098 [INFO] [成功读取表 tuiding_data，数据行数：4826]
2025-12-27 14:31:20,098 [INFO] [开始读取数据库表：debit_data]
2025-12-27 14:31:21,414 [INFO] [成功读取表 debit_data，数据行数：27965]
2025-12-27 14:31:21,698 [INFO] [开始读取数据库表：sales_invoice_data]
2025-12-27 14:31:22,710 [INFO] [成功读取表 sales_invoice_data，数据行数：22169]
2025-12-27 14:33:44,234 [INFO] [数据库引擎创建成功]
2025-12-27 14:33:44,235 [INFO] [开始读取数据库表：order_data]
2025-12-27 14:33:45,691 [INFO] [成功读取表 order_data，数据行数：25825]
2025-12-27 14:33:45,978 [INFO] [开始读取数据库表：sales_data]
2025-12-27 14:33:49,182 [INFO] [成功读取表 sales_data，数据行数：24625]
2025-12-27 14:33:50,695 [INFO] [开始读取数据库表：jingpin_data]
2025-12-27 14:33:50,834 [INFO] [成功读取表 jingpin_data，数据行数：5225]
2025-12-27 14:33:50,884 [INFO] [开始读取数据库表：inventory_data]
2025-12-27 14:33:51,231 [INFO] [成功读取表 inventory_data，数据行数：4881]
2025-12-27 14:33:51,231 [INFO] [开始读取数据库表：tuiding_data]
2025-12-27 14:33:51,417 [INFO] [成功读取表 tuiding_data，数据行数：4826]
2025-12-27 14:33:51,418 [INFO] [开始读取数据库表：debit_data]
2025-12-27 14:33:52,849 [INFO] [成功读取表 debit_data，数据行数：27965]
2025-12-27 14:33:53,149 [INFO] [开始读取数据库表：sales_invoice_data]
2025-12-27 14:33:54,200 [INFO] [成功读取表 sales_invoice_data，数据行数：22169]
2025-12-27 14:43:45,870 [INFO] [数据库引擎创建成功]
2025-12-27 14:43:45,871 [INFO] [开始读取数据库表：order_data]
2025-12-27 14:43:47,322 [INFO] [成功读取表 order_data，数据行数：25825]
2025-12-27 14:43:47,552 [INFO] [开始读取数据库表：sales_data]
2025-12-27 14:43:50,723 [INFO] [成功读取表 sales_data，数据行数：24628]
2025-12-27 14:43:52,266 [INFO] [开始读取数据库表：jingpin_data]
2025-12-27 14:43:52,437 [INFO] [成功读取表 jingpin_data，数据行数：5227]
2025-12-27 14:43:52,492 [INFO] [开始读取数据库表：inventory_data]
2025-12-27 14:43:52,850 [INFO] [成功读取表 inventory_data，数据行数：4801]
2025-12-27 14:43:52,850 [INFO] [开始读取数据库表：tuiding_data]
2025-12-27 14:43:53,066 [INFO] [成功读取表 tuiding_data，数据行数：4826]
2025-12-27 14:43:53,066 [INFO] [开始读取数据库表：debit_data]
2025-12-27 14:43:54,514 [INFO] [成功读取表 debit_data，数据行数：27965]
2025-12-27 14:43:54,804 [INFO] [开始读取数据库表：sales_invoice_data]
2025-12-27 14:43:55,895 [INFO] [成功读取表 sales_invoice_data，数据行数：22172]
2025-12-27 14:54:19,807 [INFO] [数据库引擎创建成功]
2025-12-27 14:54:19,807 [INFO] [开始读取数据库表：order_data]
2025-12-27 14:54:21,303 [INFO] [成功读取表 order_data，数据行数：25828]
2025-12-27 14:54:21,560 [INFO] [开始读取数据库表：sales_data]
2025-12-27 14:54:24,715 [INFO] [成功读取表 sales_data，数据行数：24629]
2025-12-27 14:54:26,241 [INFO] [开始读取数据库表：jingpin_data]
2025-12-27 14:54:26,395 [INFO] [成功读取表 jingpin_data，数据行数：5227]
2025-12-27 14:54:26,450 [INFO] [开始读取数据库表：inventory_data]
2025-12-27 14:54:26,830 [INFO] [成功读取表 inventory_data，数据行数：4781]
2025-12-27 14:54:26,830 [INFO] [开始读取数据库表：tuiding_data]
2025-12-27 14:54:27,028 [INFO] [成功读取表 tuiding_data，数据行数：4826]
2025-12-27 14:54:27,028 [INFO] [开始读取数据库表：debit_data]
2025-12-27 14:54:28,365 [INFO] [成功读取表 debit_data，数据行数：27965]
2025-12-27 14:54:28,644 [INFO] [开始读取数据库表：sales_invoice_data]
2025-12-27 14:54:29,637 [INFO] [成功读取表 sales_invoice_data，数据行数：22173]
2025-12-27 15:01:06,626 [INFO] [数据库引擎创建成功]
2025-12-27 15:01:06,626 [INFO] [开始读取数据库表：order_data]
2025-12-27 15:01:08,162 [INFO] [成功读取表 order_data，数据行数：25833]
2025-12-27 15:01:08,401 [INFO] [开始读取数据库表：sales_data]
2025-12-27 15:01:11,679 [INFO] [成功读取表 sales_data，数据行数：24630]
2025-12-27 15:01:13,240 [INFO] [开始读取数据库表：jingpin_data]
2025-12-27 15:01:13,385 [INFO] [成功读取表 jingpin_data，数据行数：5227]
2025-12-27 15:01:13,437 [INFO] [开始读取数据库表：inventory_data]
2025-12-27 15:01:13,821 [INFO] [成功读取表 inventory_data，数据行数：4781]
2025-12-27 15:01:13,821 [INFO] [开始读取数据库表：tuiding_data]
2025-12-27 15:01:13,985 [INFO] [成功读取表 tuiding_data，数据行数：4826]
2025-12-27 15:01:13,985 [INFO] [开始读取数据库表：debit_data]
2025-12-27 15:01:15,115 [INFO] [成功读取表 debit_data，数据行数：27965]
2025-12-27 15:01:15,352 [INFO] [开始读取数据库表：sales_invoice_data]
2025-12-27 15:01:16,427 [INFO] [成功读取表 sales_invoice_data，数据行数：22174]
2025-12-27 15:09:53,437 [INFO] [数据库引擎创建成功]
2025-12-27 15:09:53,437 [INFO] [开始读取数据库表：order_data]
2025-12-27 15:09:54,892 [INFO] [成功读取表 order_data，数据行数：25835]
2025-12-27 15:09:55,135 [INFO] [开始读取数据库表：sales_data]
2025-12-27 15:09:58,396 [INFO] [成功读取表 sales_data，数据行数：24630]
2025-12-27 15:10:00,015 [INFO] [开始读取数据库表：jingpin_data]
2025-12-27 15:10:00,174 [INFO] [成功读取表 jingpin_data，数据行数：5227]
2025-12-27 15:10:00,243 [INFO] [开始读取数据库表：inventory_data]
2025-12-27 15:10:00,610 [INFO] [成功读取表 inventory_data，数据行数：4780]
2025-12-27 15:10:00,610 [INFO] [开始读取数据库表：tuiding_data]
2025-12-27 15:10:00,795 [INFO] [成功读取表 tuiding_data，数据行数：4826]
2025-12-27 15:10:00,795 [INFO] [开始读取数据库表：debit_data]
2025-12-27 15:10:02,225 [INFO] [成功读取表 debit_data，数据行数：27965]
2025-12-27 15:10:02,499 [INFO] [开始读取数据库表：sales_invoice_data]
2025-12-27 15:10:03,603 [INFO] [成功读取表 sales_invoice_data，数据行数：22174]
2025-12-27 15:24:07,079 [INFO] [数据库引擎创建成功]
2025-12-27 15:24:07,079 [INFO] [开始读取数据库表：order_data]
2025-12-27 15:24:08,540 [INFO] [成功读取表 order_data，数据行数：25836]
2025-12-27 15:24:08,779 [INFO] [开始读取数据库表：sales_data]
2025-12-27 15:24:11,975 [INFO] [成功读取表 sales_data，数据行数：24634]
2025-12-27 15:24:13,374 [INFO] [开始读取数据库表：jingpin_data]
2025-12-27 15:24:13,531 [INFO] [成功读取表 jingpin_data，数据行数：5227]
2025-12-27 15:24:13,583 [INFO] [开始读取数据库表：inventory_data]
2025-12-27 15:24:13,891 [INFO] [成功读取表 inventory_data，数据行数：4779]
2025-12-27 15:24:13,891 [INFO] [开始读取数据库表：tuiding_data]
2025-12-27 15:24:14,076 [INFO] [成功读取表 tuiding_data，数据行数：4826]
2025-12-27 15:24:14,076 [INFO] [开始读取数据库表：debit_data]
2025-12-27 15:24:15,513 [INFO] [成功读取表 debit_data，数据行数：27965]
2025-12-27 15:24:15,772 [INFO] [开始读取数据库表：sales_invoice_data]
2025-12-27 15:24:16,790 [INFO] [成功读取表 sales_invoice_data，数据行数：22176]
2025-12-27 15:31:03,622 [INFO] [数据库引擎创建成功]
2025-12-27 15:31:03,622 [INFO] [开始读取数据库表：order_data]
2025-12-27 15:31:05,169 [INFO] [成功读取表 order_data，数据行数：25840]
2025-12-27 15:31:05,420 [INFO] [开始读取数据库表：sales_data]
2025-12-27 15:31:08,573 [INFO] [成功读取表 sales_data，数据行数：24634]
2025-12-27 15:31:10,157 [INFO] [开始读取数据库表：jingpin_data]
2025-12-27 15:31:10,300 [INFO] [成功读取表 jingpin_data，数据行数：5227]
2025-12-27 15:31:10,348 [INFO] [开始读取数据库表：inventory_data]
2025-12-27 15:31:10,719 [INFO] [成功读取表 inventory_data，数据行数：4779]
2025-12-27 15:31:10,719 [INFO] [开始读取数据库表：tuiding_data]
2025-12-27 15:31:10,926 [INFO] [成功读取表 tuiding_data，数据行数：4826]
2025-12-27 15:31:10,926 [INFO] [开始读取数据库表：debit_data]
2025-12-27 15:31:12,362 [INFO] [成功读取表 debit_data，数据行数：27965]
2025-12-27 15:31:12,674 [INFO] [开始读取数据库表：sales_invoice_data]
2025-12-27 15:31:13,782 [INFO] [成功读取表 sales_invoice_data，数据行数：22176]
2025-12-27 15:38:47,837 [INFO] [数据库引擎创建成功]
2025-12-27 15:38:47,837 [INFO] [开始读取数据库表：order_data]
2025-12-27 15:38:49,255 [INFO] [成功读取表 order_data，数据行数：25841]
2025-12-27 15:38:49,507 [INFO] [开始读取数据库表：sales_data]
2025-12-27 15:38:52,648 [INFO] [成功读取表 sales_data，数据行数：24634]
2025-12-27 15:38:54,195 [INFO] [开始读取数据库表：jingpin_data]
2025-12-27 15:38:54,329 [INFO] [成功读取表 jingpin_data，数据行数：5227]
2025-12-27 15:38:54,375 [INFO] [开始读取数据库表：inventory_data]
2025-12-27 15:38:54,719 [INFO] [成功读取表 inventory_data，数据行数：4779]
2025-12-27 15:38:54,719 [INFO] [开始读取数据库表：tuiding_data]
2025-12-27 15:38:54,929 [INFO] [成功读取表 tuiding_data，数据行数：4826]
2025-12-27 15:38:54,929 [INFO] [开始读取数据库表：debit_data]
2025-12-27 15:38:56,387 [INFO] [成功读取表 debit_data，数据行数：27965]
2025-12-27 15:38:56,710 [INFO] [开始读取数据库表：sales_invoice_data]
2025-12-27 15:38:57,881 [INFO] [成功读取表 sales_invoice_data，数据行数：22176]
2025-12-27 15:49:13,107 [INFO] [数据库引擎创建成功]
2025-12-27 15:49:13,108 [INFO] [开始读取数据库表：order_data]
2025-12-27 15:49:14,540 [INFO] [成功读取表 order_data，数据行数：25842]
2025-12-27 15:49:14,799 [INFO] [开始读取数据库表：sales_data]
2025-12-27 15:49:17,955 [INFO] [成功读取表 sales_data，数据行数：24638]
2025-12-27 15:49:19,495 [INFO] [开始读取数据库表：jingpin_data]
2025-12-27 15:49:19,637 [INFO] [成功读取表 jingpin_data，数据行数：5228]
2025-12-27 15:49:19,699 [INFO] [开始读取数据库表：inventory_data]
2025-12-27 15:49:20,031 [INFO] [成功读取表 inventory_data，数据行数：4775]
2025-12-27 15:49:20,032 [INFO] [开始读取数据库表：tuiding_data]
2025-12-27 15:49:20,214 [INFO] [成功读取表 tuiding_data，数据行数：4826]
2025-12-27 15:49:20,214 [INFO] [开始读取数据库表：debit_data]
2025-12-27 15:49:21,616 [INFO] [成功读取表 debit_data，数据行数：27965]
2025-12-27 15:49:21,880 [INFO] [开始读取数据库表：sales_invoice_data]
2025-12-27 15:49:22,957 [INFO] [成功读取表 sales_invoice_data，数据行数：22180]
2025-12-27 16:01:16,833 [INFO] [数据库引擎创建成功]
2025-12-27 16:01:16,843 [INFO] [开始读取数据库表：order_data]
2025-12-27 16:01:18,305 [INFO] [成功读取表 order_data，数据行数：25844]
2025-12-27 16:01:18,582 [INFO] [开始读取数据库表：sales_data]
2025-12-27 16:01:21,725 [INFO] [成功读取表 sales_data，数据行数：24640]
2025-12-27 16:01:23,419 [INFO] [开始读取数据库表：jingpin_data]
2025-12-27 16:01:23,615 [INFO] [成功读取表 jingpin_data，数据行数：5228]
2025-12-27 16:01:23,699 [INFO] [开始读取数据库表：inventory_data]
2025-12-27 16:01:24,034 [INFO] [成功读取表 inventory_data，数据行数：4773]
2025-12-27 16:01:24,035 [INFO] [开始读取数据库表：tuiding_data]
2025-12-27 16:01:24,212 [INFO] [成功读取表 tuiding_data，数据行数：4826]
2025-12-27 16:01:24,212 [INFO] [开始读取数据库表：debit_data]
2025-12-27 16:01:25,580 [INFO] [成功读取表 debit_data，数据行数：27965]
2025-12-27 16:01:25,886 [INFO] [开始读取数据库表：sales_invoice_data]
2025-12-27 16:01:27,069 [INFO] [成功读取表 sales_invoice_data，数据行数：22182]
2025-12-27 16:03:55,896 [INFO] [数据库引擎创建成功]
2025-12-27 16:03:55,896 [INFO] [开始读取数据库表：order_data]
2025-12-27 16:03:57,387 [INFO] [成功读取表 order_data，数据行数：25844]
2025-12-27 16:03:57,664 [INFO] [开始读取数据库表：sales_data]
2025-12-27 16:04:01,057 [INFO] [成功读取表 sales_data，数据行数：24640]
2025-12-27 16:04:02,618 [INFO] [开始读取数据库表：jingpin_data]
2025-12-27 16:04:02,798 [INFO] [成功读取表 jingpin_data，数据行数：5228]
2025-12-27 16:04:02,853 [INFO] [开始读取数据库表：inventory_data]
2025-12-27 16:04:03,234 [INFO] [成功读取表 inventory_data，数据行数：4773]
2025-12-27 16:04:03,234 [INFO] [开始读取数据库表：tuiding_data]
2025-12-27 16:04:03,425 [INFO] [成功读取表 tuiding_data，数据行数：4826]
2025-12-27 16:04:03,425 [INFO] [开始读取数据库表：debit_data]
2025-12-27 16:04:04,883 [INFO] [成功读取表 debit_data，数据行数：27965]
2025-12-27 16:04:05,180 [INFO] [开始读取数据库表：sales_invoice_data]
2025-12-27 16:04:06,238 [INFO] [成功读取表 sales_invoice_data，数据行数：22182]
2025-12-27 16:14:37,403 [INFO] [数据库引擎创建成功]
2025-12-27 16:14:37,403 [INFO] [开始读取数据库表：order_data]
2025-12-27 16:14:38,825 [INFO] [成功读取表 order_data，数据行数：25845]
2025-12-27 16:14:39,084 [INFO] [开始读取数据库表：sales_data]
2025-12-27 16:14:42,426 [INFO] [成功读取表 sales_data，数据行数：24643]
2025-12-27 16:14:44,045 [INFO] [开始读取数据库表：jingpin_data]
2025-12-27 16:14:44,189 [INFO] [成功读取表 jingpin_data，数据行数：5228]
2025-12-27 16:14:44,244 [INFO] [开始读取数据库表：inventory_data]
2025-12-27 16:14:44,599 [INFO] [成功读取表 inventory_data，数据行数：4770]
2025-12-27 16:14:44,599 [INFO] [开始读取数据库表：tuiding_data]
2025-12-27 16:14:44,792 [INFO] [成功读取表 tuiding_data，数据行数：4826]
2025-12-27 16:14:44,793 [INFO] [开始读取数据库表：debit_data]
2025-12-27 16:14:46,195 [INFO] [成功读取表 debit_data，数据行数：27965]
2025-12-27 16:14:46,469 [INFO] [开始读取数据库表：sales_invoice_data]
2025-12-27 16:14:47,582 [INFO] [成功读取表 sales_invoice_data，数据行数：22185]
2025-12-27 16:28:44,674 [INFO] [数据库引擎创建成功]
2025-12-27 16:28:44,674 [INFO] [开始读取数据库表：order_data]
2025-12-27 16:28:46,142 [INFO] [成功读取表 order_data，数据行数：25846]
2025-12-27 16:28:46,433 [INFO] [开始读取数据库表：sales_data]
2025-12-27 16:28:49,554 [INFO] [成功读取表 sales_data，数据行数：24644]
2025-12-27 16:28:51,042 [INFO] [开始读取数据库表：jingpin_data]
2025-12-27 16:28:51,178 [INFO] [成功读取表 jingpin_data，数据行数：5228]
2025-12-27 16:28:51,228 [INFO] [开始读取数据库表：inventory_data]
2025-12-27 16:28:51,571 [INFO] [成功读取表 inventory_data，数据行数：4769]
2025-12-27 16:28:51,571 [INFO] [开始读取数据库表：tuiding_data]
2025-12-27 16:28:51,767 [INFO] [成功读取表 tuiding_data，数据行数：4826]
2025-12-27 16:28:51,767 [INFO] [开始读取数据库表：debit_data]
2025-12-27 16:28:53,173 [INFO] [成功读取表 debit_data，数据行数：27965]
2025-12-27 16:28:53,463 [INFO] [开始读取数据库表：sales_invoice_data]
2025-12-27 16:28:54,492 [INFO] [成功读取表 sales_invoice_data，数据行数：22186]
2025-12-27 16:30:48,974 [INFO] [数据库引擎创建成功]
2025-12-27 16:30:48,975 [INFO] [开始读取数据库表：order_data]
2025-12-27 16:30:50,416 [INFO] [成功读取表 order_data，数据行数：25846]
2025-12-27 16:30:50,650 [INFO] [开始读取数据库表：sales_data]
2025-12-27 16:30:53,898 [INFO] [成功读取表 sales_data，数据行数：24644]
2025-12-27 16:30:55,489 [INFO] [开始读取数据库表：jingpin_data]
2025-12-27 16:30:55,646 [INFO] [成功读取表 jingpin_data，数据行数：5228]
2025-12-27 16:30:55,722 [INFO] [开始读取数据库表：inventory_data]
2025-12-27 16:30:56,085 [INFO] [成功读取表 inventory_data，数据行数：4769]
2025-12-27 16:30:56,085 [INFO] [开始读取数据库表：tuiding_data]
2025-12-27 16:30:56,293 [INFO] [成功读取表 tuiding_data，数据行数：4826]
2025-12-27 16:30:56,293 [INFO] [开始读取数据库表：debit_data]
2025-12-27 16:30:57,695 [INFO] [成功读取表 debit_data，数据行数：27965]
2025-12-27 16:30:58,009 [INFO] [开始读取数据库表：sales_invoice_data]
2025-12-27 16:30:59,150 [INFO] [成功读取表 sales_invoice_data，数据行数：22186]
2025-12-27 16:39:39,626 [INFO] [数据库引擎创建成功]
2025-12-27 16:39:39,626 [INFO] [开始读取数据库表：order_data]
2025-12-27 16:39:41,056 [INFO] [成功读取表 order_data，数据行数：25846]
2025-12-27 16:39:41,317 [INFO] [开始读取数据库表：sales_data]
2025-12-27 16:39:44,650 [INFO] [成功读取表 sales_data，数据行数：24645]
2025-12-27 16:39:46,216 [INFO] [开始读取数据库表：jingpin_data]
2025-12-27 16:39:46,355 [INFO] [成功读取表 jingpin_data，数据行数：5230]
2025-12-27 16:39:46,407 [INFO] [开始读取数据库表：inventory_data]
2025-12-27 16:39:46,750 [INFO] [成功读取表 inventory_data，数据行数：4767]
2025-12-27 16:39:46,750 [INFO] [开始读取数据库表：tuiding_data]
2025-12-27 16:39:46,957 [INFO] [成功读取表 tuiding_data，数据行数：4826]
2025-12-27 16:39:46,957 [INFO] [开始读取数据库表：debit_data]
2025-12-27 16:39:48,425 [INFO] [成功读取表 debit_data，数据行数：27965]
2025-12-27 16:39:48,713 [INFO] [开始读取数据库表：sales_invoice_data]
2025-12-27 16:39:49,796 [INFO] [成功读取表 sales_invoice_data，数据行数：22188]
2025-12-27 16:54:47,048 [INFO] [数据库引擎创建成功]
2025-12-27 16:54:47,048 [INFO] [开始读取数据库表：order_data]
2025-12-27 16:54:48,615 [INFO] [成功读取表 order_data，数据行数：25848]
2025-12-27 16:54:48,881 [INFO] [开始读取数据库表：sales_data]
2025-12-27 16:54:52,275 [INFO] [成功读取表 sales_data，数据行数：24647]
2025-12-27 16:54:53,781 [INFO] [开始读取数据库表：jingpin_data]
2025-12-27 16:54:53,932 [INFO] [成功读取表 jingpin_data，数据行数：5231]
2025-12-27 16:54:53,986 [INFO] [开始读取数据库表：inventory_data]
2025-12-27 16:54:54,380 [INFO] [成功读取表 inventory_data，数据行数：4764]
2025-12-27 16:54:54,381 [INFO] [开始读取数据库表：tuiding_data]
2025-12-27 16:54:54,583 [INFO] [成功读取表 tuiding_data，数据行数：4826]
2025-12-27 16:54:54,583 [INFO] [开始读取数据库表：debit_data]
2025-12-27 16:54:56,139 [INFO] [成功读取表 debit_data，数据行数：27965]
2025-12-27 16:54:56,479 [INFO] [开始读取数据库表：sales_invoice_data]
2025-12-27 16:54:57,604 [INFO] [成功读取表 sales_invoice_data，数据行数：22191]
2025-12-27 17:01:42,877 [INFO] [数据库引擎创建成功]
2025-12-27 17:01:42,877 [INFO] [开始读取数据库表：order_data]
2025-12-27 17:01:44,290 [INFO] [成功读取表 order_data，数据行数：25848]
2025-12-27 17:01:44,539 [INFO] [开始读取数据库表：sales_data]
2025-12-27 17:01:47,802 [INFO] [成功读取表 sales_data，数据行数：24649]
2025-12-27 17:01:49,548 [INFO] [开始读取数据库表：jingpin_data]
2025-12-27 17:01:49,715 [INFO] [成功读取表 jingpin_data，数据行数：5231]
2025-12-27 17:01:49,776 [INFO] [开始读取数据库表：inventory_data]
2025-12-27 17:01:50,147 [INFO] [成功读取表 inventory_data，数据行数：4762]
2025-12-27 17:01:50,148 [INFO] [开始读取数据库表：tuiding_data]
2025-12-27 17:01:50,343 [INFO] [成功读取表 tuiding_data，数据行数：4826]
2025-12-27 17:01:50,343 [INFO] [开始读取数据库表：debit_data]
2025-12-27 17:01:51,765 [INFO] [成功读取表 debit_data，数据行数：27965]
2025-12-27 17:01:52,050 [INFO] [开始读取数据库表：sales_invoice_data]
2025-12-27 17:01:53,210 [INFO] [成功读取表 sales_invoice_data，数据行数：22193]
2025-12-27 17:09:50,673 [INFO] [数据库引擎创建成功]
2025-12-27 17:09:50,673 [INFO] [开始读取数据库表：order_data]
2025-12-27 17:09:52,063 [INFO] [成功读取表 order_data，数据行数：25848]
2025-12-27 17:09:52,327 [INFO] [开始读取数据库表：sales_data]
2025-12-27 17:09:55,547 [INFO] [成功读取表 sales_data，数据行数：24649]
2025-12-27 17:09:57,119 [INFO] [开始读取数据库表：jingpin_data]
2025-12-27 17:09:57,268 [INFO] [成功读取表 jingpin_data，数据行数：5232]
2025-12-27 17:09:57,327 [INFO] [开始读取数据库表：inventory_data]
2025-12-27 17:09:57,706 [INFO] [成功读取表 inventory_data，数据行数：4762]
2025-12-27 17:09:57,706 [INFO] [开始读取数据库表：tuiding_data]
2025-12-27 17:09:57,901 [INFO] [成功读取表 tuiding_data，数据行数：4826]
2025-12-27 17:09:57,901 [INFO] [开始读取数据库表：debit_data]
2025-12-27 17:09:59,279 [INFO] [成功读取表 debit_data，数据行数：27965]
2025-12-27 17:09:59,610 [INFO] [开始读取数据库表：sales_invoice_data]
2025-12-27 17:10:00,651 [INFO] [成功读取表 sales_invoice_data，数据行数：22193]
2025-12-27 17:23:43,848 [INFO] [数据库引擎创建成功]
2025-12-27 17:23:43,848 [INFO] [开始读取数据库表：order_data]
2025-12-27 17:23:45,119 [INFO] [成功读取表 order_data，数据行数：25849]
2025-12-27 17:23:45,374 [INFO] [开始读取数据库表：sales_data]
2025-12-27 17:23:48,168 [INFO] [成功读取表 sales_data，数据行数：24652]
2025-12-27 17:23:49,487 [INFO] [开始读取数据库表：jingpin_data]
2025-12-27 17:23:49,607 [INFO] [成功读取表 jingpin_data，数据行数：5232]
2025-12-27 17:23:49,653 [INFO] [开始读取数据库表：inventory_data]
2025-12-27 17:23:49,954 [INFO] [成功读取表 inventory_data，数据行数：4759]
2025-12-27 17:23:49,955 [INFO] [开始读取数据库表：tuiding_data]
2025-12-27 17:23:50,118 [INFO] [成功读取表 tuiding_data，数据行数：4826]
2025-12-27 17:23:50,118 [INFO] [开始读取数据库表：debit_data]
2025-12-27 17:23:51,315 [INFO] [成功读取表 debit_data，数据行数：27965]
2025-12-27 17:23:51,558 [INFO] [开始读取数据库表：sales_invoice_data]
2025-12-27 17:23:52,472 [INFO] [成功读取表 sales_invoice_data，数据行数：22196]
2025-12-27 17:30:40,347 [INFO] [数据库引擎创建成功]
2025-12-27 17:30:40,347 [INFO] [开始读取数据库表：order_data]
2025-12-27 17:30:41,970 [INFO] [成功读取表 order_data，数据行数：25849]
2025-12-27 17:30:42,230 [INFO] [开始读取数据库表：sales_data]
2025-12-27 17:30:42,264 [INFO] [成功读取表 sales_data，数据行数：0]
2025-12-27 17:30:43,976 [INFO] [开始读取数据库表：jingpin_data]
2025-12-27 17:30:44,149 [INFO] [成功读取表 jingpin_data，数据行数：5232]
2025-12-27 17:30:44,196 [INFO] [开始读取数据库表：inventory_data]
2025-12-27 17:30:44,517 [INFO] [成功读取表 inventory_data，数据行数：4759]
2025-12-27 17:30:44,517 [INFO] [开始读取数据库表：tuiding_data]
2025-12-27 17:30:44,701 [INFO] [成功读取表 tuiding_data，数据行数：4826]
2025-12-27 17:30:44,702 [INFO] [开始读取数据库表：debit_data]
2025-12-27 17:30:46,180 [INFO] [成功读取表 debit_data，数据行数：27965]
2025-12-27 17:30:46,489 [INFO] [开始读取数据库表：sales_invoice_data]
2025-12-27 17:30:47,625 [INFO] [成功读取表 sales_invoice_data，数据行数：22196]
2025-12-27 17:34:14,524 [INFO] [数据库引擎创建成功]
2025-12-27 17:34:14,525 [INFO] [开始读取数据库表：order_data]
2025-12-27 17:34:15,979 [INFO] [成功读取表 order_data，数据行数：25849]
2025-12-27 17:34:16,235 [INFO] [开始读取数据库表：sales_data]
2025-12-27 17:34:19,616 [INFO] [成功读取表 sales_data，数据行数：24652]
2025-12-27 17:34:21,252 [INFO] [开始读取数据库表：jingpin_data]
2025-12-27 17:34:21,392 [INFO] [成功读取表 jingpin_data，数据行数：5232]
2025-12-27 17:34:21,443 [INFO] [开始读取数据库表：inventory_data]
2025-12-27 17:34:21,779 [INFO] [成功读取表 inventory_data，数据行数：4759]
2025-12-27 17:34:21,779 [INFO] [开始读取数据库表：tuiding_data]
2025-12-27 17:34:21,963 [INFO] [成功读取表 tuiding_data，数据行数：4826]
2025-12-27 17:34:21,963 [INFO] [开始读取数据库表：debit_data]
2025-12-27 17:34:23,476 [INFO] [成功读取表 debit_data，数据行数：27965]
2025-12-27 17:34:23,790 [INFO] [开始读取数据库表：sales_invoice_data]
2025-12-27 17:34:25,001 [INFO] [成功读取表 sales_invoice_data，数据行数：22196]
2025-12-27 17:49:26,615 [INFO] [数据库引擎创建成功]
2025-12-27 17:49:26,615 [INFO] [开始读取数据库表：order_data]
2025-12-27 17:49:28,045 [INFO] [成功读取表 order_data，数据行数：25849]
2025-12-27 17:49:28,292 [INFO] [开始读取数据库表：sales_data]
2025-12-27 17:49:31,681 [INFO] [成功读取表 sales_data，数据行数：24652]
2025-12-27 17:49:33,271 [INFO] [开始读取数据库表：jingpin_data]
2025-12-27 17:49:33,439 [INFO] [成功读取表 jingpin_data，数据行数：5232]
2025-12-27 17:49:33,502 [INFO] [开始读取数据库表：inventory_data]
2025-12-27 17:49:33,869 [INFO] [成功读取表 inventory_data，数据行数：4759]
2025-12-27 17:49:33,869 [INFO] [开始读取数据库表：tuiding_data]
2025-12-27 17:49:34,067 [INFO] [成功读取表 tuiding_data，数据行数：4826]
2025-12-27 17:49:34,067 [INFO] [开始读取数据库表：debit_data]
2025-12-27 17:49:35,648 [INFO] [成功读取表 debit_data，数据行数：27965]
2025-12-27 17:49:35,984 [INFO] [开始读取数据库表：sales_invoice_data]
2025-12-27 17:49:37,123 [INFO] [成功读取表 sales_invoice_data，数据行数：22196]
2025-12-27 18:01:26,777 [INFO] [数据库引擎创建成功]
2025-12-27 18:01:26,786 [INFO] [开始读取数据库表：order_data]
2025-12-27 18:01:28,250 [INFO] [成功读取表 order_data，数据行数：25852]
2025-12-27 18:01:28,563 [INFO] [开始读取数据库表：sales_data]
2025-12-27 18:01:31,701 [INFO] [成功读取表 sales_data，数据行数：24657]
2025-12-27 18:01:33,388 [INFO] [开始读取数据库表：jingpin_data]
2025-12-27 18:01:33,529 [INFO] [成功读取表 jingpin_data，数据行数：5232]
2025-12-27 18:01:33,608 [INFO] [开始读取数据库表：inventory_data]
2025-12-27 18:01:33,950 [INFO] [成功读取表 inventory_data，数据行数：4754]
2025-12-27 18:01:33,950 [INFO] [开始读取数据库表：tuiding_data]
2025-12-27 18:01:34,157 [INFO] [成功读取表 tuiding_data，数据行数：4826]
2025-12-27 18:01:34,157 [INFO] [开始读取数据库表：debit_data]
2025-12-27 18:01:35,510 [INFO] [成功读取表 debit_data，数据行数：27965]
2025-12-27 18:01:35,816 [INFO] [开始读取数据库表：sales_invoice_data]
2025-12-27 18:01:36,852 [INFO] [成功读取表 sales_invoice_data，数据行数：22201]
2025-12-27 18:03:50,404 [INFO] [数据库引擎创建成功]
2025-12-27 18:03:50,404 [INFO] [开始读取数据库表：order_data]
2025-12-27 18:03:51,926 [INFO] [成功读取表 order_data，数据行数：25852]
2025-12-27 18:03:52,195 [INFO] [开始读取数据库表：sales_data]
2025-12-27 18:03:55,524 [INFO] [成功读取表 sales_data，数据行数：24657]
2025-12-27 18:03:57,124 [INFO] [开始读取数据库表：jingpin_data]
2025-12-27 18:03:57,277 [INFO] [成功读取表 jingpin_data，数据行数：5232]
2025-12-27 18:03:57,351 [INFO] [开始读取数据库表：inventory_data]
2025-12-27 18:03:57,752 [INFO] [成功读取表 inventory_data，数据行数：4754]
2025-12-27 18:03:57,753 [INFO] [开始读取数据库表：tuiding_data]
2025-12-27 18:03:57,968 [INFO] [成功读取表 tuiding_data，数据行数：4826]
2025-12-27 18:03:57,969 [INFO] [开始读取数据库表：debit_data]
2025-12-27 18:03:59,462 [INFO] [成功读取表 debit_data，数据行数：27965]
2025-12-27 18:03:59,769 [INFO] [开始读取数据库表：sales_invoice_data]
2025-12-27 18:04:00,923 [INFO] [成功读取表 sales_invoice_data，数据行数：22201]
2025-12-27 18:14:30,312 [INFO] [数据库引擎创建成功]
2025-12-27 18:14:30,312 [INFO] [开始读取数据库表：order_data]
2025-12-27 18:14:31,722 [INFO] [成功读取表 order_data，数据行数：25853]
2025-12-27 18:14:31,986 [INFO] [开始读取数据库表：sales_data]
2025-12-27 18:14:35,277 [INFO] [成功读取表 sales_data，数据行数：24658]
2025-12-27 18:14:36,836 [INFO] [开始读取数据库表：jingpin_data]
2025-12-27 18:14:36,995 [INFO] [成功读取表 jingpin_data，数据行数：5236]
2025-12-27 18:14:37,048 [INFO] [开始读取数据库表：inventory_data]
2025-12-27 18:14:37,395 [INFO] [成功读取表 inventory_data，数据行数：4753]
2025-12-27 18:14:37,395 [INFO] [开始读取数据库表：tuiding_data]
2025-12-27 18:14:37,591 [INFO] [成功读取表 tuiding_data，数据行数：4826]
2025-12-27 18:14:37,591 [INFO] [开始读取数据库表：debit_data]
2025-12-27 18:14:39,059 [INFO] [成功读取表 debit_data，数据行数：27965]
2025-12-27 18:14:39,357 [INFO] [开始读取数据库表：sales_invoice_data]
2025-12-27 18:14:40,508 [INFO] [成功读取表 sales_invoice_data，数据行数：22202]
2025-12-27 18:28:22,268 [INFO] [数据库引擎创建成功]
2025-12-27 18:28:22,269 [INFO] [开始读取数据库表：order_data]
2025-12-27 18:28:23,649 [INFO] [成功读取表 order_data，数据行数：25854]
2025-12-27 18:28:23,882 [INFO] [开始读取数据库表：sales_data]
2025-12-27 18:28:26,839 [INFO] [成功读取表 sales_data，数据行数：24658]
2025-12-27 18:28:28,291 [INFO] [开始读取数据库表：jingpin_data]
2025-12-27 18:28:28,428 [INFO] [成功读取表 jingpin_data，数据行数：5236]
2025-12-27 18:28:28,477 [INFO] [开始读取数据库表：inventory_data]
2025-12-27 18:28:28,817 [INFO] [成功读取表 inventory_data，数据行数：4753]
2025-12-27 18:28:28,817 [INFO] [开始读取数据库表：tuiding_data]
2025-12-27 18:28:28,996 [INFO] [成功读取表 tuiding_data，数据行数：4828]
2025-12-27 18:28:28,996 [INFO] [开始读取数据库表：debit_data]
2025-12-27 18:28:30,333 [INFO] [成功读取表 debit_data，数据行数：27965]
2025-12-27 18:28:30,622 [INFO] [开始读取数据库表：sales_invoice_data]
2025-12-27 18:28:31,603 [INFO] [成功读取表 sales_invoice_data，数据行数：22202]
2025-12-27 18:30:40,712 [INFO] [数据库引擎创建成功]
2025-12-27 18:30:40,712 [INFO] [开始读取数据库表：order_data]
2025-12-27 18:30:42,168 [INFO] [成功读取表 order_data，数据行数：25854]
2025-12-27 18:30:42,404 [INFO] [开始读取数据库表：sales_data]
2025-12-27 18:30:45,450 [INFO] [成功读取表 sales_data，数据行数：24658]
2025-12-27 18:30:46,966 [INFO] [开始读取数据库表：jingpin_data]
2025-12-27 18:30:47,120 [INFO] [成功读取表 jingpin_data，数据行数：5236]
2025-12-27 18:30:47,177 [INFO] [开始读取数据库表：inventory_data]
2025-12-27 18:30:47,542 [INFO] [成功读取表 inventory_data，数据行数：4753]
2025-12-27 18:30:47,542 [INFO] [开始读取数据库表：tuiding_data]
2025-12-27 18:30:47,777 [INFO] [成功读取表 tuiding_data，数据行数：4828]
2025-12-27 18:30:47,778 [INFO] [开始读取数据库表：debit_data]
2025-12-27 18:30:49,206 [INFO] [成功读取表 debit_data，数据行数：27965]
2025-12-27 18:30:49,491 [INFO] [开始读取数据库表：sales_invoice_data]
2025-12-27 18:30:50,511 [INFO] [成功读取表 sales_invoice_data，数据行数：22202]
2025-12-27 18:38:38,367 [INFO] [数据库引擎创建成功]
2025-12-27 18:38:38,367 [INFO] [开始读取数据库表：order_data]
2025-12-27 18:38:39,794 [INFO] [成功读取表 order_data，数据行数：25854]
2025-12-27 18:38:40,040 [INFO] [开始读取数据库表：sales_data]
2025-12-27 18:38:43,242 [INFO] [成功读取表 sales_data，数据行数：24657]
2025-12-27 18:38:44,739 [INFO] [开始读取数据库表：jingpin_data]
2025-12-27 18:38:44,898 [INFO] [成功读取表 jingpin_data，数据行数：5236]
2025-12-27 18:38:44,947 [INFO] [开始读取数据库表：inventory_data]
2025-12-27 18:38:45,301 [INFO] [成功读取表 inventory_data，数据行数：4753]
2025-12-27 18:38:45,301 [INFO] [开始读取数据库表：tuiding_data]
2025-12-27 18:38:45,501 [INFO] [成功读取表 tuiding_data，数据行数：4828]
2025-12-27 18:38:45,501 [INFO] [开始读取数据库表：debit_data]
2025-12-27 18:38:46,941 [INFO] [成功读取表 debit_data，数据行数：27965]
2025-12-27 18:38:47,266 [INFO] [开始读取数据库表：sales_invoice_data]
2025-12-27 18:38:48,376 [INFO] [成功读取表 sales_invoice_data，数据行数：22202]
2025-12-27 18:49:16,210 [INFO] [数据库引擎创建成功]
2025-12-27 18:49:16,211 [INFO] [开始读取数据库表：order_data]
2025-12-27 18:49:17,612 [INFO] [成功读取表 order_data，数据行数：25854]
2025-12-27 18:49:17,856 [INFO] [开始读取数据库表：sales_data]
2025-12-27 18:49:21,011 [INFO] [成功读取表 sales_data，数据行数：24657]
2025-12-27 18:49:22,538 [INFO] [开始读取数据库表：jingpin_data]
2025-12-27 18:49:22,706 [INFO] [成功读取表 jingpin_data，数据行数：5236]
2025-12-27 18:49:22,764 [INFO] [开始读取数据库表：inventory_data]
2025-12-27 18:49:23,123 [INFO] [成功读取表 inventory_data，数据行数：4753]
2025-12-27 18:49:23,123 [INFO] [开始读取数据库表：tuiding_data]
2025-12-27 18:49:23,305 [INFO] [成功读取表 tuiding_data，数据行数：4828]
2025-12-27 18:49:23,306 [INFO] [开始读取数据库表：debit_data]
2025-12-27 18:49:24,672 [INFO] [成功读取表 debit_data，数据行数：27965]
2025-12-27 18:49:24,960 [INFO] [开始读取数据库表：sales_invoice_data]
2025-12-27 18:49:26,066 [INFO] [成功读取表 sales_invoice_data，数据行数：22202]
2025-12-27 19:00:33,933 [INFO] [数据库引擎创建成功]
2025-12-27 19:00:33,933 [INFO] [开始读取数据库表：order_data]
2025-12-27 19:00:35,358 [INFO] [成功读取表 order_data，数据行数：25853]
2025-12-27 19:00:35,612 [INFO] [开始读取数据库表：sales_data]
2025-12-27 19:00:38,671 [INFO] [成功读取表 sales_data，数据行数：24657]
2025-12-27 19:00:40,190 [INFO] [开始读取数据库表：jingpin_data]
2025-12-27 19:00:40,324 [INFO] [成功读取表 jingpin_data，数据行数：5236]
2025-12-27 19:00:40,383 [INFO] [开始读取数据库表：inventory_data]
2025-12-27 19:00:40,695 [INFO] [成功读取表 inventory_data，数据行数：4753]
2025-12-27 19:00:40,695 [INFO] [开始读取数据库表：tuiding_data]
2025-12-27 19:00:40,874 [INFO] [成功读取表 tuiding_data，数据行数：4828]
2025-12-27 19:00:40,874 [INFO] [开始读取数据库表：debit_data]
2025-12-27 19:00:42,190 [INFO] [成功读取表 debit_data，数据行数：27965]
2025-12-27 19:00:42,458 [INFO] [开始读取数据库表：sales_invoice_data]
2025-12-27 19:00:43,475 [INFO] [成功读取表 sales_invoice_data，数据行数：22202]
2025-12-27 19:03:19,745 [INFO] [数据库引擎创建成功]
2025-12-27 19:03:19,745 [INFO] [开始读取数据库表：order_data]
2025-12-27 19:03:21,170 [INFO] [成功读取表 order_data，数据行数：25853]
2025-12-27 19:03:21,448 [INFO] [开始读取数据库表：sales_data]
2025-12-27 19:03:24,734 [INFO] [成功读取表 sales_data，数据行数：24657]
2025-12-27 19:03:26,260 [INFO] [开始读取数据库表：jingpin_data]
2025-12-27 19:03:26,428 [INFO] [成功读取表 jingpin_data，数据行数：5236]
2025-12-27 19:03:26,475 [INFO] [开始读取数据库表：inventory_data]
2025-12-27 19:03:26,840 [INFO] [成功读取表 inventory_data，数据行数：4753]
2025-12-27 19:03:26,841 [INFO] [开始读取数据库表：tuiding_data]
2025-12-27 19:03:27,020 [INFO] [成功读取表 tuiding_data，数据行数：4828]
2025-12-27 19:03:27,021 [INFO] [开始读取数据库表：debit_data]
2025-12-27 19:03:28,444 [INFO] [成功读取表 debit_data，数据行数：27965]
2025-12-27 19:03:28,726 [INFO] [开始读取数据库表：sales_invoice_data]
2025-12-27 19:03:29,853 [INFO] [成功读取表 sales_invoice_data，数据行数：22202]
2025-12-27 19:13:22,614 [INFO] [数据库引擎创建成功]
2025-12-27 19:13:22,614 [INFO] [开始读取数据库表：order_data]
2025-12-27 19:13:23,991 [INFO] [成功读取表 order_data，数据行数：25853]
2025-12-27 19:13:24,223 [INFO] [开始读取数据库表：sales_data]
2025-12-27 19:13:27,390 [INFO] [成功读取表 sales_data，数据行数：24657]
2025-12-27 19:13:28,876 [INFO] [开始读取数据库表：jingpin_data]
2025-12-27 19:13:29,017 [INFO] [成功读取表 jingpin_data，数据行数：5236]
2025-12-27 19:13:29,076 [INFO] [开始读取数据库表：inventory_data]
2025-12-27 19:13:29,408 [INFO] [成功读取表 inventory_data，数据行数：4753]
2025-12-27 19:13:29,408 [INFO] [开始读取数据库表：tuiding_data]
2025-12-27 19:13:29,588 [INFO] [成功读取表 tuiding_data，数据行数：4828]
2025-12-27 19:13:29,589 [INFO] [开始读取数据库表：debit_data]
2025-12-27 19:13:30,969 [INFO] [成功读取表 debit_data，数据行数：27965]
2025-12-27 19:13:31,275 [INFO] [开始读取数据库表：sales_invoice_data]
2025-12-27 19:13:32,337 [INFO] [成功读取表 sales_invoice_data，数据行数：22202]
2025-12-27 19:23:45,573 [INFO] [数据库引擎创建成功]
2025-12-27 19:23:45,574 [INFO] [开始读取数据库表：order_data]
2025-12-27 19:23:47,044 [INFO] [成功读取表 order_data，数据行数：25853]
2025-12-27 19:23:47,272 [INFO] [开始读取数据库表：sales_data]
2025-12-27 19:23:50,351 [INFO] [成功读取表 sales_data，数据行数：24657]
2025-12-27 19:23:51,821 [INFO] [开始读取数据库表：jingpin_data]
2025-12-27 19:23:51,972 [INFO] [成功读取表 jingpin_data，数据行数：5236]
2025-12-27 19:23:52,032 [INFO] [开始读取数据库表：inventory_data]
2025-12-27 19:23:52,364 [INFO] [成功读取表 inventory_data，数据行数：4753]
2025-12-27 19:23:52,364 [INFO] [开始读取数据库表：tuiding_data]
2025-12-27 19:23:52,544 [INFO] [成功读取表 tuiding_data，数据行数：4828]
2025-12-27 19:23:52,544 [INFO] [开始读取数据库表：debit_data]
2025-12-27 19:23:53,857 [INFO] [成功读取表 debit_data，数据行数：27965]
2025-12-27 19:23:54,135 [INFO] [开始读取数据库表：sales_invoice_data]
2025-12-27 19:23:55,128 [INFO] [成功读取表 sales_invoice_data，数据行数：22202]
2025-12-27 19:30:44,901 [INFO] [数据库引擎创建成功]
2025-12-27 19:30:44,901 [INFO] [开始读取数据库表：order_data]
2025-12-27 19:30:46,499 [INFO] [成功读取表 order_data，数据行数：25853]
2025-12-27 19:30:46,753 [INFO] [开始读取数据库表：sales_data]
2025-12-27 19:30:50,096 [INFO] [成功读取表 sales_data，数据行数：24657]
2025-12-27 19:30:51,615 [INFO] [开始读取数据库表：jingpin_data]
2025-12-27 19:30:51,755 [INFO] [成功读取表 jingpin_data，数据行数：5236]
2025-12-27 19:30:51,812 [INFO] [开始读取数据库表：inventory_data]
2025-12-27 19:30:52,221 [INFO] [成功读取表 inventory_data，数据行数：4753]
2025-12-27 19:30:52,221 [INFO] [开始读取数据库表：tuiding_data]
2025-12-27 19:30:52,421 [INFO] [成功读取表 tuiding_data，数据行数：4828]
2025-12-27 19:30:52,421 [INFO] [开始读取数据库表：debit_data]
2025-12-27 19:30:53,882 [INFO] [成功读取表 debit_data，数据行数：27965]
2025-12-27 19:30:54,156 [INFO] [开始读取数据库表：sales_invoice_data]
2025-12-27 19:30:55,274 [INFO] [成功读取表 sales_invoice_data，数据行数：22202]
2025-12-27 19:33:59,156 [INFO] [数据库引擎创建成功]
2025-12-27 19:33:59,157 [INFO] [开始读取数据库表：order_data]
2025-12-27 19:34:00,601 [INFO] [成功读取表 order_data，数据行数：25853]
2025-12-27 19:34:00,868 [INFO] [开始读取数据库表：sales_data]
2025-12-27 19:34:04,124 [INFO] [成功读取表 sales_data，数据行数：24657]
2025-12-27 19:34:05,678 [INFO] [开始读取数据库表：jingpin_data]
2025-12-27 19:34:05,830 [INFO] [成功读取表 jingpin_data，数据行数：5236]
2025-12-27 19:34:05,881 [INFO] [开始读取数据库表：inventory_data]
2025-12-27 19:34:06,215 [INFO] [成功读取表 inventory_data，数据行数：4753]
2025-12-27 19:34:06,215 [INFO] [开始读取数据库表：tuiding_data]
2025-12-27 19:34:06,391 [INFO] [成功读取表 tuiding_data，数据行数：4828]
2025-12-27 19:34:06,391 [INFO] [开始读取数据库表：debit_data]
2025-12-27 19:34:07,814 [INFO] [成功读取表 debit_data，数据行数：27965]
2025-12-27 19:34:08,103 [INFO] [开始读取数据库表：sales_invoice_data]
2025-12-27 19:34:09,223 [INFO] [成功读取表 sales_invoice_data，数据行数：22202]
2025-12-27 19:47:56,895 [INFO] [数据库引擎创建成功]
2025-12-27 19:47:56,896 [INFO] [开始读取数据库表：order_data]
2025-12-27 19:47:58,342 [INFO] [成功读取表 order_data，数据行数：25853]
2025-12-27 19:47:58,600 [INFO] [开始读取数据库表：sales_data]
2025-12-27 19:48:01,591 [INFO] [成功读取表 sales_data，数据行数：24657]
2025-12-27 19:48:03,002 [INFO] [开始读取数据库表：jingpin_data]
2025-12-27 19:48:03,148 [INFO] [成功读取表 jingpin_data，数据行数：5236]
2025-12-27 19:48:03,210 [INFO] [开始读取数据库表：inventory_data]
2025-12-27 19:48:03,535 [INFO] [成功读取表 inventory_data，数据行数：4753]
2025-12-27 19:48:03,535 [INFO] [开始读取数据库表：tuiding_data]
2025-12-27 19:48:03,707 [INFO] [成功读取表 tuiding_data，数据行数：4828]
2025-12-27 19:48:03,707 [INFO] [开始读取数据库表：debit_data]
2025-12-27 19:48:04,994 [INFO] [成功读取表 debit_data，数据行数：27965]
2025-12-27 19:48:05,290 [INFO] [开始读取数据库表：sales_invoice_data]
2025-12-27 19:48:06,259 [INFO] [成功读取表 sales_invoice_data，数据行数：22202]
2025-12-27 19:58:14,946 [INFO] [数据库引擎创建成功]
2025-12-27 19:58:14,946 [INFO] [开始读取数据库表：order_data]
2025-12-27 19:58:16,372 [INFO] [成功读取表 order_data，数据行数：25861]
2025-12-27 19:58:16,632 [INFO] [开始读取数据库表：sales_data]
2025-12-27 19:58:19,837 [INFO] [成功读取表 sales_data，数据行数：24657]
2025-12-27 19:58:21,403 [INFO] [开始读取数据库表：jingpin_data]
2025-12-27 19:58:21,570 [INFO] [成功读取表 jingpin_data，数据行数：5236]
2025-12-27 19:58:21,634 [INFO] [开始读取数据库表：inventory_data]
2025-12-27 19:58:21,968 [INFO] [成功读取表 inventory_data，数据行数：4753]
2025-12-27 19:58:21,968 [INFO] [开始读取数据库表：tuiding_data]
2025-12-27 19:58:22,148 [INFO] [成功读取表 tuiding_data，数据行数：4828]
2025-12-27 19:58:22,149 [INFO] [开始读取数据库表：debit_data]
2025-12-27 19:58:23,559 [INFO] [成功读取表 debit_data，数据行数：27965]
2025-12-27 19:58:23,844 [INFO] [开始读取数据库表：sales_invoice_data]
2025-12-27 19:58:24,954 [INFO] [成功读取表 sales_invoice_data，数据行数：22202]
2025-12-27 20:00:24,213 [INFO] [数据库引擎创建成功]
2025-12-27 20:00:24,213 [INFO] [开始读取数据库表：order_data]
2025-12-27 20:00:25,596 [INFO] [成功读取表 order_data，数据行数：25861]
2025-12-27 20:00:25,864 [INFO] [开始读取数据库表：sales_data]
2025-12-27 20:00:28,879 [INFO] [成功读取表 sales_data，数据行数：24657]
2025-12-27 20:00:30,396 [INFO] [开始读取数据库表：jingpin_data]
2025-12-27 20:00:30,536 [INFO] [成功读取表 jingpin_data，数据行数：5236]
2025-12-27 20:00:30,584 [INFO] [开始读取数据库表：inventory_data]
2025-12-27 20:00:30,919 [INFO] [成功读取表 inventory_data，数据行数：4753]
2025-12-27 20:00:30,919 [INFO] [开始读取数据库表：tuiding_data]
2025-12-27 20:00:31,098 [INFO] [成功读取表 tuiding_data，数据行数：4828]
2025-12-27 20:00:31,098 [INFO] [开始读取数据库表：debit_data]
2025-12-27 20:00:32,558 [INFO] [成功读取表 debit_data，数据行数：27965]
2025-12-27 20:00:32,874 [INFO] [开始读取数据库表：sales_invoice_data]
2025-12-27 20:00:33,992 [INFO] [成功读取表 sales_invoice_data，数据行数：22202]
2025-12-27 20:08:53,456 [INFO] [数据库引擎创建成功]
2025-12-27 20:08:53,456 [INFO] [开始读取数据库表：order_data]
2025-12-27 20:08:54,894 [INFO] [成功读取表 order_data，数据行数：25861]
2025-12-27 20:08:55,132 [INFO] [开始读取数据库表：sales_data]
2025-12-27 20:08:58,372 [INFO] [成功读取表 sales_data，数据行数：24657]
2025-12-27 20:08:59,839 [INFO] [开始读取数据库表：jingpin_data]
2025-12-27 20:08:59,979 [INFO] [成功读取表 jingpin_data，数据行数：5236]
2025-12-27 20:09:00,033 [INFO] [开始读取数据库表：inventory_data]
2025-12-27 20:09:00,377 [INFO] [成功读取表 inventory_data，数据行数：4753]
2025-12-27 20:09:00,377 [INFO] [开始读取数据库表：tuiding_data]
2025-12-27 20:09:00,554 [INFO] [成功读取表 tuiding_data，数据行数：4828]
2025-12-27 20:09:00,554 [INFO] [开始读取数据库表：debit_data]
2025-12-27 20:09:01,982 [INFO] [成功读取表 debit_data，数据行数：27965]
2025-12-27 20:09:02,280 [INFO] [开始读取数据库表：sales_invoice_data]
2025-12-27 20:09:03,356 [INFO] [成功读取表 sales_invoice_data，数据行数：22202]
2025-12-27 20:19:25,463 [INFO] [数据库引擎创建成功]
2025-12-27 20:19:25,463 [INFO] [开始读取数据库表：order_data]
2025-12-27 20:19:26,848 [INFO] [成功读取表 order_data，数据行数：25861]
2025-12-27 20:19:27,123 [INFO] [开始读取数据库表：sales_data]
2025-12-27 20:19:30,307 [INFO] [成功读取表 sales_data，数据行数：24657]
2025-12-27 20:19:31,914 [INFO] [开始读取数据库表：jingpin_data]
2025-12-27 20:19:32,070 [INFO] [成功读取表 jingpin_data，数据行数：5236]
2025-12-27 20:19:32,126 [INFO] [开始读取数据库表：inventory_data]
2025-12-27 20:19:32,486 [INFO] [成功读取表 inventory_data，数据行数：4753]
2025-12-27 20:19:32,487 [INFO] [开始读取数据库表：tuiding_data]
2025-12-27 20:19:32,672 [INFO] [成功读取表 tuiding_data，数据行数：4828]
2025-12-27 20:19:32,673 [INFO] [开始读取数据库表：debit_data]
2025-12-27 20:19:34,196 [INFO] [成功读取表 debit_data，数据行数：27965]
2025-12-27 20:19:34,505 [INFO] [开始读取数据库表：sales_invoice_data]
2025-12-27 20:19:35,638 [INFO] [成功读取表 sales_invoice_data，数据行数：22202]
2025-12-27 20:30:35,538 [INFO] [数据库引擎创建成功]
2025-12-27 20:30:35,538 [INFO] [开始读取数据库表：order_data]
2025-12-27 20:30:37,026 [INFO] [成功读取表 order_data，数据行数：25861]
2025-12-27 20:30:37,310 [INFO] [开始读取数据库表：sales_data]
2025-12-27 20:30:40,616 [INFO] [成功读取表 sales_data，数据行数：24657]
2025-12-27 20:30:42,148 [INFO] [开始读取数据库表：jingpin_data]
2025-12-27 20:30:42,292 [INFO] [成功读取表 jingpin_data，数据行数：5236]
2025-12-27 20:30:42,345 [INFO] [开始读取数据库表：inventory_data]
2025-12-27 20:30:42,700 [INFO] [成功读取表 inventory_data，数据行数：4753]
2025-12-27 20:30:42,701 [INFO] [开始读取数据库表：tuiding_data]
2025-12-27 20:30:42,895 [INFO] [成功读取表 tuiding_data，数据行数：4828]
2025-12-27 20:30:42,895 [INFO] [开始读取数据库表：debit_data]
2025-12-27 20:30:44,523 [INFO] [成功读取表 debit_data，数据行数：27965]
2025-12-27 20:30:44,813 [INFO] [开始读取数据库表：sales_invoice_data]
2025-12-27 20:30:46,002 [INFO] [成功读取表 sales_invoice_data，数据行数：22202]
2025-12-27 20:33:35,834 [INFO] [数据库引擎创建成功]
2025-12-27 20:33:35,834 [INFO] [开始读取数据库表：order_data]
2025-12-27 20:33:37,294 [INFO] [成功读取表 order_data，数据行数：25861]
2025-12-27 20:33:37,567 [INFO] [开始读取数据库表：sales_data]
2025-12-27 20:33:40,943 [INFO] [成功读取表 sales_data，数据行数：24657]
2025-12-27 20:33:42,505 [INFO] [开始读取数据库表：jingpin_data]
2025-12-27 20:33:42,662 [INFO] [成功读取表 jingpin_data，数据行数：5236]
2025-12-27 20:33:42,719 [INFO] [开始读取数据库表：inventory_data]
2025-12-27 20:33:43,096 [INFO] [成功读取表 inventory_data，数据行数：4753]
2025-12-27 20:33:43,096 [INFO] [开始读取数据库表：tuiding_data]
2025-12-27 20:33:43,289 [INFO] [成功读取表 tuiding_data，数据行数：4828]
2025-12-27 20:33:43,289 [INFO] [开始读取数据库表：debit_data]
2025-12-27 20:33:44,853 [INFO] [成功读取表 debit_data，数据行数：27965]
2025-12-27 20:33:45,179 [INFO] [开始读取数据库表：sales_invoice_data]
2025-12-27 20:33:46,277 [INFO] [成功读取表 sales_invoice_data，数据行数：22202]
2025-12-27 20:44:19,225 [INFO] [数据库引擎创建成功]
2025-12-27 20:44:19,225 [INFO] [开始读取数据库表：order_data]
2025-12-27 20:44:20,618 [INFO] [成功读取表 order_data，数据行数：25861]
2025-12-27 20:44:20,859 [INFO] [开始读取数据库表：sales_data]
2025-12-27 20:44:24,194 [INFO] [成功读取表 sales_data，数据行数：24657]
2025-12-27 20:44:25,775 [INFO] [开始读取数据库表：jingpin_data]
2025-12-27 20:44:25,928 [INFO] [成功读取表 jingpin_data，数据行数：5236]
2025-12-27 20:44:25,989 [INFO] [开始读取数据库表：inventory_data]
2025-12-27 20:44:26,335 [INFO] [成功读取表 inventory_data，数据行数：4753]
2025-12-27 20:44:26,336 [INFO] [开始读取数据库表：tuiding_data]
2025-12-27 20:44:26,541 [INFO] [成功读取表 tuiding_data，数据行数：4828]
2025-12-27 20:44:26,541 [INFO] [开始读取数据库表：debit_data]
2025-12-27 20:44:28,064 [INFO] [成功读取表 debit_data，数据行数：27965]
2025-12-27 20:44:28,351 [INFO] [开始读取数据库表：sales_invoice_data]
2025-12-27 20:44:29,412 [INFO] [成功读取表 sales_invoice_data，数据行数：22202]
2025-12-27 20:58:29,607 [INFO] [数据库引擎创建成功]
2025-12-27 20:58:29,608 [INFO] [开始读取数据库表：order_data]
2025-12-27 20:58:31,148 [INFO] [成功读取表 order_data，数据行数：25861]
2025-12-27 20:58:31,404 [INFO] [开始读取数据库表：sales_data]
2025-12-27 20:58:34,577 [INFO] [成功读取表 sales_data，数据行数：24657]
2025-12-27 20:58:36,136 [INFO] [开始读取数据库表：jingpin_data]
2025-12-27 20:58:36,291 [INFO] [成功读取表 jingpin_data，数据行数：5236]
2025-12-27 20:58:36,343 [INFO] [开始读取数据库表：inventory_data]
2025-12-27 20:58:36,683 [INFO] [成功读取表 inventory_data，数据行数：4753]
2025-12-27 20:58:36,684 [INFO] [开始读取数据库表：tuiding_data]
2025-12-27 20:58:36,890 [INFO] [成功读取表 tuiding_data，数据行数：4828]
2025-12-27 20:58:36,890 [INFO] [开始读取数据库表：debit_data]
2025-12-27 20:58:38,315 [INFO] [成功读取表 debit_data，数据行数：27965]
2025-12-27 20:58:38,641 [INFO] [开始读取数据库表：sales_invoice_data]
2025-12-27 20:58:39,826 [INFO] [成功读取表 sales_invoice_data，数据行数：22202]
2025-12-27 21:00:30,745 [INFO] [数据库引擎创建成功]
2025-12-27 21:00:30,746 [INFO] [开始读取数据库表：order_data]
2025-12-27 21:00:32,174 [INFO] [成功读取表 order_data，数据行数：25861]
2025-12-27 21:00:32,421 [INFO] [开始读取数据库表：sales_data]
2025-12-27 21:00:35,556 [INFO] [成功读取表 sales_data，数据行数：24657]
2025-12-27 21:00:37,005 [INFO] [开始读取数据库表：jingpin_data]
2025-12-27 21:00:37,148 [INFO] [成功读取表 jingpin_data，数据行数：5236]
2025-12-27 21:00:37,192 [INFO] [开始读取数据库表：inventory_data]
2025-12-27 21:00:37,516 [INFO] [成功读取表 inventory_data，数据行数：4753]
2025-12-27 21:00:37,516 [INFO] [开始读取数据库表：tuiding_data]
2025-12-27 21:00:37,704 [INFO] [成功读取表 tuiding_data，数据行数：4828]
2025-12-27 21:00:37,705 [INFO] [开始读取数据库表：debit_data]
2025-12-27 21:00:39,216 [INFO] [成功读取表 debit_data，数据行数：27965]
2025-12-27 21:00:39,515 [INFO] [开始读取数据库表：sales_invoice_data]
2025-12-27 21:00:40,656 [INFO] [成功读取表 sales_invoice_data，数据行数：22202]
2025-12-27 21:09:07,519 [INFO] [数据库引擎创建成功]
2025-12-27 21:09:07,520 [INFO] [开始读取数据库表：order_data]
2025-12-27 21:09:08,897 [INFO] [成功读取表 order_data，数据行数：25861]
2025-12-27 21:09:09,165 [INFO] [开始读取数据库表：sales_data]
2025-12-27 21:09:12,383 [INFO] [成功读取表 sales_data，数据行数：24657]
2025-12-27 21:09:13,916 [INFO] [开始读取数据库表：jingpin_data]
2025-12-27 21:09:14,072 [INFO] [成功读取表 jingpin_data，数据行数：5236]
2025-12-27 21:09:14,122 [INFO] [开始读取数据库表：inventory_data]
2025-12-27 21:09:14,448 [INFO] [成功读取表 inventory_data，数据行数：4753]
2025-12-27 21:09:14,448 [INFO] [开始读取数据库表：tuiding_data]
2025-12-27 21:09:14,649 [INFO] [成功读取表 tuiding_data，数据行数：4828]
2025-12-27 21:09:14,650 [INFO] [开始读取数据库表：debit_data]
2025-12-27 21:09:16,110 [INFO] [成功读取表 debit_data，数据行数：27965]
2025-12-27 21:09:16,400 [INFO] [开始读取数据库表：sales_invoice_data]
2025-12-27 21:09:17,410 [INFO] [成功读取表 sales_invoice_data，数据行数：22202]
2025-12-27 21:23:46,462 [INFO] [数据库引擎创建成功]
2025-12-27 21:23:46,463 [INFO] [开始读取数据库表：order_data]
2025-12-27 21:23:48,027 [INFO] [成功读取表 order_data，数据行数：25861]
2025-12-27 21:23:48,282 [INFO] [开始读取数据库表：sales_data]
2025-12-27 21:23:53,448 [INFO] [成功读取表 sales_data，数据行数：24657]
2025-12-27 21:23:55,358 [INFO] [开始读取数据库表：jingpin_data]
2025-12-27 21:23:55,548 [INFO] [成功读取表 jingpin_data，数据行数：5236]
2025-12-27 21:23:55,630 [INFO] [开始读取数据库表：inventory_data]
2025-12-27 21:23:56,103 [INFO] [成功读取表 inventory_data，数据行数：4828]
2025-12-27 21:23:56,104 [INFO] [开始读取数据库表：tuiding_data]
2025-12-27 21:23:56,334 [INFO] [成功读取表 tuiding_data，数据行数：4828]
2025-12-27 21:23:56,334 [INFO] [开始读取数据库表：debit_data]
2025-12-27 21:23:58,360 [INFO] [成功读取表 debit_data，数据行数：28002]
2025-12-27 21:23:58,785 [INFO] [开始读取数据库表：sales_invoice_data]
2025-12-27 21:24:00,881 [INFO] [成功读取表 sales_invoice_data，数据行数：22202]
2025-12-27 21:32:32,079 [INFO] [数据库引擎创建成功]
2025-12-27 21:32:32,080 [INFO] [开始读取数据库表：order_data]
2025-12-27 21:32:33,707 [INFO] [成功读取表 order_data，数据行数：25861]
2025-12-27 21:32:33,948 [INFO] [开始读取数据库表：sales_data]
2025-12-27 21:32:39,259 [INFO] [成功读取表 sales_data，数据行数：24657]
2025-12-27 21:32:40,881 [INFO] [开始读取数据库表：jingpin_data]
2025-12-27 21:32:41,027 [INFO] [成功读取表 jingpin_data，数据行数：5236]
2025-12-27 21:32:41,088 [INFO] [开始读取数据库表：inventory_data]
2025-12-27 21:32:41,461 [INFO] [成功读取表 inventory_data，数据行数：5114]
2025-12-27 21:32:41,461 [INFO] [开始读取数据库表：tuiding_data]
2025-12-27 21:32:41,636 [INFO] [成功读取表 tuiding_data，数据行数：4828]
2025-12-27 21:32:41,637 [INFO] [开始读取数据库表：debit_data]
2025-12-27 21:32:43,041 [INFO] [成功读取表 debit_data，数据行数：28141]
2025-12-27 21:32:43,363 [INFO] [开始读取数据库表：sales_invoice_data]
2025-12-27 21:32:44,505 [INFO] [成功读取表 sales_invoice_data，数据行数：22202]
2025-12-27 22:01:43,327 [INFO] [数据库引擎创建成功]
2025-12-27 22:01:43,328 [INFO] [开始读取数据库表：order_data]
2025-12-27 22:01:44,970 [INFO] [成功读取表 order_data，数据行数：25861]
2025-12-27 22:01:45,286 [INFO] [开始读取数据库表：sales_data]
2025-12-27 22:01:49,174 [INFO] [成功读取表 sales_data，数据行数：24657]
2025-12-27 22:01:50,973 [INFO] [开始读取数据库表：jingpin_data]
2025-12-27 22:01:51,186 [INFO] [成功读取表 jingpin_data，数据行数：5236]
2025-12-27 22:01:51,253 [INFO] [开始读取数据库表：inventory_data]
2025-12-27 22:01:51,631 [INFO] [成功读取表 inventory_data，数据行数：5113]
2025-12-27 22:01:51,632 [INFO] [开始读取数据库表：tuiding_data]
2025-12-27 22:01:51,845 [INFO] [成功读取表 tuiding_data，数据行数：4828]
2025-12-27 22:01:51,846 [INFO] [开始读取数据库表：debit_data]
2025-12-27 22:01:53,498 [INFO] [成功读取表 debit_data，数据行数：28279]
2025-12-27 22:01:53,831 [INFO] [开始读取数据库表：sales_invoice_data]
2025-12-27 22:01:55,066 [INFO] [成功读取表 sales_invoice_data，数据行数：22202]
