2025-10-16 09:12:58,553 [INFO] [数据库引擎创建成功]
2025-10-16 09:12:58,553 [INFO] [开始读取数据库表：order_data]
2025-10-16 09:12:58,974 [INFO] [成功读取表 order_data，数据行数：17960]
2025-10-16 09:12:59,110 [INFO] [开始读取数据库表：sales_data]
2025-10-16 09:13:00,851 [INFO] [成功读取表 sales_data，数据行数：21708]
2025-10-16 09:13:01,641 [INFO] [开始读取数据库表：jingpin_data]
2025-10-16 09:13:01,701 [INFO] [成功读取表 jingpin_data，数据行数：4284]
2025-10-16 09:13:01,732 [INFO] [开始读取数据库表：inventory_data]
2025-10-16 09:13:01,869 [INFO] [成功读取表 inventory_data，数据行数：5484]
2025-10-16 09:13:01,869 [INFO] [开始读取数据库表：tuiding_data]
2025-10-16 09:13:01,916 [INFO] [成功读取表 tuiding_data，数据行数：3153]
2025-10-16 09:13:01,916 [INFO] [开始读取数据库表：debit_data]
2025-10-16 09:13:02,227 [INFO] [成功读取表 debit_data，数据行数：13746]
2025-10-16 09:13:02,373 [INFO] [开始读取数据库表：sales_invoice_data]
2025-10-16 09:13:02,665 [INFO] [成功读取表 sales_invoice_data，数据行数：15497]
2025-10-16 15:00:52,706 [INFO] [数据库引擎创建成功]
2025-10-16 15:00:52,716 [INFO] [开始读取数据库表：order_data]
2025-10-16 15:00:53,141 [INFO] [成功读取表 order_data，数据行数：17998]
2025-10-16 15:00:53,296 [INFO] [开始读取数据库表：sales_data]
2025-10-16 15:00:55,280 [INFO] [成功读取表 sales_data，数据行数：21741]
2025-10-16 15:00:56,156 [INFO] [开始读取数据库表：jingpin_data]
2025-10-16 15:00:56,224 [INFO] [成功读取表 jingpin_data，数据行数：4288]
2025-10-16 15:00:56,260 [INFO] [开始读取数据库表：inventory_data]
2025-10-16 15:00:56,432 [INFO] [成功读取表 inventory_data，数据行数：5504]
2025-10-16 15:00:56,432 [INFO] [开始读取数据库表：tuiding_data]
2025-10-16 15:00:56,485 [INFO] [成功读取表 tuiding_data，数据行数：3163]
2025-10-16 15:00:56,485 [INFO] [开始读取数据库表：debit_data]
2025-10-16 15:00:56,858 [INFO] [成功读取表 debit_data，数据行数：13746]
2025-10-16 15:00:57,038 [INFO] [开始读取数据库表：sales_invoice_data]
2025-10-16 15:00:57,397 [INFO] [成功读取表 sales_invoice_data，数据行数：15537]
2025-10-16 15:01:47,424 [INFO] [数据库引擎创建成功]
2025-10-16 15:01:47,424 [INFO] [开始读取数据库表：order_data]
2025-10-16 15:01:47,782 [INFO] [成功读取表 order_data，数据行数：17998]
2025-10-16 15:01:47,918 [INFO] [开始读取数据库表：sales_data]
2025-10-16 15:01:50,057 [INFO] [成功读取表 sales_data，数据行数：21741]
2025-10-16 15:01:50,919 [INFO] [开始读取数据库表：jingpin_data]
2025-10-16 15:01:50,996 [INFO] [成功读取表 jingpin_data，数据行数：4288]
2025-10-16 15:01:51,025 [INFO] [开始读取数据库表：inventory_data]
2025-10-16 15:01:51,218 [INFO] [成功读取表 inventory_data，数据行数：5504]
2025-10-16 15:01:51,219 [INFO] [开始读取数据库表：tuiding_data]
2025-10-16 15:01:51,288 [INFO] [成功读取表 tuiding_data，数据行数：3163]
2025-10-16 15:01:51,289 [INFO] [开始读取数据库表：debit_data]
2025-10-16 15:01:51,710 [INFO] [成功读取表 debit_data，数据行数：13746]
2025-10-16 15:01:51,879 [INFO] [开始读取数据库表：sales_invoice_data]
2025-10-16 15:01:52,243 [INFO] [成功读取表 sales_invoice_data，数据行数：15537]
2025-10-16 16:58:30,531 [INFO] [数据库引擎创建成功]
2025-10-16 16:58:30,532 [INFO] [开始读取数据库表：order_data]
2025-10-16 16:58:31,060 [INFO] [成功读取表 order_data，数据行数：17998]
2025-10-16 16:58:31,228 [INFO] [开始读取数据库表：sales_data]
2025-10-16 16:58:35,029 [INFO] [成功读取表 sales_data，数据行数：21741]
2025-10-16 16:58:36,293 [INFO] [开始读取数据库表：jingpin_data]
2025-10-16 16:58:36,371 [INFO] [成功读取表 jingpin_data，数据行数：4308]
2025-10-16 16:58:36,402 [INFO] [开始读取数据库表：inventory_data]
2025-10-16 16:58:36,583 [INFO] [成功读取表 inventory_data，数据行数：5504]
2025-10-16 16:58:36,584 [INFO] [开始读取数据库表：tuiding_data]
2025-10-16 16:58:36,642 [INFO] [成功读取表 tuiding_data，数据行数：3163]
2025-10-16 16:58:36,642 [INFO] [开始读取数据库表：debit_data]
2025-10-16 16:58:37,061 [INFO] [成功读取表 debit_data，数据行数：13746]
2025-10-16 16:58:37,249 [INFO] [开始读取数据库表：sales_invoice_data]
2025-10-16 16:58:37,627 [INFO] [成功读取表 sales_invoice_data，数据行数：15537]
2025-10-16 17:37:56,634 [INFO] [数据库引擎创建成功]
2025-10-16 17:37:56,635 [INFO] [开始读取数据库表：order_data]
2025-10-16 17:37:57,038 [INFO] [成功读取表 order_data，数据行数：17998]
2025-10-16 17:37:57,176 [INFO] [开始读取数据库表：sales_data]
2025-10-16 17:37:59,054 [INFO] [成功读取表 sales_data，数据行数：21741]
2025-10-16 17:37:59,878 [INFO] [开始读取数据库表：jingpin_data]
2025-10-16 17:37:59,943 [INFO] [成功读取表 jingpin_data，数据行数：4308]
2025-10-16 17:37:59,969 [INFO] [开始读取数据库表：inventory_data]
2025-10-16 17:38:00,145 [INFO] [成功读取表 inventory_data，数据行数：5865]
2025-10-16 17:38:00,145 [INFO] [开始读取数据库表：tuiding_data]
2025-10-16 17:38:00,196 [INFO] [成功读取表 tuiding_data，数据行数：3163]
2025-10-16 17:38:00,196 [INFO] [开始读取数据库表：debit_data]
2025-10-16 17:38:00,576 [INFO] [成功读取表 debit_data，数据行数：14107]
2025-10-16 17:38:00,735 [INFO] [开始读取数据库表：sales_invoice_data]
2025-10-16 17:38:01,078 [INFO] [成功读取表 sales_invoice_data，数据行数：15537]
2025-10-16 17:46:45,921 [INFO] [数据库引擎创建成功]
2025-10-16 17:46:45,921 [INFO] [开始读取数据库表：order_data]
2025-10-16 17:46:46,346 [INFO] [成功读取表 order_data，数据行数：18044]
2025-10-16 17:46:46,491 [INFO] [开始读取数据库表：sales_data]
2025-10-16 17:46:48,498 [INFO] [成功读取表 sales_data，数据行数：21775]
2025-10-16 17:46:49,354 [INFO] [开始读取数据库表：jingpin_data]
2025-10-16 17:46:49,424 [INFO] [成功读取表 jingpin_data，数据行数：4313]
2025-10-16 17:46:49,451 [INFO] [开始读取数据库表：inventory_data]
2025-10-16 17:46:49,641 [INFO] [成功读取表 inventory_data，数据行数：6107]
2025-10-16 17:46:49,641 [INFO] [开始读取数据库表：tuiding_data]
2025-10-16 17:46:49,695 [INFO] [成功读取表 tuiding_data，数据行数：3172]
2025-10-16 17:46:49,695 [INFO] [开始读取数据库表：debit_data]
2025-10-16 17:46:50,091 [INFO] [成功读取表 debit_data，数据行数：14348]
2025-10-16 17:46:50,252 [INFO] [开始读取数据库表：sales_invoice_data]
2025-10-16 17:46:50,612 [INFO] [成功读取表 sales_invoice_data，数据行数：15676]
2025-10-16 17:57:09,469 [INFO] [数据库引擎创建成功]
2025-10-16 17:57:09,469 [INFO] [开始读取数据库表：order_data]
2025-10-16 17:57:09,935 [INFO] [成功读取表 order_data，数据行数：18047]
2025-10-16 17:57:10,085 [INFO] [开始读取数据库表：sales_data]
2025-10-16 17:57:12,150 [INFO] [成功读取表 sales_data，数据行数：21776]
2025-10-16 17:57:13,843 [INFO] [开始读取数据库表：jingpin_data]
2025-10-16 17:57:13,960 [INFO] [成功读取表 jingpin_data，数据行数：4313]
2025-10-16 17:57:14,002 [INFO] [开始读取数据库表：inventory_data]
2025-10-16 17:57:14,890 [INFO] [成功读取表 inventory_data，数据行数：6108]
2025-10-16 17:57:14,890 [INFO] [开始读取数据库表：tuiding_data]
2025-10-16 17:57:15,072 [INFO] [成功读取表 tuiding_data，数据行数：3172]
2025-10-16 17:57:15,073 [INFO] [开始读取数据库表：debit_data]
2025-10-16 17:57:16,121 [INFO] [成功读取表 debit_data，数据行数：14350]
2025-10-16 17:57:16,473 [INFO] [开始读取数据库表：sales_invoice_data]
2025-10-16 17:57:17,337 [INFO] [成功读取表 sales_invoice_data，数据行数：15680]
2025-10-16 18:27:09,105 [INFO] [数据库引擎创建成功]
2025-10-16 18:27:09,105 [INFO] [开始读取数据库表：order_data]
2025-10-16 18:27:09,523 [INFO] [成功读取表 order_data，数据行数：18052]
2025-10-16 18:27:09,672 [INFO] [开始读取数据库表：sales_data]
2025-10-16 18:27:11,592 [INFO] [成功读取表 sales_data，数据行数：21783]
2025-10-16 18:27:12,526 [INFO] [开始读取数据库表：jingpin_data]
2025-10-16 18:27:12,598 [INFO] [成功读取表 jingpin_data，数据行数：4314]
2025-10-16 18:27:12,632 [INFO] [开始读取数据库表：inventory_data]
2025-10-16 18:27:12,839 [INFO] [成功读取表 inventory_data，数据行数：6108]
2025-10-16 18:27:12,839 [INFO] [开始读取数据库表：tuiding_data]
2025-10-16 18:27:12,892 [INFO] [成功读取表 tuiding_data，数据行数：3175]
2025-10-16 18:27:12,892 [INFO] [开始读取数据库表：debit_data]
2025-10-16 18:27:13,267 [INFO] [成功读取表 debit_data，数据行数：14350]
2025-10-16 18:27:13,454 [INFO] [开始读取数据库表：sales_invoice_data]
2025-10-16 18:27:13,822 [INFO] [成功读取表 sales_invoice_data，数据行数：15685]
2025-10-16 18:57:05,454 [INFO] [数据库引擎创建成功]
2025-10-16 18:57:05,454 [INFO] [开始读取数据库表：order_data]
2025-10-16 18:57:05,858 [INFO] [成功读取表 order_data，数据行数：18055]
2025-10-16 18:57:06,014 [INFO] [开始读取数据库表：sales_data]
2025-10-16 18:57:07,999 [INFO] [成功读取表 sales_data，数据行数：21783]
2025-10-16 18:57:08,887 [INFO] [开始读取数据库表：jingpin_data]
2025-10-16 18:57:08,956 [INFO] [成功读取表 jingpin_data，数据行数：4314]
2025-10-16 18:57:08,984 [INFO] [开始读取数据库表：inventory_data]
2025-10-16 18:57:09,157 [INFO] [成功读取表 inventory_data，数据行数：6108]
2025-10-16 18:57:09,157 [INFO] [开始读取数据库表：tuiding_data]
2025-10-16 18:57:09,220 [INFO] [成功读取表 tuiding_data，数据行数：3175]
2025-10-16 18:57:09,220 [INFO] [开始读取数据库表：debit_data]
2025-10-16 18:57:09,621 [INFO] [成功读取表 debit_data，数据行数：14350]
2025-10-16 18:57:09,834 [INFO] [开始读取数据库表：sales_invoice_data]
2025-10-16 18:57:10,188 [INFO] [成功读取表 sales_invoice_data，数据行数：15688]
2025-10-16 19:27:27,576 [INFO] [数据库引擎创建成功]
2025-10-16 19:27:27,576 [INFO] [开始读取数据库表：order_data]
2025-10-16 19:27:27,961 [INFO] [成功读取表 order_data，数据行数：18056]
2025-10-16 19:27:28,100 [INFO] [开始读取数据库表：sales_data]
2025-10-16 19:27:29,996 [INFO] [成功读取表 sales_data，数据行数：21783]
2025-10-16 19:27:30,797 [INFO] [开始读取数据库表：jingpin_data]
2025-10-16 19:27:30,863 [INFO] [成功读取表 jingpin_data，数据行数：4314]
2025-10-16 19:27:30,889 [INFO] [开始读取数据库表：inventory_data]
2025-10-16 19:27:31,065 [INFO] [成功读取表 inventory_data，数据行数：6108]
2025-10-16 19:27:31,065 [INFO] [开始读取数据库表：tuiding_data]
2025-10-16 19:27:31,119 [INFO] [成功读取表 tuiding_data，数据行数：3175]
2025-10-16 19:27:31,119 [INFO] [开始读取数据库表：debit_data]
2025-10-16 19:27:31,526 [INFO] [成功读取表 debit_data，数据行数：14350]
2025-10-16 19:27:31,718 [INFO] [开始读取数据库表：sales_invoice_data]
2025-10-16 19:27:32,129 [INFO] [成功读取表 sales_invoice_data，数据行数：15689]
2025-10-16 19:56:57,937 [INFO] [数据库引擎创建成功]
2025-10-16 19:56:57,937 [INFO] [开始读取数据库表：order_data]
2025-10-16 19:56:58,374 [INFO] [成功读取表 order_data，数据行数：18061]
2025-10-16 19:56:58,520 [INFO] [开始读取数据库表：sales_data]
2025-10-16 19:57:00,477 [INFO] [成功读取表 sales_data，数据行数：21783]
2025-10-16 19:57:01,350 [INFO] [开始读取数据库表：jingpin_data]
2025-10-16 19:57:01,424 [INFO] [成功读取表 jingpin_data，数据行数：4314]
2025-10-16 19:57:01,452 [INFO] [开始读取数据库表：inventory_data]
2025-10-16 19:57:01,628 [INFO] [成功读取表 inventory_data，数据行数：6108]
2025-10-16 19:57:01,629 [INFO] [开始读取数据库表：tuiding_data]
2025-10-16 19:57:01,693 [INFO] [成功读取表 tuiding_data，数据行数：3175]
2025-10-16 19:57:01,693 [INFO] [开始读取数据库表：debit_data]
2025-10-16 19:57:02,084 [INFO] [成功读取表 debit_data，数据行数：14350]
2025-10-16 19:57:02,271 [INFO] [开始读取数据库表：sales_invoice_data]
2025-10-16 19:57:02,685 [INFO] [成功读取表 sales_invoice_data，数据行数：15694]
2025-10-16 20:26:58,312 [INFO] [数据库引擎创建成功]
2025-10-16 20:26:58,312 [INFO] [开始读取数据库表：order_data]
2025-10-16 20:26:58,751 [INFO] [成功读取表 order_data，数据行数：18064]
2025-10-16 20:26:58,937 [INFO] [开始读取数据库表：sales_data]
2025-10-16 20:27:01,042 [INFO] [成功读取表 sales_data，数据行数：21783]
2025-10-16 20:27:01,925 [INFO] [开始读取数据库表：jingpin_data]
2025-10-16 20:27:01,997 [INFO] [成功读取表 jingpin_data，数据行数：4314]
2025-10-16 20:27:02,028 [INFO] [开始读取数据库表：inventory_data]
2025-10-16 20:27:02,220 [INFO] [成功读取表 inventory_data，数据行数：6108]
2025-10-16 20:27:02,220 [INFO] [开始读取数据库表：tuiding_data]
2025-10-16 20:27:02,279 [INFO] [成功读取表 tuiding_data，数据行数：3175]
2025-10-16 20:27:02,279 [INFO] [开始读取数据库表：debit_data]
2025-10-16 20:27:02,700 [INFO] [成功读取表 debit_data，数据行数：14350]
2025-10-16 20:27:02,867 [INFO] [开始读取数据库表：sales_invoice_data]
2025-10-16 20:27:03,220 [INFO] [成功读取表 sales_invoice_data，数据行数：15697]
2025-10-16 20:57:02,378 [INFO] [数据库引擎创建成功]
2025-10-16 20:57:02,378 [INFO] [开始读取数据库表：order_data]
2025-10-16 20:57:02,791 [INFO] [成功读取表 order_data，数据行数：18064]
2025-10-16 20:57:02,936 [INFO] [开始读取数据库表：sales_data]
2025-10-16 20:57:05,000 [INFO] [成功读取表 sales_data，数据行数：21783]
2025-10-16 20:57:05,983 [INFO] [开始读取数据库表：jingpin_data]
2025-10-16 20:57:06,080 [INFO] [成功读取表 jingpin_data，数据行数：4314]
2025-10-16 20:57:06,130 [INFO] [开始读取数据库表：inventory_data]
2025-10-16 20:57:06,362 [INFO] [成功读取表 inventory_data，数据行数：6108]
2025-10-16 20:57:06,362 [INFO] [开始读取数据库表：tuiding_data]
2025-10-16 20:57:06,430 [INFO] [成功读取表 tuiding_data，数据行数：3175]
2025-10-16 20:57:06,430 [INFO] [开始读取数据库表：debit_data]
2025-10-16 20:57:06,949 [INFO] [成功读取表 debit_data，数据行数：14350]
2025-10-16 20:57:07,173 [INFO] [开始读取数据库表：sales_invoice_data]
2025-10-16 20:57:07,658 [INFO] [成功读取表 sales_invoice_data，数据行数：15697]
2025-10-16 21:27:04,549 [INFO] [数据库引擎创建成功]
2025-10-16 21:27:04,549 [INFO] [开始读取数据库表：order_data]
2025-10-16 21:27:04,937 [INFO] [成功读取表 order_data，数据行数：18064]
2025-10-16 21:27:05,065 [INFO] [开始读取数据库表：sales_data]
2025-10-16 21:27:07,026 [INFO] [成功读取表 sales_data，数据行数：21784]
2025-10-16 21:27:08,205 [INFO] [开始读取数据库表：jingpin_data]
2025-10-16 21:27:08,298 [INFO] [成功读取表 jingpin_data，数据行数：4314]
2025-10-16 21:27:08,328 [INFO] [开始读取数据库表：inventory_data]
2025-10-16 21:27:08,536 [INFO] [成功读取表 inventory_data，数据行数：6108]
2025-10-16 21:27:08,536 [INFO] [开始读取数据库表：tuiding_data]
2025-10-16 21:27:08,592 [INFO] [成功读取表 tuiding_data，数据行数：3175]
2025-10-16 21:27:08,592 [INFO] [开始读取数据库表：debit_data]
2025-10-16 21:27:09,035 [INFO] [成功读取表 debit_data，数据行数：14386]
2025-10-16 21:27:09,271 [INFO] [开始读取数据库表：sales_invoice_data]
2025-10-16 21:27:09,637 [INFO] [成功读取表 sales_invoice_data，数据行数：15697]
2025-10-16 21:57:02,004 [INFO] [数据库引擎创建成功]
2025-10-16 21:57:02,004 [INFO] [开始读取数据库表：order_data]
2025-10-16 21:57:02,392 [INFO] [成功读取表 order_data，数据行数：18064]
2025-10-16 21:57:02,534 [INFO] [开始读取数据库表：sales_data]
2025-10-16 21:57:04,637 [INFO] [成功读取表 sales_data，数据行数：21784]
2025-10-16 21:57:05,501 [INFO] [开始读取数据库表：jingpin_data]
2025-10-16 21:57:05,575 [INFO] [成功读取表 jingpin_data，数据行数：4314]
2025-10-16 21:57:05,605 [INFO] [开始读取数据库表：inventory_data]
2025-10-16 21:57:05,853 [INFO] [成功读取表 inventory_data，数据行数：6203]
2025-10-16 21:57:05,853 [INFO] [开始读取数据库表：tuiding_data]
2025-10-16 21:57:05,928 [INFO] [成功读取表 tuiding_data，数据行数：3175]
2025-10-16 21:57:05,929 [INFO] [开始读取数据库表：debit_data]
2025-10-16 21:57:06,350 [INFO] [成功读取表 debit_data，数据行数：14444]
2025-10-16 21:57:06,509 [INFO] [开始读取数据库表：sales_invoice_data]
2025-10-16 21:57:06,931 [INFO] [成功读取表 sales_invoice_data，数据行数：15698]
2025-10-16 22:26:55,321 [INFO] [数据库引擎创建成功]
2025-10-16 22:26:55,321 [INFO] [开始读取数据库表：order_data]
2025-10-16 22:26:55,770 [INFO] [成功读取表 order_data，数据行数：18064]
2025-10-16 22:26:55,955 [INFO] [开始读取数据库表：sales_data]
2025-10-16 22:26:58,111 [INFO] [成功读取表 sales_data，数据行数：21784]
2025-10-16 22:26:58,942 [INFO] [开始读取数据库表：jingpin_data]
2025-10-16 22:26:59,025 [INFO] [成功读取表 jingpin_data，数据行数：4314]
2025-10-16 22:26:59,061 [INFO] [开始读取数据库表：inventory_data]
2025-10-16 22:26:59,294 [INFO] [成功读取表 inventory_data，数据行数：6203]
2025-10-16 22:26:59,295 [INFO] [开始读取数据库表：tuiding_data]
2025-10-16 22:26:59,359 [INFO] [成功读取表 tuiding_data，数据行数：3175]
2025-10-16 22:26:59,359 [INFO] [开始读取数据库表：debit_data]
2025-10-16 22:26:59,900 [INFO] [成功读取表 debit_data，数据行数：14444]
2025-10-16 22:27:00,098 [INFO] [开始读取数据库表：sales_invoice_data]
2025-10-16 22:27:00,643 [INFO] [成功读取表 sales_invoice_data，数据行数：15698]
2025-10-16 22:57:12,090 [INFO] [数据库引擎创建成功]
2025-10-16 22:57:12,091 [INFO] [开始读取数据库表：order_data]
2025-10-16 22:57:12,756 [INFO] [成功读取表 order_data，数据行数：18064]
2025-10-16 22:57:12,963 [INFO] [开始读取数据库表：sales_data]
2025-10-16 22:57:15,276 [INFO] [成功读取表 sales_data，数据行数：21784]
2025-10-16 22:57:16,209 [INFO] [开始读取数据库表：jingpin_data]
2025-10-16 22:57:16,307 [INFO] [成功读取表 jingpin_data，数据行数：4314]
2025-10-16 22:57:16,343 [INFO] [开始读取数据库表：inventory_data]
2025-10-16 22:57:16,567 [INFO] [成功读取表 inventory_data，数据行数：6208]
2025-10-16 22:57:16,567 [INFO] [开始读取数据库表：tuiding_data]
2025-10-16 22:57:16,626 [INFO] [成功读取表 tuiding_data，数据行数：3175]
2025-10-16 22:57:16,627 [INFO] [开始读取数据库表：debit_data]
2025-10-16 22:57:17,130 [INFO] [成功读取表 debit_data，数据行数：14449]
2025-10-16 22:57:17,474 [INFO] [开始读取数据库表：sales_invoice_data]
2025-10-16 22:57:18,325 [INFO] [成功读取表 sales_invoice_data，数据行数：15701]
2025-10-16 23:27:02,030 [INFO] [数据库引擎创建成功]
2025-10-16 23:27:02,030 [INFO] [开始读取数据库表：order_data]
2025-10-16 23:27:02,487 [INFO] [成功读取表 order_data，数据行数：18066]
2025-10-16 23:27:02,640 [INFO] [开始读取数据库表：sales_data]
2025-10-16 23:27:04,674 [INFO] [成功读取表 sales_data，数据行数：21784]
2025-10-16 23:27:05,597 [INFO] [开始读取数据库表：jingpin_data]
2025-10-16 23:27:05,675 [INFO] [成功读取表 jingpin_data，数据行数：4314]
2025-10-16 23:27:05,705 [INFO] [开始读取数据库表：inventory_data]
2025-10-16 23:27:05,899 [INFO] [成功读取表 inventory_data，数据行数：6208]
2025-10-16 23:27:05,899 [INFO] [开始读取数据库表：tuiding_data]
2025-10-16 23:27:05,949 [INFO] [成功读取表 tuiding_data，数据行数：3175]
2025-10-16 23:27:05,949 [INFO] [开始读取数据库表：debit_data]
2025-10-16 23:27:06,404 [INFO] [成功读取表 debit_data，数据行数：14449]
2025-10-16 23:27:06,573 [INFO] [开始读取数据库表：sales_invoice_data]
2025-10-16 23:27:06,955 [INFO] [成功读取表 sales_invoice_data，数据行数：15705]
2025-10-16 23:56:50,345 [INFO] [数据库引擎创建成功]
2025-10-16 23:56:50,345 [INFO] [开始读取数据库表：order_data]
2025-10-16 23:56:50,894 [INFO] [成功读取表 order_data，数据行数：18068]
2025-10-16 23:56:51,127 [INFO] [开始读取数据库表：sales_data]
2025-10-16 23:56:53,594 [INFO] [成功读取表 sales_data，数据行数：21784]
2025-10-16 23:56:54,595 [INFO] [开始读取数据库表：jingpin_data]
2025-10-16 23:56:54,676 [INFO] [成功读取表 jingpin_data，数据行数：4314]
2025-10-16 23:56:54,705 [INFO] [开始读取数据库表：inventory_data]
2025-10-16 23:56:54,929 [INFO] [成功读取表 inventory_data，数据行数：6210]
2025-10-16 23:56:54,929 [INFO] [开始读取数据库表：tuiding_data]
2025-10-16 23:56:54,992 [INFO] [成功读取表 tuiding_data，数据行数：3175]
2025-10-16 23:56:54,993 [INFO] [开始读取数据库表：debit_data]
2025-10-16 23:56:55,429 [INFO] [成功读取表 debit_data，数据行数：14451]
2025-10-16 23:56:55,623 [INFO] [开始读取数据库表：sales_invoice_data]
2025-10-16 23:56:56,061 [INFO] [成功读取表 sales_invoice_data，数据行数：15707]
