2025-11-11 07:07:05,598 [INFO] [数据库引擎创建成功]
2025-11-11 07:07:05,598 [INFO] [开始读取数据库表：order_data]
2025-11-11 07:07:06,008 [INFO] [成功读取表 order_data，数据行数：23045]
2025-11-11 07:07:06,122 [INFO] [开始读取数据库表：sales_data]
2025-11-11 07:07:08,583 [INFO] [成功读取表 sales_data，数据行数：24670]
2025-11-11 07:07:10,575 [INFO] [开始读取数据库表：jingpin_data]
2025-11-11 07:07:10,808 [INFO] [成功读取表 jingpin_data，数据行数：4282]
2025-11-11 07:07:10,901 [INFO] [开始读取数据库表：inventory_data]
2025-11-11 07:07:11,417 [INFO] [成功读取表 inventory_data，数据行数：5653]
2025-11-11 07:07:11,418 [INFO] [开始读取数据库表：tuiding_data]
2025-11-11 07:07:11,645 [INFO] [成功读取表 tuiding_data，数据行数：4007]
2025-11-11 07:07:11,645 [INFO] [开始读取数据库表：debit_data]
2025-11-11 07:07:13,686 [INFO] [成功读取表 debit_data，数据行数：24202]
2025-11-11 07:07:14,084 [INFO] [开始读取数据库表：sales_invoice_data]
2025-11-11 07:07:15,353 [INFO] [成功读取表 sales_invoice_data，数据行数：17735]
2025-11-11 07:28:53,795 [INFO] [数据库引擎创建成功]
2025-11-11 07:28:53,795 [INFO] [开始读取数据库表：order_data]
2025-11-11 07:28:54,202 [INFO] [成功读取表 order_data，数据行数：23045]
2025-11-11 07:28:54,318 [INFO] [开始读取数据库表：sales_data]
2025-11-11 07:28:57,294 [INFO] [成功读取表 sales_data，数据行数：24670]
2025-11-11 07:28:59,339 [INFO] [开始读取数据库表：jingpin_data]
2025-11-11 07:28:59,612 [INFO] [成功读取表 jingpin_data，数据行数：4282]
2025-11-11 07:28:59,685 [INFO] [开始读取数据库表：inventory_data]
2025-11-11 07:29:00,242 [INFO] [成功读取表 inventory_data，数据行数：5653]
2025-11-11 07:29:00,242 [INFO] [开始读取数据库表：tuiding_data]
2025-11-11 07:29:00,408 [INFO] [成功读取表 tuiding_data，数据行数：4007]
2025-11-11 07:29:00,408 [INFO] [开始读取数据库表：debit_data]
2025-11-11 07:29:02,441 [INFO] [成功读取表 debit_data，数据行数：24202]
2025-11-11 07:29:02,840 [INFO] [开始读取数据库表：sales_invoice_data]
2025-11-11 07:29:04,107 [INFO] [成功读取表 sales_invoice_data，数据行数：17735]
2025-11-11 07:58:50,073 [INFO] [数据库引擎创建成功]
2025-11-11 07:58:50,074 [INFO] [开始读取数据库表：order_data]
2025-11-11 07:58:50,475 [INFO] [成功读取表 order_data，数据行数：23045]
2025-11-11 07:58:50,602 [INFO] [开始读取数据库表：sales_data]
2025-11-11 07:58:53,778 [INFO] [成功读取表 sales_data，数据行数：24670]
2025-11-11 07:58:55,796 [INFO] [开始读取数据库表：jingpin_data]
2025-11-11 07:58:56,071 [INFO] [成功读取表 jingpin_data，数据行数：4282]
2025-11-11 07:58:56,165 [INFO] [开始读取数据库表：inventory_data]
2025-11-11 07:58:56,729 [INFO] [成功读取表 inventory_data，数据行数：5653]
2025-11-11 07:58:56,730 [INFO] [开始读取数据库表：tuiding_data]
2025-11-11 07:58:56,941 [INFO] [成功读取表 tuiding_data，数据行数：4007]
2025-11-11 07:58:56,942 [INFO] [开始读取数据库表：debit_data]
2025-11-11 07:58:58,993 [INFO] [成功读取表 debit_data，数据行数：24202]
2025-11-11 07:58:59,387 [INFO] [开始读取数据库表：sales_invoice_data]
2025-11-11 07:59:00,666 [INFO] [成功读取表 sales_invoice_data，数据行数：17735]
2025-11-11 08:29:03,764 [INFO] [数据库引擎创建成功]
2025-11-11 08:29:03,764 [INFO] [开始读取数据库表：order_data]
2025-11-11 08:29:04,187 [INFO] [成功读取表 order_data，数据行数：23046]
2025-11-11 08:29:04,315 [INFO] [开始读取数据库表：sales_data]
2025-11-11 08:29:07,379 [INFO] [成功读取表 sales_data，数据行数：24670]
2025-11-11 08:29:09,370 [INFO] [开始读取数据库表：jingpin_data]
2025-11-11 08:29:09,636 [INFO] [成功读取表 jingpin_data，数据行数：4282]
2025-11-11 08:29:09,713 [INFO] [开始读取数据库表：inventory_data]
2025-11-11 08:29:10,283 [INFO] [成功读取表 inventory_data，数据行数：5653]
2025-11-11 08:29:10,285 [INFO] [开始读取数据库表：tuiding_data]
2025-11-11 08:29:10,446 [INFO] [成功读取表 tuiding_data，数据行数：4007]
2025-11-11 08:29:10,446 [INFO] [开始读取数据库表：debit_data]
2025-11-11 08:29:12,500 [INFO] [成功读取表 debit_data，数据行数：24202]
2025-11-11 08:29:12,893 [INFO] [开始读取数据库表：sales_invoice_data]
2025-11-11 08:29:14,183 [INFO] [成功读取表 sales_invoice_data，数据行数：17735]
2025-11-11 08:58:54,933 [INFO] [数据库引擎创建成功]
2025-11-11 08:58:54,933 [INFO] [开始读取数据库表：order_data]
2025-11-11 08:58:55,372 [INFO] [成功读取表 order_data，数据行数：23046]
2025-11-11 08:58:55,488 [INFO] [开始读取数据库表：sales_data]
2025-11-11 08:58:58,133 [INFO] [成功读取表 sales_data，数据行数：24670]
2025-11-11 08:59:00,155 [INFO] [开始读取数据库表：jingpin_data]
2025-11-11 08:59:00,395 [INFO] [成功读取表 jingpin_data，数据行数：4282]
2025-11-11 08:59:00,471 [INFO] [开始读取数据库表：inventory_data]
2025-11-11 08:59:01,043 [INFO] [成功读取表 inventory_data，数据行数：5653]
2025-11-11 08:59:01,044 [INFO] [开始读取数据库表：tuiding_data]
2025-11-11 08:59:01,264 [INFO] [成功读取表 tuiding_data，数据行数：4007]
2025-11-11 08:59:01,264 [INFO] [开始读取数据库表：debit_data]
2025-11-11 08:59:03,314 [INFO] [成功读取表 debit_data，数据行数：24202]
2025-11-11 08:59:03,710 [INFO] [开始读取数据库表：sales_invoice_data]
2025-11-11 08:59:04,971 [INFO] [成功读取表 sales_invoice_data，数据行数：17735]
2025-11-11 09:30:03,291 [INFO] [数据库引擎创建成功]
2025-11-11 09:30:03,291 [INFO] [开始读取数据库表：order_data]
2025-11-11 09:30:03,702 [INFO] [成功读取表 order_data，数据行数：23047]
2025-11-11 09:30:03,815 [INFO] [开始读取数据库表：sales_data]
2025-11-11 09:30:06,230 [INFO] [成功读取表 sales_data，数据行数：24677]
2025-11-11 09:30:08,141 [INFO] [开始读取数据库表：jingpin_data]
2025-11-11 09:30:08,388 [INFO] [成功读取表 jingpin_data，数据行数：4282]
2025-11-11 09:30:08,458 [INFO] [开始读取数据库表：inventory_data]
2025-11-11 09:30:09,009 [INFO] [成功读取表 inventory_data，数据行数：5653]
2025-11-11 09:30:09,009 [INFO] [开始读取数据库表：tuiding_data]
2025-11-11 09:30:09,222 [INFO] [成功读取表 tuiding_data，数据行数：4007]
2025-11-11 09:30:09,222 [INFO] [开始读取数据库表：debit_data]
2025-11-11 09:30:11,208 [INFO] [成功读取表 debit_data，数据行数：24202]
2025-11-11 09:30:11,608 [INFO] [开始读取数据库表：sales_invoice_data]
2025-11-11 09:30:12,873 [INFO] [成功读取表 sales_invoice_data，数据行数：17742]
2025-11-11 09:59:01,159 [INFO] [数据库引擎创建成功]
2025-11-11 09:59:01,159 [INFO] [开始读取数据库表：order_data]
2025-11-11 09:59:01,579 [INFO] [成功读取表 order_data，数据行数：23050]
2025-11-11 09:59:01,693 [INFO] [开始读取数据库表：sales_data]
2025-11-11 09:59:03,924 [INFO] [成功读取表 sales_data，数据行数：24684]
2025-11-11 09:59:05,924 [INFO] [开始读取数据库表：jingpin_data]
2025-11-11 09:59:06,191 [INFO] [成功读取表 jingpin_data，数据行数：4284]
2025-11-11 09:59:06,265 [INFO] [开始读取数据库表：inventory_data]
2025-11-11 09:59:06,827 [INFO] [成功读取表 inventory_data，数据行数：5653]
2025-11-11 09:59:06,827 [INFO] [开始读取数据库表：tuiding_data]
2025-11-11 09:59:07,051 [INFO] [成功读取表 tuiding_data，数据行数：4007]
2025-11-11 09:59:07,051 [INFO] [开始读取数据库表：debit_data]
2025-11-11 09:59:09,026 [INFO] [成功读取表 debit_data，数据行数：24202]
2025-11-11 09:59:09,364 [INFO] [开始读取数据库表：sales_invoice_data]
2025-11-11 09:59:10,582 [INFO] [成功读取表 sales_invoice_data，数据行数：17751]
2025-11-11 10:32:26,524 [INFO] [数据库引擎创建成功]
2025-11-11 10:32:26,524 [INFO] [开始读取数据库表：order_data]
2025-11-11 10:32:26,929 [INFO] [成功读取表 order_data，数据行数：23054]
2025-11-11 10:32:27,035 [INFO] [开始读取数据库表：sales_data]
2025-11-11 10:32:29,359 [INFO] [成功读取表 sales_data，数据行数：24698]
2025-11-11 10:32:31,173 [INFO] [开始读取数据库表：jingpin_data]
2025-11-11 10:32:31,421 [INFO] [成功读取表 jingpin_data，数据行数：4284]
2025-11-11 10:32:31,497 [INFO] [开始读取数据库表：inventory_data]
2025-11-11 10:32:32,017 [INFO] [成功读取表 inventory_data，数据行数：5653]
2025-11-11 10:32:32,017 [INFO] [开始读取数据库表：tuiding_data]
2025-11-11 10:32:32,224 [INFO] [成功读取表 tuiding_data，数据行数：4007]
2025-11-11 10:32:32,224 [INFO] [开始读取数据库表：debit_data]
2025-11-11 10:32:34,114 [INFO] [成功读取表 debit_data，数据行数：24202]
2025-11-11 10:32:34,495 [INFO] [开始读取数据库表：sales_invoice_data]
2025-11-11 10:32:35,742 [INFO] [成功读取表 sales_invoice_data，数据行数：17764]
2025-11-11 11:00:21,203 [INFO] [数据库引擎创建成功]
2025-11-11 11:00:21,203 [INFO] [开始读取数据库表：order_data]
2025-11-11 11:00:21,642 [INFO] [成功读取表 order_data，数据行数：23060]
2025-11-11 11:00:21,751 [INFO] [开始读取数据库表：sales_data]
2025-11-11 11:00:24,124 [INFO] [成功读取表 sales_data，数据行数：24703]
2025-11-11 11:00:26,149 [INFO] [开始读取数据库表：jingpin_data]
2025-11-11 11:00:26,412 [INFO] [成功读取表 jingpin_data，数据行数：4284]
2025-11-11 11:00:26,487 [INFO] [开始读取数据库表：inventory_data]
2025-11-11 11:00:27,053 [INFO] [成功读取表 inventory_data，数据行数：5622]
2025-11-11 11:00:27,053 [INFO] [开始读取数据库表：tuiding_data]
2025-11-11 11:00:27,281 [INFO] [成功读取表 tuiding_data，数据行数：4007]
2025-11-11 11:00:27,281 [INFO] [开始读取数据库表：debit_data]
2025-11-11 11:00:29,374 [INFO] [成功读取表 debit_data，数据行数：24202]
2025-11-11 11:00:29,770 [INFO] [开始读取数据库表：sales_invoice_data]
2025-11-11 11:00:31,025 [INFO] [成功读取表 sales_invoice_data，数据行数：17766]
2025-11-11 11:29:24,526 [INFO] [数据库引擎创建成功]
2025-11-11 11:29:24,526 [INFO] [开始读取数据库表：order_data]
2025-11-11 11:29:24,924 [INFO] [成功读取表 order_data，数据行数：23061]
2025-11-11 11:29:25,032 [INFO] [开始读取数据库表：sales_data]
2025-11-11 11:29:27,343 [INFO] [成功读取表 sales_data，数据行数：24705]
2025-11-11 11:29:29,337 [INFO] [开始读取数据库表：jingpin_data]
2025-11-11 11:29:29,596 [INFO] [成功读取表 jingpin_data，数据行数：4284]
2025-11-11 11:29:29,673 [INFO] [开始读取数据库表：inventory_data]
2025-11-11 11:29:30,220 [INFO] [成功读取表 inventory_data，数据行数：5618]
2025-11-11 11:29:30,220 [INFO] [开始读取数据库表：tuiding_data]
2025-11-11 11:29:30,442 [INFO] [成功读取表 tuiding_data，数据行数：4008]
2025-11-11 11:29:30,442 [INFO] [开始读取数据库表：debit_data]
2025-11-11 11:29:32,457 [INFO] [成功读取表 debit_data，数据行数：24202]
2025-11-11 11:29:32,855 [INFO] [开始读取数据库表：sales_invoice_data]
2025-11-11 11:29:34,121 [INFO] [成功读取表 sales_invoice_data，数据行数：17768]
2025-11-11 11:59:10,293 [INFO] [数据库引擎创建成功]
2025-11-11 11:59:10,293 [INFO] [开始读取数据库表：order_data]
2025-11-11 11:59:10,701 [INFO] [成功读取表 order_data，数据行数：23062]
2025-11-11 11:59:10,810 [INFO] [开始读取数据库表：sales_data]
2025-11-11 11:59:13,440 [INFO] [成功读取表 sales_data，数据行数：24717]
2025-11-11 11:59:15,394 [INFO] [开始读取数据库表：jingpin_data]
2025-11-11 11:59:15,654 [INFO] [成功读取表 jingpin_data，数据行数：4284]
2025-11-11 11:59:15,720 [INFO] [开始读取数据库表：inventory_data]
2025-11-11 11:59:16,267 [INFO] [成功读取表 inventory_data，数据行数：5637]
2025-11-11 11:59:16,267 [INFO] [开始读取数据库表：tuiding_data]
2025-11-11 11:59:16,487 [INFO] [成功读取表 tuiding_data，数据行数：4010]
2025-11-11 11:59:16,488 [INFO] [开始读取数据库表：debit_data]
2025-11-11 11:59:18,478 [INFO] [成功读取表 debit_data，数据行数：24230]
2025-11-11 11:59:18,864 [INFO] [开始读取数据库表：sales_invoice_data]
2025-11-11 11:59:20,109 [INFO] [成功读取表 sales_invoice_data，数据行数：17780]
2025-11-11 12:28:49,114 [INFO] [数据库引擎创建成功]
2025-11-11 12:28:49,114 [INFO] [开始读取数据库表：order_data]
2025-11-11 12:28:49,568 [INFO] [成功读取表 order_data，数据行数：23067]
2025-11-11 12:28:49,692 [INFO] [开始读取数据库表：sales_data]
2025-11-11 12:28:53,348 [INFO] [成功读取表 sales_data，数据行数：24719]
2025-11-11 12:28:55,328 [INFO] [开始读取数据库表：jingpin_data]
2025-11-11 12:28:55,591 [INFO] [成功读取表 jingpin_data，数据行数：4284]
2025-11-11 12:28:55,664 [INFO] [开始读取数据库表：inventory_data]
2025-11-11 12:28:56,218 [INFO] [成功读取表 inventory_data，数据行数：5679]
2025-11-11 12:28:56,218 [INFO] [开始读取数据库表：tuiding_data]
2025-11-11 12:28:56,425 [INFO] [成功读取表 tuiding_data，数据行数：4010]
2025-11-11 12:28:56,425 [INFO] [开始读取数据库表：debit_data]
2025-11-11 12:28:58,358 [INFO] [成功读取表 debit_data，数据行数：24307]
2025-11-11 12:28:58,709 [INFO] [开始读取数据库表：sales_invoice_data]
2025-11-11 12:28:59,838 [INFO] [成功读取表 sales_invoice_data，数据行数：17782]
2025-11-11 12:59:48,731 [INFO] [数据库引擎创建成功]
2025-11-11 12:59:48,731 [INFO] [开始读取数据库表：order_data]
2025-11-11 12:59:49,174 [INFO] [成功读取表 order_data，数据行数：23068]
2025-11-11 12:59:49,293 [INFO] [开始读取数据库表：sales_data]
2025-11-11 12:59:52,295 [INFO] [成功读取表 sales_data，数据行数：24721]
2025-11-11 12:59:54,271 [INFO] [开始读取数据库表：jingpin_data]
2025-11-11 12:59:54,550 [INFO] [成功读取表 jingpin_data，数据行数：4284]
2025-11-11 12:59:54,630 [INFO] [开始读取数据库表：inventory_data]
2025-11-11 12:59:55,184 [INFO] [成功读取表 inventory_data，数据行数：5677]
2025-11-11 12:59:55,185 [INFO] [开始读取数据库表：tuiding_data]
2025-11-11 12:59:55,396 [INFO] [成功读取表 tuiding_data，数据行数：4010]
2025-11-11 12:59:55,397 [INFO] [开始读取数据库表：debit_data]
2025-11-11 12:59:57,434 [INFO] [成功读取表 debit_data，数据行数：24307]
2025-11-11 12:59:57,818 [INFO] [开始读取数据库表：sales_invoice_data]
2025-11-11 12:59:59,048 [INFO] [成功读取表 sales_invoice_data，数据行数：17784]
2025-11-11 13:29:31,171 [INFO] [数据库引擎创建成功]
2025-11-11 13:29:31,171 [INFO] [开始读取数据库表：order_data]
2025-11-11 13:29:31,587 [INFO] [成功读取表 order_data，数据行数：23071]
2025-11-11 13:29:31,695 [INFO] [开始读取数据库表：sales_data]
2025-11-11 13:29:34,359 [INFO] [成功读取表 sales_data，数据行数：24723]
2025-11-11 13:29:36,334 [INFO] [开始读取数据库表：jingpin_data]
2025-11-11 13:29:36,600 [INFO] [成功读取表 jingpin_data，数据行数：4284]
2025-11-11 13:29:36,671 [INFO] [开始读取数据库表：inventory_data]
2025-11-11 13:29:37,237 [INFO] [成功读取表 inventory_data，数据行数：5675]
2025-11-11 13:29:37,237 [INFO] [开始读取数据库表：tuiding_data]
2025-11-11 13:29:37,460 [INFO] [成功读取表 tuiding_data，数据行数：4010]
2025-11-11 13:29:37,460 [INFO] [开始读取数据库表：debit_data]
2025-11-11 13:29:39,472 [INFO] [成功读取表 debit_data，数据行数：24307]
2025-11-11 13:29:39,865 [INFO] [开始读取数据库表：sales_invoice_data]
2025-11-11 13:29:41,119 [INFO] [成功读取表 sales_invoice_data，数据行数：17786]
2025-11-11 13:59:26,688 [INFO] [数据库引擎创建成功]
2025-11-11 13:59:26,688 [INFO] [开始读取数据库表：order_data]
2025-11-11 13:59:27,180 [INFO] [成功读取表 order_data，数据行数：23075]
2025-11-11 13:59:27,314 [INFO] [开始读取数据库表：sales_data]
2025-11-11 13:59:30,386 [INFO] [成功读取表 sales_data，数据行数：24727]
2025-11-11 13:59:32,123 [INFO] [开始读取数据库表：jingpin_data]
2025-11-11 13:59:32,330 [INFO] [成功读取表 jingpin_data，数据行数：4286]
2025-11-11 13:59:32,398 [INFO] [开始读取数据库表：inventory_data]
2025-11-11 13:59:32,878 [INFO] [成功读取表 inventory_data，数据行数：5670]
2025-11-11 13:59:32,878 [INFO] [开始读取数据库表：tuiding_data]
2025-11-11 13:59:33,051 [INFO] [成功读取表 tuiding_data，数据行数：4010]
2025-11-11 13:59:33,051 [INFO] [开始读取数据库表：debit_data]
2025-11-11 13:59:34,735 [INFO] [成功读取表 debit_data，数据行数：24307]
2025-11-11 13:59:35,075 [INFO] [开始读取数据库表：sales_invoice_data]
2025-11-11 13:59:36,115 [INFO] [成功读取表 sales_invoice_data，数据行数：17790]
2025-11-11 14:29:20,198 [INFO] [数据库引擎创建成功]
2025-11-11 14:29:20,198 [INFO] [开始读取数据库表：order_data]
2025-11-11 14:29:20,758 [INFO] [成功读取表 order_data，数据行数：23076]
2025-11-11 14:29:20,914 [INFO] [开始读取数据库表：sales_data]
2025-11-11 14:29:25,073 [INFO] [成功读取表 sales_data，数据行数：24739]
2025-11-11 14:29:26,993 [INFO] [开始读取数据库表：jingpin_data]
2025-11-11 14:29:27,239 [INFO] [成功读取表 jingpin_data，数据行数：4302]
2025-11-11 14:29:27,305 [INFO] [开始读取数据库表：inventory_data]
2025-11-11 14:29:27,823 [INFO] [成功读取表 inventory_data，数据行数：5662]
2025-11-11 14:29:27,823 [INFO] [开始读取数据库表：tuiding_data]
2025-11-11 14:29:28,025 [INFO] [成功读取表 tuiding_data，数据行数：4010]
2025-11-11 14:29:28,025 [INFO] [开始读取数据库表：debit_data]
2025-11-11 14:29:29,945 [INFO] [成功读取表 debit_data，数据行数：24309]
2025-11-11 14:29:30,316 [INFO] [开始读取数据库表：sales_invoice_data]
2025-11-11 14:29:31,539 [INFO] [成功读取表 sales_invoice_data，数据行数：17798]
2025-11-11 15:00:20,922 [INFO] [数据库引擎创建成功]
2025-11-11 15:00:20,922 [INFO] [开始读取数据库表：order_data]
2025-11-11 15:00:21,316 [INFO] [成功读取表 order_data，数据行数：23077]
2025-11-11 15:00:21,428 [INFO] [开始读取数据库表：sales_data]
2025-11-11 15:00:23,923 [INFO] [成功读取表 sales_data，数据行数：24740]
2025-11-11 15:00:25,942 [INFO] [开始读取数据库表：jingpin_data]
2025-11-11 15:00:26,212 [INFO] [成功读取表 jingpin_data，数据行数：4302]
2025-11-11 15:00:26,291 [INFO] [开始读取数据库表：inventory_data]
2025-11-11 15:00:26,856 [INFO] [成功读取表 inventory_data，数据行数：5661]
2025-11-11 15:00:26,856 [INFO] [开始读取数据库表：tuiding_data]
2025-11-11 15:00:27,071 [INFO] [成功读取表 tuiding_data，数据行数：4013]
2025-11-11 15:00:27,071 [INFO] [开始读取数据库表：debit_data]
2025-11-11 15:00:29,072 [INFO] [成功读取表 debit_data，数据行数：24309]
2025-11-11 15:00:29,463 [INFO] [开始读取数据库表：sales_invoice_data]
2025-11-11 15:00:30,717 [INFO] [成功读取表 sales_invoice_data，数据行数：17799]
2025-11-11 15:29:57,334 [INFO] [数据库引擎创建成功]
2025-11-11 15:29:57,334 [INFO] [开始读取数据库表：order_data]
2025-11-11 15:29:57,772 [INFO] [成功读取表 order_data，数据行数：23081]
2025-11-11 15:29:57,878 [INFO] [开始读取数据库表：sales_data]
2025-11-11 15:30:00,123 [INFO] [成功读取表 sales_data，数据行数：24750]
2025-11-11 15:30:02,003 [INFO] [开始读取数据库表：jingpin_data]
2025-11-11 15:30:02,262 [INFO] [成功读取表 jingpin_data，数据行数：4304]
2025-11-11 15:30:02,336 [INFO] [开始读取数据库表：inventory_data]
2025-11-11 15:30:02,881 [INFO] [成功读取表 inventory_data，数据行数：5651]
2025-11-11 15:30:02,881 [INFO] [开始读取数据库表：tuiding_data]
2025-11-11 15:30:03,102 [INFO] [成功读取表 tuiding_data，数据行数：4014]
2025-11-11 15:30:03,102 [INFO] [开始读取数据库表：debit_data]
2025-11-11 15:30:05,120 [INFO] [成功读取表 debit_data，数据行数：24309]
2025-11-11 15:30:05,506 [INFO] [开始读取数据库表：sales_invoice_data]
2025-11-11 15:30:06,783 [INFO] [成功读取表 sales_invoice_data，数据行数：17808]
2025-11-11 15:59:25,196 [INFO] [数据库引擎创建成功]
2025-11-11 15:59:25,196 [INFO] [开始读取数据库表：order_data]
2025-11-11 15:59:25,655 [INFO] [成功读取表 order_data，数据行数：23084]
2025-11-11 15:59:25,799 [INFO] [开始读取数据库表：sales_data]
2025-11-11 15:59:30,975 [INFO] [成功读取表 sales_data，数据行数：24753]
2025-11-11 15:59:32,894 [INFO] [开始读取数据库表：jingpin_data]
2025-11-11 15:59:33,149 [INFO] [成功读取表 jingpin_data，数据行数：4306]
2025-11-11 15:59:33,223 [INFO] [开始读取数据库表：inventory_data]
2025-11-11 15:59:33,755 [INFO] [成功读取表 inventory_data，数据行数：5648]
2025-11-11 15:59:33,755 [INFO] [开始读取数据库表：tuiding_data]
2025-11-11 15:59:33,957 [INFO] [成功读取表 tuiding_data，数据行数：4018]
2025-11-11 15:59:33,957 [INFO] [开始读取数据库表：debit_data]
2025-11-11 15:59:35,939 [INFO] [成功读取表 debit_data，数据行数：24309]
2025-11-11 15:59:36,320 [INFO] [开始读取数据库表：sales_invoice_data]
2025-11-11 15:59:37,570 [INFO] [成功读取表 sales_invoice_data，数据行数：17811]
2025-11-11 16:30:26,966 [INFO] [数据库引擎创建成功]
2025-11-11 16:30:26,966 [INFO] [开始读取数据库表：order_data]
2025-11-11 16:30:27,461 [INFO] [成功读取表 order_data，数据行数：23092]
2025-11-11 16:30:27,598 [INFO] [开始读取数据库表：sales_data]
2025-11-11 16:30:32,704 [INFO] [成功读取表 sales_data，数据行数：24763]
2025-11-11 16:30:34,729 [INFO] [开始读取数据库表：jingpin_data]
2025-11-11 16:30:35,018 [INFO] [成功读取表 jingpin_data，数据行数：4308]
2025-11-11 16:30:35,104 [INFO] [开始读取数据库表：inventory_data]
2025-11-11 16:30:35,633 [INFO] [成功读取表 inventory_data，数据行数：5642]
2025-11-11 16:30:35,633 [INFO] [开始读取数据库表：tuiding_data]
2025-11-11 16:30:35,853 [INFO] [成功读取表 tuiding_data，数据行数：4018]
2025-11-11 16:30:35,853 [INFO] [开始读取数据库表：debit_data]
2025-11-11 16:30:37,881 [INFO] [成功读取表 debit_data，数据行数：24309]
2025-11-11 16:30:38,277 [INFO] [开始读取数据库表：sales_invoice_data]
2025-11-11 16:30:39,507 [INFO] [成功读取表 sales_invoice_data，数据行数：17818]
2025-11-11 16:59:42,940 [INFO] [数据库引擎创建成功]
2025-11-11 16:59:42,940 [INFO] [开始读取数据库表：order_data]
2025-11-11 16:59:43,475 [INFO] [成功读取表 order_data，数据行数：23099]
2025-11-11 16:59:43,629 [INFO] [开始读取数据库表：sales_data]
2025-11-11 16:59:47,937 [INFO] [成功读取表 sales_data，数据行数：24778]
2025-11-11 16:59:52,559 [INFO] [开始读取数据库表：jingpin_data]
2025-11-11 16:59:52,782 [INFO] [成功读取表 jingpin_data，数据行数：4310]
2025-11-11 16:59:52,852 [INFO] [开始读取数据库表：inventory_data]
2025-11-11 16:59:53,305 [INFO] [成功读取表 inventory_data，数据行数：5634]
2025-11-11 16:59:53,305 [INFO] [开始读取数据库表：tuiding_data]
2025-11-11 16:59:53,477 [INFO] [成功读取表 tuiding_data，数据行数：4021]
2025-11-11 16:59:53,477 [INFO] [开始读取数据库表：debit_data]
2025-11-11 16:59:55,208 [INFO] [成功读取表 debit_data，数据行数：24309]
2025-11-11 16:59:55,597 [INFO] [开始读取数据库表：sales_invoice_data]
2025-11-11 16:59:56,792 [INFO] [成功读取表 sales_invoice_data，数据行数：17826]
2025-11-11 17:31:22,234 [INFO] [数据库引擎创建成功]
2025-11-11 17:31:22,234 [INFO] [开始读取数据库表：order_data]
2025-11-11 17:31:22,718 [INFO] [成功读取表 order_data，数据行数：23105]
2025-11-11 17:31:22,864 [INFO] [开始读取数据库表：sales_data]
2025-11-11 17:31:26,666 [INFO] [成功读取表 sales_data，数据行数：24786]
2025-11-11 17:31:28,657 [INFO] [开始读取数据库表：jingpin_data]
2025-11-11 17:31:28,926 [INFO] [成功读取表 jingpin_data，数据行数：4310]
2025-11-11 17:31:29,022 [INFO] [开始读取数据库表：inventory_data]
2025-11-11 17:31:29,551 [INFO] [成功读取表 inventory_data，数据行数：5626]
2025-11-11 17:31:29,551 [INFO] [开始读取数据库表：tuiding_data]
2025-11-11 17:31:29,752 [INFO] [成功读取表 tuiding_data，数据行数：4026]
2025-11-11 17:31:29,752 [INFO] [开始读取数据库表：debit_data]
2025-11-11 17:31:31,623 [INFO] [成功读取表 debit_data，数据行数：24309]
2025-11-11 17:31:31,945 [INFO] [开始读取数据库表：sales_invoice_data]
2025-11-11 17:31:32,843 [INFO] [成功读取表 sales_invoice_data，数据行数：17834]
2025-11-11 17:59:33,883 [INFO] [数据库引擎创建成功]
2025-11-11 17:59:33,883 [INFO] [开始读取数据库表：order_data]
2025-11-11 17:59:34,287 [INFO] [成功读取表 order_data，数据行数：23115]
2025-11-11 17:59:34,398 [INFO] [开始读取数据库表：sales_data]
2025-11-11 17:59:37,587 [INFO] [成功读取表 sales_data，数据行数：24800]
2025-11-11 17:59:39,187 [INFO] [开始读取数据库表：jingpin_data]
2025-11-11 17:59:39,391 [INFO] [成功读取表 jingpin_data，数据行数：4310]
2025-11-11 17:59:39,449 [INFO] [开始读取数据库表：inventory_data]
2025-11-11 17:59:39,848 [INFO] [成功读取表 inventory_data，数据行数：5619]
2025-11-11 17:59:39,848 [INFO] [开始读取数据库表：tuiding_data]
2025-11-11 17:59:40,004 [INFO] [成功读取表 tuiding_data，数据行数：4027]
2025-11-11 17:59:40,004 [INFO] [开始读取数据库表：debit_data]
2025-11-11 17:59:41,952 [INFO] [成功读取表 debit_data，数据行数：24309]
2025-11-11 17:59:42,330 [INFO] [开始读取数据库表：sales_invoice_data]
2025-11-11 17:59:43,576 [INFO] [成功读取表 sales_invoice_data，数据行数：17840]
2025-11-11 18:29:25,536 [INFO] [数据库引擎创建成功]
2025-11-11 18:29:25,537 [INFO] [开始读取数据库表：order_data]
2025-11-11 18:29:26,008 [INFO] [成功读取表 order_data，数据行数：23119]
2025-11-11 18:29:26,130 [INFO] [开始读取数据库表：sales_data]
2025-11-11 18:29:29,613 [INFO] [成功读取表 sales_data，数据行数：24803]
2025-11-11 18:29:31,557 [INFO] [开始读取数据库表：jingpin_data]
2025-11-11 18:29:31,828 [INFO] [成功读取表 jingpin_data，数据行数：4311]
2025-11-11 18:29:31,906 [INFO] [开始读取数据库表：inventory_data]
2025-11-11 18:29:32,452 [INFO] [成功读取表 inventory_data，数据行数：5616]
2025-11-11 18:29:32,453 [INFO] [开始读取数据库表：tuiding_data]
2025-11-11 18:29:32,672 [INFO] [成功读取表 tuiding_data，数据行数：4027]
2025-11-11 18:29:32,673 [INFO] [开始读取数据库表：debit_data]
2025-11-11 18:29:34,708 [INFO] [成功读取表 debit_data，数据行数：24309]
2025-11-11 18:29:35,099 [INFO] [开始读取数据库表：sales_invoice_data]
2025-11-11 18:29:36,374 [INFO] [成功读取表 sales_invoice_data，数据行数：17844]
2025-11-11 18:59:15,747 [INFO] [数据库引擎创建成功]
2025-11-11 18:59:15,747 [INFO] [开始读取数据库表：order_data]
2025-11-11 18:59:16,148 [INFO] [成功读取表 order_data，数据行数：23121]
2025-11-11 18:59:16,257 [INFO] [开始读取数据库表：sales_data]
2025-11-11 18:59:18,665 [INFO] [成功读取表 sales_data，数据行数：24803]
2025-11-11 18:59:20,682 [INFO] [开始读取数据库表：jingpin_data]
2025-11-11 18:59:20,951 [INFO] [成功读取表 jingpin_data，数据行数：4311]
2025-11-11 18:59:21,026 [INFO] [开始读取数据库表：inventory_data]
2025-11-11 18:59:21,577 [INFO] [成功读取表 inventory_data，数据行数：5616]
2025-11-11 18:59:21,577 [INFO] [开始读取数据库表：tuiding_data]
2025-11-11 18:59:21,791 [INFO] [成功读取表 tuiding_data，数据行数：4028]
2025-11-11 18:59:21,792 [INFO] [开始读取数据库表：debit_data]
2025-11-11 18:59:23,758 [INFO] [成功读取表 debit_data，数据行数：24309]
2025-11-11 18:59:24,879 [INFO] [开始读取数据库表：sales_invoice_data]
2025-11-11 18:59:25,799 [INFO] [成功读取表 sales_invoice_data，数据行数：17844]
2025-11-11 19:28:55,999 [INFO] [数据库引擎创建成功]
2025-11-11 19:28:55,999 [INFO] [开始读取数据库表：order_data]
2025-11-11 19:28:56,491 [INFO] [成功读取表 order_data，数据行数：23128]
2025-11-11 19:28:56,627 [INFO] [开始读取数据库表：sales_data]
2025-11-11 19:29:01,255 [INFO] [成功读取表 sales_data，数据行数：24803]
2025-11-11 19:29:03,249 [INFO] [开始读取数据库表：jingpin_data]
2025-11-11 19:29:03,509 [INFO] [成功读取表 jingpin_data，数据行数：4311]
2025-11-11 19:29:03,585 [INFO] [开始读取数据库表：inventory_data]
2025-11-11 19:29:04,122 [INFO] [成功读取表 inventory_data，数据行数：5617]
2025-11-11 19:29:04,122 [INFO] [开始读取数据库表：tuiding_data]
2025-11-11 19:29:04,342 [INFO] [成功读取表 tuiding_data，数据行数：4028]
2025-11-11 19:29:04,343 [INFO] [开始读取数据库表：debit_data]
2025-11-11 19:29:06,386 [INFO] [成功读取表 debit_data，数据行数：24309]
2025-11-11 19:29:06,766 [INFO] [开始读取数据库表：sales_invoice_data]
2025-11-11 19:29:08,010 [INFO] [成功读取表 sales_invoice_data，数据行数：17844]
2025-11-11 19:59:05,980 [INFO] [数据库引擎创建成功]
2025-11-11 19:59:05,980 [INFO] [开始读取数据库表：order_data]
2025-11-11 19:59:06,391 [INFO] [成功读取表 order_data，数据行数：23131]
2025-11-11 19:59:06,498 [INFO] [开始读取数据库表：sales_data]
2025-11-11 19:59:09,060 [INFO] [成功读取表 sales_data，数据行数：24801]
2025-11-11 19:59:11,081 [INFO] [开始读取数据库表：jingpin_data]
2025-11-11 19:59:12,047 [INFO] [成功读取表 jingpin_data，数据行数：4311]
2025-11-11 19:59:12,108 [INFO] [开始读取数据库表：inventory_data]
2025-11-11 19:59:12,470 [INFO] [成功读取表 inventory_data，数据行数：5617]
2025-11-11 19:59:12,470 [INFO] [开始读取数据库表：tuiding_data]
2025-11-11 19:59:12,654 [INFO] [成功读取表 tuiding_data，数据行数：4028]
2025-11-11 19:59:12,654 [INFO] [开始读取数据库表：debit_data]
2025-11-11 19:59:14,390 [INFO] [成功读取表 debit_data，数据行数：24309]
2025-11-11 19:59:14,718 [INFO] [开始读取数据库表：sales_invoice_data]
2025-11-11 19:59:15,986 [INFO] [成功读取表 sales_invoice_data，数据行数：17844]
2025-11-11 20:29:06,079 [INFO] [数据库引擎创建成功]
2025-11-11 20:29:06,079 [INFO] [开始读取数据库表：order_data]
2025-11-11 20:29:06,487 [INFO] [成功读取表 order_data，数据行数：23134]
2025-11-11 20:29:06,596 [INFO] [开始读取数据库表：sales_data]
2025-11-11 20:29:08,878 [INFO] [成功读取表 sales_data，数据行数：24801]
2025-11-11 20:29:10,910 [INFO] [开始读取数据库表：jingpin_data]
2025-11-11 20:29:11,181 [INFO] [成功读取表 jingpin_data，数据行数：4311]
2025-11-11 20:29:11,254 [INFO] [开始读取数据库表：inventory_data]
2025-11-11 20:29:11,805 [INFO] [成功读取表 inventory_data，数据行数：5617]
2025-11-11 20:29:11,806 [INFO] [开始读取数据库表：tuiding_data]
2025-11-11 20:29:12,031 [INFO] [成功读取表 tuiding_data，数据行数：4028]
2025-11-11 20:29:12,031 [INFO] [开始读取数据库表：debit_data]
2025-11-11 20:29:14,605 [INFO] [成功读取表 debit_data，数据行数：24309]
2025-11-11 20:29:14,943 [INFO] [开始读取数据库表：sales_invoice_data]
2025-11-11 20:29:16,036 [INFO] [成功读取表 sales_invoice_data，数据行数：17844]
2025-11-11 20:58:49,311 [INFO] [数据库引擎创建成功]
2025-11-11 20:58:49,311 [INFO] [开始读取数据库表：order_data]
2025-11-11 20:58:49,748 [INFO] [成功读取表 order_data，数据行数：23135]
2025-11-11 20:58:49,870 [INFO] [开始读取数据库表：sales_data]
2025-11-11 20:58:53,274 [INFO] [成功读取表 sales_data，数据行数：24801]
2025-11-11 20:58:55,252 [INFO] [开始读取数据库表：jingpin_data]
2025-11-11 20:58:55,527 [INFO] [成功读取表 jingpin_data，数据行数：4311]
2025-11-11 20:58:55,604 [INFO] [开始读取数据库表：inventory_data]
2025-11-11 20:58:56,166 [INFO] [成功读取表 inventory_data，数据行数：5617]
2025-11-11 20:58:56,166 [INFO] [开始读取数据库表：tuiding_data]
2025-11-11 20:58:56,381 [INFO] [成功读取表 tuiding_data，数据行数：4028]
2025-11-11 20:58:56,381 [INFO] [开始读取数据库表：debit_data]
2025-11-11 20:58:58,364 [INFO] [成功读取表 debit_data，数据行数：24309]
2025-11-11 20:58:59,629 [INFO] [开始读取数据库表：sales_invoice_data]
2025-11-11 20:59:00,602 [INFO] [成功读取表 sales_invoice_data，数据行数：17844]
2025-11-11 21:29:04,060 [INFO] [数据库引擎创建成功]
2025-11-11 21:29:04,060 [INFO] [开始读取数据库表：order_data]
2025-11-11 21:29:04,469 [INFO] [成功读取表 order_data，数据行数：23136]
2025-11-11 21:29:04,581 [INFO] [开始读取数据库表：sales_data]
2025-11-11 21:29:07,613 [INFO] [成功读取表 sales_data，数据行数：24801]
2025-11-11 21:29:09,634 [INFO] [开始读取数据库表：jingpin_data]
2025-11-11 21:29:09,893 [INFO] [成功读取表 jingpin_data，数据行数：4311]
2025-11-11 21:29:09,972 [INFO] [开始读取数据库表：inventory_data]
2025-11-11 21:29:10,531 [INFO] [成功读取表 inventory_data，数据行数：5656]
2025-11-11 21:29:10,532 [INFO] [开始读取数据库表：tuiding_data]
2025-11-11 21:29:10,750 [INFO] [成功读取表 tuiding_data，数据行数：4028]
2025-11-11 21:29:10,750 [INFO] [开始读取数据库表：debit_data]
2025-11-11 21:29:12,798 [INFO] [成功读取表 debit_data，数据行数：24348]
2025-11-11 21:29:13,189 [INFO] [开始读取数据库表：sales_invoice_data]
2025-11-11 21:29:14,471 [INFO] [成功读取表 sales_invoice_data，数据行数：17844]
2025-11-11 21:58:52,164 [INFO] [数据库引擎创建成功]
2025-11-11 21:58:52,164 [INFO] [开始读取数据库表：order_data]
2025-11-11 21:58:52,576 [INFO] [成功读取表 order_data，数据行数：23138]
2025-11-11 21:58:52,691 [INFO] [开始读取数据库表：sales_data]
2025-11-11 21:58:55,462 [INFO] [成功读取表 sales_data，数据行数：24801]
2025-11-11 21:58:57,453 [INFO] [开始读取数据库表：jingpin_data]
2025-11-11 21:58:57,712 [INFO] [成功读取表 jingpin_data，数据行数：4311]
2025-11-11 21:58:57,785 [INFO] [开始读取数据库表：inventory_data]
2025-11-11 21:58:58,337 [INFO] [成功读取表 inventory_data，数据行数：5658]
2025-11-11 21:58:58,338 [INFO] [开始读取数据库表：tuiding_data]
2025-11-11 21:58:58,545 [INFO] [成功读取表 tuiding_data，数据行数：4028]
2025-11-11 21:58:58,545 [INFO] [开始读取数据库表：debit_data]
2025-11-11 21:59:00,528 [INFO] [成功读取表 debit_data，数据行数：24393]
2025-11-11 21:59:01,596 [INFO] [开始读取数据库表：sales_invoice_data]
2025-11-11 21:59:02,606 [INFO] [成功读取表 sales_invoice_data，数据行数：17844]
2025-11-11 22:29:13,723 [INFO] [数据库引擎创建成功]
2025-11-11 22:29:13,723 [INFO] [开始读取数据库表：order_data]
2025-11-11 22:29:14,133 [INFO] [成功读取表 order_data，数据行数：23140]
2025-11-11 22:29:14,249 [INFO] [开始读取数据库表：sales_data]
2025-11-11 22:29:17,949 [INFO] [成功读取表 sales_data，数据行数：24801]
2025-11-11 22:29:19,578 [INFO] [开始读取数据库表：jingpin_data]
2025-11-11 22:29:19,791 [INFO] [成功读取表 jingpin_data，数据行数：4311]
2025-11-11 22:29:19,847 [INFO] [开始读取数据库表：inventory_data]
2025-11-11 22:29:20,250 [INFO] [成功读取表 inventory_data，数据行数：5658]
2025-11-11 22:29:20,251 [INFO] [开始读取数据库表：tuiding_data]
2025-11-11 22:29:20,443 [INFO] [成功读取表 tuiding_data，数据行数：4028]
2025-11-11 22:29:20,444 [INFO] [开始读取数据库表：debit_data]
2025-11-11 22:29:22,343 [INFO] [成功读取表 debit_data，数据行数：24393]
2025-11-11 22:29:22,726 [INFO] [开始读取数据库表：sales_invoice_data]
2025-11-11 22:29:23,929 [INFO] [成功读取表 sales_invoice_data，数据行数：17844]
2025-11-11 22:59:15,630 [INFO] [数据库引擎创建成功]
2025-11-11 22:59:15,630 [INFO] [开始读取数据库表：order_data]
2025-11-11 22:59:16,042 [INFO] [成功读取表 order_data，数据行数：23137]
2025-11-11 22:59:16,164 [INFO] [开始读取数据库表：sales_data]
2025-11-11 22:59:19,515 [INFO] [成功读取表 sales_data，数据行数：24801]
2025-11-11 22:59:21,167 [INFO] [开始读取数据库表：jingpin_data]
2025-11-11 22:59:21,370 [INFO] [成功读取表 jingpin_data，数据行数：4311]
2025-11-11 22:59:21,432 [INFO] [开始读取数据库表：inventory_data]
2025-11-11 22:59:21,863 [INFO] [成功读取表 inventory_data，数据行数：5658]
2025-11-11 22:59:21,863 [INFO] [开始读取数据库表：tuiding_data]
2025-11-11 22:59:22,065 [INFO] [成功读取表 tuiding_data，数据行数：4031]
2025-11-11 22:59:22,065 [INFO] [开始读取数据库表：debit_data]
2025-11-11 22:59:24,110 [INFO] [成功读取表 debit_data，数据行数：24393]
2025-11-11 22:59:24,506 [INFO] [开始读取数据库表：sales_invoice_data]
2025-11-11 22:59:25,780 [INFO] [成功读取表 sales_invoice_data，数据行数：17844]
2025-11-11 23:28:53,493 [INFO] [数据库引擎创建成功]
2025-11-11 23:28:53,493 [INFO] [开始读取数据库表：order_data]
2025-11-11 23:28:53,917 [INFO] [成功读取表 order_data，数据行数：23137]
2025-11-11 23:28:54,027 [INFO] [开始读取数据库表：sales_data]
2025-11-11 23:28:56,897 [INFO] [成功读取表 sales_data，数据行数：24801]
2025-11-11 23:28:58,911 [INFO] [开始读取数据库表：jingpin_data]
2025-11-11 23:28:59,164 [INFO] [成功读取表 jingpin_data，数据行数：4311]
2025-11-11 23:28:59,237 [INFO] [开始读取数据库表：inventory_data]
2025-11-11 23:28:59,783 [INFO] [成功读取表 inventory_data，数据行数：5658]
2025-11-11 23:28:59,783 [INFO] [开始读取数据库表：tuiding_data]
2025-11-11 23:28:59,996 [INFO] [成功读取表 tuiding_data，数据行数：4031]
2025-11-11 23:28:59,996 [INFO] [开始读取数据库表：debit_data]
2025-11-11 23:29:02,037 [INFO] [成功读取表 debit_data，数据行数：24393]
2025-11-11 23:29:02,419 [INFO] [开始读取数据库表：sales_invoice_data]
2025-11-11 23:29:03,677 [INFO] [成功读取表 sales_invoice_data，数据行数：17844]
2025-11-11 23:58:55,153 [INFO] [数据库引擎创建成功]
2025-11-11 23:58:55,154 [INFO] [开始读取数据库表：order_data]
2025-11-11 23:58:56,109 [INFO] [成功读取表 order_data，数据行数：23137]
2025-11-11 23:58:56,444 [INFO] [开始读取数据库表：sales_data]
2025-11-11 23:59:02,374 [INFO] [成功读取表 sales_data，数据行数：24801]
2025-11-11 23:59:04,329 [INFO] [开始读取数据库表：jingpin_data]
2025-11-11 23:59:04,588 [INFO] [成功读取表 jingpin_data，数据行数：4311]
2025-11-11 23:59:04,662 [INFO] [开始读取数据库表：inventory_data]
2025-11-11 23:59:05,198 [INFO] [成功读取表 inventory_data，数据行数：5658]
2025-11-11 23:59:05,199 [INFO] [开始读取数据库表：tuiding_data]
2025-11-11 23:59:07,139 [INFO] [成功读取表 tuiding_data，数据行数：4031]
2025-11-11 23:59:07,140 [INFO] [开始读取数据库表：debit_data]
2025-11-11 23:59:09,327 [INFO] [成功读取表 debit_data，数据行数：24393]
2025-11-11 23:59:09,734 [INFO] [开始读取数据库表：sales_invoice_data]
2025-11-11 23:59:11,042 [INFO] [成功读取表 sales_invoice_data，数据行数：17844]
