2025-12-22 08:57:43,808 [INFO] [数据库引擎创建成功]
2025-12-22 08:57:43,808 [INFO] [开始读取数据库表：order_data]
2025-12-22 08:57:45,229 [INFO] [成功读取表 order_data，数据行数：23932]
2025-12-22 08:57:45,497 [INFO] [开始读取数据库表：sales_data]
2025-12-22 08:57:48,831 [INFO] [成功读取表 sales_data，数据行数：24003]
2025-12-22 08:57:50,543 [INFO] [开始读取数据库表：jingpin_data]
2025-12-22 08:57:50,708 [INFO] [成功读取表 jingpin_data，数据行数：5109]
2025-12-22 08:57:50,768 [INFO] [开始读取数据库表：inventory_data]
2025-12-22 08:57:51,064 [INFO] [成功读取表 inventory_data，数据行数：4278]
2025-12-22 08:57:51,064 [INFO] [开始读取数据库表：tuiding_data]
2025-12-22 08:57:51,369 [INFO] [成功读取表 tuiding_data，数据行数：4735]
2025-12-22 08:57:51,370 [INFO] [开始读取数据库表：debit_data]
2025-12-22 08:57:52,887 [INFO] [成功读取表 debit_data，数据行数：26627]
2025-12-22 08:57:53,269 [INFO] [开始读取数据库表：sales_invoice_data]
2025-12-22 08:57:54,438 [INFO] [成功读取表 sales_invoice_data，数据行数：21616]
2025-12-22 09:29:20,114 [INFO] [数据库引擎创建成功]
2025-12-22 09:29:20,114 [INFO] [开始读取数据库表：order_data]
2025-12-22 09:29:20,860 [INFO] [成功读取表 order_data，数据行数：23932]
2025-12-22 09:29:21,030 [INFO] [开始读取数据库表：sales_data]
2025-12-22 09:29:22,911 [INFO] [成功读取表 sales_data，数据行数：24003]
2025-12-22 09:29:23,957 [INFO] [开始读取数据库表：jingpin_data]
2025-12-22 09:29:24,035 [INFO] [成功读取表 jingpin_data，数据行数：5109]
2025-12-22 09:29:24,069 [INFO] [开始读取数据库表：inventory_data]
2025-12-22 09:29:24,226 [INFO] [成功读取表 inventory_data，数据行数：4278]
2025-12-22 09:29:24,226 [INFO] [开始读取数据库表：tuiding_data]
2025-12-22 09:29:24,353 [INFO] [成功读取表 tuiding_data，数据行数：4736]
2025-12-22 09:29:24,353 [INFO] [开始读取数据库表：debit_data]
2025-12-22 09:29:25,072 [INFO] [成功读取表 debit_data，数据行数：26627]
2025-12-22 09:29:25,250 [INFO] [开始读取数据库表：sales_invoice_data]
2025-12-22 09:29:25,851 [INFO] [成功读取表 sales_invoice_data，数据行数：21616]
2025-12-22 09:58:31,020 [INFO] [数据库引擎创建成功]
2025-12-22 09:58:31,021 [INFO] [开始读取数据库表：order_data]
2025-12-22 09:58:32,270 [INFO] [成功读取表 order_data，数据行数：23933]
2025-12-22 09:58:32,506 [INFO] [开始读取数据库表：sales_data]
2025-12-22 09:58:35,310 [INFO] [成功读取表 sales_data，数据行数：24005]
2025-12-22 09:58:36,634 [INFO] [开始读取数据库表：jingpin_data]
2025-12-22 09:58:36,756 [INFO] [成功读取表 jingpin_data，数据行数：5110]
2025-12-22 09:58:36,820 [INFO] [开始读取数据库表：inventory_data]
2025-12-22 09:58:37,085 [INFO] [成功读取表 inventory_data，数据行数：4277]
2025-12-22 09:58:37,086 [INFO] [开始读取数据库表：tuiding_data]
2025-12-22 09:58:37,273 [INFO] [成功读取表 tuiding_data，数据行数：4736]
2025-12-22 09:58:37,273 [INFO] [开始读取数据库表：debit_data]
2025-12-22 09:58:38,111 [INFO] [成功读取表 debit_data，数据行数：26627]
2025-12-22 09:58:38,367 [INFO] [开始读取数据库表：sales_invoice_data]
2025-12-22 09:58:39,190 [INFO] [成功读取表 sales_invoice_data，数据行数：21617]
2025-12-22 10:28:56,795 [INFO] [数据库引擎创建成功]
2025-12-22 10:28:56,796 [INFO] [开始读取数据库表：order_data]
2025-12-22 10:28:58,483 [INFO] [成功读取表 order_data，数据行数：23934]
2025-12-22 10:28:58,776 [INFO] [开始读取数据库表：sales_data]
2025-12-22 10:29:02,771 [INFO] [成功读取表 sales_data，数据行数：24004]
2025-12-22 10:29:04,792 [INFO] [开始读取数据库表：jingpin_data]
2025-12-22 10:29:04,990 [INFO] [成功读取表 jingpin_data，数据行数：5114]
2025-12-22 10:29:05,069 [INFO] [开始读取数据库表：inventory_data]
2025-12-22 10:29:05,461 [INFO] [成功读取表 inventory_data，数据行数：4277]
2025-12-22 10:29:05,462 [INFO] [开始读取数据库表：tuiding_data]
2025-12-22 10:29:05,782 [INFO] [成功读取表 tuiding_data，数据行数：4736]
2025-12-22 10:29:05,783 [INFO] [开始读取数据库表：debit_data]
2025-12-22 10:29:07,595 [INFO] [成功读取表 debit_data，数据行数：26627]
2025-12-22 10:29:08,018 [INFO] [开始读取数据库表：sales_invoice_data]
2025-12-22 10:29:09,380 [INFO] [成功读取表 sales_invoice_data，数据行数：21618]
2025-12-22 10:56:34,830 [INFO] [数据库引擎创建成功]
2025-12-22 10:56:34,832 [INFO] [开始读取数据库表：order_data]
2025-12-22 10:56:35,600 [INFO] [成功读取表 order_data，数据行数：23934]
2025-12-22 10:56:35,758 [INFO] [开始读取数据库表：sales_data]
2025-12-22 10:56:37,402 [INFO] [成功读取表 sales_data，数据行数：24004]
2025-12-22 10:56:38,352 [INFO] [开始读取数据库表：jingpin_data]
2025-12-22 10:56:38,430 [INFO] [成功读取表 jingpin_data，数据行数：5114]
2025-12-22 10:56:38,469 [INFO] [开始读取数据库表：inventory_data]
2025-12-22 10:56:38,608 [INFO] [成功读取表 inventory_data，数据行数：4277]
2025-12-22 10:56:38,608 [INFO] [开始读取数据库表：tuiding_data]
2025-12-22 10:56:38,719 [INFO] [成功读取表 tuiding_data，数据行数：4736]
2025-12-22 10:56:38,720 [INFO] [开始读取数据库表：debit_data]
2025-12-22 10:56:39,356 [INFO] [成功读取表 debit_data，数据行数：26627]
2025-12-22 10:56:39,529 [INFO] [开始读取数据库表：sales_invoice_data]
2025-12-22 10:56:40,020 [INFO] [成功读取表 sales_invoice_data，数据行数：21618]
2025-12-22 11:29:33,701 [INFO] [数据库引擎创建成功]
2025-12-22 11:29:33,702 [INFO] [开始读取数据库表：order_data]
2025-12-22 11:29:35,367 [INFO] [成功读取表 order_data，数据行数：23935]
2025-12-22 11:29:35,643 [INFO] [开始读取数据库表：sales_data]
2025-12-22 11:29:39,643 [INFO] [成功读取表 sales_data，数据行数：24018]
2025-12-22 11:29:41,765 [INFO] [开始读取数据库表：jingpin_data]
2025-12-22 11:29:41,982 [INFO] [成功读取表 jingpin_data，数据行数：5115]
2025-12-22 11:29:42,086 [INFO] [开始读取数据库表：inventory_data]
2025-12-22 11:29:42,503 [INFO] [成功读取表 inventory_data，数据行数：4263]
2025-12-22 11:29:42,503 [INFO] [开始读取数据库表：tuiding_data]
2025-12-22 11:29:42,775 [INFO] [成功读取表 tuiding_data，数据行数：4737]
2025-12-22 11:29:42,775 [INFO] [开始读取数据库表：debit_data]
2025-12-22 11:29:44,409 [INFO] [成功读取表 debit_data，数据行数：26627]
2025-12-22 11:29:44,789 [INFO] [开始读取数据库表：sales_invoice_data]
2025-12-22 11:29:45,937 [INFO] [成功读取表 sales_invoice_data，数据行数：21632]
2025-12-22 12:01:53,649 [INFO] [数据库引擎创建成功]
2025-12-22 12:01:53,659 [INFO] [开始读取数据库表：order_data]
2025-12-22 12:01:55,184 [INFO] [成功读取表 order_data，数据行数：23939]
2025-12-22 12:01:55,482 [INFO] [开始读取数据库表：sales_data]
2025-12-22 12:01:59,081 [INFO] [成功读取表 sales_data，数据行数：24029]
2025-12-22 12:02:01,068 [INFO] [开始读取数据库表：jingpin_data]
2025-12-22 12:02:01,250 [INFO] [成功读取表 jingpin_data，数据行数：5115]
2025-12-22 12:02:01,347 [INFO] [开始读取数据库表：inventory_data]
2025-12-22 12:02:01,703 [INFO] [成功读取表 inventory_data，数据行数：4252]
2025-12-22 12:02:01,703 [INFO] [开始读取数据库表：tuiding_data]
2025-12-22 12:02:01,965 [INFO] [成功读取表 tuiding_data，数据行数：4737]
2025-12-22 12:02:01,966 [INFO] [开始读取数据库表：debit_data]
2025-12-22 12:02:03,572 [INFO] [成功读取表 debit_data，数据行数：26627]
2025-12-22 12:02:03,962 [INFO] [开始读取数据库表：sales_invoice_data]
2025-12-22 12:02:05,261 [INFO] [成功读取表 sales_invoice_data，数据行数：21643]
2025-12-22 12:31:48,113 [INFO] [数据库引擎创建成功]
2025-12-22 12:31:48,113 [INFO] [开始读取数据库表：order_data]
2025-12-22 12:31:49,616 [INFO] [成功读取表 order_data，数据行数：23943]
2025-12-22 12:31:49,936 [INFO] [开始读取数据库表：sales_data]
2025-12-22 12:31:53,233 [INFO] [成功读取表 sales_data，数据行数：24033]
2025-12-22 12:31:55,076 [INFO] [开始读取数据库表：jingpin_data]
2025-12-22 12:31:55,253 [INFO] [成功读取表 jingpin_data，数据行数：5116]
2025-12-22 12:31:55,336 [INFO] [开始读取数据库表：inventory_data]
2025-12-22 12:31:55,700 [INFO] [成功读取表 inventory_data，数据行数：4248]
2025-12-22 12:31:55,700 [INFO] [开始读取数据库表：tuiding_data]
2025-12-22 12:31:55,962 [INFO] [成功读取表 tuiding_data，数据行数：4742]
2025-12-22 12:31:55,963 [INFO] [开始读取数据库表：debit_data]
2025-12-22 12:31:57,593 [INFO] [成功读取表 debit_data，数据行数：26627]
2025-12-22 12:31:57,928 [INFO] [开始读取数据库表：sales_invoice_data]
2025-12-22 12:31:59,065 [INFO] [成功读取表 sales_invoice_data，数据行数：21648]
2025-12-22 13:01:43,762 [INFO] [数据库引擎创建成功]
2025-12-22 13:01:43,764 [INFO] [开始读取数据库表：order_data]
2025-12-22 13:01:45,303 [INFO] [成功读取表 order_data，数据行数：23944]
2025-12-22 13:01:45,618 [INFO] [开始读取数据库表：sales_data]
2025-12-22 13:01:49,121 [INFO] [成功读取表 sales_data，数据行数：24036]
2025-12-22 13:01:51,085 [INFO] [开始读取数据库表：jingpin_data]
2025-12-22 13:01:51,300 [INFO] [成功读取表 jingpin_data，数据行数：5117]
2025-12-22 13:01:51,394 [INFO] [开始读取数据库表：inventory_data]
2025-12-22 13:01:51,778 [INFO] [成功读取表 inventory_data，数据行数：4244]
2025-12-22 13:01:51,778 [INFO] [开始读取数据库表：tuiding_data]
2025-12-22 13:01:52,077 [INFO] [成功读取表 tuiding_data，数据行数：4742]
2025-12-22 13:01:52,077 [INFO] [开始读取数据库表：debit_data]
2025-12-22 13:01:53,773 [INFO] [成功读取表 debit_data，数据行数：26627]
2025-12-22 13:01:54,191 [INFO] [开始读取数据库表：sales_invoice_data]
2025-12-22 13:01:55,455 [INFO] [成功读取表 sales_invoice_data，数据行数：21651]
2025-12-22 13:31:49,430 [INFO] [数据库引擎创建成功]
2025-12-22 13:31:49,430 [INFO] [开始读取数据库表：order_data]
2025-12-22 13:31:50,928 [INFO] [成功读取表 order_data，数据行数：23948]
2025-12-22 13:31:51,193 [INFO] [开始读取数据库表：sales_data]
2025-12-22 13:31:54,683 [INFO] [成功读取表 sales_data，数据行数：24046]
2025-12-22 13:31:56,645 [INFO] [开始读取数据库表：jingpin_data]
2025-12-22 13:31:56,810 [INFO] [成功读取表 jingpin_data，数据行数：5121]
2025-12-22 13:31:56,879 [INFO] [开始读取数据库表：inventory_data]
2025-12-22 13:31:57,244 [INFO] [成功读取表 inventory_data，数据行数：4235]
2025-12-22 13:31:57,244 [INFO] [开始读取数据库表：tuiding_data]
2025-12-22 13:31:57,494 [INFO] [成功读取表 tuiding_data，数据行数：4742]
2025-12-22 13:31:57,495 [INFO] [开始读取数据库表：debit_data]
2025-12-22 13:31:59,158 [INFO] [成功读取表 debit_data，数据行数：26627]
2025-12-22 13:31:59,483 [INFO] [开始读取数据库表：sales_invoice_data]
2025-12-22 13:32:00,806 [INFO] [成功读取表 sales_invoice_data，数据行数：21661]
2025-12-22 14:01:43,011 [INFO] [数据库引擎创建成功]
2025-12-22 14:01:43,013 [INFO] [开始读取数据库表：order_data]
2025-12-22 14:01:45,123 [INFO] [成功读取表 order_data，数据行数：25384]
2025-12-22 14:01:45,505 [INFO] [开始读取数据库表：sales_data]
2025-12-22 14:01:49,777 [INFO] [成功读取表 sales_data，数据行数：24054]
2025-12-22 14:01:51,748 [INFO] [开始读取数据库表：jingpin_data]
2025-12-22 14:01:51,919 [INFO] [成功读取表 jingpin_data，数据行数：5124]
2025-12-22 14:01:51,983 [INFO] [开始读取数据库表：inventory_data]
2025-12-22 14:01:52,362 [INFO] [成功读取表 inventory_data，数据行数：4227]
2025-12-22 14:01:52,362 [INFO] [开始读取数据库表：tuiding_data]
2025-12-22 14:01:52,560 [INFO] [成功读取表 tuiding_data，数据行数：4742]
2025-12-22 14:01:52,560 [INFO] [开始读取数据库表：debit_data]
2025-12-22 14:01:54,172 [INFO] [成功读取表 debit_data，数据行数：26627]
2025-12-22 14:01:54,503 [INFO] [开始读取数据库表：sales_invoice_data]
2025-12-22 14:01:55,953 [INFO] [成功读取表 sales_invoice_data，数据行数：21668]
2025-12-22 14:33:34,169 [INFO] [数据库引擎创建成功]
2025-12-22 14:33:34,171 [INFO] [开始读取数据库表：order_data]
2025-12-22 14:33:36,228 [INFO] [成功读取表 order_data，数据行数：25386]
2025-12-22 14:33:36,592 [INFO] [开始读取数据库表：sales_data]
2025-12-22 14:33:40,897 [INFO] [成功读取表 sales_data，数据行数：24059]
2025-12-22 14:33:42,955 [INFO] [开始读取数据库表：jingpin_data]
2025-12-22 14:33:43,162 [INFO] [成功读取表 jingpin_data，数据行数：5126]
2025-12-22 14:33:43,241 [INFO] [开始读取数据库表：inventory_data]
2025-12-22 14:33:43,722 [INFO] [成功读取表 inventory_data，数据行数：4222]
2025-12-22 14:33:43,722 [INFO] [开始读取数据库表：tuiding_data]
2025-12-22 14:33:43,955 [INFO] [成功读取表 tuiding_data，数据行数：4743]
2025-12-22 14:33:43,955 [INFO] [开始读取数据库表：debit_data]
2025-12-22 14:33:45,812 [INFO] [成功读取表 debit_data，数据行数：26627]
2025-12-22 14:33:46,224 [INFO] [开始读取数据库表：sales_invoice_data]
2025-12-22 14:33:47,658 [INFO] [成功读取表 sales_invoice_data，数据行数：21673]
2025-12-22 15:03:06,174 [INFO] [数据库引擎创建成功]
2025-12-22 15:03:06,175 [INFO] [开始读取数据库表：order_data]
2025-12-22 15:03:07,848 [INFO] [成功读取表 order_data，数据行数：25392]
2025-12-22 15:03:08,124 [INFO] [开始读取数据库表：sales_data]
2025-12-22 15:03:12,129 [INFO] [成功读取表 sales_data，数据行数：24065]
2025-12-22 15:03:14,132 [INFO] [开始读取数据库表：jingpin_data]
2025-12-22 15:03:14,325 [INFO] [成功读取表 jingpin_data，数据行数：5126]
2025-12-22 15:03:14,395 [INFO] [开始读取数据库表：inventory_data]
2025-12-22 15:03:14,828 [INFO] [成功读取表 inventory_data，数据行数：4216]
2025-12-22 15:03:14,828 [INFO] [开始读取数据库表：tuiding_data]
2025-12-22 15:03:15,058 [INFO] [成功读取表 tuiding_data，数据行数：4743]
2025-12-22 15:03:15,058 [INFO] [开始读取数据库表：debit_data]
2025-12-22 15:03:16,923 [INFO] [成功读取表 debit_data，数据行数：26663]
2025-12-22 15:03:17,311 [INFO] [开始读取数据库表：sales_invoice_data]
2025-12-22 15:03:18,649 [INFO] [成功读取表 sales_invoice_data，数据行数：21678]
2025-12-22 15:34:52,349 [INFO] [数据库引擎创建成功]
2025-12-22 15:34:52,350 [INFO] [开始读取数据库表：order_data]
2025-12-22 15:34:54,310 [INFO] [成功读取表 order_data，数据行数：25396]
2025-12-22 15:34:54,618 [INFO] [开始读取数据库表：sales_data]
2025-12-22 15:34:58,368 [INFO] [成功读取表 sales_data，数据行数：24069]
2025-12-22 15:35:00,339 [INFO] [开始读取数据库表：jingpin_data]
2025-12-22 15:35:00,520 [INFO] [成功读取表 jingpin_data，数据行数：5126]
2025-12-22 15:35:00,596 [INFO] [开始读取数据库表：inventory_data]
2025-12-22 15:35:00,989 [INFO] [成功读取表 inventory_data，数据行数：4212]
2025-12-22 15:35:00,990 [INFO] [开始读取数据库表：tuiding_data]
2025-12-22 15:35:01,222 [INFO] [成功读取表 tuiding_data，数据行数：4743]
2025-12-22 15:35:01,222 [INFO] [开始读取数据库表：debit_data]
2025-12-22 15:35:02,865 [INFO] [成功读取表 debit_data，数据行数：26663]
2025-12-22 15:35:03,220 [INFO] [开始读取数据库表：sales_invoice_data]
2025-12-22 15:35:04,492 [INFO] [成功读取表 sales_invoice_data，数据行数：21682]
2025-12-22 16:06:45,155 [INFO] [数据库引擎创建成功]
2025-12-22 16:06:45,156 [INFO] [开始读取数据库表：order_data]
2025-12-22 16:06:48,487 [INFO] [成功读取表 order_data，数据行数：25406]
2025-12-22 16:06:48,870 [INFO] [开始读取数据库表：sales_data]
2025-12-22 16:06:53,066 [INFO] [成功读取表 sales_data，数据行数：24076]
2025-12-22 16:06:55,080 [INFO] [开始读取数据库表：jingpin_data]
2025-12-22 16:06:55,311 [INFO] [成功读取表 jingpin_data，数据行数：5128]
2025-12-22 16:06:55,402 [INFO] [开始读取数据库表：inventory_data]
2025-12-22 16:06:55,989 [INFO] [成功读取表 inventory_data，数据行数：4212]
2025-12-22 16:06:55,989 [INFO] [开始读取数据库表：tuiding_data]
2025-12-22 16:06:56,333 [INFO] [成功读取表 tuiding_data，数据行数：4743]
2025-12-22 16:06:56,333 [INFO] [开始读取数据库表：debit_data]
2025-12-22 16:06:58,353 [INFO] [成功读取表 debit_data，数据行数：26663]
2025-12-22 16:06:58,751 [INFO] [开始读取数据库表：sales_invoice_data]
2025-12-22 16:07:00,137 [INFO] [成功读取表 sales_invoice_data，数据行数：21689]
2025-12-22 16:30:18,609 [INFO] [数据库引擎创建成功]
2025-12-22 16:30:18,609 [INFO] [开始读取数据库表：order_data]
2025-12-22 16:30:20,210 [INFO] [成功读取表 order_data，数据行数：25412]
2025-12-22 16:30:20,598 [INFO] [开始读取数据库表：sales_data]
2025-12-22 16:30:24,810 [INFO] [成功读取表 sales_data，数据行数：24088]
2025-12-22 16:30:26,826 [INFO] [开始读取数据库表：jingpin_data]
2025-12-22 16:30:27,024 [INFO] [成功读取表 jingpin_data，数据行数：5129]
2025-12-22 16:30:27,100 [INFO] [开始读取数据库表：inventory_data]
2025-12-22 16:30:27,531 [INFO] [成功读取表 inventory_data，数据行数：4192]
2025-12-22 16:30:27,531 [INFO] [开始读取数据库表：tuiding_data]
2025-12-22 16:30:27,790 [INFO] [成功读取表 tuiding_data，数据行数：4744]
2025-12-22 16:30:27,790 [INFO] [开始读取数据库表：debit_data]
2025-12-22 16:30:29,675 [INFO] [成功读取表 debit_data，数据行数：26663]
2025-12-22 16:30:29,990 [INFO] [开始读取数据库表：sales_invoice_data]
2025-12-22 16:30:31,460 [INFO] [成功读取表 sales_invoice_data，数据行数：21701]
2025-12-22 16:58:53,175 [INFO] [数据库引擎创建成功]
2025-12-22 16:58:53,176 [INFO] [开始读取数据库表：order_data]
2025-12-22 16:58:55,932 [INFO] [成功读取表 order_data，数据行数：25412]
2025-12-22 16:58:56,490 [INFO] [开始读取数据库表：sales_data]
2025-12-22 16:59:01,000 [INFO] [成功读取表 sales_data，数据行数：24088]
2025-12-22 16:59:02,857 [INFO] [开始读取数据库表：jingpin_data]
2025-12-22 16:59:03,009 [INFO] [成功读取表 jingpin_data，数据行数：5129]
2025-12-22 16:59:03,082 [INFO] [开始读取数据库表：inventory_data]
2025-12-22 16:59:03,460 [INFO] [成功读取表 inventory_data，数据行数：4192]
2025-12-22 16:59:03,460 [INFO] [开始读取数据库表：tuiding_data]
2025-12-22 16:59:03,702 [INFO] [成功读取表 tuiding_data，数据行数：4744]
2025-12-22 16:59:03,702 [INFO] [开始读取数据库表：debit_data]
2025-12-22 16:59:05,482 [INFO] [成功读取表 debit_data，数据行数：26663]
2025-12-22 16:59:05,823 [INFO] [开始读取数据库表：sales_invoice_data]
2025-12-22 16:59:07,147 [INFO] [成功读取表 sales_invoice_data，数据行数：21701]
2025-12-22 17:30:35,895 [INFO] [数据库引擎创建成功]
2025-12-22 17:30:35,896 [INFO] [开始读取数据库表：order_data]
2025-12-22 17:30:37,827 [INFO] [成功读取表 order_data，数据行数：25412]
2025-12-22 17:30:38,151 [INFO] [开始读取数据库表：sales_data]
2025-12-22 17:30:42,122 [INFO] [成功读取表 sales_data，数据行数：24088]
2025-12-22 17:30:44,042 [INFO] [开始读取数据库表：jingpin_data]
2025-12-22 17:30:44,228 [INFO] [成功读取表 jingpin_data，数据行数：5129]
2025-12-22 17:30:44,302 [INFO] [开始读取数据库表：inventory_data]
2025-12-22 17:30:44,731 [INFO] [成功读取表 inventory_data，数据行数：4192]
2025-12-22 17:30:44,731 [INFO] [开始读取数据库表：tuiding_data]
2025-12-22 17:30:44,979 [INFO] [成功读取表 tuiding_data，数据行数：4744]
2025-12-22 17:30:44,980 [INFO] [开始读取数据库表：debit_data]
2025-12-22 17:30:46,859 [INFO] [成功读取表 debit_data，数据行数：26663]
2025-12-22 17:30:47,271 [INFO] [开始读取数据库表：sales_invoice_data]
2025-12-22 17:30:48,685 [INFO] [成功读取表 sales_invoice_data，数据行数：21701]
2025-12-22 17:59:26,386 [INFO] [数据库引擎创建成功]
2025-12-22 17:59:26,386 [INFO] [开始读取数据库表：order_data]
2025-12-22 17:59:27,077 [INFO] [成功读取表 order_data，数据行数：25429]
2025-12-22 17:59:27,233 [INFO] [开始读取数据库表：sales_data]
2025-12-22 17:59:28,832 [INFO] [成功读取表 sales_data，数据行数：24133]
2025-12-22 17:59:29,717 [INFO] [开始读取数据库表：jingpin_data]
2025-12-22 17:59:29,777 [INFO] [成功读取表 jingpin_data，数据行数：5134]
2025-12-22 17:59:29,814 [INFO] [开始读取数据库表：inventory_data]
2025-12-22 17:59:29,968 [INFO] [成功读取表 inventory_data，数据行数：4164]
2025-12-22 17:59:29,968 [INFO] [开始读取数据库表：tuiding_data]
2025-12-22 17:59:30,050 [INFO] [成功读取表 tuiding_data，数据行数：4746]
2025-12-22 17:59:30,050 [INFO] [开始读取数据库表：debit_data]
2025-12-22 17:59:30,640 [INFO] [成功读取表 debit_data，数据行数：26663]
2025-12-22 17:59:30,814 [INFO] [开始读取数据库表：sales_invoice_data]
2025-12-22 17:59:31,271 [INFO] [成功读取表 sales_invoice_data，数据行数：21728]
2025-12-22 18:27:19,545 [INFO] [数据库引擎创建成功]
2025-12-22 18:27:19,545 [INFO] [开始读取数据库表：order_data]
2025-12-22 18:27:20,727 [INFO] [成功读取表 order_data，数据行数：25432]
2025-12-22 18:27:20,941 [INFO] [开始读取数据库表：sales_data]
2025-12-22 18:27:23,537 [INFO] [成功读取表 sales_data，数据行数：24141]
2025-12-22 18:27:24,586 [INFO] [开始读取数据库表：jingpin_data]
2025-12-22 18:27:24,671 [INFO] [成功读取表 jingpin_data，数据行数：5134]
2025-12-22 18:27:24,710 [INFO] [开始读取数据库表：inventory_data]
2025-12-22 18:27:24,930 [INFO] [成功读取表 inventory_data，数据行数：4160]
2025-12-22 18:27:24,930 [INFO] [开始读取数据库表：tuiding_data]
2025-12-22 18:27:25,019 [INFO] [成功读取表 tuiding_data，数据行数：4751]
2025-12-22 18:27:25,020 [INFO] [开始读取数据库表：debit_data]
2025-12-22 18:27:25,754 [INFO] [成功读取表 debit_data，数据行数：26663]
2025-12-22 18:27:25,918 [INFO] [开始读取数据库表：sales_invoice_data]
2025-12-22 18:27:26,593 [INFO] [成功读取表 sales_invoice_data，数据行数：21731]
2025-12-22 18:59:36,647 [INFO] [数据库引擎创建成功]
2025-12-22 18:59:36,647 [INFO] [开始读取数据库表：order_data]
2025-12-22 18:59:37,973 [INFO] [成功读取表 order_data，数据行数：25432]
2025-12-22 18:59:38,213 [INFO] [开始读取数据库表：sales_data]
2025-12-22 18:59:41,140 [INFO] [成功读取表 sales_data，数据行数：24149]
2025-12-22 18:59:42,590 [INFO] [开始读取数据库表：jingpin_data]
2025-12-22 18:59:42,732 [INFO] [成功读取表 jingpin_data，数据行数：5134]
2025-12-22 18:59:42,784 [INFO] [开始读取数据库表：inventory_data]
2025-12-22 18:59:43,108 [INFO] [成功读取表 inventory_data，数据行数：4152]
2025-12-22 18:59:43,108 [INFO] [开始读取数据库表：tuiding_data]
2025-12-22 18:59:43,311 [INFO] [成功读取表 tuiding_data，数据行数：4751]
2025-12-22 18:59:43,311 [INFO] [开始读取数据库表：debit_data]
2025-12-22 18:59:44,641 [INFO] [成功读取表 debit_data，数据行数：26663]
2025-12-22 18:59:44,948 [INFO] [开始读取数据库表：sales_invoice_data]
2025-12-22 18:59:45,987 [INFO] [成功读取表 sales_invoice_data，数据行数：21739]
2025-12-22 19:29:19,163 [INFO] [数据库引擎创建成功]
2025-12-22 19:29:19,164 [INFO] [开始读取数据库表：order_data]
2025-12-22 19:29:20,448 [INFO] [成功读取表 order_data，数据行数：25432]
2025-12-22 19:29:20,691 [INFO] [开始读取数据库表：sales_data]
2025-12-22 19:29:23,659 [INFO] [成功读取表 sales_data，数据行数：24149]
2025-12-22 19:29:25,067 [INFO] [开始读取数据库表：jingpin_data]
2025-12-22 19:29:25,208 [INFO] [成功读取表 jingpin_data，数据行数：5134]
2025-12-22 19:29:25,260 [INFO] [开始读取数据库表：inventory_data]
2025-12-22 19:29:25,580 [INFO] [成功读取表 inventory_data，数据行数：4152]
2025-12-22 19:29:25,580 [INFO] [开始读取数据库表：tuiding_data]
2025-12-22 19:29:25,771 [INFO] [成功读取表 tuiding_data，数据行数：4751]
2025-12-22 19:29:25,772 [INFO] [开始读取数据库表：debit_data]
2025-12-22 19:29:27,054 [INFO] [成功读取表 debit_data，数据行数：26663]
2025-12-22 19:29:27,334 [INFO] [开始读取数据库表：sales_invoice_data]
2025-12-22 19:29:28,357 [INFO] [成功读取表 sales_invoice_data，数据行数：21739]
2025-12-22 19:59:14,961 [INFO] [数据库引擎创建成功]
2025-12-22 19:59:14,961 [INFO] [开始读取数据库表：order_data]
2025-12-22 19:59:16,310 [INFO] [成功读取表 order_data，数据行数：25434]
2025-12-22 19:59:16,535 [INFO] [开始读取数据库表：sales_data]
2025-12-22 19:59:19,471 [INFO] [成功读取表 sales_data，数据行数：24150]
2025-12-22 19:59:20,988 [INFO] [开始读取数据库表：jingpin_data]
2025-12-22 19:59:21,135 [INFO] [成功读取表 jingpin_data，数据行数：5134]
2025-12-22 19:59:21,189 [INFO] [开始读取数据库表：inventory_data]
2025-12-22 19:59:21,501 [INFO] [成功读取表 inventory_data，数据行数：4152]
2025-12-22 19:59:21,501 [INFO] [开始读取数据库表：tuiding_data]
2025-12-22 19:59:21,691 [INFO] [成功读取表 tuiding_data，数据行数：4751]
2025-12-22 19:59:21,691 [INFO] [开始读取数据库表：debit_data]
2025-12-22 19:59:23,026 [INFO] [成功读取表 debit_data，数据行数：26663]
2025-12-22 19:59:23,303 [INFO] [开始读取数据库表：sales_invoice_data]
2025-12-22 19:59:24,307 [INFO] [成功读取表 sales_invoice_data，数据行数：21739]
2025-12-22 20:29:27,015 [INFO] [数据库引擎创建成功]
2025-12-22 20:29:27,015 [INFO] [开始读取数据库表：order_data]
2025-12-22 20:29:28,326 [INFO] [成功读取表 order_data，数据行数：25434]
2025-12-22 20:29:28,563 [INFO] [开始读取数据库表：sales_data]
2025-12-22 20:29:31,539 [INFO] [成功读取表 sales_data，数据行数：24150]
2025-12-22 20:29:33,018 [INFO] [开始读取数据库表：jingpin_data]
2025-12-22 20:29:33,165 [INFO] [成功读取表 jingpin_data，数据行数：5134]
2025-12-22 20:29:33,225 [INFO] [开始读取数据库表：inventory_data]
2025-12-22 20:29:33,543 [INFO] [成功读取表 inventory_data，数据行数：4152]
2025-12-22 20:29:33,544 [INFO] [开始读取数据库表：tuiding_data]
2025-12-22 20:29:33,743 [INFO] [成功读取表 tuiding_data，数据行数：4751]
2025-12-22 20:29:33,743 [INFO] [开始读取数据库表：debit_data]
2025-12-22 20:29:35,057 [INFO] [成功读取表 debit_data，数据行数：26663]
2025-12-22 20:29:35,325 [INFO] [开始读取数据库表：sales_invoice_data]
2025-12-22 20:29:36,323 [INFO] [成功读取表 sales_invoice_data，数据行数：21739]
2025-12-22 20:59:19,118 [INFO] [数据库引擎创建成功]
2025-12-22 20:59:19,118 [INFO] [开始读取数据库表：order_data]
2025-12-22 20:59:20,423 [INFO] [成功读取表 order_data，数据行数：25434]
2025-12-22 20:59:20,655 [INFO] [开始读取数据库表：sales_data]
2025-12-22 20:59:23,652 [INFO] [成功读取表 sales_data，数据行数：24148]
2025-12-22 20:59:25,022 [INFO] [开始读取数据库表：jingpin_data]
2025-12-22 20:59:25,142 [INFO] [成功读取表 jingpin_data，数据行数：5134]
2025-12-22 20:59:25,189 [INFO] [开始读取数据库表：inventory_data]
2025-12-22 20:59:25,470 [INFO] [成功读取表 inventory_data，数据行数：4152]
2025-12-22 20:59:25,470 [INFO] [开始读取数据库表：tuiding_data]
2025-12-22 20:59:25,624 [INFO] [成功读取表 tuiding_data，数据行数：4751]
2025-12-22 20:59:25,624 [INFO] [开始读取数据库表：debit_data]
2025-12-22 20:59:26,860 [INFO] [成功读取表 debit_data，数据行数：26663]
2025-12-22 20:59:27,104 [INFO] [开始读取数据库表：sales_invoice_data]
2025-12-22 20:59:28,068 [INFO] [成功读取表 sales_invoice_data，数据行数：21739]
2025-12-22 21:29:21,823 [INFO] [数据库引擎创建成功]
2025-12-22 21:29:21,823 [INFO] [开始读取数据库表：order_data]
2025-12-22 21:29:23,139 [INFO] [成功读取表 order_data，数据行数：25434]
2025-12-22 21:29:23,369 [INFO] [开始读取数据库表：sales_data]
2025-12-22 21:29:26,324 [INFO] [成功读取表 sales_data，数据行数：24148]
2025-12-22 21:29:27,763 [INFO] [开始读取数据库表：jingpin_data]
2025-12-22 21:29:27,895 [INFO] [成功读取表 jingpin_data，数据行数：5134]
2025-12-22 21:29:27,944 [INFO] [开始读取数据库表：inventory_data]
2025-12-22 21:29:28,220 [INFO] [成功读取表 inventory_data，数据行数：4152]
2025-12-22 21:29:28,221 [INFO] [开始读取数据库表：tuiding_data]
2025-12-22 21:29:28,394 [INFO] [成功读取表 tuiding_data，数据行数：4751]
2025-12-22 21:29:28,394 [INFO] [开始读取数据库表：debit_data]
2025-12-22 21:29:29,662 [INFO] [成功读取表 debit_data，数据行数：26663]
2025-12-22 21:29:29,936 [INFO] [开始读取数据库表：sales_invoice_data]
2025-12-22 21:29:30,959 [INFO] [成功读取表 sales_invoice_data，数据行数：21739]
2025-12-22 21:58:59,564 [INFO] [数据库引擎创建成功]
2025-12-22 21:58:59,564 [INFO] [开始读取数据库表：order_data]
2025-12-22 21:59:00,882 [INFO] [成功读取表 order_data，数据行数：25434]
2025-12-22 21:59:01,118 [INFO] [开始读取数据库表：sales_data]
2025-12-22 21:59:04,147 [INFO] [成功读取表 sales_data，数据行数：24148]
2025-12-22 21:59:05,563 [INFO] [开始读取数据库表：jingpin_data]
2025-12-22 21:59:05,702 [INFO] [成功读取表 jingpin_data，数据行数：5134]
2025-12-22 21:59:05,757 [INFO] [开始读取数据库表：inventory_data]
2025-12-22 21:59:06,092 [INFO] [成功读取表 inventory_data，数据行数：4152]
2025-12-22 21:59:06,092 [INFO] [开始读取数据库表：tuiding_data]
2025-12-22 21:59:06,277 [INFO] [成功读取表 tuiding_data，数据行数：4752]
2025-12-22 21:59:06,278 [INFO] [开始读取数据库表：debit_data]
2025-12-22 21:59:07,632 [INFO] [成功读取表 debit_data，数据行数：26663]
2025-12-22 21:59:07,941 [INFO] [开始读取数据库表：sales_invoice_data]
2025-12-22 21:59:08,966 [INFO] [成功读取表 sales_invoice_data，数据行数：21739]
