2025-11-24 08:07:35,042 [INFO] [数据库引擎创建成功]
2025-11-24 08:07:35,042 [INFO] [开始读取数据库表：order_data]
2025-11-24 08:07:36,337 [INFO] [成功读取表 order_data，数据行数：23958]
2025-11-24 08:07:36,615 [INFO] [开始读取数据库表：sales_data]
2025-11-24 08:07:41,644 [INFO] [成功读取表 sales_data，数据行数：25869]
2025-11-24 08:07:43,948 [INFO] [开始读取数据库表：jingpin_data]
2025-11-24 08:07:44,219 [INFO] [成功读取表 jingpin_data，数据行数：4579]
2025-11-24 08:07:44,312 [INFO] [开始读取数据库表：inventory_data]
2025-11-24 08:07:44,873 [INFO] [成功读取表 inventory_data，数据行数：6159]
2025-11-24 08:07:44,874 [INFO] [开始读取数据库表：tuiding_data]
2025-11-24 08:07:45,092 [INFO] [成功读取表 tuiding_data，数据行数：4255]
2025-11-24 08:07:45,093 [INFO] [开始读取数据库表：debit_data]
2025-11-24 08:07:47,018 [INFO] [成功读取表 debit_data，数据行数：25650]
2025-11-24 08:07:47,403 [INFO] [开始读取数据库表：sales_invoice_data]
2025-11-24 08:07:48,461 [INFO] [成功读取表 sales_invoice_data，数据行数：18694]
2025-11-24 08:29:21,175 [INFO] [数据库引擎创建成功]
2025-11-24 08:29:21,177 [INFO] [开始读取数据库表：order_data]
2025-11-24 08:29:22,446 [INFO] [成功读取表 order_data，数据行数：23958]
2025-11-24 08:29:22,719 [INFO] [开始读取数据库表：sales_data]
2025-11-24 08:29:27,732 [INFO] [成功读取表 sales_data，数据行数：25869]
2025-11-24 08:29:29,674 [INFO] [开始读取数据库表：jingpin_data]
2025-11-24 08:29:29,909 [INFO] [成功读取表 jingpin_data，数据行数：4579]
2025-11-24 08:29:29,978 [INFO] [开始读取数据库表：inventory_data]
2025-11-24 08:29:30,485 [INFO] [成功读取表 inventory_data，数据行数：6159]
2025-11-24 08:29:30,485 [INFO] [开始读取数据库表：tuiding_data]
2025-11-24 08:29:30,667 [INFO] [成功读取表 tuiding_data，数据行数：4255]
2025-11-24 08:29:30,667 [INFO] [开始读取数据库表：debit_data]
2025-11-24 08:29:32,437 [INFO] [成功读取表 debit_data，数据行数：25650]
2025-11-24 08:29:32,797 [INFO] [开始读取数据库表：sales_invoice_data]
2025-11-24 08:29:33,998 [INFO] [成功读取表 sales_invoice_data，数据行数：18694]
2025-11-24 09:00:05,823 [INFO] [数据库引擎创建成功]
2025-11-24 09:00:05,824 [INFO] [开始读取数据库表：order_data]
2025-11-24 09:00:07,230 [INFO] [成功读取表 order_data，数据行数：23958]
2025-11-24 09:00:07,531 [INFO] [开始读取数据库表：sales_data]
2025-11-24 09:00:13,375 [INFO] [成功读取表 sales_data，数据行数：25869]
2025-11-24 09:00:15,565 [INFO] [开始读取数据库表：jingpin_data]
2025-11-24 09:00:15,816 [INFO] [成功读取表 jingpin_data，数据行数：4579]
2025-11-24 09:00:15,898 [INFO] [开始读取数据库表：inventory_data]
2025-11-24 09:00:16,474 [INFO] [成功读取表 inventory_data，数据行数：6159]
2025-11-24 09:00:16,475 [INFO] [开始读取数据库表：tuiding_data]
2025-11-24 09:00:16,687 [INFO] [成功读取表 tuiding_data，数据行数：4255]
2025-11-24 09:00:16,687 [INFO] [开始读取数据库表：debit_data]
2025-11-24 09:00:18,603 [INFO] [成功读取表 debit_data，数据行数：25650]
2025-11-24 09:00:19,003 [INFO] [开始读取数据库表：sales_invoice_data]
2025-11-24 09:00:20,273 [INFO] [成功读取表 sales_invoice_data，数据行数：18694]
2025-11-24 09:31:45,280 [INFO] [数据库引擎创建成功]
2025-11-24 09:31:45,280 [INFO] [开始读取数据库表：order_data]
2025-11-24 09:31:46,240 [INFO] [成功读取表 order_data，数据行数：23959]
2025-11-24 09:31:46,466 [INFO] [开始读取数据库表：sales_data]
2025-11-24 09:31:50,174 [INFO] [成功读取表 sales_data，数据行数：25868]
2025-11-24 09:31:52,439 [INFO] [开始读取数据库表：jingpin_data]
2025-11-24 09:31:52,694 [INFO] [成功读取表 jingpin_data，数据行数：4579]
2025-11-24 09:31:52,763 [INFO] [开始读取数据库表：inventory_data]
2025-11-24 09:31:53,319 [INFO] [成功读取表 inventory_data，数据行数：6159]
2025-11-24 09:31:53,320 [INFO] [开始读取数据库表：tuiding_data]
2025-11-24 09:31:53,533 [INFO] [成功读取表 tuiding_data，数据行数：4255]
2025-11-24 09:31:53,534 [INFO] [开始读取数据库表：debit_data]
2025-11-24 09:31:55,602 [INFO] [成功读取表 debit_data，数据行数：25650]
2025-11-24 09:31:55,984 [INFO] [开始读取数据库表：sales_invoice_data]
2025-11-24 09:31:57,147 [INFO] [成功读取表 sales_invoice_data，数据行数：18694]
2025-11-24 10:01:42,367 [INFO] [数据库引擎创建成功]
2025-11-24 10:01:42,368 [INFO] [开始读取数据库表：order_data]
2025-11-24 10:01:43,717 [INFO] [成功读取表 order_data，数据行数：23964]
2025-11-24 10:01:44,041 [INFO] [开始读取数据库表：sales_data]
2025-11-24 10:01:49,980 [INFO] [成功读取表 sales_data，数据行数：25867]
2025-11-24 10:01:52,419 [INFO] [开始读取数据库表：jingpin_data]
2025-11-24 10:01:52,921 [INFO] [成功读取表 jingpin_data，数据行数：4579]
2025-11-24 10:01:53,079 [INFO] [开始读取数据库表：inventory_data]
2025-11-24 10:01:53,838 [INFO] [成功读取表 inventory_data，数据行数：6159]
2025-11-24 10:01:53,839 [INFO] [开始读取数据库表：tuiding_data]
2025-11-24 10:01:54,100 [INFO] [成功读取表 tuiding_data，数据行数：4255]
2025-11-24 10:01:54,100 [INFO] [开始读取数据库表：debit_data]
2025-11-24 10:01:56,427 [INFO] [成功读取表 debit_data，数据行数：25650]
2025-11-24 10:01:56,901 [INFO] [开始读取数据库表：sales_invoice_data]
2025-11-24 10:01:58,411 [INFO] [成功读取表 sales_invoice_data，数据行数：18694]
2025-11-24 10:31:58,163 [INFO] [数据库引擎创建成功]
2025-11-24 10:31:58,164 [INFO] [开始读取数据库表：order_data]
2025-11-24 10:31:59,251 [INFO] [成功读取表 order_data，数据行数：23960]
2025-11-24 10:31:59,493 [INFO] [开始读取数据库表：sales_data]
2025-11-24 10:32:04,587 [INFO] [成功读取表 sales_data，数据行数：25869]
2025-11-24 10:32:06,936 [INFO] [开始读取数据库表：jingpin_data]
2025-11-24 10:32:07,239 [INFO] [成功读取表 jingpin_data，数据行数：4580]
2025-11-24 10:32:07,320 [INFO] [开始读取数据库表：inventory_data]
2025-11-24 10:32:07,939 [INFO] [成功读取表 inventory_data，数据行数：6163]
2025-11-24 10:32:07,939 [INFO] [开始读取数据库表：tuiding_data]
2025-11-24 10:32:08,170 [INFO] [成功读取表 tuiding_data，数据行数：4260]
2025-11-24 10:32:08,171 [INFO] [开始读取数据库表：debit_data]
2025-11-24 10:32:10,273 [INFO] [成功读取表 debit_data，数据行数：25650]
2025-11-24 10:32:10,684 [INFO] [开始读取数据库表：sales_invoice_data]
2025-11-24 10:32:12,041 [INFO] [成功读取表 sales_invoice_data，数据行数：18694]
2025-11-24 11:59:10,087 [INFO] [数据库引擎创建成功]
2025-11-24 11:59:10,088 [INFO] [开始读取数据库表：order_data]
2025-11-24 11:59:10,723 [INFO] [成功读取表 order_data，数据行数：23966]
2025-11-24 11:59:10,884 [INFO] [开始读取数据库表：sales_data]
2025-11-24 11:59:13,435 [INFO] [成功读取表 sales_data，数据行数：25871]
2025-11-24 11:59:14,350 [INFO] [开始读取数据库表：jingpin_data]
2025-11-24 11:59:14,441 [INFO] [成功读取表 jingpin_data，数据行数：4588]
2025-11-24 11:59:14,474 [INFO] [开始读取数据库表：inventory_data]
2025-11-24 11:59:14,680 [INFO] [成功读取表 inventory_data，数据行数：6167]
2025-11-24 11:59:14,680 [INFO] [开始读取数据库表：tuiding_data]
2025-11-24 11:59:14,919 [INFO] [成功读取表 tuiding_data，数据行数：4261]
2025-11-24 11:59:14,919 [INFO] [开始读取数据库表：debit_data]
2025-11-24 11:59:17,644 [INFO] [成功读取表 debit_data，数据行数：25661]
2025-11-24 11:59:17,956 [INFO] [开始读取数据库表：sales_invoice_data]
2025-11-24 11:59:19,072 [INFO] [成功读取表 sales_invoice_data，数据行数：18696]
2025-11-24 12:30:11,016 [INFO] [数据库引擎创建成功]
2025-11-24 12:30:11,017 [INFO] [开始读取数据库表：order_data]
2025-11-24 12:30:11,835 [INFO] [成功读取表 order_data，数据行数：23967]
2025-11-24 12:30:12,056 [INFO] [开始读取数据库表：sales_data]
2025-11-24 12:30:15,600 [INFO] [成功读取表 sales_data，数据行数：25875]
2025-11-24 12:30:17,395 [INFO] [开始读取数据库表：jingpin_data]
2025-11-24 12:30:17,753 [INFO] [成功读取表 jingpin_data，数据行数：4588]
2025-11-24 12:30:17,867 [INFO] [开始读取数据库表：inventory_data]
2025-11-24 12:30:18,807 [INFO] [成功读取表 inventory_data，数据行数：4906]
2025-11-24 12:30:18,807 [INFO] [开始读取数据库表：tuiding_data]
2025-11-24 12:30:18,984 [INFO] [成功读取表 tuiding_data，数据行数：4261]
2025-11-24 12:30:18,984 [INFO] [开始读取数据库表：debit_data]
2025-11-24 12:30:20,782 [INFO] [成功读取表 debit_data，数据行数：25672]
2025-11-24 12:30:21,175 [INFO] [开始读取数据库表：sales_invoice_data]
2025-11-24 12:30:22,276 [INFO] [成功读取表 sales_invoice_data，数据行数：18701]
2025-11-24 13:00:52,388 [INFO] [数据库引擎创建成功]
2025-11-24 13:00:52,389 [INFO] [开始读取数据库表：order_data]
2025-11-24 13:00:53,382 [INFO] [成功读取表 order_data，数据行数：23970]
2025-11-24 13:00:53,611 [INFO] [开始读取数据库表：sales_data]
2025-11-24 13:00:56,631 [INFO] [成功读取表 sales_data，数据行数：25880]
2025-11-24 13:00:57,934 [INFO] [开始读取数据库表：jingpin_data]
2025-11-24 13:00:58,076 [INFO] [成功读取表 jingpin_data，数据行数：4589]
2025-11-24 13:00:58,127 [INFO] [开始读取数据库表：inventory_data]
2025-11-24 13:00:58,371 [INFO] [成功读取表 inventory_data，数据行数：6170]
2025-11-24 13:00:58,371 [INFO] [开始读取数据库表：tuiding_data]
2025-11-24 13:00:58,519 [INFO] [成功读取表 tuiding_data，数据行数：4261]
2025-11-24 13:00:58,520 [INFO] [开始读取数据库表：debit_data]
2025-11-24 13:01:00,910 [INFO] [成功读取表 debit_data，数据行数：25722]
2025-11-24 13:01:01,421 [INFO] [开始读取数据库表：sales_invoice_data]
2025-11-24 13:01:03,017 [INFO] [成功读取表 sales_invoice_data，数据行数：18705]
2025-11-24 13:31:38,306 [INFO] [数据库引擎创建成功]
2025-11-24 13:31:38,307 [INFO] [开始读取数据库表：order_data]
2025-11-24 13:31:39,236 [INFO] [成功读取表 order_data，数据行数：23978]
2025-11-24 13:31:39,452 [INFO] [开始读取数据库表：sales_data]
2025-11-24 13:31:45,142 [INFO] [成功读取表 sales_data，数据行数：25886]
2025-11-24 13:31:47,526 [INFO] [开始读取数据库表：jingpin_data]
2025-11-24 13:31:47,790 [INFO] [成功读取表 jingpin_data，数据行数：4591]
2025-11-24 13:31:47,884 [INFO] [开始读取数据库表：inventory_data]
2025-11-24 13:31:48,336 [INFO] [成功读取表 inventory_data，数据行数：6164]
2025-11-24 13:31:48,336 [INFO] [开始读取数据库表：tuiding_data]
2025-11-24 13:31:48,520 [INFO] [成功读取表 tuiding_data，数据行数：4261]
2025-11-24 13:31:48,520 [INFO] [开始读取数据库表：debit_data]
2025-11-24 13:31:50,148 [INFO] [成功读取表 debit_data，数据行数：25722]
2025-11-24 13:31:50,529 [INFO] [开始读取数据库表：sales_invoice_data]
2025-11-24 13:31:51,542 [INFO] [成功读取表 sales_invoice_data，数据行数：18711]
2025-11-24 13:59:55,627 [INFO] [数据库引擎创建成功]
2025-11-24 13:59:55,628 [INFO] [开始读取数据库表：order_data]
2025-11-24 13:59:56,789 [INFO] [成功读取表 order_data，数据行数：23978]
2025-11-24 13:59:57,056 [INFO] [开始读取数据库表：sales_data]
2025-11-24 14:00:03,021 [INFO] [成功读取表 sales_data，数据行数：25886]
2025-11-24 14:00:05,345 [INFO] [开始读取数据库表：jingpin_data]
2025-11-24 14:00:05,681 [INFO] [成功读取表 jingpin_data，数据行数：4591]
2025-11-24 14:00:05,778 [INFO] [开始读取数据库表：inventory_data]
2025-11-24 14:00:06,459 [INFO] [成功读取表 inventory_data，数据行数：6164]
2025-11-24 14:00:06,460 [INFO] [开始读取数据库表：tuiding_data]
2025-11-24 14:00:06,776 [INFO] [成功读取表 tuiding_data，数据行数：4261]
2025-11-24 14:00:06,776 [INFO] [开始读取数据库表：debit_data]
2025-11-24 14:00:10,089 [INFO] [成功读取表 debit_data，数据行数：25722]
2025-11-24 14:00:10,852 [INFO] [开始读取数据库表：sales_invoice_data]
2025-11-24 14:00:12,462 [INFO] [成功读取表 sales_invoice_data，数据行数：18711]
2025-11-24 14:03:06,304 [INFO] [数据库引擎创建成功]
2025-11-24 14:03:06,305 [INFO] [开始读取数据库表：order_data]
2025-11-24 14:03:07,307 [INFO] [成功读取表 order_data，数据行数：23978]
2025-11-24 14:03:07,558 [INFO] [开始读取数据库表：sales_data]
2025-11-24 14:03:11,197 [INFO] [成功读取表 sales_data，数据行数：25886]
2025-11-24 14:03:12,564 [INFO] [开始读取数据库表：jingpin_data]
2025-11-24 14:03:12,676 [INFO] [成功读取表 jingpin_data，数据行数：4591]
2025-11-24 14:03:12,715 [INFO] [开始读取数据库表：inventory_data]
2025-11-24 14:03:13,021 [INFO] [成功读取表 inventory_data，数据行数：6164]
2025-11-24 14:03:13,022 [INFO] [开始读取数据库表：tuiding_data]
2025-11-24 14:03:13,114 [INFO] [成功读取表 tuiding_data，数据行数：4261]
2025-11-24 14:03:13,115 [INFO] [开始读取数据库表：debit_data]
2025-11-24 14:03:14,144 [INFO] [成功读取表 debit_data，数据行数：25722]
2025-11-24 14:03:14,399 [INFO] [开始读取数据库表：sales_invoice_data]
2025-11-24 14:03:15,015 [INFO] [成功读取表 sales_invoice_data，数据行数：18711]
2025-11-24 14:09:24,281 [INFO] [数据库引擎创建成功]
2025-11-24 14:09:24,281 [INFO] [开始读取数据库表：order_data]
2025-11-24 14:09:25,137 [INFO] [成功读取表 order_data，数据行数：23978]
2025-11-24 14:09:25,354 [INFO] [开始读取数据库表：sales_data]
2025-11-24 14:09:29,084 [INFO] [成功读取表 sales_data，数据行数：25886]
2025-11-24 14:09:30,400 [INFO] [开始读取数据库表：jingpin_data]
2025-11-24 14:09:30,518 [INFO] [成功读取表 jingpin_data，数据行数：4591]
2025-11-24 14:09:30,565 [INFO] [开始读取数据库表：inventory_data]
2025-11-24 14:09:30,828 [INFO] [成功读取表 inventory_data，数据行数：6164]
2025-11-24 14:09:30,828 [INFO] [开始读取数据库表：tuiding_data]
2025-11-24 14:09:30,924 [INFO] [成功读取表 tuiding_data，数据行数：4261]
2025-11-24 14:09:30,924 [INFO] [开始读取数据库表：debit_data]
2025-11-24 14:09:31,939 [INFO] [成功读取表 debit_data，数据行数：25722]
2025-11-24 14:09:32,192 [INFO] [开始读取数据库表：sales_invoice_data]
2025-11-24 14:09:32,823 [INFO] [成功读取表 sales_invoice_data，数据行数：18711]
2025-11-24 14:11:41,618 [INFO] [数据库引擎创建成功]
2025-11-24 14:11:41,618 [INFO] [开始读取数据库表：order_data]
2025-11-24 14:11:42,744 [INFO] [成功读取表 order_data，数据行数：23978]
2025-11-24 14:11:43,002 [INFO] [开始读取数据库表：sales_data]
2025-11-24 14:11:46,947 [INFO] [成功读取表 sales_data，数据行数：25886]
2025-11-24 14:11:48,417 [INFO] [开始读取数据库表：jingpin_data]
2025-11-24 14:11:48,573 [INFO] [成功读取表 jingpin_data，数据行数：4591]
2025-11-24 14:11:48,617 [INFO] [开始读取数据库表：inventory_data]
2025-11-24 14:11:48,915 [INFO] [成功读取表 inventory_data，数据行数：6164]
2025-11-24 14:11:48,916 [INFO] [开始读取数据库表：tuiding_data]
2025-11-24 14:11:49,047 [INFO] [成功读取表 tuiding_data，数据行数：4261]
2025-11-24 14:11:49,048 [INFO] [开始读取数据库表：debit_data]
2025-11-24 14:11:50,284 [INFO] [成功读取表 debit_data，数据行数：25722]
2025-11-24 14:11:50,544 [INFO] [开始读取数据库表：sales_invoice_data]
2025-11-24 14:11:51,188 [INFO] [成功读取表 sales_invoice_data，数据行数：18711]
2025-11-24 14:12:15,411 [INFO] [数据库引擎创建成功]
2025-11-24 14:12:15,411 [INFO] [开始读取数据库表：order_data]
2025-11-24 14:12:16,519 [INFO] [成功读取表 order_data，数据行数：23978]
2025-11-24 14:12:16,767 [INFO] [开始读取数据库表：sales_data]
2025-11-24 14:12:20,690 [INFO] [成功读取表 sales_data，数据行数：25886]
2025-11-24 14:12:22,105 [INFO] [开始读取数据库表：jingpin_data]
2025-11-24 14:12:22,236 [INFO] [成功读取表 jingpin_data，数据行数：4591]
2025-11-24 14:12:22,277 [INFO] [开始读取数据库表：inventory_data]
2025-11-24 14:12:22,567 [INFO] [成功读取表 inventory_data，数据行数：6164]
2025-11-24 14:12:22,567 [INFO] [开始读取数据库表：tuiding_data]
2025-11-24 14:12:22,673 [INFO] [成功读取表 tuiding_data，数据行数：4261]
2025-11-24 14:12:22,673 [INFO] [开始读取数据库表：debit_data]
2025-11-24 14:12:23,768 [INFO] [成功读取表 debit_data，数据行数：25722]
2025-11-24 14:12:24,032 [INFO] [开始读取数据库表：sales_invoice_data]
2025-11-24 14:12:24,643 [INFO] [成功读取表 sales_invoice_data，数据行数：18711]
2025-11-24 14:14:15,628 [INFO] [数据库引擎创建成功]
2025-11-24 14:14:15,629 [INFO] [开始读取数据库表：order_data]
2025-11-24 14:14:16,727 [INFO] [成功读取表 order_data，数据行数：23981]
2025-11-24 14:14:16,948 [INFO] [开始读取数据库表：sales_data]
2025-11-24 14:14:21,091 [INFO] [成功读取表 sales_data，数据行数：25894]
2025-11-24 14:14:22,620 [INFO] [开始读取数据库表：jingpin_data]
2025-11-24 14:14:22,759 [INFO] [成功读取表 jingpin_data，数据行数：4592]
2025-11-24 14:14:22,806 [INFO] [开始读取数据库表：inventory_data]
2025-11-24 14:14:23,121 [INFO] [成功读取表 inventory_data，数据行数：6156]
2025-11-24 14:14:23,121 [INFO] [开始读取数据库表：tuiding_data]
2025-11-24 14:14:23,251 [INFO] [成功读取表 tuiding_data，数据行数：4261]
2025-11-24 14:14:23,252 [INFO] [开始读取数据库表：debit_data]
2025-11-24 14:14:24,471 [INFO] [成功读取表 debit_data，数据行数：25722]
2025-11-24 14:14:24,808 [INFO] [开始读取数据库表：sales_invoice_data]
2025-11-24 14:14:25,529 [INFO] [成功读取表 sales_invoice_data，数据行数：18719]
2025-11-24 14:29:42,767 [INFO] [数据库引擎创建成功]
2025-11-24 14:29:42,768 [INFO] [开始读取数据库表：order_data]
2025-11-24 14:29:44,271 [INFO] [成功读取表 order_data，数据行数：23979]
2025-11-24 14:29:44,566 [INFO] [开始读取数据库表：sales_data]
2025-11-24 14:29:52,315 [INFO] [成功读取表 sales_data，数据行数：25900]
2025-11-24 14:29:54,457 [INFO] [开始读取数据库表：jingpin_data]
2025-11-24 14:29:54,737 [INFO] [成功读取表 jingpin_data，数据行数：4592]
2025-11-24 14:29:54,806 [INFO] [开始读取数据库表：inventory_data]
2025-11-24 14:29:55,443 [INFO] [成功读取表 inventory_data，数据行数：6151]
2025-11-24 14:29:55,443 [INFO] [开始读取数据库表：tuiding_data]
2025-11-24 14:29:55,694 [INFO] [成功读取表 tuiding_data，数据行数：4267]
2025-11-24 14:29:55,694 [INFO] [开始读取数据库表：debit_data]
2025-11-24 14:29:58,314 [INFO] [成功读取表 debit_data，数据行数：25722]
2025-11-24 14:29:58,836 [INFO] [开始读取数据库表：sales_invoice_data]
2025-11-24 14:30:00,591 [INFO] [成功读取表 sales_invoice_data，数据行数：18724]
2025-11-24 14:47:53,089 [INFO] [数据库引擎创建成功]
2025-11-24 14:47:53,089 [INFO] [开始读取数据库表：order_data]
2025-11-24 14:47:54,040 [INFO] [成功读取表 order_data，数据行数：23979]
2025-11-24 14:47:54,269 [INFO] [开始读取数据库表：sales_data]
2025-11-24 14:47:57,885 [INFO] [成功读取表 sales_data，数据行数：25900]
2025-11-24 14:47:59,470 [INFO] [开始读取数据库表：jingpin_data]
2025-11-24 14:47:59,610 [INFO] [成功读取表 jingpin_data，数据行数：4592]
2025-11-24 14:47:59,656 [INFO] [开始读取数据库表：inventory_data]
2025-11-24 14:48:00,007 [INFO] [成功读取表 inventory_data，数据行数：6151]
2025-11-24 14:48:00,008 [INFO] [开始读取数据库表：tuiding_data]
2025-11-24 14:48:00,138 [INFO] [成功读取表 tuiding_data，数据行数：4267]
2025-11-24 14:48:00,138 [INFO] [开始读取数据库表：debit_data]
2025-11-24 14:48:01,373 [INFO] [成功读取表 debit_data，数据行数：25722]
2025-11-24 14:48:01,638 [INFO] [开始读取数据库表：sales_invoice_data]
2025-11-24 14:48:02,591 [INFO] [成功读取表 sales_invoice_data，数据行数：18724]
2025-11-24 15:00:51,111 [INFO] [数据库引擎创建成功]
2025-11-24 15:00:51,113 [INFO] [开始读取数据库表：order_data]
2025-11-24 15:00:52,557 [INFO] [成功读取表 order_data，数据行数：23980]
2025-11-24 15:00:52,872 [INFO] [开始读取数据库表：sales_data]
2025-11-24 15:01:01,924 [INFO] [成功读取表 sales_data，数据行数：25911]
2025-11-24 15:01:04,233 [INFO] [开始读取数据库表：jingpin_data]
2025-11-24 15:01:04,525 [INFO] [成功读取表 jingpin_data，数据行数：4592]
2025-11-24 15:01:04,607 [INFO] [开始读取数据库表：inventory_data]
2025-11-24 15:01:05,171 [INFO] [成功读取表 inventory_data，数据行数：6142]
2025-11-24 15:01:05,171 [INFO] [开始读取数据库表：tuiding_data]
2025-11-24 15:01:05,412 [INFO] [成功读取表 tuiding_data，数据行数：4268]
2025-11-24 15:01:05,412 [INFO] [开始读取数据库表：debit_data]
2025-11-24 15:01:07,525 [INFO] [成功读取表 debit_data，数据行数：25722]
2025-11-24 15:01:07,957 [INFO] [开始读取数据库表：sales_invoice_data]
2025-11-24 15:01:09,218 [INFO] [成功读取表 sales_invoice_data，数据行数：18733]
2025-11-24 15:32:08,607 [INFO] [数据库引擎创建成功]
2025-11-24 15:32:08,607 [INFO] [开始读取数据库表：order_data]
2025-11-24 15:32:09,767 [INFO] [成功读取表 order_data，数据行数：23983]
2025-11-24 15:32:10,066 [INFO] [开始读取数据库表：sales_data]
2025-11-24 15:32:21,841 [INFO] [成功读取表 sales_data，数据行数：25925]
2025-11-24 15:32:25,258 [INFO] [开始读取数据库表：jingpin_data]
2025-11-24 15:32:25,616 [INFO] [成功读取表 jingpin_data，数据行数：4592]
2025-11-24 15:32:25,717 [INFO] [开始读取数据库表：inventory_data]
2025-11-24 15:32:26,459 [INFO] [成功读取表 inventory_data，数据行数：6128]
2025-11-24 15:32:26,460 [INFO] [开始读取数据库表：tuiding_data]
2025-11-24 15:32:26,746 [INFO] [成功读取表 tuiding_data，数据行数：4268]
2025-11-24 15:32:26,746 [INFO] [开始读取数据库表：debit_data]
2025-11-24 15:32:29,806 [INFO] [成功读取表 debit_data，数据行数：25722]
2025-11-24 15:32:30,422 [INFO] [开始读取数据库表：sales_invoice_data]
2025-11-24 15:32:32,373 [INFO] [成功读取表 sales_invoice_data，数据行数：18746]
2025-11-24 16:00:23,209 [INFO] [数据库引擎创建成功]
2025-11-24 16:00:23,215 [INFO] [开始读取数据库表：order_data]
2025-11-24 16:00:26,417 [INFO] [成功读取表 order_data，数据行数：23987]
2025-11-24 16:00:27,045 [INFO] [开始读取数据库表：sales_data]
2025-11-24 16:00:44,209 [INFO] [成功读取表 sales_data，数据行数：25938]
2025-11-24 16:00:49,605 [INFO] [开始读取数据库表：jingpin_data]
2025-11-24 16:00:50,203 [INFO] [成功读取表 jingpin_data，数据行数：4604]
2025-11-24 16:00:50,346 [INFO] [开始读取数据库表：inventory_data]
2025-11-24 16:00:51,189 [INFO] [成功读取表 inventory_data，数据行数：6115]
2025-11-24 16:00:51,190 [INFO] [开始读取数据库表：tuiding_data]
2025-11-24 16:00:51,501 [INFO] [成功读取表 tuiding_data，数据行数：4268]
2025-11-24 16:00:51,501 [INFO] [开始读取数据库表：debit_data]
2025-11-24 16:00:56,386 [INFO] [成功读取表 debit_data，数据行数：25722]
2025-11-24 16:00:57,203 [INFO] [开始读取数据库表：sales_invoice_data]
2025-11-24 16:00:59,443 [INFO] [成功读取表 sales_invoice_data，数据行数：18756]
2025-11-24 16:31:15,820 [INFO] [数据库引擎创建成功]
2025-11-24 16:31:15,821 [INFO] [开始读取数据库表：order_data]
2025-11-24 16:31:17,251 [INFO] [成功读取表 order_data，数据行数：23988]
2025-11-24 16:31:17,756 [INFO] [开始读取数据库表：sales_data]
2025-11-24 16:31:24,781 [INFO] [成功读取表 sales_data，数据行数：25987]
2025-11-24 16:31:27,938 [INFO] [开始读取数据库表：jingpin_data]
2025-11-24 16:31:28,259 [INFO] [成功读取表 jingpin_data，数据行数：4604]
2025-11-24 16:31:28,341 [INFO] [开始读取数据库表：inventory_data]
2025-11-24 16:31:28,787 [INFO] [成功读取表 inventory_data，数据行数：4859]
2025-11-24 16:31:28,787 [INFO] [开始读取数据库表：tuiding_data]
2025-11-24 16:31:29,037 [INFO] [成功读取表 tuiding_data，数据行数：4268]
2025-11-24 16:31:29,037 [INFO] [开始读取数据库表：debit_data]
2025-11-24 16:31:31,150 [INFO] [成功读取表 debit_data，数据行数：25722]
2025-11-24 16:31:31,659 [INFO] [开始读取数据库表：sales_invoice_data]
2025-11-24 16:31:33,008 [INFO] [成功读取表 sales_invoice_data，数据行数：18768]
2025-11-24 16:58:45,707 [INFO] [数据库引擎创建成功]
2025-11-24 16:58:45,708 [INFO] [开始读取数据库表：order_data]
2025-11-24 16:58:46,967 [INFO] [成功读取表 order_data，数据行数：23988]
2025-11-24 16:58:47,231 [INFO] [开始读取数据库表：sales_data]
2025-11-24 16:58:52,376 [INFO] [成功读取表 sales_data，数据行数：26001]
2025-11-24 16:58:54,539 [INFO] [开始读取数据库表：jingpin_data]
2025-11-24 16:58:54,847 [INFO] [成功读取表 jingpin_data，数据行数：4604]
2025-11-24 16:58:54,921 [INFO] [开始读取数据库表：inventory_data]
2025-11-24 16:58:55,425 [INFO] [成功读取表 inventory_data，数据行数：6092]
2025-11-24 16:58:55,426 [INFO] [开始读取数据库表：tuiding_data]
2025-11-24 16:58:55,612 [INFO] [成功读取表 tuiding_data，数据行数：4271]
2025-11-24 16:58:55,613 [INFO] [开始读取数据库表：debit_data]
2025-11-24 16:58:57,329 [INFO] [成功读取表 debit_data，数据行数：25722]
2025-11-24 16:58:57,695 [INFO] [开始读取数据库表：sales_invoice_data]
2025-11-24 16:58:58,831 [INFO] [成功读取表 sales_invoice_data，数据行数：18780]
2025-11-24 17:28:31,149 [INFO] [数据库引擎创建成功]
2025-11-24 17:28:31,151 [INFO] [开始读取数据库表：order_data]
2025-11-24 17:28:32,154 [INFO] [成功读取表 order_data，数据行数：23991]
2025-11-24 17:28:32,393 [INFO] [开始读取数据库表：sales_data]
2025-11-24 17:28:36,843 [INFO] [成功读取表 sales_data，数据行数：26012]
2025-11-24 17:28:38,491 [INFO] [开始读取数据库表：jingpin_data]
2025-11-24 17:28:38,740 [INFO] [成功读取表 jingpin_data，数据行数：4605]
2025-11-24 17:28:38,791 [INFO] [开始读取数据库表：inventory_data]
2025-11-24 17:28:39,244 [INFO] [成功读取表 inventory_data，数据行数：6082]
2025-11-24 17:28:39,244 [INFO] [开始读取数据库表：tuiding_data]
2025-11-24 17:28:39,440 [INFO] [成功读取表 tuiding_data，数据行数：4273]
2025-11-24 17:28:39,440 [INFO] [开始读取数据库表：debit_data]
2025-11-24 17:28:41,603 [INFO] [成功读取表 debit_data，数据行数：25722]
2025-11-24 17:28:42,040 [INFO] [开始读取数据库表：sales_invoice_data]
2025-11-24 17:28:43,450 [INFO] [成功读取表 sales_invoice_data，数据行数：18791]
2025-11-24 17:58:04,842 [INFO] [数据库引擎创建成功]
2025-11-24 17:58:04,843 [INFO] [开始读取数据库表：order_data]
2025-11-24 17:58:05,519 [INFO] [成功读取表 order_data，数据行数：23999]
2025-11-24 17:58:05,690 [INFO] [开始读取数据库表：sales_data]
2025-11-24 17:58:08,718 [INFO] [成功读取表 sales_data，数据行数：26027]
2025-11-24 17:58:10,303 [INFO] [开始读取数据库表：jingpin_data]
2025-11-24 17:58:10,550 [INFO] [成功读取表 jingpin_data，数据行数：4606]
2025-11-24 17:58:10,620 [INFO] [开始读取数据库表：inventory_data]
2025-11-24 17:58:11,140 [INFO] [成功读取表 inventory_data，数据行数：6067]
2025-11-24 17:58:11,142 [INFO] [开始读取数据库表：tuiding_data]
2025-11-24 17:58:11,357 [INFO] [成功读取表 tuiding_data，数据行数：4274]
2025-11-24 17:58:11,358 [INFO] [开始读取数据库表：debit_data]
2025-11-24 17:58:13,219 [INFO] [成功读取表 debit_data，数据行数：25722]
2025-11-24 17:58:13,547 [INFO] [开始读取数据库表：sales_invoice_data]
2025-11-24 17:58:14,582 [INFO] [成功读取表 sales_invoice_data，数据行数：18804]
2025-11-24 18:28:01,244 [INFO] [数据库引擎创建成功]
2025-11-24 18:28:01,246 [INFO] [开始读取数据库表：order_data]
2025-11-24 18:28:02,494 [INFO] [成功读取表 order_data，数据行数：24008]
2025-11-24 18:28:02,744 [INFO] [开始读取数据库表：sales_data]
2025-11-24 18:28:07,641 [INFO] [成功读取表 sales_data，数据行数：26028]
2025-11-24 18:28:09,355 [INFO] [开始读取数据库表：jingpin_data]
2025-11-24 18:28:09,597 [INFO] [成功读取表 jingpin_data，数据行数：4616]
2025-11-24 18:28:09,662 [INFO] [开始读取数据库表：inventory_data]
2025-11-24 18:28:10,106 [INFO] [成功读取表 inventory_data，数据行数：6066]
2025-11-24 18:28:10,106 [INFO] [开始读取数据库表：tuiding_data]
2025-11-24 18:28:10,323 [INFO] [成功读取表 tuiding_data，数据行数：4275]
2025-11-24 18:28:10,323 [INFO] [开始读取数据库表：debit_data]
2025-11-24 18:28:12,068 [INFO] [成功读取表 debit_data，数据行数：25722]
2025-11-24 18:28:12,382 [INFO] [开始读取数据库表：sales_invoice_data]
2025-11-24 18:28:13,366 [INFO] [成功读取表 sales_invoice_data，数据行数：18804]
2025-11-24 18:57:43,952 [INFO] [数据库引擎创建成功]
2025-11-24 18:57:43,954 [INFO] [开始读取数据库表：order_data]
2025-11-24 18:57:44,750 [INFO] [成功读取表 order_data，数据行数：24009]
2025-11-24 18:57:44,932 [INFO] [开始读取数据库表：sales_data]
2025-11-24 18:57:47,902 [INFO] [成功读取表 sales_data，数据行数：26028]
2025-11-24 18:57:49,613 [INFO] [开始读取数据库表：jingpin_data]
2025-11-24 18:57:49,914 [INFO] [成功读取表 jingpin_data，数据行数：4616]
2025-11-24 18:57:49,997 [INFO] [开始读取数据库表：inventory_data]
2025-11-24 18:57:50,606 [INFO] [成功读取表 inventory_data，数据行数：6066]
2025-11-24 18:57:50,606 [INFO] [开始读取数据库表：tuiding_data]
2025-11-24 18:57:50,830 [INFO] [成功读取表 tuiding_data，数据行数：4275]
2025-11-24 18:57:50,831 [INFO] [开始读取数据库表：debit_data]
2025-11-24 18:57:52,559 [INFO] [成功读取表 debit_data，数据行数：25722]
2025-11-24 18:57:52,874 [INFO] [开始读取数据库表：sales_invoice_data]
2025-11-24 18:57:53,864 [INFO] [成功读取表 sales_invoice_data，数据行数：18804]
2025-11-24 19:12:43,038 [INFO] [数据库引擎创建成功]
2025-11-24 19:12:43,038 [INFO] [开始读取数据库表：order_data]
2025-11-24 19:12:43,776 [INFO] [成功读取表 order_data，数据行数：24009]
2025-11-24 19:12:43,960 [INFO] [开始读取数据库表：sales_data]
2025-11-24 19:12:46,929 [INFO] [成功读取表 sales_data，数据行数：26028]
2025-11-24 19:12:48,110 [INFO] [开始读取数据库表：jingpin_data]
2025-11-24 19:12:48,215 [INFO] [成功读取表 jingpin_data，数据行数：4616]
2025-11-24 19:12:48,250 [INFO] [开始读取数据库表：inventory_data]
2025-11-24 19:12:48,510 [INFO] [成功读取表 inventory_data，数据行数：6066]
2025-11-24 19:12:48,510 [INFO] [开始读取数据库表：tuiding_data]
2025-11-24 19:12:48,596 [INFO] [成功读取表 tuiding_data，数据行数：4275]
2025-11-24 19:12:48,596 [INFO] [开始读取数据库表：debit_data]
2025-11-24 19:12:49,480 [INFO] [成功读取表 debit_data，数据行数：25722]
2025-11-24 19:12:49,668 [INFO] [开始读取数据库表：sales_invoice_data]
2025-11-24 19:12:50,213 [INFO] [成功读取表 sales_invoice_data，数据行数：18804]
2025-11-24 19:41:31,520 [INFO] [数据库引擎创建成功]
2025-11-24 19:41:31,520 [INFO] [开始读取数据库表：order_data]
2025-11-24 19:41:32,269 [INFO] [成功读取表 order_data，数据行数：24010]
2025-11-24 19:41:32,447 [INFO] [开始读取数据库表：sales_data]
2025-11-24 19:41:35,775 [INFO] [成功读取表 sales_data，数据行数：26028]
2025-11-24 19:41:37,600 [INFO] [开始读取数据库表：jingpin_data]
2025-11-24 19:41:37,913 [INFO] [成功读取表 jingpin_data，数据行数：4616]
2025-11-24 19:41:37,983 [INFO] [开始读取数据库表：inventory_data]
2025-11-24 19:41:38,542 [INFO] [成功读取表 inventory_data，数据行数：6066]
2025-11-24 19:41:38,542 [INFO] [开始读取数据库表：tuiding_data]
2025-11-24 19:41:38,757 [INFO] [成功读取表 tuiding_data，数据行数：4275]
2025-11-24 19:41:38,757 [INFO] [开始读取数据库表：debit_data]
2025-11-24 19:41:40,713 [INFO] [成功读取表 debit_data，数据行数：25722]
2025-11-24 19:41:41,055 [INFO] [开始读取数据库表：sales_invoice_data]
2025-11-24 19:41:42,272 [INFO] [成功读取表 sales_invoice_data，数据行数：18804]
2025-11-24 19:58:11,655 [INFO] [数据库引擎创建成功]
2025-11-24 19:58:11,655 [INFO] [开始读取数据库表：order_data]
2025-11-24 19:58:12,562 [INFO] [成功读取表 order_data，数据行数：24012]
2025-11-24 19:58:12,771 [INFO] [开始读取数据库表：sales_data]
2025-11-24 19:58:16,355 [INFO] [成功读取表 sales_data，数据行数：26028]
2025-11-24 19:58:18,199 [INFO] [开始读取数据库表：jingpin_data]
2025-11-24 19:58:18,471 [INFO] [成功读取表 jingpin_data，数据行数：4616]
2025-11-24 19:58:18,541 [INFO] [开始读取数据库表：inventory_data]
2025-11-24 19:58:19,043 [INFO] [成功读取表 inventory_data，数据行数：6066]
2025-11-24 19:58:19,043 [INFO] [开始读取数据库表：tuiding_data]
2025-11-24 19:58:19,234 [INFO] [成功读取表 tuiding_data，数据行数：4275]
2025-11-24 19:58:19,234 [INFO] [开始读取数据库表：debit_data]
2025-11-24 19:58:21,031 [INFO] [成功读取表 debit_data，数据行数：25722]
2025-11-24 19:58:21,376 [INFO] [开始读取数据库表：sales_invoice_data]
2025-11-24 19:58:22,553 [INFO] [成功读取表 sales_invoice_data，数据行数：18804]
2025-11-24 20:27:28,996 [INFO] [数据库引擎创建成功]
2025-11-24 20:27:28,997 [INFO] [开始读取数据库表：order_data]
2025-11-24 20:27:30,107 [INFO] [成功读取表 order_data，数据行数：24012]
2025-11-24 20:27:30,356 [INFO] [开始读取数据库表：sales_data]
2025-11-24 20:27:34,805 [INFO] [成功读取表 sales_data，数据行数：26028]
2025-11-24 20:27:36,317 [INFO] [开始读取数据库表：jingpin_data]
2025-11-24 20:27:36,511 [INFO] [成功读取表 jingpin_data，数据行数：4616]
2025-11-24 20:27:36,563 [INFO] [开始读取数据库表：inventory_data]
2025-11-24 20:27:37,007 [INFO] [成功读取表 inventory_data，数据行数：6066]
2025-11-24 20:27:37,007 [INFO] [开始读取数据库表：tuiding_data]
2025-11-24 20:27:37,169 [INFO] [成功读取表 tuiding_data，数据行数：4275]
2025-11-24 20:27:37,169 [INFO] [开始读取数据库表：debit_data]
2025-11-24 20:27:38,730 [INFO] [成功读取表 debit_data，数据行数：25722]
2025-11-24 20:27:39,026 [INFO] [开始读取数据库表：sales_invoice_data]
2025-11-24 20:27:39,979 [INFO] [成功读取表 sales_invoice_data，数据行数：18804]
2025-11-24 20:57:37,794 [INFO] [数据库引擎创建成功]
2025-11-24 20:57:37,796 [INFO] [开始读取数据库表：order_data]
2025-11-24 20:57:38,958 [INFO] [成功读取表 order_data，数据行数：24006]
2025-11-24 20:57:39,211 [INFO] [开始读取数据库表：sales_data]
2025-11-24 20:57:43,971 [INFO] [成功读取表 sales_data，数据行数：26028]
2025-11-24 20:57:45,731 [INFO] [开始读取数据库表：jingpin_data]
2025-11-24 20:57:45,985 [INFO] [成功读取表 jingpin_data，数据行数：4621]
2025-11-24 20:57:46,040 [INFO] [开始读取数据库表：inventory_data]
2025-11-24 20:57:47,834 [INFO] [成功读取表 inventory_data，数据行数：6066]
2025-11-24 20:57:47,834 [INFO] [开始读取数据库表：tuiding_data]
2025-11-24 20:57:48,044 [INFO] [成功读取表 tuiding_data，数据行数：4282]
2025-11-24 20:57:48,045 [INFO] [开始读取数据库表：debit_data]
2025-11-24 20:57:49,887 [INFO] [成功读取表 debit_data，数据行数：25722]
2025-11-24 20:57:50,244 [INFO] [开始读取数据库表：sales_invoice_data]
2025-11-24 20:57:51,343 [INFO] [成功读取表 sales_invoice_data，数据行数：18804]
2025-11-24 21:27:30,416 [INFO] [数据库引擎创建成功]
2025-11-24 21:27:30,426 [INFO] [开始读取数据库表：order_data]
2025-11-24 21:27:31,422 [INFO] [成功读取表 order_data，数据行数：24006]
2025-11-24 21:27:31,659 [INFO] [开始读取数据库表：sales_data]
2025-11-24 21:27:35,520 [INFO] [成功读取表 sales_data，数据行数：26028]
2025-11-24 21:27:37,094 [INFO] [开始读取数据库表：jingpin_data]
2025-11-24 21:27:37,293 [INFO] [成功读取表 jingpin_data，数据行数：4621]
2025-11-24 21:27:37,375 [INFO] [开始读取数据库表：inventory_data]
2025-11-24 21:27:37,786 [INFO] [成功读取表 inventory_data，数据行数：6095]
2025-11-24 21:27:37,786 [INFO] [开始读取数据库表：tuiding_data]
2025-11-24 21:27:37,955 [INFO] [成功读取表 tuiding_data，数据行数：4282]
2025-11-24 21:27:37,955 [INFO] [开始读取数据库表：debit_data]
2025-11-24 21:27:39,466 [INFO] [成功读取表 debit_data，数据行数：25751]
2025-11-24 21:27:39,772 [INFO] [开始读取数据库表：sales_invoice_data]
2025-11-24 21:27:40,698 [INFO] [成功读取表 sales_invoice_data，数据行数：18804]
2025-11-24 21:57:16,468 [INFO] [数据库引擎创建成功]
2025-11-24 21:57:16,478 [INFO] [开始读取数据库表：order_data]
2025-11-24 21:57:17,460 [INFO] [成功读取表 order_data，数据行数：24006]
2025-11-24 21:57:17,737 [INFO] [开始读取数据库表：sales_data]
2025-11-24 21:57:21,812 [INFO] [成功读取表 sales_data，数据行数：26029]
2025-11-24 21:57:23,400 [INFO] [开始读取数据库表：jingpin_data]
2025-11-24 21:57:23,618 [INFO] [成功读取表 jingpin_data，数据行数：4621]
2025-11-24 21:57:23,677 [INFO] [开始读取数据库表：inventory_data]
2025-11-24 21:57:24,117 [INFO] [成功读取表 inventory_data，数据行数：6094]
2025-11-24 21:57:24,117 [INFO] [开始读取数据库表：tuiding_data]
2025-11-24 21:57:24,300 [INFO] [成功读取表 tuiding_data，数据行数：4282]
2025-11-24 21:57:24,300 [INFO] [开始读取数据库表：debit_data]
2025-11-24 21:57:25,893 [INFO] [成功读取表 debit_data，数据行数：25793]
2025-11-24 21:57:26,201 [INFO] [开始读取数据库表：sales_invoice_data]
2025-11-24 21:57:27,182 [INFO] [成功读取表 sales_invoice_data，数据行数：18805]
2025-11-24 22:27:14,973 [INFO] [数据库引擎创建成功]
2025-11-24 22:27:14,982 [INFO] [开始读取数据库表：order_data]
2025-11-24 22:27:16,049 [INFO] [成功读取表 order_data，数据行数：24006]
2025-11-24 22:27:16,314 [INFO] [开始读取数据库表：sales_data]
2025-11-24 22:27:20,490 [INFO] [成功读取表 sales_data，数据行数：26029]
2025-11-24 22:27:22,926 [INFO] [开始读取数据库表：jingpin_data]
2025-11-24 22:27:23,177 [INFO] [成功读取表 jingpin_data，数据行数：4621]
2025-11-24 22:27:23,238 [INFO] [开始读取数据库表：inventory_data]
2025-11-24 22:27:23,816 [INFO] [成功读取表 inventory_data，数据行数：6094]
2025-11-24 22:27:23,816 [INFO] [开始读取数据库表：tuiding_data]
2025-11-24 22:27:24,005 [INFO] [成功读取表 tuiding_data，数据行数：4282]
2025-11-24 22:27:24,005 [INFO] [开始读取数据库表：debit_data]
2025-11-24 22:27:25,604 [INFO] [成功读取表 debit_data，数据行数：25793]
2025-11-24 22:27:25,943 [INFO] [开始读取数据库表：sales_invoice_data]
2025-11-24 22:27:26,887 [INFO] [成功读取表 sales_invoice_data，数据行数：18805]
2025-11-24 22:57:17,450 [INFO] [数据库引擎创建成功]
2025-11-24 22:57:17,459 [INFO] [开始读取数据库表：order_data]
2025-11-24 22:57:18,234 [INFO] [成功读取表 order_data，数据行数：24007]
2025-11-24 22:57:18,462 [INFO] [开始读取数据库表：sales_data]
2025-11-24 22:57:22,300 [INFO] [成功读取表 sales_data，数据行数：26029]
2025-11-24 22:57:23,782 [INFO] [开始读取数据库表：jingpin_data]
2025-11-24 22:57:24,019 [INFO] [成功读取表 jingpin_data，数据行数：4621]
2025-11-24 22:57:24,082 [INFO] [开始读取数据库表：inventory_data]
2025-11-24 22:57:24,517 [INFO] [成功读取表 inventory_data，数据行数：6094]
2025-11-24 22:57:24,518 [INFO] [开始读取数据库表：tuiding_data]
2025-11-24 22:57:24,716 [INFO] [成功读取表 tuiding_data，数据行数：4282]
2025-11-24 22:57:24,716 [INFO] [开始读取数据库表：debit_data]
2025-11-24 22:57:26,287 [INFO] [成功读取表 debit_data，数据行数：25793]
2025-11-24 22:57:26,592 [INFO] [开始读取数据库表：sales_invoice_data]
2025-11-24 22:57:27,593 [INFO] [成功读取表 sales_invoice_data，数据行数：18805]
2025-11-24 23:27:15,671 [INFO] [数据库引擎创建成功]
2025-11-24 23:27:15,672 [INFO] [开始读取数据库表：order_data]
2025-11-24 23:27:16,730 [INFO] [成功读取表 order_data，数据行数：24007]
2025-11-24 23:27:16,960 [INFO] [开始读取数据库表：sales_data]
2025-11-24 23:27:21,115 [INFO] [成功读取表 sales_data，数据行数：26029]
2025-11-24 23:27:24,205 [INFO] [开始读取数据库表：jingpin_data]
2025-11-24 23:27:24,411 [INFO] [成功读取表 jingpin_data，数据行数：4621]
2025-11-24 23:27:24,476 [INFO] [开始读取数据库表：inventory_data]
2025-11-24 23:27:24,887 [INFO] [成功读取表 inventory_data，数据行数：6094]
2025-11-24 23:27:24,887 [INFO] [开始读取数据库表：tuiding_data]
2025-11-24 23:27:25,068 [INFO] [成功读取表 tuiding_data，数据行数：4282]
2025-11-24 23:27:25,069 [INFO] [开始读取数据库表：debit_data]
2025-11-24 23:27:26,592 [INFO] [成功读取表 debit_data，数据行数：25793]
2025-11-24 23:27:26,880 [INFO] [开始读取数据库表：sales_invoice_data]
2025-11-24 23:27:27,801 [INFO] [成功读取表 sales_invoice_data，数据行数：18805]
2025-11-24 23:57:17,070 [INFO] [数据库引擎创建成功]
2025-11-24 23:57:17,071 [INFO] [开始读取数据库表：order_data]
2025-11-24 23:57:18,110 [INFO] [成功读取表 order_data，数据行数：24007]
2025-11-24 23:57:18,340 [INFO] [开始读取数据库表：sales_data]
2025-11-24 23:57:22,320 [INFO] [成功读取表 sales_data，数据行数：26029]
2025-11-24 23:57:24,733 [INFO] [开始读取数据库表：jingpin_data]
2025-11-24 23:57:24,990 [INFO] [成功读取表 jingpin_data，数据行数：4621]
2025-11-24 23:57:25,051 [INFO] [开始读取数据库表：inventory_data]
2025-11-24 23:57:25,569 [INFO] [成功读取表 inventory_data，数据行数：6094]
2025-11-24 23:57:25,570 [INFO] [开始读取数据库表：tuiding_data]
2025-11-24 23:57:25,716 [INFO] [成功读取表 tuiding_data，数据行数：4282]
2025-11-24 23:57:25,716 [INFO] [开始读取数据库表：debit_data]
2025-11-24 23:57:27,328 [INFO] [成功读取表 debit_data，数据行数：25793]
2025-11-24 23:57:27,642 [INFO] [开始读取数据库表：sales_invoice_data]
2025-11-24 23:57:28,636 [INFO] [成功读取表 sales_invoice_data，数据行数：18805]
