2025-12-21 08:58:12,416 [INFO] [数据库引擎创建成功]
2025-12-21 08:58:12,417 [INFO] [开始读取数据库表：order_data]
2025-12-21 08:58:13,969 [INFO] [成功读取表 order_data，数据行数：23842]
2025-12-21 08:58:14,312 [INFO] [开始读取数据库表：sales_data]
2025-12-21 08:58:18,158 [INFO] [成功读取表 sales_data，数据行数：23941]
2025-12-21 08:58:20,108 [INFO] [开始读取数据库表：jingpin_data]
2025-12-21 08:58:20,283 [INFO] [成功读取表 jingpin_data，数据行数：5096]
2025-12-21 08:58:20,378 [INFO] [开始读取数据库表：inventory_data]
2025-12-21 08:58:20,810 [INFO] [成功读取表 inventory_data，数据行数：4329]
2025-12-21 08:58:20,810 [INFO] [开始读取数据库表：tuiding_data]
2025-12-21 08:58:21,083 [INFO] [成功读取表 tuiding_data，数据行数：4720]
2025-12-21 08:58:21,084 [INFO] [开始读取数据库表：debit_data]
2025-12-21 08:58:22,613 [INFO] [成功读取表 debit_data，数据行数：26676]
2025-12-21 08:58:22,934 [INFO] [开始读取数据库表：sales_invoice_data]
2025-12-21 08:58:24,121 [INFO] [成功读取表 sales_invoice_data，数据行数：21563]
2025-12-21 09:29:49,171 [INFO] [数据库引擎创建成功]
2025-12-21 09:29:49,172 [INFO] [开始读取数据库表：order_data]
2025-12-21 09:29:50,741 [INFO] [成功读取表 order_data，数据行数：23843]
2025-12-21 09:29:51,012 [INFO] [开始读取数据库表：sales_data]
2025-12-21 09:29:54,641 [INFO] [成功读取表 sales_data，数据行数：23941]
2025-12-21 09:29:56,624 [INFO] [开始读取数据库表：jingpin_data]
2025-12-21 09:29:56,818 [INFO] [成功读取表 jingpin_data，数据行数：5096]
2025-12-21 09:29:56,884 [INFO] [开始读取数据库表：inventory_data]
2025-12-21 09:29:57,289 [INFO] [成功读取表 inventory_data，数据行数：4329]
2025-12-21 09:29:57,289 [INFO] [开始读取数据库表：tuiding_data]
2025-12-21 09:29:57,557 [INFO] [成功读取表 tuiding_data，数据行数：4720]
2025-12-21 09:29:57,557 [INFO] [开始读取数据库表：debit_data]
2025-12-21 09:29:59,302 [INFO] [成功读取表 debit_data，数据行数：26676]
2025-12-21 09:29:59,668 [INFO] [开始读取数据库表：sales_invoice_data]
2025-12-21 09:30:00,926 [INFO] [成功读取表 sales_invoice_data，数据行数：21563]
2025-12-21 10:01:03,085 [INFO] [数据库引擎创建成功]
2025-12-21 10:01:03,087 [INFO] [开始读取数据库表：order_data]
2025-12-21 10:01:04,606 [INFO] [成功读取表 order_data，数据行数：23843]
2025-12-21 10:01:04,891 [INFO] [开始读取数据库表：sales_data]
2025-12-21 10:01:08,718 [INFO] [成功读取表 sales_data，数据行数：23944]
2025-12-21 10:01:10,685 [INFO] [开始读取数据库表：jingpin_data]
2025-12-21 10:01:10,883 [INFO] [成功读取表 jingpin_data，数据行数：5096]
2025-12-21 10:01:10,958 [INFO] [开始读取数据库表：inventory_data]
2025-12-21 10:01:11,325 [INFO] [成功读取表 inventory_data，数据行数：4329]
2025-12-21 10:01:11,325 [INFO] [开始读取数据库表：tuiding_data]
2025-12-21 10:01:11,582 [INFO] [成功读取表 tuiding_data，数据行数：4720]
2025-12-21 10:01:11,583 [INFO] [开始读取数据库表：debit_data]
2025-12-21 10:01:13,245 [INFO] [成功读取表 debit_data，数据行数：26676]
2025-12-21 10:01:13,618 [INFO] [开始读取数据库表：sales_invoice_data]
2025-12-21 10:01:14,879 [INFO] [成功读取表 sales_invoice_data，数据行数：21563]
2025-12-21 10:30:38,758 [INFO] [数据库引擎创建成功]
2025-12-21 10:30:38,759 [INFO] [开始读取数据库表：order_data]
2025-12-21 10:30:40,327 [INFO] [成功读取表 order_data，数据行数：23846]
2025-12-21 10:30:40,585 [INFO] [开始读取数据库表：sales_data]
2025-12-21 10:30:44,289 [INFO] [成功读取表 sales_data，数据行数：23944]
2025-12-21 10:30:46,199 [INFO] [开始读取数据库表：jingpin_data]
2025-12-21 10:30:46,354 [INFO] [成功读取表 jingpin_data，数据行数：5096]
2025-12-21 10:30:46,415 [INFO] [开始读取数据库表：inventory_data]
2025-12-21 10:30:46,746 [INFO] [成功读取表 inventory_data，数据行数：4329]
2025-12-21 10:30:46,746 [INFO] [开始读取数据库表：tuiding_data]
2025-12-21 10:30:47,048 [INFO] [成功读取表 tuiding_data，数据行数：4727]
2025-12-21 10:30:47,049 [INFO] [开始读取数据库表：debit_data]
2025-12-21 10:30:48,629 [INFO] [成功读取表 debit_data，数据行数：26676]
2025-12-21 10:30:48,973 [INFO] [开始读取数据库表：sales_invoice_data]
2025-12-21 10:30:50,209 [INFO] [成功读取表 sales_invoice_data，数据行数：21563]
2025-12-21 10:59:58,295 [INFO] [数据库引擎创建成功]
2025-12-21 10:59:58,296 [INFO] [开始读取数据库表：order_data]
2025-12-21 10:59:59,862 [INFO] [成功读取表 order_data，数据行数：23847]
2025-12-21 11:00:00,183 [INFO] [开始读取数据库表：sales_data]
2025-12-21 11:00:04,029 [INFO] [成功读取表 sales_data，数据行数：23944]
2025-12-21 11:00:05,894 [INFO] [开始读取数据库表：jingpin_data]
2025-12-21 11:00:06,060 [INFO] [成功读取表 jingpin_data，数据行数：5098]
2025-12-21 11:00:06,139 [INFO] [开始读取数据库表：inventory_data]
2025-12-21 11:00:06,478 [INFO] [成功读取表 inventory_data，数据行数：4329]
2025-12-21 11:00:06,478 [INFO] [开始读取数据库表：tuiding_data]
2025-12-21 11:00:06,737 [INFO] [成功读取表 tuiding_data，数据行数：4728]
2025-12-21 11:00:06,738 [INFO] [开始读取数据库表：debit_data]
2025-12-21 11:00:08,395 [INFO] [成功读取表 debit_data，数据行数：26676]
2025-12-21 11:00:08,748 [INFO] [开始读取数据库表：sales_invoice_data]
2025-12-21 11:00:10,011 [INFO] [成功读取表 sales_invoice_data，数据行数：21563]
2025-12-21 11:30:27,739 [INFO] [数据库引擎创建成功]
2025-12-21 11:30:27,739 [INFO] [开始读取数据库表：order_data]
2025-12-21 11:30:29,351 [INFO] [成功读取表 order_data，数据行数：23849]
2025-12-21 11:30:29,720 [INFO] [开始读取数据库表：sales_data]
2025-12-21 11:30:33,599 [INFO] [成功读取表 sales_data，数据行数：23945]
2025-12-21 11:30:35,353 [INFO] [开始读取数据库表：jingpin_data]
2025-12-21 11:30:35,562 [INFO] [成功读取表 jingpin_data，数据行数：5098]
2025-12-21 11:30:35,629 [INFO] [开始读取数据库表：inventory_data]
2025-12-21 11:30:36,039 [INFO] [成功读取表 inventory_data，数据行数：4328]
2025-12-21 11:30:36,039 [INFO] [开始读取数据库表：tuiding_data]
2025-12-21 11:30:36,311 [INFO] [成功读取表 tuiding_data，数据行数：4728]
2025-12-21 11:30:36,311 [INFO] [开始读取数据库表：debit_data]
2025-12-21 11:30:37,870 [INFO] [成功读取表 debit_data，数据行数：26676]
2025-12-21 11:30:38,187 [INFO] [开始读取数据库表：sales_invoice_data]
2025-12-21 11:30:39,438 [INFO] [成功读取表 sales_invoice_data，数据行数：21564]
2025-12-21 12:00:57,052 [INFO] [数据库引擎创建成功]
2025-12-21 12:00:57,054 [INFO] [开始读取数据库表：order_data]
2025-12-21 12:00:58,712 [INFO] [成功读取表 order_data，数据行数：23850]
2025-12-21 12:00:59,085 [INFO] [开始读取数据库表：sales_data]
2025-12-21 12:01:02,835 [INFO] [成功读取表 sales_data，数据行数：23945]
2025-12-21 12:01:04,878 [INFO] [开始读取数据库表：jingpin_data]
2025-12-21 12:01:05,046 [INFO] [成功读取表 jingpin_data，数据行数：5101]
2025-12-21 12:01:05,123 [INFO] [开始读取数据库表：inventory_data]
2025-12-21 12:01:05,478 [INFO] [成功读取表 inventory_data，数据行数：4331]
2025-12-21 12:01:05,479 [INFO] [开始读取数据库表：tuiding_data]
2025-12-21 12:01:05,727 [INFO] [成功读取表 tuiding_data，数据行数：4728]
2025-12-21 12:01:05,728 [INFO] [开始读取数据库表：debit_data]
2025-12-21 12:01:07,388 [INFO] [成功读取表 debit_data，数据行数：26679]
2025-12-21 12:01:07,706 [INFO] [开始读取数据库表：sales_invoice_data]
2025-12-21 12:01:08,861 [INFO] [成功读取表 sales_invoice_data，数据行数：21564]
2025-12-21 12:30:46,192 [INFO] [数据库引擎创建成功]
2025-12-21 12:30:46,192 [INFO] [开始读取数据库表：order_data]
2025-12-21 12:30:47,726 [INFO] [成功读取表 order_data，数据行数：23851]
2025-12-21 12:30:48,019 [INFO] [开始读取数据库表：sales_data]
2025-12-21 12:30:51,538 [INFO] [成功读取表 sales_data，数据行数：23950]
2025-12-21 12:30:53,405 [INFO] [开始读取数据库表：jingpin_data]
2025-12-21 12:30:53,589 [INFO] [成功读取表 jingpin_data，数据行数：5101]
2025-12-21 12:30:53,651 [INFO] [开始读取数据库表：inventory_data]
2025-12-21 12:30:54,033 [INFO] [成功读取表 inventory_data，数据行数：4327]
2025-12-21 12:30:54,033 [INFO] [开始读取数据库表：tuiding_data]
2025-12-21 12:30:54,299 [INFO] [成功读取表 tuiding_data，数据行数：4728]
2025-12-21 12:30:54,299 [INFO] [开始读取数据库表：debit_data]
2025-12-21 12:30:56,025 [INFO] [成功读取表 debit_data，数据行数：26682]
2025-12-21 12:30:56,412 [INFO] [开始读取数据库表：sales_invoice_data]
2025-12-21 12:30:57,692 [INFO] [成功读取表 sales_invoice_data，数据行数：21569]
2025-12-21 13:01:01,348 [INFO] [数据库引擎创建成功]
2025-12-21 13:01:01,349 [INFO] [开始读取数据库表：order_data]
2025-12-21 13:01:02,766 [INFO] [成功读取表 order_data，数据行数：23851]
2025-12-21 13:01:03,076 [INFO] [开始读取数据库表：sales_data]
2025-12-21 13:01:06,664 [INFO] [成功读取表 sales_data，数据行数：23951]
2025-12-21 13:01:08,614 [INFO] [开始读取数据库表：jingpin_data]
2025-12-21 13:01:08,772 [INFO] [成功读取表 jingpin_data，数据行数：5101]
2025-12-21 13:01:08,861 [INFO] [开始读取数据库表：inventory_data]
2025-12-21 13:01:09,239 [INFO] [成功读取表 inventory_data，数据行数：4326]
2025-12-21 13:01:09,239 [INFO] [开始读取数据库表：tuiding_data]
2025-12-21 13:01:09,487 [INFO] [成功读取表 tuiding_data，数据行数：4729]
2025-12-21 13:01:09,487 [INFO] [开始读取数据库表：debit_data]
2025-12-21 13:01:11,182 [INFO] [成功读取表 debit_data，数据行数：26682]
2025-12-21 13:01:11,586 [INFO] [开始读取数据库表：sales_invoice_data]
2025-12-21 13:01:12,933 [INFO] [成功读取表 sales_invoice_data，数据行数：21570]
2025-12-21 13:31:02,314 [INFO] [数据库引擎创建成功]
2025-12-21 13:31:02,314 [INFO] [开始读取数据库表：order_data]
2025-12-21 13:31:03,818 [INFO] [成功读取表 order_data，数据行数：23854]
2025-12-21 13:31:04,141 [INFO] [开始读取数据库表：sales_data]
2025-12-21 13:31:07,968 [INFO] [成功读取表 sales_data，数据行数：23953]
2025-12-21 13:31:09,994 [INFO] [开始读取数据库表：jingpin_data]
2025-12-21 13:31:10,170 [INFO] [成功读取表 jingpin_data，数据行数：5101]
2025-12-21 13:31:10,248 [INFO] [开始读取数据库表：inventory_data]
2025-12-21 13:31:10,588 [INFO] [成功读取表 inventory_data，数据行数：4326]
2025-12-21 13:31:10,589 [INFO] [开始读取数据库表：tuiding_data]
2025-12-21 13:31:10,891 [INFO] [成功读取表 tuiding_data，数据行数：4729]
2025-12-21 13:31:10,892 [INFO] [开始读取数据库表：debit_data]
2025-12-21 13:31:12,542 [INFO] [成功读取表 debit_data，数据行数：26682]
2025-12-21 13:31:12,868 [INFO] [开始读取数据库表：sales_invoice_data]
2025-12-21 13:31:14,043 [INFO] [成功读取表 sales_invoice_data，数据行数：21570]
2025-12-21 14:00:24,970 [INFO] [数据库引擎创建成功]
2025-12-21 14:00:24,980 [INFO] [开始读取数据库表：order_data]
2025-12-21 14:00:26,464 [INFO] [成功读取表 order_data，数据行数：23858]
2025-12-21 14:00:26,771 [INFO] [开始读取数据库表：sales_data]
2025-12-21 14:00:30,503 [INFO] [成功读取表 sales_data，数据行数：23957]
2025-12-21 14:00:32,352 [INFO] [开始读取数据库表：jingpin_data]
2025-12-21 14:00:32,508 [INFO] [成功读取表 jingpin_data，数据行数：5101]
2025-12-21 14:00:32,565 [INFO] [开始读取数据库表：inventory_data]
2025-12-21 14:00:32,880 [INFO] [成功读取表 inventory_data，数据行数：4323]
2025-12-21 14:00:32,880 [INFO] [开始读取数据库表：tuiding_data]
2025-12-21 14:00:33,110 [INFO] [成功读取表 tuiding_data，数据行数：4729]
2025-12-21 14:00:33,111 [INFO] [开始读取数据库表：debit_data]
2025-12-21 14:00:34,709 [INFO] [成功读取表 debit_data，数据行数：26691]
2025-12-21 14:00:35,056 [INFO] [开始读取数据库表：sales_invoice_data]
2025-12-21 14:00:36,387 [INFO] [成功读取表 sales_invoice_data，数据行数：21573]
2025-12-21 14:30:03,369 [INFO] [数据库引擎创建成功]
2025-12-21 14:30:03,370 [INFO] [开始读取数据库表：order_data]
2025-12-21 14:30:04,932 [INFO] [成功读取表 order_data，数据行数：23863]
2025-12-21 14:30:05,239 [INFO] [开始读取数据库表：sales_data]
2025-12-21 14:30:08,967 [INFO] [成功读取表 sales_data，数据行数：23960]
2025-12-21 14:30:10,779 [INFO] [开始读取数据库表：jingpin_data]
2025-12-21 14:30:10,961 [INFO] [成功读取表 jingpin_data，数据行数：5101]
2025-12-21 14:30:11,022 [INFO] [开始读取数据库表：inventory_data]
2025-12-21 14:30:11,457 [INFO] [成功读取表 inventory_data，数据行数：4319]
2025-12-21 14:30:11,457 [INFO] [开始读取数据库表：tuiding_data]
2025-12-21 14:30:11,724 [INFO] [成功读取表 tuiding_data，数据行数：4729]
2025-12-21 14:30:11,724 [INFO] [开始读取数据库表：debit_data]
2025-12-21 14:30:13,541 [INFO] [成功读取表 debit_data，数据行数：26691]
2025-12-21 14:30:13,963 [INFO] [开始读取数据库表：sales_invoice_data]
2025-12-21 14:30:15,196 [INFO] [成功读取表 sales_invoice_data，数据行数：21575]
2025-12-21 15:00:39,603 [INFO] [数据库引擎创建成功]
2025-12-21 15:00:39,603 [INFO] [开始读取数据库表：order_data]
2025-12-21 15:00:41,208 [INFO] [成功读取表 order_data，数据行数：23864]
2025-12-21 15:00:41,496 [INFO] [开始读取数据库表：sales_data]
2025-12-21 15:00:45,358 [INFO] [成功读取表 sales_data，数据行数：23965]
2025-12-21 15:00:47,322 [INFO] [开始读取数据库表：jingpin_data]
2025-12-21 15:00:47,506 [INFO] [成功读取表 jingpin_data，数据行数：5102]
2025-12-21 15:00:47,631 [INFO] [开始读取数据库表：inventory_data]
2025-12-21 15:00:48,004 [INFO] [成功读取表 inventory_data，数据行数：4317]
2025-12-21 15:00:48,004 [INFO] [开始读取数据库表：tuiding_data]
2025-12-21 15:00:48,287 [INFO] [成功读取表 tuiding_data，数据行数：4730]
2025-12-21 15:00:48,288 [INFO] [开始读取数据库表：debit_data]
2025-12-21 15:00:50,024 [INFO] [成功读取表 debit_data，数据行数：26691]
2025-12-21 15:00:50,397 [INFO] [开始读取数据库表：sales_invoice_data]
2025-12-21 15:00:51,723 [INFO] [成功读取表 sales_invoice_data，数据行数：21578]
2025-12-21 15:30:27,699 [INFO] [数据库引擎创建成功]
2025-12-21 15:30:27,700 [INFO] [开始读取数据库表：order_data]
2025-12-21 15:30:29,285 [INFO] [成功读取表 order_data，数据行数：23868]
2025-12-21 15:30:29,589 [INFO] [开始读取数据库表：sales_data]
2025-12-21 15:30:33,419 [INFO] [成功读取表 sales_data，数据行数：23969]
2025-12-21 15:30:35,274 [INFO] [开始读取数据库表：jingpin_data]
2025-12-21 15:30:35,453 [INFO] [成功读取表 jingpin_data，数据行数：5103]
2025-12-21 15:30:35,523 [INFO] [开始读取数据库表：inventory_data]
2025-12-21 15:30:35,873 [INFO] [成功读取表 inventory_data，数据行数：4312]
2025-12-21 15:30:35,873 [INFO] [开始读取数据库表：tuiding_data]
2025-12-21 15:30:36,132 [INFO] [成功读取表 tuiding_data，数据行数：4730]
2025-12-21 15:30:36,132 [INFO] [开始读取数据库表：debit_data]
2025-12-21 15:30:37,793 [INFO] [成功读取表 debit_data，数据行数：26691]
2025-12-21 15:30:38,140 [INFO] [开始读取数据库表：sales_invoice_data]
2025-12-21 15:30:39,406 [INFO] [成功读取表 sales_invoice_data，数据行数：21582]
2025-12-21 16:00:08,196 [INFO] [数据库引擎创建成功]
2025-12-21 16:00:08,196 [INFO] [开始读取数据库表：order_data]
2025-12-21 16:00:09,793 [INFO] [成功读取表 order_data，数据行数：23873]
2025-12-21 16:00:10,093 [INFO] [开始读取数据库表：sales_data]
2025-12-21 16:00:14,065 [INFO] [成功读取表 sales_data，数据行数：23975]
2025-12-21 16:00:16,121 [INFO] [开始读取数据库表：jingpin_data]
2025-12-21 16:00:16,323 [INFO] [成功读取表 jingpin_data，数据行数：5103]
2025-12-21 16:00:16,400 [INFO] [开始读取数据库表：inventory_data]
2025-12-21 16:00:16,808 [INFO] [成功读取表 inventory_data，数据行数：4306]
2025-12-21 16:00:16,808 [INFO] [开始读取数据库表：tuiding_data]
2025-12-21 16:00:17,064 [INFO] [成功读取表 tuiding_data，数据行数：4730]
2025-12-21 16:00:17,065 [INFO] [开始读取数据库表：debit_data]
2025-12-21 16:00:18,763 [INFO] [成功读取表 debit_data，数据行数：26691]
2025-12-21 16:00:19,132 [INFO] [开始读取数据库表：sales_invoice_data]
2025-12-21 16:00:20,293 [INFO] [成功读取表 sales_invoice_data，数据行数：21588]
2025-12-21 16:30:15,964 [INFO] [数据库引擎创建成功]
2025-12-21 16:30:15,975 [INFO] [开始读取数据库表：order_data]
2025-12-21 16:30:17,476 [INFO] [成功读取表 order_data，数据行数：23881]
2025-12-21 16:30:17,761 [INFO] [开始读取数据库表：sales_data]
2025-12-21 16:30:21,801 [INFO] [成功读取表 sales_data，数据行数：23978]
2025-12-21 16:30:23,792 [INFO] [开始读取数据库表：jingpin_data]
2025-12-21 16:30:23,953 [INFO] [成功读取表 jingpin_data，数据行数：5104]
2025-12-21 16:30:24,014 [INFO] [开始读取数据库表：inventory_data]
2025-12-21 16:30:24,324 [INFO] [成功读取表 inventory_data，数据行数：4303]
2025-12-21 16:30:24,324 [INFO] [开始读取数据库表：tuiding_data]
2025-12-21 16:30:24,596 [INFO] [成功读取表 tuiding_data，数据行数：4734]
2025-12-21 16:30:24,596 [INFO] [开始读取数据库表：debit_data]
2025-12-21 16:30:26,145 [INFO] [成功读取表 debit_data，数据行数：26691]
2025-12-21 16:30:26,524 [INFO] [开始读取数据库表：sales_invoice_data]
2025-12-21 16:30:27,791 [INFO] [成功读取表 sales_invoice_data，数据行数：21591]
2025-12-21 16:59:53,402 [INFO] [数据库引擎创建成功]
2025-12-21 16:59:53,412 [INFO] [开始读取数据库表：order_data]
2025-12-21 16:59:54,893 [INFO] [成功读取表 order_data，数据行数：23887]
2025-12-21 16:59:55,180 [INFO] [开始读取数据库表：sales_data]
2025-12-21 16:59:58,878 [INFO] [成功读取表 sales_data，数据行数：23982]
2025-12-21 17:00:00,730 [INFO] [开始读取数据库表：jingpin_data]
2025-12-21 17:00:00,870 [INFO] [成功读取表 jingpin_data，数据行数：5104]
2025-12-21 17:00:00,938 [INFO] [开始读取数据库表：inventory_data]
2025-12-21 17:00:01,231 [INFO] [成功读取表 inventory_data，数据行数：4301]
2025-12-21 17:00:01,231 [INFO] [开始读取数据库表：tuiding_data]
2025-12-21 17:00:01,452 [INFO] [成功读取表 tuiding_data，数据行数：4734]
2025-12-21 17:00:01,452 [INFO] [开始读取数据库表：debit_data]
2025-12-21 17:00:03,193 [INFO] [成功读取表 debit_data，数据行数：26691]
2025-12-21 17:00:03,535 [INFO] [开始读取数据库表：sales_invoice_data]
2025-12-21 17:00:04,718 [INFO] [成功读取表 sales_invoice_data，数据行数：21593]
2025-12-21 17:31:00,592 [INFO] [数据库引擎创建成功]
2025-12-21 17:31:00,601 [INFO] [开始读取数据库表：order_data]
2025-12-21 17:31:02,088 [INFO] [成功读取表 order_data，数据行数：23897]
2025-12-21 17:31:02,377 [INFO] [开始读取数据库表：sales_data]
2025-12-21 17:31:06,164 [INFO] [成功读取表 sales_data，数据行数：23991]
2025-12-21 17:31:08,016 [INFO] [开始读取数据库表：jingpin_data]
2025-12-21 17:31:08,181 [INFO] [成功读取表 jingpin_data，数据行数：5104]
2025-12-21 17:31:08,271 [INFO] [开始读取数据库表：inventory_data]
2025-12-21 17:31:08,645 [INFO] [成功读取表 inventory_data，数据行数：4292]
2025-12-21 17:31:08,645 [INFO] [开始读取数据库表：tuiding_data]
2025-12-21 17:31:08,949 [INFO] [成功读取表 tuiding_data，数据行数：4734]
2025-12-21 17:31:08,949 [INFO] [开始读取数据库表：debit_data]
2025-12-21 17:31:10,533 [INFO] [成功读取表 debit_data，数据行数：26691]
2025-12-21 17:31:10,857 [INFO] [开始读取数据库表：sales_invoice_data]
2025-12-21 17:31:12,017 [INFO] [成功读取表 sales_invoice_data，数据行数：21602]
2025-12-21 18:00:31,166 [INFO] [数据库引擎创建成功]
2025-12-21 18:00:31,176 [INFO] [开始读取数据库表：order_data]
2025-12-21 18:00:32,803 [INFO] [成功读取表 order_data，数据行数：23908]
2025-12-21 18:00:33,124 [INFO] [开始读取数据库表：sales_data]
2025-12-21 18:00:36,964 [INFO] [成功读取表 sales_data，数据行数：23995]
2025-12-21 18:00:38,832 [INFO] [开始读取数据库表：jingpin_data]
2025-12-21 18:00:38,978 [INFO] [成功读取表 jingpin_data，数据行数：5107]
2025-12-21 18:00:39,048 [INFO] [开始读取数据库表：inventory_data]
2025-12-21 18:00:39,375 [INFO] [成功读取表 inventory_data，数据行数：4288]
2025-12-21 18:00:39,376 [INFO] [开始读取数据库表：tuiding_data]
2025-12-21 18:00:39,614 [INFO] [成功读取表 tuiding_data，数据行数：4734]
2025-12-21 18:00:39,615 [INFO] [开始读取数据库表：debit_data]
2025-12-21 18:00:41,193 [INFO] [成功读取表 debit_data，数据行数：26691]
2025-12-21 18:00:41,540 [INFO] [开始读取数据库表：sales_invoice_data]
2025-12-21 18:00:42,835 [INFO] [成功读取表 sales_invoice_data，数据行数：21606]
2025-12-21 18:29:55,194 [INFO] [数据库引擎创建成功]
2025-12-21 18:29:55,196 [INFO] [开始读取数据库表：order_data]
2025-12-21 18:29:56,713 [INFO] [成功读取表 order_data，数据行数：23918]
2025-12-21 18:29:57,003 [INFO] [开始读取数据库表：sales_data]
2025-12-21 18:30:00,503 [INFO] [成功读取表 sales_data，数据行数：23998]
2025-12-21 18:30:02,322 [INFO] [开始读取数据库表：jingpin_data]
2025-12-21 18:30:02,489 [INFO] [成功读取表 jingpin_data，数据行数：5109]
2025-12-21 18:30:02,569 [INFO] [开始读取数据库表：inventory_data]
2025-12-21 18:30:02,916 [INFO] [成功读取表 inventory_data，数据行数：4285]
2025-12-21 18:30:02,917 [INFO] [开始读取数据库表：tuiding_data]
2025-12-21 18:30:03,165 [INFO] [成功读取表 tuiding_data，数据行数：4735]
2025-12-21 18:30:03,165 [INFO] [开始读取数据库表：debit_data]
2025-12-21 18:30:04,657 [INFO] [成功读取表 debit_data，数据行数：26691]
2025-12-21 18:30:05,012 [INFO] [开始读取数据库表：sales_invoice_data]
2025-12-21 18:30:06,242 [INFO] [成功读取表 sales_invoice_data，数据行数：21609]
2025-12-21 19:00:03,742 [INFO] [数据库引擎创建成功]
2025-12-21 19:00:03,743 [INFO] [开始读取数据库表：order_data]
2025-12-21 19:00:05,222 [INFO] [成功读取表 order_data，数据行数：23924]
2025-12-21 19:00:05,539 [INFO] [开始读取数据库表：sales_data]
2025-12-21 19:00:09,316 [INFO] [成功读取表 sales_data，数据行数：24004]
2025-12-21 19:00:11,175 [INFO] [开始读取数据库表：jingpin_data]
2025-12-21 19:00:11,399 [INFO] [成功读取表 jingpin_data，数据行数：5109]
2025-12-21 19:00:11,478 [INFO] [开始读取数据库表：inventory_data]
2025-12-21 19:00:11,857 [INFO] [成功读取表 inventory_data，数据行数：4279]
2025-12-21 19:00:11,858 [INFO] [开始读取数据库表：tuiding_data]
2025-12-21 19:00:12,115 [INFO] [成功读取表 tuiding_data，数据行数：4735]
2025-12-21 19:00:12,116 [INFO] [开始读取数据库表：debit_data]
2025-12-21 19:00:13,826 [INFO] [成功读取表 debit_data，数据行数：26693]
2025-12-21 19:00:14,219 [INFO] [开始读取数据库表：sales_invoice_data]
2025-12-21 19:00:15,622 [INFO] [成功读取表 sales_invoice_data，数据行数：21615]
2025-12-21 19:30:25,045 [INFO] [数据库引擎创建成功]
2025-12-21 19:30:25,054 [INFO] [开始读取数据库表：order_data]
2025-12-21 19:30:26,513 [INFO] [成功读取表 order_data，数据行数：23928]
2025-12-21 19:30:26,811 [INFO] [开始读取数据库表：sales_data]
2025-12-21 19:30:30,647 [INFO] [成功读取表 sales_data，数据行数：24005]
2025-12-21 19:30:32,406 [INFO] [开始读取数据库表：jingpin_data]
2025-12-21 19:30:32,588 [INFO] [成功读取表 jingpin_data，数据行数：5109]
2025-12-21 19:30:32,649 [INFO] [开始读取数据库表：inventory_data]
2025-12-21 19:30:33,034 [INFO] [成功读取表 inventory_data，数据行数：4278]
2025-12-21 19:30:33,034 [INFO] [开始读取数据库表：tuiding_data]
2025-12-21 19:30:33,274 [INFO] [成功读取表 tuiding_data，数据行数：4735]
2025-12-21 19:30:33,274 [INFO] [开始读取数据库表：debit_data]
2025-12-21 19:30:34,913 [INFO] [成功读取表 debit_data，数据行数：26693]
2025-12-21 19:30:35,298 [INFO] [开始读取数据库表：sales_invoice_data]
2025-12-21 19:30:36,477 [INFO] [成功读取表 sales_invoice_data，数据行数：21616]
2025-12-21 19:59:35,269 [INFO] [数据库引擎创建成功]
2025-12-21 19:59:35,279 [INFO] [开始读取数据库表：order_data]
2025-12-21 19:59:36,751 [INFO] [成功读取表 order_data，数据行数：23929]
2025-12-21 19:59:37,086 [INFO] [开始读取数据库表：sales_data]
2025-12-21 19:59:40,632 [INFO] [成功读取表 sales_data，数据行数：24005]
2025-12-21 19:59:42,548 [INFO] [开始读取数据库表：jingpin_data]
2025-12-21 19:59:42,736 [INFO] [成功读取表 jingpin_data，数据行数：5109]
2025-12-21 19:59:42,827 [INFO] [开始读取数据库表：inventory_data]
2025-12-21 19:59:43,145 [INFO] [成功读取表 inventory_data，数据行数：4278]
2025-12-21 19:59:43,146 [INFO] [开始读取数据库表：tuiding_data]
2025-12-21 19:59:43,423 [INFO] [成功读取表 tuiding_data，数据行数：4735]
2025-12-21 19:59:43,423 [INFO] [开始读取数据库表：debit_data]
2025-12-21 19:59:44,904 [INFO] [成功读取表 debit_data，数据行数：26693]
2025-12-21 19:59:45,232 [INFO] [开始读取数据库表：sales_invoice_data]
2025-12-21 19:59:46,424 [INFO] [成功读取表 sales_invoice_data，数据行数：21616]
2025-12-21 20:29:57,967 [INFO] [数据库引擎创建成功]
2025-12-21 20:29:57,967 [INFO] [开始读取数据库表：order_data]
2025-12-21 20:29:59,520 [INFO] [成功读取表 order_data，数据行数：23931]
2025-12-21 20:29:59,819 [INFO] [开始读取数据库表：sales_data]
2025-12-21 20:30:03,207 [INFO] [成功读取表 sales_data，数据行数：24005]
2025-12-21 20:30:04,874 [INFO] [开始读取数据库表：jingpin_data]
2025-12-21 20:30:05,015 [INFO] [成功读取表 jingpin_data，数据行数：5109]
2025-12-21 20:30:05,085 [INFO] [开始读取数据库表：inventory_data]
2025-12-21 20:30:05,362 [INFO] [成功读取表 inventory_data，数据行数：4278]
2025-12-21 20:30:05,362 [INFO] [开始读取数据库表：tuiding_data]
2025-12-21 20:30:05,583 [INFO] [成功读取表 tuiding_data，数据行数：4735]
2025-12-21 20:30:05,583 [INFO] [开始读取数据库表：debit_data]
2025-12-21 20:30:07,103 [INFO] [成功读取表 debit_data，数据行数：26693]
2025-12-21 20:30:07,465 [INFO] [开始读取数据库表：sales_invoice_data]
2025-12-21 20:30:08,681 [INFO] [成功读取表 sales_invoice_data，数据行数：21616]
2025-12-21 20:59:58,872 [INFO] [数据库引擎创建成功]
2025-12-21 20:59:58,881 [INFO] [开始读取数据库表：order_data]
2025-12-21 21:00:00,361 [INFO] [成功读取表 order_data，数据行数：23931]
2025-12-21 21:00:00,707 [INFO] [开始读取数据库表：sales_data]
2025-12-21 21:00:04,535 [INFO] [成功读取表 sales_data，数据行数：24005]
2025-12-21 21:00:06,360 [INFO] [开始读取数据库表：jingpin_data]
2025-12-21 21:00:06,557 [INFO] [成功读取表 jingpin_data，数据行数：5109]
2025-12-21 21:00:06,647 [INFO] [开始读取数据库表：inventory_data]
2025-12-21 21:00:06,987 [INFO] [成功读取表 inventory_data，数据行数：4278]
2025-12-21 21:00:06,987 [INFO] [开始读取数据库表：tuiding_data]
2025-12-21 21:00:07,280 [INFO] [成功读取表 tuiding_data，数据行数：4735]
2025-12-21 21:00:07,280 [INFO] [开始读取数据库表：debit_data]
2025-12-21 21:00:08,809 [INFO] [成功读取表 debit_data，数据行数：26693]
2025-12-21 21:00:09,190 [INFO] [开始读取数据库表：sales_invoice_data]
2025-12-21 21:00:10,405 [INFO] [成功读取表 sales_invoice_data，数据行数：21616]
2025-12-21 21:29:36,799 [INFO] [数据库引擎创建成功]
2025-12-21 21:29:36,810 [INFO] [开始读取数据库表：order_data]
2025-12-21 21:29:38,275 [INFO] [成功读取表 order_data，数据行数：23931]
2025-12-21 21:29:38,573 [INFO] [开始读取数据库表：sales_data]
2025-12-21 21:29:42,140 [INFO] [成功读取表 sales_data，数据行数：24005]
2025-12-21 21:29:44,061 [INFO] [开始读取数据库表：jingpin_data]
2025-12-21 21:29:44,209 [INFO] [成功读取表 jingpin_data，数据行数：5109]
2025-12-21 21:29:44,297 [INFO] [开始读取数据库表：inventory_data]
2025-12-21 21:29:44,691 [INFO] [成功读取表 inventory_data，数据行数：4278]
2025-12-21 21:29:44,691 [INFO] [开始读取数据库表：tuiding_data]
2025-12-21 21:29:44,936 [INFO] [成功读取表 tuiding_data，数据行数：4735]
2025-12-21 21:29:44,936 [INFO] [开始读取数据库表：debit_data]
2025-12-21 21:29:46,587 [INFO] [成功读取表 debit_data，数据行数：26693]
2025-12-21 21:29:46,953 [INFO] [开始读取数据库表：sales_invoice_data]
2025-12-21 21:29:48,266 [INFO] [成功读取表 sales_invoice_data，数据行数：21616]
2025-12-21 21:59:58,239 [INFO] [数据库引擎创建成功]
2025-12-21 21:59:58,249 [INFO] [开始读取数据库表：order_data]
2025-12-21 21:59:59,731 [INFO] [成功读取表 order_data，数据行数：23932]
2025-12-21 22:00:00,029 [INFO] [开始读取数据库表：sales_data]
2025-12-21 22:00:04,039 [INFO] [成功读取表 sales_data，数据行数：24005]
2025-12-21 22:00:06,080 [INFO] [开始读取数据库表：jingpin_data]
2025-12-21 22:00:06,293 [INFO] [成功读取表 jingpin_data，数据行数：5109]
2025-12-21 22:00:06,367 [INFO] [开始读取数据库表：inventory_data]
2025-12-21 22:00:06,810 [INFO] [成功读取表 inventory_data，数据行数：4278]
2025-12-21 22:00:06,810 [INFO] [开始读取数据库表：tuiding_data]
2025-12-21 22:00:07,094 [INFO] [成功读取表 tuiding_data，数据行数：4735]
2025-12-21 22:00:07,095 [INFO] [开始读取数据库表：debit_data]
2025-12-21 22:00:09,026 [INFO] [成功读取表 debit_data，数据行数：26693]
2025-12-21 22:00:09,416 [INFO] [开始读取数据库表：sales_invoice_data]
2025-12-21 22:00:10,773 [INFO] [成功读取表 sales_invoice_data，数据行数：21616]
