2025-12-23 08:58:37,880 [INFO] [数据库引擎创建成功]
2025-12-23 08:58:37,881 [INFO] [开始读取数据库表：order_data]
2025-12-23 08:58:39,214 [INFO] [成功读取表 order_data，数据行数：25434]
2025-12-23 08:58:39,476 [INFO] [开始读取数据库表：sales_data]
2025-12-23 08:58:42,478 [INFO] [成功读取表 sales_data，数据行数：24148]
2025-12-23 08:58:43,905 [INFO] [开始读取数据库表：jingpin_data]
2025-12-23 08:58:44,039 [INFO] [成功读取表 jingpin_data，数据行数：5134]
2025-12-23 08:58:44,093 [INFO] [开始读取数据库表：inventory_data]
2025-12-23 08:58:44,391 [INFO] [成功读取表 inventory_data，数据行数：4153]
2025-12-23 08:58:44,392 [INFO] [开始读取数据库表：tuiding_data]
2025-12-23 08:58:44,578 [INFO] [成功读取表 tuiding_data，数据行数：4752]
2025-12-23 08:58:44,578 [INFO] [开始读取数据库表：debit_data]
2025-12-23 08:58:45,950 [INFO] [成功读取表 debit_data，数据行数：26627]
2025-12-23 08:58:46,765 [INFO] [开始读取数据库表：sales_invoice_data]
2025-12-23 08:58:47,764 [INFO] [成功读取表 sales_invoice_data，数据行数：21739]
2025-12-23 09:30:16,511 [INFO] [数据库引擎创建成功]
2025-12-23 09:30:16,512 [INFO] [开始读取数据库表：order_data]
2025-12-23 09:30:17,889 [INFO] [成功读取表 order_data，数据行数：25438]
2025-12-23 09:30:18,133 [INFO] [开始读取数据库表：sales_data]
2025-12-23 09:30:21,126 [INFO] [成功读取表 sales_data，数据行数：24150]
2025-12-23 09:30:22,747 [INFO] [开始读取数据库表：jingpin_data]
2025-12-23 09:30:22,884 [INFO] [成功读取表 jingpin_data，数据行数：5135]
2025-12-23 09:30:22,951 [INFO] [开始读取数据库表：inventory_data]
2025-12-23 09:30:23,299 [INFO] [成功读取表 inventory_data，数据行数：4150]
2025-12-23 09:30:23,299 [INFO] [开始读取数据库表：tuiding_data]
2025-12-23 09:30:23,487 [INFO] [成功读取表 tuiding_data，数据行数：4753]
2025-12-23 09:30:23,488 [INFO] [开始读取数据库表：debit_data]
2025-12-23 09:30:24,849 [INFO] [成功读取表 debit_data，数据行数：26627]
2025-12-23 09:30:25,157 [INFO] [开始读取数据库表：sales_invoice_data]
2025-12-23 09:30:26,226 [INFO] [成功读取表 sales_invoice_data，数据行数：21741]
2025-12-23 10:03:12,826 [INFO] [数据库引擎创建成功]
2025-12-23 10:03:12,826 [INFO] [开始读取数据库表：order_data]
2025-12-23 10:03:14,890 [INFO] [成功读取表 order_data，数据行数：25445]
2025-12-23 10:03:15,229 [INFO] [开始读取数据库表：sales_data]
2025-12-23 10:03:19,559 [INFO] [成功读取表 sales_data，数据行数：24150]
2025-12-23 10:03:21,539 [INFO] [开始读取数据库表：jingpin_data]
2025-12-23 10:03:21,733 [INFO] [成功读取表 jingpin_data，数据行数：5135]
2025-12-23 10:03:21,808 [INFO] [开始读取数据库表：inventory_data]
2025-12-23 10:03:22,222 [INFO] [成功读取表 inventory_data，数据行数：4151]
2025-12-23 10:03:22,222 [INFO] [开始读取数据库表：tuiding_data]
2025-12-23 10:03:22,479 [INFO] [成功读取表 tuiding_data，数据行数：4755]
2025-12-23 10:03:22,479 [INFO] [开始读取数据库表：debit_data]
2025-12-23 10:03:24,316 [INFO] [成功读取表 debit_data，数据行数：26627]
2025-12-23 10:03:24,709 [INFO] [开始读取数据库表：sales_invoice_data]
2025-12-23 10:03:26,131 [INFO] [成功读取表 sales_invoice_data，数据行数：21741]
2025-12-23 10:30:22,239 [INFO] [数据库引擎创建成功]
2025-12-23 10:30:22,239 [INFO] [开始读取数据库表：order_data]
2025-12-23 10:30:23,634 [INFO] [成功读取表 order_data，数据行数：25448]
2025-12-23 10:30:23,903 [INFO] [开始读取数据库表：sales_data]
2025-12-23 10:30:27,050 [INFO] [成功读取表 sales_data，数据行数：24155]
2025-12-23 10:30:28,574 [INFO] [开始读取数据库表：jingpin_data]
2025-12-23 10:30:28,710 [INFO] [成功读取表 jingpin_data，数据行数：5135]
2025-12-23 10:30:28,758 [INFO] [开始读取数据库表：inventory_data]
2025-12-23 10:30:29,085 [INFO] [成功读取表 inventory_data，数据行数：4153]
2025-12-23 10:30:29,085 [INFO] [开始读取数据库表：tuiding_data]
2025-12-23 10:30:29,282 [INFO] [成功读取表 tuiding_data，数据行数：4755]
2025-12-23 10:30:29,282 [INFO] [开始读取数据库表：debit_data]
2025-12-23 10:30:30,624 [INFO] [成功读取表 debit_data，数据行数：26627]
2025-12-23 10:30:30,932 [INFO] [开始读取数据库表：sales_invoice_data]
2025-12-23 10:30:31,962 [INFO] [成功读取表 sales_invoice_data，数据行数：21744]
2025-12-23 11:02:01,193 [INFO] [数据库引擎创建成功]
2025-12-23 11:02:01,194 [INFO] [开始读取数据库表：order_data]
2025-12-23 11:02:03,021 [INFO] [成功读取表 order_data，数据行数：25458]
2025-12-23 11:02:03,363 [INFO] [开始读取数据库表：sales_data]
2025-12-23 11:02:07,783 [INFO] [成功读取表 sales_data，数据行数：24161]
2025-12-23 11:02:09,774 [INFO] [开始读取数据库表：jingpin_data]
2025-12-23 11:02:09,980 [INFO] [成功读取表 jingpin_data，数据行数：5135]
2025-12-23 11:02:10,060 [INFO] [开始读取数据库表：inventory_data]
2025-12-23 11:02:10,494 [INFO] [成功读取表 inventory_data，数据行数：4148]
2025-12-23 11:02:10,494 [INFO] [开始读取数据库表：tuiding_data]
2025-12-23 11:02:10,741 [INFO] [成功读取表 tuiding_data，数据行数：4755]
2025-12-23 11:02:10,742 [INFO] [开始读取数据库表：debit_data]
2025-12-23 11:02:12,547 [INFO] [成功读取表 debit_data，数据行数：26627]
2025-12-23 11:02:12,933 [INFO] [开始读取数据库表：sales_invoice_data]
2025-12-23 11:02:14,366 [INFO] [成功读取表 sales_invoice_data，数据行数：21748]
2025-12-23 11:32:25,287 [INFO] [数据库引擎创建成功]
2025-12-23 11:32:25,287 [INFO] [开始读取数据库表：order_data]
2025-12-23 11:32:29,603 [INFO] [成功读取表 order_data，数据行数：25463]
2025-12-23 11:32:30,252 [INFO] [开始读取数据库表：sales_data]
2025-12-23 11:32:34,690 [INFO] [成功读取表 sales_data，数据行数：24171]
2025-12-23 11:32:38,466 [INFO] [开始读取数据库表：jingpin_data]
2025-12-23 11:32:38,671 [INFO] [成功读取表 jingpin_data，数据行数：5136]
2025-12-23 11:32:38,743 [INFO] [开始读取数据库表：inventory_data]
2025-12-23 11:32:39,208 [INFO] [成功读取表 inventory_data，数据行数：4140]
2025-12-23 11:32:39,208 [INFO] [开始读取数据库表：tuiding_data]
2025-12-23 11:32:39,470 [INFO] [成功读取表 tuiding_data，数据行数：4755]
2025-12-23 11:32:39,470 [INFO] [开始读取数据库表：debit_data]
2025-12-23 11:32:41,325 [INFO] [成功读取表 debit_data，数据行数：26627]
2025-12-23 11:32:41,722 [INFO] [开始读取数据库表：sales_invoice_data]
2025-12-23 11:32:43,189 [INFO] [成功读取表 sales_invoice_data，数据行数：21757]
2025-12-23 12:02:53,657 [INFO] [数据库引擎创建成功]
2025-12-23 12:02:53,658 [INFO] [开始读取数据库表：order_data]
2025-12-23 12:02:55,627 [INFO] [成功读取表 order_data，数据行数：25467]
2025-12-23 12:02:55,972 [INFO] [开始读取数据库表：sales_data]
2025-12-23 12:03:00,113 [INFO] [成功读取表 sales_data，数据行数：24180]
2025-12-23 12:03:02,021 [INFO] [开始读取数据库表：jingpin_data]
2025-12-23 12:03:02,209 [INFO] [成功读取表 jingpin_data，数据行数：5140]
2025-12-23 12:03:02,282 [INFO] [开始读取数据库表：inventory_data]
2025-12-23 12:03:02,702 [INFO] [成功读取表 inventory_data，数据行数：4131]
2025-12-23 12:03:02,702 [INFO] [开始读取数据库表：tuiding_data]
2025-12-23 12:03:02,951 [INFO] [成功读取表 tuiding_data，数据行数：4755]
2025-12-23 12:03:02,951 [INFO] [开始读取数据库表：debit_data]
2025-12-23 12:03:04,752 [INFO] [成功读取表 debit_data，数据行数：26627]
2025-12-23 12:03:05,139 [INFO] [开始读取数据库表：sales_invoice_data]
2025-12-23 12:03:06,540 [INFO] [成功读取表 sales_invoice_data，数据行数：21765]
2025-12-23 12:32:13,121 [INFO] [数据库引擎创建成功]
2025-12-23 12:32:13,130 [INFO] [开始读取数据库表：order_data]
2025-12-23 12:32:15,128 [INFO] [成功读取表 order_data，数据行数：25472]
2025-12-23 12:32:15,466 [INFO] [开始读取数据库表：sales_data]
2025-12-23 12:32:19,587 [INFO] [成功读取表 sales_data，数据行数：24181]
2025-12-23 12:32:21,619 [INFO] [开始读取数据库表：jingpin_data]
2025-12-23 12:32:21,802 [INFO] [成功读取表 jingpin_data，数据行数：5141]
2025-12-23 12:32:21,891 [INFO] [开始读取数据库表：inventory_data]
2025-12-23 12:32:22,313 [INFO] [成功读取表 inventory_data，数据行数：4217]
2025-12-23 12:32:22,313 [INFO] [开始读取数据库表：tuiding_data]
2025-12-23 12:32:22,559 [INFO] [成功读取表 tuiding_data，数据行数：4755]
2025-12-23 12:32:22,559 [INFO] [开始读取数据库表：debit_data]
2025-12-23 12:32:24,368 [INFO] [成功读取表 debit_data，数据行数：26709]
2025-12-23 12:32:24,780 [INFO] [开始读取数据库表：sales_invoice_data]
2025-12-23 12:32:26,168 [INFO] [成功读取表 sales_invoice_data，数据行数：21766]
2025-12-23 13:01:50,649 [INFO] [数据库引擎创建成功]
2025-12-23 13:01:50,649 [INFO] [开始读取数据库表：order_data]
2025-12-23 13:01:52,593 [INFO] [成功读取表 order_data，数据行数：25473]
2025-12-23 13:01:52,937 [INFO] [开始读取数据库表：sales_data]
2025-12-23 13:01:57,160 [INFO] [成功读取表 sales_data，数据行数：24185]
2025-12-23 13:01:59,169 [INFO] [开始读取数据库表：jingpin_data]
2025-12-23 13:01:59,361 [INFO] [成功读取表 jingpin_data，数据行数：5143]
2025-12-23 13:01:59,438 [INFO] [开始读取数据库表：inventory_data]
2025-12-23 13:01:59,865 [INFO] [成功读取表 inventory_data，数据行数：4213]
2025-12-23 13:01:59,865 [INFO] [开始读取数据库表：tuiding_data]
2025-12-23 13:02:00,120 [INFO] [成功读取表 tuiding_data，数据行数：4755]
2025-12-23 13:02:00,120 [INFO] [开始读取数据库表：debit_data]
2025-12-23 13:02:01,941 [INFO] [成功读取表 debit_data，数据行数：26766]
2025-12-23 13:02:02,335 [INFO] [开始读取数据库表：sales_invoice_data]
2025-12-23 13:02:03,736 [INFO] [成功读取表 sales_invoice_data，数据行数：21769]
2025-12-23 13:33:28,008 [INFO] [数据库引擎创建成功]
2025-12-23 13:33:28,009 [INFO] [开始读取数据库表：order_data]
2025-12-23 13:33:30,014 [INFO] [成功读取表 order_data，数据行数：25478]
2025-12-23 13:33:30,342 [INFO] [开始读取数据库表：sales_data]
2025-12-23 13:33:34,575 [INFO] [成功读取表 sales_data，数据行数：24191]
2025-12-23 13:33:36,514 [INFO] [开始读取数据库表：jingpin_data]
2025-12-23 13:33:36,702 [INFO] [成功读取表 jingpin_data，数据行数：5143]
2025-12-23 13:33:36,780 [INFO] [开始读取数据库表：inventory_data]
2025-12-23 13:33:37,233 [INFO] [成功读取表 inventory_data，数据行数：4208]
2025-12-23 13:33:37,233 [INFO] [开始读取数据库表：tuiding_data]
2025-12-23 13:33:37,489 [INFO] [成功读取表 tuiding_data，数据行数：4755]
2025-12-23 13:33:37,489 [INFO] [开始读取数据库表：debit_data]
2025-12-23 13:33:39,333 [INFO] [成功读取表 debit_data，数据行数：26766]
2025-12-23 13:33:39,714 [INFO] [开始读取数据库表：sales_invoice_data]
2025-12-23 13:33:40,848 [INFO] [成功读取表 sales_invoice_data，数据行数：21774]
2025-12-23 14:03:03,867 [INFO] [数据库引擎创建成功]
2025-12-23 14:03:03,868 [INFO] [开始读取数据库表：order_data]
2025-12-23 14:03:05,714 [INFO] [成功读取表 order_data，数据行数：25484]
2025-12-23 14:03:06,006 [INFO] [开始读取数据库表：sales_data]
2025-12-23 14:03:10,157 [INFO] [成功读取表 sales_data，数据行数：24197]
2025-12-23 14:03:12,061 [INFO] [开始读取数据库表：jingpin_data]
2025-12-23 14:03:12,255 [INFO] [成功读取表 jingpin_data，数据行数：5146]
2025-12-23 14:03:12,327 [INFO] [开始读取数据库表：inventory_data]
2025-12-23 14:03:12,775 [INFO] [成功读取表 inventory_data，数据行数：4202]
2025-12-23 14:03:12,775 [INFO] [开始读取数据库表：tuiding_data]
2025-12-23 14:03:13,030 [INFO] [成功读取表 tuiding_data，数据行数：4755]
2025-12-23 14:03:13,031 [INFO] [开始读取数据库表：debit_data]
2025-12-23 14:03:14,829 [INFO] [成功读取表 debit_data，数据行数：26766]
2025-12-23 14:03:15,213 [INFO] [开始读取数据库表：sales_invoice_data]
2025-12-23 14:03:16,606 [INFO] [成功读取表 sales_invoice_data，数据行数：21780]
2025-12-23 14:32:35,424 [INFO] [数据库引擎创建成功]
2025-12-23 14:32:35,424 [INFO] [开始读取数据库表：order_data]
2025-12-23 14:32:37,223 [INFO] [成功读取表 order_data，数据行数：25484]
2025-12-23 14:32:37,536 [INFO] [开始读取数据库表：sales_data]
2025-12-23 14:32:41,624 [INFO] [成功读取表 sales_data，数据行数：24197]
2025-12-23 14:32:43,561 [INFO] [开始读取数据库表：jingpin_data]
2025-12-23 14:32:43,730 [INFO] [成功读取表 jingpin_data，数据行数：5150]
2025-12-23 14:32:43,800 [INFO] [开始读取数据库表：inventory_data]
2025-12-23 14:32:44,212 [INFO] [成功读取表 inventory_data，数据行数：4199]
2025-12-23 14:32:44,212 [INFO] [开始读取数据库表：tuiding_data]
2025-12-23 14:32:44,452 [INFO] [成功读取表 tuiding_data，数据行数：4755]
2025-12-23 14:32:44,452 [INFO] [开始读取数据库表：debit_data]
2025-12-23 14:32:46,264 [INFO] [成功读取表 debit_data，数据行数：26766]
2025-12-23 14:32:46,603 [INFO] [开始读取数据库表：sales_invoice_data]
2025-12-23 14:32:47,927 [INFO] [成功读取表 sales_invoice_data，数据行数：21783]
2025-12-23 15:02:19,072 [INFO] [数据库引擎创建成功]
2025-12-23 15:02:19,073 [INFO] [开始读取数据库表：order_data]
2025-12-23 15:02:21,089 [INFO] [成功读取表 order_data，数据行数：25489]
2025-12-23 15:02:21,384 [INFO] [开始读取数据库表：sales_data]
2025-12-23 15:02:25,602 [INFO] [成功读取表 sales_data，数据行数：24205]
2025-12-23 15:02:27,769 [INFO] [开始读取数据库表：jingpin_data]
2025-12-23 15:02:27,964 [INFO] [成功读取表 jingpin_data，数据行数：5150]
2025-12-23 15:02:28,030 [INFO] [开始读取数据库表：inventory_data]
2025-12-23 15:02:28,529 [INFO] [成功读取表 inventory_data，数据行数：4191]
2025-12-23 15:02:28,529 [INFO] [开始读取数据库表：tuiding_data]
2025-12-23 15:02:28,825 [INFO] [成功读取表 tuiding_data，数据行数：4755]
2025-12-23 15:02:28,825 [INFO] [开始读取数据库表：debit_data]
2025-12-23 15:02:30,580 [INFO] [成功读取表 debit_data，数据行数：26766]
2025-12-23 15:02:30,978 [INFO] [开始读取数据库表：sales_invoice_data]
2025-12-23 15:02:32,306 [INFO] [成功读取表 sales_invoice_data，数据行数：21791]
2025-12-23 15:32:24,122 [INFO] [数据库引擎创建成功]
2025-12-23 15:32:24,130 [INFO] [开始读取数据库表：order_data]
2025-12-23 15:32:26,062 [INFO] [成功读取表 order_data，数据行数：25491]
2025-12-23 15:32:26,329 [INFO] [开始读取数据库表：sales_data]
2025-12-23 15:32:30,514 [INFO] [成功读取表 sales_data，数据行数：24210]
2025-12-23 15:32:32,508 [INFO] [开始读取数据库表：jingpin_data]
2025-12-23 15:32:32,701 [INFO] [成功读取表 jingpin_data，数据行数：5151]
2025-12-23 15:32:32,773 [INFO] [开始读取数据库表：inventory_data]
2025-12-23 15:32:33,212 [INFO] [成功读取表 inventory_data，数据行数：4188]
2025-12-23 15:32:33,212 [INFO] [开始读取数据库表：tuiding_data]
2025-12-23 15:32:33,471 [INFO] [成功读取表 tuiding_data，数据行数：4758]
2025-12-23 15:32:33,471 [INFO] [开始读取数据库表：debit_data]
2025-12-23 15:32:35,321 [INFO] [成功读取表 debit_data，数据行数：26766]
2025-12-23 15:32:35,648 [INFO] [开始读取数据库表：sales_invoice_data]
2025-12-23 15:32:37,065 [INFO] [成功读取表 sales_invoice_data，数据行数：21795]
2025-12-23 16:02:25,090 [INFO] [数据库引擎创建成功]
2025-12-23 16:02:25,100 [INFO] [开始读取数据库表：order_data]
2025-12-23 16:02:27,060 [INFO] [成功读取表 order_data，数据行数：25495]
2025-12-23 16:02:27,391 [INFO] [开始读取数据库表：sales_data]
2025-12-23 16:02:31,190 [INFO] [成功读取表 sales_data，数据行数：24218]
2025-12-23 16:02:33,176 [INFO] [开始读取数据库表：jingpin_data]
2025-12-23 16:02:33,380 [INFO] [成功读取表 jingpin_data，数据行数：5152]
2025-12-23 16:02:33,459 [INFO] [开始读取数据库表：inventory_data]
2025-12-23 16:02:33,925 [INFO] [成功读取表 inventory_data，数据行数：4182]
2025-12-23 16:02:33,925 [INFO] [开始读取数据库表：tuiding_data]
2025-12-23 16:02:34,197 [INFO] [成功读取表 tuiding_data，数据行数：4758]
2025-12-23 16:02:34,198 [INFO] [开始读取数据库表：debit_data]
2025-12-23 16:02:36,024 [INFO] [成功读取表 debit_data，数据行数：26766]
2025-12-23 16:02:36,351 [INFO] [开始读取数据库表：sales_invoice_data]
2025-12-23 16:02:37,737 [INFO] [成功读取表 sales_invoice_data，数据行数：21801]
2025-12-23 16:33:21,631 [INFO] [数据库引擎创建成功]
2025-12-23 16:33:21,633 [INFO] [开始读取数据库表：order_data]
2025-12-23 16:33:23,522 [INFO] [成功读取表 order_data，数据行数：25503]
2025-12-23 16:33:23,852 [INFO] [开始读取数据库表：sales_data]
2025-12-23 16:33:27,899 [INFO] [成功读取表 sales_data，数据行数：24230]
2025-12-23 16:33:29,933 [INFO] [开始读取数据库表：jingpin_data]
2025-12-23 16:33:30,102 [INFO] [成功读取表 jingpin_data，数据行数：5152]
2025-12-23 16:33:30,177 [INFO] [开始读取数据库表：inventory_data]
2025-12-23 16:33:30,596 [INFO] [成功读取表 inventory_data，数据行数：4173]
2025-12-23 16:33:30,597 [INFO] [开始读取数据库表：tuiding_data]
2025-12-23 16:33:30,861 [INFO] [成功读取表 tuiding_data，数据行数：4759]
2025-12-23 16:33:30,862 [INFO] [开始读取数据库表：debit_data]
2025-12-23 16:33:32,584 [INFO] [成功读取表 debit_data，数据行数：26766]
2025-12-23 16:33:32,978 [INFO] [开始读取数据库表：sales_invoice_data]
2025-12-23 16:33:34,280 [INFO] [成功读取表 sales_invoice_data，数据行数：21810]
2025-12-23 17:02:00,378 [INFO] [数据库引擎创建成功]
2025-12-23 17:02:00,387 [INFO] [开始读取数据库表：order_data]
2025-12-23 17:02:01,821 [INFO] [成功读取表 order_data，数据行数：25510]
2025-12-23 17:02:02,119 [INFO] [开始读取数据库表：sales_data]
2025-12-23 17:02:05,335 [INFO] [成功读取表 sales_data，数据行数：24240]
2025-12-23 17:02:07,191 [INFO] [开始读取数据库表：jingpin_data]
2025-12-23 17:02:07,363 [INFO] [成功读取表 jingpin_data，数据行数：5154]
2025-12-23 17:02:07,440 [INFO] [开始读取数据库表：inventory_data]
2025-12-23 17:02:07,778 [INFO] [成功读取表 inventory_data，数据行数：4166]
2025-12-23 17:02:07,779 [INFO] [开始读取数据库表：tuiding_data]
2025-12-23 17:02:07,985 [INFO] [成功读取表 tuiding_data，数据行数：4759]
2025-12-23 17:02:07,986 [INFO] [开始读取数据库表：debit_data]
2025-12-23 17:02:09,473 [INFO] [成功读取表 debit_data，数据行数：26766]
2025-12-23 17:02:09,818 [INFO] [开始读取数据库表：sales_invoice_data]
2025-12-23 17:02:10,976 [INFO] [成功读取表 sales_invoice_data，数据行数：21819]
2025-12-23 17:31:28,056 [INFO] [数据库引擎创建成功]
2025-12-23 17:31:28,056 [INFO] [开始读取数据库表：order_data]
2025-12-23 17:31:29,296 [INFO] [成功读取表 order_data，数据行数：25514]
2025-12-23 17:31:29,526 [INFO] [开始读取数据库表：sales_data]
2025-12-23 17:31:32,606 [INFO] [成功读取表 sales_data，数据行数：24249]
2025-12-23 17:31:34,083 [INFO] [开始读取数据库表：jingpin_data]
2025-12-23 17:31:34,219 [INFO] [成功读取表 jingpin_data，数据行数：5158]
2025-12-23 17:31:34,278 [INFO] [开始读取数据库表：inventory_data]
2025-12-23 17:31:34,617 [INFO] [成功读取表 inventory_data，数据行数：4160]
2025-12-23 17:31:34,617 [INFO] [开始读取数据库表：tuiding_data]
2025-12-23 17:31:34,817 [INFO] [成功读取表 tuiding_data，数据行数：4760]
2025-12-23 17:31:34,818 [INFO] [开始读取数据库表：debit_data]
2025-12-23 17:31:36,118 [INFO] [成功读取表 debit_data，数据行数：26766]
2025-12-23 17:31:36,393 [INFO] [开始读取数据库表：sales_invoice_data]
2025-12-23 17:31:37,462 [INFO] [成功读取表 sales_invoice_data，数据行数：21824]
2025-12-23 18:01:26,562 [INFO] [数据库引擎创建成功]
2025-12-23 18:01:26,563 [INFO] [开始读取数据库表：order_data]
2025-12-23 18:01:28,296 [INFO] [成功读取表 order_data，数据行数：25519]
2025-12-23 18:01:28,599 [INFO] [开始读取数据库表：sales_data]
2025-12-23 18:01:34,438 [INFO] [成功读取表 sales_data，数据行数：24256]
2025-12-23 18:01:36,588 [INFO] [开始读取数据库表：jingpin_data]
2025-12-23 18:01:36,792 [INFO] [成功读取表 jingpin_data，数据行数：5158]
2025-12-23 18:01:36,877 [INFO] [开始读取数据库表：inventory_data]
2025-12-23 18:01:37,270 [INFO] [成功读取表 inventory_data，数据行数：4154]
2025-12-23 18:01:37,270 [INFO] [开始读取数据库表：tuiding_data]
2025-12-23 18:01:37,496 [INFO] [成功读取表 tuiding_data，数据行数：4761]
2025-12-23 18:01:37,496 [INFO] [开始读取数据库表：debit_data]
2025-12-23 18:01:39,209 [INFO] [成功读取表 debit_data，数据行数：26766]
2025-12-23 18:01:39,633 [INFO] [开始读取数据库表：sales_invoice_data]
2025-12-23 18:01:41,298 [INFO] [成功读取表 sales_invoice_data，数据行数：21830]
2025-12-23 18:30:43,871 [INFO] [数据库引擎创建成功]
2025-12-23 18:30:43,871 [INFO] [开始读取数据库表：order_data]
2025-12-23 18:30:45,239 [INFO] [成功读取表 order_data，数据行数：25519]
2025-12-23 18:30:45,490 [INFO] [开始读取数据库表：sales_data]
2025-12-23 18:30:48,486 [INFO] [成功读取表 sales_data，数据行数：24267]
2025-12-23 18:30:49,932 [INFO] [开始读取数据库表：jingpin_data]
2025-12-23 18:30:50,074 [INFO] [成功读取表 jingpin_data，数据行数：5160]
2025-12-23 18:30:50,128 [INFO] [开始读取数据库表：inventory_data]
2025-12-23 18:30:50,453 [INFO] [成功读取表 inventory_data，数据行数：4143]
2025-12-23 18:30:50,453 [INFO] [开始读取数据库表：tuiding_data]
2025-12-23 18:30:50,633 [INFO] [成功读取表 tuiding_data，数据行数：4761]
2025-12-23 18:30:50,633 [INFO] [开始读取数据库表：debit_data]
2025-12-23 18:30:51,916 [INFO] [成功读取表 debit_data，数据行数：26766]
2025-12-23 18:30:52,188 [INFO] [开始读取数据库表：sales_invoice_data]
2025-12-23 18:30:53,159 [INFO] [成功读取表 sales_invoice_data，数据行数：21841]
2025-12-23 19:00:28,639 [INFO] [数据库引擎创建成功]
2025-12-23 19:00:28,639 [INFO] [开始读取数据库表：order_data]
2025-12-23 19:00:30,057 [INFO] [成功读取表 order_data，数据行数：25524]
2025-12-23 19:00:30,340 [INFO] [开始读取数据库表：sales_data]
2025-12-23 19:00:33,513 [INFO] [成功读取表 sales_data，数据行数：24272]
2025-12-23 19:00:35,106 [INFO] [开始读取数据库表：jingpin_data]
2025-12-23 19:00:35,288 [INFO] [成功读取表 jingpin_data，数据行数：5160]
2025-12-23 19:00:35,356 [INFO] [开始读取数据库表：inventory_data]
2025-12-23 19:00:35,687 [INFO] [成功读取表 inventory_data，数据行数：4139]
2025-12-23 19:00:35,688 [INFO] [开始读取数据库表：tuiding_data]
2025-12-23 19:00:35,887 [INFO] [成功读取表 tuiding_data，数据行数：4761]
2025-12-23 19:00:35,887 [INFO] [开始读取数据库表：debit_data]
2025-12-23 19:00:37,206 [INFO] [成功读取表 debit_data，数据行数：26766]
2025-12-23 19:00:37,513 [INFO] [开始读取数据库表：sales_invoice_data]
2025-12-23 19:00:38,558 [INFO] [成功读取表 sales_invoice_data，数据行数：21847]
2025-12-23 19:31:07,583 [INFO] [数据库引擎创建成功]
2025-12-23 19:31:07,583 [INFO] [开始读取数据库表：order_data]
2025-12-23 19:31:09,086 [INFO] [成功读取表 order_data，数据行数：25524]
2025-12-23 19:31:09,350 [INFO] [开始读取数据库表：sales_data]
2025-12-23 19:31:12,692 [INFO] [成功读取表 sales_data，数据行数：24273]
2025-12-23 19:31:14,318 [INFO] [开始读取数据库表：jingpin_data]
2025-12-23 19:31:14,465 [INFO] [成功读取表 jingpin_data，数据行数：5160]
2025-12-23 19:31:14,532 [INFO] [开始读取数据库表：inventory_data]
2025-12-23 19:31:14,872 [INFO] [成功读取表 inventory_data，数据行数：4138]
2025-12-23 19:31:14,872 [INFO] [开始读取数据库表：tuiding_data]
2025-12-23 19:31:15,079 [INFO] [成功读取表 tuiding_data，数据行数：4761]
2025-12-23 19:31:15,079 [INFO] [开始读取数据库表：debit_data]
2025-12-23 19:31:16,489 [INFO] [成功读取表 debit_data，数据行数：26766]
2025-12-23 19:31:16,791 [INFO] [开始读取数据库表：sales_invoice_data]
2025-12-23 19:31:17,926 [INFO] [成功读取表 sales_invoice_data，数据行数：21848]
2025-12-23 20:00:48,363 [INFO] [数据库引擎创建成功]
2025-12-23 20:00:48,364 [INFO] [开始读取数据库表：order_data]
2025-12-23 20:00:49,791 [INFO] [成功读取表 order_data，数据行数：25524]
2025-12-23 20:00:50,054 [INFO] [开始读取数据库表：sales_data]
2025-12-23 20:00:53,364 [INFO] [成功读取表 sales_data，数据行数：24273]
2025-12-23 20:00:55,043 [INFO] [开始读取数据库表：jingpin_data]
2025-12-23 20:00:55,221 [INFO] [成功读取表 jingpin_data，数据行数：5160]
2025-12-23 20:00:55,280 [INFO] [开始读取数据库表：inventory_data]
2025-12-23 20:00:55,648 [INFO] [成功读取表 inventory_data，数据行数：4138]
2025-12-23 20:00:55,648 [INFO] [开始读取数据库表：tuiding_data]
2025-12-23 20:00:55,879 [INFO] [成功读取表 tuiding_data，数据行数：4761]
2025-12-23 20:00:55,879 [INFO] [开始读取数据库表：debit_data]
2025-12-23 20:00:57,223 [INFO] [成功读取表 debit_data，数据行数：26766]
2025-12-23 20:00:57,515 [INFO] [开始读取数据库表：sales_invoice_data]
2025-12-23 20:00:58,571 [INFO] [成功读取表 sales_invoice_data，数据行数：21848]
2025-12-23 20:30:57,219 [INFO] [数据库引擎创建成功]
2025-12-23 20:30:57,219 [INFO] [开始读取数据库表：order_data]
2025-12-23 20:30:58,856 [INFO] [成功读取表 order_data，数据行数：25524]
2025-12-23 20:30:59,114 [INFO] [开始读取数据库表：sales_data]
2025-12-23 20:31:02,358 [INFO] [成功读取表 sales_data，数据行数：24273]
2025-12-23 20:31:04,112 [INFO] [开始读取数据库表：jingpin_data]
2025-12-23 20:31:04,255 [INFO] [成功读取表 jingpin_data，数据行数：5160]
2025-12-23 20:31:04,308 [INFO] [开始读取数据库表：inventory_data]
2025-12-23 20:31:04,629 [INFO] [成功读取表 inventory_data，数据行数：4138]
2025-12-23 20:31:04,629 [INFO] [开始读取数据库表：tuiding_data]
2025-12-23 20:31:04,828 [INFO] [成功读取表 tuiding_data，数据行数：4761]
2025-12-23 20:31:04,829 [INFO] [开始读取数据库表：debit_data]
2025-12-23 20:31:06,302 [INFO] [成功读取表 debit_data，数据行数：26766]
2025-12-23 20:31:06,593 [INFO] [开始读取数据库表：sales_invoice_data]
2025-12-23 20:31:07,728 [INFO] [成功读取表 sales_invoice_data，数据行数：21848]
2025-12-23 21:01:13,454 [INFO] [数据库引擎创建成功]
2025-12-23 21:01:13,454 [INFO] [开始读取数据库表：order_data]
2025-12-23 21:01:14,898 [INFO] [成功读取表 order_data，数据行数：25524]
2025-12-23 21:01:15,161 [INFO] [开始读取数据库表：sales_data]
2025-12-23 21:01:18,501 [INFO] [成功读取表 sales_data，数据行数：24273]
2025-12-23 21:01:20,166 [INFO] [开始读取数据库表：jingpin_data]
2025-12-23 21:01:20,317 [INFO] [成功读取表 jingpin_data，数据行数：5160]
2025-12-23 21:01:20,387 [INFO] [开始读取数据库表：inventory_data]
2025-12-23 21:01:20,715 [INFO] [成功读取表 inventory_data，数据行数：4138]
2025-12-23 21:01:20,715 [INFO] [开始读取数据库表：tuiding_data]
2025-12-23 21:01:20,904 [INFO] [成功读取表 tuiding_data，数据行数：4761]
2025-12-23 21:01:20,904 [INFO] [开始读取数据库表：debit_data]
2025-12-23 21:01:22,561 [INFO] [成功读取表 debit_data，数据行数：26766]
2025-12-23 21:01:22,908 [INFO] [开始读取数据库表：sales_invoice_data]
2025-12-23 21:01:24,029 [INFO] [成功读取表 sales_invoice_data，数据行数：21848]
2025-12-23 21:30:56,271 [INFO] [数据库引擎创建成功]
2025-12-23 21:30:56,271 [INFO] [开始读取数据库表：order_data]
2025-12-23 21:30:57,753 [INFO] [成功读取表 order_data，数据行数：25524]
2025-12-23 21:30:58,028 [INFO] [开始读取数据库表：sales_data]
2025-12-23 21:31:01,248 [INFO] [成功读取表 sales_data，数据行数：24273]
2025-12-23 21:31:02,946 [INFO] [开始读取数据库表：jingpin_data]
2025-12-23 21:31:03,094 [INFO] [成功读取表 jingpin_data，数据行数：5160]
2025-12-23 21:31:03,152 [INFO] [开始读取数据库表：inventory_data]
2025-12-23 21:31:03,465 [INFO] [成功读取表 inventory_data，数据行数：4138]
2025-12-23 21:31:03,465 [INFO] [开始读取数据库表：tuiding_data]
2025-12-23 21:31:03,674 [INFO] [成功读取表 tuiding_data，数据行数：4761]
2025-12-23 21:31:03,675 [INFO] [开始读取数据库表：debit_data]
2025-12-23 21:31:05,039 [INFO] [成功读取表 debit_data，数据行数：26766]
2025-12-23 21:31:05,371 [INFO] [开始读取数据库表：sales_invoice_data]
2025-12-23 21:31:06,435 [INFO] [成功读取表 sales_invoice_data，数据行数：21848]
2025-12-23 22:01:01,808 [INFO] [数据库引擎创建成功]
2025-12-23 22:01:01,809 [INFO] [开始读取数据库表：order_data]
2025-12-23 22:01:03,250 [INFO] [成功读取表 order_data，数据行数：25524]
2025-12-23 22:01:03,506 [INFO] [开始读取数据库表：sales_data]
2025-12-23 22:01:06,812 [INFO] [成功读取表 sales_data，数据行数：24273]
2025-12-23 22:01:08,459 [INFO] [开始读取数据库表：jingpin_data]
2025-12-23 22:01:08,608 [INFO] [成功读取表 jingpin_data，数据行数：5160]
2025-12-23 22:01:08,664 [INFO] [开始读取数据库表：inventory_data]
2025-12-23 22:01:09,014 [INFO] [成功读取表 inventory_data，数据行数：4138]
2025-12-23 22:01:09,015 [INFO] [开始读取数据库表：tuiding_data]
2025-12-23 22:01:09,213 [INFO] [成功读取表 tuiding_data，数据行数：4761]
2025-12-23 22:01:09,213 [INFO] [开始读取数据库表：debit_data]
2025-12-23 22:01:10,648 [INFO] [成功读取表 debit_data，数据行数：26766]
2025-12-23 22:01:10,952 [INFO] [开始读取数据库表：sales_invoice_data]
2025-12-23 22:01:12,075 [INFO] [成功读取表 sales_invoice_data，数据行数：21848]
