2025-10-24 00:28:21,065 [INFO] [数据库引擎创建成功]
2025-10-24 00:28:21,066 [INFO] [开始读取数据库表：order_data]
2025-10-24 00:28:21,628 [INFO] [成功读取表 order_data，数据行数：18551]
2025-10-24 00:28:21,783 [INFO] [开始读取数据库表：sales_data]
2025-10-24 00:28:25,368 [INFO] [成功读取表 sales_data，数据行数：22647]
2025-10-24 00:28:27,461 [INFO] [开始读取数据库表：jingpin_data]
2025-10-24 00:28:27,696 [INFO] [成功读取表 jingpin_data，数据行数：4494]
2025-10-24 00:28:27,763 [INFO] [开始读取数据库表：inventory_data]
2025-10-24 00:28:28,549 [INFO] [成功读取表 inventory_data，数据行数：8374]
2025-10-24 00:28:28,549 [INFO] [开始读取数据库表：tuiding_data]
2025-10-24 00:28:28,727 [INFO] [成功读取表 tuiding_data，数据行数：3354]
2025-10-24 00:28:28,727 [INFO] [开始读取数据库表：debit_data]
2025-10-24 00:28:29,960 [INFO] [成功读取表 debit_data，数据行数：16751]
2025-10-24 00:28:30,349 [INFO] [开始读取数据库表：sales_invoice_data]
2025-10-24 00:28:31,545 [INFO] [成功读取表 sales_invoice_data，数据行数：16934]
2025-10-24 00:59:06,760 [INFO] [数据库引擎创建成功]
2025-10-24 00:59:06,760 [INFO] [开始读取数据库表：order_data]
2025-10-24 00:59:07,159 [INFO] [成功读取表 order_data，数据行数：18551]
2025-10-24 00:59:07,287 [INFO] [开始读取数据库表：sales_data]
2025-10-24 00:59:10,670 [INFO] [成功读取表 sales_data，数据行数：22647]
2025-10-24 00:59:12,730 [INFO] [开始读取数据库表：jingpin_data]
2025-10-24 00:59:12,952 [INFO] [成功读取表 jingpin_data，数据行数：4494]
2025-10-24 00:59:13,013 [INFO] [开始读取数据库表：inventory_data]
2025-10-24 00:59:13,759 [INFO] [成功读取表 inventory_data，数据行数：8374]
2025-10-24 00:59:13,760 [INFO] [开始读取数据库表：tuiding_data]
2025-10-24 00:59:13,939 [INFO] [成功读取表 tuiding_data，数据行数：3354]
2025-10-24 00:59:13,939 [INFO] [开始读取数据库表：debit_data]
2025-10-24 00:59:15,194 [INFO] [成功读取表 debit_data，数据行数：16751]
2025-10-24 00:59:15,684 [INFO] [开始读取数据库表：sales_invoice_data]
2025-10-24 00:59:16,823 [INFO] [成功读取表 sales_invoice_data，数据行数：16934]
2025-10-24 01:28:06,419 [INFO] [数据库引擎创建成功]
2025-10-24 01:28:06,419 [INFO] [开始读取数据库表：order_data]
2025-10-24 01:28:06,897 [INFO] [成功读取表 order_data，数据行数：18551]
2025-10-24 01:28:07,054 [INFO] [开始读取数据库表：sales_data]
2025-10-24 01:28:10,597 [INFO] [成功读取表 sales_data，数据行数：22647]
2025-10-24 01:28:12,755 [INFO] [开始读取数据库表：jingpin_data]
2025-10-24 01:28:12,992 [INFO] [成功读取表 jingpin_data，数据行数：4494]
2025-10-24 01:28:13,058 [INFO] [开始读取数据库表：inventory_data]
2025-10-24 01:28:13,828 [INFO] [成功读取表 inventory_data，数据行数：8374]
2025-10-24 01:28:13,829 [INFO] [开始读取数据库表：tuiding_data]
2025-10-24 01:28:14,016 [INFO] [成功读取表 tuiding_data，数据行数：3354]
2025-10-24 01:28:14,016 [INFO] [开始读取数据库表：debit_data]
2025-10-24 01:28:15,352 [INFO] [成功读取表 debit_data，数据行数：16751]
2025-10-24 01:28:15,800 [INFO] [开始读取数据库表：sales_invoice_data]
2025-10-24 01:28:16,960 [INFO] [成功读取表 sales_invoice_data，数据行数：16934]
2025-10-24 01:58:04,334 [INFO] [数据库引擎创建成功]
2025-10-24 01:58:04,334 [INFO] [开始读取数据库表：order_data]
2025-10-24 01:58:04,732 [INFO] [成功读取表 order_data，数据行数：18551]
2025-10-24 01:58:04,877 [INFO] [开始读取数据库表：sales_data]
2025-10-24 01:58:08,585 [INFO] [成功读取表 sales_data，数据行数：22647]
2025-10-24 01:58:10,635 [INFO] [开始读取数据库表：jingpin_data]
2025-10-24 01:58:10,868 [INFO] [成功读取表 jingpin_data，数据行数：4494]
2025-10-24 01:58:10,941 [INFO] [开始读取数据库表：inventory_data]
2025-10-24 01:58:11,675 [INFO] [成功读取表 inventory_data，数据行数：8374]
2025-10-24 01:58:11,675 [INFO] [开始读取数据库表：tuiding_data]
2025-10-24 01:58:11,841 [INFO] [成功读取表 tuiding_data，数据行数：3354]
2025-10-24 01:58:11,841 [INFO] [开始读取数据库表：debit_data]
2025-10-24 01:58:13,209 [INFO] [成功读取表 debit_data，数据行数：16751]
2025-10-24 01:58:13,589 [INFO] [开始读取数据库表：sales_invoice_data]
2025-10-24 01:58:14,723 [INFO] [成功读取表 sales_invoice_data，数据行数：16934]
2025-10-24 02:28:07,925 [INFO] [数据库引擎创建成功]
2025-10-24 02:28:07,925 [INFO] [开始读取数据库表：order_data]
2025-10-24 02:28:08,283 [INFO] [成功读取表 order_data，数据行数：18551]
2025-10-24 02:28:08,422 [INFO] [开始读取数据库表：sales_data]
2025-10-24 02:28:11,743 [INFO] [成功读取表 sales_data，数据行数：22647]
2025-10-24 02:28:13,786 [INFO] [开始读取数据库表：jingpin_data]
2025-10-24 02:28:14,009 [INFO] [成功读取表 jingpin_data，数据行数：4494]
2025-10-24 02:28:14,074 [INFO] [开始读取数据库表：inventory_data]
2025-10-24 02:28:14,882 [INFO] [成功读取表 inventory_data，数据行数：8374]
2025-10-24 02:28:14,882 [INFO] [开始读取数据库表：tuiding_data]
2025-10-24 02:28:15,047 [INFO] [成功读取表 tuiding_data，数据行数：3354]
2025-10-24 02:28:15,047 [INFO] [开始读取数据库表：debit_data]
2025-10-24 02:28:16,347 [INFO] [成功读取表 debit_data，数据行数：16751]
2025-10-24 02:28:16,740 [INFO] [开始读取数据库表：sales_invoice_data]
2025-10-24 02:28:17,891 [INFO] [成功读取表 sales_invoice_data，数据行数：16934]
2025-10-24 02:58:07,271 [INFO] [数据库引擎创建成功]
2025-10-24 02:58:07,271 [INFO] [开始读取数据库表：order_data]
2025-10-24 02:58:07,712 [INFO] [成功读取表 order_data，数据行数：18551]
2025-10-24 02:58:07,850 [INFO] [开始读取数据库表：sales_data]
2025-10-24 02:58:11,335 [INFO] [成功读取表 sales_data，数据行数：22647]
2025-10-24 02:58:13,457 [INFO] [开始读取数据库表：jingpin_data]
2025-10-24 02:58:13,673 [INFO] [成功读取表 jingpin_data，数据行数：4494]
2025-10-24 02:58:13,740 [INFO] [开始读取数据库表：inventory_data]
2025-10-24 02:58:14,512 [INFO] [成功读取表 inventory_data，数据行数：8374]
2025-10-24 02:58:14,512 [INFO] [开始读取数据库表：tuiding_data]
2025-10-24 02:58:14,672 [INFO] [成功读取表 tuiding_data，数据行数：3354]
2025-10-24 02:58:14,672 [INFO] [开始读取数据库表：debit_data]
2025-10-24 02:58:16,014 [INFO] [成功读取表 debit_data，数据行数：16751]
2025-10-24 02:58:16,396 [INFO] [开始读取数据库表：sales_invoice_data]
2025-10-24 02:58:17,520 [INFO] [成功读取表 sales_invoice_data，数据行数：16934]
2025-10-24 03:28:01,012 [INFO] [数据库引擎创建成功]
2025-10-24 03:28:01,012 [INFO] [开始读取数据库表：order_data]
2025-10-24 03:28:01,377 [INFO] [成功读取表 order_data，数据行数：18551]
2025-10-24 03:28:01,530 [INFO] [开始读取数据库表：sales_data]
2025-10-24 03:28:05,272 [INFO] [成功读取表 sales_data，数据行数：22647]
2025-10-24 03:28:07,278 [INFO] [开始读取数据库表：jingpin_data]
2025-10-24 03:28:07,501 [INFO] [成功读取表 jingpin_data，数据行数：4494]
2025-10-24 03:28:07,568 [INFO] [开始读取数据库表：inventory_data]
2025-10-24 03:28:08,314 [INFO] [成功读取表 inventory_data，数据行数：8374]
2025-10-24 03:28:08,314 [INFO] [开始读取数据库表：tuiding_data]
2025-10-24 03:28:08,491 [INFO] [成功读取表 tuiding_data，数据行数：3354]
2025-10-24 03:28:08,491 [INFO] [开始读取数据库表：debit_data]
2025-10-24 03:28:09,735 [INFO] [成功读取表 debit_data，数据行数：16751]
2025-10-24 03:28:10,123 [INFO] [开始读取数据库表：sales_invoice_data]
2025-10-24 03:28:11,267 [INFO] [成功读取表 sales_invoice_data，数据行数：16934]
2025-10-24 03:58:16,281 [INFO] [数据库引擎创建成功]
2025-10-24 03:58:16,281 [INFO] [开始读取数据库表：order_data]
2025-10-24 03:58:16,750 [INFO] [成功读取表 order_data，数据行数：18551]
2025-10-24 03:58:16,902 [INFO] [开始读取数据库表：sales_data]
2025-10-24 03:58:20,709 [INFO] [成功读取表 sales_data，数据行数：22647]
2025-10-24 03:58:22,788 [INFO] [开始读取数据库表：jingpin_data]
2025-10-24 03:58:23,010 [INFO] [成功读取表 jingpin_data，数据行数：4494]
2025-10-24 03:58:23,073 [INFO] [开始读取数据库表：inventory_data]
2025-10-24 03:58:23,822 [INFO] [成功读取表 inventory_data，数据行数：8374]
2025-10-24 03:58:23,822 [INFO] [开始读取数据库表：tuiding_data]
2025-10-24 03:58:23,984 [INFO] [成功读取表 tuiding_data，数据行数：3354]
2025-10-24 03:58:23,984 [INFO] [开始读取数据库表：debit_data]
2025-10-24 03:58:25,266 [INFO] [成功读取表 debit_data，数据行数：16751]
2025-10-24 03:58:25,649 [INFO] [开始读取数据库表：sales_invoice_data]
2025-10-24 03:58:26,828 [INFO] [成功读取表 sales_invoice_data，数据行数：16934]
2025-10-24 04:28:21,116 [INFO] [数据库引擎创建成功]
2025-10-24 04:28:21,117 [INFO] [开始读取数据库表：order_data]
2025-10-24 04:28:21,698 [INFO] [成功读取表 order_data，数据行数：18551]
2025-10-24 04:28:21,838 [INFO] [开始读取数据库表：sales_data]
2025-10-24 04:28:25,498 [INFO] [成功读取表 sales_data，数据行数：22647]
2025-10-24 04:28:27,590 [INFO] [开始读取数据库表：jingpin_data]
2025-10-24 04:28:27,823 [INFO] [成功读取表 jingpin_data，数据行数：4494]
2025-10-24 04:28:27,892 [INFO] [开始读取数据库表：inventory_data]
2025-10-24 04:28:28,695 [INFO] [成功读取表 inventory_data，数据行数：8374]
2025-10-24 04:28:28,695 [INFO] [开始读取数据库表：tuiding_data]
2025-10-24 04:28:28,868 [INFO] [成功读取表 tuiding_data，数据行数：3354]
2025-10-24 04:28:28,868 [INFO] [开始读取数据库表：debit_data]
2025-10-24 04:28:30,150 [INFO] [成功读取表 debit_data，数据行数：16751]
2025-10-24 04:28:30,608 [INFO] [开始读取数据库表：sales_invoice_data]
2025-10-24 04:28:31,772 [INFO] [成功读取表 sales_invoice_data，数据行数：16934]
2025-10-24 04:58:20,105 [INFO] [数据库引擎创建成功]
2025-10-24 04:58:20,105 [INFO] [开始读取数据库表：order_data]
2025-10-24 04:58:20,533 [INFO] [成功读取表 order_data，数据行数：18551]
2025-10-24 04:58:20,685 [INFO] [开始读取数据库表：sales_data]
2025-10-24 04:58:24,578 [INFO] [成功读取表 sales_data，数据行数：22647]
2025-10-24 04:58:26,668 [INFO] [开始读取数据库表：jingpin_data]
2025-10-24 04:58:26,891 [INFO] [成功读取表 jingpin_data，数据行数：4494]
2025-10-24 04:58:26,944 [INFO] [开始读取数据库表：inventory_data]
2025-10-24 04:58:27,792 [INFO] [成功读取表 inventory_data，数据行数：8374]
2025-10-24 04:58:27,792 [INFO] [开始读取数据库表：tuiding_data]
2025-10-24 04:58:27,960 [INFO] [成功读取表 tuiding_data，数据行数：3354]
2025-10-24 04:58:27,960 [INFO] [开始读取数据库表：debit_data]
2025-10-24 04:58:29,177 [INFO] [成功读取表 debit_data，数据行数：16751]
2025-10-24 04:58:29,566 [INFO] [开始读取数据库表：sales_invoice_data]
2025-10-24 04:58:30,859 [INFO] [成功读取表 sales_invoice_data，数据行数：16934]
2025-10-24 05:28:20,181 [INFO] [数据库引擎创建成功]
2025-10-24 05:28:20,181 [INFO] [开始读取数据库表：order_data]
2025-10-24 05:28:20,574 [INFO] [成功读取表 order_data，数据行数：18551]
2025-10-24 05:28:20,721 [INFO] [开始读取数据库表：sales_data]
2025-10-24 05:28:24,266 [INFO] [成功读取表 sales_data，数据行数：22647]
2025-10-24 05:28:26,277 [INFO] [开始读取数据库表：jingpin_data]
2025-10-24 05:28:26,489 [INFO] [成功读取表 jingpin_data，数据行数：4494]
2025-10-24 05:28:26,554 [INFO] [开始读取数据库表：inventory_data]
2025-10-24 05:28:27,308 [INFO] [成功读取表 inventory_data，数据行数：8374]
2025-10-24 05:28:27,309 [INFO] [开始读取数据库表：tuiding_data]
2025-10-24 05:28:27,563 [INFO] [成功读取表 tuiding_data，数据行数：3354]
2025-10-24 05:28:27,563 [INFO] [开始读取数据库表：debit_data]
2025-10-24 05:28:28,851 [INFO] [成功读取表 debit_data，数据行数：16751]
2025-10-24 05:28:29,256 [INFO] [开始读取数据库表：sales_invoice_data]
2025-10-24 05:28:30,457 [INFO] [成功读取表 sales_invoice_data，数据行数：16934]
2025-10-24 05:58:21,123 [INFO] [数据库引擎创建成功]
2025-10-24 05:58:21,123 [INFO] [开始读取数据库表：order_data]
2025-10-24 05:58:21,685 [INFO] [成功读取表 order_data，数据行数：18551]
2025-10-24 05:58:21,816 [INFO] [开始读取数据库表：sales_data]
2025-10-24 05:58:25,497 [INFO] [成功读取表 sales_data，数据行数：22647]
2025-10-24 05:58:27,549 [INFO] [开始读取数据库表：jingpin_data]
2025-10-24 05:58:27,756 [INFO] [成功读取表 jingpin_data，数据行数：4494]
2025-10-24 05:58:27,826 [INFO] [开始读取数据库表：inventory_data]
2025-10-24 05:58:28,584 [INFO] [成功读取表 inventory_data，数据行数：8374]
2025-10-24 05:58:28,585 [INFO] [开始读取数据库表：tuiding_data]
2025-10-24 05:58:28,770 [INFO] [成功读取表 tuiding_data，数据行数：3354]
2025-10-24 05:58:28,770 [INFO] [开始读取数据库表：debit_data]
2025-10-24 05:58:29,973 [INFO] [成功读取表 debit_data，数据行数：16751]
2025-10-24 05:58:30,439 [INFO] [开始读取数据库表：sales_invoice_data]
2025-10-24 05:58:31,561 [INFO] [成功读取表 sales_invoice_data，数据行数：16934]
2025-10-24 06:28:19,532 [INFO] [数据库引擎创建成功]
2025-10-24 06:28:19,532 [INFO] [开始读取数据库表：order_data]
2025-10-24 06:28:19,888 [INFO] [成功读取表 order_data，数据行数：18551]
2025-10-24 06:28:20,034 [INFO] [开始读取数据库表：sales_data]
2025-10-24 06:28:23,591 [INFO] [成功读取表 sales_data，数据行数：22647]
2025-10-24 06:28:25,616 [INFO] [开始读取数据库表：jingpin_data]
2025-10-24 06:28:25,834 [INFO] [成功读取表 jingpin_data，数据行数：4494]
2025-10-24 06:28:25,903 [INFO] [开始读取数据库表：inventory_data]
2025-10-24 06:28:26,675 [INFO] [成功读取表 inventory_data，数据行数：8374]
2025-10-24 06:28:26,675 [INFO] [开始读取数据库表：tuiding_data]
2025-10-24 06:28:26,847 [INFO] [成功读取表 tuiding_data，数据行数：3354]
2025-10-24 06:28:26,847 [INFO] [开始读取数据库表：debit_data]
2025-10-24 06:28:28,175 [INFO] [成功读取表 debit_data，数据行数：16751]
2025-10-24 06:28:28,545 [INFO] [开始读取数据库表：sales_invoice_data]
2025-10-24 06:28:29,661 [INFO] [成功读取表 sales_invoice_data，数据行数：16934]
2025-10-24 06:58:23,768 [INFO] [数据库引擎创建成功]
2025-10-24 06:58:23,768 [INFO] [开始读取数据库表：order_data]
2025-10-24 06:58:24,177 [INFO] [成功读取表 order_data，数据行数：18551]
2025-10-24 06:58:24,379 [INFO] [开始读取数据库表：sales_data]
2025-10-24 06:58:27,985 [INFO] [成功读取表 sales_data，数据行数：22647]
2025-10-24 06:58:30,038 [INFO] [开始读取数据库表：jingpin_data]
2025-10-24 06:58:30,282 [INFO] [成功读取表 jingpin_data，数据行数：4494]
2025-10-24 06:58:30,380 [INFO] [开始读取数据库表：inventory_data]
2025-10-24 06:58:31,174 [INFO] [成功读取表 inventory_data，数据行数：8374]
2025-10-24 06:58:31,174 [INFO] [开始读取数据库表：tuiding_data]
2025-10-24 06:58:31,351 [INFO] [成功读取表 tuiding_data，数据行数：3354]
2025-10-24 06:58:31,351 [INFO] [开始读取数据库表：debit_data]
2025-10-24 06:58:32,611 [INFO] [成功读取表 debit_data，数据行数：16751]
2025-10-24 06:58:33,019 [INFO] [开始读取数据库表：sales_invoice_data]
2025-10-24 06:58:34,208 [INFO] [成功读取表 sales_invoice_data，数据行数：16934]
2025-10-24 07:28:06,437 [INFO] [数据库引擎创建成功]
2025-10-24 07:28:06,438 [INFO] [开始读取数据库表：order_data]
2025-10-24 07:28:06,886 [INFO] [成功读取表 order_data，数据行数：18551]
2025-10-24 07:28:07,054 [INFO] [开始读取数据库表：sales_data]
2025-10-24 07:28:10,744 [INFO] [成功读取表 sales_data，数据行数：22647]
2025-10-24 07:28:12,792 [INFO] [开始读取数据库表：jingpin_data]
2025-10-24 07:28:13,023 [INFO] [成功读取表 jingpin_data，数据行数：4494]
2025-10-24 07:28:13,084 [INFO] [开始读取数据库表：inventory_data]
2025-10-24 07:28:13,834 [INFO] [成功读取表 inventory_data，数据行数：8374]
2025-10-24 07:28:13,835 [INFO] [开始读取数据库表：tuiding_data]
2025-10-24 07:28:14,000 [INFO] [成功读取表 tuiding_data，数据行数：3354]
2025-10-24 07:28:14,000 [INFO] [开始读取数据库表：debit_data]
2025-10-24 07:28:15,251 [INFO] [成功读取表 debit_data，数据行数：16751]
2025-10-24 07:28:15,689 [INFO] [开始读取数据库表：sales_invoice_data]
2025-10-24 07:28:16,792 [INFO] [成功读取表 sales_invoice_data，数据行数：16934]
2025-10-24 07:58:04,784 [INFO] [数据库引擎创建成功]
2025-10-24 07:58:04,784 [INFO] [开始读取数据库表：order_data]
2025-10-24 07:58:05,218 [INFO] [成功读取表 order_data，数据行数：18551]
2025-10-24 07:58:05,362 [INFO] [开始读取数据库表：sales_data]
2025-10-24 07:58:09,105 [INFO] [成功读取表 sales_data，数据行数：22647]
2025-10-24 07:58:11,158 [INFO] [开始读取数据库表：jingpin_data]
2025-10-24 07:58:11,370 [INFO] [成功读取表 jingpin_data，数据行数：4494]
2025-10-24 07:58:11,440 [INFO] [开始读取数据库表：inventory_data]
2025-10-24 07:58:12,174 [INFO] [成功读取表 inventory_data，数据行数：8374]
2025-10-24 07:58:12,174 [INFO] [开始读取数据库表：tuiding_data]
2025-10-24 07:58:12,371 [INFO] [成功读取表 tuiding_data，数据行数：3354]
2025-10-24 07:58:12,371 [INFO] [开始读取数据库表：debit_data]
2025-10-24 07:58:13,649 [INFO] [成功读取表 debit_data，数据行数：16751]
2025-10-24 07:58:14,026 [INFO] [开始读取数据库表：sales_invoice_data]
2025-10-24 07:58:15,192 [INFO] [成功读取表 sales_invoice_data，数据行数：16934]
2025-10-24 08:28:40,914 [INFO] [数据库引擎创建成功]
2025-10-24 08:28:40,915 [INFO] [开始读取数据库表：order_data]
2025-10-24 08:28:41,290 [INFO] [成功读取表 order_data，数据行数：18551]
2025-10-24 08:28:41,446 [INFO] [开始读取数据库表：sales_data]
2025-10-24 08:28:45,287 [INFO] [成功读取表 sales_data，数据行数：22647]
2025-10-24 08:28:47,410 [INFO] [开始读取数据库表：jingpin_data]
2025-10-24 08:28:47,620 [INFO] [成功读取表 jingpin_data，数据行数：4494]
2025-10-24 08:28:47,686 [INFO] [开始读取数据库表：inventory_data]
2025-10-24 08:28:48,520 [INFO] [成功读取表 inventory_data，数据行数：8374]
2025-10-24 08:28:48,520 [INFO] [开始读取数据库表：tuiding_data]
2025-10-24 08:28:48,701 [INFO] [成功读取表 tuiding_data，数据行数：3354]
2025-10-24 08:28:48,702 [INFO] [开始读取数据库表：debit_data]
2025-10-24 08:28:49,991 [INFO] [成功读取表 debit_data，数据行数：16751]
2025-10-24 08:28:50,390 [INFO] [开始读取数据库表：sales_invoice_data]
2025-10-24 08:28:51,588 [INFO] [成功读取表 sales_invoice_data，数据行数：16934]
2025-10-24 08:58:26,143 [INFO] [数据库引擎创建成功]
2025-10-24 08:58:26,143 [INFO] [开始读取数据库表：order_data]
2025-10-24 08:58:26,528 [INFO] [成功读取表 order_data，数据行数：18551]
2025-10-24 08:58:26,659 [INFO] [开始读取数据库表：sales_data]
2025-10-24 08:58:30,233 [INFO] [成功读取表 sales_data，数据行数：22647]
2025-10-24 08:58:32,379 [INFO] [开始读取数据库表：jingpin_data]
2025-10-24 08:58:32,589 [INFO] [成功读取表 jingpin_data，数据行数：4494]
2025-10-24 08:58:32,640 [INFO] [开始读取数据库表：inventory_data]
2025-10-24 08:58:33,467 [INFO] [成功读取表 inventory_data，数据行数：8374]
2025-10-24 08:58:33,468 [INFO] [开始读取数据库表：tuiding_data]
2025-10-24 08:58:33,646 [INFO] [成功读取表 tuiding_data，数据行数：3354]
2025-10-24 08:58:33,646 [INFO] [开始读取数据库表：debit_data]
2025-10-24 08:58:34,961 [INFO] [成功读取表 debit_data，数据行数：16751]
2025-10-24 08:58:35,364 [INFO] [开始读取数据库表：sales_invoice_data]
2025-10-24 08:58:36,633 [INFO] [成功读取表 sales_invoice_data，数据行数：16934]
2025-10-24 09:28:55,449 [INFO] [数据库引擎创建成功]
2025-10-24 09:28:55,449 [INFO] [开始读取数据库表：order_data]
2025-10-24 09:28:56,014 [INFO] [成功读取表 order_data，数据行数：18553]
2025-10-24 09:28:56,197 [INFO] [开始读取数据库表：sales_data]
2025-10-24 09:29:00,753 [INFO] [成功读取表 sales_data，数据行数：22649]
2025-10-24 09:29:02,781 [INFO] [开始读取数据库表：jingpin_data]
2025-10-24 09:29:03,000 [INFO] [成功读取表 jingpin_data，数据行数：4494]
2025-10-24 09:29:03,077 [INFO] [开始读取数据库表：inventory_data]
2025-10-24 09:29:03,884 [INFO] [成功读取表 inventory_data，数据行数：8375]
2025-10-24 09:29:03,884 [INFO] [开始读取数据库表：tuiding_data]
2025-10-24 09:29:04,065 [INFO] [成功读取表 tuiding_data，数据行数：3354]
2025-10-24 09:29:04,065 [INFO] [开始读取数据库表：debit_data]
2025-10-24 09:29:05,313 [INFO] [成功读取表 debit_data，数据行数：16752]
2025-10-24 09:29:05,730 [INFO] [开始读取数据库表：sales_invoice_data]
2025-10-24 09:29:06,909 [INFO] [成功读取表 sales_invoice_data，数据行数：16936]
2025-10-24 09:58:54,661 [INFO] [数据库引擎创建成功]
2025-10-24 09:58:54,662 [INFO] [开始读取数据库表：order_data]
2025-10-24 09:58:55,192 [INFO] [成功读取表 order_data，数据行数：18554]
2025-10-24 09:58:55,371 [INFO] [开始读取数据库表：sales_data]
2025-10-24 09:58:59,780 [INFO] [成功读取表 sales_data，数据行数：22651]
2025-10-24 09:59:01,784 [INFO] [开始读取数据库表：jingpin_data]
2025-10-24 09:59:02,014 [INFO] [成功读取表 jingpin_data，数据行数：4495]
2025-10-24 09:59:02,080 [INFO] [开始读取数据库表：inventory_data]
2025-10-24 09:59:02,869 [INFO] [成功读取表 inventory_data，数据行数：8375]
2025-10-24 09:59:02,869 [INFO] [开始读取数据库表：tuiding_data]
2025-10-24 09:59:03,046 [INFO] [成功读取表 tuiding_data，数据行数：3354]
2025-10-24 09:59:03,046 [INFO] [开始读取数据库表：debit_data]
2025-10-24 09:59:04,327 [INFO] [成功读取表 debit_data，数据行数：16752]
2025-10-24 09:59:04,715 [INFO] [开始读取数据库表：sales_invoice_data]
2025-10-24 09:59:05,876 [INFO] [成功读取表 sales_invoice_data，数据行数：16939]
2025-10-24 10:29:11,496 [INFO] [数据库引擎创建成功]
2025-10-24 10:29:11,497 [INFO] [开始读取数据库表：order_data]
2025-10-24 10:29:12,024 [INFO] [成功读取表 order_data，数据行数：18554]
2025-10-24 10:29:12,187 [INFO] [开始读取数据库表：sales_data]
2025-10-24 10:29:16,680 [INFO] [成功读取表 sales_data，数据行数：22654]
2025-10-24 10:29:18,814 [INFO] [开始读取数据库表：jingpin_data]
2025-10-24 10:29:19,050 [INFO] [成功读取表 jingpin_data，数据行数：4496]
2025-10-24 10:29:19,118 [INFO] [开始读取数据库表：inventory_data]
2025-10-24 10:29:19,889 [INFO] [成功读取表 inventory_data，数据行数：8375]
2025-10-24 10:29:19,889 [INFO] [开始读取数据库表：tuiding_data]
2025-10-24 10:29:20,056 [INFO] [成功读取表 tuiding_data，数据行数：3354]
2025-10-24 10:29:20,056 [INFO] [开始读取数据库表：debit_data]
2025-10-24 10:29:21,333 [INFO] [成功读取表 debit_data，数据行数：16752]
2025-10-24 10:29:21,723 [INFO] [开始读取数据库表：sales_invoice_data]
2025-10-24 10:29:22,909 [INFO] [成功读取表 sales_invoice_data，数据行数：16943]
2025-10-24 10:59:13,650 [INFO] [数据库引擎创建成功]
2025-10-24 10:59:13,650 [INFO] [开始读取数据库表：order_data]
2025-10-24 10:59:14,163 [INFO] [成功读取表 order_data，数据行数：18557]
2025-10-24 10:59:14,324 [INFO] [开始读取数据库表：sales_data]
2025-10-24 10:59:18,413 [INFO] [成功读取表 sales_data，数据行数：22659]
2025-10-24 10:59:20,404 [INFO] [开始读取数据库表：jingpin_data]
2025-10-24 10:59:20,635 [INFO] [成功读取表 jingpin_data，数据行数：4496]
2025-10-24 10:59:20,703 [INFO] [开始读取数据库表：inventory_data]
2025-10-24 10:59:21,523 [INFO] [成功读取表 inventory_data，数据行数：8375]
2025-10-24 10:59:21,523 [INFO] [开始读取数据库表：tuiding_data]
2025-10-24 10:59:21,707 [INFO] [成功读取表 tuiding_data，数据行数：3355]
2025-10-24 10:59:21,707 [INFO] [开始读取数据库表：debit_data]
2025-10-24 10:59:23,004 [INFO] [成功读取表 debit_data，数据行数：16752]
2025-10-24 10:59:23,385 [INFO] [开始读取数据库表：sales_invoice_data]
2025-10-24 10:59:24,554 [INFO] [成功读取表 sales_invoice_data，数据行数：16945]
2025-10-24 11:29:19,282 [INFO] [数据库引擎创建成功]
2025-10-24 11:29:19,282 [INFO] [开始读取数据库表：order_data]
2025-10-24 11:29:19,809 [INFO] [成功读取表 order_data，数据行数：18555]
2025-10-24 11:29:19,979 [INFO] [开始读取数据库表：sales_data]
2025-10-24 11:29:24,227 [INFO] [成功读取表 sales_data，数据行数：22662]
2025-10-24 11:29:26,151 [INFO] [开始读取数据库表：jingpin_data]
2025-10-24 11:29:26,378 [INFO] [成功读取表 jingpin_data，数据行数：4496]
2025-10-24 11:29:26,443 [INFO] [开始读取数据库表：inventory_data]
2025-10-24 11:29:27,277 [INFO] [成功读取表 inventory_data，数据行数：8375]
2025-10-24 11:29:27,277 [INFO] [开始读取数据库表：tuiding_data]
2025-10-24 11:29:27,467 [INFO] [成功读取表 tuiding_data，数据行数：3358]
2025-10-24 11:29:27,468 [INFO] [开始读取数据库表：debit_data]
2025-10-24 11:29:28,757 [INFO] [成功读取表 debit_data，数据行数：16752]
2025-10-24 11:29:29,139 [INFO] [开始读取数据库表：sales_invoice_data]
2025-10-24 11:29:30,346 [INFO] [成功读取表 sales_invoice_data，数据行数：16947]
2025-10-24 11:59:02,636 [INFO] [数据库引擎创建成功]
2025-10-24 11:59:02,637 [INFO] [开始读取数据库表：order_data]
2025-10-24 11:59:03,117 [INFO] [成功读取表 order_data，数据行数：18550]
2025-10-24 11:59:03,327 [INFO] [开始读取数据库表：sales_data]
2025-10-24 11:59:07,326 [INFO] [成功读取表 sales_data，数据行数：22673]
2025-10-24 11:59:09,221 [INFO] [开始读取数据库表：jingpin_data]
2025-10-24 11:59:09,455 [INFO] [成功读取表 jingpin_data，数据行数：4496]
2025-10-24 11:59:09,521 [INFO] [开始读取数据库表：inventory_data]
2025-10-24 11:59:10,284 [INFO] [成功读取表 inventory_data，数据行数：8377]
2025-10-24 11:59:10,284 [INFO] [开始读取数据库表：tuiding_data]
2025-10-24 11:59:10,457 [INFO] [成功读取表 tuiding_data，数据行数：3366]
2025-10-24 11:59:10,457 [INFO] [开始读取数据库表：debit_data]
2025-10-24 11:59:11,703 [INFO] [成功读取表 debit_data，数据行数：16857]
2025-10-24 11:59:12,069 [INFO] [开始读取数据库表：sales_invoice_data]
2025-10-24 11:59:13,231 [INFO] [成功读取表 sales_invoice_data，数据行数：16951]
2025-10-24 12:28:44,104 [INFO] [数据库引擎创建成功]
2025-10-24 12:28:44,104 [INFO] [开始读取数据库表：order_data]
2025-10-24 12:28:44,660 [INFO] [成功读取表 order_data，数据行数：18548]
2025-10-24 12:28:44,827 [INFO] [开始读取数据库表：sales_data]
2025-10-24 12:28:49,372 [INFO] [成功读取表 sales_data，数据行数：22675]
2025-10-24 12:28:51,270 [INFO] [开始读取数据库表：jingpin_data]
2025-10-24 12:28:51,545 [INFO] [成功读取表 jingpin_data，数据行数：4501]
2025-10-24 12:28:51,725 [INFO] [开始读取数据库表：inventory_data]
2025-10-24 12:28:52,930 [INFO] [成功读取表 inventory_data，数据行数：8378]
2025-10-24 12:28:52,930 [INFO] [开始读取数据库表：tuiding_data]
2025-10-24 12:28:53,327 [INFO] [成功读取表 tuiding_data，数据行数：3368]
2025-10-24 12:28:53,327 [INFO] [开始读取数据库表：debit_data]
2025-10-24 12:28:55,013 [INFO] [成功读取表 debit_data，数据行数：16979]
2025-10-24 12:28:55,528 [INFO] [开始读取数据库表：sales_invoice_data]
2025-10-24 12:28:56,707 [INFO] [成功读取表 sales_invoice_data，数据行数：16954]
2025-10-24 12:58:46,350 [INFO] [数据库引擎创建成功]
2025-10-24 12:58:46,351 [INFO] [开始读取数据库表：order_data]
2025-10-24 12:58:46,951 [INFO] [成功读取表 order_data，数据行数：18548]
2025-10-24 12:58:47,129 [INFO] [开始读取数据库表：sales_data]
2025-10-24 12:58:51,449 [INFO] [成功读取表 sales_data，数据行数：22689]
2025-10-24 12:58:53,240 [INFO] [开始读取数据库表：jingpin_data]
2025-10-24 12:58:53,430 [INFO] [成功读取表 jingpin_data，数据行数：4501]
2025-10-24 12:58:53,489 [INFO] [开始读取数据库表：inventory_data]
2025-10-24 12:58:54,207 [INFO] [成功读取表 inventory_data，数据行数：8518]
2025-10-24 12:58:54,207 [INFO] [开始读取数据库表：tuiding_data]
2025-10-24 12:58:54,339 [INFO] [成功读取表 tuiding_data，数据行数：3368]
2025-10-24 12:58:54,339 [INFO] [开始读取数据库表：debit_data]
2025-10-24 12:58:55,463 [INFO] [成功读取表 debit_data，数据行数：17062]
2025-10-24 12:58:55,832 [INFO] [开始读取数据库表：sales_invoice_data]
2025-10-24 12:58:56,901 [INFO] [成功读取表 sales_invoice_data，数据行数：16956]
2025-10-24 13:28:48,616 [INFO] [数据库引擎创建成功]
2025-10-24 13:28:48,616 [INFO] [开始读取数据库表：order_data]
2025-10-24 13:28:49,284 [INFO] [成功读取表 order_data，数据行数：18547]
2025-10-24 13:28:49,479 [INFO] [开始读取数据库表：sales_data]
2025-10-24 13:28:54,060 [INFO] [成功读取表 sales_data，数据行数：22689]
2025-10-24 13:28:55,804 [INFO] [开始读取数据库表：jingpin_data]
2025-10-24 13:28:56,011 [INFO] [成功读取表 jingpin_data，数据行数：4503]
2025-10-24 13:28:56,069 [INFO] [开始读取数据库表：inventory_data]
2025-10-24 13:28:56,805 [INFO] [成功读取表 inventory_data，数据行数：8518]
2025-10-24 13:28:56,805 [INFO] [开始读取数据库表：tuiding_data]
2025-10-24 13:28:56,958 [INFO] [成功读取表 tuiding_data，数据行数：3371]
2025-10-24 13:28:56,958 [INFO] [开始读取数据库表：debit_data]
2025-10-24 13:28:58,088 [INFO] [成功读取表 debit_data，数据行数：17062]
2025-10-24 13:28:58,441 [INFO] [开始读取数据库表：sales_invoice_data]
2025-10-24 13:28:59,499 [INFO] [成功读取表 sales_invoice_data，数据行数：16959]
2025-10-24 13:58:30,346 [INFO] [数据库引擎创建成功]
2025-10-24 13:58:30,347 [INFO] [开始读取数据库表：order_data]
2025-10-24 13:58:30,805 [INFO] [成功读取表 order_data，数据行数：18547]
2025-10-24 13:58:30,974 [INFO] [开始读取数据库表：sales_data]
2025-10-24 13:58:34,830 [INFO] [成功读取表 sales_data，数据行数：22688]
2025-10-24 13:58:36,856 [INFO] [开始读取数据库表：jingpin_data]
2025-10-24 13:58:37,087 [INFO] [成功读取表 jingpin_data，数据行数：4503]
2025-10-24 13:58:37,158 [INFO] [开始读取数据库表：inventory_data]
2025-10-24 13:58:37,950 [INFO] [成功读取表 inventory_data，数据行数：8518]
2025-10-24 13:58:37,950 [INFO] [开始读取数据库表：tuiding_data]
2025-10-24 13:58:38,133 [INFO] [成功读取表 tuiding_data，数据行数：3371]
2025-10-24 13:58:38,133 [INFO] [开始读取数据库表：debit_data]
2025-10-24 13:58:39,443 [INFO] [成功读取表 debit_data，数据行数：17062]
2025-10-24 13:58:39,766 [INFO] [开始读取数据库表：sales_invoice_data]
2025-10-24 13:58:40,934 [INFO] [成功读取表 sales_invoice_data，数据行数：16960]
2025-10-24 14:29:30,078 [INFO] [数据库引擎创建成功]
2025-10-24 14:29:30,079 [INFO] [开始读取数据库表：order_data]
2025-10-24 14:29:30,563 [INFO] [成功读取表 order_data，数据行数：18528]
2025-10-24 14:29:30,722 [INFO] [开始读取数据库表：sales_data]
2025-10-24 14:29:34,521 [INFO] [成功读取表 sales_data，数据行数：22691]
2025-10-24 14:29:36,496 [INFO] [开始读取数据库表：jingpin_data]
2025-10-24 14:29:36,743 [INFO] [成功读取表 jingpin_data，数据行数：4503]
2025-10-24 14:29:36,811 [INFO] [开始读取数据库表：inventory_data]
2025-10-24 14:29:37,624 [INFO] [成功读取表 inventory_data，数据行数：8536]
2025-10-24 14:29:37,624 [INFO] [开始读取数据库表：tuiding_data]
2025-10-24 14:29:37,808 [INFO] [成功读取表 tuiding_data，数据行数：3390]
2025-10-24 14:29:37,808 [INFO] [开始读取数据库表：debit_data]
2025-10-24 14:29:39,134 [INFO] [成功读取表 debit_data，数据行数：17075]
2025-10-24 14:29:39,516 [INFO] [开始读取数据库表：sales_invoice_data]
2025-10-24 14:29:40,659 [INFO] [成功读取表 sales_invoice_data，数据行数：16967]
2025-10-24 14:59:30,475 [INFO] [数据库引擎创建成功]
2025-10-24 14:59:30,476 [INFO] [开始读取数据库表：order_data]
2025-10-24 14:59:31,348 [INFO] [成功读取表 order_data，数据行数：18520]
2025-10-24 14:59:31,600 [INFO] [开始读取数据库表：sales_data]
2025-10-24 14:59:36,791 [INFO] [成功读取表 sales_data，数据行数：22695]
2025-10-24 14:59:38,785 [INFO] [开始读取数据库表：jingpin_data]
2025-10-24 14:59:39,018 [INFO] [成功读取表 jingpin_data，数据行数：4511]
2025-10-24 14:59:39,066 [INFO] [开始读取数据库表：inventory_data]
2025-10-24 14:59:39,839 [INFO] [成功读取表 inventory_data，数据行数：8537]
2025-10-24 14:59:39,840 [INFO] [开始读取数据库表：tuiding_data]
2025-10-24 14:59:40,024 [INFO] [成功读取表 tuiding_data，数据行数：3398]
2025-10-24 14:59:40,024 [INFO] [开始读取数据库表：debit_data]
2025-10-24 14:59:41,329 [INFO] [成功读取表 debit_data，数据行数：17075]
2025-10-24 14:59:41,722 [INFO] [开始读取数据库表：sales_invoice_data]
2025-10-24 14:59:42,895 [INFO] [成功读取表 sales_invoice_data，数据行数：16969]
2025-10-24 15:29:07,254 [INFO] [数据库引擎创建成功]
2025-10-24 15:29:07,254 [INFO] [开始读取数据库表：order_data]
2025-10-24 15:29:07,793 [INFO] [成功读取表 order_data，数据行数：18517]
2025-10-24 15:29:07,968 [INFO] [开始读取数据库表：sales_data]
2025-10-24 15:29:12,320 [INFO] [成功读取表 sales_data，数据行数：22695]
2025-10-24 15:29:14,355 [INFO] [开始读取数据库表：jingpin_data]
2025-10-24 15:29:14,577 [INFO] [成功读取表 jingpin_data，数据行数：4511]
2025-10-24 15:29:14,641 [INFO] [开始读取数据库表：inventory_data]
2025-10-24 15:29:15,441 [INFO] [成功读取表 inventory_data，数据行数：8538]
2025-10-24 15:29:15,441 [INFO] [开始读取数据库表：tuiding_data]
2025-10-24 15:29:15,638 [INFO] [成功读取表 tuiding_data，数据行数：3401]
2025-10-24 15:29:15,638 [INFO] [开始读取数据库表：debit_data]
2025-10-24 15:29:16,958 [INFO] [成功读取表 debit_data，数据行数：17076]
2025-10-24 15:29:17,338 [INFO] [开始读取数据库表：sales_invoice_data]
2025-10-24 15:29:18,506 [INFO] [成功读取表 sales_invoice_data，数据行数：16969]
2025-10-24 15:58:59,166 [INFO] [数据库引擎创建成功]
2025-10-24 15:58:59,166 [INFO] [开始读取数据库表：order_data]
2025-10-24 15:58:59,787 [INFO] [成功读取表 order_data，数据行数：18516]
2025-10-24 15:58:59,974 [INFO] [开始读取数据库表：sales_data]
2025-10-24 15:59:04,675 [INFO] [成功读取表 sales_data，数据行数：22705]
2025-10-24 15:59:06,603 [INFO] [开始读取数据库表：jingpin_data]
2025-10-24 15:59:06,836 [INFO] [成功读取表 jingpin_data，数据行数：4513]
2025-10-24 15:59:06,899 [INFO] [开始读取数据库表：inventory_data]
2025-10-24 15:59:07,716 [INFO] [成功读取表 inventory_data，数据行数：8538]
2025-10-24 15:59:07,716 [INFO] [开始读取数据库表：tuiding_data]
2025-10-24 15:59:07,891 [INFO] [成功读取表 tuiding_data，数据行数：3402]
2025-10-24 15:59:07,892 [INFO] [开始读取数据库表：debit_data]
2025-10-24 15:59:09,204 [INFO] [成功读取表 debit_data，数据行数：17076]
2025-10-24 15:59:09,589 [INFO] [开始读取数据库表：sales_invoice_data]
2025-10-24 15:59:10,764 [INFO] [成功读取表 sales_invoice_data，数据行数：16979]
2025-10-24 16:29:16,753 [INFO] [数据库引擎创建成功]
2025-10-24 16:29:16,764 [INFO] [开始读取数据库表：order_data]
2025-10-24 16:29:17,499 [INFO] [成功读取表 order_data，数据行数：18516]
2025-10-24 16:29:17,758 [INFO] [开始读取数据库表：sales_data]
2025-10-24 16:29:22,874 [INFO] [成功读取表 sales_data，数据行数：22708]
2025-10-24 16:29:24,893 [INFO] [开始读取数据库表：jingpin_data]
2025-10-24 16:29:25,125 [INFO] [成功读取表 jingpin_data，数据行数：4515]
2025-10-24 16:29:25,207 [INFO] [开始读取数据库表：inventory_data]
2025-10-24 16:29:26,010 [INFO] [成功读取表 inventory_data，数据行数：8538]
2025-10-24 16:29:26,010 [INFO] [开始读取数据库表：tuiding_data]
2025-10-24 16:29:26,195 [INFO] [成功读取表 tuiding_data，数据行数：3402]
2025-10-24 16:29:26,196 [INFO] [开始读取数据库表：debit_data]
2025-10-24 16:29:27,497 [INFO] [成功读取表 debit_data，数据行数：17076]
2025-10-24 16:29:27,892 [INFO] [开始读取数据库表：sales_invoice_data]
2025-10-24 16:29:29,130 [INFO] [成功读取表 sales_invoice_data，数据行数：16985]
2025-10-24 16:59:25,257 [INFO] [数据库引擎创建成功]
2025-10-24 16:59:25,257 [INFO] [开始读取数据库表：order_data]
2025-10-24 16:59:25,867 [INFO] [成功读取表 order_data，数据行数：18516]
2025-10-24 16:59:26,064 [INFO] [开始读取数据库表：sales_data]
2025-10-24 16:59:30,560 [INFO] [成功读取表 sales_data，数据行数：22712]
2025-10-24 16:59:32,525 [INFO] [开始读取数据库表：jingpin_data]
2025-10-24 16:59:32,776 [INFO] [成功读取表 jingpin_data，数据行数：4517]
2025-10-24 16:59:32,853 [INFO] [开始读取数据库表：inventory_data]
2025-10-24 16:59:33,665 [INFO] [成功读取表 inventory_data，数据行数：8538]
2025-10-24 16:59:33,665 [INFO] [开始读取数据库表：tuiding_data]
2025-10-24 16:59:33,830 [INFO] [成功读取表 tuiding_data，数据行数：3402]
2025-10-24 16:59:33,830 [INFO] [开始读取数据库表：debit_data]
2025-10-24 16:59:35,072 [INFO] [成功读取表 debit_data，数据行数：17076]
2025-10-24 16:59:35,471 [INFO] [开始读取数据库表：sales_invoice_data]
2025-10-24 16:59:36,606 [INFO] [成功读取表 sales_invoice_data，数据行数：16987]
2025-10-24 17:29:15,743 [INFO] [数据库引擎创建成功]
2025-10-24 17:29:15,743 [INFO] [开始读取数据库表：order_data]
2025-10-24 17:29:16,336 [INFO] [成功读取表 order_data，数据行数：18543]
2025-10-24 17:29:16,520 [INFO] [开始读取数据库表：sales_data]
2025-10-24 17:29:20,988 [INFO] [成功读取表 sales_data，数据行数：22717]
2025-10-24 17:29:22,946 [INFO] [开始读取数据库表：jingpin_data]
2025-10-24 17:29:23,178 [INFO] [成功读取表 jingpin_data，数据行数：4521]
2025-10-24 17:29:23,243 [INFO] [开始读取数据库表：inventory_data]
2025-10-24 17:29:24,016 [INFO] [成功读取表 inventory_data，数据行数：8538]
2025-10-24 17:29:24,016 [INFO] [开始读取数据库表：tuiding_data]
2025-10-24 17:29:24,187 [INFO] [成功读取表 tuiding_data，数据行数：3402]
2025-10-24 17:29:24,188 [INFO] [开始读取数据库表：debit_data]
2025-10-24 17:29:25,480 [INFO] [成功读取表 debit_data，数据行数：17076]
2025-10-24 17:29:26,085 [INFO] [开始读取数据库表：sales_invoice_data]
2025-10-24 17:29:27,830 [INFO] [成功读取表 sales_invoice_data，数据行数：16991]
2025-10-24 17:59:08,777 [INFO] [数据库引擎创建成功]
2025-10-24 17:59:08,786 [INFO] [开始读取数据库表：order_data]
2025-10-24 17:59:09,511 [INFO] [成功读取表 order_data，数据行数：18552]
2025-10-24 17:59:09,744 [INFO] [开始读取数据库表：sales_data]
2025-10-24 17:59:14,305 [INFO] [成功读取表 sales_data，数据行数：22720]
2025-10-24 17:59:16,148 [INFO] [开始读取数据库表：jingpin_data]
2025-10-24 17:59:16,345 [INFO] [成功读取表 jingpin_data，数据行数：4521]
2025-10-24 17:59:16,403 [INFO] [开始读取数据库表：inventory_data]
2025-10-24 17:59:17,038 [INFO] [成功读取表 inventory_data，数据行数：8538]
2025-10-24 17:59:17,038 [INFO] [开始读取数据库表：tuiding_data]
2025-10-24 17:59:17,184 [INFO] [成功读取表 tuiding_data，数据行数：3403]
2025-10-24 17:59:17,184 [INFO] [开始读取数据库表：debit_data]
2025-10-24 17:59:18,250 [INFO] [成功读取表 debit_data，数据行数：17076]
2025-10-24 17:59:18,582 [INFO] [开始读取数据库表：sales_invoice_data]
2025-10-24 17:59:19,559 [INFO] [成功读取表 sales_invoice_data，数据行数：17003]
2025-10-24 18:28:40,723 [INFO] [数据库引擎创建成功]
2025-10-24 18:28:40,723 [INFO] [开始读取数据库表：order_data]
2025-10-24 18:28:41,401 [INFO] [成功读取表 order_data，数据行数：18559]
2025-10-24 18:28:41,604 [INFO] [开始读取数据库表：sales_data]
2025-10-24 18:28:45,740 [INFO] [成功读取表 sales_data，数据行数：22726]
2025-10-24 18:28:47,390 [INFO] [开始读取数据库表：jingpin_data]
2025-10-24 18:28:47,581 [INFO] [成功读取表 jingpin_data，数据行数：4521]
2025-10-24 18:28:47,608 [INFO] [开始读取数据库表：inventory_data]
2025-10-24 18:28:48,208 [INFO] [成功读取表 inventory_data，数据行数：8538]
2025-10-24 18:28:48,208 [INFO] [开始读取数据库表：tuiding_data]
2025-10-24 18:28:48,343 [INFO] [成功读取表 tuiding_data，数据行数：3403]
2025-10-24 18:28:48,343 [INFO] [开始读取数据库表：debit_data]
2025-10-24 18:28:49,321 [INFO] [成功读取表 debit_data，数据行数：17076]
2025-10-24 18:28:49,598 [INFO] [开始读取数据库表：sales_invoice_data]
2025-10-24 18:28:50,555 [INFO] [成功读取表 sales_invoice_data，数据行数：17012]
2025-10-24 18:58:48,643 [INFO] [数据库引擎创建成功]
2025-10-24 18:58:48,643 [INFO] [开始读取数据库表：order_data]
2025-10-24 18:58:49,226 [INFO] [成功读取表 order_data，数据行数：18549]
2025-10-24 18:58:49,438 [INFO] [开始读取数据库表：sales_data]
2025-10-24 18:58:53,474 [INFO] [成功读取表 sales_data，数据行数：22728]
2025-10-24 18:58:55,071 [INFO] [开始读取数据库表：jingpin_data]
2025-10-24 18:58:55,249 [INFO] [成功读取表 jingpin_data，数据行数：4522]
2025-10-24 18:58:55,285 [INFO] [开始读取数据库表：inventory_data]
2025-10-24 18:58:55,973 [INFO] [成功读取表 inventory_data，数据行数：8538]
2025-10-24 18:58:55,973 [INFO] [开始读取数据库表：tuiding_data]
2025-10-24 18:58:56,133 [INFO] [成功读取表 tuiding_data，数据行数：3413]
2025-10-24 18:58:56,134 [INFO] [开始读取数据库表：debit_data]
2025-10-24 18:58:57,178 [INFO] [成功读取表 debit_data，数据行数：17076]
2025-10-24 18:58:57,477 [INFO] [开始读取数据库表：sales_invoice_data]
2025-10-24 18:58:58,411 [INFO] [成功读取表 sales_invoice_data，数据行数：17013]
2025-10-24 19:29:17,925 [INFO] [数据库引擎创建成功]
2025-10-24 19:29:17,934 [INFO] [开始读取数据库表：order_data]
2025-10-24 19:29:18,624 [INFO] [成功读取表 order_data，数据行数：18549]
2025-10-24 19:29:18,835 [INFO] [开始读取数据库表：sales_data]
2025-10-24 19:29:22,934 [INFO] [成功读取表 sales_data，数据行数：22728]
2025-10-24 19:29:24,582 [INFO] [开始读取数据库表：jingpin_data]
2025-10-24 19:29:24,780 [INFO] [成功读取表 jingpin_data，数据行数：4522]
2025-10-24 19:29:24,815 [INFO] [开始读取数据库表：inventory_data]
2025-10-24 19:29:25,474 [INFO] [成功读取表 inventory_data，数据行数：8538]
2025-10-24 19:29:25,474 [INFO] [开始读取数据库表：tuiding_data]
2025-10-24 19:29:25,620 [INFO] [成功读取表 tuiding_data，数据行数：3413]
2025-10-24 19:29:25,620 [INFO] [开始读取数据库表：debit_data]
2025-10-24 19:29:26,763 [INFO] [成功读取表 debit_data，数据行数：17076]
2025-10-24 19:29:27,077 [INFO] [开始读取数据库表：sales_invoice_data]
2025-10-24 19:29:28,001 [INFO] [成功读取表 sales_invoice_data，数据行数：17014]
2025-10-24 19:58:49,383 [INFO] [数据库引擎创建成功]
2025-10-24 19:58:49,393 [INFO] [开始读取数据库表：order_data]
2025-10-24 19:58:49,942 [INFO] [成功读取表 order_data，数据行数：18551]
2025-10-24 19:58:50,125 [INFO] [开始读取数据库表：sales_data]
2025-10-24 19:58:53,990 [INFO] [成功读取表 sales_data，数据行数：22728]
2025-10-24 19:58:55,583 [INFO] [开始读取数据库表：jingpin_data]
2025-10-24 19:58:55,763 [INFO] [成功读取表 jingpin_data，数据行数：4522]
2025-10-24 19:58:55,799 [INFO] [开始读取数据库表：inventory_data]
2025-10-24 19:58:56,451 [INFO] [成功读取表 inventory_data，数据行数：8538]
2025-10-24 19:58:56,452 [INFO] [开始读取数据库表：tuiding_data]
2025-10-24 19:58:56,578 [INFO] [成功读取表 tuiding_data，数据行数：3413]
2025-10-24 19:58:56,578 [INFO] [开始读取数据库表：debit_data]
2025-10-24 19:58:57,590 [INFO] [成功读取表 debit_data，数据行数：17076]
2025-10-24 19:58:57,878 [INFO] [开始读取数据库表：sales_invoice_data]
2025-10-24 19:58:58,820 [INFO] [成功读取表 sales_invoice_data，数据行数：17018]
2025-10-24 20:29:09,423 [INFO] [数据库引擎创建成功]
2025-10-24 20:29:09,424 [INFO] [开始读取数据库表：order_data]
2025-10-24 20:29:09,911 [INFO] [成功读取表 order_data，数据行数：18551]
2025-10-24 20:29:10,070 [INFO] [开始读取数据库表：sales_data]
2025-10-24 20:29:13,972 [INFO] [成功读取表 sales_data，数据行数：22728]
2025-10-24 20:29:15,707 [INFO] [开始读取数据库表：jingpin_data]
2025-10-24 20:29:15,905 [INFO] [成功读取表 jingpin_data，数据行数：4522]
2025-10-24 20:29:15,968 [INFO] [开始读取数据库表：inventory_data]
2025-10-24 20:29:16,650 [INFO] [成功读取表 inventory_data，数据行数：8538]
2025-10-24 20:29:16,650 [INFO] [开始读取数据库表：tuiding_data]
2025-10-24 20:29:16,813 [INFO] [成功读取表 tuiding_data，数据行数：3413]
2025-10-24 20:29:16,813 [INFO] [开始读取数据库表：debit_data]
2025-10-24 20:29:17,913 [INFO] [成功读取表 debit_data，数据行数：17076]
2025-10-24 20:29:18,236 [INFO] [开始读取数据库表：sales_invoice_data]
2025-10-24 20:29:19,160 [INFO] [成功读取表 sales_invoice_data，数据行数：17018]
2025-10-24 20:58:48,599 [INFO] [数据库引擎创建成功]
2025-10-24 20:58:48,599 [INFO] [开始读取数据库表：order_data]
2025-10-24 20:58:49,184 [INFO] [成功读取表 order_data，数据行数：18552]
2025-10-24 20:58:49,378 [INFO] [开始读取数据库表：sales_data]
2025-10-24 20:58:53,548 [INFO] [成功读取表 sales_data，数据行数：22728]
2025-10-24 20:58:55,214 [INFO] [开始读取数据库表：jingpin_data]
2025-10-24 20:58:55,418 [INFO] [成功读取表 jingpin_data，数据行数：4522]
2025-10-24 20:58:55,474 [INFO] [开始读取数据库表：inventory_data]
2025-10-24 20:58:56,090 [INFO] [成功读取表 inventory_data，数据行数：8538]
2025-10-24 20:58:56,090 [INFO] [开始读取数据库表：tuiding_data]
2025-10-24 20:58:56,232 [INFO] [成功读取表 tuiding_data，数据行数：3413]
2025-10-24 20:58:56,232 [INFO] [开始读取数据库表：debit_data]
2025-10-24 20:58:57,360 [INFO] [成功读取表 debit_data，数据行数：17076]
2025-10-24 20:58:57,700 [INFO] [开始读取数据库表：sales_invoice_data]
2025-10-24 20:58:58,645 [INFO] [成功读取表 sales_invoice_data，数据行数：17019]
2025-10-24 21:28:36,783 [INFO] [数据库引擎创建成功]
2025-10-24 21:28:36,783 [INFO] [开始读取数据库表：order_data]
2025-10-24 21:28:37,389 [INFO] [成功读取表 order_data，数据行数：18552]
2025-10-24 21:28:37,594 [INFO] [开始读取数据库表：sales_data]
2025-10-24 21:28:41,561 [INFO] [成功读取表 sales_data，数据行数：22728]
2025-10-24 21:28:43,243 [INFO] [开始读取数据库表：jingpin_data]
2025-10-24 21:28:43,437 [INFO] [成功读取表 jingpin_data，数据行数：4522]
2025-10-24 21:28:43,491 [INFO] [开始读取数据库表：inventory_data]
2025-10-24 21:28:44,161 [INFO] [成功读取表 inventory_data，数据行数：8559]
2025-10-24 21:28:44,161 [INFO] [开始读取数据库表：tuiding_data]
2025-10-24 21:28:44,300 [INFO] [成功读取表 tuiding_data，数据行数：3413]
2025-10-24 21:28:44,300 [INFO] [开始读取数据库表：debit_data]
2025-10-24 21:28:45,355 [INFO] [成功读取表 debit_data，数据行数：17378]
2025-10-24 21:28:45,623 [INFO] [开始读取数据库表：sales_invoice_data]
2025-10-24 21:28:46,625 [INFO] [成功读取表 sales_invoice_data，数据行数：17019]
2025-10-24 21:58:45,094 [INFO] [数据库引擎创建成功]
2025-10-24 21:58:45,104 [INFO] [开始读取数据库表：order_data]
2025-10-24 21:58:45,668 [INFO] [成功读取表 order_data，数据行数：18552]
2025-10-24 21:58:45,860 [INFO] [开始读取数据库表：sales_data]
2025-10-24 21:58:49,774 [INFO] [成功读取表 sales_data，数据行数：22728]
2025-10-24 21:58:51,395 [INFO] [开始读取数据库表：jingpin_data]
2025-10-24 21:58:51,566 [INFO] [成功读取表 jingpin_data，数据行数：4522]
2025-10-24 21:58:51,619 [INFO] [开始读取数据库表：inventory_data]
2025-10-24 21:58:52,264 [INFO] [成功读取表 inventory_data，数据行数：8677]
2025-10-24 21:58:52,264 [INFO] [开始读取数据库表：tuiding_data]
2025-10-24 21:58:52,408 [INFO] [成功读取表 tuiding_data，数据行数：3413]
2025-10-24 21:58:52,408 [INFO] [开始读取数据库表：debit_data]
2025-10-24 21:58:53,440 [INFO] [成功读取表 debit_data，数据行数：17441]
2025-10-24 21:58:53,730 [INFO] [开始读取数据库表：sales_invoice_data]
2025-10-24 21:58:54,672 [INFO] [成功读取表 sales_invoice_data，数据行数：17020]
2025-10-24 22:28:32,116 [INFO] [数据库引擎创建成功]
2025-10-24 22:28:32,117 [INFO] [开始读取数据库表：order_data]
2025-10-24 22:28:32,797 [INFO] [成功读取表 order_data，数据行数：18552]
2025-10-24 22:28:33,003 [INFO] [开始读取数据库表：sales_data]
2025-10-24 22:28:36,813 [INFO] [成功读取表 sales_data，数据行数：22728]
2025-10-24 22:28:38,325 [INFO] [开始读取数据库表：jingpin_data]
2025-10-24 22:28:38,491 [INFO] [成功读取表 jingpin_data，数据行数：4522]
2025-10-24 22:28:38,537 [INFO] [开始读取数据库表：inventory_data]
2025-10-24 22:28:39,089 [INFO] [成功读取表 inventory_data，数据行数：8677]
2025-10-24 22:28:39,089 [INFO] [开始读取数据库表：tuiding_data]
2025-10-24 22:28:39,214 [INFO] [成功读取表 tuiding_data，数据行数：3413]
2025-10-24 22:28:39,214 [INFO] [开始读取数据库表：debit_data]
2025-10-24 22:28:40,185 [INFO] [成功读取表 debit_data，数据行数：17441]
2025-10-24 22:28:40,482 [INFO] [开始读取数据库表：sales_invoice_data]
2025-10-24 22:28:41,321 [INFO] [成功读取表 sales_invoice_data，数据行数：17020]
2025-10-24 22:58:35,627 [INFO] [数据库引擎创建成功]
2025-10-24 22:58:35,636 [INFO] [开始读取数据库表：order_data]
2025-10-24 22:58:36,272 [INFO] [成功读取表 order_data，数据行数：18552]
2025-10-24 22:58:36,469 [INFO] [开始读取数据库表：sales_data]
2025-10-24 22:58:40,505 [INFO] [成功读取表 sales_data，数据行数：22728]
2025-10-24 22:58:42,087 [INFO] [开始读取数据库表：jingpin_data]
2025-10-24 22:58:42,278 [INFO] [成功读取表 jingpin_data，数据行数：4522]
2025-10-24 22:58:42,313 [INFO] [开始读取数据库表：inventory_data]
2025-10-24 22:58:42,954 [INFO] [成功读取表 inventory_data，数据行数：8677]
2025-10-24 22:58:42,955 [INFO] [开始读取数据库表：tuiding_data]
2025-10-24 22:58:43,097 [INFO] [成功读取表 tuiding_data，数据行数：3413]
2025-10-24 22:58:43,097 [INFO] [开始读取数据库表：debit_data]
2025-10-24 22:58:44,132 [INFO] [成功读取表 debit_data，数据行数：17441]
2025-10-24 22:58:44,457 [INFO] [开始读取数据库表：sales_invoice_data]
2025-10-24 22:58:45,432 [INFO] [成功读取表 sales_invoice_data，数据行数：17020]
2025-10-24 23:28:27,935 [INFO] [数据库引擎创建成功]
2025-10-24 23:28:27,945 [INFO] [开始读取数据库表：order_data]
2025-10-24 23:28:28,440 [INFO] [成功读取表 order_data，数据行数：18552]
2025-10-24 23:28:28,613 [INFO] [开始读取数据库表：sales_data]
2025-10-24 23:28:32,154 [INFO] [成功读取表 sales_data，数据行数：22728]
2025-10-24 23:28:33,687 [INFO] [开始读取数据库表：jingpin_data]
2025-10-24 23:28:33,862 [INFO] [成功读取表 jingpin_data，数据行数：4522]
2025-10-24 23:28:33,919 [INFO] [开始读取数据库表：inventory_data]
2025-10-24 23:28:34,578 [INFO] [成功读取表 inventory_data，数据行数：8677]
2025-10-24 23:28:34,578 [INFO] [开始读取数据库表：tuiding_data]
2025-10-24 23:28:34,729 [INFO] [成功读取表 tuiding_data，数据行数：3413]
2025-10-24 23:28:34,729 [INFO] [开始读取数据库表：debit_data]
2025-10-24 23:28:35,739 [INFO] [成功读取表 debit_data，数据行数：17441]
2025-10-24 23:28:36,004 [INFO] [开始读取数据库表：sales_invoice_data]
2025-10-24 23:28:36,947 [INFO] [成功读取表 sales_invoice_data，数据行数：17020]
2025-10-24 23:59:18,442 [INFO] [数据库引擎创建成功]
2025-10-24 23:59:18,443 [INFO] [开始读取数据库表：order_data]
2025-10-24 23:59:19,067 [INFO] [成功读取表 order_data，数据行数：18552]
2025-10-24 23:59:19,254 [INFO] [开始读取数据库表：sales_data]
2025-10-24 23:59:23,280 [INFO] [成功读取表 sales_data，数据行数：22728]
2025-10-24 23:59:24,978 [INFO] [开始读取数据库表：jingpin_data]
2025-10-24 23:59:25,171 [INFO] [成功读取表 jingpin_data，数据行数：4522]
2025-10-24 23:59:25,242 [INFO] [开始读取数据库表：inventory_data]
2025-10-24 23:59:25,894 [INFO] [成功读取表 inventory_data，数据行数：8677]
2025-10-24 23:59:25,894 [INFO] [开始读取数据库表：tuiding_data]
2025-10-24 23:59:26,042 [INFO] [成功读取表 tuiding_data，数据行数：3413]
2025-10-24 23:59:26,043 [INFO] [开始读取数据库表：debit_data]
2025-10-24 23:59:27,071 [INFO] [成功读取表 debit_data，数据行数：17441]
2025-10-24 23:59:27,357 [INFO] [开始读取数据库表：sales_invoice_data]
2025-10-24 23:59:28,242 [INFO] [成功读取表 sales_invoice_data，数据行数：17020]
