2025-12-17 08:55:09,769 [INFO] [数据库引擎创建成功]
2025-12-17 08:55:09,770 [INFO] [开始读取数据库表：order_data]
2025-12-17 08:55:11,379 [INFO] [成功读取表 order_data，数据行数：25929]
2025-12-17 08:55:11,726 [INFO] [开始读取数据库表：sales_data]
2025-12-17 08:55:15,780 [INFO] [成功读取表 sales_data，数据行数：22476]
2025-12-17 08:55:17,880 [INFO] [开始读取数据库表：jingpin_data]
2025-12-17 08:55:18,067 [INFO] [成功读取表 jingpin_data，数据行数：5015]
2025-12-17 08:55:18,161 [INFO] [开始读取数据库表：inventory_data]
2025-12-17 08:55:18,603 [INFO] [成功读取表 inventory_data，数据行数：4586]
2025-12-17 08:55:18,603 [INFO] [开始读取数据库表：tuiding_data]
2025-12-17 08:55:18,908 [INFO] [成功读取表 tuiding_data，数据行数：4643]
2025-12-17 08:55:18,908 [INFO] [开始读取数据库表：debit_data]
2025-12-17 08:55:20,783 [INFO] [成功读取表 debit_data，数据行数：26646]
2025-12-17 08:55:21,195 [INFO] [开始读取数据库表：sales_invoice_data]
2025-12-17 08:55:22,627 [INFO] [成功读取表 sales_invoice_data，数据行数：21194]
2025-12-17 09:05:03,317 [INFO] [数据库引擎创建成功]
2025-12-17 09:05:03,317 [INFO] [开始读取数据库表：order_data]
2025-12-17 09:05:03,748 [INFO] [成功读取表 order_data，数据行数：25929]
2025-12-17 09:05:03,873 [INFO] [开始读取数据库表：sales_data]
2025-12-17 09:05:05,039 [INFO] [成功读取表 sales_data，数据行数：22476]
2025-12-17 09:05:05,761 [INFO] [开始读取数据库表：jingpin_data]
2025-12-17 09:05:05,805 [INFO] [成功读取表 jingpin_data，数据行数：5015]
2025-12-17 09:05:05,829 [INFO] [开始读取数据库表：inventory_data]
2025-12-17 09:05:05,939 [INFO] [成功读取表 inventory_data，数据行数：4586]
2025-12-17 09:05:05,939 [INFO] [开始读取数据库表：tuiding_data]
2025-12-17 09:05:06,023 [INFO] [成功读取表 tuiding_data，数据行数：4643]
2025-12-17 09:05:06,023 [INFO] [开始读取数据库表：debit_data]
2025-12-17 09:05:06,491 [INFO] [成功读取表 debit_data，数据行数：26646]
2025-12-17 09:05:06,618 [INFO] [开始读取数据库表：sales_invoice_data]
2025-12-17 09:05:06,964 [INFO] [成功读取表 sales_invoice_data，数据行数：21194]
2025-12-17 09:27:45,356 [INFO] [数据库引擎创建成功]
2025-12-17 09:27:45,357 [INFO] [开始读取数据库表：order_data]
2025-12-17 09:27:46,784 [INFO] [成功读取表 order_data，数据行数：25929]
2025-12-17 09:27:47,034 [INFO] [开始读取数据库表：sales_data]
2025-12-17 09:27:50,342 [INFO] [成功读取表 sales_data，数据行数：22476]
2025-12-17 09:27:51,944 [INFO] [开始读取数据库表：jingpin_data]
2025-12-17 09:27:52,073 [INFO] [成功读取表 jingpin_data，数据行数：5016]
2025-12-17 09:27:52,125 [INFO] [开始读取数据库表：inventory_data]
2025-12-17 09:27:52,452 [INFO] [成功读取表 inventory_data，数据行数：4586]
2025-12-17 09:27:52,453 [INFO] [开始读取数据库表：tuiding_data]
2025-12-17 09:27:52,684 [INFO] [成功读取表 tuiding_data，数据行数：4643]
2025-12-17 09:27:52,684 [INFO] [开始读取数据库表：debit_data]
2025-12-17 09:27:54,174 [INFO] [成功读取表 debit_data，数据行数：26646]
2025-12-17 09:27:54,580 [INFO] [开始读取数据库表：sales_invoice_data]
2025-12-17 09:27:55,722 [INFO] [成功读取表 sales_invoice_data，数据行数：21194]
2025-12-17 09:28:22,065 [INFO] [数据库引擎创建成功]
2025-12-17 09:28:22,065 [INFO] [开始读取数据库表：order_data]
2025-12-17 09:28:22,581 [INFO] [成功读取表 order_data，数据行数：25929]
2025-12-17 09:28:22,700 [INFO] [开始读取数据库表：sales_data]
2025-12-17 09:28:23,930 [INFO] [成功读取表 sales_data，数据行数：22476]
2025-12-17 09:28:24,699 [INFO] [开始读取数据库表：jingpin_data]
2025-12-17 09:28:24,745 [INFO] [成功读取表 jingpin_data，数据行数：5016]
2025-12-17 09:28:24,771 [INFO] [开始读取数据库表：inventory_data]
2025-12-17 09:28:24,886 [INFO] [成功读取表 inventory_data，数据行数：4586]
2025-12-17 09:28:24,886 [INFO] [开始读取数据库表：tuiding_data]
2025-12-17 09:28:24,973 [INFO] [成功读取表 tuiding_data，数据行数：4643]
2025-12-17 09:28:24,974 [INFO] [开始读取数据库表：debit_data]
2025-12-17 09:28:25,490 [INFO] [成功读取表 debit_data，数据行数：26646]
2025-12-17 09:28:25,669 [INFO] [开始读取数据库表：sales_invoice_data]
2025-12-17 09:28:26,331 [INFO] [成功读取表 sales_invoice_data，数据行数：21194]
2025-12-17 09:57:26,390 [INFO] [数据库引擎创建成功]
2025-12-17 09:57:26,391 [INFO] [开始读取数据库表：order_data]
2025-12-17 09:57:28,601 [INFO] [成功读取表 order_data，数据行数：25939]
2025-12-17 09:57:28,978 [INFO] [开始读取数据库表：sales_data]
2025-12-17 09:57:33,124 [INFO] [成功读取表 sales_data，数据行数：22477]
2025-12-17 09:57:35,629 [INFO] [开始读取数据库表：jingpin_data]
2025-12-17 09:57:35,848 [INFO] [成功读取表 jingpin_data，数据行数：5016]
2025-12-17 09:57:35,910 [INFO] [开始读取数据库表：inventory_data]
2025-12-17 09:57:36,302 [INFO] [成功读取表 inventory_data，数据行数：4588]
2025-12-17 09:57:36,302 [INFO] [开始读取数据库表：tuiding_data]
2025-12-17 09:57:36,576 [INFO] [成功读取表 tuiding_data，数据行数：4643]
2025-12-17 09:57:36,576 [INFO] [开始读取数据库表：debit_data]
2025-12-17 09:57:38,512 [INFO] [成功读取表 debit_data，数据行数：26646]
2025-12-17 09:57:38,914 [INFO] [开始读取数据库表：sales_invoice_data]
2025-12-17 09:57:40,390 [INFO] [成功读取表 sales_invoice_data，数据行数：21195]
2025-12-17 10:03:09,332 [INFO] [数据库引擎创建成功]
2025-12-17 10:03:09,332 [INFO] [开始读取数据库表：order_data]
2025-12-17 10:03:09,874 [INFO] [成功读取表 order_data，数据行数：25939]
2025-12-17 10:03:09,987 [INFO] [开始读取数据库表：sales_data]
2025-12-17 10:03:11,147 [INFO] [成功读取表 sales_data，数据行数：22477]
2025-12-17 10:03:11,875 [INFO] [开始读取数据库表：jingpin_data]
2025-12-17 10:03:11,929 [INFO] [成功读取表 jingpin_data，数据行数：5016]
2025-12-17 10:03:11,955 [INFO] [开始读取数据库表：inventory_data]
2025-12-17 10:03:12,071 [INFO] [成功读取表 inventory_data，数据行数：4588]
2025-12-17 10:03:12,071 [INFO] [开始读取数据库表：tuiding_data]
2025-12-17 10:03:12,160 [INFO] [成功读取表 tuiding_data，数据行数：4643]
2025-12-17 10:03:12,160 [INFO] [开始读取数据库表：debit_data]
2025-12-17 10:03:12,667 [INFO] [成功读取表 debit_data，数据行数：26646]
2025-12-17 10:03:12,804 [INFO] [开始读取数据库表：sales_invoice_data]
2025-12-17 10:03:13,186 [INFO] [成功读取表 sales_invoice_data，数据行数：21195]
2025-12-17 10:13:59,365 [INFO] [数据库引擎创建成功]
2025-12-17 10:13:59,365 [INFO] [开始读取数据库表：order_data]
2025-12-17 10:13:59,886 [INFO] [成功读取表 order_data，数据行数：25939]
2025-12-17 10:14:00,016 [INFO] [开始读取数据库表：sales_data]
2025-12-17 10:14:01,136 [INFO] [成功读取表 sales_data，数据行数：22477]
2025-12-17 10:14:01,864 [INFO] [开始读取数据库表：jingpin_data]
2025-12-17 10:14:01,911 [INFO] [成功读取表 jingpin_data，数据行数：5016]
2025-12-17 10:14:01,938 [INFO] [开始读取数据库表：inventory_data]
2025-12-17 10:14:02,049 [INFO] [成功读取表 inventory_data，数据行数：4588]
2025-12-17 10:14:02,050 [INFO] [开始读取数据库表：tuiding_data]
2025-12-17 10:14:02,136 [INFO] [成功读取表 tuiding_data，数据行数：4643]
2025-12-17 10:14:02,136 [INFO] [开始读取数据库表：debit_data]
2025-12-17 10:14:02,633 [INFO] [成功读取表 debit_data，数据行数：26646]
2025-12-17 10:14:02,770 [INFO] [开始读取数据库表：sales_invoice_data]
2025-12-17 10:14:03,141 [INFO] [成功读取表 sales_invoice_data，数据行数：21195]
2025-12-17 10:27:42,798 [INFO] [数据库引擎创建成功]
2025-12-17 10:27:42,799 [INFO] [开始读取数据库表：order_data]
2025-12-17 10:27:44,757 [INFO] [成功读取表 order_data，数据行数：25940]
2025-12-17 10:27:45,106 [INFO] [开始读取数据库表：sales_data]
2025-12-17 10:27:49,026 [INFO] [成功读取表 sales_data，数据行数：22479]
2025-12-17 10:27:51,048 [INFO] [开始读取数据库表：jingpin_data]
2025-12-17 10:27:51,252 [INFO] [成功读取表 jingpin_data，数据行数：5016]
2025-12-17 10:27:51,323 [INFO] [开始读取数据库表：inventory_data]
2025-12-17 10:27:51,734 [INFO] [成功读取表 inventory_data，数据行数：4587]
2025-12-17 10:27:51,734 [INFO] [开始读取数据库表：tuiding_data]
2025-12-17 10:27:51,996 [INFO] [成功读取表 tuiding_data，数据行数：4648]
2025-12-17 10:27:51,996 [INFO] [开始读取数据库表：debit_data]
2025-12-17 10:27:54,063 [INFO] [成功读取表 debit_data，数据行数：26646]
2025-12-17 10:27:54,507 [INFO] [开始读取数据库表：sales_invoice_data]
2025-12-17 10:27:56,007 [INFO] [成功读取表 sales_invoice_data，数据行数：21196]
2025-12-17 10:57:40,923 [INFO] [数据库引擎创建成功]
2025-12-17 10:57:40,923 [INFO] [开始读取数据库表：order_data]
2025-12-17 10:57:42,930 [INFO] [成功读取表 order_data，数据行数：25941]
2025-12-17 10:57:43,290 [INFO] [开始读取数据库表：sales_data]
2025-12-17 10:57:47,212 [INFO] [成功读取表 sales_data，数据行数：22481]
2025-12-17 10:57:49,280 [INFO] [开始读取数据库表：jingpin_data]
2025-12-17 10:57:49,485 [INFO] [成功读取表 jingpin_data，数据行数：5016]
2025-12-17 10:57:49,582 [INFO] [开始读取数据库表：inventory_data]
2025-12-17 10:57:50,024 [INFO] [成功读取表 inventory_data，数据行数：4585]
2025-12-17 10:57:50,024 [INFO] [开始读取数据库表：tuiding_data]
2025-12-17 10:57:50,321 [INFO] [成功读取表 tuiding_data，数据行数：4649]
2025-12-17 10:57:50,321 [INFO] [开始读取数据库表：debit_data]
2025-12-17 10:57:52,226 [INFO] [成功读取表 debit_data，数据行数：26646]
2025-12-17 10:57:52,628 [INFO] [开始读取数据库表：sales_invoice_data]
2025-12-17 10:57:54,062 [INFO] [成功读取表 sales_invoice_data，数据行数：21198]
2025-12-17 11:27:28,320 [INFO] [数据库引擎创建成功]
2025-12-17 11:27:28,320 [INFO] [开始读取数据库表：order_data]
2025-12-17 11:27:30,301 [INFO] [成功读取表 order_data，数据行数：25943]
2025-12-17 11:27:30,613 [INFO] [开始读取数据库表：sales_data]
2025-12-17 11:27:34,550 [INFO] [成功读取表 sales_data，数据行数：22482]
2025-12-17 11:27:36,535 [INFO] [开始读取数据库表：jingpin_data]
2025-12-17 11:27:36,724 [INFO] [成功读取表 jingpin_data，数据行数：5016]
2025-12-17 11:27:36,797 [INFO] [开始读取数据库表：inventory_data]
2025-12-17 11:27:37,238 [INFO] [成功读取表 inventory_data，数据行数：4585]
2025-12-17 11:27:37,238 [INFO] [开始读取数据库表：tuiding_data]
2025-12-17 11:27:37,517 [INFO] [成功读取表 tuiding_data，数据行数：4649]
2025-12-17 11:27:37,518 [INFO] [开始读取数据库表：debit_data]
2025-12-17 11:27:39,420 [INFO] [成功读取表 debit_data，数据行数：26646]
2025-12-17 11:27:39,804 [INFO] [开始读取数据库表：sales_invoice_data]
2025-12-17 11:27:41,182 [INFO] [成功读取表 sales_invoice_data，数据行数：21199]
2025-12-17 11:57:26,761 [INFO] [数据库引擎创建成功]
2025-12-17 11:57:26,761 [INFO] [开始读取数据库表：order_data]
2025-12-17 11:57:28,653 [INFO] [成功读取表 order_data，数据行数：25944]
2025-12-17 11:57:28,966 [INFO] [开始读取数据库表：sales_data]
2025-12-17 11:57:33,085 [INFO] [成功读取表 sales_data，数据行数：23553]
2025-12-17 11:57:35,070 [INFO] [开始读取数据库表：jingpin_data]
2025-12-17 11:57:35,260 [INFO] [成功读取表 jingpin_data，数据行数：5017]
2025-12-17 11:57:35,336 [INFO] [开始读取数据库表：inventory_data]
2025-12-17 11:57:35,793 [INFO] [成功读取表 inventory_data，数据行数：4590]
2025-12-17 11:57:35,793 [INFO] [开始读取数据库表：tuiding_data]
2025-12-17 11:57:36,058 [INFO] [成功读取表 tuiding_data，数据行数：4650]
2025-12-17 11:57:36,058 [INFO] [开始读取数据库表：debit_data]
2025-12-17 11:57:37,923 [INFO] [成功读取表 debit_data，数据行数：26656]
2025-12-17 11:57:38,302 [INFO] [开始读取数据库表：sales_invoice_data]
2025-12-17 11:57:39,713 [INFO] [成功读取表 sales_invoice_data，数据行数：21202]
2025-12-17 12:27:43,742 [INFO] [数据库引擎创建成功]
2025-12-17 12:27:43,743 [INFO] [开始读取数据库表：order_data]
2025-12-17 12:27:45,739 [INFO] [成功读取表 order_data，数据行数：25921]
2025-12-17 12:27:46,101 [INFO] [开始读取数据库表：sales_data]
2025-12-17 12:27:50,601 [INFO] [成功读取表 sales_data，数据行数：23557]
2025-12-17 12:27:52,717 [INFO] [开始读取数据库表：jingpin_data]
2025-12-17 12:27:52,909 [INFO] [成功读取表 jingpin_data，数据行数：5017]
2025-12-17 12:27:52,992 [INFO] [开始读取数据库表：inventory_data]
2025-12-17 12:27:53,419 [INFO] [成功读取表 inventory_data，数据行数：4586]
2025-12-17 12:27:53,419 [INFO] [开始读取数据库表：tuiding_data]
2025-12-17 12:27:53,713 [INFO] [成功读取表 tuiding_data，数据行数：4651]
2025-12-17 12:27:53,713 [INFO] [开始读取数据库表：debit_data]
2025-12-17 12:27:55,521 [INFO] [成功读取表 debit_data，数据行数：26667]
2025-12-17 12:27:55,927 [INFO] [开始读取数据库表：sales_invoice_data]
2025-12-17 12:27:57,318 [INFO] [成功读取表 sales_invoice_data，数据行数：21206]
2025-12-17 12:57:35,665 [INFO] [数据库引擎创建成功]
2025-12-17 12:57:35,665 [INFO] [开始读取数据库表：order_data]
2025-12-17 12:57:37,688 [INFO] [成功读取表 order_data，数据行数：25935]
2025-12-17 12:57:38,041 [INFO] [开始读取数据库表：sales_data]
2025-12-17 12:57:42,219 [INFO] [成功读取表 sales_data，数据行数：23565]
2025-12-17 12:57:44,227 [INFO] [开始读取数据库表：jingpin_data]
2025-12-17 12:57:44,422 [INFO] [成功读取表 jingpin_data，数据行数：5017]
2025-12-17 12:57:44,488 [INFO] [开始读取数据库表：inventory_data]
2025-12-17 12:57:44,922 [INFO] [成功读取表 inventory_data，数据行数：4585]
2025-12-17 12:57:44,922 [INFO] [开始读取数据库表：tuiding_data]
2025-12-17 12:57:45,195 [INFO] [成功读取表 tuiding_data，数据行数：4653]
2025-12-17 12:57:45,195 [INFO] [开始读取数据库表：debit_data]
2025-12-17 12:57:47,065 [INFO] [成功读取表 debit_data，数据行数：26667]
2025-12-17 12:57:47,449 [INFO] [开始读取数据库表：sales_invoice_data]
2025-12-17 12:57:48,849 [INFO] [成功读取表 sales_invoice_data，数据行数：21209]
2025-12-17 13:28:22,116 [INFO] [数据库引擎创建成功]
2025-12-17 13:28:22,117 [INFO] [开始读取数据库表：order_data]
2025-12-17 13:28:23,981 [INFO] [成功读取表 order_data，数据行数：25935]
2025-12-17 13:28:24,326 [INFO] [开始读取数据库表：sales_data]
2025-12-17 13:28:28,501 [INFO] [成功读取表 sales_data，数据行数：23571]
2025-12-17 13:28:30,518 [INFO] [开始读取数据库表：jingpin_data]
2025-12-17 13:28:30,722 [INFO] [成功读取表 jingpin_data，数据行数：5018]
2025-12-17 13:28:30,803 [INFO] [开始读取数据库表：inventory_data]
2025-12-17 13:28:31,262 [INFO] [成功读取表 inventory_data，数据行数：4580]
2025-12-17 13:28:31,262 [INFO] [开始读取数据库表：tuiding_data]
2025-12-17 13:28:31,560 [INFO] [成功读取表 tuiding_data，数据行数：4653]
2025-12-17 13:28:31,560 [INFO] [开始读取数据库表：debit_data]
2025-12-17 13:28:33,452 [INFO] [成功读取表 debit_data，数据行数：26667]
2025-12-17 13:28:33,842 [INFO] [开始读取数据库表：sales_invoice_data]
2025-12-17 13:28:35,278 [INFO] [成功读取表 sales_invoice_data，数据行数：21214]
2025-12-17 13:58:23,813 [INFO] [数据库引擎创建成功]
2025-12-17 13:58:23,814 [INFO] [开始读取数据库表：order_data]
2025-12-17 13:58:25,745 [INFO] [成功读取表 order_data，数据行数：25952]
2025-12-17 13:58:26,092 [INFO] [开始读取数据库表：sales_data]
2025-12-17 13:58:30,542 [INFO] [成功读取表 sales_data，数据行数：23589]
2025-12-17 13:58:32,577 [INFO] [开始读取数据库表：jingpin_data]
2025-12-17 13:58:32,768 [INFO] [成功读取表 jingpin_data，数据行数：5018]
2025-12-17 13:58:32,808 [INFO] [开始读取数据库表：inventory_data]
2025-12-17 13:58:33,241 [INFO] [成功读取表 inventory_data，数据行数：4563]
2025-12-17 13:58:33,241 [INFO] [开始读取数据库表：tuiding_data]
2025-12-17 13:58:33,540 [INFO] [成功读取表 tuiding_data，数据行数：4660]
2025-12-17 13:58:33,540 [INFO] [开始读取数据库表：debit_data]
2025-12-17 13:58:35,462 [INFO] [成功读取表 debit_data，数据行数：26668]
2025-12-17 13:58:35,856 [INFO] [开始读取数据库表：sales_invoice_data]
2025-12-17 13:58:37,263 [INFO] [成功读取表 sales_invoice_data，数据行数：21231]
2025-12-17 14:27:50,254 [INFO] [数据库引擎创建成功]
2025-12-17 14:27:50,255 [INFO] [开始读取数据库表：order_data]
2025-12-17 14:27:52,065 [INFO] [成功读取表 order_data，数据行数：25953]
2025-12-17 14:27:52,402 [INFO] [开始读取数据库表：sales_data]
2025-12-17 14:27:56,938 [INFO] [成功读取表 sales_data，数据行数：23609]
2025-12-17 14:27:59,201 [INFO] [开始读取数据库表：jingpin_data]
2025-12-17 14:27:59,371 [INFO] [成功读取表 jingpin_data，数据行数：5020]
2025-12-17 14:27:59,438 [INFO] [开始读取数据库表：inventory_data]
2025-12-17 14:27:59,851 [INFO] [成功读取表 inventory_data，数据行数：4551]
2025-12-17 14:27:59,851 [INFO] [开始读取数据库表：tuiding_data]
2025-12-17 14:28:00,140 [INFO] [成功读取表 tuiding_data，数据行数：4660]
2025-12-17 14:28:00,140 [INFO] [开始读取数据库表：debit_data]
2025-12-17 14:28:01,997 [INFO] [成功读取表 debit_data，数据行数：26668]
2025-12-17 14:28:02,353 [INFO] [开始读取数据库表：sales_invoice_data]
2025-12-17 14:28:04,111 [INFO] [成功读取表 sales_invoice_data，数据行数：21249]
2025-12-17 14:57:53,017 [INFO] [数据库引擎创建成功]
2025-12-17 14:57:53,017 [INFO] [开始读取数据库表：order_data]
2025-12-17 14:57:56,624 [INFO] [成功读取表 order_data，数据行数：25955]
2025-12-17 14:57:57,055 [INFO] [开始读取数据库表：sales_data]
2025-12-17 14:58:02,829 [INFO] [成功读取表 sales_data，数据行数：23615]
2025-12-17 14:58:04,969 [INFO] [开始读取数据库表：jingpin_data]
2025-12-17 14:58:05,163 [INFO] [成功读取表 jingpin_data，数据行数：5020]
2025-12-17 14:58:05,249 [INFO] [开始读取数据库表：inventory_data]
2025-12-17 14:58:05,694 [INFO] [成功读取表 inventory_data，数据行数：4545]
2025-12-17 14:58:05,694 [INFO] [开始读取数据库表：tuiding_data]
2025-12-17 14:58:05,995 [INFO] [成功读取表 tuiding_data，数据行数：4662]
2025-12-17 14:58:05,995 [INFO] [开始读取数据库表：debit_data]
2025-12-17 14:58:08,036 [INFO] [成功读取表 debit_data，数据行数：26668]
2025-12-17 14:58:08,412 [INFO] [开始读取数据库表：sales_invoice_data]
2025-12-17 14:58:09,825 [INFO] [成功读取表 sales_invoice_data，数据行数：21255]
2025-12-17 15:27:33,531 [INFO] [数据库引擎创建成功]
2025-12-17 15:27:33,531 [INFO] [开始读取数据库表：order_data]
2025-12-17 15:27:35,495 [INFO] [成功读取表 order_data，数据行数：25958]
2025-12-17 15:27:35,796 [INFO] [开始读取数据库表：sales_data]
2025-12-17 15:27:39,117 [INFO] [成功读取表 sales_data，数据行数：23623]
2025-12-17 15:27:40,813 [INFO] [开始读取数据库表：jingpin_data]
2025-12-17 15:27:40,954 [INFO] [成功读取表 jingpin_data，数据行数：5021]
2025-12-17 15:27:41,015 [INFO] [开始读取数据库表：inventory_data]
2025-12-17 15:27:41,358 [INFO] [成功读取表 inventory_data，数据行数：4539]
2025-12-17 15:27:41,358 [INFO] [开始读取数据库表：tuiding_data]
2025-12-17 15:27:41,559 [INFO] [成功读取表 tuiding_data，数据行数：4662]
2025-12-17 15:27:41,559 [INFO] [开始读取数据库表：debit_data]
2025-12-17 15:27:42,963 [INFO] [成功读取表 debit_data，数据行数：26668]
2025-12-17 15:27:43,303 [INFO] [开始读取数据库表：sales_invoice_data]
2025-12-17 15:27:44,405 [INFO] [成功读取表 sales_invoice_data，数据行数：21263]
2025-12-17 16:00:01,879 [INFO] [数据库引擎创建成功]
2025-12-17 16:00:01,880 [INFO] [开始读取数据库表：order_data]
2025-12-17 16:00:02,603 [INFO] [成功读取表 order_data，数据行数：25939]
2025-12-17 16:00:02,743 [INFO] [开始读取数据库表：sales_data]
2025-12-17 16:00:04,130 [INFO] [成功读取表 sales_data，数据行数：23620]
2025-12-17 16:00:04,915 [INFO] [开始读取数据库表：jingpin_data]
2025-12-17 16:00:04,967 [INFO] [成功读取表 jingpin_data，数据行数：5021]
2025-12-17 16:00:04,995 [INFO] [开始读取数据库表：inventory_data]
2025-12-17 16:00:05,117 [INFO] [成功读取表 inventory_data，数据行数：4533]
2025-12-17 16:00:05,117 [INFO] [开始读取数据库表：tuiding_data]
2025-12-17 16:00:05,211 [INFO] [成功读取表 tuiding_data，数据行数：4662]
2025-12-17 16:00:05,211 [INFO] [开始读取数据库表：debit_data]
2025-12-17 16:00:05,738 [INFO] [成功读取表 debit_data，数据行数：26668]
2025-12-17 16:00:05,886 [INFO] [开始读取数据库表：sales_invoice_data]
2025-12-17 16:00:06,291 [INFO] [成功读取表 sales_invoice_data，数据行数：21261]
2025-12-17 16:27:41,380 [INFO] [数据库引擎创建成功]
2025-12-17 16:27:41,381 [INFO] [开始读取数据库表：order_data]
2025-12-17 16:27:47,402 [INFO] [成功读取表 order_data，数据行数：25941]
2025-12-17 16:27:47,912 [INFO] [开始读取数据库表：sales_data]
2025-12-17 16:27:52,096 [INFO] [成功读取表 sales_data，数据行数：23624]
2025-12-17 16:27:55,057 [INFO] [开始读取数据库表：jingpin_data]
2025-12-17 16:27:55,233 [INFO] [成功读取表 jingpin_data，数据行数：5024]
2025-12-17 16:27:55,298 [INFO] [开始读取数据库表：inventory_data]
2025-12-17 16:27:55,685 [INFO] [成功读取表 inventory_data，数据行数：4528]
2025-12-17 16:27:55,685 [INFO] [开始读取数据库表：tuiding_data]
2025-12-17 16:27:55,915 [INFO] [成功读取表 tuiding_data，数据行数：4662]
2025-12-17 16:27:55,916 [INFO] [开始读取数据库表：debit_data]
2025-12-17 16:27:57,340 [INFO] [成功读取表 debit_data，数据行数：26668]
2025-12-17 16:27:57,704 [INFO] [开始读取数据库表：sales_invoice_data]
2025-12-17 16:27:58,806 [INFO] [成功读取表 sales_invoice_data，数据行数：21265]
2025-12-17 16:59:39,133 [INFO] [数据库引擎创建成功]
2025-12-17 16:59:39,134 [INFO] [开始读取数据库表：order_data]
2025-12-17 16:59:40,822 [INFO] [成功读取表 order_data，数据行数：25946]
2025-12-17 16:59:41,072 [INFO] [开始读取数据库表：sales_data]
2025-12-17 16:59:44,123 [INFO] [成功读取表 sales_data，数据行数：23635]
2025-12-17 16:59:45,646 [INFO] [开始读取数据库表：jingpin_data]
2025-12-17 16:59:45,783 [INFO] [成功读取表 jingpin_data，数据行数：5027]
2025-12-17 16:59:45,829 [INFO] [开始读取数据库表：inventory_data]
2025-12-17 16:59:46,118 [INFO] [成功读取表 inventory_data，数据行数：4517]
2025-12-17 16:59:46,118 [INFO] [开始读取数据库表：tuiding_data]
2025-12-17 16:59:46,310 [INFO] [成功读取表 tuiding_data，数据行数：4662]
2025-12-17 16:59:46,310 [INFO] [开始读取数据库表：debit_data]
2025-12-17 16:59:47,602 [INFO] [成功读取表 debit_data，数据行数：26668]
2025-12-17 16:59:47,884 [INFO] [开始读取数据库表：sales_invoice_data]
2025-12-17 16:59:48,879 [INFO] [成功读取表 sales_invoice_data，数据行数：21276]
2025-12-17 17:35:23,051 [INFO] [数据库引擎创建成功]
2025-12-17 17:35:23,052 [INFO] [开始读取数据库表：order_data]
2025-12-17 17:35:24,659 [INFO] [成功读取表 order_data，数据行数：25949]
2025-12-17 17:35:25,007 [INFO] [开始读取数据库表：sales_data]
2025-12-17 17:35:28,319 [INFO] [成功读取表 sales_data，数据行数：23649]
2025-12-17 17:35:30,142 [INFO] [开始读取数据库表：jingpin_data]
2025-12-17 17:35:30,287 [INFO] [成功读取表 jingpin_data，数据行数：5028]
2025-12-17 17:35:30,345 [INFO] [开始读取数据库表：inventory_data]
2025-12-17 17:35:30,686 [INFO] [成功读取表 inventory_data，数据行数：4508]
2025-12-17 17:35:30,686 [INFO] [开始读取数据库表：tuiding_data]
2025-12-17 17:35:30,942 [INFO] [成功读取表 tuiding_data，数据行数：4662]
2025-12-17 17:35:30,943 [INFO] [开始读取数据库表：debit_data]
2025-12-17 17:35:32,516 [INFO] [成功读取表 debit_data，数据行数：26668]
2025-12-17 17:35:32,864 [INFO] [开始读取数据库表：sales_invoice_data]
2025-12-17 17:35:33,988 [INFO] [成功读取表 sales_invoice_data，数据行数：21286]
2025-12-17 18:02:49,148 [INFO] [数据库引擎创建成功]
2025-12-17 18:02:49,149 [INFO] [开始读取数据库表：order_data]
2025-12-17 18:02:50,615 [INFO] [成功读取表 order_data，数据行数：25956]
2025-12-17 18:02:50,864 [INFO] [开始读取数据库表：sales_data]
2025-12-17 18:02:53,981 [INFO] [成功读取表 sales_data，数据行数：23653]
2025-12-17 18:02:55,531 [INFO] [开始读取数据库表：jingpin_data]
2025-12-17 18:02:55,670 [INFO] [成功读取表 jingpin_data，数据行数：5030]
2025-12-17 18:02:55,725 [INFO] [开始读取数据库表：inventory_data]
2025-12-17 18:02:56,038 [INFO] [成功读取表 inventory_data，数据行数：4504]
2025-12-17 18:02:56,038 [INFO] [开始读取数据库表：tuiding_data]
2025-12-17 18:02:56,253 [INFO] [成功读取表 tuiding_data，数据行数：4662]
2025-12-17 18:02:56,253 [INFO] [开始读取数据库表：debit_data]
2025-12-17 18:02:57,610 [INFO] [成功读取表 debit_data，数据行数：26668]
2025-12-17 18:02:57,909 [INFO] [开始读取数据库表：sales_invoice_data]
2025-12-17 18:02:58,957 [INFO] [成功读取表 sales_invoice_data，数据行数：21289]
2025-12-17 18:30:42,761 [INFO] [数据库引擎创建成功]
2025-12-17 18:30:42,762 [INFO] [开始读取数据库表：order_data]
2025-12-17 18:30:44,306 [INFO] [成功读取表 order_data，数据行数：25959]
2025-12-17 18:30:44,597 [INFO] [开始读取数据库表：sales_data]
2025-12-17 18:30:48,113 [INFO] [成功读取表 sales_data，数据行数：23659]
2025-12-17 18:30:49,831 [INFO] [开始读取数据库表：jingpin_data]
2025-12-17 18:30:49,996 [INFO] [成功读取表 jingpin_data，数据行数：5030]
2025-12-17 18:30:50,062 [INFO] [开始读取数据库表：inventory_data]
2025-12-17 18:30:50,418 [INFO] [成功读取表 inventory_data，数据行数：4498]
2025-12-17 18:30:50,418 [INFO] [开始读取数据库表：tuiding_data]
2025-12-17 18:30:50,659 [INFO] [成功读取表 tuiding_data，数据行数：4663]
2025-12-17 18:30:50,659 [INFO] [开始读取数据库表：debit_data]
2025-12-17 18:30:52,240 [INFO] [成功读取表 debit_data，数据行数：26668]
2025-12-17 18:30:52,616 [INFO] [开始读取数据库表：sales_invoice_data]
2025-12-17 18:30:53,753 [INFO] [成功读取表 sales_invoice_data，数据行数：21295]
2025-12-17 19:00:29,407 [INFO] [数据库引擎创建成功]
2025-12-17 19:00:29,407 [INFO] [开始读取数据库表：order_data]
2025-12-17 19:00:30,892 [INFO] [成功读取表 order_data，数据行数：25961]
2025-12-17 19:00:31,163 [INFO] [开始读取数据库表：sales_data]
2025-12-17 19:00:34,631 [INFO] [成功读取表 sales_data，数据行数：23659]
2025-12-17 19:00:36,544 [INFO] [开始读取数据库表：jingpin_data]
2025-12-17 19:00:36,700 [INFO] [成功读取表 jingpin_data，数据行数：5030]
2025-12-17 19:00:36,764 [INFO] [开始读取数据库表：inventory_data]
2025-12-17 19:00:37,133 [INFO] [成功读取表 inventory_data，数据行数：4498]
2025-12-17 19:00:37,133 [INFO] [开始读取数据库表：tuiding_data]
2025-12-17 19:00:37,373 [INFO] [成功读取表 tuiding_data，数据行数：4670]
2025-12-17 19:00:37,373 [INFO] [开始读取数据库表：debit_data]
2025-12-17 19:00:38,951 [INFO] [成功读取表 debit_data，数据行数：26668]
2025-12-17 19:00:39,269 [INFO] [开始读取数据库表：sales_invoice_data]
2025-12-17 19:00:40,426 [INFO] [成功读取表 sales_invoice_data，数据行数：21295]
2025-12-17 19:30:27,286 [INFO] [数据库引擎创建成功]
2025-12-17 19:30:27,286 [INFO] [开始读取数据库表：order_data]
2025-12-17 19:30:28,824 [INFO] [成功读取表 order_data，数据行数：25960]
2025-12-17 19:30:29,089 [INFO] [开始读取数据库表：sales_data]
2025-12-17 19:30:32,554 [INFO] [成功读取表 sales_data，数据行数：23659]
2025-12-17 19:30:34,351 [INFO] [开始读取数据库表：jingpin_data]
2025-12-17 19:30:34,547 [INFO] [成功读取表 jingpin_data，数据行数：5030]
2025-12-17 19:30:34,599 [INFO] [开始读取数据库表：inventory_data]
2025-12-17 19:30:34,951 [INFO] [成功读取表 inventory_data，数据行数：4498]
2025-12-17 19:30:34,951 [INFO] [开始读取数据库表：tuiding_data]
2025-12-17 19:30:35,206 [INFO] [成功读取表 tuiding_data，数据行数：4670]
2025-12-17 19:30:35,206 [INFO] [开始读取数据库表：debit_data]
2025-12-17 19:30:36,722 [INFO] [成功读取表 debit_data，数据行数：26668]
2025-12-17 19:30:37,087 [INFO] [开始读取数据库表：sales_invoice_data]
2025-12-17 19:30:38,230 [INFO] [成功读取表 sales_invoice_data，数据行数：21295]
2025-12-17 20:00:16,196 [INFO] [数据库引擎创建成功]
2025-12-17 20:00:16,196 [INFO] [开始读取数据库表：order_data]
2025-12-17 20:00:17,731 [INFO] [成功读取表 order_data，数据行数：25964]
2025-12-17 20:00:18,016 [INFO] [开始读取数据库表：sales_data]
2025-12-17 20:00:21,380 [INFO] [成功读取表 sales_data，数据行数：23660]
2025-12-17 20:00:23,151 [INFO] [开始读取数据库表：jingpin_data]
2025-12-17 20:00:23,314 [INFO] [成功读取表 jingpin_data，数据行数：5030]
2025-12-17 20:00:23,378 [INFO] [开始读取数据库表：inventory_data]
2025-12-17 20:00:23,705 [INFO] [成功读取表 inventory_data，数据行数：4498]
2025-12-17 20:00:23,706 [INFO] [开始读取数据库表：tuiding_data]
2025-12-17 20:00:23,940 [INFO] [成功读取表 tuiding_data，数据行数：4670]
2025-12-17 20:00:23,941 [INFO] [开始读取数据库表：debit_data]
2025-12-17 20:00:25,407 [INFO] [成功读取表 debit_data，数据行数：26668]
2025-12-17 20:00:25,735 [INFO] [开始读取数据库表：sales_invoice_data]
2025-12-17 20:00:26,906 [INFO] [成功读取表 sales_invoice_data，数据行数：21295]
2025-12-17 20:30:31,177 [INFO] [数据库引擎创建成功]
2025-12-17 20:30:31,177 [INFO] [开始读取数据库表：order_data]
2025-12-17 20:30:32,731 [INFO] [成功读取表 order_data，数据行数：25965]
2025-12-17 20:30:33,033 [INFO] [开始读取数据库表：sales_data]
2025-12-17 20:30:36,487 [INFO] [成功读取表 sales_data，数据行数：23660]
2025-12-17 20:30:38,344 [INFO] [开始读取数据库表：jingpin_data]
2025-12-17 20:30:38,524 [INFO] [成功读取表 jingpin_data，数据行数：5030]
2025-12-17 20:30:38,591 [INFO] [开始读取数据库表：inventory_data]
2025-12-17 20:30:38,945 [INFO] [成功读取表 inventory_data，数据行数：4498]
2025-12-17 20:30:38,945 [INFO] [开始读取数据库表：tuiding_data]
2025-12-17 20:30:39,197 [INFO] [成功读取表 tuiding_data，数据行数：4670]
2025-12-17 20:30:39,197 [INFO] [开始读取数据库表：debit_data]
2025-12-17 20:30:40,744 [INFO] [成功读取表 debit_data，数据行数：26668]
2025-12-17 20:30:41,117 [INFO] [开始读取数据库表：sales_invoice_data]
2025-12-17 20:30:42,289 [INFO] [成功读取表 sales_invoice_data，数据行数：21295]
2025-12-17 21:00:07,345 [INFO] [数据库引擎创建成功]
2025-12-17 21:00:07,347 [INFO] [开始读取数据库表：order_data]
2025-12-17 21:00:08,788 [INFO] [成功读取表 order_data，数据行数：25966]
2025-12-17 21:00:09,053 [INFO] [开始读取数据库表：sales_data]
2025-12-17 21:00:12,209 [INFO] [成功读取表 sales_data，数据行数：23660]
2025-12-17 21:00:13,846 [INFO] [开始读取数据库表：jingpin_data]
2025-12-17 21:00:14,009 [INFO] [成功读取表 jingpin_data，数据行数：5030]
2025-12-17 21:00:14,068 [INFO] [开始读取数据库表：inventory_data]
2025-12-17 21:00:14,423 [INFO] [成功读取表 inventory_data，数据行数：4499]
2025-12-17 21:00:14,423 [INFO] [开始读取数据库表：tuiding_data]
2025-12-17 21:00:14,656 [INFO] [成功读取表 tuiding_data，数据行数：4672]
2025-12-17 21:00:14,657 [INFO] [开始读取数据库表：debit_data]
2025-12-17 21:00:16,016 [INFO] [成功读取表 debit_data，数据行数：26668]
2025-12-17 21:00:16,323 [INFO] [开始读取数据库表：sales_invoice_data]
2025-12-17 21:00:17,373 [INFO] [成功读取表 sales_invoice_data，数据行数：21295]
2025-12-17 21:30:17,762 [INFO] [数据库引擎创建成功]
2025-12-17 21:30:17,763 [INFO] [开始读取数据库表：order_data]
2025-12-17 21:30:19,231 [INFO] [成功读取表 order_data，数据行数：25967]
2025-12-17 21:30:19,577 [INFO] [开始读取数据库表：sales_data]
2025-12-17 21:30:23,056 [INFO] [成功读取表 sales_data，数据行数：23660]
2025-12-17 21:30:24,825 [INFO] [开始读取数据库表：jingpin_data]
2025-12-17 21:30:25,005 [INFO] [成功读取表 jingpin_data，数据行数：5030]
2025-12-17 21:30:25,073 [INFO] [开始读取数据库表：inventory_data]
2025-12-17 21:30:25,445 [INFO] [成功读取表 inventory_data，数据行数：4499]
2025-12-17 21:30:25,445 [INFO] [开始读取数据库表：tuiding_data]
2025-12-17 21:30:25,692 [INFO] [成功读取表 tuiding_data，数据行数：4672]
2025-12-17 21:30:25,692 [INFO] [开始读取数据库表：debit_data]
2025-12-17 21:30:27,364 [INFO] [成功读取表 debit_data，数据行数：26668]
2025-12-17 21:30:27,725 [INFO] [开始读取数据库表：sales_invoice_data]
2025-12-17 21:30:28,926 [INFO] [成功读取表 sales_invoice_data，数据行数：21295]
2025-12-17 22:00:12,078 [INFO] [数据库引擎创建成功]
2025-12-17 22:00:12,079 [INFO] [开始读取数据库表：order_data]
2025-12-17 22:00:13,508 [INFO] [成功读取表 order_data，数据行数：25967]
2025-12-17 22:00:13,789 [INFO] [开始读取数据库表：sales_data]
2025-12-17 22:00:17,096 [INFO] [成功读取表 sales_data，数据行数：23660]
2025-12-17 22:00:18,726 [INFO] [开始读取数据库表：jingpin_data]
2025-12-17 22:00:18,894 [INFO] [成功读取表 jingpin_data，数据行数：5030]
2025-12-17 22:00:18,955 [INFO] [开始读取数据库表：inventory_data]
2025-12-17 22:00:19,269 [INFO] [成功读取表 inventory_data，数据行数：4499]
2025-12-17 22:00:19,270 [INFO] [开始读取数据库表：tuiding_data]
2025-12-17 22:00:19,491 [INFO] [成功读取表 tuiding_data，数据行数：4672]
2025-12-17 22:00:19,492 [INFO] [开始读取数据库表：debit_data]
2025-12-17 22:00:20,987 [INFO] [成功读取表 debit_data，数据行数：26668]
2025-12-17 22:00:21,288 [INFO] [开始读取数据库表：sales_invoice_data]
2025-12-17 22:00:22,505 [INFO] [成功读取表 sales_invoice_data，数据行数：21295]
2025-12-17 22:30:20,512 [INFO] [数据库引擎创建成功]
2025-12-17 22:30:20,512 [INFO] [开始读取数据库表：order_data]
2025-12-17 22:30:21,981 [INFO] [成功读取表 order_data，数据行数：25969]
2025-12-17 22:30:22,269 [INFO] [开始读取数据库表：sales_data]
2025-12-17 22:30:25,727 [INFO] [成功读取表 sales_data，数据行数：23660]
2025-12-17 22:30:27,501 [INFO] [开始读取数据库表：jingpin_data]
2025-12-17 22:30:27,658 [INFO] [成功读取表 jingpin_data，数据行数：5030]
2025-12-17 22:30:27,715 [INFO] [开始读取数据库表：inventory_data]
2025-12-17 22:30:28,060 [INFO] [成功读取表 inventory_data，数据行数：4499]
2025-12-17 22:30:28,060 [INFO] [开始读取数据库表：tuiding_data]
2025-12-17 22:30:28,321 [INFO] [成功读取表 tuiding_data，数据行数：4672]
2025-12-17 22:30:28,322 [INFO] [开始读取数据库表：debit_data]
2025-12-17 22:30:29,927 [INFO] [成功读取表 debit_data，数据行数：26668]
2025-12-17 22:30:30,261 [INFO] [开始读取数据库表：sales_invoice_data]
2025-12-17 22:30:31,482 [INFO] [成功读取表 sales_invoice_data，数据行数：21295]
2025-12-17 23:00:14,935 [INFO] [数据库引擎创建成功]
2025-12-17 23:00:14,935 [INFO] [开始读取数据库表：order_data]
2025-12-17 23:00:16,382 [INFO] [成功读取表 order_data，数据行数：25969]
2025-12-17 23:00:16,653 [INFO] [开始读取数据库表：sales_data]
2025-12-17 23:00:20,033 [INFO] [成功读取表 sales_data，数据行数：23660]
2025-12-17 23:00:21,632 [INFO] [开始读取数据库表：jingpin_data]
2025-12-17 23:00:21,772 [INFO] [成功读取表 jingpin_data，数据行数：5030]
2025-12-17 23:00:21,826 [INFO] [开始读取数据库表：inventory_data]
2025-12-17 23:00:22,095 [INFO] [成功读取表 inventory_data，数据行数：4499]
2025-12-17 23:00:22,096 [INFO] [开始读取数据库表：tuiding_data]
2025-12-17 23:00:22,283 [INFO] [成功读取表 tuiding_data，数据行数：4672]
2025-12-17 23:00:22,283 [INFO] [开始读取数据库表：debit_data]
2025-12-17 23:00:23,764 [INFO] [成功读取表 debit_data，数据行数：26668]
2025-12-17 23:00:24,118 [INFO] [开始读取数据库表：sales_invoice_data]
2025-12-17 23:00:25,321 [INFO] [成功读取表 sales_invoice_data，数据行数：21295]
2025-12-17 23:30:28,500 [INFO] [数据库引擎创建成功]
2025-12-17 23:30:28,500 [INFO] [开始读取数据库表：order_data]
2025-12-17 23:30:30,036 [INFO] [成功读取表 order_data，数据行数：25969]
2025-12-17 23:30:30,332 [INFO] [开始读取数据库表：sales_data]
2025-12-17 23:30:33,693 [INFO] [成功读取表 sales_data，数据行数：23660]
2025-12-17 23:30:35,494 [INFO] [开始读取数据库表：jingpin_data]
2025-12-17 23:30:35,647 [INFO] [成功读取表 jingpin_data，数据行数：5030]
2025-12-17 23:30:35,716 [INFO] [开始读取数据库表：inventory_data]
2025-12-17 23:30:36,071 [INFO] [成功读取表 inventory_data，数据行数：4499]
2025-12-17 23:30:36,071 [INFO] [开始读取数据库表：tuiding_data]
2025-12-17 23:30:36,337 [INFO] [成功读取表 tuiding_data，数据行数：4672]
2025-12-17 23:30:36,338 [INFO] [开始读取数据库表：debit_data]
2025-12-17 23:30:37,809 [INFO] [成功读取表 debit_data，数据行数：26668]
2025-12-17 23:30:38,153 [INFO] [开始读取数据库表：sales_invoice_data]
2025-12-17 23:30:39,355 [INFO] [成功读取表 sales_invoice_data，数据行数：21295]
