2025-12-04 08:55:24,195 [INFO] [数据库引擎创建成功]
2025-12-04 08:55:24,196 [INFO] [开始读取数据库表：order_data]
2025-12-04 08:55:25,743 [INFO] [成功读取表 order_data，数据行数：24657]
2025-12-04 08:55:26,090 [INFO] [开始读取数据库表：sales_data]
2025-12-04 08:55:33,299 [INFO] [成功读取表 sales_data，数据行数：27079]
2025-12-04 08:55:35,327 [INFO] [开始读取数据库表：jingpin_data]
2025-12-04 08:55:35,626 [INFO] [成功读取表 jingpin_data，数据行数：4868]
2025-12-04 08:55:35,704 [INFO] [开始读取数据库表：inventory_data]
2025-12-04 08:55:36,256 [INFO] [成功读取表 inventory_data，数据行数：5979]
2025-12-04 08:55:36,256 [INFO] [开始读取数据库表：tuiding_data]
2025-12-04 08:55:36,503 [INFO] [成功读取表 tuiding_data，数据行数：4459]
2025-12-04 08:55:36,503 [INFO] [开始读取数据库表：debit_data]
2025-12-04 08:55:38,679 [INFO] [成功读取表 debit_data，数据行数：26413]
2025-12-04 08:55:39,079 [INFO] [开始读取数据库表：sales_invoice_data]
2025-12-04 08:55:40,462 [INFO] [成功读取表 sales_invoice_data，数据行数：19664]
2025-12-04 09:27:57,528 [INFO] [数据库引擎创建成功]
2025-12-04 09:27:57,528 [INFO] [开始读取数据库表：order_data]
2025-12-04 09:27:59,396 [INFO] [成功读取表 order_data，数据行数：24658]
2025-12-04 09:27:59,963 [INFO] [开始读取数据库表：sales_data]
2025-12-04 09:28:10,358 [INFO] [成功读取表 sales_data，数据行数：27082]
2025-12-04 09:28:12,521 [INFO] [开始读取数据库表：jingpin_data]
2025-12-04 09:28:12,802 [INFO] [成功读取表 jingpin_data，数据行数：4874]
2025-12-04 09:28:12,878 [INFO] [开始读取数据库表：inventory_data]
2025-12-04 09:28:13,371 [INFO] [成功读取表 inventory_data，数据行数：5978]
2025-12-04 09:28:13,371 [INFO] [开始读取数据库表：tuiding_data]
2025-12-04 09:28:13,598 [INFO] [成功读取表 tuiding_data，数据行数：4459]
2025-12-04 09:28:13,599 [INFO] [开始读取数据库表：debit_data]
2025-12-04 09:28:15,511 [INFO] [成功读取表 debit_data，数据行数：26413]
2025-12-04 09:28:15,899 [INFO] [开始读取数据库表：sales_invoice_data]
2025-12-04 09:28:17,233 [INFO] [成功读取表 sales_invoice_data，数据行数：19665]
2025-12-04 09:57:21,098 [INFO] [数据库引擎创建成功]
2025-12-04 09:57:21,099 [INFO] [开始读取数据库表：order_data]
2025-12-04 09:57:22,848 [INFO] [成功读取表 order_data，数据行数：24659]
2025-12-04 09:57:23,176 [INFO] [开始读取数据库表：sales_data]
2025-12-04 09:57:29,743 [INFO] [成功读取表 sales_data，数据行数：27082]
2025-12-04 09:57:32,143 [INFO] [开始读取数据库表：jingpin_data]
2025-12-04 09:57:33,257 [INFO] [成功读取表 jingpin_data，数据行数：4876]
2025-12-04 09:57:36,949 [INFO] [开始读取数据库表：inventory_data]
2025-12-04 09:57:37,774 [INFO] [成功读取表 inventory_data，数据行数：5978]
2025-12-04 09:57:37,775 [INFO] [开始读取数据库表：tuiding_data]
2025-12-04 09:57:37,994 [INFO] [成功读取表 tuiding_data，数据行数：4459]
2025-12-04 09:57:37,994 [INFO] [开始读取数据库表：debit_data]
2025-12-04 09:57:40,142 [INFO] [成功读取表 debit_data，数据行数：26413]
2025-12-04 09:57:40,556 [INFO] [开始读取数据库表：sales_invoice_data]
2025-12-04 09:57:41,881 [INFO] [成功读取表 sales_invoice_data，数据行数：19665]
2025-12-04 10:27:35,437 [INFO] [数据库引擎创建成功]
2025-12-04 10:27:35,438 [INFO] [开始读取数据库表：order_data]
2025-12-04 10:27:36,966 [INFO] [成功读取表 order_data，数据行数：24663]
2025-12-04 10:27:37,262 [INFO] [开始读取数据库表：sales_data]
2025-12-04 10:27:42,799 [INFO] [成功读取表 sales_data，数据行数：27082]
2025-12-04 10:27:44,566 [INFO] [开始读取数据库表：jingpin_data]
2025-12-04 10:27:44,791 [INFO] [成功读取表 jingpin_data，数据行数：4876]
2025-12-04 10:27:44,847 [INFO] [开始读取数据库表：inventory_data]
2025-12-04 10:27:45,335 [INFO] [成功读取表 inventory_data，数据行数：5978]
2025-12-04 10:27:45,335 [INFO] [开始读取数据库表：tuiding_data]
2025-12-04 10:27:45,547 [INFO] [成功读取表 tuiding_data，数据行数：4459]
2025-12-04 10:27:45,548 [INFO] [开始读取数据库表：debit_data]
2025-12-04 10:27:47,382 [INFO] [成功读取表 debit_data，数据行数：26413]
2025-12-04 10:27:47,725 [INFO] [开始读取数据库表：sales_invoice_data]
2025-12-04 10:27:52,505 [INFO] [成功读取表 sales_invoice_data，数据行数：19665]
2025-12-04 10:58:07,532 [INFO] [数据库引擎创建成功]
2025-12-04 10:58:07,533 [INFO] [开始读取数据库表：order_data]
2025-12-04 10:58:09,341 [INFO] [成功读取表 order_data，数据行数：24669]
2025-12-04 10:58:09,664 [INFO] [开始读取数据库表：sales_data]
2025-12-04 10:58:15,929 [INFO] [成功读取表 sales_data，数据行数：27083]
2025-12-04 10:58:17,894 [INFO] [开始读取数据库表：jingpin_data]
2025-12-04 10:58:18,190 [INFO] [成功读取表 jingpin_data，数据行数：4876]
2025-12-04 10:58:18,262 [INFO] [开始读取数据库表：inventory_data]
2025-12-04 10:58:18,822 [INFO] [成功读取表 inventory_data，数据行数：5977]
2025-12-04 10:58:18,822 [INFO] [开始读取数据库表：tuiding_data]
2025-12-04 10:58:19,049 [INFO] [成功读取表 tuiding_data，数据行数：4459]
2025-12-04 10:58:19,049 [INFO] [开始读取数据库表：debit_data]
2025-12-04 10:58:21,115 [INFO] [成功读取表 debit_data，数据行数：26413]
2025-12-04 10:58:21,465 [INFO] [开始读取数据库表：sales_invoice_data]
2025-12-04 10:58:22,781 [INFO] [成功读取表 sales_invoice_data，数据行数：19666]
2025-12-04 11:28:41,609 [INFO] [数据库引擎创建成功]
2025-12-04 11:28:41,609 [INFO] [开始读取数据库表：order_data]
2025-12-04 11:28:43,178 [INFO] [成功读取表 order_data，数据行数：24667]
2025-12-04 11:28:43,395 [INFO] [开始读取数据库表：sales_data]
2025-12-04 11:28:49,674 [INFO] [成功读取表 sales_data，数据行数：27086]
2025-12-04 11:28:51,515 [INFO] [开始读取数据库表：jingpin_data]
2025-12-04 11:28:51,802 [INFO] [成功读取表 jingpin_data，数据行数：4876]
2025-12-04 11:28:52,162 [INFO] [开始读取数据库表：inventory_data]
2025-12-04 11:28:52,683 [INFO] [成功读取表 inventory_data，数据行数：5973]
2025-12-04 11:28:52,683 [INFO] [开始读取数据库表：tuiding_data]
2025-12-04 11:28:52,900 [INFO] [成功读取表 tuiding_data，数据行数：4463]
2025-12-04 11:28:52,900 [INFO] [开始读取数据库表：debit_data]
2025-12-04 11:28:54,699 [INFO] [成功读取表 debit_data，数据行数：26413]
2025-12-04 11:28:55,087 [INFO] [开始读取数据库表：sales_invoice_data]
2025-12-04 11:28:56,363 [INFO] [成功读取表 sales_invoice_data，数据行数：19669]
2025-12-04 11:58:55,008 [INFO] [数据库引擎创建成功]
2025-12-04 11:58:55,009 [INFO] [开始读取数据库表：order_data]
2025-12-04 11:58:56,753 [INFO] [成功读取表 order_data，数据行数：24671]
2025-12-04 11:58:57,097 [INFO] [开始读取数据库表：sales_data]
2025-12-04 11:59:03,682 [INFO] [成功读取表 sales_data，数据行数：27092]
2025-12-04 11:59:05,962 [INFO] [开始读取数据库表：jingpin_data]
2025-12-04 11:59:06,252 [INFO] [成功读取表 jingpin_data，数据行数：4881]
2025-12-04 11:59:06,323 [INFO] [开始读取数据库表：inventory_data]
2025-12-04 11:59:06,882 [INFO] [成功读取表 inventory_data，数据行数：5965]
2025-12-04 11:59:06,882 [INFO] [开始读取数据库表：tuiding_data]
2025-12-04 11:59:07,139 [INFO] [成功读取表 tuiding_data，数据行数：4464]
2025-12-04 11:59:07,140 [INFO] [开始读取数据库表：debit_data]
2025-12-04 11:59:09,267 [INFO] [成功读取表 debit_data，数据行数：26413]
2025-12-04 11:59:09,652 [INFO] [开始读取数据库表：sales_invoice_data]
2025-12-04 11:59:11,025 [INFO] [成功读取表 sales_invoice_data，数据行数：19675]
2025-12-04 12:27:25,354 [INFO] [数据库引擎创建成功]
2025-12-04 12:27:25,354 [INFO] [开始读取数据库表：order_data]
2025-12-04 12:27:27,052 [INFO] [成功读取表 order_data，数据行数：24673]
2025-12-04 12:27:27,408 [INFO] [开始读取数据库表：sales_data]
2025-12-04 12:27:33,780 [INFO] [成功读取表 sales_data，数据行数：27097]
2025-12-04 12:27:35,895 [INFO] [开始读取数据库表：jingpin_data]
2025-12-04 12:27:36,214 [INFO] [成功读取表 jingpin_data，数据行数：4881]
2025-12-04 12:27:36,282 [INFO] [开始读取数据库表：inventory_data]
2025-12-04 12:27:36,846 [INFO] [成功读取表 inventory_data，数据行数：5961]
2025-12-04 12:27:36,846 [INFO] [开始读取数据库表：tuiding_data]
2025-12-04 12:27:37,085 [INFO] [成功读取表 tuiding_data，数据行数：4464]
2025-12-04 12:27:37,086 [INFO] [开始读取数据库表：debit_data]
2025-12-04 12:27:39,199 [INFO] [成功读取表 debit_data，数据行数：26431]
2025-12-04 12:27:39,602 [INFO] [开始读取数据库表：sales_invoice_data]
2025-12-04 12:27:40,941 [INFO] [成功读取表 sales_invoice_data，数据行数：19680]
2025-12-04 13:01:03,726 [INFO] [数据库引擎创建成功]
2025-12-04 13:01:03,727 [INFO] [开始读取数据库表：order_data]
2025-12-04 13:01:05,607 [INFO] [成功读取表 order_data，数据行数：24673]
2025-12-04 13:01:05,948 [INFO] [开始读取数据库表：sales_data]
2025-12-04 13:01:12,524 [INFO] [成功读取表 sales_data，数据行数：27101]
2025-12-04 13:01:14,551 [INFO] [开始读取数据库表：jingpin_data]
2025-12-04 13:01:14,853 [INFO] [成功读取表 jingpin_data，数据行数：4883]
2025-12-04 13:01:14,918 [INFO] [开始读取数据库表：inventory_data]
2025-12-04 13:01:15,495 [INFO] [成功读取表 inventory_data，数据行数：5957]
2025-12-04 13:01:15,496 [INFO] [开始读取数据库表：tuiding_data]
2025-12-04 13:01:15,738 [INFO] [成功读取表 tuiding_data，数据行数：4464]
2025-12-04 13:01:15,738 [INFO] [开始读取数据库表：debit_data]
2025-12-04 13:01:17,945 [INFO] [成功读取表 debit_data，数据行数：26431]
2025-12-04 13:01:18,340 [INFO] [开始读取数据库表：sales_invoice_data]
2025-12-04 13:01:19,744 [INFO] [成功读取表 sales_invoice_data，数据行数：19684]
2025-12-04 13:26:57,085 [INFO] [数据库引擎创建成功]
2025-12-04 13:26:57,085 [INFO] [开始读取数据库表：order_data]
2025-12-04 13:26:58,888 [INFO] [成功读取表 order_data，数据行数：24679]
2025-12-04 13:26:59,229 [INFO] [开始读取数据库表：sales_data]
2025-12-04 13:27:05,696 [INFO] [成功读取表 sales_data，数据行数：27107]
2025-12-04 13:27:07,734 [INFO] [开始读取数据库表：jingpin_data]
2025-12-04 13:27:08,031 [INFO] [成功读取表 jingpin_data，数据行数：4883]
2025-12-04 13:27:08,104 [INFO] [开始读取数据库表：inventory_data]
2025-12-04 13:27:08,682 [INFO] [成功读取表 inventory_data，数据行数：5949]
2025-12-04 13:27:08,682 [INFO] [开始读取数据库表：tuiding_data]
2025-12-04 13:27:08,930 [INFO] [成功读取表 tuiding_data，数据行数：4464]
2025-12-04 13:27:08,930 [INFO] [开始读取数据库表：debit_data]
2025-12-04 13:27:11,153 [INFO] [成功读取表 debit_data，数据行数：26431]
2025-12-04 13:27:11,534 [INFO] [开始读取数据库表：sales_invoice_data]
2025-12-04 13:27:12,941 [INFO] [成功读取表 sales_invoice_data，数据行数：19690]
2025-12-04 13:59:24,402 [INFO] [数据库引擎创建成功]
2025-12-04 13:59:24,402 [INFO] [开始读取数据库表：order_data]
2025-12-04 13:59:26,294 [INFO] [成功读取表 order_data，数据行数：24686]
2025-12-04 13:59:26,621 [INFO] [开始读取数据库表：sales_data]
2025-12-04 13:59:32,950 [INFO] [成功读取表 sales_data，数据行数：27113]
2025-12-04 13:59:34,943 [INFO] [开始读取数据库表：jingpin_data]
2025-12-04 13:59:35,229 [INFO] [成功读取表 jingpin_data，数据行数：4883]
2025-12-04 13:59:35,304 [INFO] [开始读取数据库表：inventory_data]
2025-12-04 13:59:35,861 [INFO] [成功读取表 inventory_data，数据行数：5949]
2025-12-04 13:59:35,861 [INFO] [开始读取数据库表：tuiding_data]
2025-12-04 13:59:36,086 [INFO] [成功读取表 tuiding_data，数据行数：4464]
2025-12-04 13:59:36,087 [INFO] [开始读取数据库表：debit_data]
2025-12-04 13:59:38,287 [INFO] [成功读取表 debit_data，数据行数：26431]
2025-12-04 13:59:38,656 [INFO] [开始读取数据库表：sales_invoice_data]
2025-12-04 13:59:40,009 [INFO] [成功读取表 sales_invoice_data，数据行数：19696]
2025-12-04 14:27:01,589 [INFO] [数据库引擎创建成功]
2025-12-04 14:27:01,590 [INFO] [开始读取数据库表：order_data]
2025-12-04 14:27:03,412 [INFO] [成功读取表 order_data，数据行数：24692]
2025-12-04 14:27:03,758 [INFO] [开始读取数据库表：sales_data]
2025-12-04 14:27:10,582 [INFO] [成功读取表 sales_data，数据行数：27118]
2025-12-04 14:27:12,653 [INFO] [开始读取数据库表：jingpin_data]
2025-12-04 14:27:12,960 [INFO] [成功读取表 jingpin_data，数据行数：4886]
2025-12-04 14:27:13,037 [INFO] [开始读取数据库表：inventory_data]
2025-12-04 14:27:13,611 [INFO] [成功读取表 inventory_data，数据行数：5941]
2025-12-04 14:27:13,611 [INFO] [开始读取数据库表：tuiding_data]
2025-12-04 14:27:13,869 [INFO] [成功读取表 tuiding_data，数据行数：4464]
2025-12-04 14:27:13,869 [INFO] [开始读取数据库表：debit_data]
2025-12-04 14:27:16,101 [INFO] [成功读取表 debit_data，数据行数：26462]
2025-12-04 14:27:16,507 [INFO] [开始读取数据库表：sales_invoice_data]
2025-12-04 14:27:17,898 [INFO] [成功读取表 sales_invoice_data，数据行数：19701]
2025-12-04 14:56:57,551 [INFO] [数据库引擎创建成功]
2025-12-04 14:56:57,551 [INFO] [开始读取数据库表：order_data]
2025-12-04 14:56:59,023 [INFO] [成功读取表 order_data，数据行数：24698]
2025-12-04 14:56:59,346 [INFO] [开始读取数据库表：sales_data]
2025-12-04 14:57:06,315 [INFO] [成功读取表 sales_data，数据行数：27125]
2025-12-04 14:57:08,018 [INFO] [开始读取数据库表：jingpin_data]
2025-12-04 14:57:08,222 [INFO] [成功读取表 jingpin_data，数据行数：4890]
2025-12-04 14:57:08,277 [INFO] [开始读取数据库表：inventory_data]
2025-12-04 14:57:08,748 [INFO] [成功读取表 inventory_data，数据行数：5934]
2025-12-04 14:57:08,749 [INFO] [开始读取数据库表：tuiding_data]
2025-12-04 14:57:08,997 [INFO] [成功读取表 tuiding_data，数据行数：4465]
2025-12-04 14:57:08,998 [INFO] [开始读取数据库表：debit_data]
2025-12-04 14:57:11,106 [INFO] [成功读取表 debit_data，数据行数：26462]
2025-12-04 14:57:11,487 [INFO] [开始读取数据库表：sales_invoice_data]
2025-12-04 14:57:12,850 [INFO] [成功读取表 sales_invoice_data，数据行数：19708]
2025-12-04 15:30:01,310 [INFO] [数据库引擎创建成功]
2025-12-04 15:30:01,310 [INFO] [开始读取数据库表：order_data]
2025-12-04 15:30:03,129 [INFO] [成功读取表 order_data，数据行数：24701]
2025-12-04 15:30:03,468 [INFO] [开始读取数据库表：sales_data]
2025-12-04 15:30:09,939 [INFO] [成功读取表 sales_data，数据行数：27132]
2025-12-04 15:30:11,905 [INFO] [开始读取数据库表：jingpin_data]
2025-12-04 15:30:12,197 [INFO] [成功读取表 jingpin_data，数据行数：4890]
2025-12-04 15:30:12,267 [INFO] [开始读取数据库表：inventory_data]
2025-12-04 15:30:12,821 [INFO] [成功读取表 inventory_data，数据行数：5927]
2025-12-04 15:30:12,821 [INFO] [开始读取数据库表：tuiding_data]
2025-12-04 15:30:13,054 [INFO] [成功读取表 tuiding_data，数据行数：4465]
2025-12-04 15:30:13,054 [INFO] [开始读取数据库表：debit_data]
2025-12-04 15:30:15,203 [INFO] [成功读取表 debit_data，数据行数：26462]
2025-12-04 15:30:15,593 [INFO] [开始读取数据库表：sales_invoice_data]
2025-12-04 15:30:16,978 [INFO] [成功读取表 sales_invoice_data，数据行数：19715]
2025-12-04 15:57:51,805 [INFO] [数据库引擎创建成功]
2025-12-04 15:57:51,805 [INFO] [开始读取数据库表：order_data]
2025-12-04 15:57:54,035 [INFO] [成功读取表 order_data，数据行数：24707]
2025-12-04 15:57:54,352 [INFO] [开始读取数据库表：sales_data]
2025-12-04 15:57:59,859 [INFO] [成功读取表 sales_data，数据行数：27139]
2025-12-04 15:58:01,600 [INFO] [开始读取数据库表：jingpin_data]
2025-12-04 15:58:01,890 [INFO] [成功读取表 jingpin_data，数据行数：4890]
2025-12-04 15:58:01,964 [INFO] [开始读取数据库表：inventory_data]
2025-12-04 15:58:02,526 [INFO] [成功读取表 inventory_data，数据行数：5920]
2025-12-04 15:58:02,527 [INFO] [开始读取数据库表：tuiding_data]
2025-12-04 15:58:02,765 [INFO] [成功读取表 tuiding_data，数据行数：4465]
2025-12-04 15:58:02,765 [INFO] [开始读取数据库表：debit_data]
2025-12-04 15:58:04,958 [INFO] [成功读取表 debit_data，数据行数：26462]
2025-12-04 15:58:05,326 [INFO] [开始读取数据库表：sales_invoice_data]
2025-12-04 15:58:06,631 [INFO] [成功读取表 sales_invoice_data，数据行数：19721]
2025-12-04 16:28:45,052 [INFO] [数据库引擎创建成功]
2025-12-04 16:28:45,052 [INFO] [开始读取数据库表：order_data]
2025-12-04 16:28:46,896 [INFO] [成功读取表 order_data，数据行数：24713]
2025-12-04 16:28:47,243 [INFO] [开始读取数据库表：sales_data]
2025-12-04 16:28:55,732 [INFO] [成功读取表 sales_data，数据行数：27144]
2025-12-04 16:28:57,849 [INFO] [开始读取数据库表：jingpin_data]
2025-12-04 16:28:58,156 [INFO] [成功读取表 jingpin_data，数据行数：4895]
2025-12-04 16:28:58,246 [INFO] [开始读取数据库表：inventory_data]
2025-12-04 16:28:58,812 [INFO] [成功读取表 inventory_data，数据行数：5915]
2025-12-04 16:28:58,812 [INFO] [开始读取数据库表：tuiding_data]
2025-12-04 16:28:59,048 [INFO] [成功读取表 tuiding_data，数据行数：4465]
2025-12-04 16:28:59,048 [INFO] [开始读取数据库表：debit_data]
2025-12-04 16:29:01,224 [INFO] [成功读取表 debit_data，数据行数：26462]
2025-12-04 16:29:01,632 [INFO] [开始读取数据库表：sales_invoice_data]
2025-12-04 16:29:03,054 [INFO] [成功读取表 sales_invoice_data，数据行数：19726]
2025-12-04 16:57:57,813 [INFO] [数据库引擎创建成功]
2025-12-04 16:57:57,813 [INFO] [开始读取数据库表：order_data]
2025-12-04 16:57:59,560 [INFO] [成功读取表 order_data，数据行数：24724]
2025-12-04 16:57:59,884 [INFO] [开始读取数据库表：sales_data]
2025-12-04 16:58:06,485 [INFO] [成功读取表 sales_data，数据行数：27152]
2025-12-04 16:58:12,724 [INFO] [开始读取数据库表：jingpin_data]
2025-12-04 16:58:13,004 [INFO] [成功读取表 jingpin_data，数据行数：4896]
2025-12-04 16:58:13,067 [INFO] [开始读取数据库表：inventory_data]
2025-12-04 16:58:13,597 [INFO] [成功读取表 inventory_data，数据行数：5907]
2025-12-04 16:58:13,597 [INFO] [开始读取数据库表：tuiding_data]
2025-12-04 16:58:13,798 [INFO] [成功读取表 tuiding_data，数据行数：4465]
2025-12-04 16:58:13,798 [INFO] [开始读取数据库表：debit_data]
2025-12-04 16:58:15,667 [INFO] [成功读取表 debit_data，数据行数：26462]
2025-12-04 16:58:16,013 [INFO] [开始读取数据库表：sales_invoice_data]
2025-12-04 16:58:17,269 [INFO] [成功读取表 sales_invoice_data，数据行数：19733]
2025-12-04 17:31:42,566 [INFO] [数据库引擎创建成功]
2025-12-04 17:31:42,566 [INFO] [开始读取数据库表：order_data]
2025-12-04 17:31:44,428 [INFO] [成功读取表 order_data，数据行数：24724]
2025-12-04 17:31:44,770 [INFO] [开始读取数据库表：sales_data]
2025-12-04 17:31:51,344 [INFO] [成功读取表 sales_data，数据行数：27159]
2025-12-04 17:31:53,367 [INFO] [开始读取数据库表：jingpin_data]
2025-12-04 17:31:53,647 [INFO] [成功读取表 jingpin_data，数据行数：4896]
2025-12-04 17:31:53,721 [INFO] [开始读取数据库表：inventory_data]
2025-12-04 17:31:54,273 [INFO] [成功读取表 inventory_data，数据行数：5901]
2025-12-04 17:31:54,273 [INFO] [开始读取数据库表：tuiding_data]
2025-12-04 17:31:54,532 [INFO] [成功读取表 tuiding_data，数据行数：4465]
2025-12-04 17:31:54,532 [INFO] [开始读取数据库表：debit_data]
2025-12-04 17:31:56,760 [INFO] [成功读取表 debit_data，数据行数：26462]
2025-12-04 17:31:57,148 [INFO] [开始读取数据库表：sales_invoice_data]
2025-12-04 17:31:58,513 [INFO] [成功读取表 sales_invoice_data，数据行数：19740]
2025-12-04 17:57:26,467 [INFO] [数据库引擎创建成功]
2025-12-04 17:57:26,468 [INFO] [开始读取数据库表：order_data]
2025-12-04 17:57:28,976 [INFO] [成功读取表 order_data，数据行数：24746]
2025-12-04 17:57:29,342 [INFO] [开始读取数据库表：sales_data]
2025-12-04 17:57:34,947 [INFO] [成功读取表 sales_data，数据行数：27170]
2025-12-04 17:57:36,714 [INFO] [开始读取数据库表：jingpin_data]
2025-12-04 17:57:36,975 [INFO] [成功读取表 jingpin_data，数据行数：4902]
2025-12-04 17:57:37,042 [INFO] [开始读取数据库表：inventory_data]
2025-12-04 17:57:37,514 [INFO] [成功读取表 inventory_data，数据行数：5890]
2025-12-04 17:57:37,514 [INFO] [开始读取数据库表：tuiding_data]
2025-12-04 17:57:37,714 [INFO] [成功读取表 tuiding_data，数据行数：4465]
2025-12-04 17:57:37,714 [INFO] [开始读取数据库表：debit_data]
2025-12-04 17:57:39,496 [INFO] [成功读取表 debit_data，数据行数：26462]
2025-12-04 17:57:39,819 [INFO] [开始读取数据库表：sales_invoice_data]
2025-12-04 17:57:40,962 [INFO] [成功读取表 sales_invoice_data，数据行数：19749]
2025-12-04 18:27:01,174 [INFO] [数据库引擎创建成功]
2025-12-04 18:27:01,174 [INFO] [开始读取数据库表：order_data]
2025-12-04 18:27:02,390 [INFO] [成功读取表 order_data，数据行数：24753]
2025-12-04 18:27:02,738 [INFO] [开始读取数据库表：sales_data]
2025-12-04 18:27:09,500 [INFO] [成功读取表 sales_data，数据行数：27186]
2025-12-04 18:27:11,534 [INFO] [开始读取数据库表：jingpin_data]
2025-12-04 18:27:11,843 [INFO] [成功读取表 jingpin_data，数据行数：4906]
2025-12-04 18:27:11,915 [INFO] [开始读取数据库表：inventory_data]
2025-12-04 18:27:12,488 [INFO] [成功读取表 inventory_data，数据行数：5882]
2025-12-04 18:27:12,488 [INFO] [开始读取数据库表：tuiding_data]
2025-12-04 18:27:12,741 [INFO] [成功读取表 tuiding_data，数据行数：4469]
2025-12-04 18:27:12,742 [INFO] [开始读取数据库表：debit_data]
2025-12-04 18:27:14,955 [INFO] [成功读取表 debit_data，数据行数：26462]
2025-12-04 18:27:15,360 [INFO] [开始读取数据库表：sales_invoice_data]
2025-12-04 18:27:16,795 [INFO] [成功读取表 sales_invoice_data，数据行数：19760]
2025-12-04 18:56:40,418 [INFO] [数据库引擎创建成功]
2025-12-04 18:56:40,418 [INFO] [开始读取数据库表：order_data]
2025-12-04 18:56:42,318 [INFO] [成功读取表 order_data，数据行数：24754]
2025-12-04 18:56:42,647 [INFO] [开始读取数据库表：sales_data]
2025-12-04 18:56:48,560 [INFO] [成功读取表 sales_data，数据行数：27188]
2025-12-04 18:56:50,392 [INFO] [开始读取数据库表：jingpin_data]
2025-12-04 18:56:50,689 [INFO] [成功读取表 jingpin_data，数据行数：4907]
2025-12-04 18:56:50,766 [INFO] [开始读取数据库表：inventory_data]
2025-12-04 18:56:51,341 [INFO] [成功读取表 inventory_data，数据行数：5881]
2025-12-04 18:56:51,341 [INFO] [开始读取数据库表：tuiding_data]
2025-12-04 18:56:51,587 [INFO] [成功读取表 tuiding_data，数据行数：4469]
2025-12-04 18:56:51,587 [INFO] [开始读取数据库表：debit_data]
2025-12-04 18:56:53,747 [INFO] [成功读取表 debit_data，数据行数：26462]
2025-12-04 18:56:54,140 [INFO] [开始读取数据库表：sales_invoice_data]
2025-12-04 18:56:55,561 [INFO] [成功读取表 sales_invoice_data，数据行数：19761]
2025-12-04 19:26:53,581 [INFO] [数据库引擎创建成功]
2025-12-04 19:26:53,581 [INFO] [开始读取数据库表：order_data]
2025-12-04 19:26:55,514 [INFO] [成功读取表 order_data，数据行数：24754]
2025-12-04 19:26:55,874 [INFO] [开始读取数据库表：sales_data]
2025-12-04 19:27:02,675 [INFO] [成功读取表 sales_data，数据行数：27189]
2025-12-04 19:27:04,347 [INFO] [开始读取数据库表：jingpin_data]
2025-12-04 19:27:04,636 [INFO] [成功读取表 jingpin_data，数据行数：4907]
2025-12-04 19:27:04,716 [INFO] [开始读取数据库表：inventory_data]
2025-12-04 19:27:05,279 [INFO] [成功读取表 inventory_data，数据行数：5880]
2025-12-04 19:27:05,279 [INFO] [开始读取数据库表：tuiding_data]
2025-12-04 19:27:05,531 [INFO] [成功读取表 tuiding_data，数据行数：4469]
2025-12-04 19:27:05,531 [INFO] [开始读取数据库表：debit_data]
2025-12-04 19:27:07,753 [INFO] [成功读取表 debit_data，数据行数：26462]
2025-12-04 19:27:08,147 [INFO] [开始读取数据库表：sales_invoice_data]
2025-12-04 19:27:09,589 [INFO] [成功读取表 sales_invoice_data，数据行数：19762]
2025-12-04 19:56:41,302 [INFO] [数据库引擎创建成功]
2025-12-04 19:56:41,303 [INFO] [开始读取数据库表：order_data]
2025-12-04 19:56:43,140 [INFO] [成功读取表 order_data，数据行数：24759]
2025-12-04 19:56:43,487 [INFO] [开始读取数据库表：sales_data]
2025-12-04 19:56:49,975 [INFO] [成功读取表 sales_data，数据行数：27193]
2025-12-04 19:56:51,797 [INFO] [开始读取数据库表：jingpin_data]
2025-12-04 19:56:52,093 [INFO] [成功读取表 jingpin_data，数据行数：4907]
2025-12-04 19:56:52,166 [INFO] [开始读取数据库表：inventory_data]
2025-12-04 19:56:52,751 [INFO] [成功读取表 inventory_data，数据行数：5876]
2025-12-04 19:56:52,751 [INFO] [开始读取数据库表：tuiding_data]
2025-12-04 19:56:52,991 [INFO] [成功读取表 tuiding_data，数据行数：4469]
2025-12-04 19:56:52,991 [INFO] [开始读取数据库表：debit_data]
2025-12-04 19:56:55,227 [INFO] [成功读取表 debit_data，数据行数：26462]
2025-12-04 19:56:55,621 [INFO] [开始读取数据库表：sales_invoice_data]
2025-12-04 19:56:57,055 [INFO] [成功读取表 sales_invoice_data，数据行数：19766]
2025-12-04 20:26:45,667 [INFO] [数据库引擎创建成功]
2025-12-04 20:26:45,668 [INFO] [开始读取数据库表：order_data]
2025-12-04 20:26:47,480 [INFO] [成功读取表 order_data，数据行数：24759]
2025-12-04 20:26:47,829 [INFO] [开始读取数据库表：sales_data]
2025-12-04 20:26:54,009 [INFO] [成功读取表 sales_data，数据行数：27194]
2025-12-04 20:26:56,037 [INFO] [开始读取数据库表：jingpin_data]
2025-12-04 20:26:56,337 [INFO] [成功读取表 jingpin_data，数据行数：4907]
2025-12-04 20:26:56,416 [INFO] [开始读取数据库表：inventory_data]
2025-12-04 20:26:56,972 [INFO] [成功读取表 inventory_data，数据行数：5875]
2025-12-04 20:26:56,973 [INFO] [开始读取数据库表：tuiding_data]
2025-12-04 20:26:57,232 [INFO] [成功读取表 tuiding_data，数据行数：4469]
2025-12-04 20:26:57,232 [INFO] [开始读取数据库表：debit_data]
2025-12-04 20:26:59,436 [INFO] [成功读取表 debit_data，数据行数：26462]
2025-12-04 20:26:59,826 [INFO] [开始读取数据库表：sales_invoice_data]
2025-12-04 20:27:01,208 [INFO] [成功读取表 sales_invoice_data，数据行数：19767]
2025-12-04 20:56:45,400 [INFO] [数据库引擎创建成功]
2025-12-04 20:56:45,401 [INFO] [开始读取数据库表：order_data]
2025-12-04 20:56:47,298 [INFO] [成功读取表 order_data，数据行数：24759]
2025-12-04 20:56:47,659 [INFO] [开始读取数据库表：sales_data]
2025-12-04 20:56:53,775 [INFO] [成功读取表 sales_data，数据行数：27194]
2025-12-04 20:56:55,855 [INFO] [开始读取数据库表：jingpin_data]
2025-12-04 20:56:56,154 [INFO] [成功读取表 jingpin_data，数据行数：4907]
2025-12-04 20:56:56,232 [INFO] [开始读取数据库表：inventory_data]
2025-12-04 20:56:56,830 [INFO] [成功读取表 inventory_data，数据行数：5875]
2025-12-04 20:56:56,830 [INFO] [开始读取数据库表：tuiding_data]
2025-12-04 20:56:57,088 [INFO] [成功读取表 tuiding_data，数据行数：4469]
2025-12-04 20:56:57,088 [INFO] [开始读取数据库表：debit_data]
2025-12-04 20:56:59,336 [INFO] [成功读取表 debit_data，数据行数：26462]
2025-12-04 20:56:59,736 [INFO] [开始读取数据库表：sales_invoice_data]
2025-12-04 20:57:01,146 [INFO] [成功读取表 sales_invoice_data，数据行数：19767]
2025-12-04 21:26:38,485 [INFO] [数据库引擎创建成功]
2025-12-04 21:26:38,485 [INFO] [开始读取数据库表：order_data]
2025-12-04 21:26:40,406 [INFO] [成功读取表 order_data，数据行数：24759]
2025-12-04 21:26:40,734 [INFO] [开始读取数据库表：sales_data]
2025-12-04 21:26:47,373 [INFO] [成功读取表 sales_data，数据行数：27194]
2025-12-04 21:26:49,428 [INFO] [开始读取数据库表：jingpin_data]
2025-12-04 21:26:49,736 [INFO] [成功读取表 jingpin_data，数据行数：4907]
2025-12-04 21:26:49,807 [INFO] [开始读取数据库表：inventory_data]
2025-12-04 21:26:50,371 [INFO] [成功读取表 inventory_data，数据行数：5875]
2025-12-04 21:26:50,371 [INFO] [开始读取数据库表：tuiding_data]
2025-12-04 21:26:50,619 [INFO] [成功读取表 tuiding_data，数据行数：4469]
2025-12-04 21:26:50,619 [INFO] [开始读取数据库表：debit_data]
2025-12-04 21:26:52,814 [INFO] [成功读取表 debit_data，数据行数：26462]
2025-12-04 21:26:53,207 [INFO] [开始读取数据库表：sales_invoice_data]
2025-12-04 21:26:54,625 [INFO] [成功读取表 sales_invoice_data，数据行数：19767]
2025-12-04 21:56:45,732 [INFO] [数据库引擎创建成功]
2025-12-04 21:56:45,732 [INFO] [开始读取数据库表：order_data]
2025-12-04 21:56:47,548 [INFO] [成功读取表 order_data，数据行数：24759]
2025-12-04 21:56:47,889 [INFO] [开始读取数据库表：sales_data]
2025-12-04 21:56:54,074 [INFO] [成功读取表 sales_data，数据行数：27194]
2025-12-04 21:56:55,941 [INFO] [开始读取数据库表：jingpin_data]
2025-12-04 21:56:56,245 [INFO] [成功读取表 jingpin_data，数据行数：4907]
2025-12-04 21:56:56,319 [INFO] [开始读取数据库表：inventory_data]
2025-12-04 21:56:56,894 [INFO] [成功读取表 inventory_data，数据行数：5875]
2025-12-04 21:56:56,894 [INFO] [开始读取数据库表：tuiding_data]
2025-12-04 21:56:57,139 [INFO] [成功读取表 tuiding_data，数据行数：4469]
2025-12-04 21:56:57,140 [INFO] [开始读取数据库表：debit_data]
2025-12-04 21:56:59,362 [INFO] [成功读取表 debit_data，数据行数：26513]
2025-12-04 21:56:59,759 [INFO] [开始读取数据库表：sales_invoice_data]
2025-12-04 21:57:01,194 [INFO] [成功读取表 sales_invoice_data，数据行数：19767]
2025-12-04 22:26:36,753 [INFO] [数据库引擎创建成功]
2025-12-04 22:26:36,753 [INFO] [开始读取数据库表：order_data]
2025-12-04 22:26:38,807 [INFO] [成功读取表 order_data，数据行数：24762]
2025-12-04 22:26:39,253 [INFO] [开始读取数据库表：sales_data]
2025-12-04 22:26:45,415 [INFO] [成功读取表 sales_data，数据行数：27194]
2025-12-04 22:26:47,442 [INFO] [开始读取数据库表：jingpin_data]
2025-12-04 22:26:47,748 [INFO] [成功读取表 jingpin_data，数据行数：4907]
2025-12-04 22:26:47,826 [INFO] [开始读取数据库表：inventory_data]
2025-12-04 22:26:48,411 [INFO] [成功读取表 inventory_data，数据行数：5875]
2025-12-04 22:26:48,411 [INFO] [开始读取数据库表：tuiding_data]
2025-12-04 22:26:48,657 [INFO] [成功读取表 tuiding_data，数据行数：4469]
2025-12-04 22:26:48,657 [INFO] [开始读取数据库表：debit_data]
2025-12-04 22:26:50,876 [INFO] [成功读取表 debit_data，数据行数：26513]
2025-12-04 22:26:51,280 [INFO] [开始读取数据库表：sales_invoice_data]
2025-12-04 22:26:52,692 [INFO] [成功读取表 sales_invoice_data，数据行数：19767]
2025-12-04 22:56:40,399 [INFO] [数据库引擎创建成功]
2025-12-04 22:56:40,399 [INFO] [开始读取数据库表：order_data]
2025-12-04 22:56:41,817 [INFO] [成功读取表 order_data，数据行数：24762]
2025-12-04 22:56:42,145 [INFO] [开始读取数据库表：sales_data]
2025-12-04 22:56:48,759 [INFO] [成功读取表 sales_data，数据行数：27194]
2025-12-04 22:56:50,772 [INFO] [开始读取数据库表：jingpin_data]
2025-12-04 22:56:51,087 [INFO] [成功读取表 jingpin_data，数据行数：4907]
2025-12-04 22:56:51,161 [INFO] [开始读取数据库表：inventory_data]
2025-12-04 22:56:51,728 [INFO] [成功读取表 inventory_data，数据行数：5875]
2025-12-04 22:56:51,728 [INFO] [开始读取数据库表：tuiding_data]
2025-12-04 22:56:51,970 [INFO] [成功读取表 tuiding_data，数据行数：4469]
2025-12-04 22:56:51,970 [INFO] [开始读取数据库表：debit_data]
2025-12-04 22:56:54,199 [INFO] [成功读取表 debit_data，数据行数：26513]
2025-12-04 22:56:54,597 [INFO] [开始读取数据库表：sales_invoice_data]
2025-12-04 22:56:55,998 [INFO] [成功读取表 sales_invoice_data，数据行数：19767]
2025-12-04 23:26:37,950 [INFO] [数据库引擎创建成功]
2025-12-04 23:26:37,950 [INFO] [开始读取数据库表：order_data]
2025-12-04 23:26:39,839 [INFO] [成功读取表 order_data，数据行数：24762]
2025-12-04 23:26:40,185 [INFO] [开始读取数据库表：sales_data]
2025-12-04 23:26:46,362 [INFO] [成功读取表 sales_data，数据行数：27193]
2025-12-04 23:26:48,376 [INFO] [开始读取数据库表：jingpin_data]
2025-12-04 23:26:48,679 [INFO] [成功读取表 jingpin_data，数据行数：4907]
2025-12-04 23:26:48,754 [INFO] [开始读取数据库表：inventory_data]
2025-12-04 23:26:49,335 [INFO] [成功读取表 inventory_data，数据行数：5875]
2025-12-04 23:26:49,335 [INFO] [开始读取数据库表：tuiding_data]
2025-12-04 23:26:49,584 [INFO] [成功读取表 tuiding_data，数据行数：4469]
2025-12-04 23:26:49,584 [INFO] [开始读取数据库表：debit_data]
2025-12-04 23:26:51,759 [INFO] [成功读取表 debit_data，数据行数：26513]
2025-12-04 23:26:52,153 [INFO] [开始读取数据库表：sales_invoice_data]
2025-12-04 23:26:53,582 [INFO] [成功读取表 sales_invoice_data，数据行数：19767]
2025-12-04 23:56:41,965 [INFO] [数据库引擎创建成功]
2025-12-04 23:56:41,965 [INFO] [开始读取数据库表：order_data]
2025-12-04 23:56:43,607 [INFO] [成功读取表 order_data，数据行数：24762]
2025-12-04 23:56:43,944 [INFO] [开始读取数据库表：sales_data]
2025-12-04 23:56:50,729 [INFO] [成功读取表 sales_data，数据行数：27193]
2025-12-04 23:56:52,790 [INFO] [开始读取数据库表：jingpin_data]
2025-12-04 23:56:53,093 [INFO] [成功读取表 jingpin_data，数据行数：4907]
2025-12-04 23:56:53,160 [INFO] [开始读取数据库表：inventory_data]
2025-12-04 23:56:53,752 [INFO] [成功读取表 inventory_data，数据行数：5875]
2025-12-04 23:56:53,752 [INFO] [开始读取数据库表：tuiding_data]
2025-12-04 23:56:54,003 [INFO] [成功读取表 tuiding_data，数据行数：4469]
2025-12-04 23:56:54,004 [INFO] [开始读取数据库表：debit_data]
2025-12-04 23:56:56,181 [INFO] [成功读取表 debit_data，数据行数：26513]
2025-12-04 23:56:56,585 [INFO] [开始读取数据库表：sales_invoice_data]
2025-12-04 23:56:57,987 [INFO] [成功读取表 sales_invoice_data，数据行数：19767]
