2025-11-23 08:07:30,534 [INFO] [数据库引擎创建成功]
2025-11-23 08:07:30,534 [INFO] [开始读取数据库表：order_data]
2025-11-23 08:07:31,757 [INFO] [成功读取表 order_data，数据行数：23840]
2025-11-23 08:07:32,040 [INFO] [开始读取数据库表：sales_data]
2025-11-23 08:07:36,965 [INFO] [成功读取表 sales_data，数据行数：25787]
2025-11-23 08:07:38,914 [INFO] [开始读取数据库表：jingpin_data]
2025-11-23 08:07:39,175 [INFO] [成功读取表 jingpin_data，数据行数：4567]
2025-11-23 08:07:39,257 [INFO] [开始读取数据库表：inventory_data]
2025-11-23 08:07:39,816 [INFO] [成功读取表 inventory_data，数据行数：6189]
2025-11-23 08:07:39,817 [INFO] [开始读取数据库表：tuiding_data]
2025-11-23 08:07:40,022 [INFO] [成功读取表 tuiding_data，数据行数：4246]
2025-11-23 08:07:40,023 [INFO] [开始读取数据库表：debit_data]
2025-11-23 08:07:42,379 [INFO] [成功读取表 debit_data，数据行数：25640]
2025-11-23 08:07:42,843 [INFO] [开始读取数据库表：sales_invoice_data]
2025-11-23 08:07:44,123 [INFO] [成功读取表 sales_invoice_data，数据行数：18654]
2025-11-23 08:29:10,583 [INFO] [数据库引擎创建成功]
2025-11-23 08:29:10,584 [INFO] [开始读取数据库表：order_data]
2025-11-23 08:29:11,802 [INFO] [成功读取表 order_data，数据行数：23840]
2025-11-23 08:29:12,086 [INFO] [开始读取数据库表：sales_data]
2025-11-23 08:29:16,824 [INFO] [成功读取表 sales_data，数据行数：25787]
2025-11-23 08:29:18,687 [INFO] [开始读取数据库表：jingpin_data]
2025-11-23 08:29:18,918 [INFO] [成功读取表 jingpin_data，数据行数：4567]
2025-11-23 08:29:18,991 [INFO] [开始读取数据库表：inventory_data]
2025-11-23 08:29:19,466 [INFO] [成功读取表 inventory_data，数据行数：6189]
2025-11-23 08:29:19,467 [INFO] [开始读取数据库表：tuiding_data]
2025-11-23 08:29:19,664 [INFO] [成功读取表 tuiding_data，数据行数：4246]
2025-11-23 08:29:19,665 [INFO] [开始读取数据库表：debit_data]
2025-11-23 08:29:21,429 [INFO] [成功读取表 debit_data，数据行数：25640]
2025-11-23 08:29:21,776 [INFO] [开始读取数据库表：sales_invoice_data]
2025-11-23 08:29:22,893 [INFO] [成功读取表 sales_invoice_data，数据行数：18654]
2025-11-23 08:59:45,238 [INFO] [数据库引擎创建成功]
2025-11-23 08:59:45,238 [INFO] [开始读取数据库表：order_data]
2025-11-23 08:59:46,528 [INFO] [成功读取表 order_data，数据行数：23840]
2025-11-23 08:59:46,810 [INFO] [开始读取数据库表：sales_data]
2025-11-23 08:59:52,440 [INFO] [成功读取表 sales_data，数据行数：25787]
2025-11-23 08:59:54,981 [INFO] [开始读取数据库表：jingpin_data]
2025-11-23 08:59:55,236 [INFO] [成功读取表 jingpin_data，数据行数：4567]
2025-11-23 08:59:55,308 [INFO] [开始读取数据库表：inventory_data]
2025-11-23 08:59:55,869 [INFO] [成功读取表 inventory_data，数据行数：6189]
2025-11-23 08:59:55,869 [INFO] [开始读取数据库表：tuiding_data]
2025-11-23 08:59:56,062 [INFO] [成功读取表 tuiding_data，数据行数：4246]
2025-11-23 08:59:56,062 [INFO] [开始读取数据库表：debit_data]
2025-11-23 08:59:57,953 [INFO] [成功读取表 debit_data，数据行数：25640]
2025-11-23 08:59:58,436 [INFO] [开始读取数据库表：sales_invoice_data]
2025-11-23 08:59:59,615 [INFO] [成功读取表 sales_invoice_data，数据行数：18654]
2025-11-23 09:29:37,057 [INFO] [数据库引擎创建成功]
2025-11-23 09:29:37,067 [INFO] [开始读取数据库表：order_data]
2025-11-23 09:29:38,361 [INFO] [成功读取表 order_data，数据行数：23842]
2025-11-23 09:29:38,656 [INFO] [开始读取数据库表：sales_data]
2025-11-23 09:29:44,069 [INFO] [成功读取表 sales_data，数据行数：25789]
2025-11-23 09:29:46,089 [INFO] [开始读取数据库表：jingpin_data]
2025-11-23 09:29:46,358 [INFO] [成功读取表 jingpin_data，数据行数：4567]
2025-11-23 09:29:46,433 [INFO] [开始读取数据库表：inventory_data]
2025-11-23 09:29:46,953 [INFO] [成功读取表 inventory_data，数据行数：6187]
2025-11-23 09:29:46,953 [INFO] [开始读取数据库表：tuiding_data]
2025-11-23 09:29:47,152 [INFO] [成功读取表 tuiding_data，数据行数：4246]
2025-11-23 09:29:47,152 [INFO] [开始读取数据库表：debit_data]
2025-11-23 09:29:48,894 [INFO] [成功读取表 debit_data，数据行数：25640]
2025-11-23 09:29:49,262 [INFO] [开始读取数据库表：sales_invoice_data]
2025-11-23 09:29:50,397 [INFO] [成功读取表 sales_invoice_data，数据行数：18656]
2025-11-23 09:59:51,681 [INFO] [数据库引擎创建成功]
2025-11-23 09:59:51,682 [INFO] [开始读取数据库表：order_data]
2025-11-23 09:59:52,877 [INFO] [成功读取表 order_data，数据行数：23846]
2025-11-23 09:59:53,153 [INFO] [开始读取数据库表：sales_data]
2025-11-23 09:59:58,071 [INFO] [成功读取表 sales_data，数据行数：25788]
2025-11-23 10:00:00,103 [INFO] [开始读取数据库表：jingpin_data]
2025-11-23 10:00:00,371 [INFO] [成功读取表 jingpin_data，数据行数：4567]
2025-11-23 10:00:00,444 [INFO] [开始读取数据库表：inventory_data]
2025-11-23 10:00:01,041 [INFO] [成功读取表 inventory_data，数据行数：6187]
2025-11-23 10:00:01,041 [INFO] [开始读取数据库表：tuiding_data]
2025-11-23 10:00:01,301 [INFO] [成功读取表 tuiding_data，数据行数：4246]
2025-11-23 10:00:01,302 [INFO] [开始读取数据库表：debit_data]
2025-11-23 10:00:03,405 [INFO] [成功读取表 debit_data，数据行数：25640]
2025-11-23 10:00:03,839 [INFO] [开始读取数据库表：sales_invoice_data]
2025-11-23 10:00:05,159 [INFO] [成功读取表 sales_invoice_data，数据行数：18655]
2025-11-23 10:30:11,619 [INFO] [数据库引擎创建成功]
2025-11-23 10:30:11,629 [INFO] [开始读取数据库表：order_data]
2025-11-23 10:30:13,031 [INFO] [成功读取表 order_data，数据行数：23850]
2025-11-23 10:30:13,342 [INFO] [开始读取数据库表：sales_data]
2025-11-23 10:30:23,893 [INFO] [成功读取表 sales_data，数据行数：25788]
2025-11-23 10:30:27,269 [INFO] [开始读取数据库表：jingpin_data]
2025-11-23 10:30:27,764 [INFO] [成功读取表 jingpin_data，数据行数：4567]
2025-11-23 10:30:27,909 [INFO] [开始读取数据库表：inventory_data]
2025-11-23 10:30:28,824 [INFO] [成功读取表 inventory_data，数据行数：6187]
2025-11-23 10:30:28,824 [INFO] [开始读取数据库表：tuiding_data]
2025-11-23 10:30:29,150 [INFO] [成功读取表 tuiding_data，数据行数：4246]
2025-11-23 10:30:29,150 [INFO] [开始读取数据库表：debit_data]
2025-11-23 10:30:32,286 [INFO] [成功读取表 debit_data，数据行数：25640]
2025-11-23 10:30:33,031 [INFO] [开始读取数据库表：sales_invoice_data]
2025-11-23 10:30:34,678 [INFO] [成功读取表 sales_invoice_data，数据行数：18655]
2025-11-23 11:00:16,836 [INFO] [数据库引擎创建成功]
2025-11-23 11:00:16,837 [INFO] [开始读取数据库表：order_data]
2025-11-23 11:00:18,622 [INFO] [成功读取表 order_data，数据行数：23853]
2025-11-23 11:00:19,047 [INFO] [开始读取数据库表：sales_data]
2025-11-23 11:00:27,762 [INFO] [成功读取表 sales_data，数据行数：25789]
2025-11-23 11:00:30,297 [INFO] [开始读取数据库表：jingpin_data]
2025-11-23 11:00:30,639 [INFO] [成功读取表 jingpin_data，数据行数：4567]
2025-11-23 11:00:30,719 [INFO] [开始读取数据库表：inventory_data]
2025-11-23 11:00:31,358 [INFO] [成功读取表 inventory_data，数据行数：6186]
2025-11-23 11:00:31,358 [INFO] [开始读取数据库表：tuiding_data]
2025-11-23 11:00:31,573 [INFO] [成功读取表 tuiding_data，数据行数：4246]
2025-11-23 11:00:31,573 [INFO] [开始读取数据库表：debit_data]
2025-11-23 11:00:34,898 [INFO] [成功读取表 debit_data，数据行数：25640]
2025-11-23 11:00:35,602 [INFO] [开始读取数据库表：sales_invoice_data]
2025-11-23 11:00:37,323 [INFO] [成功读取表 sales_invoice_data，数据行数：18656]
2025-11-23 11:30:08,133 [INFO] [数据库引擎创建成功]
2025-11-23 11:30:08,144 [INFO] [开始读取数据库表：order_data]
2025-11-23 11:30:09,702 [INFO] [成功读取表 order_data，数据行数：23853]
2025-11-23 11:30:10,011 [INFO] [开始读取数据库表：sales_data]
2025-11-23 11:30:16,040 [INFO] [成功读取表 sales_data，数据行数：25791]
2025-11-23 11:30:18,990 [INFO] [开始读取数据库表：jingpin_data]
2025-11-23 11:30:19,570 [INFO] [成功读取表 jingpin_data，数据行数：4567]
2025-11-23 11:30:19,765 [INFO] [开始读取数据库表：inventory_data]
2025-11-23 11:30:20,825 [INFO] [成功读取表 inventory_data，数据行数：6184]
2025-11-23 11:30:20,826 [INFO] [开始读取数据库表：tuiding_data]
2025-11-23 11:30:21,227 [INFO] [成功读取表 tuiding_data，数据行数：4249]
2025-11-23 11:30:21,227 [INFO] [开始读取数据库表：debit_data]
2025-11-23 11:30:24,212 [INFO] [成功读取表 debit_data，数据行数：25640]
2025-11-23 11:30:24,819 [INFO] [开始读取数据库表：sales_invoice_data]
2025-11-23 11:30:26,544 [INFO] [成功读取表 sales_invoice_data，数据行数：18658]
2025-11-23 12:00:30,442 [INFO] [数据库引擎创建成功]
2025-11-23 12:00:30,444 [INFO] [开始读取数据库表：order_data]
2025-11-23 12:00:32,246 [INFO] [成功读取表 order_data，数据行数：23857]
2025-11-23 12:00:32,594 [INFO] [开始读取数据库表：sales_data]
2025-11-23 12:00:45,212 [INFO] [成功读取表 sales_data，数据行数：25791]
2025-11-23 12:00:48,814 [INFO] [开始读取数据库表：jingpin_data]
2025-11-23 12:00:49,112 [INFO] [成功读取表 jingpin_data，数据行数：4567]
2025-11-23 12:00:49,193 [INFO] [开始读取数据库表：inventory_data]
2025-11-23 12:00:49,774 [INFO] [成功读取表 inventory_data，数据行数：6184]
2025-11-23 12:00:49,774 [INFO] [开始读取数据库表：tuiding_data]
2025-11-23 12:00:50,013 [INFO] [成功读取表 tuiding_data，数据行数：4249]
2025-11-23 12:00:50,014 [INFO] [开始读取数据库表：debit_data]
2025-11-23 12:00:52,130 [INFO] [成功读取表 debit_data，数据行数：25640]
2025-11-23 12:00:52,840 [INFO] [开始读取数据库表：sales_invoice_data]
2025-11-23 12:00:54,658 [INFO] [成功读取表 sales_invoice_data，数据行数：18658]
2025-11-23 12:29:40,110 [INFO] [数据库引擎创建成功]
2025-11-23 12:29:40,121 [INFO] [开始读取数据库表：order_data]
2025-11-23 12:29:41,347 [INFO] [成功读取表 order_data，数据行数：23859]
2025-11-23 12:29:41,619 [INFO] [开始读取数据库表：sales_data]
2025-11-23 12:29:46,446 [INFO] [成功读取表 sales_data，数据行数：25791]
2025-11-23 12:29:48,391 [INFO] [开始读取数据库表：jingpin_data]
2025-11-23 12:29:48,649 [INFO] [成功读取表 jingpin_data，数据行数：4567]
2025-11-23 12:29:48,726 [INFO] [开始读取数据库表：inventory_data]
2025-11-23 12:29:49,218 [INFO] [成功读取表 inventory_data，数据行数：6194]
2025-11-23 12:29:49,219 [INFO] [开始读取数据库表：tuiding_data]
2025-11-23 12:29:49,428 [INFO] [成功读取表 tuiding_data，数据行数：4251]
2025-11-23 12:29:49,428 [INFO] [开始读取数据库表：debit_data]
2025-11-23 12:29:51,214 [INFO] [成功读取表 debit_data，数据行数：25650]
2025-11-23 12:29:51,594 [INFO] [开始读取数据库表：sales_invoice_data]
2025-11-23 12:29:52,732 [INFO] [成功读取表 sales_invoice_data，数据行数：18658]
2025-11-23 13:00:06,396 [INFO] [数据库引擎创建成功]
2025-11-23 13:00:06,407 [INFO] [开始读取数据库表：order_data]
2025-11-23 13:00:07,794 [INFO] [成功读取表 order_data，数据行数：23862]
2025-11-23 13:00:08,114 [INFO] [开始读取数据库表：sales_data]
2025-11-23 13:00:14,487 [INFO] [成功读取表 sales_data，数据行数：25795]
2025-11-23 13:00:17,313 [INFO] [开始读取数据库表：jingpin_data]
2025-11-23 13:00:17,611 [INFO] [成功读取表 jingpin_data，数据行数：4567]
2025-11-23 13:00:17,757 [INFO] [开始读取数据库表：inventory_data]
2025-11-23 13:00:18,406 [INFO] [成功读取表 inventory_data，数据行数：6191]
2025-11-23 13:00:18,407 [INFO] [开始读取数据库表：tuiding_data]
2025-11-23 13:00:18,676 [INFO] [成功读取表 tuiding_data，数据行数：4251]
2025-11-23 13:00:18,677 [INFO] [开始读取数据库表：debit_data]
2025-11-23 13:00:21,079 [INFO] [成功读取表 debit_data，数据行数：25664]
2025-11-23 13:00:21,613 [INFO] [开始读取数据库表：sales_invoice_data]
2025-11-23 13:00:23,583 [INFO] [成功读取表 sales_invoice_data，数据行数：18660]
2025-11-23 13:29:38,880 [INFO] [数据库引擎创建成功]
2025-11-23 13:29:38,881 [INFO] [开始读取数据库表：order_data]
2025-11-23 13:29:40,132 [INFO] [成功读取表 order_data，数据行数：23872]
2025-11-23 13:29:40,383 [INFO] [开始读取数据库表：sales_data]
2025-11-23 13:29:45,238 [INFO] [成功读取表 sales_data，数据行数：25796]
2025-11-23 13:29:47,124 [INFO] [开始读取数据库表：jingpin_data]
2025-11-23 13:29:47,395 [INFO] [成功读取表 jingpin_data，数据行数：4568]
2025-11-23 13:29:47,458 [INFO] [开始读取数据库表：inventory_data]
2025-11-23 13:29:47,944 [INFO] [成功读取表 inventory_data，数据行数：6191]
2025-11-23 13:29:47,945 [INFO] [开始读取数据库表：tuiding_data]
2025-11-23 13:29:48,131 [INFO] [成功读取表 tuiding_data，数据行数：4251]
2025-11-23 13:29:48,131 [INFO] [开始读取数据库表：debit_data]
2025-11-23 13:29:49,855 [INFO] [成功读取表 debit_data，数据行数：25664]
2025-11-23 13:29:50,216 [INFO] [开始读取数据库表：sales_invoice_data]
2025-11-23 13:29:51,376 [INFO] [成功读取表 sales_invoice_data，数据行数：18661]
2025-11-23 14:00:09,244 [INFO] [数据库引擎创建成功]
2025-11-23 14:00:09,255 [INFO] [开始读取数据库表：order_data]
2025-11-23 14:00:10,694 [INFO] [成功读取表 order_data，数据行数：23875]
2025-11-23 14:00:10,998 [INFO] [开始读取数据库表：sales_data]
2025-11-23 14:00:17,241 [INFO] [成功读取表 sales_data，数据行数：25799]
2025-11-23 14:00:19,814 [INFO] [开始读取数据库表：jingpin_data]
2025-11-23 14:00:20,190 [INFO] [成功读取表 jingpin_data，数据行数：4568]
2025-11-23 14:00:20,269 [INFO] [开始读取数据库表：inventory_data]
2025-11-23 14:00:20,901 [INFO] [成功读取表 inventory_data，数据行数：6190]
2025-11-23 14:00:20,901 [INFO] [开始读取数据库表：tuiding_data]
2025-11-23 14:00:21,377 [INFO] [成功读取表 tuiding_data，数据行数：4251]
2025-11-23 14:00:21,378 [INFO] [开始读取数据库表：debit_data]
2025-11-23 14:00:24,123 [INFO] [成功读取表 debit_data，数据行数：25664]
2025-11-23 14:00:24,873 [INFO] [开始读取数据库表：sales_invoice_data]
2025-11-23 14:00:27,336 [INFO] [成功读取表 sales_invoice_data，数据行数：18662]
2025-11-23 14:30:45,319 [INFO] [数据库引擎创建成功]
2025-11-23 14:30:45,321 [INFO] [开始读取数据库表：order_data]
2025-11-23 14:30:47,325 [INFO] [成功读取表 order_data，数据行数：23879]
2025-11-23 14:30:47,821 [INFO] [开始读取数据库表：sales_data]
2025-11-23 14:30:57,561 [INFO] [成功读取表 sales_data，数据行数：25801]
2025-11-23 14:31:01,035 [INFO] [开始读取数据库表：jingpin_data]
2025-11-23 14:31:01,722 [INFO] [成功读取表 jingpin_data，数据行数：4568]
2025-11-23 14:31:01,882 [INFO] [开始读取数据库表：inventory_data]
2025-11-23 14:31:03,135 [INFO] [成功读取表 inventory_data，数据行数：6188]
2025-11-23 14:31:03,135 [INFO] [开始读取数据库表：tuiding_data]
2025-11-23 14:31:03,545 [INFO] [成功读取表 tuiding_data，数据行数：4254]
2025-11-23 14:31:03,545 [INFO] [开始读取数据库表：debit_data]
2025-11-23 14:31:07,647 [INFO] [成功读取表 debit_data，数据行数：25664]
2025-11-23 14:31:08,428 [INFO] [开始读取数据库表：sales_invoice_data]
2025-11-23 14:31:10,116 [INFO] [成功读取表 sales_invoice_data，数据行数：18664]
2025-11-23 14:59:50,645 [INFO] [数据库引擎创建成功]
2025-11-23 14:59:50,645 [INFO] [开始读取数据库表：order_data]
2025-11-23 14:59:51,908 [INFO] [成功读取表 order_data，数据行数：23883]
2025-11-23 14:59:52,190 [INFO] [开始读取数据库表：sales_data]
2025-11-23 14:59:57,024 [INFO] [成功读取表 sales_data，数据行数：25805]
2025-11-23 14:59:58,901 [INFO] [开始读取数据库表：jingpin_data]
2025-11-23 14:59:59,121 [INFO] [成功读取表 jingpin_data，数据行数：4568]
2025-11-23 14:59:59,193 [INFO] [开始读取数据库表：inventory_data]
2025-11-23 14:59:59,666 [INFO] [成功读取表 inventory_data，数据行数：6184]
2025-11-23 14:59:59,667 [INFO] [开始读取数据库表：tuiding_data]
2025-11-23 14:59:59,867 [INFO] [成功读取表 tuiding_data，数据行数：4254]
2025-11-23 14:59:59,867 [INFO] [开始读取数据库表：debit_data]
2025-11-23 15:00:01,912 [INFO] [成功读取表 debit_data，数据行数：25664]
2025-11-23 15:00:02,362 [INFO] [开始读取数据库表：sales_invoice_data]
2025-11-23 15:00:03,570 [INFO] [成功读取表 sales_invoice_data，数据行数：18668]
2025-11-23 15:30:56,319 [INFO] [数据库引擎创建成功]
2025-11-23 15:30:56,325 [INFO] [开始读取数据库表：order_data]
2025-11-23 15:30:57,726 [INFO] [成功读取表 order_data，数据行数：23887]
2025-11-23 15:30:58,010 [INFO] [开始读取数据库表：sales_data]
2025-11-23 15:31:07,271 [INFO] [成功读取表 sales_data，数据行数：25808]
2025-11-23 15:31:11,858 [INFO] [开始读取数据库表：jingpin_data]
2025-11-23 15:31:12,689 [INFO] [成功读取表 jingpin_data，数据行数：4568]
2025-11-23 15:31:12,898 [INFO] [开始读取数据库表：inventory_data]
2025-11-23 15:31:13,795 [INFO] [成功读取表 inventory_data，数据行数：6181]
2025-11-23 15:31:13,795 [INFO] [开始读取数据库表：tuiding_data]
2025-11-23 15:31:14,061 [INFO] [成功读取表 tuiding_data，数据行数：4254]
2025-11-23 15:31:14,061 [INFO] [开始读取数据库表：debit_data]
2025-11-23 15:31:17,264 [INFO] [成功读取表 debit_data，数据行数：25664]
2025-11-23 15:31:17,833 [INFO] [开始读取数据库表：sales_invoice_data]
2025-11-23 15:31:19,362 [INFO] [成功读取表 sales_invoice_data，数据行数：18671]
2025-11-23 16:00:15,998 [INFO] [数据库引擎创建成功]
2025-11-23 16:00:16,000 [INFO] [开始读取数据库表：order_data]
2025-11-23 16:00:18,950 [INFO] [成功读取表 order_data，数据行数：23894]
2025-11-23 16:00:19,440 [INFO] [开始读取数据库表：sales_data]
2025-11-23 16:00:29,362 [INFO] [成功读取表 sales_data，数据行数：25813]
2025-11-23 16:00:32,276 [INFO] [开始读取数据库表：jingpin_data]
2025-11-23 16:00:32,649 [INFO] [成功读取表 jingpin_data，数据行数：4570]
2025-11-23 16:00:32,734 [INFO] [开始读取数据库表：inventory_data]
2025-11-23 16:00:33,389 [INFO] [成功读取表 inventory_data，数据行数：6176]
2025-11-23 16:00:33,390 [INFO] [开始读取数据库表：tuiding_data]
2025-11-23 16:00:33,643 [INFO] [成功读取表 tuiding_data，数据行数：4254]
2025-11-23 16:00:33,644 [INFO] [开始读取数据库表：debit_data]
2025-11-23 16:00:36,438 [INFO] [成功读取表 debit_data，数据行数：25664]
2025-11-23 16:00:37,323 [INFO] [开始读取数据库表：sales_invoice_data]
2025-11-23 16:00:40,547 [INFO] [成功读取表 sales_invoice_data，数据行数：18676]
2025-11-23 16:29:37,728 [INFO] [数据库引擎创建成功]
2025-11-23 16:29:37,729 [INFO] [开始读取数据库表：order_data]
2025-11-23 16:29:39,181 [INFO] [成功读取表 order_data，数据行数：23900]
2025-11-23 16:29:39,496 [INFO] [开始读取数据库表：sales_data]
2025-11-23 16:29:44,963 [INFO] [成功读取表 sales_data，数据行数：25820]
2025-11-23 16:29:47,203 [INFO] [开始读取数据库表：jingpin_data]
2025-11-23 16:29:47,500 [INFO] [成功读取表 jingpin_data，数据行数：4570]
2025-11-23 16:29:47,575 [INFO] [开始读取数据库表：inventory_data]
2025-11-23 16:29:48,179 [INFO] [成功读取表 inventory_data，数据行数：6173]
2025-11-23 16:29:48,179 [INFO] [开始读取数据库表：tuiding_data]
2025-11-23 16:29:48,412 [INFO] [成功读取表 tuiding_data，数据行数：4254]
2025-11-23 16:29:48,412 [INFO] [开始读取数据库表：debit_data]
2025-11-23 16:29:50,397 [INFO] [成功读取表 debit_data，数据行数：25664]
2025-11-23 16:29:50,809 [INFO] [开始读取数据库表：sales_invoice_data]
2025-11-23 16:29:52,195 [INFO] [成功读取表 sales_invoice_data，数据行数：18679]
2025-11-23 16:59:56,257 [INFO] [数据库引擎创建成功]
2025-11-23 16:59:56,258 [INFO] [开始读取数据库表：order_data]
2025-11-23 16:59:57,540 [INFO] [成功读取表 order_data，数据行数：23913]
2025-11-23 16:59:57,786 [INFO] [开始读取数据库表：sales_data]
2025-11-23 17:00:03,218 [INFO] [成功读取表 sales_data，数据行数：25830]
2025-11-23 17:00:05,528 [INFO] [开始读取数据库表：jingpin_data]
2025-11-23 17:00:05,828 [INFO] [成功读取表 jingpin_data，数据行数：4570]
2025-11-23 17:00:05,912 [INFO] [开始读取数据库表：inventory_data]
2025-11-23 17:00:06,527 [INFO] [成功读取表 inventory_data，数据行数：6170]
2025-11-23 17:00:06,528 [INFO] [开始读取数据库表：tuiding_data]
2025-11-23 17:00:06,735 [INFO] [成功读取表 tuiding_data，数据行数：4254]
2025-11-23 17:00:06,735 [INFO] [开始读取数据库表：debit_data]
2025-11-23 17:00:08,829 [INFO] [成功读取表 debit_data，数据行数：25664]
2025-11-23 17:00:09,290 [INFO] [开始读取数据库表：sales_invoice_data]
2025-11-23 17:00:10,553 [INFO] [成功读取表 sales_invoice_data，数据行数：18682]
2025-11-23 17:31:34,668 [INFO] [数据库引擎创建成功]
2025-11-23 17:31:34,670 [INFO] [开始读取数据库表：order_data]
2025-11-23 17:31:36,188 [INFO] [成功读取表 order_data，数据行数：23923]
2025-11-23 17:31:36,539 [INFO] [开始读取数据库表：sales_data]
2025-11-23 17:31:42,851 [INFO] [成功读取表 sales_data，数据行数：25833]
2025-11-23 17:31:45,023 [INFO] [开始读取数据库表：jingpin_data]
2025-11-23 17:31:45,299 [INFO] [成功读取表 jingpin_data，数据行数：4570]
2025-11-23 17:31:45,375 [INFO] [开始读取数据库表：inventory_data]
2025-11-23 17:31:45,910 [INFO] [成功读取表 inventory_data，数据行数：6170]
2025-11-23 17:31:45,910 [INFO] [开始读取数据库表：tuiding_data]
2025-11-23 17:31:46,109 [INFO] [成功读取表 tuiding_data，数据行数：4254]
2025-11-23 17:31:46,110 [INFO] [开始读取数据库表：debit_data]
2025-11-23 17:31:48,069 [INFO] [成功读取表 debit_data，数据行数：25664]
2025-11-23 17:31:48,506 [INFO] [开始读取数据库表：sales_invoice_data]
2025-11-23 17:31:49,754 [INFO] [成功读取表 sales_invoice_data，数据行数：18682]
2025-11-23 18:00:03,580 [INFO] [数据库引擎创建成功]
2025-11-23 18:00:03,581 [INFO] [开始读取数据库表：order_data]
2025-11-23 18:00:05,057 [INFO] [成功读取表 order_data，数据行数：23937]
2025-11-23 18:00:05,355 [INFO] [开始读取数据库表：sales_data]
2025-11-23 18:00:11,211 [INFO] [成功读取表 sales_data，数据行数：25838]
2025-11-23 18:00:13,645 [INFO] [开始读取数据库表：jingpin_data]
2025-11-23 18:00:14,095 [INFO] [成功读取表 jingpin_data，数据行数：4574]
2025-11-23 18:00:14,208 [INFO] [开始读取数据库表：inventory_data]
2025-11-23 18:00:15,188 [INFO] [成功读取表 inventory_data，数据行数：6161]
2025-11-23 18:00:15,189 [INFO] [开始读取数据库表：tuiding_data]
2025-11-23 18:00:15,565 [INFO] [成功读取表 tuiding_data，数据行数：4254]
2025-11-23 18:00:15,565 [INFO] [开始读取数据库表：debit_data]
2025-11-23 18:00:18,836 [INFO] [成功读取表 debit_data，数据行数：25664]
2025-11-23 18:00:19,844 [INFO] [开始读取数据库表：sales_invoice_data]
2025-11-23 18:00:22,335 [INFO] [成功读取表 sales_invoice_data，数据行数：18690]
2025-11-23 18:29:59,639 [INFO] [数据库引擎创建成功]
2025-11-23 18:29:59,639 [INFO] [开始读取数据库表：order_data]
2025-11-23 18:30:01,017 [INFO] [成功读取表 order_data，数据行数：23941]
2025-11-23 18:30:01,350 [INFO] [开始读取数据库表：sales_data]
2025-11-23 18:30:06,893 [INFO] [成功读取表 sales_data，数据行数：25841]
2025-11-23 18:30:09,338 [INFO] [开始读取数据库表：jingpin_data]
2025-11-23 18:30:09,955 [INFO] [成功读取表 jingpin_data，数据行数：4579]
2025-11-23 18:30:10,084 [INFO] [开始读取数据库表：inventory_data]
2025-11-23 18:30:10,763 [INFO] [成功读取表 inventory_data，数据行数：6160]
2025-11-23 18:30:10,763 [INFO] [开始读取数据库表：tuiding_data]
2025-11-23 18:30:10,997 [INFO] [成功读取表 tuiding_data，数据行数：4254]
2025-11-23 18:30:10,998 [INFO] [开始读取数据库表：debit_data]
2025-11-23 18:30:13,258 [INFO] [成功读取表 debit_data，数据行数：25664]
2025-11-23 18:30:13,749 [INFO] [开始读取数据库表：sales_invoice_data]
2025-11-23 18:30:15,815 [INFO] [成功读取表 sales_invoice_data，数据行数：18693]
2025-11-23 19:00:13,653 [INFO] [数据库引擎创建成功]
2025-11-23 19:00:13,653 [INFO] [开始读取数据库表：order_data]
2025-11-23 19:00:15,199 [INFO] [成功读取表 order_data，数据行数：23947]
2025-11-23 19:00:15,520 [INFO] [开始读取数据库表：sales_data]
2025-11-23 19:00:21,513 [INFO] [成功读取表 sales_data，数据行数：25842]
2025-11-23 19:00:23,625 [INFO] [开始读取数据库表：jingpin_data]
2025-11-23 19:00:23,876 [INFO] [成功读取表 jingpin_data，数据行数：4579]
2025-11-23 19:00:23,946 [INFO] [开始读取数据库表：inventory_data]
2025-11-23 19:00:24,509 [INFO] [成功读取表 inventory_data，数据行数：6159]
2025-11-23 19:00:24,510 [INFO] [开始读取数据库表：tuiding_data]
2025-11-23 19:00:24,699 [INFO] [成功读取表 tuiding_data，数据行数：4254]
2025-11-23 19:00:24,700 [INFO] [开始读取数据库表：debit_data]
2025-11-23 19:00:26,634 [INFO] [成功读取表 debit_data，数据行数：25664]
2025-11-23 19:00:27,014 [INFO] [开始读取数据库表：sales_invoice_data]
2025-11-23 19:00:28,195 [INFO] [成功读取表 sales_invoice_data，数据行数：18694]
2025-11-23 19:29:58,294 [INFO] [数据库引擎创建成功]
2025-11-23 19:29:58,295 [INFO] [开始读取数据库表：order_data]
2025-11-23 19:29:59,713 [INFO] [成功读取表 order_data，数据行数：23953]
2025-11-23 19:30:00,044 [INFO] [开始读取数据库表：sales_data]
2025-11-23 19:30:06,677 [INFO] [成功读取表 sales_data，数据行数：25842]
2025-11-23 19:30:08,794 [INFO] [开始读取数据库表：jingpin_data]
2025-11-23 19:30:09,051 [INFO] [成功读取表 jingpin_data，数据行数：4579]
2025-11-23 19:30:09,118 [INFO] [开始读取数据库表：inventory_data]
2025-11-23 19:30:09,681 [INFO] [成功读取表 inventory_data，数据行数：6159]
2025-11-23 19:30:09,681 [INFO] [开始读取数据库表：tuiding_data]
2025-11-23 19:30:09,870 [INFO] [成功读取表 tuiding_data，数据行数：4254]
2025-11-23 19:30:09,870 [INFO] [开始读取数据库表：debit_data]
2025-11-23 19:30:11,814 [INFO] [成功读取表 debit_data，数据行数：25664]
2025-11-23 19:30:12,204 [INFO] [开始读取数据库表：sales_invoice_data]
2025-11-23 19:30:13,405 [INFO] [成功读取表 sales_invoice_data，数据行数：18694]
2025-11-23 20:00:08,704 [INFO] [数据库引擎创建成功]
2025-11-23 20:00:08,705 [INFO] [开始读取数据库表：order_data]
2025-11-23 20:00:10,206 [INFO] [成功读取表 order_data，数据行数：23958]
2025-11-23 20:00:10,527 [INFO] [开始读取数据库表：sales_data]
2025-11-23 20:00:17,132 [INFO] [成功读取表 sales_data，数据行数：25842]
2025-11-23 20:00:25,146 [INFO] [开始读取数据库表：jingpin_data]
2025-11-23 20:00:33,937 [INFO] [成功读取表 jingpin_data，数据行数：4579]
2025-11-23 20:00:35,896 [INFO] [开始读取数据库表：inventory_data]
2025-11-23 20:00:39,424 [INFO] [成功读取表 inventory_data，数据行数：6159]
2025-11-23 20:00:39,424 [INFO] [开始读取数据库表：tuiding_data]
2025-11-23 20:00:39,877 [INFO] [成功读取表 tuiding_data，数据行数：4254]
2025-11-23 20:00:39,879 [INFO] [开始读取数据库表：debit_data]
2025-11-23 20:00:43,507 [INFO] [成功读取表 debit_data，数据行数：25664]
2025-11-23 20:00:44,142 [INFO] [开始读取数据库表：sales_invoice_data]
2025-11-23 20:00:45,933 [INFO] [成功读取表 sales_invoice_data，数据行数：18694]
2025-11-23 20:29:59,694 [INFO] [数据库引擎创建成功]
2025-11-23 20:29:59,694 [INFO] [开始读取数据库表：order_data]
2025-11-23 20:30:01,208 [INFO] [成功读取表 order_data，数据行数：23958]
2025-11-23 20:30:01,606 [INFO] [开始读取数据库表：sales_data]
2025-11-23 20:30:07,308 [INFO] [成功读取表 sales_data，数据行数：25842]
2025-11-23 20:30:09,479 [INFO] [开始读取数据库表：jingpin_data]
2025-11-23 20:30:09,736 [INFO] [成功读取表 jingpin_data，数据行数：4579]
2025-11-23 20:30:09,836 [INFO] [开始读取数据库表：inventory_data]
2025-11-23 20:30:10,839 [INFO] [成功读取表 inventory_data，数据行数：6159]
2025-11-23 20:30:10,839 [INFO] [开始读取数据库表：tuiding_data]
2025-11-23 20:30:11,059 [INFO] [成功读取表 tuiding_data，数据行数：4254]
2025-11-23 20:30:11,059 [INFO] [开始读取数据库表：debit_data]
2025-11-23 20:30:13,036 [INFO] [成功读取表 debit_data，数据行数：25664]
2025-11-23 20:30:13,463 [INFO] [开始读取数据库表：sales_invoice_data]
2025-11-23 20:30:14,730 [INFO] [成功读取表 sales_invoice_data，数据行数：18694]
2025-11-23 20:59:41,860 [INFO] [数据库引擎创建成功]
2025-11-23 20:59:41,861 [INFO] [开始读取数据库表：order_data]
2025-11-23 20:59:43,254 [INFO] [成功读取表 order_data，数据行数：23958]
2025-11-23 20:59:43,568 [INFO] [开始读取数据库表：sales_data]
2025-11-23 20:59:48,893 [INFO] [成功读取表 sales_data，数据行数：25842]
2025-11-23 20:59:50,898 [INFO] [开始读取数据库表：jingpin_data]
2025-11-23 20:59:51,151 [INFO] [成功读取表 jingpin_data，数据行数：4579]
2025-11-23 20:59:51,215 [INFO] [开始读取数据库表：inventory_data]
2025-11-23 20:59:51,700 [INFO] [成功读取表 inventory_data，数据行数：6159]
2025-11-23 20:59:51,700 [INFO] [开始读取数据库表：tuiding_data]
2025-11-23 20:59:51,912 [INFO] [成功读取表 tuiding_data，数据行数：4254]
2025-11-23 20:59:51,912 [INFO] [开始读取数据库表：debit_data]
2025-11-23 20:59:53,818 [INFO] [成功读取表 debit_data，数据行数：25664]
2025-11-23 20:59:54,187 [INFO] [开始读取数据库表：sales_invoice_data]
2025-11-23 20:59:55,498 [INFO] [成功读取表 sales_invoice_data，数据行数：18694]
2025-11-23 21:29:46,712 [INFO] [数据库引擎创建成功]
2025-11-23 21:29:46,713 [INFO] [开始读取数据库表：order_data]
2025-11-23 21:29:47,952 [INFO] [成功读取表 order_data，数据行数：23958]
2025-11-23 21:29:48,229 [INFO] [开始读取数据库表：sales_data]
2025-11-23 21:29:52,971 [INFO] [成功读取表 sales_data，数据行数：25842]
2025-11-23 21:29:54,899 [INFO] [开始读取数据库表：jingpin_data]
2025-11-23 21:29:55,160 [INFO] [成功读取表 jingpin_data，数据行数：4579]
2025-11-23 21:29:55,233 [INFO] [开始读取数据库表：inventory_data]
2025-11-23 21:29:55,733 [INFO] [成功读取表 inventory_data，数据行数：6159]
2025-11-23 21:29:55,733 [INFO] [开始读取数据库表：tuiding_data]
2025-11-23 21:29:55,910 [INFO] [成功读取表 tuiding_data，数据行数：4254]
2025-11-23 21:29:55,910 [INFO] [开始读取数据库表：debit_data]
2025-11-23 21:29:57,777 [INFO] [成功读取表 debit_data，数据行数：25664]
2025-11-23 21:29:58,160 [INFO] [开始读取数据库表：sales_invoice_data]
2025-11-23 21:29:59,354 [INFO] [成功读取表 sales_invoice_data，数据行数：18694]
2025-11-23 21:59:34,956 [INFO] [数据库引擎创建成功]
2025-11-23 21:59:34,958 [INFO] [开始读取数据库表：order_data]
2025-11-23 21:59:36,158 [INFO] [成功读取表 order_data，数据行数：23959]
2025-11-23 21:59:36,403 [INFO] [开始读取数据库表：sales_data]
2025-11-23 21:59:41,229 [INFO] [成功读取表 sales_data，数据行数：25842]
2025-11-23 21:59:43,224 [INFO] [开始读取数据库表：jingpin_data]
2025-11-23 21:59:43,494 [INFO] [成功读取表 jingpin_data，数据行数：4579]
2025-11-23 21:59:43,564 [INFO] [开始读取数据库表：inventory_data]
2025-11-23 21:59:44,078 [INFO] [成功读取表 inventory_data，数据行数：6159]
2025-11-23 21:59:44,079 [INFO] [开始读取数据库表：tuiding_data]
2025-11-23 21:59:44,260 [INFO] [成功读取表 tuiding_data，数据行数：4254]
2025-11-23 21:59:44,260 [INFO] [开始读取数据库表：debit_data]
2025-11-23 21:59:46,177 [INFO] [成功读取表 debit_data，数据行数：25719]
2025-11-23 21:59:46,565 [INFO] [开始读取数据库表：sales_invoice_data]
2025-11-23 21:59:47,675 [INFO] [成功读取表 sales_invoice_data，数据行数：18694]
2025-11-23 22:29:32,504 [INFO] [数据库引擎创建成功]
2025-11-23 22:29:32,515 [INFO] [开始读取数据库表：order_data]
2025-11-23 22:29:33,714 [INFO] [成功读取表 order_data，数据行数：23959]
2025-11-23 22:29:34,005 [INFO] [开始读取数据库表：sales_data]
2025-11-23 22:29:39,007 [INFO] [成功读取表 sales_data，数据行数：25842]
2025-11-23 22:29:40,948 [INFO] [开始读取数据库表：jingpin_data]
2025-11-23 22:29:41,193 [INFO] [成功读取表 jingpin_data，数据行数：4579]
2025-11-23 22:29:41,261 [INFO] [开始读取数据库表：inventory_data]
2025-11-23 22:29:41,763 [INFO] [成功读取表 inventory_data，数据行数：6159]
2025-11-23 22:29:41,763 [INFO] [开始读取数据库表：tuiding_data]
2025-11-23 22:29:41,940 [INFO] [成功读取表 tuiding_data，数据行数：4254]
2025-11-23 22:29:41,940 [INFO] [开始读取数据库表：debit_data]
2025-11-23 22:29:43,774 [INFO] [成功读取表 debit_data，数据行数：25719]
2025-11-23 22:29:44,124 [INFO] [开始读取数据库表：sales_invoice_data]
2025-11-23 22:29:45,184 [INFO] [成功读取表 sales_invoice_data，数据行数：18694]
2025-11-23 22:59:24,529 [INFO] [数据库引擎创建成功]
2025-11-23 22:59:24,529 [INFO] [开始读取数据库表：order_data]
2025-11-23 22:59:25,759 [INFO] [成功读取表 order_data，数据行数：23959]
2025-11-23 22:59:26,039 [INFO] [开始读取数据库表：sales_data]
2025-11-23 22:59:31,083 [INFO] [成功读取表 sales_data，数据行数：25842]
2025-11-23 22:59:32,965 [INFO] [开始读取数据库表：jingpin_data]
2025-11-23 22:59:33,195 [INFO] [成功读取表 jingpin_data，数据行数：4579]
2025-11-23 22:59:33,255 [INFO] [开始读取数据库表：inventory_data]
2025-11-23 22:59:33,755 [INFO] [成功读取表 inventory_data，数据行数：6159]
2025-11-23 22:59:33,755 [INFO] [开始读取数据库表：tuiding_data]
2025-11-23 22:59:33,954 [INFO] [成功读取表 tuiding_data，数据行数：4254]
2025-11-23 22:59:33,954 [INFO] [开始读取数据库表：debit_data]
2025-11-23 22:59:35,696 [INFO] [成功读取表 debit_data，数据行数：25719]
2025-11-23 22:59:36,041 [INFO] [开始读取数据库表：sales_invoice_data]
2025-11-23 22:59:37,098 [INFO] [成功读取表 sales_invoice_data，数据行数：18694]
2025-11-23 23:29:19,891 [INFO] [数据库引擎创建成功]
2025-11-23 23:29:19,892 [INFO] [开始读取数据库表：order_data]
2025-11-23 23:29:21,284 [INFO] [成功读取表 order_data，数据行数：23958]
2025-11-23 23:29:21,581 [INFO] [开始读取数据库表：sales_data]
2025-11-23 23:29:27,224 [INFO] [成功读取表 sales_data，数据行数：25842]
2025-11-23 23:29:29,217 [INFO] [开始读取数据库表：jingpin_data]
2025-11-23 23:29:29,438 [INFO] [成功读取表 jingpin_data，数据行数：4579]
2025-11-23 23:29:29,499 [INFO] [开始读取数据库表：inventory_data]
2025-11-23 23:29:30,008 [INFO] [成功读取表 inventory_data，数据行数：6159]
2025-11-23 23:29:30,008 [INFO] [开始读取数据库表：tuiding_data]
2025-11-23 23:29:30,214 [INFO] [成功读取表 tuiding_data，数据行数：4255]
2025-11-23 23:29:30,214 [INFO] [开始读取数据库表：debit_data]
2025-11-23 23:29:32,089 [INFO] [成功读取表 debit_data，数据行数：25719]
2025-11-23 23:29:32,455 [INFO] [开始读取数据库表：sales_invoice_data]
2025-11-23 23:29:33,558 [INFO] [成功读取表 sales_invoice_data，数据行数：18694]
2025-11-23 23:59:19,947 [INFO] [数据库引擎创建成功]
2025-11-23 23:59:19,948 [INFO] [开始读取数据库表：order_data]
2025-11-23 23:59:21,190 [INFO] [成功读取表 order_data，数据行数：23958]
2025-11-23 23:59:21,459 [INFO] [开始读取数据库表：sales_data]
2025-11-23 23:59:26,457 [INFO] [成功读取表 sales_data，数据行数：25842]
2025-11-23 23:59:28,390 [INFO] [开始读取数据库表：jingpin_data]
2025-11-23 23:59:28,619 [INFO] [成功读取表 jingpin_data，数据行数：4579]
2025-11-23 23:59:28,681 [INFO] [开始读取数据库表：inventory_data]
2025-11-23 23:59:29,173 [INFO] [成功读取表 inventory_data，数据行数：6159]
2025-11-23 23:59:29,173 [INFO] [开始读取数据库表：tuiding_data]
2025-11-23 23:59:29,374 [INFO] [成功读取表 tuiding_data，数据行数：4255]
2025-11-23 23:59:29,374 [INFO] [开始读取数据库表：debit_data]
2025-11-23 23:59:31,151 [INFO] [成功读取表 debit_data，数据行数：25719]
2025-11-23 23:59:31,506 [INFO] [开始读取数据库表：sales_invoice_data]
2025-11-23 23:59:32,602 [INFO] [成功读取表 sales_invoice_data，数据行数：18694]
