2025-11-28 08:55:18,782 [INFO] [数据库引擎创建成功]
2025-11-28 08:55:18,782 [INFO] [开始读取数据库表：order_data]
2025-11-28 08:55:20,355 [INFO] [成功读取表 order_data，数据行数：24170]
2025-11-28 08:55:20,651 [INFO] [开始读取数据库表：sales_data]
2025-11-28 08:55:26,319 [INFO] [成功读取表 sales_data，数据行数：26403]
2025-11-28 08:55:31,004 [INFO] [开始读取数据库表：jingpin_data]
2025-11-28 08:55:31,265 [INFO] [成功读取表 jingpin_data，数据行数：4696]
2025-11-28 08:55:31,332 [INFO] [开始读取数据库表：inventory_data]
2025-11-28 08:55:31,890 [INFO] [成功读取表 inventory_data，数据行数：6218]
2025-11-28 08:55:31,891 [INFO] [开始读取数据库表：tuiding_data]
2025-11-28 08:55:32,120 [INFO] [成功读取表 tuiding_data，数据行数：4349]
2025-11-28 08:55:32,120 [INFO] [开始读取数据库表：debit_data]
2025-11-28 08:55:33,989 [INFO] [成功读取表 debit_data，数据行数：26089]
2025-11-28 08:55:34,342 [INFO] [开始读取数据库表：sales_invoice_data]
2025-11-28 08:55:35,558 [INFO] [成功读取表 sales_invoice_data，数据行数：19072]
2025-11-28 09:28:01,817 [INFO] [数据库引擎创建成功]
2025-11-28 09:28:01,818 [INFO] [开始读取数据库表：order_data]
2025-11-28 09:28:03,667 [INFO] [成功读取表 order_data，数据行数：24171]
2025-11-28 09:28:04,026 [INFO] [开始读取数据库表：sales_data]
2025-11-28 09:28:11,007 [INFO] [成功读取表 sales_data，数据行数：26403]
2025-11-28 09:28:13,171 [INFO] [开始读取数据库表：jingpin_data]
2025-11-28 09:28:13,476 [INFO] [成功读取表 jingpin_data，数据行数：4696]
2025-11-28 09:28:13,554 [INFO] [开始读取数据库表：inventory_data]
2025-11-28 09:28:14,180 [INFO] [成功读取表 inventory_data，数据行数：6218]
2025-11-28 09:28:14,180 [INFO] [开始读取数据库表：tuiding_data]
2025-11-28 09:28:14,414 [INFO] [成功读取表 tuiding_data，数据行数：4349]
2025-11-28 09:28:14,414 [INFO] [开始读取数据库表：debit_data]
2025-11-28 09:28:16,687 [INFO] [成功读取表 debit_data，数据行数：26089]
2025-11-28 09:28:17,121 [INFO] [开始读取数据库表：sales_invoice_data]
2025-11-28 09:28:18,566 [INFO] [成功读取表 sales_invoice_data，数据行数：19072]
2025-11-28 09:57:56,072 [INFO] [数据库引擎创建成功]
2025-11-28 09:57:56,073 [INFO] [开始读取数据库表：order_data]
2025-11-28 09:57:57,849 [INFO] [成功读取表 order_data，数据行数：24171]
2025-11-28 09:57:58,149 [INFO] [开始读取数据库表：sales_data]
2025-11-28 09:58:03,657 [INFO] [成功读取表 sales_data，数据行数：26404]
2025-11-28 09:58:05,603 [INFO] [开始读取数据库表：jingpin_data]
2025-11-28 09:58:05,848 [INFO] [成功读取表 jingpin_data，数据行数：4696]
2025-11-28 09:58:05,925 [INFO] [开始读取数据库表：inventory_data]
2025-11-28 09:58:06,442 [INFO] [成功读取表 inventory_data，数据行数：6217]
2025-11-28 09:58:06,442 [INFO] [开始读取数据库表：tuiding_data]
2025-11-28 09:58:06,646 [INFO] [成功读取表 tuiding_data，数据行数：4349]
2025-11-28 09:58:06,646 [INFO] [开始读取数据库表：debit_data]
2025-11-28 09:58:08,487 [INFO] [成功读取表 debit_data，数据行数：26089]
2025-11-28 09:58:08,848 [INFO] [开始读取数据库表：sales_invoice_data]
2025-11-28 09:58:10,045 [INFO] [成功读取表 sales_invoice_data，数据行数：19073]
2025-11-28 10:10:12,126 [INFO] [数据库引擎创建成功]
2025-11-28 10:10:12,126 [INFO] [开始读取数据库表：order_data]
2025-11-28 10:10:12,895 [INFO] [成功读取表 order_data，数据行数：24171]
2025-11-28 10:10:13,067 [INFO] [开始读取数据库表：sales_data]
2025-11-28 10:10:16,786 [INFO] [成功读取表 sales_data，数据行数：26404]
2025-11-28 10:10:17,912 [INFO] [开始读取数据库表：jingpin_data]
2025-11-28 10:10:18,109 [INFO] [成功读取表 jingpin_data，数据行数：4703]
2025-11-28 10:10:18,160 [INFO] [开始读取数据库表：inventory_data]
2025-11-28 10:10:18,519 [INFO] [成功读取表 inventory_data，数据行数：6217]
2025-11-28 10:10:18,519 [INFO] [开始读取数据库表：tuiding_data]
2025-11-28 10:10:18,632 [INFO] [成功读取表 tuiding_data，数据行数：4349]
2025-11-28 10:10:18,632 [INFO] [开始读取数据库表：debit_data]
2025-11-28 10:10:20,474 [INFO] [成功读取表 debit_data，数据行数：26089]
2025-11-28 10:10:20,732 [INFO] [开始读取数据库表：sales_invoice_data]
2025-11-28 10:10:21,289 [INFO] [成功读取表 sales_invoice_data，数据行数：19073]
2025-11-28 10:30:26,583 [INFO] [数据库引擎创建成功]
2025-11-28 10:30:26,592 [INFO] [开始读取数据库表：order_data]
2025-11-28 10:30:28,167 [INFO] [成功读取表 order_data，数据行数：24175]
2025-11-28 10:30:28,420 [INFO] [开始读取数据库表：sales_data]
2025-11-28 10:30:34,372 [INFO] [成功读取表 sales_data，数据行数：26406]
2025-11-28 10:30:36,360 [INFO] [开始读取数据库表：jingpin_data]
2025-11-28 10:30:36,617 [INFO] [成功读取表 jingpin_data，数据行数：4703]
2025-11-28 10:30:36,647 [INFO] [开始读取数据库表：inventory_data]
2025-11-28 10:30:37,794 [INFO] [成功读取表 inventory_data，数据行数：6215]
2025-11-28 10:30:37,794 [INFO] [开始读取数据库表：tuiding_data]
2025-11-28 10:30:38,008 [INFO] [成功读取表 tuiding_data，数据行数：4349]
2025-11-28 10:30:38,008 [INFO] [开始读取数据库表：debit_data]
2025-11-28 10:30:39,843 [INFO] [成功读取表 debit_data，数据行数：26089]
2025-11-28 10:30:40,227 [INFO] [开始读取数据库表：sales_invoice_data]
2025-11-28 10:30:41,399 [INFO] [成功读取表 sales_invoice_data，数据行数：19075]
2025-11-28 10:57:41,538 [INFO] [数据库引擎创建成功]
2025-11-28 10:57:41,538 [INFO] [开始读取数据库表：order_data]
2025-11-28 10:57:43,181 [INFO] [成功读取表 order_data，数据行数：24180]
2025-11-28 10:57:43,490 [INFO] [开始读取数据库表：sales_data]
2025-11-28 10:57:49,156 [INFO] [成功读取表 sales_data，数据行数：26409]
2025-11-28 10:57:50,966 [INFO] [开始读取数据库表：jingpin_data]
2025-11-28 10:57:51,220 [INFO] [成功读取表 jingpin_data，数据行数：4707]
2025-11-28 10:57:51,281 [INFO] [开始读取数据库表：inventory_data]
2025-11-28 10:57:51,815 [INFO] [成功读取表 inventory_data，数据行数：6212]
2025-11-28 10:57:51,815 [INFO] [开始读取数据库表：tuiding_data]
2025-11-28 10:57:52,033 [INFO] [成功读取表 tuiding_data，数据行数：4350]
2025-11-28 10:57:52,034 [INFO] [开始读取数据库表：debit_data]
2025-11-28 10:57:53,925 [INFO] [成功读取表 debit_data，数据行数：26089]
2025-11-28 10:57:54,255 [INFO] [开始读取数据库表：sales_invoice_data]
2025-11-28 10:57:55,459 [INFO] [成功读取表 sales_invoice_data，数据行数：19078]
2025-11-28 11:31:38,153 [INFO] [数据库引擎创建成功]
2025-11-28 11:31:38,153 [INFO] [开始读取数据库表：order_data]
2025-11-28 11:31:39,672 [INFO] [成功读取表 order_data，数据行数：24180]
2025-11-28 11:31:39,983 [INFO] [开始读取数据库表：sales_data]
2025-11-28 11:31:46,725 [INFO] [成功读取表 sales_data，数据行数：26414]
2025-11-28 11:31:48,717 [INFO] [开始读取数据库表：jingpin_data]
2025-11-28 11:31:48,970 [INFO] [成功读取表 jingpin_data，数据行数：4707]
2025-11-28 11:31:49,039 [INFO] [开始读取数据库表：inventory_data]
2025-11-28 11:31:49,560 [INFO] [成功读取表 inventory_data，数据行数：6212]
2025-11-28 11:31:49,561 [INFO] [开始读取数据库表：tuiding_data]
2025-11-28 11:31:49,775 [INFO] [成功读取表 tuiding_data，数据行数：4350]
2025-11-28 11:31:49,775 [INFO] [开始读取数据库表：debit_data]
2025-11-28 11:31:52,809 [INFO] [成功读取表 debit_data，数据行数：26089]
2025-11-28 11:31:53,192 [INFO] [开始读取数据库表：sales_invoice_data]
2025-11-28 11:31:54,493 [INFO] [成功读取表 sales_invoice_data，数据行数：19083]
2025-11-28 11:57:34,674 [INFO] [数据库引擎创建成功]
2025-11-28 11:57:34,674 [INFO] [开始读取数据库表：order_data]
2025-11-28 11:57:36,339 [INFO] [成功读取表 order_data，数据行数：24182]
2025-11-28 11:57:36,635 [INFO] [开始读取数据库表：sales_data]
2025-11-28 11:57:42,142 [INFO] [成功读取表 sales_data，数据行数：26418]
2025-11-28 11:57:44,080 [INFO] [开始读取数据库表：jingpin_data]
2025-11-28 11:57:44,332 [INFO] [成功读取表 jingpin_data，数据行数：4707]
2025-11-28 11:57:44,392 [INFO] [开始读取数据库表：inventory_data]
2025-11-28 11:57:44,943 [INFO] [成功读取表 inventory_data，数据行数：6203]
2025-11-28 11:57:44,946 [INFO] [开始读取数据库表：tuiding_data]
2025-11-28 11:57:45,191 [INFO] [成功读取表 tuiding_data，数据行数：4351]
2025-11-28 11:57:45,191 [INFO] [开始读取数据库表：debit_data]
2025-11-28 11:57:47,190 [INFO] [成功读取表 debit_data，数据行数：26089]
2025-11-28 11:57:47,596 [INFO] [开始读取数据库表：sales_invoice_data]
2025-11-28 11:57:48,847 [INFO] [成功读取表 sales_invoice_data，数据行数：19087]
2025-11-28 12:27:13,401 [INFO] [数据库引擎创建成功]
2025-11-28 12:27:13,410 [INFO] [开始读取数据库表：order_data]
2025-11-28 12:27:15,170 [INFO] [成功读取表 order_data，数据行数：24185]
2025-11-28 12:27:15,548 [INFO] [开始读取数据库表：sales_data]
2025-11-28 12:27:21,554 [INFO] [成功读取表 sales_data，数据行数：26423]
2025-11-28 12:27:23,420 [INFO] [开始读取数据库表：jingpin_data]
2025-11-28 12:27:23,675 [INFO] [成功读取表 jingpin_data，数据行数：4707]
2025-11-28 12:27:23,763 [INFO] [开始读取数据库表：inventory_data]
2025-11-28 12:27:24,272 [INFO] [成功读取表 inventory_data，数据行数：6200]
2025-11-28 12:27:24,272 [INFO] [开始读取数据库表：tuiding_data]
2025-11-28 12:27:24,469 [INFO] [成功读取表 tuiding_data，数据行数：4351]
2025-11-28 12:27:24,470 [INFO] [开始读取数据库表：debit_data]
2025-11-28 12:27:26,338 [INFO] [成功读取表 debit_data，数据行数：26089]
2025-11-28 12:27:26,698 [INFO] [开始读取数据库表：sales_invoice_data]
2025-11-28 12:27:27,798 [INFO] [成功读取表 sales_invoice_data，数据行数：19092]
2025-11-28 12:57:25,900 [INFO] [数据库引擎创建成功]
2025-11-28 12:57:25,901 [INFO] [开始读取数据库表：order_data]
2025-11-28 12:57:27,445 [INFO] [成功读取表 order_data，数据行数：24188]
2025-11-28 12:57:27,745 [INFO] [开始读取数据库表：sales_data]
2025-11-28 12:57:33,279 [INFO] [成功读取表 sales_data，数据行数：26427]
2025-11-28 12:57:35,161 [INFO] [开始读取数据库表：jingpin_data]
2025-11-28 12:57:35,402 [INFO] [成功读取表 jingpin_data，数据行数：4707]
2025-11-28 12:57:35,459 [INFO] [开始读取数据库表：inventory_data]
2025-11-28 12:57:35,974 [INFO] [成功读取表 inventory_data，数据行数：6195]
2025-11-28 12:57:35,974 [INFO] [开始读取数据库表：tuiding_data]
2025-11-28 12:57:36,178 [INFO] [成功读取表 tuiding_data，数据行数：4351]
2025-11-28 12:57:36,178 [INFO] [开始读取数据库表：debit_data]
2025-11-28 12:57:38,002 [INFO] [成功读取表 debit_data，数据行数：26089]
2025-11-28 12:57:38,380 [INFO] [开始读取数据库表：sales_invoice_data]
2025-11-28 12:57:39,537 [INFO] [成功读取表 sales_invoice_data，数据行数：19095]
2025-11-28 13:26:43,546 [INFO] [数据库引擎创建成功]
2025-11-28 13:26:43,546 [INFO] [开始读取数据库表：order_data]
2025-11-28 13:26:45,176 [INFO] [成功读取表 order_data，数据行数：24187]
2025-11-28 13:26:45,481 [INFO] [开始读取数据库表：sales_data]
2025-11-28 13:26:51,584 [INFO] [成功读取表 sales_data，数据行数：26433]
2025-11-28 13:26:53,483 [INFO] [开始读取数据库表：jingpin_data]
2025-11-28 13:26:53,733 [INFO] [成功读取表 jingpin_data，数据行数：4709]
2025-11-28 13:26:53,792 [INFO] [开始读取数据库表：inventory_data]
2025-11-28 13:26:54,305 [INFO] [成功读取表 inventory_data，数据行数：6189]
2025-11-28 13:26:54,305 [INFO] [开始读取数据库表：tuiding_data]
2025-11-28 13:26:54,530 [INFO] [成功读取表 tuiding_data，数据行数：4352]
2025-11-28 13:26:54,530 [INFO] [开始读取数据库表：debit_data]
2025-11-28 13:26:56,476 [INFO] [成功读取表 debit_data，数据行数：26089]
2025-11-28 13:26:56,833 [INFO] [开始读取数据库表：sales_invoice_data]
2025-11-28 13:26:58,050 [INFO] [成功读取表 sales_invoice_data，数据行数：19101]
2025-11-28 13:56:53,705 [INFO] [数据库引擎创建成功]
2025-11-28 13:56:53,705 [INFO] [开始读取数据库表：order_data]
2025-11-28 13:56:55,377 [INFO] [成功读取表 order_data，数据行数：24189]
2025-11-28 13:56:55,728 [INFO] [开始读取数据库表：sales_data]
2025-11-28 13:57:02,054 [INFO] [成功读取表 sales_data，数据行数：26437]
2025-11-28 13:57:04,011 [INFO] [开始读取数据库表：jingpin_data]
2025-11-28 13:57:04,265 [INFO] [成功读取表 jingpin_data，数据行数：4709]
2025-11-28 13:57:04,340 [INFO] [开始读取数据库表：inventory_data]
2025-11-28 13:57:04,864 [INFO] [成功读取表 inventory_data，数据行数：6181]
2025-11-28 13:57:04,864 [INFO] [开始读取数据库表：tuiding_data]
2025-11-28 13:57:05,052 [INFO] [成功读取表 tuiding_data，数据行数：4353]
2025-11-28 13:57:05,052 [INFO] [开始读取数据库表：debit_data]
2025-11-28 13:57:06,999 [INFO] [成功读取表 debit_data，数据行数：26089]
2025-11-28 13:57:07,368 [INFO] [开始读取数据库表：sales_invoice_data]
2025-11-28 13:57:08,525 [INFO] [成功读取表 sales_invoice_data，数据行数：19106]
2025-11-28 14:27:23,219 [INFO] [数据库引擎创建成功]
2025-11-28 14:27:23,220 [INFO] [开始读取数据库表：order_data]
2025-11-28 14:27:24,830 [INFO] [成功读取表 order_data，数据行数：24190]
2025-11-28 14:27:25,137 [INFO] [开始读取数据库表：sales_data]
2025-11-28 14:27:30,956 [INFO] [成功读取表 sales_data，数据行数：26445]
2025-11-28 14:27:32,843 [INFO] [开始读取数据库表：jingpin_data]
2025-11-28 14:27:33,107 [INFO] [成功读取表 jingpin_data，数据行数：4713]
2025-11-28 14:27:33,173 [INFO] [开始读取数据库表：inventory_data]
2025-11-28 14:27:33,703 [INFO] [成功读取表 inventory_data，数据行数：6175]
2025-11-28 14:27:33,703 [INFO] [开始读取数据库表：tuiding_data]
2025-11-28 14:27:33,895 [INFO] [成功读取表 tuiding_data，数据行数：4353]
2025-11-28 14:27:33,895 [INFO] [开始读取数据库表：debit_data]
2025-11-28 14:27:35,769 [INFO] [成功读取表 debit_data，数据行数：26089]
2025-11-28 14:27:36,144 [INFO] [开始读取数据库表：sales_invoice_data]
2025-11-28 14:27:37,301 [INFO] [成功读取表 sales_invoice_data，数据行数：19114]
2025-11-28 14:57:39,743 [INFO] [数据库引擎创建成功]
2025-11-28 14:57:39,744 [INFO] [开始读取数据库表：order_data]
2025-11-28 14:57:41,201 [INFO] [成功读取表 order_data，数据行数：24194]
2025-11-28 14:57:41,646 [INFO] [开始读取数据库表：sales_data]
2025-11-28 14:57:48,841 [INFO] [成功读取表 sales_data，数据行数：26448]
2025-11-28 14:57:51,043 [INFO] [开始读取数据库表：jingpin_data]
2025-11-28 14:57:51,310 [INFO] [成功读取表 jingpin_data，数据行数：4714]
2025-11-28 14:57:51,391 [INFO] [开始读取数据库表：inventory_data]
2025-11-28 14:57:51,990 [INFO] [成功读取表 inventory_data，数据行数：6170]
2025-11-28 14:57:51,990 [INFO] [开始读取数据库表：tuiding_data]
2025-11-28 14:57:52,214 [INFO] [成功读取表 tuiding_data，数据行数：4353]
2025-11-28 14:57:52,214 [INFO] [开始读取数据库表：debit_data]
2025-11-28 14:57:54,059 [INFO] [成功读取表 debit_data，数据行数：26089]
2025-11-28 14:57:54,410 [INFO] [开始读取数据库表：sales_invoice_data]
2025-11-28 14:57:55,563 [INFO] [成功读取表 sales_invoice_data，数据行数：19117]
2025-11-28 15:28:07,377 [INFO] [数据库引擎创建成功]
2025-11-28 15:28:07,378 [INFO] [开始读取数据库表：order_data]
2025-11-28 15:28:08,954 [INFO] [成功读取表 order_data，数据行数：24194]
2025-11-28 15:28:09,255 [INFO] [开始读取数据库表：sales_data]
2025-11-28 15:28:14,916 [INFO] [成功读取表 sales_data，数据行数：26454]
2025-11-28 15:28:16,777 [INFO] [开始读取数据库表：jingpin_data]
2025-11-28 15:28:17,028 [INFO] [成功读取表 jingpin_data，数据行数：4714]
2025-11-28 15:28:17,086 [INFO] [开始读取数据库表：inventory_data]
2025-11-28 15:28:17,573 [INFO] [成功读取表 inventory_data，数据行数：6165]
2025-11-28 15:28:17,573 [INFO] [开始读取数据库表：tuiding_data]
2025-11-28 15:28:17,768 [INFO] [成功读取表 tuiding_data，数据行数：4355]
2025-11-28 15:28:17,768 [INFO] [开始读取数据库表：debit_data]
2025-11-28 15:28:19,618 [INFO] [成功读取表 debit_data，数据行数：26089]
2025-11-28 15:28:19,984 [INFO] [开始读取数据库表：sales_invoice_data]
2025-11-28 15:28:21,188 [INFO] [成功读取表 sales_invoice_data，数据行数：19123]
2025-11-28 16:03:04,724 [INFO] [数据库引擎创建成功]
2025-11-28 16:03:04,726 [INFO] [开始读取数据库表：order_data]
2025-11-28 16:03:07,616 [INFO] [成功读取表 order_data，数据行数：24196]
2025-11-28 16:03:08,088 [INFO] [开始读取数据库表：sales_data]
2025-11-28 16:03:14,795 [INFO] [成功读取表 sales_data，数据行数：26462]
2025-11-28 16:03:17,039 [INFO] [开始读取数据库表：jingpin_data]
2025-11-28 16:03:17,362 [INFO] [成功读取表 jingpin_data，数据行数：4714]
2025-11-28 16:03:17,454 [INFO] [开始读取数据库表：inventory_data]
2025-11-28 16:03:17,929 [INFO] [成功读取表 inventory_data，数据行数：4927]
2025-11-28 16:03:17,929 [INFO] [开始读取数据库表：tuiding_data]
2025-11-28 16:03:18,171 [INFO] [成功读取表 tuiding_data，数据行数：4357]
2025-11-28 16:03:18,171 [INFO] [开始读取数据库表：debit_data]
2025-11-28 16:03:20,299 [INFO] [成功读取表 debit_data，数据行数：26089]
2025-11-28 16:03:20,727 [INFO] [开始读取数据库表：sales_invoice_data]
2025-11-28 16:03:22,065 [INFO] [成功读取表 sales_invoice_data，数据行数：19131]
2025-11-28 16:27:56,446 [INFO] [数据库引擎创建成功]
2025-11-28 16:27:56,446 [INFO] [开始读取数据库表：order_data]
2025-11-28 16:27:58,159 [INFO] [成功读取表 order_data，数据行数：24200]
2025-11-28 16:27:58,481 [INFO] [开始读取数据库表：sales_data]
2025-11-28 16:28:05,570 [INFO] [成功读取表 sales_data，数据行数：26472]
2025-11-28 16:28:07,818 [INFO] [开始读取数据库表：jingpin_data]
2025-11-28 16:28:08,126 [INFO] [成功读取表 jingpin_data，数据行数：4716]
2025-11-28 16:28:08,207 [INFO] [开始读取数据库表：inventory_data]
2025-11-28 16:28:08,850 [INFO] [成功读取表 inventory_data，数据行数：6147]
2025-11-28 16:28:08,850 [INFO] [开始读取数据库表：tuiding_data]
2025-11-28 16:28:09,107 [INFO] [成功读取表 tuiding_data，数据行数：4357]
2025-11-28 16:28:09,107 [INFO] [开始读取数据库表：debit_data]
2025-11-28 16:28:11,479 [INFO] [成功读取表 debit_data，数据行数：26089]
2025-11-28 16:28:11,919 [INFO] [开始读取数据库表：sales_invoice_data]
2025-11-28 16:28:13,336 [INFO] [成功读取表 sales_invoice_data，数据行数：19141]
2025-11-28 16:58:54,184 [INFO] [数据库引擎创建成功]
2025-11-28 16:58:54,184 [INFO] [开始读取数据库表：order_data]
2025-11-28 16:58:56,096 [INFO] [成功读取表 order_data，数据行数：24204]
2025-11-28 16:58:56,460 [INFO] [开始读取数据库表：sales_data]
2025-11-28 16:59:03,706 [INFO] [成功读取表 sales_data，数据行数：26480]
2025-11-28 16:59:05,795 [INFO] [开始读取数据库表：jingpin_data]
2025-11-28 16:59:06,216 [INFO] [成功读取表 jingpin_data，数据行数：4716]
2025-11-28 16:59:06,329 [INFO] [开始读取数据库表：inventory_data]
2025-11-28 16:59:08,571 [INFO] [成功读取表 inventory_data，数据行数：6141]
2025-11-28 16:59:08,572 [INFO] [开始读取数据库表：tuiding_data]
2025-11-28 16:59:09,686 [INFO] [成功读取表 tuiding_data，数据行数：4358]
2025-11-28 16:59:09,686 [INFO] [开始读取数据库表：debit_data]
2025-11-28 16:59:12,430 [INFO] [成功读取表 debit_data，数据行数：26089]
2025-11-28 16:59:12,907 [INFO] [开始读取数据库表：sales_invoice_data]
2025-11-28 16:59:14,316 [INFO] [成功读取表 sales_invoice_data，数据行数：19149]
2025-11-28 17:27:47,476 [INFO] [数据库引擎创建成功]
2025-11-28 17:27:47,477 [INFO] [开始读取数据库表：order_data]
2025-11-28 17:27:49,289 [INFO] [成功读取表 order_data，数据行数：24207]
2025-11-28 17:27:49,599 [INFO] [开始读取数据库表：sales_data]
2025-11-28 17:27:56,176 [INFO] [成功读取表 sales_data，数据行数：26486]
2025-11-28 17:27:58,093 [INFO] [开始读取数据库表：jingpin_data]
2025-11-28 17:27:58,375 [INFO] [成功读取表 jingpin_data，数据行数：4720]
2025-11-28 17:27:58,416 [INFO] [开始读取数据库表：inventory_data]
2025-11-28 17:27:59,031 [INFO] [成功读取表 inventory_data，数据行数：6136]
2025-11-28 17:27:59,032 [INFO] [开始读取数据库表：tuiding_data]
2025-11-28 17:27:59,260 [INFO] [成功读取表 tuiding_data，数据行数：4358]
2025-11-28 17:27:59,260 [INFO] [开始读取数据库表：debit_data]
2025-11-28 17:28:01,245 [INFO] [成功读取表 debit_data，数据行数：26089]
2025-11-28 17:28:01,569 [INFO] [开始读取数据库表：sales_invoice_data]
2025-11-28 17:28:02,929 [INFO] [成功读取表 sales_invoice_data，数据行数：19155]
2025-11-28 17:58:14,120 [INFO] [数据库引擎创建成功]
2025-11-28 17:58:14,121 [INFO] [开始读取数据库表：order_data]
2025-11-28 17:58:16,009 [INFO] [成功读取表 order_data，数据行数：24209]
2025-11-28 17:58:16,378 [INFO] [开始读取数据库表：sales_data]
2025-11-28 17:58:28,437 [INFO] [成功读取表 sales_data，数据行数：26490]
2025-11-28 17:58:30,751 [INFO] [开始读取数据库表：jingpin_data]
2025-11-28 17:58:31,064 [INFO] [成功读取表 jingpin_data，数据行数：4720]
2025-11-28 17:58:31,109 [INFO] [开始读取数据库表：inventory_data]
2025-11-28 17:58:31,680 [INFO] [成功读取表 inventory_data，数据行数：6132]
2025-11-28 17:58:31,680 [INFO] [开始读取数据库表：tuiding_data]
2025-11-28 17:58:31,929 [INFO] [成功读取表 tuiding_data，数据行数：4359]
2025-11-28 17:58:31,929 [INFO] [开始读取数据库表：debit_data]
2025-11-28 17:58:34,193 [INFO] [成功读取表 debit_data，数据行数：26089]
2025-11-28 17:58:34,646 [INFO] [开始读取数据库表：sales_invoice_data]
2025-11-28 17:58:36,071 [INFO] [成功读取表 sales_invoice_data，数据行数：19159]
2025-11-28 18:27:20,932 [INFO] [数据库引擎创建成功]
2025-11-28 18:27:20,942 [INFO] [开始读取数据库表：order_data]
2025-11-28 18:27:22,764 [INFO] [成功读取表 order_data，数据行数：24210]
2025-11-28 18:27:23,922 [INFO] [开始读取数据库表：sales_data]
2025-11-28 18:27:30,286 [INFO] [成功读取表 sales_data，数据行数：26505]
2025-11-28 18:27:32,292 [INFO] [开始读取数据库表：jingpin_data]
2025-11-28 18:27:32,579 [INFO] [成功读取表 jingpin_data，数据行数：4723]
2025-11-28 18:27:32,651 [INFO] [开始读取数据库表：inventory_data]
2025-11-28 18:27:33,204 [INFO] [成功读取表 inventory_data，数据行数：6119]
2025-11-28 18:27:33,204 [INFO] [开始读取数据库表：tuiding_data]
2025-11-28 18:27:33,444 [INFO] [成功读取表 tuiding_data，数据行数：4360]
2025-11-28 18:27:33,444 [INFO] [开始读取数据库表：debit_data]
2025-11-28 18:27:35,622 [INFO] [成功读取表 debit_data，数据行数：26089]
2025-11-28 18:27:36,022 [INFO] [开始读取数据库表：sales_invoice_data]
2025-11-28 18:27:37,357 [INFO] [成功读取表 sales_invoice_data，数据行数：19172]
2025-11-28 18:56:45,467 [INFO] [数据库引擎创建成功]
2025-11-28 18:56:45,468 [INFO] [开始读取数据库表：order_data]
2025-11-28 18:56:47,311 [INFO] [成功读取表 order_data，数据行数：24214]
2025-11-28 18:56:47,652 [INFO] [开始读取数据库表：sales_data]
2025-11-28 18:56:54,898 [INFO] [成功读取表 sales_data，数据行数：26515]
2025-11-28 18:56:56,844 [INFO] [开始读取数据库表：jingpin_data]
2025-11-28 18:56:57,131 [INFO] [成功读取表 jingpin_data，数据行数：4724]
2025-11-28 18:56:57,200 [INFO] [开始读取数据库表：inventory_data]
2025-11-28 18:56:57,777 [INFO] [成功读取表 inventory_data，数据行数：6113]
2025-11-28 18:56:57,777 [INFO] [开始读取数据库表：tuiding_data]
2025-11-28 18:56:58,012 [INFO] [成功读取表 tuiding_data，数据行数：4360]
2025-11-28 18:56:58,013 [INFO] [开始读取数据库表：debit_data]
2025-11-28 18:57:00,166 [INFO] [成功读取表 debit_data，数据行数：26089]
2025-11-28 18:57:00,559 [INFO] [开始读取数据库表：sales_invoice_data]
2025-11-28 18:57:01,892 [INFO] [成功读取表 sales_invoice_data，数据行数：19179]
2025-11-28 19:26:48,128 [INFO] [数据库引擎创建成功]
2025-11-28 19:26:48,129 [INFO] [开始读取数据库表：order_data]
2025-11-28 19:26:49,812 [INFO] [成功读取表 order_data，数据行数：24214]
2025-11-28 19:26:50,172 [INFO] [开始读取数据库表：sales_data]
2025-11-28 19:26:58,458 [INFO] [成功读取表 sales_data，数据行数：26518]
2025-11-28 19:27:00,548 [INFO] [开始读取数据库表：jingpin_data]
2025-11-28 19:27:00,828 [INFO] [成功读取表 jingpin_data，数据行数：4725]
2025-11-28 19:27:00,905 [INFO] [开始读取数据库表：inventory_data]
2025-11-28 19:27:01,431 [INFO] [成功读取表 inventory_data，数据行数：6110]
2025-11-28 19:27:01,431 [INFO] [开始读取数据库表：tuiding_data]
2025-11-28 19:27:01,663 [INFO] [成功读取表 tuiding_data，数据行数：4360]
2025-11-28 19:27:01,663 [INFO] [开始读取数据库表：debit_data]
2025-11-28 19:27:03,822 [INFO] [成功读取表 debit_data，数据行数：26089]
2025-11-28 19:27:04,216 [INFO] [开始读取数据库表：sales_invoice_data]
2025-11-28 19:27:05,569 [INFO] [成功读取表 sales_invoice_data，数据行数：19182]
2025-11-28 19:56:54,323 [INFO] [数据库引擎创建成功]
2025-11-28 19:56:54,323 [INFO] [开始读取数据库表：order_data]
2025-11-28 19:56:56,148 [INFO] [成功读取表 order_data，数据行数：24214]
2025-11-28 19:56:57,428 [INFO] [开始读取数据库表：sales_data]
2025-11-28 19:57:03,768 [INFO] [成功读取表 sales_data，数据行数：26519]
2025-11-28 19:57:05,739 [INFO] [开始读取数据库表：jingpin_data]
2025-11-28 19:57:06,057 [INFO] [成功读取表 jingpin_data，数据行数：4725]
2025-11-28 19:57:06,126 [INFO] [开始读取数据库表：inventory_data]
2025-11-28 19:57:06,692 [INFO] [成功读取表 inventory_data，数据行数：6109]
2025-11-28 19:57:06,692 [INFO] [开始读取数据库表：tuiding_data]
2025-11-28 19:57:06,913 [INFO] [成功读取表 tuiding_data，数据行数：4361]
2025-11-28 19:57:06,913 [INFO] [开始读取数据库表：debit_data]
2025-11-28 19:57:09,042 [INFO] [成功读取表 debit_data，数据行数：26089]
2025-11-28 19:57:09,418 [INFO] [开始读取数据库表：sales_invoice_data]
2025-11-28 19:57:10,729 [INFO] [成功读取表 sales_invoice_data，数据行数：19183]
2025-11-28 20:26:42,056 [INFO] [数据库引擎创建成功]
2025-11-28 20:26:42,057 [INFO] [开始读取数据库表：order_data]
2025-11-28 20:26:45,096 [INFO] [成功读取表 order_data，数据行数：24215]
2025-11-28 20:26:45,356 [INFO] [开始读取数据库表：sales_data]
2025-11-28 20:26:51,571 [INFO] [成功读取表 sales_data，数据行数：26519]
2025-11-28 20:26:53,595 [INFO] [开始读取数据库表：jingpin_data]
2025-11-28 20:26:53,861 [INFO] [成功读取表 jingpin_data，数据行数：4725]
2025-11-28 20:26:53,931 [INFO] [开始读取数据库表：inventory_data]
2025-11-28 20:26:54,480 [INFO] [成功读取表 inventory_data，数据行数：6109]
2025-11-28 20:26:54,480 [INFO] [开始读取数据库表：tuiding_data]
2025-11-28 20:26:54,701 [INFO] [成功读取表 tuiding_data，数据行数：4361]
2025-11-28 20:26:54,701 [INFO] [开始读取数据库表：debit_data]
2025-11-28 20:26:56,777 [INFO] [成功读取表 debit_data，数据行数：26089]
2025-11-28 20:26:57,187 [INFO] [开始读取数据库表：sales_invoice_data]
2025-11-28 20:26:58,430 [INFO] [成功读取表 sales_invoice_data，数据行数：19183]
2025-11-28 20:56:40,031 [INFO] [数据库引擎创建成功]
2025-11-28 20:56:40,031 [INFO] [开始读取数据库表：order_data]
2025-11-28 20:56:41,734 [INFO] [成功读取表 order_data，数据行数：24216]
2025-11-28 20:56:42,048 [INFO] [开始读取数据库表：sales_data]
2025-11-28 20:56:49,175 [INFO] [成功读取表 sales_data，数据行数：26519]
2025-11-28 20:56:51,312 [INFO] [开始读取数据库表：jingpin_data]
2025-11-28 20:56:51,578 [INFO] [成功读取表 jingpin_data，数据行数：4725]
2025-11-28 20:56:51,644 [INFO] [开始读取数据库表：inventory_data]
2025-11-28 20:56:52,202 [INFO] [成功读取表 inventory_data，数据行数：6109]
2025-11-28 20:56:52,202 [INFO] [开始读取数据库表：tuiding_data]
2025-11-28 20:56:52,453 [INFO] [成功读取表 tuiding_data，数据行数：4361]
2025-11-28 20:56:52,454 [INFO] [开始读取数据库表：debit_data]
2025-11-28 20:56:54,506 [INFO] [成功读取表 debit_data，数据行数：26089]
2025-11-28 20:56:54,888 [INFO] [开始读取数据库表：sales_invoice_data]
2025-11-28 20:56:56,239 [INFO] [成功读取表 sales_invoice_data，数据行数：19183]
2025-11-28 21:26:52,340 [INFO] [数据库引擎创建成功]
2025-11-28 21:26:52,340 [INFO] [开始读取数据库表：order_data]
2025-11-28 21:26:54,123 [INFO] [成功读取表 order_data，数据行数：24216]
2025-11-28 21:26:54,468 [INFO] [开始读取数据库表：sales_data]
2025-11-28 21:27:02,160 [INFO] [成功读取表 sales_data，数据行数：26519]
2025-11-28 21:27:04,214 [INFO] [开始读取数据库表：jingpin_data]
2025-11-28 21:27:04,484 [INFO] [成功读取表 jingpin_data，数据行数：4725]
2025-11-28 21:27:04,549 [INFO] [开始读取数据库表：inventory_data]
2025-11-28 21:27:05,143 [INFO] [成功读取表 inventory_data，数据行数：6109]
2025-11-28 21:27:05,143 [INFO] [开始读取数据库表：tuiding_data]
2025-11-28 21:27:05,352 [INFO] [成功读取表 tuiding_data，数据行数：4361]
2025-11-28 21:27:05,353 [INFO] [开始读取数据库表：debit_data]
2025-11-28 21:27:07,427 [INFO] [成功读取表 debit_data，数据行数：26089]
2025-11-28 21:27:07,810 [INFO] [开始读取数据库表：sales_invoice_data]
2025-11-28 21:27:09,085 [INFO] [成功读取表 sales_invoice_data，数据行数：19183]
2025-11-28 21:56:34,777 [INFO] [数据库引擎创建成功]
2025-11-28 21:56:34,777 [INFO] [开始读取数据库表：order_data]
2025-11-28 21:56:36,618 [INFO] [成功读取表 order_data，数据行数：24214]
2025-11-28 21:56:36,952 [INFO] [开始读取数据库表：sales_data]
2025-11-28 21:56:43,181 [INFO] [成功读取表 sales_data，数据行数：26519]
2025-11-28 21:56:45,186 [INFO] [开始读取数据库表：jingpin_data]
2025-11-28 21:56:45,475 [INFO] [成功读取表 jingpin_data，数据行数：4725]
2025-11-28 21:56:45,537 [INFO] [开始读取数据库表：inventory_data]
2025-11-28 21:56:46,101 [INFO] [成功读取表 inventory_data，数据行数：6109]
2025-11-28 21:56:46,102 [INFO] [开始读取数据库表：tuiding_data]
2025-11-28 21:56:46,321 [INFO] [成功读取表 tuiding_data，数据行数：4363]
2025-11-28 21:56:46,321 [INFO] [开始读取数据库表：debit_data]
2025-11-28 21:56:48,416 [INFO] [成功读取表 debit_data，数据行数：26089]
2025-11-28 21:56:48,817 [INFO] [开始读取数据库表：sales_invoice_data]
2025-11-28 21:56:50,179 [INFO] [成功读取表 sales_invoice_data，数据行数：19183]
2025-11-28 22:26:52,298 [INFO] [数据库引擎创建成功]
2025-11-28 22:26:52,298 [INFO] [开始读取数据库表：order_data]
2025-11-28 22:26:53,954 [INFO] [成功读取表 order_data，数据行数：24214]
2025-11-28 22:26:54,277 [INFO] [开始读取数据库表：sales_data]
2025-11-28 22:27:00,486 [INFO] [成功读取表 sales_data，数据行数：26519]
2025-11-28 22:27:03,446 [INFO] [开始读取数据库表：jingpin_data]
2025-11-28 22:27:03,752 [INFO] [成功读取表 jingpin_data，数据行数：4725]
2025-11-28 22:27:03,808 [INFO] [开始读取数据库表：inventory_data]
2025-11-28 22:27:04,292 [INFO] [成功读取表 inventory_data，数据行数：6109]
2025-11-28 22:27:04,292 [INFO] [开始读取数据库表：tuiding_data]
2025-11-28 22:27:04,522 [INFO] [成功读取表 tuiding_data，数据行数：4363]
2025-11-28 22:27:04,522 [INFO] [开始读取数据库表：debit_data]
2025-11-28 22:27:06,568 [INFO] [成功读取表 debit_data，数据行数：26089]
2025-11-28 22:27:06,947 [INFO] [开始读取数据库表：sales_invoice_data]
2025-11-28 22:27:08,230 [INFO] [成功读取表 sales_invoice_data，数据行数：19183]
2025-11-28 22:56:39,719 [INFO] [数据库引擎创建成功]
2025-11-28 22:56:39,719 [INFO] [开始读取数据库表：order_data]
2025-11-28 22:56:41,444 [INFO] [成功读取表 order_data，数据行数：24214]
2025-11-28 22:56:41,786 [INFO] [开始读取数据库表：sales_data]
2025-11-28 22:56:48,118 [INFO] [成功读取表 sales_data，数据行数：26519]
2025-11-28 22:56:51,083 [INFO] [开始读取数据库表：jingpin_data]
2025-11-28 22:56:51,356 [INFO] [成功读取表 jingpin_data，数据行数：4725]
2025-11-28 22:56:51,438 [INFO] [开始读取数据库表：inventory_data]
2025-11-28 22:56:52,079 [INFO] [成功读取表 inventory_data，数据行数：6109]
2025-11-28 22:56:52,079 [INFO] [开始读取数据库表：tuiding_data]
2025-11-28 22:56:52,278 [INFO] [成功读取表 tuiding_data，数据行数：4363]
2025-11-28 22:56:52,278 [INFO] [开始读取数据库表：debit_data]
2025-11-28 22:56:53,987 [INFO] [成功读取表 debit_data，数据行数：26089]
2025-11-28 22:56:54,289 [INFO] [开始读取数据库表：sales_invoice_data]
2025-11-28 22:56:55,418 [INFO] [成功读取表 sales_invoice_data，数据行数：19183]
2025-11-28 23:27:02,418 [INFO] [数据库引擎创建成功]
2025-11-28 23:27:02,418 [INFO] [开始读取数据库表：order_data]
2025-11-28 23:27:04,164 [INFO] [成功读取表 order_data，数据行数：24214]
2025-11-28 23:27:04,516 [INFO] [开始读取数据库表：sales_data]
2025-11-28 23:27:11,571 [INFO] [成功读取表 sales_data，数据行数：26519]
2025-11-28 23:27:13,683 [INFO] [开始读取数据库表：jingpin_data]
2025-11-28 23:27:13,972 [INFO] [成功读取表 jingpin_data，数据行数：4725]
2025-11-28 23:27:14,048 [INFO] [开始读取数据库表：inventory_data]
2025-11-28 23:27:14,572 [INFO] [成功读取表 inventory_data，数据行数：6109]
2025-11-28 23:27:14,572 [INFO] [开始读取数据库表：tuiding_data]
2025-11-28 23:27:14,792 [INFO] [成功读取表 tuiding_data，数据行数：4363]
2025-11-28 23:27:14,792 [INFO] [开始读取数据库表：debit_data]
2025-11-28 23:27:16,925 [INFO] [成功读取表 debit_data，数据行数：26089]
2025-11-28 23:27:17,337 [INFO] [开始读取数据库表：sales_invoice_data]
2025-11-28 23:27:18,657 [INFO] [成功读取表 sales_invoice_data，数据行数：19183]
2025-11-28 23:57:02,297 [INFO] [数据库引擎创建成功]
2025-11-28 23:57:02,297 [INFO] [开始读取数据库表：order_data]
2025-11-28 23:57:04,054 [INFO] [成功读取表 order_data，数据行数：24214]
2025-11-28 23:57:04,396 [INFO] [开始读取数据库表：sales_data]
2025-11-28 23:57:11,745 [INFO] [成功读取表 sales_data，数据行数：26519]
2025-11-28 23:57:13,732 [INFO] [开始读取数据库表：jingpin_data]
2025-11-28 23:57:13,985 [INFO] [成功读取表 jingpin_data，数据行数：4725]
2025-11-28 23:57:14,053 [INFO] [开始读取数据库表：inventory_data]
2025-11-28 23:57:14,597 [INFO] [成功读取表 inventory_data，数据行数：6109]
2025-11-28 23:57:14,598 [INFO] [开始读取数据库表：tuiding_data]
2025-11-28 23:57:14,827 [INFO] [成功读取表 tuiding_data，数据行数：4363]
2025-11-28 23:57:14,828 [INFO] [开始读取数据库表：debit_data]
2025-11-28 23:57:16,847 [INFO] [成功读取表 debit_data，数据行数：26089]
2025-11-28 23:57:17,246 [INFO] [开始读取数据库表：sales_invoice_data]
2025-11-28 23:57:18,556 [INFO] [成功读取表 sales_invoice_data，数据行数：19183]
