2025-10-21 00:26:43,701 [INFO] [数据库引擎创建成功]
2025-10-21 00:26:43,701 [INFO] [开始读取数据库表：order_data]
2025-10-21 00:26:44,034 [INFO] [成功读取表 order_data，数据行数：18731]
2025-10-21 00:26:44,146 [INFO] [开始读取数据库表：sales_data]
2025-10-21 00:26:45,900 [INFO] [成功读取表 sales_data，数据行数：22409]
2025-10-21 00:26:46,897 [INFO] [开始读取数据库表：jingpin_data]
2025-10-21 00:26:46,970 [INFO] [成功读取表 jingpin_data，数据行数：4398]
2025-10-21 00:26:46,998 [INFO] [开始读取数据库表：inventory_data]
2025-10-21 00:26:47,276 [INFO] [成功读取表 inventory_data，数据行数：7843]
2025-10-21 00:26:47,276 [INFO] [开始读取数据库表：tuiding_data]
2025-10-21 00:26:47,329 [INFO] [成功读取表 tuiding_data，数据行数：3272]
2025-10-21 00:26:47,329 [INFO] [开始读取数据库表：debit_data]
2025-10-21 00:26:47,714 [INFO] [成功读取表 debit_data，数据行数：16089]
2025-10-21 00:26:47,880 [INFO] [开始读取数据库表：sales_invoice_data]
2025-10-21 00:26:48,266 [INFO] [成功读取表 sales_invoice_data，数据行数：16667]
2025-10-21 00:56:54,645 [INFO] [数据库引擎创建成功]
2025-10-21 00:56:54,645 [INFO] [开始读取数据库表：order_data]
2025-10-21 00:56:54,981 [INFO] [成功读取表 order_data，数据行数：18731]
2025-10-21 00:56:55,095 [INFO] [开始读取数据库表：sales_data]
2025-10-21 00:56:56,696 [INFO] [成功读取表 sales_data，数据行数：22409]
2025-10-21 00:56:57,396 [INFO] [开始读取数据库表：jingpin_data]
2025-10-21 00:56:57,452 [INFO] [成功读取表 jingpin_data，数据行数：4398]
2025-10-21 00:56:57,473 [INFO] [开始读取数据库表：inventory_data]
2025-10-21 00:56:57,677 [INFO] [成功读取表 inventory_data，数据行数：7843]
2025-10-21 00:56:57,677 [INFO] [开始读取数据库表：tuiding_data]
2025-10-21 00:56:57,719 [INFO] [成功读取表 tuiding_data，数据行数：3272]
2025-10-21 00:56:57,719 [INFO] [开始读取数据库表：debit_data]
2025-10-21 00:56:58,022 [INFO] [成功读取表 debit_data，数据行数：16089]
2025-10-21 00:56:58,157 [INFO] [开始读取数据库表：sales_invoice_data]
2025-10-21 00:56:58,441 [INFO] [成功读取表 sales_invoice_data，数据行数：16667]
2025-10-21 01:26:50,701 [INFO] [数据库引擎创建成功]
2025-10-21 01:26:50,701 [INFO] [开始读取数据库表：order_data]
2025-10-21 01:26:51,045 [INFO] [成功读取表 order_data，数据行数：18731]
2025-10-21 01:26:51,165 [INFO] [开始读取数据库表：sales_data]
2025-10-21 01:26:52,882 [INFO] [成功读取表 sales_data，数据行数：22409]
2025-10-21 01:26:53,590 [INFO] [开始读取数据库表：jingpin_data]
2025-10-21 01:26:53,650 [INFO] [成功读取表 jingpin_data，数据行数：4398]
2025-10-21 01:26:53,674 [INFO] [开始读取数据库表：inventory_data]
2025-10-21 01:26:53,875 [INFO] [成功读取表 inventory_data，数据行数：7843]
2025-10-21 01:26:53,875 [INFO] [开始读取数据库表：tuiding_data]
2025-10-21 01:26:53,924 [INFO] [成功读取表 tuiding_data，数据行数：3272]
2025-10-21 01:26:53,924 [INFO] [开始读取数据库表：debit_data]
2025-10-21 01:26:54,229 [INFO] [成功读取表 debit_data，数据行数：16089]
2025-10-21 01:26:54,366 [INFO] [开始读取数据库表：sales_invoice_data]
2025-10-21 01:26:54,667 [INFO] [成功读取表 sales_invoice_data，数据行数：16667]
2025-10-21 01:56:41,644 [INFO] [数据库引擎创建成功]
2025-10-21 01:56:41,644 [INFO] [开始读取数据库表：order_data]
2025-10-21 01:56:42,025 [INFO] [成功读取表 order_data，数据行数：18731]
2025-10-21 01:56:42,151 [INFO] [开始读取数据库表：sales_data]
2025-10-21 01:56:43,908 [INFO] [成功读取表 sales_data，数据行数：22409]
2025-10-21 01:56:44,655 [INFO] [开始读取数据库表：jingpin_data]
2025-10-21 01:56:44,720 [INFO] [成功读取表 jingpin_data，数据行数：4398]
2025-10-21 01:56:44,742 [INFO] [开始读取数据库表：inventory_data]
2025-10-21 01:56:44,974 [INFO] [成功读取表 inventory_data，数据行数：7843]
2025-10-21 01:56:44,974 [INFO] [开始读取数据库表：tuiding_data]
2025-10-21 01:56:45,022 [INFO] [成功读取表 tuiding_data，数据行数：3272]
2025-10-21 01:56:45,022 [INFO] [开始读取数据库表：debit_data]
2025-10-21 01:56:45,351 [INFO] [成功读取表 debit_data，数据行数：16089]
2025-10-21 01:56:45,487 [INFO] [开始读取数据库表：sales_invoice_data]
2025-10-21 01:56:45,826 [INFO] [成功读取表 sales_invoice_data，数据行数：16667]
2025-10-21 02:26:42,447 [INFO] [数据库引擎创建成功]
2025-10-21 02:26:42,447 [INFO] [开始读取数据库表：order_data]
2025-10-21 02:26:42,792 [INFO] [成功读取表 order_data，数据行数：18731]
2025-10-21 02:26:42,905 [INFO] [开始读取数据库表：sales_data]
2025-10-21 02:26:44,617 [INFO] [成功读取表 sales_data，数据行数：22409]
2025-10-21 02:26:45,333 [INFO] [开始读取数据库表：jingpin_data]
2025-10-21 02:26:45,389 [INFO] [成功读取表 jingpin_data，数据行数：4398]
2025-10-21 02:26:45,412 [INFO] [开始读取数据库表：inventory_data]
2025-10-21 02:26:45,619 [INFO] [成功读取表 inventory_data，数据行数：7843]
2025-10-21 02:26:45,619 [INFO] [开始读取数据库表：tuiding_data]
2025-10-21 02:26:45,667 [INFO] [成功读取表 tuiding_data，数据行数：3272]
2025-10-21 02:26:45,667 [INFO] [开始读取数据库表：debit_data]
2025-10-21 02:26:45,992 [INFO] [成功读取表 debit_data，数据行数：16089]
2025-10-21 02:26:46,126 [INFO] [开始读取数据库表：sales_invoice_data]
2025-10-21 02:26:46,452 [INFO] [成功读取表 sales_invoice_data，数据行数：16667]
2025-10-21 02:56:54,212 [INFO] [数据库引擎创建成功]
2025-10-21 02:56:54,212 [INFO] [开始读取数据库表：order_data]
2025-10-21 02:56:54,545 [INFO] [成功读取表 order_data，数据行数：18731]
2025-10-21 02:56:54,658 [INFO] [开始读取数据库表：sales_data]
2025-10-21 02:56:56,278 [INFO] [成功读取表 sales_data，数据行数：22409]
2025-10-21 02:56:56,985 [INFO] [开始读取数据库表：jingpin_data]
2025-10-21 02:56:57,038 [INFO] [成功读取表 jingpin_data，数据行数：4398]
2025-10-21 02:56:57,061 [INFO] [开始读取数据库表：inventory_data]
2025-10-21 02:56:57,265 [INFO] [成功读取表 inventory_data，数据行数：7843]
2025-10-21 02:56:57,265 [INFO] [开始读取数据库表：tuiding_data]
2025-10-21 02:56:57,308 [INFO] [成功读取表 tuiding_data，数据行数：3272]
2025-10-21 02:56:57,308 [INFO] [开始读取数据库表：debit_data]
2025-10-21 02:56:57,617 [INFO] [成功读取表 debit_data，数据行数：16089]
2025-10-21 02:56:57,749 [INFO] [开始读取数据库表：sales_invoice_data]
2025-10-21 02:56:58,033 [INFO] [成功读取表 sales_invoice_data，数据行数：16667]
2025-10-21 03:26:51,382 [INFO] [数据库引擎创建成功]
2025-10-21 03:26:51,383 [INFO] [开始读取数据库表：order_data]
2025-10-21 03:26:51,721 [INFO] [成功读取表 order_data，数据行数：18731]
2025-10-21 03:26:51,834 [INFO] [开始读取数据库表：sales_data]
2025-10-21 03:26:53,717 [INFO] [成功读取表 sales_data，数据行数：22409]
2025-10-21 03:26:54,621 [INFO] [开始读取数据库表：jingpin_data]
2025-10-21 03:26:54,684 [INFO] [成功读取表 jingpin_data，数据行数：4398]
2025-10-21 03:26:54,712 [INFO] [开始读取数据库表：inventory_data]
2025-10-21 03:26:54,975 [INFO] [成功读取表 inventory_data，数据行数：7843]
2025-10-21 03:26:54,975 [INFO] [开始读取数据库表：tuiding_data]
2025-10-21 03:26:55,036 [INFO] [成功读取表 tuiding_data，数据行数：3272]
2025-10-21 03:26:55,036 [INFO] [开始读取数据库表：debit_data]
2025-10-21 03:26:55,345 [INFO] [成功读取表 debit_data，数据行数：16089]
2025-10-21 03:26:55,477 [INFO] [开始读取数据库表：sales_invoice_data]
2025-10-21 03:26:55,783 [INFO] [成功读取表 sales_invoice_data，数据行数：16667]
2025-10-21 03:56:37,744 [INFO] [数据库引擎创建成功]
2025-10-21 03:56:37,744 [INFO] [开始读取数据库表：order_data]
2025-10-21 03:56:38,107 [INFO] [成功读取表 order_data，数据行数：18731]
2025-10-21 03:56:38,218 [INFO] [开始读取数据库表：sales_data]
2025-10-21 03:56:40,061 [INFO] [成功读取表 sales_data，数据行数：22409]
2025-10-21 03:56:40,882 [INFO] [开始读取数据库表：jingpin_data]
2025-10-21 03:56:40,937 [INFO] [成功读取表 jingpin_data，数据行数：4398]
2025-10-21 03:56:40,961 [INFO] [开始读取数据库表：inventory_data]
2025-10-21 03:56:41,164 [INFO] [成功读取表 inventory_data，数据行数：7843]
2025-10-21 03:56:41,165 [INFO] [开始读取数据库表：tuiding_data]
2025-10-21 03:56:41,207 [INFO] [成功读取表 tuiding_data，数据行数：3272]
2025-10-21 03:56:41,208 [INFO] [开始读取数据库表：debit_data]
2025-10-21 03:56:41,507 [INFO] [成功读取表 debit_data，数据行数：16089]
2025-10-21 03:56:41,642 [INFO] [开始读取数据库表：sales_invoice_data]
2025-10-21 03:56:41,925 [INFO] [成功读取表 sales_invoice_data，数据行数：16667]
2025-10-21 04:26:37,493 [INFO] [数据库引擎创建成功]
2025-10-21 04:26:37,493 [INFO] [开始读取数据库表：order_data]
2025-10-21 04:26:37,858 [INFO] [成功读取表 order_data，数据行数：18731]
2025-10-21 04:26:37,980 [INFO] [开始读取数据库表：sales_data]
2025-10-21 04:26:39,707 [INFO] [成功读取表 sales_data，数据行数：22409]
2025-10-21 04:26:40,561 [INFO] [开始读取数据库表：jingpin_data]
2025-10-21 04:26:40,631 [INFO] [成功读取表 jingpin_data，数据行数：4398]
2025-10-21 04:26:40,659 [INFO] [开始读取数据库表：inventory_data]
2025-10-21 04:26:40,913 [INFO] [成功读取表 inventory_data，数据行数：7843]
2025-10-21 04:26:40,913 [INFO] [开始读取数据库表：tuiding_data]
2025-10-21 04:26:40,964 [INFO] [成功读取表 tuiding_data，数据行数：3272]
2025-10-21 04:26:40,964 [INFO] [开始读取数据库表：debit_data]
2025-10-21 04:26:41,376 [INFO] [成功读取表 debit_data，数据行数：16089]
2025-10-21 04:26:41,536 [INFO] [开始读取数据库表：sales_invoice_data]
2025-10-21 04:26:41,901 [INFO] [成功读取表 sales_invoice_data，数据行数：16667]
2025-10-21 04:56:35,215 [INFO] [数据库引擎创建成功]
2025-10-21 04:56:35,215 [INFO] [开始读取数据库表：order_data]
2025-10-21 04:56:35,556 [INFO] [成功读取表 order_data，数据行数：18731]
2025-10-21 04:56:35,683 [INFO] [开始读取数据库表：sales_data]
2025-10-21 04:56:37,370 [INFO] [成功读取表 sales_data，数据行数：22409]
2025-10-21 04:56:38,111 [INFO] [开始读取数据库表：jingpin_data]
2025-10-21 04:56:38,183 [INFO] [成功读取表 jingpin_data，数据行数：4398]
2025-10-21 04:56:38,216 [INFO] [开始读取数据库表：inventory_data]
2025-10-21 04:56:38,474 [INFO] [成功读取表 inventory_data，数据行数：7843]
2025-10-21 04:56:38,474 [INFO] [开始读取数据库表：tuiding_data]
2025-10-21 04:56:38,532 [INFO] [成功读取表 tuiding_data，数据行数：3272]
2025-10-21 04:56:38,533 [INFO] [开始读取数据库表：debit_data]
2025-10-21 04:56:38,868 [INFO] [成功读取表 debit_data，数据行数：16089]
2025-10-21 04:56:39,026 [INFO] [开始读取数据库表：sales_invoice_data]
2025-10-21 04:56:39,384 [INFO] [成功读取表 sales_invoice_data，数据行数：16667]
2025-10-21 05:26:40,959 [INFO] [数据库引擎创建成功]
2025-10-21 05:26:40,959 [INFO] [开始读取数据库表：order_data]
2025-10-21 05:26:41,291 [INFO] [成功读取表 order_data，数据行数：18731]
2025-10-21 05:26:41,415 [INFO] [开始读取数据库表：sales_data]
2025-10-21 05:26:43,414 [INFO] [成功读取表 sales_data，数据行数：22409]
2025-10-21 05:26:44,300 [INFO] [开始读取数据库表：jingpin_data]
2025-10-21 05:26:44,389 [INFO] [成功读取表 jingpin_data，数据行数：4398]
2025-10-21 05:26:44,412 [INFO] [开始读取数据库表：inventory_data]
2025-10-21 05:26:44,634 [INFO] [成功读取表 inventory_data，数据行数：7843]
2025-10-21 05:26:44,634 [INFO] [开始读取数据库表：tuiding_data]
2025-10-21 05:26:44,680 [INFO] [成功读取表 tuiding_data，数据行数：3272]
2025-10-21 05:26:44,680 [INFO] [开始读取数据库表：debit_data]
2025-10-21 05:26:44,986 [INFO] [成功读取表 debit_data，数据行数：16089]
2025-10-21 05:26:45,124 [INFO] [开始读取数据库表：sales_invoice_data]
2025-10-21 05:26:45,403 [INFO] [成功读取表 sales_invoice_data，数据行数：16667]
2025-10-21 05:56:40,339 [INFO] [数据库引擎创建成功]
2025-10-21 05:56:40,339 [INFO] [开始读取数据库表：order_data]
2025-10-21 05:56:40,683 [INFO] [成功读取表 order_data，数据行数：18731]
2025-10-21 05:56:40,806 [INFO] [开始读取数据库表：sales_data]
2025-10-21 05:56:42,535 [INFO] [成功读取表 sales_data，数据行数：22409]
2025-10-21 05:56:43,466 [INFO] [开始读取数据库表：jingpin_data]
2025-10-21 05:56:43,528 [INFO] [成功读取表 jingpin_data，数据行数：4398]
2025-10-21 05:56:43,554 [INFO] [开始读取数据库表：inventory_data]
2025-10-21 05:56:43,809 [INFO] [成功读取表 inventory_data，数据行数：7843]
2025-10-21 05:56:43,809 [INFO] [开始读取数据库表：tuiding_data]
2025-10-21 05:56:43,859 [INFO] [成功读取表 tuiding_data，数据行数：3272]
2025-10-21 05:56:43,859 [INFO] [开始读取数据库表：debit_data]
2025-10-21 05:56:44,241 [INFO] [成功读取表 debit_data，数据行数：16089]
2025-10-21 05:56:44,397 [INFO] [开始读取数据库表：sales_invoice_data]
2025-10-21 05:56:44,757 [INFO] [成功读取表 sales_invoice_data，数据行数：16667]
2025-10-21 06:26:53,416 [INFO] [数据库引擎创建成功]
2025-10-21 06:26:53,416 [INFO] [开始读取数据库表：order_data]
2025-10-21 06:26:53,783 [INFO] [成功读取表 order_data，数据行数：18731]
2025-10-21 06:26:53,926 [INFO] [开始读取数据库表：sales_data]
2025-10-21 06:26:55,655 [INFO] [成功读取表 sales_data，数据行数：22409]
2025-10-21 06:26:56,414 [INFO] [开始读取数据库表：jingpin_data]
2025-10-21 06:26:56,473 [INFO] [成功读取表 jingpin_data，数据行数：4398]
2025-10-21 06:26:56,501 [INFO] [开始读取数据库表：inventory_data]
2025-10-21 06:26:56,704 [INFO] [成功读取表 inventory_data，数据行数：7843]
2025-10-21 06:26:56,705 [INFO] [开始读取数据库表：tuiding_data]
2025-10-21 06:26:56,747 [INFO] [成功读取表 tuiding_data，数据行数：3272]
2025-10-21 06:26:56,747 [INFO] [开始读取数据库表：debit_data]
2025-10-21 06:26:57,070 [INFO] [成功读取表 debit_data，数据行数：16089]
2025-10-21 06:26:57,199 [INFO] [开始读取数据库表：sales_invoice_data]
2025-10-21 06:26:57,488 [INFO] [成功读取表 sales_invoice_data，数据行数：16667]
2025-10-21 06:56:39,567 [INFO] [数据库引擎创建成功]
2025-10-21 06:56:39,567 [INFO] [开始读取数据库表：order_data]
2025-10-21 06:56:39,897 [INFO] [成功读取表 order_data，数据行数：18731]
2025-10-21 06:56:40,019 [INFO] [开始读取数据库表：sales_data]
2025-10-21 06:56:41,693 [INFO] [成功读取表 sales_data，数据行数：22409]
2025-10-21 06:56:42,408 [INFO] [开始读取数据库表：jingpin_data]
2025-10-21 06:56:42,464 [INFO] [成功读取表 jingpin_data，数据行数：4398]
2025-10-21 06:56:42,487 [INFO] [开始读取数据库表：inventory_data]
2025-10-21 06:56:42,726 [INFO] [成功读取表 inventory_data，数据行数：7843]
2025-10-21 06:56:42,726 [INFO] [开始读取数据库表：tuiding_data]
2025-10-21 06:56:42,767 [INFO] [成功读取表 tuiding_data，数据行数：3272]
2025-10-21 06:56:42,767 [INFO] [开始读取数据库表：debit_data]
2025-10-21 06:56:43,078 [INFO] [成功读取表 debit_data，数据行数：16089]
2025-10-21 06:56:43,217 [INFO] [开始读取数据库表：sales_invoice_data]
2025-10-21 06:56:43,516 [INFO] [成功读取表 sales_invoice_data，数据行数：16667]
2025-10-21 07:26:39,355 [INFO] [数据库引擎创建成功]
2025-10-21 07:26:39,355 [INFO] [开始读取数据库表：order_data]
2025-10-21 07:26:39,731 [INFO] [成功读取表 order_data，数据行数：18731]
2025-10-21 07:26:39,852 [INFO] [开始读取数据库表：sales_data]
2025-10-21 07:26:41,485 [INFO] [成功读取表 sales_data，数据行数：22409]
2025-10-21 07:26:42,188 [INFO] [开始读取数据库表：jingpin_data]
2025-10-21 07:26:42,245 [INFO] [成功读取表 jingpin_data，数据行数：4398]
2025-10-21 07:26:42,267 [INFO] [开始读取数据库表：inventory_data]
2025-10-21 07:26:42,476 [INFO] [成功读取表 inventory_data，数据行数：7843]
2025-10-21 07:26:42,476 [INFO] [开始读取数据库表：tuiding_data]
2025-10-21 07:26:42,520 [INFO] [成功读取表 tuiding_data，数据行数：3272]
2025-10-21 07:26:42,520 [INFO] [开始读取数据库表：debit_data]
2025-10-21 07:26:42,828 [INFO] [成功读取表 debit_data，数据行数：16089]
2025-10-21 07:26:42,962 [INFO] [开始读取数据库表：sales_invoice_data]
2025-10-21 07:26:43,250 [INFO] [成功读取表 sales_invoice_data，数据行数：16667]
2025-10-21 07:56:50,033 [INFO] [数据库引擎创建成功]
2025-10-21 07:56:50,034 [INFO] [开始读取数据库表：order_data]
2025-10-21 07:56:50,497 [INFO] [成功读取表 order_data，数据行数：18731]
2025-10-21 07:56:50,618 [INFO] [开始读取数据库表：sales_data]
2025-10-21 07:56:52,447 [INFO] [成功读取表 sales_data，数据行数：22409]
2025-10-21 07:56:53,203 [INFO] [开始读取数据库表：jingpin_data]
2025-10-21 07:56:53,264 [INFO] [成功读取表 jingpin_data，数据行数：4398]
2025-10-21 07:56:53,288 [INFO] [开始读取数据库表：inventory_data]
2025-10-21 07:56:53,504 [INFO] [成功读取表 inventory_data，数据行数：7843]
2025-10-21 07:56:53,504 [INFO] [开始读取数据库表：tuiding_data]
2025-10-21 07:56:53,557 [INFO] [成功读取表 tuiding_data，数据行数：3272]
2025-10-21 07:56:53,557 [INFO] [开始读取数据库表：debit_data]
2025-10-21 07:56:53,908 [INFO] [成功读取表 debit_data，数据行数：16089]
2025-10-21 07:56:54,042 [INFO] [开始读取数据库表：sales_invoice_data]
2025-10-21 07:56:54,365 [INFO] [成功读取表 sales_invoice_data，数据行数：16667]
2025-10-21 08:26:41,694 [INFO] [数据库引擎创建成功]
2025-10-21 08:26:41,694 [INFO] [开始读取数据库表：order_data]
2025-10-21 08:26:42,035 [INFO] [成功读取表 order_data，数据行数：18731]
2025-10-21 08:26:42,156 [INFO] [开始读取数据库表：sales_data]
2025-10-21 08:26:43,764 [INFO] [成功读取表 sales_data，数据行数：22409]
2025-10-21 08:26:44,469 [INFO] [开始读取数据库表：jingpin_data]
2025-10-21 08:26:44,532 [INFO] [成功读取表 jingpin_data，数据行数：4398]
2025-10-21 08:26:44,555 [INFO] [开始读取数据库表：inventory_data]
2025-10-21 08:26:44,756 [INFO] [成功读取表 inventory_data，数据行数：7843]
2025-10-21 08:26:44,757 [INFO] [开始读取数据库表：tuiding_data]
2025-10-21 08:26:44,799 [INFO] [成功读取表 tuiding_data，数据行数：3272]
2025-10-21 08:26:44,799 [INFO] [开始读取数据库表：debit_data]
2025-10-21 08:26:45,103 [INFO] [成功读取表 debit_data，数据行数：16089]
2025-10-21 08:26:45,226 [INFO] [开始读取数据库表：sales_invoice_data]
2025-10-21 08:26:45,514 [INFO] [成功读取表 sales_invoice_data，数据行数：16667]
2025-10-21 08:57:03,529 [INFO] [数据库引擎创建成功]
2025-10-21 08:57:03,530 [INFO] [开始读取数据库表：order_data]
2025-10-21 08:57:03,870 [INFO] [成功读取表 order_data，数据行数：18731]
2025-10-21 08:57:04,002 [INFO] [开始读取数据库表：sales_data]
2025-10-21 08:57:05,934 [INFO] [成功读取表 sales_data，数据行数：22409]
2025-10-21 08:57:06,938 [INFO] [开始读取数据库表：jingpin_data]
2025-10-21 08:57:07,034 [INFO] [成功读取表 jingpin_data，数据行数：4398]
2025-10-21 08:57:07,059 [INFO] [开始读取数据库表：inventory_data]
2025-10-21 08:57:07,289 [INFO] [成功读取表 inventory_data，数据行数：7843]
2025-10-21 08:57:07,289 [INFO] [开始读取数据库表：tuiding_data]
2025-10-21 08:57:07,341 [INFO] [成功读取表 tuiding_data，数据行数：3273]
2025-10-21 08:57:07,341 [INFO] [开始读取数据库表：debit_data]
2025-10-21 08:57:07,672 [INFO] [成功读取表 debit_data，数据行数：16089]
2025-10-21 08:57:07,827 [INFO] [开始读取数据库表：sales_invoice_data]
2025-10-21 08:57:08,190 [INFO] [成功读取表 sales_invoice_data，数据行数：16668]
2025-10-21 09:27:10,806 [INFO] [数据库引擎创建成功]
2025-10-21 09:27:10,806 [INFO] [开始读取数据库表：order_data]
2025-10-21 09:27:11,155 [INFO] [成功读取表 order_data，数据行数：18732]
2025-10-21 09:27:11,272 [INFO] [开始读取数据库表：sales_data]
2025-10-21 09:27:12,867 [INFO] [成功读取表 sales_data，数据行数：22409]
2025-10-21 09:27:13,559 [INFO] [开始读取数据库表：jingpin_data]
2025-10-21 09:27:13,623 [INFO] [成功读取表 jingpin_data，数据行数：4398]
2025-10-21 09:27:13,646 [INFO] [开始读取数据库表：inventory_data]
2025-10-21 09:27:13,848 [INFO] [成功读取表 inventory_data，数据行数：7844]
2025-10-21 09:27:13,848 [INFO] [开始读取数据库表：tuiding_data]
2025-10-21 09:27:13,891 [INFO] [成功读取表 tuiding_data，数据行数：3275]
2025-10-21 09:27:13,891 [INFO] [开始读取数据库表：debit_data]
2025-10-21 09:27:14,197 [INFO] [成功读取表 debit_data，数据行数：16090]
2025-10-21 09:27:14,323 [INFO] [开始读取数据库表：sales_invoice_data]
2025-10-21 09:27:14,621 [INFO] [成功读取表 sales_invoice_data，数据行数：16670]
2025-10-21 09:57:33,303 [INFO] [数据库引擎创建成功]
2025-10-21 09:57:33,304 [INFO] [开始读取数据库表：order_data]
2025-10-21 09:57:33,753 [INFO] [成功读取表 order_data，数据行数：18734]
2025-10-21 09:57:33,899 [INFO] [开始读取数据库表：sales_data]
2025-10-21 09:57:35,856 [INFO] [成功读取表 sales_data，数据行数：22409]
2025-10-21 09:57:36,628 [INFO] [开始读取数据库表：jingpin_data]
2025-10-21 09:57:36,691 [INFO] [成功读取表 jingpin_data，数据行数：4398]
2025-10-21 09:57:36,721 [INFO] [开始读取数据库表：inventory_data]
2025-10-21 09:57:36,962 [INFO] [成功读取表 inventory_data，数据行数：7844]
2025-10-21 09:57:36,962 [INFO] [开始读取数据库表：tuiding_data]
2025-10-21 09:57:37,014 [INFO] [成功读取表 tuiding_data，数据行数：3275]
2025-10-21 09:57:37,014 [INFO] [开始读取数据库表：debit_data]
2025-10-21 09:57:37,386 [INFO] [成功读取表 debit_data，数据行数：16090]
2025-10-21 09:57:37,537 [INFO] [开始读取数据库表：sales_invoice_data]
2025-10-21 09:57:37,905 [INFO] [成功读取表 sales_invoice_data，数据行数：16673]
2025-10-21 09:58:13,627 [INFO] [数据库引擎创建成功]
2025-10-21 09:58:13,627 [INFO] [开始读取数据库表：order_data]
2025-10-21 09:58:14,199 [INFO] [成功读取表 order_data，数据行数：18734]
2025-10-21 09:58:14,369 [INFO] [开始读取数据库表：sales_data]
2025-10-21 09:58:16,917 [INFO] [成功读取表 sales_data，数据行数：22409]
2025-10-21 09:58:18,483 [INFO] [开始读取数据库表：jingpin_data]
2025-10-21 09:58:18,492 [INFO] [成功读取表 jingpin_data，数据行数：0]
2025-10-21 09:58:18,545 [INFO] [开始读取数据库表：inventory_data]
2025-10-21 09:58:19,055 [INFO] [成功读取表 inventory_data，数据行数：7844]
2025-10-21 09:58:19,055 [INFO] [开始读取数据库表：tuiding_data]
2025-10-21 09:58:19,158 [INFO] [成功读取表 tuiding_data，数据行数：3275]
2025-10-21 09:58:19,158 [INFO] [开始读取数据库表：debit_data]
2025-10-21 09:58:19,834 [INFO] [成功读取表 debit_data，数据行数：16090]
2025-10-21 09:58:20,088 [INFO] [开始读取数据库表：sales_invoice_data]
2025-10-21 09:58:20,672 [INFO] [成功读取表 sales_invoice_data，数据行数：16673]
2025-10-21 10:11:57,162 [INFO] [数据库引擎创建成功]
2025-10-21 10:11:57,162 [INFO] [开始读取数据库表：order_data]
2025-10-21 10:11:57,494 [INFO] [成功读取表 order_data，数据行数：18476]
2025-10-21 10:11:57,606 [INFO] [开始读取数据库表：sales_data]
2025-10-21 10:11:59,209 [INFO] [成功读取表 sales_data，数据行数：22409]
2025-10-21 10:11:59,919 [INFO] [开始读取数据库表：jingpin_data]
2025-10-21 10:11:59,973 [INFO] [成功读取表 jingpin_data，数据行数：4398]
2025-10-21 10:11:59,995 [INFO] [开始读取数据库表：inventory_data]
2025-10-21 10:12:00,200 [INFO] [成功读取表 inventory_data，数据行数：7844]
2025-10-21 10:12:00,200 [INFO] [开始读取数据库表：tuiding_data]
2025-10-21 10:12:00,242 [INFO] [成功读取表 tuiding_data，数据行数：3275]
2025-10-21 10:12:00,242 [INFO] [开始读取数据库表：debit_data]
2025-10-21 10:12:00,555 [INFO] [成功读取表 debit_data，数据行数：16090]
2025-10-21 10:12:00,684 [INFO] [开始读取数据库表：sales_invoice_data]
2025-10-21 10:12:00,969 [INFO] [成功读取表 sales_invoice_data，数据行数：16673]
2025-10-21 10:27:51,766 [INFO] [数据库引擎创建成功]
2025-10-21 10:27:51,775 [INFO] [开始读取数据库表：order_data]
2025-10-21 10:27:52,306 [INFO] [成功读取表 order_data，数据行数：18479]
2025-10-21 10:27:52,467 [INFO] [开始读取数据库表：sales_data]
2025-10-21 10:27:54,673 [INFO] [成功读取表 sales_data，数据行数：22411]
2025-10-21 10:27:55,656 [INFO] [开始读取数据库表：jingpin_data]
2025-10-21 10:27:55,738 [INFO] [成功读取表 jingpin_data，数据行数：4398]
2025-10-21 10:27:55,769 [INFO] [开始读取数据库表：inventory_data]
2025-10-21 10:27:56,084 [INFO] [成功读取表 inventory_data，数据行数：7845]
2025-10-21 10:27:56,085 [INFO] [开始读取数据库表：tuiding_data]
2025-10-21 10:27:56,171 [INFO] [成功读取表 tuiding_data，数据行数：3276]
2025-10-21 10:27:56,171 [INFO] [开始读取数据库表：debit_data]
2025-10-21 10:27:59,294 [INFO] [成功读取表 debit_data，数据行数：16091]
2025-10-21 10:27:59,612 [INFO] [开始读取数据库表：sales_invoice_data]
2025-10-21 10:28:00,483 [INFO] [成功读取表 sales_invoice_data，数据行数：16679]
2025-10-21 10:58:08,214 [INFO] [数据库引擎创建成功]
2025-10-21 10:58:08,223 [INFO] [开始读取数据库表：order_data]
2025-10-21 10:58:08,698 [INFO] [成功读取表 order_data，数据行数：18482]
2025-10-21 10:58:08,852 [INFO] [开始读取数据库表：sales_data]
2025-10-21 10:58:11,187 [INFO] [成功读取表 sales_data，数据行数：22411]
2025-10-21 10:58:12,270 [INFO] [开始读取数据库表：jingpin_data]
2025-10-21 10:58:12,370 [INFO] [成功读取表 jingpin_data，数据行数：4398]
2025-10-21 10:58:12,403 [INFO] [开始读取数据库表：inventory_data]
2025-10-21 10:58:12,745 [INFO] [成功读取表 inventory_data，数据行数：7846]
2025-10-21 10:58:12,745 [INFO] [开始读取数据库表：tuiding_data]
2025-10-21 10:58:12,818 [INFO] [成功读取表 tuiding_data，数据行数：3276]
2025-10-21 10:58:12,818 [INFO] [开始读取数据库表：debit_data]
2025-10-21 10:58:13,984 [INFO] [成功读取表 debit_data，数据行数：16092]
2025-10-21 10:58:14,383 [INFO] [开始读取数据库表：sales_invoice_data]
2025-10-21 10:58:15,374 [INFO] [成功读取表 sales_invoice_data，数据行数：16683]
2025-10-21 11:27:57,341 [INFO] [数据库引擎创建成功]
2025-10-21 11:27:57,341 [INFO] [开始读取数据库表：order_data]
2025-10-21 11:27:57,872 [INFO] [成功读取表 order_data，数据行数：18482]
2025-10-21 11:27:58,041 [INFO] [开始读取数据库表：sales_data]
2025-10-21 11:28:00,417 [INFO] [成功读取表 sales_data，数据行数：22414]
2025-10-21 11:28:01,418 [INFO] [开始读取数据库表：jingpin_data]
2025-10-21 11:28:01,507 [INFO] [成功读取表 jingpin_data，数据行数：4407]
2025-10-21 11:28:01,539 [INFO] [开始读取数据库表：inventory_data]
2025-10-21 11:28:01,850 [INFO] [成功读取表 inventory_data，数据行数：7847]
2025-10-21 11:28:01,850 [INFO] [开始读取数据库表：tuiding_data]
2025-10-21 11:28:01,922 [INFO] [成功读取表 tuiding_data，数据行数：3276]
2025-10-21 11:28:01,922 [INFO] [开始读取数据库表：debit_data]
2025-10-21 11:28:06,648 [INFO] [成功读取表 debit_data，数据行数：16093]
2025-10-21 11:28:07,078 [INFO] [开始读取数据库表：sales_invoice_data]
2025-10-21 11:28:08,343 [INFO] [成功读取表 sales_invoice_data，数据行数：16684]
2025-10-21 11:58:29,085 [INFO] [数据库引擎创建成功]
2025-10-21 11:58:29,086 [INFO] [开始读取数据库表：order_data]
2025-10-21 11:58:29,674 [INFO] [成功读取表 order_data，数据行数：18482]
2025-10-21 11:58:29,866 [INFO] [开始读取数据库表：sales_data]
2025-10-21 11:58:32,451 [INFO] [成功读取表 sales_data，数据行数：22417]
2025-10-21 11:58:33,570 [INFO] [开始读取数据库表：jingpin_data]
2025-10-21 11:58:33,674 [INFO] [成功读取表 jingpin_data，数据行数：4407]
2025-10-21 11:58:33,740 [INFO] [开始读取数据库表：inventory_data]
2025-10-21 11:58:37,246 [INFO] [成功读取表 inventory_data，数据行数：7847]
2025-10-21 11:58:37,247 [INFO] [开始读取数据库表：tuiding_data]
2025-10-21 11:58:37,414 [INFO] [成功读取表 tuiding_data，数据行数：3277]
2025-10-21 11:58:37,415 [INFO] [开始读取数据库表：debit_data]
2025-10-21 11:58:38,491 [INFO] [成功读取表 debit_data，数据行数：16096]
2025-10-21 11:58:38,825 [INFO] [开始读取数据库表：sales_invoice_data]
2025-10-21 11:58:39,744 [INFO] [成功读取表 sales_invoice_data，数据行数：16686]
2025-10-21 12:27:55,897 [INFO] [数据库引擎创建成功]
2025-10-21 12:27:55,898 [INFO] [开始读取数据库表：order_data]
2025-10-21 12:27:56,577 [INFO] [成功读取表 order_data，数据行数：18483]
2025-10-21 12:27:56,802 [INFO] [开始读取数据库表：sales_data]
2025-10-21 12:27:59,966 [INFO] [成功读取表 sales_data，数据行数：22418]
2025-10-21 12:28:01,271 [INFO] [开始读取数据库表：jingpin_data]
2025-10-21 12:28:01,387 [INFO] [成功读取表 jingpin_data，数据行数：4407]
2025-10-21 12:28:01,433 [INFO] [开始读取数据库表：inventory_data]
2025-10-21 12:28:01,826 [INFO] [成功读取表 inventory_data，数据行数：7887]
2025-10-21 12:28:01,826 [INFO] [开始读取数据库表：tuiding_data]
2025-10-21 12:28:01,948 [INFO] [成功读取表 tuiding_data，数据行数：3277]
2025-10-21 12:28:01,949 [INFO] [开始读取数据库表：debit_data]
2025-10-21 12:28:02,879 [INFO] [成功读取表 debit_data，数据行数：16181]
2025-10-21 12:28:03,223 [INFO] [开始读取数据库表：sales_invoice_data]
2025-10-21 12:28:04,123 [INFO] [成功读取表 sales_invoice_data，数据行数：16688]
2025-10-21 12:57:35,508 [INFO] [数据库引擎创建成功]
2025-10-21 12:57:35,508 [INFO] [开始读取数据库表：order_data]
2025-10-21 12:57:36,051 [INFO] [成功读取表 order_data，数据行数：18487]
2025-10-21 12:57:36,226 [INFO] [开始读取数据库表：sales_data]
2025-10-21 12:57:38,803 [INFO] [成功读取表 sales_data，数据行数：22420]
2025-10-21 12:57:39,857 [INFO] [开始读取数据库表：jingpin_data]
2025-10-21 12:57:39,954 [INFO] [成功读取表 jingpin_data，数据行数：4407]
2025-10-21 12:57:39,988 [INFO] [开始读取数据库表：inventory_data]
2025-10-21 12:57:40,381 [INFO] [成功读取表 inventory_data，数据行数：7952]
2025-10-21 12:57:40,381 [INFO] [开始读取数据库表：tuiding_data]
2025-10-21 12:57:40,477 [INFO] [成功读取表 tuiding_data，数据行数：3277]
2025-10-21 12:57:40,477 [INFO] [开始读取数据库表：debit_data]
2025-10-21 12:57:41,287 [INFO] [成功读取表 debit_data，数据行数：16220]
2025-10-21 12:57:41,545 [INFO] [开始读取数据库表：sales_invoice_data]
2025-10-21 12:57:42,135 [INFO] [成功读取表 sales_invoice_data，数据行数：16693]
2025-10-21 13:27:28,591 [INFO] [数据库引擎创建成功]
2025-10-21 13:27:28,592 [INFO] [开始读取数据库表：order_data]
2025-10-21 13:27:29,027 [INFO] [成功读取表 order_data，数据行数：18485]
2025-10-21 13:27:29,197 [INFO] [开始读取数据库表：sales_data]
2025-10-21 13:27:31,577 [INFO] [成功读取表 sales_data，数据行数：22429]
2025-10-21 13:27:32,542 [INFO] [开始读取数据库表：jingpin_data]
2025-10-21 13:27:32,622 [INFO] [成功读取表 jingpin_data，数据行数：4407]
2025-10-21 13:27:32,653 [INFO] [开始读取数据库表：inventory_data]
2025-10-21 13:27:33,005 [INFO] [成功读取表 inventory_data，数据行数：7952]
2025-10-21 13:27:33,005 [INFO] [开始读取数据库表：tuiding_data]
2025-10-21 13:27:33,067 [INFO] [成功读取表 tuiding_data，数据行数：3280]
2025-10-21 13:27:33,067 [INFO] [开始读取数据库表：debit_data]
2025-10-21 13:27:33,559 [INFO] [成功读取表 debit_data，数据行数：16220]
2025-10-21 13:27:33,718 [INFO] [开始读取数据库表：sales_invoice_data]
2025-10-21 13:27:34,205 [INFO] [成功读取表 sales_invoice_data，数据行数：16695]
2025-10-21 13:59:06,652 [INFO] [数据库引擎创建成功]
2025-10-21 13:59:06,652 [INFO] [开始读取数据库表：order_data]
2025-10-21 13:59:07,178 [INFO] [成功读取表 order_data，数据行数：18486]
2025-10-21 13:59:07,369 [INFO] [开始读取数据库表：sales_data]
2025-10-21 13:59:15,068 [INFO] [成功读取表 sales_data，数据行数：22432]
2025-10-21 13:59:17,204 [INFO] [开始读取数据库表：jingpin_data]
2025-10-21 13:59:17,446 [INFO] [成功读取表 jingpin_data，数据行数：4408]
2025-10-21 13:59:17,528 [INFO] [开始读取数据库表：inventory_data]
2025-10-21 13:59:18,314 [INFO] [成功读取表 inventory_data，数据行数：7953]
2025-10-21 13:59:18,314 [INFO] [开始读取数据库表：tuiding_data]
2025-10-21 13:59:18,538 [INFO] [成功读取表 tuiding_data，数据行数：3280]
2025-10-21 13:59:18,538 [INFO] [开始读取数据库表：debit_data]
2025-10-21 13:59:19,870 [INFO] [成功读取表 debit_data，数据行数：16221]
2025-10-21 13:59:20,289 [INFO] [开始读取数据库表：sales_invoice_data]
2025-10-21 13:59:21,576 [INFO] [成功读取表 sales_invoice_data，数据行数：16698]
2025-10-21 14:29:34,555 [INFO] [数据库引擎创建成功]
2025-10-21 14:29:34,555 [INFO] [开始读取数据库表：order_data]
2025-10-21 14:29:35,079 [INFO] [成功读取表 order_data，数据行数：18487]
2025-10-21 14:29:35,255 [INFO] [开始读取数据库表：sales_data]
2025-10-21 14:29:39,903 [INFO] [成功读取表 sales_data，数据行数：22435]
2025-10-21 14:29:44,933 [INFO] [开始读取数据库表：jingpin_data]
2025-10-21 14:29:45,172 [INFO] [成功读取表 jingpin_data，数据行数：4409]
2025-10-21 14:29:45,207 [INFO] [开始读取数据库表：inventory_data]
2025-10-21 14:29:45,991 [INFO] [成功读取表 inventory_data，数据行数：7958]
2025-10-21 14:29:45,991 [INFO] [开始读取数据库表：tuiding_data]
2025-10-21 14:29:46,178 [INFO] [成功读取表 tuiding_data，数据行数：3280]
2025-10-21 14:29:46,178 [INFO] [开始读取数据库表：debit_data]
2025-10-21 14:29:47,510 [INFO] [成功读取表 debit_data，数据行数：16224]
2025-10-21 14:29:47,867 [INFO] [开始读取数据库表：sales_invoice_data]
2025-10-21 14:29:49,115 [INFO] [成功读取表 sales_invoice_data，数据行数：16702]
2025-10-21 14:58:47,256 [INFO] [数据库引擎创建成功]
2025-10-21 14:58:47,256 [INFO] [开始读取数据库表：order_data]
2025-10-21 14:58:47,792 [INFO] [成功读取表 order_data，数据行数：18488]
2025-10-21 14:58:47,951 [INFO] [开始读取数据库表：sales_data]
2025-10-21 14:58:51,999 [INFO] [成功读取表 sales_data，数据行数：22439]
2025-10-21 14:58:54,277 [INFO] [开始读取数据库表：jingpin_data]
2025-10-21 14:58:54,528 [INFO] [成功读取表 jingpin_data，数据行数：4409]
2025-10-21 14:58:54,600 [INFO] [开始读取数据库表：inventory_data]
2025-10-21 14:58:55,413 [INFO] [成功读取表 inventory_data，数据行数：7960]
2025-10-21 14:58:55,413 [INFO] [开始读取数据库表：tuiding_data]
2025-10-21 14:58:55,607 [INFO] [成功读取表 tuiding_data，数据行数：3280]
2025-10-21 14:58:55,607 [INFO] [开始读取数据库表：debit_data]
2025-10-21 14:58:59,580 [INFO] [成功读取表 debit_data，数据行数：16226]
2025-10-21 14:58:59,942 [INFO] [开始读取数据库表：sales_invoice_data]
2025-10-21 14:59:01,080 [INFO] [成功读取表 sales_invoice_data，数据行数：16704]
2025-10-21 15:29:26,360 [INFO] [数据库引擎创建成功]
2025-10-21 15:29:26,369 [INFO] [开始读取数据库表：order_data]
2025-10-21 15:29:26,911 [INFO] [成功读取表 order_data，数据行数：18487]
2025-10-21 15:29:27,087 [INFO] [开始读取数据库表：sales_data]
2025-10-21 15:29:35,427 [INFO] [成功读取表 sales_data，数据行数：22442]
2025-10-21 15:29:37,533 [INFO] [开始读取数据库表：jingpin_data]
2025-10-21 15:29:37,786 [INFO] [成功读取表 jingpin_data，数据行数：4412]
2025-10-21 15:29:37,856 [INFO] [开始读取数据库表：inventory_data]
2025-10-21 15:29:38,645 [INFO] [成功读取表 inventory_data，数据行数：7960]
2025-10-21 15:29:38,645 [INFO] [开始读取数据库表：tuiding_data]
2025-10-21 15:29:38,826 [INFO] [成功读取表 tuiding_data，数据行数：3281]
2025-10-21 15:29:38,826 [INFO] [开始读取数据库表：debit_data]
2025-10-21 15:29:40,159 [INFO] [成功读取表 debit_data，数据行数：16226]
2025-10-21 15:29:40,544 [INFO] [开始读取数据库表：sales_invoice_data]
2025-10-21 15:29:41,688 [INFO] [成功读取表 sales_invoice_data，数据行数：16704]
2025-10-21 15:59:11,497 [INFO] [数据库引擎创建成功]
2025-10-21 15:59:11,498 [INFO] [开始读取数据库表：order_data]
2025-10-21 15:59:12,068 [INFO] [成功读取表 order_data，数据行数：18489]
2025-10-21 15:59:12,277 [INFO] [开始读取数据库表：sales_data]
2025-10-21 15:59:20,125 [INFO] [成功读取表 sales_data，数据行数：22443]
2025-10-21 15:59:22,215 [INFO] [开始读取数据库表：jingpin_data]
2025-10-21 15:59:22,467 [INFO] [成功读取表 jingpin_data，数据行数：4421]
2025-10-21 15:59:22,536 [INFO] [开始读取数据库表：inventory_data]
2025-10-21 15:59:23,357 [INFO] [成功读取表 inventory_data，数据行数：7961]
2025-10-21 15:59:23,357 [INFO] [开始读取数据库表：tuiding_data]
2025-10-21 15:59:23,548 [INFO] [成功读取表 tuiding_data，数据行数：3281]
2025-10-21 15:59:23,549 [INFO] [开始读取数据库表：debit_data]
2025-10-21 15:59:24,900 [INFO] [成功读取表 debit_data，数据行数：16227]
2025-10-21 15:59:25,302 [INFO] [开始读取数据库表：sales_invoice_data]
2025-10-21 15:59:26,527 [INFO] [成功读取表 sales_invoice_data，数据行数：16708]
2025-10-21 16:28:42,712 [INFO] [数据库引擎创建成功]
2025-10-21 16:28:42,712 [INFO] [开始读取数据库表：order_data]
2025-10-21 16:28:43,252 [INFO] [成功读取表 order_data，数据行数：18489]
2025-10-21 16:28:43,416 [INFO] [开始读取数据库表：sales_data]
2025-10-21 16:28:49,971 [INFO] [成功读取表 sales_data，数据行数：22445]
2025-10-21 16:28:52,270 [INFO] [开始读取数据库表：jingpin_data]
2025-10-21 16:28:52,522 [INFO] [成功读取表 jingpin_data，数据行数：4427]
2025-10-21 16:28:52,598 [INFO] [开始读取数据库表：inventory_data]
2025-10-21 16:28:53,451 [INFO] [成功读取表 inventory_data，数据行数：7961]
2025-10-21 16:28:53,451 [INFO] [开始读取数据库表：tuiding_data]
2025-10-21 16:28:53,642 [INFO] [成功读取表 tuiding_data，数据行数：3281]
2025-10-21 16:28:53,642 [INFO] [开始读取数据库表：debit_data]
2025-10-21 16:28:55,039 [INFO] [成功读取表 debit_data，数据行数：16227]
2025-10-21 16:28:55,472 [INFO] [开始读取数据库表：sales_invoice_data]
2025-10-21 16:28:56,745 [INFO] [成功读取表 sales_invoice_data，数据行数：16708]
2025-10-21 16:58:27,004 [INFO] [数据库引擎创建成功]
2025-10-21 16:58:27,004 [INFO] [开始读取数据库表：order_data]
2025-10-21 16:58:27,678 [INFO] [成功读取表 order_data，数据行数：18489]
2025-10-21 16:58:28,116 [INFO] [开始读取数据库表：sales_data]
2025-10-21 16:58:36,957 [INFO] [成功读取表 sales_data，数据行数：22446]
2025-10-21 16:58:39,055 [INFO] [开始读取数据库表：jingpin_data]
2025-10-21 16:58:39,283 [INFO] [成功读取表 jingpin_data，数据行数：4429]
2025-10-21 16:58:39,354 [INFO] [开始读取数据库表：inventory_data]
2025-10-21 16:58:40,153 [INFO] [成功读取表 inventory_data，数据行数：7961]
2025-10-21 16:58:40,153 [INFO] [开始读取数据库表：tuiding_data]
2025-10-21 16:58:40,337 [INFO] [成功读取表 tuiding_data，数据行数：3285]
2025-10-21 16:58:40,337 [INFO] [开始读取数据库表：debit_data]
2025-10-21 16:58:41,700 [INFO] [成功读取表 debit_data，数据行数：16228]
2025-10-21 16:58:42,097 [INFO] [开始读取数据库表：sales_invoice_data]
2025-10-21 16:58:43,251 [INFO] [成功读取表 sales_invoice_data，数据行数：16712]
2025-10-21 17:29:13,387 [INFO] [数据库引擎创建成功]
2025-10-21 17:29:13,397 [INFO] [开始读取数据库表：order_data]
2025-10-21 17:29:13,982 [INFO] [成功读取表 order_data，数据行数：18492]
2025-10-21 17:29:14,159 [INFO] [开始读取数据库表：sales_data]
2025-10-21 17:29:18,771 [INFO] [成功读取表 sales_data，数据行数：22447]
2025-10-21 17:29:24,117 [INFO] [开始读取数据库表：jingpin_data]
2025-10-21 17:29:24,379 [INFO] [成功读取表 jingpin_data，数据行数：4431]
2025-10-21 17:29:24,432 [INFO] [开始读取数据库表：inventory_data]
2025-10-21 17:29:25,220 [INFO] [成功读取表 inventory_data，数据行数：7961]
2025-10-21 17:29:25,220 [INFO] [开始读取数据库表：tuiding_data]
2025-10-21 17:29:25,409 [INFO] [成功读取表 tuiding_data，数据行数：3285]
2025-10-21 17:29:25,409 [INFO] [开始读取数据库表：debit_data]
2025-10-21 17:29:26,661 [INFO] [成功读取表 debit_data，数据行数：16229]
2025-10-21 17:29:26,989 [INFO] [开始读取数据库表：sales_invoice_data]
2025-10-21 17:29:28,096 [INFO] [成功读取表 sales_invoice_data，数据行数：16716]
2025-10-21 17:58:55,441 [INFO] [数据库引擎创建成功]
2025-10-21 17:58:55,450 [INFO] [开始读取数据库表：order_data]
2025-10-21 17:58:55,818 [INFO] [成功读取表 order_data，数据行数：18501]
2025-10-21 17:58:55,944 [INFO] [开始读取数据库表：sales_data]
2025-10-21 17:58:59,498 [INFO] [成功读取表 sales_data，数据行数：22447]
2025-10-21 17:59:01,829 [INFO] [开始读取数据库表：jingpin_data]
2025-10-21 17:59:02,092 [INFO] [成功读取表 jingpin_data，数据行数：4435]
2025-10-21 17:59:02,133 [INFO] [开始读取数据库表：inventory_data]
2025-10-21 17:59:02,967 [INFO] [成功读取表 inventory_data，数据行数：7961]
2025-10-21 17:59:02,967 [INFO] [开始读取数据库表：tuiding_data]
2025-10-21 17:59:03,161 [INFO] [成功读取表 tuiding_data，数据行数：3285]
2025-10-21 17:59:03,161 [INFO] [开始读取数据库表：debit_data]
2025-10-21 17:59:04,563 [INFO] [成功读取表 debit_data，数据行数：16229]
2025-10-21 17:59:05,018 [INFO] [开始读取数据库表：sales_invoice_data]
2025-10-21 17:59:07,667 [INFO] [成功读取表 sales_invoice_data，数据行数：16726]
2025-10-21 18:28:57,932 [INFO] [数据库引擎创建成功]
2025-10-21 18:28:57,941 [INFO] [开始读取数据库表：order_data]
2025-10-21 18:28:58,536 [INFO] [成功读取表 order_data，数据行数：18505]
2025-10-21 18:28:58,727 [INFO] [开始读取数据库表：sales_data]
2025-10-21 18:29:03,332 [INFO] [成功读取表 sales_data，数据行数：22452]
2025-10-21 18:29:05,234 [INFO] [开始读取数据库表：jingpin_data]
2025-10-21 18:29:05,443 [INFO] [成功读取表 jingpin_data，数据行数：4435]
2025-10-21 18:29:05,501 [INFO] [开始读取数据库表：inventory_data]
2025-10-21 18:29:06,302 [INFO] [成功读取表 inventory_data，数据行数：7961]
2025-10-21 18:29:06,302 [INFO] [开始读取数据库表：tuiding_data]
2025-10-21 18:29:06,505 [INFO] [成功读取表 tuiding_data，数据行数：3285]
2025-10-21 18:29:06,505 [INFO] [开始读取数据库表：debit_data]
2025-10-21 18:29:10,144 [INFO] [成功读取表 debit_data，数据行数：16229]
2025-10-21 18:29:10,607 [INFO] [开始读取数据库表：sales_invoice_data]
2025-10-21 18:29:11,865 [INFO] [成功读取表 sales_invoice_data，数据行数：16730]
2025-10-21 18:58:11,216 [INFO] [数据库引擎创建成功]
2025-10-21 18:58:11,216 [INFO] [开始读取数据库表：order_data]
2025-10-21 18:58:11,736 [INFO] [成功读取表 order_data，数据行数：18506]
2025-10-21 18:58:11,902 [INFO] [开始读取数据库表：sales_data]
2025-10-21 18:58:16,745 [INFO] [成功读取表 sales_data，数据行数：22452]
2025-10-21 18:58:18,960 [INFO] [开始读取数据库表：jingpin_data]
2025-10-21 18:58:19,202 [INFO] [成功读取表 jingpin_data，数据行数：4435]
2025-10-21 18:58:19,275 [INFO] [开始读取数据库表：inventory_data]
2025-10-21 18:58:20,091 [INFO] [成功读取表 inventory_data，数据行数：7961]
2025-10-21 18:58:20,092 [INFO] [开始读取数据库表：tuiding_data]
2025-10-21 18:58:20,285 [INFO] [成功读取表 tuiding_data，数据行数：3285]
2025-10-21 18:58:20,285 [INFO] [开始读取数据库表：debit_data]
2025-10-21 18:58:21,656 [INFO] [成功读取表 debit_data，数据行数：16229]
2025-10-21 18:58:22,086 [INFO] [开始读取数据库表：sales_invoice_data]
2025-10-21 18:58:24,350 [INFO] [成功读取表 sales_invoice_data，数据行数：16732]
2025-10-21 19:28:19,779 [INFO] [数据库引擎创建成功]
2025-10-21 19:28:19,779 [INFO] [开始读取数据库表：order_data]
2025-10-21 19:28:20,201 [INFO] [成功读取表 order_data，数据行数：18505]
2025-10-21 19:28:20,367 [INFO] [开始读取数据库表：sales_data]
2025-10-21 19:28:25,374 [INFO] [成功读取表 sales_data，数据行数：22452]
2025-10-21 19:28:27,510 [INFO] [开始读取数据库表：jingpin_data]
2025-10-21 19:28:27,759 [INFO] [成功读取表 jingpin_data，数据行数：4435]
2025-10-21 19:28:27,846 [INFO] [开始读取数据库表：inventory_data]
2025-10-21 19:28:28,723 [INFO] [成功读取表 inventory_data，数据行数：7961]
2025-10-21 19:28:28,723 [INFO] [开始读取数据库表：tuiding_data]
2025-10-21 19:28:28,912 [INFO] [成功读取表 tuiding_data，数据行数：3287]
2025-10-21 19:28:28,912 [INFO] [开始读取数据库表：debit_data]
2025-10-21 19:28:30,280 [INFO] [成功读取表 debit_data，数据行数：16229]
2025-10-21 19:28:30,730 [INFO] [开始读取数据库表：sales_invoice_data]
2025-10-21 19:28:32,011 [INFO] [成功读取表 sales_invoice_data，数据行数：16732]
2025-10-21 19:58:19,375 [INFO] [数据库引擎创建成功]
2025-10-21 19:58:19,375 [INFO] [开始读取数据库表：order_data]
2025-10-21 19:58:19,819 [INFO] [成功读取表 order_data，数据行数：18506]
2025-10-21 19:58:19,992 [INFO] [开始读取数据库表：sales_data]
2025-10-21 19:58:24,086 [INFO] [成功读取表 sales_data，数据行数：22452]
2025-10-21 19:58:27,219 [INFO] [开始读取数据库表：jingpin_data]
2025-10-21 19:58:27,475 [INFO] [成功读取表 jingpin_data，数据行数：4435]
2025-10-21 19:58:27,547 [INFO] [开始读取数据库表：inventory_data]
2025-10-21 19:58:28,420 [INFO] [成功读取表 inventory_data，数据行数：7961]
2025-10-21 19:58:28,420 [INFO] [开始读取数据库表：tuiding_data]
2025-10-21 19:58:28,600 [INFO] [成功读取表 tuiding_data，数据行数：3287]
2025-10-21 19:58:28,600 [INFO] [开始读取数据库表：debit_data]
2025-10-21 19:58:29,960 [INFO] [成功读取表 debit_data，数据行数：16229]
2025-10-21 19:58:30,402 [INFO] [开始读取数据库表：sales_invoice_data]
2025-10-21 19:58:31,631 [INFO] [成功读取表 sales_invoice_data，数据行数：16733]
2025-10-21 20:28:29,538 [INFO] [数据库引擎创建成功]
2025-10-21 20:28:29,539 [INFO] [开始读取数据库表：order_data]
2025-10-21 20:28:30,026 [INFO] [成功读取表 order_data，数据行数：18506]
2025-10-21 20:28:30,193 [INFO] [开始读取数据库表：sales_data]
2025-10-21 20:28:34,725 [INFO] [成功读取表 sales_data，数据行数：22452]
2025-10-21 20:28:37,014 [INFO] [开始读取数据库表：jingpin_data]
2025-10-21 20:28:37,279 [INFO] [成功读取表 jingpin_data，数据行数：4435]
2025-10-21 20:28:37,407 [INFO] [开始读取数据库表：inventory_data]
2025-10-21 20:28:38,267 [INFO] [成功读取表 inventory_data，数据行数：7961]
2025-10-21 20:28:38,267 [INFO] [开始读取数据库表：tuiding_data]
2025-10-21 20:28:38,463 [INFO] [成功读取表 tuiding_data，数据行数：3287]
2025-10-21 20:28:38,463 [INFO] [开始读取数据库表：debit_data]
2025-10-21 20:28:39,864 [INFO] [成功读取表 debit_data，数据行数：16229]
2025-10-21 20:28:40,282 [INFO] [开始读取数据库表：sales_invoice_data]
2025-10-21 20:28:43,074 [INFO] [成功读取表 sales_invoice_data，数据行数：16733]
2025-10-21 20:58:16,868 [INFO] [数据库引擎创建成功]
2025-10-21 20:58:16,868 [INFO] [开始读取数据库表：order_data]
2025-10-21 20:58:17,335 [INFO] [成功读取表 order_data，数据行数：18498]
2025-10-21 20:58:17,499 [INFO] [开始读取数据库表：sales_data]
2025-10-21 20:58:22,072 [INFO] [成功读取表 sales_data，数据行数：22452]
2025-10-21 20:58:24,316 [INFO] [开始读取数据库表：jingpin_data]
2025-10-21 20:58:24,565 [INFO] [成功读取表 jingpin_data，数据行数：4435]
2025-10-21 20:58:24,633 [INFO] [开始读取数据库表：inventory_data]
2025-10-21 20:58:25,462 [INFO] [成功读取表 inventory_data，数据行数：7961]
2025-10-21 20:58:25,462 [INFO] [开始读取数据库表：tuiding_data]
2025-10-21 20:58:25,646 [INFO] [成功读取表 tuiding_data，数据行数：3295]
2025-10-21 20:58:25,646 [INFO] [开始读取数据库表：debit_data]
2025-10-21 20:58:27,026 [INFO] [成功读取表 debit_data，数据行数：16229]
2025-10-21 20:58:28,516 [INFO] [开始读取数据库表：sales_invoice_data]
2025-10-21 20:58:29,586 [INFO] [成功读取表 sales_invoice_data，数据行数：16733]
2025-10-21 21:28:10,913 [INFO] [数据库引擎创建成功]
2025-10-21 21:28:10,913 [INFO] [开始读取数据库表：order_data]
2025-10-21 21:28:11,419 [INFO] [成功读取表 order_data，数据行数：18498]
2025-10-21 21:28:11,578 [INFO] [开始读取数据库表：sales_data]
2025-10-21 21:28:17,171 [INFO] [成功读取表 sales_data，数据行数：22452]
2025-10-21 21:28:19,501 [INFO] [开始读取数据库表：jingpin_data]
2025-10-21 21:28:19,745 [INFO] [成功读取表 jingpin_data，数据行数：4435]
2025-10-21 21:28:19,824 [INFO] [开始读取数据库表：inventory_data]
2025-10-21 21:28:20,658 [INFO] [成功读取表 inventory_data，数据行数：7962]
2025-10-21 21:28:20,658 [INFO] [开始读取数据库表：tuiding_data]
2025-10-21 21:28:20,854 [INFO] [成功读取表 tuiding_data，数据行数：3295]
2025-10-21 21:28:20,854 [INFO] [开始读取数据库表：debit_data]
2025-10-21 21:28:22,286 [INFO] [成功读取表 debit_data，数据行数：16302]
2025-10-21 21:28:22,738 [INFO] [开始读取数据库表：sales_invoice_data]
2025-10-21 21:28:24,019 [INFO] [成功读取表 sales_invoice_data，数据行数：16733]
2025-10-21 21:58:18,103 [INFO] [数据库引擎创建成功]
2025-10-21 21:58:18,104 [INFO] [开始读取数据库表：order_data]
2025-10-21 21:58:18,593 [INFO] [成功读取表 order_data，数据行数：18498]
2025-10-21 21:58:18,771 [INFO] [开始读取数据库表：sales_data]
2025-10-21 21:58:23,476 [INFO] [成功读取表 sales_data，数据行数：22452]
2025-10-21 21:58:25,731 [INFO] [开始读取数据库表：jingpin_data]
2025-10-21 21:58:25,986 [INFO] [成功读取表 jingpin_data，数据行数：4435]
2025-10-21 21:58:26,061 [INFO] [开始读取数据库表：inventory_data]
2025-10-21 21:58:26,895 [INFO] [成功读取表 inventory_data，数据行数：8015]
2025-10-21 21:58:26,896 [INFO] [开始读取数据库表：tuiding_data]
2025-10-21 21:58:27,090 [INFO] [成功读取表 tuiding_data，数据行数：3295]
2025-10-21 21:58:27,090 [INFO] [开始读取数据库表：debit_data]
2025-10-21 21:58:28,483 [INFO] [成功读取表 debit_data，数据行数：16356]
2025-10-21 21:58:28,922 [INFO] [开始读取数据库表：sales_invoice_data]
2025-10-21 21:58:31,178 [INFO] [成功读取表 sales_invoice_data，数据行数：16733]
2025-10-21 22:28:12,672 [INFO] [数据库引擎创建成功]
2025-10-21 22:28:12,672 [INFO] [开始读取数据库表：order_data]
2025-10-21 22:28:13,231 [INFO] [成功读取表 order_data，数据行数：18498]
2025-10-21 22:28:13,392 [INFO] [开始读取数据库表：sales_data]
2025-10-21 22:28:18,884 [INFO] [成功读取表 sales_data，数据行数：22452]
2025-10-21 22:28:21,185 [INFO] [开始读取数据库表：jingpin_data]
2025-10-21 22:28:21,414 [INFO] [成功读取表 jingpin_data，数据行数：4435]
2025-10-21 22:28:21,472 [INFO] [开始读取数据库表：inventory_data]
2025-10-21 22:28:22,301 [INFO] [成功读取表 inventory_data，数据行数：8015]
2025-10-21 22:28:22,301 [INFO] [开始读取数据库表：tuiding_data]
2025-10-21 22:28:22,502 [INFO] [成功读取表 tuiding_data，数据行数：3295]
2025-10-21 22:28:22,502 [INFO] [开始读取数据库表：debit_data]
2025-10-21 22:28:23,933 [INFO] [成功读取表 debit_data，数据行数：16356]
2025-10-21 22:28:24,370 [INFO] [开始读取数据库表：sales_invoice_data]
2025-10-21 22:28:25,662 [INFO] [成功读取表 sales_invoice_data，数据行数：16733]
2025-10-21 22:58:12,068 [INFO] [数据库引擎创建成功]
2025-10-21 22:58:12,069 [INFO] [开始读取数据库表：order_data]
2025-10-21 22:58:12,595 [INFO] [成功读取表 order_data，数据行数：18493]
2025-10-21 22:58:12,754 [INFO] [开始读取数据库表：sales_data]
2025-10-21 22:58:18,825 [INFO] [成功读取表 sales_data，数据行数：22452]
2025-10-21 22:58:21,011 [INFO] [开始读取数据库表：jingpin_data]
2025-10-21 22:58:21,284 [INFO] [成功读取表 jingpin_data，数据行数：4435]
2025-10-21 22:58:21,359 [INFO] [开始读取数据库表：inventory_data]
2025-10-21 22:58:22,212 [INFO] [成功读取表 inventory_data，数据行数：8015]
2025-10-21 22:58:22,212 [INFO] [开始读取数据库表：tuiding_data]
2025-10-21 22:58:22,398 [INFO] [成功读取表 tuiding_data，数据行数：3300]
2025-10-21 22:58:22,398 [INFO] [开始读取数据库表：debit_data]
2025-10-21 22:58:23,796 [INFO] [成功读取表 debit_data，数据行数：16356]
2025-10-21 22:58:24,223 [INFO] [开始读取数据库表：sales_invoice_data]
2025-10-21 22:58:25,584 [INFO] [成功读取表 sales_invoice_data，数据行数：16733]
2025-10-21 23:28:12,533 [INFO] [数据库引擎创建成功]
2025-10-21 23:28:12,533 [INFO] [开始读取数据库表：order_data]
2025-10-21 23:28:13,004 [INFO] [成功读取表 order_data，数据行数：18492]
2025-10-21 23:28:13,175 [INFO] [开始读取数据库表：sales_data]
2025-10-21 23:28:17,847 [INFO] [成功读取表 sales_data，数据行数：22452]
2025-10-21 23:28:21,042 [INFO] [开始读取数据库表：jingpin_data]
2025-10-21 23:28:21,315 [INFO] [成功读取表 jingpin_data，数据行数：4435]
2025-10-21 23:28:21,391 [INFO] [开始读取数据库表：inventory_data]
2025-10-21 23:28:22,223 [INFO] [成功读取表 inventory_data，数据行数：8026]
2025-10-21 23:28:22,223 [INFO] [开始读取数据库表：tuiding_data]
2025-10-21 23:28:22,408 [INFO] [成功读取表 tuiding_data，数据行数：3301]
2025-10-21 23:28:22,408 [INFO] [开始读取数据库表：debit_data]
2025-10-21 23:28:23,798 [INFO] [成功读取表 debit_data，数据行数：16363]
2025-10-21 23:28:24,235 [INFO] [开始读取数据库表：sales_invoice_data]
2025-10-21 23:28:25,543 [INFO] [成功读取表 sales_invoice_data，数据行数：16733]
2025-10-21 23:58:28,972 [INFO] [数据库引擎创建成功]
2025-10-21 23:58:28,973 [INFO] [开始读取数据库表：order_data]
2025-10-21 23:58:29,473 [INFO] [成功读取表 order_data，数据行数：18492]
2025-10-21 23:58:29,627 [INFO] [开始读取数据库表：sales_data]
2025-10-21 23:58:35,739 [INFO] [成功读取表 sales_data，数据行数：22452]
2025-10-21 23:58:37,720 [INFO] [开始读取数据库表：jingpin_data]
2025-10-21 23:58:37,967 [INFO] [成功读取表 jingpin_data，数据行数：4435]
2025-10-21 23:58:38,046 [INFO] [开始读取数据库表：inventory_data]
2025-10-21 23:58:38,889 [INFO] [成功读取表 inventory_data，数据行数：8026]
2025-10-21 23:58:38,889 [INFO] [开始读取数据库表：tuiding_data]
2025-10-21 23:58:39,082 [INFO] [成功读取表 tuiding_data，数据行数：3301]
2025-10-21 23:58:39,083 [INFO] [开始读取数据库表：debit_data]
2025-10-21 23:58:40,496 [INFO] [成功读取表 debit_data，数据行数：16363]
2025-10-21 23:58:40,944 [INFO] [开始读取数据库表：sales_invoice_data]
2025-10-21 23:58:42,196 [INFO] [成功读取表 sales_invoice_data，数据行数：16733]
