2025-12-19 00:00:08,198 [INFO] [数据库引擎创建成功]
2025-12-19 00:00:08,199 [INFO] [开始读取数据库表：order_data]
2025-12-19 00:00:09,681 [INFO] [成功读取表 order_data，数据行数：25994]
2025-12-19 00:00:09,972 [INFO] [开始读取数据库表：sales_data]
2025-12-19 00:00:13,263 [INFO] [成功读取表 sales_data，数据行数：23795]
2025-12-19 00:00:14,968 [INFO] [开始读取数据库表：jingpin_data]
2025-12-19 00:00:15,118 [INFO] [成功读取表 jingpin_data，数据行数：5054]
2025-12-19 00:00:15,175 [INFO] [开始读取数据库表：inventory_data]
2025-12-19 00:00:15,501 [INFO] [成功读取表 inventory_data，数据行数：4417]
2025-12-19 00:00:15,501 [INFO] [开始读取数据库表：tuiding_data]
2025-12-19 00:00:15,726 [INFO] [成功读取表 tuiding_data，数据行数：4690]
2025-12-19 00:00:15,726 [INFO] [开始读取数据库表：debit_data]
2025-12-19 00:00:17,200 [INFO] [成功读取表 debit_data，数据行数：26576]
2025-12-19 00:00:17,541 [INFO] [开始读取数据库表：sales_invoice_data]
2025-12-19 00:00:18,672 [INFO] [成功读取表 sales_invoice_data，数据行数：21420]
2025-12-19 08:58:33,832 [INFO] [数据库引擎创建成功]
2025-12-19 08:58:33,842 [INFO] [开始读取数据库表：order_data]
2025-12-19 08:58:35,393 [INFO] [成功读取表 order_data，数据行数：25994]
2025-12-19 08:58:35,733 [INFO] [开始读取数据库表：sales_data]
2025-12-19 08:58:39,185 [INFO] [成功读取表 sales_data，数据行数：23795]
2025-12-19 08:58:41,059 [INFO] [开始读取数据库表：jingpin_data]
2025-12-19 08:58:41,216 [INFO] [成功读取表 jingpin_data，数据行数：5054]
2025-12-19 08:58:41,298 [INFO] [开始读取数据库表：inventory_data]
2025-12-19 08:58:41,661 [INFO] [成功读取表 inventory_data，数据行数：4417]
2025-12-19 08:58:41,661 [INFO] [开始读取数据库表：tuiding_data]
2025-12-19 08:58:41,945 [INFO] [成功读取表 tuiding_data，数据行数：4690]
2025-12-19 08:58:41,946 [INFO] [开始读取数据库表：debit_data]
2025-12-19 08:58:43,475 [INFO] [成功读取表 debit_data，数据行数：26576]
2025-12-19 08:58:43,815 [INFO] [开始读取数据库表：sales_invoice_data]
2025-12-19 08:58:44,954 [INFO] [成功读取表 sales_invoice_data，数据行数：21420]
2025-12-19 09:27:10,083 [INFO] [数据库引擎创建成功]
2025-12-19 09:27:10,084 [INFO] [开始读取数据库表：order_data]
2025-12-19 09:27:11,588 [INFO] [成功读取表 order_data，数据行数：25993]
2025-12-19 09:27:11,876 [INFO] [开始读取数据库表：sales_data]
2025-12-19 09:27:15,215 [INFO] [成功读取表 sales_data，数据行数：23796]
2025-12-19 09:27:17,001 [INFO] [开始读取数据库表：jingpin_data]
2025-12-19 09:27:17,171 [INFO] [成功读取表 jingpin_data，数据行数：5055]
2025-12-19 09:27:17,243 [INFO] [开始读取数据库表：inventory_data]
2025-12-19 09:27:17,569 [INFO] [成功读取表 inventory_data，数据行数：4417]
2025-12-19 09:27:17,569 [INFO] [开始读取数据库表：tuiding_data]
2025-12-19 09:27:17,809 [INFO] [成功读取表 tuiding_data，数据行数：4690]
2025-12-19 09:27:17,810 [INFO] [开始读取数据库表：debit_data]
2025-12-19 09:27:19,219 [INFO] [成功读取表 debit_data，数据行数：26576]
2025-12-19 09:27:19,563 [INFO] [开始读取数据库表：sales_invoice_data]
2025-12-19 09:27:20,727 [INFO] [成功读取表 sales_invoice_data，数据行数：21420]
2025-12-19 10:00:12,576 [INFO] [数据库引擎创建成功]
2025-12-19 10:00:12,577 [INFO] [开始读取数据库表：order_data]
2025-12-19 10:00:14,771 [INFO] [成功读取表 order_data，数据行数：25991]
2025-12-19 10:00:15,468 [INFO] [开始读取数据库表：sales_data]
2025-12-19 10:00:19,745 [INFO] [成功读取表 sales_data，数据行数：23796]
2025-12-19 10:00:21,438 [INFO] [开始读取数据库表：jingpin_data]
2025-12-19 10:00:21,575 [INFO] [成功读取表 jingpin_data，数据行数：5059]
2025-12-19 10:00:21,635 [INFO] [开始读取数据库表：inventory_data]
2025-12-19 10:00:21,960 [INFO] [成功读取表 inventory_data，数据行数：4418]
2025-12-19 10:00:21,961 [INFO] [开始读取数据库表：tuiding_data]
2025-12-19 10:00:22,224 [INFO] [成功读取表 tuiding_data，数据行数：4690]
2025-12-19 10:00:22,224 [INFO] [开始读取数据库表：debit_data]
2025-12-19 10:00:23,839 [INFO] [成功读取表 debit_data，数据行数：26576]
2025-12-19 10:00:24,160 [INFO] [开始读取数据库表：sales_invoice_data]
2025-12-19 10:00:25,198 [INFO] [成功读取表 sales_invoice_data，数据行数：21419]
2025-12-19 10:31:01,084 [INFO] [数据库引擎创建成功]
2025-12-19 10:31:01,093 [INFO] [开始读取数据库表：order_data]
2025-12-19 10:31:02,851 [INFO] [成功读取表 order_data，数据行数：25997]
2025-12-19 10:31:03,182 [INFO] [开始读取数据库表：sales_data]
2025-12-19 10:31:07,243 [INFO] [成功读取表 sales_data，数据行数：23799]
2025-12-19 10:31:09,306 [INFO] [开始读取数据库表：jingpin_data]
2025-12-19 10:31:09,510 [INFO] [成功读取表 jingpin_data，数据行数：5059]
2025-12-19 10:31:09,586 [INFO] [开始读取数据库表：inventory_data]
2025-12-19 10:31:09,954 [INFO] [成功读取表 inventory_data，数据行数：4418]
2025-12-19 10:31:09,955 [INFO] [开始读取数据库表：tuiding_data]
2025-12-19 10:31:10,242 [INFO] [成功读取表 tuiding_data，数据行数：4692]
2025-12-19 10:31:10,243 [INFO] [开始读取数据库表：debit_data]
2025-12-19 10:31:11,934 [INFO] [成功读取表 debit_data，数据行数：26576]
2025-12-19 10:31:12,290 [INFO] [开始读取数据库表：sales_invoice_data]
2025-12-19 10:31:13,528 [INFO] [成功读取表 sales_invoice_data，数据行数：21419]
2025-12-19 10:54:34,263 [INFO] [数据库引擎创建成功]
2025-12-19 10:54:34,264 [INFO] [开始读取数据库表：order_data]
2025-12-19 10:54:36,342 [INFO] [成功读取表 order_data，数据行数：25997]
2025-12-19 10:54:36,731 [INFO] [开始读取数据库表：sales_data]
2025-12-19 10:54:40,974 [INFO] [成功读取表 sales_data，数据行数：23799]
2025-12-19 10:54:43,139 [INFO] [开始读取数据库表：jingpin_data]
2025-12-19 10:54:43,326 [INFO] [成功读取表 jingpin_data，数据行数：5059]
2025-12-19 10:54:43,411 [INFO] [开始读取数据库表：inventory_data]
2025-12-19 10:54:43,832 [INFO] [成功读取表 inventory_data，数据行数：4418]
2025-12-19 10:54:43,832 [INFO] [开始读取数据库表：tuiding_data]
2025-12-19 10:54:44,135 [INFO] [成功读取表 tuiding_data，数据行数：4692]
2025-12-19 10:54:44,135 [INFO] [开始读取数据库表：debit_data]
2025-12-19 10:54:46,866 [INFO] [成功读取表 debit_data，数据行数：26576]
2025-12-19 10:54:47,256 [INFO] [开始读取数据库表：sales_invoice_data]
2025-12-19 10:54:48,587 [INFO] [成功读取表 sales_invoice_data，数据行数：21419]
2025-12-19 11:25:28,252 [INFO] [数据库引擎创建成功]
2025-12-19 11:25:28,253 [INFO] [开始读取数据库表：order_data]
2025-12-19 11:25:30,247 [INFO] [成功读取表 order_data，数据行数：25996]
2025-12-19 11:25:30,625 [INFO] [开始读取数据库表：sales_data]
2025-12-19 11:25:34,870 [INFO] [成功读取表 sales_data，数据行数：23801]
2025-12-19 11:25:37,096 [INFO] [开始读取数据库表：jingpin_data]
2025-12-19 11:25:38,109 [INFO] [成功读取表 jingpin_data，数据行数：5061]
2025-12-19 11:25:38,171 [INFO] [开始读取数据库表：inventory_data]
2025-12-19 11:25:38,494 [INFO] [成功读取表 inventory_data，数据行数：4414]
2025-12-19 11:25:38,495 [INFO] [开始读取数据库表：tuiding_data]
2025-12-19 11:25:38,734 [INFO] [成功读取表 tuiding_data，数据行数：4695]
2025-12-19 11:25:38,734 [INFO] [开始读取数据库表：debit_data]
2025-12-19 11:25:40,629 [INFO] [成功读取表 debit_data，数据行数：26576]
2025-12-19 11:25:41,079 [INFO] [开始读取数据库表：sales_invoice_data]
2025-12-19 11:25:42,507 [INFO] [成功读取表 sales_invoice_data，数据行数：21423]
2025-12-19 11:54:23,156 [INFO] [数据库引擎创建成功]
2025-12-19 11:54:23,156 [INFO] [开始读取数据库表：order_data]
2025-12-19 11:54:25,319 [INFO] [成功读取表 order_data，数据行数：25996]
2025-12-19 11:54:25,655 [INFO] [开始读取数据库表：sales_data]
2025-12-19 11:54:29,845 [INFO] [成功读取表 sales_data，数据行数：23811]
2025-12-19 11:54:31,833 [INFO] [开始读取数据库表：jingpin_data]
2025-12-19 11:54:32,028 [INFO] [成功读取表 jingpin_data，数据行数：5063]
2025-12-19 11:54:32,101 [INFO] [开始读取数据库表：inventory_data]
2025-12-19 11:54:32,515 [INFO] [成功读取表 inventory_data，数据行数：4403]
2025-12-19 11:54:32,515 [INFO] [开始读取数据库表：tuiding_data]
2025-12-19 11:54:32,816 [INFO] [成功读取表 tuiding_data，数据行数：4695]
2025-12-19 11:54:32,816 [INFO] [开始读取数据库表：debit_data]
2025-12-19 11:54:34,661 [INFO] [成功读取表 debit_data，数据行数：26576]
2025-12-19 11:54:35,051 [INFO] [开始读取数据库表：sales_invoice_data]
2025-12-19 11:54:36,459 [INFO] [成功读取表 sales_invoice_data，数据行数：21434]
2025-12-19 12:24:18,686 [INFO] [数据库引擎创建成功]
2025-12-19 12:24:18,686 [INFO] [开始读取数据库表：order_data]
2025-12-19 12:24:20,749 [INFO] [成功读取表 order_data，数据行数：25996]
2025-12-19 12:24:21,127 [INFO] [开始读取数据库表：sales_data]
2025-12-19 12:24:25,428 [INFO] [成功读取表 sales_data，数据行数：23815]
2025-12-19 12:24:27,680 [INFO] [开始读取数据库表：jingpin_data]
2025-12-19 12:24:27,880 [INFO] [成功读取表 jingpin_data，数据行数：5064]
2025-12-19 12:24:27,966 [INFO] [开始读取数据库表：inventory_data]
2025-12-19 12:24:28,383 [INFO] [成功读取表 inventory_data，数据行数：4404]
2025-12-19 12:24:28,384 [INFO] [开始读取数据库表：tuiding_data]
2025-12-19 12:24:28,674 [INFO] [成功读取表 tuiding_data，数据行数：4698]
2025-12-19 12:24:28,675 [INFO] [开始读取数据库表：debit_data]
2025-12-19 12:24:30,567 [INFO] [成功读取表 debit_data，数据行数：26576]
2025-12-19 12:24:31,018 [INFO] [开始读取数据库表：sales_invoice_data]
2025-12-19 12:24:32,461 [INFO] [成功读取表 sales_invoice_data，数据行数：21434]
2025-12-19 12:54:28,969 [INFO] [数据库引擎创建成功]
2025-12-19 12:54:28,969 [INFO] [开始读取数据库表：order_data]
2025-12-19 12:54:31,170 [INFO] [成功读取表 order_data，数据行数：25996]
2025-12-19 12:54:31,529 [INFO] [开始读取数据库表：sales_data]
2025-12-19 12:54:35,758 [INFO] [成功读取表 sales_data，数据行数：23817]
2025-12-19 12:54:37,865 [INFO] [开始读取数据库表：jingpin_data]
2025-12-19 12:54:38,061 [INFO] [成功读取表 jingpin_data，数据行数：5064]
2025-12-19 12:54:38,147 [INFO] [开始读取数据库表：inventory_data]
2025-12-19 12:54:38,570 [INFO] [成功读取表 inventory_data，数据行数：4421]
2025-12-19 12:54:38,571 [INFO] [开始读取数据库表：tuiding_data]
2025-12-19 12:54:38,874 [INFO] [成功读取表 tuiding_data，数据行数：4698]
2025-12-19 12:54:38,874 [INFO] [开始读取数据库表：debit_data]
2025-12-19 12:54:40,789 [INFO] [成功读取表 debit_data，数据行数：26596]
2025-12-19 12:54:41,202 [INFO] [开始读取数据库表：sales_invoice_data]
2025-12-19 12:54:42,689 [INFO] [成功读取表 sales_invoice_data，数据行数：21437]
2025-12-19 13:24:22,786 [INFO] [数据库引擎创建成功]
2025-12-19 13:24:22,787 [INFO] [开始读取数据库表：order_data]
2025-12-19 13:24:24,809 [INFO] [成功读取表 order_data，数据行数：25997]
2025-12-19 13:24:25,143 [INFO] [开始读取数据库表：sales_data]
2025-12-19 13:24:29,363 [INFO] [成功读取表 sales_data，数据行数：23819]
2025-12-19 13:24:31,370 [INFO] [开始读取数据库表：jingpin_data]
2025-12-19 13:24:31,573 [INFO] [成功读取表 jingpin_data，数据行数：5064]
2025-12-19 13:24:31,650 [INFO] [开始读取数据库表：inventory_data]
2025-12-19 13:24:32,057 [INFO] [成功读取表 inventory_data，数据行数：4418]
2025-12-19 13:24:32,057 [INFO] [开始读取数据库表：tuiding_data]
2025-12-19 13:24:32,350 [INFO] [成功读取表 tuiding_data，数据行数：4698]
2025-12-19 13:24:32,350 [INFO] [开始读取数据库表：debit_data]
2025-12-19 13:24:34,230 [INFO] [成功读取表 debit_data，数据行数：26596]
2025-12-19 13:24:34,587 [INFO] [开始读取数据库表：sales_invoice_data]
2025-12-19 13:24:36,034 [INFO] [成功读取表 sales_invoice_data，数据行数：21439]
2025-12-19 13:54:33,786 [INFO] [数据库引擎创建成功]
2025-12-19 13:54:33,786 [INFO] [开始读取数据库表：order_data]
2025-12-19 13:54:35,850 [INFO] [成功读取表 order_data，数据行数：25998]
2025-12-19 13:54:36,188 [INFO] [开始读取数据库表：sales_data]
2025-12-19 13:54:40,203 [INFO] [成功读取表 sales_data，数据行数：23822]
2025-12-19 13:54:42,165 [INFO] [开始读取数据库表：jingpin_data]
2025-12-19 13:54:42,361 [INFO] [成功读取表 jingpin_data，数据行数：5064]
2025-12-19 13:54:42,431 [INFO] [开始读取数据库表：inventory_data]
2025-12-19 13:54:42,822 [INFO] [成功读取表 inventory_data，数据行数：4415]
2025-12-19 13:54:42,822 [INFO] [开始读取数据库表：tuiding_data]
2025-12-19 13:54:43,110 [INFO] [成功读取表 tuiding_data，数据行数：4698]
2025-12-19 13:54:43,110 [INFO] [开始读取数据库表：debit_data]
2025-12-19 13:54:44,979 [INFO] [成功读取表 debit_data，数据行数：26659]
2025-12-19 13:54:45,361 [INFO] [开始读取数据库表：sales_invoice_data]
2025-12-19 13:54:46,748 [INFO] [成功读取表 sales_invoice_data，数据行数：21443]
2025-12-19 14:24:22,380 [INFO] [数据库引擎创建成功]
2025-12-19 14:24:22,390 [INFO] [开始读取数据库表：order_data]
2025-12-19 14:24:24,387 [INFO] [成功读取表 order_data，数据行数：26000]
2025-12-19 14:24:24,766 [INFO] [开始读取数据库表：sales_data]
2025-12-19 14:24:29,008 [INFO] [成功读取表 sales_data，数据行数：23828]
2025-12-19 14:24:31,099 [INFO] [开始读取数据库表：jingpin_data]
2025-12-19 14:24:31,295 [INFO] [成功读取表 jingpin_data，数据行数：5064]
2025-12-19 14:24:31,373 [INFO] [开始读取数据库表：inventory_data]
2025-12-19 14:24:31,789 [INFO] [成功读取表 inventory_data，数据行数：4410]
2025-12-19 14:24:31,789 [INFO] [开始读取数据库表：tuiding_data]
2025-12-19 14:24:32,084 [INFO] [成功读取表 tuiding_data，数据行数：4701]
2025-12-19 14:24:32,084 [INFO] [开始读取数据库表：debit_data]
2025-12-19 14:24:33,991 [INFO] [成功读取表 debit_data，数据行数：26659]
2025-12-19 14:24:34,340 [INFO] [开始读取数据库表：sales_invoice_data]
2025-12-19 14:24:36,050 [INFO] [成功读取表 sales_invoice_data，数据行数：21450]
2025-12-19 14:55:27,009 [INFO] [数据库引擎创建成功]
2025-12-19 14:55:27,010 [INFO] [开始读取数据库表：order_data]
2025-12-19 14:55:29,068 [INFO] [成功读取表 order_data，数据行数：26002]
2025-12-19 14:55:29,430 [INFO] [开始读取数据库表：sales_data]
2025-12-19 14:55:33,611 [INFO] [成功读取表 sales_data，数据行数：23836]
2025-12-19 14:55:35,687 [INFO] [开始读取数据库表：jingpin_data]
2025-12-19 14:55:35,888 [INFO] [成功读取表 jingpin_data，数据行数：5064]
2025-12-19 14:55:35,965 [INFO] [开始读取数据库表：inventory_data]
2025-12-19 14:55:36,379 [INFO] [成功读取表 inventory_data，数据行数：4402]
2025-12-19 14:55:36,379 [INFO] [开始读取数据库表：tuiding_data]
2025-12-19 14:55:36,663 [INFO] [成功读取表 tuiding_data，数据行数：4701]
2025-12-19 14:55:36,663 [INFO] [开始读取数据库表：debit_data]
2025-12-19 14:55:38,565 [INFO] [成功读取表 debit_data，数据行数：26659]
2025-12-19 14:55:38,901 [INFO] [开始读取数据库表：sales_invoice_data]
2025-12-19 14:55:40,311 [INFO] [成功读取表 sales_invoice_data，数据行数：21457]
2025-12-19 15:25:33,104 [INFO] [数据库引擎创建成功]
2025-12-19 15:25:33,105 [INFO] [开始读取数据库表：order_data]
2025-12-19 15:25:34,821 [INFO] [成功读取表 order_data，数据行数：23737]
2025-12-19 15:25:35,173 [INFO] [开始读取数据库表：sales_data]
2025-12-19 15:25:39,427 [INFO] [成功读取表 sales_data，数据行数：23840]
2025-12-19 15:25:41,413 [INFO] [开始读取数据库表：jingpin_data]
2025-12-19 15:25:41,600 [INFO] [成功读取表 jingpin_data，数据行数：5064]
2025-12-19 15:25:41,673 [INFO] [开始读取数据库表：inventory_data]
2025-12-19 15:25:42,087 [INFO] [成功读取表 inventory_data，数据行数：4398]
2025-12-19 15:25:42,087 [INFO] [开始读取数据库表：tuiding_data]
2025-12-19 15:25:42,341 [INFO] [成功读取表 tuiding_data，数据行数：4701]
2025-12-19 15:25:42,342 [INFO] [开始读取数据库表：debit_data]
2025-12-19 15:25:44,178 [INFO] [成功读取表 debit_data，数据行数：26659]
2025-12-19 15:25:44,522 [INFO] [开始读取数据库表：sales_invoice_data]
2025-12-19 15:25:46,009 [INFO] [成功读取表 sales_invoice_data，数据行数：21461]
2025-12-19 15:54:57,311 [INFO] [数据库引擎创建成功]
2025-12-19 15:54:57,312 [INFO] [开始读取数据库表：order_data]
2025-12-19 15:54:59,181 [INFO] [成功读取表 order_data，数据行数：23738]
2025-12-19 15:54:59,562 [INFO] [开始读取数据库表：sales_data]
2025-12-19 15:55:04,097 [INFO] [成功读取表 sales_data，数据行数：23844]
2025-12-19 15:55:06,466 [INFO] [开始读取数据库表：jingpin_data]
2025-12-19 15:55:06,657 [INFO] [成功读取表 jingpin_data，数据行数：5064]
2025-12-19 15:55:06,740 [INFO] [开始读取数据库表：inventory_data]
2025-12-19 15:55:07,142 [INFO] [成功读取表 inventory_data，数据行数：4395]
2025-12-19 15:55:07,142 [INFO] [开始读取数据库表：tuiding_data]
2025-12-19 15:55:07,452 [INFO] [成功读取表 tuiding_data，数据行数：4701]
2025-12-19 15:55:07,452 [INFO] [开始读取数据库表：debit_data]
2025-12-19 15:55:09,265 [INFO] [成功读取表 debit_data，数据行数：26659]
2025-12-19 15:55:09,652 [INFO] [开始读取数据库表：sales_invoice_data]
2025-12-19 15:55:12,040 [INFO] [成功读取表 sales_invoice_data，数据行数：21465]
2025-12-19 16:15:50,539 [INFO] [数据库引擎创建成功]
2025-12-19 16:15:50,540 [INFO] [开始读取数据库表：order_data]
2025-12-19 16:15:52,101 [INFO] [成功读取表 order_data，数据行数：23741]
2025-12-19 16:15:52,465 [INFO] [开始读取数据库表：sales_data]
2025-12-19 16:15:56,558 [INFO] [成功读取表 sales_data，数据行数：23844]
2025-12-19 16:15:58,638 [INFO] [开始读取数据库表：jingpin_data]
2025-12-19 16:15:58,825 [INFO] [成功读取表 jingpin_data，数据行数：5065]
2025-12-19 16:15:58,882 [INFO] [开始读取数据库表：inventory_data]
2025-12-19 16:15:59,180 [INFO] [成功读取表 inventory_data，数据行数：4394]
2025-12-19 16:15:59,180 [INFO] [开始读取数据库表：tuiding_data]
2025-12-19 16:15:59,417 [INFO] [成功读取表 tuiding_data，数据行数：4701]
2025-12-19 16:15:59,417 [INFO] [开始读取数据库表：debit_data]
2025-12-19 16:16:01,257 [INFO] [成功读取表 debit_data，数据行数：26659]
2025-12-19 16:16:01,696 [INFO] [开始读取数据库表：sales_invoice_data]
2025-12-19 16:16:02,986 [INFO] [成功读取表 sales_invoice_data，数据行数：21466]
2025-12-19 16:24:48,220 [INFO] [数据库引擎创建成功]
2025-12-19 16:24:48,221 [INFO] [开始读取数据库表：order_data]
2025-12-19 16:24:49,825 [INFO] [成功读取表 order_data，数据行数：23741]
2025-12-19 16:24:50,111 [INFO] [开始读取数据库表：sales_data]
2025-12-19 16:24:53,883 [INFO] [成功读取表 sales_data，数据行数：23848]
2025-12-19 16:24:55,819 [INFO] [开始读取数据库表：jingpin_data]
2025-12-19 16:24:56,014 [INFO] [成功读取表 jingpin_data，数据行数：5066]
2025-12-19 16:24:56,080 [INFO] [开始读取数据库表：inventory_data]
2025-12-19 16:24:56,529 [INFO] [成功读取表 inventory_data，数据行数：4390]
2025-12-19 16:24:56,530 [INFO] [开始读取数据库表：tuiding_data]
2025-12-19 16:24:56,817 [INFO] [成功读取表 tuiding_data，数据行数：4701]
2025-12-19 16:24:56,817 [INFO] [开始读取数据库表：debit_data]
2025-12-19 16:24:58,559 [INFO] [成功读取表 debit_data，数据行数：26659]
2025-12-19 16:24:58,960 [INFO] [开始读取数据库表：sales_invoice_data]
2025-12-19 16:25:00,273 [INFO] [成功读取表 sales_invoice_data，数据行数：21470]
2025-12-19 16:54:57,475 [INFO] [数据库引擎创建成功]
2025-12-19 16:54:57,476 [INFO] [开始读取数据库表：order_data]
2025-12-19 16:54:58,821 [INFO] [成功读取表 order_data，数据行数：23741]
2025-12-19 16:54:59,106 [INFO] [开始读取数据库表：sales_data]
2025-12-19 16:55:02,760 [INFO] [成功读取表 sales_data，数据行数：23849]
2025-12-19 16:55:04,760 [INFO] [开始读取数据库表：jingpin_data]
2025-12-19 16:55:04,927 [INFO] [成功读取表 jingpin_data，数据行数：5066]
2025-12-19 16:55:04,990 [INFO] [开始读取数据库表：inventory_data]
2025-12-19 16:55:05,327 [INFO] [成功读取表 inventory_data，数据行数：4389]
2025-12-19 16:55:05,328 [INFO] [开始读取数据库表：tuiding_data]
2025-12-19 16:55:05,600 [INFO] [成功读取表 tuiding_data，数据行数：4701]
2025-12-19 16:55:05,600 [INFO] [开始读取数据库表：debit_data]
2025-12-19 16:55:07,218 [INFO] [成功读取表 debit_data，数据行数：26659]
2025-12-19 16:55:07,623 [INFO] [开始读取数据库表：sales_invoice_data]
2025-12-19 16:55:08,699 [INFO] [成功读取表 sales_invoice_data，数据行数：21471]
2025-12-19 17:26:00,667 [INFO] [数据库引擎创建成功]
2025-12-19 17:26:00,668 [INFO] [开始读取数据库表：order_data]
2025-12-19 17:26:02,150 [INFO] [成功读取表 order_data，数据行数：23745]
2025-12-19 17:26:02,466 [INFO] [开始读取数据库表：sales_data]
2025-12-19 17:26:06,401 [INFO] [成功读取表 sales_data，数据行数：23855]
2025-12-19 17:26:09,698 [INFO] [开始读取数据库表：jingpin_data]
2025-12-19 17:26:10,287 [INFO] [成功读取表 jingpin_data，数据行数：5067]
2025-12-19 17:26:10,396 [INFO] [开始读取数据库表：inventory_data]
2025-12-19 17:26:11,426 [INFO] [成功读取表 inventory_data，数据行数：4382]
2025-12-19 17:26:11,427 [INFO] [开始读取数据库表：tuiding_data]
2025-12-19 17:26:13,262 [INFO] [成功读取表 tuiding_data，数据行数：4703]
2025-12-19 17:26:13,262 [INFO] [开始读取数据库表：debit_data]
2025-12-19 17:26:19,225 [INFO] [成功读取表 debit_data，数据行数：26659]
2025-12-19 17:26:19,700 [INFO] [开始读取数据库表：sales_invoice_data]
2025-12-19 17:26:21,608 [INFO] [成功读取表 sales_invoice_data，数据行数：21478]
2025-12-19 18:00:22,338 [INFO] [数据库引擎创建成功]
2025-12-19 18:00:22,338 [INFO] [开始读取数据库表：order_data]
2025-12-19 18:00:22,850 [INFO] [成功读取表 order_data，数据行数：23748]
2025-12-19 18:00:22,979 [INFO] [开始读取数据库表：sales_data]
2025-12-19 18:05:45,416 [INFO] [数据库引擎创建成功]
2025-12-19 18:05:45,417 [INFO] [开始读取数据库表：order_data]
2025-12-19 18:05:46,817 [INFO] [成功读取表 order_data，数据行数：23750]
2025-12-19 18:05:47,055 [INFO] [开始读取数据库表：sales_data]
2025-12-19 18:05:50,432 [INFO] [成功读取表 sales_data，数据行数：23864]
2025-12-19 18:05:52,193 [INFO] [开始读取数据库表：jingpin_data]
2025-12-19 18:05:52,336 [INFO] [成功读取表 jingpin_data，数据行数：5073]
2025-12-19 18:05:52,392 [INFO] [开始读取数据库表：inventory_data]
2025-12-19 18:05:52,736 [INFO] [成功读取表 inventory_data，数据行数：4377]
2025-12-19 18:05:52,736 [INFO] [开始读取数据库表：tuiding_data]
2025-12-19 18:05:52,975 [INFO] [成功读取表 tuiding_data，数据行数：4703]
2025-12-19 18:05:52,975 [INFO] [开始读取数据库表：debit_data]
2025-12-19 18:05:54,527 [INFO] [成功读取表 debit_data，数据行数：26728]
2025-12-19 18:05:54,904 [INFO] [开始读取数据库表：sales_invoice_data]
2025-12-19 18:05:56,081 [INFO] [成功读取表 sales_invoice_data，数据行数：21487]
2025-12-19 18:29:56,434 [INFO] [数据库引擎创建成功]
2025-12-19 18:29:56,435 [INFO] [开始读取数据库表：order_data]
2025-12-19 18:29:57,760 [INFO] [成功读取表 order_data，数据行数：23751]
2025-12-19 18:29:58,052 [INFO] [开始读取数据库表：sales_data]
2025-12-19 18:30:01,405 [INFO] [成功读取表 sales_data，数据行数：23871]
2025-12-19 18:30:03,144 [INFO] [开始读取数据库表：jingpin_data]
2025-12-19 18:30:03,282 [INFO] [成功读取表 jingpin_data，数据行数：5074]
2025-12-19 18:30:03,334 [INFO] [开始读取数据库表：inventory_data]
2025-12-19 18:30:03,627 [INFO] [成功读取表 inventory_data，数据行数：4371]
2025-12-19 18:30:03,627 [INFO] [开始读取数据库表：tuiding_data]
2025-12-19 18:30:03,821 [INFO] [成功读取表 tuiding_data，数据行数：4703]
2025-12-19 18:30:03,821 [INFO] [开始读取数据库表：debit_data]
2025-12-19 18:30:05,422 [INFO] [成功读取表 debit_data，数据行数：26728]
2025-12-19 18:30:05,821 [INFO] [开始读取数据库表：sales_invoice_data]
2025-12-19 18:30:07,151 [INFO] [成功读取表 sales_invoice_data，数据行数：21494]
2025-12-19 19:00:14,428 [INFO] [数据库引擎创建成功]
2025-12-19 19:00:14,429 [INFO] [开始读取数据库表：order_data]
2025-12-19 19:00:15,911 [INFO] [成功读取表 order_data，数据行数：23753]
2025-12-19 19:00:16,226 [INFO] [开始读取数据库表：sales_data]
2025-12-19 19:00:20,284 [INFO] [成功读取表 sales_data，数据行数：23874]
2025-12-19 19:00:22,458 [INFO] [开始读取数据库表：jingpin_data]
2025-12-19 19:00:22,642 [INFO] [成功读取表 jingpin_data，数据行数：5074]
2025-12-19 19:00:22,720 [INFO] [开始读取数据库表：inventory_data]
2025-12-19 19:00:23,123 [INFO] [成功读取表 inventory_data，数据行数：4368]
2025-12-19 19:00:23,124 [INFO] [开始读取数据库表：tuiding_data]
2025-12-19 19:00:23,430 [INFO] [成功读取表 tuiding_data，数据行数：4703]
2025-12-19 19:00:23,430 [INFO] [开始读取数据库表：debit_data]
2025-12-19 19:00:25,270 [INFO] [成功读取表 debit_data，数据行数：26728]
2025-12-19 19:00:25,623 [INFO] [开始读取数据库表：sales_invoice_data]
2025-12-19 19:00:26,994 [INFO] [成功读取表 sales_invoice_data，数据行数：21497]
2025-12-19 19:30:02,605 [INFO] [数据库引擎创建成功]
2025-12-19 19:30:02,606 [INFO] [开始读取数据库表：order_data]
2025-12-19 19:30:04,042 [INFO] [成功读取表 order_data，数据行数：23753]
2025-12-19 19:30:04,357 [INFO] [开始读取数据库表：sales_data]
2025-12-19 19:30:08,143 [INFO] [成功读取表 sales_data，数据行数：23875]
2025-12-19 19:30:09,839 [INFO] [开始读取数据库表：jingpin_data]
2025-12-19 19:30:10,025 [INFO] [成功读取表 jingpin_data，数据行数：5074]
2025-12-19 19:30:10,094 [INFO] [开始读取数据库表：inventory_data]
2025-12-19 19:30:10,469 [INFO] [成功读取表 inventory_data，数据行数：4367]
2025-12-19 19:30:10,470 [INFO] [开始读取数据库表：tuiding_data]
2025-12-19 19:30:10,748 [INFO] [成功读取表 tuiding_data，数据行数：4704]
2025-12-19 19:30:10,749 [INFO] [开始读取数据库表：debit_data]
2025-12-19 19:30:12,427 [INFO] [成功读取表 debit_data，数据行数：26728]
2025-12-19 19:30:12,803 [INFO] [开始读取数据库表：sales_invoice_data]
2025-12-19 19:30:13,998 [INFO] [成功读取表 sales_invoice_data，数据行数：21498]
2025-12-19 19:59:39,540 [INFO] [数据库引擎创建成功]
2025-12-19 19:59:39,550 [INFO] [开始读取数据库表：order_data]
2025-12-19 19:59:41,037 [INFO] [成功读取表 order_data，数据行数：23753]
2025-12-19 19:59:41,319 [INFO] [开始读取数据库表：sales_data]
2025-12-19 19:59:45,267 [INFO] [成功读取表 sales_data，数据行数：23876]
2025-12-19 19:59:47,323 [INFO] [开始读取数据库表：jingpin_data]
2025-12-19 19:59:47,483 [INFO] [成功读取表 jingpin_data，数据行数：5074]
2025-12-19 19:59:47,560 [INFO] [开始读取数据库表：inventory_data]
2025-12-19 19:59:47,936 [INFO] [成功读取表 inventory_data，数据行数：4366]
2025-12-19 19:59:47,936 [INFO] [开始读取数据库表：tuiding_data]
2025-12-19 19:59:48,185 [INFO] [成功读取表 tuiding_data，数据行数：4704]
2025-12-19 19:59:48,185 [INFO] [开始读取数据库表：debit_data]
2025-12-19 19:59:49,857 [INFO] [成功读取表 debit_data，数据行数：26728]
2025-12-19 19:59:50,214 [INFO] [开始读取数据库表：sales_invoice_data]
2025-12-19 19:59:51,461 [INFO] [成功读取表 sales_invoice_data，数据行数：21499]
2025-12-19 20:29:51,775 [INFO] [数据库引擎创建成功]
2025-12-19 20:29:51,785 [INFO] [开始读取数据库表：order_data]
2025-12-19 20:29:53,381 [INFO] [成功读取表 order_data，数据行数：23753]
2025-12-19 20:29:53,700 [INFO] [开始读取数据库表：sales_data]
2025-12-19 20:29:57,325 [INFO] [成功读取表 sales_data，数据行数：23876]
2025-12-19 20:29:59,257 [INFO] [开始读取数据库表：jingpin_data]
2025-12-19 20:29:59,435 [INFO] [成功读取表 jingpin_data，数据行数：5074]
2025-12-19 20:29:59,495 [INFO] [开始读取数据库表：inventory_data]
2025-12-19 20:29:59,854 [INFO] [成功读取表 inventory_data，数据行数：4366]
2025-12-19 20:29:59,854 [INFO] [开始读取数据库表：tuiding_data]
2025-12-19 20:30:00,107 [INFO] [成功读取表 tuiding_data，数据行数：4704]
2025-12-19 20:30:00,107 [INFO] [开始读取数据库表：debit_data]
2025-12-19 20:30:01,449 [INFO] [成功读取表 debit_data，数据行数：26728]
2025-12-19 20:30:01,767 [INFO] [开始读取数据库表：sales_invoice_data]
2025-12-19 20:30:02,939 [INFO] [成功读取表 sales_invoice_data，数据行数：21499]
2025-12-19 20:59:47,763 [INFO] [数据库引擎创建成功]
2025-12-19 20:59:47,774 [INFO] [开始读取数据库表：order_data]
2025-12-19 20:59:49,183 [INFO] [成功读取表 order_data，数据行数：23753]
2025-12-19 20:59:49,520 [INFO] [开始读取数据库表：sales_data]
2025-12-19 20:59:53,046 [INFO] [成功读取表 sales_data，数据行数：23876]
2025-12-19 20:59:54,959 [INFO] [开始读取数据库表：jingpin_data]
2025-12-19 20:59:55,142 [INFO] [成功读取表 jingpin_data，数据行数：5074]
2025-12-19 20:59:55,239 [INFO] [开始读取数据库表：inventory_data]
2025-12-19 20:59:55,641 [INFO] [成功读取表 inventory_data，数据行数：4366]
2025-12-19 20:59:55,641 [INFO] [开始读取数据库表：tuiding_data]
2025-12-19 20:59:55,917 [INFO] [成功读取表 tuiding_data，数据行数：4704]
2025-12-19 20:59:55,917 [INFO] [开始读取数据库表：debit_data]
2025-12-19 20:59:57,515 [INFO] [成功读取表 debit_data，数据行数：26728]
2025-12-19 20:59:57,897 [INFO] [开始读取数据库表：sales_invoice_data]
2025-12-19 20:59:59,286 [INFO] [成功读取表 sales_invoice_data，数据行数：21499]
2025-12-19 21:29:35,269 [INFO] [数据库引擎创建成功]
2025-12-19 21:29:35,270 [INFO] [开始读取数据库表：order_data]
2025-12-19 21:29:36,763 [INFO] [成功读取表 order_data，数据行数：23753]
2025-12-19 21:29:37,017 [INFO] [开始读取数据库表：sales_data]
2025-12-19 21:29:40,593 [INFO] [成功读取表 sales_data，数据行数：23876]
2025-12-19 21:29:42,596 [INFO] [开始读取数据库表：jingpin_data]
2025-12-19 21:29:42,751 [INFO] [成功读取表 jingpin_data，数据行数：5074]
2025-12-19 21:29:42,826 [INFO] [开始读取数据库表：inventory_data]
2025-12-19 21:29:43,260 [INFO] [成功读取表 inventory_data，数据行数：4393]
2025-12-19 21:29:43,260 [INFO] [开始读取数据库表：tuiding_data]
2025-12-19 21:29:43,489 [INFO] [成功读取表 tuiding_data，数据行数：4704]
2025-12-19 21:29:43,489 [INFO] [开始读取数据库表：debit_data]
2025-12-19 21:29:45,094 [INFO] [成功读取表 debit_data，数据行数：26755]
2025-12-19 21:29:45,474 [INFO] [开始读取数据库表：sales_invoice_data]
2025-12-19 21:29:46,861 [INFO] [成功读取表 sales_invoice_data，数据行数：21499]
2025-12-19 21:59:54,380 [INFO] [数据库引擎创建成功]
2025-12-19 21:59:54,381 [INFO] [开始读取数据库表：order_data]
2025-12-19 21:59:55,722 [INFO] [成功读取表 order_data，数据行数：23753]
2025-12-19 21:59:56,011 [INFO] [开始读取数据库表：sales_data]
2025-12-19 21:59:59,734 [INFO] [成功读取表 sales_data，数据行数：23876]
2025-12-19 22:00:01,474 [INFO] [开始读取数据库表：jingpin_data]
2025-12-19 22:00:01,622 [INFO] [成功读取表 jingpin_data，数据行数：5074]
2025-12-19 22:00:01,685 [INFO] [开始读取数据库表：inventory_data]
2025-12-19 22:00:01,975 [INFO] [成功读取表 inventory_data，数据行数：4393]
2025-12-19 22:00:01,975 [INFO] [开始读取数据库表：tuiding_data]
2025-12-19 22:00:02,199 [INFO] [成功读取表 tuiding_data，数据行数：4704]
2025-12-19 22:00:02,199 [INFO] [开始读取数据库表：debit_data]
2025-12-19 22:00:03,601 [INFO] [成功读取表 debit_data，数据行数：26755]
2025-12-19 22:00:03,903 [INFO] [开始读取数据库表：sales_invoice_data]
2025-12-19 22:00:05,158 [INFO] [成功读取表 sales_invoice_data，数据行数：21499]
