2025-11-12 07:06:57,667 [INFO] [数据库引擎创建成功]
2025-11-12 07:06:57,667 [INFO] [开始读取数据库表：order_data]
2025-11-12 07:06:58,103 [INFO] [成功读取表 order_data，数据行数：23135]
2025-11-12 07:06:58,232 [INFO] [开始读取数据库表：sales_data]
2025-11-12 07:07:01,756 [INFO] [成功读取表 sales_data，数据行数：24802]
2025-11-12 07:07:03,800 [INFO] [开始读取数据库表：jingpin_data]
2025-11-12 07:07:04,072 [INFO] [成功读取表 jingpin_data，数据行数：4313]
2025-11-12 07:07:04,113 [INFO] [开始读取数据库表：inventory_data]
2025-11-12 07:07:04,669 [INFO] [成功读取表 inventory_data，数据行数：5658]
2025-11-12 07:07:04,669 [INFO] [开始读取数据库表：tuiding_data]
2025-11-12 07:07:04,900 [INFO] [成功读取表 tuiding_data，数据行数：4031]
2025-11-12 07:07:04,900 [INFO] [开始读取数据库表：debit_data]
2025-11-12 07:07:06,965 [INFO] [成功读取表 debit_data，数据行数：24317]
2025-11-12 07:07:07,361 [INFO] [开始读取数据库表：sales_invoice_data]
2025-11-12 07:07:08,641 [INFO] [成功读取表 sales_invoice_data，数据行数：17844]
2025-11-12 07:28:31,137 [INFO] [数据库引擎创建成功]
2025-11-12 07:28:31,137 [INFO] [开始读取数据库表：order_data]
2025-11-12 07:28:31,550 [INFO] [成功读取表 order_data，数据行数：23135]
2025-11-12 07:28:31,660 [INFO] [开始读取数据库表：sales_data]
2025-11-12 07:28:34,615 [INFO] [成功读取表 sales_data，数据行数：24802]
2025-11-12 07:28:36,596 [INFO] [开始读取数据库表：jingpin_data]
2025-11-12 07:28:36,868 [INFO] [成功读取表 jingpin_data，数据行数：4313]
2025-11-12 07:28:36,942 [INFO] [开始读取数据库表：inventory_data]
2025-11-12 07:28:37,493 [INFO] [成功读取表 inventory_data，数据行数：5658]
2025-11-12 07:28:37,493 [INFO] [开始读取数据库表：tuiding_data]
2025-11-12 07:28:37,705 [INFO] [成功读取表 tuiding_data，数据行数：4031]
2025-11-12 07:28:37,705 [INFO] [开始读取数据库表：debit_data]
2025-11-12 07:28:39,747 [INFO] [成功读取表 debit_data，数据行数：24317]
2025-11-12 07:28:40,136 [INFO] [开始读取数据库表：sales_invoice_data]
2025-11-12 07:28:41,887 [INFO] [成功读取表 sales_invoice_data，数据行数：17844]
2025-11-12 07:59:01,545 [INFO] [数据库引擎创建成功]
2025-11-12 07:59:01,545 [INFO] [开始读取数据库表：order_data]
2025-11-12 07:59:01,973 [INFO] [成功读取表 order_data，数据行数：23135]
2025-11-12 07:59:02,094 [INFO] [开始读取数据库表：sales_data]
2025-11-12 07:59:05,262 [INFO] [成功读取表 sales_data，数据行数：24802]
2025-11-12 07:59:07,321 [INFO] [开始读取数据库表：jingpin_data]
2025-11-12 07:59:07,584 [INFO] [成功读取表 jingpin_data，数据行数：4313]
2025-11-12 07:59:07,668 [INFO] [开始读取数据库表：inventory_data]
2025-11-12 07:59:08,228 [INFO] [成功读取表 inventory_data，数据行数：5658]
2025-11-12 07:59:08,228 [INFO] [开始读取数据库表：tuiding_data]
2025-11-12 07:59:08,452 [INFO] [成功读取表 tuiding_data，数据行数：4031]
2025-11-12 07:59:08,453 [INFO] [开始读取数据库表：debit_data]
2025-11-12 07:59:10,462 [INFO] [成功读取表 debit_data，数据行数：24317]
2025-11-12 07:59:10,861 [INFO] [开始读取数据库表：sales_invoice_data]
2025-11-12 07:59:12,848 [INFO] [成功读取表 sales_invoice_data，数据行数：17844]
2025-11-12 08:28:56,516 [INFO] [数据库引擎创建成功]
2025-11-12 08:28:56,516 [INFO] [开始读取数据库表：order_data]
2025-11-12 08:28:56,948 [INFO] [成功读取表 order_data，数据行数：23135]
2025-11-12 08:28:57,065 [INFO] [开始读取数据库表：sales_data]
2025-11-12 08:29:00,097 [INFO] [成功读取表 sales_data，数据行数：24802]
2025-11-12 08:29:01,789 [INFO] [开始读取数据库表：jingpin_data]
2025-11-12 08:29:02,047 [INFO] [成功读取表 jingpin_data，数据行数：4313]
2025-11-12 08:29:02,121 [INFO] [开始读取数据库表：inventory_data]
2025-11-12 08:29:02,679 [INFO] [成功读取表 inventory_data，数据行数：5658]
2025-11-12 08:29:02,679 [INFO] [开始读取数据库表：tuiding_data]
2025-11-12 08:29:02,895 [INFO] [成功读取表 tuiding_data，数据行数：4031]
2025-11-12 08:29:02,895 [INFO] [开始读取数据库表：debit_data]
2025-11-12 08:29:04,919 [INFO] [成功读取表 debit_data，数据行数：24317]
2025-11-12 08:29:05,312 [INFO] [开始读取数据库表：sales_invoice_data]
2025-11-12 08:29:06,584 [INFO] [成功读取表 sales_invoice_data，数据行数：17844]
2025-11-12 08:58:57,428 [INFO] [数据库引擎创建成功]
2025-11-12 08:58:57,428 [INFO] [开始读取数据库表：order_data]
2025-11-12 08:58:57,839 [INFO] [成功读取表 order_data，数据行数：23135]
2025-11-12 08:58:57,954 [INFO] [开始读取数据库表：sales_data]
2025-11-12 08:59:00,697 [INFO] [成功读取表 sales_data，数据行数：24802]
2025-11-12 08:59:02,372 [INFO] [开始读取数据库表：jingpin_data]
2025-11-12 08:59:02,592 [INFO] [成功读取表 jingpin_data，数据行数：4313]
2025-11-12 08:59:02,665 [INFO] [开始读取数据库表：inventory_data]
2025-11-12 08:59:03,171 [INFO] [成功读取表 inventory_data，数据行数：5659]
2025-11-12 08:59:03,172 [INFO] [开始读取数据库表：tuiding_data]
2025-11-12 08:59:03,389 [INFO] [成功读取表 tuiding_data，数据行数：4031]
2025-11-12 08:59:03,389 [INFO] [开始读取数据库表：debit_data]
2025-11-12 08:59:05,438 [INFO] [成功读取表 debit_data，数据行数：24318]
2025-11-12 08:59:05,827 [INFO] [开始读取数据库表：sales_invoice_data]
2025-11-12 08:59:07,085 [INFO] [成功读取表 sales_invoice_data，数据行数：17844]
2025-11-12 09:29:29,293 [INFO] [数据库引擎创建成功]
2025-11-12 09:29:29,293 [INFO] [开始读取数据库表：order_data]
2025-11-12 09:29:29,695 [INFO] [成功读取表 order_data，数据行数：23136]
2025-11-12 09:29:29,802 [INFO] [开始读取数据库表：sales_data]
2025-11-12 09:29:32,595 [INFO] [成功读取表 sales_data，数据行数：24802]
2025-11-12 09:29:34,334 [INFO] [开始读取数据库表：jingpin_data]
2025-11-12 09:29:34,600 [INFO] [成功读取表 jingpin_data，数据行数：4313]
2025-11-12 09:29:34,682 [INFO] [开始读取数据库表：inventory_data]
2025-11-12 09:29:35,229 [INFO] [成功读取表 inventory_data，数据行数：5659]
2025-11-12 09:29:35,229 [INFO] [开始读取数据库表：tuiding_data]
2025-11-12 09:29:35,445 [INFO] [成功读取表 tuiding_data，数据行数：4031]
2025-11-12 09:29:35,446 [INFO] [开始读取数据库表：debit_data]
2025-11-12 09:29:37,518 [INFO] [成功读取表 debit_data，数据行数：24318]
2025-11-12 09:29:37,899 [INFO] [开始读取数据库表：sales_invoice_data]
2025-11-12 09:29:39,133 [INFO] [成功读取表 sales_invoice_data，数据行数：17844]
2025-11-12 10:00:12,038 [INFO] [数据库引擎创建成功]
2025-11-12 10:00:12,038 [INFO] [开始读取数据库表：order_data]
2025-11-12 10:00:12,461 [INFO] [成功读取表 order_data，数据行数：23137]
2025-11-12 10:00:12,576 [INFO] [开始读取数据库表：sales_data]
2025-11-12 10:00:16,006 [INFO] [成功读取表 sales_data，数据行数：24802]
2025-11-12 10:00:17,699 [INFO] [开始读取数据库表：jingpin_data]
2025-11-12 10:00:17,863 [INFO] [成功读取表 jingpin_data，数据行数：4313]
2025-11-12 10:00:17,915 [INFO] [开始读取数据库表：inventory_data]
2025-11-12 10:00:18,305 [INFO] [成功读取表 inventory_data，数据行数：5659]
2025-11-12 10:00:18,305 [INFO] [开始读取数据库表：tuiding_data]
2025-11-12 10:00:18,435 [INFO] [成功读取表 tuiding_data，数据行数：4031]
2025-11-12 10:00:18,435 [INFO] [开始读取数据库表：debit_data]
2025-11-12 10:00:19,875 [INFO] [成功读取表 debit_data，数据行数：24318]
2025-11-12 10:00:20,263 [INFO] [开始读取数据库表：sales_invoice_data]
2025-11-12 10:00:21,487 [INFO] [成功读取表 sales_invoice_data，数据行数：17844]
2025-11-12 10:28:53,659 [INFO] [数据库引擎创建成功]
2025-11-12 10:28:53,659 [INFO] [开始读取数据库表：order_data]
2025-11-12 10:28:54,149 [INFO] [成功读取表 order_data，数据行数：23134]
2025-11-12 10:28:54,287 [INFO] [开始读取数据库表：sales_data]
2025-11-12 10:28:58,069 [INFO] [成功读取表 sales_data，数据行数：24804]
2025-11-12 10:28:59,782 [INFO] [开始读取数据库表：jingpin_data]
2025-11-12 10:28:59,987 [INFO] [成功读取表 jingpin_data，数据行数：4316]
2025-11-12 10:29:00,058 [INFO] [开始读取数据库表：inventory_data]
2025-11-12 10:29:00,535 [INFO] [成功读取表 inventory_data，数据行数：5659]
2025-11-12 10:29:00,535 [INFO] [开始读取数据库表：tuiding_data]
2025-11-12 10:29:00,740 [INFO] [成功读取表 tuiding_data，数据行数：4034]
2025-11-12 10:29:00,740 [INFO] [开始读取数据库表：debit_data]
2025-11-12 10:29:02,517 [INFO] [成功读取表 debit_data，数据行数：24318]
2025-11-12 10:29:02,859 [INFO] [开始读取数据库表：sales_invoice_data]
2025-11-12 10:29:03,944 [INFO] [成功读取表 sales_invoice_data，数据行数：17844]
2025-11-12 10:59:13,288 [INFO] [数据库引擎创建成功]
2025-11-12 10:59:13,288 [INFO] [开始读取数据库表：order_data]
2025-11-12 10:59:13,727 [INFO] [成功读取表 order_data，数据行数：23131]
2025-11-12 10:59:13,858 [INFO] [开始读取数据库表：sales_data]
2025-11-12 10:59:17,135 [INFO] [成功读取表 sales_data，数据行数：24807]
2025-11-12 10:59:19,160 [INFO] [开始读取数据库表：jingpin_data]
2025-11-12 10:59:19,424 [INFO] [成功读取表 jingpin_data，数据行数：4316]
2025-11-12 10:59:19,494 [INFO] [开始读取数据库表：inventory_data]
2025-11-12 10:59:20,045 [INFO] [成功读取表 inventory_data，数据行数：5659]
2025-11-12 10:59:20,045 [INFO] [开始读取数据库表：tuiding_data]
2025-11-12 10:59:20,275 [INFO] [成功读取表 tuiding_data，数据行数：4034]
2025-11-12 10:59:20,275 [INFO] [开始读取数据库表：debit_data]
2025-11-12 10:59:22,333 [INFO] [成功读取表 debit_data，数据行数：24318]
2025-11-12 10:59:22,716 [INFO] [开始读取数据库表：sales_invoice_data]
2025-11-12 10:59:23,957 [INFO] [成功读取表 sales_invoice_data，数据行数：17844]
2025-11-12 11:29:35,299 [INFO] [数据库引擎创建成功]
2025-11-12 11:29:35,299 [INFO] [开始读取数据库表：order_data]
2025-11-12 11:29:35,739 [INFO] [成功读取表 order_data，数据行数：23129]
2025-11-12 11:29:35,853 [INFO] [开始读取数据库表：sales_data]
2025-11-12 11:29:38,465 [INFO] [成功读取表 sales_data，数据行数：24808]
2025-11-12 11:29:40,473 [INFO] [开始读取数据库表：jingpin_data]
2025-11-12 11:29:40,741 [INFO] [成功读取表 jingpin_data，数据行数：4318]
2025-11-12 11:29:40,811 [INFO] [开始读取数据库表：inventory_data]
2025-11-12 11:29:41,371 [INFO] [成功读取表 inventory_data，数据行数：5654]
2025-11-12 11:29:41,371 [INFO] [开始读取数据库表：tuiding_data]
2025-11-12 11:29:41,604 [INFO] [成功读取表 tuiding_data，数据行数：4042]
2025-11-12 11:29:41,604 [INFO] [开始读取数据库表：debit_data]
2025-11-12 11:29:43,353 [INFO] [成功读取表 debit_data，数据行数：24318]
2025-11-12 11:29:43,632 [INFO] [开始读取数据库表：sales_invoice_data]
2025-11-12 11:29:44,559 [INFO] [成功读取表 sales_invoice_data，数据行数：17848]
2025-11-12 11:59:32,351 [INFO] [数据库引擎创建成功]
2025-11-12 11:59:32,351 [INFO] [开始读取数据库表：order_data]
2025-11-12 11:59:32,776 [INFO] [成功读取表 order_data，数据行数：23129]
2025-11-12 11:59:32,889 [INFO] [开始读取数据库表：sales_data]
2025-11-12 11:59:35,815 [INFO] [成功读取表 sales_data，数据行数：24816]
2025-11-12 11:59:37,792 [INFO] [开始读取数据库表：jingpin_data]
2025-11-12 11:59:38,068 [INFO] [成功读取表 jingpin_data，数据行数：4320]
2025-11-12 11:59:38,145 [INFO] [开始读取数据库表：inventory_data]
2025-11-12 11:59:38,704 [INFO] [成功读取表 inventory_data，数据行数：5680]
2025-11-12 11:59:38,705 [INFO] [开始读取数据库表：tuiding_data]
2025-11-12 11:59:38,913 [INFO] [成功读取表 tuiding_data，数据行数：4044]
2025-11-12 11:59:38,913 [INFO] [开始读取数据库表：debit_data]
2025-11-12 11:59:40,927 [INFO] [成功读取表 debit_data，数据行数：24348]
2025-11-12 11:59:41,320 [INFO] [开始读取数据库表：sales_invoice_data]
2025-11-12 11:59:42,586 [INFO] [成功读取表 sales_invoice_data，数据行数：17855]
2025-11-12 12:29:43,062 [INFO] [数据库引擎创建成功]
2025-11-12 12:29:43,062 [INFO] [开始读取数据库表：order_data]
2025-11-12 12:29:43,479 [INFO] [成功读取表 order_data，数据行数：23129]
2025-11-12 12:29:43,594 [INFO] [开始读取数据库表：sales_data]
2025-11-12 12:29:47,707 [INFO] [成功读取表 sales_data，数据行数：24821]
2025-11-12 12:29:49,780 [INFO] [开始读取数据库表：jingpin_data]
2025-11-12 12:29:50,052 [INFO] [成功读取表 jingpin_data，数据行数：4321]
2025-11-12 12:29:50,128 [INFO] [开始读取数据库表：inventory_data]
2025-11-12 12:29:50,694 [INFO] [成功读取表 inventory_data，数据行数：5689]
2025-11-12 12:29:50,695 [INFO] [开始读取数据库表：tuiding_data]
2025-11-12 12:29:50,941 [INFO] [成功读取表 tuiding_data，数据行数：4044]
2025-11-12 12:29:50,941 [INFO] [开始读取数据库表：debit_data]
2025-11-12 12:29:53,032 [INFO] [成功读取表 debit_data，数据行数：24360]
2025-11-12 12:29:53,422 [INFO] [开始读取数据库表：sales_invoice_data]
2025-11-12 12:29:54,722 [INFO] [成功读取表 sales_invoice_data，数据行数：17856]
2025-11-12 12:59:00,945 [INFO] [数据库引擎创建成功]
2025-11-12 12:59:00,945 [INFO] [开始读取数据库表：order_data]
2025-11-12 12:59:01,362 [INFO] [成功读取表 order_data，数据行数：23124]
2025-11-12 12:59:01,474 [INFO] [开始读取数据库表：sales_data]
2025-11-12 12:59:04,381 [INFO] [成功读取表 sales_data，数据行数：24821]
2025-11-12 12:59:06,410 [INFO] [开始读取数据库表：jingpin_data]
2025-11-12 12:59:06,680 [INFO] [成功读取表 jingpin_data，数据行数：4322]
2025-11-12 12:59:06,752 [INFO] [开始读取数据库表：inventory_data]
2025-11-12 12:59:07,314 [INFO] [成功读取表 inventory_data，数据行数：5689]
2025-11-12 12:59:07,314 [INFO] [开始读取数据库表：tuiding_data]
2025-11-12 12:59:07,538 [INFO] [成功读取表 tuiding_data，数据行数：4049]
2025-11-12 12:59:07,538 [INFO] [开始读取数据库表：debit_data]
2025-11-12 12:59:09,616 [INFO] [成功读取表 debit_data，数据行数：24360]
2025-11-12 12:59:10,005 [INFO] [开始读取数据库表：sales_invoice_data]
2025-11-12 12:59:11,289 [INFO] [成功读取表 sales_invoice_data，数据行数：17856]
2025-11-12 13:29:05,935 [INFO] [数据库引擎创建成功]
2025-11-12 13:29:05,935 [INFO] [开始读取数据库表：order_data]
2025-11-12 13:29:06,345 [INFO] [成功读取表 order_data，数据行数：23126]
2025-11-12 13:29:06,461 [INFO] [开始读取数据库表：sales_data]
2025-11-12 13:29:08,973 [INFO] [成功读取表 sales_data，数据行数：24824]
2025-11-12 13:29:10,985 [INFO] [开始读取数据库表：jingpin_data]
2025-11-12 13:29:11,257 [INFO] [成功读取表 jingpin_data，数据行数：4323]
2025-11-12 13:29:11,334 [INFO] [开始读取数据库表：inventory_data]
2025-11-12 13:29:11,897 [INFO] [成功读取表 inventory_data，数据行数：5687]
2025-11-12 13:29:11,897 [INFO] [开始读取数据库表：tuiding_data]
2025-11-12 13:29:12,116 [INFO] [成功读取表 tuiding_data，数据行数：4050]
2025-11-12 13:29:12,116 [INFO] [开始读取数据库表：debit_data]
2025-11-12 13:29:14,197 [INFO] [成功读取表 debit_data，数据行数：24360]
2025-11-12 13:29:14,585 [INFO] [开始读取数据库表：sales_invoice_data]
2025-11-12 13:29:15,824 [INFO] [成功读取表 sales_invoice_data，数据行数：17859]
2025-11-12 13:59:49,189 [INFO] [数据库引擎创建成功]
2025-11-12 13:59:49,189 [INFO] [开始读取数据库表：order_data]
2025-11-12 13:59:49,620 [INFO] [成功读取表 order_data，数据行数：23128]
2025-11-12 13:59:49,741 [INFO] [开始读取数据库表：sales_data]
2025-11-12 13:59:54,370 [INFO] [成功读取表 sales_data，数据行数：24825]
2025-11-12 13:59:56,586 [INFO] [开始读取数据库表：jingpin_data]
2025-11-12 13:59:56,796 [INFO] [成功读取表 jingpin_data，数据行数：4336]
2025-11-12 13:59:56,860 [INFO] [开始读取数据库表：inventory_data]
2025-11-12 13:59:57,316 [INFO] [成功读取表 inventory_data，数据行数：5686]
2025-11-12 13:59:57,316 [INFO] [开始读取数据库表：tuiding_data]
2025-11-12 13:59:57,497 [INFO] [成功读取表 tuiding_data，数据行数：4050]
2025-11-12 13:59:57,497 [INFO] [开始读取数据库表：debit_data]
2025-11-12 13:59:59,307 [INFO] [成功读取表 debit_data，数据行数：24360]
2025-11-12 13:59:59,704 [INFO] [开始读取数据库表：sales_invoice_data]
2025-11-12 14:00:00,978 [INFO] [成功读取表 sales_invoice_data，数据行数：17860]
2025-11-12 14:29:36,902 [INFO] [数据库引擎创建成功]
2025-11-12 14:29:36,902 [INFO] [开始读取数据库表：order_data]
2025-11-12 14:29:37,339 [INFO] [成功读取表 order_data，数据行数：23130]
2025-11-12 14:29:37,455 [INFO] [开始读取数据库表：sales_data]
2025-11-12 14:29:40,656 [INFO] [成功读取表 sales_data，数据行数：24833]
2025-11-12 14:29:42,622 [INFO] [开始读取数据库表：jingpin_data]
2025-11-12 14:29:42,867 [INFO] [成功读取表 jingpin_data，数据行数：4338]
2025-11-12 14:29:42,936 [INFO] [开始读取数据库表：inventory_data]
2025-11-12 14:29:43,442 [INFO] [成功读取表 inventory_data，数据行数：5678]
2025-11-12 14:29:43,443 [INFO] [开始读取数据库表：tuiding_data]
2025-11-12 14:29:43,641 [INFO] [成功读取表 tuiding_data，数据行数：4050]
2025-11-12 14:29:43,641 [INFO] [开始读取数据库表：debit_data]
2025-11-12 14:29:45,451 [INFO] [成功读取表 debit_data，数据行数：24360]
2025-11-12 14:29:45,816 [INFO] [开始读取数据库表：sales_invoice_data]
2025-11-12 14:29:46,929 [INFO] [成功读取表 sales_invoice_data，数据行数：17868]
2025-11-12 14:59:28,035 [INFO] [数据库引擎创建成功]
2025-11-12 14:59:28,036 [INFO] [开始读取数据库表：order_data]
2025-11-12 14:59:28,468 [INFO] [成功读取表 order_data，数据行数：23130]
2025-11-12 14:59:28,578 [INFO] [开始读取数据库表：sales_data]
2025-11-12 14:59:33,244 [INFO] [成功读取表 sales_data，数据行数：24843]
2025-11-12 14:59:34,958 [INFO] [开始读取数据库表：jingpin_data]
2025-11-12 14:59:35,162 [INFO] [成功读取表 jingpin_data，数据行数：4338]
2025-11-12 14:59:35,215 [INFO] [开始读取数据库表：inventory_data]
2025-11-12 14:59:35,681 [INFO] [成功读取表 inventory_data，数据行数：5670]
2025-11-12 14:59:35,681 [INFO] [开始读取数据库表：tuiding_data]
2025-11-12 14:59:35,865 [INFO] [成功读取表 tuiding_data，数据行数：4050]
2025-11-12 14:59:35,865 [INFO] [开始读取数据库表：debit_data]
2025-11-12 14:59:37,690 [INFO] [成功读取表 debit_data，数据行数：24360]
2025-11-12 14:59:38,006 [INFO] [开始读取数据库表：sales_invoice_data]
2025-11-12 14:59:39,058 [INFO] [成功读取表 sales_invoice_data，数据行数：17878]
2025-11-12 15:29:47,912 [INFO] [数据库引擎创建成功]
2025-11-12 15:29:47,912 [INFO] [开始读取数据库表：order_data]
2025-11-12 15:29:48,408 [INFO] [成功读取表 order_data，数据行数：23134]
2025-11-12 15:29:48,566 [INFO] [开始读取数据库表：sales_data]
2025-11-12 15:29:54,402 [INFO] [成功读取表 sales_data，数据行数：24846]
2025-11-12 15:29:56,385 [INFO] [开始读取数据库表：jingpin_data]
2025-11-12 15:29:56,627 [INFO] [成功读取表 jingpin_data，数据行数：4340]
2025-11-12 15:29:56,711 [INFO] [开始读取数据库表：inventory_data]
2025-11-12 15:29:57,246 [INFO] [成功读取表 inventory_data，数据行数：5664]
2025-11-12 15:29:57,246 [INFO] [开始读取数据库表：tuiding_data]
2025-11-12 15:29:57,451 [INFO] [成功读取表 tuiding_data，数据行数：4052]
2025-11-12 15:29:57,451 [INFO] [开始读取数据库表：debit_data]
2025-11-12 15:29:59,366 [INFO] [成功读取表 debit_data，数据行数：24360]
2025-11-12 15:29:59,744 [INFO] [开始读取数据库表：sales_invoice_data]
2025-11-12 15:30:00,857 [INFO] [成功读取表 sales_invoice_data，数据行数：17882]
2025-11-12 16:00:19,841 [INFO] [数据库引擎创建成功]
2025-11-12 16:00:19,841 [INFO] [开始读取数据库表：order_data]
2025-11-12 16:00:21,418 [INFO] [成功读取表 order_data，数据行数：23139]
2025-11-12 16:00:21,749 [INFO] [开始读取数据库表：sales_data]
2025-11-12 16:00:27,410 [INFO] [成功读取表 sales_data，数据行数：24851]
2025-11-12 16:00:29,205 [INFO] [开始读取数据库表：jingpin_data]
2025-11-12 16:00:29,423 [INFO] [成功读取表 jingpin_data，数据行数：4341]
2025-11-12 16:00:29,454 [INFO] [开始读取数据库表：inventory_data]
2025-11-12 16:00:29,965 [INFO] [成功读取表 inventory_data，数据行数：5660]
2025-11-12 16:00:29,965 [INFO] [开始读取数据库表：tuiding_data]
2025-11-12 16:00:30,163 [INFO] [成功读取表 tuiding_data，数据行数：4052]
2025-11-12 16:00:30,164 [INFO] [开始读取数据库表：debit_data]
2025-11-12 16:00:31,974 [INFO] [成功读取表 debit_data，数据行数：24360]
2025-11-12 16:00:32,315 [INFO] [开始读取数据库表：sales_invoice_data]
2025-11-12 16:00:33,606 [INFO] [成功读取表 sales_invoice_data，数据行数：17887]
2025-11-12 16:30:35,294 [INFO] [数据库引擎创建成功]
2025-11-12 16:30:35,295 [INFO] [开始读取数据库表：order_data]
2025-11-12 16:30:35,729 [INFO] [成功读取表 order_data，数据行数：23142]
2025-11-12 16:30:35,840 [INFO] [开始读取数据库表：sales_data]
2025-11-12 16:30:39,080 [INFO] [成功读取表 sales_data，数据行数：24856]
2025-11-12 16:30:41,022 [INFO] [开始读取数据库表：jingpin_data]
2025-11-12 16:30:41,278 [INFO] [成功读取表 jingpin_data，数据行数：4342]
2025-11-12 16:30:41,347 [INFO] [开始读取数据库表：inventory_data]
2025-11-12 16:30:41,896 [INFO] [成功读取表 inventory_data，数据行数：5655]
2025-11-12 16:30:41,896 [INFO] [开始读取数据库表：tuiding_data]
2025-11-12 16:30:42,088 [INFO] [成功读取表 tuiding_data，数据行数：4053]
2025-11-12 16:30:42,088 [INFO] [开始读取数据库表：debit_data]
2025-11-12 16:30:45,401 [INFO] [成功读取表 debit_data，数据行数：24360]
2025-11-12 16:30:45,758 [INFO] [开始读取数据库表：sales_invoice_data]
2025-11-12 16:30:47,035 [INFO] [成功读取表 sales_invoice_data，数据行数：17892]
2025-11-12 17:00:25,379 [INFO] [数据库引擎创建成功]
2025-11-12 17:00:25,379 [INFO] [开始读取数据库表：order_data]
2025-11-12 17:00:26,065 [INFO] [成功读取表 order_data，数据行数：23142]
2025-11-12 17:00:26,234 [INFO] [开始读取数据库表：sales_data]
2025-11-12 17:00:30,998 [INFO] [成功读取表 sales_data，数据行数：24866]
2025-11-12 17:00:32,700 [INFO] [开始读取数据库表：jingpin_data]
2025-11-12 17:00:32,874 [INFO] [成功读取表 jingpin_data，数据行数：4343]
2025-11-12 17:00:32,930 [INFO] [开始读取数据库表：inventory_data]
2025-11-12 17:00:33,318 [INFO] [成功读取表 inventory_data，数据行数：5654]
2025-11-12 17:00:33,320 [INFO] [开始读取数据库表：tuiding_data]
2025-11-12 17:00:33,473 [INFO] [成功读取表 tuiding_data，数据行数：4056]
2025-11-12 17:00:33,474 [INFO] [开始读取数据库表：debit_data]
2025-11-12 17:00:34,983 [INFO] [成功读取表 debit_data，数据行数：24360]
2025-11-12 17:00:35,300 [INFO] [开始读取数据库表：sales_invoice_data]
2025-11-12 17:00:36,214 [INFO] [成功读取表 sales_invoice_data，数据行数：17894]
2025-11-12 17:31:17,688 [INFO] [数据库引擎创建成功]
2025-11-12 17:31:17,690 [INFO] [开始读取数据库表：order_data]
2025-11-12 17:31:19,253 [INFO] [成功读取表 order_data，数据行数：23149]
2025-11-12 17:31:19,630 [INFO] [开始读取数据库表：sales_data]
2025-11-12 17:31:25,057 [INFO] [成功读取表 sales_data，数据行数：24873]
2025-11-12 17:31:26,701 [INFO] [开始读取数据库表：jingpin_data]
2025-11-12 17:31:26,876 [INFO] [成功读取表 jingpin_data，数据行数：4344]
2025-11-12 17:31:26,928 [INFO] [开始读取数据库表：inventory_data]
2025-11-12 17:31:27,298 [INFO] [成功读取表 inventory_data，数据行数：5645]
2025-11-12 17:31:27,298 [INFO] [开始读取数据库表：tuiding_data]
2025-11-12 17:31:27,436 [INFO] [成功读取表 tuiding_data，数据行数：4056]
2025-11-12 17:31:27,436 [INFO] [开始读取数据库表：debit_data]
2025-11-12 17:31:28,763 [INFO] [成功读取表 debit_data，数据行数：24360]
2025-11-12 17:31:29,065 [INFO] [开始读取数据库表：sales_invoice_data]
2025-11-12 17:31:29,924 [INFO] [成功读取表 sales_invoice_data，数据行数：17901]
2025-11-12 17:59:24,757 [INFO] [数据库引擎创建成功]
2025-11-12 17:59:24,757 [INFO] [开始读取数据库表：order_data]
2025-11-12 17:59:25,319 [INFO] [成功读取表 order_data，数据行数：23159]
2025-11-12 17:59:25,476 [INFO] [开始读取数据库表：sales_data]
2025-11-12 17:59:29,415 [INFO] [成功读取表 sales_data，数据行数：24884]
2025-11-12 17:59:31,099 [INFO] [开始读取数据库表：jingpin_data]
2025-11-12 17:59:31,316 [INFO] [成功读取表 jingpin_data，数据行数：4346]
2025-11-12 17:59:31,391 [INFO] [开始读取数据库表：inventory_data]
2025-11-12 17:59:31,841 [INFO] [成功读取表 inventory_data，数据行数：5637]
2025-11-12 17:59:31,841 [INFO] [开始读取数据库表：tuiding_data]
2025-11-12 17:59:32,010 [INFO] [成功读取表 tuiding_data，数据行数：4056]
2025-11-12 17:59:32,010 [INFO] [开始读取数据库表：debit_data]
2025-11-12 17:59:33,684 [INFO] [成功读取表 debit_data，数据行数：24360]
2025-11-12 17:59:34,039 [INFO] [开始读取数据库表：sales_invoice_data]
2025-11-12 17:59:35,036 [INFO] [成功读取表 sales_invoice_data，数据行数：17912]
2025-11-12 18:29:18,662 [INFO] [数据库引擎创建成功]
2025-11-12 18:29:18,662 [INFO] [开始读取数据库表：order_data]
2025-11-12 18:29:19,087 [INFO] [成功读取表 order_data，数据行数：23165]
2025-11-12 18:29:19,197 [INFO] [开始读取数据库表：sales_data]
2025-11-12 18:29:21,995 [INFO] [成功读取表 sales_data，数据行数：24890]
2025-11-12 18:29:23,937 [INFO] [开始读取数据库表：jingpin_data]
2025-11-12 18:29:24,197 [INFO] [成功读取表 jingpin_data，数据行数：4346]
2025-11-12 18:29:24,273 [INFO] [开始读取数据库表：inventory_data]
2025-11-12 18:29:24,802 [INFO] [成功读取表 inventory_data，数据行数：5633]
2025-11-12 18:29:24,802 [INFO] [开始读取数据库表：tuiding_data]
2025-11-12 18:29:25,019 [INFO] [成功读取表 tuiding_data，数据行数：4058]
2025-11-12 18:29:25,019 [INFO] [开始读取数据库表：debit_data]
2025-11-12 18:29:27,031 [INFO] [成功读取表 debit_data，数据行数：24360]
2025-11-12 18:29:27,422 [INFO] [开始读取数据库表：sales_invoice_data]
2025-11-12 18:29:28,651 [INFO] [成功读取表 sales_invoice_data，数据行数：17916]
2025-11-12 18:59:15,653 [INFO] [数据库引擎创建成功]
2025-11-12 18:59:15,653 [INFO] [开始读取数据库表：order_data]
2025-11-12 18:59:16,081 [INFO] [成功读取表 order_data，数据行数：23166]
2025-11-12 18:59:16,188 [INFO] [开始读取数据库表：sales_data]
2025-11-12 18:59:21,227 [INFO] [成功读取表 sales_data，数据行数：24890]
2025-11-12 18:59:22,960 [INFO] [开始读取数据库表：jingpin_data]
2025-11-12 18:59:23,217 [INFO] [成功读取表 jingpin_data，数据行数：4346]
2025-11-12 18:59:23,293 [INFO] [开始读取数据库表：inventory_data]
2025-11-12 18:59:23,804 [INFO] [成功读取表 inventory_data，数据行数：5633]
2025-11-12 18:59:23,804 [INFO] [开始读取数据库表：tuiding_data]
2025-11-12 18:59:24,020 [INFO] [成功读取表 tuiding_data，数据行数：4058]
2025-11-12 18:59:24,021 [INFO] [开始读取数据库表：debit_data]
2025-11-12 18:59:26,002 [INFO] [成功读取表 debit_data，数据行数：24360]
2025-11-12 18:59:26,381 [INFO] [开始读取数据库表：sales_invoice_data]
2025-11-12 18:59:27,607 [INFO] [成功读取表 sales_invoice_data，数据行数：17916]
2025-11-12 19:29:23,588 [INFO] [数据库引擎创建成功]
2025-11-12 19:29:23,588 [INFO] [开始读取数据库表：order_data]
2025-11-12 19:29:24,038 [INFO] [成功读取表 order_data，数据行数：23169]
2025-11-12 19:29:24,147 [INFO] [开始读取数据库表：sales_data]
2025-11-12 19:29:27,862 [INFO] [成功读取表 sales_data，数据行数：24895]
2025-11-12 19:29:29,818 [INFO] [开始读取数据库表：jingpin_data]
2025-11-12 19:29:30,083 [INFO] [成功读取表 jingpin_data，数据行数：4346]
2025-11-12 19:29:30,155 [INFO] [开始读取数据库表：inventory_data]
2025-11-12 19:29:30,678 [INFO] [成功读取表 inventory_data，数据行数：5633]
2025-11-12 19:29:30,678 [INFO] [开始读取数据库表：tuiding_data]
2025-11-12 19:29:30,896 [INFO] [成功读取表 tuiding_data，数据行数：4058]
2025-11-12 19:29:30,896 [INFO] [开始读取数据库表：debit_data]
2025-11-12 19:29:32,914 [INFO] [成功读取表 debit_data，数据行数：24360]
2025-11-12 19:29:33,308 [INFO] [开始读取数据库表：sales_invoice_data]
2025-11-12 19:29:34,505 [INFO] [成功读取表 sales_invoice_data，数据行数：17916]
2025-11-12 19:59:23,681 [INFO] [数据库引擎创建成功]
2025-11-12 19:59:23,681 [INFO] [开始读取数据库表：order_data]
2025-11-12 19:59:24,969 [INFO] [成功读取表 order_data，数据行数：23170]
2025-11-12 19:59:25,317 [INFO] [开始读取数据库表：sales_data]
2025-11-12 19:59:31,401 [INFO] [成功读取表 sales_data，数据行数：24895]
2025-11-12 19:59:33,401 [INFO] [开始读取数据库表：jingpin_data]
2025-11-12 19:59:33,666 [INFO] [成功读取表 jingpin_data，数据行数：4346]
2025-11-12 19:59:33,741 [INFO] [开始读取数据库表：inventory_data]
2025-11-12 19:59:34,275 [INFO] [成功读取表 inventory_data，数据行数：5633]
2025-11-12 19:59:34,275 [INFO] [开始读取数据库表：tuiding_data]
2025-11-12 19:59:34,467 [INFO] [成功读取表 tuiding_data，数据行数：4058]
2025-11-12 19:59:34,467 [INFO] [开始读取数据库表：debit_data]
2025-11-12 19:59:36,482 [INFO] [成功读取表 debit_data，数据行数：24360]
2025-11-12 19:59:36,867 [INFO] [开始读取数据库表：sales_invoice_data]
2025-11-12 19:59:38,103 [INFO] [成功读取表 sales_invoice_data，数据行数：17916]
2025-11-12 20:28:57,733 [INFO] [数据库引擎创建成功]
2025-11-12 20:28:57,733 [INFO] [开始读取数据库表：order_data]
2025-11-12 20:28:58,217 [INFO] [成功读取表 order_data，数据行数：23171]
2025-11-12 20:28:58,361 [INFO] [开始读取数据库表：sales_data]
2025-11-12 20:29:02,586 [INFO] [成功读取表 sales_data，数据行数：24895]
2025-11-12 20:29:04,551 [INFO] [开始读取数据库表：jingpin_data]
2025-11-12 20:29:04,802 [INFO] [成功读取表 jingpin_data，数据行数：4346]
2025-11-12 20:29:04,870 [INFO] [开始读取数据库表：inventory_data]
2025-11-12 20:29:05,414 [INFO] [成功读取表 inventory_data，数据行数：5633]
2025-11-12 20:29:05,415 [INFO] [开始读取数据库表：tuiding_data]
2025-11-12 20:29:05,619 [INFO] [成功读取表 tuiding_data，数据行数：4058]
2025-11-12 20:29:05,619 [INFO] [开始读取数据库表：debit_data]
2025-11-12 20:29:09,692 [INFO] [成功读取表 debit_data，数据行数：24360]
2025-11-12 20:29:09,985 [INFO] [开始读取数据库表：sales_invoice_data]
2025-11-12 20:29:11,089 [INFO] [成功读取表 sales_invoice_data，数据行数：17916]
2025-11-12 20:59:04,763 [INFO] [数据库引擎创建成功]
2025-11-12 20:59:04,763 [INFO] [开始读取数据库表：order_data]
2025-11-12 20:59:05,215 [INFO] [成功读取表 order_data，数据行数：23171]
2025-11-12 20:59:05,344 [INFO] [开始读取数据库表：sales_data]
2025-11-12 20:59:10,898 [INFO] [成功读取表 sales_data，数据行数：24895]
2025-11-12 20:59:12,697 [INFO] [开始读取数据库表：jingpin_data]
2025-11-12 20:59:12,958 [INFO] [成功读取表 jingpin_data，数据行数：4346]
2025-11-12 20:59:13,033 [INFO] [开始读取数据库表：inventory_data]
2025-11-12 20:59:13,561 [INFO] [成功读取表 inventory_data，数据行数：5633]
2025-11-12 20:59:13,562 [INFO] [开始读取数据库表：tuiding_data]
2025-11-12 20:59:13,776 [INFO] [成功读取表 tuiding_data，数据行数：4058]
2025-11-12 20:59:13,776 [INFO] [开始读取数据库表：debit_data]
2025-11-12 20:59:15,766 [INFO] [成功读取表 debit_data，数据行数：24360]
2025-11-12 20:59:16,153 [INFO] [开始读取数据库表：sales_invoice_data]
2025-11-12 20:59:17,392 [INFO] [成功读取表 sales_invoice_data，数据行数：17916]
2025-11-12 21:29:18,719 [INFO] [数据库引擎创建成功]
2025-11-12 21:29:18,719 [INFO] [开始读取数据库表：order_data]
2025-11-12 21:29:19,127 [INFO] [成功读取表 order_data，数据行数：23171]
2025-11-12 21:29:19,245 [INFO] [开始读取数据库表：sales_data]
2025-11-12 21:29:22,074 [INFO] [成功读取表 sales_data，数据行数：24895]
2025-11-12 21:29:24,013 [INFO] [开始读取数据库表：jingpin_data]
2025-11-12 21:29:24,275 [INFO] [成功读取表 jingpin_data，数据行数：4346]
2025-11-12 21:29:24,350 [INFO] [开始读取数据库表：inventory_data]
2025-11-12 21:29:27,020 [INFO] [成功读取表 inventory_data，数据行数：5639]
2025-11-12 21:29:27,020 [INFO] [开始读取数据库表：tuiding_data]
2025-11-12 21:29:27,182 [INFO] [成功读取表 tuiding_data，数据行数：4058]
2025-11-12 21:29:27,182 [INFO] [开始读取数据库表：debit_data]
2025-11-12 21:29:28,943 [INFO] [成功读取表 debit_data，数据行数：24366]
2025-11-12 21:29:29,331 [INFO] [开始读取数据库表：sales_invoice_data]
2025-11-12 21:29:30,547 [INFO] [成功读取表 sales_invoice_data，数据行数：17916]
2025-11-12 21:59:27,794 [INFO] [数据库引擎创建成功]
2025-11-12 21:59:27,794 [INFO] [开始读取数据库表：order_data]
2025-11-12 21:59:28,212 [INFO] [成功读取表 order_data，数据行数：23170]
2025-11-12 21:59:28,330 [INFO] [开始读取数据库表：sales_data]
2025-11-12 21:59:31,439 [INFO] [成功读取表 sales_data，数据行数：24895]
2025-11-12 21:59:33,416 [INFO] [开始读取数据库表：jingpin_data]
2025-11-12 21:59:33,678 [INFO] [成功读取表 jingpin_data，数据行数：4346]
2025-11-12 21:59:33,752 [INFO] [开始读取数据库表：inventory_data]
2025-11-12 21:59:34,291 [INFO] [成功读取表 inventory_data，数据行数：5639]
2025-11-12 21:59:34,291 [INFO] [开始读取数据库表：tuiding_data]
2025-11-12 21:59:34,518 [INFO] [成功读取表 tuiding_data，数据行数：4059]
2025-11-12 21:59:34,518 [INFO] [开始读取数据库表：debit_data]
2025-11-12 21:59:36,547 [INFO] [成功读取表 debit_data，数据行数：24451]
2025-11-12 21:59:36,920 [INFO] [开始读取数据库表：sales_invoice_data]
2025-11-12 21:59:38,171 [INFO] [成功读取表 sales_invoice_data，数据行数：17916]
2025-11-12 22:29:31,847 [INFO] [数据库引擎创建成功]
2025-11-12 22:29:31,847 [INFO] [开始读取数据库表：order_data]
2025-11-12 22:29:32,282 [INFO] [成功读取表 order_data，数据行数：23170]
2025-11-12 22:29:32,395 [INFO] [开始读取数据库表：sales_data]
2025-11-12 22:29:35,922 [INFO] [成功读取表 sales_data，数据行数：24895]
2025-11-12 22:29:37,894 [INFO] [开始读取数据库表：jingpin_data]
2025-11-12 22:29:38,145 [INFO] [成功读取表 jingpin_data，数据行数：4346]
2025-11-12 22:29:38,221 [INFO] [开始读取数据库表：inventory_data]
2025-11-12 22:29:38,757 [INFO] [成功读取表 inventory_data，数据行数：5639]
2025-11-12 22:29:38,757 [INFO] [开始读取数据库表：tuiding_data]
2025-11-12 22:29:38,971 [INFO] [成功读取表 tuiding_data，数据行数：4059]
2025-11-12 22:29:38,971 [INFO] [开始读取数据库表：debit_data]
2025-11-12 22:29:40,973 [INFO] [成功读取表 debit_data，数据行数：24451]
2025-11-12 22:29:41,363 [INFO] [开始读取数据库表：sales_invoice_data]
2025-11-12 22:29:44,212 [INFO] [成功读取表 sales_invoice_data，数据行数：17916]
2025-11-12 22:58:53,531 [INFO] [数据库引擎创建成功]
2025-11-12 22:58:53,531 [INFO] [开始读取数据库表：order_data]
2025-11-12 22:58:53,980 [INFO] [成功读取表 order_data，数据行数：23170]
2025-11-12 22:58:54,102 [INFO] [开始读取数据库表：sales_data]
2025-11-12 22:58:57,490 [INFO] [成功读取表 sales_data，数据行数：24895]
2025-11-12 22:59:01,167 [INFO] [开始读取数据库表：jingpin_data]
2025-11-12 22:59:01,460 [INFO] [成功读取表 jingpin_data，数据行数：4346]
2025-11-12 22:59:01,528 [INFO] [开始读取数据库表：inventory_data]
2025-11-12 22:59:02,062 [INFO] [成功读取表 inventory_data，数据行数：5639]
2025-11-12 22:59:02,062 [INFO] [开始读取数据库表：tuiding_data]
2025-11-12 22:59:02,275 [INFO] [成功读取表 tuiding_data，数据行数：4059]
2025-11-12 22:59:02,275 [INFO] [开始读取数据库表：debit_data]
2025-11-12 22:59:04,335 [INFO] [成功读取表 debit_data，数据行数：24451]
2025-11-12 22:59:04,720 [INFO] [开始读取数据库表：sales_invoice_data]
2025-11-12 22:59:05,965 [INFO] [成功读取表 sales_invoice_data，数据行数：17916]
2025-11-12 23:29:27,032 [INFO] [数据库引擎创建成功]
2025-11-12 23:29:27,032 [INFO] [开始读取数据库表：order_data]
2025-11-12 23:29:27,499 [INFO] [成功读取表 order_data，数据行数：23170]
2025-11-12 23:29:27,617 [INFO] [开始读取数据库表：sales_data]
2025-11-12 23:29:32,536 [INFO] [成功读取表 sales_data，数据行数：24895]
2025-11-12 23:29:34,513 [INFO] [开始读取数据库表：jingpin_data]
2025-11-12 23:29:34,774 [INFO] [成功读取表 jingpin_data，数据行数：4346]
2025-11-12 23:29:34,848 [INFO] [开始读取数据库表：inventory_data]
2025-11-12 23:29:35,402 [INFO] [成功读取表 inventory_data，数据行数：5639]
2025-11-12 23:29:35,403 [INFO] [开始读取数据库表：tuiding_data]
2025-11-12 23:29:35,620 [INFO] [成功读取表 tuiding_data，数据行数：4059]
2025-11-12 23:29:35,620 [INFO] [开始读取数据库表：debit_data]
2025-11-12 23:29:37,705 [INFO] [成功读取表 debit_data，数据行数：24465]
2025-11-12 23:29:38,091 [INFO] [开始读取数据库表：sales_invoice_data]
2025-11-12 23:29:39,325 [INFO] [成功读取表 sales_invoice_data，数据行数：17916]
2025-11-12 23:58:55,618 [INFO] [数据库引擎创建成功]
2025-11-12 23:58:55,618 [INFO] [开始读取数据库表：order_data]
2025-11-12 23:58:56,038 [INFO] [成功读取表 order_data，数据行数：23170]
2025-11-12 23:58:56,157 [INFO] [开始读取数据库表：sales_data]
2025-11-12 23:58:59,180 [INFO] [成功读取表 sales_data，数据行数：24895]
2025-11-12 23:59:02,907 [INFO] [开始读取数据库表：jingpin_data]
2025-11-12 23:59:03,095 [INFO] [成功读取表 jingpin_data，数据行数：4346]
2025-11-12 23:59:03,141 [INFO] [开始读取数据库表：inventory_data]
2025-11-12 23:59:03,471 [INFO] [成功读取表 inventory_data，数据行数：5639]
2025-11-12 23:59:03,471 [INFO] [开始读取数据库表：tuiding_data]
2025-11-12 23:59:03,669 [INFO] [成功读取表 tuiding_data，数据行数：4059]
2025-11-12 23:59:03,670 [INFO] [开始读取数据库表：debit_data]
2025-11-12 23:59:05,665 [INFO] [成功读取表 debit_data，数据行数：24465]
2025-11-12 23:59:06,051 [INFO] [开始读取数据库表：sales_invoice_data]
2025-11-12 23:59:07,286 [INFO] [成功读取表 sales_invoice_data，数据行数：17916]
