2025-11-02 00:27:42,512 [INFO] [数据库引擎创建成功]
2025-11-02 00:27:42,513 [INFO] [开始读取数据库表：order_data]
2025-11-02 00:27:43,247 [INFO] [成功读取表 order_data，数据行数：22091]
2025-11-02 00:27:43,428 [INFO] [开始读取数据库表：sales_data]
2025-11-02 00:27:46,543 [INFO] [成功读取表 sales_data，数据行数：26325]
2025-11-02 00:27:47,834 [INFO] [开始读取数据库表：jingpin_data]
2025-11-02 00:27:48,009 [INFO] [成功读取表 jingpin_data，数据行数：4099]
2025-11-02 00:27:48,067 [INFO] [开始读取数据库表：inventory_data]
2025-11-02 00:27:48,383 [INFO] [成功读取表 inventory_data，数据行数：5728]
2025-11-02 00:27:48,383 [INFO] [开始读取数据库表：tuiding_data]
2025-11-02 00:27:48,473 [INFO] [成功读取表 tuiding_data，数据行数：3853]
2025-11-02 00:27:48,473 [INFO] [开始读取数据库表：debit_data]
2025-11-02 00:27:49,748 [INFO] [成功读取表 debit_data，数据行数：21816]
2025-11-02 00:27:50,070 [INFO] [开始读取数据库表：sales_invoice_data]
2025-11-02 00:27:51,177 [INFO] [成功读取表 sales_invoice_data，数据行数：19734]
2025-11-02 00:58:37,702 [INFO] [数据库引擎创建成功]
2025-11-02 00:58:37,703 [INFO] [开始读取数据库表：order_data]
2025-11-02 00:58:38,459 [INFO] [成功读取表 order_data，数据行数：22091]
2025-11-02 00:58:38,678 [INFO] [开始读取数据库表：sales_data]
2025-11-02 00:58:42,309 [INFO] [成功读取表 sales_data，数据行数：26325]
2025-11-02 00:58:43,659 [INFO] [开始读取数据库表：jingpin_data]
2025-11-02 00:58:43,758 [INFO] [成功读取表 jingpin_data，数据行数：4099]
2025-11-02 00:58:43,795 [INFO] [开始读取数据库表：inventory_data]
2025-11-02 00:58:44,088 [INFO] [成功读取表 inventory_data，数据行数：5728]
2025-11-02 00:58:44,089 [INFO] [开始读取数据库表：tuiding_data]
2025-11-02 00:58:44,267 [INFO] [成功读取表 tuiding_data，数据行数：3853]
2025-11-02 00:58:44,267 [INFO] [开始读取数据库表：debit_data]
2025-11-02 00:58:45,704 [INFO] [成功读取表 debit_data，数据行数：21816]
2025-11-02 00:58:47,177 [INFO] [开始读取数据库表：sales_invoice_data]
2025-11-02 00:58:48,444 [INFO] [成功读取表 sales_invoice_data，数据行数：19734]
2025-11-02 01:27:58,770 [INFO] [数据库引擎创建成功]
2025-11-02 01:27:58,770 [INFO] [开始读取数据库表：order_data]
2025-11-02 01:27:59,382 [INFO] [成功读取表 order_data，数据行数：22091]
2025-11-02 01:27:59,557 [INFO] [开始读取数据库表：sales_data]
2025-11-02 01:28:02,593 [INFO] [成功读取表 sales_data，数据行数：26325]
2025-11-02 01:28:03,639 [INFO] [开始读取数据库表：jingpin_data]
2025-11-02 01:28:03,716 [INFO] [成功读取表 jingpin_data，数据行数：4099]
2025-11-02 01:28:03,772 [INFO] [开始读取数据库表：inventory_data]
2025-11-02 01:28:04,083 [INFO] [成功读取表 inventory_data，数据行数：5728]
2025-11-02 01:28:04,084 [INFO] [开始读取数据库表：tuiding_data]
2025-11-02 01:28:04,214 [INFO] [成功读取表 tuiding_data，数据行数：3853]
2025-11-02 01:28:04,214 [INFO] [开始读取数据库表：debit_data]
2025-11-02 01:28:05,100 [INFO] [成功读取表 debit_data，数据行数：21816]
2025-11-02 01:28:05,354 [INFO] [开始读取数据库表：sales_invoice_data]
2025-11-02 01:28:06,471 [INFO] [成功读取表 sales_invoice_data，数据行数：19734]
2025-11-02 01:57:58,638 [INFO] [数据库引擎创建成功]
2025-11-02 01:57:58,639 [INFO] [开始读取数据库表：order_data]
2025-11-02 01:57:59,451 [INFO] [成功读取表 order_data，数据行数：22091]
2025-11-02 01:57:59,676 [INFO] [开始读取数据库表：sales_data]
2025-11-02 01:58:03,163 [INFO] [成功读取表 sales_data，数据行数：26325]
2025-11-02 01:58:04,329 [INFO] [开始读取数据库表：jingpin_data]
2025-11-02 01:58:04,418 [INFO] [成功读取表 jingpin_data，数据行数：4099]
2025-11-02 01:58:04,459 [INFO] [开始读取数据库表：inventory_data]
2025-11-02 01:58:04,695 [INFO] [成功读取表 inventory_data，数据行数：5728]
2025-11-02 01:58:04,696 [INFO] [开始读取数据库表：tuiding_data]
2025-11-02 01:58:04,788 [INFO] [成功读取表 tuiding_data，数据行数：3853]
2025-11-02 01:58:04,788 [INFO] [开始读取数据库表：debit_data]
2025-11-02 01:58:06,397 [INFO] [成功读取表 debit_data，数据行数：21816]
2025-11-02 01:58:06,766 [INFO] [开始读取数据库表：sales_invoice_data]
2025-11-02 01:58:07,834 [INFO] [成功读取表 sales_invoice_data，数据行数：19734]
2025-11-02 02:27:53,073 [INFO] [数据库引擎创建成功]
2025-11-02 02:27:53,074 [INFO] [开始读取数据库表：order_data]
2025-11-02 02:27:53,961 [INFO] [成功读取表 order_data，数据行数：22091]
2025-11-02 02:27:54,193 [INFO] [开始读取数据库表：sales_data]
2025-11-02 02:27:58,275 [INFO] [成功读取表 sales_data，数据行数：26325]
2025-11-02 02:27:59,935 [INFO] [开始读取数据库表：jingpin_data]
2025-11-02 02:28:00,091 [INFO] [成功读取表 jingpin_data，数据行数：4099]
2025-11-02 02:28:00,157 [INFO] [开始读取数据库表：inventory_data]
2025-11-02 02:28:00,568 [INFO] [成功读取表 inventory_data，数据行数：5728]
2025-11-02 02:28:00,569 [INFO] [开始读取数据库表：tuiding_data]
2025-11-02 02:28:00,722 [INFO] [成功读取表 tuiding_data，数据行数：3853]
2025-11-02 02:28:00,722 [INFO] [开始读取数据库表：debit_data]
2025-11-02 02:28:02,133 [INFO] [成功读取表 debit_data，数据行数：21816]
2025-11-02 02:28:02,464 [INFO] [开始读取数据库表：sales_invoice_data]
2025-11-02 02:28:03,513 [INFO] [成功读取表 sales_invoice_data，数据行数：19734]
2025-11-02 02:57:45,022 [INFO] [数据库引擎创建成功]
2025-11-02 02:57:45,022 [INFO] [开始读取数据库表：order_data]
2025-11-02 02:57:45,752 [INFO] [成功读取表 order_data，数据行数：22091]
2025-11-02 02:57:45,976 [INFO] [开始读取数据库表：sales_data]
2025-11-02 02:57:49,396 [INFO] [成功读取表 sales_data，数据行数：26325]
2025-11-02 02:57:50,599 [INFO] [开始读取数据库表：jingpin_data]
2025-11-02 02:57:50,671 [INFO] [成功读取表 jingpin_data，数据行数：4099]
2025-11-02 02:57:50,702 [INFO] [开始读取数据库表：inventory_data]
2025-11-02 02:57:50,896 [INFO] [成功读取表 inventory_data，数据行数：5728]
2025-11-02 02:57:50,896 [INFO] [开始读取数据库表：tuiding_data]
2025-11-02 02:57:50,974 [INFO] [成功读取表 tuiding_data，数据行数：3853]
2025-11-02 02:57:50,975 [INFO] [开始读取数据库表：debit_data]
2025-11-02 02:57:52,693 [INFO] [成功读取表 debit_data，数据行数：21816]
2025-11-02 02:57:53,026 [INFO] [开始读取数据库表：sales_invoice_data]
2025-11-02 02:57:54,133 [INFO] [成功读取表 sales_invoice_data，数据行数：19734]
2025-11-02 03:27:46,140 [INFO] [数据库引擎创建成功]
2025-11-02 03:27:46,140 [INFO] [开始读取数据库表：order_data]
2025-11-02 03:27:47,137 [INFO] [成功读取表 order_data，数据行数：22091]
2025-11-02 03:27:47,384 [INFO] [开始读取数据库表：sales_data]
2025-11-02 03:27:51,217 [INFO] [成功读取表 sales_data，数据行数：26325]
2025-11-02 03:27:53,383 [INFO] [开始读取数据库表：jingpin_data]
2025-11-02 03:27:53,582 [INFO] [成功读取表 jingpin_data，数据行数：4099]
2025-11-02 03:27:53,672 [INFO] [开始读取数据库表：inventory_data]
2025-11-02 03:27:54,093 [INFO] [成功读取表 inventory_data，数据行数：5728]
2025-11-02 03:27:54,093 [INFO] [开始读取数据库表：tuiding_data]
2025-11-02 03:27:54,302 [INFO] [成功读取表 tuiding_data，数据行数：3853]
2025-11-02 03:27:54,302 [INFO] [开始读取数据库表：debit_data]
2025-11-02 03:27:55,726 [INFO] [成功读取表 debit_data，数据行数：21816]
2025-11-02 03:27:56,095 [INFO] [开始读取数据库表：sales_invoice_data]
2025-11-02 03:27:57,160 [INFO] [成功读取表 sales_invoice_data，数据行数：19734]
2025-11-02 03:58:05,935 [INFO] [数据库引擎创建成功]
2025-11-02 03:58:05,935 [INFO] [开始读取数据库表：order_data]
2025-11-02 03:58:06,703 [INFO] [成功读取表 order_data，数据行数：22091]
2025-11-02 03:58:06,897 [INFO] [开始读取数据库表：sales_data]
2025-11-02 03:58:10,318 [INFO] [成功读取表 sales_data，数据行数：26325]
2025-11-02 03:58:11,597 [INFO] [开始读取数据库表：jingpin_data]
2025-11-02 03:58:11,693 [INFO] [成功读取表 jingpin_data，数据行数：4099]
2025-11-02 03:58:11,742 [INFO] [开始读取数据库表：inventory_data]
2025-11-02 03:58:12,021 [INFO] [成功读取表 inventory_data，数据行数：5728]
2025-11-02 03:58:12,021 [INFO] [开始读取数据库表：tuiding_data]
2025-11-02 03:58:12,117 [INFO] [成功读取表 tuiding_data，数据行数：3853]
2025-11-02 03:58:12,117 [INFO] [开始读取数据库表：debit_data]
2025-11-02 03:58:13,451 [INFO] [成功读取表 debit_data，数据行数：21816]
2025-11-02 03:58:13,774 [INFO] [开始读取数据库表：sales_invoice_data]
2025-11-02 03:58:14,880 [INFO] [成功读取表 sales_invoice_data，数据行数：19734]
2025-11-02 04:28:00,519 [INFO] [数据库引擎创建成功]
2025-11-02 04:28:00,519 [INFO] [开始读取数据库表：order_data]
2025-11-02 04:28:01,212 [INFO] [成功读取表 order_data，数据行数：22091]
2025-11-02 04:28:01,389 [INFO] [开始读取数据库表：sales_data]
2025-11-02 04:28:04,759 [INFO] [成功读取表 sales_data，数据行数：26325]
2025-11-02 04:28:05,907 [INFO] [开始读取数据库表：jingpin_data]
2025-11-02 04:28:05,988 [INFO] [成功读取表 jingpin_data，数据行数：4099]
2025-11-02 04:28:06,024 [INFO] [开始读取数据库表：inventory_data]
2025-11-02 04:28:06,199 [INFO] [成功读取表 inventory_data，数据行数：5728]
2025-11-02 04:28:06,199 [INFO] [开始读取数据库表：tuiding_data]
2025-11-02 04:28:06,314 [INFO] [成功读取表 tuiding_data，数据行数：3853]
2025-11-02 04:28:06,314 [INFO] [开始读取数据库表：debit_data]
2025-11-02 04:28:07,520 [INFO] [成功读取表 debit_data，数据行数：21816]
2025-11-02 04:28:07,812 [INFO] [开始读取数据库表：sales_invoice_data]
2025-11-02 04:28:09,803 [INFO] [成功读取表 sales_invoice_data，数据行数：19734]
2025-11-02 04:57:42,778 [INFO] [数据库引擎创建成功]
2025-11-02 04:57:42,778 [INFO] [开始读取数据库表：order_data]
2025-11-02 04:57:43,624 [INFO] [成功读取表 order_data，数据行数：22091]
2025-11-02 04:57:43,860 [INFO] [开始读取数据库表：sales_data]
2025-11-02 04:57:47,342 [INFO] [成功读取表 sales_data，数据行数：26325]
2025-11-02 04:57:48,959 [INFO] [开始读取数据库表：jingpin_data]
2025-11-02 04:57:49,112 [INFO] [成功读取表 jingpin_data，数据行数：4099]
2025-11-02 04:57:49,170 [INFO] [开始读取数据库表：inventory_data]
2025-11-02 04:57:49,580 [INFO] [成功读取表 inventory_data，数据行数：5728]
2025-11-02 04:57:49,580 [INFO] [开始读取数据库表：tuiding_data]
2025-11-02 04:57:49,757 [INFO] [成功读取表 tuiding_data，数据行数：3853]
2025-11-02 04:57:49,758 [INFO] [开始读取数据库表：debit_data]
2025-11-02 04:57:51,257 [INFO] [成功读取表 debit_data，数据行数：21816]
2025-11-02 04:57:51,668 [INFO] [开始读取数据库表：sales_invoice_data]
2025-11-02 04:57:52,816 [INFO] [成功读取表 sales_invoice_data，数据行数：19734]
2025-11-02 05:27:35,493 [INFO] [数据库引擎创建成功]
2025-11-02 05:27:35,493 [INFO] [开始读取数据库表：order_data]
2025-11-02 05:27:36,079 [INFO] [成功读取表 order_data，数据行数：22091]
2025-11-02 05:27:36,250 [INFO] [开始读取数据库表：sales_data]
2025-11-02 05:27:39,214 [INFO] [成功读取表 sales_data，数据行数：26325]
2025-11-02 05:27:40,226 [INFO] [开始读取数据库表：jingpin_data]
2025-11-02 05:27:40,293 [INFO] [成功读取表 jingpin_data，数据行数：4099]
2025-11-02 05:27:40,327 [INFO] [开始读取数据库表：inventory_data]
2025-11-02 05:27:40,543 [INFO] [成功读取表 inventory_data，数据行数：5728]
2025-11-02 05:27:40,543 [INFO] [开始读取数据库表：tuiding_data]
2025-11-02 05:27:40,639 [INFO] [成功读取表 tuiding_data，数据行数：3853]
2025-11-02 05:27:40,640 [INFO] [开始读取数据库表：debit_data]
2025-11-02 05:27:41,320 [INFO] [成功读取表 debit_data，数据行数：21816]
2025-11-02 05:27:41,520 [INFO] [开始读取数据库表：sales_invoice_data]
2025-11-02 05:27:42,594 [INFO] [成功读取表 sales_invoice_data，数据行数：19734]
2025-11-02 05:57:48,242 [INFO] [数据库引擎创建成功]
2025-11-02 05:57:48,242 [INFO] [开始读取数据库表：order_data]
2025-11-02 05:57:49,022 [INFO] [成功读取表 order_data，数据行数：22091]
2025-11-02 05:57:49,211 [INFO] [开始读取数据库表：sales_data]
2025-11-02 05:57:52,734 [INFO] [成功读取表 sales_data，数据行数：26325]
2025-11-02 05:57:53,914 [INFO] [开始读取数据库表：jingpin_data]
2025-11-02 05:57:54,033 [INFO] [成功读取表 jingpin_data，数据行数：4099]
2025-11-02 05:57:54,073 [INFO] [开始读取数据库表：inventory_data]
2025-11-02 05:57:54,333 [INFO] [成功读取表 inventory_data，数据行数：5728]
2025-11-02 05:57:54,333 [INFO] [开始读取数据库表：tuiding_data]
2025-11-02 05:57:54,528 [INFO] [成功读取表 tuiding_data，数据行数：3853]
2025-11-02 05:57:54,528 [INFO] [开始读取数据库表：debit_data]
2025-11-02 05:57:55,927 [INFO] [成功读取表 debit_data，数据行数：21816]
2025-11-02 05:57:56,227 [INFO] [开始读取数据库表：sales_invoice_data]
2025-11-02 05:57:58,159 [INFO] [成功读取表 sales_invoice_data，数据行数：19734]
2025-11-02 06:27:47,285 [INFO] [数据库引擎创建成功]
2025-11-02 06:27:47,285 [INFO] [开始读取数据库表：order_data]
2025-11-02 06:27:48,214 [INFO] [成功读取表 order_data，数据行数：22091]
2025-11-02 06:27:48,400 [INFO] [开始读取数据库表：sales_data]
2025-11-02 06:27:51,969 [INFO] [成功读取表 sales_data，数据行数：26325]
2025-11-02 06:27:53,217 [INFO] [开始读取数据库表：jingpin_data]
2025-11-02 06:27:53,379 [INFO] [成功读取表 jingpin_data，数据行数：4099]
2025-11-02 06:27:53,439 [INFO] [开始读取数据库表：inventory_data]
2025-11-02 06:27:53,876 [INFO] [成功读取表 inventory_data，数据行数：5728]
2025-11-02 06:27:53,877 [INFO] [开始读取数据库表：tuiding_data]
2025-11-02 06:27:54,068 [INFO] [成功读取表 tuiding_data，数据行数：3853]
2025-11-02 06:27:54,068 [INFO] [开始读取数据库表：debit_data]
2025-11-02 06:27:55,443 [INFO] [成功读取表 debit_data，数据行数：21816]
2025-11-02 06:27:55,766 [INFO] [开始读取数据库表：sales_invoice_data]
2025-11-02 06:27:56,803 [INFO] [成功读取表 sales_invoice_data，数据行数：19734]
2025-11-02 06:57:50,522 [INFO] [数据库引擎创建成功]
2025-11-02 06:57:50,522 [INFO] [开始读取数据库表：order_data]
2025-11-02 06:57:51,206 [INFO] [成功读取表 order_data，数据行数：22091]
2025-11-02 06:57:51,388 [INFO] [开始读取数据库表：sales_data]
2025-11-02 06:57:54,913 [INFO] [成功读取表 sales_data，数据行数：26325]
2025-11-02 06:57:56,098 [INFO] [开始读取数据库表：jingpin_data]
2025-11-02 06:57:56,216 [INFO] [成功读取表 jingpin_data，数据行数：4099]
2025-11-02 06:57:56,262 [INFO] [开始读取数据库表：inventory_data]
2025-11-02 06:57:56,557 [INFO] [成功读取表 inventory_data，数据行数：5728]
2025-11-02 06:57:56,557 [INFO] [开始读取数据库表：tuiding_data]
2025-11-02 06:57:56,651 [INFO] [成功读取表 tuiding_data，数据行数：3853]
2025-11-02 06:57:56,652 [INFO] [开始读取数据库表：debit_data]
2025-11-02 06:57:58,089 [INFO] [成功读取表 debit_data，数据行数：21816]
2025-11-02 06:57:58,416 [INFO] [开始读取数据库表：sales_invoice_data]
2025-11-02 06:58:00,434 [INFO] [成功读取表 sales_invoice_data，数据行数：19734]
2025-11-02 07:27:55,489 [INFO] [数据库引擎创建成功]
2025-11-02 07:27:55,489 [INFO] [开始读取数据库表：order_data]
2025-11-02 07:27:56,232 [INFO] [成功读取表 order_data，数据行数：22091]
2025-11-02 07:27:56,428 [INFO] [开始读取数据库表：sales_data]
2025-11-02 07:27:59,983 [INFO] [成功读取表 sales_data，数据行数：26325]
2025-11-02 07:28:01,064 [INFO] [开始读取数据库表：jingpin_data]
2025-11-02 07:28:01,159 [INFO] [成功读取表 jingpin_data，数据行数：4099]
2025-11-02 07:28:01,194 [INFO] [开始读取数据库表：inventory_data]
2025-11-02 07:28:01,415 [INFO] [成功读取表 inventory_data，数据行数：5728]
2025-11-02 07:28:01,415 [INFO] [开始读取数据库表：tuiding_data]
2025-11-02 07:28:01,508 [INFO] [成功读取表 tuiding_data，数据行数：3853]
2025-11-02 07:28:01,508 [INFO] [开始读取数据库表：debit_data]
2025-11-02 07:28:03,078 [INFO] [成功读取表 debit_data，数据行数：21816]
2025-11-02 07:28:03,401 [INFO] [开始读取数据库表：sales_invoice_data]
2025-11-02 07:28:04,540 [INFO] [成功读取表 sales_invoice_data，数据行数：19734]
2025-11-02 07:57:49,529 [INFO] [数据库引擎创建成功]
2025-11-02 07:57:49,529 [INFO] [开始读取数据库表：order_data]
2025-11-02 07:57:50,181 [INFO] [成功读取表 order_data，数据行数：22091]
2025-11-02 07:57:50,414 [INFO] [开始读取数据库表：sales_data]
2025-11-02 07:57:53,933 [INFO] [成功读取表 sales_data，数据行数：26325]
2025-11-02 07:57:55,080 [INFO] [开始读取数据库表：jingpin_data]
2025-11-02 07:57:55,194 [INFO] [成功读取表 jingpin_data，数据行数：4099]
2025-11-02 07:57:55,238 [INFO] [开始读取数据库表：inventory_data]
2025-11-02 07:57:55,683 [INFO] [成功读取表 inventory_data，数据行数：5728]
2025-11-02 07:57:55,684 [INFO] [开始读取数据库表：tuiding_data]
2025-11-02 07:57:55,846 [INFO] [成功读取表 tuiding_data，数据行数：3853]
2025-11-02 07:57:55,847 [INFO] [开始读取数据库表：debit_data]
2025-11-02 07:57:57,208 [INFO] [成功读取表 debit_data，数据行数：21816]
2025-11-02 07:57:57,525 [INFO] [开始读取数据库表：sales_invoice_data]
2025-11-02 07:57:58,568 [INFO] [成功读取表 sales_invoice_data，数据行数：19734]
2025-11-02 08:28:11,324 [INFO] [数据库引擎创建成功]
2025-11-02 08:28:11,324 [INFO] [开始读取数据库表：order_data]
2025-11-02 08:28:12,006 [INFO] [成功读取表 order_data，数据行数：22091]
2025-11-02 08:28:12,236 [INFO] [开始读取数据库表：sales_data]
2025-11-02 08:28:15,760 [INFO] [成功读取表 sales_data，数据行数：26325]
2025-11-02 08:28:17,001 [INFO] [开始读取数据库表：jingpin_data]
2025-11-02 08:28:17,070 [INFO] [成功读取表 jingpin_data，数据行数：4099]
2025-11-02 08:28:17,143 [INFO] [开始读取数据库表：inventory_data]
2025-11-02 08:28:17,442 [INFO] [成功读取表 inventory_data，数据行数：5728]
2025-11-02 08:28:17,442 [INFO] [开始读取数据库表：tuiding_data]
2025-11-02 08:28:17,550 [INFO] [成功读取表 tuiding_data，数据行数：3853]
2025-11-02 08:28:17,550 [INFO] [开始读取数据库表：debit_data]
2025-11-02 08:28:20,814 [INFO] [成功读取表 debit_data，数据行数：21816]
2025-11-02 08:28:21,168 [INFO] [开始读取数据库表：sales_invoice_data]
2025-11-02 08:28:22,259 [INFO] [成功读取表 sales_invoice_data，数据行数：19734]
2025-11-02 08:58:36,253 [INFO] [数据库引擎创建成功]
2025-11-02 08:58:36,254 [INFO] [开始读取数据库表：order_data]
2025-11-02 08:58:37,049 [INFO] [成功读取表 order_data，数据行数：22091]
2025-11-02 08:58:37,281 [INFO] [开始读取数据库表：sales_data]
2025-11-02 08:58:40,851 [INFO] [成功读取表 sales_data，数据行数：26325]
2025-11-02 08:58:42,496 [INFO] [开始读取数据库表：jingpin_data]
2025-11-02 08:58:42,666 [INFO] [成功读取表 jingpin_data，数据行数：4099]
2025-11-02 08:58:42,739 [INFO] [开始读取数据库表：inventory_data]
2025-11-02 08:58:43,151 [INFO] [成功读取表 inventory_data，数据行数：5728]
2025-11-02 08:58:43,152 [INFO] [开始读取数据库表：tuiding_data]
2025-11-02 08:58:43,310 [INFO] [成功读取表 tuiding_data，数据行数：3853]
2025-11-02 08:58:43,311 [INFO] [开始读取数据库表：debit_data]
2025-11-02 08:58:44,631 [INFO] [成功读取表 debit_data，数据行数：21816]
2025-11-02 08:58:45,017 [INFO] [开始读取数据库表：sales_invoice_data]
2025-11-02 08:58:46,035 [INFO] [成功读取表 sales_invoice_data，数据行数：19735]
2025-11-02 09:28:06,165 [INFO] [数据库引擎创建成功]
2025-11-02 09:28:06,165 [INFO] [开始读取数据库表：order_data]
2025-11-02 09:28:06,732 [INFO] [成功读取表 order_data，数据行数：22092]
2025-11-02 09:28:06,895 [INFO] [开始读取数据库表：sales_data]
2025-11-02 09:28:09,409 [INFO] [成功读取表 sales_data，数据行数：26325]
2025-11-02 09:28:10,268 [INFO] [开始读取数据库表：jingpin_data]
2025-11-02 09:28:10,330 [INFO] [成功读取表 jingpin_data，数据行数：4099]
2025-11-02 09:28:10,361 [INFO] [开始读取数据库表：inventory_data]
2025-11-02 09:28:10,534 [INFO] [成功读取表 inventory_data，数据行数：5728]
2025-11-02 09:28:10,534 [INFO] [开始读取数据库表：tuiding_data]
2025-11-02 09:28:10,596 [INFO] [成功读取表 tuiding_data，数据行数：3853]
2025-11-02 09:28:10,596 [INFO] [开始读取数据库表：debit_data]
2025-11-02 09:28:11,616 [INFO] [成功读取表 debit_data，数据行数：21816]
2025-11-02 09:28:11,947 [INFO] [开始读取数据库表：sales_invoice_data]
2025-11-02 09:28:13,011 [INFO] [成功读取表 sales_invoice_data，数据行数：19736]
2025-11-02 09:58:12,036 [INFO] [数据库引擎创建成功]
2025-11-02 09:58:12,036 [INFO] [开始读取数据库表：order_data]
2025-11-02 09:58:12,564 [INFO] [成功读取表 order_data，数据行数：22092]
2025-11-02 09:58:12,728 [INFO] [开始读取数据库表：sales_data]
2025-11-02 09:58:15,440 [INFO] [成功读取表 sales_data，数据行数：26325]
2025-11-02 09:58:16,354 [INFO] [开始读取数据库表：jingpin_data]
2025-11-02 09:58:16,420 [INFO] [成功读取表 jingpin_data，数据行数：4099]
2025-11-02 09:58:16,450 [INFO] [开始读取数据库表：inventory_data]
2025-11-02 09:58:16,646 [INFO] [成功读取表 inventory_data，数据行数：5728]
2025-11-02 09:58:16,646 [INFO] [开始读取数据库表：tuiding_data]
2025-11-02 09:58:16,716 [INFO] [成功读取表 tuiding_data，数据行数：3853]
2025-11-02 09:58:16,717 [INFO] [开始读取数据库表：debit_data]
2025-11-02 09:58:18,150 [INFO] [成功读取表 debit_data，数据行数：21816]
2025-11-02 09:58:18,468 [INFO] [开始读取数据库表：sales_invoice_data]
2025-11-02 09:58:19,515 [INFO] [成功读取表 sales_invoice_data，数据行数：19742]
2025-11-02 10:28:12,420 [INFO] [数据库引擎创建成功]
2025-11-02 10:28:12,420 [INFO] [开始读取数据库表：order_data]
2025-11-02 10:28:13,156 [INFO] [成功读取表 order_data，数据行数：22096]
2025-11-02 10:28:13,350 [INFO] [开始读取数据库表：sales_data]
2025-11-02 10:28:16,709 [INFO] [成功读取表 sales_data，数据行数：26326]
2025-11-02 10:28:17,868 [INFO] [开始读取数据库表：jingpin_data]
2025-11-02 10:28:17,970 [INFO] [成功读取表 jingpin_data，数据行数：4099]
2025-11-02 10:28:18,018 [INFO] [开始读取数据库表：inventory_data]
2025-11-02 10:28:18,263 [INFO] [成功读取表 inventory_data，数据行数：5728]
2025-11-02 10:28:18,263 [INFO] [开始读取数据库表：tuiding_data]
2025-11-02 10:28:18,358 [INFO] [成功读取表 tuiding_data，数据行数：3853]
2025-11-02 10:28:18,358 [INFO] [开始读取数据库表：debit_data]
2025-11-02 10:28:19,489 [INFO] [成功读取表 debit_data，数据行数：21816]
2025-11-02 10:28:19,859 [INFO] [开始读取数据库表：sales_invoice_data]
2025-11-02 10:28:20,903 [INFO] [成功读取表 sales_invoice_data，数据行数：19744]
2025-11-02 10:58:17,649 [INFO] [数据库引擎创建成功]
2025-11-02 10:58:17,649 [INFO] [开始读取数据库表：order_data]
2025-11-02 10:58:18,388 [INFO] [成功读取表 order_data，数据行数：22096]
2025-11-02 10:58:18,597 [INFO] [开始读取数据库表：sales_data]
2025-11-02 10:58:22,114 [INFO] [成功读取表 sales_data，数据行数：26328]
2025-11-02 10:58:23,361 [INFO] [开始读取数据库表：jingpin_data]
2025-11-02 10:58:23,464 [INFO] [成功读取表 jingpin_data，数据行数：4100]
2025-11-02 10:58:23,506 [INFO] [开始读取数据库表：inventory_data]
2025-11-02 10:58:24,516 [INFO] [成功读取表 inventory_data，数据行数：5728]
2025-11-02 10:58:24,516 [INFO] [开始读取数据库表：tuiding_data]
2025-11-02 10:58:24,678 [INFO] [成功读取表 tuiding_data，数据行数：3853]
2025-11-02 10:58:24,678 [INFO] [开始读取数据库表：debit_data]
2025-11-02 10:58:26,111 [INFO] [成功读取表 debit_data，数据行数：21816]
2025-11-02 10:58:26,460 [INFO] [开始读取数据库表：sales_invoice_data]
2025-11-02 10:58:27,515 [INFO] [成功读取表 sales_invoice_data，数据行数：19744]
2025-11-02 11:28:27,481 [INFO] [数据库引擎创建成功]
2025-11-02 11:28:27,490 [INFO] [开始读取数据库表：order_data]
2025-11-02 11:28:28,250 [INFO] [成功读取表 order_data，数据行数：22098]
2025-11-02 11:28:28,465 [INFO] [开始读取数据库表：sales_data]
2025-11-02 11:28:32,024 [INFO] [成功读取表 sales_data，数据行数：26329]
2025-11-02 11:28:33,321 [INFO] [开始读取数据库表：jingpin_data]
2025-11-02 11:28:33,454 [INFO] [成功读取表 jingpin_data，数据行数：4100]
2025-11-02 11:28:33,525 [INFO] [开始读取数据库表：inventory_data]
2025-11-02 11:28:33,967 [INFO] [成功读取表 inventory_data，数据行数：5728]
2025-11-02 11:28:33,968 [INFO] [开始读取数据库表：tuiding_data]
2025-11-02 11:28:34,126 [INFO] [成功读取表 tuiding_data，数据行数：3853]
2025-11-02 11:28:34,127 [INFO] [开始读取数据库表：debit_data]
2025-11-02 11:28:35,588 [INFO] [成功读取表 debit_data，数据行数：21816]
2025-11-02 11:28:35,944 [INFO] [开始读取数据库表：sales_invoice_data]
2025-11-02 11:28:37,067 [INFO] [成功读取表 sales_invoice_data，数据行数：19748]
2025-11-02 11:58:31,761 [INFO] [数据库引擎创建成功]
2025-11-02 11:58:31,761 [INFO] [开始读取数据库表：order_data]
2025-11-02 11:58:32,480 [INFO] [成功读取表 order_data，数据行数：22107]
2025-11-02 11:58:32,681 [INFO] [开始读取数据库表：sales_data]
2025-11-02 11:58:36,304 [INFO] [成功读取表 sales_data，数据行数：26330]
2025-11-02 11:58:37,558 [INFO] [开始读取数据库表：jingpin_data]
2025-11-02 11:58:37,633 [INFO] [成功读取表 jingpin_data，数据行数：4102]
2025-11-02 11:58:37,675 [INFO] [开始读取数据库表：inventory_data]
2025-11-02 11:58:38,032 [INFO] [成功读取表 inventory_data，数据行数：5728]
2025-11-02 11:58:38,032 [INFO] [开始读取数据库表：tuiding_data]
2025-11-02 11:58:38,195 [INFO] [成功读取表 tuiding_data，数据行数：3853]
2025-11-02 11:58:38,195 [INFO] [开始读取数据库表：debit_data]
2025-11-02 11:58:39,566 [INFO] [成功读取表 debit_data，数据行数：21854]
2025-11-02 11:58:39,877 [INFO] [开始读取数据库表：sales_invoice_data]
2025-11-02 11:58:40,923 [INFO] [成功读取表 sales_invoice_data，数据行数：19760]
2025-11-02 12:28:55,708 [INFO] [数据库引擎创建成功]
2025-11-02 12:28:55,709 [INFO] [开始读取数据库表：order_data]
2025-11-02 12:28:56,564 [INFO] [成功读取表 order_data，数据行数：22116]
2025-11-02 12:28:56,803 [INFO] [开始读取数据库表：sales_data]
2025-11-02 12:29:00,537 [INFO] [成功读取表 sales_data，数据行数：26330]
2025-11-02 12:29:02,611 [INFO] [开始读取数据库表：jingpin_data]
2025-11-02 12:29:02,923 [INFO] [成功读取表 jingpin_data，数据行数：4102]
2025-11-02 12:29:03,027 [INFO] [开始读取数据库表：inventory_data]
2025-11-02 12:29:03,686 [INFO] [成功读取表 inventory_data，数据行数：5730]
2025-11-02 12:29:03,687 [INFO] [开始读取数据库表：tuiding_data]
2025-11-02 12:29:03,912 [INFO] [成功读取表 tuiding_data，数据行数：3853]
2025-11-02 12:29:03,912 [INFO] [开始读取数据库表：debit_data]
2025-11-02 12:29:07,478 [INFO] [成功读取表 debit_data，数据行数：21856]
2025-11-02 12:29:07,880 [INFO] [开始读取数据库表：sales_invoice_data]
2025-11-02 12:29:09,065 [INFO] [成功读取表 sales_invoice_data，数据行数：19775]
2025-11-02 12:58:09,043 [INFO] [数据库引擎创建成功]
2025-11-02 12:58:09,043 [INFO] [开始读取数据库表：order_data]
2025-11-02 12:58:09,761 [INFO] [成功读取表 order_data，数据行数：22124]
2025-11-02 12:58:09,986 [INFO] [开始读取数据库表：sales_data]
2025-11-02 12:58:13,463 [INFO] [成功读取表 sales_data，数据行数：26337]
2025-11-02 12:58:14,696 [INFO] [开始读取数据库表：jingpin_data]
2025-11-02 12:58:14,774 [INFO] [成功读取表 jingpin_data，数据行数：4102]
2025-11-02 12:58:14,808 [INFO] [开始读取数据库表：inventory_data]
2025-11-02 12:58:15,027 [INFO] [成功读取表 inventory_data，数据行数：5730]
2025-11-02 12:58:15,027 [INFO] [开始读取数据库表：tuiding_data]
2025-11-02 12:58:15,097 [INFO] [成功读取表 tuiding_data，数据行数：3853]
2025-11-02 12:58:15,097 [INFO] [开始读取数据库表：debit_data]
2025-11-02 12:58:16,796 [INFO] [成功读取表 debit_data，数据行数：21856]
2025-11-02 12:58:17,184 [INFO] [开始读取数据库表：sales_invoice_data]
2025-11-02 12:58:18,292 [INFO] [成功读取表 sales_invoice_data，数据行数：19782]
2025-11-02 13:28:56,917 [INFO] [数据库引擎创建成功]
2025-11-02 13:28:56,918 [INFO] [开始读取数据库表：order_data]
2025-11-02 13:28:57,634 [INFO] [成功读取表 order_data，数据行数：22128]
2025-11-02 13:28:57,855 [INFO] [开始读取数据库表：sales_data]
2025-11-02 13:29:01,285 [INFO] [成功读取表 sales_data，数据行数：26339]
2025-11-02 13:29:02,411 [INFO] [开始读取数据库表：jingpin_data]
2025-11-02 13:29:02,601 [INFO] [成功读取表 jingpin_data，数据行数：4102]
2025-11-02 13:29:02,659 [INFO] [开始读取数据库表：inventory_data]
2025-11-02 13:29:03,013 [INFO] [成功读取表 inventory_data，数据行数：5730]
2025-11-02 13:29:03,013 [INFO] [开始读取数据库表：tuiding_data]
2025-11-02 13:29:03,165 [INFO] [成功读取表 tuiding_data，数据行数：3853]
2025-11-02 13:29:03,165 [INFO] [开始读取数据库表：debit_data]
2025-11-02 13:29:04,708 [INFO] [成功读取表 debit_data，数据行数：21856]
2025-11-02 13:29:05,043 [INFO] [开始读取数据库表：sales_invoice_data]
2025-11-02 13:29:06,146 [INFO] [成功读取表 sales_invoice_data，数据行数：19788]
2025-11-02 13:58:21,187 [INFO] [数据库引擎创建成功]
2025-11-02 13:58:21,187 [INFO] [开始读取数据库表：order_data]
2025-11-02 13:58:21,969 [INFO] [成功读取表 order_data，数据行数：22136]
2025-11-02 13:58:22,171 [INFO] [开始读取数据库表：sales_data]
2025-11-02 13:58:25,967 [INFO] [成功读取表 sales_data，数据行数：26342]
2025-11-02 13:58:27,186 [INFO] [开始读取数据库表：jingpin_data]
2025-11-02 13:58:27,314 [INFO] [成功读取表 jingpin_data，数据行数：4102]
2025-11-02 13:58:27,410 [INFO] [开始读取数据库表：inventory_data]
2025-11-02 13:58:27,850 [INFO] [成功读取表 inventory_data，数据行数：5730]
2025-11-02 13:58:27,851 [INFO] [开始读取数据库表：tuiding_data]
2025-11-02 13:58:28,041 [INFO] [成功读取表 tuiding_data，数据行数：3853]
2025-11-02 13:58:28,042 [INFO] [开始读取数据库表：debit_data]
2025-11-02 13:58:29,481 [INFO] [成功读取表 debit_data，数据行数：21857]
2025-11-02 13:58:29,794 [INFO] [开始读取数据库表：sales_invoice_data]
2025-11-02 13:58:30,894 [INFO] [成功读取表 sales_invoice_data，数据行数：19797]
2025-11-02 14:28:04,833 [INFO] [数据库引擎创建成功]
2025-11-02 14:28:04,833 [INFO] [开始读取数据库表：order_data]
2025-11-02 14:28:05,595 [INFO] [成功读取表 order_data，数据行数：22142]
2025-11-02 14:28:05,790 [INFO] [开始读取数据库表：sales_data]
2025-11-02 14:28:09,245 [INFO] [成功读取表 sales_data，数据行数：26350]
2025-11-02 14:28:10,761 [INFO] [开始读取数据库表：jingpin_data]
2025-11-02 14:28:10,955 [INFO] [成功读取表 jingpin_data，数据行数：4103]
2025-11-02 14:28:11,047 [INFO] [开始读取数据库表：inventory_data]
2025-11-02 14:28:11,549 [INFO] [成功读取表 inventory_data，数据行数：5730]
2025-11-02 14:28:11,549 [INFO] [开始读取数据库表：tuiding_data]
2025-11-02 14:28:11,754 [INFO] [成功读取表 tuiding_data，数据行数：3853]
2025-11-02 14:28:11,755 [INFO] [开始读取数据库表：debit_data]
2025-11-02 14:28:13,193 [INFO] [成功读取表 debit_data，数据行数：21857]
2025-11-02 14:28:13,604 [INFO] [开始读取数据库表：sales_invoice_data]
2025-11-02 14:28:14,740 [INFO] [成功读取表 sales_invoice_data，数据行数：19803]
2025-11-02 14:58:35,703 [INFO] [数据库引擎创建成功]
2025-11-02 14:58:35,713 [INFO] [开始读取数据库表：order_data]
2025-11-02 14:58:36,543 [INFO] [成功读取表 order_data，数据行数：22151]
2025-11-02 14:58:36,775 [INFO] [开始读取数据库表：sales_data]
2025-11-02 14:58:40,241 [INFO] [成功读取表 sales_data，数据行数：26352]
2025-11-02 14:58:41,680 [INFO] [开始读取数据库表：jingpin_data]
2025-11-02 14:58:41,851 [INFO] [成功读取表 jingpin_data，数据行数：4103]
2025-11-02 14:58:41,909 [INFO] [开始读取数据库表：inventory_data]
2025-11-02 14:58:42,338 [INFO] [成功读取表 inventory_data，数据行数：5730]
2025-11-02 14:58:42,338 [INFO] [开始读取数据库表：tuiding_data]
2025-11-02 14:58:42,514 [INFO] [成功读取表 tuiding_data，数据行数：3853]
2025-11-02 14:58:42,514 [INFO] [开始读取数据库表：debit_data]
2025-11-02 14:58:44,516 [INFO] [成功读取表 debit_data，数据行数：21857]
2025-11-02 14:58:44,835 [INFO] [开始读取数据库表：sales_invoice_data]
2025-11-02 14:58:45,947 [INFO] [成功读取表 sales_invoice_data，数据行数：19811]
2025-11-02 15:28:23,548 [INFO] [数据库引擎创建成功]
2025-11-02 15:28:23,549 [INFO] [开始读取数据库表：order_data]
2025-11-02 15:28:24,326 [INFO] [成功读取表 order_data，数据行数：22159]
2025-11-02 15:28:24,546 [INFO] [开始读取数据库表：sales_data]
2025-11-02 15:28:28,167 [INFO] [成功读取表 sales_data，数据行数：26358]
2025-11-02 15:28:29,454 [INFO] [开始读取数据库表：jingpin_data]
2025-11-02 15:28:29,559 [INFO] [成功读取表 jingpin_data，数据行数：4105]
2025-11-02 15:28:29,639 [INFO] [开始读取数据库表：inventory_data]
2025-11-02 15:28:30,140 [INFO] [成功读取表 inventory_data，数据行数：5730]
2025-11-02 15:28:30,140 [INFO] [开始读取数据库表：tuiding_data]
2025-11-02 15:28:30,299 [INFO] [成功读取表 tuiding_data，数据行数：3857]
2025-11-02 15:28:30,299 [INFO] [开始读取数据库表：debit_data]
2025-11-02 15:28:31,664 [INFO] [成功读取表 debit_data，数据行数：21857]
2025-11-02 15:28:32,020 [INFO] [开始读取数据库表：sales_invoice_data]
2025-11-02 15:28:33,021 [INFO] [成功读取表 sales_invoice_data，数据行数：19824]
2025-11-02 15:58:35,798 [INFO] [数据库引擎创建成功]
2025-11-02 15:58:35,799 [INFO] [开始读取数据库表：order_data]
2025-11-02 15:58:36,403 [INFO] [成功读取表 order_data，数据行数：22159]
2025-11-02 15:58:36,568 [INFO] [开始读取数据库表：sales_data]
2025-11-02 15:58:40,361 [INFO] [成功读取表 sales_data，数据行数：26358]
2025-11-02 15:58:41,537 [INFO] [开始读取数据库表：jingpin_data]
2025-11-02 15:58:41,619 [INFO] [成功读取表 jingpin_data，数据行数：4105]
2025-11-02 15:58:41,660 [INFO] [开始读取数据库表：inventory_data]
2025-11-02 15:58:41,932 [INFO] [成功读取表 inventory_data，数据行数：5730]
2025-11-02 15:58:41,932 [INFO] [开始读取数据库表：tuiding_data]
2025-11-02 15:58:42,034 [INFO] [成功读取表 tuiding_data，数据行数：3857]
2025-11-02 15:58:42,034 [INFO] [开始读取数据库表：debit_data]
2025-11-02 15:58:43,458 [INFO] [成功读取表 debit_data，数据行数：21857]
2025-11-02 15:58:43,809 [INFO] [开始读取数据库表：sales_invoice_data]
2025-11-02 15:58:44,876 [INFO] [成功读取表 sales_invoice_data，数据行数：19824]
2025-11-02 16:28:11,417 [INFO] [数据库引擎创建成功]
2025-11-02 16:28:11,417 [INFO] [开始读取数据库表：order_data]
2025-11-02 16:28:12,179 [INFO] [成功读取表 order_data，数据行数：22180]
2025-11-02 16:28:12,361 [INFO] [开始读取数据库表：sales_data]
2025-11-02 16:28:15,861 [INFO] [成功读取表 sales_data，数据行数：26369]
2025-11-02 16:28:17,084 [INFO] [开始读取数据库表：jingpin_data]
2025-11-02 16:28:17,165 [INFO] [成功读取表 jingpin_data，数据行数：4105]
2025-11-02 16:28:17,197 [INFO] [开始读取数据库表：inventory_data]
2025-11-02 16:28:17,466 [INFO] [成功读取表 inventory_data，数据行数：5730]
2025-11-02 16:28:17,466 [INFO] [开始读取数据库表：tuiding_data]
2025-11-02 16:28:17,553 [INFO] [成功读取表 tuiding_data，数据行数：3859]
2025-11-02 16:28:17,553 [INFO] [开始读取数据库表：debit_data]
2025-11-02 16:28:18,880 [INFO] [成功读取表 debit_data，数据行数：21857]
2025-11-02 16:28:19,203 [INFO] [开始读取数据库表：sales_invoice_data]
2025-11-02 16:28:20,229 [INFO] [成功读取表 sales_invoice_data，数据行数：19849]
2025-11-02 16:58:22,123 [INFO] [数据库引擎创建成功]
2025-11-02 16:58:22,123 [INFO] [开始读取数据库表：order_data]
2025-11-02 16:58:22,825 [INFO] [成功读取表 order_data，数据行数：22180]
2025-11-02 16:58:23,036 [INFO] [开始读取数据库表：sales_data]
2025-11-02 16:58:26,468 [INFO] [成功读取表 sales_data，数据行数：26373]
2025-11-02 16:58:28,062 [INFO] [开始读取数据库表：jingpin_data]
2025-11-02 16:58:28,173 [INFO] [成功读取表 jingpin_data，数据行数：4105]
2025-11-02 16:58:28,218 [INFO] [开始读取数据库表：inventory_data]
2025-11-02 16:58:28,618 [INFO] [成功读取表 inventory_data，数据行数：5730]
2025-11-02 16:58:28,619 [INFO] [开始读取数据库表：tuiding_data]
2025-11-02 16:58:28,791 [INFO] [成功读取表 tuiding_data，数据行数：3859]
2025-11-02 16:58:28,791 [INFO] [开始读取数据库表：debit_data]
2025-11-02 16:58:30,140 [INFO] [成功读取表 debit_data，数据行数：21857]
2025-11-02 16:58:30,476 [INFO] [开始读取数据库表：sales_invoice_data]
2025-11-02 16:58:31,585 [INFO] [成功读取表 sales_invoice_data，数据行数：19856]
2025-11-02 17:28:40,482 [INFO] [数据库引擎创建成功]
2025-11-02 17:28:40,483 [INFO] [开始读取数据库表：order_data]
2025-11-02 17:28:41,382 [INFO] [成功读取表 order_data，数据行数：22180]
2025-11-02 17:28:41,606 [INFO] [开始读取数据库表：sales_data]
2025-11-02 17:28:45,011 [INFO] [成功读取表 sales_data，数据行数：26374]
2025-11-02 17:28:46,399 [INFO] [开始读取数据库表：jingpin_data]
2025-11-02 17:28:46,564 [INFO] [成功读取表 jingpin_data，数据行数：4105]
2025-11-02 17:28:46,625 [INFO] [开始读取数据库表：inventory_data]
2025-11-02 17:28:47,033 [INFO] [成功读取表 inventory_data，数据行数：5730]
2025-11-02 17:28:47,033 [INFO] [开始读取数据库表：tuiding_data]
2025-11-02 17:28:47,212 [INFO] [成功读取表 tuiding_data，数据行数：3859]
2025-11-02 17:28:47,212 [INFO] [开始读取数据库表：debit_data]
2025-11-02 17:28:48,615 [INFO] [成功读取表 debit_data，数据行数：21857]
2025-11-02 17:28:48,960 [INFO] [开始读取数据库表：sales_invoice_data]
2025-11-02 17:28:49,971 [INFO] [成功读取表 sales_invoice_data，数据行数：19877]
2025-11-02 17:58:23,731 [INFO] [数据库引擎创建成功]
2025-11-02 17:58:23,731 [INFO] [开始读取数据库表：order_data]
2025-11-02 17:58:24,385 [INFO] [成功读取表 order_data，数据行数：22223]
2025-11-02 17:58:24,576 [INFO] [开始读取数据库表：sales_data]
2025-11-02 17:58:28,156 [INFO] [成功读取表 sales_data，数据行数：26379]
2025-11-02 17:58:29,428 [INFO] [开始读取数据库表：jingpin_data]
2025-11-02 17:58:29,529 [INFO] [成功读取表 jingpin_data，数据行数：4105]
2025-11-02 17:58:29,567 [INFO] [开始读取数据库表：inventory_data]
2025-11-02 17:58:29,829 [INFO] [成功读取表 inventory_data，数据行数：5730]
2025-11-02 17:58:29,829 [INFO] [开始读取数据库表：tuiding_data]
2025-11-02 17:58:29,967 [INFO] [成功读取表 tuiding_data，数据行数：3859]
2025-11-02 17:58:29,967 [INFO] [开始读取数据库表：debit_data]
2025-11-02 17:58:31,378 [INFO] [成功读取表 debit_data，数据行数：21857]
2025-11-02 17:58:31,708 [INFO] [开始读取数据库表：sales_invoice_data]
2025-11-02 17:58:32,818 [INFO] [成功读取表 sales_invoice_data，数据行数：19900]
2025-11-02 18:28:29,311 [INFO] [数据库引擎创建成功]
2025-11-02 18:28:29,320 [INFO] [开始读取数据库表：order_data]
2025-11-02 18:28:29,959 [INFO] [成功读取表 order_data，数据行数：22239]
2025-11-02 18:28:30,115 [INFO] [开始读取数据库表：sales_data]
2025-11-02 18:28:32,823 [INFO] [成功读取表 sales_data，数据行数：26380]
2025-11-02 18:28:33,757 [INFO] [开始读取数据库表：jingpin_data]
2025-11-02 18:28:33,825 [INFO] [成功读取表 jingpin_data，数据行数：4105]
2025-11-02 18:28:33,863 [INFO] [开始读取数据库表：inventory_data]
2025-11-02 18:28:34,335 [INFO] [成功读取表 inventory_data，数据行数：5730]
2025-11-02 18:28:34,335 [INFO] [开始读取数据库表：tuiding_data]
2025-11-02 18:28:34,535 [INFO] [成功读取表 tuiding_data，数据行数：3859]
2025-11-02 18:28:34,535 [INFO] [开始读取数据库表：debit_data]
2025-11-02 18:28:35,956 [INFO] [成功读取表 debit_data，数据行数：21857]
2025-11-02 18:28:36,275 [INFO] [开始读取数据库表：sales_invoice_data]
2025-11-02 18:28:37,327 [INFO] [成功读取表 sales_invoice_data，数据行数：19916]
2025-11-02 18:57:52,806 [INFO] [数据库引擎创建成功]
2025-11-02 18:57:52,807 [INFO] [开始读取数据库表：order_data]
2025-11-02 18:57:53,515 [INFO] [成功读取表 order_data，数据行数：22254]
2025-11-02 18:57:53,711 [INFO] [开始读取数据库表：sales_data]
2025-11-02 18:57:57,220 [INFO] [成功读取表 sales_data，数据行数：26381]
2025-11-02 18:57:58,399 [INFO] [开始读取数据库表：jingpin_data]
2025-11-02 18:57:58,477 [INFO] [成功读取表 jingpin_data，数据行数：4105]
2025-11-02 18:57:58,510 [INFO] [开始读取数据库表：inventory_data]
2025-11-02 18:57:58,706 [INFO] [成功读取表 inventory_data，数据行数：5730]
2025-11-02 18:57:58,706 [INFO] [开始读取数据库表：tuiding_data]
2025-11-02 18:57:58,782 [INFO] [成功读取表 tuiding_data，数据行数：3859]
2025-11-02 18:57:58,783 [INFO] [开始读取数据库表：debit_data]
2025-11-02 18:58:00,130 [INFO] [成功读取表 debit_data，数据行数：21857]
2025-11-02 18:58:00,524 [INFO] [开始读取数据库表：sales_invoice_data]
2025-11-02 18:58:01,593 [INFO] [成功读取表 sales_invoice_data，数据行数：19931]
2025-11-02 19:28:08,064 [INFO] [数据库引擎创建成功]
2025-11-02 19:28:08,064 [INFO] [开始读取数据库表：order_data]
2025-11-02 19:28:08,822 [INFO] [成功读取表 order_data，数据行数：22262]
2025-11-02 19:28:09,039 [INFO] [开始读取数据库表：sales_data]
2025-11-02 19:28:12,462 [INFO] [成功读取表 sales_data，数据行数：26381]
2025-11-02 19:28:13,657 [INFO] [开始读取数据库表：jingpin_data]
2025-11-02 19:28:13,738 [INFO] [成功读取表 jingpin_data，数据行数：4105]
2025-11-02 19:28:13,777 [INFO] [开始读取数据库表：inventory_data]
2025-11-02 19:28:13,992 [INFO] [成功读取表 inventory_data，数据行数：5730]
2025-11-02 19:28:13,992 [INFO] [开始读取数据库表：tuiding_data]
2025-11-02 19:28:14,085 [INFO] [成功读取表 tuiding_data，数据行数：3860]
2025-11-02 19:28:14,091 [INFO] [开始读取数据库表：debit_data]
2025-11-02 19:28:17,161 [INFO] [成功读取表 debit_data，数据行数：21857]
2025-11-02 19:28:17,493 [INFO] [开始读取数据库表：sales_invoice_data]
2025-11-02 19:28:18,526 [INFO] [成功读取表 sales_invoice_data，数据行数：19941]
2025-11-02 19:58:08,725 [INFO] [数据库引擎创建成功]
2025-11-02 19:58:08,726 [INFO] [开始读取数据库表：order_data]
2025-11-02 19:58:09,396 [INFO] [成功读取表 order_data，数据行数：22265]
2025-11-02 19:58:09,600 [INFO] [开始读取数据库表：sales_data]
2025-11-02 19:58:12,983 [INFO] [成功读取表 sales_data，数据行数：26381]
2025-11-02 19:58:14,114 [INFO] [开始读取数据库表：jingpin_data]
2025-11-02 19:58:14,207 [INFO] [成功读取表 jingpin_data，数据行数：4105]
2025-11-02 19:58:14,241 [INFO] [开始读取数据库表：inventory_data]
2025-11-02 19:58:14,468 [INFO] [成功读取表 inventory_data，数据行数：5730]
2025-11-02 19:58:14,468 [INFO] [开始读取数据库表：tuiding_data]
2025-11-02 19:58:14,526 [INFO] [成功读取表 tuiding_data，数据行数：3860]
2025-11-02 19:58:14,526 [INFO] [开始读取数据库表：debit_data]
2025-11-02 19:58:16,499 [INFO] [成功读取表 debit_data，数据行数：21857]
2025-11-02 19:58:16,893 [INFO] [开始读取数据库表：sales_invoice_data]
2025-11-02 19:58:17,954 [INFO] [成功读取表 sales_invoice_data，数据行数：19945]
2025-11-02 20:28:48,586 [INFO] [数据库引擎创建成功]
2025-11-02 20:28:48,587 [INFO] [开始读取数据库表：order_data]
2025-11-02 20:28:49,304 [INFO] [成功读取表 order_data，数据行数：22265]
2025-11-02 20:28:49,533 [INFO] [开始读取数据库表：sales_data]
2025-11-02 20:28:53,023 [INFO] [成功读取表 sales_data，数据行数：26381]
2025-11-02 20:28:54,777 [INFO] [开始读取数据库表：jingpin_data]
2025-11-02 20:28:54,954 [INFO] [成功读取表 jingpin_data，数据行数：4105]
2025-11-02 20:28:55,035 [INFO] [开始读取数据库表：inventory_data]
2025-11-02 20:28:55,563 [INFO] [成功读取表 inventory_data，数据行数：5730]
2025-11-02 20:28:55,563 [INFO] [开始读取数据库表：tuiding_data]
2025-11-02 20:28:55,756 [INFO] [成功读取表 tuiding_data，数据行数：3860]
2025-11-02 20:28:55,756 [INFO] [开始读取数据库表：debit_data]
2025-11-02 20:28:57,637 [INFO] [成功读取表 debit_data，数据行数：21857]
2025-11-02 20:28:58,072 [INFO] [开始读取数据库表：sales_invoice_data]
2025-11-02 20:28:59,438 [INFO] [成功读取表 sales_invoice_data，数据行数：19945]
2025-11-02 20:58:15,474 [INFO] [数据库引擎创建成功]
2025-11-02 20:58:15,484 [INFO] [开始读取数据库表：order_data]
2025-11-02 20:58:16,228 [INFO] [成功读取表 order_data，数据行数：22265]
2025-11-02 20:58:16,432 [INFO] [开始读取数据库表：sales_data]
2025-11-02 20:58:19,815 [INFO] [成功读取表 sales_data，数据行数：26381]
2025-11-02 20:58:21,338 [INFO] [开始读取数据库表：jingpin_data]
2025-11-02 20:58:21,448 [INFO] [成功读取表 jingpin_data，数据行数：4105]
2025-11-02 20:58:21,496 [INFO] [开始读取数据库表：inventory_data]
2025-11-02 20:58:21,798 [INFO] [成功读取表 inventory_data，数据行数：5730]
2025-11-02 20:58:21,798 [INFO] [开始读取数据库表：tuiding_data]
2025-11-02 20:58:21,910 [INFO] [成功读取表 tuiding_data，数据行数：3860]
2025-11-02 20:58:21,910 [INFO] [开始读取数据库表：debit_data]
2025-11-02 20:58:23,414 [INFO] [成功读取表 debit_data，数据行数：21857]
2025-11-02 20:58:23,747 [INFO] [开始读取数据库表：sales_invoice_data]
2025-11-02 20:58:24,884 [INFO] [成功读取表 sales_invoice_data，数据行数：19945]
2025-11-02 21:28:19,986 [INFO] [数据库引擎创建成功]
2025-11-02 21:28:19,995 [INFO] [开始读取数据库表：order_data]
2025-11-02 21:28:20,916 [INFO] [成功读取表 order_data，数据行数：22265]
2025-11-02 21:28:21,134 [INFO] [开始读取数据库表：sales_data]
2025-11-02 21:28:24,639 [INFO] [成功读取表 sales_data，数据行数：26381]
2025-11-02 21:28:26,165 [INFO] [开始读取数据库表：jingpin_data]
2025-11-02 21:28:26,360 [INFO] [成功读取表 jingpin_data，数据行数：4105]
2025-11-02 21:28:26,487 [INFO] [开始读取数据库表：inventory_data]
2025-11-02 21:28:26,896 [INFO] [成功读取表 inventory_data，数据行数：5730]
2025-11-02 21:28:26,896 [INFO] [开始读取数据库表：tuiding_data]
2025-11-02 21:28:27,042 [INFO] [成功读取表 tuiding_data，数据行数：3860]
2025-11-02 21:28:27,043 [INFO] [开始读取数据库表：debit_data]
2025-11-02 21:28:28,411 [INFO] [成功读取表 debit_data，数据行数：21857]
2025-11-02 21:28:28,759 [INFO] [开始读取数据库表：sales_invoice_data]
2025-11-02 21:28:29,891 [INFO] [成功读取表 sales_invoice_data，数据行数：19945]
2025-11-02 21:58:18,926 [INFO] [数据库引擎创建成功]
2025-11-02 21:58:18,927 [INFO] [开始读取数据库表：order_data]
2025-11-02 21:58:19,649 [INFO] [成功读取表 order_data，数据行数：22265]
2025-11-02 21:58:19,859 [INFO] [开始读取数据库表：sales_data]
2025-11-02 21:58:23,310 [INFO] [成功读取表 sales_data，数据行数：26381]
2025-11-02 21:58:24,662 [INFO] [开始读取数据库表：jingpin_data]
2025-11-02 21:58:24,749 [INFO] [成功读取表 jingpin_data，数据行数：4105]
2025-11-02 21:58:24,789 [INFO] [开始读取数据库表：inventory_data]
2025-11-02 21:58:25,055 [INFO] [成功读取表 inventory_data，数据行数：5765]
2025-11-02 21:58:25,055 [INFO] [开始读取数据库表：tuiding_data]
2025-11-02 21:58:25,183 [INFO] [成功读取表 tuiding_data，数据行数：3860]
2025-11-02 21:58:25,183 [INFO] [开始读取数据库表：debit_data]
2025-11-02 21:58:26,632 [INFO] [成功读取表 debit_data，数据行数：21892]
2025-11-02 21:58:26,986 [INFO] [开始读取数据库表：sales_invoice_data]
2025-11-02 21:58:28,043 [INFO] [成功读取表 sales_invoice_data，数据行数：19947]
2025-11-02 22:28:07,658 [INFO] [数据库引擎创建成功]
2025-11-02 22:28:07,658 [INFO] [开始读取数据库表：order_data]
2025-11-02 22:28:08,383 [INFO] [成功读取表 order_data，数据行数：22265]
2025-11-02 22:28:08,602 [INFO] [开始读取数据库表：sales_data]
2025-11-02 22:28:11,989 [INFO] [成功读取表 sales_data，数据行数：26381]
2025-11-02 22:28:13,390 [INFO] [开始读取数据库表：jingpin_data]
2025-11-02 22:28:13,528 [INFO] [成功读取表 jingpin_data，数据行数：4105]
2025-11-02 22:28:13,591 [INFO] [开始读取数据库表：inventory_data]
2025-11-02 22:28:14,039 [INFO] [成功读取表 inventory_data，数据行数：5765]
2025-11-02 22:28:14,039 [INFO] [开始读取数据库表：tuiding_data]
2025-11-02 22:28:14,204 [INFO] [成功读取表 tuiding_data，数据行数：3860]
2025-11-02 22:28:14,204 [INFO] [开始读取数据库表：debit_data]
2025-11-02 22:28:15,627 [INFO] [成功读取表 debit_data，数据行数：21892]
2025-11-02 22:28:15,953 [INFO] [开始读取数据库表：sales_invoice_data]
2025-11-02 22:28:17,062 [INFO] [成功读取表 sales_invoice_data，数据行数：19948]
2025-11-02 22:58:00,670 [INFO] [数据库引擎创建成功]
2025-11-02 22:58:00,671 [INFO] [开始读取数据库表：order_data]
2025-11-02 22:58:01,430 [INFO] [成功读取表 order_data，数据行数：22266]
2025-11-02 22:58:01,628 [INFO] [开始读取数据库表：sales_data]
2025-11-02 22:58:05,458 [INFO] [成功读取表 sales_data，数据行数：26381]
2025-11-02 22:58:06,968 [INFO] [开始读取数据库表：jingpin_data]
2025-11-02 22:58:08,741 [INFO] [成功读取表 jingpin_data，数据行数：4105]
2025-11-02 22:58:08,816 [INFO] [开始读取数据库表：inventory_data]
2025-11-02 22:58:09,373 [INFO] [成功读取表 inventory_data，数据行数：5765]
2025-11-02 22:58:09,373 [INFO] [开始读取数据库表：tuiding_data]
2025-11-02 22:58:09,583 [INFO] [成功读取表 tuiding_data，数据行数：3860]
2025-11-02 22:58:09,583 [INFO] [开始读取数据库表：debit_data]
2025-11-02 22:58:11,117 [INFO] [成功读取表 debit_data，数据行数：21892]
2025-11-02 22:58:11,500 [INFO] [开始读取数据库表：sales_invoice_data]
2025-11-02 22:58:12,670 [INFO] [成功读取表 sales_invoice_data，数据行数：19949]
2025-11-02 23:28:15,664 [INFO] [数据库引擎创建成功]
2025-11-02 23:28:15,665 [INFO] [开始读取数据库表：order_data]
2025-11-02 23:28:16,586 [INFO] [成功读取表 order_data，数据行数：22266]
2025-11-02 23:28:16,809 [INFO] [开始读取数据库表：sales_data]
2025-11-02 23:28:21,407 [INFO] [成功读取表 sales_data，数据行数：26381]
2025-11-02 23:28:23,247 [INFO] [开始读取数据库表：jingpin_data]
2025-11-02 23:28:24,299 [INFO] [成功读取表 jingpin_data，数据行数：4105]
2025-11-02 23:28:24,372 [INFO] [开始读取数据库表：inventory_data]
2025-11-02 23:28:24,826 [INFO] [成功读取表 inventory_data，数据行数：5770]
2025-11-02 23:28:24,826 [INFO] [开始读取数据库表：tuiding_data]
2025-11-02 23:28:24,992 [INFO] [成功读取表 tuiding_data，数据行数：3860]
2025-11-02 23:28:24,992 [INFO] [开始读取数据库表：debit_data]
2025-11-02 23:28:26,513 [INFO] [成功读取表 debit_data，数据行数：21897]
2025-11-02 23:28:26,829 [INFO] [开始读取数据库表：sales_invoice_data]
2025-11-02 23:28:27,935 [INFO] [成功读取表 sales_invoice_data，数据行数：19949]
2025-11-02 23:58:02,599 [INFO] [数据库引擎创建成功]
2025-11-02 23:58:02,600 [INFO] [开始读取数据库表：order_data]
2025-11-02 23:58:03,371 [INFO] [成功读取表 order_data，数据行数：22266]
2025-11-02 23:58:03,573 [INFO] [开始读取数据库表：sales_data]
2025-11-02 23:58:07,158 [INFO] [成功读取表 sales_data，数据行数：26381]
2025-11-02 23:58:08,400 [INFO] [开始读取数据库表：jingpin_data]
2025-11-02 23:58:08,520 [INFO] [成功读取表 jingpin_data，数据行数：4105]
2025-11-02 23:58:08,560 [INFO] [开始读取数据库表：inventory_data]
2025-11-02 23:58:08,806 [INFO] [成功读取表 inventory_data，数据行数：5770]
2025-11-02 23:58:08,807 [INFO] [开始读取数据库表：tuiding_data]
2025-11-02 23:58:08,969 [INFO] [成功读取表 tuiding_data，数据行数：3860]
2025-11-02 23:58:08,969 [INFO] [开始读取数据库表：debit_data]
2025-11-02 23:58:11,438 [INFO] [成功读取表 debit_data，数据行数：21897]
2025-11-02 23:58:11,764 [INFO] [开始读取数据库表：sales_invoice_data]
2025-11-02 23:58:12,855 [INFO] [成功读取表 sales_invoice_data，数据行数：19949]
