2025-11-08 07:04:29,969 [INFO] [数据库引擎创建成功]
2025-11-08 07:04:29,969 [INFO] [开始读取数据库表：order_data]
2025-11-08 07:04:30,393 [INFO] [成功读取表 order_data，数据行数：22581]
2025-11-08 07:04:30,517 [INFO] [开始读取数据库表：sales_data]
2025-11-08 07:04:32,504 [INFO] [成功读取表 sales_data，数据行数：24383]
2025-11-08 07:04:33,261 [INFO] [开始读取数据库表：jingpin_data]
2025-11-08 07:04:33,325 [INFO] [成功读取表 jingpin_data，数据行数：4224]
2025-11-08 07:04:33,358 [INFO] [开始读取数据库表：inventory_data]
2025-11-08 07:04:33,508 [INFO] [成功读取表 inventory_data，数据行数：5469]
2025-11-08 07:04:33,508 [INFO] [开始读取数据库表：tuiding_data]
2025-11-08 07:04:33,578 [INFO] [成功读取表 tuiding_data，数据行数：3972]
2025-11-08 07:04:33,578 [INFO] [开始读取数据库表：debit_data]
2025-11-08 07:04:34,035 [INFO] [成功读取表 debit_data，数据行数：23778]
2025-11-08 07:04:34,186 [INFO] [开始读取数据库表：sales_invoice_data]
2025-11-08 07:04:34,521 [INFO] [成功读取表 sales_invoice_data，数据行数：17487]
2025-11-08 07:26:46,016 [INFO] [数据库引擎创建成功]
2025-11-08 07:26:46,016 [INFO] [开始读取数据库表：order_data]
2025-11-08 07:26:46,418 [INFO] [成功读取表 order_data，数据行数：22581]
2025-11-08 07:26:46,543 [INFO] [开始读取数据库表：sales_data]
2025-11-08 07:26:48,696 [INFO] [成功读取表 sales_data，数据行数：24383]
2025-11-08 07:26:49,394 [INFO] [开始读取数据库表：jingpin_data]
2025-11-08 07:26:49,455 [INFO] [成功读取表 jingpin_data，数据行数：4224]
2025-11-08 07:26:49,480 [INFO] [开始读取数据库表：inventory_data]
2025-11-08 07:26:49,616 [INFO] [成功读取表 inventory_data，数据行数：5469]
2025-11-08 07:26:49,616 [INFO] [开始读取数据库表：tuiding_data]
2025-11-08 07:26:49,668 [INFO] [成功读取表 tuiding_data，数据行数：3972]
2025-11-08 07:26:49,668 [INFO] [开始读取数据库表：debit_data]
2025-11-08 07:26:50,139 [INFO] [成功读取表 debit_data，数据行数：23778]
2025-11-08 07:26:50,281 [INFO] [开始读取数据库表：sales_invoice_data]
2025-11-08 07:26:50,628 [INFO] [成功读取表 sales_invoice_data，数据行数：17487]
2025-11-08 07:56:13,413 [INFO] [数据库引擎创建成功]
2025-11-08 07:56:13,413 [INFO] [开始读取数据库表：order_data]
2025-11-08 07:56:13,867 [INFO] [成功读取表 order_data，数据行数：22581]
2025-11-08 07:56:14,001 [INFO] [开始读取数据库表：sales_data]
2025-11-08 07:56:16,202 [INFO] [成功读取表 sales_data，数据行数：24383]
2025-11-08 07:56:17,050 [INFO] [开始读取数据库表：jingpin_data]
2025-11-08 07:56:17,129 [INFO] [成功读取表 jingpin_data，数据行数：4224]
2025-11-08 07:56:17,155 [INFO] [开始读取数据库表：inventory_data]
2025-11-08 07:56:17,299 [INFO] [成功读取表 inventory_data，数据行数：5469]
2025-11-08 07:56:17,305 [INFO] [开始读取数据库表：tuiding_data]
2025-11-08 07:56:17,358 [INFO] [成功读取表 tuiding_data，数据行数：3972]
2025-11-08 07:56:17,358 [INFO] [开始读取数据库表：debit_data]
2025-11-08 07:56:17,917 [INFO] [成功读取表 debit_data，数据行数：23778]
2025-11-08 07:56:18,072 [INFO] [开始读取数据库表：sales_invoice_data]
2025-11-08 07:56:18,469 [INFO] [成功读取表 sales_invoice_data，数据行数：17487]
2025-11-08 08:26:15,724 [INFO] [数据库引擎创建成功]
2025-11-08 08:26:15,724 [INFO] [开始读取数据库表：order_data]
2025-11-08 08:26:16,134 [INFO] [成功读取表 order_data，数据行数：22579]
2025-11-08 08:26:16,269 [INFO] [开始读取数据库表：sales_data]
2025-11-08 08:26:18,543 [INFO] [成功读取表 sales_data，数据行数：24383]
2025-11-08 08:26:19,416 [INFO] [开始读取数据库表：jingpin_data]
2025-11-08 08:26:19,510 [INFO] [成功读取表 jingpin_data，数据行数：4224]
2025-11-08 08:26:19,545 [INFO] [开始读取数据库表：inventory_data]
2025-11-08 08:26:19,717 [INFO] [成功读取表 inventory_data，数据行数：5469]
2025-11-08 08:26:19,717 [INFO] [开始读取数据库表：tuiding_data]
2025-11-08 08:26:19,776 [INFO] [成功读取表 tuiding_data，数据行数：3974]
2025-11-08 08:26:19,776 [INFO] [开始读取数据库表：debit_data]
2025-11-08 08:26:20,456 [INFO] [成功读取表 debit_data，数据行数：23778]
2025-11-08 08:26:20,590 [INFO] [开始读取数据库表：sales_invoice_data]
2025-11-08 08:26:20,948 [INFO] [成功读取表 sales_invoice_data，数据行数：17487]
2025-11-08 08:57:01,123 [INFO] [数据库引擎创建成功]
2025-11-08 08:57:01,124 [INFO] [开始读取数据库表：order_data]
2025-11-08 08:57:01,645 [INFO] [成功读取表 order_data，数据行数：22579]
2025-11-08 08:57:01,825 [INFO] [开始读取数据库表：sales_data]
2025-11-08 08:57:04,292 [INFO] [成功读取表 sales_data，数据行数：24383]
2025-11-08 08:57:05,379 [INFO] [开始读取数据库表：jingpin_data]
2025-11-08 08:57:05,477 [INFO] [成功读取表 jingpin_data，数据行数：4224]
2025-11-08 08:57:05,524 [INFO] [开始读取数据库表：inventory_data]
2025-11-08 08:57:05,696 [INFO] [成功读取表 inventory_data，数据行数：5469]
2025-11-08 08:57:05,696 [INFO] [开始读取数据库表：tuiding_data]
2025-11-08 08:57:05,778 [INFO] [成功读取表 tuiding_data，数据行数：3975]
2025-11-08 08:57:05,779 [INFO] [开始读取数据库表：debit_data]
2025-11-08 08:57:06,473 [INFO] [成功读取表 debit_data，数据行数：23778]
2025-11-08 08:57:06,658 [INFO] [开始读取数据库表：sales_invoice_data]
2025-11-08 08:57:07,174 [INFO] [成功读取表 sales_invoice_data，数据行数：17487]
2025-11-08 09:27:02,789 [INFO] [数据库引擎创建成功]
2025-11-08 09:27:02,789 [INFO] [开始读取数据库表：order_data]
2025-11-08 09:27:03,287 [INFO] [成功读取表 order_data，数据行数：22580]
2025-11-08 09:27:03,420 [INFO] [开始读取数据库表：sales_data]
2025-11-08 09:27:05,672 [INFO] [成功读取表 sales_data，数据行数：24384]
2025-11-08 09:27:06,445 [INFO] [开始读取数据库表：jingpin_data]
2025-11-08 09:27:06,523 [INFO] [成功读取表 jingpin_data，数据行数：4224]
2025-11-08 09:27:06,550 [INFO] [开始读取数据库表：inventory_data]
2025-11-08 09:27:06,712 [INFO] [成功读取表 inventory_data，数据行数：5466]
2025-11-08 09:27:06,712 [INFO] [开始读取数据库表：tuiding_data]
2025-11-08 09:27:06,783 [INFO] [成功读取表 tuiding_data，数据行数：3975]
2025-11-08 09:27:06,783 [INFO] [开始读取数据库表：debit_data]
2025-11-08 09:27:07,351 [INFO] [成功读取表 debit_data，数据行数：23778]
2025-11-08 09:27:07,504 [INFO] [开始读取数据库表：sales_invoice_data]
2025-11-08 09:27:08,448 [INFO] [成功读取表 sales_invoice_data，数据行数：17488]
2025-11-08 09:57:10,614 [INFO] [数据库引擎创建成功]
2025-11-08 09:57:10,614 [INFO] [开始读取数据库表：order_data]
2025-11-08 09:57:11,011 [INFO] [成功读取表 order_data，数据行数：22585]
2025-11-08 09:57:11,123 [INFO] [开始读取数据库表：sales_data]
2025-11-08 09:57:12,937 [INFO] [成功读取表 sales_data，数据行数：24385]
2025-11-08 09:57:13,636 [INFO] [开始读取数据库表：jingpin_data]
2025-11-08 09:57:13,698 [INFO] [成功读取表 jingpin_data，数据行数：4224]
2025-11-08 09:57:13,720 [INFO] [开始读取数据库表：inventory_data]
2025-11-08 09:57:13,853 [INFO] [成功读取表 inventory_data，数据行数：5466]
2025-11-08 09:57:13,854 [INFO] [开始读取数据库表：tuiding_data]
2025-11-08 09:57:13,905 [INFO] [成功读取表 tuiding_data，数据行数：3975]
2025-11-08 09:57:13,905 [INFO] [开始读取数据库表：debit_data]
2025-11-08 09:57:14,362 [INFO] [成功读取表 debit_data，数据行数：23778]
2025-11-08 09:57:14,487 [INFO] [开始读取数据库表：sales_invoice_data]
2025-11-08 09:57:14,811 [INFO] [成功读取表 sales_invoice_data，数据行数：17488]
2025-11-08 10:27:14,873 [INFO] [数据库引擎创建成功]
2025-11-08 10:27:14,873 [INFO] [开始读取数据库表：order_data]
2025-11-08 10:27:15,674 [INFO] [成功读取表 order_data，数据行数：22590]
2025-11-08 10:27:15,888 [INFO] [开始读取数据库表：sales_data]
2025-11-08 10:27:19,131 [INFO] [成功读取表 sales_data，数据行数：24386]
2025-11-08 10:27:21,124 [INFO] [开始读取数据库表：jingpin_data]
2025-11-08 10:27:21,365 [INFO] [成功读取表 jingpin_data，数据行数：4226]
2025-11-08 10:27:21,444 [INFO] [开始读取数据库表：inventory_data]
2025-11-08 10:27:21,928 [INFO] [成功读取表 inventory_data，数据行数：5465]
2025-11-08 10:27:21,928 [INFO] [开始读取数据库表：tuiding_data]
2025-11-08 10:27:22,123 [INFO] [成功读取表 tuiding_data，数据行数：3975]
2025-11-08 10:27:22,123 [INFO] [开始读取数据库表：debit_data]
2025-11-08 10:27:24,032 [INFO] [成功读取表 debit_data，数据行数：23778]
2025-11-08 10:27:24,431 [INFO] [开始读取数据库表：sales_invoice_data]
2025-11-08 10:27:25,590 [INFO] [成功读取表 sales_invoice_data，数据行数：17489]
2025-11-08 10:57:32,616 [INFO] [数据库引擎创建成功]
2025-11-08 10:57:32,616 [INFO] [开始读取数据库表：order_data]
2025-11-08 10:57:33,228 [INFO] [成功读取表 order_data，数据行数：22593]
2025-11-08 10:57:33,365 [INFO] [开始读取数据库表：sales_data]
2025-11-08 10:57:35,655 [INFO] [成功读取表 sales_data，数据行数：24386]
2025-11-08 10:57:36,518 [INFO] [开始读取数据库表：jingpin_data]
2025-11-08 10:57:36,595 [INFO] [成功读取表 jingpin_data，数据行数：4226]
2025-11-08 10:57:36,623 [INFO] [开始读取数据库表：inventory_data]
2025-11-08 10:57:36,797 [INFO] [成功读取表 inventory_data，数据行数：5466]
2025-11-08 10:57:36,797 [INFO] [开始读取数据库表：tuiding_data]
2025-11-08 10:57:36,865 [INFO] [成功读取表 tuiding_data，数据行数：3975]
2025-11-08 10:57:36,865 [INFO] [开始读取数据库表：debit_data]
2025-11-08 10:57:37,914 [INFO] [成功读取表 debit_data，数据行数：23778]
2025-11-08 10:57:38,288 [INFO] [开始读取数据库表：sales_invoice_data]
2025-11-08 10:57:39,231 [INFO] [成功读取表 sales_invoice_data，数据行数：17489]
2025-11-08 11:28:12,985 [INFO] [数据库引擎创建成功]
2025-11-08 11:28:12,986 [INFO] [开始读取数据库表：order_data]
2025-11-08 11:28:13,554 [INFO] [成功读取表 order_data，数据行数：22597]
2025-11-08 11:28:13,705 [INFO] [开始读取数据库表：sales_data]
2025-11-08 11:28:16,033 [INFO] [成功读取表 sales_data，数据行数：24388]
2025-11-08 11:28:16,967 [INFO] [开始读取数据库表：jingpin_data]
2025-11-08 11:28:17,042 [INFO] [成功读取表 jingpin_data，数据行数：4227]
2025-11-08 11:28:17,071 [INFO] [开始读取数据库表：inventory_data]
2025-11-08 11:28:17,234 [INFO] [成功读取表 inventory_data，数据行数：5462]
2025-11-08 11:28:17,234 [INFO] [开始读取数据库表：tuiding_data]
2025-11-08 11:28:17,301 [INFO] [成功读取表 tuiding_data，数据行数：3975]
2025-11-08 11:28:17,301 [INFO] [开始读取数据库表：debit_data]
2025-11-08 11:28:18,034 [INFO] [成功读取表 debit_data，数据行数：23778]
2025-11-08 11:28:18,248 [INFO] [开始读取数据库表：sales_invoice_data]
2025-11-08 11:28:18,740 [INFO] [成功读取表 sales_invoice_data，数据行数：17492]
2025-11-08 12:28:08,559 [INFO] [数据库引擎创建成功]
2025-11-08 12:28:08,559 [INFO] [开始读取数据库表：order_data]
2025-11-08 12:28:08,960 [INFO] [成功读取表 order_data，数据行数：22606]
2025-11-08 12:28:09,087 [INFO] [开始读取数据库表：sales_data]
2025-11-08 12:28:11,956 [INFO] [成功读取表 sales_data，数据行数：24395]
2025-11-08 12:28:13,870 [INFO] [开始读取数据库表：jingpin_data]
2025-11-08 12:28:14,113 [INFO] [成功读取表 jingpin_data，数据行数：4232]
2025-11-08 12:28:14,178 [INFO] [开始读取数据库表：inventory_data]
2025-11-08 12:28:14,656 [INFO] [成功读取表 inventory_data，数据行数：5462]
2025-11-08 12:28:14,656 [INFO] [开始读取数据库表：tuiding_data]
2025-11-08 12:28:14,845 [INFO] [成功读取表 tuiding_data，数据行数：3975]
2025-11-08 12:28:14,845 [INFO] [开始读取数据库表：debit_data]
2025-11-08 12:28:16,693 [INFO] [成功读取表 debit_data，数据行数：23809]
2025-11-08 12:28:17,096 [INFO] [开始读取数据库表：sales_invoice_data]
2025-11-08 12:28:18,334 [INFO] [成功读取表 sales_invoice_data，数据行数：17497]
2025-11-08 12:57:40,035 [INFO] [数据库引擎创建成功]
2025-11-08 12:57:40,036 [INFO] [开始读取数据库表：order_data]
2025-11-08 12:57:40,421 [INFO] [成功读取表 order_data，数据行数：22615]
2025-11-08 12:57:40,530 [INFO] [开始读取数据库表：sales_data]
2025-11-08 12:57:42,635 [INFO] [成功读取表 sales_data，数据行数：24399]
2025-11-08 12:57:44,621 [INFO] [开始读取数据库表：jingpin_data]
2025-11-08 12:57:44,875 [INFO] [成功读取表 jingpin_data，数据行数：4233]
2025-11-08 12:57:44,947 [INFO] [开始读取数据库表：inventory_data]
2025-11-08 12:57:45,459 [INFO] [成功读取表 inventory_data，数据行数：5454]
2025-11-08 12:57:45,459 [INFO] [开始读取数据库表：tuiding_data]
2025-11-08 12:57:45,661 [INFO] [成功读取表 tuiding_data，数据行数：3975]
2025-11-08 12:57:45,662 [INFO] [开始读取数据库表：debit_data]
2025-11-08 12:57:47,510 [INFO] [成功读取表 debit_data，数据行数：23809]
2025-11-08 12:57:47,896 [INFO] [开始读取数据库表：sales_invoice_data]
2025-11-08 12:57:49,130 [INFO] [成功读取表 sales_invoice_data，数据行数：17500]
2025-11-08 13:27:53,134 [INFO] [数据库引擎创建成功]
2025-11-08 13:27:53,134 [INFO] [开始读取数据库表：order_data]
2025-11-08 13:27:53,521 [INFO] [成功读取表 order_data，数据行数：22620]
2025-11-08 13:27:53,646 [INFO] [开始读取数据库表：sales_data]
2025-11-08 13:27:56,281 [INFO] [成功读取表 sales_data，数据行数：24405]
2025-11-08 13:27:58,349 [INFO] [开始读取数据库表：jingpin_data]
2025-11-08 13:27:58,593 [INFO] [成功读取表 jingpin_data，数据行数：4233]
2025-11-08 13:27:58,673 [INFO] [开始读取数据库表：inventory_data]
2025-11-08 13:27:59,192 [INFO] [成功读取表 inventory_data，数据行数：5452]
2025-11-08 13:27:59,192 [INFO] [开始读取数据库表：tuiding_data]
2025-11-08 13:27:59,401 [INFO] [成功读取表 tuiding_data，数据行数：3975]
2025-11-08 13:27:59,401 [INFO] [开始读取数据库表：debit_data]
2025-11-08 13:28:01,291 [INFO] [成功读取表 debit_data，数据行数：23809]
2025-11-08 13:28:01,700 [INFO] [开始读取数据库表：sales_invoice_data]
2025-11-08 13:28:02,986 [INFO] [成功读取表 sales_invoice_data，数据行数：17506]
2025-11-08 13:57:46,587 [INFO] [数据库引擎创建成功]
2025-11-08 13:57:46,588 [INFO] [开始读取数据库表：order_data]
2025-11-08 13:57:46,988 [INFO] [成功读取表 order_data，数据行数：22630]
2025-11-08 13:57:47,106 [INFO] [开始读取数据库表：sales_data]
2025-11-08 13:57:49,751 [INFO] [成功读取表 sales_data，数据行数：24407]
2025-11-08 13:57:51,723 [INFO] [开始读取数据库表：jingpin_data]
2025-11-08 13:57:51,921 [INFO] [成功读取表 jingpin_data，数据行数：4235]
2025-11-08 13:57:51,975 [INFO] [开始读取数据库表：inventory_data]
2025-11-08 13:57:52,388 [INFO] [成功读取表 inventory_data，数据行数：5450]
2025-11-08 13:57:52,388 [INFO] [开始读取数据库表：tuiding_data]
2025-11-08 13:57:52,574 [INFO] [成功读取表 tuiding_data，数据行数：3975]
2025-11-08 13:57:52,574 [INFO] [开始读取数据库表：debit_data]
2025-11-08 13:57:54,179 [INFO] [成功读取表 debit_data，数据行数：23809]
2025-11-08 13:57:54,556 [INFO] [开始读取数据库表：sales_invoice_data]
2025-11-08 13:57:55,805 [INFO] [成功读取表 sales_invoice_data，数据行数：17508]
2025-11-08 14:27:37,932 [INFO] [数据库引擎创建成功]
2025-11-08 14:27:37,932 [INFO] [开始读取数据库表：order_data]
2025-11-08 14:27:38,361 [INFO] [成功读取表 order_data，数据行数：22638]
2025-11-08 14:27:38,466 [INFO] [开始读取数据库表：sales_data]
2025-11-08 14:27:41,216 [INFO] [成功读取表 sales_data，数据行数：24410]
2025-11-08 14:27:43,119 [INFO] [开始读取数据库表：jingpin_data]
2025-11-08 14:27:43,384 [INFO] [成功读取表 jingpin_data，数据行数：4236]
2025-11-08 14:27:43,466 [INFO] [开始读取数据库表：inventory_data]
2025-11-08 14:27:43,932 [INFO] [成功读取表 inventory_data，数据行数：5448]
2025-11-08 14:27:43,932 [INFO] [开始读取数据库表：tuiding_data]
2025-11-08 14:27:44,134 [INFO] [成功读取表 tuiding_data，数据行数：3975]
2025-11-08 14:27:44,134 [INFO] [开始读取数据库表：debit_data]
2025-11-08 14:27:45,994 [INFO] [成功读取表 debit_data，数据行数：23810]
2025-11-08 14:27:46,370 [INFO] [开始读取数据库表：sales_invoice_data]
2025-11-08 14:27:47,571 [INFO] [成功读取表 sales_invoice_data，数据行数：17511]
2025-11-08 14:57:51,325 [INFO] [数据库引擎创建成功]
2025-11-08 14:57:51,325 [INFO] [开始读取数据库表：order_data]
2025-11-08 14:57:51,731 [INFO] [成功读取表 order_data，数据行数：22649]
2025-11-08 14:57:51,844 [INFO] [开始读取数据库表：sales_data]
2025-11-08 14:57:55,009 [INFO] [成功读取表 sales_data，数据行数：24416]
2025-11-08 14:57:56,856 [INFO] [开始读取数据库表：jingpin_data]
2025-11-08 14:57:57,103 [INFO] [成功读取表 jingpin_data，数据行数：4236]
2025-11-08 14:57:57,173 [INFO] [开始读取数据库表：inventory_data]
2025-11-08 14:57:57,678 [INFO] [成功读取表 inventory_data，数据行数：5442]
2025-11-08 14:57:57,678 [INFO] [开始读取数据库表：tuiding_data]
2025-11-08 14:57:57,881 [INFO] [成功读取表 tuiding_data，数据行数：3975]
2025-11-08 14:57:57,881 [INFO] [开始读取数据库表：debit_data]
2025-11-08 14:57:59,705 [INFO] [成功读取表 debit_data，数据行数：23810]
2025-11-08 14:58:00,067 [INFO] [开始读取数据库表：sales_invoice_data]
2025-11-08 14:58:01,287 [INFO] [成功读取表 sales_invoice_data，数据行数：17517]
2025-11-08 15:27:38,873 [INFO] [数据库引擎创建成功]
2025-11-08 15:27:38,873 [INFO] [开始读取数据库表：order_data]
2025-11-08 15:27:39,266 [INFO] [成功读取表 order_data，数据行数：22655]
2025-11-08 15:27:39,374 [INFO] [开始读取数据库表：sales_data]
2025-11-08 15:27:41,538 [INFO] [成功读取表 sales_data，数据行数：24423]
2025-11-08 15:27:43,513 [INFO] [开始读取数据库表：jingpin_data]
2025-11-08 15:27:43,749 [INFO] [成功读取表 jingpin_data，数据行数：4237]
2025-11-08 15:27:43,819 [INFO] [开始读取数据库表：inventory_data]
2025-11-08 15:27:44,348 [INFO] [成功读取表 inventory_data，数据行数：5437]
2025-11-08 15:27:44,348 [INFO] [开始读取数据库表：tuiding_data]
2025-11-08 15:27:44,567 [INFO] [成功读取表 tuiding_data，数据行数：3975]
2025-11-08 15:27:44,567 [INFO] [开始读取数据库表：debit_data]
2025-11-08 15:27:46,393 [INFO] [成功读取表 debit_data，数据行数：23810]
2025-11-08 15:27:46,769 [INFO] [开始读取数据库表：sales_invoice_data]
2025-11-08 15:27:48,025 [INFO] [成功读取表 sales_invoice_data，数据行数：17522]
2025-11-08 15:58:05,804 [INFO] [数据库引擎创建成功]
2025-11-08 15:58:05,804 [INFO] [开始读取数据库表：order_data]
2025-11-08 15:58:06,222 [INFO] [成功读取表 order_data，数据行数：22663]
2025-11-08 15:58:06,345 [INFO] [开始读取数据库表：sales_data]
2025-11-08 15:58:08,689 [INFO] [成功读取表 sales_data，数据行数：24427]
2025-11-08 15:58:10,612 [INFO] [开始读取数据库表：jingpin_data]
2025-11-08 15:58:10,846 [INFO] [成功读取表 jingpin_data，数据行数：4239]
2025-11-08 15:58:10,905 [INFO] [开始读取数据库表：inventory_data]
2025-11-08 15:58:11,445 [INFO] [成功读取表 inventory_data，数据行数：5433]
2025-11-08 15:58:11,445 [INFO] [开始读取数据库表：tuiding_data]
2025-11-08 15:58:11,656 [INFO] [成功读取表 tuiding_data，数据行数：3975]
2025-11-08 15:58:11,656 [INFO] [开始读取数据库表：debit_data]
2025-11-08 15:58:13,576 [INFO] [成功读取表 debit_data，数据行数：23810]
2025-11-08 15:58:13,952 [INFO] [开始读取数据库表：sales_invoice_data]
2025-11-08 15:58:15,435 [INFO] [成功读取表 sales_invoice_data，数据行数：17526]
2025-11-08 16:28:44,070 [INFO] [数据库引擎创建成功]
2025-11-08 16:28:44,070 [INFO] [开始读取数据库表：order_data]
2025-11-08 16:28:44,593 [INFO] [成功读取表 order_data，数据行数：22677]
2025-11-08 16:28:44,727 [INFO] [开始读取数据库表：sales_data]
2025-11-08 16:28:48,972 [INFO] [成功读取表 sales_data，数据行数：24430]
2025-11-08 16:28:50,850 [INFO] [开始读取数据库表：jingpin_data]
2025-11-08 16:28:51,094 [INFO] [成功读取表 jingpin_data，数据行数：4241]
2025-11-08 16:28:51,159 [INFO] [开始读取数据库表：inventory_data]
2025-11-08 16:28:51,694 [INFO] [成功读取表 inventory_data，数据行数：5431]
2025-11-08 16:28:51,694 [INFO] [开始读取数据库表：tuiding_data]
2025-11-08 16:28:51,902 [INFO] [成功读取表 tuiding_data，数据行数：3975]
2025-11-08 16:28:51,902 [INFO] [开始读取数据库表：debit_data]
2025-11-08 16:28:53,761 [INFO] [成功读取表 debit_data，数据行数：23810]
2025-11-08 16:28:54,116 [INFO] [开始读取数据库表：sales_invoice_data]
2025-11-08 16:28:55,333 [INFO] [成功读取表 sales_invoice_data，数据行数：17529]
2025-11-08 16:57:48,765 [INFO] [数据库引擎创建成功]
2025-11-08 16:57:48,765 [INFO] [开始读取数据库表：order_data]
2025-11-08 16:57:49,150 [INFO] [成功读取表 order_data，数据行数：22692]
2025-11-08 16:57:49,256 [INFO] [开始读取数据库表：sales_data]
2025-11-08 16:57:51,255 [INFO] [成功读取表 sales_data，数据行数：24434]
2025-11-08 16:57:53,252 [INFO] [开始读取数据库表：jingpin_data]
2025-11-08 16:57:53,515 [INFO] [成功读取表 jingpin_data，数据行数：4242]
2025-11-08 16:57:53,593 [INFO] [开始读取数据库表：inventory_data]
2025-11-08 16:57:54,130 [INFO] [成功读取表 inventory_data，数据行数：5428]
2025-11-08 16:57:54,130 [INFO] [开始读取数据库表：tuiding_data]
2025-11-08 16:57:54,352 [INFO] [成功读取表 tuiding_data，数据行数：3975]
2025-11-08 16:57:54,353 [INFO] [开始读取数据库表：debit_data]
2025-11-08 16:57:56,267 [INFO] [成功读取表 debit_data，数据行数：23810]
2025-11-08 16:57:56,656 [INFO] [开始读取数据库表：sales_invoice_data]
2025-11-08 16:57:57,915 [INFO] [成功读取表 sales_invoice_data，数据行数：17533]
2025-11-08 17:28:03,538 [INFO] [数据库引擎创建成功]
2025-11-08 17:28:03,538 [INFO] [开始读取数据库表：order_data]
2025-11-08 17:28:03,947 [INFO] [成功读取表 order_data，数据行数：22719]
2025-11-08 17:28:04,064 [INFO] [开始读取数据库表：sales_data]
2025-11-08 17:28:06,382 [INFO] [成功读取表 sales_data，数据行数：24439]
2025-11-08 17:28:08,300 [INFO] [开始读取数据库表：jingpin_data]
2025-11-08 17:28:08,568 [INFO] [成功读取表 jingpin_data，数据行数：4244]
2025-11-08 17:28:08,641 [INFO] [开始读取数据库表：inventory_data]
2025-11-08 17:28:09,150 [INFO] [成功读取表 inventory_data，数据行数：5423]
2025-11-08 17:28:09,150 [INFO] [开始读取数据库表：tuiding_data]
2025-11-08 17:28:09,360 [INFO] [成功读取表 tuiding_data，数据行数：3975]
2025-11-08 17:28:09,361 [INFO] [开始读取数据库表：debit_data]
2025-11-08 17:28:11,229 [INFO] [成功读取表 debit_data，数据行数：23810]
2025-11-08 17:28:11,599 [INFO] [开始读取数据库表：sales_invoice_data]
2025-11-08 17:28:12,842 [INFO] [成功读取表 sales_invoice_data，数据行数：17537]
2025-11-08 17:57:29,652 [INFO] [数据库引擎创建成功]
2025-11-08 17:57:29,652 [INFO] [开始读取数据库表：order_data]
2025-11-08 17:57:30,092 [INFO] [成功读取表 order_data，数据行数：22733]
2025-11-08 17:57:30,204 [INFO] [开始读取数据库表：sales_data]
2025-11-08 17:57:32,904 [INFO] [成功读取表 sales_data，数据行数：24444]
2025-11-08 17:57:34,823 [INFO] [开始读取数据库表：jingpin_data]
2025-11-08 17:57:35,086 [INFO] [成功读取表 jingpin_data，数据行数：4245]
2025-11-08 17:57:35,160 [INFO] [开始读取数据库表：inventory_data]
2025-11-08 17:57:35,693 [INFO] [成功读取表 inventory_data，数据行数：5418]
2025-11-08 17:57:35,693 [INFO] [开始读取数据库表：tuiding_data]
2025-11-08 17:57:35,909 [INFO] [成功读取表 tuiding_data，数据行数：3978]
2025-11-08 17:57:35,909 [INFO] [开始读取数据库表：debit_data]
2025-11-08 17:57:37,756 [INFO] [成功读取表 debit_data，数据行数：23810]
2025-11-08 17:57:38,137 [INFO] [开始读取数据库表：sales_invoice_data]
2025-11-08 17:57:39,408 [INFO] [成功读取表 sales_invoice_data，数据行数：17542]
2025-11-08 18:27:38,755 [INFO] [数据库引擎创建成功]
2025-11-08 18:27:38,755 [INFO] [开始读取数据库表：order_data]
2025-11-08 18:27:39,163 [INFO] [成功读取表 order_data，数据行数：22749]
2025-11-08 18:27:39,274 [INFO] [开始读取数据库表：sales_data]
2025-11-08 18:27:42,040 [INFO] [成功读取表 sales_data，数据行数：24446]
2025-11-08 18:27:43,864 [INFO] [开始读取数据库表：jingpin_data]
2025-11-08 18:27:44,111 [INFO] [成功读取表 jingpin_data，数据行数：4246]
2025-11-08 18:27:44,189 [INFO] [开始读取数据库表：inventory_data]
2025-11-08 18:27:44,714 [INFO] [成功读取表 inventory_data，数据行数：5417]
2025-11-08 18:27:44,714 [INFO] [开始读取数据库表：tuiding_data]
2025-11-08 18:27:44,933 [INFO] [成功读取表 tuiding_data，数据行数：3980]
2025-11-08 18:27:44,933 [INFO] [开始读取数据库表：debit_data]
2025-11-08 18:27:46,853 [INFO] [成功读取表 debit_data，数据行数：23810]
2025-11-08 18:27:47,236 [INFO] [开始读取数据库表：sales_invoice_data]
2025-11-08 18:27:48,482 [INFO] [成功读取表 sales_invoice_data，数据行数：17543]
2025-11-08 18:57:38,897 [INFO] [数据库引擎创建成功]
2025-11-08 18:57:38,897 [INFO] [开始读取数据库表：order_data]
2025-11-08 18:57:39,290 [INFO] [成功读取表 order_data，数据行数：22767]
2025-11-08 18:57:39,400 [INFO] [开始读取数据库表：sales_data]
2025-11-08 18:57:42,121 [INFO] [成功读取表 sales_data，数据行数：24446]
2025-11-08 18:57:44,096 [INFO] [开始读取数据库表：jingpin_data]
2025-11-08 18:57:44,374 [INFO] [成功读取表 jingpin_data，数据行数：4246]
2025-11-08 18:57:44,449 [INFO] [开始读取数据库表：inventory_data]
2025-11-08 18:57:44,975 [INFO] [成功读取表 inventory_data，数据行数：5417]
2025-11-08 18:57:44,976 [INFO] [开始读取数据库表：tuiding_data]
2025-11-08 18:57:45,187 [INFO] [成功读取表 tuiding_data，数据行数：3980]
2025-11-08 18:57:45,188 [INFO] [开始读取数据库表：debit_data]
2025-11-08 18:57:47,120 [INFO] [成功读取表 debit_data，数据行数：23810]
2025-11-08 18:57:47,502 [INFO] [开始读取数据库表：sales_invoice_data]
2025-11-08 18:57:48,801 [INFO] [成功读取表 sales_invoice_data，数据行数：17543]
2025-11-08 19:27:36,573 [INFO] [数据库引擎创建成功]
2025-11-08 19:27:36,573 [INFO] [开始读取数据库表：order_data]
2025-11-08 19:27:36,973 [INFO] [成功读取表 order_data，数据行数：22775]
2025-11-08 19:27:37,084 [INFO] [开始读取数据库表：sales_data]
2025-11-08 19:27:39,484 [INFO] [成功读取表 sales_data，数据行数：24446]
2025-11-08 19:27:41,487 [INFO] [开始读取数据库表：jingpin_data]
2025-11-08 19:27:41,738 [INFO] [成功读取表 jingpin_data，数据行数：4246]
2025-11-08 19:27:41,812 [INFO] [开始读取数据库表：inventory_data]
2025-11-08 19:27:42,341 [INFO] [成功读取表 inventory_data，数据行数：5417]
2025-11-08 19:27:42,342 [INFO] [开始读取数据库表：tuiding_data]
2025-11-08 19:27:42,571 [INFO] [成功读取表 tuiding_data，数据行数：3981]
2025-11-08 19:27:42,571 [INFO] [开始读取数据库表：debit_data]
2025-11-08 19:27:44,373 [INFO] [成功读取表 debit_data，数据行数：23810]
2025-11-08 19:27:44,757 [INFO] [开始读取数据库表：sales_invoice_data]
2025-11-08 19:27:46,011 [INFO] [成功读取表 sales_invoice_data，数据行数：17543]
2025-11-08 19:57:31,575 [INFO] [数据库引擎创建成功]
2025-11-08 19:57:31,575 [INFO] [开始读取数据库表：order_data]
2025-11-08 19:57:31,972 [INFO] [成功读取表 order_data，数据行数：22780]
2025-11-08 19:57:32,084 [INFO] [开始读取数据库表：sales_data]
2025-11-08 19:57:34,489 [INFO] [成功读取表 sales_data，数据行数：24445]
2025-11-08 19:57:36,496 [INFO] [开始读取数据库表：jingpin_data]
2025-11-08 19:57:36,758 [INFO] [成功读取表 jingpin_data，数据行数：4246]
2025-11-08 19:57:36,835 [INFO] [开始读取数据库表：inventory_data]
2025-11-08 19:57:37,373 [INFO] [成功读取表 inventory_data，数据行数：5417]
2025-11-08 19:57:37,373 [INFO] [开始读取数据库表：tuiding_data]
2025-11-08 19:57:37,601 [INFO] [成功读取表 tuiding_data，数据行数：3981]
2025-11-08 19:57:37,601 [INFO] [开始读取数据库表：debit_data]
2025-11-08 19:57:39,522 [INFO] [成功读取表 debit_data，数据行数：23810]
2025-11-08 19:57:39,904 [INFO] [开始读取数据库表：sales_invoice_data]
2025-11-08 19:57:41,189 [INFO] [成功读取表 sales_invoice_data，数据行数：17543]
2025-11-08 20:27:29,061 [INFO] [数据库引擎创建成功]
2025-11-08 20:27:29,061 [INFO] [开始读取数据库表：order_data]
2025-11-08 20:27:29,459 [INFO] [成功读取表 order_data，数据行数：22781]
2025-11-08 20:27:29,568 [INFO] [开始读取数据库表：sales_data]
2025-11-08 20:27:32,277 [INFO] [成功读取表 sales_data，数据行数：24444]
2025-11-08 20:27:34,247 [INFO] [开始读取数据库表：jingpin_data]
2025-11-08 20:27:34,503 [INFO] [成功读取表 jingpin_data，数据行数：4246]
2025-11-08 20:27:34,577 [INFO] [开始读取数据库表：inventory_data]
2025-11-08 20:27:35,081 [INFO] [成功读取表 inventory_data，数据行数：5417]
2025-11-08 20:27:35,081 [INFO] [开始读取数据库表：tuiding_data]
2025-11-08 20:27:35,292 [INFO] [成功读取表 tuiding_data，数据行数：3981]
2025-11-08 20:27:35,292 [INFO] [开始读取数据库表：debit_data]
2025-11-08 20:27:37,206 [INFO] [成功读取表 debit_data，数据行数：23810]
2025-11-08 20:27:37,584 [INFO] [开始读取数据库表：sales_invoice_data]
2025-11-08 20:27:38,869 [INFO] [成功读取表 sales_invoice_data，数据行数：17543]
2025-11-08 20:57:32,710 [INFO] [数据库引擎创建成功]
2025-11-08 20:57:32,710 [INFO] [开始读取数据库表：order_data]
2025-11-08 20:57:33,106 [INFO] [成功读取表 order_data，数据行数：22782]
2025-11-08 20:57:33,225 [INFO] [开始读取数据库表：sales_data]
2025-11-08 20:57:35,765 [INFO] [成功读取表 sales_data，数据行数：24444]
2025-11-08 20:57:37,727 [INFO] [开始读取数据库表：jingpin_data]
2025-11-08 20:57:37,991 [INFO] [成功读取表 jingpin_data，数据行数：4246]
2025-11-08 20:57:38,065 [INFO] [开始读取数据库表：inventory_data]
2025-11-08 20:57:38,600 [INFO] [成功读取表 inventory_data，数据行数：5417]
2025-11-08 20:57:38,600 [INFO] [开始读取数据库表：tuiding_data]
2025-11-08 20:57:38,823 [INFO] [成功读取表 tuiding_data，数据行数：3981]
2025-11-08 20:57:38,823 [INFO] [开始读取数据库表：debit_data]
2025-11-08 20:57:40,737 [INFO] [成功读取表 debit_data，数据行数：23810]
2025-11-08 20:57:41,117 [INFO] [开始读取数据库表：sales_invoice_data]
2025-11-08 20:57:42,403 [INFO] [成功读取表 sales_invoice_data，数据行数：17543]
2025-11-08 21:27:26,273 [INFO] [数据库引擎创建成功]
2025-11-08 21:27:26,273 [INFO] [开始读取数据库表：order_data]
2025-11-08 21:27:26,655 [INFO] [成功读取表 order_data，数据行数：22783]
2025-11-08 21:27:26,767 [INFO] [开始读取数据库表：sales_data]
2025-11-08 21:27:29,388 [INFO] [成功读取表 sales_data，数据行数：24444]
2025-11-08 21:27:31,369 [INFO] [开始读取数据库表：jingpin_data]
2025-11-08 21:27:31,631 [INFO] [成功读取表 jingpin_data，数据行数：4246]
2025-11-08 21:27:31,706 [INFO] [开始读取数据库表：inventory_data]
2025-11-08 21:27:32,227 [INFO] [成功读取表 inventory_data，数据行数：5422]
2025-11-08 21:27:32,228 [INFO] [开始读取数据库表：tuiding_data]
2025-11-08 21:27:32,448 [INFO] [成功读取表 tuiding_data，数据行数：3981]
2025-11-08 21:27:32,448 [INFO] [开始读取数据库表：debit_data]
2025-11-08 21:27:34,347 [INFO] [成功读取表 debit_data，数据行数：23815]
2025-11-08 21:27:34,729 [INFO] [开始读取数据库表：sales_invoice_data]
2025-11-08 21:27:35,999 [INFO] [成功读取表 sales_invoice_data，数据行数：17543]
2025-11-08 21:57:57,713 [INFO] [数据库引擎创建成功]
2025-11-08 21:57:57,713 [INFO] [开始读取数据库表：order_data]
2025-11-08 21:57:58,106 [INFO] [成功读取表 order_data，数据行数：22785]
2025-11-08 21:57:58,222 [INFO] [开始读取数据库表：sales_data]
2025-11-08 21:58:00,825 [INFO] [成功读取表 sales_data，数据行数：24444]
2025-11-08 21:58:02,786 [INFO] [开始读取数据库表：jingpin_data]
2025-11-08 21:58:03,049 [INFO] [成功读取表 jingpin_data，数据行数：4246]
2025-11-08 21:58:03,121 [INFO] [开始读取数据库表：inventory_data]
2025-11-08 21:58:03,612 [INFO] [成功读取表 inventory_data，数据行数：5422]
2025-11-08 21:58:03,631 [INFO] [开始读取数据库表：tuiding_data]
2025-11-08 21:58:03,856 [INFO] [成功读取表 tuiding_data，数据行数：3981]
2025-11-08 21:58:03,856 [INFO] [开始读取数据库表：debit_data]
2025-11-08 21:58:05,720 [INFO] [成功读取表 debit_data，数据行数：23892]
2025-11-08 21:58:06,104 [INFO] [开始读取数据库表：sales_invoice_data]
2025-11-08 21:58:07,381 [INFO] [成功读取表 sales_invoice_data，数据行数：17543]
2025-11-08 22:27:19,322 [INFO] [数据库引擎创建成功]
2025-11-08 22:27:19,322 [INFO] [开始读取数据库表：order_data]
2025-11-08 22:27:19,707 [INFO] [成功读取表 order_data，数据行数：22785]
2025-11-08 22:27:19,841 [INFO] [开始读取数据库表：sales_data]
2025-11-08 22:27:22,237 [INFO] [成功读取表 sales_data，数据行数：24444]
2025-11-08 22:27:24,196 [INFO] [开始读取数据库表：jingpin_data]
2025-11-08 22:27:24,460 [INFO] [成功读取表 jingpin_data，数据行数：4246]
2025-11-08 22:27:24,537 [INFO] [开始读取数据库表：inventory_data]
2025-11-08 22:27:25,078 [INFO] [成功读取表 inventory_data，数据行数：5422]
2025-11-08 22:27:25,078 [INFO] [开始读取数据库表：tuiding_data]
2025-11-08 22:27:25,300 [INFO] [成功读取表 tuiding_data，数据行数：3981]
2025-11-08 22:27:25,301 [INFO] [开始读取数据库表：debit_data]
2025-11-08 22:27:27,247 [INFO] [成功读取表 debit_data，数据行数：23892]
2025-11-08 22:27:27,631 [INFO] [开始读取数据库表：sales_invoice_data]
2025-11-08 22:27:28,857 [INFO] [成功读取表 sales_invoice_data，数据行数：17543]
2025-11-08 22:57:03,510 [INFO] [数据库引擎创建成功]
2025-11-08 22:57:03,511 [INFO] [开始读取数据库表：order_data]
2025-11-08 22:57:03,924 [INFO] [成功读取表 order_data，数据行数：22788]
2025-11-08 22:57:04,033 [INFO] [开始读取数据库表：sales_data]
2025-11-08 22:57:06,650 [INFO] [成功读取表 sales_data，数据行数：24444]
2025-11-08 22:57:08,616 [INFO] [开始读取数据库表：jingpin_data]
2025-11-08 22:57:08,880 [INFO] [成功读取表 jingpin_data，数据行数：4246]
2025-11-08 22:57:08,945 [INFO] [开始读取数据库表：inventory_data]
2025-11-08 22:57:09,445 [INFO] [成功读取表 inventory_data，数据行数：5422]
2025-11-08 22:57:09,445 [INFO] [开始读取数据库表：tuiding_data]
2025-11-08 22:57:09,657 [INFO] [成功读取表 tuiding_data，数据行数：3981]
2025-11-08 22:57:09,662 [INFO] [开始读取数据库表：debit_data]
2025-11-08 22:57:11,605 [INFO] [成功读取表 debit_data，数据行数：23892]
2025-11-08 22:57:11,999 [INFO] [开始读取数据库表：sales_invoice_data]
2025-11-08 22:57:13,241 [INFO] [成功读取表 sales_invoice_data，数据行数：17543]
2025-11-08 23:27:08,228 [INFO] [数据库引擎创建成功]
2025-11-08 23:27:08,228 [INFO] [开始读取数据库表：order_data]
2025-11-08 23:27:08,607 [INFO] [成功读取表 order_data，数据行数：22788]
2025-11-08 23:27:08,717 [INFO] [开始读取数据库表：sales_data]
2025-11-08 23:27:10,942 [INFO] [成功读取表 sales_data，数据行数：24444]
2025-11-08 23:27:12,928 [INFO] [开始读取数据库表：jingpin_data]
2025-11-08 23:27:13,184 [INFO] [成功读取表 jingpin_data，数据行数：4246]
2025-11-08 23:27:13,257 [INFO] [开始读取数据库表：inventory_data]
2025-11-08 23:27:13,792 [INFO] [成功读取表 inventory_data，数据行数：5422]
2025-11-08 23:27:13,792 [INFO] [开始读取数据库表：tuiding_data]
2025-11-08 23:27:14,018 [INFO] [成功读取表 tuiding_data，数据行数：3981]
2025-11-08 23:27:14,019 [INFO] [开始读取数据库表：debit_data]
2025-11-08 23:27:15,953 [INFO] [成功读取表 debit_data，数据行数：23892]
2025-11-08 23:27:16,310 [INFO] [开始读取数据库表：sales_invoice_data]
2025-11-08 23:27:17,481 [INFO] [成功读取表 sales_invoice_data，数据行数：17543]
2025-11-08 23:57:21,205 [INFO] [数据库引擎创建成功]
2025-11-08 23:57:21,205 [INFO] [开始读取数据库表：order_data]
2025-11-08 23:57:21,597 [INFO] [成功读取表 order_data，数据行数：22788]
2025-11-08 23:57:21,702 [INFO] [开始读取数据库表：sales_data]
2025-11-08 23:57:24,258 [INFO] [成功读取表 sales_data，数据行数：24444]
2025-11-08 23:57:26,224 [INFO] [开始读取数据库表：jingpin_data]
2025-11-08 23:57:26,453 [INFO] [成功读取表 jingpin_data，数据行数：4246]
2025-11-08 23:57:26,528 [INFO] [开始读取数据库表：inventory_data]
2025-11-08 23:57:27,057 [INFO] [成功读取表 inventory_data，数据行数：5422]
2025-11-08 23:57:27,057 [INFO] [开始读取数据库表：tuiding_data]
2025-11-08 23:57:27,257 [INFO] [成功读取表 tuiding_data，数据行数：3981]
2025-11-08 23:57:27,257 [INFO] [开始读取数据库表：debit_data]
2025-11-08 23:57:29,118 [INFO] [成功读取表 debit_data，数据行数：23892]
2025-11-08 23:57:29,498 [INFO] [开始读取数据库表：sales_invoice_data]
2025-11-08 23:57:30,799 [INFO] [成功读取表 sales_invoice_data，数据行数：17543]
