2025-11-26 08:04:34,177 [INFO] [数据库引擎创建成功]
2025-11-26 08:04:34,178 [INFO] [开始读取数据库表：order_data]
2025-11-26 08:04:35,640 [INFO] [成功读取表 order_data，数据行数：24055]
2025-11-26 08:04:35,927 [INFO] [开始读取数据库表：sales_data]
2025-11-26 08:04:48,054 [INFO] [成功读取表 sales_data，数据行数：26124]
2025-11-26 08:04:49,808 [INFO] [开始读取数据库表：jingpin_data]
2025-11-26 08:04:50,039 [INFO] [成功读取表 jingpin_data，数据行数：4646]
2025-11-26 08:04:50,099 [INFO] [开始读取数据库表：inventory_data]
2025-11-26 08:04:50,542 [INFO] [成功读取表 inventory_data，数据行数：6068]
2025-11-26 08:04:50,542 [INFO] [开始读取数据库表：tuiding_data]
2025-11-26 08:04:50,732 [INFO] [成功读取表 tuiding_data，数据行数：4307]
2025-11-26 08:04:50,732 [INFO] [开始读取数据库表：debit_data]
2025-11-26 08:04:52,507 [INFO] [成功读取表 debit_data，数据行数：25749]
2025-11-26 08:04:52,866 [INFO] [开始读取数据库表：sales_invoice_data]
2025-11-26 08:04:53,900 [INFO] [成功读取表 sales_invoice_data，数据行数：18875]
2025-11-26 08:26:17,202 [INFO] [数据库引擎创建成功]
2025-11-26 08:26:17,202 [INFO] [开始读取数据库表：order_data]
2025-11-26 08:26:18,728 [INFO] [成功读取表 order_data，数据行数：24055]
2025-11-26 08:26:19,003 [INFO] [开始读取数据库表：sales_data]
2025-11-26 08:26:24,456 [INFO] [成功读取表 sales_data，数据行数：26124]
2025-11-26 08:26:29,943 [INFO] [开始读取数据库表：jingpin_data]
2025-11-26 08:26:30,209 [INFO] [成功读取表 jingpin_data，数据行数：4646]
2025-11-26 08:26:30,285 [INFO] [开始读取数据库表：inventory_data]
2025-11-26 08:26:30,797 [INFO] [成功读取表 inventory_data，数据行数：6068]
2025-11-26 08:26:30,798 [INFO] [开始读取数据库表：tuiding_data]
2025-11-26 08:26:30,999 [INFO] [成功读取表 tuiding_data，数据行数：4307]
2025-11-26 08:26:30,999 [INFO] [开始读取数据库表：debit_data]
2025-11-26 08:26:32,794 [INFO] [成功读取表 debit_data，数据行数：25749]
2025-11-26 08:26:33,112 [INFO] [开始读取数据库表：sales_invoice_data]
2025-11-26 08:26:34,190 [INFO] [成功读取表 sales_invoice_data，数据行数：18875]
2025-11-26 08:56:53,938 [INFO] [数据库引擎创建成功]
2025-11-26 08:56:53,938 [INFO] [开始读取数据库表：order_data]
2025-11-26 08:56:55,490 [INFO] [成功读取表 order_data，数据行数：24053]
2025-11-26 08:56:55,796 [INFO] [开始读取数据库表：sales_data]
2025-11-26 08:57:05,181 [INFO] [成功读取表 sales_data，数据行数：26124]
2025-11-26 08:57:06,969 [INFO] [开始读取数据库表：jingpin_data]
2025-11-26 08:57:07,193 [INFO] [成功读取表 jingpin_data，数据行数：4646]
2025-11-26 08:57:07,274 [INFO] [开始读取数据库表：inventory_data]
2025-11-26 08:57:07,698 [INFO] [成功读取表 inventory_data，数据行数：6068]
2025-11-26 08:57:07,699 [INFO] [开始读取数据库表：tuiding_data]
2025-11-26 08:57:07,887 [INFO] [成功读取表 tuiding_data，数据行数：4309]
2025-11-26 08:57:07,887 [INFO] [开始读取数据库表：debit_data]
2025-11-26 08:57:09,558 [INFO] [成功读取表 debit_data，数据行数：25749]
2025-11-26 08:57:09,899 [INFO] [开始读取数据库表：sales_invoice_data]
2025-11-26 08:57:10,904 [INFO] [成功读取表 sales_invoice_data，数据行数：18875]
2025-11-26 09:29:01,113 [INFO] [数据库引擎创建成功]
2025-11-26 09:29:01,113 [INFO] [开始读取数据库表：order_data]
2025-11-26 09:29:02,855 [INFO] [成功读取表 order_data，数据行数：24054]
2025-11-26 09:29:03,184 [INFO] [开始读取数据库表：sales_data]
2025-11-26 09:29:09,141 [INFO] [成功读取表 sales_data，数据行数：26125]
2025-11-26 09:29:11,041 [INFO] [开始读取数据库表：jingpin_data]
2025-11-26 09:29:11,294 [INFO] [成功读取表 jingpin_data，数据行数：4646]
2025-11-26 09:29:11,364 [INFO] [开始读取数据库表：inventory_data]
2025-11-26 09:29:11,867 [INFO] [成功读取表 inventory_data，数据行数：6068]
2025-11-26 09:29:11,867 [INFO] [开始读取数据库表：tuiding_data]
2025-11-26 09:29:12,075 [INFO] [成功读取表 tuiding_data，数据行数：4309]
2025-11-26 09:29:12,075 [INFO] [开始读取数据库表：debit_data]
2025-11-26 09:29:13,988 [INFO] [成功读取表 debit_data，数据行数：25749]
2025-11-26 09:29:14,353 [INFO] [开始读取数据库表：sales_invoice_data]
2025-11-26 09:29:15,533 [INFO] [成功读取表 sales_invoice_data，数据行数：18875]
2025-11-26 09:57:33,965 [INFO] [数据库引擎创建成功]
2025-11-26 09:57:33,966 [INFO] [开始读取数据库表：order_data]
2025-11-26 09:57:35,665 [INFO] [成功读取表 order_data，数据行数：24055]
2025-11-26 09:57:36,007 [INFO] [开始读取数据库表：sales_data]
2025-11-26 09:57:41,763 [INFO] [成功读取表 sales_data，数据行数：26125]
2025-11-26 09:57:43,735 [INFO] [开始读取数据库表：jingpin_data]
2025-11-26 09:57:43,987 [INFO] [成功读取表 jingpin_data，数据行数：4646]
2025-11-26 09:57:44,059 [INFO] [开始读取数据库表：inventory_data]
2025-11-26 09:57:44,587 [INFO] [成功读取表 inventory_data，数据行数：6068]
2025-11-26 09:57:44,587 [INFO] [开始读取数据库表：tuiding_data]
2025-11-26 09:57:44,798 [INFO] [成功读取表 tuiding_data，数据行数：4309]
2025-11-26 09:57:44,798 [INFO] [开始读取数据库表：debit_data]
2025-11-26 09:57:46,730 [INFO] [成功读取表 debit_data，数据行数：25749]
2025-11-26 09:57:47,099 [INFO] [开始读取数据库表：sales_invoice_data]
2025-11-26 09:57:48,287 [INFO] [成功读取表 sales_invoice_data，数据行数：18875]
2025-11-26 10:27:59,602 [INFO] [数据库引擎创建成功]
2025-11-26 10:27:59,603 [INFO] [开始读取数据库表：order_data]
2025-11-26 10:28:01,211 [INFO] [成功读取表 order_data，数据行数：24056]
2025-11-26 10:28:01,530 [INFO] [开始读取数据库表：sales_data]
2025-11-26 10:28:07,719 [INFO] [成功读取表 sales_data，数据行数：26127]
2025-11-26 10:28:09,759 [INFO] [开始读取数据库表：jingpin_data]
2025-11-26 10:28:10,018 [INFO] [成功读取表 jingpin_data，数据行数：4646]
2025-11-26 10:28:10,081 [INFO] [开始读取数据库表：inventory_data]
2025-11-26 10:28:10,617 [INFO] [成功读取表 inventory_data，数据行数：6066]
2025-11-26 10:28:10,617 [INFO] [开始读取数据库表：tuiding_data]
2025-11-26 10:28:10,833 [INFO] [成功读取表 tuiding_data，数据行数：4309]
2025-11-26 10:28:10,833 [INFO] [开始读取数据库表：debit_data]
2025-11-26 10:28:12,876 [INFO] [成功读取表 debit_data，数据行数：25749]
2025-11-26 10:28:13,207 [INFO] [开始读取数据库表：sales_invoice_data]
2025-11-26 10:28:14,406 [INFO] [成功读取表 sales_invoice_data，数据行数：18877]
2025-11-26 10:58:16,472 [INFO] [数据库引擎创建成功]
2025-11-26 10:58:16,472 [INFO] [开始读取数据库表：order_data]
2025-11-26 10:58:17,993 [INFO] [成功读取表 order_data，数据行数：24058]
2025-11-26 10:58:18,328 [INFO] [开始读取数据库表：sales_data]
2025-11-26 10:58:24,192 [INFO] [成功读取表 sales_data，数据行数：26128]
2025-11-26 10:58:26,096 [INFO] [开始读取数据库表：jingpin_data]
2025-11-26 10:58:26,358 [INFO] [成功读取表 jingpin_data，数据行数：4647]
2025-11-26 10:58:26,429 [INFO] [开始读取数据库表：inventory_data]
2025-11-26 10:58:26,951 [INFO] [成功读取表 inventory_data，数据行数：6065]
2025-11-26 10:58:26,951 [INFO] [开始读取数据库表：tuiding_data]
2025-11-26 10:58:27,168 [INFO] [成功读取表 tuiding_data，数据行数：4309]
2025-11-26 10:58:27,168 [INFO] [开始读取数据库表：debit_data]
2025-11-26 10:58:29,160 [INFO] [成功读取表 debit_data，数据行数：25749]
2025-11-26 10:58:29,527 [INFO] [开始读取数据库表：sales_invoice_data]
2025-11-26 10:58:30,737 [INFO] [成功读取表 sales_invoice_data，数据行数：18878]
2025-11-26 11:28:10,878 [INFO] [数据库引擎创建成功]
2025-11-26 11:28:10,878 [INFO] [开始读取数据库表：order_data]
2025-11-26 11:28:12,360 [INFO] [成功读取表 order_data，数据行数：24060]
2025-11-26 11:28:12,655 [INFO] [开始读取数据库表：sales_data]
2025-11-26 11:28:19,016 [INFO] [成功读取表 sales_data，数据行数：26133]
2025-11-26 11:28:21,657 [INFO] [开始读取数据库表：jingpin_data]
2025-11-26 11:28:21,910 [INFO] [成功读取表 jingpin_data，数据行数：4648]
2025-11-26 11:28:21,973 [INFO] [开始读取数据库表：inventory_data]
2025-11-26 11:28:22,477 [INFO] [成功读取表 inventory_data，数据行数：6074]
2025-11-26 11:28:22,477 [INFO] [开始读取数据库表：tuiding_data]
2025-11-26 11:28:22,677 [INFO] [成功读取表 tuiding_data，数据行数：4309]
2025-11-26 11:28:22,678 [INFO] [开始读取数据库表：debit_data]
2025-11-26 11:28:24,661 [INFO] [成功读取表 debit_data，数据行数：25763]
2025-11-26 11:28:25,032 [INFO] [开始读取数据库表：sales_invoice_data]
2025-11-26 11:28:26,240 [INFO] [成功读取表 sales_invoice_data，数据行数：18880]
2025-11-26 11:54:57,434 [INFO] [数据库引擎创建成功]
2025-11-26 11:54:57,435 [INFO] [开始读取数据库表：order_data]
2025-11-26 11:55:03,427 [INFO] [成功读取表 order_data，数据行数：24061]
2025-11-26 11:55:03,902 [INFO] [开始读取数据库表：sales_data]
2025-11-26 11:55:09,928 [INFO] [成功读取表 sales_data，数据行数：26143]
2025-11-26 11:55:11,872 [INFO] [开始读取数据库表：jingpin_data]
2025-11-26 11:55:12,139 [INFO] [成功读取表 jingpin_data，数据行数：4648]
2025-11-26 11:55:12,203 [INFO] [开始读取数据库表：inventory_data]
2025-11-26 11:55:12,754 [INFO] [成功读取表 inventory_data，数据行数：6064]
2025-11-26 11:55:12,754 [INFO] [开始读取数据库表：tuiding_data]
2025-11-26 11:55:12,973 [INFO] [成功读取表 tuiding_data，数据行数：4309]
2025-11-26 11:55:12,973 [INFO] [开始读取数据库表：debit_data]
2025-11-26 11:55:14,947 [INFO] [成功读取表 debit_data，数据行数：25763]
2025-11-26 11:55:15,319 [INFO] [开始读取数据库表：sales_invoice_data]
2025-11-26 11:55:16,506 [INFO] [成功读取表 sales_invoice_data，数据行数：18888]
2025-11-26 12:24:45,743 [INFO] [数据库引擎创建成功]
2025-11-26 12:24:45,743 [INFO] [开始读取数据库表：order_data]
2025-11-26 12:24:47,436 [INFO] [成功读取表 order_data，数据行数：24059]
2025-11-26 12:24:47,759 [INFO] [开始读取数据库表：sales_data]
2025-11-26 12:24:53,832 [INFO] [成功读取表 sales_data，数据行数：26149]
2025-11-26 12:24:55,775 [INFO] [开始读取数据库表：jingpin_data]
2025-11-26 12:24:56,029 [INFO] [成功读取表 jingpin_data，数据行数：4648]
2025-11-26 12:24:56,104 [INFO] [开始读取数据库表：inventory_data]
2025-11-26 12:24:56,617 [INFO] [成功读取表 inventory_data，数据行数：6061]
2025-11-26 12:24:56,617 [INFO] [开始读取数据库表：tuiding_data]
2025-11-26 12:24:56,825 [INFO] [成功读取表 tuiding_data，数据行数：4311]
2025-11-26 12:24:56,825 [INFO] [开始读取数据库表：debit_data]
2025-11-26 12:24:58,799 [INFO] [成功读取表 debit_data，数据行数：25763]
2025-11-26 12:24:59,186 [INFO] [开始读取数据库表：sales_invoice_data]
2025-11-26 12:25:00,462 [INFO] [成功读取表 sales_invoice_data，数据行数：18891]
2025-11-26 12:54:43,474 [INFO] [数据库引擎创建成功]
2025-11-26 12:54:43,474 [INFO] [开始读取数据库表：order_data]
2025-11-26 12:54:45,175 [INFO] [成功读取表 order_data，数据行数：24061]
2025-11-26 12:54:45,489 [INFO] [开始读取数据库表：sales_data]
2025-11-26 12:54:54,048 [INFO] [成功读取表 sales_data，数据行数：26149]
2025-11-26 12:54:55,948 [INFO] [开始读取数据库表：jingpin_data]
2025-11-26 12:54:56,214 [INFO] [成功读取表 jingpin_data，数据行数：4651]
2025-11-26 12:54:56,280 [INFO] [开始读取数据库表：inventory_data]
2025-11-26 12:54:56,798 [INFO] [成功读取表 inventory_data，数据行数：6061]
2025-11-26 12:54:56,798 [INFO] [开始读取数据库表：tuiding_data]
2025-11-26 12:54:56,994 [INFO] [成功读取表 tuiding_data，数据行数：4311]
2025-11-26 12:54:56,994 [INFO] [开始读取数据库表：debit_data]
2025-11-26 12:54:58,963 [INFO] [成功读取表 debit_data，数据行数：25763]
2025-11-26 12:54:59,339 [INFO] [开始读取数据库表：sales_invoice_data]
2025-11-26 12:55:00,617 [INFO] [成功读取表 sales_invoice_data，数据行数：18891]
2025-11-26 13:25:03,313 [INFO] [数据库引擎创建成功]
2025-11-26 13:25:03,314 [INFO] [开始读取数据库表：order_data]
2025-11-26 13:25:04,990 [INFO] [成功读取表 order_data，数据行数：24066]
2025-11-26 13:25:05,309 [INFO] [开始读取数据库表：sales_data]
2025-11-26 13:25:12,876 [INFO] [成功读取表 sales_data，数据行数：26155]
2025-11-26 13:25:14,793 [INFO] [开始读取数据库表：jingpin_data]
2025-11-26 13:25:15,047 [INFO] [成功读取表 jingpin_data，数据行数：4651]
2025-11-26 13:25:15,109 [INFO] [开始读取数据库表：inventory_data]
2025-11-26 13:25:15,622 [INFO] [成功读取表 inventory_data，数据行数：6056]
2025-11-26 13:25:15,622 [INFO] [开始读取数据库表：tuiding_data]
2025-11-26 13:25:15,828 [INFO] [成功读取表 tuiding_data，数据行数：4311]
2025-11-26 13:25:15,829 [INFO] [开始读取数据库表：debit_data]
2025-11-26 13:25:17,739 [INFO] [成功读取表 debit_data，数据行数：25763]
2025-11-26 13:25:18,100 [INFO] [开始读取数据库表：sales_invoice_data]
2025-11-26 13:25:19,274 [INFO] [成功读取表 sales_invoice_data，数据行数：18896]
2025-11-26 13:56:25,020 [INFO] [数据库引擎创建成功]
2025-11-26 13:56:25,021 [INFO] [开始读取数据库表：order_data]
2025-11-26 13:56:27,250 [INFO] [成功读取表 order_data，数据行数：24067]
2025-11-26 13:56:27,618 [INFO] [开始读取数据库表：sales_data]
2025-11-26 13:56:34,014 [INFO] [成功读取表 sales_data，数据行数：26165]
2025-11-26 13:56:35,816 [INFO] [开始读取数据库表：jingpin_data]
2025-11-26 13:56:36,083 [INFO] [成功读取表 jingpin_data，数据行数：4655]
2025-11-26 13:56:36,153 [INFO] [开始读取数据库表：inventory_data]
2025-11-26 13:56:36,661 [INFO] [成功读取表 inventory_data，数据行数：6061]
2025-11-26 13:56:36,661 [INFO] [开始读取数据库表：tuiding_data]
2025-11-26 13:56:36,856 [INFO] [成功读取表 tuiding_data，数据行数：4315]
2025-11-26 13:56:36,857 [INFO] [开始读取数据库表：debit_data]
2025-11-26 13:56:38,835 [INFO] [成功读取表 debit_data，数据行数：25779]
2025-11-26 13:56:39,206 [INFO] [开始读取数据库表：sales_invoice_data]
2025-11-26 13:56:40,451 [INFO] [成功读取表 sales_invoice_data，数据行数：18906]
2025-11-26 14:25:01,491 [INFO] [数据库引擎创建成功]
2025-11-26 14:25:01,492 [INFO] [开始读取数据库表：order_data]
2025-11-26 14:25:02,796 [INFO] [成功读取表 order_data，数据行数：24069]
2025-11-26 14:25:03,040 [INFO] [开始读取数据库表：sales_data]
2025-11-26 14:25:08,120 [INFO] [成功读取表 sales_data，数据行数：26169]
2025-11-26 14:25:09,715 [INFO] [开始读取数据库表：jingpin_data]
2025-11-26 14:25:09,913 [INFO] [成功读取表 jingpin_data，数据行数：4655]
2025-11-26 14:25:09,966 [INFO] [开始读取数据库表：inventory_data]
2025-11-26 14:25:10,393 [INFO] [成功读取表 inventory_data，数据行数：6058]
2025-11-26 14:25:10,393 [INFO] [开始读取数据库表：tuiding_data]
2025-11-26 14:25:10,574 [INFO] [成功读取表 tuiding_data，数据行数：4316]
2025-11-26 14:25:10,574 [INFO] [开始读取数据库表：debit_data]
2025-11-26 14:25:12,205 [INFO] [成功读取表 debit_data，数据行数：25779]
2025-11-26 14:25:12,496 [INFO] [开始读取数据库表：sales_invoice_data]
2025-11-26 14:25:13,518 [INFO] [成功读取表 sales_invoice_data，数据行数：18909]
2025-11-26 14:55:11,921 [INFO] [数据库引擎创建成功]
2025-11-26 14:55:11,921 [INFO] [开始读取数据库表：order_data]
2025-11-26 14:55:13,246 [INFO] [成功读取表 order_data，数据行数：24075]
2025-11-26 14:55:13,505 [INFO] [开始读取数据库表：sales_data]
2025-11-26 14:55:18,283 [INFO] [成功读取表 sales_data，数据行数：26171]
2025-11-26 14:55:23,677 [INFO] [开始读取数据库表：jingpin_data]
2025-11-26 14:55:23,952 [INFO] [成功读取表 jingpin_data，数据行数：4655]
2025-11-26 14:55:24,015 [INFO] [开始读取数据库表：inventory_data]
2025-11-26 14:55:24,538 [INFO] [成功读取表 inventory_data，数据行数：6055]
2025-11-26 14:55:24,539 [INFO] [开始读取数据库表：tuiding_data]
2025-11-26 14:55:24,745 [INFO] [成功读取表 tuiding_data，数据行数：4317]
2025-11-26 14:55:24,745 [INFO] [开始读取数据库表：debit_data]
2025-11-26 14:55:26,339 [INFO] [成功读取表 debit_data，数据行数：25779]
2025-11-26 14:55:26,658 [INFO] [开始读取数据库表：sales_invoice_data]
2025-11-26 14:55:27,630 [INFO] [成功读取表 sales_invoice_data，数据行数：18911]
2025-11-26 15:25:34,942 [INFO] [数据库引擎创建成功]
2025-11-26 15:25:34,942 [INFO] [开始读取数据库表：order_data]
2025-11-26 15:25:36,559 [INFO] [成功读取表 order_data，数据行数：24083]
2025-11-26 15:25:36,882 [INFO] [开始读取数据库表：sales_data]
2025-11-26 15:25:47,610 [INFO] [成功读取表 sales_data，数据行数：26178]
2025-11-26 15:25:49,296 [INFO] [开始读取数据库表：jingpin_data]
2025-11-26 15:25:49,508 [INFO] [成功读取表 jingpin_data，数据行数：4655]
2025-11-26 15:25:49,566 [INFO] [开始读取数据库表：inventory_data]
2025-11-26 15:25:50,035 [INFO] [成功读取表 inventory_data，数据行数：6049]
2025-11-26 15:25:50,035 [INFO] [开始读取数据库表：tuiding_data]
2025-11-26 15:25:50,190 [INFO] [成功读取表 tuiding_data，数据行数：4317]
2025-11-26 15:25:50,190 [INFO] [开始读取数据库表：debit_data]
2025-11-26 15:25:51,997 [INFO] [成功读取表 debit_data，数据行数：25779]
2025-11-26 15:25:52,326 [INFO] [开始读取数据库表：sales_invoice_data]
2025-11-26 15:25:53,354 [INFO] [成功读取表 sales_invoice_data，数据行数：18918]
2025-11-26 15:50:15,837 [INFO] [数据库引擎创建成功]
2025-11-26 15:50:15,837 [INFO] [开始读取数据库表：order_data]
2025-11-26 15:50:16,328 [INFO] [成功读取表 order_data，数据行数：24086]
2025-11-26 15:50:16,440 [INFO] [开始读取数据库表：sales_data]
2025-11-26 15:50:18,450 [INFO] [成功读取表 sales_data，数据行数：26187]
2025-11-26 15:50:19,183 [INFO] [开始读取数据库表：jingpin_data]
2025-11-26 15:50:19,250 [INFO] [成功读取表 jingpin_data，数据行数：4655]
2025-11-26 15:50:19,273 [INFO] [开始读取数据库表：inventory_data]
2025-11-26 15:50:19,421 [INFO] [成功读取表 inventory_data，数据行数：6044]
2025-11-26 15:50:19,421 [INFO] [开始读取数据库表：tuiding_data]
2025-11-26 15:50:19,479 [INFO] [成功读取表 tuiding_data，数据行数：4318]
2025-11-26 15:50:19,479 [INFO] [开始读取数据库表：debit_data]
2025-11-26 15:50:20,026 [INFO] [成功读取表 debit_data，数据行数：25779]
2025-11-26 15:50:20,152 [INFO] [开始读取数据库表：sales_invoice_data]
2025-11-26 15:50:20,482 [INFO] [成功读取表 sales_invoice_data，数据行数：18927]
2025-11-26 16:01:33,385 [INFO] [数据库引擎创建成功]
2025-11-26 16:01:33,385 [INFO] [开始读取数据库表：order_data]
2025-11-26 16:01:33,970 [INFO] [成功读取表 order_data，数据行数：24087]
2025-11-26 16:01:34,103 [INFO] [开始读取数据库表：sales_data]
2025-11-26 16:01:36,463 [INFO] [成功读取表 sales_data，数据行数：26184]
2025-11-26 16:01:37,238 [INFO] [开始读取数据库表：jingpin_data]
2025-11-26 16:01:37,322 [INFO] [成功读取表 jingpin_data，数据行数：4655]
2025-11-26 16:01:37,349 [INFO] [开始读取数据库表：inventory_data]
2025-11-26 16:01:37,536 [INFO] [成功读取表 inventory_data，数据行数：6041]
2025-11-26 16:01:37,536 [INFO] [开始读取数据库表：tuiding_data]
2025-11-26 16:01:37,609 [INFO] [成功读取表 tuiding_data，数据行数：4318]
2025-11-26 16:01:37,609 [INFO] [开始读取数据库表：debit_data]
2025-11-26 16:01:38,300 [INFO] [成功读取表 debit_data，数据行数：25779]
2025-11-26 16:01:38,453 [INFO] [开始读取数据库表：sales_invoice_data]
2025-11-26 16:01:38,900 [INFO] [成功读取表 sales_invoice_data，数据行数：18923]
2025-11-26 16:26:40,537 [INFO] [数据库引擎创建成功]
2025-11-26 16:26:40,537 [INFO] [开始读取数据库表：order_data]
2025-11-26 16:26:41,913 [INFO] [成功读取表 order_data，数据行数：24091]
2025-11-26 16:26:42,246 [INFO] [开始读取数据库表：sales_data]
2025-11-26 16:26:47,271 [INFO] [成功读取表 sales_data，数据行数：26186]
2025-11-26 16:26:48,965 [INFO] [开始读取数据库表：jingpin_data]
2025-11-26 16:26:49,151 [INFO] [成功读取表 jingpin_data，数据行数：4655]
2025-11-26 16:26:49,217 [INFO] [开始读取数据库表：inventory_data]
2025-11-26 16:26:49,646 [INFO] [成功读取表 inventory_data，数据行数：6041]
2025-11-26 16:26:49,646 [INFO] [开始读取数据库表：tuiding_data]
2025-11-26 16:26:49,825 [INFO] [成功读取表 tuiding_data，数据行数：4318]
2025-11-26 16:26:49,825 [INFO] [开始读取数据库表：debit_data]
2025-11-26 16:26:51,398 [INFO] [成功读取表 debit_data，数据行数：25779]
2025-11-26 16:26:51,713 [INFO] [开始读取数据库表：sales_invoice_data]
2025-11-26 16:26:52,742 [INFO] [成功读取表 sales_invoice_data，数据行数：18924]
2025-11-26 16:56:25,403 [INFO] [数据库引擎创建成功]
2025-11-26 16:56:25,403 [INFO] [开始读取数据库表：order_data]
2025-11-26 16:56:26,745 [INFO] [成功读取表 order_data，数据行数：24094]
2025-11-26 16:56:27,013 [INFO] [开始读取数据库表：sales_data]
2025-11-26 16:56:32,067 [INFO] [成功读取表 sales_data，数据行数：26199]
2025-11-26 16:56:33,746 [INFO] [开始读取数据库表：jingpin_data]
2025-11-26 16:56:33,971 [INFO] [成功读取表 jingpin_data，数据行数：4655]
2025-11-26 16:56:34,027 [INFO] [开始读取数据库表：inventory_data]
2025-11-26 16:56:34,428 [INFO] [成功读取表 inventory_data，数据行数：6029]
2025-11-26 16:56:34,428 [INFO] [开始读取数据库表：tuiding_data]
2025-11-26 16:56:34,599 [INFO] [成功读取表 tuiding_data，数据行数：4318]
2025-11-26 16:56:34,599 [INFO] [开始读取数据库表：debit_data]
2025-11-26 16:56:36,145 [INFO] [成功读取表 debit_data，数据行数：25779]
2025-11-26 16:56:36,442 [INFO] [开始读取数据库表：sales_invoice_data]
2025-11-26 16:56:37,363 [INFO] [成功读取表 sales_invoice_data，数据行数：18937]
2025-11-26 17:27:39,657 [INFO] [数据库引擎创建成功]
2025-11-26 17:27:39,657 [INFO] [开始读取数据库表：order_data]
2025-11-26 17:27:45,465 [INFO] [成功读取表 order_data，数据行数：24098]
2025-11-26 17:27:45,893 [INFO] [开始读取数据库表：sales_data]
2025-11-26 17:27:51,123 [INFO] [成功读取表 sales_data，数据行数：26214]
2025-11-26 17:27:52,854 [INFO] [开始读取数据库表：jingpin_data]
2025-11-26 17:27:53,054 [INFO] [成功读取表 jingpin_data，数据行数：4658]
2025-11-26 17:27:53,112 [INFO] [开始读取数据库表：inventory_data]
2025-11-26 17:27:53,558 [INFO] [成功读取表 inventory_data，数据行数：6022]
2025-11-26 17:27:53,558 [INFO] [开始读取数据库表：tuiding_data]
2025-11-26 17:27:53,737 [INFO] [成功读取表 tuiding_data，数据行数：4318]
2025-11-26 17:27:53,737 [INFO] [开始读取数据库表：debit_data]
2025-11-26 17:27:55,350 [INFO] [成功读取表 debit_data，数据行数：25779]
2025-11-26 17:27:55,679 [INFO] [开始读取数据库表：sales_invoice_data]
2025-11-26 17:27:56,701 [INFO] [成功读取表 sales_invoice_data，数据行数：18943]
2025-11-26 17:56:32,775 [INFO] [数据库引擎创建成功]
2025-11-26 17:56:32,776 [INFO] [开始读取数据库表：order_data]
2025-11-26 17:56:34,422 [INFO] [成功读取表 order_data，数据行数：24101]
2025-11-26 17:56:34,712 [INFO] [开始读取数据库表：sales_data]
2025-11-26 17:56:39,758 [INFO] [成功读取表 sales_data，数据行数：26221]
2025-11-26 17:56:41,338 [INFO] [开始读取数据库表：jingpin_data]
2025-11-26 17:56:41,522 [INFO] [成功读取表 jingpin_data，数据行数：4666]
2025-11-26 17:56:41,570 [INFO] [开始读取数据库表：inventory_data]
2025-11-26 17:56:42,514 [INFO] [成功读取表 inventory_data，数据行数：6016]
2025-11-26 17:56:42,514 [INFO] [开始读取数据库表：tuiding_data]
2025-11-26 17:56:42,740 [INFO] [成功读取表 tuiding_data，数据行数：4318]
2025-11-26 17:56:42,740 [INFO] [开始读取数据库表：debit_data]
2025-11-26 17:56:45,374 [INFO] [成功读取表 debit_data，数据行数：25779]
2025-11-26 17:56:45,685 [INFO] [开始读取数据库表：sales_invoice_data]
2025-11-26 17:56:46,775 [INFO] [成功读取表 sales_invoice_data，数据行数：18950]
2025-11-26 18:26:00,363 [INFO] [数据库引擎创建成功]
2025-11-26 18:26:00,373 [INFO] [开始读取数据库表：order_data]
2025-11-26 18:26:01,733 [INFO] [成功读取表 order_data，数据行数：24106]
2025-11-26 18:26:02,073 [INFO] [开始读取数据库表：sales_data]
2025-11-26 18:26:07,039 [INFO] [成功读取表 sales_data，数据行数：26223]
2025-11-26 18:26:08,761 [INFO] [开始读取数据库表：jingpin_data]
2025-11-26 18:26:08,993 [INFO] [成功读取表 jingpin_data，数据行数：4668]
2025-11-26 18:26:09,053 [INFO] [开始读取数据库表：inventory_data]
2025-11-26 18:26:09,515 [INFO] [成功读取表 inventory_data，数据行数：6016]
2025-11-26 18:26:09,516 [INFO] [开始读取数据库表：tuiding_data]
2025-11-26 18:26:09,699 [INFO] [成功读取表 tuiding_data，数据行数：4321]
2025-11-26 18:26:09,699 [INFO] [开始读取数据库表：debit_data]
2025-11-26 18:26:11,317 [INFO] [成功读取表 debit_data，数据行数：25779]
2025-11-26 18:26:11,654 [INFO] [开始读取数据库表：sales_invoice_data]
2025-11-26 18:26:12,717 [INFO] [成功读取表 sales_invoice_data，数据行数：18952]
2025-11-26 18:56:00,466 [INFO] [数据库引擎创建成功]
2025-11-26 18:56:00,467 [INFO] [开始读取数据库表：order_data]
2025-11-26 18:56:01,854 [INFO] [成功读取表 order_data，数据行数：24108]
2025-11-26 18:56:02,146 [INFO] [开始读取数据库表：sales_data]
2025-11-26 18:56:07,365 [INFO] [成功读取表 sales_data，数据行数：26223]
2025-11-26 18:56:09,092 [INFO] [开始读取数据库表：jingpin_data]
2025-11-26 18:56:09,309 [INFO] [成功读取表 jingpin_data，数据行数：4668]
2025-11-26 18:56:09,368 [INFO] [开始读取数据库表：inventory_data]
2025-11-26 18:56:09,793 [INFO] [成功读取表 inventory_data，数据行数：6016]
2025-11-26 18:56:09,793 [INFO] [开始读取数据库表：tuiding_data]
2025-11-26 18:56:09,973 [INFO] [成功读取表 tuiding_data，数据行数：4321]
2025-11-26 18:56:09,973 [INFO] [开始读取数据库表：debit_data]
2025-11-26 18:56:11,707 [INFO] [成功读取表 debit_data，数据行数：25779]
2025-11-26 18:56:12,048 [INFO] [开始读取数据库表：sales_invoice_data]
2025-11-26 18:56:13,091 [INFO] [成功读取表 sales_invoice_data，数据行数：18952]
2025-11-26 19:26:00,529 [INFO] [数据库引擎创建成功]
2025-11-26 19:26:00,530 [INFO] [开始读取数据库表：order_data]
2025-11-26 19:26:02,209 [INFO] [成功读取表 order_data，数据行数：24110]
2025-11-26 19:26:02,404 [INFO] [开始读取数据库表：sales_data]
2025-11-26 19:26:07,462 [INFO] [成功读取表 sales_data，数据行数：26223]
2025-11-26 19:26:09,163 [INFO] [开始读取数据库表：jingpin_data]
2025-11-26 19:26:09,383 [INFO] [成功读取表 jingpin_data，数据行数：4668]
2025-11-26 19:26:09,438 [INFO] [开始读取数据库表：inventory_data]
2025-11-26 19:26:09,865 [INFO] [成功读取表 inventory_data，数据行数：6016]
2025-11-26 19:26:09,865 [INFO] [开始读取数据库表：tuiding_data]
2025-11-26 19:26:10,028 [INFO] [成功读取表 tuiding_data，数据行数：4321]
2025-11-26 19:26:10,028 [INFO] [开始读取数据库表：debit_data]
2025-11-26 19:26:11,619 [INFO] [成功读取表 debit_data，数据行数：25779]
2025-11-26 19:26:11,919 [INFO] [开始读取数据库表：sales_invoice_data]
2025-11-26 19:26:12,996 [INFO] [成功读取表 sales_invoice_data，数据行数：18952]
2025-11-26 19:56:13,051 [INFO] [数据库引擎创建成功]
2025-11-26 19:56:13,053 [INFO] [开始读取数据库表：order_data]
2025-11-26 19:56:14,602 [INFO] [成功读取表 order_data，数据行数：24112]
2025-11-26 19:56:14,918 [INFO] [开始读取数据库表：sales_data]
2025-11-26 19:56:22,015 [INFO] [成功读取表 sales_data，数据行数：26223]
2025-11-26 19:56:23,943 [INFO] [开始读取数据库表：jingpin_data]
2025-11-26 19:56:24,145 [INFO] [成功读取表 jingpin_data，数据行数：4668]
2025-11-26 19:56:24,199 [INFO] [开始读取数据库表：inventory_data]
2025-11-26 19:56:24,663 [INFO] [成功读取表 inventory_data，数据行数：6016]
2025-11-26 19:56:24,664 [INFO] [开始读取数据库表：tuiding_data]
2025-11-26 19:56:24,873 [INFO] [成功读取表 tuiding_data，数据行数：4321]
2025-11-26 19:56:24,873 [INFO] [开始读取数据库表：debit_data]
2025-11-26 19:56:27,600 [INFO] [成功读取表 debit_data，数据行数：25779]
2025-11-26 19:56:28,176 [INFO] [开始读取数据库表：sales_invoice_data]
2025-11-26 19:56:29,815 [INFO] [成功读取表 sales_invoice_data，数据行数：18952]
2025-11-26 20:26:02,107 [INFO] [数据库引擎创建成功]
2025-11-26 20:26:02,108 [INFO] [开始读取数据库表：order_data]
2025-11-26 20:26:03,487 [INFO] [成功读取表 order_data，数据行数：24113]
2025-11-26 20:26:03,790 [INFO] [开始读取数据库表：sales_data]
2025-11-26 20:26:08,768 [INFO] [成功读取表 sales_data，数据行数：26223]
2025-11-26 20:26:10,414 [INFO] [开始读取数据库表：jingpin_data]
2025-11-26 20:26:10,617 [INFO] [成功读取表 jingpin_data，数据行数：4668]
2025-11-26 20:26:10,671 [INFO] [开始读取数据库表：inventory_data]
2025-11-26 20:26:11,103 [INFO] [成功读取表 inventory_data，数据行数：6016]
2025-11-26 20:26:11,103 [INFO] [开始读取数据库表：tuiding_data]
2025-11-26 20:26:11,288 [INFO] [成功读取表 tuiding_data，数据行数：4321]
2025-11-26 20:26:11,289 [INFO] [开始读取数据库表：debit_data]
2025-11-26 20:26:12,860 [INFO] [成功读取表 debit_data，数据行数：25779]
2025-11-26 20:26:13,152 [INFO] [开始读取数据库表：sales_invoice_data]
2025-11-26 20:26:14,133 [INFO] [成功读取表 sales_invoice_data，数据行数：18952]
2025-11-26 20:56:31,349 [INFO] [数据库引擎创建成功]
2025-11-26 20:56:31,349 [INFO] [开始读取数据库表：order_data]
2025-11-26 20:56:34,010 [INFO] [成功读取表 order_data，数据行数：24113]
2025-11-26 20:56:34,339 [INFO] [开始读取数据库表：sales_data]
2025-11-26 20:56:39,588 [INFO] [成功读取表 sales_data，数据行数：26223]
2025-11-26 20:56:41,292 [INFO] [开始读取数据库表：jingpin_data]
2025-11-26 20:56:41,514 [INFO] [成功读取表 jingpin_data，数据行数：4668]
2025-11-26 20:56:41,569 [INFO] [开始读取数据库表：inventory_data]
2025-11-26 20:56:42,008 [INFO] [成功读取表 inventory_data，数据行数：6016]
2025-11-26 20:56:42,008 [INFO] [开始读取数据库表：tuiding_data]
2025-11-26 20:56:42,169 [INFO] [成功读取表 tuiding_data，数据行数：4321]
2025-11-26 20:56:42,169 [INFO] [开始读取数据库表：debit_data]
2025-11-26 20:56:43,691 [INFO] [成功读取表 debit_data，数据行数：25779]
2025-11-26 20:56:44,037 [INFO] [开始读取数据库表：sales_invoice_data]
2025-11-26 20:56:44,986 [INFO] [成功读取表 sales_invoice_data，数据行数：18952]
2025-11-26 21:25:22,697 [INFO] [数据库引擎创建成功]
2025-11-26 21:25:22,697 [INFO] [开始读取数据库表：order_data]
2025-11-26 21:25:23,642 [INFO] [成功读取表 order_data，数据行数：24113]
2025-11-26 21:25:23,844 [INFO] [开始读取数据库表：sales_data]
2025-11-26 21:25:27,688 [INFO] [成功读取表 sales_data，数据行数：26223]
2025-11-26 21:25:28,878 [INFO] [开始读取数据库表：jingpin_data]
2025-11-26 21:25:28,989 [INFO] [成功读取表 jingpin_data，数据行数：4668]
2025-11-26 21:25:29,023 [INFO] [开始读取数据库表：inventory_data]
2025-11-26 21:25:29,299 [INFO] [成功读取表 inventory_data，数据行数：6016]
2025-11-26 21:25:29,299 [INFO] [开始读取数据库表：tuiding_data]
2025-11-26 21:25:29,453 [INFO] [成功读取表 tuiding_data，数据行数：4321]
2025-11-26 21:25:29,454 [INFO] [开始读取数据库表：debit_data]
2025-11-26 21:25:30,616 [INFO] [成功读取表 debit_data，数据行数：25779]
2025-11-26 21:25:30,881 [INFO] [开始读取数据库表：sales_invoice_data]
2025-11-26 21:25:31,656 [INFO] [成功读取表 sales_invoice_data，数据行数：18952]
2025-11-26 21:55:15,917 [INFO] [数据库引擎创建成功]
2025-11-26 21:55:15,918 [INFO] [开始读取数据库表：order_data]
2025-11-26 21:55:16,765 [INFO] [成功读取表 order_data，数据行数：24113]
2025-11-26 21:55:16,947 [INFO] [开始读取数据库表：sales_data]
2025-11-26 21:55:20,041 [INFO] [成功读取表 sales_data，数据行数：26223]
2025-11-26 21:55:22,094 [INFO] [开始读取数据库表：jingpin_data]
2025-11-26 21:55:22,246 [INFO] [成功读取表 jingpin_data，数据行数：4668]
2025-11-26 21:55:22,288 [INFO] [开始读取数据库表：inventory_data]
2025-11-26 21:55:22,623 [INFO] [成功读取表 inventory_data，数据行数：6016]
2025-11-26 21:55:22,623 [INFO] [开始读取数据库表：tuiding_data]
2025-11-26 21:55:22,767 [INFO] [成功读取表 tuiding_data，数据行数：4321]
2025-11-26 21:55:22,768 [INFO] [开始读取数据库表：debit_data]
2025-11-26 21:55:23,685 [INFO] [成功读取表 debit_data，数据行数：25779]
2025-11-26 21:55:23,884 [INFO] [开始读取数据库表：sales_invoice_data]
2025-11-26 21:55:24,430 [INFO] [成功读取表 sales_invoice_data，数据行数：18952]
2025-11-26 22:24:53,264 [INFO] [数据库引擎创建成功]
2025-11-26 22:24:53,264 [INFO] [开始读取数据库表：order_data]
2025-11-26 22:24:53,782 [INFO] [成功读取表 order_data，数据行数：24112]
2025-11-26 22:24:53,915 [INFO] [开始读取数据库表：sales_data]
2025-11-26 22:24:56,238 [INFO] [成功读取表 sales_data，数据行数：26223]
2025-11-26 22:24:57,057 [INFO] [开始读取数据库表：jingpin_data]
2025-11-26 22:24:57,129 [INFO] [成功读取表 jingpin_data，数据行数：4668]
2025-11-26 22:24:57,155 [INFO] [开始读取数据库表：inventory_data]
2025-11-26 22:24:57,316 [INFO] [成功读取表 inventory_data，数据行数：6016]
2025-11-26 22:24:57,316 [INFO] [开始读取数据库表：tuiding_data]
2025-11-26 22:24:57,382 [INFO] [成功读取表 tuiding_data，数据行数：4323]
2025-11-26 22:24:57,382 [INFO] [开始读取数据库表：debit_data]
2025-11-26 22:24:57,984 [INFO] [成功读取表 debit_data，数据行数：25779]
2025-11-26 22:24:58,129 [INFO] [开始读取数据库表：sales_invoice_data]
2025-11-26 22:24:58,492 [INFO] [成功读取表 sales_invoice_data，数据行数：18952]
2025-11-26 22:55:19,847 [INFO] [数据库引擎创建成功]
2025-11-26 22:55:19,848 [INFO] [开始读取数据库表：order_data]
2025-11-26 22:55:20,613 [INFO] [成功读取表 order_data，数据行数：24112]
2025-11-26 22:55:20,819 [INFO] [开始读取数据库表：sales_data]
2025-11-26 22:55:25,128 [INFO] [成功读取表 sales_data，数据行数：26223]
2025-11-26 22:55:26,285 [INFO] [开始读取数据库表：jingpin_data]
2025-11-26 22:55:26,466 [INFO] [成功读取表 jingpin_data，数据行数：4668]
2025-11-26 22:55:26,510 [INFO] [开始读取数据库表：inventory_data]
2025-11-26 22:55:26,822 [INFO] [成功读取表 inventory_data，数据行数：6016]
2025-11-26 22:55:26,823 [INFO] [开始读取数据库表：tuiding_data]
2025-11-26 22:55:26,950 [INFO] [成功读取表 tuiding_data，数据行数：4323]
2025-11-26 22:55:26,950 [INFO] [开始读取数据库表：debit_data]
2025-11-26 22:55:28,101 [INFO] [成功读取表 debit_data，数据行数：25779]
2025-11-26 22:55:28,344 [INFO] [开始读取数据库表：sales_invoice_data]
2025-11-26 22:55:29,046 [INFO] [成功读取表 sales_invoice_data，数据行数：18952]
2025-11-26 23:25:22,837 [INFO] [数据库引擎创建成功]
2025-11-26 23:25:22,837 [INFO] [开始读取数据库表：order_data]
2025-11-26 23:25:24,626 [INFO] [成功读取表 order_data，数据行数：24112]
2025-11-26 23:25:24,882 [INFO] [开始读取数据库表：sales_data]
2025-11-26 23:25:28,744 [INFO] [成功读取表 sales_data，数据行数：26223]
2025-11-26 23:25:29,894 [INFO] [开始读取数据库表：jingpin_data]
2025-11-26 23:25:30,032 [INFO] [成功读取表 jingpin_data，数据行数：4668]
2025-11-26 23:25:30,070 [INFO] [开始读取数据库表：inventory_data]
2025-11-26 23:25:30,384 [INFO] [成功读取表 inventory_data，数据行数：6115]
2025-11-26 23:25:30,384 [INFO] [开始读取数据库表：tuiding_data]
2025-11-26 23:25:30,516 [INFO] [成功读取表 tuiding_data，数据行数：4323]
2025-11-26 23:25:30,517 [INFO] [开始读取数据库表：debit_data]
2025-11-26 23:25:31,364 [INFO] [成功读取表 debit_data，数据行数：25877]
2025-11-26 23:25:31,625 [INFO] [开始读取数据库表：sales_invoice_data]
2025-11-26 23:25:32,320 [INFO] [成功读取表 sales_invoice_data，数据行数：18952]
2025-11-26 23:55:23,987 [INFO] [数据库引擎创建成功]
2025-11-26 23:55:23,988 [INFO] [开始读取数据库表：order_data]
2025-11-26 23:55:25,325 [INFO] [成功读取表 order_data，数据行数：24111]
2025-11-26 23:55:25,727 [INFO] [开始读取数据库表：sales_data]
2025-11-26 23:55:29,284 [INFO] [成功读取表 sales_data，数据行数：26223]
2025-11-26 23:55:30,417 [INFO] [开始读取数据库表：jingpin_data]
2025-11-26 23:55:30,571 [INFO] [成功读取表 jingpin_data，数据行数：4668]
2025-11-26 23:55:30,613 [INFO] [开始读取数据库表：inventory_data]
2025-11-26 23:55:30,852 [INFO] [成功读取表 inventory_data，数据行数：6115]
2025-11-26 23:55:30,852 [INFO] [开始读取数据库表：tuiding_data]
2025-11-26 23:55:30,946 [INFO] [成功读取表 tuiding_data，数据行数：4324]
2025-11-26 23:55:30,946 [INFO] [开始读取数据库表：debit_data]
2025-11-26 23:55:31,859 [INFO] [成功读取表 debit_data，数据行数：25877]
2025-11-26 23:55:32,127 [INFO] [开始读取数据库表：sales_invoice_data]
2025-11-26 23:55:32,702 [INFO] [成功读取表 sales_invoice_data，数据行数：18952]
