2025-10-15 09:24:29,571 [INFO] [数据库引擎创建成功]
2025-10-15 09:24:29,571 [INFO] [开始读取数据库表：order_data]
2025-10-15 09:24:30,124 [INFO] [成功读取表 order_data，数据行数：17913]
2025-10-15 09:24:30,299 [INFO] [开始读取数据库表：sales_data]
2025-10-15 09:24:32,648 [INFO] [成功读取表 sales_data，数据行数：21633]
2025-10-15 09:24:33,547 [INFO] [开始读取数据库表：jingpin_data]
2025-10-15 09:24:33,610 [INFO] [成功读取表 jingpin_data，数据行数：4262]
2025-10-15 09:24:33,644 [INFO] [开始读取数据库表：inventory_data]
2025-10-15 09:24:33,798 [INFO] [成功读取表 inventory_data，数据行数：5414]
2025-10-15 09:24:33,799 [INFO] [开始读取数据库表：tuiding_data]
2025-10-15 09:24:33,850 [INFO] [成功读取表 tuiding_data，数据行数：3130]
2025-10-15 09:24:33,851 [INFO] [开始读取数据库表：debit_data]
2025-10-15 09:24:34,229 [INFO] [成功读取表 debit_data，数据行数：13746]
2025-10-15 09:24:34,399 [INFO] [开始读取数据库表：sales_invoice_data]
2025-10-15 09:24:34,785 [INFO] [成功读取表 sales_invoice_data，数据行数：15451]
2025-10-15 09:27:34,381 [INFO] [数据库引擎创建成功]
2025-10-15 09:27:34,381 [INFO] [开始读取数据库表：order_data]
2025-10-15 09:27:34,704 [INFO] [成功读取表 order_data，数据行数：17913]
2025-10-15 09:27:34,827 [INFO] [开始读取数据库表：sales_data]
2025-10-15 09:27:36,365 [INFO] [成功读取表 sales_data，数据行数：21633]
2025-10-15 09:27:37,079 [INFO] [开始读取数据库表：jingpin_data]
2025-10-15 09:27:37,136 [INFO] [成功读取表 jingpin_data，数据行数：4262]
2025-10-15 09:27:37,159 [INFO] [开始读取数据库表：inventory_data]
2025-10-15 09:27:37,289 [INFO] [成功读取表 inventory_data，数据行数：5414]
2025-10-15 09:27:37,289 [INFO] [开始读取数据库表：tuiding_data]
2025-10-15 09:27:37,330 [INFO] [成功读取表 tuiding_data，数据行数：3130]
2025-10-15 09:27:37,330 [INFO] [开始读取数据库表：debit_data]
2025-10-15 09:27:37,629 [INFO] [成功读取表 debit_data，数据行数：13746]
2025-10-15 09:27:37,753 [INFO] [开始读取数据库表：sales_invoice_data]
2025-10-15 09:27:38,035 [INFO] [成功读取表 sales_invoice_data，数据行数：15451]
2025-10-15 09:49:41,341 [INFO] [数据库引擎创建成功]
2025-10-15 09:49:41,342 [INFO] [开始读取数据库表：order_data]
2025-10-15 09:49:41,787 [INFO] [成功读取表 order_data，数据行数：17913]
2025-10-15 09:49:41,947 [INFO] [开始读取数据库表：sales_data]
2025-10-15 09:49:44,003 [INFO] [成功读取表 sales_data，数据行数：21633]
2025-10-15 09:49:44,985 [INFO] [开始读取数据库表：jingpin_data]
2025-10-15 09:49:45,077 [INFO] [成功读取表 jingpin_data，数据行数：4262]
2025-10-15 09:49:45,108 [INFO] [开始读取数据库表：inventory_data]
2025-10-15 09:49:45,331 [INFO] [成功读取表 inventory_data，数据行数：5414]
2025-10-15 09:49:45,331 [INFO] [开始读取数据库表：tuiding_data]
2025-10-15 09:49:45,395 [INFO] [成功读取表 tuiding_data，数据行数：3130]
2025-10-15 09:49:45,395 [INFO] [开始读取数据库表：debit_data]
2025-10-15 09:49:45,818 [INFO] [成功读取表 debit_data，数据行数：13746]
2025-10-15 09:49:45,982 [INFO] [开始读取数据库表：sales_invoice_data]
2025-10-15 09:49:46,330 [INFO] [成功读取表 sales_invoice_data，数据行数：15451]
2025-10-15 09:59:57,612 [INFO] [数据库引擎创建成功]
2025-10-15 09:59:57,612 [INFO] [开始读取数据库表：order_data]
2025-10-15 09:59:57,961 [INFO] [成功读取表 order_data，数据行数：17913]
2025-10-15 09:59:58,075 [INFO] [开始读取数据库表：sales_data]
2025-10-15 09:59:59,641 [INFO] [成功读取表 sales_data，数据行数：21633]
2025-10-15 10:00:00,550 [INFO] [开始读取数据库表：jingpin_data]
2025-10-15 10:00:00,605 [INFO] [成功读取表 jingpin_data，数据行数：4262]
2025-10-15 10:00:00,628 [INFO] [开始读取数据库表：inventory_data]
2025-10-15 10:00:00,757 [INFO] [成功读取表 inventory_data，数据行数：5414]
2025-10-15 10:00:00,757 [INFO] [开始读取数据库表：tuiding_data]
2025-10-15 10:00:00,801 [INFO] [成功读取表 tuiding_data，数据行数：3130]
2025-10-15 10:00:00,801 [INFO] [开始读取数据库表：debit_data]
2025-10-15 10:00:01,105 [INFO] [成功读取表 debit_data，数据行数：13746]
2025-10-15 10:00:01,244 [INFO] [开始读取数据库表：sales_invoice_data]
2025-10-15 10:00:01,513 [INFO] [成功读取表 sales_invoice_data，数据行数：15451]
2025-10-15 10:00:35,719 [INFO] [数据库引擎创建成功]
2025-10-15 10:00:35,719 [INFO] [开始读取数据库表：order_data]
2025-10-15 10:00:36,100 [INFO] [成功读取表 order_data，数据行数：17913]
2025-10-15 10:00:36,227 [INFO] [开始读取数据库表：sales_data]
2025-10-15 10:00:38,174 [INFO] [成功读取表 sales_data，数据行数：21633]
2025-10-15 10:00:39,011 [INFO] [开始读取数据库表：jingpin_data]
2025-10-15 10:00:39,088 [INFO] [成功读取表 jingpin_data，数据行数：4262]
2025-10-15 10:00:39,111 [INFO] [开始读取数据库表：inventory_data]
2025-10-15 10:00:39,260 [INFO] [成功读取表 inventory_data，数据行数：5414]
2025-10-15 10:00:39,261 [INFO] [开始读取数据库表：tuiding_data]
2025-10-15 10:00:39,311 [INFO] [成功读取表 tuiding_data，数据行数：3130]
2025-10-15 10:00:39,311 [INFO] [开始读取数据库表：debit_data]
2025-10-15 10:00:39,674 [INFO] [成功读取表 debit_data，数据行数：13746]
2025-10-15 10:00:39,825 [INFO] [开始读取数据库表：sales_invoice_data]
2025-10-15 10:00:40,175 [INFO] [成功读取表 sales_invoice_data，数据行数：15451]
2025-10-15 10:01:31,861 [INFO] [数据库引擎创建成功]
2025-10-15 10:01:31,861 [INFO] [开始读取数据库表：order_data]
2025-10-15 10:01:32,185 [INFO] [成功读取表 order_data，数据行数：17913]
2025-10-15 10:01:32,299 [INFO] [开始读取数据库表：sales_data]
2025-10-15 10:01:33,844 [INFO] [成功读取表 sales_data，数据行数：21633]
2025-10-15 10:01:34,576 [INFO] [开始读取数据库表：jingpin_data]
2025-10-15 10:01:34,628 [INFO] [成功读取表 jingpin_data，数据行数：4262]
2025-10-15 10:01:34,651 [INFO] [开始读取数据库表：inventory_data]
2025-10-15 10:01:34,780 [INFO] [成功读取表 inventory_data，数据行数：5414]
2025-10-15 10:01:34,780 [INFO] [开始读取数据库表：tuiding_data]
2025-10-15 10:01:34,823 [INFO] [成功读取表 tuiding_data，数据行数：3130]
2025-10-15 10:01:34,823 [INFO] [开始读取数据库表：debit_data]
2025-10-15 10:01:35,125 [INFO] [成功读取表 debit_data，数据行数：13746]
2025-10-15 10:01:35,259 [INFO] [开始读取数据库表：sales_invoice_data]
2025-10-15 10:01:35,533 [INFO] [成功读取表 sales_invoice_data，数据行数：15451]
2025-10-15 10:01:59,314 [INFO] [数据库引擎创建成功]
2025-10-15 10:01:59,314 [INFO] [开始读取数据库表：order_data]
2025-10-15 10:01:59,650 [INFO] [成功读取表 order_data，数据行数：17913]
2025-10-15 10:01:59,767 [INFO] [开始读取数据库表：sales_data]
2025-10-15 10:02:01,305 [INFO] [成功读取表 sales_data，数据行数：21633]
2025-10-15 10:02:02,027 [INFO] [开始读取数据库表：jingpin_data]
2025-10-15 10:02:02,095 [INFO] [成功读取表 jingpin_data，数据行数：4262]
2025-10-15 10:02:02,120 [INFO] [开始读取数据库表：inventory_data]
2025-10-15 10:02:02,276 [INFO] [成功读取表 inventory_data，数据行数：5414]
2025-10-15 10:02:02,276 [INFO] [开始读取数据库表：tuiding_data]
2025-10-15 10:02:02,329 [INFO] [成功读取表 tuiding_data，数据行数：3130]
2025-10-15 10:02:02,329 [INFO] [开始读取数据库表：debit_data]
2025-10-15 10:02:02,702 [INFO] [成功读取表 debit_data，数据行数：13746]
2025-10-15 10:02:02,855 [INFO] [开始读取数据库表：sales_invoice_data]
2025-10-15 10:02:03,207 [INFO] [成功读取表 sales_invoice_data，数据行数：15451]
2025-10-15 10:02:51,560 [INFO] [数据库引擎创建成功]
2025-10-15 10:02:51,560 [INFO] [开始读取数据库表：order_data]
2025-10-15 10:02:51,893 [INFO] [成功读取表 order_data，数据行数：17913]
2025-10-15 10:02:52,013 [INFO] [开始读取数据库表：sales_data]
2025-10-15 10:02:53,568 [INFO] [成功读取表 sales_data，数据行数：21633]
2025-10-15 10:02:54,300 [INFO] [开始读取数据库表：jingpin_data]
2025-10-15 10:02:54,353 [INFO] [成功读取表 jingpin_data，数据行数：4262]
2025-10-15 10:02:54,376 [INFO] [开始读取数据库表：inventory_data]
2025-10-15 10:02:54,515 [INFO] [成功读取表 inventory_data，数据行数：5414]
2025-10-15 10:02:54,515 [INFO] [开始读取数据库表：tuiding_data]
2025-10-15 10:02:54,556 [INFO] [成功读取表 tuiding_data，数据行数：3130]
2025-10-15 10:02:54,556 [INFO] [开始读取数据库表：debit_data]
2025-10-15 10:02:54,852 [INFO] [成功读取表 debit_data，数据行数：13746]
2025-10-15 10:02:54,987 [INFO] [开始读取数据库表：sales_invoice_data]
2025-10-15 10:02:55,260 [INFO] [成功读取表 sales_invoice_data，数据行数：15451]
2025-10-15 16:43:56,082 [INFO] [数据库引擎创建成功]
2025-10-15 16:43:56,091 [INFO] [开始读取数据库表：order_data]
2025-10-15 16:43:56,418 [INFO] [成功读取表 order_data，数据行数：17960]
2025-10-15 16:43:56,559 [INFO] [开始读取数据库表：sales_data]
2025-10-15 16:43:58,116 [INFO] [成功读取表 sales_data，数据行数：21689]
2025-10-15 16:43:58,919 [INFO] [开始读取数据库表：jingpin_data]
2025-10-15 16:43:58,975 [INFO] [成功读取表 jingpin_data，数据行数：4284]
2025-10-15 16:43:59,007 [INFO] [开始读取数据库表：inventory_data]
2025-10-15 16:43:59,165 [INFO] [成功读取表 inventory_data，数据行数：5484]
2025-10-15 16:43:59,165 [INFO] [开始读取数据库表：tuiding_data]
2025-10-15 16:43:59,215 [INFO] [成功读取表 tuiding_data，数据行数：3152]
2025-10-15 16:43:59,216 [INFO] [开始读取数据库表：debit_data]
2025-10-15 16:43:59,637 [INFO] [成功读取表 debit_data，数据行数：13746]
2025-10-15 16:43:59,803 [INFO] [开始读取数据库表：sales_invoice_data]
2025-10-15 16:44:00,092 [INFO] [成功读取表 sales_invoice_data，数据行数：15497]
2025-10-15 17:02:10,421 [INFO] [数据库引擎创建成功]
2025-10-15 17:02:10,422 [INFO] [开始读取数据库表：order_data]
2025-10-15 17:02:10,781 [INFO] [成功读取表 order_data，数据行数：17960]
2025-10-15 17:02:10,902 [INFO] [开始读取数据库表：sales_data]
2025-10-15 17:02:12,488 [INFO] [成功读取表 sales_data，数据行数：21689]
2025-10-15 17:02:13,249 [INFO] [开始读取数据库表：jingpin_data]
2025-10-15 17:02:13,307 [INFO] [成功读取表 jingpin_data，数据行数：4284]
2025-10-15 17:02:13,329 [INFO] [开始读取数据库表：inventory_data]
2025-10-15 17:02:13,463 [INFO] [成功读取表 inventory_data，数据行数：5484]
2025-10-15 17:02:13,463 [INFO] [开始读取数据库表：tuiding_data]
2025-10-15 17:02:13,503 [INFO] [成功读取表 tuiding_data，数据行数：3152]
2025-10-15 17:02:13,503 [INFO] [开始读取数据库表：debit_data]
2025-10-15 17:02:13,797 [INFO] [成功读取表 debit_data，数据行数：13746]
2025-10-15 17:02:13,935 [INFO] [开始读取数据库表：sales_invoice_data]
2025-10-15 17:02:14,208 [INFO] [成功读取表 sales_invoice_data，数据行数：15497]
2025-10-15 17:05:01,302 [INFO] [数据库引擎创建成功]
2025-10-15 17:05:01,302 [INFO] [开始读取数据库表：order_data]
2025-10-15 17:05:01,637 [INFO] [成功读取表 order_data，数据行数：17960]
2025-10-15 17:05:01,751 [INFO] [开始读取数据库表：sales_data]
2025-10-15 17:05:03,346 [INFO] [成功读取表 sales_data，数据行数：21689]
2025-10-15 17:05:04,081 [INFO] [开始读取数据库表：jingpin_data]
2025-10-15 17:05:04,153 [INFO] [成功读取表 jingpin_data，数据行数：4284]
2025-10-15 17:05:04,175 [INFO] [开始读取数据库表：inventory_data]
2025-10-15 17:05:04,320 [INFO] [成功读取表 inventory_data，数据行数：5484]
2025-10-15 17:05:04,320 [INFO] [开始读取数据库表：tuiding_data]
2025-10-15 17:05:04,366 [INFO] [成功读取表 tuiding_data，数据行数：3152]
2025-10-15 17:05:04,367 [INFO] [开始读取数据库表：debit_data]
2025-10-15 17:05:04,708 [INFO] [成功读取表 debit_data，数据行数：13746]
2025-10-15 17:05:04,840 [INFO] [开始读取数据库表：sales_invoice_data]
2025-10-15 17:05:05,115 [INFO] [成功读取表 sales_invoice_data，数据行数：15497]
