2025-10-26 00:28:13,347 [INFO] [数据库引擎创建成功]
2025-10-26 00:28:13,347 [INFO] [开始读取数据库表：order_data]
2025-10-26 00:28:13,811 [INFO] [成功读取表 order_data，数据行数：18672]
2025-10-26 00:28:14,000 [INFO] [开始读取数据库表：sales_data]
2025-10-26 00:28:18,158 [INFO] [成功读取表 sales_data，数据行数：22795]
2025-10-26 00:28:20,043 [INFO] [开始读取数据库表：jingpin_data]
2025-10-26 00:28:20,261 [INFO] [成功读取表 jingpin_data，数据行数：4548]
2025-10-26 00:28:20,341 [INFO] [开始读取数据库表：inventory_data]
2025-10-26 00:28:21,088 [INFO] [成功读取表 inventory_data，数据行数：8822]
2025-10-26 00:28:21,088 [INFO] [开始读取数据库表：tuiding_data]
2025-10-26 00:28:21,243 [INFO] [成功读取表 tuiding_data，数据行数：3422]
2025-10-26 00:28:21,243 [INFO] [开始读取数据库表：debit_data]
2025-10-26 00:28:22,448 [INFO] [成功读取表 debit_data，数据行数：17548]
2025-10-26 00:28:22,822 [INFO] [开始读取数据库表：sales_invoice_data]
2025-10-26 00:28:23,836 [INFO] [成功读取表 sales_invoice_data，数据行数：17165]
2025-10-26 00:57:28,515 [INFO] [数据库引擎创建成功]
2025-10-26 00:57:28,516 [INFO] [开始读取数据库表：order_data]
2025-10-26 00:57:29,073 [INFO] [成功读取表 order_data，数据行数：18672]
2025-10-26 00:57:29,235 [INFO] [开始读取数据库表：sales_data]
2025-10-26 00:57:33,470 [INFO] [成功读取表 sales_data，数据行数：22795]
2025-10-26 00:57:35,148 [INFO] [开始读取数据库表：jingpin_data]
2025-10-26 00:57:35,407 [INFO] [成功读取表 jingpin_data，数据行数：4548]
2025-10-26 00:57:35,462 [INFO] [开始读取数据库表：inventory_data]
2025-10-26 00:57:36,129 [INFO] [成功读取表 inventory_data，数据行数：8822]
2025-10-26 00:57:36,129 [INFO] [开始读取数据库表：tuiding_data]
2025-10-26 00:57:36,282 [INFO] [成功读取表 tuiding_data，数据行数：3422]
2025-10-26 00:57:36,282 [INFO] [开始读取数据库表：debit_data]
2025-10-26 00:57:37,386 [INFO] [成功读取表 debit_data，数据行数：17548]
2025-10-26 00:57:37,709 [INFO] [开始读取数据库表：sales_invoice_data]
2025-10-26 00:57:38,702 [INFO] [成功读取表 sales_invoice_data，数据行数：17165]
2025-10-26 01:27:47,790 [INFO] [数据库引擎创建成功]
2025-10-26 01:27:47,799 [INFO] [开始读取数据库表：order_data]
2025-10-26 01:27:48,319 [INFO] [成功读取表 order_data，数据行数：18672]
2025-10-26 01:27:48,496 [INFO] [开始读取数据库表：sales_data]
2025-10-26 01:27:52,598 [INFO] [成功读取表 sales_data，数据行数：22795]
2025-10-26 01:27:54,300 [INFO] [开始读取数据库表：jingpin_data]
2025-10-26 01:27:54,530 [INFO] [成功读取表 jingpin_data，数据行数：4548]
2025-10-26 01:27:54,564 [INFO] [开始读取数据库表：inventory_data]
2025-10-26 01:27:55,244 [INFO] [成功读取表 inventory_data，数据行数：8822]
2025-10-26 01:27:55,244 [INFO] [开始读取数据库表：tuiding_data]
2025-10-26 01:27:55,417 [INFO] [成功读取表 tuiding_data，数据行数：3422]
2025-10-26 01:27:55,418 [INFO] [开始读取数据库表：debit_data]
2025-10-26 01:27:56,556 [INFO] [成功读取表 debit_data，数据行数：17548]
2025-10-26 01:27:56,887 [INFO] [开始读取数据库表：sales_invoice_data]
2025-10-26 01:27:57,974 [INFO] [成功读取表 sales_invoice_data，数据行数：17165]
2025-10-26 01:57:32,711 [INFO] [数据库引擎创建成功]
2025-10-26 01:57:32,720 [INFO] [开始读取数据库表：order_data]
2025-10-26 01:57:33,267 [INFO] [成功读取表 order_data，数据行数：18672]
2025-10-26 01:57:33,440 [INFO] [开始读取数据库表：sales_data]
2025-10-26 01:57:37,589 [INFO] [成功读取表 sales_data，数据行数：22795]
2025-10-26 01:57:39,312 [INFO] [开始读取数据库表：jingpin_data]
2025-10-26 01:57:39,534 [INFO] [成功读取表 jingpin_data，数据行数：4548]
2025-10-26 01:57:39,569 [INFO] [开始读取数据库表：inventory_data]
2025-10-26 01:57:40,236 [INFO] [成功读取表 inventory_data，数据行数：8822]
2025-10-26 01:57:40,237 [INFO] [开始读取数据库表：tuiding_data]
2025-10-26 01:57:40,350 [INFO] [成功读取表 tuiding_data，数据行数：3422]
2025-10-26 01:57:40,350 [INFO] [开始读取数据库表：debit_data]
2025-10-26 01:57:41,384 [INFO] [成功读取表 debit_data，数据行数：17548]
2025-10-26 01:57:41,673 [INFO] [开始读取数据库表：sales_invoice_data]
2025-10-26 01:57:42,585 [INFO] [成功读取表 sales_invoice_data，数据行数：17165]
2025-10-26 02:27:46,500 [INFO] [数据库引擎创建成功]
2025-10-26 02:27:46,511 [INFO] [开始读取数据库表：order_data]
2025-10-26 02:27:47,051 [INFO] [成功读取表 order_data，数据行数：18672]
2025-10-26 02:27:47,249 [INFO] [开始读取数据库表：sales_data]
2025-10-26 02:27:51,219 [INFO] [成功读取表 sales_data，数据行数：22795]
2025-10-26 02:27:52,812 [INFO] [开始读取数据库表：jingpin_data]
2025-10-26 02:27:53,059 [INFO] [成功读取表 jingpin_data，数据行数：4548]
2025-10-26 02:27:53,121 [INFO] [开始读取数据库表：inventory_data]
2025-10-26 02:27:53,771 [INFO] [成功读取表 inventory_data，数据行数：8822]
2025-10-26 02:27:53,771 [INFO] [开始读取数据库表：tuiding_data]
2025-10-26 02:27:53,890 [INFO] [成功读取表 tuiding_data，数据行数：3422]
2025-10-26 02:27:53,890 [INFO] [开始读取数据库表：debit_data]
2025-10-26 02:27:55,071 [INFO] [成功读取表 debit_data，数据行数：17548]
2025-10-26 02:27:55,338 [INFO] [开始读取数据库表：sales_invoice_data]
2025-10-26 02:27:56,307 [INFO] [成功读取表 sales_invoice_data，数据行数：17165]
2025-10-26 02:57:52,343 [INFO] [数据库引擎创建成功]
2025-10-26 02:57:52,352 [INFO] [开始读取数据库表：order_data]
2025-10-26 02:57:52,884 [INFO] [成功读取表 order_data，数据行数：18672]
2025-10-26 02:57:53,047 [INFO] [开始读取数据库表：sales_data]
2025-10-26 02:57:56,921 [INFO] [成功读取表 sales_data，数据行数：22795]
2025-10-26 02:57:58,666 [INFO] [开始读取数据库表：jingpin_data]
2025-10-26 02:57:58,925 [INFO] [成功读取表 jingpin_data，数据行数：4548]
2025-10-26 02:57:58,995 [INFO] [开始读取数据库表：inventory_data]
2025-10-26 02:57:59,684 [INFO] [成功读取表 inventory_data，数据行数：8822]
2025-10-26 02:57:59,684 [INFO] [开始读取数据库表：tuiding_data]
2025-10-26 02:57:59,825 [INFO] [成功读取表 tuiding_data，数据行数：3422]
2025-10-26 02:57:59,825 [INFO] [开始读取数据库表：debit_data]
2025-10-26 02:58:00,918 [INFO] [成功读取表 debit_data，数据行数：17548]
2025-10-26 02:58:01,250 [INFO] [开始读取数据库表：sales_invoice_data]
2025-10-26 02:58:02,191 [INFO] [成功读取表 sales_invoice_data，数据行数：17165]
2025-10-26 03:27:37,540 [INFO] [数据库引擎创建成功]
2025-10-26 03:27:37,550 [INFO] [开始读取数据库表：order_data]
2025-10-26 03:27:38,084 [INFO] [成功读取表 order_data，数据行数：18672]
2025-10-26 03:27:38,265 [INFO] [开始读取数据库表：sales_data]
2025-10-26 03:27:42,748 [INFO] [成功读取表 sales_data，数据行数：22795]
2025-10-26 03:27:44,977 [INFO] [开始读取数据库表：jingpin_data]
2025-10-26 03:27:45,253 [INFO] [成功读取表 jingpin_data，数据行数：4548]
2025-10-26 03:27:45,288 [INFO] [开始读取数据库表：inventory_data]
2025-10-26 03:27:45,984 [INFO] [成功读取表 inventory_data，数据行数：8822]
2025-10-26 03:27:45,985 [INFO] [开始读取数据库表：tuiding_data]
2025-10-26 03:27:46,136 [INFO] [成功读取表 tuiding_data，数据行数：3422]
2025-10-26 03:27:46,136 [INFO] [开始读取数据库表：debit_data]
2025-10-26 03:27:47,342 [INFO] [成功读取表 debit_data，数据行数：17548]
2025-10-26 03:27:47,672 [INFO] [开始读取数据库表：sales_invoice_data]
2025-10-26 03:27:48,679 [INFO] [成功读取表 sales_invoice_data，数据行数：17165]
2025-10-26 03:57:33,366 [INFO] [数据库引擎创建成功]
2025-10-26 03:57:33,367 [INFO] [开始读取数据库表：order_data]
2025-10-26 03:57:33,884 [INFO] [成功读取表 order_data，数据行数：18672]
2025-10-26 03:57:34,054 [INFO] [开始读取数据库表：sales_data]
2025-10-26 03:57:38,126 [INFO] [成功读取表 sales_data，数据行数：22795]
2025-10-26 03:57:39,833 [INFO] [开始读取数据库表：jingpin_data]
2025-10-26 03:57:40,089 [INFO] [成功读取表 jingpin_data，数据行数：4548]
2025-10-26 03:57:40,151 [INFO] [开始读取数据库表：inventory_data]
2025-10-26 03:57:40,758 [INFO] [成功读取表 inventory_data，数据行数：8822]
2025-10-26 03:57:40,758 [INFO] [开始读取数据库表：tuiding_data]
2025-10-26 03:57:40,907 [INFO] [成功读取表 tuiding_data，数据行数：3422]
2025-10-26 03:57:40,907 [INFO] [开始读取数据库表：debit_data]
2025-10-26 03:57:42,071 [INFO] [成功读取表 debit_data，数据行数：17548]
2025-10-26 03:57:42,388 [INFO] [开始读取数据库表：sales_invoice_data]
2025-10-26 03:57:43,458 [INFO] [成功读取表 sales_invoice_data，数据行数：17165]
2025-10-26 04:27:39,211 [INFO] [数据库引擎创建成功]
2025-10-26 04:27:39,221 [INFO] [开始读取数据库表：order_data]
2025-10-26 04:27:39,726 [INFO] [成功读取表 order_data，数据行数：18672]
2025-10-26 04:27:39,942 [INFO] [开始读取数据库表：sales_data]
2025-10-26 04:27:44,049 [INFO] [成功读取表 sales_data，数据行数：22795]
2025-10-26 04:27:45,729 [INFO] [开始读取数据库表：jingpin_data]
2025-10-26 04:27:45,955 [INFO] [成功读取表 jingpin_data，数据行数：4548]
2025-10-26 04:27:45,991 [INFO] [开始读取数据库表：inventory_data]
2025-10-26 04:27:46,661 [INFO] [成功读取表 inventory_data，数据行数：8822]
2025-10-26 04:27:46,661 [INFO] [开始读取数据库表：tuiding_data]
2025-10-26 04:27:46,819 [INFO] [成功读取表 tuiding_data，数据行数：3422]
2025-10-26 04:27:46,820 [INFO] [开始读取数据库表：debit_data]
2025-10-26 04:27:47,958 [INFO] [成功读取表 debit_data，数据行数：17548]
2025-10-26 04:27:48,315 [INFO] [开始读取数据库表：sales_invoice_data]
2025-10-26 04:27:49,408 [INFO] [成功读取表 sales_invoice_data，数据行数：17165]
2025-10-26 04:57:35,553 [INFO] [数据库引擎创建成功]
2025-10-26 04:57:35,562 [INFO] [开始读取数据库表：order_data]
2025-10-26 04:57:36,079 [INFO] [成功读取表 order_data，数据行数：18672]
2025-10-26 04:57:36,281 [INFO] [开始读取数据库表：sales_data]
2025-10-26 04:57:40,157 [INFO] [成功读取表 sales_data，数据行数：22795]
2025-10-26 04:57:41,833 [INFO] [开始读取数据库表：jingpin_data]
2025-10-26 04:57:42,089 [INFO] [成功读取表 jingpin_data，数据行数：4548]
2025-10-26 04:57:42,125 [INFO] [开始读取数据库表：inventory_data]
2025-10-26 04:57:42,842 [INFO] [成功读取表 inventory_data，数据行数：8822]
2025-10-26 04:57:42,842 [INFO] [开始读取数据库表：tuiding_data]
2025-10-26 04:57:43,007 [INFO] [成功读取表 tuiding_data，数据行数：3422]
2025-10-26 04:57:43,008 [INFO] [开始读取数据库表：debit_data]
2025-10-26 04:57:44,236 [INFO] [成功读取表 debit_data，数据行数：17548]
2025-10-26 04:57:44,607 [INFO] [开始读取数据库表：sales_invoice_data]
2025-10-26 04:57:45,643 [INFO] [成功读取表 sales_invoice_data，数据行数：17165]
2025-10-26 05:27:40,449 [INFO] [数据库引擎创建成功]
2025-10-26 05:27:40,450 [INFO] [开始读取数据库表：order_data]
2025-10-26 05:27:41,002 [INFO] [成功读取表 order_data，数据行数：18672]
2025-10-26 05:27:41,178 [INFO] [开始读取数据库表：sales_data]
2025-10-26 05:27:45,075 [INFO] [成功读取表 sales_data，数据行数：22795]
2025-10-26 05:27:46,767 [INFO] [开始读取数据库表：jingpin_data]
2025-10-26 05:27:46,993 [INFO] [成功读取表 jingpin_data，数据行数：4548]
2025-10-26 05:27:47,020 [INFO] [开始读取数据库表：inventory_data]
2025-10-26 05:27:47,610 [INFO] [成功读取表 inventory_data，数据行数：8822]
2025-10-26 05:27:47,610 [INFO] [开始读取数据库表：tuiding_data]
2025-10-26 05:27:47,772 [INFO] [成功读取表 tuiding_data，数据行数：3422]
2025-10-26 05:27:47,772 [INFO] [开始读取数据库表：debit_data]
2025-10-26 05:27:48,938 [INFO] [成功读取表 debit_data，数据行数：17548]
2025-10-26 05:27:49,276 [INFO] [开始读取数据库表：sales_invoice_data]
2025-10-26 05:27:50,296 [INFO] [成功读取表 sales_invoice_data，数据行数：17165]
2025-10-26 05:57:30,945 [INFO] [数据库引擎创建成功]
2025-10-26 05:57:30,945 [INFO] [开始读取数据库表：order_data]
2025-10-26 05:57:31,472 [INFO] [成功读取表 order_data，数据行数：18672]
2025-10-26 05:57:31,661 [INFO] [开始读取数据库表：sales_data]
2025-10-26 05:57:35,694 [INFO] [成功读取表 sales_data，数据行数：22795]
2025-10-26 05:57:37,407 [INFO] [开始读取数据库表：jingpin_data]
2025-10-26 05:57:37,636 [INFO] [成功读取表 jingpin_data，数据行数：4548]
2025-10-26 05:57:37,698 [INFO] [开始读取数据库表：inventory_data]
2025-10-26 05:57:38,376 [INFO] [成功读取表 inventory_data，数据行数：8822]
2025-10-26 05:57:38,376 [INFO] [开始读取数据库表：tuiding_data]
2025-10-26 05:57:38,503 [INFO] [成功读取表 tuiding_data，数据行数：3422]
2025-10-26 05:57:38,503 [INFO] [开始读取数据库表：debit_data]
2025-10-26 05:57:39,618 [INFO] [成功读取表 debit_data，数据行数：17548]
2025-10-26 05:57:39,958 [INFO] [开始读取数据库表：sales_invoice_data]
2025-10-26 05:57:41,011 [INFO] [成功读取表 sales_invoice_data，数据行数：17165]
2025-10-26 06:27:35,119 [INFO] [数据库引擎创建成功]
2025-10-26 06:27:35,128 [INFO] [开始读取数据库表：order_data]
2025-10-26 06:27:35,631 [INFO] [成功读取表 order_data，数据行数：18672]
2025-10-26 06:27:35,830 [INFO] [开始读取数据库表：sales_data]
2025-10-26 06:27:39,738 [INFO] [成功读取表 sales_data，数据行数：22795]
2025-10-26 06:27:41,464 [INFO] [开始读取数据库表：jingpin_data]
2025-10-26 06:27:41,678 [INFO] [成功读取表 jingpin_data，数据行数：4548]
2025-10-26 06:27:41,713 [INFO] [开始读取数据库表：inventory_data]
2025-10-26 06:27:42,343 [INFO] [成功读取表 inventory_data，数据行数：8822]
2025-10-26 06:27:42,343 [INFO] [开始读取数据库表：tuiding_data]
2025-10-26 06:27:42,496 [INFO] [成功读取表 tuiding_data，数据行数：3422]
2025-10-26 06:27:42,496 [INFO] [开始读取数据库表：debit_data]
2025-10-26 06:27:43,559 [INFO] [成功读取表 debit_data，数据行数：17548]
2025-10-26 06:27:43,893 [INFO] [开始读取数据库表：sales_invoice_data]
2025-10-26 06:27:44,888 [INFO] [成功读取表 sales_invoice_data，数据行数：17165]
2025-10-26 06:57:33,768 [INFO] [数据库引擎创建成功]
2025-10-26 06:57:33,778 [INFO] [开始读取数据库表：order_data]
2025-10-26 06:57:34,325 [INFO] [成功读取表 order_data，数据行数：18672]
2025-10-26 06:57:34,485 [INFO] [开始读取数据库表：sales_data]
2025-10-26 06:57:38,338 [INFO] [成功读取表 sales_data，数据行数：22795]
2025-10-26 06:57:40,080 [INFO] [开始读取数据库表：jingpin_data]
2025-10-26 06:57:40,300 [INFO] [成功读取表 jingpin_data，数据行数：4548]
2025-10-26 06:57:40,361 [INFO] [开始读取数据库表：inventory_data]
2025-10-26 06:57:40,985 [INFO] [成功读取表 inventory_data，数据行数：8822]
2025-10-26 06:57:40,985 [INFO] [开始读取数据库表：tuiding_data]
2025-10-26 06:57:41,136 [INFO] [成功读取表 tuiding_data，数据行数：3422]
2025-10-26 06:57:41,136 [INFO] [开始读取数据库表：debit_data]
2025-10-26 06:57:42,359 [INFO] [成功读取表 debit_data，数据行数：17548]
2025-10-26 06:57:42,655 [INFO] [开始读取数据库表：sales_invoice_data]
2025-10-26 06:57:43,745 [INFO] [成功读取表 sales_invoice_data，数据行数：17165]
2025-10-26 07:27:50,301 [INFO] [数据库引擎创建成功]
2025-10-26 07:27:50,310 [INFO] [开始读取数据库表：order_data]
2025-10-26 07:27:50,772 [INFO] [成功读取表 order_data，数据行数：18672]
2025-10-26 07:27:50,936 [INFO] [开始读取数据库表：sales_data]
2025-10-26 07:27:54,964 [INFO] [成功读取表 sales_data，数据行数：22795]
2025-10-26 07:27:56,742 [INFO] [开始读取数据库表：jingpin_data]
2025-10-26 07:27:56,999 [INFO] [成功读取表 jingpin_data，数据行数：4548]
2025-10-26 07:27:57,064 [INFO] [开始读取数据库表：inventory_data]
2025-10-26 07:27:57,722 [INFO] [成功读取表 inventory_data，数据行数：8822]
2025-10-26 07:27:57,722 [INFO] [开始读取数据库表：tuiding_data]
2025-10-26 07:27:57,879 [INFO] [成功读取表 tuiding_data，数据行数：3422]
2025-10-26 07:27:57,880 [INFO] [开始读取数据库表：debit_data]
2025-10-26 07:27:59,040 [INFO] [成功读取表 debit_data，数据行数：17548]
2025-10-26 07:27:59,325 [INFO] [开始读取数据库表：sales_invoice_data]
2025-10-26 07:28:00,299 [INFO] [成功读取表 sales_invoice_data，数据行数：17165]
2025-10-26 07:58:11,896 [INFO] [数据库引擎创建成功]
2025-10-26 07:58:11,905 [INFO] [开始读取数据库表：order_data]
2025-10-26 07:58:12,395 [INFO] [成功读取表 order_data，数据行数：18672]
2025-10-26 07:58:12,577 [INFO] [开始读取数据库表：sales_data]
2025-10-26 07:58:16,636 [INFO] [成功读取表 sales_data，数据行数：22795]
2025-10-26 07:58:18,194 [INFO] [开始读取数据库表：jingpin_data]
2025-10-26 07:58:18,442 [INFO] [成功读取表 jingpin_data，数据行数：4548]
2025-10-26 07:58:18,501 [INFO] [开始读取数据库表：inventory_data]
2025-10-26 07:58:19,157 [INFO] [成功读取表 inventory_data，数据行数：8822]
2025-10-26 07:58:19,158 [INFO] [开始读取数据库表：tuiding_data]
2025-10-26 07:58:19,295 [INFO] [成功读取表 tuiding_data，数据行数：3422]
2025-10-26 07:58:19,295 [INFO] [开始读取数据库表：debit_data]
2025-10-26 07:58:20,390 [INFO] [成功读取表 debit_data，数据行数：17548]
2025-10-26 07:58:20,744 [INFO] [开始读取数据库表：sales_invoice_data]
2025-10-26 07:58:21,733 [INFO] [成功读取表 sales_invoice_data，数据行数：17165]
2025-10-26 08:28:11,528 [INFO] [数据库引擎创建成功]
2025-10-26 08:28:11,538 [INFO] [开始读取数据库表：order_data]
2025-10-26 08:28:12,124 [INFO] [成功读取表 order_data，数据行数：18673]
2025-10-26 08:28:12,320 [INFO] [开始读取数据库表：sales_data]
2025-10-26 08:28:16,427 [INFO] [成功读取表 sales_data，数据行数：22795]
2025-10-26 08:28:18,241 [INFO] [开始读取数据库表：jingpin_data]
2025-10-26 08:28:18,495 [INFO] [成功读取表 jingpin_data，数据行数：4548]
2025-10-26 08:28:18,572 [INFO] [开始读取数据库表：inventory_data]
2025-10-26 08:28:19,265 [INFO] [成功读取表 inventory_data，数据行数：8822]
2025-10-26 08:28:19,265 [INFO] [开始读取数据库表：tuiding_data]
2025-10-26 08:28:19,400 [INFO] [成功读取表 tuiding_data，数据行数：3422]
2025-10-26 08:28:19,400 [INFO] [开始读取数据库表：debit_data]
2025-10-26 08:28:20,677 [INFO] [成功读取表 debit_data，数据行数：17548]
2025-10-26 08:28:21,040 [INFO] [开始读取数据库表：sales_invoice_data]
2025-10-26 08:28:22,022 [INFO] [成功读取表 sales_invoice_data，数据行数：17166]
2025-10-26 08:58:32,911 [INFO] [数据库引擎创建成功]
2025-10-26 08:58:32,912 [INFO] [开始读取数据库表：order_data]
2025-10-26 08:58:33,422 [INFO] [成功读取表 order_data，数据行数：18674]
2025-10-26 08:58:33,611 [INFO] [开始读取数据库表：sales_data]
2025-10-26 08:58:37,672 [INFO] [成功读取表 sales_data，数据行数：22795]
2025-10-26 08:58:39,345 [INFO] [开始读取数据库表：jingpin_data]
2025-10-26 08:58:39,562 [INFO] [成功读取表 jingpin_data，数据行数：4548]
2025-10-26 08:58:39,632 [INFO] [开始读取数据库表：inventory_data]
2025-10-26 08:58:40,275 [INFO] [成功读取表 inventory_data，数据行数：8822]
2025-10-26 08:58:40,275 [INFO] [开始读取数据库表：tuiding_data]
2025-10-26 08:58:40,386 [INFO] [成功读取表 tuiding_data，数据行数：3422]
2025-10-26 08:58:40,386 [INFO] [开始读取数据库表：debit_data]
2025-10-26 08:58:41,480 [INFO] [成功读取表 debit_data，数据行数：17548]
2025-10-26 08:58:41,821 [INFO] [开始读取数据库表：sales_invoice_data]
2025-10-26 08:58:42,831 [INFO] [成功读取表 sales_invoice_data，数据行数：17169]
2025-10-26 09:28:28,760 [INFO] [数据库引擎创建成功]
2025-10-26 09:28:28,769 [INFO] [开始读取数据库表：order_data]
2025-10-26 09:28:29,284 [INFO] [成功读取表 order_data，数据行数：18674]
2025-10-26 09:28:29,448 [INFO] [开始读取数据库表：sales_data]
2025-10-26 09:28:33,352 [INFO] [成功读取表 sales_data，数据行数：22795]
2025-10-26 09:28:35,103 [INFO] [开始读取数据库表：jingpin_data]
2025-10-26 09:28:35,339 [INFO] [成功读取表 jingpin_data，数据行数：4548]
2025-10-26 09:28:35,375 [INFO] [开始读取数据库表：inventory_data]
2025-10-26 09:28:36,070 [INFO] [成功读取表 inventory_data，数据行数：8822]
2025-10-26 09:28:36,071 [INFO] [开始读取数据库表：tuiding_data]
2025-10-26 09:28:36,245 [INFO] [成功读取表 tuiding_data，数据行数：3422]
2025-10-26 09:28:36,245 [INFO] [开始读取数据库表：debit_data]
2025-10-26 09:28:37,503 [INFO] [成功读取表 debit_data，数据行数：17548]
2025-10-26 09:28:37,829 [INFO] [开始读取数据库表：sales_invoice_data]
2025-10-26 09:28:38,775 [INFO] [成功读取表 sales_invoice_data，数据行数：17170]
2025-10-26 09:58:28,768 [INFO] [数据库引擎创建成功]
2025-10-26 09:58:28,778 [INFO] [开始读取数据库表：order_data]
2025-10-26 09:58:29,291 [INFO] [成功读取表 order_data，数据行数：18673]
2025-10-26 09:58:29,477 [INFO] [开始读取数据库表：sales_data]
2025-10-26 09:58:33,597 [INFO] [成功读取表 sales_data，数据行数：22799]
2025-10-26 09:58:35,323 [INFO] [开始读取数据库表：jingpin_data]
2025-10-26 09:58:35,545 [INFO] [成功读取表 jingpin_data，数据行数：4548]
2025-10-26 09:58:35,603 [INFO] [开始读取数据库表：inventory_data]
2025-10-26 09:58:36,206 [INFO] [成功读取表 inventory_data，数据行数：8822]
2025-10-26 09:58:36,206 [INFO] [开始读取数据库表：tuiding_data]
2025-10-26 09:58:36,345 [INFO] [成功读取表 tuiding_data，数据行数：3423]
2025-10-26 09:58:36,345 [INFO] [开始读取数据库表：debit_data]
2025-10-26 09:58:37,456 [INFO] [成功读取表 debit_data，数据行数：17548]
2025-10-26 09:58:37,743 [INFO] [开始读取数据库表：sales_invoice_data]
2025-10-26 09:58:38,690 [INFO] [成功读取表 sales_invoice_data，数据行数：17180]
2025-10-26 10:28:26,979 [INFO] [数据库引擎创建成功]
2025-10-26 10:28:26,980 [INFO] [开始读取数据库表：order_data]
2025-10-26 10:28:27,446 [INFO] [成功读取表 order_data，数据行数：18673]
2025-10-26 10:28:27,604 [INFO] [开始读取数据库表：sales_data]
2025-10-26 10:28:31,365 [INFO] [成功读取表 sales_data，数据行数：22800]
2025-10-26 10:28:33,121 [INFO] [开始读取数据库表：jingpin_data]
2025-10-26 10:28:33,351 [INFO] [成功读取表 jingpin_data，数据行数：4549]
2025-10-26 10:28:33,432 [INFO] [开始读取数据库表：inventory_data]
2025-10-26 10:28:34,192 [INFO] [成功读取表 inventory_data，数据行数：8826]
2025-10-26 10:28:34,192 [INFO] [开始读取数据库表：tuiding_data]
2025-10-26 10:28:34,355 [INFO] [成功读取表 tuiding_data，数据行数：3423]
2025-10-26 10:28:34,355 [INFO] [开始读取数据库表：debit_data]
2025-10-26 10:28:35,558 [INFO] [成功读取表 debit_data，数据行数：17553]
2025-10-26 10:28:35,840 [INFO] [开始读取数据库表：sales_invoice_data]
2025-10-26 10:28:36,896 [INFO] [成功读取表 sales_invoice_data，数据行数：17183]
2025-10-26 10:58:40,223 [INFO] [数据库引擎创建成功]
2025-10-26 10:58:40,233 [INFO] [开始读取数据库表：order_data]
2025-10-26 10:58:40,745 [INFO] [成功读取表 order_data，数据行数：18672]
2025-10-26 10:58:40,919 [INFO] [开始读取数据库表：sales_data]
2025-10-26 10:58:44,653 [INFO] [成功读取表 sales_data，数据行数：22802]
2025-10-26 10:58:46,368 [INFO] [开始读取数据库表：jingpin_data]
2025-10-26 10:58:46,591 [INFO] [成功读取表 jingpin_data，数据行数：4550]
2025-10-26 10:58:46,627 [INFO] [开始读取数据库表：inventory_data]
2025-10-26 10:58:47,294 [INFO] [成功读取表 inventory_data，数据行数：8826]
2025-10-26 10:58:47,294 [INFO] [开始读取数据库表：tuiding_data]
2025-10-26 10:58:47,439 [INFO] [成功读取表 tuiding_data，数据行数：3424]
2025-10-26 10:58:47,439 [INFO] [开始读取数据库表：debit_data]
2025-10-26 10:58:48,423 [INFO] [成功读取表 debit_data，数据行数：17553]
2025-10-26 10:58:48,695 [INFO] [开始读取数据库表：sales_invoice_data]
2025-10-26 10:58:49,685 [INFO] [成功读取表 sales_invoice_data，数据行数：17187]
2025-10-26 11:28:22,671 [INFO] [数据库引擎创建成功]
2025-10-26 11:28:22,682 [INFO] [开始读取数据库表：order_data]
2025-10-26 11:28:23,298 [INFO] [成功读取表 order_data，数据行数：18685]
2025-10-26 11:28:23,475 [INFO] [开始读取数据库表：sales_data]
2025-10-26 11:28:27,657 [INFO] [成功读取表 sales_data，数据行数：22807]
2025-10-26 11:28:29,459 [INFO] [开始读取数据库表：jingpin_data]
2025-10-26 11:28:29,709 [INFO] [成功读取表 jingpin_data，数据行数：4550]
2025-10-26 11:28:29,772 [INFO] [开始读取数据库表：inventory_data]
2025-10-26 11:28:30,395 [INFO] [成功读取表 inventory_data，数据行数：8825]
2025-10-26 11:28:30,395 [INFO] [开始读取数据库表：tuiding_data]
2025-10-26 11:28:30,525 [INFO] [成功读取表 tuiding_data，数据行数：3424]
2025-10-26 11:28:30,526 [INFO] [开始读取数据库表：debit_data]
2025-10-26 11:28:31,663 [INFO] [成功读取表 debit_data，数据行数：17553]
2025-10-26 11:28:32,015 [INFO] [开始读取数据库表：sales_invoice_data]
2025-10-26 11:28:33,050 [INFO] [成功读取表 sales_invoice_data，数据行数：17192]
2025-10-26 11:58:14,140 [INFO] [数据库引擎创建成功]
2025-10-26 11:58:14,149 [INFO] [开始读取数据库表：order_data]
2025-10-26 11:58:14,725 [INFO] [成功读取表 order_data，数据行数：18690]
2025-10-26 11:58:14,922 [INFO] [开始读取数据库表：sales_data]
2025-10-26 11:58:18,821 [INFO] [成功读取表 sales_data，数据行数：22808]
2025-10-26 11:58:20,448 [INFO] [开始读取数据库表：jingpin_data]
2025-10-26 11:58:20,698 [INFO] [成功读取表 jingpin_data，数据行数：4550]
2025-10-26 11:58:20,754 [INFO] [开始读取数据库表：inventory_data]
2025-10-26 11:58:21,453 [INFO] [成功读取表 inventory_data，数据行数：8826]
2025-10-26 11:58:21,453 [INFO] [开始读取数据库表：tuiding_data]
2025-10-26 11:58:21,601 [INFO] [成功读取表 tuiding_data，数据行数：3424]
2025-10-26 11:58:21,602 [INFO] [开始读取数据库表：debit_data]
2025-10-26 11:58:22,748 [INFO] [成功读取表 debit_data，数据行数：17554]
2025-10-26 11:58:23,093 [INFO] [开始读取数据库表：sales_invoice_data]
2025-10-26 11:58:24,153 [INFO] [成功读取表 sales_invoice_data，数据行数：17197]
2025-10-26 12:28:23,287 [INFO] [数据库引擎创建成功]
2025-10-26 12:28:23,296 [INFO] [开始读取数据库表：order_data]
2025-10-26 12:28:23,901 [INFO] [成功读取表 order_data，数据行数：18693]
2025-10-26 12:28:24,086 [INFO] [开始读取数据库表：sales_data]
2025-10-26 12:28:28,319 [INFO] [成功读取表 sales_data，数据行数：22812]
2025-10-26 12:28:30,002 [INFO] [开始读取数据库表：jingpin_data]
2025-10-26 12:28:30,230 [INFO] [成功读取表 jingpin_data，数据行数：4550]
2025-10-26 12:28:30,269 [INFO] [开始读取数据库表：inventory_data]
2025-10-26 12:28:31,006 [INFO] [成功读取表 inventory_data，数据行数：8902]
2025-10-26 12:28:31,006 [INFO] [开始读取数据库表：tuiding_data]
2025-10-26 12:28:31,155 [INFO] [成功读取表 tuiding_data，数据行数：3424]
2025-10-26 12:28:31,155 [INFO] [开始读取数据库表：debit_data]
2025-10-26 12:28:32,374 [INFO] [成功读取表 debit_data，数据行数：17603]
2025-10-26 12:28:32,651 [INFO] [开始读取数据库表：sales_invoice_data]
2025-10-26 12:28:33,699 [INFO] [成功读取表 sales_invoice_data，数据行数：17202]
2025-10-26 12:58:22,240 [INFO] [数据库引擎创建成功]
2025-10-26 12:58:22,250 [INFO] [开始读取数据库表：order_data]
2025-10-26 12:58:22,823 [INFO] [成功读取表 order_data，数据行数：18698]
2025-10-26 12:58:22,995 [INFO] [开始读取数据库表：sales_data]
2025-10-26 12:58:27,146 [INFO] [成功读取表 sales_data，数据行数：22813]
2025-10-26 12:58:28,918 [INFO] [开始读取数据库表：jingpin_data]
2025-10-26 12:58:29,167 [INFO] [成功读取表 jingpin_data，数据行数：4552]
2025-10-26 12:58:29,205 [INFO] [开始读取数据库表：inventory_data]
2025-10-26 12:58:29,920 [INFO] [成功读取表 inventory_data，数据行数：8902]
2025-10-26 12:58:29,921 [INFO] [开始读取数据库表：tuiding_data]
2025-10-26 12:58:30,075 [INFO] [成功读取表 tuiding_data，数据行数：3424]
2025-10-26 12:58:30,075 [INFO] [开始读取数据库表：debit_data]
2025-10-26 12:58:31,141 [INFO] [成功读取表 debit_data，数据行数：17603]
2025-10-26 12:58:31,492 [INFO] [开始读取数据库表：sales_invoice_data]
2025-10-26 12:58:32,523 [INFO] [成功读取表 sales_invoice_data，数据行数：17207]
2025-10-26 13:28:38,736 [INFO] [数据库引擎创建成功]
2025-10-26 13:28:38,746 [INFO] [开始读取数据库表：order_data]
2025-10-26 13:28:39,268 [INFO] [成功读取表 order_data，数据行数：18701]
2025-10-26 13:28:39,445 [INFO] [开始读取数据库表：sales_data]
2025-10-26 13:28:43,255 [INFO] [成功读取表 sales_data，数据行数：22819]
2025-10-26 13:28:45,114 [INFO] [开始读取数据库表：jingpin_data]
2025-10-26 13:28:45,359 [INFO] [成功读取表 jingpin_data，数据行数：4552]
2025-10-26 13:28:45,452 [INFO] [开始读取数据库表：inventory_data]
2025-10-26 13:28:46,095 [INFO] [成功读取表 inventory_data，数据行数：8902]
2025-10-26 13:28:46,095 [INFO] [开始读取数据库表：tuiding_data]
2025-10-26 13:28:46,258 [INFO] [成功读取表 tuiding_data，数据行数：3424]
2025-10-26 13:28:46,258 [INFO] [开始读取数据库表：debit_data]
2025-10-26 13:28:47,419 [INFO] [成功读取表 debit_data，数据行数：17603]
2025-10-26 13:28:47,779 [INFO] [开始读取数据库表：sales_invoice_data]
2025-10-26 13:28:48,737 [INFO] [成功读取表 sales_invoice_data，数据行数：17210]
2025-10-26 13:58:40,116 [INFO] [数据库引擎创建成功]
2025-10-26 13:58:40,126 [INFO] [开始读取数据库表：order_data]
2025-10-26 13:58:40,649 [INFO] [成功读取表 order_data，数据行数：18700]
2025-10-26 13:58:40,838 [INFO] [开始读取数据库表：sales_data]
2025-10-26 13:58:44,902 [INFO] [成功读取表 sales_data，数据行数：22823]
2025-10-26 13:58:46,573 [INFO] [开始读取数据库表：jingpin_data]
2025-10-26 13:58:46,798 [INFO] [成功读取表 jingpin_data，数据行数：4552]
2025-10-26 13:58:46,855 [INFO] [开始读取数据库表：inventory_data]
2025-10-26 13:58:47,488 [INFO] [成功读取表 inventory_data，数据行数：8902]
2025-10-26 13:58:47,488 [INFO] [开始读取数据库表：tuiding_data]
2025-10-26 13:58:47,644 [INFO] [成功读取表 tuiding_data，数据行数：3425]
2025-10-26 13:58:47,645 [INFO] [开始读取数据库表：debit_data]
2025-10-26 13:58:48,721 [INFO] [成功读取表 debit_data，数据行数：17603]
2025-10-26 13:58:49,017 [INFO] [开始读取数据库表：sales_invoice_data]
2025-10-26 13:58:50,008 [INFO] [成功读取表 sales_invoice_data，数据行数：17213]
2025-10-26 14:28:27,955 [INFO] [数据库引擎创建成功]
2025-10-26 14:28:27,964 [INFO] [开始读取数据库表：order_data]
2025-10-26 14:28:28,530 [INFO] [成功读取表 order_data，数据行数：18710]
2025-10-26 14:28:28,734 [INFO] [开始读取数据库表：sales_data]
2025-10-26 14:28:32,870 [INFO] [成功读取表 sales_data，数据行数：22825]
2025-10-26 14:28:34,585 [INFO] [开始读取数据库表：jingpin_data]
2025-10-26 14:28:34,848 [INFO] [成功读取表 jingpin_data，数据行数：4552]
2025-10-26 14:28:34,917 [INFO] [开始读取数据库表：inventory_data]
2025-10-26 14:28:35,600 [INFO] [成功读取表 inventory_data，数据行数：8902]
2025-10-26 14:28:35,600 [INFO] [开始读取数据库表：tuiding_data]
2025-10-26 14:28:35,753 [INFO] [成功读取表 tuiding_data，数据行数：3425]
2025-10-26 14:28:35,754 [INFO] [开始读取数据库表：debit_data]
2025-10-26 14:28:36,955 [INFO] [成功读取表 debit_data，数据行数：17603]
2025-10-26 14:28:37,285 [INFO] [开始读取数据库表：sales_invoice_data]
2025-10-26 14:28:38,231 [INFO] [成功读取表 sales_invoice_data，数据行数：17220]
2025-10-26 14:58:26,299 [INFO] [数据库引擎创建成功]
2025-10-26 14:58:26,300 [INFO] [开始读取数据库表：order_data]
2025-10-26 14:58:26,752 [INFO] [成功读取表 order_data，数据行数：18709]
2025-10-26 14:58:26,910 [INFO] [开始读取数据库表：sales_data]
2025-10-26 14:58:30,629 [INFO] [成功读取表 sales_data，数据行数：22827]
2025-10-26 14:58:32,375 [INFO] [开始读取数据库表：jingpin_data]
2025-10-26 14:58:32,608 [INFO] [成功读取表 jingpin_data，数据行数：4552]
2025-10-26 14:58:32,642 [INFO] [开始读取数据库表：inventory_data]
2025-10-26 14:58:33,400 [INFO] [成功读取表 inventory_data，数据行数：8902]
2025-10-26 14:58:33,400 [INFO] [开始读取数据库表：tuiding_data]
2025-10-26 14:58:33,540 [INFO] [成功读取表 tuiding_data，数据行数：3432]
2025-10-26 14:58:33,540 [INFO] [开始读取数据库表：debit_data]
2025-10-26 14:58:34,542 [INFO] [成功读取表 debit_data，数据行数：17603]
2025-10-26 14:58:34,889 [INFO] [开始读取数据库表：sales_invoice_data]
2025-10-26 14:58:35,822 [INFO] [成功读取表 sales_invoice_data，数据行数：17227]
2025-10-26 15:28:25,105 [INFO] [数据库引擎创建成功]
2025-10-26 15:28:25,115 [INFO] [开始读取数据库表：order_data]
2025-10-26 15:28:25,685 [INFO] [成功读取表 order_data，数据行数：18716]
2025-10-26 15:28:25,900 [INFO] [开始读取数据库表：sales_data]
2025-10-26 15:28:29,995 [INFO] [成功读取表 sales_data，数据行数：22834]
2025-10-26 15:28:31,700 [INFO] [开始读取数据库表：jingpin_data]
2025-10-26 15:28:31,928 [INFO] [成功读取表 jingpin_data，数据行数：4552]
2025-10-26 15:28:31,964 [INFO] [开始读取数据库表：inventory_data]
2025-10-26 15:28:32,636 [INFO] [成功读取表 inventory_data，数据行数：8904]
2025-10-26 15:28:32,637 [INFO] [开始读取数据库表：tuiding_data]
2025-10-26 15:28:32,800 [INFO] [成功读取表 tuiding_data，数据行数：3433]
2025-10-26 15:28:32,801 [INFO] [开始读取数据库表：debit_data]
2025-10-26 15:28:33,922 [INFO] [成功读取表 debit_data，数据行数：17605]
2025-10-26 15:28:34,288 [INFO] [开始读取数据库表：sales_invoice_data]
2025-10-26 15:28:35,365 [INFO] [成功读取表 sales_invoice_data，数据行数：17235]
2025-10-26 15:58:30,821 [INFO] [数据库引擎创建成功]
2025-10-26 15:58:30,830 [INFO] [开始读取数据库表：order_data]
2025-10-26 15:58:31,291 [INFO] [成功读取表 order_data，数据行数：18716]
2025-10-26 15:58:31,447 [INFO] [开始读取数据库表：sales_data]
2025-10-26 15:58:35,037 [INFO] [成功读取表 sales_data，数据行数：22840]
2025-10-26 15:58:36,667 [INFO] [开始读取数据库表：jingpin_data]
2025-10-26 15:58:36,866 [INFO] [成功读取表 jingpin_data，数据行数：4552]
2025-10-26 15:58:36,900 [INFO] [开始读取数据库表：inventory_data]
2025-10-26 15:58:37,504 [INFO] [成功读取表 inventory_data，数据行数：8906]
2025-10-26 15:58:37,504 [INFO] [开始读取数据库表：tuiding_data]
2025-10-26 15:58:37,650 [INFO] [成功读取表 tuiding_data，数据行数：3433]
2025-10-26 15:58:37,650 [INFO] [开始读取数据库表：debit_data]
2025-10-26 15:58:38,683 [INFO] [成功读取表 debit_data，数据行数：17607]
2025-10-26 15:58:39,061 [INFO] [开始读取数据库表：sales_invoice_data]
2025-10-26 15:58:40,052 [INFO] [成功读取表 sales_invoice_data，数据行数：17239]
2025-10-26 16:28:52,965 [INFO] [数据库引擎创建成功]
2025-10-26 16:28:52,974 [INFO] [开始读取数据库表：order_data]
2025-10-26 16:28:53,516 [INFO] [成功读取表 order_data，数据行数：18716]
2025-10-26 16:28:53,729 [INFO] [开始读取数据库表：sales_data]
2025-10-26 16:28:57,460 [INFO] [成功读取表 sales_data，数据行数：22844]
2025-10-26 16:28:59,137 [INFO] [开始读取数据库表：jingpin_data]
2025-10-26 16:28:59,372 [INFO] [成功读取表 jingpin_data，数据行数：4552]
2025-10-26 16:28:59,426 [INFO] [开始读取数据库表：inventory_data]
2025-10-26 16:29:00,058 [INFO] [成功读取表 inventory_data，数据行数：8907]
2025-10-26 16:29:00,058 [INFO] [开始读取数据库表：tuiding_data]
2025-10-26 16:29:00,189 [INFO] [成功读取表 tuiding_data，数据行数：3433]
2025-10-26 16:29:00,189 [INFO] [开始读取数据库表：debit_data]
2025-10-26 16:29:01,295 [INFO] [成功读取表 debit_data，数据行数：17608]
2025-10-26 16:29:01,626 [INFO] [开始读取数据库表：sales_invoice_data]
2025-10-26 16:29:02,543 [INFO] [成功读取表 sales_invoice_data，数据行数：17247]
2025-10-26 16:58:23,940 [INFO] [数据库引擎创建成功]
2025-10-26 16:58:23,941 [INFO] [开始读取数据库表：order_data]
2025-10-26 16:58:24,518 [INFO] [成功读取表 order_data，数据行数：18737]
2025-10-26 16:58:24,742 [INFO] [开始读取数据库表：sales_data]
2025-10-26 16:58:28,845 [INFO] [成功读取表 sales_data，数据行数：22852]
2025-10-26 16:58:30,497 [INFO] [开始读取数据库表：jingpin_data]
2025-10-26 16:58:30,731 [INFO] [成功读取表 jingpin_data，数据行数：4552]
2025-10-26 16:58:30,788 [INFO] [开始读取数据库表：inventory_data]
2025-10-26 16:58:31,384 [INFO] [成功读取表 inventory_data，数据行数：8907]
2025-10-26 16:58:31,384 [INFO] [开始读取数据库表：tuiding_data]
2025-10-26 16:58:31,547 [INFO] [成功读取表 tuiding_data，数据行数：3433]
2025-10-26 16:58:31,547 [INFO] [开始读取数据库表：debit_data]
2025-10-26 16:58:32,657 [INFO] [成功读取表 debit_data，数据行数：17608]
2025-10-26 16:58:32,978 [INFO] [开始读取数据库表：sales_invoice_data]
2025-10-26 16:58:33,960 [INFO] [成功读取表 sales_invoice_data，数据行数：17257]
2025-10-26 17:28:40,735 [INFO] [数据库引擎创建成功]
2025-10-26 17:28:40,736 [INFO] [开始读取数据库表：order_data]
2025-10-26 17:28:41,365 [INFO] [成功读取表 order_data，数据行数：18737]
2025-10-26 17:28:41,606 [INFO] [开始读取数据库表：sales_data]
2025-10-26 17:28:46,239 [INFO] [成功读取表 sales_data，数据行数：22853]
2025-10-26 17:28:48,022 [INFO] [开始读取数据库表：jingpin_data]
2025-10-26 17:28:48,221 [INFO] [成功读取表 jingpin_data，数据行数：4553]
2025-10-26 17:28:48,257 [INFO] [开始读取数据库表：inventory_data]
2025-10-26 17:28:48,956 [INFO] [成功读取表 inventory_data，数据行数：8908]
2025-10-26 17:28:48,957 [INFO] [开始读取数据库表：tuiding_data]
2025-10-26 17:28:49,106 [INFO] [成功读取表 tuiding_data，数据行数：3433]
2025-10-26 17:28:49,106 [INFO] [开始读取数据库表：debit_data]
2025-10-26 17:28:50,309 [INFO] [成功读取表 debit_data，数据行数：17609]
2025-10-26 17:28:50,623 [INFO] [开始读取数据库表：sales_invoice_data]
2025-10-26 17:28:51,607 [INFO] [成功读取表 sales_invoice_data，数据行数：17257]
2025-10-26 17:58:23,704 [INFO] [数据库引擎创建成功]
2025-10-26 17:58:23,713 [INFO] [开始读取数据库表：order_data]
2025-10-26 17:58:24,246 [INFO] [成功读取表 order_data，数据行数：18768]
2025-10-26 17:58:24,409 [INFO] [开始读取数据库表：sales_data]
2025-10-26 17:58:28,459 [INFO] [成功读取表 sales_data，数据行数：22860]
2025-10-26 17:58:30,141 [INFO] [开始读取数据库表：jingpin_data]
2025-10-26 17:58:30,368 [INFO] [成功读取表 jingpin_data，数据行数：4553]
2025-10-26 17:58:30,425 [INFO] [开始读取数据库表：inventory_data]
2025-10-26 17:58:31,099 [INFO] [成功读取表 inventory_data，数据行数：8910]
2025-10-26 17:58:31,100 [INFO] [开始读取数据库表：tuiding_data]
2025-10-26 17:58:31,242 [INFO] [成功读取表 tuiding_data，数据行数：3433]
2025-10-26 17:58:31,242 [INFO] [开始读取数据库表：debit_data]
2025-10-26 17:58:32,462 [INFO] [成功读取表 debit_data，数据行数：17609]
2025-10-26 17:58:32,805 [INFO] [开始读取数据库表：sales_invoice_data]
2025-10-26 17:58:33,803 [INFO] [成功读取表 sales_invoice_data，数据行数：17288]
2025-10-26 18:28:27,171 [INFO] [数据库引擎创建成功]
2025-10-26 18:28:27,180 [INFO] [开始读取数据库表：order_data]
2025-10-26 18:28:27,725 [INFO] [成功读取表 order_data，数据行数：18771]
2025-10-26 18:28:27,925 [INFO] [开始读取数据库表：sales_data]
2025-10-26 18:28:32,026 [INFO] [成功读取表 sales_data，数据行数：22870]
2025-10-26 18:28:33,708 [INFO] [开始读取数据库表：jingpin_data]
2025-10-26 18:28:33,962 [INFO] [成功读取表 jingpin_data，数据行数：4553]
2025-10-26 18:28:34,029 [INFO] [开始读取数据库表：inventory_data]
2025-10-26 18:28:34,723 [INFO] [成功读取表 inventory_data，数据行数：8910]
2025-10-26 18:28:34,723 [INFO] [开始读取数据库表：tuiding_data]
2025-10-26 18:28:34,865 [INFO] [成功读取表 tuiding_data，数据行数：3433]
2025-10-26 18:28:34,865 [INFO] [开始读取数据库表：debit_data]
2025-10-26 18:28:35,902 [INFO] [成功读取表 debit_data，数据行数：17609]
2025-10-26 18:28:36,194 [INFO] [开始读取数据库表：sales_invoice_data]
2025-10-26 18:28:37,162 [INFO] [成功读取表 sales_invoice_data，数据行数：17291]
2025-10-26 18:58:10,505 [INFO] [数据库引擎创建成功]
2025-10-26 18:58:10,515 [INFO] [开始读取数据库表：order_data]
2025-10-26 18:58:11,006 [INFO] [成功读取表 order_data，数据行数：18782]
2025-10-26 18:58:11,175 [INFO] [开始读取数据库表：sales_data]
2025-10-26 18:58:15,074 [INFO] [成功读取表 sales_data，数据行数：22871]
2025-10-26 18:58:16,830 [INFO] [开始读取数据库表：jingpin_data]
2025-10-26 18:58:17,051 [INFO] [成功读取表 jingpin_data，数据行数：4553]
2025-10-26 18:58:17,086 [INFO] [开始读取数据库表：inventory_data]
2025-10-26 18:58:17,799 [INFO] [成功读取表 inventory_data，数据行数：8910]
2025-10-26 18:58:17,800 [INFO] [开始读取数据库表：tuiding_data]
2025-10-26 18:58:17,958 [INFO] [成功读取表 tuiding_data，数据行数：3433]
2025-10-26 18:58:17,959 [INFO] [开始读取数据库表：debit_data]
2025-10-26 18:58:19,133 [INFO] [成功读取表 debit_data，数据行数：17609]
2025-10-26 18:58:19,416 [INFO] [开始读取数据库表：sales_invoice_data]
2025-10-26 18:58:20,467 [INFO] [成功读取表 sales_invoice_data，数据行数：17301]
2025-10-26 19:28:13,979 [INFO] [数据库引擎创建成功]
2025-10-26 19:28:13,988 [INFO] [开始读取数据库表：order_data]
2025-10-26 19:28:14,487 [INFO] [成功读取表 order_data，数据行数：18789]
2025-10-26 19:28:14,662 [INFO] [开始读取数据库表：sales_data]
2025-10-26 19:28:18,805 [INFO] [成功读取表 sales_data，数据行数：22871]
2025-10-26 19:28:20,565 [INFO] [开始读取数据库表：jingpin_data]
2025-10-26 19:28:20,830 [INFO] [成功读取表 jingpin_data，数据行数：4553]
2025-10-26 19:28:20,892 [INFO] [开始读取数据库表：inventory_data]
2025-10-26 19:28:21,627 [INFO] [成功读取表 inventory_data，数据行数：8910]
2025-10-26 19:28:21,627 [INFO] [开始读取数据库表：tuiding_data]
2025-10-26 19:28:21,783 [INFO] [成功读取表 tuiding_data，数据行数：3433]
2025-10-26 19:28:21,784 [INFO] [开始读取数据库表：debit_data]
2025-10-26 19:28:22,920 [INFO] [成功读取表 debit_data，数据行数：17609]
2025-10-26 19:28:23,264 [INFO] [开始读取数据库表：sales_invoice_data]
2025-10-26 19:28:24,224 [INFO] [成功读取表 sales_invoice_data，数据行数：17310]
2025-10-26 19:58:18,334 [INFO] [数据库引擎创建成功]
2025-10-26 19:58:18,344 [INFO] [开始读取数据库表：order_data]
2025-10-26 19:58:18,925 [INFO] [成功读取表 order_data，数据行数：18792]
2025-10-26 19:58:19,101 [INFO] [开始读取数据库表：sales_data]
2025-10-26 19:58:23,158 [INFO] [成功读取表 sales_data，数据行数：22871]
2025-10-26 19:58:24,850 [INFO] [开始读取数据库表：jingpin_data]
2025-10-26 19:58:25,091 [INFO] [成功读取表 jingpin_data，数据行数：4553]
2025-10-26 19:58:25,124 [INFO] [开始读取数据库表：inventory_data]
2025-10-26 19:58:25,806 [INFO] [成功读取表 inventory_data，数据行数：8910]
2025-10-26 19:58:25,806 [INFO] [开始读取数据库表：tuiding_data]
2025-10-26 19:58:25,954 [INFO] [成功读取表 tuiding_data，数据行数：3433]
2025-10-26 19:58:25,955 [INFO] [开始读取数据库表：debit_data]
2025-10-26 19:58:27,084 [INFO] [成功读取表 debit_data，数据行数：17609]
2025-10-26 19:58:27,439 [INFO] [开始读取数据库表：sales_invoice_data]
2025-10-26 19:58:28,310 [INFO] [成功读取表 sales_invoice_data，数据行数：17313]
2025-10-26 20:28:14,655 [INFO] [数据库引擎创建成功]
2025-10-26 20:28:14,664 [INFO] [开始读取数据库表：order_data]
2025-10-26 20:28:15,255 [INFO] [成功读取表 order_data，数据行数：18792]
2025-10-26 20:28:15,454 [INFO] [开始读取数据库表：sales_data]
2025-10-26 20:28:19,480 [INFO] [成功读取表 sales_data，数据行数：22871]
2025-10-26 20:28:21,136 [INFO] [开始读取数据库表：jingpin_data]
2025-10-26 20:28:21,358 [INFO] [成功读取表 jingpin_data，数据行数：4553]
2025-10-26 20:28:21,416 [INFO] [开始读取数据库表：inventory_data]
2025-10-26 20:28:22,016 [INFO] [成功读取表 inventory_data，数据行数：8910]
2025-10-26 20:28:22,016 [INFO] [开始读取数据库表：tuiding_data]
2025-10-26 20:28:22,143 [INFO] [成功读取表 tuiding_data，数据行数：3433]
2025-10-26 20:28:22,143 [INFO] [开始读取数据库表：debit_data]
2025-10-26 20:28:23,261 [INFO] [成功读取表 debit_data，数据行数：17609]
2025-10-26 20:28:23,547 [INFO] [开始读取数据库表：sales_invoice_data]
2025-10-26 20:28:24,507 [INFO] [成功读取表 sales_invoice_data，数据行数：17313]
2025-10-26 20:57:58,004 [INFO] [数据库引擎创建成功]
2025-10-26 20:57:58,005 [INFO] [开始读取数据库表：order_data]
2025-10-26 20:57:58,544 [INFO] [成功读取表 order_data，数据行数：18793]
2025-10-26 20:57:58,724 [INFO] [开始读取数据库表：sales_data]
2025-10-26 20:58:02,705 [INFO] [成功读取表 sales_data，数据行数：22871]
2025-10-26 20:58:04,452 [INFO] [开始读取数据库表：jingpin_data]
2025-10-26 20:58:04,714 [INFO] [成功读取表 jingpin_data，数据行数：4553]
2025-10-26 20:58:04,786 [INFO] [开始读取数据库表：inventory_data]
2025-10-26 20:58:05,513 [INFO] [成功读取表 inventory_data，数据行数：8910]
2025-10-26 20:58:05,513 [INFO] [开始读取数据库表：tuiding_data]
2025-10-26 20:58:05,687 [INFO] [成功读取表 tuiding_data，数据行数：3433]
2025-10-26 20:58:05,688 [INFO] [开始读取数据库表：debit_data]
2025-10-26 20:58:06,865 [INFO] [成功读取表 debit_data，数据行数：17609]
2025-10-26 20:58:07,207 [INFO] [开始读取数据库表：sales_invoice_data]
2025-10-26 20:58:08,252 [INFO] [成功读取表 sales_invoice_data，数据行数：17314]
2025-10-26 21:28:01,025 [INFO] [数据库引擎创建成功]
2025-10-26 21:28:01,034 [INFO] [开始读取数据库表：order_data]
2025-10-26 21:28:01,574 [INFO] [成功读取表 order_data，数据行数：18793]
2025-10-26 21:28:01,746 [INFO] [开始读取数据库表：sales_data]
2025-10-26 21:28:05,826 [INFO] [成功读取表 sales_data，数据行数：22871]
2025-10-26 21:28:07,560 [INFO] [开始读取数据库表：jingpin_data]
2025-10-26 21:28:07,807 [INFO] [成功读取表 jingpin_data，数据行数：4553]
2025-10-26 21:28:07,843 [INFO] [开始读取数据库表：inventory_data]
2025-10-26 21:28:08,539 [INFO] [成功读取表 inventory_data，数据行数：8910]
2025-10-26 21:28:08,539 [INFO] [开始读取数据库表：tuiding_data]
2025-10-26 21:28:08,672 [INFO] [成功读取表 tuiding_data，数据行数：3433]
2025-10-26 21:28:08,673 [INFO] [开始读取数据库表：debit_data]
2025-10-26 21:28:09,947 [INFO] [成功读取表 debit_data，数据行数：17609]
2025-10-26 21:28:10,240 [INFO] [开始读取数据库表：sales_invoice_data]
2025-10-26 21:28:11,265 [INFO] [成功读取表 sales_invoice_data，数据行数：17314]
2025-10-26 21:57:58,316 [INFO] [数据库引擎创建成功]
2025-10-26 21:57:58,316 [INFO] [开始读取数据库表：order_data]
2025-10-26 21:57:58,838 [INFO] [成功读取表 order_data，数据行数：18793]
2025-10-26 21:57:58,991 [INFO] [开始读取数据库表：sales_data]
2025-10-26 21:58:03,021 [INFO] [成功读取表 sales_data，数据行数：22871]
2025-10-26 21:58:04,718 [INFO] [开始读取数据库表：jingpin_data]
2025-10-26 21:58:04,953 [INFO] [成功读取表 jingpin_data，数据行数：4553]
2025-10-26 21:58:05,017 [INFO] [开始读取数据库表：inventory_data]
2025-10-26 21:58:05,697 [INFO] [成功读取表 inventory_data，数据行数：8964]
2025-10-26 21:58:05,697 [INFO] [开始读取数据库表：tuiding_data]
2025-10-26 21:58:05,835 [INFO] [成功读取表 tuiding_data，数据行数：3433]
2025-10-26 21:58:05,835 [INFO] [开始读取数据库表：debit_data]
2025-10-26 21:58:06,921 [INFO] [成功读取表 debit_data，数据行数：17650]
2025-10-26 21:58:07,265 [INFO] [开始读取数据库表：sales_invoice_data]
2025-10-26 21:58:08,275 [INFO] [成功读取表 sales_invoice_data，数据行数：17314]
2025-10-26 22:27:58,994 [INFO] [数据库引擎创建成功]
2025-10-26 22:27:59,003 [INFO] [开始读取数据库表：order_data]
2025-10-26 22:27:59,702 [INFO] [成功读取表 order_data，数据行数：18793]
2025-10-26 22:27:59,943 [INFO] [开始读取数据库表：sales_data]
2025-10-26 22:28:04,141 [INFO] [成功读取表 sales_data，数据行数：22871]
2025-10-26 22:28:05,814 [INFO] [开始读取数据库表：jingpin_data]
2025-10-26 22:28:06,022 [INFO] [成功读取表 jingpin_data，数据行数：4553]
2025-10-26 22:28:06,086 [INFO] [开始读取数据库表：inventory_data]
2025-10-26 22:28:06,676 [INFO] [成功读取表 inventory_data，数据行数：8964]
2025-10-26 22:28:06,676 [INFO] [开始读取数据库表：tuiding_data]
2025-10-26 22:28:06,831 [INFO] [成功读取表 tuiding_data，数据行数：3433]
2025-10-26 22:28:06,831 [INFO] [开始读取数据库表：debit_data]
2025-10-26 22:28:07,877 [INFO] [成功读取表 debit_data，数据行数：17650]
2025-10-26 22:28:08,225 [INFO] [开始读取数据库表：sales_invoice_data]
2025-10-26 22:28:09,173 [INFO] [成功读取表 sales_invoice_data，数据行数：17315]
2025-10-26 22:57:56,126 [INFO] [数据库引擎创建成功]
2025-10-26 22:57:56,126 [INFO] [开始读取数据库表：order_data]
2025-10-26 22:57:56,668 [INFO] [成功读取表 order_data，数据行数：18793]
2025-10-26 22:57:56,837 [INFO] [开始读取数据库表：sales_data]
2025-10-26 22:58:00,684 [INFO] [成功读取表 sales_data，数据行数：22871]
2025-10-26 22:58:02,350 [INFO] [开始读取数据库表：jingpin_data]
2025-10-26 22:58:02,572 [INFO] [成功读取表 jingpin_data，数据行数：4553]
2025-10-26 22:58:02,606 [INFO] [开始读取数据库表：inventory_data]
2025-10-26 22:58:03,276 [INFO] [成功读取表 inventory_data，数据行数：8964]
2025-10-26 22:58:03,276 [INFO] [开始读取数据库表：tuiding_data]
2025-10-26 22:58:03,435 [INFO] [成功读取表 tuiding_data，数据行数：3433]
2025-10-26 22:58:03,435 [INFO] [开始读取数据库表：debit_data]
2025-10-26 22:58:04,629 [INFO] [成功读取表 debit_data，数据行数：17650]
2025-10-26 22:58:04,895 [INFO] [开始读取数据库表：sales_invoice_data]
2025-10-26 22:58:05,929 [INFO] [成功读取表 sales_invoice_data，数据行数：17315]
2025-10-26 23:27:54,303 [INFO] [数据库引擎创建成功]
2025-10-26 23:27:54,303 [INFO] [开始读取数据库表：order_data]
2025-10-26 23:27:54,832 [INFO] [成功读取表 order_data，数据行数：18794]
2025-10-26 23:27:55,116 [INFO] [开始读取数据库表：sales_data]
2025-10-26 23:28:00,399 [INFO] [成功读取表 sales_data，数据行数：22871]
2025-10-26 23:28:02,176 [INFO] [开始读取数据库表：jingpin_data]
2025-10-26 23:28:02,395 [INFO] [成功读取表 jingpin_data，数据行数：4553]
2025-10-26 23:28:02,429 [INFO] [开始读取数据库表：inventory_data]
2025-10-26 23:28:03,104 [INFO] [成功读取表 inventory_data，数据行数：8966]
2025-10-26 23:28:03,104 [INFO] [开始读取数据库表：tuiding_data]
2025-10-26 23:28:03,272 [INFO] [成功读取表 tuiding_data，数据行数：3433]
2025-10-26 23:28:03,272 [INFO] [开始读取数据库表：debit_data]
2025-10-26 23:28:04,434 [INFO] [成功读取表 debit_data，数据行数：17651]
2025-10-26 23:28:04,779 [INFO] [开始读取数据库表：sales_invoice_data]
2025-10-26 23:28:05,838 [INFO] [成功读取表 sales_invoice_data，数据行数：17316]
2025-10-26 23:57:55,860 [INFO] [数据库引擎创建成功]
2025-10-26 23:57:55,861 [INFO] [开始读取数据库表：order_data]
2025-10-26 23:57:56,477 [INFO] [成功读取表 order_data，数据行数：18795]
2025-10-26 23:57:56,636 [INFO] [开始读取数据库表：sales_data]
2025-10-26 23:58:00,859 [INFO] [成功读取表 sales_data，数据行数：22871]
2025-10-26 23:58:02,680 [INFO] [开始读取数据库表：jingpin_data]
2025-10-26 23:58:02,932 [INFO] [成功读取表 jingpin_data，数据行数：4553]
2025-10-26 23:58:02,968 [INFO] [开始读取数据库表：inventory_data]
2025-10-26 23:58:03,666 [INFO] [成功读取表 inventory_data，数据行数：8966]
2025-10-26 23:58:03,666 [INFO] [开始读取数据库表：tuiding_data]
2025-10-26 23:58:03,836 [INFO] [成功读取表 tuiding_data，数据行数：3433]
2025-10-26 23:58:03,836 [INFO] [开始读取数据库表：debit_data]
2025-10-26 23:58:04,991 [INFO] [成功读取表 debit_data，数据行数：17651]
2025-10-26 23:58:05,307 [INFO] [开始读取数据库表：sales_invoice_data]
2025-10-26 23:58:06,457 [INFO] [成功读取表 sales_invoice_data，数据行数：17317]
