2025-11-29 08:55:20,241 [INFO] [数据库引擎创建成功]
2025-11-29 08:55:20,241 [INFO] [开始读取数据库表：order_data]
2025-11-29 08:55:21,970 [INFO] [成功读取表 order_data，数据行数：24212]
2025-11-29 08:55:22,300 [INFO] [开始读取数据库表：sales_data]
2025-11-29 08:55:30,083 [INFO] [成功读取表 sales_data，数据行数：26540]
2025-11-29 08:55:32,268 [INFO] [开始读取数据库表：jingpin_data]
2025-11-29 08:55:32,547 [INFO] [成功读取表 jingpin_data，数据行数：4725]
2025-11-29 08:55:32,654 [INFO] [开始读取数据库表：inventory_data]
2025-11-29 08:55:33,187 [INFO] [成功读取表 inventory_data，数据行数：6207]
2025-11-29 08:55:33,187 [INFO] [开始读取数据库表：tuiding_data]
2025-11-29 08:55:33,429 [INFO] [成功读取表 tuiding_data，数据行数：4363]
2025-11-29 08:55:33,429 [INFO] [开始读取数据库表：debit_data]
2025-11-29 08:55:35,565 [INFO] [成功读取表 debit_data，数据行数：26183]
2025-11-29 08:55:35,984 [INFO] [开始读取数据库表：sales_invoice_data]
2025-11-29 08:55:37,309 [INFO] [成功读取表 sales_invoice_data，数据行数：19183]
2025-11-29 09:28:15,801 [INFO] [数据库引擎创建成功]
2025-11-29 09:28:15,802 [INFO] [开始读取数据库表：order_data]
2025-11-29 09:28:17,678 [INFO] [成功读取表 order_data，数据行数：24213]
2025-11-29 09:28:18,049 [INFO] [开始读取数据库表：sales_data]
2025-11-29 09:28:24,976 [INFO] [成功读取表 sales_data，数据行数：26541]
2025-11-29 09:28:27,209 [INFO] [开始读取数据库表：jingpin_data]
2025-11-29 09:28:27,515 [INFO] [成功读取表 jingpin_data，数据行数：4725]
2025-11-29 09:28:27,593 [INFO] [开始读取数据库表：inventory_data]
2025-11-29 09:28:28,199 [INFO] [成功读取表 inventory_data，数据行数：6206]
2025-11-29 09:28:28,199 [INFO] [开始读取数据库表：tuiding_data]
2025-11-29 09:28:28,455 [INFO] [成功读取表 tuiding_data，数据行数：4363]
2025-11-29 09:28:28,456 [INFO] [开始读取数据库表：debit_data]
2025-11-29 09:28:30,734 [INFO] [成功读取表 debit_data，数据行数：26183]
2025-11-29 09:28:31,136 [INFO] [开始读取数据库表：sales_invoice_data]
2025-11-29 09:28:32,555 [INFO] [成功读取表 sales_invoice_data，数据行数：19184]
2025-11-29 09:57:57,877 [INFO] [数据库引擎创建成功]
2025-11-29 09:57:57,877 [INFO] [开始读取数据库表：order_data]
2025-11-29 09:57:59,656 [INFO] [成功读取表 order_data，数据行数：24213]
2025-11-29 09:57:59,981 [INFO] [开始读取数据库表：sales_data]
2025-11-29 09:58:06,161 [INFO] [成功读取表 sales_data，数据行数：26545]
2025-11-29 09:58:08,197 [INFO] [开始读取数据库表：jingpin_data]
2025-11-29 09:58:08,474 [INFO] [成功读取表 jingpin_data，数据行数：4725]
2025-11-29 09:58:08,545 [INFO] [开始读取数据库表：inventory_data]
2025-11-29 09:58:09,095 [INFO] [成功读取表 inventory_data，数据行数：6204]
2025-11-29 09:58:09,096 [INFO] [开始读取数据库表：tuiding_data]
2025-11-29 09:58:09,333 [INFO] [成功读取表 tuiding_data，数据行数：4363]
2025-11-29 09:58:09,333 [INFO] [开始读取数据库表：debit_data]
2025-11-29 09:58:11,399 [INFO] [成功读取表 debit_data，数据行数：26183]
2025-11-29 09:58:11,783 [INFO] [开始读取数据库表：sales_invoice_data]
2025-11-29 09:58:13,074 [INFO] [成功读取表 sales_invoice_data，数据行数：19187]
2025-11-29 10:27:32,964 [INFO] [数据库引擎创建成功]
2025-11-29 10:27:32,965 [INFO] [开始读取数据库表：order_data]
2025-11-29 10:27:34,805 [INFO] [成功读取表 order_data，数据行数：24217]
2025-11-29 10:27:35,155 [INFO] [开始读取数据库表：sales_data]
2025-11-29 10:27:41,566 [INFO] [成功读取表 sales_data，数据行数：26549]
2025-11-29 10:27:43,613 [INFO] [开始读取数据库表：jingpin_data]
2025-11-29 10:27:43,906 [INFO] [成功读取表 jingpin_data，数据行数：4725]
2025-11-29 10:27:43,979 [INFO] [开始读取数据库表：inventory_data]
2025-11-29 10:27:44,560 [INFO] [成功读取表 inventory_data，数据行数：6200]
2025-11-29 10:27:44,560 [INFO] [开始读取数据库表：tuiding_data]
2025-11-29 10:27:44,790 [INFO] [成功读取表 tuiding_data，数据行数：4363]
2025-11-29 10:27:44,790 [INFO] [开始读取数据库表：debit_data]
2025-11-29 10:27:46,971 [INFO] [成功读取表 debit_data，数据行数：26183]
2025-11-29 10:27:47,363 [INFO] [开始读取数据库表：sales_invoice_data]
2025-11-29 10:27:48,668 [INFO] [成功读取表 sales_invoice_data，数据行数：19191]
2025-11-29 10:57:04,676 [INFO] [数据库引擎创建成功]
2025-11-29 10:57:04,676 [INFO] [开始读取数据库表：order_data]
2025-11-29 10:57:06,709 [INFO] [成功读取表 order_data，数据行数：24217]
2025-11-29 10:57:07,067 [INFO] [开始读取数据库表：sales_data]
2025-11-29 10:57:13,662 [INFO] [成功读取表 sales_data，数据行数：26550]
2025-11-29 10:57:15,804 [INFO] [开始读取数据库表：jingpin_data]
2025-11-29 10:57:16,092 [INFO] [成功读取表 jingpin_data，数据行数：4725]
2025-11-29 10:57:16,189 [INFO] [开始读取数据库表：inventory_data]
2025-11-29 10:57:16,765 [INFO] [成功读取表 inventory_data，数据行数：6199]
2025-11-29 10:57:16,766 [INFO] [开始读取数据库表：tuiding_data]
2025-11-29 10:57:17,012 [INFO] [成功读取表 tuiding_data，数据行数：4363]
2025-11-29 10:57:17,012 [INFO] [开始读取数据库表：debit_data]
2025-11-29 10:57:19,187 [INFO] [成功读取表 debit_data，数据行数：26183]
2025-11-29 10:57:19,600 [INFO] [开始读取数据库表：sales_invoice_data]
2025-11-29 10:57:20,984 [INFO] [成功读取表 sales_invoice_data，数据行数：19192]
2025-11-29 11:28:07,536 [INFO] [数据库引擎创建成功]
2025-11-29 11:28:07,536 [INFO] [开始读取数据库表：order_data]
2025-11-29 11:28:09,083 [INFO] [成功读取表 order_data，数据行数：24220]
2025-11-29 11:28:09,396 [INFO] [开始读取数据库表：sales_data]
2025-11-29 11:28:15,596 [INFO] [成功读取表 sales_data，数据行数：26556]
2025-11-29 11:28:17,534 [INFO] [开始读取数据库表：jingpin_data]
2025-11-29 11:28:17,810 [INFO] [成功读取表 jingpin_data，数据行数：4725]
2025-11-29 11:28:17,882 [INFO] [开始读取数据库表：inventory_data]
2025-11-29 11:28:18,450 [INFO] [成功读取表 inventory_data，数据行数：6192]
2025-11-29 11:28:18,451 [INFO] [开始读取数据库表：tuiding_data]
2025-11-29 11:28:18,672 [INFO] [成功读取表 tuiding_data，数据行数：4364]
2025-11-29 11:28:18,672 [INFO] [开始读取数据库表：debit_data]
2025-11-29 11:28:20,693 [INFO] [成功读取表 debit_data，数据行数：26183]
2025-11-29 11:28:21,064 [INFO] [开始读取数据库表：sales_invoice_data]
2025-11-29 11:28:22,340 [INFO] [成功读取表 sales_invoice_data，数据行数：19197]
2025-11-29 11:56:59,789 [INFO] [数据库引擎创建成功]
2025-11-29 11:56:59,790 [INFO] [开始读取数据库表：order_data]
2025-11-29 11:57:01,408 [INFO] [成功读取表 order_data，数据行数：24225]
2025-11-29 11:57:01,721 [INFO] [开始读取数据库表：sales_data]
2025-11-29 11:57:08,171 [INFO] [成功读取表 sales_data，数据行数：26560]
2025-11-29 11:57:10,244 [INFO] [开始读取数据库表：jingpin_data]
2025-11-29 11:57:10,539 [INFO] [成功读取表 jingpin_data，数据行数：4725]
2025-11-29 11:57:10,614 [INFO] [开始读取数据库表：inventory_data]
2025-11-29 11:57:11,191 [INFO] [成功读取表 inventory_data，数据行数：6187]
2025-11-29 11:57:11,192 [INFO] [开始读取数据库表：tuiding_data]
2025-11-29 11:57:11,424 [INFO] [成功读取表 tuiding_data，数据行数：4364]
2025-11-29 11:57:11,424 [INFO] [开始读取数据库表：debit_data]
2025-11-29 11:57:13,564 [INFO] [成功读取表 debit_data，数据行数：26183]
2025-11-29 11:57:13,961 [INFO] [开始读取数据库表：sales_invoice_data]
2025-11-29 11:57:15,327 [INFO] [成功读取表 sales_invoice_data，数据行数：19201]
2025-11-29 12:26:55,756 [INFO] [数据库引擎创建成功]
2025-11-29 12:26:55,756 [INFO] [开始读取数据库表：order_data]
2025-11-29 12:26:57,727 [INFO] [成功读取表 order_data，数据行数：24224]
2025-11-29 12:26:58,119 [INFO] [开始读取数据库表：sales_data]
2025-11-29 12:27:04,883 [INFO] [成功读取表 sales_data，数据行数：26564]
2025-11-29 12:27:07,052 [INFO] [开始读取数据库表：jingpin_data]
2025-11-29 12:27:07,343 [INFO] [成功读取表 jingpin_data，数据行数：4725]
2025-11-29 12:27:07,420 [INFO] [开始读取数据库表：inventory_data]
2025-11-29 12:27:08,020 [INFO] [成功读取表 inventory_data，数据行数：6184]
2025-11-29 12:27:08,020 [INFO] [开始读取数据库表：tuiding_data]
2025-11-29 12:27:08,263 [INFO] [成功读取表 tuiding_data，数据行数：4368]
2025-11-29 12:27:08,263 [INFO] [开始读取数据库表：debit_data]
2025-11-29 12:27:10,450 [INFO] [成功读取表 debit_data，数据行数：26183]
2025-11-29 12:27:10,869 [INFO] [开始读取数据库表：sales_invoice_data]
2025-11-29 12:27:12,316 [INFO] [成功读取表 sales_invoice_data，数据行数：19205]
2025-11-29 12:56:49,623 [INFO] [数据库引擎创建成功]
2025-11-29 12:56:49,623 [INFO] [开始读取数据库表：order_data]
2025-11-29 12:56:51,290 [INFO] [成功读取表 order_data，数据行数：24228]
2025-11-29 12:56:51,609 [INFO] [开始读取数据库表：sales_data]
2025-11-29 12:56:57,920 [INFO] [成功读取表 sales_data，数据行数：26570]
2025-11-29 12:56:59,875 [INFO] [开始读取数据库表：jingpin_data]
2025-11-29 12:57:00,172 [INFO] [成功读取表 jingpin_data，数据行数：4725]
2025-11-29 12:57:00,241 [INFO] [开始读取数据库表：inventory_data]
2025-11-29 12:57:00,807 [INFO] [成功读取表 inventory_data，数据行数：6179]
2025-11-29 12:57:00,807 [INFO] [开始读取数据库表：tuiding_data]
2025-11-29 12:57:01,033 [INFO] [成功读取表 tuiding_data，数据行数：4368]
2025-11-29 12:57:01,033 [INFO] [开始读取数据库表：debit_data]
2025-11-29 12:57:03,123 [INFO] [成功读取表 debit_data，数据行数：26183]
2025-11-29 12:57:03,506 [INFO] [开始读取数据库表：sales_invoice_data]
2025-11-29 12:57:04,836 [INFO] [成功读取表 sales_invoice_data，数据行数：19211]
2025-11-29 13:27:40,517 [INFO] [数据库引擎创建成功]
2025-11-29 13:27:40,517 [INFO] [开始读取数据库表：order_data]
2025-11-29 13:27:42,338 [INFO] [成功读取表 order_data，数据行数：24229]
2025-11-29 13:27:42,670 [INFO] [开始读取数据库表：sales_data]
2025-11-29 13:27:49,583 [INFO] [成功读取表 sales_data，数据行数：26570]
2025-11-29 13:27:51,627 [INFO] [开始读取数据库表：jingpin_data]
2025-11-29 13:27:51,908 [INFO] [成功读取表 jingpin_data，数据行数：4725]
2025-11-29 13:27:51,983 [INFO] [开始读取数据库表：inventory_data]
2025-11-29 13:27:52,581 [INFO] [成功读取表 inventory_data，数据行数：6179]
2025-11-29 13:27:52,581 [INFO] [开始读取数据库表：tuiding_data]
2025-11-29 13:27:52,827 [INFO] [成功读取表 tuiding_data，数据行数：4368]
2025-11-29 13:27:52,828 [INFO] [开始读取数据库表：debit_data]
2025-11-29 13:27:55,022 [INFO] [成功读取表 debit_data，数据行数：26183]
2025-11-29 13:27:55,418 [INFO] [开始读取数据库表：sales_invoice_data]
2025-11-29 13:27:56,785 [INFO] [成功读取表 sales_invoice_data，数据行数：19211]
2025-11-29 13:57:12,552 [INFO] [数据库引擎创建成功]
2025-11-29 13:57:12,552 [INFO] [开始读取数据库表：order_data]
2025-11-29 13:57:14,342 [INFO] [成功读取表 order_data，数据行数：24234]
2025-11-29 13:57:14,684 [INFO] [开始读取数据库表：sales_data]
2025-11-29 13:57:21,125 [INFO] [成功读取表 sales_data，数据行数：26573]
2025-11-29 13:57:23,179 [INFO] [开始读取数据库表：jingpin_data]
2025-11-29 13:57:23,464 [INFO] [成功读取表 jingpin_data，数据行数：4727]
2025-11-29 13:57:23,541 [INFO] [开始读取数据库表：inventory_data]
2025-11-29 13:57:24,116 [INFO] [成功读取表 inventory_data，数据行数：6175]
2025-11-29 13:57:24,116 [INFO] [开始读取数据库表：tuiding_data]
2025-11-29 13:57:24,334 [INFO] [成功读取表 tuiding_data，数据行数：4368]
2025-11-29 13:57:24,335 [INFO] [开始读取数据库表：debit_data]
2025-11-29 13:57:26,461 [INFO] [成功读取表 debit_data，数据行数：26183]
2025-11-29 13:57:26,893 [INFO] [开始读取数据库表：sales_invoice_data]
2025-11-29 13:57:28,240 [INFO] [成功读取表 sales_invoice_data，数据行数：19214]
2025-11-29 14:26:55,596 [INFO] [数据库引擎创建成功]
2025-11-29 14:26:55,596 [INFO] [开始读取数据库表：order_data]
2025-11-29 14:26:57,510 [INFO] [成功读取表 order_data，数据行数：24237]
2025-11-29 14:26:57,862 [INFO] [开始读取数据库表：sales_data]
2025-11-29 14:27:04,341 [INFO] [成功读取表 sales_data，数据行数：26580]
2025-11-29 14:27:06,613 [INFO] [开始读取数据库表：jingpin_data]
2025-11-29 14:27:06,910 [INFO] [成功读取表 jingpin_data，数据行数：4731]
2025-11-29 14:27:06,976 [INFO] [开始读取数据库表：inventory_data]
2025-11-29 14:27:07,580 [INFO] [成功读取表 inventory_data，数据行数：6169]
2025-11-29 14:27:07,581 [INFO] [开始读取数据库表：tuiding_data]
2025-11-29 14:27:07,829 [INFO] [成功读取表 tuiding_data，数据行数：4370]
2025-11-29 14:27:07,829 [INFO] [开始读取数据库表：debit_data]
2025-11-29 14:27:10,093 [INFO] [成功读取表 debit_data，数据行数：26183]
2025-11-29 14:27:10,513 [INFO] [开始读取数据库表：sales_invoice_data]
2025-11-29 14:27:11,861 [INFO] [成功读取表 sales_invoice_data，数据行数：19221]
2025-11-29 14:57:06,443 [INFO] [数据库引擎创建成功]
2025-11-29 14:57:06,443 [INFO] [开始读取数据库表：order_data]
2025-11-29 14:57:07,670 [INFO] [成功读取表 order_data，数据行数：24238]
2025-11-29 14:57:08,003 [INFO] [开始读取数据库表：sales_data]
2025-11-29 14:57:12,475 [INFO] [成功读取表 sales_data，数据行数：26595]
2025-11-29 14:57:13,968 [INFO] [开始读取数据库表：jingpin_data]
2025-11-29 14:57:14,192 [INFO] [成功读取表 jingpin_data，数据行数：4731]
2025-11-29 14:57:14,244 [INFO] [开始读取数据库表：inventory_data]
2025-11-29 14:57:14,701 [INFO] [成功读取表 inventory_data，数据行数：6157]
2025-11-29 14:57:14,702 [INFO] [开始读取数据库表：tuiding_data]
2025-11-29 14:57:14,906 [INFO] [成功读取表 tuiding_data，数据行数：4374]
2025-11-29 14:57:14,906 [INFO] [开始读取数据库表：debit_data]
2025-11-29 14:57:16,727 [INFO] [成功读取表 debit_data，数据行数：26183]
2025-11-29 14:57:17,032 [INFO] [开始读取数据库表：sales_invoice_data]
2025-11-29 14:57:18,106 [INFO] [成功读取表 sales_invoice_data，数据行数：19235]
2025-11-29 15:27:32,492 [INFO] [数据库引擎创建成功]
2025-11-29 15:27:32,492 [INFO] [开始读取数据库表：order_data]
2025-11-29 15:27:34,414 [INFO] [成功读取表 order_data，数据行数：24240]
2025-11-29 15:27:34,788 [INFO] [开始读取数据库表：sales_data]
2025-11-29 15:27:41,626 [INFO] [成功读取表 sales_data，数据行数：26608]
2025-11-29 15:27:43,755 [INFO] [开始读取数据库表：jingpin_data]
2025-11-29 15:27:44,045 [INFO] [成功读取表 jingpin_data，数据行数：4733]
2025-11-29 15:27:44,118 [INFO] [开始读取数据库表：inventory_data]
2025-11-29 15:27:44,742 [INFO] [成功读取表 inventory_data，数据行数：6149]
2025-11-29 15:27:44,743 [INFO] [开始读取数据库表：tuiding_data]
2025-11-29 15:27:45,017 [INFO] [成功读取表 tuiding_data，数据行数：4377]
2025-11-29 15:27:45,017 [INFO] [开始读取数据库表：debit_data]
2025-11-29 15:27:47,252 [INFO] [成功读取表 debit_data，数据行数：26183]
2025-11-29 15:27:47,653 [INFO] [开始读取数据库表：sales_invoice_data]
2025-11-29 15:27:49,097 [INFO] [成功读取表 sales_invoice_data，数据行数：19243]
2025-11-29 15:57:21,183 [INFO] [数据库引擎创建成功]
2025-11-29 15:57:21,193 [INFO] [开始读取数据库表：order_data]
2025-11-29 15:57:22,765 [INFO] [成功读取表 order_data，数据行数：24246]
2025-11-29 15:57:23,089 [INFO] [开始读取数据库表：sales_data]
2025-11-29 15:57:28,937 [INFO] [成功读取表 sales_data，数据行数：26614]
2025-11-29 15:57:30,799 [INFO] [开始读取数据库表：jingpin_data]
2025-11-29 15:57:31,026 [INFO] [成功读取表 jingpin_data，数据行数：4736]
2025-11-29 15:57:31,084 [INFO] [开始读取数据库表：inventory_data]
2025-11-29 15:57:31,570 [INFO] [成功读取表 inventory_data，数据行数：6143]
2025-11-29 15:57:31,570 [INFO] [开始读取数据库表：tuiding_data]
2025-11-29 15:57:31,757 [INFO] [成功读取表 tuiding_data，数据行数：4377]
2025-11-29 15:57:31,758 [INFO] [开始读取数据库表：debit_data]
2025-11-29 15:57:33,606 [INFO] [成功读取表 debit_data，数据行数：26183]
2025-11-29 15:57:33,953 [INFO] [开始读取数据库表：sales_invoice_data]
2025-11-29 15:57:35,183 [INFO] [成功读取表 sales_invoice_data，数据行数：19249]
2025-11-29 16:27:30,530 [INFO] [数据库引擎创建成功]
2025-11-29 16:27:30,531 [INFO] [开始读取数据库表：order_data]
2025-11-29 16:27:32,392 [INFO] [成功读取表 order_data，数据行数：24254]
2025-11-29 16:27:32,784 [INFO] [开始读取数据库表：sales_data]
2025-11-29 16:27:39,853 [INFO] [成功读取表 sales_data，数据行数：26616]
2025-11-29 16:27:42,271 [INFO] [开始读取数据库表：jingpin_data]
2025-11-29 16:27:42,578 [INFO] [成功读取表 jingpin_data，数据行数：4736]
2025-11-29 16:27:42,651 [INFO] [开始读取数据库表：inventory_data]
2025-11-29 16:27:43,255 [INFO] [成功读取表 inventory_data，数据行数：6141]
2025-11-29 16:27:43,255 [INFO] [开始读取数据库表：tuiding_data]
2025-11-29 16:27:43,532 [INFO] [成功读取表 tuiding_data，数据行数：4377]
2025-11-29 16:27:43,532 [INFO] [开始读取数据库表：debit_data]
2025-11-29 16:27:45,863 [INFO] [成功读取表 debit_data，数据行数：26183]
2025-11-29 16:27:46,288 [INFO] [开始读取数据库表：sales_invoice_data]
2025-11-29 16:27:47,665 [INFO] [成功读取表 sales_invoice_data，数据行数：19251]
2025-11-29 16:57:04,227 [INFO] [数据库引擎创建成功]
2025-11-29 16:57:04,227 [INFO] [开始读取数据库表：order_data]
2025-11-29 16:57:05,973 [INFO] [成功读取表 order_data，数据行数：24261]
2025-11-29 16:57:06,299 [INFO] [开始读取数据库表：sales_data]
2025-11-29 16:57:12,382 [INFO] [成功读取表 sales_data，数据行数：26628]
2025-11-29 16:57:14,350 [INFO] [开始读取数据库表：jingpin_data]
2025-11-29 16:57:14,629 [INFO] [成功读取表 jingpin_data，数据行数：4736]
2025-11-29 16:57:14,698 [INFO] [开始读取数据库表：inventory_data]
2025-11-29 16:57:15,265 [INFO] [成功读取表 inventory_data，数据行数：6129]
2025-11-29 16:57:15,266 [INFO] [开始读取数据库表：tuiding_data]
2025-11-29 16:57:15,517 [INFO] [成功读取表 tuiding_data，数据行数：4377]
2025-11-29 16:57:15,517 [INFO] [开始读取数据库表：debit_data]
2025-11-29 16:57:17,601 [INFO] [成功读取表 debit_data，数据行数：26183]
2025-11-29 16:57:17,980 [INFO] [开始读取数据库表：sales_invoice_data]
2025-11-29 16:57:19,221 [INFO] [成功读取表 sales_invoice_data，数据行数：19263]
2025-11-29 17:29:15,571 [INFO] [数据库引擎创建成功]
2025-11-29 17:29:15,572 [INFO] [开始读取数据库表：order_data]
2025-11-29 17:29:17,864 [INFO] [成功读取表 order_data，数据行数：24283]
2025-11-29 17:29:18,189 [INFO] [开始读取数据库表：sales_data]
2025-11-29 17:29:24,096 [INFO] [成功读取表 sales_data，数据行数：26639]
2025-11-29 17:29:25,988 [INFO] [开始读取数据库表：jingpin_data]
2025-11-29 17:29:26,242 [INFO] [成功读取表 jingpin_data，数据行数：4736]
2025-11-29 17:29:26,309 [INFO] [开始读取数据库表：inventory_data]
2025-11-29 17:29:26,798 [INFO] [成功读取表 inventory_data，数据行数：6129]
2025-11-29 17:29:26,798 [INFO] [开始读取数据库表：tuiding_data]
2025-11-29 17:29:27,007 [INFO] [成功读取表 tuiding_data，数据行数：4378]
2025-11-29 17:29:27,007 [INFO] [开始读取数据库表：debit_data]
2025-11-29 17:29:28,885 [INFO] [成功读取表 debit_data，数据行数：26183]
2025-11-29 17:29:29,253 [INFO] [开始读取数据库表：sales_invoice_data]
2025-11-29 17:29:30,427 [INFO] [成功读取表 sales_invoice_data，数据行数：19269]
2025-11-29 17:57:06,591 [INFO] [数据库引擎创建成功]
2025-11-29 17:57:06,591 [INFO] [开始读取数据库表：order_data]
2025-11-29 17:57:08,627 [INFO] [成功读取表 order_data，数据行数：24297]
2025-11-29 17:57:09,028 [INFO] [开始读取数据库表：sales_data]
2025-11-29 17:57:16,195 [INFO] [成功读取表 sales_data，数据行数：26656]
2025-11-29 17:57:18,399 [INFO] [开始读取数据库表：jingpin_data]
2025-11-29 17:57:18,712 [INFO] [成功读取表 jingpin_data，数据行数：4737]
2025-11-29 17:57:18,790 [INFO] [开始读取数据库表：inventory_data]
2025-11-29 17:57:19,426 [INFO] [成功读取表 inventory_data，数据行数：6116]
2025-11-29 17:57:19,426 [INFO] [开始读取数据库表：tuiding_data]
2025-11-29 17:57:19,618 [INFO] [成功读取表 tuiding_data，数据行数：4378]
2025-11-29 17:57:19,618 [INFO] [开始读取数据库表：debit_data]
2025-11-29 17:57:21,309 [INFO] [成功读取表 debit_data，数据行数：26183]
2025-11-29 17:57:21,660 [INFO] [开始读取数据库表：sales_invoice_data]
2025-11-29 17:57:22,805 [INFO] [成功读取表 sales_invoice_data，数据行数：19275]
2025-11-29 18:26:32,206 [INFO] [数据库引擎创建成功]
2025-11-29 18:26:32,207 [INFO] [开始读取数据库表：order_data]
2025-11-29 18:26:33,704 [INFO] [成功读取表 order_data，数据行数：24304]
2025-11-29 18:26:34,058 [INFO] [开始读取数据库表：sales_data]
2025-11-29 18:26:40,337 [INFO] [成功读取表 sales_data，数据行数：26656]
2025-11-29 18:26:42,405 [INFO] [开始读取数据库表：jingpin_data]
2025-11-29 18:26:42,687 [INFO] [成功读取表 jingpin_data，数据行数：4738]
2025-11-29 18:26:42,775 [INFO] [开始读取数据库表：inventory_data]
2025-11-29 18:26:43,364 [INFO] [成功读取表 inventory_data，数据行数：6116]
2025-11-29 18:26:43,364 [INFO] [开始读取数据库表：tuiding_data]
2025-11-29 18:26:43,595 [INFO] [成功读取表 tuiding_data，数据行数：4378]
2025-11-29 18:26:43,595 [INFO] [开始读取数据库表：debit_data]
2025-11-29 18:26:45,631 [INFO] [成功读取表 debit_data，数据行数：26184]
2025-11-29 18:26:46,050 [INFO] [开始读取数据库表：sales_invoice_data]
2025-11-29 18:26:47,326 [INFO] [成功读取表 sales_invoice_data，数据行数：19276]
2025-11-29 18:56:34,967 [INFO] [数据库引擎创建成功]
2025-11-29 18:56:34,968 [INFO] [开始读取数据库表：order_data]
2025-11-29 18:56:36,418 [INFO] [成功读取表 order_data，数据行数：24312]
2025-11-29 18:56:36,737 [INFO] [开始读取数据库表：sales_data]
2025-11-29 18:56:42,811 [INFO] [成功读取表 sales_data，数据行数：26667]
2025-11-29 18:56:44,842 [INFO] [开始读取数据库表：jingpin_data]
2025-11-29 18:56:45,109 [INFO] [成功读取表 jingpin_data，数据行数：4738]
2025-11-29 18:56:45,187 [INFO] [开始读取数据库表：inventory_data]
2025-11-29 18:56:45,725 [INFO] [成功读取表 inventory_data，数据行数：6115]
2025-11-29 18:56:45,726 [INFO] [开始读取数据库表：tuiding_data]
2025-11-29 18:56:45,955 [INFO] [成功读取表 tuiding_data，数据行数：4379]
2025-11-29 18:56:45,956 [INFO] [开始读取数据库表：debit_data]
2025-11-29 18:56:47,977 [INFO] [成功读取表 debit_data，数据行数：26184]
2025-11-29 18:56:48,345 [INFO] [开始读取数据库表：sales_invoice_data]
2025-11-29 18:56:49,591 [INFO] [成功读取表 sales_invoice_data，数据行数：19277]
2025-11-29 19:26:36,376 [INFO] [数据库引擎创建成功]
2025-11-29 19:26:36,377 [INFO] [开始读取数据库表：order_data]
2025-11-29 19:26:37,885 [INFO] [成功读取表 order_data，数据行数：24319]
2025-11-29 19:26:38,221 [INFO] [开始读取数据库表：sales_data]
2025-11-29 19:26:44,380 [INFO] [成功读取表 sales_data，数据行数：26666]
2025-11-29 19:26:46,473 [INFO] [开始读取数据库表：jingpin_data]
2025-11-29 19:26:46,738 [INFO] [成功读取表 jingpin_data，数据行数：4738]
2025-11-29 19:26:46,806 [INFO] [开始读取数据库表：inventory_data]
2025-11-29 19:26:47,353 [INFO] [成功读取表 inventory_data，数据行数：6115]
2025-11-29 19:26:47,353 [INFO] [开始读取数据库表：tuiding_data]
2025-11-29 19:26:47,556 [INFO] [成功读取表 tuiding_data，数据行数：4379]
2025-11-29 19:26:47,557 [INFO] [开始读取数据库表：debit_data]
2025-11-29 19:26:49,569 [INFO] [成功读取表 debit_data，数据行数：26184]
2025-11-29 19:26:49,968 [INFO] [开始读取数据库表：sales_invoice_data]
2025-11-29 19:26:51,238 [INFO] [成功读取表 sales_invoice_data，数据行数：19277]
2025-11-29 19:56:45,052 [INFO] [数据库引擎创建成功]
2025-11-29 19:56:45,053 [INFO] [开始读取数据库表：order_data]
2025-11-29 19:56:46,564 [INFO] [成功读取表 order_data，数据行数：24320]
2025-11-29 19:56:46,885 [INFO] [开始读取数据库表：sales_data]
2025-11-29 19:56:53,201 [INFO] [成功读取表 sales_data，数据行数：26666]
2025-11-29 19:56:55,212 [INFO] [开始读取数据库表：jingpin_data]
2025-11-29 19:56:55,512 [INFO] [成功读取表 jingpin_data，数据行数：4738]
2025-11-29 19:56:55,579 [INFO] [开始读取数据库表：inventory_data]
2025-11-29 19:56:56,122 [INFO] [成功读取表 inventory_data，数据行数：6115]
2025-11-29 19:56:56,122 [INFO] [开始读取数据库表：tuiding_data]
2025-11-29 19:56:56,328 [INFO] [成功读取表 tuiding_data，数据行数：4379]
2025-11-29 19:56:56,328 [INFO] [开始读取数据库表：debit_data]
2025-11-29 19:56:58,308 [INFO] [成功读取表 debit_data，数据行数：26184]
2025-11-29 19:56:58,720 [INFO] [开始读取数据库表：sales_invoice_data]
2025-11-29 19:56:59,958 [INFO] [成功读取表 sales_invoice_data，数据行数：19277]
2025-11-29 20:26:31,842 [INFO] [数据库引擎创建成功]
2025-11-29 20:26:31,843 [INFO] [开始读取数据库表：order_data]
2025-11-29 20:26:33,502 [INFO] [成功读取表 order_data，数据行数：24322]
2025-11-29 20:26:33,859 [INFO] [开始读取数据库表：sales_data]
2025-11-29 20:26:40,172 [INFO] [成功读取表 sales_data，数据行数：26666]
2025-11-29 20:26:42,247 [INFO] [开始读取数据库表：jingpin_data]
2025-11-29 20:26:42,538 [INFO] [成功读取表 jingpin_data，数据行数：4738]
2025-11-29 20:26:42,616 [INFO] [开始读取数据库表：inventory_data]
2025-11-29 20:26:43,179 [INFO] [成功读取表 inventory_data，数据行数：6115]
2025-11-29 20:26:43,186 [INFO] [开始读取数据库表：tuiding_data]
2025-11-29 20:26:43,412 [INFO] [成功读取表 tuiding_data，数据行数：4379]
2025-11-29 20:26:43,413 [INFO] [开始读取数据库表：debit_data]
2025-11-29 20:26:45,514 [INFO] [成功读取表 debit_data，数据行数：26184]
2025-11-29 20:26:45,898 [INFO] [开始读取数据库表：sales_invoice_data]
2025-11-29 20:26:47,209 [INFO] [成功读取表 sales_invoice_data，数据行数：19277]
2025-11-29 20:56:41,807 [INFO] [数据库引擎创建成功]
2025-11-29 20:56:41,808 [INFO] [开始读取数据库表：order_data]
2025-11-29 20:56:43,504 [INFO] [成功读取表 order_data，数据行数：24323]
2025-11-29 20:56:43,856 [INFO] [开始读取数据库表：sales_data]
2025-11-29 20:56:50,103 [INFO] [成功读取表 sales_data，数据行数：26666]
2025-11-29 20:56:52,117 [INFO] [开始读取数据库表：jingpin_data]
2025-11-29 20:56:52,385 [INFO] [成功读取表 jingpin_data，数据行数：4738]
2025-11-29 20:56:52,454 [INFO] [开始读取数据库表：inventory_data]
2025-11-29 20:56:52,980 [INFO] [成功读取表 inventory_data，数据行数：6115]
2025-11-29 20:56:52,980 [INFO] [开始读取数据库表：tuiding_data]
2025-11-29 20:56:53,196 [INFO] [成功读取表 tuiding_data，数据行数：4379]
2025-11-29 20:56:53,197 [INFO] [开始读取数据库表：debit_data]
2025-11-29 20:56:55,250 [INFO] [成功读取表 debit_data，数据行数：26184]
2025-11-29 20:56:55,659 [INFO] [开始读取数据库表：sales_invoice_data]
2025-11-29 20:56:56,901 [INFO] [成功读取表 sales_invoice_data，数据行数：19277]
2025-11-29 21:26:41,265 [INFO] [数据库引擎创建成功]
2025-11-29 21:26:41,265 [INFO] [开始读取数据库表：order_data]
2025-11-29 21:26:42,857 [INFO] [成功读取表 order_data，数据行数：24323]
2025-11-29 21:26:43,179 [INFO] [开始读取数据库表：sales_data]
2025-11-29 21:26:49,458 [INFO] [成功读取表 sales_data，数据行数：26666]
2025-11-29 21:26:51,554 [INFO] [开始读取数据库表：jingpin_data]
2025-11-29 21:26:51,836 [INFO] [成功读取表 jingpin_data，数据行数：4738]
2025-11-29 21:26:51,912 [INFO] [开始读取数据库表：inventory_data]
2025-11-29 21:26:52,461 [INFO] [成功读取表 inventory_data，数据行数：6115]
2025-11-29 21:26:52,461 [INFO] [开始读取数据库表：tuiding_data]
2025-11-29 21:26:52,688 [INFO] [成功读取表 tuiding_data，数据行数：4379]
2025-11-29 21:26:52,688 [INFO] [开始读取数据库表：debit_data]
2025-11-29 21:26:54,725 [INFO] [成功读取表 debit_data，数据行数：26184]
2025-11-29 21:26:55,161 [INFO] [开始读取数据库表：sales_invoice_data]
2025-11-29 21:26:56,468 [INFO] [成功读取表 sales_invoice_data，数据行数：19277]
2025-11-29 21:56:31,306 [INFO] [数据库引擎创建成功]
2025-11-29 21:56:31,306 [INFO] [开始读取数据库表：order_data]
2025-11-29 21:56:32,964 [INFO] [成功读取表 order_data，数据行数：24323]
2025-11-29 21:56:33,306 [INFO] [开始读取数据库表：sales_data]
2025-11-29 21:56:39,704 [INFO] [成功读取表 sales_data，数据行数：26666]
2025-11-29 21:56:41,799 [INFO] [开始读取数据库表：jingpin_data]
2025-11-29 21:56:42,063 [INFO] [成功读取表 jingpin_data，数据行数：4738]
2025-11-29 21:56:42,127 [INFO] [开始读取数据库表：inventory_data]
2025-11-29 21:56:42,761 [INFO] [成功读取表 inventory_data，数据行数：6115]
2025-11-29 21:56:42,762 [INFO] [开始读取数据库表：tuiding_data]
2025-11-29 21:56:42,996 [INFO] [成功读取表 tuiding_data，数据行数：4379]
2025-11-29 21:56:42,996 [INFO] [开始读取数据库表：debit_data]
2025-11-29 21:56:45,002 [INFO] [成功读取表 debit_data，数据行数：26184]
2025-11-29 21:56:45,389 [INFO] [开始读取数据库表：sales_invoice_data]
2025-11-29 21:56:46,697 [INFO] [成功读取表 sales_invoice_data，数据行数：19277]
2025-11-29 22:26:51,204 [INFO] [数据库引擎创建成功]
2025-11-29 22:26:51,204 [INFO] [开始读取数据库表：order_data]
2025-11-29 22:26:52,786 [INFO] [成功读取表 order_data，数据行数：24323]
2025-11-29 22:26:53,124 [INFO] [开始读取数据库表：sales_data]
2025-11-29 22:26:59,390 [INFO] [成功读取表 sales_data，数据行数：26670]
2025-11-29 22:27:01,588 [INFO] [开始读取数据库表：jingpin_data]
2025-11-29 22:27:01,844 [INFO] [成功读取表 jingpin_data，数据行数：4738]
2025-11-29 22:27:01,904 [INFO] [开始读取数据库表：inventory_data]
2025-11-29 22:27:02,462 [INFO] [成功读取表 inventory_data，数据行数：6111]
2025-11-29 22:27:02,462 [INFO] [开始读取数据库表：tuiding_data]
2025-11-29 22:27:02,686 [INFO] [成功读取表 tuiding_data，数据行数：4379]
2025-11-29 22:27:02,687 [INFO] [开始读取数据库表：debit_data]
2025-11-29 22:27:04,760 [INFO] [成功读取表 debit_data，数据行数：26184]
2025-11-29 22:27:05,153 [INFO] [开始读取数据库表：sales_invoice_data]
2025-11-29 22:27:06,389 [INFO] [成功读取表 sales_invoice_data，数据行数：19281]
2025-11-29 22:56:39,365 [INFO] [数据库引擎创建成功]
2025-11-29 22:56:39,365 [INFO] [开始读取数据库表：order_data]
2025-11-29 22:56:40,970 [INFO] [成功读取表 order_data，数据行数：24323]
2025-11-29 22:56:41,301 [INFO] [开始读取数据库表：sales_data]
2025-11-29 22:56:47,442 [INFO] [成功读取表 sales_data，数据行数：26674]
2025-11-29 22:56:49,602 [INFO] [开始读取数据库表：jingpin_data]
2025-11-29 22:56:49,872 [INFO] [成功读取表 jingpin_data，数据行数：4738]
2025-11-29 22:56:49,956 [INFO] [开始读取数据库表：inventory_data]
2025-11-29 22:56:50,491 [INFO] [成功读取表 inventory_data，数据行数：6108]
2025-11-29 22:56:50,492 [INFO] [开始读取数据库表：tuiding_data]
2025-11-29 22:56:50,712 [INFO] [成功读取表 tuiding_data，数据行数：4379]
2025-11-29 22:56:50,712 [INFO] [开始读取数据库表：debit_data]
2025-11-29 22:56:52,726 [INFO] [成功读取表 debit_data，数据行数：26185]
2025-11-29 22:56:53,116 [INFO] [开始读取数据库表：sales_invoice_data]
2025-11-29 22:56:54,367 [INFO] [成功读取表 sales_invoice_data，数据行数：19285]
2025-11-29 23:26:29,207 [INFO] [数据库引擎创建成功]
2025-11-29 23:26:29,207 [INFO] [开始读取数据库表：order_data]
2025-11-29 23:26:30,719 [INFO] [成功读取表 order_data，数据行数：24324]
2025-11-29 23:26:31,099 [INFO] [开始读取数据库表：sales_data]
2025-11-29 23:26:37,459 [INFO] [成功读取表 sales_data，数据行数：26674]
2025-11-29 23:26:39,580 [INFO] [开始读取数据库表：jingpin_data]
2025-11-29 23:26:39,859 [INFO] [成功读取表 jingpin_data，数据行数：4738]
2025-11-29 23:26:39,916 [INFO] [开始读取数据库表：inventory_data]
2025-11-29 23:26:40,350 [INFO] [成功读取表 inventory_data，数据行数：4916]
2025-11-29 23:26:40,350 [INFO] [开始读取数据库表：tuiding_data]
2025-11-29 23:26:40,607 [INFO] [成功读取表 tuiding_data，数据行数：4379]
2025-11-29 23:26:40,607 [INFO] [开始读取数据库表：debit_data]
2025-11-29 23:26:42,561 [INFO] [成功读取表 debit_data，数据行数：26226]
2025-11-29 23:26:42,953 [INFO] [开始读取数据库表：sales_invoice_data]
2025-11-29 23:26:44,237 [INFO] [成功读取表 sales_invoice_data，数据行数：19285]
2025-11-29 23:56:35,464 [INFO] [数据库引擎创建成功]
2025-11-29 23:56:35,464 [INFO] [开始读取数据库表：order_data]
2025-11-29 23:56:37,065 [INFO] [成功读取表 order_data，数据行数：24324]
2025-11-29 23:56:37,408 [INFO] [开始读取数据库表：sales_data]
2025-11-29 23:56:43,645 [INFO] [成功读取表 sales_data，数据行数：26674]
2025-11-29 23:56:45,698 [INFO] [开始读取数据库表：jingpin_data]
2025-11-29 23:56:45,966 [INFO] [成功读取表 jingpin_data，数据行数：4738]
2025-11-29 23:56:46,028 [INFO] [开始读取数据库表：inventory_data]
2025-11-29 23:56:46,596 [INFO] [成功读取表 inventory_data，数据行数：6108]
2025-11-29 23:56:46,596 [INFO] [开始读取数据库表：tuiding_data]
2025-11-29 23:56:46,813 [INFO] [成功读取表 tuiding_data，数据行数：4379]
2025-11-29 23:56:46,813 [INFO] [开始读取数据库表：debit_data]
2025-11-29 23:56:48,856 [INFO] [成功读取表 debit_data，数据行数：26248]
2025-11-29 23:56:49,243 [INFO] [开始读取数据库表：sales_invoice_data]
2025-11-29 23:56:50,543 [INFO] [成功读取表 sales_invoice_data，数据行数：19285]
