2025-12-09 08:58:36,800 [INFO] [数据库引擎创建成功]
2025-12-09 08:58:36,800 [INFO] [开始读取数据库表：order_data]
2025-12-09 08:58:38,566 [INFO] [成功读取表 order_data，数据行数：25222]
2025-12-09 08:58:38,920 [INFO] [开始读取数据库表：sales_data]
2025-12-09 08:58:45,818 [INFO] [成功读取表 sales_data，数据行数：27662]
2025-12-09 08:58:47,861 [INFO] [开始读取数据库表：jingpin_data]
2025-12-09 08:58:48,187 [INFO] [成功读取表 jingpin_data，数据行数：5029]
2025-12-09 08:58:48,286 [INFO] [开始读取数据库表：inventory_data]
2025-12-09 08:58:48,834 [INFO] [成功读取表 inventory_data，数据行数：5498]
2025-12-09 08:58:48,835 [INFO] [开始读取数据库表：tuiding_data]
2025-12-09 08:58:49,113 [INFO] [成功读取表 tuiding_data，数据行数：4555]
2025-12-09 08:58:49,113 [INFO] [开始读取数据库表：debit_data]
2025-12-09 08:58:51,264 [INFO] [成功读取表 debit_data，数据行数：26439]
2025-12-09 08:58:51,663 [INFO] [开始读取数据库表：sales_invoice_data]
2025-12-09 08:58:53,090 [INFO] [成功读取表 sales_invoice_data，数据行数：20167]
2025-12-09 09:27:31,595 [INFO] [数据库引擎创建成功]
2025-12-09 09:27:31,596 [INFO] [开始读取数据库表：order_data]
2025-12-09 09:27:33,219 [INFO] [成功读取表 order_data，数据行数：25224]
2025-12-09 09:27:33,554 [INFO] [开始读取数据库表：sales_data]
2025-12-09 09:27:40,379 [INFO] [成功读取表 sales_data，数据行数：27666]
2025-12-09 09:27:42,348 [INFO] [开始读取数据库表：jingpin_data]
2025-12-09 09:27:42,664 [INFO] [成功读取表 jingpin_data，数据行数：5033]
2025-12-09 09:27:42,731 [INFO] [开始读取数据库表：inventory_data]
2025-12-09 09:27:43,265 [INFO] [成功读取表 inventory_data，数据行数：5494]
2025-12-09 09:27:43,265 [INFO] [开始读取数据库表：tuiding_data]
2025-12-09 09:27:43,521 [INFO] [成功读取表 tuiding_data，数据行数：4555]
2025-12-09 09:27:43,522 [INFO] [开始读取数据库表：debit_data]
2025-12-09 09:27:45,710 [INFO] [成功读取表 debit_data，数据行数：26439]
2025-12-09 09:27:46,091 [INFO] [开始读取数据库表：sales_invoice_data]
2025-12-09 09:27:47,519 [INFO] [成功读取表 sales_invoice_data，数据行数：20171]
2025-12-09 09:58:40,912 [INFO] [数据库引擎创建成功]
2025-12-09 09:58:40,912 [INFO] [开始读取数据库表：order_data]
2025-12-09 09:58:42,847 [INFO] [成功读取表 order_data，数据行数：25225]
2025-12-09 09:58:43,177 [INFO] [开始读取数据库表：sales_data]
2025-12-09 09:58:49,986 [INFO] [成功读取表 sales_data，数据行数：27672]
2025-12-09 09:58:51,967 [INFO] [开始读取数据库表：jingpin_data]
2025-12-09 09:58:52,269 [INFO] [成功读取表 jingpin_data，数据行数：5033]
2025-12-09 09:58:52,338 [INFO] [开始读取数据库表：inventory_data]
2025-12-09 09:58:52,862 [INFO] [成功读取表 inventory_data，数据行数：5488]
2025-12-09 09:58:52,862 [INFO] [开始读取数据库表：tuiding_data]
2025-12-09 09:58:53,066 [INFO] [成功读取表 tuiding_data，数据行数：4558]
2025-12-09 09:58:53,066 [INFO] [开始读取数据库表：debit_data]
2025-12-09 09:58:55,219 [INFO] [成功读取表 debit_data，数据行数：26439]
2025-12-09 09:58:55,612 [INFO] [开始读取数据库表：sales_invoice_data]
2025-12-09 09:58:57,021 [INFO] [成功读取表 sales_invoice_data，数据行数：20176]
2025-12-09 10:29:10,840 [INFO] [数据库引擎创建成功]
2025-12-09 10:29:10,841 [INFO] [开始读取数据库表：order_data]
2025-12-09 10:29:12,679 [INFO] [成功读取表 order_data，数据行数：25236]
2025-12-09 10:29:13,006 [INFO] [开始读取数据库表：sales_data]
2025-12-09 10:29:19,731 [INFO] [成功读取表 sales_data，数据行数：27674]
2025-12-09 10:29:21,713 [INFO] [开始读取数据库表：jingpin_data]
2025-12-09 10:29:22,011 [INFO] [成功读取表 jingpin_data，数据行数：5033]
2025-12-09 10:29:22,087 [INFO] [开始读取数据库表：inventory_data]
2025-12-09 10:29:22,612 [INFO] [成功读取表 inventory_data，数据行数：5485]
2025-12-09 10:29:22,613 [INFO] [开始读取数据库表：tuiding_data]
2025-12-09 10:29:22,857 [INFO] [成功读取表 tuiding_data，数据行数：4559]
2025-12-09 10:29:22,858 [INFO] [开始读取数据库表：debit_data]
2025-12-09 10:29:25,010 [INFO] [成功读取表 debit_data，数据行数：26439]
2025-12-09 10:29:25,393 [INFO] [开始读取数据库表：sales_invoice_data]
2025-12-09 10:29:26,820 [INFO] [成功读取表 sales_invoice_data，数据行数：20180]
2025-12-09 11:01:47,692 [INFO] [数据库引擎创建成功]
2025-12-09 11:01:47,693 [INFO] [开始读取数据库表：order_data]
2025-12-09 11:01:49,691 [INFO] [成功读取表 order_data，数据行数：25236]
2025-12-09 11:01:50,024 [INFO] [开始读取数据库表：sales_data]
2025-12-09 11:01:56,489 [INFO] [成功读取表 sales_data，数据行数：27683]
2025-12-09 11:01:58,498 [INFO] [开始读取数据库表：jingpin_data]
2025-12-09 11:01:58,794 [INFO] [成功读取表 jingpin_data，数据行数：5033]
2025-12-09 11:01:58,866 [INFO] [开始读取数据库表：inventory_data]
2025-12-09 11:01:59,392 [INFO] [成功读取表 inventory_data，数据行数：5475]
2025-12-09 11:01:59,392 [INFO] [开始读取数据库表：tuiding_data]
2025-12-09 11:01:59,635 [INFO] [成功读取表 tuiding_data，数据行数：4559]
2025-12-09 11:01:59,635 [INFO] [开始读取数据库表：debit_data]
2025-12-09 11:02:01,783 [INFO] [成功读取表 debit_data，数据行数：26439]
2025-12-09 11:02:02,156 [INFO] [开始读取数据库表：sales_invoice_data]
2025-12-09 11:02:03,584 [INFO] [成功读取表 sales_invoice_data，数据行数：20189]
2025-12-09 11:27:10,922 [INFO] [数据库引擎创建成功]
2025-12-09 11:27:10,923 [INFO] [开始读取数据库表：order_data]
2025-12-09 11:27:12,640 [INFO] [成功读取表 order_data，数据行数：25233]
2025-12-09 11:27:12,994 [INFO] [开始读取数据库表：sales_data]
2025-12-09 11:27:19,766 [INFO] [成功读取表 sales_data，数据行数：27689]
2025-12-09 11:27:21,861 [INFO] [开始读取数据库表：jingpin_data]
2025-12-09 11:27:22,179 [INFO] [成功读取表 jingpin_data，数据行数：5044]
2025-12-09 11:27:22,267 [INFO] [开始读取数据库表：inventory_data]
2025-12-09 11:27:22,791 [INFO] [成功读取表 inventory_data，数据行数：5471]
2025-12-09 11:27:22,791 [INFO] [开始读取数据库表：tuiding_data]
2025-12-09 11:27:23,045 [INFO] [成功读取表 tuiding_data，数据行数：4567]
2025-12-09 11:27:23,046 [INFO] [开始读取数据库表：debit_data]
2025-12-09 11:27:25,236 [INFO] [成功读取表 debit_data，数据行数：26439]
2025-12-09 11:27:25,650 [INFO] [开始读取数据库表：sales_invoice_data]
2025-12-09 11:27:27,072 [INFO] [成功读取表 sales_invoice_data，数据行数：20195]
2025-12-09 11:56:34,758 [INFO] [数据库引擎创建成功]
2025-12-09 11:56:34,758 [INFO] [开始读取数据库表：order_data]
2025-12-09 11:56:36,648 [INFO] [成功读取表 order_data，数据行数：25235]
2025-12-09 11:56:36,974 [INFO] [开始读取数据库表：sales_data]
2025-12-09 11:56:43,723 [INFO] [成功读取表 sales_data，数据行数：27695]
2025-12-09 11:56:45,707 [INFO] [开始读取数据库表：jingpin_data]
2025-12-09 11:56:46,010 [INFO] [成功读取表 jingpin_data，数据行数：5044]
2025-12-09 11:56:46,085 [INFO] [开始读取数据库表：inventory_data]
2025-12-09 11:56:46,621 [INFO] [成功读取表 inventory_data，数据行数：5465]
2025-12-09 11:56:46,621 [INFO] [开始读取数据库表：tuiding_data]
2025-12-09 11:56:46,882 [INFO] [成功读取表 tuiding_data，数据行数：4569]
2025-12-09 11:56:46,882 [INFO] [开始读取数据库表：debit_data]
2025-12-09 11:56:49,034 [INFO] [成功读取表 debit_data，数据行数：26439]
2025-12-09 11:56:49,425 [INFO] [开始读取数据库表：sales_invoice_data]
2025-12-09 11:56:50,855 [INFO] [成功读取表 sales_invoice_data，数据行数：20202]
2025-12-09 12:26:43,017 [INFO] [数据库引擎创建成功]
2025-12-09 12:26:43,017 [INFO] [开始读取数据库表：order_data]
2025-12-09 12:26:44,914 [INFO] [成功读取表 order_data，数据行数：25239]
2025-12-09 12:26:45,251 [INFO] [开始读取数据库表：sales_data]
2025-12-09 12:26:52,093 [INFO] [成功读取表 sales_data，数据行数：27694]
2025-12-09 12:26:54,064 [INFO] [开始读取数据库表：jingpin_data]
2025-12-09 12:26:54,370 [INFO] [成功读取表 jingpin_data，数据行数：5044]
2025-12-09 12:26:54,448 [INFO] [开始读取数据库表：inventory_data]
2025-12-09 12:26:54,853 [INFO] [成功读取表 inventory_data，数据行数：4482]
2025-12-09 12:26:54,853 [INFO] [开始读取数据库表：tuiding_data]
2025-12-09 12:26:55,104 [INFO] [成功读取表 tuiding_data，数据行数：4569]
2025-12-09 12:26:55,104 [INFO] [开始读取数据库表：debit_data]
2025-12-09 12:26:57,325 [INFO] [成功读取表 debit_data，数据行数：26556]
2025-12-09 12:26:57,709 [INFO] [开始读取数据库表：sales_invoice_data]
2025-12-09 12:26:59,105 [INFO] [成功读取表 sales_invoice_data，数据行数：20203]
2025-12-09 12:57:30,164 [INFO] [数据库引擎创建成功]
2025-12-09 12:57:30,164 [INFO] [开始读取数据库表：order_data]
2025-12-09 12:57:31,742 [INFO] [成功读取表 order_data，数据行数：25245]
2025-12-09 12:57:32,082 [INFO] [开始读取数据库表：sales_data]
2025-12-09 12:57:38,880 [INFO] [成功读取表 sales_data，数据行数：27703]
2025-12-09 12:57:40,863 [INFO] [开始读取数据库表：jingpin_data]
2025-12-09 12:57:41,174 [INFO] [成功读取表 jingpin_data，数据行数：5044]
2025-12-09 12:57:41,249 [INFO] [开始读取数据库表：inventory_data]
2025-12-09 12:57:41,801 [INFO] [成功读取表 inventory_data，数据行数：5454]
2025-12-09 12:57:41,801 [INFO] [开始读取数据库表：tuiding_data]
2025-12-09 12:57:42,107 [INFO] [成功读取表 tuiding_data，数据行数：4569]
2025-12-09 12:57:42,107 [INFO] [开始读取数据库表：debit_data]
2025-12-09 12:57:44,361 [INFO] [成功读取表 debit_data，数据行数：26565]
2025-12-09 12:57:44,741 [INFO] [开始读取数据库表：sales_invoice_data]
2025-12-09 12:57:46,237 [INFO] [成功读取表 sales_invoice_data，数据行数：20212]
2025-12-09 13:28:52,301 [INFO] [数据库引擎创建成功]
2025-12-09 13:28:52,301 [INFO] [开始读取数据库表：order_data]
2025-12-09 13:28:53,860 [INFO] [成功读取表 order_data，数据行数：25247]
2025-12-09 13:28:54,188 [INFO] [开始读取数据库表：sales_data]
2025-12-09 13:29:01,060 [INFO] [成功读取表 sales_data，数据行数：27708]
2025-12-09 13:29:03,026 [INFO] [开始读取数据库表：jingpin_data]
2025-12-09 13:29:03,339 [INFO] [成功读取表 jingpin_data，数据行数：5046]
2025-12-09 13:29:03,412 [INFO] [开始读取数据库表：inventory_data]
2025-12-09 13:29:03,946 [INFO] [成功读取表 inventory_data，数据行数：5452]
2025-12-09 13:29:03,947 [INFO] [开始读取数据库表：tuiding_data]
2025-12-09 13:29:04,200 [INFO] [成功读取表 tuiding_data，数据行数：4569]
2025-12-09 13:29:04,200 [INFO] [开始读取数据库表：debit_data]
2025-12-09 13:29:06,258 [INFO] [成功读取表 debit_data，数据行数：26565]
2025-12-09 13:29:06,644 [INFO] [开始读取数据库表：sales_invoice_data]
2025-12-09 13:29:08,079 [INFO] [成功读取表 sales_invoice_data，数据行数：20215]
2025-12-09 13:59:34,077 [INFO] [数据库引擎创建成功]
2025-12-09 13:59:34,077 [INFO] [开始读取数据库表：order_data]
2025-12-09 13:59:35,783 [INFO] [成功读取表 order_data，数据行数：25251]
2025-12-09 13:59:36,110 [INFO] [开始读取数据库表：sales_data]
2025-12-09 13:59:42,923 [INFO] [成功读取表 sales_data，数据行数：27717]
2025-12-09 13:59:44,890 [INFO] [开始读取数据库表：jingpin_data]
2025-12-09 13:59:45,196 [INFO] [成功读取表 jingpin_data，数据行数：5048]
2025-12-09 13:59:45,265 [INFO] [开始读取数据库表：inventory_data]
2025-12-09 13:59:45,795 [INFO] [成功读取表 inventory_data，数据行数：5442]
2025-12-09 13:59:45,796 [INFO] [开始读取数据库表：tuiding_data]
2025-12-09 13:59:46,085 [INFO] [成功读取表 tuiding_data，数据行数：4569]
2025-12-09 13:59:46,085 [INFO] [开始读取数据库表：debit_data]
2025-12-09 13:59:48,229 [INFO] [成功读取表 debit_data，数据行数：26565]
2025-12-09 13:59:48,615 [INFO] [开始读取数据库表：sales_invoice_data]
2025-12-09 13:59:49,988 [INFO] [成功读取表 sales_invoice_data，数据行数：20225]
2025-12-09 14:31:08,631 [INFO] [数据库引擎创建成功]
2025-12-09 14:31:08,631 [INFO] [开始读取数据库表：order_data]
2025-12-09 14:31:10,236 [INFO] [成功读取表 order_data，数据行数：25257]
2025-12-09 14:31:10,580 [INFO] [开始读取数据库表：sales_data]
2025-12-09 14:31:17,483 [INFO] [成功读取表 sales_data，数据行数：27733]
2025-12-09 14:31:19,427 [INFO] [开始读取数据库表：jingpin_data]
2025-12-09 14:31:19,746 [INFO] [成功读取表 jingpin_data，数据行数：5050]
2025-12-09 14:31:19,825 [INFO] [开始读取数据库表：inventory_data]
2025-12-09 14:31:20,243 [INFO] [成功读取表 inventory_data，数据行数：4470]
2025-12-09 14:31:20,243 [INFO] [开始读取数据库表：tuiding_data]
2025-12-09 14:31:20,503 [INFO] [成功读取表 tuiding_data，数据行数：4569]
2025-12-09 14:31:20,503 [INFO] [开始读取数据库表：debit_data]
2025-12-09 14:31:22,676 [INFO] [成功读取表 debit_data，数据行数：26565]
2025-12-09 14:31:23,055 [INFO] [开始读取数据库表：sales_invoice_data]
2025-12-09 14:31:24,459 [INFO] [成功读取表 sales_invoice_data，数据行数：20238]
2025-12-09 15:01:41,560 [INFO] [数据库引擎创建成功]
2025-12-09 15:01:41,560 [INFO] [开始读取数据库表：order_data]
2025-12-09 15:01:43,945 [INFO] [成功读取表 order_data，数据行数：25257]
2025-12-09 15:01:44,290 [INFO] [开始读取数据库表：sales_data]
2025-12-09 15:01:50,875 [INFO] [成功读取表 sales_data，数据行数：27736]
2025-12-09 15:01:52,892 [INFO] [开始读取数据库表：jingpin_data]
2025-12-09 15:01:53,186 [INFO] [成功读取表 jingpin_data，数据行数：5050]
2025-12-09 15:01:53,259 [INFO] [开始读取数据库表：inventory_data]
2025-12-09 15:01:53,802 [INFO] [成功读取表 inventory_data，数据行数：5422]
2025-12-09 15:01:53,802 [INFO] [开始读取数据库表：tuiding_data]
2025-12-09 15:01:54,075 [INFO] [成功读取表 tuiding_data，数据行数：4569]
2025-12-09 15:01:54,076 [INFO] [开始读取数据库表：debit_data]
2025-12-09 15:01:56,211 [INFO] [成功读取表 debit_data，数据行数：26565]
2025-12-09 15:01:56,619 [INFO] [开始读取数据库表：sales_invoice_data]
2025-12-09 15:01:58,050 [INFO] [成功读取表 sales_invoice_data，数据行数：20241]
2025-12-09 15:31:18,657 [INFO] [数据库引擎创建成功]
2025-12-09 15:31:18,657 [INFO] [开始读取数据库表：order_data]
2025-12-09 15:31:20,484 [INFO] [成功读取表 order_data，数据行数：25266]
2025-12-09 15:31:20,818 [INFO] [开始读取数据库表：sales_data]
2025-12-09 15:31:27,694 [INFO] [成功读取表 sales_data，数据行数：27744]
2025-12-09 15:31:29,678 [INFO] [开始读取数据库表：jingpin_data]
2025-12-09 15:31:30,007 [INFO] [成功读取表 jingpin_data，数据行数：5050]
2025-12-09 15:31:30,086 [INFO] [开始读取数据库表：inventory_data]
2025-12-09 15:31:30,667 [INFO] [成功读取表 inventory_data，数据行数：5417]
2025-12-09 15:31:30,667 [INFO] [开始读取数据库表：tuiding_data]
2025-12-09 15:31:30,907 [INFO] [成功读取表 tuiding_data，数据行数：4570]
2025-12-09 15:31:30,907 [INFO] [开始读取数据库表：debit_data]
2025-12-09 15:31:33,053 [INFO] [成功读取表 debit_data，数据行数：26565]
2025-12-09 15:31:33,440 [INFO] [开始读取数据库表：sales_invoice_data]
2025-12-09 15:31:34,962 [INFO] [成功读取表 sales_invoice_data，数据行数：20249]
2025-12-09 16:01:32,855 [INFO] [数据库引擎创建成功]
2025-12-09 16:01:32,855 [INFO] [开始读取数据库表：order_data]
2025-12-09 16:01:34,707 [INFO] [成功读取表 order_data，数据行数：25266]
2025-12-09 16:01:35,045 [INFO] [开始读取数据库表：sales_data]
2025-12-09 16:01:41,863 [INFO] [成功读取表 sales_data，数据行数：27763]
2025-12-09 16:01:43,851 [INFO] [开始读取数据库表：jingpin_data]
2025-12-09 16:01:44,164 [INFO] [成功读取表 jingpin_data，数据行数：5050]
2025-12-09 16:01:44,238 [INFO] [开始读取数据库表：inventory_data]
2025-12-09 16:01:44,813 [INFO] [成功读取表 inventory_data，数据行数：5399]
2025-12-09 16:01:44,813 [INFO] [开始读取数据库表：tuiding_data]
2025-12-09 16:01:45,077 [INFO] [成功读取表 tuiding_data，数据行数：4570]
2025-12-09 16:01:45,077 [INFO] [开始读取数据库表：debit_data]
2025-12-09 16:01:47,238 [INFO] [成功读取表 debit_data，数据行数：26565]
2025-12-09 16:01:47,622 [INFO] [开始读取数据库表：sales_invoice_data]
2025-12-09 16:01:49,117 [INFO] [成功读取表 sales_invoice_data，数据行数：20267]
2025-12-09 16:31:44,328 [INFO] [数据库引擎创建成功]
2025-12-09 16:31:44,328 [INFO] [开始读取数据库表：order_data]
2025-12-09 16:31:46,160 [INFO] [成功读取表 order_data，数据行数：25266]
2025-12-09 16:31:46,506 [INFO] [开始读取数据库表：sales_data]
2025-12-09 16:31:53,361 [INFO] [成功读取表 sales_data，数据行数：27770]
2025-12-09 16:31:55,360 [INFO] [开始读取数据库表：jingpin_data]
2025-12-09 16:31:55,684 [INFO] [成功读取表 jingpin_data，数据行数：5050]
2025-12-09 16:31:55,757 [INFO] [开始读取数据库表：inventory_data]
2025-12-09 16:31:56,334 [INFO] [成功读取表 inventory_data，数据行数：5393]
2025-12-09 16:31:56,334 [INFO] [开始读取数据库表：tuiding_data]
2025-12-09 16:31:56,597 [INFO] [成功读取表 tuiding_data，数据行数：4570]
2025-12-09 16:31:56,597 [INFO] [开始读取数据库表：debit_data]
2025-12-09 16:31:58,709 [INFO] [成功读取表 debit_data，数据行数：26565]
2025-12-09 16:31:59,111 [INFO] [开始读取数据库表：sales_invoice_data]
2025-12-09 16:32:00,605 [INFO] [成功读取表 sales_invoice_data，数据行数：20274]
2025-12-09 16:57:24,797 [INFO] [数据库引擎创建成功]
2025-12-09 16:57:24,797 [INFO] [开始读取数据库表：order_data]
2025-12-09 16:57:26,447 [INFO] [成功读取表 order_data，数据行数：25288]
2025-12-09 16:57:26,774 [INFO] [开始读取数据库表：sales_data]
2025-12-09 16:57:33,515 [INFO] [成功读取表 sales_data，数据行数：27784]
2025-12-09 16:57:35,484 [INFO] [开始读取数据库表：jingpin_data]
2025-12-09 16:57:35,797 [INFO] [成功读取表 jingpin_data，数据行数：5051]
2025-12-09 16:57:35,869 [INFO] [开始读取数据库表：inventory_data]
2025-12-09 16:57:36,447 [INFO] [成功读取表 inventory_data，数据行数：5382]
2025-12-09 16:57:36,447 [INFO] [开始读取数据库表：tuiding_data]
2025-12-09 16:57:36,707 [INFO] [成功读取表 tuiding_data，数据行数：4570]
2025-12-09 16:57:36,707 [INFO] [开始读取数据库表：debit_data]
2025-12-09 16:57:38,688 [INFO] [成功读取表 debit_data，数据行数：26565]
2025-12-09 16:57:39,039 [INFO] [开始读取数据库表：sales_invoice_data]
2025-12-09 16:57:40,431 [INFO] [成功读取表 sales_invoice_data，数据行数：20285]
2025-12-09 17:31:09,590 [INFO] [数据库引擎创建成功]
2025-12-09 17:31:09,590 [INFO] [开始读取数据库表：order_data]
2025-12-09 17:31:11,221 [INFO] [成功读取表 order_data，数据行数：25295]
2025-12-09 17:31:11,577 [INFO] [开始读取数据库表：sales_data]
2025-12-09 17:31:18,445 [INFO] [成功读取表 sales_data，数据行数：27796]
2025-12-09 17:31:20,432 [INFO] [开始读取数据库表：jingpin_data]
2025-12-09 17:31:20,801 [INFO] [成功读取表 jingpin_data，数据行数：5051]
2025-12-09 17:31:20,882 [INFO] [开始读取数据库表：inventory_data]
2025-12-09 17:31:21,409 [INFO] [成功读取表 inventory_data，数据行数：5371]
2025-12-09 17:31:21,409 [INFO] [开始读取数据库表：tuiding_data]
2025-12-09 17:31:21,658 [INFO] [成功读取表 tuiding_data，数据行数：4572]
2025-12-09 17:31:21,658 [INFO] [开始读取数据库表：debit_data]
2025-12-09 17:31:23,740 [INFO] [成功读取表 debit_data，数据行数：26565]
2025-12-09 17:31:24,128 [INFO] [开始读取数据库表：sales_invoice_data]
2025-12-09 17:31:25,600 [INFO] [成功读取表 sales_invoice_data，数据行数：20295]
2025-12-09 17:56:49,599 [INFO] [数据库引擎创建成功]
2025-12-09 17:56:49,599 [INFO] [开始读取数据库表：order_data]
2025-12-09 17:56:51,287 [INFO] [成功读取表 order_data，数据行数：25297]
2025-12-09 17:56:51,626 [INFO] [开始读取数据库表：sales_data]
2025-12-09 17:56:58,414 [INFO] [成功读取表 sales_data，数据行数：27809]
2025-12-09 17:57:00,421 [INFO] [开始读取数据库表：jingpin_data]
2025-12-09 17:57:00,795 [INFO] [成功读取表 jingpin_data，数据行数：5064]
2025-12-09 17:57:00,872 [INFO] [开始读取数据库表：inventory_data]
2025-12-09 17:57:01,401 [INFO] [成功读取表 inventory_data，数据行数：5360]
2025-12-09 17:57:01,401 [INFO] [开始读取数据库表：tuiding_data]
2025-12-09 17:57:01,645 [INFO] [成功读取表 tuiding_data，数据行数：4572]
2025-12-09 17:57:01,646 [INFO] [开始读取数据库表：debit_data]
2025-12-09 17:57:03,758 [INFO] [成功读取表 debit_data，数据行数：26565]
2025-12-09 17:57:04,149 [INFO] [开始读取数据库表：sales_invoice_data]
2025-12-09 17:57:05,640 [INFO] [成功读取表 sales_invoice_data，数据行数：20306]
2025-12-09 18:26:47,952 [INFO] [数据库引擎创建成功]
2025-12-09 18:26:47,953 [INFO] [开始读取数据库表：order_data]
2025-12-09 18:26:49,756 [INFO] [成功读取表 order_data，数据行数：25305]
2025-12-09 18:26:50,087 [INFO] [开始读取数据库表：sales_data]
2025-12-09 18:26:56,663 [INFO] [成功读取表 sales_data，数据行数：27823]
2025-12-09 18:26:58,647 [INFO] [开始读取数据库表：jingpin_data]
2025-12-09 18:26:59,024 [INFO] [成功读取表 jingpin_data，数据行数：5064]
2025-12-09 18:26:59,098 [INFO] [开始读取数据库表：inventory_data]
2025-12-09 18:26:59,632 [INFO] [成功读取表 inventory_data，数据行数：5352]
2025-12-09 18:26:59,632 [INFO] [开始读取数据库表：tuiding_data]
2025-12-09 18:26:59,904 [INFO] [成功读取表 tuiding_data，数据行数：4572]
2025-12-09 18:26:59,904 [INFO] [开始读取数据库表：debit_data]
2025-12-09 18:27:02,095 [INFO] [成功读取表 debit_data，数据行数：26565]
2025-12-09 18:27:02,492 [INFO] [开始读取数据库表：sales_invoice_data]
2025-12-09 18:27:04,026 [INFO] [成功读取表 sales_invoice_data，数据行数：20312]
2025-12-09 18:56:49,999 [INFO] [数据库引擎创建成功]
2025-12-09 18:56:50,000 [INFO] [开始读取数据库表：order_data]
2025-12-09 18:56:51,632 [INFO] [成功读取表 order_data，数据行数：25308]
2025-12-09 18:56:51,958 [INFO] [开始读取数据库表：sales_data]
2025-12-09 18:56:58,718 [INFO] [成功读取表 sales_data，数据行数：27823]
2025-12-09 18:57:00,762 [INFO] [开始读取数据库表：jingpin_data]
2025-12-09 18:57:01,127 [INFO] [成功读取表 jingpin_data，数据行数：5064]
2025-12-09 18:57:01,200 [INFO] [开始读取数据库表：inventory_data]
2025-12-09 18:57:01,689 [INFO] [成功读取表 inventory_data，数据行数：5352]
2025-12-09 18:57:01,690 [INFO] [开始读取数据库表：tuiding_data]
2025-12-09 18:57:01,891 [INFO] [成功读取表 tuiding_data，数据行数：4572]
2025-12-09 18:57:01,891 [INFO] [开始读取数据库表：debit_data]
2025-12-09 18:57:04,027 [INFO] [成功读取表 debit_data，数据行数：26565]
2025-12-09 18:57:04,412 [INFO] [开始读取数据库表：sales_invoice_data]
2025-12-09 18:57:05,861 [INFO] [成功读取表 sales_invoice_data，数据行数：20312]
2025-12-09 19:26:46,656 [INFO] [数据库引擎创建成功]
2025-12-09 19:26:46,657 [INFO] [开始读取数据库表：order_data]
2025-12-09 19:26:48,510 [INFO] [成功读取表 order_data，数据行数：25308]
2025-12-09 19:26:48,840 [INFO] [开始读取数据库表：sales_data]
2025-12-09 19:26:55,695 [INFO] [成功读取表 sales_data，数据行数：27823]
2025-12-09 19:26:57,699 [INFO] [开始读取数据库表：jingpin_data]
2025-12-09 19:26:58,055 [INFO] [成功读取表 jingpin_data，数据行数：5064]
2025-12-09 19:26:58,131 [INFO] [开始读取数据库表：inventory_data]
2025-12-09 19:26:58,657 [INFO] [成功读取表 inventory_data，数据行数：5352]
2025-12-09 19:26:58,657 [INFO] [开始读取数据库表：tuiding_data]
2025-12-09 19:26:58,912 [INFO] [成功读取表 tuiding_data，数据行数：4573]
2025-12-09 19:26:58,912 [INFO] [开始读取数据库表：debit_data]
2025-12-09 19:27:01,036 [INFO] [成功读取表 debit_data，数据行数：26565]
2025-12-09 19:27:01,427 [INFO] [开始读取数据库表：sales_invoice_data]
2025-12-09 19:27:02,898 [INFO] [成功读取表 sales_invoice_data，数据行数：20312]
2025-12-09 19:56:50,138 [INFO] [数据库引擎创建成功]
2025-12-09 19:56:50,138 [INFO] [开始读取数据库表：order_data]
2025-12-09 19:56:51,786 [INFO] [成功读取表 order_data，数据行数：25310]
2025-12-09 19:56:52,126 [INFO] [开始读取数据库表：sales_data]
2025-12-09 19:56:58,940 [INFO] [成功读取表 sales_data，数据行数：27823]
2025-12-09 19:57:00,937 [INFO] [开始读取数据库表：jingpin_data]
2025-12-09 19:57:01,303 [INFO] [成功读取表 jingpin_data，数据行数：5064]
2025-12-09 19:57:01,377 [INFO] [开始读取数据库表：inventory_data]
2025-12-09 19:57:01,901 [INFO] [成功读取表 inventory_data，数据行数：5352]
2025-12-09 19:57:01,901 [INFO] [开始读取数据库表：tuiding_data]
2025-12-09 19:57:02,167 [INFO] [成功读取表 tuiding_data，数据行数：4573]
2025-12-09 19:57:02,168 [INFO] [开始读取数据库表：debit_data]
2025-12-09 19:57:04,339 [INFO] [成功读取表 debit_data，数据行数：26565]
2025-12-09 19:57:04,724 [INFO] [开始读取数据库表：sales_invoice_data]
2025-12-09 19:57:06,230 [INFO] [成功读取表 sales_invoice_data，数据行数：20312]
2025-12-09 20:26:48,824 [INFO] [数据库引擎创建成功]
2025-12-09 20:26:48,825 [INFO] [开始读取数据库表：order_data]
2025-12-09 20:26:50,592 [INFO] [成功读取表 order_data，数据行数：25310]
2025-12-09 20:26:50,907 [INFO] [开始读取数据库表：sales_data]
2025-12-09 20:26:57,787 [INFO] [成功读取表 sales_data，数据行数：27823]
2025-12-09 20:26:59,755 [INFO] [开始读取数据库表：jingpin_data]
2025-12-09 20:27:00,120 [INFO] [成功读取表 jingpin_data，数据行数：5064]
2025-12-09 20:27:00,195 [INFO] [开始读取数据库表：inventory_data]
2025-12-09 20:27:00,722 [INFO] [成功读取表 inventory_data，数据行数：5352]
2025-12-09 20:27:00,722 [INFO] [开始读取数据库表：tuiding_data]
2025-12-09 20:27:00,987 [INFO] [成功读取表 tuiding_data，数据行数：4573]
2025-12-09 20:27:00,987 [INFO] [开始读取数据库表：debit_data]
2025-12-09 20:27:03,141 [INFO] [成功读取表 debit_data，数据行数：26565]
2025-12-09 20:27:03,528 [INFO] [开始读取数据库表：sales_invoice_data]
2025-12-09 20:27:05,009 [INFO] [成功读取表 sales_invoice_data，数据行数：20312]
2025-12-09 20:56:46,592 [INFO] [数据库引擎创建成功]
2025-12-09 20:56:46,593 [INFO] [开始读取数据库表：order_data]
2025-12-09 20:56:48,302 [INFO] [成功读取表 order_data，数据行数：25309]
2025-12-09 20:56:48,630 [INFO] [开始读取数据库表：sales_data]
2025-12-09 20:56:55,478 [INFO] [成功读取表 sales_data，数据行数：27823]
2025-12-09 20:56:57,484 [INFO] [开始读取数据库表：jingpin_data]
2025-12-09 20:56:57,826 [INFO] [成功读取表 jingpin_data，数据行数：5064]
2025-12-09 20:56:57,902 [INFO] [开始读取数据库表：inventory_data]
2025-12-09 20:56:58,398 [INFO] [成功读取表 inventory_data，数据行数：5352]
2025-12-09 20:56:58,398 [INFO] [开始读取数据库表：tuiding_data]
2025-12-09 20:56:58,654 [INFO] [成功读取表 tuiding_data，数据行数：4574]
2025-12-09 20:56:58,654 [INFO] [开始读取数据库表：debit_data]
2025-12-09 20:57:00,789 [INFO] [成功读取表 debit_data，数据行数：26565]
2025-12-09 20:57:01,197 [INFO] [开始读取数据库表：sales_invoice_data]
2025-12-09 20:57:02,688 [INFO] [成功读取表 sales_invoice_data，数据行数：20312]
2025-12-09 21:26:52,515 [INFO] [数据库引擎创建成功]
2025-12-09 21:26:52,516 [INFO] [开始读取数据库表：order_data]
2025-12-09 21:26:54,325 [INFO] [成功读取表 order_data，数据行数：25309]
2025-12-09 21:26:54,646 [INFO] [开始读取数据库表：sales_data]
2025-12-09 21:27:01,411 [INFO] [成功读取表 sales_data，数据行数：27823]
2025-12-09 21:27:03,386 [INFO] [开始读取数据库表：jingpin_data]
2025-12-09 21:27:03,752 [INFO] [成功读取表 jingpin_data，数据行数：5064]
2025-12-09 21:27:03,828 [INFO] [开始读取数据库表：inventory_data]
2025-12-09 21:27:04,355 [INFO] [成功读取表 inventory_data，数据行数：5352]
2025-12-09 21:27:04,355 [INFO] [开始读取数据库表：tuiding_data]
2025-12-09 21:27:04,615 [INFO] [成功读取表 tuiding_data，数据行数：4574]
2025-12-09 21:27:04,615 [INFO] [开始读取数据库表：debit_data]
2025-12-09 21:27:06,725 [INFO] [成功读取表 debit_data，数据行数：26565]
2025-12-09 21:27:07,109 [INFO] [开始读取数据库表：sales_invoice_data]
2025-12-09 21:27:08,612 [INFO] [成功读取表 sales_invoice_data，数据行数：20312]
2025-12-09 21:56:50,508 [INFO] [数据库引擎创建成功]
2025-12-09 21:56:50,508 [INFO] [开始读取数据库表：order_data]
2025-12-09 21:56:52,419 [INFO] [成功读取表 order_data，数据行数：25309]
2025-12-09 21:56:52,757 [INFO] [开始读取数据库表：sales_data]
2025-12-09 21:56:59,455 [INFO] [成功读取表 sales_data，数据行数：27823]
2025-12-09 21:57:01,519 [INFO] [开始读取数据库表：jingpin_data]
2025-12-09 21:57:01,888 [INFO] [成功读取表 jingpin_data，数据行数：5064]
2025-12-09 21:57:01,966 [INFO] [开始读取数据库表：inventory_data]
2025-12-09 21:57:02,501 [INFO] [成功读取表 inventory_data，数据行数：5352]
2025-12-09 21:57:02,502 [INFO] [开始读取数据库表：tuiding_data]
2025-12-09 21:57:02,749 [INFO] [成功读取表 tuiding_data，数据行数：4574]
2025-12-09 21:57:02,750 [INFO] [开始读取数据库表：debit_data]
2025-12-09 21:57:04,888 [INFO] [成功读取表 debit_data，数据行数：26615]
2025-12-09 21:57:05,295 [INFO] [开始读取数据库表：sales_invoice_data]
2025-12-09 21:57:06,777 [INFO] [成功读取表 sales_invoice_data，数据行数：20312]
2025-12-09 22:26:36,121 [INFO] [数据库引擎创建成功]
2025-12-09 22:26:36,121 [INFO] [开始读取数据库表：order_data]
2025-12-09 22:26:37,523 [INFO] [成功读取表 order_data，数据行数：25309]
2025-12-09 22:26:37,859 [INFO] [开始读取数据库表：sales_data]
2025-12-09 22:26:44,684 [INFO] [成功读取表 sales_data，数据行数：27823]
2025-12-09 22:26:46,680 [INFO] [开始读取数据库表：jingpin_data]
2025-12-09 22:26:47,034 [INFO] [成功读取表 jingpin_data，数据行数：5064]
2025-12-09 22:26:47,111 [INFO] [开始读取数据库表：inventory_data]
2025-12-09 22:26:47,635 [INFO] [成功读取表 inventory_data，数据行数：5352]
2025-12-09 22:26:47,636 [INFO] [开始读取数据库表：tuiding_data]
2025-12-09 22:26:47,889 [INFO] [成功读取表 tuiding_data，数据行数：4574]
2025-12-09 22:26:47,890 [INFO] [开始读取数据库表：debit_data]
2025-12-09 22:26:50,002 [INFO] [成功读取表 debit_data，数据行数：26615]
2025-12-09 22:26:50,398 [INFO] [开始读取数据库表：sales_invoice_data]
2025-12-09 22:26:51,838 [INFO] [成功读取表 sales_invoice_data，数据行数：20312]
2025-12-09 22:56:55,488 [INFO] [数据库引擎创建成功]
2025-12-09 22:56:55,488 [INFO] [开始读取数据库表：order_data]
2025-12-09 22:56:57,292 [INFO] [成功读取表 order_data，数据行数：25310]
2025-12-09 22:56:57,630 [INFO] [开始读取数据库表：sales_data]
2025-12-09 22:57:04,434 [INFO] [成功读取表 sales_data，数据行数：27823]
2025-12-09 22:57:06,452 [INFO] [开始读取数据库表：jingpin_data]
2025-12-09 22:57:06,794 [INFO] [成功读取表 jingpin_data，数据行数：5064]
2025-12-09 22:57:06,872 [INFO] [开始读取数据库表：inventory_data]
2025-12-09 22:57:07,372 [INFO] [成功读取表 inventory_data，数据行数：5352]
2025-12-09 22:57:07,372 [INFO] [开始读取数据库表：tuiding_data]
2025-12-09 22:57:07,631 [INFO] [成功读取表 tuiding_data，数据行数：4574]
2025-12-09 22:57:07,632 [INFO] [开始读取数据库表：debit_data]
2025-12-09 22:57:09,776 [INFO] [成功读取表 debit_data，数据行数：26615]
2025-12-09 22:57:10,162 [INFO] [开始读取数据库表：sales_invoice_data]
2025-12-09 22:57:11,653 [INFO] [成功读取表 sales_invoice_data，数据行数：20312]
2025-12-09 23:26:32,031 [INFO] [数据库引擎创建成功]
2025-12-09 23:26:32,032 [INFO] [开始读取数据库表：order_data]
2025-12-09 23:26:33,977 [INFO] [成功读取表 order_data，数据行数：25310]
2025-12-09 23:26:34,300 [INFO] [开始读取数据库表：sales_data]
2025-12-09 23:26:41,235 [INFO] [成功读取表 sales_data，数据行数：27823]
2025-12-09 23:26:43,220 [INFO] [开始读取数据库表：jingpin_data]
2025-12-09 23:26:43,576 [INFO] [成功读取表 jingpin_data，数据行数：5064]
2025-12-09 23:26:43,646 [INFO] [开始读取数据库表：inventory_data]
2025-12-09 23:26:44,161 [INFO] [成功读取表 inventory_data，数据行数：5352]
2025-12-09 23:26:44,161 [INFO] [开始读取数据库表：tuiding_data]
2025-12-09 23:26:44,416 [INFO] [成功读取表 tuiding_data，数据行数：4574]
2025-12-09 23:26:44,416 [INFO] [开始读取数据库表：debit_data]
2025-12-09 23:26:46,575 [INFO] [成功读取表 debit_data，数据行数：26615]
2025-12-09 23:26:46,965 [INFO] [开始读取数据库表：sales_invoice_data]
2025-12-09 23:26:48,444 [INFO] [成功读取表 sales_invoice_data，数据行数：20312]
2025-12-09 23:56:33,023 [INFO] [数据库引擎创建成功]
2025-12-09 23:56:33,023 [INFO] [开始读取数据库表：order_data]
2025-12-09 23:56:34,801 [INFO] [成功读取表 order_data，数据行数：25310]
2025-12-09 23:56:35,149 [INFO] [开始读取数据库表：sales_data]
2025-12-09 23:56:42,030 [INFO] [成功读取表 sales_data，数据行数：27823]
2025-12-09 23:56:44,000 [INFO] [开始读取数据库表：jingpin_data]
2025-12-09 23:56:44,337 [INFO] [成功读取表 jingpin_data，数据行数：5064]
2025-12-09 23:56:44,408 [INFO] [开始读取数据库表：inventory_data]
2025-12-09 23:56:44,912 [INFO] [成功读取表 inventory_data，数据行数：5352]
2025-12-09 23:56:44,912 [INFO] [开始读取数据库表：tuiding_data]
2025-12-09 23:56:45,167 [INFO] [成功读取表 tuiding_data，数据行数：4574]
2025-12-09 23:56:45,168 [INFO] [开始读取数据库表：debit_data]
2025-12-09 23:56:47,232 [INFO] [成功读取表 debit_data，数据行数：26615]
2025-12-09 23:56:47,613 [INFO] [开始读取数据库表：sales_invoice_data]
2025-12-09 23:56:49,116 [INFO] [成功读取表 sales_invoice_data，数据行数：20312]
