2025-10-20 00:27:30,390 [INFO] [数据库引擎创建成功]
2025-10-20 00:27:30,390 [INFO] [开始读取数据库表：order_data]
2025-10-20 00:27:30,763 [INFO] [成功读取表 order_data，数据行数：18675]
2025-10-20 00:27:30,904 [INFO] [开始读取数据库表：sales_data]
2025-10-20 00:27:33,549 [INFO] [成功读取表 sales_data，数据行数：22364]
2025-10-20 00:27:35,499 [INFO] [开始读取数据库表：jingpin_data]
2025-10-20 00:27:35,720 [INFO] [成功读取表 jingpin_data，数据行数：4360]
2025-10-20 00:27:35,787 [INFO] [开始读取数据库表：inventory_data]
2025-10-20 00:27:36,489 [INFO] [成功读取表 inventory_data，数据行数：7686]
2025-10-20 00:27:36,489 [INFO] [开始读取数据库表：tuiding_data]
2025-10-20 00:27:36,664 [INFO] [成功读取表 tuiding_data，数据行数：3245]
2025-10-20 00:27:36,664 [INFO] [开始读取数据库表：debit_data]
2025-10-20 00:27:37,829 [INFO] [成功读取表 debit_data，数据行数：15924]
2025-10-20 00:27:38,217 [INFO] [开始读取数据库表：sales_invoice_data]
2025-10-20 00:27:39,327 [INFO] [成功读取表 sales_invoice_data，数据行数：16598]
2025-10-20 00:57:46,592 [INFO] [数据库引擎创建成功]
2025-10-20 00:57:46,592 [INFO] [开始读取数据库表：order_data]
2025-10-20 00:57:46,941 [INFO] [成功读取表 order_data，数据行数：18675]
2025-10-20 00:57:47,069 [INFO] [开始读取数据库表：sales_data]
2025-10-20 00:57:49,736 [INFO] [成功读取表 sales_data，数据行数：22364]
2025-10-20 00:57:51,662 [INFO] [开始读取数据库表：jingpin_data]
2025-10-20 00:57:51,864 [INFO] [成功读取表 jingpin_data，数据行数：4360]
2025-10-20 00:57:51,931 [INFO] [开始读取数据库表：inventory_data]
2025-10-20 00:57:52,624 [INFO] [成功读取表 inventory_data，数据行数：7686]
2025-10-20 00:57:52,624 [INFO] [开始读取数据库表：tuiding_data]
2025-10-20 00:57:52,787 [INFO] [成功读取表 tuiding_data，数据行数：3245]
2025-10-20 00:57:52,787 [INFO] [开始读取数据库表：debit_data]
2025-10-20 00:57:53,934 [INFO] [成功读取表 debit_data，数据行数：15924]
2025-10-20 00:57:54,304 [INFO] [开始读取数据库表：sales_invoice_data]
2025-10-20 00:57:55,361 [INFO] [成功读取表 sales_invoice_data，数据行数：16598]
2025-10-20 01:27:40,849 [INFO] [数据库引擎创建成功]
2025-10-20 01:27:40,849 [INFO] [开始读取数据库表：order_data]
2025-10-20 01:27:41,197 [INFO] [成功读取表 order_data，数据行数：18676]
2025-10-20 01:27:41,318 [INFO] [开始读取数据库表：sales_data]
2025-10-20 01:27:43,670 [INFO] [成功读取表 sales_data，数据行数：22364]
2025-10-20 01:27:45,624 [INFO] [开始读取数据库表：jingpin_data]
2025-10-20 01:27:45,837 [INFO] [成功读取表 jingpin_data，数据行数：4360]
2025-10-20 01:27:45,893 [INFO] [开始读取数据库表：inventory_data]
2025-10-20 01:27:46,606 [INFO] [成功读取表 inventory_data，数据行数：7686]
2025-10-20 01:27:46,606 [INFO] [开始读取数据库表：tuiding_data]
2025-10-20 01:27:46,762 [INFO] [成功读取表 tuiding_data，数据行数：3245]
2025-10-20 01:27:46,762 [INFO] [开始读取数据库表：debit_data]
2025-10-20 01:27:47,956 [INFO] [成功读取表 debit_data，数据行数：15924]
2025-10-20 01:27:48,334 [INFO] [开始读取数据库表：sales_invoice_data]
2025-10-20 01:27:49,435 [INFO] [成功读取表 sales_invoice_data，数据行数：16599]
2025-10-20 01:57:46,952 [INFO] [数据库引擎创建成功]
2025-10-20 01:57:46,952 [INFO] [开始读取数据库表：order_data]
2025-10-20 01:57:47,360 [INFO] [成功读取表 order_data，数据行数：18676]
2025-10-20 01:57:47,514 [INFO] [开始读取数据库表：sales_data]
2025-10-20 01:57:50,846 [INFO] [成功读取表 sales_data，数据行数：22364]
2025-10-20 01:57:52,769 [INFO] [开始读取数据库表：jingpin_data]
2025-10-20 01:57:52,958 [INFO] [成功读取表 jingpin_data，数据行数：4360]
2025-10-20 01:57:53,019 [INFO] [开始读取数据库表：inventory_data]
2025-10-20 01:57:53,706 [INFO] [成功读取表 inventory_data，数据行数：7686]
2025-10-20 01:57:53,707 [INFO] [开始读取数据库表：tuiding_data]
2025-10-20 01:57:53,863 [INFO] [成功读取表 tuiding_data，数据行数：3245]
2025-10-20 01:57:53,863 [INFO] [开始读取数据库表：debit_data]
2025-10-20 01:57:54,969 [INFO] [成功读取表 debit_data，数据行数：15924]
2025-10-20 01:57:55,341 [INFO] [开始读取数据库表：sales_invoice_data]
2025-10-20 01:57:56,390 [INFO] [成功读取表 sales_invoice_data，数据行数：16599]
2025-10-20 02:27:45,608 [INFO] [数据库引擎创建成功]
2025-10-20 02:27:45,609 [INFO] [开始读取数据库表：order_data]
2025-10-20 02:27:46,003 [INFO] [成功读取表 order_data，数据行数：18677]
2025-10-20 02:27:46,134 [INFO] [开始读取数据库表：sales_data]
2025-10-20 02:27:48,617 [INFO] [成功读取表 sales_data，数据行数：22364]
2025-10-20 02:27:50,610 [INFO] [开始读取数据库表：jingpin_data]
2025-10-20 02:27:50,810 [INFO] [成功读取表 jingpin_data，数据行数：4360]
2025-10-20 02:27:50,874 [INFO] [开始读取数据库表：inventory_data]
2025-10-20 02:27:51,581 [INFO] [成功读取表 inventory_data，数据行数：7686]
2025-10-20 02:27:51,581 [INFO] [开始读取数据库表：tuiding_data]
2025-10-20 02:27:51,743 [INFO] [成功读取表 tuiding_data，数据行数：3245]
2025-10-20 02:27:51,743 [INFO] [开始读取数据库表：debit_data]
2025-10-20 02:27:52,950 [INFO] [成功读取表 debit_data，数据行数：15924]
2025-10-20 02:27:53,341 [INFO] [开始读取数据库表：sales_invoice_data]
2025-10-20 02:27:54,440 [INFO] [成功读取表 sales_invoice_data，数据行数：16600]
2025-10-20 02:57:32,804 [INFO] [数据库引擎创建成功]
2025-10-20 02:57:32,804 [INFO] [开始读取数据库表：order_data]
2025-10-20 02:57:33,159 [INFO] [成功读取表 order_data，数据行数：18677]
2025-10-20 02:57:33,291 [INFO] [开始读取数据库表：sales_data]
2025-10-20 02:57:35,560 [INFO] [成功读取表 sales_data，数据行数：22364]
2025-10-20 02:57:37,575 [INFO] [开始读取数据库表：jingpin_data]
2025-10-20 02:57:37,804 [INFO] [成功读取表 jingpin_data，数据行数：4360]
2025-10-20 02:57:37,867 [INFO] [开始读取数据库表：inventory_data]
2025-10-20 02:57:38,598 [INFO] [成功读取表 inventory_data，数据行数：7686]
2025-10-20 02:57:38,598 [INFO] [开始读取数据库表：tuiding_data]
2025-10-20 02:57:38,769 [INFO] [成功读取表 tuiding_data，数据行数：3245]
2025-10-20 02:57:38,769 [INFO] [开始读取数据库表：debit_data]
2025-10-20 02:57:39,945 [INFO] [成功读取表 debit_data，数据行数：15924]
2025-10-20 02:57:40,332 [INFO] [开始读取数据库表：sales_invoice_data]
2025-10-20 02:57:41,437 [INFO] [成功读取表 sales_invoice_data，数据行数：16600]
2025-10-20 03:27:31,420 [INFO] [数据库引擎创建成功]
2025-10-20 03:27:31,421 [INFO] [开始读取数据库表：order_data]
2025-10-20 03:27:31,764 [INFO] [成功读取表 order_data，数据行数：18677]
2025-10-20 03:27:31,887 [INFO] [开始读取数据库表：sales_data]
2025-10-20 03:27:34,211 [INFO] [成功读取表 sales_data，数据行数：22364]
2025-10-20 03:27:36,203 [INFO] [开始读取数据库表：jingpin_data]
2025-10-20 03:27:36,428 [INFO] [成功读取表 jingpin_data，数据行数：4360]
2025-10-20 03:27:36,502 [INFO] [开始读取数据库表：inventory_data]
2025-10-20 03:27:37,212 [INFO] [成功读取表 inventory_data，数据行数：7686]
2025-10-20 03:27:37,212 [INFO] [开始读取数据库表：tuiding_data]
2025-10-20 03:27:37,363 [INFO] [成功读取表 tuiding_data，数据行数：3245]
2025-10-20 03:27:37,363 [INFO] [开始读取数据库表：debit_data]
2025-10-20 03:27:38,548 [INFO] [成功读取表 debit_data，数据行数：15924]
2025-10-20 03:27:38,936 [INFO] [开始读取数据库表：sales_invoice_data]
2025-10-20 03:27:40,022 [INFO] [成功读取表 sales_invoice_data，数据行数：16600]
2025-10-20 03:57:37,197 [INFO] [数据库引擎创建成功]
2025-10-20 03:57:37,197 [INFO] [开始读取数据库表：order_data]
2025-10-20 03:57:37,569 [INFO] [成功读取表 order_data，数据行数：18677]
2025-10-20 03:57:37,691 [INFO] [开始读取数据库表：sales_data]
2025-10-20 03:57:40,272 [INFO] [成功读取表 sales_data，数据行数：22364]
2025-10-20 03:57:42,277 [INFO] [开始读取数据库表：jingpin_data]
2025-10-20 03:57:42,490 [INFO] [成功读取表 jingpin_data，数据行数：4360]
2025-10-20 03:57:42,554 [INFO] [开始读取数据库表：inventory_data]
2025-10-20 03:57:43,257 [INFO] [成功读取表 inventory_data，数据行数：7686]
2025-10-20 03:57:43,257 [INFO] [开始读取数据库表：tuiding_data]
2025-10-20 03:57:43,417 [INFO] [成功读取表 tuiding_data，数据行数：3245]
2025-10-20 03:57:43,417 [INFO] [开始读取数据库表：debit_data]
2025-10-20 03:57:44,543 [INFO] [成功读取表 debit_data，数据行数：15924]
2025-10-20 03:57:44,936 [INFO] [开始读取数据库表：sales_invoice_data]
2025-10-20 03:57:45,996 [INFO] [成功读取表 sales_invoice_data，数据行数：16600]
2025-10-20 04:27:39,696 [INFO] [数据库引擎创建成功]
2025-10-20 04:27:39,696 [INFO] [开始读取数据库表：order_data]
2025-10-20 04:27:40,088 [INFO] [成功读取表 order_data，数据行数：18677]
2025-10-20 04:27:40,213 [INFO] [开始读取数据库表：sales_data]
2025-10-20 04:27:42,960 [INFO] [成功读取表 sales_data，数据行数：22364]
2025-10-20 04:27:44,944 [INFO] [开始读取数据库表：jingpin_data]
2025-10-20 04:27:45,161 [INFO] [成功读取表 jingpin_data，数据行数：4360]
2025-10-20 04:27:45,233 [INFO] [开始读取数据库表：inventory_data]
2025-10-20 04:27:45,935 [INFO] [成功读取表 inventory_data，数据行数：7686]
2025-10-20 04:27:45,935 [INFO] [开始读取数据库表：tuiding_data]
2025-10-20 04:27:46,096 [INFO] [成功读取表 tuiding_data，数据行数：3245]
2025-10-20 04:27:46,096 [INFO] [开始读取数据库表：debit_data]
2025-10-20 04:27:47,277 [INFO] [成功读取表 debit_data，数据行数：15924]
2025-10-20 04:27:47,664 [INFO] [开始读取数据库表：sales_invoice_data]
2025-10-20 04:27:48,765 [INFO] [成功读取表 sales_invoice_data，数据行数：16600]
2025-10-20 04:57:31,774 [INFO] [数据库引擎创建成功]
2025-10-20 04:57:31,774 [INFO] [开始读取数据库表：order_data]
2025-10-20 04:57:32,212 [INFO] [成功读取表 order_data，数据行数：18677]
2025-10-20 04:57:32,365 [INFO] [开始读取数据库表：sales_data]
2025-10-20 04:57:36,157 [INFO] [成功读取表 sales_data，数据行数：22364]
2025-10-20 04:57:38,068 [INFO] [开始读取数据库表：jingpin_data]
2025-10-20 04:57:38,291 [INFO] [成功读取表 jingpin_data，数据行数：4360]
2025-10-20 04:57:38,353 [INFO] [开始读取数据库表：inventory_data]
2025-10-20 04:57:39,057 [INFO] [成功读取表 inventory_data，数据行数：7686]
2025-10-20 04:57:39,057 [INFO] [开始读取数据库表：tuiding_data]
2025-10-20 04:57:39,218 [INFO] [成功读取表 tuiding_data，数据行数：3245]
2025-10-20 04:57:39,218 [INFO] [开始读取数据库表：debit_data]
2025-10-20 04:57:40,412 [INFO] [成功读取表 debit_data，数据行数：15924]
2025-10-20 04:57:40,795 [INFO] [开始读取数据库表：sales_invoice_data]
2025-10-20 04:57:41,880 [INFO] [成功读取表 sales_invoice_data，数据行数：16600]
2025-10-20 05:27:27,684 [INFO] [数据库引擎创建成功]
2025-10-20 05:27:27,684 [INFO] [开始读取数据库表：order_data]
2025-10-20 05:27:28,160 [INFO] [成功读取表 order_data，数据行数：18677]
2025-10-20 05:27:28,289 [INFO] [开始读取数据库表：sales_data]
2025-10-20 05:27:31,128 [INFO] [成功读取表 sales_data，数据行数：22364]
2025-10-20 05:27:33,054 [INFO] [开始读取数据库表：jingpin_data]
2025-10-20 05:27:33,278 [INFO] [成功读取表 jingpin_data，数据行数：4360]
2025-10-20 05:27:33,349 [INFO] [开始读取数据库表：inventory_data]
2025-10-20 05:27:34,060 [INFO] [成功读取表 inventory_data，数据行数：7686]
2025-10-20 05:27:34,060 [INFO] [开始读取数据库表：tuiding_data]
2025-10-20 05:27:34,225 [INFO] [成功读取表 tuiding_data，数据行数：3245]
2025-10-20 05:27:34,226 [INFO] [开始读取数据库表：debit_data]
2025-10-20 05:27:35,425 [INFO] [成功读取表 debit_data，数据行数：15924]
2025-10-20 05:27:35,800 [INFO] [开始读取数据库表：sales_invoice_data]
2025-10-20 05:27:36,910 [INFO] [成功读取表 sales_invoice_data，数据行数：16600]
2025-10-20 05:57:43,859 [INFO] [数据库引擎创建成功]
2025-10-20 05:57:43,859 [INFO] [开始读取数据库表：order_data]
2025-10-20 05:57:44,241 [INFO] [成功读取表 order_data，数据行数：18677]
2025-10-20 05:57:44,378 [INFO] [开始读取数据库表：sales_data]
2025-10-20 05:57:47,355 [INFO] [成功读取表 sales_data，数据行数：22364]
2025-10-20 05:57:49,308 [INFO] [开始读取数据库表：jingpin_data]
2025-10-20 05:57:49,504 [INFO] [成功读取表 jingpin_data，数据行数：4360]
2025-10-20 05:57:49,591 [INFO] [开始读取数据库表：inventory_data]
2025-10-20 05:57:50,251 [INFO] [成功读取表 inventory_data，数据行数：7686]
2025-10-20 05:57:50,252 [INFO] [开始读取数据库表：tuiding_data]
2025-10-20 05:57:50,399 [INFO] [成功读取表 tuiding_data，数据行数：3245]
2025-10-20 05:57:50,399 [INFO] [开始读取数据库表：debit_data]
2025-10-20 05:57:51,548 [INFO] [成功读取表 debit_data，数据行数：15924]
2025-10-20 05:57:51,946 [INFO] [开始读取数据库表：sales_invoice_data]
2025-10-20 05:57:52,991 [INFO] [成功读取表 sales_invoice_data，数据行数：16600]
2025-10-20 06:27:30,274 [INFO] [数据库引擎创建成功]
2025-10-20 06:27:30,274 [INFO] [开始读取数据库表：order_data]
2025-10-20 06:27:30,632 [INFO] [成功读取表 order_data，数据行数：18677]
2025-10-20 06:27:30,756 [INFO] [开始读取数据库表：sales_data]
2025-10-20 06:27:33,011 [INFO] [成功读取表 sales_data，数据行数：22364]
2025-10-20 06:27:34,983 [INFO] [开始读取数据库表：jingpin_data]
2025-10-20 06:27:35,193 [INFO] [成功读取表 jingpin_data，数据行数：4360]
2025-10-20 06:27:35,257 [INFO] [开始读取数据库表：inventory_data]
2025-10-20 06:27:35,939 [INFO] [成功读取表 inventory_data，数据行数：7686]
2025-10-20 06:27:35,939 [INFO] [开始读取数据库表：tuiding_data]
2025-10-20 06:27:36,100 [INFO] [成功读取表 tuiding_data，数据行数：3245]
2025-10-20 06:27:36,100 [INFO] [开始读取数据库表：debit_data]
2025-10-20 06:27:37,295 [INFO] [成功读取表 debit_data，数据行数：15924]
2025-10-20 06:27:37,691 [INFO] [开始读取数据库表：sales_invoice_data]
2025-10-20 06:27:38,825 [INFO] [成功读取表 sales_invoice_data，数据行数：16600]
2025-10-20 06:57:29,858 [INFO] [数据库引擎创建成功]
2025-10-20 06:57:29,858 [INFO] [开始读取数据库表：order_data]
2025-10-20 06:57:30,253 [INFO] [成功读取表 order_data，数据行数：18677]
2025-10-20 06:57:30,392 [INFO] [开始读取数据库表：sales_data]
2025-10-20 06:57:33,426 [INFO] [成功读取表 sales_data，数据行数：22364]
2025-10-20 06:57:35,433 [INFO] [开始读取数据库表：jingpin_data]
2025-10-20 06:57:35,641 [INFO] [成功读取表 jingpin_data，数据行数：4360]
2025-10-20 06:57:35,706 [INFO] [开始读取数据库表：inventory_data]
2025-10-20 06:57:36,404 [INFO] [成功读取表 inventory_data，数据行数：7686]
2025-10-20 06:57:36,404 [INFO] [开始读取数据库表：tuiding_data]
2025-10-20 06:57:36,565 [INFO] [成功读取表 tuiding_data，数据行数：3245]
2025-10-20 06:57:36,566 [INFO] [开始读取数据库表：debit_data]
2025-10-20 06:57:37,784 [INFO] [成功读取表 debit_data，数据行数：15924]
2025-10-20 06:57:38,165 [INFO] [开始读取数据库表：sales_invoice_data]
2025-10-20 06:57:39,257 [INFO] [成功读取表 sales_invoice_data，数据行数：16600]
2025-10-20 07:27:27,077 [INFO] [数据库引擎创建成功]
2025-10-20 07:27:27,077 [INFO] [开始读取数据库表：order_data]
2025-10-20 07:27:27,426 [INFO] [成功读取表 order_data，数据行数：18677]
2025-10-20 07:27:27,561 [INFO] [开始读取数据库表：sales_data]
2025-10-20 07:27:30,116 [INFO] [成功读取表 sales_data，数据行数：22364]
2025-10-20 07:27:32,052 [INFO] [开始读取数据库表：jingpin_data]
2025-10-20 07:27:32,278 [INFO] [成功读取表 jingpin_data，数据行数：4360]
2025-10-20 07:27:32,341 [INFO] [开始读取数据库表：inventory_data]
2025-10-20 07:27:33,050 [INFO] [成功读取表 inventory_data，数据行数：7686]
2025-10-20 07:27:33,051 [INFO] [开始读取数据库表：tuiding_data]
2025-10-20 07:27:33,215 [INFO] [成功读取表 tuiding_data，数据行数：3245]
2025-10-20 07:27:33,215 [INFO] [开始读取数据库表：debit_data]
2025-10-20 07:27:34,380 [INFO] [成功读取表 debit_data，数据行数：15924]
2025-10-20 07:27:34,743 [INFO] [开始读取数据库表：sales_invoice_data]
2025-10-20 07:27:35,822 [INFO] [成功读取表 sales_invoice_data，数据行数：16600]
2025-10-20 07:57:39,869 [INFO] [数据库引擎创建成功]
2025-10-20 07:57:39,869 [INFO] [开始读取数据库表：order_data]
2025-10-20 07:57:40,242 [INFO] [成功读取表 order_data，数据行数：18677]
2025-10-20 07:57:40,371 [INFO] [开始读取数据库表：sales_data]
2025-10-20 07:57:42,800 [INFO] [成功读取表 sales_data，数据行数：22364]
2025-10-20 07:57:44,737 [INFO] [开始读取数据库表：jingpin_data]
2025-10-20 07:57:44,937 [INFO] [成功读取表 jingpin_data，数据行数：4360]
2025-10-20 07:57:45,001 [INFO] [开始读取数据库表：inventory_data]
2025-10-20 07:57:45,692 [INFO] [成功读取表 inventory_data，数据行数：7686]
2025-10-20 07:57:45,693 [INFO] [开始读取数据库表：tuiding_data]
2025-10-20 07:57:45,850 [INFO] [成功读取表 tuiding_data，数据行数：3245]
2025-10-20 07:57:45,850 [INFO] [开始读取数据库表：debit_data]
2025-10-20 07:57:46,973 [INFO] [成功读取表 debit_data，数据行数：15924]
2025-10-20 07:57:47,344 [INFO] [开始读取数据库表：sales_invoice_data]
2025-10-20 07:57:48,412 [INFO] [成功读取表 sales_invoice_data，数据行数：16600]
2025-10-20 08:27:32,073 [INFO] [数据库引擎创建成功]
2025-10-20 08:27:32,073 [INFO] [开始读取数据库表：order_data]
2025-10-20 08:27:32,479 [INFO] [成功读取表 order_data，数据行数：18677]
2025-10-20 08:27:32,611 [INFO] [开始读取数据库表：sales_data]
2025-10-20 08:27:35,599 [INFO] [成功读取表 sales_data，数据行数：22364]
2025-10-20 08:27:37,644 [INFO] [开始读取数据库表：jingpin_data]
2025-10-20 08:27:37,855 [INFO] [成功读取表 jingpin_data，数据行数：4360]
2025-10-20 08:27:37,928 [INFO] [开始读取数据库表：inventory_data]
2025-10-20 08:27:38,638 [INFO] [成功读取表 inventory_data，数据行数：7686]
2025-10-20 08:27:38,639 [INFO] [开始读取数据库表：tuiding_data]
2025-10-20 08:27:38,797 [INFO] [成功读取表 tuiding_data，数据行数：3245]
2025-10-20 08:27:38,797 [INFO] [开始读取数据库表：debit_data]
2025-10-20 08:27:39,963 [INFO] [成功读取表 debit_data，数据行数：15924]
2025-10-20 08:27:40,347 [INFO] [开始读取数据库表：sales_invoice_data]
2025-10-20 08:27:41,456 [INFO] [成功读取表 sales_invoice_data，数据行数：16600]
2025-10-20 08:58:12,291 [INFO] [数据库引擎创建成功]
2025-10-20 08:58:12,291 [INFO] [开始读取数据库表：order_data]
2025-10-20 08:58:12,633 [INFO] [成功读取表 order_data，数据行数：18677]
2025-10-20 08:58:12,763 [INFO] [开始读取数据库表：sales_data]
2025-10-20 08:58:15,045 [INFO] [成功读取表 sales_data，数据行数：22364]
2025-10-20 08:58:16,956 [INFO] [开始读取数据库表：jingpin_data]
2025-10-20 08:58:17,153 [INFO] [成功读取表 jingpin_data，数据行数：4360]
2025-10-20 08:58:17,209 [INFO] [开始读取数据库表：inventory_data]
2025-10-20 08:58:17,889 [INFO] [成功读取表 inventory_data，数据行数：7686]
2025-10-20 08:58:17,889 [INFO] [开始读取数据库表：tuiding_data]
2025-10-20 08:58:18,044 [INFO] [成功读取表 tuiding_data，数据行数：3245]
2025-10-20 08:58:18,045 [INFO] [开始读取数据库表：debit_data]
2025-10-20 08:58:19,216 [INFO] [成功读取表 debit_data，数据行数：15925]
2025-10-20 08:58:19,586 [INFO] [开始读取数据库表：sales_invoice_data]
2025-10-20 08:58:20,671 [INFO] [成功读取表 sales_invoice_data，数据行数：16600]
2025-10-20 09:28:18,316 [INFO] [数据库引擎创建成功]
2025-10-20 09:28:18,316 [INFO] [开始读取数据库表：order_data]
2025-10-20 09:28:18,678 [INFO] [成功读取表 order_data，数据行数：18678]
2025-10-20 09:28:18,796 [INFO] [开始读取数据库表：sales_data]
2025-10-20 09:28:21,272 [INFO] [成功读取表 sales_data，数据行数：22364]
2025-10-20 09:28:24,744 [INFO] [开始读取数据库表：jingpin_data]
2025-10-20 09:28:24,989 [INFO] [成功读取表 jingpin_data，数据行数：4360]
2025-10-20 09:28:25,088 [INFO] [开始读取数据库表：inventory_data]
2025-10-20 09:28:25,885 [INFO] [成功读取表 inventory_data，数据行数：7686]
2025-10-20 09:28:25,886 [INFO] [开始读取数据库表：tuiding_data]
2025-10-20 09:28:26,075 [INFO] [成功读取表 tuiding_data，数据行数：3245]
2025-10-20 09:28:26,075 [INFO] [开始读取数据库表：debit_data]
2025-10-20 09:28:27,341 [INFO] [成功读取表 debit_data，数据行数：15925]
2025-10-20 09:28:27,681 [INFO] [开始读取数据库表：sales_invoice_data]
2025-10-20 09:28:28,843 [INFO] [成功读取表 sales_invoice_data，数据行数：16602]
2025-10-20 09:58:01,363 [INFO] [数据库引擎创建成功]
2025-10-20 09:58:01,363 [INFO] [开始读取数据库表：order_data]
2025-10-20 09:58:01,742 [INFO] [成功读取表 order_data，数据行数：18678]
2025-10-20 09:58:01,870 [INFO] [开始读取数据库表：sales_data]
2025-10-20 09:58:04,219 [INFO] [成功读取表 sales_data，数据行数：22365]
2025-10-20 09:58:06,157 [INFO] [开始读取数据库表：jingpin_data]
2025-10-20 09:58:06,362 [INFO] [成功读取表 jingpin_data，数据行数：4360]
2025-10-20 09:58:06,416 [INFO] [开始读取数据库表：inventory_data]
2025-10-20 09:58:07,094 [INFO] [成功读取表 inventory_data，数据行数：7686]
2025-10-20 09:58:07,094 [INFO] [开始读取数据库表：tuiding_data]
2025-10-20 09:58:07,258 [INFO] [成功读取表 tuiding_data，数据行数：3245]
2025-10-20 09:58:07,258 [INFO] [开始读取数据库表：debit_data]
2025-10-20 09:58:08,390 [INFO] [成功读取表 debit_data，数据行数：15925]
2025-10-20 09:58:08,678 [INFO] [开始读取数据库表：sales_invoice_data]
2025-10-20 09:58:09,752 [INFO] [成功读取表 sales_invoice_data，数据行数：16602]
2025-10-20 10:28:09,698 [INFO] [数据库引擎创建成功]
2025-10-20 10:28:09,698 [INFO] [开始读取数据库表：order_data]
2025-10-20 10:28:10,054 [INFO] [成功读取表 order_data，数据行数：18678]
2025-10-20 10:28:10,175 [INFO] [开始读取数据库表：sales_data]
2025-10-20 10:28:12,327 [INFO] [成功读取表 sales_data，数据行数：22365]
2025-10-20 10:28:14,377 [INFO] [开始读取数据库表：jingpin_data]
2025-10-20 10:28:14,589 [INFO] [成功读取表 jingpin_data，数据行数：4382]
2025-10-20 10:28:14,658 [INFO] [开始读取数据库表：inventory_data]
2025-10-20 10:28:15,381 [INFO] [成功读取表 inventory_data，数据行数：7687]
2025-10-20 10:28:15,381 [INFO] [开始读取数据库表：tuiding_data]
2025-10-20 10:28:15,548 [INFO] [成功读取表 tuiding_data，数据行数：3245]
2025-10-20 10:28:15,548 [INFO] [开始读取数据库表：debit_data]
2025-10-20 10:28:16,768 [INFO] [成功读取表 debit_data，数据行数：15925]
2025-10-20 10:28:17,146 [INFO] [开始读取数据库表：sales_invoice_data]
2025-10-20 10:28:18,256 [INFO] [成功读取表 sales_invoice_data，数据行数：16603]
2025-10-20 10:58:09,921 [INFO] [数据库引擎创建成功]
2025-10-20 10:58:09,921 [INFO] [开始读取数据库表：order_data]
2025-10-20 10:58:10,325 [INFO] [成功读取表 order_data，数据行数：18679]
2025-10-20 10:58:10,479 [INFO] [开始读取数据库表：sales_data]
2025-10-20 10:58:13,884 [INFO] [成功读取表 sales_data，数据行数：22365]
2025-10-20 10:58:15,839 [INFO] [开始读取数据库表：jingpin_data]
2025-10-20 10:58:16,051 [INFO] [成功读取表 jingpin_data，数据行数：4384]
2025-10-20 10:58:16,156 [INFO] [开始读取数据库表：inventory_data]
2025-10-20 10:58:16,830 [INFO] [成功读取表 inventory_data，数据行数：7687]
2025-10-20 10:58:16,830 [INFO] [开始读取数据库表：tuiding_data]
2025-10-20 10:58:16,998 [INFO] [成功读取表 tuiding_data，数据行数：3245]
2025-10-20 10:58:16,998 [INFO] [开始读取数据库表：debit_data]
2025-10-20 10:58:18,167 [INFO] [成功读取表 debit_data，数据行数：15925]
2025-10-20 10:58:18,552 [INFO] [开始读取数据库表：sales_invoice_data]
2025-10-20 10:58:19,616 [INFO] [成功读取表 sales_invoice_data，数据行数：16604]
2025-10-20 11:57:30,486 [INFO] [数据库引擎创建成功]
2025-10-20 11:57:30,487 [INFO] [开始读取数据库表：order_data]
2025-10-20 11:57:30,969 [INFO] [成功读取表 order_data，数据行数：18681]
2025-10-20 11:57:31,135 [INFO] [开始读取数据库表：sales_data]
2025-10-20 11:57:33,109 [INFO] [成功读取表 sales_data，数据行数：22367]
2025-10-20 11:57:34,009 [INFO] [开始读取数据库表：jingpin_data]
2025-10-20 11:57:34,076 [INFO] [成功读取表 jingpin_data，数据行数：4384]
2025-10-20 11:57:34,111 [INFO] [开始读取数据库表：inventory_data]
2025-10-20 11:57:34,380 [INFO] [成功读取表 inventory_data，数据行数：7687]
2025-10-20 11:57:34,381 [INFO] [开始读取数据库表：tuiding_data]
2025-10-20 11:57:34,438 [INFO] [成功读取表 tuiding_data，数据行数：3246]
2025-10-20 11:57:34,438 [INFO] [开始读取数据库表：debit_data]
2025-10-20 11:57:34,844 [INFO] [成功读取表 debit_data，数据行数：15925]
2025-10-20 11:57:35,101 [INFO] [开始读取数据库表：sales_invoice_data]
2025-10-20 11:57:37,352 [INFO] [成功读取表 sales_invoice_data，数据行数：16610]
2025-10-20 12:27:00,573 [INFO] [数据库引擎创建成功]
2025-10-20 12:27:00,573 [INFO] [开始读取数据库表：order_data]
2025-10-20 12:27:01,004 [INFO] [成功读取表 order_data，数据行数：18682]
2025-10-20 12:27:01,139 [INFO] [开始读取数据库表：sales_data]
2025-10-20 12:27:03,041 [INFO] [成功读取表 sales_data，数据行数：22373]
2025-10-20 12:27:03,839 [INFO] [开始读取数据库表：jingpin_data]
2025-10-20 12:27:03,904 [INFO] [成功读取表 jingpin_data，数据行数：4385]
2025-10-20 12:27:03,930 [INFO] [开始读取数据库表：inventory_data]
2025-10-20 12:27:04,213 [INFO] [成功读取表 inventory_data，数据行数：7693]
2025-10-20 12:27:04,213 [INFO] [开始读取数据库表：tuiding_data]
2025-10-20 12:27:04,272 [INFO] [成功读取表 tuiding_data，数据行数：3246]
2025-10-20 12:27:04,272 [INFO] [开始读取数据库表：debit_data]
2025-10-20 12:27:04,675 [INFO] [成功读取表 debit_data，数据行数：15928]
2025-10-20 12:27:04,828 [INFO] [开始读取数据库表：sales_invoice_data]
2025-10-20 12:27:05,201 [INFO] [成功读取表 sales_invoice_data，数据行数：16611]
2025-10-20 12:57:18,523 [INFO] [数据库引擎创建成功]
2025-10-20 12:57:18,524 [INFO] [开始读取数据库表：order_data]
2025-10-20 12:57:18,958 [INFO] [成功读取表 order_data，数据行数：18682]
2025-10-20 12:57:19,105 [INFO] [开始读取数据库表：sales_data]
2025-10-20 12:57:21,193 [INFO] [成功读取表 sales_data，数据行数：22373]
2025-10-20 12:57:22,070 [INFO] [开始读取数据库表：jingpin_data]
2025-10-20 12:57:22,140 [INFO] [成功读取表 jingpin_data，数据行数：4385]
2025-10-20 12:57:22,166 [INFO] [开始读取数据库表：inventory_data]
2025-10-20 12:57:22,421 [INFO] [成功读取表 inventory_data，数据行数：7693]
2025-10-20 12:57:22,421 [INFO] [开始读取数据库表：tuiding_data]
2025-10-20 12:57:22,476 [INFO] [成功读取表 tuiding_data，数据行数：3246]
2025-10-20 12:57:22,476 [INFO] [开始读取数据库表：debit_data]
2025-10-20 12:57:23,093 [INFO] [成功读取表 debit_data，数据行数：15928]
2025-10-20 12:57:23,312 [INFO] [开始读取数据库表：sales_invoice_data]
2025-10-20 12:57:23,814 [INFO] [成功读取表 sales_invoice_data，数据行数：16611]
2025-10-20 13:27:03,194 [INFO] [数据库引擎创建成功]
2025-10-20 13:27:03,194 [INFO] [开始读取数据库表：order_data]
2025-10-20 13:27:03,612 [INFO] [成功读取表 order_data，数据行数：18683]
2025-10-20 13:27:03,756 [INFO] [开始读取数据库表：sales_data]
2025-10-20 13:27:06,091 [INFO] [成功读取表 sales_data，数据行数：22376]
2025-10-20 13:27:06,988 [INFO] [开始读取数据库表：jingpin_data]
2025-10-20 13:27:07,062 [INFO] [成功读取表 jingpin_data，数据行数：4385]
2025-10-20 13:27:07,088 [INFO] [开始读取数据库表：inventory_data]
2025-10-20 13:27:07,346 [INFO] [成功读取表 inventory_data，数据行数：7693]
2025-10-20 13:27:07,346 [INFO] [开始读取数据库表：tuiding_data]
2025-10-20 13:27:07,400 [INFO] [成功读取表 tuiding_data，数据行数：3256]
2025-10-20 13:27:07,401 [INFO] [开始读取数据库表：debit_data]
2025-10-20 13:27:07,883 [INFO] [成功读取表 debit_data，数据行数：15928]
2025-10-20 13:27:08,040 [INFO] [开始读取数据库表：sales_invoice_data]
2025-10-20 13:27:08,389 [INFO] [成功读取表 sales_invoice_data，数据行数：16613]
2025-10-20 13:57:48,127 [INFO] [数据库引擎创建成功]
2025-10-20 13:57:48,127 [INFO] [开始读取数据库表：order_data]
2025-10-20 13:57:48,700 [INFO] [成功读取表 order_data，数据行数：18689]
2025-10-20 13:57:48,865 [INFO] [开始读取数据库表：sales_data]
2025-10-20 13:57:51,388 [INFO] [成功读取表 sales_data，数据行数：22377]
2025-10-20 13:57:52,426 [INFO] [开始读取数据库表：jingpin_data]
2025-10-20 13:57:52,510 [INFO] [成功读取表 jingpin_data，数据行数：4385]
2025-10-20 13:57:52,542 [INFO] [开始读取数据库表：inventory_data]
2025-10-20 13:57:52,996 [INFO] [成功读取表 inventory_data，数据行数：7693]
2025-10-20 13:57:52,996 [INFO] [开始读取数据库表：tuiding_data]
2025-10-20 13:57:53,137 [INFO] [成功读取表 tuiding_data，数据行数：3256]
2025-10-20 13:57:53,137 [INFO] [开始读取数据库表：debit_data]
2025-10-20 13:57:54,040 [INFO] [成功读取表 debit_data，数据行数：15928]
2025-10-20 13:57:54,317 [INFO] [开始读取数据库表：sales_invoice_data]
2025-10-20 13:57:55,111 [INFO] [成功读取表 sales_invoice_data，数据行数：16619]
2025-10-20 14:27:49,822 [INFO] [数据库引擎创建成功]
2025-10-20 14:27:49,823 [INFO] [开始读取数据库表：order_data]
2025-10-20 14:27:50,388 [INFO] [成功读取表 order_data，数据行数：18691]
2025-10-20 14:27:50,553 [INFO] [开始读取数据库表：sales_data]
2025-10-20 14:27:52,862 [INFO] [成功读取表 sales_data，数据行数：22378]
2025-10-20 14:27:53,961 [INFO] [开始读取数据库表：jingpin_data]
2025-10-20 14:27:54,045 [INFO] [成功读取表 jingpin_data，数据行数：4385]
2025-10-20 14:27:54,080 [INFO] [开始读取数据库表：inventory_data]
2025-10-20 14:27:54,383 [INFO] [成功读取表 inventory_data，数据行数：7693]
2025-10-20 14:27:54,383 [INFO] [开始读取数据库表：tuiding_data]
2025-10-20 14:27:54,489 [INFO] [成功读取表 tuiding_data，数据行数：3260]
2025-10-20 14:27:54,489 [INFO] [开始读取数据库表：debit_data]
2025-10-20 14:27:55,683 [INFO] [成功读取表 debit_data，数据行数：15928]
2025-10-20 14:27:56,068 [INFO] [开始读取数据库表：sales_invoice_data]
2025-10-20 14:27:57,069 [INFO] [成功读取表 sales_invoice_data，数据行数：16624]
2025-10-20 14:58:05,117 [INFO] [数据库引擎创建成功]
2025-10-20 14:58:05,117 [INFO] [开始读取数据库表：order_data]
2025-10-20 14:58:05,714 [INFO] [成功读取表 order_data，数据行数：18693]
2025-10-20 14:58:05,896 [INFO] [开始读取数据库表：sales_data]
2025-10-20 14:58:08,618 [INFO] [成功读取表 sales_data，数据行数：22381]
2025-10-20 14:58:09,757 [INFO] [开始读取数据库表：jingpin_data]
2025-10-20 14:58:09,981 [INFO] [成功读取表 jingpin_data，数据行数：4385]
2025-10-20 14:58:10,036 [INFO] [开始读取数据库表：inventory_data]
2025-10-20 14:58:10,649 [INFO] [成功读取表 inventory_data，数据行数：7693]
2025-10-20 14:58:10,649 [INFO] [开始读取数据库表：tuiding_data]
2025-10-20 14:58:10,811 [INFO] [成功读取表 tuiding_data，数据行数：3262]
2025-10-20 14:58:10,811 [INFO] [开始读取数据库表：debit_data]
2025-10-20 14:58:11,972 [INFO] [成功读取表 debit_data，数据行数：15928]
2025-10-20 14:58:12,359 [INFO] [开始读取数据库表：sales_invoice_data]
2025-10-20 14:58:13,387 [INFO] [成功读取表 sales_invoice_data，数据行数：16628]
2025-10-20 15:27:51,920 [INFO] [数据库引擎创建成功]
2025-10-20 15:27:51,921 [INFO] [开始读取数据库表：order_data]
2025-10-20 15:27:52,412 [INFO] [成功读取表 order_data，数据行数：18694]
2025-10-20 15:27:52,587 [INFO] [开始读取数据库表：sales_data]
2025-10-20 15:27:55,135 [INFO] [成功读取表 sales_data，数据行数：22386]
2025-10-20 15:27:56,335 [INFO] [开始读取数据库表：jingpin_data]
2025-10-20 15:27:56,423 [INFO] [成功读取表 jingpin_data，数据行数：4386]
2025-10-20 15:27:56,457 [INFO] [开始读取数据库表：inventory_data]
2025-10-20 15:27:56,953 [INFO] [成功读取表 inventory_data，数据行数：7693]
2025-10-20 15:27:56,953 [INFO] [开始读取数据库表：tuiding_data]
2025-10-20 15:27:57,106 [INFO] [成功读取表 tuiding_data，数据行数：3266]
2025-10-20 15:27:57,107 [INFO] [开始读取数据库表：debit_data]
2025-10-20 15:27:58,135 [INFO] [成功读取表 debit_data，数据行数：15928]
2025-10-20 15:27:58,489 [INFO] [开始读取数据库表：sales_invoice_data]
2025-10-20 15:27:59,426 [INFO] [成功读取表 sales_invoice_data，数据行数：16629]
2025-10-20 15:57:27,385 [INFO] [数据库引擎创建成功]
2025-10-20 15:57:27,385 [INFO] [开始读取数据库表：order_data]
2025-10-20 15:57:27,791 [INFO] [成功读取表 order_data，数据行数：18700]
2025-10-20 15:57:27,941 [INFO] [开始读取数据库表：sales_data]
2025-10-20 15:57:30,295 [INFO] [成功读取表 sales_data，数据行数：22387]
2025-10-20 15:57:31,191 [INFO] [开始读取数据库表：jingpin_data]
2025-10-20 15:57:31,261 [INFO] [成功读取表 jingpin_data，数据行数：4387]
2025-10-20 15:57:31,287 [INFO] [开始读取数据库表：inventory_data]
2025-10-20 15:57:31,547 [INFO] [成功读取表 inventory_data，数据行数：7694]
2025-10-20 15:57:31,547 [INFO] [开始读取数据库表：tuiding_data]
2025-10-20 15:57:31,609 [INFO] [成功读取表 tuiding_data，数据行数：3266]
2025-10-20 15:57:31,610 [INFO] [开始读取数据库表：debit_data]
2025-10-20 15:57:32,099 [INFO] [成功读取表 debit_data，数据行数：15928]
2025-10-20 15:57:32,408 [INFO] [开始读取数据库表：sales_invoice_data]
2025-10-20 15:57:33,301 [INFO] [成功读取表 sales_invoice_data，数据行数：16637]
2025-10-20 16:27:32,654 [INFO] [数据库引擎创建成功]
2025-10-20 16:27:32,654 [INFO] [开始读取数据库表：order_data]
2025-10-20 16:27:33,104 [INFO] [成功读取表 order_data，数据行数：18706]
2025-10-20 16:27:33,246 [INFO] [开始读取数据库表：sales_data]
2025-10-20 16:27:35,607 [INFO] [成功读取表 sales_data，数据行数：22387]
2025-10-20 16:27:36,677 [INFO] [开始读取数据库表：jingpin_data]
2025-10-20 16:27:36,770 [INFO] [成功读取表 jingpin_data，数据行数：4387]
2025-10-20 16:27:36,803 [INFO] [开始读取数据库表：inventory_data]
2025-10-20 16:27:37,083 [INFO] [成功读取表 inventory_data，数据行数：7695]
2025-10-20 16:27:37,083 [INFO] [开始读取数据库表：tuiding_data]
2025-10-20 16:27:37,140 [INFO] [成功读取表 tuiding_data，数据行数：3268]
2025-10-20 16:27:37,140 [INFO] [开始读取数据库表：debit_data]
2025-10-20 16:27:37,817 [INFO] [成功读取表 debit_data，数据行数：15929]
2025-10-20 16:27:38,184 [INFO] [开始读取数据库表：sales_invoice_data]
2025-10-20 16:27:39,189 [INFO] [成功读取表 sales_invoice_data，数据行数：16641]
2025-10-20 16:57:48,648 [INFO] [数据库引擎创建成功]
2025-10-20 16:57:48,649 [INFO] [开始读取数据库表：order_data]
2025-10-20 16:57:49,136 [INFO] [成功读取表 order_data，数据行数：18707]
2025-10-20 16:57:49,304 [INFO] [开始读取数据库表：sales_data]
2025-10-20 16:57:51,667 [INFO] [成功读取表 sales_data，数据行数：22390]
2025-10-20 16:57:52,629 [INFO] [开始读取数据库表：jingpin_data]
2025-10-20 16:57:52,724 [INFO] [成功读取表 jingpin_data，数据行数：4389]
2025-10-20 16:57:52,753 [INFO] [开始读取数据库表：inventory_data]
2025-10-20 16:57:53,033 [INFO] [成功读取表 inventory_data，数据行数：7695]
2025-10-20 16:57:53,034 [INFO] [开始读取数据库表：tuiding_data]
2025-10-20 16:57:53,095 [INFO] [成功读取表 tuiding_data，数据行数：3268]
2025-10-20 16:57:53,096 [INFO] [开始读取数据库表：debit_data]
2025-10-20 16:57:53,536 [INFO] [成功读取表 debit_data，数据行数：15929]
2025-10-20 16:57:53,720 [INFO] [开始读取数据库表：sales_invoice_data]
2025-10-20 16:57:54,130 [INFO] [成功读取表 sales_invoice_data，数据行数：16643]
2025-10-20 17:28:10,099 [INFO] [数据库引擎创建成功]
2025-10-20 17:28:10,099 [INFO] [开始读取数据库表：order_data]
2025-10-20 17:28:10,668 [INFO] [成功读取表 order_data，数据行数：18711]
2025-10-20 17:28:10,835 [INFO] [开始读取数据库表：sales_data]
2025-10-20 17:28:13,270 [INFO] [成功读取表 sales_data，数据行数：22400]
2025-10-20 17:28:14,417 [INFO] [开始读取数据库表：jingpin_data]
2025-10-20 17:28:14,534 [INFO] [成功读取表 jingpin_data，数据行数：4389]
2025-10-20 17:28:14,572 [INFO] [开始读取数据库表：inventory_data]
2025-10-20 17:28:15,394 [INFO] [成功读取表 inventory_data，数据行数：7695]
2025-10-20 17:28:15,394 [INFO] [开始读取数据库表：tuiding_data]
2025-10-20 17:28:15,586 [INFO] [成功读取表 tuiding_data，数据行数：3270]
2025-10-20 17:28:15,586 [INFO] [开始读取数据库表：debit_data]
2025-10-20 17:28:16,785 [INFO] [成功读取表 debit_data，数据行数：15929]
2025-10-20 17:28:17,184 [INFO] [开始读取数据库表：sales_invoice_data]
2025-10-20 17:28:18,363 [INFO] [成功读取表 sales_invoice_data，数据行数：16646]
2025-10-20 17:42:15,813 [INFO] [数据库引擎创建成功]
2025-10-20 17:42:15,813 [INFO] [开始读取数据库表：order_data]
2025-10-20 17:42:16,156 [INFO] [成功读取表 order_data，数据行数：18711]
2025-10-20 17:42:16,272 [INFO] [开始读取数据库表：sales_data]
2025-10-20 17:42:17,945 [INFO] [成功读取表 sales_data，数据行数：22400]
2025-10-20 17:42:18,869 [INFO] [开始读取数据库表：jingpin_data]
2025-10-20 17:42:18,977 [INFO] [成功读取表 jingpin_data，数据行数：4389]
2025-10-20 17:42:19,016 [INFO] [开始读取数据库表：inventory_data]
2025-10-20 17:42:19,350 [INFO] [成功读取表 inventory_data，数据行数：7695]
2025-10-20 17:42:19,350 [INFO] [开始读取数据库表：tuiding_data]
2025-10-20 17:42:19,420 [INFO] [成功读取表 tuiding_data，数据行数：3270]
2025-10-20 17:42:19,421 [INFO] [开始读取数据库表：debit_data]
2025-10-20 17:42:20,101 [INFO] [成功读取表 debit_data，数据行数：15929]
2025-10-20 17:42:20,326 [INFO] [开始读取数据库表：sales_invoice_data]
2025-10-20 17:42:20,842 [INFO] [成功读取表 sales_invoice_data，数据行数：16646]
2025-10-20 17:58:45,125 [INFO] [数据库引擎创建成功]
2025-10-20 17:58:45,125 [INFO] [开始读取数据库表：order_data]
2025-10-20 17:58:45,633 [INFO] [成功读取表 order_data，数据行数：18717]
2025-10-20 17:58:45,831 [INFO] [开始读取数据库表：sales_data]
2025-10-20 17:58:48,285 [INFO] [成功读取表 sales_data，数据行数：22405]
2025-10-20 17:58:49,251 [INFO] [开始读取数据库表：jingpin_data]
2025-10-20 17:58:49,332 [INFO] [成功读取表 jingpin_data，数据行数：4398]
2025-10-20 17:58:49,362 [INFO] [开始读取数据库表：inventory_data]
2025-10-20 17:58:49,674 [INFO] [成功读取表 inventory_data，数据行数：7695]
2025-10-20 17:58:49,674 [INFO] [开始读取数据库表：tuiding_data]
2025-10-20 17:58:49,739 [INFO] [成功读取表 tuiding_data，数据行数：3271]
2025-10-20 17:58:49,739 [INFO] [开始读取数据库表：debit_data]
2025-10-20 17:58:50,739 [INFO] [成功读取表 debit_data，数据行数：15929]
2025-10-20 17:58:51,061 [INFO] [开始读取数据库表：sales_invoice_data]
2025-10-20 17:58:51,990 [INFO] [成功读取表 sales_invoice_data，数据行数：16652]
2025-10-20 18:28:00,464 [INFO] [数据库引擎创建成功]
2025-10-20 18:28:00,464 [INFO] [开始读取数据库表：order_data]
2025-10-20 18:28:01,082 [INFO] [成功读取表 order_data，数据行数：18723]
2025-10-20 18:28:01,281 [INFO] [开始读取数据库表：sales_data]
2025-10-20 18:28:04,315 [INFO] [成功读取表 sales_data，数据行数：22409]
2025-10-20 18:28:05,454 [INFO] [开始读取数据库表：jingpin_data]
2025-10-20 18:28:05,622 [INFO] [成功读取表 jingpin_data，数据行数：4398]
2025-10-20 18:28:05,682 [INFO] [开始读取数据库表：inventory_data]
2025-10-20 18:28:06,256 [INFO] [成功读取表 inventory_data，数据行数：7696]
2025-10-20 18:28:06,257 [INFO] [开始读取数据库表：tuiding_data]
2025-10-20 18:28:06,369 [INFO] [成功读取表 tuiding_data，数据行数：3271]
2025-10-20 18:28:06,370 [INFO] [开始读取数据库表：debit_data]
2025-10-20 18:28:07,242 [INFO] [成功读取表 debit_data，数据行数：15930]
2025-10-20 18:28:07,543 [INFO] [开始读取数据库表：sales_invoice_data]
2025-10-20 18:28:08,359 [INFO] [成功读取表 sales_invoice_data，数据行数：16658]
2025-10-20 18:57:42,127 [INFO] [数据库引擎创建成功]
2025-10-20 18:57:42,127 [INFO] [开始读取数据库表：order_data]
2025-10-20 18:57:42,568 [INFO] [成功读取表 order_data，数据行数：18726]
2025-10-20 18:57:42,710 [INFO] [开始读取数据库表：sales_data]
2025-10-20 18:57:44,873 [INFO] [成功读取表 sales_data，数据行数：22409]
2025-10-20 18:57:45,967 [INFO] [开始读取数据库表：jingpin_data]
2025-10-20 18:57:46,064 [INFO] [成功读取表 jingpin_data，数据行数：4398]
2025-10-20 18:57:46,101 [INFO] [开始读取数据库表：inventory_data]
2025-10-20 18:57:46,458 [INFO] [成功读取表 inventory_data，数据行数：7696]
2025-10-20 18:57:46,458 [INFO] [开始读取数据库表：tuiding_data]
2025-10-20 18:57:46,538 [INFO] [成功读取表 tuiding_data，数据行数：3271]
2025-10-20 18:57:46,538 [INFO] [开始读取数据库表：debit_data]
2025-10-20 18:57:50,406 [INFO] [成功读取表 debit_data，数据行数：15930]
2025-10-20 18:57:50,806 [INFO] [开始读取数据库表：sales_invoice_data]
2025-10-20 18:57:51,796 [INFO] [成功读取表 sales_invoice_data，数据行数：16661]
2025-10-20 19:27:27,349 [INFO] [数据库引擎创建成功]
2025-10-20 19:27:27,349 [INFO] [开始读取数据库表：order_data]
2025-10-20 19:27:27,730 [INFO] [成功读取表 order_data，数据行数：18726]
2025-10-20 19:27:27,856 [INFO] [开始读取数据库表：sales_data]
2025-10-20 19:27:29,897 [INFO] [成功读取表 sales_data，数据行数：22409]
2025-10-20 19:27:30,769 [INFO] [开始读取数据库表：jingpin_data]
2025-10-20 19:27:30,850 [INFO] [成功读取表 jingpin_data，数据行数：4398]
2025-10-20 19:27:30,878 [INFO] [开始读取数据库表：inventory_data]
2025-10-20 19:27:31,181 [INFO] [成功读取表 inventory_data，数据行数：7696]
2025-10-20 19:27:31,181 [INFO] [开始读取数据库表：tuiding_data]
2025-10-20 19:27:31,243 [INFO] [成功读取表 tuiding_data，数据行数：3272]
2025-10-20 19:27:31,244 [INFO] [开始读取数据库表：debit_data]
2025-10-20 19:27:31,727 [INFO] [成功读取表 debit_data，数据行数：15930]
2025-10-20 19:27:31,916 [INFO] [开始读取数据库表：sales_invoice_data]
2025-10-20 19:27:35,631 [INFO] [成功读取表 sales_invoice_data，数据行数：16662]
2025-10-20 19:56:54,017 [INFO] [数据库引擎创建成功]
2025-10-20 19:56:54,017 [INFO] [开始读取数据库表：order_data]
2025-10-20 19:56:54,473 [INFO] [成功读取表 order_data，数据行数：18727]
2025-10-20 19:56:54,659 [INFO] [开始读取数据库表：sales_data]
2025-10-20 19:56:56,824 [INFO] [成功读取表 sales_data，数据行数：22409]
2025-10-20 19:56:57,738 [INFO] [开始读取数据库表：jingpin_data]
2025-10-20 19:56:57,819 [INFO] [成功读取表 jingpin_data，数据行数：4398]
2025-10-20 19:56:57,849 [INFO] [开始读取数据库表：inventory_data]
2025-10-20 19:56:58,126 [INFO] [成功读取表 inventory_data，数据行数：7696]
2025-10-20 19:56:58,126 [INFO] [开始读取数据库表：tuiding_data]
2025-10-20 19:56:58,198 [INFO] [成功读取表 tuiding_data，数据行数：3272]
2025-10-20 19:56:58,198 [INFO] [开始读取数据库表：debit_data]
2025-10-20 19:56:58,625 [INFO] [成功读取表 debit_data，数据行数：15930]
2025-10-20 19:56:58,798 [INFO] [开始读取数据库表：sales_invoice_data]
2025-10-20 19:56:59,235 [INFO] [成功读取表 sales_invoice_data，数据行数：16663]
2025-10-20 20:28:43,551 [INFO] [数据库引擎创建成功]
2025-10-20 20:28:43,551 [INFO] [开始读取数据库表：order_data]
2025-10-20 20:28:44,069 [INFO] [成功读取表 order_data，数据行数：18729]
2025-10-20 20:28:44,265 [INFO] [开始读取数据库表：sales_data]
2025-10-20 20:28:46,574 [INFO] [成功读取表 sales_data，数据行数：22409]
2025-10-20 20:28:47,753 [INFO] [开始读取数据库表：jingpin_data]
2025-10-20 20:28:48,022 [INFO] [成功读取表 jingpin_data，数据行数：4398]
2025-10-20 20:28:48,088 [INFO] [开始读取数据库表：inventory_data]
2025-10-20 20:28:48,770 [INFO] [成功读取表 inventory_data，数据行数：7696]
2025-10-20 20:28:48,770 [INFO] [开始读取数据库表：tuiding_data]
2025-10-20 20:28:48,905 [INFO] [成功读取表 tuiding_data，数据行数：3272]
2025-10-20 20:28:48,905 [INFO] [开始读取数据库表：debit_data]
2025-10-20 20:28:49,786 [INFO] [成功读取表 debit_data，数据行数：15930]
2025-10-20 20:28:50,091 [INFO] [开始读取数据库表：sales_invoice_data]
2025-10-20 20:28:50,881 [INFO] [成功读取表 sales_invoice_data，数据行数：16665]
2025-10-20 20:56:58,531 [INFO] [数据库引擎创建成功]
2025-10-20 20:56:58,531 [INFO] [开始读取数据库表：order_data]
2025-10-20 20:56:58,993 [INFO] [成功读取表 order_data，数据行数：18730]
2025-10-20 20:56:59,139 [INFO] [开始读取数据库表：sales_data]
2025-10-20 20:57:01,070 [INFO] [成功读取表 sales_data，数据行数：22409]
2025-10-20 20:57:01,878 [INFO] [开始读取数据库表：jingpin_data]
2025-10-20 20:57:01,945 [INFO] [成功读取表 jingpin_data，数据行数：4398]
2025-10-20 20:57:01,973 [INFO] [开始读取数据库表：inventory_data]
2025-10-20 20:57:02,213 [INFO] [成功读取表 inventory_data，数据行数：7696]
2025-10-20 20:57:02,213 [INFO] [开始读取数据库表：tuiding_data]
2025-10-20 20:57:02,270 [INFO] [成功读取表 tuiding_data，数据行数：3272]
2025-10-20 20:57:02,270 [INFO] [开始读取数据库表：debit_data]
2025-10-20 20:57:02,663 [INFO] [成功读取表 debit_data，数据行数：15930]
2025-10-20 20:57:02,816 [INFO] [开始读取数据库表：sales_invoice_data]
2025-10-20 20:57:03,177 [INFO] [成功读取表 sales_invoice_data，数据行数：16666]
2025-10-20 21:26:53,549 [INFO] [数据库引擎创建成功]
2025-10-20 21:26:53,549 [INFO] [开始读取数据库表：order_data]
2025-10-20 21:26:53,965 [INFO] [成功读取表 order_data，数据行数：18731]
2025-10-20 21:26:54,124 [INFO] [开始读取数据库表：sales_data]
2025-10-20 21:26:56,587 [INFO] [成功读取表 sales_data，数据行数：22409]
2025-10-20 21:26:57,617 [INFO] [开始读取数据库表：jingpin_data]
2025-10-20 21:26:57,701 [INFO] [成功读取表 jingpin_data，数据行数：4398]
2025-10-20 21:26:57,733 [INFO] [开始读取数据库表：inventory_data]
2025-10-20 21:26:58,060 [INFO] [成功读取表 inventory_data，数据行数：7699]
2025-10-20 21:26:58,061 [INFO] [开始读取数据库表：tuiding_data]
2025-10-20 21:26:58,138 [INFO] [成功读取表 tuiding_data，数据行数：3272]
2025-10-20 21:26:58,138 [INFO] [开始读取数据库表：debit_data]
2025-10-20 21:26:58,631 [INFO] [成功读取表 debit_data，数据行数：15998]
2025-10-20 21:26:58,817 [INFO] [开始读取数据库表：sales_invoice_data]
2025-10-20 21:26:59,314 [INFO] [成功读取表 sales_invoice_data，数据行数：16667]
2025-10-20 21:57:03,110 [INFO] [数据库引擎创建成功]
2025-10-20 21:57:03,110 [INFO] [开始读取数据库表：order_data]
2025-10-20 21:57:03,491 [INFO] [成功读取表 order_data，数据行数：18731]
2025-10-20 21:57:03,624 [INFO] [开始读取数据库表：sales_data]
2025-10-20 21:57:05,606 [INFO] [成功读取表 sales_data，数据行数：22409]
2025-10-20 21:57:06,399 [INFO] [开始读取数据库表：jingpin_data]
2025-10-20 21:57:06,466 [INFO] [成功读取表 jingpin_data，数据行数：4398]
2025-10-20 21:57:06,495 [INFO] [开始读取数据库表：inventory_data]
2025-10-20 21:57:06,759 [INFO] [成功读取表 inventory_data，数据行数：7827]
2025-10-20 21:57:06,760 [INFO] [开始读取数据库表：tuiding_data]
2025-10-20 21:57:06,819 [INFO] [成功读取表 tuiding_data，数据行数：3272]
2025-10-20 21:57:06,820 [INFO] [开始读取数据库表：debit_data]
2025-10-20 21:57:07,251 [INFO] [成功读取表 debit_data，数据行数：16076]
2025-10-20 21:57:07,419 [INFO] [开始读取数据库表：sales_invoice_data]
2025-10-20 21:57:07,769 [INFO] [成功读取表 sales_invoice_data，数据行数：16667]
2025-10-20 22:26:56,034 [INFO] [数据库引擎创建成功]
2025-10-20 22:26:56,035 [INFO] [开始读取数据库表：order_data]
2025-10-20 22:26:56,429 [INFO] [成功读取表 order_data，数据行数：18731]
2025-10-20 22:26:56,579 [INFO] [开始读取数据库表：sales_data]
2025-10-20 22:26:58,559 [INFO] [成功读取表 sales_data，数据行数：22409]
2025-10-20 22:26:59,323 [INFO] [开始读取数据库表：jingpin_data]
2025-10-20 22:26:59,384 [INFO] [成功读取表 jingpin_data，数据行数：4398]
2025-10-20 22:26:59,417 [INFO] [开始读取数据库表：inventory_data]
2025-10-20 22:26:59,705 [INFO] [成功读取表 inventory_data，数据行数：7827]
2025-10-20 22:26:59,705 [INFO] [开始读取数据库表：tuiding_data]
2025-10-20 22:26:59,761 [INFO] [成功读取表 tuiding_data，数据行数：3272]
2025-10-20 22:26:59,762 [INFO] [开始读取数据库表：debit_data]
2025-10-20 22:27:00,111 [INFO] [成功读取表 debit_data，数据行数：16076]
2025-10-20 22:27:00,250 [INFO] [开始读取数据库表：sales_invoice_data]
2025-10-20 22:27:00,570 [INFO] [成功读取表 sales_invoice_data，数据行数：16667]
2025-10-20 22:56:41,183 [INFO] [数据库引擎创建成功]
2025-10-20 22:56:41,183 [INFO] [开始读取数据库表：order_data]
2025-10-20 22:56:41,511 [INFO] [成功读取表 order_data，数据行数：18731]
2025-10-20 22:56:41,625 [INFO] [开始读取数据库表：sales_data]
2025-10-20 22:56:43,476 [INFO] [成功读取表 sales_data，数据行数：22409]
2025-10-20 22:56:44,409 [INFO] [开始读取数据库表：jingpin_data]
2025-10-20 22:56:44,474 [INFO] [成功读取表 jingpin_data，数据行数：4398]
2025-10-20 22:56:44,500 [INFO] [开始读取数据库表：inventory_data]
2025-10-20 22:56:44,767 [INFO] [成功读取表 inventory_data，数据行数：7827]
2025-10-20 22:56:44,768 [INFO] [开始读取数据库表：tuiding_data]
2025-10-20 22:56:44,826 [INFO] [成功读取表 tuiding_data，数据行数：3272]
2025-10-20 22:56:44,826 [INFO] [开始读取数据库表：debit_data]
2025-10-20 22:56:45,263 [INFO] [成功读取表 debit_data，数据行数：16076]
2025-10-20 22:56:45,438 [INFO] [开始读取数据库表：sales_invoice_data]
2025-10-20 22:56:45,818 [INFO] [成功读取表 sales_invoice_data，数据行数：16667]
2025-10-20 23:26:46,107 [INFO] [数据库引擎创建成功]
2025-10-20 23:26:46,107 [INFO] [开始读取数据库表：order_data]
2025-10-20 23:26:46,437 [INFO] [成功读取表 order_data，数据行数：18731]
2025-10-20 23:26:46,549 [INFO] [开始读取数据库表：sales_data]
2025-10-20 23:26:48,296 [INFO] [成功读取表 sales_data，数据行数：22409]
2025-10-20 23:26:49,003 [INFO] [开始读取数据库表：jingpin_data]
2025-10-20 23:26:49,059 [INFO] [成功读取表 jingpin_data，数据行数：4398]
2025-10-20 23:26:49,081 [INFO] [开始读取数据库表：inventory_data]
2025-10-20 23:26:49,289 [INFO] [成功读取表 inventory_data，数据行数：7843]
2025-10-20 23:26:49,289 [INFO] [开始读取数据库表：tuiding_data]
2025-10-20 23:26:49,332 [INFO] [成功读取表 tuiding_data，数据行数：3272]
2025-10-20 23:26:49,332 [INFO] [开始读取数据库表：debit_data]
2025-10-20 23:26:49,639 [INFO] [成功读取表 debit_data，数据行数：16089]
2025-10-20 23:26:49,777 [INFO] [开始读取数据库表：sales_invoice_data]
2025-10-20 23:26:50,065 [INFO] [成功读取表 sales_invoice_data，数据行数：16667]
2025-10-20 23:56:44,450 [INFO] [数据库引擎创建成功]
2025-10-20 23:56:44,450 [INFO] [开始读取数据库表：order_data]
2025-10-20 23:56:44,836 [INFO] [成功读取表 order_data，数据行数：18731]
2025-10-20 23:56:45,004 [INFO] [开始读取数据库表：sales_data]
2025-10-20 23:56:46,984 [INFO] [成功读取表 sales_data，数据行数：22409]
2025-10-20 23:56:47,776 [INFO] [开始读取数据库表：jingpin_data]
2025-10-20 23:56:47,830 [INFO] [成功读取表 jingpin_data，数据行数：4398]
2025-10-20 23:56:47,853 [INFO] [开始读取数据库表：inventory_data]
2025-10-20 23:56:48,103 [INFO] [成功读取表 inventory_data，数据行数：7843]
2025-10-20 23:56:48,103 [INFO] [开始读取数据库表：tuiding_data]
2025-10-20 23:56:48,147 [INFO] [成功读取表 tuiding_data，数据行数：3272]
2025-10-20 23:56:48,147 [INFO] [开始读取数据库表：debit_data]
2025-10-20 23:56:48,469 [INFO] [成功读取表 debit_data，数据行数：16089]
2025-10-20 23:56:48,601 [INFO] [开始读取数据库表：sales_invoice_data]
2025-10-20 23:56:48,894 [INFO] [成功读取表 sales_invoice_data，数据行数：16667]
