2025-11-25 08:05:38,001 [INFO] [数据库引擎创建成功]
2025-11-25 08:05:38,002 [INFO] [开始读取数据库表：order_data]
2025-11-25 08:05:38,872 [INFO] [成功读取表 order_data，数据行数：24006]
2025-11-25 08:05:39,094 [INFO] [开始读取数据库表：sales_data]
2025-11-25 08:05:43,185 [INFO] [成功读取表 sales_data，数据行数：26030]
2025-11-25 08:05:45,856 [INFO] [开始读取数据库表：jingpin_data]
2025-11-25 08:05:46,109 [INFO] [成功读取表 jingpin_data，数据行数：4622]
2025-11-25 08:05:46,177 [INFO] [开始读取数据库表：inventory_data]
2025-11-25 08:05:46,648 [INFO] [成功读取表 inventory_data，数据行数：6094]
2025-11-25 08:05:46,648 [INFO] [开始读取数据库表：tuiding_data]
2025-11-25 08:05:46,825 [INFO] [成功读取表 tuiding_data，数据行数：4282]
2025-11-25 08:05:46,825 [INFO] [开始读取数据库表：debit_data]
2025-11-25 08:05:48,401 [INFO] [成功读取表 debit_data，数据行数：25701]
2025-11-25 08:05:48,712 [INFO] [开始读取数据库表：sales_invoice_data]
2025-11-25 08:05:49,685 [INFO] [成功读取表 sales_invoice_data，数据行数：18805]
2025-11-25 08:27:20,344 [INFO] [数据库引擎创建成功]
2025-11-25 08:27:20,346 [INFO] [开始读取数据库表：order_data]
2025-11-25 08:27:21,395 [INFO] [成功读取表 order_data，数据行数：24006]
2025-11-25 08:27:21,597 [INFO] [开始读取数据库表：sales_data]
2025-11-25 08:27:25,415 [INFO] [成功读取表 sales_data，数据行数：26030]
2025-11-25 08:27:26,726 [INFO] [开始读取数据库表：jingpin_data]
2025-11-25 08:27:26,931 [INFO] [成功读取表 jingpin_data，数据行数：4622]
2025-11-25 08:27:26,986 [INFO] [开始读取数据库表：inventory_data]
2025-11-25 08:27:27,388 [INFO] [成功读取表 inventory_data，数据行数：6094]
2025-11-25 08:27:27,389 [INFO] [开始读取数据库表：tuiding_data]
2025-11-25 08:27:27,543 [INFO] [成功读取表 tuiding_data，数据行数：4282]
2025-11-25 08:27:27,543 [INFO] [开始读取数据库表：debit_data]
2025-11-25 08:27:30,386 [INFO] [成功读取表 debit_data，数据行数：25701]
2025-11-25 08:27:30,701 [INFO] [开始读取数据库表：sales_invoice_data]
2025-11-25 08:27:31,617 [INFO] [成功读取表 sales_invoice_data，数据行数：18805]
2025-11-25 08:57:24,146 [INFO] [数据库引擎创建成功]
2025-11-25 08:57:24,147 [INFO] [开始读取数据库表：order_data]
2025-11-25 08:57:25,064 [INFO] [成功读取表 order_data，数据行数：24006]
2025-11-25 08:57:25,286 [INFO] [开始读取数据库表：sales_data]
2025-11-25 08:57:29,344 [INFO] [成功读取表 sales_data，数据行数：26030]
2025-11-25 08:57:31,741 [INFO] [开始读取数据库表：jingpin_data]
2025-11-25 08:57:32,002 [INFO] [成功读取表 jingpin_data，数据行数：4622]
2025-11-25 08:57:32,061 [INFO] [开始读取数据库表：inventory_data]
2025-11-25 08:57:32,464 [INFO] [成功读取表 inventory_data，数据行数：6094]
2025-11-25 08:57:32,464 [INFO] [开始读取数据库表：tuiding_data]
2025-11-25 08:57:32,625 [INFO] [成功读取表 tuiding_data，数据行数：4282]
2025-11-25 08:57:32,625 [INFO] [开始读取数据库表：debit_data]
2025-11-25 08:57:34,240 [INFO] [成功读取表 debit_data，数据行数：25701]
2025-11-25 08:57:34,559 [INFO] [开始读取数据库表：sales_invoice_data]
2025-11-25 08:57:35,531 [INFO] [成功读取表 sales_invoice_data，数据行数：18805]
2025-11-25 09:30:16,203 [INFO] [数据库引擎创建成功]
2025-11-25 09:30:16,203 [INFO] [开始读取数据库表：order_data]
2025-11-25 09:30:16,948 [INFO] [成功读取表 order_data，数据行数：24006]
2025-11-25 09:30:17,125 [INFO] [开始读取数据库表：sales_data]
2025-11-25 09:30:22,184 [INFO] [成功读取表 sales_data，数据行数：26030]
2025-11-25 09:30:23,960 [INFO] [开始读取数据库表：jingpin_data]
2025-11-25 09:30:24,207 [INFO] [成功读取表 jingpin_data，数据行数：4625]
2025-11-25 09:30:24,287 [INFO] [开始读取数据库表：inventory_data]
2025-11-25 09:30:24,877 [INFO] [成功读取表 inventory_data，数据行数：6094]
2025-11-25 09:30:24,877 [INFO] [开始读取数据库表：tuiding_data]
2025-11-25 09:30:25,130 [INFO] [成功读取表 tuiding_data，数据行数：4282]
2025-11-25 09:30:25,130 [INFO] [开始读取数据库表：debit_data]
2025-11-25 09:30:28,340 [INFO] [成功读取表 debit_data，数据行数：25701]
2025-11-25 09:30:33,202 [INFO] [开始读取数据库表：sales_invoice_data]
2025-11-25 09:30:36,180 [INFO] [成功读取表 sales_invoice_data，数据行数：18805]
2025-11-25 09:34:01,374 [INFO] [数据库引擎创建成功]
2025-11-25 09:34:01,374 [INFO] [开始读取数据库表：order_data]
2025-11-25 09:34:02,084 [INFO] [成功读取表 order_data，数据行数：24006]
2025-11-25 09:34:02,274 [INFO] [开始读取数据库表：sales_data]
2025-11-25 09:34:05,138 [INFO] [成功读取表 sales_data，数据行数：26030]
2025-11-25 09:34:06,155 [INFO] [开始读取数据库表：jingpin_data]
2025-11-25 09:34:06,252 [INFO] [成功读取表 jingpin_data，数据行数：4625]
2025-11-25 09:34:06,286 [INFO] [开始读取数据库表：inventory_data]
2025-11-25 09:34:06,505 [INFO] [成功读取表 inventory_data，数据行数：6094]
2025-11-25 09:34:06,505 [INFO] [开始读取数据库表：tuiding_data]
2025-11-25 09:34:06,581 [INFO] [成功读取表 tuiding_data，数据行数：4282]
2025-11-25 09:34:06,582 [INFO] [开始读取数据库表：debit_data]
2025-11-25 09:34:07,362 [INFO] [成功读取表 debit_data，数据行数：25701]
2025-11-25 09:34:07,553 [INFO] [开始读取数据库表：sales_invoice_data]
2025-11-25 09:34:08,060 [INFO] [成功读取表 sales_invoice_data，数据行数：18805]
2025-11-25 10:01:12,065 [INFO] [数据库引擎创建成功]
2025-11-25 10:01:12,075 [INFO] [开始读取数据库表：order_data]
2025-11-25 10:01:13,804 [INFO] [成功读取表 order_data，数据行数：24008]
2025-11-25 10:01:14,075 [INFO] [开始读取数据库表：sales_data]
2025-11-25 10:01:20,093 [INFO] [成功读取表 sales_data，数据行数：26032]
2025-11-25 10:01:22,148 [INFO] [开始读取数据库表：jingpin_data]
2025-11-25 10:01:22,433 [INFO] [成功读取表 jingpin_data，数据行数：4626]
2025-11-25 10:01:22,512 [INFO] [开始读取数据库表：inventory_data]
2025-11-25 10:01:23,083 [INFO] [成功读取表 inventory_data，数据行数：6091]
2025-11-25 10:01:23,083 [INFO] [开始读取数据库表：tuiding_data]
2025-11-25 10:01:23,316 [INFO] [成功读取表 tuiding_data，数据行数：4282]
2025-11-25 10:01:23,316 [INFO] [开始读取数据库表：debit_data]
2025-11-25 10:01:25,427 [INFO] [成功读取表 debit_data，数据行数：25701]
2025-11-25 10:01:25,833 [INFO] [开始读取数据库表：sales_invoice_data]
2025-11-25 10:01:27,149 [INFO] [成功读取表 sales_invoice_data，数据行数：18805]
2025-11-25 10:31:21,913 [INFO] [数据库引擎创建成功]
2025-11-25 10:31:21,913 [INFO] [开始读取数据库表：order_data]
2025-11-25 10:31:23,572 [INFO] [成功读取表 order_data，数据行数：24010]
2025-11-25 10:31:23,903 [INFO] [开始读取数据库表：sales_data]
2025-11-25 10:31:29,530 [INFO] [成功读取表 sales_data，数据行数：26038]
2025-11-25 10:31:31,567 [INFO] [开始读取数据库表：jingpin_data]
2025-11-25 10:31:31,850 [INFO] [成功读取表 jingpin_data，数据行数：4627]
2025-11-25 10:31:31,921 [INFO] [开始读取数据库表：inventory_data]
2025-11-25 10:31:32,506 [INFO] [成功读取表 inventory_data，数据行数：6086]
2025-11-25 10:31:32,506 [INFO] [开始读取数据库表：tuiding_data]
2025-11-25 10:31:32,739 [INFO] [成功读取表 tuiding_data，数据行数：4282]
2025-11-25 10:31:32,739 [INFO] [开始读取数据库表：debit_data]
2025-11-25 10:31:34,794 [INFO] [成功读取表 debit_data，数据行数：25701]
2025-11-25 10:31:35,189 [INFO] [开始读取数据库表：sales_invoice_data]
2025-11-25 10:31:36,511 [INFO] [成功读取表 sales_invoice_data，数据行数：18811]
2025-11-25 10:59:33,558 [INFO] [数据库引擎创建成功]
2025-11-25 10:59:33,558 [INFO] [开始读取数据库表：order_data]
2025-11-25 10:59:35,271 [INFO] [成功读取表 order_data，数据行数：24009]
2025-11-25 10:59:35,634 [INFO] [开始读取数据库表：sales_data]
2025-11-25 10:59:41,858 [INFO] [成功读取表 sales_data，数据行数：26046]
2025-11-25 10:59:43,899 [INFO] [开始读取数据库表：jingpin_data]
2025-11-25 10:59:44,179 [INFO] [成功读取表 jingpin_data，数据行数：4630]
2025-11-25 10:59:44,263 [INFO] [开始读取数据库表：inventory_data]
2025-11-25 10:59:44,849 [INFO] [成功读取表 inventory_data，数据行数：6082]
2025-11-25 10:59:44,849 [INFO] [开始读取数据库表：tuiding_data]
2025-11-25 10:59:45,081 [INFO] [成功读取表 tuiding_data，数据行数：4284]
2025-11-25 10:59:45,081 [INFO] [开始读取数据库表：debit_data]
2025-11-25 10:59:47,868 [INFO] [成功读取表 debit_data，数据行数：25701]
2025-11-25 10:59:49,026 [INFO] [开始读取数据库表：sales_invoice_data]
2025-11-25 10:59:51,870 [INFO] [成功读取表 sales_invoice_data，数据行数：18815]
2025-11-25 11:29:56,328 [INFO] [数据库引擎创建成功]
2025-11-25 11:29:56,339 [INFO] [开始读取数据库表：order_data]
2025-11-25 11:29:57,890 [INFO] [成功读取表 order_data，数据行数：24013]
2025-11-25 11:29:58,212 [INFO] [开始读取数据库表：sales_data]
2025-11-25 11:30:04,599 [INFO] [成功读取表 sales_data，数据行数：26049]
2025-11-25 11:30:06,594 [INFO] [开始读取数据库表：jingpin_data]
2025-11-25 11:30:06,871 [INFO] [成功读取表 jingpin_data，数据行数：4630]
2025-11-25 11:30:06,944 [INFO] [开始读取数据库表：inventory_data]
2025-11-25 11:30:07,508 [INFO] [成功读取表 inventory_data，数据行数：6079]
2025-11-25 11:30:07,508 [INFO] [开始读取数据库表：tuiding_data]
2025-11-25 11:30:07,747 [INFO] [成功读取表 tuiding_data，数据行数：4284]
2025-11-25 11:30:07,747 [INFO] [开始读取数据库表：debit_data]
2025-11-25 11:30:09,742 [INFO] [成功读取表 debit_data，数据行数：25701]
2025-11-25 11:30:10,056 [INFO] [开始读取数据库表：sales_invoice_data]
2025-11-25 11:30:11,253 [INFO] [成功读取表 sales_invoice_data，数据行数：18817]
2025-11-25 11:41:54,118 [INFO] [数据库引擎创建成功]
2025-11-25 11:41:54,118 [INFO] [开始读取数据库表：order_data]
2025-11-25 11:41:54,601 [INFO] [成功读取表 order_data，数据行数：24013]
2025-11-25 11:41:54,719 [INFO] [开始读取数据库表：sales_data]
2025-11-25 11:41:56,726 [INFO] [成功读取表 sales_data，数据行数：26049]
2025-11-25 11:41:57,457 [INFO] [开始读取数据库表：jingpin_data]
2025-11-25 11:41:57,527 [INFO] [成功读取表 jingpin_data，数据行数：4630]
2025-11-25 11:41:57,553 [INFO] [开始读取数据库表：inventory_data]
2025-11-25 11:41:57,710 [INFO] [成功读取表 inventory_data，数据行数：6079]
2025-11-25 11:41:57,710 [INFO] [开始读取数据库表：tuiding_data]
2025-11-25 11:41:57,768 [INFO] [成功读取表 tuiding_data，数据行数：4284]
2025-11-25 11:41:57,768 [INFO] [开始读取数据库表：debit_data]
2025-11-25 11:41:58,315 [INFO] [成功读取表 debit_data，数据行数：25701]
2025-11-25 11:41:58,440 [INFO] [开始读取数据库表：sales_invoice_data]
2025-11-25 11:41:58,777 [INFO] [成功读取表 sales_invoice_data，数据行数：18817]
2025-11-25 11:58:21,008 [INFO] [数据库引擎创建成功]
2025-11-25 11:58:21,008 [INFO] [开始读取数据库表：order_data]
2025-11-25 11:58:22,630 [INFO] [成功读取表 order_data，数据行数：24016]
2025-11-25 11:58:22,963 [INFO] [开始读取数据库表：sales_data]
2025-11-25 11:58:30,364 [INFO] [成功读取表 sales_data，数据行数：26053]
2025-11-25 11:58:32,351 [INFO] [开始读取数据库表：jingpin_data]
2025-11-25 11:58:32,607 [INFO] [成功读取表 jingpin_data，数据行数：4630]
2025-11-25 11:58:32,678 [INFO] [开始读取数据库表：inventory_data]
2025-11-25 11:58:33,242 [INFO] [成功读取表 inventory_data，数据行数：6076]
2025-11-25 11:58:33,242 [INFO] [开始读取数据库表：tuiding_data]
2025-11-25 11:58:33,459 [INFO] [成功读取表 tuiding_data，数据行数：4284]
2025-11-25 11:58:33,459 [INFO] [开始读取数据库表：debit_data]
2025-11-25 11:58:35,557 [INFO] [成功读取表 debit_data，数据行数：25701]
2025-11-25 11:58:35,942 [INFO] [开始读取数据库表：sales_invoice_data]
2025-11-25 11:58:37,185 [INFO] [成功读取表 sales_invoice_data，数据行数：18821]
2025-11-25 12:28:20,779 [INFO] [数据库引擎创建成功]
2025-11-25 12:28:20,779 [INFO] [开始读取数据库表：order_data]
2025-11-25 12:28:22,478 [INFO] [成功读取表 order_data，数据行数：24016]
2025-11-25 12:28:22,833 [INFO] [开始读取数据库表：sales_data]
2025-11-25 12:28:28,708 [INFO] [成功读取表 sales_data，数据行数：26056]
2025-11-25 12:28:30,667 [INFO] [开始读取数据库表：jingpin_data]
2025-11-25 12:28:30,926 [INFO] [成功读取表 jingpin_data，数据行数：4631]
2025-11-25 12:28:31,004 [INFO] [开始读取数据库表：inventory_data]
2025-11-25 12:28:31,519 [INFO] [成功读取表 inventory_data，数据行数：6073]
2025-11-25 12:28:31,519 [INFO] [开始读取数据库表：tuiding_data]
2025-11-25 12:28:31,740 [INFO] [成功读取表 tuiding_data，数据行数：4286]
2025-11-25 12:28:31,740 [INFO] [开始读取数据库表：debit_data]
2025-11-25 12:28:33,668 [INFO] [成功读取表 debit_data，数据行数：25701]
2025-11-25 12:28:34,035 [INFO] [开始读取数据库表：sales_invoice_data]
2025-11-25 12:28:35,241 [INFO] [成功读取表 sales_invoice_data，数据行数：18824]
2025-11-25 12:58:35,459 [INFO] [数据库引擎创建成功]
2025-11-25 12:58:35,459 [INFO] [开始读取数据库表：order_data]
2025-11-25 12:58:37,092 [INFO] [成功读取表 order_data，数据行数：24019]
2025-11-25 12:58:37,407 [INFO] [开始读取数据库表：sales_data]
2025-11-25 12:58:43,310 [INFO] [成功读取表 sales_data，数据行数：26056]
2025-11-25 12:58:45,242 [INFO] [开始读取数据库表：jingpin_data]
2025-11-25 12:58:45,501 [INFO] [成功读取表 jingpin_data，数据行数：4632]
2025-11-25 12:58:45,554 [INFO] [开始读取数据库表：inventory_data]
2025-11-25 12:58:46,109 [INFO] [成功读取表 inventory_data，数据行数：6074]
2025-11-25 12:58:46,109 [INFO] [开始读取数据库表：tuiding_data]
2025-11-25 12:58:46,307 [INFO] [成功读取表 tuiding_data，数据行数：4286]
2025-11-25 12:58:46,308 [INFO] [开始读取数据库表：debit_data]
2025-11-25 12:58:48,216 [INFO] [成功读取表 debit_data，数据行数：25701]
2025-11-25 12:58:48,589 [INFO] [开始读取数据库表：sales_invoice_data]
2025-11-25 12:58:49,780 [INFO] [成功读取表 sales_invoice_data，数据行数：18824]
2025-11-25 13:29:06,024 [INFO] [数据库引擎创建成功]
2025-11-25 13:29:06,024 [INFO] [开始读取数据库表：order_data]
2025-11-25 13:29:07,625 [INFO] [成功读取表 order_data，数据行数：24022]
2025-11-25 13:29:07,955 [INFO] [开始读取数据库表：sales_data]
2025-11-25 13:29:13,754 [INFO] [成功读取表 sales_data，数据行数：26061]
2025-11-25 13:29:15,642 [INFO] [开始读取数据库表：jingpin_data]
2025-11-25 13:29:15,891 [INFO] [成功读取表 jingpin_data，数据行数：4633]
2025-11-25 13:29:15,956 [INFO] [开始读取数据库表：inventory_data]
2025-11-25 13:29:16,495 [INFO] [成功读取表 inventory_data，数据行数：6070]
2025-11-25 13:29:16,496 [INFO] [开始读取数据库表：tuiding_data]
2025-11-25 13:29:16,715 [INFO] [成功读取表 tuiding_data，数据行数：4286]
2025-11-25 13:29:16,715 [INFO] [开始读取数据库表：debit_data]
2025-11-25 13:29:20,908 [INFO] [成功读取表 debit_data，数据行数：25701]
2025-11-25 13:29:21,212 [INFO] [开始读取数据库表：sales_invoice_data]
2025-11-25 13:29:22,257 [INFO] [成功读取表 sales_invoice_data，数据行数：18826]
2025-11-25 13:48:00,250 [INFO] [数据库引擎创建成功]
2025-11-25 13:48:00,250 [INFO] [开始读取数据库表：order_data]
2025-11-25 13:48:00,770 [INFO] [成功读取表 order_data，数据行数：24022]
2025-11-25 13:48:00,891 [INFO] [开始读取数据库表：sales_data]
2025-11-25 13:48:02,877 [INFO] [成功读取表 sales_data，数据行数：26061]
2025-11-25 13:48:03,591 [INFO] [开始读取数据库表：jingpin_data]
2025-11-25 13:48:03,661 [INFO] [成功读取表 jingpin_data，数据行数：4633]
2025-11-25 13:48:03,685 [INFO] [开始读取数据库表：inventory_data]
2025-11-25 13:48:03,833 [INFO] [成功读取表 inventory_data，数据行数：6070]
2025-11-25 13:48:03,833 [INFO] [开始读取数据库表：tuiding_data]
2025-11-25 13:48:03,889 [INFO] [成功读取表 tuiding_data，数据行数：4286]
2025-11-25 13:48:03,889 [INFO] [开始读取数据库表：debit_data]
2025-11-25 13:48:04,450 [INFO] [成功读取表 debit_data，数据行数：25701]
2025-11-25 13:48:04,583 [INFO] [开始读取数据库表：sales_invoice_data]
2025-11-25 13:48:04,917 [INFO] [成功读取表 sales_invoice_data，数据行数：18826]
2025-11-25 13:49:25,382 [INFO] [数据库引擎创建成功]
2025-11-25 13:49:25,382 [INFO] [开始读取数据库表：order_data]
2025-11-25 13:49:25,851 [INFO] [成功读取表 order_data，数据行数：24022]
2025-11-25 13:49:25,962 [INFO] [开始读取数据库表：sales_data]
2025-11-25 13:49:27,948 [INFO] [成功读取表 sales_data，数据行数：26061]
2025-11-25 13:49:28,670 [INFO] [开始读取数据库表：jingpin_data]
2025-11-25 13:49:28,736 [INFO] [成功读取表 jingpin_data，数据行数：4633]
2025-11-25 13:49:28,760 [INFO] [开始读取数据库表：inventory_data]
2025-11-25 13:49:28,906 [INFO] [成功读取表 inventory_data，数据行数：6070]
2025-11-25 13:49:28,906 [INFO] [开始读取数据库表：tuiding_data]
2025-11-25 13:49:28,962 [INFO] [成功读取表 tuiding_data，数据行数：4286]
2025-11-25 13:49:28,962 [INFO] [开始读取数据库表：debit_data]
2025-11-25 13:49:29,508 [INFO] [成功读取表 debit_data，数据行数：25701]
2025-11-25 13:49:29,639 [INFO] [开始读取数据库表：sales_invoice_data]
2025-11-25 13:49:29,969 [INFO] [成功读取表 sales_invoice_data，数据行数：18826]
2025-11-25 13:53:40,396 [INFO] [数据库引擎创建成功]
2025-11-25 13:53:40,397 [INFO] [开始读取数据库表：order_data]
2025-11-25 13:53:40,890 [INFO] [成功读取表 order_data，数据行数：24022]
2025-11-25 13:53:41,011 [INFO] [开始读取数据库表：sales_data]
2025-11-25 13:53:43,004 [INFO] [成功读取表 sales_data，数据行数：26061]
2025-11-25 13:53:43,765 [INFO] [开始读取数据库表：jingpin_data]
2025-11-25 13:53:43,832 [INFO] [成功读取表 jingpin_data，数据行数：4633]
2025-11-25 13:53:43,855 [INFO] [开始读取数据库表：inventory_data]
2025-11-25 13:53:44,002 [INFO] [成功读取表 inventory_data，数据行数：6070]
2025-11-25 13:53:44,002 [INFO] [开始读取数据库表：tuiding_data]
2025-11-25 13:53:44,058 [INFO] [成功读取表 tuiding_data，数据行数：4286]
2025-11-25 13:53:44,058 [INFO] [开始读取数据库表：debit_data]
2025-11-25 13:53:44,607 [INFO] [成功读取表 debit_data，数据行数：25701]
2025-11-25 13:53:44,737 [INFO] [开始读取数据库表：sales_invoice_data]
2025-11-25 13:53:45,077 [INFO] [成功读取表 sales_invoice_data，数据行数：18826]
2025-11-25 13:59:26,861 [INFO] [数据库引擎创建成功]
2025-11-25 13:59:26,862 [INFO] [开始读取数据库表：order_data]
2025-11-25 13:59:28,528 [INFO] [成功读取表 order_data，数据行数：24023]
2025-11-25 13:59:28,846 [INFO] [开始读取数据库表：sales_data]
2025-11-25 13:59:34,972 [INFO] [成功读取表 sales_data，数据行数：26069]
2025-11-25 13:59:36,907 [INFO] [开始读取数据库表：jingpin_data]
2025-11-25 13:59:37,168 [INFO] [成功读取表 jingpin_data，数据行数：4633]
2025-11-25 13:59:37,233 [INFO] [开始读取数据库表：inventory_data]
2025-11-25 13:59:37,772 [INFO] [成功读取表 inventory_data，数据行数：6067]
2025-11-25 13:59:37,772 [INFO] [开始读取数据库表：tuiding_data]
2025-11-25 13:59:37,988 [INFO] [成功读取表 tuiding_data，数据行数：4286]
2025-11-25 13:59:37,989 [INFO] [开始读取数据库表：debit_data]
2025-11-25 13:59:40,039 [INFO] [成功读取表 debit_data，数据行数：25701]
2025-11-25 13:59:40,416 [INFO] [开始读取数据库表：sales_invoice_data]
2025-11-25 13:59:41,774 [INFO] [成功读取表 sales_invoice_data，数据行数：18829]
2025-11-25 14:29:53,158 [INFO] [数据库引擎创建成功]
2025-11-25 14:29:53,159 [INFO] [开始读取数据库表：order_data]
2025-11-25 14:29:55,032 [INFO] [成功读取表 order_data，数据行数：24028]
2025-11-25 14:29:55,384 [INFO] [开始读取数据库表：sales_data]
2025-11-25 14:30:01,017 [INFO] [成功读取表 sales_data，数据行数：26076]
2025-11-25 14:30:03,359 [INFO] [开始读取数据库表：jingpin_data]
2025-11-25 14:30:03,659 [INFO] [成功读取表 jingpin_data，数据行数：4633]
2025-11-25 14:30:03,732 [INFO] [开始读取数据库表：inventory_data]
2025-11-25 14:30:04,404 [INFO] [成功读取表 inventory_data，数据行数：6060]
2025-11-25 14:30:04,404 [INFO] [开始读取数据库表：tuiding_data]
2025-11-25 14:30:04,755 [INFO] [成功读取表 tuiding_data，数据行数：4290]
2025-11-25 14:30:04,756 [INFO] [开始读取数据库表：debit_data]
2025-11-25 14:30:11,392 [INFO] [成功读取表 debit_data，数据行数：25701]
2025-11-25 14:30:11,887 [INFO] [开始读取数据库表：sales_invoice_data]
2025-11-25 14:30:13,211 [INFO] [成功读取表 sales_invoice_data，数据行数：18836]
2025-11-25 15:00:03,771 [INFO] [数据库引擎创建成功]
2025-11-25 15:00:03,771 [INFO] [开始读取数据库表：order_data]
2025-11-25 15:00:05,795 [INFO] [成功读取表 order_data，数据行数：24021]
2025-11-25 15:00:06,174 [INFO] [开始读取数据库表：sales_data]
2025-11-25 15:00:15,787 [INFO] [成功读取表 sales_data，数据行数：26079]
2025-11-25 15:00:18,086 [INFO] [开始读取数据库表：jingpin_data]
2025-11-25 15:00:18,391 [INFO] [成功读取表 jingpin_data，数据行数：4634]
2025-11-25 15:00:18,471 [INFO] [开始读取数据库表：inventory_data]
2025-11-25 15:00:19,188 [INFO] [成功读取表 inventory_data，数据行数：6058]
2025-11-25 15:00:19,189 [INFO] [开始读取数据库表：tuiding_data]
2025-11-25 15:00:19,400 [INFO] [成功读取表 tuiding_data，数据行数：4300]
2025-11-25 15:00:19,401 [INFO] [开始读取数据库表：debit_data]
2025-11-25 15:00:21,553 [INFO] [成功读取表 debit_data，数据行数：25701]
2025-11-25 15:00:21,953 [INFO] [开始读取数据库表：sales_invoice_data]
2025-11-25 15:00:23,326 [INFO] [成功读取表 sales_invoice_data，数据行数：18837]
2025-11-25 15:32:49,995 [INFO] [数据库引擎创建成功]
2025-11-25 15:32:49,995 [INFO] [开始读取数据库表：order_data]
2025-11-25 15:32:53,098 [INFO] [成功读取表 order_data，数据行数：24025]
2025-11-25 15:32:53,550 [INFO] [开始读取数据库表：sales_data]
2025-11-25 15:33:01,281 [INFO] [成功读取表 sales_data，数据行数：26082]
2025-11-25 15:33:03,351 [INFO] [开始读取数据库表：jingpin_data]
2025-11-25 15:33:03,589 [INFO] [成功读取表 jingpin_data，数据行数：4634]
2025-11-25 15:33:03,660 [INFO] [开始读取数据库表：inventory_data]
2025-11-25 15:33:04,210 [INFO] [成功读取表 inventory_data，数据行数：6058]
2025-11-25 15:33:04,211 [INFO] [开始读取数据库表：tuiding_data]
2025-11-25 15:33:04,475 [INFO] [成功读取表 tuiding_data，数据行数：4300]
2025-11-25 15:33:04,475 [INFO] [开始读取数据库表：debit_data]
2025-11-25 15:33:06,766 [INFO] [成功读取表 debit_data，数据行数：25701]
2025-11-25 15:33:07,165 [INFO] [开始读取数据库表：sales_invoice_data]
2025-11-25 15:33:08,535 [INFO] [成功读取表 sales_invoice_data，数据行数：18842]
2025-11-25 15:58:53,064 [INFO] [数据库引擎创建成功]
2025-11-25 15:58:53,064 [INFO] [开始读取数据库表：order_data]
2025-11-25 15:58:54,795 [INFO] [成功读取表 order_data，数据行数：24026]
2025-11-25 15:58:55,124 [INFO] [开始读取数据库表：sales_data]
2025-11-25 15:59:00,834 [INFO] [成功读取表 sales_data，数据行数：26088]
2025-11-25 15:59:02,779 [INFO] [开始读取数据库表：jingpin_data]
2025-11-25 15:59:03,035 [INFO] [成功读取表 jingpin_data，数据行数：4636]
2025-11-25 15:59:03,105 [INFO] [开始读取数据库表：inventory_data]
2025-11-25 15:59:03,732 [INFO] [成功读取表 inventory_data，数据行数：6047]
2025-11-25 15:59:03,732 [INFO] [开始读取数据库表：tuiding_data]
2025-11-25 15:59:04,031 [INFO] [成功读取表 tuiding_data，数据行数：4300]
2025-11-25 15:59:04,031 [INFO] [开始读取数据库表：debit_data]
2025-11-25 15:59:06,425 [INFO] [成功读取表 debit_data，数据行数：25701]
2025-11-25 15:59:06,718 [INFO] [开始读取数据库表：sales_invoice_data]
2025-11-25 15:59:09,967 [INFO] [成功读取表 sales_invoice_data，数据行数：18848]
2025-11-25 16:28:36,986 [INFO] [数据库引擎创建成功]
2025-11-25 16:28:36,987 [INFO] [开始读取数据库表：order_data]
2025-11-25 16:28:38,646 [INFO] [成功读取表 order_data，数据行数：24029]
2025-11-25 16:28:38,987 [INFO] [开始读取数据库表：sales_data]
2025-11-25 16:28:47,523 [INFO] [成功读取表 sales_data，数据行数：26092]
2025-11-25 16:28:49,784 [INFO] [开始读取数据库表：jingpin_data]
2025-11-25 16:28:50,126 [INFO] [成功读取表 jingpin_data，数据行数：4637]
2025-11-25 16:28:50,189 [INFO] [开始读取数据库表：inventory_data]
2025-11-25 16:28:50,815 [INFO] [成功读取表 inventory_data，数据行数：6043]
2025-11-25 16:28:50,816 [INFO] [开始读取数据库表：tuiding_data]
2025-11-25 16:28:51,063 [INFO] [成功读取表 tuiding_data，数据行数：4300]
2025-11-25 16:28:51,063 [INFO] [开始读取数据库表：debit_data]
2025-11-25 16:28:53,420 [INFO] [成功读取表 debit_data，数据行数：25701]
2025-11-25 16:28:53,877 [INFO] [开始读取数据库表：sales_invoice_data]
2025-11-25 16:28:55,187 [INFO] [成功读取表 sales_invoice_data，数据行数：18852]
2025-11-25 16:59:03,837 [INFO] [数据库引擎创建成功]
2025-11-25 16:59:03,837 [INFO] [开始读取数据库表：order_data]
2025-11-25 16:59:05,562 [INFO] [成功读取表 order_data，数据行数：24035]
2025-11-25 16:59:05,917 [INFO] [开始读取数据库表：sales_data]
2025-11-25 16:59:11,944 [INFO] [成功读取表 sales_data，数据行数：26098]
2025-11-25 16:59:13,972 [INFO] [开始读取数据库表：jingpin_data]
2025-11-25 16:59:14,235 [INFO] [成功读取表 jingpin_data，数据行数：4641]
2025-11-25 16:59:14,310 [INFO] [开始读取数据库表：inventory_data]
2025-11-25 16:59:14,886 [INFO] [成功读取表 inventory_data，数据行数：6034]
2025-11-25 16:59:14,886 [INFO] [开始读取数据库表：tuiding_data]
2025-11-25 16:59:15,117 [INFO] [成功读取表 tuiding_data，数据行数：4301]
2025-11-25 16:59:15,117 [INFO] [开始读取数据库表：debit_data]
2025-11-25 16:59:17,027 [INFO] [成功读取表 debit_data，数据行数：25701]
2025-11-25 16:59:17,398 [INFO] [开始读取数据库表：sales_invoice_data]
2025-11-25 16:59:18,665 [INFO] [成功读取表 sales_invoice_data，数据行数：18858]
2025-11-25 17:27:31,535 [INFO] [数据库引擎创建成功]
2025-11-25 17:27:31,537 [INFO] [开始读取数据库表：order_data]
2025-11-25 17:27:36,056 [INFO] [成功读取表 order_data，数据行数：24039]
2025-11-25 17:27:36,450 [INFO] [开始读取数据库表：sales_data]
2025-11-25 17:27:43,125 [INFO] [成功读取表 sales_data，数据行数：26109]
2025-11-25 17:27:47,865 [INFO] [开始读取数据库表：jingpin_data]
2025-11-25 17:27:48,906 [INFO] [成功读取表 jingpin_data，数据行数：4646]
2025-11-25 17:27:49,582 [INFO] [开始读取数据库表：inventory_data]
2025-11-25 17:27:50,946 [INFO] [成功读取表 inventory_data，数据行数：6026]
2025-11-25 17:27:50,947 [INFO] [开始读取数据库表：tuiding_data]
2025-11-25 17:27:51,238 [INFO] [成功读取表 tuiding_data，数据行数：4302]
2025-11-25 17:27:51,238 [INFO] [开始读取数据库表：debit_data]
2025-11-25 17:27:53,605 [INFO] [成功读取表 debit_data，数据行数：25701]
2025-11-25 17:27:54,009 [INFO] [开始读取数据库表：sales_invoice_data]
2025-11-25 17:27:55,471 [INFO] [成功读取表 sales_invoice_data，数据行数：18869]
2025-11-25 17:57:52,355 [INFO] [数据库引擎创建成功]
2025-11-25 17:57:52,355 [INFO] [开始读取数据库表：order_data]
2025-11-25 17:57:53,783 [INFO] [成功读取表 order_data，数据行数：24043]
2025-11-25 17:57:54,109 [INFO] [开始读取数据库表：sales_data]
2025-11-25 17:58:03,380 [INFO] [成功读取表 sales_data，数据行数：26114]
2025-11-25 17:58:05,362 [INFO] [开始读取数据库表：jingpin_data]
2025-11-25 17:58:05,624 [INFO] [成功读取表 jingpin_data，数据行数：4646]
2025-11-25 17:58:05,683 [INFO] [开始读取数据库表：inventory_data]
2025-11-25 17:58:06,226 [INFO] [成功读取表 inventory_data，数据行数：6023]
2025-11-25 17:58:06,226 [INFO] [开始读取数据库表：tuiding_data]
2025-11-25 17:58:06,439 [INFO] [成功读取表 tuiding_data，数据行数：4303]
2025-11-25 17:58:06,439 [INFO] [开始读取数据库表：debit_data]
2025-11-25 17:58:08,470 [INFO] [成功读取表 debit_data，数据行数：25701]
2025-11-25 17:58:08,867 [INFO] [开始读取数据库表：sales_invoice_data]
2025-11-25 17:58:10,153 [INFO] [成功读取表 sales_invoice_data，数据行数：18872]
2025-11-25 18:26:53,539 [INFO] [数据库引擎创建成功]
2025-11-25 18:26:53,540 [INFO] [开始读取数据库表：order_data]
2025-11-25 18:26:55,039 [INFO] [成功读取表 order_data，数据行数：24046]
2025-11-25 18:26:55,360 [INFO] [开始读取数据库表：sales_data]
2025-11-25 18:27:01,543 [INFO] [成功读取表 sales_data，数据行数：26117]
2025-11-25 18:27:03,511 [INFO] [开始读取数据库表：jingpin_data]
2025-11-25 18:27:03,789 [INFO] [成功读取表 jingpin_data，数据行数：4646]
2025-11-25 18:27:03,861 [INFO] [开始读取数据库表：inventory_data]
2025-11-25 18:27:04,423 [INFO] [成功读取表 inventory_data，数据行数：6021]
2025-11-25 18:27:04,423 [INFO] [开始读取数据库表：tuiding_data]
2025-11-25 18:27:04,646 [INFO] [成功读取表 tuiding_data，数据行数：4305]
2025-11-25 18:27:04,646 [INFO] [开始读取数据库表：debit_data]
2025-11-25 18:27:06,711 [INFO] [成功读取表 debit_data，数据行数：25701]
2025-11-25 18:27:07,072 [INFO] [开始读取数据库表：sales_invoice_data]
2025-11-25 18:27:08,374 [INFO] [成功读取表 sales_invoice_data，数据行数：18874]
2025-11-25 18:56:25,487 [INFO] [数据库引擎创建成功]
2025-11-25 18:56:25,488 [INFO] [开始读取数据库表：order_data]
2025-11-25 18:56:27,058 [INFO] [成功读取表 order_data，数据行数：24052]
2025-11-25 18:56:27,352 [INFO] [开始读取数据库表：sales_data]
2025-11-25 18:56:32,597 [INFO] [成功读取表 sales_data，数据行数：26116]
2025-11-25 18:56:34,335 [INFO] [开始读取数据库表：jingpin_data]
2025-11-25 18:56:34,573 [INFO] [成功读取表 jingpin_data，数据行数：4646]
2025-11-25 18:56:34,638 [INFO] [开始读取数据库表：inventory_data]
2025-11-25 18:56:35,099 [INFO] [成功读取表 inventory_data，数据行数：6021]
2025-11-25 18:56:35,099 [INFO] [开始读取数据库表：tuiding_data]
2025-11-25 18:56:35,293 [INFO] [成功读取表 tuiding_data，数据行数：4305]
2025-11-25 18:56:35,293 [INFO] [开始读取数据库表：debit_data]
2025-11-25 18:56:41,588 [INFO] [成功读取表 debit_data，数据行数：25701]
2025-11-25 18:56:42,505 [INFO] [开始读取数据库表：sales_invoice_data]
2025-11-25 18:56:44,263 [INFO] [成功读取表 sales_invoice_data，数据行数：18874]
2025-11-25 19:26:25,315 [INFO] [数据库引擎创建成功]
2025-11-25 19:26:25,315 [INFO] [开始读取数据库表：order_data]
2025-11-25 19:26:26,799 [INFO] [成功读取表 order_data，数据行数：24050]
2025-11-25 19:26:27,096 [INFO] [开始读取数据库表：sales_data]
2025-11-25 19:26:32,356 [INFO] [成功读取表 sales_data，数据行数：26116]
2025-11-25 19:26:34,147 [INFO] [开始读取数据库表：jingpin_data]
2025-11-25 19:26:34,368 [INFO] [成功读取表 jingpin_data，数据行数：4646]
2025-11-25 19:26:34,429 [INFO] [开始读取数据库表：inventory_data]
2025-11-25 19:26:34,927 [INFO] [成功读取表 inventory_data，数据行数：6021]
2025-11-25 19:26:34,928 [INFO] [开始读取数据库表：tuiding_data]
2025-11-25 19:26:35,114 [INFO] [成功读取表 tuiding_data，数据行数：4307]
2025-11-25 19:26:35,114 [INFO] [开始读取数据库表：debit_data]
2025-11-25 19:26:36,937 [INFO] [成功读取表 debit_data，数据行数：25701]
2025-11-25 19:26:37,273 [INFO] [开始读取数据库表：sales_invoice_data]
2025-11-25 19:26:43,864 [INFO] [成功读取表 sales_invoice_data，数据行数：18874]
2025-11-25 19:56:28,504 [INFO] [数据库引擎创建成功]
2025-11-25 19:56:28,505 [INFO] [开始读取数据库表：order_data]
2025-11-25 19:56:30,021 [INFO] [成功读取表 order_data，数据行数：24052]
2025-11-25 19:56:30,288 [INFO] [开始读取数据库表：sales_data]
2025-11-25 19:56:35,481 [INFO] [成功读取表 sales_data，数据行数：26117]
2025-11-25 19:56:37,237 [INFO] [开始读取数据库表：jingpin_data]
2025-11-25 19:56:37,450 [INFO] [成功读取表 jingpin_data，数据行数：4646]
2025-11-25 19:56:37,517 [INFO] [开始读取数据库表：inventory_data]
2025-11-25 19:56:38,045 [INFO] [成功读取表 inventory_data，数据行数：6020]
2025-11-25 19:56:38,046 [INFO] [开始读取数据库表：tuiding_data]
2025-11-25 19:56:38,257 [INFO] [成功读取表 tuiding_data，数据行数：4308]
2025-11-25 19:56:38,257 [INFO] [开始读取数据库表：debit_data]
2025-11-25 19:56:45,784 [INFO] [成功读取表 debit_data，数据行数：25701]
2025-11-25 19:56:46,178 [INFO] [开始读取数据库表：sales_invoice_data]
2025-11-25 19:56:47,554 [INFO] [成功读取表 sales_invoice_data，数据行数：18875]
2025-11-25 20:26:33,762 [INFO] [数据库引擎创建成功]
2025-11-25 20:26:33,762 [INFO] [开始读取数据库表：order_data]
2025-11-25 20:26:35,260 [INFO] [成功读取表 order_data，数据行数：24053]
2025-11-25 20:26:35,543 [INFO] [开始读取数据库表：sales_data]
2025-11-25 20:26:44,789 [INFO] [成功读取表 sales_data，数据行数：26117]
2025-11-25 20:26:46,785 [INFO] [开始读取数据库表：jingpin_data]
2025-11-25 20:26:47,029 [INFO] [成功读取表 jingpin_data，数据行数：4646]
2025-11-25 20:26:47,084 [INFO] [开始读取数据库表：inventory_data]
2025-11-25 20:26:47,581 [INFO] [成功读取表 inventory_data，数据行数：6020]
2025-11-25 20:26:47,581 [INFO] [开始读取数据库表：tuiding_data]
2025-11-25 20:26:47,780 [INFO] [成功读取表 tuiding_data，数据行数：4308]
2025-11-25 20:26:47,780 [INFO] [开始读取数据库表：debit_data]
2025-11-25 20:26:49,665 [INFO] [成功读取表 debit_data，数据行数：25701]
2025-11-25 20:26:49,998 [INFO] [开始读取数据库表：sales_invoice_data]
2025-11-25 20:26:51,113 [INFO] [成功读取表 sales_invoice_data，数据行数：18875]
2025-11-25 20:56:33,430 [INFO] [数据库引擎创建成功]
2025-11-25 20:56:33,431 [INFO] [开始读取数据库表：order_data]
2025-11-25 20:56:34,899 [INFO] [成功读取表 order_data，数据行数：24053]
2025-11-25 20:56:35,168 [INFO] [开始读取数据库表：sales_data]
2025-11-25 20:56:40,361 [INFO] [成功读取表 sales_data，数据行数：26117]
2025-11-25 20:56:46,076 [INFO] [开始读取数据库表：jingpin_data]
2025-11-25 20:56:46,353 [INFO] [成功读取表 jingpin_data，数据行数：4646]
2025-11-25 20:56:46,424 [INFO] [开始读取数据库表：inventory_data]
2025-11-25 20:56:47,036 [INFO] [成功读取表 inventory_data，数据行数：6020]
2025-11-25 20:56:47,037 [INFO] [开始读取数据库表：tuiding_data]
2025-11-25 20:56:47,243 [INFO] [成功读取表 tuiding_data，数据行数：4308]
2025-11-25 20:56:47,243 [INFO] [开始读取数据库表：debit_data]
2025-11-25 20:56:48,997 [INFO] [成功读取表 debit_data，数据行数：25701]
2025-11-25 20:56:49,329 [INFO] [开始读取数据库表：sales_invoice_data]
2025-11-25 20:56:50,460 [INFO] [成功读取表 sales_invoice_data，数据行数：18875]
2025-11-25 21:26:50,048 [INFO] [数据库引擎创建成功]
2025-11-25 21:26:50,048 [INFO] [开始读取数据库表：order_data]
2025-11-25 21:26:51,546 [INFO] [成功读取表 order_data，数据行数：24054]
2025-11-25 21:26:51,846 [INFO] [开始读取数据库表：sales_data]
2025-11-25 21:26:56,973 [INFO] [成功读取表 sales_data，数据行数：26117]
2025-11-25 21:27:01,583 [INFO] [开始读取数据库表：jingpin_data]
2025-11-25 21:27:02,558 [INFO] [成功读取表 jingpin_data，数据行数：4646]
2025-11-25 21:27:02,636 [INFO] [开始读取数据库表：inventory_data]
2025-11-25 21:27:03,184 [INFO] [成功读取表 inventory_data，数据行数：6068]
2025-11-25 21:27:03,184 [INFO] [开始读取数据库表：tuiding_data]
2025-11-25 21:27:03,528 [INFO] [成功读取表 tuiding_data，数据行数：4308]
2025-11-25 21:27:03,529 [INFO] [开始读取数据库表：debit_data]
2025-11-25 21:27:05,456 [INFO] [成功读取表 debit_data，数据行数：25749]
2025-11-25 21:27:05,792 [INFO] [开始读取数据库表：sales_invoice_data]
2025-11-25 21:27:06,917 [INFO] [成功读取表 sales_invoice_data，数据行数：18875]
2025-11-25 21:56:27,245 [INFO] [数据库引擎创建成功]
2025-11-25 21:56:27,245 [INFO] [开始读取数据库表：order_data]
2025-11-25 21:56:28,705 [INFO] [成功读取表 order_data，数据行数：24054]
2025-11-25 21:56:28,994 [INFO] [开始读取数据库表：sales_data]
2025-11-25 21:56:40,024 [INFO] [成功读取表 sales_data，数据行数：26117]
2025-11-25 21:56:41,755 [INFO] [开始读取数据库表：jingpin_data]
2025-11-25 21:56:41,990 [INFO] [成功读取表 jingpin_data，数据行数：4646]
2025-11-25 21:56:42,057 [INFO] [开始读取数据库表：inventory_data]
2025-11-25 21:56:42,530 [INFO] [成功读取表 inventory_data，数据行数：6068]
2025-11-25 21:56:42,530 [INFO] [开始读取数据库表：tuiding_data]
2025-11-25 21:56:42,703 [INFO] [成功读取表 tuiding_data，数据行数：4308]
2025-11-25 21:56:42,703 [INFO] [开始读取数据库表：debit_data]
2025-11-25 21:56:44,448 [INFO] [成功读取表 debit_data，数据行数：25749]
2025-11-25 21:56:44,761 [INFO] [开始读取数据库表：sales_invoice_data]
2025-11-25 21:56:45,880 [INFO] [成功读取表 sales_invoice_data，数据行数：18875]
2025-11-25 22:26:27,844 [INFO] [数据库引擎创建成功]
2025-11-25 22:26:27,844 [INFO] [开始读取数据库表：order_data]
2025-11-25 22:26:29,383 [INFO] [成功读取表 order_data，数据行数：24054]
2025-11-25 22:26:29,687 [INFO] [开始读取数据库表：sales_data]
2025-11-25 22:26:40,643 [INFO] [成功读取表 sales_data，数据行数：26116]
2025-11-25 22:26:42,353 [INFO] [开始读取数据库表：jingpin_data]
2025-11-25 22:26:42,571 [INFO] [成功读取表 jingpin_data，数据行数：4646]
2025-11-25 22:26:42,628 [INFO] [开始读取数据库表：inventory_data]
2025-11-25 22:26:43,089 [INFO] [成功读取表 inventory_data，数据行数：6068]
2025-11-25 22:26:43,089 [INFO] [开始读取数据库表：tuiding_data]
2025-11-25 22:26:43,270 [INFO] [成功读取表 tuiding_data，数据行数：4308]
2025-11-25 22:26:43,270 [INFO] [开始读取数据库表：debit_data]
2025-11-25 22:26:44,988 [INFO] [成功读取表 debit_data，数据行数：25749]
2025-11-25 22:26:45,332 [INFO] [开始读取数据库表：sales_invoice_data]
2025-11-25 22:26:46,442 [INFO] [成功读取表 sales_invoice_data，数据行数：18875]
2025-11-25 22:56:43,550 [INFO] [数据库引擎创建成功]
2025-11-25 22:56:43,550 [INFO] [开始读取数据库表：order_data]
2025-11-25 22:56:45,079 [INFO] [成功读取表 order_data，数据行数：24054]
2025-11-25 22:56:45,364 [INFO] [开始读取数据库表：sales_data]
2025-11-25 22:56:56,257 [INFO] [成功读取表 sales_data，数据行数：26116]
2025-11-25 22:56:58,047 [INFO] [开始读取数据库表：jingpin_data]
2025-11-25 22:56:58,273 [INFO] [成功读取表 jingpin_data，数据行数：4646]
2025-11-25 22:56:58,329 [INFO] [开始读取数据库表：inventory_data]
2025-11-25 22:56:58,799 [INFO] [成功读取表 inventory_data，数据行数：6068]
2025-11-25 22:56:58,799 [INFO] [开始读取数据库表：tuiding_data]
2025-11-25 22:56:58,966 [INFO] [成功读取表 tuiding_data，数据行数：4308]
2025-11-25 22:56:58,966 [INFO] [开始读取数据库表：debit_data]
2025-11-25 22:57:00,689 [INFO] [成功读取表 debit_data，数据行数：25749]
2025-11-25 22:57:01,020 [INFO] [开始读取数据库表：sales_invoice_data]
2025-11-25 22:57:02,078 [INFO] [成功读取表 sales_invoice_data，数据行数：18875]
2025-11-25 23:26:44,508 [INFO] [数据库引擎创建成功]
2025-11-25 23:26:44,509 [INFO] [开始读取数据库表：order_data]
2025-11-25 23:26:46,040 [INFO] [成功读取表 order_data，数据行数：24054]
2025-11-25 23:26:46,346 [INFO] [开始读取数据库表：sales_data]
2025-11-25 23:26:56,892 [INFO] [成功读取表 sales_data，数据行数：26116]
2025-11-25 23:26:58,845 [INFO] [开始读取数据库表：jingpin_data]
2025-11-25 23:26:59,068 [INFO] [成功读取表 jingpin_data，数据行数：4646]
2025-11-25 23:26:59,126 [INFO] [开始读取数据库表：inventory_data]
2025-11-25 23:26:59,625 [INFO] [成功读取表 inventory_data，数据行数：6068]
2025-11-25 23:26:59,626 [INFO] [开始读取数据库表：tuiding_data]
2025-11-25 23:26:59,825 [INFO] [成功读取表 tuiding_data，数据行数：4308]
2025-11-25 23:26:59,825 [INFO] [开始读取数据库表：debit_data]
2025-11-25 23:27:01,596 [INFO] [成功读取表 debit_data，数据行数：25749]
2025-11-25 23:27:01,913 [INFO] [开始读取数据库表：sales_invoice_data]
2025-11-25 23:27:03,056 [INFO] [成功读取表 sales_invoice_data，数据行数：18875]
2025-11-25 23:56:31,144 [INFO] [数据库引擎创建成功]
2025-11-25 23:56:31,144 [INFO] [开始读取数据库表：order_data]
2025-11-25 23:56:32,643 [INFO] [成功读取表 order_data，数据行数：24054]
2025-11-25 23:56:32,927 [INFO] [开始读取数据库表：sales_data]
2025-11-25 23:56:41,861 [INFO] [成功读取表 sales_data，数据行数：26116]
2025-11-25 23:56:43,611 [INFO] [开始读取数据库表：jingpin_data]
2025-11-25 23:56:43,837 [INFO] [成功读取表 jingpin_data，数据行数：4646]
2025-11-25 23:56:43,894 [INFO] [开始读取数据库表：inventory_data]
2025-11-25 23:56:44,366 [INFO] [成功读取表 inventory_data，数据行数：6068]
2025-11-25 23:56:44,367 [INFO] [开始读取数据库表：tuiding_data]
2025-11-25 23:56:44,548 [INFO] [成功读取表 tuiding_data，数据行数：4308]
2025-11-25 23:56:44,548 [INFO] [开始读取数据库表：debit_data]
2025-11-25 23:56:46,396 [INFO] [成功读取表 debit_data，数据行数：25749]
2025-11-25 23:56:46,743 [INFO] [开始读取数据库表：sales_invoice_data]
2025-11-25 23:56:47,841 [INFO] [成功读取表 sales_invoice_data，数据行数：18875]
