2025-12-10 08:55:54,224 [INFO] [数据库引擎创建成功]
2025-12-10 08:55:54,225 [INFO] [开始读取数据库表：order_data]
2025-12-10 08:55:56,033 [INFO] [成功读取表 order_data，数据行数：25312]
2025-12-10 08:55:56,381 [INFO] [开始读取数据库表：sales_data]
2025-12-10 08:56:02,970 [INFO] [成功读取表 sales_data，数据行数：27836]
2025-12-10 08:56:05,103 [INFO] [开始读取数据库表：jingpin_data]
2025-12-10 08:56:05,468 [INFO] [成功读取表 jingpin_data，数据行数：5065]
2025-12-10 08:56:05,548 [INFO] [开始读取数据库表：inventory_data]
2025-12-10 08:56:06,059 [INFO] [成功读取表 inventory_data，数据行数：5352]
2025-12-10 08:56:06,060 [INFO] [开始读取数据库表：tuiding_data]
2025-12-10 08:56:06,308 [INFO] [成功读取表 tuiding_data，数据行数：4574]
2025-12-10 08:56:06,308 [INFO] [开始读取数据库表：debit_data]
2025-12-10 08:56:08,398 [INFO] [成功读取表 debit_data，数据行数：26440]
2025-12-10 08:56:08,846 [INFO] [开始读取数据库表：sales_invoice_data]
2025-12-10 08:56:10,315 [INFO] [成功读取表 sales_invoice_data，数据行数：20312]
2025-12-10 09:27:02,022 [INFO] [数据库引擎创建成功]
2025-12-10 09:27:02,022 [INFO] [开始读取数据库表：order_data]
2025-12-10 09:27:03,876 [INFO] [成功读取表 order_data，数据行数：25312]
2025-12-10 09:27:04,216 [INFO] [开始读取数据库表：sales_data]
2025-12-10 09:27:10,772 [INFO] [成功读取表 sales_data，数据行数：27835]
2025-12-10 09:27:12,886 [INFO] [开始读取数据库表：jingpin_data]
2025-12-10 09:27:13,256 [INFO] [成功读取表 jingpin_data，数据行数：5064]
2025-12-10 09:27:13,335 [INFO] [开始读取数据库表：inventory_data]
2025-12-10 09:27:13,880 [INFO] [成功读取表 inventory_data，数据行数：5352]
2025-12-10 09:27:13,880 [INFO] [开始读取数据库表：tuiding_data]
2025-12-10 09:27:14,123 [INFO] [成功读取表 tuiding_data，数据行数：4574]
2025-12-10 09:27:14,123 [INFO] [开始读取数据库表：debit_data]
2025-12-10 09:27:16,313 [INFO] [成功读取表 debit_data，数据行数：26440]
2025-12-10 09:27:16,716 [INFO] [开始读取数据库表：sales_invoice_data]
2025-12-10 09:27:18,260 [INFO] [成功读取表 sales_invoice_data，数据行数：20312]
2025-12-10 09:58:34,092 [INFO] [数据库引擎创建成功]
2025-12-10 09:58:34,101 [INFO] [开始读取数据库表：order_data]
2025-12-10 09:58:35,953 [INFO] [成功读取表 order_data，数据行数：25313]
2025-12-10 09:58:36,301 [INFO] [开始读取数据库表：sales_data]
2025-12-10 09:58:42,952 [INFO] [成功读取表 sales_data，数据行数：27834]
2025-12-10 09:58:44,993 [INFO] [开始读取数据库表：jingpin_data]
2025-12-10 09:58:45,351 [INFO] [成功读取表 jingpin_data，数据行数：5064]
2025-12-10 09:58:45,403 [INFO] [开始读取数据库表：inventory_data]
2025-12-10 09:58:45,918 [INFO] [成功读取表 inventory_data，数据行数：5351]
2025-12-10 09:58:45,919 [INFO] [开始读取数据库表：tuiding_data]
2025-12-10 09:58:46,161 [INFO] [成功读取表 tuiding_data，数据行数：4575]
2025-12-10 09:58:46,161 [INFO] [开始读取数据库表：debit_data]
2025-12-10 09:58:48,235 [INFO] [成功读取表 debit_data，数据行数：26440]
2025-12-10 09:58:48,557 [INFO] [开始读取数据库表：sales_invoice_data]
2025-12-10 09:58:50,045 [INFO] [成功读取表 sales_invoice_data，数据行数：20312]
2025-12-10 10:31:28,924 [INFO] [数据库引擎创建成功]
2025-12-10 10:31:28,924 [INFO] [开始读取数据库表：order_data]
2025-12-10 10:31:30,802 [INFO] [成功读取表 order_data，数据行数：25311]
2025-12-10 10:31:31,133 [INFO] [开始读取数据库表：sales_data]
2025-12-10 10:31:37,822 [INFO] [成功读取表 sales_data，数据行数：27835]
2025-12-10 10:31:39,809 [INFO] [开始读取数据库表：jingpin_data]
2025-12-10 10:31:40,166 [INFO] [成功读取表 jingpin_data，数据行数：5065]
2025-12-10 10:31:40,242 [INFO] [开始读取数据库表：inventory_data]
2025-12-10 10:31:40,757 [INFO] [成功读取表 inventory_data，数据行数：5350]
2025-12-10 10:31:40,764 [INFO] [开始读取数据库表：tuiding_data]
2025-12-10 10:31:41,006 [INFO] [成功读取表 tuiding_data，数据行数：4579]
2025-12-10 10:31:41,006 [INFO] [开始读取数据库表：debit_data]
2025-12-10 10:31:43,045 [INFO] [成功读取表 debit_data，数据行数：26440]
2025-12-10 10:31:43,423 [INFO] [开始读取数据库表：sales_invoice_data]
2025-12-10 10:31:44,873 [INFO] [成功读取表 sales_invoice_data，数据行数：20314]
2025-12-10 11:00:42,648 [INFO] [数据库引擎创建成功]
2025-12-10 11:00:42,648 [INFO] [开始读取数据库表：order_data]
2025-12-10 11:00:44,616 [INFO] [成功读取表 order_data，数据行数：25317]
2025-12-10 11:00:44,975 [INFO] [开始读取数据库表：sales_data]
2025-12-10 11:00:51,757 [INFO] [成功读取表 sales_data，数据行数：27841]
2025-12-10 11:00:53,771 [INFO] [开始读取数据库表：jingpin_data]
2025-12-10 11:00:54,122 [INFO] [成功读取表 jingpin_data，数据行数：5072]
2025-12-10 11:00:54,199 [INFO] [开始读取数据库表：inventory_data]
2025-12-10 11:00:54,722 [INFO] [成功读取表 inventory_data，数据行数：5345]
2025-12-10 11:00:54,722 [INFO] [开始读取数据库表：tuiding_data]
2025-12-10 11:00:54,969 [INFO] [成功读取表 tuiding_data，数据行数：4579]
2025-12-10 11:00:54,969 [INFO] [开始读取数据库表：debit_data]
2025-12-10 11:00:57,081 [INFO] [成功读取表 debit_data，数据行数：26440]
2025-12-10 11:00:57,470 [INFO] [开始读取数据库表：sales_invoice_data]
2025-12-10 11:00:58,944 [INFO] [成功读取表 sales_invoice_data，数据行数：20320]
2025-12-10 11:27:19,320 [INFO] [数据库引擎创建成功]
2025-12-10 11:27:19,320 [INFO] [开始读取数据库表：order_data]
2025-12-10 11:27:21,057 [INFO] [成功读取表 order_data，数据行数：25313]
2025-12-10 11:27:21,432 [INFO] [开始读取数据库表：sales_data]
2025-12-10 11:27:28,248 [INFO] [成功读取表 sales_data，数据行数：27843]
2025-12-10 11:27:30,279 [INFO] [开始读取数据库表：jingpin_data]
2025-12-10 11:27:30,640 [INFO] [成功读取表 jingpin_data，数据行数：5074]
2025-12-10 11:27:30,727 [INFO] [开始读取数据库表：inventory_data]
2025-12-10 11:27:31,212 [INFO] [成功读取表 inventory_data，数据行数：5342]
2025-12-10 11:27:31,212 [INFO] [开始读取数据库表：tuiding_data]
2025-12-10 11:27:31,465 [INFO] [成功读取表 tuiding_data，数据行数：4585]
2025-12-10 11:27:31,465 [INFO] [开始读取数据库表：debit_data]
2025-12-10 11:27:33,571 [INFO] [成功读取表 debit_data，数据行数：26440]
2025-12-10 11:27:33,971 [INFO] [开始读取数据库表：sales_invoice_data]
2025-12-10 11:27:35,411 [INFO] [成功读取表 sales_invoice_data，数据行数：20324]
2025-12-10 12:01:25,723 [INFO] [数据库引擎创建成功]
2025-12-10 12:01:25,723 [INFO] [开始读取数据库表：order_data]
2025-12-10 12:01:27,565 [INFO] [成功读取表 order_data，数据行数：25316]
2025-12-10 12:01:27,893 [INFO] [开始读取数据库表：sales_data]
2025-12-10 12:01:34,454 [INFO] [成功读取表 sales_data，数据行数：27849]
2025-12-10 12:01:36,424 [INFO] [开始读取数据库表：jingpin_data]
2025-12-10 12:01:36,766 [INFO] [成功读取表 jingpin_data，数据行数：5076]
2025-12-10 12:01:36,839 [INFO] [开始读取数据库表：inventory_data]
2025-12-10 12:01:37,333 [INFO] [成功读取表 inventory_data，数据行数：5339]
2025-12-10 12:01:37,334 [INFO] [开始读取数据库表：tuiding_data]
2025-12-10 12:01:37,570 [INFO] [成功读取表 tuiding_data，数据行数：4587]
2025-12-10 12:01:37,570 [INFO] [开始读取数据库表：debit_data]
2025-12-10 12:01:39,612 [INFO] [成功读取表 debit_data，数据行数：26442]
2025-12-10 12:01:39,998 [INFO] [开始读取数据库表：sales_invoice_data]
2025-12-10 12:01:41,434 [INFO] [成功读取表 sales_invoice_data，数据行数：20330]
2025-12-10 12:26:57,664 [INFO] [数据库引擎创建成功]
2025-12-10 12:26:57,665 [INFO] [开始读取数据库表：order_data]
2025-12-10 12:26:59,394 [INFO] [成功读取表 order_data，数据行数：25319]
2025-12-10 12:26:59,729 [INFO] [开始读取数据库表：sales_data]
2025-12-10 12:27:06,331 [INFO] [成功读取表 sales_data，数据行数：27850]
2025-12-10 12:27:08,247 [INFO] [开始读取数据库表：jingpin_data]
2025-12-10 12:27:08,591 [INFO] [成功读取表 jingpin_data，数据行数：5076]
2025-12-10 12:27:08,660 [INFO] [开始读取数据库表：inventory_data]
2025-12-10 12:27:09,154 [INFO] [成功读取表 inventory_data，数据行数：5337]
2025-12-10 12:27:09,154 [INFO] [开始读取数据库表：tuiding_data]
2025-12-10 12:27:09,390 [INFO] [成功读取表 tuiding_data，数据行数：4587]
2025-12-10 12:27:09,390 [INFO] [开始读取数据库表：debit_data]
2025-12-10 12:27:11,342 [INFO] [成功读取表 debit_data，数据行数：26484]
2025-12-10 12:27:11,715 [INFO] [开始读取数据库表：sales_invoice_data]
2025-12-10 12:27:13,140 [INFO] [成功读取表 sales_invoice_data，数据行数：20332]
2025-12-10 12:58:52,989 [INFO] [数据库引擎创建成功]
2025-12-10 12:58:52,989 [INFO] [开始读取数据库表：order_data]
2025-12-10 12:58:54,910 [INFO] [成功读取表 order_data，数据行数：25323]
2025-12-10 12:58:55,256 [INFO] [开始读取数据库表：sales_data]
2025-12-10 12:59:02,004 [INFO] [成功读取表 sales_data，数据行数：27854]
2025-12-10 12:59:04,013 [INFO] [开始读取数据库表：jingpin_data]
2025-12-10 12:59:04,363 [INFO] [成功读取表 jingpin_data，数据行数：5077]
2025-12-10 12:59:04,438 [INFO] [开始读取数据库表：inventory_data]
2025-12-10 12:59:04,968 [INFO] [成功读取表 inventory_data，数据行数：5333]
2025-12-10 12:59:04,968 [INFO] [开始读取数据库表：tuiding_data]
2025-12-10 12:59:05,230 [INFO] [成功读取表 tuiding_data，数据行数：4587]
2025-12-10 12:59:05,230 [INFO] [开始读取数据库表：debit_data]
2025-12-10 12:59:07,315 [INFO] [成功读取表 debit_data，数据行数：26484]
2025-12-10 12:59:07,706 [INFO] [开始读取数据库表：sales_invoice_data]
2025-12-10 12:59:09,191 [INFO] [成功读取表 sales_invoice_data，数据行数：20336]
2025-12-10 13:32:28,330 [INFO] [数据库引擎创建成功]
2025-12-10 13:32:28,330 [INFO] [开始读取数据库表：order_data]
2025-12-10 13:32:30,232 [INFO] [成功读取表 order_data，数据行数：25323]
2025-12-10 13:32:30,573 [INFO] [开始读取数据库表：sales_data]
2025-12-10 13:32:37,058 [INFO] [成功读取表 sales_data，数据行数：27859]
2025-12-10 13:32:39,033 [INFO] [开始读取数据库表：jingpin_data]
2025-12-10 13:32:39,369 [INFO] [成功读取表 jingpin_data，数据行数：5077]
2025-12-10 13:32:39,444 [INFO] [开始读取数据库表：inventory_data]
2025-12-10 13:32:39,937 [INFO] [成功读取表 inventory_data，数据行数：5330]
2025-12-10 13:32:39,937 [INFO] [开始读取数据库表：tuiding_data]
2025-12-10 13:32:40,184 [INFO] [成功读取表 tuiding_data，数据行数：4587]
2025-12-10 13:32:40,184 [INFO] [开始读取数据库表：debit_data]
2025-12-10 13:32:42,212 [INFO] [成功读取表 debit_data，数据行数：26484]
2025-12-10 13:32:42,588 [INFO] [开始读取数据库表：sales_invoice_data]
2025-12-10 13:32:44,005 [INFO] [成功读取表 sales_invoice_data，数据行数：20341]
2025-12-10 14:01:29,397 [INFO] [数据库引擎创建成功]
2025-12-10 14:01:29,397 [INFO] [开始读取数据库表：order_data]
2025-12-10 14:01:31,271 [INFO] [成功读取表 order_data，数据行数：25339]
2025-12-10 14:01:31,607 [INFO] [开始读取数据库表：sales_data]
2025-12-10 14:01:38,300 [INFO] [成功读取表 sales_data，数据行数：27868]
2025-12-10 14:01:40,282 [INFO] [开始读取数据库表：jingpin_data]
2025-12-10 14:01:40,629 [INFO] [成功读取表 jingpin_data，数据行数：5077]
2025-12-10 14:01:40,702 [INFO] [开始读取数据库表：inventory_data]
2025-12-10 14:01:41,210 [INFO] [成功读取表 inventory_data，数据行数：5320]
2025-12-10 14:01:41,210 [INFO] [开始读取数据库表：tuiding_data]
2025-12-10 14:01:41,456 [INFO] [成功读取表 tuiding_data，数据行数：4587]
2025-12-10 14:01:41,456 [INFO] [开始读取数据库表：debit_data]
2025-12-10 14:01:43,528 [INFO] [成功读取表 debit_data，数据行数：26484]
2025-12-10 14:01:43,917 [INFO] [开始读取数据库表：sales_invoice_data]
2025-12-10 14:01:45,357 [INFO] [成功读取表 sales_invoice_data，数据行数：20350]
2025-12-10 14:32:31,796 [INFO] [数据库引擎创建成功]
2025-12-10 14:32:31,797 [INFO] [开始读取数据库表：order_data]
2025-12-10 14:32:33,723 [INFO] [成功读取表 order_data，数据行数：25339]
2025-12-10 14:32:34,120 [INFO] [开始读取数据库表：sales_data]
2025-12-10 14:32:40,906 [INFO] [成功读取表 sales_data，数据行数：27875]
2025-12-10 14:32:43,312 [INFO] [开始读取数据库表：jingpin_data]
2025-12-10 14:32:43,624 [INFO] [成功读取表 jingpin_data，数据行数：5078]
2025-12-10 14:32:43,691 [INFO] [开始读取数据库表：inventory_data]
2025-12-10 14:32:44,132 [INFO] [成功读取表 inventory_data，数据行数：5313]
2025-12-10 14:32:44,132 [INFO] [开始读取数据库表：tuiding_data]
2025-12-10 14:32:44,323 [INFO] [成功读取表 tuiding_data，数据行数：4587]
2025-12-10 14:32:44,323 [INFO] [开始读取数据库表：debit_data]
2025-12-10 14:32:49,552 [INFO] [成功读取表 debit_data，数据行数：26484]
2025-12-10 14:32:49,915 [INFO] [开始读取数据库表：sales_invoice_data]
2025-12-10 14:32:51,095 [INFO] [成功读取表 sales_invoice_data，数据行数：20356]
2025-12-10 14:58:54,741 [INFO] [数据库引擎创建成功]
2025-12-10 14:58:54,741 [INFO] [开始读取数据库表：order_data]
2025-12-10 14:58:56,934 [INFO] [成功读取表 order_data，数据行数：25353]
2025-12-10 14:58:57,287 [INFO] [开始读取数据库表：sales_data]
2025-12-10 14:59:04,309 [INFO] [成功读取表 sales_data，数据行数：27889]
2025-12-10 14:59:06,390 [INFO] [开始读取数据库表：jingpin_data]
2025-12-10 14:59:06,753 [INFO] [成功读取表 jingpin_data，数据行数：5081]
2025-12-10 14:59:06,848 [INFO] [开始读取数据库表：inventory_data]
2025-12-10 14:59:07,378 [INFO] [成功读取表 inventory_data，数据行数：5299]
2025-12-10 14:59:07,379 [INFO] [开始读取数据库表：tuiding_data]
2025-12-10 14:59:07,623 [INFO] [成功读取表 tuiding_data，数据行数：4587]
2025-12-10 14:59:07,623 [INFO] [开始读取数据库表：debit_data]
2025-12-10 14:59:09,777 [INFO] [成功读取表 debit_data，数据行数：26484]
2025-12-10 14:59:10,195 [INFO] [开始读取数据库表：sales_invoice_data]
2025-12-10 14:59:11,705 [INFO] [成功读取表 sales_invoice_data，数据行数：20370]
2025-12-10 15:30:06,644 [INFO] [数据库引擎创建成功]
2025-12-10 15:30:06,645 [INFO] [开始读取数据库表：order_data]
2025-12-10 15:30:08,577 [INFO] [成功读取表 order_data，数据行数：25359]
2025-12-10 15:30:08,946 [INFO] [开始读取数据库表：sales_data]
2025-12-10 15:30:15,979 [INFO] [成功读取表 sales_data，数据行数：27892]
2025-12-10 15:30:18,028 [INFO] [开始读取数据库表：jingpin_data]
2025-12-10 15:30:18,392 [INFO] [成功读取表 jingpin_data，数据行数：5081]
2025-12-10 15:30:18,468 [INFO] [开始读取数据库表：inventory_data]
2025-12-10 15:30:18,987 [INFO] [成功读取表 inventory_data，数据行数：5295]
2025-12-10 15:30:18,987 [INFO] [开始读取数据库表：tuiding_data]
2025-12-10 15:30:19,240 [INFO] [成功读取表 tuiding_data，数据行数：4587]
2025-12-10 15:30:19,240 [INFO] [开始读取数据库表：debit_data]
2025-12-10 15:30:21,397 [INFO] [成功读取表 debit_data，数据行数：26484]
2025-12-10 15:30:21,814 [INFO] [开始读取数据库表：sales_invoice_data]
2025-12-10 15:30:23,315 [INFO] [成功读取表 sales_invoice_data，数据行数：20373]
2025-12-10 16:14:32,970 [INFO] [数据库引擎创建成功]
2025-12-10 16:14:32,971 [INFO] [开始读取数据库表：order_data]
2025-12-10 16:14:34,962 [INFO] [成功读取表 order_data，数据行数：25367]
2025-12-10 16:14:35,292 [INFO] [开始读取数据库表：sales_data]
2025-12-10 16:14:42,040 [INFO] [成功读取表 sales_data，数据行数：27901]
2025-12-10 16:14:44,015 [INFO] [开始读取数据库表：jingpin_data]
2025-12-10 16:14:44,369 [INFO] [成功读取表 jingpin_data，数据行数：5084]
2025-12-10 16:14:44,444 [INFO] [开始读取数据库表：inventory_data]
2025-12-10 16:14:44,943 [INFO] [成功读取表 inventory_data，数据行数：5284]
2025-12-10 16:14:44,944 [INFO] [开始读取数据库表：tuiding_data]
2025-12-10 16:14:45,491 [INFO] [成功读取表 tuiding_data，数据行数：4587]
2025-12-10 16:14:45,492 [INFO] [开始读取数据库表：debit_data]
2025-12-10 16:14:47,735 [INFO] [成功读取表 debit_data，数据行数：26484]
2025-12-10 16:14:48,119 [INFO] [开始读取数据库表：sales_invoice_data]
2025-12-10 16:14:50,088 [INFO] [成功读取表 sales_invoice_data，数据行数：20382]
2025-12-10 16:31:16,949 [INFO] [数据库引擎创建成功]
2025-12-10 16:31:16,950 [INFO] [开始读取数据库表：order_data]
2025-12-10 16:31:18,942 [INFO] [成功读取表 order_data，数据行数：25367]
2025-12-10 16:31:19,284 [INFO] [开始读取数据库表：sales_data]
2025-12-10 16:31:26,056 [INFO] [成功读取表 sales_data，数据行数：27918]
2025-12-10 16:31:28,216 [INFO] [开始读取数据库表：jingpin_data]
2025-12-10 16:31:28,576 [INFO] [成功读取表 jingpin_data，数据行数：5085]
2025-12-10 16:31:28,648 [INFO] [开始读取数据库表：inventory_data]
2025-12-10 16:31:29,177 [INFO] [成功读取表 inventory_data，数据行数：5271]
2025-12-10 16:31:29,177 [INFO] [开始读取数据库表：tuiding_data]
2025-12-10 16:31:29,434 [INFO] [成功读取表 tuiding_data，数据行数：4587]
2025-12-10 16:31:29,434 [INFO] [开始读取数据库表：debit_data]
2025-12-10 16:31:31,487 [INFO] [成功读取表 debit_data，数据行数：26484]
2025-12-10 16:31:31,883 [INFO] [开始读取数据库表：sales_invoice_data]
2025-12-10 16:31:33,340 [INFO] [成功读取表 sales_invoice_data，数据行数：20398]
2025-12-10 17:01:52,299 [INFO] [数据库引擎创建成功]
2025-12-10 17:01:52,299 [INFO] [开始读取数据库表：order_data]
2025-12-10 17:01:53,848 [INFO] [成功读取表 order_data，数据行数：25379]
2025-12-10 17:01:54,143 [INFO] [开始读取数据库表：sales_data]
2025-12-10 17:02:00,180 [INFO] [成功读取表 sales_data，数据行数：27924]
2025-12-10 17:02:02,126 [INFO] [开始读取数据库表：jingpin_data]
2025-12-10 17:02:02,454 [INFO] [成功读取表 jingpin_data，数据行数：5085]
2025-12-10 17:02:02,524 [INFO] [开始读取数据库表：inventory_data]
2025-12-10 17:02:02,986 [INFO] [成功读取表 inventory_data，数据行数：5265]
2025-12-10 17:02:02,986 [INFO] [开始读取数据库表：tuiding_data]
2025-12-10 17:02:03,225 [INFO] [成功读取表 tuiding_data，数据行数：4587]
2025-12-10 17:02:03,226 [INFO] [开始读取数据库表：debit_data]
2025-12-10 17:02:05,218 [INFO] [成功读取表 debit_data，数据行数：26485]
2025-12-10 17:02:05,578 [INFO] [开始读取数据库表：sales_invoice_data]
2025-12-10 17:02:06,851 [INFO] [成功读取表 sales_invoice_data，数据行数：20403]
2025-12-10 17:31:18,180 [INFO] [数据库引擎创建成功]
2025-12-10 17:31:18,180 [INFO] [开始读取数据库表：order_data]
2025-12-10 17:31:20,163 [INFO] [成功读取表 order_data，数据行数：25379]
2025-12-10 17:31:20,510 [INFO] [开始读取数据库表：sales_data]
2025-12-10 17:31:26,791 [INFO] [成功读取表 sales_data，数据行数：27936]
2025-12-10 17:31:28,717 [INFO] [开始读取数据库表：jingpin_data]
2025-12-10 17:31:29,094 [INFO] [成功读取表 jingpin_data，数据行数：5094]
2025-12-10 17:31:29,169 [INFO] [开始读取数据库表：inventory_data]
2025-12-10 17:31:29,648 [INFO] [成功读取表 inventory_data，数据行数：5253]
2025-12-10 17:31:29,648 [INFO] [开始读取数据库表：tuiding_data]
2025-12-10 17:31:29,834 [INFO] [成功读取表 tuiding_data，数据行数：4587]
2025-12-10 17:31:29,834 [INFO] [开始读取数据库表：debit_data]
2025-12-10 17:31:31,753 [INFO] [成功读取表 debit_data，数据行数：26485]
2025-12-10 17:31:32,157 [INFO] [开始读取数据库表：sales_invoice_data]
2025-12-10 17:31:33,515 [INFO] [成功读取表 sales_invoice_data，数据行数：20415]
2025-12-10 17:57:12,188 [INFO] [数据库引擎创建成功]
2025-12-10 17:57:12,189 [INFO] [开始读取数据库表：order_data]
2025-12-10 17:57:14,120 [INFO] [成功读取表 order_data，数据行数：25391]
2025-12-10 17:57:14,473 [INFO] [开始读取数据库表：sales_data]
2025-12-10 17:57:21,546 [INFO] [成功读取表 sales_data，数据行数：27953]
2025-12-10 17:57:23,585 [INFO] [开始读取数据库表：jingpin_data]
2025-12-10 17:57:24,052 [INFO] [成功读取表 jingpin_data，数据行数：5095]
2025-12-10 17:57:24,116 [INFO] [开始读取数据库表：inventory_data]
2025-12-10 17:57:24,598 [INFO] [成功读取表 inventory_data，数据行数：5242]
2025-12-10 17:57:24,598 [INFO] [开始读取数据库表：tuiding_data]
2025-12-10 17:57:24,851 [INFO] [成功读取表 tuiding_data，数据行数：4587]
2025-12-10 17:57:24,852 [INFO] [开始读取数据库表：debit_data]
2025-12-10 17:57:26,982 [INFO] [成功读取表 debit_data，数据行数：26485]
2025-12-10 17:57:27,392 [INFO] [开始读取数据库表：sales_invoice_data]
2025-12-10 17:57:28,904 [INFO] [成功读取表 sales_invoice_data，数据行数：20423]
