2025-11-06 07:04:38,893 [INFO] [数据库引擎创建成功]
2025-11-06 07:04:38,894 [INFO] [开始读取数据库表：order_data]
2025-11-06 07:04:39,473 [INFO] [成功读取表 order_data，数据行数：22440]
2025-11-06 07:04:39,630 [INFO] [开始读取数据库表：sales_data]
2025-11-06 07:04:42,051 [INFO] [成功读取表 sales_data，数据行数：24144]
2025-11-06 07:04:43,124 [INFO] [开始读取数据库表：jingpin_data]
2025-11-06 07:04:43,197 [INFO] [成功读取表 jingpin_data，数据行数：4169]
2025-11-06 07:04:43,233 [INFO] [开始读取数据库表：inventory_data]
2025-11-06 07:04:43,541 [INFO] [成功读取表 inventory_data，数据行数：5576]
2025-11-06 07:04:43,541 [INFO] [开始读取数据库表：tuiding_data]
2025-11-06 07:04:43,648 [INFO] [成功读取表 tuiding_data，数据行数：3926]
2025-11-06 07:04:43,648 [INFO] [开始读取数据库表：debit_data]
2025-11-06 07:04:44,434 [INFO] [成功读取表 debit_data，数据行数：23912]
2025-11-06 07:04:44,655 [INFO] [开始读取数据库表：sales_invoice_data]
2025-11-06 07:04:45,117 [INFO] [成功读取表 sales_invoice_data，数据行数：17340]
2025-11-06 07:26:26,680 [INFO] [数据库引擎创建成功]
2025-11-06 07:26:26,680 [INFO] [开始读取数据库表：order_data]
2025-11-06 07:26:27,184 [INFO] [成功读取表 order_data，数据行数：22440]
2025-11-06 07:26:27,327 [INFO] [开始读取数据库表：sales_data]
2025-11-06 07:26:29,703 [INFO] [成功读取表 sales_data，数据行数：24144]
2025-11-06 07:26:30,724 [INFO] [开始读取数据库表：jingpin_data]
2025-11-06 07:26:30,793 [INFO] [成功读取表 jingpin_data，数据行数：4169]
2025-11-06 07:26:30,829 [INFO] [开始读取数据库表：inventory_data]
2025-11-06 07:26:30,985 [INFO] [成功读取表 inventory_data，数据行数：5576]
2025-11-06 07:26:30,986 [INFO] [开始读取数据库表：tuiding_data]
2025-11-06 07:26:31,036 [INFO] [成功读取表 tuiding_data，数据行数：3926]
2025-11-06 07:26:31,036 [INFO] [开始读取数据库表：debit_data]
2025-11-06 07:26:31,682 [INFO] [成功读取表 debit_data，数据行数：23912]
2025-11-06 07:26:31,864 [INFO] [开始读取数据库表：sales_invoice_data]
2025-11-06 07:26:32,295 [INFO] [成功读取表 sales_invoice_data，数据行数：17340]
2025-11-06 07:56:44,996 [INFO] [数据库引擎创建成功]
2025-11-06 07:56:44,997 [INFO] [开始读取数据库表：order_data]
2025-11-06 07:56:45,562 [INFO] [成功读取表 order_data，数据行数：22441]
2025-11-06 07:56:45,716 [INFO] [开始读取数据库表：sales_data]
2025-11-06 07:56:48,362 [INFO] [成功读取表 sales_data，数据行数：24144]
2025-11-06 07:56:49,381 [INFO] [开始读取数据库表：jingpin_data]
2025-11-06 07:56:49,477 [INFO] [成功读取表 jingpin_data，数据行数：4169]
2025-11-06 07:56:49,503 [INFO] [开始读取数据库表：inventory_data]
2025-11-06 07:56:49,659 [INFO] [成功读取表 inventory_data，数据行数：5576]
2025-11-06 07:56:49,659 [INFO] [开始读取数据库表：tuiding_data]
2025-11-06 07:56:49,717 [INFO] [成功读取表 tuiding_data，数据行数：3926]
2025-11-06 07:56:49,718 [INFO] [开始读取数据库表：debit_data]
2025-11-06 07:56:50,431 [INFO] [成功读取表 debit_data，数据行数：23912]
2025-11-06 07:56:50,618 [INFO] [开始读取数据库表：sales_invoice_data]
2025-11-06 07:56:51,122 [INFO] [成功读取表 sales_invoice_data，数据行数：17340]
2025-11-06 08:26:47,890 [INFO] [数据库引擎创建成功]
2025-11-06 08:26:47,891 [INFO] [开始读取数据库表：order_data]
2025-11-06 08:26:48,430 [INFO] [成功读取表 order_data，数据行数：22441]
2025-11-06 08:26:48,591 [INFO] [开始读取数据库表：sales_data]
2025-11-06 08:26:51,047 [INFO] [成功读取表 sales_data，数据行数：24144]
2025-11-06 08:26:52,028 [INFO] [开始读取数据库表：jingpin_data]
2025-11-06 08:26:52,138 [INFO] [成功读取表 jingpin_data，数据行数：4169]
2025-11-06 08:26:52,163 [INFO] [开始读取数据库表：inventory_data]
2025-11-06 08:26:52,331 [INFO] [成功读取表 inventory_data，数据行数：5576]
2025-11-06 08:26:52,332 [INFO] [开始读取数据库表：tuiding_data]
2025-11-06 08:26:52,414 [INFO] [成功读取表 tuiding_data，数据行数：3926]
2025-11-06 08:26:52,414 [INFO] [开始读取数据库表：debit_data]
2025-11-06 08:26:53,188 [INFO] [成功读取表 debit_data，数据行数：23912]
2025-11-06 08:26:53,358 [INFO] [开始读取数据库表：sales_invoice_data]
2025-11-06 08:26:53,772 [INFO] [成功读取表 sales_invoice_data，数据行数：17340]
2025-11-06 08:57:28,282 [INFO] [数据库引擎创建成功]
2025-11-06 08:57:28,282 [INFO] [开始读取数据库表：order_data]
2025-11-06 08:57:28,804 [INFO] [成功读取表 order_data，数据行数：22441]
2025-11-06 08:57:28,965 [INFO] [开始读取数据库表：sales_data]
2025-11-06 08:57:31,361 [INFO] [成功读取表 sales_data，数据行数：24144]
2025-11-06 08:57:33,129 [INFO] [开始读取数据库表：jingpin_data]
2025-11-06 08:57:33,240 [INFO] [成功读取表 jingpin_data，数据行数：4169]
2025-11-06 08:57:33,290 [INFO] [开始读取数据库表：inventory_data]
2025-11-06 08:57:33,545 [INFO] [成功读取表 inventory_data，数据行数：5576]
2025-11-06 08:57:33,546 [INFO] [开始读取数据库表：tuiding_data]
2025-11-06 08:57:33,648 [INFO] [成功读取表 tuiding_data，数据行数：3926]
2025-11-06 08:57:33,648 [INFO] [开始读取数据库表：debit_data]
2025-11-06 08:57:34,477 [INFO] [成功读取表 debit_data，数据行数：23912]
2025-11-06 08:57:34,661 [INFO] [开始读取数据库表：sales_invoice_data]
2025-11-06 08:57:35,447 [INFO] [成功读取表 sales_invoice_data，数据行数：17340]
2025-11-06 09:28:08,833 [INFO] [数据库引擎创建成功]
2025-11-06 09:28:08,844 [INFO] [开始读取数据库表：order_data]
2025-11-06 09:28:09,435 [INFO] [成功读取表 order_data，数据行数：22443]
2025-11-06 09:28:09,616 [INFO] [开始读取数据库表：sales_data]
2025-11-06 09:28:12,302 [INFO] [成功读取表 sales_data，数据行数：24144]
2025-11-06 09:28:13,397 [INFO] [开始读取数据库表：jingpin_data]
2025-11-06 09:28:13,493 [INFO] [成功读取表 jingpin_data，数据行数：4169]
2025-11-06 09:28:13,536 [INFO] [开始读取数据库表：inventory_data]
2025-11-06 09:28:14,047 [INFO] [成功读取表 inventory_data，数据行数：5577]
2025-11-06 09:28:14,048 [INFO] [开始读取数据库表：tuiding_data]
2025-11-06 09:28:14,250 [INFO] [成功读取表 tuiding_data，数据行数：3926]
2025-11-06 09:28:14,250 [INFO] [开始读取数据库表：debit_data]
2025-11-06 09:28:17,569 [INFO] [成功读取表 debit_data，数据行数：23912]
2025-11-06 09:28:17,960 [INFO] [开始读取数据库表：sales_invoice_data]
2025-11-06 09:28:19,027 [INFO] [成功读取表 sales_invoice_data，数据行数：17340]
2025-11-06 09:58:45,067 [INFO] [数据库引擎创建成功]
2025-11-06 09:58:45,068 [INFO] [开始读取数据库表：order_data]
2025-11-06 09:58:45,767 [INFO] [成功读取表 order_data，数据行数：22446]
2025-11-06 09:58:45,985 [INFO] [开始读取数据库表：sales_data]
2025-11-06 09:58:51,021 [INFO] [成功读取表 sales_data，数据行数：24144]
2025-11-06 09:58:53,110 [INFO] [开始读取数据库表：jingpin_data]
2025-11-06 09:58:53,380 [INFO] [成功读取表 jingpin_data，数据行数：4170]
2025-11-06 09:58:53,466 [INFO] [开始读取数据库表：inventory_data]
2025-11-06 09:58:53,952 [INFO] [成功读取表 inventory_data，数据行数：5577]
2025-11-06 09:58:53,952 [INFO] [开始读取数据库表：tuiding_data]
2025-11-06 09:58:54,171 [INFO] [成功读取表 tuiding_data，数据行数：3926]
2025-11-06 09:58:54,172 [INFO] [开始读取数据库表：debit_data]
2025-11-06 09:58:56,102 [INFO] [成功读取表 debit_data，数据行数：23912]
2025-11-06 09:58:56,498 [INFO] [开始读取数据库表：sales_invoice_data]
2025-11-06 09:58:57,584 [INFO] [成功读取表 sales_invoice_data，数据行数：17340]
2025-11-06 10:27:52,302 [INFO] [数据库引擎创建成功]
2025-11-06 10:27:52,302 [INFO] [开始读取数据库表：order_data]
2025-11-06 10:27:52,808 [INFO] [成功读取表 order_data，数据行数：22446]
2025-11-06 10:27:52,954 [INFO] [开始读取数据库表：sales_data]
2025-11-06 10:27:55,313 [INFO] [成功读取表 sales_data，数据行数：24147]
2025-11-06 10:27:56,184 [INFO] [开始读取数据库表：jingpin_data]
2025-11-06 10:27:56,271 [INFO] [成功读取表 jingpin_data，数据行数：4172]
2025-11-06 10:27:56,299 [INFO] [开始读取数据库表：inventory_data]
2025-11-06 10:27:56,482 [INFO] [成功读取表 inventory_data，数据行数：5575]
2025-11-06 10:27:56,482 [INFO] [开始读取数据库表：tuiding_data]
2025-11-06 10:27:56,554 [INFO] [成功读取表 tuiding_data，数据行数：3926]
2025-11-06 10:27:56,554 [INFO] [开始读取数据库表：debit_data]
2025-11-06 10:27:57,882 [INFO] [成功读取表 debit_data，数据行数：23912]
2025-11-06 10:27:58,231 [INFO] [开始读取数据库表：sales_invoice_data]
2025-11-06 10:27:59,208 [INFO] [成功读取表 sales_invoice_data，数据行数：17342]
2025-11-06 10:59:09,918 [INFO] [数据库引擎创建成功]
2025-11-06 10:59:09,919 [INFO] [开始读取数据库表：order_data]
2025-11-06 10:59:10,439 [INFO] [成功读取表 order_data，数据行数：22448]
2025-11-06 10:59:10,590 [INFO] [开始读取数据库表：sales_data]
2025-11-06 10:59:12,983 [INFO] [成功读取表 sales_data，数据行数：24147]
2025-11-06 10:59:13,848 [INFO] [开始读取数据库表：jingpin_data]
2025-11-06 10:59:13,922 [INFO] [成功读取表 jingpin_data，数据行数：4172]
2025-11-06 10:59:13,952 [INFO] [开始读取数据库表：inventory_data]
2025-11-06 10:59:14,129 [INFO] [成功读取表 inventory_data，数据行数：5575]
2025-11-06 10:59:14,130 [INFO] [开始读取数据库表：tuiding_data]
2025-11-06 10:59:14,203 [INFO] [成功读取表 tuiding_data，数据行数：3928]
2025-11-06 10:59:14,203 [INFO] [开始读取数据库表：debit_data]
2025-11-06 10:59:15,089 [INFO] [成功读取表 debit_data，数据行数：23912]
2025-11-06 10:59:15,435 [INFO] [开始读取数据库表：sales_invoice_data]
2025-11-06 10:59:16,407 [INFO] [成功读取表 sales_invoice_data，数据行数：17342]
2025-11-06 11:27:18,000 [INFO] [数据库引擎创建成功]
2025-11-06 11:27:18,000 [INFO] [开始读取数据库表：order_data]
2025-11-06 11:27:18,562 [INFO] [成功读取表 order_data，数据行数：22448]
2025-11-06 11:27:18,709 [INFO] [开始读取数据库表：sales_data]
2025-11-06 11:27:21,375 [INFO] [成功读取表 sales_data，数据行数：24153]
2025-11-06 11:27:22,486 [INFO] [开始读取数据库表：jingpin_data]
2025-11-06 11:27:22,600 [INFO] [成功读取表 jingpin_data，数据行数：4175]
2025-11-06 11:27:22,643 [INFO] [开始读取数据库表：inventory_data]
2025-11-06 11:27:23,123 [INFO] [成功读取表 inventory_data，数据行数：5570]
2025-11-06 11:27:23,124 [INFO] [开始读取数据库表：tuiding_data]
2025-11-06 11:27:23,331 [INFO] [成功读取表 tuiding_data，数据行数：3928]
2025-11-06 11:27:23,331 [INFO] [开始读取数据库表：debit_data]
2025-11-06 11:27:24,972 [INFO] [成功读取表 debit_data，数据行数：23912]
2025-11-06 11:27:25,314 [INFO] [开始读取数据库表：sales_invoice_data]
2025-11-06 11:27:26,239 [INFO] [成功读取表 sales_invoice_data，数据行数：17345]
2025-11-06 11:57:32,000 [INFO] [数据库引擎创建成功]
2025-11-06 11:57:32,001 [INFO] [开始读取数据库表：order_data]
2025-11-06 11:57:32,680 [INFO] [成功读取表 order_data，数据行数：22448]
2025-11-06 11:57:32,865 [INFO] [开始读取数据库表：sales_data]
2025-11-06 11:57:35,856 [INFO] [成功读取表 sales_data，数据行数：24157]
2025-11-06 11:57:37,896 [INFO] [开始读取数据库表：jingpin_data]
2025-11-06 11:57:38,199 [INFO] [成功读取表 jingpin_data，数据行数：4177]
2025-11-06 11:57:38,303 [INFO] [开始读取数据库表：inventory_data]
2025-11-06 11:57:38,822 [INFO] [成功读取表 inventory_data，数据行数：5577]
2025-11-06 11:57:38,822 [INFO] [开始读取数据库表：tuiding_data]
2025-11-06 11:57:39,014 [INFO] [成功读取表 tuiding_data，数据行数：3929]
2025-11-06 11:57:39,014 [INFO] [开始读取数据库表：debit_data]
2025-11-06 11:57:40,839 [INFO] [成功读取表 debit_data，数据行数：23923]
2025-11-06 11:57:41,201 [INFO] [开始读取数据库表：sales_invoice_data]
2025-11-06 11:57:42,409 [INFO] [成功读取表 sales_invoice_data，数据行数：17349]
2025-11-06 12:24:59,982 [INFO] [数据库引擎创建成功]
2025-11-06 12:24:59,983 [INFO] [开始读取数据库表：order_data]
2025-11-06 12:25:00,489 [INFO] [成功读取表 order_data，数据行数：22448]
2025-11-06 12:25:00,629 [INFO] [开始读取数据库表：sales_data]
2025-11-06 12:25:03,124 [INFO] [成功读取表 sales_data，数据行数：24157]
2025-11-06 12:25:04,069 [INFO] [开始读取数据库表：jingpin_data]
2025-11-06 12:25:04,154 [INFO] [成功读取表 jingpin_data，数据行数：4177]
2025-11-06 12:25:04,218 [INFO] [开始读取数据库表：inventory_data]
2025-11-06 12:25:04,434 [INFO] [成功读取表 inventory_data，数据行数：5577]
2025-11-06 12:25:04,434 [INFO] [开始读取数据库表：tuiding_data]
2025-11-06 12:25:04,517 [INFO] [成功读取表 tuiding_data，数据行数：3929]
2025-11-06 12:25:04,518 [INFO] [开始读取数据库表：debit_data]
2025-11-06 12:25:05,259 [INFO] [成功读取表 debit_data，数据行数：23923]
2025-11-06 12:25:05,447 [INFO] [开始读取数据库表：sales_invoice_data]
2025-11-06 12:25:05,940 [INFO] [成功读取表 sales_invoice_data，数据行数：17349]
2025-11-06 12:57:15,573 [INFO] [数据库引擎创建成功]
2025-11-06 12:57:15,573 [INFO] [开始读取数据库表：order_data]
2025-11-06 12:57:16,289 [INFO] [成功读取表 order_data，数据行数：22456]
2025-11-06 12:57:16,503 [INFO] [开始读取数据库表：sales_data]
2025-11-06 12:57:19,854 [INFO] [成功读取表 sales_data，数据行数：24161]
2025-11-06 12:57:20,982 [INFO] [开始读取数据库表：jingpin_data]
2025-11-06 12:57:21,099 [INFO] [成功读取表 jingpin_data，数据行数：4185]
2025-11-06 12:57:21,133 [INFO] [开始读取数据库表：inventory_data]
2025-11-06 12:57:21,420 [INFO] [成功读取表 inventory_data，数据行数：5574]
2025-11-06 12:57:21,420 [INFO] [开始读取数据库表：tuiding_data]
2025-11-06 12:57:21,500 [INFO] [成功读取表 tuiding_data，数据行数：3929]
2025-11-06 12:57:21,500 [INFO] [开始读取数据库表：debit_data]
2025-11-06 12:57:24,136 [INFO] [成功读取表 debit_data，数据行数：23962]
2025-11-06 12:57:24,493 [INFO] [开始读取数据库表：sales_invoice_data]
2025-11-06 12:57:25,510 [INFO] [成功读取表 sales_invoice_data，数据行数：17353]
2025-11-06 13:27:08,685 [INFO] [数据库引擎创建成功]
2025-11-06 13:27:08,685 [INFO] [开始读取数据库表：order_data]
2025-11-06 13:27:09,357 [INFO] [成功读取表 order_data，数据行数：22461]
2025-11-06 13:27:09,533 [INFO] [开始读取数据库表：sales_data]
2025-11-06 13:27:13,095 [INFO] [成功读取表 sales_data，数据行数：24164]
2025-11-06 13:27:14,541 [INFO] [开始读取数据库表：jingpin_data]
2025-11-06 13:27:14,690 [INFO] [成功读取表 jingpin_data，数据行数：4185]
2025-11-06 13:27:14,740 [INFO] [开始读取数据库表：inventory_data]
2025-11-06 13:27:15,197 [INFO] [成功读取表 inventory_data，数据行数：5571]
2025-11-06 13:27:15,197 [INFO] [开始读取数据库表：tuiding_data]
2025-11-06 13:27:15,352 [INFO] [成功读取表 tuiding_data，数据行数：3929]
2025-11-06 13:27:15,353 [INFO] [开始读取数据库表：debit_data]
2025-11-06 13:27:16,793 [INFO] [成功读取表 debit_data，数据行数：23962]
2025-11-06 13:27:17,096 [INFO] [开始读取数据库表：sales_invoice_data]
2025-11-06 13:27:18,067 [INFO] [成功读取表 sales_invoice_data，数据行数：17356]
2025-11-06 13:58:29,520 [INFO] [数据库引擎创建成功]
2025-11-06 13:58:29,521 [INFO] [开始读取数据库表：order_data]
2025-11-06 13:58:30,218 [INFO] [成功读取表 order_data，数据行数：22466]
2025-11-06 13:58:30,444 [INFO] [开始读取数据库表：sales_data]
2025-11-06 13:58:33,196 [INFO] [成功读取表 sales_data，数据行数：24168]
2025-11-06 13:58:34,293 [INFO] [开始读取数据库表：jingpin_data]
2025-11-06 13:58:34,512 [INFO] [成功读取表 jingpin_data，数据行数：4188]
2025-11-06 13:58:34,585 [INFO] [开始读取数据库表：inventory_data]
2025-11-06 13:58:35,119 [INFO] [成功读取表 inventory_data，数据行数：5566]
2025-11-06 13:58:35,119 [INFO] [开始读取数据库表：tuiding_data]
2025-11-06 13:58:35,287 [INFO] [成功读取表 tuiding_data，数据行数：3929]
2025-11-06 13:58:35,287 [INFO] [开始读取数据库表：debit_data]
2025-11-06 13:58:36,871 [INFO] [成功读取表 debit_data，数据行数：23962]
2025-11-06 13:58:37,229 [INFO] [开始读取数据库表：sales_invoice_data]
2025-11-06 13:58:38,189 [INFO] [成功读取表 sales_invoice_data，数据行数：17360]
2025-11-06 14:27:30,590 [INFO] [数据库引擎创建成功]
2025-11-06 14:27:30,591 [INFO] [开始读取数据库表：order_data]
2025-11-06 14:27:31,309 [INFO] [成功读取表 order_data，数据行数：22467]
2025-11-06 14:27:31,480 [INFO] [开始读取数据库表：sales_data]
2025-11-06 14:27:34,103 [INFO] [成功读取表 sales_data，数据行数：24175]
2025-11-06 14:27:35,389 [INFO] [开始读取数据库表：jingpin_data]
2025-11-06 14:27:35,622 [INFO] [成功读取表 jingpin_data，数据行数：4188]
2025-11-06 14:27:35,691 [INFO] [开始读取数据库表：inventory_data]
2025-11-06 14:27:36,169 [INFO] [成功读取表 inventory_data，数据行数：5562]
2025-11-06 14:27:36,169 [INFO] [开始读取数据库表：tuiding_data]
2025-11-06 14:27:36,356 [INFO] [成功读取表 tuiding_data，数据行数：3929]
2025-11-06 14:27:36,356 [INFO] [开始读取数据库表：debit_data]
2025-11-06 14:27:37,990 [INFO] [成功读取表 debit_data，数据行数：23964]
2025-11-06 14:27:38,360 [INFO] [开始读取数据库表：sales_invoice_data]
2025-11-06 14:27:39,441 [INFO] [成功读取表 sales_invoice_data，数据行数：17366]
2025-11-06 14:58:26,298 [INFO] [数据库引擎创建成功]
2025-11-06 14:58:26,298 [INFO] [开始读取数据库表：order_data]
2025-11-06 14:58:26,850 [INFO] [成功读取表 order_data，数据行数：22468]
2025-11-06 14:58:26,997 [INFO] [开始读取数据库表：sales_data]
2025-11-06 14:58:29,845 [INFO] [成功读取表 sales_data，数据行数：24181]
2025-11-06 14:58:30,839 [INFO] [开始读取数据库表：jingpin_data]
2025-11-06 14:58:30,938 [INFO] [成功读取表 jingpin_data，数据行数：4188]
2025-11-06 14:58:30,969 [INFO] [开始读取数据库表：inventory_data]
2025-11-06 14:58:31,410 [INFO] [成功读取表 inventory_data，数据行数：5556]
2025-11-06 14:58:31,410 [INFO] [开始读取数据库表：tuiding_data]
2025-11-06 14:58:31,579 [INFO] [成功读取表 tuiding_data，数据行数：3936]
2025-11-06 14:58:31,579 [INFO] [开始读取数据库表：debit_data]
2025-11-06 14:58:33,236 [INFO] [成功读取表 debit_data，数据行数：23964]
2025-11-06 14:58:33,612 [INFO] [开始读取数据库表：sales_invoice_data]
2025-11-06 14:58:34,693 [INFO] [成功读取表 sales_invoice_data，数据行数：17370]
2025-11-06 15:27:23,562 [INFO] [数据库引擎创建成功]
2025-11-06 15:27:23,562 [INFO] [开始读取数据库表：order_data]
2025-11-06 15:27:24,127 [INFO] [成功读取表 order_data，数据行数：22471]
2025-11-06 15:27:24,277 [INFO] [开始读取数据库表：sales_data]
2025-11-06 15:27:26,758 [INFO] [成功读取表 sales_data，数据行数：24188]
2025-11-06 15:27:27,654 [INFO] [开始读取数据库表：jingpin_data]
2025-11-06 15:27:27,745 [INFO] [成功读取表 jingpin_data，数据行数：4189]
2025-11-06 15:27:27,776 [INFO] [开始读取数据库表：inventory_data]
2025-11-06 15:27:27,970 [INFO] [成功读取表 inventory_data，数据行数：5554]
2025-11-06 15:27:27,971 [INFO] [开始读取数据库表：tuiding_data]
2025-11-06 15:27:28,052 [INFO] [成功读取表 tuiding_data，数据行数：3939]
2025-11-06 15:27:28,052 [INFO] [开始读取数据库表：debit_data]
2025-11-06 15:27:30,859 [INFO] [成功读取表 debit_data，数据行数：23964]
2025-11-06 15:27:31,217 [INFO] [开始读取数据库表：sales_invoice_data]
2025-11-06 15:27:32,294 [INFO] [成功读取表 sales_invoice_data，数据行数：17374]
2025-11-06 15:58:12,221 [INFO] [数据库引擎创建成功]
2025-11-06 15:58:12,221 [INFO] [开始读取数据库表：order_data]
2025-11-06 15:58:12,736 [INFO] [成功读取表 order_data，数据行数：22468]
2025-11-06 15:58:12,899 [INFO] [开始读取数据库表：sales_data]
2025-11-06 15:58:16,028 [INFO] [成功读取表 sales_data，数据行数：24194]
2025-11-06 15:58:17,624 [INFO] [开始读取数据库表：jingpin_data]
2025-11-06 15:58:17,903 [INFO] [成功读取表 jingpin_data，数据行数：4189]
2025-11-06 15:58:17,983 [INFO] [开始读取数据库表：inventory_data]
2025-11-06 15:58:18,450 [INFO] [成功读取表 inventory_data，数据行数：5548]
2025-11-06 15:58:18,451 [INFO] [开始读取数据库表：tuiding_data]
2025-11-06 15:58:18,615 [INFO] [成功读取表 tuiding_data，数据行数：3949]
2025-11-06 15:58:18,616 [INFO] [开始读取数据库表：debit_data]
2025-11-06 15:58:20,299 [INFO] [成功读取表 debit_data，数据行数：23964]
2025-11-06 15:58:20,656 [INFO] [开始读取数据库表：sales_invoice_data]
2025-11-06 15:58:21,735 [INFO] [成功读取表 sales_invoice_data，数据行数：17379]
2025-11-06 16:28:29,283 [INFO] [数据库引擎创建成功]
2025-11-06 16:28:29,283 [INFO] [开始读取数据库表：order_data]
2025-11-06 16:28:29,942 [INFO] [成功读取表 order_data，数据行数：22470]
2025-11-06 16:28:30,140 [INFO] [开始读取数据库表：sales_data]
2025-11-06 16:28:33,779 [INFO] [成功读取表 sales_data，数据行数：24199]
2025-11-06 16:28:35,936 [INFO] [开始读取数据库表：jingpin_data]
2025-11-06 16:28:36,155 [INFO] [成功读取表 jingpin_data，数据行数：4190]
2025-11-06 16:28:36,228 [INFO] [开始读取数据库表：inventory_data]
2025-11-06 16:28:36,675 [INFO] [成功读取表 inventory_data，数据行数：5545]
2025-11-06 16:28:36,675 [INFO] [开始读取数据库表：tuiding_data]
2025-11-06 16:28:36,841 [INFO] [成功读取表 tuiding_data，数据行数：3949]
2025-11-06 16:28:36,841 [INFO] [开始读取数据库表：debit_data]
2025-11-06 16:28:38,760 [INFO] [成功读取表 debit_data，数据行数：23964]
2025-11-06 16:28:39,191 [INFO] [开始读取数据库表：sales_invoice_data]
2025-11-06 16:28:40,358 [INFO] [成功读取表 sales_invoice_data，数据行数：17382]
2025-11-06 16:57:51,841 [INFO] [数据库引擎创建成功]
2025-11-06 16:57:51,841 [INFO] [开始读取数据库表：order_data]
2025-11-06 16:57:52,415 [INFO] [成功读取表 order_data，数据行数：22476]
2025-11-06 16:57:52,564 [INFO] [开始读取数据库表：sales_data]
2025-11-06 16:57:54,966 [INFO] [成功读取表 sales_data，数据行数：24204]
2025-11-06 16:57:55,926 [INFO] [开始读取数据库表：jingpin_data]
2025-11-06 16:57:56,023 [INFO] [成功读取表 jingpin_data，数据行数：4195]
2025-11-06 16:57:56,058 [INFO] [开始读取数据库表：inventory_data]
2025-11-06 16:57:56,258 [INFO] [成功读取表 inventory_data，数据行数：5540]
2025-11-06 16:57:56,258 [INFO] [开始读取数据库表：tuiding_data]
2025-11-06 16:57:56,332 [INFO] [成功读取表 tuiding_data，数据行数：3949]
2025-11-06 16:57:56,332 [INFO] [开始读取数据库表：debit_data]
2025-11-06 16:57:57,942 [INFO] [成功读取表 debit_data，数据行数：23964]
2025-11-06 16:57:58,322 [INFO] [开始读取数据库表：sales_invoice_data]
2025-11-06 16:57:59,377 [INFO] [成功读取表 sales_invoice_data，数据行数：17387]
2025-11-06 17:28:23,197 [INFO] [数据库引擎创建成功]
2025-11-06 17:28:23,198 [INFO] [开始读取数据库表：order_data]
2025-11-06 17:28:24,074 [INFO] [成功读取表 order_data，数据行数：22473]
2025-11-06 17:28:24,310 [INFO] [开始读取数据库表：sales_data]
2025-11-06 17:28:28,679 [INFO] [成功读取表 sales_data，数据行数：24214]
2025-11-06 17:28:30,793 [INFO] [开始读取数据库表：jingpin_data]
2025-11-06 17:28:31,018 [INFO] [成功读取表 jingpin_data，数据行数：4195]
2025-11-06 17:28:31,092 [INFO] [开始读取数据库表：inventory_data]
2025-11-06 17:28:31,596 [INFO] [成功读取表 inventory_data，数据行数：5533]
2025-11-06 17:28:31,596 [INFO] [开始读取数据库表：tuiding_data]
2025-11-06 17:28:31,810 [INFO] [成功读取表 tuiding_data，数据行数：3955]
2025-11-06 17:28:31,810 [INFO] [开始读取数据库表：debit_data]
2025-11-06 17:28:33,628 [INFO] [成功读取表 debit_data，数据行数：23964]
2025-11-06 17:28:36,214 [INFO] [开始读取数据库表：sales_invoice_data]
2025-11-06 17:28:37,717 [INFO] [成功读取表 sales_invoice_data，数据行数：17394]
2025-11-06 17:58:08,252 [INFO] [数据库引擎创建成功]
2025-11-06 17:58:08,253 [INFO] [开始读取数据库表：order_data]
2025-11-06 17:58:09,117 [INFO] [成功读取表 order_data，数据行数：22485]
2025-11-06 17:58:09,335 [INFO] [开始读取数据库表：sales_data]
2025-11-06 17:58:13,942 [INFO] [成功读取表 sales_data，数据行数：24225]
2025-11-06 17:58:16,212 [INFO] [开始读取数据库表：jingpin_data]
2025-11-06 17:58:16,469 [INFO] [成功读取表 jingpin_data，数据行数：4196]
2025-11-06 17:58:16,561 [INFO] [开始读取数据库表：inventory_data]
2025-11-06 17:58:17,120 [INFO] [成功读取表 inventory_data，数据行数：5524]
2025-11-06 17:58:17,120 [INFO] [开始读取数据库表：tuiding_data]
2025-11-06 17:58:17,355 [INFO] [成功读取表 tuiding_data，数据行数：3955]
2025-11-06 17:58:17,356 [INFO] [开始读取数据库表：debit_data]
2025-11-06 17:58:19,458 [INFO] [成功读取表 debit_data，数据行数：23964]
2025-11-06 17:58:19,898 [INFO] [开始读取数据库表：sales_invoice_data]
2025-11-06 17:58:21,190 [INFO] [成功读取表 sales_invoice_data，数据行数：17404]
2025-11-06 18:27:10,557 [INFO] [数据库引擎创建成功]
2025-11-06 18:27:10,566 [INFO] [开始读取数据库表：order_data]
2025-11-06 18:27:11,203 [INFO] [成功读取表 order_data，数据行数：22492]
2025-11-06 18:27:11,403 [INFO] [开始读取数据库表：sales_data]
2025-11-06 18:27:14,272 [INFO] [成功读取表 sales_data，数据行数：24243]
2025-11-06 18:27:15,424 [INFO] [开始读取数据库表：jingpin_data]
2025-11-06 18:27:15,547 [INFO] [成功读取表 jingpin_data，数据行数：4196]
2025-11-06 18:27:15,588 [INFO] [开始读取数据库表：inventory_data]
2025-11-06 18:27:15,856 [INFO] [成功读取表 inventory_data，数据行数：5514]
2025-11-06 18:27:15,857 [INFO] [开始读取数据库表：tuiding_data]
2025-11-06 18:27:15,953 [INFO] [成功读取表 tuiding_data，数据行数：3955]
2025-11-06 18:27:15,953 [INFO] [开始读取数据库表：debit_data]
2025-11-06 18:27:16,841 [INFO] [成功读取表 debit_data，数据行数：23964]
2025-11-06 18:27:17,215 [INFO] [开始读取数据库表：sales_invoice_data]
2025-11-06 18:27:18,256 [INFO] [成功读取表 sales_invoice_data，数据行数：17414]
2025-11-06 18:57:18,698 [INFO] [数据库引擎创建成功]
2025-11-06 18:57:18,698 [INFO] [开始读取数据库表：order_data]
2025-11-06 18:57:19,188 [INFO] [成功读取表 order_data，数据行数：22487]
2025-11-06 18:57:19,342 [INFO] [开始读取数据库表：sales_data]
2025-11-06 18:57:21,835 [INFO] [成功读取表 sales_data，数据行数：24243]
2025-11-06 18:57:22,864 [INFO] [开始读取数据库表：jingpin_data]
2025-11-06 18:57:22,949 [INFO] [成功读取表 jingpin_data，数据行数：4196]
2025-11-06 18:57:22,978 [INFO] [开始读取数据库表：inventory_data]
2025-11-06 18:57:23,153 [INFO] [成功读取表 inventory_data，数据行数：5514]
2025-11-06 18:57:23,154 [INFO] [开始读取数据库表：tuiding_data]
2025-11-06 18:57:23,218 [INFO] [成功读取表 tuiding_data，数据行数：3960]
2025-11-06 18:57:23,218 [INFO] [开始读取数据库表：debit_data]
2025-11-06 18:57:23,889 [INFO] [成功读取表 debit_data，数据行数：23964]
2025-11-06 18:57:24,079 [INFO] [开始读取数据库表：sales_invoice_data]
2025-11-06 18:57:24,637 [INFO] [成功读取表 sales_invoice_data，数据行数：17414]
2025-11-06 19:27:27,903 [INFO] [数据库引擎创建成功]
2025-11-06 19:27:27,903 [INFO] [开始读取数据库表：order_data]
2025-11-06 19:27:28,508 [INFO] [成功读取表 order_data，数据行数：22490]
2025-11-06 19:27:28,666 [INFO] [开始读取数据库表：sales_data]
2025-11-06 19:27:31,448 [INFO] [成功读取表 sales_data，数据行数：24243]
2025-11-06 19:27:32,614 [INFO] [开始读取数据库表：jingpin_data]
2025-11-06 19:27:32,747 [INFO] [成功读取表 jingpin_data，数据行数：4196]
2025-11-06 19:27:32,785 [INFO] [开始读取数据库表：inventory_data]
2025-11-06 19:27:32,998 [INFO] [成功读取表 inventory_data，数据行数：5514]
2025-11-06 19:27:32,998 [INFO] [开始读取数据库表：tuiding_data]
2025-11-06 19:27:33,091 [INFO] [成功读取表 tuiding_data，数据行数：3960]
2025-11-06 19:27:33,091 [INFO] [开始读取数据库表：debit_data]
2025-11-06 19:27:33,939 [INFO] [成功读取表 debit_data，数据行数：23964]
2025-11-06 19:27:34,215 [INFO] [开始读取数据库表：sales_invoice_data]
2025-11-06 19:27:35,360 [INFO] [成功读取表 sales_invoice_data，数据行数：17414]
2025-11-06 19:57:31,404 [INFO] [数据库引擎创建成功]
2025-11-06 19:57:31,405 [INFO] [开始读取数据库表：order_data]
2025-11-06 19:57:32,068 [INFO] [成功读取表 order_data，数据行数：22490]
2025-11-06 19:57:32,229 [INFO] [开始读取数据库表：sales_data]
2025-11-06 19:57:35,308 [INFO] [成功读取表 sales_data，数据行数：24243]
2025-11-06 19:57:36,529 [INFO] [开始读取数据库表：jingpin_data]
2025-11-06 19:57:36,677 [INFO] [成功读取表 jingpin_data，数据行数：4196]
2025-11-06 19:57:36,729 [INFO] [开始读取数据库表：inventory_data]
2025-11-06 19:57:37,030 [INFO] [成功读取表 inventory_data，数据行数：5514]
2025-11-06 19:57:37,030 [INFO] [开始读取数据库表：tuiding_data]
2025-11-06 19:57:37,141 [INFO] [成功读取表 tuiding_data，数据行数：3962]
2025-11-06 19:57:37,141 [INFO] [开始读取数据库表：debit_data]
2025-11-06 19:57:38,928 [INFO] [成功读取表 debit_data，数据行数：23964]
2025-11-06 19:57:39,294 [INFO] [开始读取数据库表：sales_invoice_data]
2025-11-06 19:57:41,503 [INFO] [成功读取表 sales_invoice_data，数据行数：17414]
2025-11-06 20:27:21,958 [INFO] [数据库引擎创建成功]
2025-11-06 20:27:21,958 [INFO] [开始读取数据库表：order_data]
2025-11-06 20:27:22,873 [INFO] [成功读取表 order_data，数据行数：22491]
2025-11-06 20:27:23,106 [INFO] [开始读取数据库表：sales_data]
2025-11-06 20:27:26,121 [INFO] [成功读取表 sales_data，数据行数：24244]
2025-11-06 20:27:27,169 [INFO] [开始读取数据库表：jingpin_data]
2025-11-06 20:27:27,275 [INFO] [成功读取表 jingpin_data，数据行数：4196]
2025-11-06 20:27:27,312 [INFO] [开始读取数据库表：inventory_data]
2025-11-06 20:27:27,550 [INFO] [成功读取表 inventory_data，数据行数：5513]
2025-11-06 20:27:27,550 [INFO] [开始读取数据库表：tuiding_data]
2025-11-06 20:27:27,637 [INFO] [成功读取表 tuiding_data，数据行数：3962]
2025-11-06 20:27:27,637 [INFO] [开始读取数据库表：debit_data]
2025-11-06 20:27:29,410 [INFO] [成功读取表 debit_data，数据行数：23964]
2025-11-06 20:27:29,789 [INFO] [开始读取数据库表：sales_invoice_data]
2025-11-06 20:27:30,805 [INFO] [成功读取表 sales_invoice_data，数据行数：17415]
2025-11-06 20:57:11,615 [INFO] [数据库引擎创建成功]
2025-11-06 20:57:11,615 [INFO] [开始读取数据库表：order_data]
2025-11-06 20:57:12,160 [INFO] [成功读取表 order_data，数据行数：22491]
2025-11-06 20:57:12,302 [INFO] [开始读取数据库表：sales_data]
2025-11-06 20:57:15,279 [INFO] [成功读取表 sales_data，数据行数：24244]
2025-11-06 20:57:16,432 [INFO] [开始读取数据库表：jingpin_data]
2025-11-06 20:57:16,573 [INFO] [成功读取表 jingpin_data，数据行数：4196]
2025-11-06 20:57:16,617 [INFO] [开始读取数据库表：inventory_data]
2025-11-06 20:57:16,876 [INFO] [成功读取表 inventory_data，数据行数：5513]
2025-11-06 20:57:16,876 [INFO] [开始读取数据库表：tuiding_data]
2025-11-06 20:57:16,997 [INFO] [成功读取表 tuiding_data，数据行数：3962]
2025-11-06 20:57:16,998 [INFO] [开始读取数据库表：debit_data]
2025-11-06 20:57:17,845 [INFO] [成功读取表 debit_data，数据行数：23964]
2025-11-06 20:57:18,043 [INFO] [开始读取数据库表：sales_invoice_data]
2025-11-06 20:57:19,266 [INFO] [成功读取表 sales_invoice_data，数据行数：17415]
2025-11-06 21:27:04,512 [INFO] [数据库引擎创建成功]
2025-11-06 21:27:04,512 [INFO] [开始读取数据库表：order_data]
2025-11-06 21:27:05,145 [INFO] [成功读取表 order_data，数据行数：22492]
2025-11-06 21:27:05,354 [INFO] [开始读取数据库表：sales_data]
2025-11-06 21:27:08,495 [INFO] [成功读取表 sales_data，数据行数：24244]
2025-11-06 21:27:09,679 [INFO] [开始读取数据库表：jingpin_data]
2025-11-06 21:27:09,799 [INFO] [成功读取表 jingpin_data，数据行数：4196]
2025-11-06 21:27:09,842 [INFO] [开始读取数据库表：inventory_data]
2025-11-06 21:27:10,034 [INFO] [成功读取表 inventory_data，数据行数：5522]
2025-11-06 21:27:10,034 [INFO] [开始读取数据库表：tuiding_data]
2025-11-06 21:27:10,120 [INFO] [成功读取表 tuiding_data，数据行数：3962]
2025-11-06 21:27:10,120 [INFO] [开始读取数据库表：debit_data]
2025-11-06 21:27:11,032 [INFO] [成功读取表 debit_data，数据行数：23973]
2025-11-06 21:27:11,400 [INFO] [开始读取数据库表：sales_invoice_data]
2025-11-06 21:27:12,519 [INFO] [成功读取表 sales_invoice_data，数据行数：17415]
2025-11-06 21:57:31,424 [INFO] [数据库引擎创建成功]
2025-11-06 21:57:31,424 [INFO] [开始读取数据库表：order_data]
2025-11-06 21:57:32,098 [INFO] [成功读取表 order_data，数据行数：22492]
2025-11-06 21:57:32,299 [INFO] [开始读取数据库表：sales_data]
2025-11-06 21:57:35,067 [INFO] [成功读取表 sales_data，数据行数：24244]
2025-11-06 21:57:36,380 [INFO] [开始读取数据库表：jingpin_data]
2025-11-06 21:57:36,495 [INFO] [成功读取表 jingpin_data，数据行数：4196]
2025-11-06 21:57:36,526 [INFO] [开始读取数据库表：inventory_data]
2025-11-06 21:57:36,801 [INFO] [成功读取表 inventory_data，数据行数：5523]
2025-11-06 21:57:36,801 [INFO] [开始读取数据库表：tuiding_data]
2025-11-06 21:57:36,901 [INFO] [成功读取表 tuiding_data，数据行数：3962]
2025-11-06 21:57:36,902 [INFO] [开始读取数据库表：debit_data]
2025-11-06 21:57:38,449 [INFO] [成功读取表 debit_data，数据行数：24023]
2025-11-06 21:57:38,849 [INFO] [开始读取数据库表：sales_invoice_data]
2025-11-06 21:57:39,971 [INFO] [成功读取表 sales_invoice_data，数据行数：17415]
2025-11-06 22:27:32,068 [INFO] [数据库引擎创建成功]
2025-11-06 22:27:32,069 [INFO] [开始读取数据库表：order_data]
2025-11-06 22:27:32,692 [INFO] [成功读取表 order_data，数据行数：22492]
2025-11-06 22:27:32,873 [INFO] [开始读取数据库表：sales_data]
2025-11-06 22:27:35,715 [INFO] [成功读取表 sales_data，数据行数：24244]
2025-11-06 22:27:36,733 [INFO] [开始读取数据库表：jingpin_data]
2025-11-06 22:27:36,864 [INFO] [成功读取表 jingpin_data，数据行数：4196]
2025-11-06 22:27:36,911 [INFO] [开始读取数据库表：inventory_data]
2025-11-06 22:27:37,140 [INFO] [成功读取表 inventory_data，数据行数：5523]
2025-11-06 22:27:37,141 [INFO] [开始读取数据库表：tuiding_data]
2025-11-06 22:27:37,262 [INFO] [成功读取表 tuiding_data，数据行数：3962]
2025-11-06 22:27:37,263 [INFO] [开始读取数据库表：debit_data]
2025-11-06 22:27:38,630 [INFO] [成功读取表 debit_data，数据行数：24023]
2025-11-06 22:27:38,984 [INFO] [开始读取数据库表：sales_invoice_data]
2025-11-06 22:27:40,093 [INFO] [成功读取表 sales_invoice_data，数据行数：17415]
2025-11-06 22:57:21,396 [INFO] [数据库引擎创建成功]
2025-11-06 22:57:21,396 [INFO] [开始读取数据库表：order_data]
2025-11-06 22:57:22,082 [INFO] [成功读取表 order_data，数据行数：22492]
2025-11-06 22:57:22,297 [INFO] [开始读取数据库表：sales_data]
2025-11-06 22:57:25,643 [INFO] [成功读取表 sales_data，数据行数：24244]
2025-11-06 22:57:26,832 [INFO] [开始读取数据库表：jingpin_data]
2025-11-06 22:57:26,946 [INFO] [成功读取表 jingpin_data，数据行数：4196]
2025-11-06 22:57:26,984 [INFO] [开始读取数据库表：inventory_data]
2025-11-06 22:57:27,251 [INFO] [成功读取表 inventory_data，数据行数：5523]
2025-11-06 22:57:27,252 [INFO] [开始读取数据库表：tuiding_data]
2025-11-06 22:57:27,353 [INFO] [成功读取表 tuiding_data，数据行数：3962]
2025-11-06 22:57:27,353 [INFO] [开始读取数据库表：debit_data]
2025-11-06 22:57:28,831 [INFO] [成功读取表 debit_data，数据行数：24023]
2025-11-06 22:57:29,205 [INFO] [开始读取数据库表：sales_invoice_data]
2025-11-06 22:57:30,256 [INFO] [成功读取表 sales_invoice_data，数据行数：17415]
2025-11-06 23:27:24,715 [INFO] [数据库引擎创建成功]
2025-11-06 23:27:24,715 [INFO] [开始读取数据库表：order_data]
2025-11-06 23:27:25,320 [INFO] [成功读取表 order_data，数据行数：22492]
2025-11-06 23:27:25,483 [INFO] [开始读取数据库表：sales_data]
2025-11-06 23:27:28,702 [INFO] [成功读取表 sales_data，数据行数：24244]
2025-11-06 23:27:29,869 [INFO] [开始读取数据库表：jingpin_data]
2025-11-06 23:27:29,986 [INFO] [成功读取表 jingpin_data，数据行数：4196]
2025-11-06 23:27:30,024 [INFO] [开始读取数据库表：inventory_data]
2025-11-06 23:27:30,319 [INFO] [成功读取表 inventory_data，数据行数：5523]
2025-11-06 23:27:30,319 [INFO] [开始读取数据库表：tuiding_data]
2025-11-06 23:27:30,430 [INFO] [成功读取表 tuiding_data，数据行数：3962]
2025-11-06 23:27:30,430 [INFO] [开始读取数据库表：debit_data]
2025-11-06 23:27:31,586 [INFO] [成功读取表 debit_data，数据行数：24034]
2025-11-06 23:27:31,946 [INFO] [开始读取数据库表：sales_invoice_data]
2025-11-06 23:27:33,965 [INFO] [成功读取表 sales_invoice_data，数据行数：17415]
2025-11-06 23:57:23,029 [INFO] [数据库引擎创建成功]
2025-11-06 23:57:23,029 [INFO] [开始读取数据库表：order_data]
2025-11-06 23:57:23,871 [INFO] [成功读取表 order_data，数据行数：22492]
2025-11-06 23:57:24,052 [INFO] [开始读取数据库表：sales_data]
2025-11-06 23:57:27,165 [INFO] [成功读取表 sales_data，数据行数：24244]
2025-11-06 23:57:28,313 [INFO] [开始读取数据库表：jingpin_data]
2025-11-06 23:57:28,416 [INFO] [成功读取表 jingpin_data，数据行数：4196]
2025-11-06 23:57:28,451 [INFO] [开始读取数据库表：inventory_data]
2025-11-06 23:57:28,718 [INFO] [成功读取表 inventory_data，数据行数：5523]
2025-11-06 23:57:28,719 [INFO] [开始读取数据库表：tuiding_data]
2025-11-06 23:57:28,805 [INFO] [成功读取表 tuiding_data，数据行数：3962]
2025-11-06 23:57:28,805 [INFO] [开始读取数据库表：debit_data]
2025-11-06 23:57:30,253 [INFO] [成功读取表 debit_data，数据行数：24034]
2025-11-06 23:57:30,594 [INFO] [开始读取数据库表：sales_invoice_data]
2025-11-06 23:57:31,580 [INFO] [成功读取表 sales_invoice_data，数据行数：17415]
