2025-11-16 08:07:24,484 [INFO] [数据库引擎创建成功]
2025-11-16 08:07:24,485 [INFO] [开始读取数据库表：order_data]
2025-11-16 08:07:24,977 [INFO] [成功读取表 order_data，数据行数：23381]
2025-11-16 08:07:25,134 [INFO] [开始读取数据库表：sales_data]
2025-11-16 08:07:29,106 [INFO] [成功读取表 sales_data，数据行数：25104]
2025-11-16 08:07:31,034 [INFO] [开始读取数据库表：jingpin_data]
2025-11-16 08:07:31,262 [INFO] [成功读取表 jingpin_data，数据行数：4419]
2025-11-16 08:07:31,333 [INFO] [开始读取数据库表：inventory_data]
2025-11-16 08:07:31,823 [INFO] [成功读取表 inventory_data，数据行数：5766]
2025-11-16 08:07:31,823 [INFO] [开始读取数据库表：tuiding_data]
2025-11-16 08:07:32,019 [INFO] [成功读取表 tuiding_data，数据行数：4106]
2025-11-16 08:07:32,019 [INFO] [开始读取数据库表：debit_data]
2025-11-16 08:07:33,833 [INFO] [成功读取表 debit_data，数据行数：24654]
2025-11-16 08:07:37,851 [INFO] [开始读取数据库表：sales_invoice_data]
2025-11-16 08:07:39,030 [INFO] [成功读取表 sales_invoice_data，数据行数：18079]
2025-11-16 08:28:35,789 [INFO] [数据库引擎创建成功]
2025-11-16 08:28:35,789 [INFO] [开始读取数据库表：order_data]
2025-11-16 08:28:36,233 [INFO] [成功读取表 order_data，数据行数：23381]
2025-11-16 08:28:36,363 [INFO] [开始读取数据库表：sales_data]
2025-11-16 08:28:40,034 [INFO] [成功读取表 sales_data，数据行数：25104]
2025-11-16 08:28:41,933 [INFO] [开始读取数据库表：jingpin_data]
2025-11-16 08:28:42,182 [INFO] [成功读取表 jingpin_data，数据行数：4419]
2025-11-16 08:28:42,250 [INFO] [开始读取数据库表：inventory_data]
2025-11-16 08:28:42,770 [INFO] [成功读取表 inventory_data，数据行数：5766]
2025-11-16 08:28:42,771 [INFO] [开始读取数据库表：tuiding_data]
2025-11-16 08:28:42,966 [INFO] [成功读取表 tuiding_data，数据行数：4106]
2025-11-16 08:28:42,966 [INFO] [开始读取数据库表：debit_data]
2025-11-16 08:28:44,840 [INFO] [成功读取表 debit_data，数据行数：24654]
2025-11-16 08:28:45,201 [INFO] [开始读取数据库表：sales_invoice_data]
2025-11-16 08:28:46,336 [INFO] [成功读取表 sales_invoice_data，数据行数：18079]
2025-11-16 08:58:56,490 [INFO] [数据库引擎创建成功]
2025-11-16 08:58:56,490 [INFO] [开始读取数据库表：order_data]
2025-11-16 08:58:58,097 [INFO] [成功读取表 order_data，数据行数：23380]
2025-11-16 08:58:58,401 [INFO] [开始读取数据库表：sales_data]
2025-11-16 08:59:04,033 [INFO] [成功读取表 sales_data，数据行数：25104]
2025-11-16 08:59:05,947 [INFO] [开始读取数据库表：jingpin_data]
2025-11-16 08:59:06,179 [INFO] [成功读取表 jingpin_data，数据行数：4419]
2025-11-16 08:59:06,252 [INFO] [开始读取数据库表：inventory_data]
2025-11-16 08:59:06,757 [INFO] [成功读取表 inventory_data，数据行数：5766]
2025-11-16 08:59:06,758 [INFO] [开始读取数据库表：tuiding_data]
2025-11-16 08:59:06,960 [INFO] [成功读取表 tuiding_data，数据行数：4107]
2025-11-16 08:59:06,961 [INFO] [开始读取数据库表：debit_data]
2025-11-16 08:59:08,753 [INFO] [成功读取表 debit_data，数据行数：24654]
2025-11-16 08:59:09,100 [INFO] [开始读取数据库表：sales_invoice_data]
2025-11-16 08:59:10,234 [INFO] [成功读取表 sales_invoice_data，数据行数：18079]
2025-11-16 09:29:09,706 [INFO] [数据库引擎创建成功]
2025-11-16 09:29:09,706 [INFO] [开始读取数据库表：order_data]
2025-11-16 09:29:10,184 [INFO] [成功读取表 order_data，数据行数：23382]
2025-11-16 09:29:10,326 [INFO] [开始读取数据库表：sales_data]
2025-11-16 09:29:14,621 [INFO] [成功读取表 sales_data，数据行数：25104]
2025-11-16 09:29:16,523 [INFO] [开始读取数据库表：jingpin_data]
2025-11-16 09:29:16,751 [INFO] [成功读取表 jingpin_data，数据行数：4419]
2025-11-16 09:29:16,820 [INFO] [开始读取数据库表：inventory_data]
2025-11-16 09:29:17,338 [INFO] [成功读取表 inventory_data，数据行数：5766]
2025-11-16 09:29:17,338 [INFO] [开始读取数据库表：tuiding_data]
2025-11-16 09:29:17,543 [INFO] [成功读取表 tuiding_data，数据行数：4107]
2025-11-16 09:29:17,543 [INFO] [开始读取数据库表：debit_data]
2025-11-16 09:29:19,408 [INFO] [成功读取表 debit_data，数据行数：24654]
2025-11-16 09:29:19,779 [INFO] [开始读取数据库表：sales_invoice_data]
2025-11-16 09:29:20,955 [INFO] [成功读取表 sales_invoice_data，数据行数：18079]
2025-11-16 09:59:30,870 [INFO] [数据库引擎创建成功]
2025-11-16 09:59:30,871 [INFO] [开始读取数据库表：order_data]
2025-11-16 09:59:31,586 [INFO] [成功读取表 order_data，数据行数：23383]
2025-11-16 09:59:31,800 [INFO] [开始读取数据库表：sales_data]
2025-11-16 09:59:36,916 [INFO] [成功读取表 sales_data，数据行数：25106]
2025-11-16 09:59:41,610 [INFO] [开始读取数据库表：jingpin_data]
2025-11-16 09:59:41,848 [INFO] [成功读取表 jingpin_data，数据行数：4419]
2025-11-16 09:59:41,915 [INFO] [开始读取数据库表：inventory_data]
2025-11-16 09:59:42,510 [INFO] [成功读取表 inventory_data，数据行数：5764]
2025-11-16 09:59:42,512 [INFO] [开始读取数据库表：tuiding_data]
2025-11-16 09:59:42,722 [INFO] [成功读取表 tuiding_data，数据行数：4107]
2025-11-16 09:59:42,723 [INFO] [开始读取数据库表：debit_data]
2025-11-16 09:59:44,527 [INFO] [成功读取表 debit_data，数据行数：24654]
2025-11-16 09:59:44,901 [INFO] [开始读取数据库表：sales_invoice_data]
2025-11-16 09:59:46,038 [INFO] [成功读取表 sales_invoice_data，数据行数：18079]
2025-11-16 10:28:56,670 [INFO] [数据库引擎创建成功]
2025-11-16 10:28:56,671 [INFO] [开始读取数据库表：order_data]
2025-11-16 10:28:58,004 [INFO] [成功读取表 order_data，数据行数：23385]
2025-11-16 10:28:58,301 [INFO] [开始读取数据库表：sales_data]
2025-11-16 10:29:03,958 [INFO] [成功读取表 sales_data，数据行数：25108]
2025-11-16 10:29:05,848 [INFO] [开始读取数据库表：jingpin_data]
2025-11-16 10:29:06,074 [INFO] [成功读取表 jingpin_data，数据行数：4419]
2025-11-16 10:29:06,142 [INFO] [开始读取数据库表：inventory_data]
2025-11-16 10:29:06,644 [INFO] [成功读取表 inventory_data，数据行数：5763]
2025-11-16 10:29:06,644 [INFO] [开始读取数据库表：tuiding_data]
2025-11-16 10:29:06,839 [INFO] [成功读取表 tuiding_data，数据行数：4107]
2025-11-16 10:29:06,839 [INFO] [开始读取数据库表：debit_data]
2025-11-16 10:29:08,727 [INFO] [成功读取表 debit_data，数据行数：24654]
2025-11-16 10:29:09,115 [INFO] [开始读取数据库表：sales_invoice_data]
2025-11-16 10:29:10,240 [INFO] [成功读取表 sales_invoice_data，数据行数：18081]
2025-11-16 10:59:13,257 [INFO] [数据库引擎创建成功]
2025-11-16 10:59:13,258 [INFO] [开始读取数据库表：order_data]
2025-11-16 10:59:13,913 [INFO] [成功读取表 order_data，数据行数：23387]
2025-11-16 10:59:14,097 [INFO] [开始读取数据库表：sales_data]
2025-11-16 10:59:18,938 [INFO] [成功读取表 sales_data，数据行数：25109]
2025-11-16 10:59:20,604 [INFO] [开始读取数据库表：jingpin_data]
2025-11-16 10:59:20,793 [INFO] [成功读取表 jingpin_data，数据行数：4419]
2025-11-16 10:59:20,850 [INFO] [开始读取数据库表：inventory_data]
2025-11-16 10:59:21,271 [INFO] [成功读取表 inventory_data，数据行数：5762]
2025-11-16 10:59:21,271 [INFO] [开始读取数据库表：tuiding_data]
2025-11-16 10:59:21,436 [INFO] [成功读取表 tuiding_data，数据行数：4107]
2025-11-16 10:59:21,436 [INFO] [开始读取数据库表：debit_data]
2025-11-16 10:59:22,943 [INFO] [成功读取表 debit_data，数据行数：24654]
2025-11-16 10:59:23,276 [INFO] [开始读取数据库表：sales_invoice_data]
2025-11-16 10:59:24,414 [INFO] [成功读取表 sales_invoice_data，数据行数：18082]
2025-11-16 11:29:24,014 [INFO] [数据库引擎创建成功]
2025-11-16 11:29:24,016 [INFO] [开始读取数据库表：order_data]
2025-11-16 11:29:24,536 [INFO] [成功读取表 order_data，数据行数：23390]
2025-11-16 11:29:24,691 [INFO] [开始读取数据库表：sales_data]
2025-11-16 11:29:31,707 [INFO] [成功读取表 sales_data，数据行数：25114]
2025-11-16 11:29:33,587 [INFO] [开始读取数据库表：jingpin_data]
2025-11-16 11:29:33,824 [INFO] [成功读取表 jingpin_data，数据行数：4419]
2025-11-16 11:29:33,858 [INFO] [开始读取数据库表：inventory_data]
2025-11-16 11:29:34,342 [INFO] [成功读取表 inventory_data，数据行数：5757]
2025-11-16 11:29:34,342 [INFO] [开始读取数据库表：tuiding_data]
2025-11-16 11:29:34,528 [INFO] [成功读取表 tuiding_data，数据行数：4107]
2025-11-16 11:29:34,528 [INFO] [开始读取数据库表：debit_data]
2025-11-16 11:29:36,412 [INFO] [成功读取表 debit_data，数据行数：24654]
2025-11-16 11:29:36,789 [INFO] [开始读取数据库表：sales_invoice_data]
2025-11-16 11:29:37,921 [INFO] [成功读取表 sales_invoice_data，数据行数：18087]
2025-11-16 11:59:14,978 [INFO] [数据库引擎创建成功]
2025-11-16 11:59:14,978 [INFO] [开始读取数据库表：order_data]
2025-11-16 11:59:15,450 [INFO] [成功读取表 order_data，数据行数：23391]
2025-11-16 11:59:15,576 [INFO] [开始读取数据库表：sales_data]
2025-11-16 11:59:19,172 [INFO] [成功读取表 sales_data，数据行数：25115]
2025-11-16 11:59:21,054 [INFO] [开始读取数据库表：jingpin_data]
2025-11-16 11:59:21,284 [INFO] [成功读取表 jingpin_data，数据行数：4419]
2025-11-16 11:59:21,351 [INFO] [开始读取数据库表：inventory_data]
2025-11-16 11:59:21,850 [INFO] [成功读取表 inventory_data，数据行数：5757]
2025-11-16 11:59:21,850 [INFO] [开始读取数据库表：tuiding_data]
2025-11-16 11:59:22,043 [INFO] [成功读取表 tuiding_data，数据行数：4109]
2025-11-16 11:59:22,043 [INFO] [开始读取数据库表：debit_data]
2025-11-16 11:59:23,825 [INFO] [成功读取表 debit_data，数据行数：24654]
2025-11-16 11:59:24,185 [INFO] [开始读取数据库表：sales_invoice_data]
2025-11-16 11:59:25,313 [INFO] [成功读取表 sales_invoice_data，数据行数：18088]
2025-11-16 12:27:46,029 [INFO] [数据库引擎创建成功]
2025-11-16 12:27:46,029 [INFO] [开始读取数据库表：order_data]
2025-11-16 12:27:46,674 [INFO] [成功读取表 order_data，数据行数：23399]
2025-11-16 12:27:46,830 [INFO] [开始读取数据库表：sales_data]
2025-11-16 12:27:51,845 [INFO] [成功读取表 sales_data，数据行数：25117]
2025-11-16 12:27:53,696 [INFO] [开始读取数据库表：jingpin_data]
2025-11-16 12:27:53,926 [INFO] [成功读取表 jingpin_data，数据行数：4419]
2025-11-16 12:27:53,993 [INFO] [开始读取数据库表：inventory_data]
2025-11-16 12:27:54,522 [INFO] [成功读取表 inventory_data，数据行数：5756]
2025-11-16 12:27:54,522 [INFO] [开始读取数据库表：tuiding_data]
2025-11-16 12:27:54,732 [INFO] [成功读取表 tuiding_data，数据行数：4109]
2025-11-16 12:27:54,732 [INFO] [开始读取数据库表：debit_data]
2025-11-16 12:27:56,648 [INFO] [成功读取表 debit_data，数据行数：24684]
2025-11-16 12:27:57,007 [INFO] [开始读取数据库表：sales_invoice_data]
2025-11-16 12:27:58,199 [INFO] [成功读取表 sales_invoice_data，数据行数：18090]
2025-11-16 12:59:14,785 [INFO] [数据库引擎创建成功]
2025-11-16 12:59:14,795 [INFO] [开始读取数据库表：order_data]
2025-11-16 12:59:15,268 [INFO] [成功读取表 order_data，数据行数：23403]
2025-11-16 12:59:15,412 [INFO] [开始读取数据库表：sales_data]
2025-11-16 12:59:22,042 [INFO] [成功读取表 sales_data，数据行数：25117]
2025-11-16 12:59:23,860 [INFO] [开始读取数据库表：jingpin_data]
2025-11-16 12:59:24,132 [INFO] [成功读取表 jingpin_data，数据行数：4419]
2025-11-16 12:59:24,175 [INFO] [开始读取数据库表：inventory_data]
2025-11-16 12:59:24,670 [INFO] [成功读取表 inventory_data，数据行数：5756]
2025-11-16 12:59:24,670 [INFO] [开始读取数据库表：tuiding_data]
2025-11-16 12:59:24,845 [INFO] [成功读取表 tuiding_data，数据行数：4109]
2025-11-16 12:59:24,845 [INFO] [开始读取数据库表：debit_data]
2025-11-16 12:59:26,656 [INFO] [成功读取表 debit_data，数据行数：24684]
2025-11-16 12:59:27,017 [INFO] [开始读取数据库表：sales_invoice_data]
2025-11-16 12:59:28,134 [INFO] [成功读取表 sales_invoice_data，数据行数：18090]
2025-11-16 13:29:28,583 [INFO] [数据库引擎创建成功]
2025-11-16 13:29:28,583 [INFO] [开始读取数据库表：order_data]
2025-11-16 13:29:29,036 [INFO] [成功读取表 order_data，数据行数：23413]
2025-11-16 13:29:29,169 [INFO] [开始读取数据库表：sales_data]
2025-11-16 13:29:35,644 [INFO] [成功读取表 sales_data，数据行数：25122]
2025-11-16 13:29:37,528 [INFO] [开始读取数据库表：jingpin_data]
2025-11-16 13:29:37,770 [INFO] [成功读取表 jingpin_data，数据行数：4419]
2025-11-16 13:29:37,839 [INFO] [开始读取数据库表：inventory_data]
2025-11-16 13:29:38,346 [INFO] [成功读取表 inventory_data，数据行数：5753]
2025-11-16 13:29:38,346 [INFO] [开始读取数据库表：tuiding_data]
2025-11-16 13:29:38,547 [INFO] [成功读取表 tuiding_data，数据行数：4109]
2025-11-16 13:29:38,547 [INFO] [开始读取数据库表：debit_data]
2025-11-16 13:29:40,428 [INFO] [成功读取表 debit_data，数据行数：24684]
2025-11-16 13:29:40,793 [INFO] [开始读取数据库表：sales_invoice_data]
2025-11-16 13:29:41,940 [INFO] [成功读取表 sales_invoice_data，数据行数：18093]
2025-11-16 13:59:18,391 [INFO] [数据库引擎创建成功]
2025-11-16 13:59:18,391 [INFO] [开始读取数据库表：order_data]
2025-11-16 13:59:18,900 [INFO] [成功读取表 order_data，数据行数：23420]
2025-11-16 13:59:19,022 [INFO] [开始读取数据库表：sales_data]
2025-11-16 13:59:22,563 [INFO] [成功读取表 sales_data，数据行数：25130]
2025-11-16 13:59:24,403 [INFO] [开始读取数据库表：jingpin_data]
2025-11-16 13:59:24,654 [INFO] [成功读取表 jingpin_data，数据行数：4419]
2025-11-16 13:59:24,727 [INFO] [开始读取数据库表：inventory_data]
2025-11-16 13:59:25,228 [INFO] [成功读取表 inventory_data，数据行数：5744]
2025-11-16 13:59:25,228 [INFO] [开始读取数据库表：tuiding_data]
2025-11-16 13:59:25,418 [INFO] [成功读取表 tuiding_data，数据行数：4109]
2025-11-16 13:59:25,418 [INFO] [开始读取数据库表：debit_data]
2025-11-16 13:59:27,226 [INFO] [成功读取表 debit_data，数据行数：24684]
2025-11-16 13:59:27,540 [INFO] [开始读取数据库表：sales_invoice_data]
2025-11-16 13:59:28,665 [INFO] [成功读取表 sales_invoice_data，数据行数：18101]
2025-11-16 14:29:31,815 [INFO] [数据库引擎创建成功]
2025-11-16 14:29:31,816 [INFO] [开始读取数据库表：order_data]
2025-11-16 14:29:32,272 [INFO] [成功读取表 order_data，数据行数：23429]
2025-11-16 14:29:32,406 [INFO] [开始读取数据库表：sales_data]
2025-11-16 14:29:37,736 [INFO] [成功读取表 sales_data，数据行数：25135]
2025-11-16 14:29:39,723 [INFO] [开始读取数据库表：jingpin_data]
2025-11-16 14:29:39,964 [INFO] [成功读取表 jingpin_data，数据行数：4420]
2025-11-16 14:29:40,050 [INFO] [开始读取数据库表：inventory_data]
2025-11-16 14:29:40,527 [INFO] [成功读取表 inventory_data，数据行数：5740]
2025-11-16 14:29:40,527 [INFO] [开始读取数据库表：tuiding_data]
2025-11-16 14:29:40,724 [INFO] [成功读取表 tuiding_data，数据行数：4109]
2025-11-16 14:29:40,724 [INFO] [开始读取数据库表：debit_data]
2025-11-16 14:29:42,578 [INFO] [成功读取表 debit_data，数据行数：24684]
2025-11-16 14:29:42,965 [INFO] [开始读取数据库表：sales_invoice_data]
2025-11-16 14:29:44,100 [INFO] [成功读取表 sales_invoice_data，数据行数：18106]
2025-11-16 14:59:21,221 [INFO] [数据库引擎创建成功]
2025-11-16 14:59:21,221 [INFO] [开始读取数据库表：order_data]
2025-11-16 14:59:21,651 [INFO] [成功读取表 order_data，数据行数：23432]
2025-11-16 14:59:21,774 [INFO] [开始读取数据库表：sales_data]
2025-11-16 14:59:24,937 [INFO] [成功读取表 sales_data，数据行数：25141]
2025-11-16 14:59:26,760 [INFO] [开始读取数据库表：jingpin_data]
2025-11-16 14:59:27,006 [INFO] [成功读取表 jingpin_data，数据行数：4420]
2025-11-16 14:59:27,070 [INFO] [开始读取数据库表：inventory_data]
2025-11-16 14:59:27,319 [INFO] [成功读取表 inventory_data，数据行数：2962]
2025-11-16 14:59:27,319 [INFO] [开始读取数据库表：tuiding_data]
2025-11-16 14:59:27,525 [INFO] [成功读取表 tuiding_data，数据行数：4111]
2025-11-16 14:59:27,525 [INFO] [开始读取数据库表：debit_data]
2025-11-16 14:59:29,450 [INFO] [成功读取表 debit_data，数据行数：24684]
2025-11-16 14:59:29,827 [INFO] [开始读取数据库表：sales_invoice_data]
2025-11-16 14:59:30,982 [INFO] [成功读取表 sales_invoice_data，数据行数：18112]
2025-11-16 15:29:11,169 [INFO] [数据库引擎创建成功]
2025-11-16 15:29:11,170 [INFO] [开始读取数据库表：order_data]
2025-11-16 15:29:11,615 [INFO] [成功读取表 order_data，数据行数：23433]
2025-11-16 15:29:11,762 [INFO] [开始读取数据库表：sales_data]
2025-11-16 15:29:15,868 [INFO] [成功读取表 sales_data，数据行数：25142]
2025-11-16 15:29:17,741 [INFO] [开始读取数据库表：jingpin_data]
2025-11-16 15:29:17,977 [INFO] [成功读取表 jingpin_data，数据行数：4421]
2025-11-16 15:29:18,043 [INFO] [开始读取数据库表：inventory_data]
2025-11-16 15:29:18,563 [INFO] [成功读取表 inventory_data，数据行数：5733]
2025-11-16 15:29:18,563 [INFO] [开始读取数据库表：tuiding_data]
2025-11-16 15:29:18,760 [INFO] [成功读取表 tuiding_data，数据行数：4113]
2025-11-16 15:29:18,760 [INFO] [开始读取数据库表：debit_data]
2025-11-16 15:29:20,642 [INFO] [成功读取表 debit_data，数据行数：24684]
2025-11-16 15:29:22,958 [INFO] [开始读取数据库表：sales_invoice_data]
2025-11-16 15:29:23,932 [INFO] [成功读取表 sales_invoice_data，数据行数：18113]
2025-11-16 15:59:08,810 [INFO] [数据库引擎创建成功]
2025-11-16 15:59:08,810 [INFO] [开始读取数据库表：order_data]
2025-11-16 15:59:09,250 [INFO] [成功读取表 order_data，数据行数：23437]
2025-11-16 15:59:09,366 [INFO] [开始读取数据库表：sales_data]
2025-11-16 15:59:12,452 [INFO] [成功读取表 sales_data，数据行数：25148]
2025-11-16 15:59:14,397 [INFO] [开始读取数据库表：jingpin_data]
2025-11-16 15:59:14,641 [INFO] [成功读取表 jingpin_data，数据行数：4421]
2025-11-16 15:59:14,706 [INFO] [开始读取数据库表：inventory_data]
2025-11-16 15:59:15,177 [INFO] [成功读取表 inventory_data，数据行数：5727]
2025-11-16 15:59:15,177 [INFO] [开始读取数据库表：tuiding_data]
2025-11-16 15:59:15,374 [INFO] [成功读取表 tuiding_data，数据行数：4114]
2025-11-16 15:59:15,374 [INFO] [开始读取数据库表：debit_data]
2025-11-16 15:59:17,249 [INFO] [成功读取表 debit_data，数据行数：24684]
2025-11-16 15:59:17,635 [INFO] [开始读取数据库表：sales_invoice_data]
2025-11-16 15:59:18,767 [INFO] [成功读取表 sales_invoice_data，数据行数：18118]
2025-11-16 16:30:25,976 [INFO] [数据库引擎创建成功]
2025-11-16 16:30:25,986 [INFO] [开始读取数据库表：order_data]
2025-11-16 16:30:27,266 [INFO] [成功读取表 order_data，数据行数：23449]
2025-11-16 16:30:27,487 [INFO] [开始读取数据库表：sales_data]
2025-11-16 16:30:32,009 [INFO] [成功读取表 sales_data，数据行数：25155]
2025-11-16 16:30:34,041 [INFO] [开始读取数据库表：jingpin_data]
2025-11-16 16:30:34,335 [INFO] [成功读取表 jingpin_data，数据行数：4422]
2025-11-16 16:30:34,417 [INFO] [开始读取数据库表：inventory_data]
2025-11-16 16:30:35,062 [INFO] [成功读取表 inventory_data，数据行数：5721]
2025-11-16 16:30:35,063 [INFO] [开始读取数据库表：tuiding_data]
2025-11-16 16:30:35,386 [INFO] [成功读取表 tuiding_data，数据行数：4114]
2025-11-16 16:30:35,386 [INFO] [开始读取数据库表：debit_data]
2025-11-16 16:30:37,650 [INFO] [成功读取表 debit_data，数据行数：24684]
2025-11-16 16:30:38,048 [INFO] [开始读取数据库表：sales_invoice_data]
2025-11-16 16:30:39,239 [INFO] [成功读取表 sales_invoice_data，数据行数：18125]
2025-11-16 16:59:18,417 [INFO] [数据库引擎创建成功]
2025-11-16 16:59:18,417 [INFO] [开始读取数据库表：order_data]
2025-11-16 16:59:18,902 [INFO] [成功读取表 order_data，数据行数：23462]
2025-11-16 16:59:19,043 [INFO] [开始读取数据库表：sales_data]
2025-11-16 16:59:23,114 [INFO] [成功读取表 sales_data，数据行数：25157]
2025-11-16 16:59:27,133 [INFO] [开始读取数据库表：jingpin_data]
2025-11-16 16:59:27,339 [INFO] [成功读取表 jingpin_data，数据行数：4422]
2025-11-16 16:59:27,380 [INFO] [开始读取数据库表：inventory_data]
2025-11-16 16:59:27,933 [INFO] [成功读取表 inventory_data，数据行数：5719]
2025-11-16 16:59:27,933 [INFO] [开始读取数据库表：tuiding_data]
2025-11-16 16:59:28,144 [INFO] [成功读取表 tuiding_data，数据行数：4114]
2025-11-16 16:59:28,144 [INFO] [开始读取数据库表：debit_data]
2025-11-16 16:59:29,932 [INFO] [成功读取表 debit_data，数据行数：24684]
2025-11-16 16:59:30,261 [INFO] [开始读取数据库表：sales_invoice_data]
2025-11-16 16:59:31,365 [INFO] [成功读取表 sales_invoice_data，数据行数：18127]
2025-11-16 17:29:37,589 [INFO] [数据库引擎创建成功]
2025-11-16 17:29:37,598 [INFO] [开始读取数据库表：order_data]
2025-11-16 17:29:38,070 [INFO] [成功读取表 order_data，数据行数：23481]
2025-11-16 17:29:38,215 [INFO] [开始读取数据库表：sales_data]
2025-11-16 17:29:44,284 [INFO] [成功读取表 sales_data，数据行数：25161]
2025-11-16 17:29:46,191 [INFO] [开始读取数据库表：jingpin_data]
2025-11-16 17:29:46,428 [INFO] [成功读取表 jingpin_data，数据行数：4422]
2025-11-16 17:29:46,496 [INFO] [开始读取数据库表：inventory_data]
2025-11-16 17:29:46,989 [INFO] [成功读取表 inventory_data，数据行数：5715]
2025-11-16 17:29:46,990 [INFO] [开始读取数据库表：tuiding_data]
2025-11-16 17:29:47,193 [INFO] [成功读取表 tuiding_data，数据行数：4115]
2025-11-16 17:29:47,193 [INFO] [开始读取数据库表：debit_data]
2025-11-16 17:29:49,042 [INFO] [成功读取表 debit_data，数据行数：24684]
2025-11-16 17:29:49,379 [INFO] [开始读取数据库表：sales_invoice_data]
2025-11-16 17:29:50,509 [INFO] [成功读取表 sales_invoice_data，数据行数：18131]
2025-11-16 17:59:25,267 [INFO] [数据库引擎创建成功]
2025-11-16 17:59:25,267 [INFO] [开始读取数据库表：order_data]
2025-11-16 17:59:25,848 [INFO] [成功读取表 order_data，数据行数：23500]
2025-11-16 17:59:25,999 [INFO] [开始读取数据库表：sales_data]
2025-11-16 17:59:31,781 [INFO] [成功读取表 sales_data，数据行数：25166]
2025-11-16 17:59:33,620 [INFO] [开始读取数据库表：jingpin_data]
2025-11-16 17:59:33,886 [INFO] [成功读取表 jingpin_data，数据行数：4424]
2025-11-16 17:59:33,947 [INFO] [开始读取数据库表：inventory_data]
2025-11-16 17:59:34,412 [INFO] [成功读取表 inventory_data，数据行数：5711]
2025-11-16 17:59:34,412 [INFO] [开始读取数据库表：tuiding_data]
2025-11-16 17:59:34,622 [INFO] [成功读取表 tuiding_data，数据行数：4115]
2025-11-16 17:59:34,622 [INFO] [开始读取数据库表：debit_data]
2025-11-16 17:59:36,451 [INFO] [成功读取表 debit_data，数据行数：24684]
2025-11-16 17:59:36,802 [INFO] [开始读取数据库表：sales_invoice_data]
2025-11-16 17:59:37,953 [INFO] [成功读取表 sales_invoice_data，数据行数：18134]
2025-11-16 18:29:20,230 [INFO] [数据库引擎创建成功]
2025-11-16 18:29:20,239 [INFO] [开始读取数据库表：order_data]
2025-11-16 18:29:20,789 [INFO] [成功读取表 order_data，数据行数：23517]
2025-11-16 18:29:20,917 [INFO] [开始读取数据库表：sales_data]
2025-11-16 18:29:24,618 [INFO] [成功读取表 sales_data，数据行数：25170]
2025-11-16 18:29:26,496 [INFO] [开始读取数据库表：jingpin_data]
2025-11-16 18:29:26,743 [INFO] [成功读取表 jingpin_data，数据行数：4426]
2025-11-16 18:29:26,813 [INFO] [开始读取数据库表：inventory_data]
2025-11-16 18:29:27,317 [INFO] [成功读取表 inventory_data，数据行数：5706]
2025-11-16 18:29:27,317 [INFO] [开始读取数据库表：tuiding_data]
2025-11-16 18:29:27,509 [INFO] [成功读取表 tuiding_data，数据行数：4115]
2025-11-16 18:29:27,509 [INFO] [开始读取数据库表：debit_data]
2025-11-16 18:29:32,794 [INFO] [成功读取表 debit_data，数据行数：24684]
2025-11-16 18:29:33,109 [INFO] [开始读取数据库表：sales_invoice_data]
2025-11-16 18:29:34,242 [INFO] [成功读取表 sales_invoice_data，数据行数：18138]
2025-11-16 18:59:17,291 [INFO] [数据库引擎创建成功]
2025-11-16 18:59:17,291 [INFO] [开始读取数据库表：order_data]
2025-11-16 18:59:18,758 [INFO] [成功读取表 order_data，数据行数：23522]
2025-11-16 18:59:19,091 [INFO] [开始读取数据库表：sales_data]
2025-11-16 18:59:24,608 [INFO] [成功读取表 sales_data，数据行数：25175]
2025-11-16 18:59:26,474 [INFO] [开始读取数据库表：jingpin_data]
2025-11-16 18:59:26,704 [INFO] [成功读取表 jingpin_data，数据行数：4426]
2025-11-16 18:59:26,764 [INFO] [开始读取数据库表：inventory_data]
2025-11-16 18:59:27,248 [INFO] [成功读取表 inventory_data，数据行数：5699]
2025-11-16 18:59:27,248 [INFO] [开始读取数据库表：tuiding_data]
2025-11-16 18:59:27,444 [INFO] [成功读取表 tuiding_data，数据行数：4116]
2025-11-16 18:59:27,444 [INFO] [开始读取数据库表：debit_data]
2025-11-16 18:59:29,316 [INFO] [成功读取表 debit_data，数据行数：24684]
2025-11-16 18:59:29,667 [INFO] [开始读取数据库表：sales_invoice_data]
2025-11-16 18:59:30,746 [INFO] [成功读取表 sales_invoice_data，数据行数：18146]
2025-11-16 19:28:43,062 [INFO] [数据库引擎创建成功]
2025-11-16 19:28:43,062 [INFO] [开始读取数据库表：order_data]
2025-11-16 19:28:43,590 [INFO] [成功读取表 order_data，数据行数：23525]
2025-11-16 19:28:43,740 [INFO] [开始读取数据库表：sales_data]
2025-11-16 19:28:50,894 [INFO] [成功读取表 sales_data，数据行数：25175]
2025-11-16 19:28:52,764 [INFO] [开始读取数据库表：jingpin_data]
2025-11-16 19:28:53,043 [INFO] [成功读取表 jingpin_data，数据行数：4426]
2025-11-16 19:28:53,134 [INFO] [开始读取数据库表：inventory_data]
2025-11-16 19:28:53,654 [INFO] [成功读取表 inventory_data，数据行数：5699]
2025-11-16 19:28:53,654 [INFO] [开始读取数据库表：tuiding_data]
2025-11-16 19:28:53,873 [INFO] [成功读取表 tuiding_data，数据行数：4116]
2025-11-16 19:28:53,873 [INFO] [开始读取数据库表：debit_data]
2025-11-16 19:28:55,703 [INFO] [成功读取表 debit_data，数据行数：24684]
2025-11-16 19:28:56,104 [INFO] [开始读取数据库表：sales_invoice_data]
2025-11-16 19:28:57,264 [INFO] [成功读取表 sales_invoice_data，数据行数：18146]
2025-11-16 19:58:48,931 [INFO] [数据库引擎创建成功]
2025-11-16 19:58:48,931 [INFO] [开始读取数据库表：order_data]
2025-11-16 19:58:50,383 [INFO] [成功读取表 order_data，数据行数：23528]
2025-11-16 19:58:50,713 [INFO] [开始读取数据库表：sales_data]
2025-11-16 19:58:56,358 [INFO] [成功读取表 sales_data，数据行数：25175]
2025-11-16 19:58:58,192 [INFO] [开始读取数据库表：jingpin_data]
2025-11-16 19:58:58,440 [INFO] [成功读取表 jingpin_data，数据行数：4426]
2025-11-16 19:58:58,507 [INFO] [开始读取数据库表：inventory_data]
2025-11-16 19:58:59,013 [INFO] [成功读取表 inventory_data，数据行数：5699]
2025-11-16 19:58:59,013 [INFO] [开始读取数据库表：tuiding_data]
2025-11-16 19:58:59,202 [INFO] [成功读取表 tuiding_data，数据行数：4116]
2025-11-16 19:58:59,202 [INFO] [开始读取数据库表：debit_data]
2025-11-16 19:59:01,066 [INFO] [成功读取表 debit_data，数据行数：24684]
2025-11-16 19:59:01,431 [INFO] [开始读取数据库表：sales_invoice_data]
2025-11-16 19:59:02,568 [INFO] [成功读取表 sales_invoice_data，数据行数：18146]
2025-11-16 20:29:08,516 [INFO] [数据库引擎创建成功]
2025-11-16 20:29:08,516 [INFO] [开始读取数据库表：order_data]
2025-11-16 20:29:09,047 [INFO] [成功读取表 order_data，数据行数：23530]
2025-11-16 20:29:09,174 [INFO] [开始读取数据库表：sales_data]
2025-11-16 20:29:12,814 [INFO] [成功读取表 sales_data，数据行数：25175]
2025-11-16 20:29:14,675 [INFO] [开始读取数据库表：jingpin_data]
2025-11-16 20:29:14,911 [INFO] [成功读取表 jingpin_data，数据行数：4426]
2025-11-16 20:29:14,976 [INFO] [开始读取数据库表：inventory_data]
2025-11-16 20:29:15,468 [INFO] [成功读取表 inventory_data，数据行数：5699]
2025-11-16 20:29:15,468 [INFO] [开始读取数据库表：tuiding_data]
2025-11-16 20:29:15,666 [INFO] [成功读取表 tuiding_data，数据行数：4116]
2025-11-16 20:29:15,666 [INFO] [开始读取数据库表：debit_data]
2025-11-16 20:29:19,892 [INFO] [成功读取表 debit_data，数据行数：24684]
2025-11-16 20:29:20,240 [INFO] [开始读取数据库表：sales_invoice_data]
2025-11-16 20:29:21,348 [INFO] [成功读取表 sales_invoice_data，数据行数：18146]
2025-11-16 20:58:47,765 [INFO] [数据库引擎创建成功]
2025-11-16 20:58:47,766 [INFO] [开始读取数据库表：order_data]
2025-11-16 20:58:48,220 [INFO] [成功读取表 order_data，数据行数：23530]
2025-11-16 20:58:48,337 [INFO] [开始读取数据库表：sales_data]
2025-11-16 20:58:53,349 [INFO] [成功读取表 sales_data，数据行数：25175]
2025-11-16 20:58:55,234 [INFO] [开始读取数据库表：jingpin_data]
2025-11-16 20:58:55,469 [INFO] [成功读取表 jingpin_data，数据行数：4426]
2025-11-16 20:58:55,537 [INFO] [开始读取数据库表：inventory_data]
2025-11-16 20:58:56,063 [INFO] [成功读取表 inventory_data，数据行数：5699]
2025-11-16 20:58:56,063 [INFO] [开始读取数据库表：tuiding_data]
2025-11-16 20:58:56,254 [INFO] [成功读取表 tuiding_data，数据行数：4116]
2025-11-16 20:58:56,254 [INFO] [开始读取数据库表：debit_data]
2025-11-16 20:58:58,101 [INFO] [成功读取表 debit_data，数据行数：24684]
2025-11-16 20:58:58,466 [INFO] [开始读取数据库表：sales_invoice_data]
2025-11-16 20:58:59,609 [INFO] [成功读取表 sales_invoice_data，数据行数：18146]
2025-11-16 21:28:52,282 [INFO] [数据库引擎创建成功]
2025-11-16 21:28:52,293 [INFO] [开始读取数据库表：order_data]
2025-11-16 21:28:52,793 [INFO] [成功读取表 order_data，数据行数：23531]
2025-11-16 21:28:52,964 [INFO] [开始读取数据库表：sales_data]
2025-11-16 21:28:57,343 [INFO] [成功读取表 sales_data，数据行数：25175]
2025-11-16 21:28:59,245 [INFO] [开始读取数据库表：jingpin_data]
2025-11-16 21:28:59,485 [INFO] [成功读取表 jingpin_data，数据行数：4426]
2025-11-16 21:28:59,519 [INFO] [开始读取数据库表：inventory_data]
2025-11-16 21:29:00,016 [INFO] [成功读取表 inventory_data，数据行数：5699]
2025-11-16 21:29:00,017 [INFO] [开始读取数据库表：tuiding_data]
2025-11-16 21:29:00,226 [INFO] [成功读取表 tuiding_data，数据行数：4119]
2025-11-16 21:29:00,226 [INFO] [开始读取数据库表：debit_data]
2025-11-16 21:29:02,110 [INFO] [成功读取表 debit_data，数据行数：24684]
2025-11-16 21:29:02,411 [INFO] [开始读取数据库表：sales_invoice_data]
2025-11-16 21:29:03,582 [INFO] [成功读取表 sales_invoice_data，数据行数：18146]
2025-11-16 21:59:23,549 [INFO] [数据库引擎创建成功]
2025-11-16 21:59:23,550 [INFO] [开始读取数据库表：order_data]
2025-11-16 21:59:24,913 [INFO] [成功读取表 order_data，数据行数：23531]
2025-11-16 21:59:25,229 [INFO] [开始读取数据库表：sales_data]
2025-11-16 21:59:30,808 [INFO] [成功读取表 sales_data，数据行数：25175]
2025-11-16 21:59:32,672 [INFO] [开始读取数据库表：jingpin_data]
2025-11-16 21:59:32,941 [INFO] [成功读取表 jingpin_data，数据行数：4426]
2025-11-16 21:59:33,013 [INFO] [开始读取数据库表：inventory_data]
2025-11-16 21:59:33,512 [INFO] [成功读取表 inventory_data，数据行数：5699]
2025-11-16 21:59:33,512 [INFO] [开始读取数据库表：tuiding_data]
2025-11-16 21:59:33,701 [INFO] [成功读取表 tuiding_data，数据行数：4119]
2025-11-16 21:59:33,701 [INFO] [开始读取数据库表：debit_data]
2025-11-16 21:59:35,538 [INFO] [成功读取表 debit_data，数据行数：24722]
2025-11-16 21:59:35,902 [INFO] [开始读取数据库表：sales_invoice_data]
2025-11-16 21:59:37,021 [INFO] [成功读取表 sales_invoice_data，数据行数：18146]
2025-11-16 22:29:09,550 [INFO] [数据库引擎创建成功]
2025-11-16 22:29:09,550 [INFO] [开始读取数据库表：order_data]
2025-11-16 22:29:10,894 [INFO] [成功读取表 order_data，数据行数：23531]
2025-11-16 22:29:11,219 [INFO] [开始读取数据库表：sales_data]
2025-11-16 22:29:16,911 [INFO] [成功读取表 sales_data，数据行数：25175]
2025-11-16 22:29:18,795 [INFO] [开始读取数据库表：jingpin_data]
2025-11-16 22:29:19,026 [INFO] [成功读取表 jingpin_data，数据行数：4426]
2025-11-16 22:29:19,091 [INFO] [开始读取数据库表：inventory_data]
2025-11-16 22:29:19,612 [INFO] [成功读取表 inventory_data，数据行数：5699]
2025-11-16 22:29:19,612 [INFO] [开始读取数据库表：tuiding_data]
2025-11-16 22:29:19,807 [INFO] [成功读取表 tuiding_data，数据行数：4119]
2025-11-16 22:29:19,807 [INFO] [开始读取数据库表：debit_data]
2025-11-16 22:29:21,653 [INFO] [成功读取表 debit_data，数据行数：24722]
2025-11-16 22:29:21,997 [INFO] [开始读取数据库表：sales_invoice_data]
2025-11-16 22:29:23,141 [INFO] [成功读取表 sales_invoice_data，数据行数：18146]
2025-11-16 22:59:16,651 [INFO] [数据库引擎创建成功]
2025-11-16 22:59:16,651 [INFO] [开始读取数据库表：order_data]
2025-11-16 22:59:17,195 [INFO] [成功读取表 order_data，数据行数：23531]
2025-11-16 22:59:17,339 [INFO] [开始读取数据库表：sales_data]
2025-11-16 22:59:21,236 [INFO] [成功读取表 sales_data，数据行数：25175]
2025-11-16 22:59:23,106 [INFO] [开始读取数据库表：jingpin_data]
2025-11-16 22:59:25,295 [INFO] [成功读取表 jingpin_data，数据行数：4426]
2025-11-16 22:59:25,347 [INFO] [开始读取数据库表：inventory_data]
2025-11-16 22:59:25,734 [INFO] [成功读取表 inventory_data，数据行数：5699]
2025-11-16 22:59:25,734 [INFO] [开始读取数据库表：tuiding_data]
2025-11-16 22:59:25,880 [INFO] [成功读取表 tuiding_data，数据行数：4119]
2025-11-16 22:59:25,880 [INFO] [开始读取数据库表：debit_data]
2025-11-16 22:59:27,635 [INFO] [成功读取表 debit_data，数据行数：24728]
2025-11-16 22:59:27,964 [INFO] [开始读取数据库表：sales_invoice_data]
2025-11-16 22:59:29,057 [INFO] [成功读取表 sales_invoice_data，数据行数：18146]
2025-11-16 23:28:52,617 [INFO] [数据库引擎创建成功]
2025-11-16 23:28:52,617 [INFO] [开始读取数据库表：order_data]
2025-11-16 23:28:53,079 [INFO] [成功读取表 order_data，数据行数：23531]
2025-11-16 23:28:53,205 [INFO] [开始读取数据库表：sales_data]
2025-11-16 23:28:59,303 [INFO] [成功读取表 sales_data，数据行数：25175]
2025-11-16 23:29:01,200 [INFO] [开始读取数据库表：jingpin_data]
2025-11-16 23:29:01,437 [INFO] [成功读取表 jingpin_data，数据行数：4426]
2025-11-16 23:29:01,505 [INFO] [开始读取数据库表：inventory_data]
2025-11-16 23:29:02,013 [INFO] [成功读取表 inventory_data，数据行数：5699]
2025-11-16 23:29:02,013 [INFO] [开始读取数据库表：tuiding_data]
2025-11-16 23:29:02,220 [INFO] [成功读取表 tuiding_data，数据行数：4119]
2025-11-16 23:29:02,220 [INFO] [开始读取数据库表：debit_data]
2025-11-16 23:29:04,118 [INFO] [成功读取表 debit_data，数据行数：24728]
2025-11-16 23:29:04,411 [INFO] [开始读取数据库表：sales_invoice_data]
2025-11-16 23:29:05,567 [INFO] [成功读取表 sales_invoice_data，数据行数：18146]
2025-11-16 23:58:42,320 [INFO] [数据库引擎创建成功]
2025-11-16 23:58:42,320 [INFO] [开始读取数据库表：order_data]
2025-11-16 23:58:42,798 [INFO] [成功读取表 order_data，数据行数：23531]
2025-11-16 23:58:42,949 [INFO] [开始读取数据库表：sales_data]
2025-11-16 23:58:47,193 [INFO] [成功读取表 sales_data，数据行数：25175]
2025-11-16 23:58:49,052 [INFO] [开始读取数据库表：jingpin_data]
2025-11-16 23:58:49,319 [INFO] [成功读取表 jingpin_data，数据行数：4426]
2025-11-16 23:58:49,390 [INFO] [开始读取数据库表：inventory_data]
2025-11-16 23:58:49,918 [INFO] [成功读取表 inventory_data，数据行数：5699]
2025-11-16 23:58:49,918 [INFO] [开始读取数据库表：tuiding_data]
2025-11-16 23:58:50,110 [INFO] [成功读取表 tuiding_data，数据行数：4119]
2025-11-16 23:58:50,110 [INFO] [开始读取数据库表：debit_data]
2025-11-16 23:58:51,992 [INFO] [成功读取表 debit_data，数据行数：24728]
2025-11-16 23:58:52,356 [INFO] [开始读取数据库表：sales_invoice_data]
2025-11-16 23:58:53,500 [INFO] [成功读取表 sales_invoice_data，数据行数：18146]
