2025-12-08 08:55:53,790 [INFO] [数据库引擎创建成功]
2025-12-08 08:55:53,790 [INFO] [开始读取数据库表：order_data]
2025-12-08 08:55:55,569 [INFO] [成功读取表 order_data，数据行数：25134]
2025-12-08 08:55:55,929 [INFO] [开始读取数据库表：sales_data]
2025-12-08 08:56:02,405 [INFO] [成功读取表 sales_data，数据行数：27477]
2025-12-08 08:56:04,474 [INFO] [开始读取数据库表：jingpin_data]
2025-12-08 08:56:04,768 [INFO] [成功读取表 jingpin_data，数据行数：4996]
2025-12-08 08:56:04,847 [INFO] [开始读取数据库表：inventory_data]
2025-12-08 08:56:05,424 [INFO] [成功读取表 inventory_data，数据行数：5651]
2025-12-08 08:56:05,425 [INFO] [开始读取数据库表：tuiding_data]
2025-12-08 08:56:05,663 [INFO] [成功读取表 tuiding_data，数据行数：4528]
2025-12-08 08:56:05,663 [INFO] [开始读取数据库表：debit_data]
2025-12-08 08:56:07,695 [INFO] [成功读取表 debit_data，数据行数：26436]
2025-12-08 08:56:08,096 [INFO] [开始读取数据库表：sales_invoice_data]
2025-12-08 08:56:09,505 [INFO] [成功读取表 sales_invoice_data，数据行数：20011]
2025-12-08 09:31:17,161 [INFO] [数据库引擎创建成功]
2025-12-08 09:31:17,162 [INFO] [开始读取数据库表：order_data]
2025-12-08 09:31:18,751 [INFO] [成功读取表 order_data，数据行数：25134]
2025-12-08 09:31:19,076 [INFO] [开始读取数据库表：sales_data]
2025-12-08 09:31:25,798 [INFO] [成功读取表 sales_data，数据行数：27478]
2025-12-08 09:31:27,800 [INFO] [开始读取数据库表：jingpin_data]
2025-12-08 09:31:28,110 [INFO] [成功读取表 jingpin_data，数据行数：4999]
2025-12-08 09:31:28,182 [INFO] [开始读取数据库表：inventory_data]
2025-12-08 09:31:28,765 [INFO] [成功读取表 inventory_data，数据行数：5650]
2025-12-08 09:31:28,765 [INFO] [开始读取数据库表：tuiding_data]
2025-12-08 09:31:29,015 [INFO] [成功读取表 tuiding_data，数据行数：4528]
2025-12-08 09:31:29,015 [INFO] [开始读取数据库表：debit_data]
2025-12-08 09:31:31,119 [INFO] [成功读取表 debit_data，数据行数：26436]
2025-12-08 09:31:31,504 [INFO] [开始读取数据库表：sales_invoice_data]
2025-12-08 09:31:32,932 [INFO] [成功读取表 sales_invoice_data，数据行数：20012]
2025-12-08 10:00:58,646 [INFO] [数据库引擎创建成功]
2025-12-08 10:00:58,647 [INFO] [开始读取数据库表：order_data]
2025-12-08 10:01:00,572 [INFO] [成功读取表 order_data，数据行数：25141]
2025-12-08 10:01:00,870 [INFO] [开始读取数据库表：sales_data]
2025-12-08 10:01:06,719 [INFO] [成功读取表 sales_data，数据行数：27479]
2025-12-08 10:01:08,542 [INFO] [开始读取数据库表：jingpin_data]
2025-12-08 10:01:08,777 [INFO] [成功读取表 jingpin_data，数据行数：5001]
2025-12-08 10:01:08,849 [INFO] [开始读取数据库表：inventory_data]
2025-12-08 10:01:09,384 [INFO] [成功读取表 inventory_data，数据行数：5649]
2025-12-08 10:01:09,384 [INFO] [开始读取数据库表：tuiding_data]
2025-12-08 10:01:09,601 [INFO] [成功读取表 tuiding_data，数据行数：4528]
2025-12-08 10:01:09,601 [INFO] [开始读取数据库表：debit_data]
2025-12-08 10:01:11,489 [INFO] [成功读取表 debit_data，数据行数：26436]
2025-12-08 10:01:11,872 [INFO] [开始读取数据库表：sales_invoice_data]
2025-12-08 10:01:13,110 [INFO] [成功读取表 sales_invoice_data，数据行数：20013]
2025-12-08 10:31:03,757 [INFO] [数据库引擎创建成功]
2025-12-08 10:31:03,758 [INFO] [开始读取数据库表：order_data]
2025-12-08 10:31:05,528 [INFO] [成功读取表 order_data，数据行数：25138]
2025-12-08 10:31:05,866 [INFO] [开始读取数据库表：sales_data]
2025-12-08 10:31:11,849 [INFO] [成功读取表 sales_data，数据行数：27485]
2025-12-08 10:31:13,477 [INFO] [开始读取数据库表：jingpin_data]
2025-12-08 10:31:13,764 [INFO] [成功读取表 jingpin_data，数据行数：5001]
2025-12-08 10:31:13,830 [INFO] [开始读取数据库表：inventory_data]
2025-12-08 10:31:14,346 [INFO] [成功读取表 inventory_data，数据行数：5643]
2025-12-08 10:31:14,346 [INFO] [开始读取数据库表：tuiding_data]
2025-12-08 10:31:14,562 [INFO] [成功读取表 tuiding_data，数据行数：4531]
2025-12-08 10:31:14,563 [INFO] [开始读取数据库表：debit_data]
2025-12-08 10:31:16,428 [INFO] [成功读取表 debit_data，数据行数：26436]
2025-12-08 10:31:16,774 [INFO] [开始读取数据库表：sales_invoice_data]
2025-12-08 10:31:18,221 [INFO] [成功读取表 sales_invoice_data，数据行数：20018]
2025-12-08 10:57:27,000 [INFO] [数据库引擎创建成功]
2025-12-08 10:57:27,000 [INFO] [开始读取数据库表：order_data]
2025-12-08 10:57:28,920 [INFO] [成功读取表 order_data，数据行数：25143]
2025-12-08 10:57:29,267 [INFO] [开始读取数据库表：sales_data]
2025-12-08 10:57:35,675 [INFO] [成功读取表 sales_data，数据行数：27494]
2025-12-08 10:57:37,560 [INFO] [开始读取数据库表：jingpin_data]
2025-12-08 10:57:37,855 [INFO] [成功读取表 jingpin_data，数据行数：5008]
2025-12-08 10:57:37,929 [INFO] [开始读取数据库表：inventory_data]
2025-12-08 10:57:38,498 [INFO] [成功读取表 inventory_data，数据行数：5635]
2025-12-08 10:57:38,498 [INFO] [开始读取数据库表：tuiding_data]
2025-12-08 10:57:38,742 [INFO] [成功读取表 tuiding_data，数据行数：4531]
2025-12-08 10:57:38,742 [INFO] [开始读取数据库表：debit_data]
2025-12-08 10:57:40,815 [INFO] [成功读取表 debit_data，数据行数：26436]
2025-12-08 10:57:41,213 [INFO] [开始读取数据库表：sales_invoice_data]
2025-12-08 10:57:42,656 [INFO] [成功读取表 sales_invoice_data，数据行数：20027]
2025-12-08 11:27:25,519 [INFO] [数据库引擎创建成功]
2025-12-08 11:27:25,520 [INFO] [开始读取数据库表：order_data]
2025-12-08 11:27:27,272 [INFO] [成功读取表 order_data，数据行数：25145]
2025-12-08 11:27:27,586 [INFO] [开始读取数据库表：sales_data]
2025-12-08 11:27:33,423 [INFO] [成功读取表 sales_data，数据行数：27496]
2025-12-08 11:27:35,424 [INFO] [开始读取数据库表：jingpin_data]
2025-12-08 11:27:35,725 [INFO] [成功读取表 jingpin_data，数据行数：5008]
2025-12-08 11:27:35,801 [INFO] [开始读取数据库表：inventory_data]
2025-12-08 11:27:36,387 [INFO] [成功读取表 inventory_data，数据行数：5633]
2025-12-08 11:27:36,387 [INFO] [开始读取数据库表：tuiding_data]
2025-12-08 11:27:36,642 [INFO] [成功读取表 tuiding_data，数据行数：4534]
2025-12-08 11:27:36,642 [INFO] [开始读取数据库表：debit_data]
2025-12-08 11:27:38,726 [INFO] [成功读取表 debit_data，数据行数：26436]
2025-12-08 11:27:39,122 [INFO] [开始读取数据库表：sales_invoice_data]
2025-12-08 11:27:40,564 [INFO] [成功读取表 sales_invoice_data，数据行数：20029]
2025-12-08 11:57:51,056 [INFO] [数据库引擎创建成功]
2025-12-08 11:57:51,056 [INFO] [开始读取数据库表：order_data]
2025-12-08 11:57:52,953 [INFO] [成功读取表 order_data，数据行数：25145]
2025-12-08 11:57:53,284 [INFO] [开始读取数据库表：sales_data]
2025-12-08 11:57:59,495 [INFO] [成功读取表 sales_data，数据行数：27505]
2025-12-08 11:58:01,399 [INFO] [开始读取数据库表：jingpin_data]
2025-12-08 11:58:01,687 [INFO] [成功读取表 jingpin_data，数据行数：5008]
2025-12-08 11:58:01,760 [INFO] [开始读取数据库表：inventory_data]
2025-12-08 11:58:02,332 [INFO] [成功读取表 inventory_data，数据行数：5627]
2025-12-08 11:58:02,332 [INFO] [开始读取数据库表：tuiding_data]
2025-12-08 11:58:02,568 [INFO] [成功读取表 tuiding_data，数据行数：4535]
2025-12-08 11:58:02,568 [INFO] [开始读取数据库表：debit_data]
2025-12-08 11:58:04,615 [INFO] [成功读取表 debit_data，数据行数：26436]
2025-12-08 11:58:04,991 [INFO] [开始读取数据库表：sales_invoice_data]
2025-12-08 11:58:06,452 [INFO] [成功读取表 sales_invoice_data，数据行数：20035]
2025-12-08 12:27:09,000 [INFO] [数据库引擎创建成功]
2025-12-08 12:27:09,001 [INFO] [开始读取数据库表：order_data]
2025-12-08 12:27:10,653 [INFO] [成功读取表 order_data，数据行数：25148]
2025-12-08 12:27:11,013 [INFO] [开始读取数据库表：sales_data]
2025-12-08 12:27:17,853 [INFO] [成功读取表 sales_data，数据行数：27513]
2025-12-08 12:27:19,896 [INFO] [开始读取数据库表：jingpin_data]
2025-12-08 12:27:20,173 [INFO] [成功读取表 jingpin_data，数据行数：5009]
2025-12-08 12:27:20,248 [INFO] [开始读取数据库表：inventory_data]
2025-12-08 12:27:20,836 [INFO] [成功读取表 inventory_data，数据行数：5622]
2025-12-08 12:27:20,836 [INFO] [开始读取数据库表：tuiding_data]
2025-12-08 12:27:21,095 [INFO] [成功读取表 tuiding_data，数据行数：4535]
2025-12-08 12:27:21,095 [INFO] [开始读取数据库表：debit_data]
2025-12-08 12:27:23,251 [INFO] [成功读取表 debit_data，数据行数：26436]
2025-12-08 12:27:23,658 [INFO] [开始读取数据库表：sales_invoice_data]
2025-12-08 12:27:25,162 [INFO] [成功读取表 sales_invoice_data，数据行数：20040]
2025-12-08 12:56:43,321 [INFO] [数据库引擎创建成功]
2025-12-08 12:56:43,322 [INFO] [开始读取数据库表：order_data]
2025-12-08 12:56:45,121 [INFO] [成功读取表 order_data，数据行数：25147]
2025-12-08 12:56:45,462 [INFO] [开始读取数据库表：sales_data]
2025-12-08 12:56:51,700 [INFO] [成功读取表 sales_data，数据行数：27516]
2025-12-08 12:56:53,695 [INFO] [开始读取数据库表：jingpin_data]
2025-12-08 12:56:53,992 [INFO] [成功读取表 jingpin_data，数据行数：5009]
2025-12-08 12:56:54,064 [INFO] [开始读取数据库表：inventory_data]
2025-12-08 12:56:54,618 [INFO] [成功读取表 inventory_data，数据行数：5618]
2025-12-08 12:56:54,618 [INFO] [开始读取数据库表：tuiding_data]
2025-12-08 12:56:54,854 [INFO] [成功读取表 tuiding_data，数据行数：4536]
2025-12-08 12:56:54,855 [INFO] [开始读取数据库表：debit_data]
2025-12-08 12:56:56,891 [INFO] [成功读取表 debit_data，数据行数：26436]
2025-12-08 12:56:57,282 [INFO] [开始读取数据库表：sales_invoice_data]
2025-12-08 12:56:58,697 [INFO] [成功读取表 sales_invoice_data，数据行数：20044]
2025-12-08 13:27:26,789 [INFO] [数据库引擎创建成功]
2025-12-08 13:27:26,789 [INFO] [开始读取数据库表：order_data]
2025-12-08 13:27:28,579 [INFO] [成功读取表 order_data，数据行数：25148]
2025-12-08 13:27:28,906 [INFO] [开始读取数据库表：sales_data]
2025-12-08 13:27:35,694 [INFO] [成功读取表 sales_data，数据行数：27532]
2025-12-08 13:27:37,711 [INFO] [开始读取数据库表：jingpin_data]
2025-12-08 13:27:38,028 [INFO] [成功读取表 jingpin_data，数据行数：5010]
2025-12-08 13:27:38,107 [INFO] [开始读取数据库表：inventory_data]
2025-12-08 13:27:38,676 [INFO] [成功读取表 inventory_data，数据行数：5604]
2025-12-08 13:27:38,676 [INFO] [开始读取数据库表：tuiding_data]
2025-12-08 13:27:38,937 [INFO] [成功读取表 tuiding_data，数据行数：4537]
2025-12-08 13:27:38,937 [INFO] [开始读取数据库表：debit_data]
2025-12-08 13:27:41,105 [INFO] [成功读取表 debit_data，数据行数：26436]
2025-12-08 13:27:41,485 [INFO] [开始读取数据库表：sales_invoice_data]
2025-12-08 13:27:42,960 [INFO] [成功读取表 sales_invoice_data，数据行数：20059]
2025-12-08 13:58:10,143 [INFO] [数据库引擎创建成功]
2025-12-08 13:58:10,143 [INFO] [开始读取数据库表：order_data]
2025-12-08 13:58:11,811 [INFO] [成功读取表 order_data，数据行数：25155]
2025-12-08 13:58:12,115 [INFO] [开始读取数据库表：sales_data]
2025-12-08 13:58:18,475 [INFO] [成功读取表 sales_data，数据行数：27548]
2025-12-08 13:58:20,360 [INFO] [开始读取数据库表：jingpin_data]
2025-12-08 13:58:20,648 [INFO] [成功读取表 jingpin_data，数据行数：5013]
2025-12-08 13:58:20,714 [INFO] [开始读取数据库表：inventory_data]
2025-12-08 13:58:21,268 [INFO] [成功读取表 inventory_data，数据行数：5594]
2025-12-08 13:58:21,268 [INFO] [开始读取数据库表：tuiding_data]
2025-12-08 13:58:21,517 [INFO] [成功读取表 tuiding_data，数据行数：4537]
2025-12-08 13:58:21,517 [INFO] [开始读取数据库表：debit_data]
2025-12-08 13:58:23,641 [INFO] [成功读取表 debit_data，数据行数：26485]
2025-12-08 13:58:24,030 [INFO] [开始读取数据库表：sales_invoice_data]
2025-12-08 13:58:25,561 [INFO] [成功读取表 sales_invoice_data，数据行数：20073]
2025-12-08 14:30:22,365 [INFO] [数据库引擎创建成功]
2025-12-08 14:30:22,365 [INFO] [开始读取数据库表：order_data]
2025-12-08 14:30:23,982 [INFO] [成功读取表 order_data，数据行数：25158]
2025-12-08 14:30:24,295 [INFO] [开始读取数据库表：sales_data]
2025-12-08 14:30:30,924 [INFO] [成功读取表 sales_data，数据行数：27556]
2025-12-08 14:30:33,184 [INFO] [开始读取数据库表：jingpin_data]
2025-12-08 14:30:33,500 [INFO] [成功读取表 jingpin_data，数据行数：5013]
2025-12-08 14:30:33,580 [INFO] [开始读取数据库表：inventory_data]
2025-12-08 14:30:34,165 [INFO] [成功读取表 inventory_data，数据行数：5585]
2025-12-08 14:30:34,165 [INFO] [开始读取数据库表：tuiding_data]
2025-12-08 14:30:34,418 [INFO] [成功读取表 tuiding_data，数据行数：4540]
2025-12-08 14:30:34,418 [INFO] [开始读取数据库表：debit_data]
2025-12-08 14:30:36,511 [INFO] [成功读取表 debit_data，数据行数：26485]
2025-12-08 14:30:36,948 [INFO] [开始读取数据库表：sales_invoice_data]
2025-12-08 14:30:38,419 [INFO] [成功读取表 sales_invoice_data，数据行数：20081]
2025-12-08 14:59:45,688 [INFO] [数据库引擎创建成功]
2025-12-08 14:59:45,689 [INFO] [开始读取数据库表：order_data]
2025-12-08 14:59:47,449 [INFO] [成功读取表 order_data，数据行数：25161]
2025-12-08 14:59:47,785 [INFO] [开始读取数据库表：sales_data]
2025-12-08 14:59:54,539 [INFO] [成功读取表 sales_data，数据行数：27563]
2025-12-08 14:59:56,529 [INFO] [开始读取数据库表：jingpin_data]
2025-12-08 14:59:56,808 [INFO] [成功读取表 jingpin_data，数据行数：5013]
2025-12-08 14:59:56,888 [INFO] [开始读取数据库表：inventory_data]
2025-12-08 14:59:57,462 [INFO] [成功读取表 inventory_data，数据行数：5581]
2025-12-08 14:59:57,462 [INFO] [开始读取数据库表：tuiding_data]
2025-12-08 14:59:57,720 [INFO] [成功读取表 tuiding_data，数据行数：4546]
2025-12-08 14:59:57,720 [INFO] [开始读取数据库表：debit_data]
2025-12-08 14:59:59,840 [INFO] [成功读取表 debit_data，数据行数：26485]
2025-12-08 15:00:00,236 [INFO] [开始读取数据库表：sales_invoice_data]
2025-12-08 15:00:01,707 [INFO] [成功读取表 sales_invoice_data，数据行数：20087]
2025-12-08 15:31:10,491 [INFO] [数据库引擎创建成功]
2025-12-08 15:31:10,491 [INFO] [开始读取数据库表：order_data]
2025-12-08 15:31:12,038 [INFO] [成功读取表 order_data，数据行数：25168]
2025-12-08 15:31:12,388 [INFO] [开始读取数据库表：sales_data]
2025-12-08 15:31:19,245 [INFO] [成功读取表 sales_data，数据行数：27573]
2025-12-08 15:31:21,264 [INFO] [开始读取数据库表：jingpin_data]
2025-12-08 15:31:21,568 [INFO] [成功读取表 jingpin_data，数据行数：5013]
2025-12-08 15:31:21,646 [INFO] [开始读取数据库表：inventory_data]
2025-12-08 15:31:22,240 [INFO] [成功读取表 inventory_data，数据行数：5571]
2025-12-08 15:31:22,240 [INFO] [开始读取数据库表：tuiding_data]
2025-12-08 15:31:22,476 [INFO] [成功读取表 tuiding_data，数据行数：4546]
2025-12-08 15:31:22,477 [INFO] [开始读取数据库表：debit_data]
2025-12-08 15:31:24,611 [INFO] [成功读取表 debit_data，数据行数：26485]
2025-12-08 15:31:25,004 [INFO] [开始读取数据库表：sales_invoice_data]
2025-12-08 15:31:26,459 [INFO] [成功读取表 sales_invoice_data，数据行数：20097]
2025-12-08 16:01:04,015 [INFO] [数据库引擎创建成功]
2025-12-08 16:01:04,015 [INFO] [开始读取数据库表：order_data]
2025-12-08 16:01:05,738 [INFO] [成功读取表 order_data，数据行数：25162]
2025-12-08 16:01:06,077 [INFO] [开始读取数据库表：sales_data]
2025-12-08 16:01:12,859 [INFO] [成功读取表 sales_data，数据行数：27579]
2025-12-08 16:01:14,814 [INFO] [开始读取数据库表：jingpin_data]
2025-12-08 16:01:15,125 [INFO] [成功读取表 jingpin_data，数据行数：5017]
2025-12-08 16:01:15,189 [INFO] [开始读取数据库表：inventory_data]
2025-12-08 16:01:15,770 [INFO] [成功读取表 inventory_data，数据行数：5565]
2025-12-08 16:01:15,770 [INFO] [开始读取数据库表：tuiding_data]
2025-12-08 16:01:16,022 [INFO] [成功读取表 tuiding_data，数据行数：4552]
2025-12-08 16:01:16,023 [INFO] [开始读取数据库表：debit_data]
2025-12-08 16:01:18,116 [INFO] [成功读取表 debit_data，数据行数：26485]
2025-12-08 16:01:18,511 [INFO] [开始读取数据库表：sales_invoice_data]
2025-12-08 16:01:19,801 [INFO] [成功读取表 sales_invoice_data，数据行数：20103]
2025-12-08 16:31:43,529 [INFO] [数据库引擎创建成功]
2025-12-08 16:31:43,529 [INFO] [开始读取数据库表：order_data]
2025-12-08 16:31:45,203 [INFO] [成功读取表 order_data，数据行数：25161]
2025-12-08 16:31:45,538 [INFO] [开始读取数据库表：sales_data]
2025-12-08 16:31:52,323 [INFO] [成功读取表 sales_data，数据行数：27583]
2025-12-08 16:31:54,311 [INFO] [开始读取数据库表：jingpin_data]
2025-12-08 16:31:54,629 [INFO] [成功读取表 jingpin_data，数据行数：5017]
2025-12-08 16:31:54,697 [INFO] [开始读取数据库表：inventory_data]
2025-12-08 16:31:55,259 [INFO] [成功读取表 inventory_data，数据行数：5561]
2025-12-08 16:31:55,260 [INFO] [开始读取数据库表：tuiding_data]
2025-12-08 16:31:55,511 [INFO] [成功读取表 tuiding_data，数据行数：4553]
2025-12-08 16:31:55,511 [INFO] [开始读取数据库表：debit_data]
2025-12-08 16:31:57,630 [INFO] [成功读取表 debit_data，数据行数：26485]
2025-12-08 16:31:58,016 [INFO] [开始读取数据库表：sales_invoice_data]
2025-12-08 16:31:59,538 [INFO] [成功读取表 sales_invoice_data，数据行数：20106]
2025-12-08 17:01:53,211 [INFO] [数据库引擎创建成功]
2025-12-08 17:01:53,212 [INFO] [开始读取数据库表：order_data]
2025-12-08 17:01:54,889 [INFO] [成功读取表 order_data，数据行数：25160]
2025-12-08 17:01:55,220 [INFO] [开始读取数据库表：sales_data]
2025-12-08 17:02:01,855 [INFO] [成功读取表 sales_data，数据行数：27591]
2025-12-08 17:02:03,846 [INFO] [开始读取数据库表：jingpin_data]
2025-12-08 17:02:04,154 [INFO] [成功读取表 jingpin_data，数据行数：5017]
2025-12-08 17:02:04,229 [INFO] [开始读取数据库表：inventory_data]
2025-12-08 17:02:04,800 [INFO] [成功读取表 inventory_data，数据行数：5550]
2025-12-08 17:02:04,800 [INFO] [开始读取数据库表：tuiding_data]
2025-12-08 17:02:05,052 [INFO] [成功读取表 tuiding_data，数据行数：4554]
2025-12-08 17:02:05,052 [INFO] [开始读取数据库表：debit_data]
2025-12-08 17:02:07,180 [INFO] [成功读取表 debit_data，数据行数：26485]
2025-12-08 17:02:07,572 [INFO] [开始读取数据库表：sales_invoice_data]
2025-12-08 17:02:09,126 [INFO] [成功读取表 sales_invoice_data，数据行数：20113]
2025-12-08 17:32:04,678 [INFO] [数据库引擎创建成功]
2025-12-08 17:32:04,679 [INFO] [开始读取数据库表：order_data]
2025-12-08 17:32:06,501 [INFO] [成功读取表 order_data，数据行数：25160]
2025-12-08 17:32:06,847 [INFO] [开始读取数据库表：sales_data]
2025-12-08 17:32:13,539 [INFO] [成功读取表 sales_data，数据行数：27602]
2025-12-08 17:32:15,565 [INFO] [开始读取数据库表：jingpin_data]
2025-12-08 17:32:15,861 [INFO] [成功读取表 jingpin_data，数据行数：5017]
2025-12-08 17:32:15,938 [INFO] [开始读取数据库表：inventory_data]
2025-12-08 17:32:16,506 [INFO] [成功读取表 inventory_data，数据行数：5540]
2025-12-08 17:32:16,506 [INFO] [开始读取数据库表：tuiding_data]
2025-12-08 17:32:16,751 [INFO] [成功读取表 tuiding_data，数据行数：4554]
2025-12-08 17:32:16,752 [INFO] [开始读取数据库表：debit_data]
2025-12-08 17:32:18,888 [INFO] [成功读取表 debit_data，数据行数：26485]
2025-12-08 17:32:19,280 [INFO] [开始读取数据库表：sales_invoice_data]
2025-12-08 17:32:20,729 [INFO] [成功读取表 sales_invoice_data，数据行数：20124]
2025-12-08 17:58:48,241 [INFO] [数据库引擎创建成功]
2025-12-08 17:58:48,241 [INFO] [开始读取数据库表：order_data]
2025-12-08 17:58:49,695 [INFO] [成功读取表 order_data，数据行数：25198]
2025-12-08 17:58:50,046 [INFO] [开始读取数据库表：sales_data]
2025-12-08 17:58:56,514 [INFO] [成功读取表 sales_data，数据行数：27633]
2025-12-08 17:58:58,468 [INFO] [开始读取数据库表：jingpin_data]
2025-12-08 17:58:58,763 [INFO] [成功读取表 jingpin_data，数据行数：5025]
2025-12-08 17:58:58,836 [INFO] [开始读取数据库表：inventory_data]
2025-12-08 17:58:59,362 [INFO] [成功读取表 inventory_data，数据行数：5510]
2025-12-08 17:58:59,362 [INFO] [开始读取数据库表：tuiding_data]
2025-12-08 17:58:59,610 [INFO] [成功读取表 tuiding_data，数据行数：4555]
2025-12-08 17:58:59,611 [INFO] [开始读取数据库表：debit_data]
2025-12-08 17:59:01,776 [INFO] [成功读取表 debit_data，数据行数：26485]
2025-12-08 17:59:02,159 [INFO] [开始读取数据库表：sales_invoice_data]
2025-12-08 17:59:03,588 [INFO] [成功读取表 sales_invoice_data，数据行数：20154]
2025-12-08 18:26:57,644 [INFO] [数据库引擎创建成功]
2025-12-08 18:26:57,645 [INFO] [开始读取数据库表：order_data]
2025-12-08 18:26:59,282 [INFO] [成功读取表 order_data，数据行数：25202]
2025-12-08 18:26:59,618 [INFO] [开始读取数据库表：sales_data]
2025-12-08 18:27:06,471 [INFO] [成功读取表 sales_data，数据行数：27650]
2025-12-08 18:27:08,470 [INFO] [开始读取数据库表：jingpin_data]
2025-12-08 18:27:08,784 [INFO] [成功读取表 jingpin_data，数据行数：5025]
2025-12-08 18:27:08,859 [INFO] [开始读取数据库表：inventory_data]
2025-12-08 18:27:09,390 [INFO] [成功读取表 inventory_data，数据行数：5498]
2025-12-08 18:27:09,390 [INFO] [开始读取数据库表：tuiding_data]
2025-12-08 18:27:09,652 [INFO] [成功读取表 tuiding_data，数据行数：4555]
2025-12-08 18:27:09,652 [INFO] [开始读取数据库表：debit_data]
2025-12-08 18:27:11,847 [INFO] [成功读取表 debit_data，数据行数：26485]
2025-12-08 18:27:12,236 [INFO] [开始读取数据库表：sales_invoice_data]
2025-12-08 18:27:13,656 [INFO] [成功读取表 sales_invoice_data，数据行数：20166]
2025-12-08 18:56:38,320 [INFO] [数据库引擎创建成功]
2025-12-08 18:56:38,321 [INFO] [开始读取数据库表：order_data]
2025-12-08 18:56:40,104 [INFO] [成功读取表 order_data，数据行数：25215]
2025-12-08 18:56:40,426 [INFO] [开始读取数据库表：sales_data]
2025-12-08 18:56:47,266 [INFO] [成功读取表 sales_data，数据行数：27653]
2025-12-08 18:56:49,265 [INFO] [开始读取数据库表：jingpin_data]
2025-12-08 18:56:49,566 [INFO] [成功读取表 jingpin_data，数据行数：5025]
2025-12-08 18:56:49,653 [INFO] [开始读取数据库表：inventory_data]
2025-12-08 18:56:50,201 [INFO] [成功读取表 inventory_data，数据行数：5498]
2025-12-08 18:56:50,201 [INFO] [开始读取数据库表：tuiding_data]
2025-12-08 18:56:50,465 [INFO] [成功读取表 tuiding_data，数据行数：4555]
2025-12-08 18:56:50,465 [INFO] [开始读取数据库表：debit_data]
2025-12-08 18:56:52,673 [INFO] [成功读取表 debit_data，数据行数：26485]
2025-12-08 18:56:53,018 [INFO] [开始读取数据库表：sales_invoice_data]
2025-12-08 18:56:54,444 [INFO] [成功读取表 sales_invoice_data，数据行数：20167]
2025-12-08 19:26:41,329 [INFO] [数据库引擎创建成功]
2025-12-08 19:26:41,329 [INFO] [开始读取数据库表：order_data]
2025-12-08 19:26:43,069 [INFO] [成功读取表 order_data，数据行数：25219]
2025-12-08 19:26:43,402 [INFO] [开始读取数据库表：sales_data]
2025-12-08 19:26:50,297 [INFO] [成功读取表 sales_data，数据行数：27653]
2025-12-08 19:26:52,285 [INFO] [开始读取数据库表：jingpin_data]
2025-12-08 19:26:52,591 [INFO] [成功读取表 jingpin_data，数据行数：5025]
2025-12-08 19:26:52,664 [INFO] [开始读取数据库表：inventory_data]
2025-12-08 19:26:53,220 [INFO] [成功读取表 inventory_data，数据行数：5498]
2025-12-08 19:26:53,220 [INFO] [开始读取数据库表：tuiding_data]
2025-12-08 19:26:53,477 [INFO] [成功读取表 tuiding_data，数据行数：4555]
2025-12-08 19:26:53,478 [INFO] [开始读取数据库表：debit_data]
2025-12-08 19:26:55,649 [INFO] [成功读取表 debit_data，数据行数：26485]
2025-12-08 19:26:56,027 [INFO] [开始读取数据库表：sales_invoice_data]
2025-12-08 19:26:57,421 [INFO] [成功读取表 sales_invoice_data，数据行数：20167]
2025-12-08 19:56:47,924 [INFO] [数据库引擎创建成功]
2025-12-08 19:56:47,925 [INFO] [开始读取数据库表：order_data]
2025-12-08 19:56:49,773 [INFO] [成功读取表 order_data，数据行数：25221]
2025-12-08 19:56:50,107 [INFO] [开始读取数据库表：sales_data]
2025-12-08 19:56:56,962 [INFO] [成功读取表 sales_data，数据行数：27652]
2025-12-08 19:56:58,975 [INFO] [开始读取数据库表：jingpin_data]
2025-12-08 19:56:59,272 [INFO] [成功读取表 jingpin_data，数据行数：5025]
2025-12-08 19:56:59,351 [INFO] [开始读取数据库表：inventory_data]
2025-12-08 19:56:59,876 [INFO] [成功读取表 inventory_data，数据行数：5498]
2025-12-08 19:56:59,876 [INFO] [开始读取数据库表：tuiding_data]
2025-12-08 19:57:00,140 [INFO] [成功读取表 tuiding_data，数据行数：4555]
2025-12-08 19:57:00,140 [INFO] [开始读取数据库表：debit_data]
2025-12-08 19:57:02,338 [INFO] [成功读取表 debit_data，数据行数：26485]
2025-12-08 19:57:02,723 [INFO] [开始读取数据库表：sales_invoice_data]
2025-12-08 19:57:04,141 [INFO] [成功读取表 sales_invoice_data，数据行数：20167]
2025-12-08 20:26:29,226 [INFO] [数据库引擎创建成功]
2025-12-08 20:26:29,226 [INFO] [开始读取数据库表：order_data]
2025-12-08 20:26:31,019 [INFO] [成功读取表 order_data，数据行数：25223]
2025-12-08 20:26:31,359 [INFO] [开始读取数据库表：sales_data]
2025-12-08 20:26:37,820 [INFO] [成功读取表 sales_data，数据行数：27652]
2025-12-08 20:26:39,802 [INFO] [开始读取数据库表：jingpin_data]
2025-12-08 20:26:40,093 [INFO] [成功读取表 jingpin_data，数据行数：5025]
2025-12-08 20:26:40,168 [INFO] [开始读取数据库表：inventory_data]
2025-12-08 20:26:40,678 [INFO] [成功读取表 inventory_data，数据行数：5498]
2025-12-08 20:26:40,678 [INFO] [开始读取数据库表：tuiding_data]
2025-12-08 20:26:40,920 [INFO] [成功读取表 tuiding_data，数据行数：4555]
2025-12-08 20:26:40,921 [INFO] [开始读取数据库表：debit_data]
2025-12-08 20:26:43,016 [INFO] [成功读取表 debit_data，数据行数：26485]
2025-12-08 20:26:43,407 [INFO] [开始读取数据库表：sales_invoice_data]
2025-12-08 20:26:44,763 [INFO] [成功读取表 sales_invoice_data，数据行数：20167]
2025-12-08 20:56:46,991 [INFO] [数据库引擎创建成功]
2025-12-08 20:56:46,991 [INFO] [开始读取数据库表：order_data]
2025-12-08 20:56:48,842 [INFO] [成功读取表 order_data，数据行数：25223]
2025-12-08 20:56:49,177 [INFO] [开始读取数据库表：sales_data]
2025-12-08 20:56:55,709 [INFO] [成功读取表 sales_data，数据行数：27652]
2025-12-08 20:56:57,697 [INFO] [开始读取数据库表：jingpin_data]
2025-12-08 20:56:57,991 [INFO] [成功读取表 jingpin_data，数据行数：5025]
2025-12-08 20:56:58,064 [INFO] [开始读取数据库表：inventory_data]
2025-12-08 20:56:58,577 [INFO] [成功读取表 inventory_data，数据行数：5498]
2025-12-08 20:56:58,578 [INFO] [开始读取数据库表：tuiding_data]
2025-12-08 20:56:58,818 [INFO] [成功读取表 tuiding_data，数据行数：4555]
2025-12-08 20:56:58,818 [INFO] [开始读取数据库表：debit_data]
2025-12-08 20:57:00,924 [INFO] [成功读取表 debit_data，数据行数：26485]
2025-12-08 20:57:01,315 [INFO] [开始读取数据库表：sales_invoice_data]
2025-12-08 20:57:02,746 [INFO] [成功读取表 sales_invoice_data，数据行数：20167]
2025-12-08 21:26:44,683 [INFO] [数据库引擎创建成功]
2025-12-08 21:26:44,683 [INFO] [开始读取数据库表：order_data]
2025-12-08 21:26:46,540 [INFO] [成功读取表 order_data，数据行数：25223]
2025-12-08 21:26:46,867 [INFO] [开始读取数据库表：sales_data]
2025-12-08 21:26:53,671 [INFO] [成功读取表 sales_data，数据行数：27652]
2025-12-08 21:26:55,664 [INFO] [开始读取数据库表：jingpin_data]
2025-12-08 21:26:55,971 [INFO] [成功读取表 jingpin_data，数据行数：5025]
2025-12-08 21:26:56,042 [INFO] [开始读取数据库表：inventory_data]
2025-12-08 21:26:56,535 [INFO] [成功读取表 inventory_data，数据行数：5498]
2025-12-08 21:26:56,535 [INFO] [开始读取数据库表：tuiding_data]
2025-12-08 21:26:56,796 [INFO] [成功读取表 tuiding_data，数据行数：4555]
2025-12-08 21:26:56,797 [INFO] [开始读取数据库表：debit_data]
2025-12-08 21:26:59,015 [INFO] [成功读取表 debit_data，数据行数：26485]
2025-12-08 21:26:59,417 [INFO] [开始读取数据库表：sales_invoice_data]
2025-12-08 21:27:00,828 [INFO] [成功读取表 sales_invoice_data，数据行数：20167]
2025-12-08 21:56:46,190 [INFO] [数据库引擎创建成功]
2025-12-08 21:56:46,190 [INFO] [开始读取数据库表：order_data]
2025-12-08 21:56:47,923 [INFO] [成功读取表 order_data，数据行数：25224]
2025-12-08 21:56:48,264 [INFO] [开始读取数据库表：sales_data]
2025-12-08 21:56:55,104 [INFO] [成功读取表 sales_data，数据行数：27652]
2025-12-08 21:56:57,118 [INFO] [开始读取数据库表：jingpin_data]
2025-12-08 21:56:57,435 [INFO] [成功读取表 jingpin_data，数据行数：5025]
2025-12-08 21:56:57,507 [INFO] [开始读取数据库表：inventory_data]
2025-12-08 21:56:58,053 [INFO] [成功读取表 inventory_data，数据行数：5498]
2025-12-08 21:56:58,054 [INFO] [开始读取数据库表：tuiding_data]
2025-12-08 21:56:58,307 [INFO] [成功读取表 tuiding_data，数据行数：4555]
2025-12-08 21:56:58,307 [INFO] [开始读取数据库表：debit_data]
2025-12-08 21:57:00,509 [INFO] [成功读取表 debit_data，数据行数：26485]
2025-12-08 21:57:00,895 [INFO] [开始读取数据库表：sales_invoice_data]
2025-12-08 21:57:02,273 [INFO] [成功读取表 sales_invoice_data，数据行数：20167]
2025-12-08 22:26:30,500 [INFO] [数据库引擎创建成功]
2025-12-08 22:26:30,500 [INFO] [开始读取数据库表：order_data]
2025-12-08 22:26:32,132 [INFO] [成功读取表 order_data，数据行数：25224]
2025-12-08 22:26:32,465 [INFO] [开始读取数据库表：sales_data]
2025-12-08 22:26:39,358 [INFO] [成功读取表 sales_data，数据行数：27652]
2025-12-08 22:26:41,348 [INFO] [开始读取数据库表：jingpin_data]
2025-12-08 22:26:41,665 [INFO] [成功读取表 jingpin_data，数据行数：5025]
2025-12-08 22:26:41,742 [INFO] [开始读取数据库表：inventory_data]
2025-12-08 22:26:42,282 [INFO] [成功读取表 inventory_data，数据行数：5498]
2025-12-08 22:26:42,282 [INFO] [开始读取数据库表：tuiding_data]
2025-12-08 22:26:42,530 [INFO] [成功读取表 tuiding_data，数据行数：4555]
2025-12-08 22:26:42,530 [INFO] [开始读取数据库表：debit_data]
2025-12-08 22:26:44,712 [INFO] [成功读取表 debit_data，数据行数：26485]
2025-12-08 22:26:45,101 [INFO] [开始读取数据库表：sales_invoice_data]
2025-12-08 22:26:46,521 [INFO] [成功读取表 sales_invoice_data，数据行数：20167]
2025-12-08 22:57:14,437 [INFO] [数据库引擎创建成功]
2025-12-08 22:57:14,437 [INFO] [开始读取数据库表：order_data]
2025-12-08 22:57:16,308 [INFO] [成功读取表 order_data，数据行数：25224]
2025-12-08 22:57:16,649 [INFO] [开始读取数据库表：sales_data]
2025-12-08 22:57:23,503 [INFO] [成功读取表 sales_data，数据行数：27652]
2025-12-08 22:57:25,493 [INFO] [开始读取数据库表：jingpin_data]
2025-12-08 22:57:25,802 [INFO] [成功读取表 jingpin_data，数据行数：5025]
2025-12-08 22:57:25,876 [INFO] [开始读取数据库表：inventory_data]
2025-12-08 22:57:26,403 [INFO] [成功读取表 inventory_data，数据行数：5498]
2025-12-08 22:57:26,403 [INFO] [开始读取数据库表：tuiding_data]
2025-12-08 22:57:26,645 [INFO] [成功读取表 tuiding_data，数据行数：4555]
2025-12-08 22:57:26,645 [INFO] [开始读取数据库表：debit_data]
2025-12-08 22:57:28,860 [INFO] [成功读取表 debit_data，数据行数：26485]
2025-12-08 22:57:29,254 [INFO] [开始读取数据库表：sales_invoice_data]
2025-12-08 22:57:30,695 [INFO] [成功读取表 sales_invoice_data，数据行数：20167]
2025-12-08 23:26:45,550 [INFO] [数据库引擎创建成功]
2025-12-08 23:26:45,550 [INFO] [开始读取数据库表：order_data]
2025-12-08 23:26:47,375 [INFO] [成功读取表 order_data，数据行数：25224]
2025-12-08 23:26:47,713 [INFO] [开始读取数据库表：sales_data]
2025-12-08 23:26:54,566 [INFO] [成功读取表 sales_data，数据行数：27652]
2025-12-08 23:26:56,564 [INFO] [开始读取数据库表：jingpin_data]
2025-12-08 23:26:56,868 [INFO] [成功读取表 jingpin_data，数据行数：5025]
2025-12-08 23:26:56,945 [INFO] [开始读取数据库表：inventory_data]
2025-12-08 23:26:57,486 [INFO] [成功读取表 inventory_data，数据行数：5498]
2025-12-08 23:26:57,487 [INFO] [开始读取数据库表：tuiding_data]
2025-12-08 23:26:57,749 [INFO] [成功读取表 tuiding_data，数据行数：4555]
2025-12-08 23:26:57,749 [INFO] [开始读取数据库表：debit_data]
2025-12-08 23:26:59,940 [INFO] [成功读取表 debit_data，数据行数：26485]
2025-12-08 23:27:00,327 [INFO] [开始读取数据库表：sales_invoice_data]
2025-12-08 23:27:01,729 [INFO] [成功读取表 sales_invoice_data，数据行数：20167]
2025-12-08 23:56:34,829 [INFO] [数据库引擎创建成功]
2025-12-08 23:56:34,829 [INFO] [开始读取数据库表：order_data]
2025-12-08 23:56:36,727 [INFO] [成功读取表 order_data，数据行数：25224]
2025-12-08 23:56:37,074 [INFO] [开始读取数据库表：sales_data]
2025-12-08 23:56:43,941 [INFO] [成功读取表 sales_data，数据行数：27652]
2025-12-08 23:56:45,961 [INFO] [开始读取数据库表：jingpin_data]
2025-12-08 23:56:46,271 [INFO] [成功读取表 jingpin_data，数据行数：5025]
2025-12-08 23:56:46,352 [INFO] [开始读取数据库表：inventory_data]
2025-12-08 23:56:46,880 [INFO] [成功读取表 inventory_data，数据行数：5498]
2025-12-08 23:56:46,880 [INFO] [开始读取数据库表：tuiding_data]
2025-12-08 23:56:47,137 [INFO] [成功读取表 tuiding_data，数据行数：4555]
2025-12-08 23:56:47,137 [INFO] [开始读取数据库表：debit_data]
2025-12-08 23:56:49,336 [INFO] [成功读取表 debit_data，数据行数：26485]
2025-12-08 23:56:49,732 [INFO] [开始读取数据库表：sales_invoice_data]
2025-12-08 23:56:51,163 [INFO] [成功读取表 sales_invoice_data，数据行数：20167]
