2025-12-02 09:26:56,069 [INFO] [数据库引擎创建成功]
2025-12-02 09:26:56,069 [INFO] [开始读取数据库表：order_data]
2025-12-02 09:26:57,756 [INFO] [成功读取表 order_data，数据行数：24512]
2025-12-02 09:26:58,015 [INFO] [开始读取数据库表：sales_data]
2025-12-02 09:27:02,587 [INFO] [成功读取表 sales_data，数据行数：26862]
2025-12-02 09:27:04,083 [INFO] [开始读取数据库表：jingpin_data]
2025-12-02 09:27:04,285 [INFO] [成功读取表 jingpin_data，数据行数：4828]
2025-12-02 09:27:04,363 [INFO] [开始读取数据库表：inventory_data]
2025-12-02 09:27:04,736 [INFO] [成功读取表 inventory_data，数据行数：5976]
2025-12-02 09:27:04,737 [INFO] [开始读取数据库表：tuiding_data]
2025-12-02 09:27:04,911 [INFO] [成功读取表 tuiding_data，数据行数：4404]
2025-12-02 09:27:04,911 [INFO] [开始读取数据库表：debit_data]
2025-12-02 09:27:06,314 [INFO] [成功读取表 debit_data，数据行数：26218]
2025-12-02 09:27:06,601 [INFO] [开始读取数据库表：sales_invoice_data]
2025-12-02 09:27:07,514 [INFO] [成功读取表 sales_invoice_data，数据行数：19446]
2025-12-02 09:56:18,383 [INFO] [数据库引擎创建成功]
2025-12-02 09:56:18,384 [INFO] [开始读取数据库表：order_data]
2025-12-02 09:56:19,687 [INFO] [成功读取表 order_data，数据行数：24516]
2025-12-02 09:56:19,932 [INFO] [开始读取数据库表：sales_data]
2025-12-02 09:56:24,519 [INFO] [成功读取表 sales_data，数据行数：26862]
2025-12-02 09:56:26,046 [INFO] [开始读取数据库表：jingpin_data]
2025-12-02 09:56:26,264 [INFO] [成功读取表 jingpin_data，数据行数：4828]
2025-12-02 09:56:26,340 [INFO] [开始读取数据库表：inventory_data]
2025-12-02 09:56:26,710 [INFO] [成功读取表 inventory_data，数据行数：5976]
2025-12-02 09:56:26,710 [INFO] [开始读取数据库表：tuiding_data]
2025-12-02 09:56:26,880 [INFO] [成功读取表 tuiding_data，数据行数：4404]
2025-12-02 09:56:26,881 [INFO] [开始读取数据库表：debit_data]
2025-12-02 09:56:28,620 [INFO] [成功读取表 debit_data，数据行数：26218]
2025-12-02 09:56:28,943 [INFO] [开始读取数据库表：sales_invoice_data]
2025-12-02 09:56:29,883 [INFO] [成功读取表 sales_invoice_data，数据行数：19446]
2025-12-02 10:24:36,433 [INFO] [数据库引擎创建成功]
2025-12-02 10:24:36,434 [INFO] [开始读取数据库表：order_data]
2025-12-02 10:24:37,786 [INFO] [成功读取表 order_data，数据行数：24516]
2025-12-02 10:24:38,043 [INFO] [开始读取数据库表：sales_data]
2025-12-02 10:24:42,496 [INFO] [成功读取表 sales_data，数据行数：26862]
2025-12-02 10:24:44,716 [INFO] [开始读取数据库表：jingpin_data]
2025-12-02 10:24:44,927 [INFO] [成功读取表 jingpin_data，数据行数：4828]
2025-12-02 10:24:44,980 [INFO] [开始读取数据库表：inventory_data]
2025-12-02 10:24:45,481 [INFO] [成功读取表 inventory_data，数据行数：5976]
2025-12-02 10:24:45,481 [INFO] [开始读取数据库表：tuiding_data]
2025-12-02 10:24:45,654 [INFO] [成功读取表 tuiding_data，数据行数：4404]
2025-12-02 10:24:45,654 [INFO] [开始读取数据库表：debit_data]
2025-12-02 10:24:47,109 [INFO] [成功读取表 debit_data，数据行数：26218]
2025-12-02 10:24:47,386 [INFO] [开始读取数据库表：sales_invoice_data]
2025-12-02 10:24:48,261 [INFO] [成功读取表 sales_invoice_data，数据行数：19446]
2025-12-02 10:54:18,601 [INFO] [数据库引擎创建成功]
2025-12-02 10:54:18,601 [INFO] [开始读取数据库表：order_data]
2025-12-02 10:54:19,793 [INFO] [成功读取表 order_data，数据行数：24516]
2025-12-02 10:54:20,021 [INFO] [开始读取数据库表：sales_data]
2025-12-02 10:54:24,696 [INFO] [成功读取表 sales_data，数据行数：26862]
2025-12-02 10:54:26,145 [INFO] [开始读取数据库表：jingpin_data]
2025-12-02 10:54:26,339 [INFO] [成功读取表 jingpin_data，数据行数：4828]
2025-12-02 10:54:26,388 [INFO] [开始读取数据库表：inventory_data]
2025-12-02 10:54:26,782 [INFO] [成功读取表 inventory_data，数据行数：5976]
2025-12-02 10:54:26,782 [INFO] [开始读取数据库表：tuiding_data]
2025-12-02 10:54:26,942 [INFO] [成功读取表 tuiding_data，数据行数：4404]
2025-12-02 10:54:26,942 [INFO] [开始读取数据库表：debit_data]
2025-12-02 10:54:28,420 [INFO] [成功读取表 debit_data，数据行数：26218]
2025-12-02 10:54:28,697 [INFO] [开始读取数据库表：sales_invoice_data]
2025-12-02 10:54:29,901 [INFO] [成功读取表 sales_invoice_data，数据行数：19446]
2025-12-02 11:24:37,464 [INFO] [数据库引擎创建成功]
2025-12-02 11:24:37,465 [INFO] [开始读取数据库表：order_data]
2025-12-02 11:24:38,895 [INFO] [成功读取表 order_data，数据行数：24516]
2025-12-02 11:24:39,200 [INFO] [开始读取数据库表：sales_data]
2025-12-02 11:24:44,122 [INFO] [成功读取表 sales_data，数据行数：26862]
2025-12-02 11:24:45,724 [INFO] [开始读取数据库表：jingpin_data]
2025-12-02 11:24:46,148 [INFO] [成功读取表 jingpin_data，数据行数：4828]
2025-12-02 11:24:46,213 [INFO] [开始读取数据库表：inventory_data]
2025-12-02 11:24:46,600 [INFO] [成功读取表 inventory_data，数据行数：5976]
2025-12-02 11:24:46,600 [INFO] [开始读取数据库表：tuiding_data]
2025-12-02 11:24:46,756 [INFO] [成功读取表 tuiding_data，数据行数：4404]
2025-12-02 11:24:46,757 [INFO] [开始读取数据库表：debit_data]
2025-12-02 11:24:48,335 [INFO] [成功读取表 debit_data，数据行数：26218]
2025-12-02 11:24:48,653 [INFO] [开始读取数据库表：sales_invoice_data]
2025-12-02 11:24:49,590 [INFO] [成功读取表 sales_invoice_data，数据行数：19446]
2025-12-02 11:54:23,783 [INFO] [数据库引擎创建成功]
2025-12-02 11:54:23,784 [INFO] [开始读取数据库表：order_data]
2025-12-02 11:54:24,665 [INFO] [成功读取表 order_data，数据行数：24516]
2025-12-02 11:54:24,904 [INFO] [开始读取数据库表：sales_data]
2025-12-02 11:54:29,653 [INFO] [成功读取表 sales_data，数据行数：26862]
2025-12-02 11:54:31,241 [INFO] [开始读取数据库表：jingpin_data]
2025-12-02 11:54:31,441 [INFO] [成功读取表 jingpin_data，数据行数：4828]
2025-12-02 11:54:31,493 [INFO] [开始读取数据库表：inventory_data]
2025-12-02 11:54:31,880 [INFO] [成功读取表 inventory_data，数据行数：5976]
2025-12-02 11:54:31,880 [INFO] [开始读取数据库表：tuiding_data]
2025-12-02 11:54:32,319 [INFO] [成功读取表 tuiding_data，数据行数：4404]
2025-12-02 11:54:32,319 [INFO] [开始读取数据库表：debit_data]
2025-12-02 11:54:33,785 [INFO] [成功读取表 debit_data，数据行数：26218]
2025-12-02 11:54:34,064 [INFO] [开始读取数据库表：sales_invoice_data]
2025-12-02 11:54:34,969 [INFO] [成功读取表 sales_invoice_data，数据行数：19446]
2025-12-02 12:24:48,862 [INFO] [数据库引擎创建成功]
2025-12-02 12:24:48,863 [INFO] [开始读取数据库表：order_data]
2025-12-02 12:24:50,106 [INFO] [成功读取表 order_data，数据行数：24516]
2025-12-02 12:24:50,341 [INFO] [开始读取数据库表：sales_data]
2025-12-02 12:24:54,851 [INFO] [成功读取表 sales_data，数据行数：26862]
2025-12-02 12:24:56,278 [INFO] [开始读取数据库表：jingpin_data]
2025-12-02 12:24:56,491 [INFO] [成功读取表 jingpin_data，数据行数：4828]
2025-12-02 12:24:56,540 [INFO] [开始读取数据库表：inventory_data]
2025-12-02 12:24:56,943 [INFO] [成功读取表 inventory_data，数据行数：5976]
2025-12-02 12:24:56,943 [INFO] [开始读取数据库表：tuiding_data]
2025-12-02 12:24:57,107 [INFO] [成功读取表 tuiding_data，数据行数：4404]
2025-12-02 12:24:57,107 [INFO] [开始读取数据库表：debit_data]
2025-12-02 12:24:58,534 [INFO] [成功读取表 debit_data，数据行数：26218]
2025-12-02 12:24:58,789 [INFO] [开始读取数据库表：sales_invoice_data]
2025-12-02 12:24:59,689 [INFO] [成功读取表 sales_invoice_data，数据行数：19446]
2025-12-02 12:54:26,333 [INFO] [数据库引擎创建成功]
2025-12-02 12:54:26,333 [INFO] [开始读取数据库表：order_data]
2025-12-02 12:54:27,295 [INFO] [成功读取表 order_data，数据行数：24516]
2025-12-02 12:54:27,543 [INFO] [开始读取数据库表：sales_data]
2025-12-02 12:54:32,003 [INFO] [成功读取表 sales_data，数据行数：26862]
2025-12-02 12:54:33,446 [INFO] [开始读取数据库表：jingpin_data]
2025-12-02 12:54:33,636 [INFO] [成功读取表 jingpin_data，数据行数：4828]
2025-12-02 12:54:33,683 [INFO] [开始读取数据库表：inventory_data]
2025-12-02 12:54:34,040 [INFO] [成功读取表 inventory_data，数据行数：5976]
2025-12-02 12:54:34,040 [INFO] [开始读取数据库表：tuiding_data]
2025-12-02 12:54:34,454 [INFO] [成功读取表 tuiding_data，数据行数：4404]
2025-12-02 12:54:34,454 [INFO] [开始读取数据库表：debit_data]
2025-12-02 12:54:35,883 [INFO] [成功读取表 debit_data，数据行数：26218]
2025-12-02 12:54:36,164 [INFO] [开始读取数据库表：sales_invoice_data]
2025-12-02 12:54:37,087 [INFO] [成功读取表 sales_invoice_data，数据行数：19446]
2025-12-02 13:24:12,136 [INFO] [数据库引擎创建成功]
2025-12-02 13:24:12,136 [INFO] [开始读取数据库表：order_data]
2025-12-02 13:24:13,183 [INFO] [成功读取表 order_data，数据行数：24516]
2025-12-02 13:24:13,427 [INFO] [开始读取数据库表：sales_data]
2025-12-02 13:24:17,997 [INFO] [成功读取表 sales_data，数据行数：26862]
2025-12-02 13:24:19,391 [INFO] [开始读取数据库表：jingpin_data]
2025-12-02 13:24:19,580 [INFO] [成功读取表 jingpin_data，数据行数：4828]
2025-12-02 13:24:19,631 [INFO] [开始读取数据库表：inventory_data]
2025-12-02 13:24:20,005 [INFO] [成功读取表 inventory_data，数据行数：5976]
2025-12-02 13:24:20,005 [INFO] [开始读取数据库表：tuiding_data]
2025-12-02 13:24:20,166 [INFO] [成功读取表 tuiding_data，数据行数：4404]
2025-12-02 13:24:20,166 [INFO] [开始读取数据库表：debit_data]
2025-12-02 13:24:21,911 [INFO] [成功读取表 debit_data，数据行数：26218]
2025-12-02 13:24:22,188 [INFO] [开始读取数据库表：sales_invoice_data]
2025-12-02 13:24:23,078 [INFO] [成功读取表 sales_invoice_data，数据行数：19446]
2025-12-02 13:55:19,493 [INFO] [数据库引擎创建成功]
2025-12-02 13:55:19,494 [INFO] [开始读取数据库表：order_data]
2025-12-02 13:55:21,411 [INFO] [成功读取表 order_data，数据行数：24516]
2025-12-02 13:55:22,526 [INFO] [开始读取数据库表：sales_data]
2025-12-02 13:55:29,487 [INFO] [成功读取表 sales_data，数据行数：26862]
2025-12-02 13:55:31,792 [INFO] [开始读取数据库表：jingpin_data]
2025-12-02 13:55:32,137 [INFO] [成功读取表 jingpin_data，数据行数：4828]
2025-12-02 13:55:32,209 [INFO] [开始读取数据库表：inventory_data]
2025-12-02 13:55:32,855 [INFO] [成功读取表 inventory_data，数据行数：5976]
2025-12-02 13:55:32,855 [INFO] [开始读取数据库表：tuiding_data]
2025-12-02 13:55:33,109 [INFO] [成功读取表 tuiding_data，数据行数：4404]
2025-12-02 13:55:33,110 [INFO] [开始读取数据库表：debit_data]
2025-12-02 13:55:35,489 [INFO] [成功读取表 debit_data，数据行数：26218]
2025-12-02 13:55:35,970 [INFO] [开始读取数据库表：sales_invoice_data]
2025-12-02 13:55:37,517 [INFO] [成功读取表 sales_invoice_data，数据行数：19446]
2025-12-02 14:27:36,367 [INFO] [数据库引擎创建成功]
2025-12-02 14:27:36,367 [INFO] [开始读取数据库表：order_data]
2025-12-02 14:27:37,623 [INFO] [成功读取表 order_data，数据行数：24537]
2025-12-02 14:27:37,855 [INFO] [开始读取数据库表：sales_data]
2025-12-02 14:27:42,469 [INFO] [成功读取表 sales_data，数据行数：26881]
2025-12-02 14:27:43,959 [INFO] [开始读取数据库表：jingpin_data]
2025-12-02 14:27:44,143 [INFO] [成功读取表 jingpin_data，数据行数：4829]
2025-12-02 14:27:44,189 [INFO] [开始读取数据库表：inventory_data]
2025-12-02 14:27:44,569 [INFO] [成功读取表 inventory_data，数据行数：5976]
2025-12-02 14:27:44,569 [INFO] [开始读取数据库表：tuiding_data]
2025-12-02 14:27:44,735 [INFO] [成功读取表 tuiding_data，数据行数：4412]
2025-12-02 14:27:44,735 [INFO] [开始读取数据库表：debit_data]
2025-12-02 14:27:46,294 [INFO] [成功读取表 debit_data，数据行数：26218]
2025-12-02 14:27:46,585 [INFO] [开始读取数据库表：sales_invoice_data]
2025-12-02 14:27:47,475 [INFO] [成功读取表 sales_invoice_data，数据行数：19477]
2025-12-02 14:58:16,444 [INFO] [数据库引擎创建成功]
2025-12-02 14:58:16,444 [INFO] [开始读取数据库表：order_data]
2025-12-02 14:58:17,471 [INFO] [成功读取表 order_data，数据行数：24540]
2025-12-02 14:58:17,698 [INFO] [开始读取数据库表：sales_data]
2025-12-02 14:58:22,184 [INFO] [成功读取表 sales_data，数据行数：26886]
2025-12-02 14:58:23,677 [INFO] [开始读取数据库表：jingpin_data]
2025-12-02 14:58:23,880 [INFO] [成功读取表 jingpin_data，数据行数：4829]
2025-12-02 14:58:23,942 [INFO] [开始读取数据库表：inventory_data]
2025-12-02 14:58:24,630 [INFO] [成功读取表 inventory_data，数据行数：5976]
2025-12-02 14:58:24,630 [INFO] [开始读取数据库表：tuiding_data]
2025-12-02 14:58:24,787 [INFO] [成功读取表 tuiding_data，数据行数：4413]
2025-12-02 14:58:24,787 [INFO] [开始读取数据库表：debit_data]
2025-12-02 14:58:26,256 [INFO] [成功读取表 debit_data，数据行数：26218]
2025-12-02 14:58:26,516 [INFO] [开始读取数据库表：sales_invoice_data]
2025-12-02 14:58:27,463 [INFO] [成功读取表 sales_invoice_data，数据行数：19482]
2025-12-02 15:28:51,584 [INFO] [数据库引擎创建成功]
2025-12-02 15:28:51,585 [INFO] [开始读取数据库表：order_data]
2025-12-02 15:28:52,954 [INFO] [成功读取表 order_data，数据行数：24552]
2025-12-02 15:28:53,273 [INFO] [开始读取数据库表：sales_data]
2025-12-02 15:28:58,916 [INFO] [成功读取表 sales_data，数据行数：26905]
2025-12-02 15:29:00,700 [INFO] [开始读取数据库表：jingpin_data]
2025-12-02 15:29:00,936 [INFO] [成功读取表 jingpin_data，数据行数：4830]
2025-12-02 15:29:00,994 [INFO] [开始读取数据库表：inventory_data]
2025-12-02 15:29:01,450 [INFO] [成功读取表 inventory_data，数据行数：5919]
2025-12-02 15:29:01,450 [INFO] [开始读取数据库表：tuiding_data]
2025-12-02 15:29:01,683 [INFO] [成功读取表 tuiding_data，数据行数：4414]
2025-12-02 15:29:01,684 [INFO] [开始读取数据库表：debit_data]
2025-12-02 15:29:03,354 [INFO] [成功读取表 debit_data，数据行数：26218]
2025-12-02 15:29:03,689 [INFO] [开始读取数据库表：sales_invoice_data]
2025-12-02 15:29:04,765 [INFO] [成功读取表 sales_invoice_data，数据行数：19501]
2025-12-02 17:51:54,101 [INFO] [数据库引擎创建成功]
2025-12-02 17:51:54,101 [INFO] [开始读取数据库表：order_data]
2025-12-02 17:51:54,853 [INFO] [成功读取表 order_data，数据行数：24575]
2025-12-02 17:51:55,016 [INFO] [开始读取数据库表：sales_data]
2025-12-02 17:51:58,338 [INFO] [成功读取表 sales_data，数据行数：26956]
2025-12-02 17:51:59,552 [INFO] [开始读取数据库表：jingpin_data]
2025-12-02 17:51:59,680 [INFO] [成功读取表 jingpin_data，数据行数：4843]
2025-12-02 17:51:59,721 [INFO] [开始读取数据库表：inventory_data]
2025-12-02 17:51:59,992 [INFO] [成功读取表 inventory_data，数据行数：5874]
2025-12-02 17:51:59,992 [INFO] [开始读取数据库表：tuiding_data]
2025-12-02 17:52:00,158 [INFO] [成功读取表 tuiding_data，数据行数：4418]
2025-12-02 17:52:00,158 [INFO] [开始读取数据库表：debit_data]
2025-12-02 17:52:01,507 [INFO] [成功读取表 debit_data，数据行数：26218]
2025-12-02 17:52:01,741 [INFO] [开始读取数据库表：sales_invoice_data]
2025-12-02 17:52:02,453 [INFO] [成功读取表 sales_invoice_data，数据行数：19550]
2025-12-02 18:26:30,116 [INFO] [数据库引擎创建成功]
2025-12-02 18:26:30,116 [INFO] [开始读取数据库表：order_data]
2025-12-02 18:26:31,358 [INFO] [成功读取表 order_data，数据行数：24571]
2025-12-02 18:26:31,593 [INFO] [开始读取数据库表：sales_data]
2025-12-02 18:26:36,474 [INFO] [成功读取表 sales_data，数据行数：26961]
2025-12-02 18:26:38,069 [INFO] [开始读取数据库表：jingpin_data]
2025-12-02 18:26:38,251 [INFO] [成功读取表 jingpin_data，数据行数：4847]
2025-12-02 18:26:38,294 [INFO] [开始读取数据库表：inventory_data]
2025-12-02 18:26:38,650 [INFO] [成功读取表 inventory_data，数据行数：5872]
2025-12-02 18:26:38,650 [INFO] [开始读取数据库表：tuiding_data]
2025-12-02 18:26:38,821 [INFO] [成功读取表 tuiding_data，数据行数：4431]
2025-12-02 18:26:38,821 [INFO] [开始读取数据库表：debit_data]
2025-12-02 18:26:40,472 [INFO] [成功读取表 debit_data，数据行数：26218]
2025-12-02 18:26:40,768 [INFO] [开始读取数据库表：sales_invoice_data]
2025-12-02 18:26:41,778 [INFO] [成功读取表 sales_invoice_data，数据行数：19554]
2025-12-02 18:54:47,260 [INFO] [数据库引擎创建成功]
2025-12-02 18:54:47,260 [INFO] [开始读取数据库表：order_data]
2025-12-02 18:54:47,726 [INFO] [成功读取表 order_data，数据行数：24569]
2025-12-02 18:54:47,844 [INFO] [开始读取数据库表：sales_data]
2025-12-02 18:54:50,160 [INFO] [成功读取表 sales_data，数据行数：26961]
2025-12-02 18:54:50,917 [INFO] [开始读取数据库表：jingpin_data]
2025-12-02 18:54:50,988 [INFO] [成功读取表 jingpin_data，数据行数：4847]
2025-12-02 18:54:51,015 [INFO] [开始读取数据库表：inventory_data]
2025-12-02 18:54:51,170 [INFO] [成功读取表 inventory_data，数据行数：5872]
2025-12-02 18:54:51,171 [INFO] [开始读取数据库表：tuiding_data]
2025-12-02 18:54:51,229 [INFO] [成功读取表 tuiding_data，数据行数：4436]
2025-12-02 18:54:51,229 [INFO] [开始读取数据库表：debit_data]
2025-12-02 18:54:51,948 [INFO] [成功读取表 debit_data，数据行数：26218]
2025-12-02 18:54:52,083 [INFO] [开始读取数据库表：sales_invoice_data]
2025-12-02 18:54:52,418 [INFO] [成功读取表 sales_invoice_data，数据行数：19554]
2025-12-02 19:26:12,046 [INFO] [数据库引擎创建成功]
2025-12-02 19:26:12,046 [INFO] [开始读取数据库表：order_data]
2025-12-02 19:26:13,385 [INFO] [成功读取表 order_data，数据行数：24572]
2025-12-02 19:26:13,661 [INFO] [开始读取数据库表：sales_data]
2025-12-02 19:26:20,023 [INFO] [成功读取表 sales_data，数据行数：26961]
2025-12-02 19:26:21,740 [INFO] [开始读取数据库表：jingpin_data]
2025-12-02 19:26:21,959 [INFO] [成功读取表 jingpin_data，数据行数：4847]
2025-12-02 19:26:22,020 [INFO] [开始读取数据库表：inventory_data]
2025-12-02 19:26:22,444 [INFO] [成功读取表 inventory_data，数据行数：5872]
2025-12-02 19:26:22,444 [INFO] [开始读取数据库表：tuiding_data]
2025-12-02 19:26:22,652 [INFO] [成功读取表 tuiding_data，数据行数：4436]
2025-12-02 19:26:22,653 [INFO] [开始读取数据库表：debit_data]
2025-12-02 19:26:24,332 [INFO] [成功读取表 debit_data，数据行数：26218]
2025-12-02 19:26:24,658 [INFO] [开始读取数据库表：sales_invoice_data]
2025-12-02 19:26:25,675 [INFO] [成功读取表 sales_invoice_data，数据行数：19554]
2025-12-02 19:56:07,988 [INFO] [数据库引擎创建成功]
2025-12-02 19:56:07,989 [INFO] [开始读取数据库表：order_data]
2025-12-02 19:56:09,313 [INFO] [成功读取表 order_data，数据行数：24573]
2025-12-02 19:56:09,571 [INFO] [开始读取数据库表：sales_data]
2025-12-02 19:56:14,859 [INFO] [成功读取表 sales_data，数据行数：26961]
2025-12-02 19:56:16,624 [INFO] [开始读取数据库表：jingpin_data]
2025-12-02 19:56:16,852 [INFO] [成功读取表 jingpin_data，数据行数：4847]
2025-12-02 19:56:16,920 [INFO] [开始读取数据库表：inventory_data]
2025-12-02 19:56:17,343 [INFO] [成功读取表 inventory_data，数据行数：5872]
2025-12-02 19:56:17,343 [INFO] [开始读取数据库表：tuiding_data]
2025-12-02 19:56:17,538 [INFO] [成功读取表 tuiding_data，数据行数：4436]
2025-12-02 19:56:17,539 [INFO] [开始读取数据库表：debit_data]
2025-12-02 19:56:19,976 [INFO] [成功读取表 debit_data，数据行数：26218]
2025-12-02 19:56:20,325 [INFO] [开始读取数据库表：sales_invoice_data]
2025-12-02 19:56:21,385 [INFO] [成功读取表 sales_invoice_data，数据行数：19554]
2025-12-02 20:26:14,696 [INFO] [数据库引擎创建成功]
2025-12-02 20:26:14,696 [INFO] [开始读取数据库表：order_data]
2025-12-02 20:26:16,077 [INFO] [成功读取表 order_data，数据行数：24574]
2025-12-02 20:26:16,349 [INFO] [开始读取数据库表：sales_data]
2025-12-02 20:26:22,512 [INFO] [成功读取表 sales_data，数据行数：26961]
2025-12-02 20:26:24,366 [INFO] [开始读取数据库表：jingpin_data]
2025-12-02 20:26:24,583 [INFO] [成功读取表 jingpin_data，数据行数：4847]
2025-12-02 20:26:24,636 [INFO] [开始读取数据库表：inventory_data]
2025-12-02 20:26:25,052 [INFO] [成功读取表 inventory_data，数据行数：5872]
2025-12-02 20:26:25,052 [INFO] [开始读取数据库表：tuiding_data]
2025-12-02 20:26:25,254 [INFO] [成功读取表 tuiding_data，数据行数：4437]
2025-12-02 20:26:25,254 [INFO] [开始读取数据库表：debit_data]
2025-12-02 20:26:26,857 [INFO] [成功读取表 debit_data，数据行数：26218]
2025-12-02 20:26:27,199 [INFO] [开始读取数据库表：sales_invoice_data]
2025-12-02 20:26:28,305 [INFO] [成功读取表 sales_invoice_data，数据行数：19554]
2025-12-02 20:56:11,458 [INFO] [数据库引擎创建成功]
2025-12-02 20:56:11,458 [INFO] [开始读取数据库表：order_data]
2025-12-02 20:56:12,836 [INFO] [成功读取表 order_data，数据行数：24569]
2025-12-02 20:56:13,155 [INFO] [开始读取数据库表：sales_data]
2025-12-02 20:56:18,548 [INFO] [成功读取表 sales_data，数据行数：26961]
2025-12-02 20:56:21,208 [INFO] [开始读取数据库表：jingpin_data]
2025-12-02 20:56:21,426 [INFO] [成功读取表 jingpin_data，数据行数：4847]
2025-12-02 20:56:21,484 [INFO] [开始读取数据库表：inventory_data]
2025-12-02 20:56:21,927 [INFO] [成功读取表 inventory_data，数据行数：5872]
2025-12-02 20:56:21,927 [INFO] [开始读取数据库表：tuiding_data]
2025-12-02 20:56:22,123 [INFO] [成功读取表 tuiding_data，数据行数：4442]
2025-12-02 20:56:22,123 [INFO] [开始读取数据库表：debit_data]
2025-12-02 20:56:23,862 [INFO] [成功读取表 debit_data，数据行数：26218]
2025-12-02 20:56:24,203 [INFO] [开始读取数据库表：sales_invoice_data]
2025-12-02 20:56:25,248 [INFO] [成功读取表 sales_invoice_data，数据行数：19554]
2025-12-02 21:26:05,033 [INFO] [数据库引擎创建成功]
2025-12-02 21:26:05,034 [INFO] [开始读取数据库表：order_data]
2025-12-02 21:26:07,143 [INFO] [成功读取表 order_data，数据行数：24569]
2025-12-02 21:26:07,417 [INFO] [开始读取数据库表：sales_data]
2025-12-02 21:26:12,733 [INFO] [成功读取表 sales_data，数据行数：26961]
2025-12-02 21:26:14,518 [INFO] [开始读取数据库表：jingpin_data]
2025-12-02 21:26:14,758 [INFO] [成功读取表 jingpin_data，数据行数：4847]
2025-12-02 21:26:14,816 [INFO] [开始读取数据库表：inventory_data]
2025-12-02 21:26:15,237 [INFO] [成功读取表 inventory_data，数据行数：6026]
2025-12-02 21:26:15,237 [INFO] [开始读取数据库表：tuiding_data]
2025-12-02 21:26:15,430 [INFO] [成功读取表 tuiding_data，数据行数：4442]
2025-12-02 21:26:15,430 [INFO] [开始读取数据库表：debit_data]
2025-12-02 21:26:17,126 [INFO] [成功读取表 debit_data，数据行数：26354]
2025-12-02 21:26:17,452 [INFO] [开始读取数据库表：sales_invoice_data]
2025-12-02 21:26:18,502 [INFO] [成功读取表 sales_invoice_data，数据行数：19554]
2025-12-02 21:56:31,283 [INFO] [数据库引擎创建成功]
2025-12-02 21:56:31,284 [INFO] [开始读取数据库表：order_data]
2025-12-02 21:56:32,675 [INFO] [成功读取表 order_data，数据行数：24569]
2025-12-02 21:56:32,952 [INFO] [开始读取数据库表：sales_data]
2025-12-02 21:56:39,097 [INFO] [成功读取表 sales_data，数据行数：26961]
2025-12-02 21:56:40,946 [INFO] [开始读取数据库表：jingpin_data]
2025-12-02 21:56:41,210 [INFO] [成功读取表 jingpin_data，数据行数：4847]
2025-12-02 21:56:41,274 [INFO] [开始读取数据库表：inventory_data]
2025-12-02 21:56:41,718 [INFO] [成功读取表 inventory_data，数据行数：6026]
2025-12-02 21:56:41,718 [INFO] [开始读取数据库表：tuiding_data]
2025-12-02 21:56:41,908 [INFO] [成功读取表 tuiding_data，数据行数：4442]
2025-12-02 21:56:41,908 [INFO] [开始读取数据库表：debit_data]
2025-12-02 21:56:43,555 [INFO] [成功读取表 debit_data，数据行数：26388]
2025-12-02 21:56:43,901 [INFO] [开始读取数据库表：sales_invoice_data]
2025-12-02 21:56:45,008 [INFO] [成功读取表 sales_invoice_data，数据行数：19554]
2025-12-02 22:26:01,565 [INFO] [数据库引擎创建成功]
2025-12-02 22:26:01,566 [INFO] [开始读取数据库表：order_data]
2025-12-02 22:26:02,803 [INFO] [成功读取表 order_data，数据行数：24569]
2025-12-02 22:26:03,059 [INFO] [开始读取数据库表：sales_data]
2025-12-02 22:26:08,028 [INFO] [成功读取表 sales_data，数据行数：26961]
2025-12-02 22:26:09,689 [INFO] [开始读取数据库表：jingpin_data]
2025-12-02 22:26:09,931 [INFO] [成功读取表 jingpin_data，数据行数：4847]
2025-12-02 22:26:09,984 [INFO] [开始读取数据库表：inventory_data]
2025-12-02 22:26:10,391 [INFO] [成功读取表 inventory_data，数据行数：6026]
2025-12-02 22:26:10,391 [INFO] [开始读取数据库表：tuiding_data]
2025-12-02 22:26:10,556 [INFO] [成功读取表 tuiding_data，数据行数：4442]
2025-12-02 22:26:10,556 [INFO] [开始读取数据库表：debit_data]
2025-12-02 22:26:12,105 [INFO] [成功读取表 debit_data，数据行数：26388]
2025-12-02 22:26:12,428 [INFO] [开始读取数据库表：sales_invoice_data]
2025-12-02 22:26:13,446 [INFO] [成功读取表 sales_invoice_data，数据行数：19554]
2025-12-02 22:56:21,462 [INFO] [数据库引擎创建成功]
2025-12-02 22:56:21,462 [INFO] [开始读取数据库表：order_data]
2025-12-02 22:56:22,817 [INFO] [成功读取表 order_data，数据行数：24570]
2025-12-02 22:56:23,105 [INFO] [开始读取数据库表：sales_data]
2025-12-02 22:56:28,466 [INFO] [成功读取表 sales_data，数据行数：26961]
2025-12-02 22:56:30,289 [INFO] [开始读取数据库表：jingpin_data]
2025-12-02 22:56:30,522 [INFO] [成功读取表 jingpin_data，数据行数：4847]
2025-12-02 22:56:30,583 [INFO] [开始读取数据库表：inventory_data]
2025-12-02 22:56:31,019 [INFO] [成功读取表 inventory_data，数据行数：6026]
2025-12-02 22:56:31,019 [INFO] [开始读取数据库表：tuiding_data]
2025-12-02 22:56:31,203 [INFO] [成功读取表 tuiding_data，数据行数：4442]
2025-12-02 22:56:31,204 [INFO] [开始读取数据库表：debit_data]
2025-12-02 22:56:32,847 [INFO] [成功读取表 debit_data，数据行数：26388]
2025-12-02 22:56:33,175 [INFO] [开始读取数据库表：sales_invoice_data]
2025-12-02 22:56:34,223 [INFO] [成功读取表 sales_invoice_data，数据行数：19554]
2025-12-02 23:26:26,462 [INFO] [数据库引擎创建成功]
2025-12-02 23:26:26,462 [INFO] [开始读取数据库表：order_data]
2025-12-02 23:26:27,794 [INFO] [成功读取表 order_data，数据行数：24570]
2025-12-02 23:26:28,074 [INFO] [开始读取数据库表：sales_data]
2025-12-02 23:26:33,389 [INFO] [成功读取表 sales_data，数据行数：26961]
2025-12-02 23:26:35,100 [INFO] [开始读取数据库表：jingpin_data]
2025-12-02 23:26:35,336 [INFO] [成功读取表 jingpin_data，数据行数：4847]
2025-12-02 23:26:35,394 [INFO] [开始读取数据库表：inventory_data]
2025-12-02 23:26:35,859 [INFO] [成功读取表 inventory_data，数据行数：6026]
2025-12-02 23:26:35,860 [INFO] [开始读取数据库表：tuiding_data]
2025-12-02 23:26:36,048 [INFO] [成功读取表 tuiding_data，数据行数：4442]
2025-12-02 23:26:36,048 [INFO] [开始读取数据库表：debit_data]
2025-12-02 23:26:37,674 [INFO] [成功读取表 debit_data，数据行数：26388]
2025-12-02 23:26:37,994 [INFO] [开始读取数据库表：sales_invoice_data]
2025-12-02 23:26:39,014 [INFO] [成功读取表 sales_invoice_data，数据行数：19554]
2025-12-02 23:56:06,679 [INFO] [数据库引擎创建成功]
2025-12-02 23:56:06,679 [INFO] [开始读取数据库表：order_data]
2025-12-02 23:56:08,055 [INFO] [成功读取表 order_data，数据行数：24570]
2025-12-02 23:56:08,325 [INFO] [开始读取数据库表：sales_data]
2025-12-02 23:56:13,621 [INFO] [成功读取表 sales_data，数据行数：26961]
2025-12-02 23:56:15,419 [INFO] [开始读取数据库表：jingpin_data]
2025-12-02 23:56:15,634 [INFO] [成功读取表 jingpin_data，数据行数：4847]
2025-12-02 23:56:15,690 [INFO] [开始读取数据库表：inventory_data]
2025-12-02 23:56:16,135 [INFO] [成功读取表 inventory_data，数据行数：6026]
2025-12-02 23:56:16,135 [INFO] [开始读取数据库表：tuiding_data]
2025-12-02 23:56:16,341 [INFO] [成功读取表 tuiding_data，数据行数：4442]
2025-12-02 23:56:16,341 [INFO] [开始读取数据库表：debit_data]
2025-12-02 23:56:17,997 [INFO] [成功读取表 debit_data，数据行数：26388]
2025-12-02 23:56:18,334 [INFO] [开始读取数据库表：sales_invoice_data]
2025-12-02 23:56:19,427 [INFO] [成功读取表 sales_invoice_data，数据行数：19554]
