2025-12-19 17:45:29,418 [INFO] [[ 成功 ] 文件已保存至：/信息部/信息部内部文件/售前看板数据源/merged_nps_data.xlsx]
2025-12-19 17:45:29,419 [INFO] [[ 清理 ] 临时文件已删除merged_nps_data.xlsx]
2025-12-19 17:45:29,419 [INFO] [[ 完成 ] 成功上传：merged_nps_data.xlsx]
2025-12-19 17:45:29,437 [INFO] [[ 成功 ] 文件已保存至：/信息部/信息部内部文件/售前看板数据源/merged_quality_data.xlsx]
2025-12-19 17:45:29,437 [INFO] [[ 清理 ] 临时文件已删除merged_quality_data.xlsx]
2025-12-19 17:45:29,438 [INFO] [[ 完成 ] 成功上传：merged_quality_data.xlsx]
2025-12-19 17:45:29,459 [INFO] [[ 成功 ] 文件已保存至：/信息部/信息部内部文件/售前看板数据源/merged_sales_data.xlsx]
2025-12-19 17:45:29,459 [INFO] [[ 清理 ] 临时文件已删除merged_sales_data.xlsx]
2025-12-19 17:45:29,460 [INFO] [[ 完成 ] 成功上传：merged_sales_data.xlsx]
2025-12-19 17:45:29,496 [INFO] [[ 成功 ] 文件已保存至：/信息部/信息部内部文件/售前看板数据源/merged_tiche_data.xlsx]
2025-12-19 17:45:29,497 [INFO] [[ 清理 ] 临时文件已删除merged_tiche_data.xlsx]
2025-12-19 17:45:29,497 [INFO] [[ 完成 ] 成功上传：merged_tiche_data.xlsx]
2025-12-19 17:45:29,526 [INFO] [[ 成功 ] 文件已保存至：/信息部/信息部内部文件/售前看板数据源/merged_wes_data.xlsx]
2025-12-19 17:45:29,526 [INFO] [[ 清理 ] 临时文件已删除merged_wes_data.xlsx]
2025-12-19 17:45:29,527 [INFO] [[ 完成 ] 成功上传：merged_wes_data.xlsx]
2025-12-19 17:45:30,215 [INFO] [[ 成功 ] 文件已保存至：/信息部/信息部内部文件/售前看板数据源/三方台账1.csv]
2025-12-19 17:45:30,216 [INFO] [[ 清理 ] 临时文件已删除三方台账1.csv]
2025-12-19 17:45:30,216 [INFO] [[ 完成 ] 成功上传：三方台账1.csv]
2025-12-19 17:45:30,298 [INFO] [[ 成功 ] 文件已保存至：/信息部/信息部内部文件/售前看板数据源/二手车1.csv]
2025-12-19 17:45:30,299 [INFO] [[ 清理 ] 临时文件已删除二手车1.csv]
2025-12-19 17:45:30,299 [INFO] [[ 完成 ] 成功上传：二手车1.csv]
2025-12-19 17:45:30,947 [INFO] [[ 成功 ] 文件已保存至：/信息部/信息部内部文件/售前看板数据源/保赔无忧.csv]
2025-12-19 17:45:30,950 [INFO] [[ 清理 ] 临时文件已删除保赔无忧.csv]
2025-12-19 17:45:30,950 [INFO] [[ 完成 ] 成功上传：保赔无忧.csv]
2025-12-19 17:45:31,045 [INFO] [[ 成功 ] 文件已保存至：/信息部/信息部内部文件/售前看板数据源/全赔无忧.csv]
2025-12-19 17:45:31,046 [INFO] [[ 清理 ] 临时文件已删除全赔无忧.csv]
2025-12-19 17:45:31,046 [INFO] [[ 完成 ] 成功上传：全赔无忧.csv]
2025-12-19 17:45:31,919 [INFO] [[ 成功 ] 文件已保存至：/信息部/信息部内部文件/售前看板数据源/定车1.csv]
2025-12-19 17:45:31,920 [INFO] [[ 清理 ] 临时文件已删除定车1.csv]
2025-12-19 17:45:31,921 [INFO] [[ 完成 ] 成功上传：定车1.csv]
2025-12-19 17:45:31,964 [INFO] [[ 成功 ] 文件已保存至：/信息部/信息部内部文件/售前看板数据源/市场费用.csv]
2025-12-19 17:45:31,965 [INFO] [[ 清理 ] 临时文件已删除市场费用.csv]
2025-12-19 17:45:31,965 [INFO] [[ 完成 ] 成功上传：市场费用.csv]
2025-12-19 17:45:32,072 [INFO] [[ 成功 ] 文件已保存至：/信息部/信息部内部文件/售前看板数据源/库存1.csv]
2025-12-19 17:45:32,073 [INFO] [[ 清理 ] 临时文件已删除库存1.csv]
2025-12-19 17:45:32,073 [INFO] [[ 完成 ] 成功上传：库存1.csv]
2025-12-19 17:45:44,152 [INFO] [[ 成功 ] 文件已保存至：/信息部/信息部内部文件/售前看板数据源/库存存档.csv]
2025-12-19 17:45:44,167 [INFO] [[ 清理 ] 临时文件已删除库存存档.csv]
2025-12-19 17:45:44,167 [INFO] [[ 完成 ] 成功上传：库存存档.csv]
2025-12-19 17:45:45,298 [INFO] [[ 成功 ] 文件已保存至：/信息部/信息部内部文件/售前看板数据源/所有定单1.csv]
2025-12-19 17:45:45,301 [INFO] [[ 清理 ] 临时文件已删除所有定单1.csv]
2025-12-19 17:45:45,301 [INFO] [[ 完成 ] 成功上传：所有定单1.csv]
2025-12-19 17:45:45,361 [INFO] [[ 成功 ] 文件已保存至：/信息部/信息部内部文件/售前看板数据源/所有车系.csv]
2025-12-19 17:45:45,362 [INFO] [[ 清理 ] 临时文件已删除所有车系.csv]
2025-12-19 17:45:45,362 [INFO] [[ 完成 ] 成功上传：所有车系.csv]
2025-12-19 17:45:45,481 [INFO] [[ 成功 ] 文件已保存至：/信息部/信息部内部文件/售前看板数据源/投放费用.csv]
2025-12-19 17:45:45,482 [INFO] [[ 清理 ] 临时文件已删除投放费用.csv]
2025-12-19 17:45:45,483 [INFO] [[ 完成 ] 成功上传：投放费用.csv]
2025-12-19 17:45:45,790 [INFO] [[ 成功 ] 文件已保存至：/信息部/信息部内部文件/售前看板数据源/新车三方延保台账.csv]
2025-12-19 17:45:45,791 [INFO] [[ 清理 ] 临时文件已删除新车三方延保台账.csv]
2025-12-19 17:45:45,791 [INFO] [[ 完成 ] 成功上传：新车三方延保台账.csv]
2025-12-19 17:45:45,998 [INFO] [[ 成功 ] 文件已保存至：/信息部/信息部内部文件/售前看板数据源/新车保险台账.csv]
2025-12-19 17:45:45,999 [INFO] [[ 清理 ] 临时文件已删除新车保险台账.csv]
2025-12-19 17:45:45,999 [INFO] [[ 完成 ] 成功上传：新车保险台账.csv]
2025-12-19 17:45:46,041 [INFO] [[ 成功 ] 文件已保存至：/信息部/信息部内部文件/售前看板数据源/未售锁车.csv]
2025-12-19 17:45:46,041 [INFO] [[ 清理 ] 临时文件已删除未售锁车.csv]
2025-12-19 17:45:46,041 [INFO] [[ 完成 ] 成功上传：未售锁车.csv]
2025-12-19 17:45:46,051 [INFO] [[ 成功 ] 文件已保存至：/信息部/信息部内部文件/售前看板数据源/特殊费用收入.csv]
2025-12-19 17:45:46,051 [INFO] [[ 清理 ] 临时文件已删除特殊费用收入.csv]
2025-12-19 17:45:46,051 [INFO] [[ 完成 ] 成功上传：特殊费用收入.csv]
2025-12-19 17:45:46,272 [INFO] [[ 成功 ] 文件已保存至：/信息部/信息部内部文件/售前看板数据源/精品销售1.csv]
2025-12-19 17:45:46,273 [INFO] [[ 清理 ] 临时文件已删除精品销售1.csv]
2025-12-19 17:45:46,273 [INFO] [[ 完成 ] 成功上传：精品销售1.csv]
2025-12-19 17:45:46,876 [INFO] [[ 成功 ] 文件已保存至：/信息部/信息部内部文件/售前看板数据源/贴膜升级.csv]
2025-12-19 17:45:46,877 [INFO] [[ 清理 ] 临时文件已删除贴膜升级.csv]
2025-12-19 17:45:46,877 [INFO] [[ 完成 ] 成功上传：贴膜升级.csv]
2025-12-19 17:45:46,921 [INFO] [[ 成功 ] 文件已保存至：/信息部/信息部内部文件/售前看板数据源/贴膜升级1.csv]
2025-12-19 17:45:46,922 [INFO] [[ 清理 ] 临时文件已删除贴膜升级1.csv]
2025-12-19 17:45:46,922 [INFO] [[ 完成 ] 成功上传：贴膜升级1.csv]
2025-12-19 17:45:46,938 [INFO] [[ 成功 ] 文件已保存至：/信息部/信息部内部文件/售前看板数据源/辅助_销售顾问.csv]
2025-12-19 17:45:46,938 [INFO] [[ 清理 ] 临时文件已删除辅助_销售顾问.csv]
2025-12-19 17:45:46,938 [INFO] [[ 完成 ] 成功上传：辅助_销售顾问.csv]
2025-12-19 17:45:47,091 [INFO] [[ 成功 ] 文件已保存至：/信息部/信息部内部文件/售前看板数据源/退订1.csv]
2025-12-19 17:45:47,092 [INFO] [[ 清理 ] 临时文件已删除退订1.csv]
2025-12-19 17:45:47,092 [INFO] [[ 完成 ] 成功上传：退订1.csv]
2025-12-19 17:45:48,138 [INFO] [[ 成功 ] 文件已保存至：/信息部/信息部内部文件/售前看板数据源/销售1.csv]
2025-12-19 17:45:48,140 [INFO] [[ 清理 ] 临时文件已删除销售1.csv]
2025-12-19 17:45:48,140 [INFO] [[ 完成 ] 成功上传：销售1.csv]
2025-12-19 17:45:50,368 [INFO] [[ 成功 ] 文件已保存至：/信息部/信息部内部文件/售前看板数据源/销售毛利1.csv]
2025-12-19 17:45:50,371 [INFO] [[ 清理 ] 临时文件已删除销售毛利1.csv]
2025-12-19 17:45:50,371 [INFO] [[ 完成 ] 成功上传：销售毛利1.csv]
2025-12-19 17:45:50,409 [INFO] [[ 成功 ] 文件已保存至：/信息部/信息部内部文件/售前看板数据源/销售薪资.csv]
2025-12-19 17:45:50,409 [INFO] [[ 清理 ] 临时文件已删除销售薪资.csv]
2025-12-19 17:45:50,410 [INFO] [[ 完成 ] 成功上传：销售薪资.csv]
2025-12-19 17:45:50,410 [INFO] [所有文件上传任务已完成。]
