2025-12-19 08:51:42 - INFO - 从 package_sales 表中删除了 1 行数据（SaleId = 16256）
2025-12-19 08:51:42 - INFO - 从 unsold_orders 表中删除了 1 行数据（ID = 31114）
2025-12-19 08:51:42 - INFO - 从 unsold_orders 表中删除了 1 行数据（ID = 31115）
2025-12-19 08:52:21 - INFO - 从 unsold_orders 表中删除了 1 行数据（ID = 31238）
2025-12-19 08:52:24 - INFO - 从 unsold_orders 表中删除了 1 行数据（ID = 29059）
2025-12-19 08:52:24 - INFO - 从 unsold_orders 表中删除了 1 行数据（ID = 30603）
2025-12-19 08:52:31 - INFO - 从 unsold_orders 表中删除了 1 行数据（ID = 30127）
2025-12-19 08:52:32 - INFO - 从 unsold_orders 表中删除了 1 行数据（ID = 30034）
2025-12-19 08:52:38 - INFO - 从 unsold_orders 表中删除了 1 行数据（ID = 26939）
2025-12-19 08:52:45 - INFO - 从 unsold_orders 表中删除了 1 行数据（ID = 24549）
2025-12-19 08:52:48 - INFO - 从 unsold_orders 表中删除了 1 行数据（ID = 12419）
2025-12-19 08:52:50 - INFO - 从 unsold_orders 表中删除了 1 行数据（ID = 28134）
2025-12-19 08:52:54 - INFO - 从 unsold_orders 表中删除了 1 行数据（ID = 26572）
2025-12-19 08:52:59 - INFO - 从 unsold_orders 表中删除了 1 行数据（ID = 12823）
2025-12-19 08:52:59 - INFO - 从 unsold_orders 表中删除了 1 行数据（ID = 23545）
2025-12-19 08:52:59 - INFO - 从 unsold_orders 表中删除了 1 行数据（ID = 23462）
2025-12-19 08:53:04 - INFO - 从 unsold_orders 表中删除了 1 行数据（ID = 2903）
2025-12-19 08:53:04 - INFO - 从 unsold_orders 表中删除了 1 行数据（ID = 15447）
2025-12-19 09:05:11 - INFO - 从 sales_derivative_orders 表中删除了 1 行数据（ID = 30965）
2025-12-19 09:05:11 - INFO - 从 sales_derivative_orders 表中删除了 1 行数据（ID = 30293）
2025-12-19 09:05:11 - INFO - 从 sales_derivative_orders 表中删除了 1 行数据（ID = 31114）
2025-12-19 09:05:11 - INFO - 从 sales_derivative_orders 表中删除了 1 行数据（ID = 31115）
2025-12-19 09:05:11 - INFO - 从 sales_derivative_orders 表中删除了 1 行数据（ID = 30269）
2025-12-19 09:05:14 - INFO - 从 sales_derivative_orders 表中删除了 1 行数据（ID = 30972）
2025-12-19 09:05:17 - INFO - 从 sales_derivative_orders 表中删除了 1 行数据（ID = 30941）
2025-12-19 09:05:19 - INFO - 从 sales_derivative_orders 表中删除了 1 行数据（ID = 30498）
2025-12-19 09:05:19 - INFO - 从 sales_derivative_orders 表中删除了 1 行数据（ID = 30887）
2025-12-19 09:05:26 - INFO - 从 sales_derivative_orders 表中删除了 1 行数据（ID = 31626）
2025-12-19 09:05:26 - INFO - 从 sales_derivative_orders 表中删除了 1 行数据（ID = 30929）
2025-12-19 09:05:27 - INFO - 从 sales_derivative_orders 表中删除了 1 行数据（ID = 31681）
2025-12-19 09:05:28 - INFO - 从 sales_derivative_orders 表中删除了 1 行数据（ID = 31238）
2025-12-19 09:05:29 - INFO - 从 sales_derivative_orders 表中删除了 1 行数据（ID = 30603）
2025-12-19 09:05:33 - INFO - 从 sales_derivative_orders 表中删除了 1 行数据（ID = 30275）
2025-12-19 09:05:36 - INFO - 从 sales_derivative_orders 表中删除了 1 行数据（ID = 30731）
2025-12-19 09:05:37 - INFO - 从 sales_derivative_orders 表中删除了 1 行数据（ID = 30127）
2025-12-19 09:05:37 - INFO - 从 sales_derivative_orders 表中删除了 1 行数据（ID = 30034）
2025-12-19 09:05:44 - INFO - 从 sales_derivative_orders 表中删除了 1 行数据（ID = 30035）
2025-12-19 09:23:28 - INFO - 从 sales_derivative_orders 表中删除了 1 行数据（ID = 31534）
2025-12-19 09:23:28 - INFO - 从 sales_derivative_orders 表中删除了 1 行数据（ID = 31614）
2025-12-19 09:23:28 - INFO - 从 unsold_orders 表中删除了 1 行数据（ID = 31114）
2025-12-19 09:23:28 - INFO - 从 unsold_orders 表中删除了 1 行数据（ID = 31115）
2025-12-19 09:23:36 - INFO - 从 unsold_orders 表中删除了 1 行数据（ID = 31238）
2025-12-19 09:23:37 - INFO - 从 unsold_orders 表中删除了 1 行数据（ID = 29059）
2025-12-19 09:23:37 - INFO - 从 unsold_orders 表中删除了 1 行数据（ID = 30603）
2025-12-19 09:23:42 - INFO - 从 unsold_orders 表中删除了 1 行数据（ID = 30127）
2025-12-19 09:23:43 - INFO - 从 unsold_orders 表中删除了 1 行数据（ID = 30034）
2025-12-19 09:23:48 - INFO - 从 unsold_orders 表中删除了 1 行数据（ID = 26939）
2025-12-19 09:23:55 - INFO - 从 unsold_orders 表中删除了 1 行数据（ID = 24549）
2025-12-19 09:23:57 - INFO - 从 unsold_orders 表中删除了 1 行数据（ID = 12419）
2025-12-19 09:23:59 - INFO - 从 unsold_orders 表中删除了 1 行数据（ID = 28134）
2025-12-19 09:24:02 - INFO - 从 unsold_orders 表中删除了 1 行数据（ID = 26572）
2025-12-19 09:24:06 - INFO - 从 unsold_orders 表中删除了 1 行数据（ID = 12823）
2025-12-19 09:24:06 - INFO - 从 unsold_orders 表中删除了 1 行数据（ID = 23545）
2025-12-19 09:24:06 - INFO - 从 unsold_orders 表中删除了 1 行数据（ID = 23462）
2025-12-19 09:24:09 - INFO - 从 unsold_orders 表中删除了 1 行数据（ID = 2903）
2025-12-19 09:24:10 - INFO - 从 unsold_orders 表中删除了 1 行数据（ID = 15447）
2025-12-19 09:53:34 - INFO - 从 decoration_orders 表中删除了 1 行数据（OutId = 133919）
2025-12-19 09:53:34 - INFO - 从 sales_derivative_orders 表中删除了 1 行数据（ID = 30594）
2025-12-19 09:53:34 - INFO - 从 sales_derivative_orders 表中删除了 1 行数据（ID = 27051）
2025-12-19 09:53:34 - INFO - 从 sales_derivative_orders 表中删除了 1 行数据（ID = 27053）
2025-12-19 09:53:34 - INFO - 从 unsold_orders 表中删除了 1 行数据（ID = 31114）
2025-12-19 09:53:34 - INFO - 从 unsold_orders 表中删除了 1 行数据（ID = 31115）
2025-12-19 09:53:48 - INFO - 从 unsold_orders 表中删除了 1 行数据（ID = 31238）
2025-12-19 09:53:49 - INFO - 从 unsold_orders 表中删除了 1 行数据（ID = 29059）
2025-12-19 09:53:49 - INFO - 从 unsold_orders 表中删除了 1 行数据（ID = 30603）
2025-12-19 09:53:55 - INFO - 从 unsold_orders 表中删除了 1 行数据（ID = 30127）
2025-12-19 09:53:55 - INFO - 从 unsold_orders 表中删除了 1 行数据（ID = 30034）
2025-12-19 09:54:01 - INFO - 从 unsold_orders 表中删除了 1 行数据（ID = 26939）
2025-12-19 09:54:10 - INFO - 从 unsold_orders 表中删除了 1 行数据（ID = 24549）
2025-12-19 09:54:12 - INFO - 从 unsold_orders 表中删除了 1 行数据（ID = 12419）
2025-12-19 09:54:15 - INFO - 从 unsold_orders 表中删除了 1 行数据（ID = 28134）
2025-12-19 09:54:18 - INFO - 从 unsold_orders 表中删除了 1 行数据（ID = 26572）
2025-12-19 09:54:23 - INFO - 从 unsold_orders 表中删除了 1 行数据（ID = 12823）
2025-12-19 09:54:24 - INFO - 从 unsold_orders 表中删除了 1 行数据（ID = 23545）
2025-12-19 09:54:24 - INFO - 从 unsold_orders 表中删除了 1 行数据（ID = 23462）
2025-12-19 09:54:29 - INFO - 从 unsold_orders 表中删除了 1 行数据（ID = 2903）
2025-12-19 09:54:29 - INFO - 从 unsold_orders 表中删除了 1 行数据（ID = 15447）
2025-12-19 10:23:41 - INFO - 从 decoration_orders 表中删除了 1 行数据（OutId = 92854）
2025-12-19 10:23:42 - INFO - 从 unsold_orders 表中删除了 1 行数据（ID = 31114）
2025-12-19 10:23:42 - INFO - 从 unsold_orders 表中删除了 1 行数据（ID = 31115）
2025-12-19 10:23:55 - INFO - 从 unsold_orders 表中删除了 1 行数据（ID = 31238）
2025-12-19 10:23:57 - INFO - 从 unsold_orders 表中删除了 1 行数据（ID = 29059）
2025-12-19 10:23:57 - INFO - 从 unsold_orders 表中删除了 1 行数据（ID = 30603）
2025-12-19 10:24:00 - INFO - 从 sales_derivative_orders 表中删除了 1 行数据（ID = 30275）
2025-12-19 10:24:03 - INFO - 从 unsold_orders 表中删除了 1 行数据（ID = 30127）
2025-12-19 10:24:03 - INFO - 从 unsold_orders 表中删除了 1 行数据（ID = 30034）
2025-12-19 10:24:08 - INFO - 从 unsold_orders 表中删除了 1 行数据（ID = 26939）
2025-12-19 10:24:15 - INFO - 从 unsold_orders 表中删除了 1 行数据（ID = 24549）
2025-12-19 10:24:17 - INFO - 从 unsold_orders 表中删除了 1 行数据（ID = 12419）
2025-12-19 10:24:20 - INFO - 从 unsold_orders 表中删除了 1 行数据（ID = 28134）
2025-12-19 10:24:23 - INFO - 从 unsold_orders 表中删除了 1 行数据（ID = 26572）
2025-12-19 10:24:29 - INFO - 从 unsold_orders 表中删除了 1 行数据（ID = 12823）
2025-12-19 10:24:29 - INFO - 从 unsold_orders 表中删除了 1 行数据（ID = 23545）
2025-12-19 10:24:29 - INFO - 从 unsold_orders 表中删除了 1 行数据（ID = 23462）
2025-12-19 10:24:34 - INFO - 从 unsold_orders 表中删除了 1 行数据（ID = 2903）
2025-12-19 10:24:34 - INFO - 从 unsold_orders 表中删除了 1 行数据（ID = 15447）
2025-12-19 10:51:03 - INFO - 从 sales_derivative_orders 表中删除了 1 行数据（ID = 30594）
2025-12-19 10:51:03 - INFO - 从 sales_derivative_orders 表中删除了 1 行数据（ID = 31534）
2025-12-19 10:51:03 - INFO - 从 sales_derivative_orders 表中删除了 1 行数据（ID = 30965）
2025-12-19 10:51:03 - INFO - 从 sales_derivative_orders 表中删除了 1 行数据（ID = 30293）
2025-12-19 10:51:03 - INFO - 从 sales_derivative_orders 表中删除了 1 行数据（ID = 31114）
2025-12-19 10:51:03 - INFO - 从 sales_derivative_orders 表中删除了 1 行数据（ID = 31115）
2025-12-19 10:51:03 - INFO - 从 sales_derivative_orders 表中删除了 1 行数据（ID = 30269）
2025-12-19 10:51:06 - INFO - 从 sales_derivative_orders 表中删除了 1 行数据（ID = 30972）
2025-12-19 10:51:08 - INFO - 从 sales_derivative_orders 表中删除了 1 行数据（ID = 30941）
2025-12-19 10:51:09 - INFO - 从 sales_derivative_orders 表中删除了 1 行数据（ID = 30498）
2025-12-19 10:51:09 - INFO - 从 sales_derivative_orders 表中删除了 1 行数据（ID = 30887）
2025-12-19 10:51:15 - INFO - 从 sales_derivative_orders 表中删除了 1 行数据（ID = 31626）
2025-12-19 10:51:15 - INFO - 从 sales_derivative_orders 表中删除了 1 行数据（ID = 30929）
2025-12-19 10:51:16 - INFO - 从 sales_derivative_orders 表中删除了 1 行数据（ID = 31681）
2025-12-19 10:51:17 - INFO - 从 sales_derivative_orders 表中删除了 1 行数据（ID = 31238）
2025-12-19 10:51:18 - INFO - 从 sales_derivative_orders 表中删除了 1 行数据（ID = 30603）
2025-12-19 10:51:21 - INFO - 从 sales_derivative_orders 表中删除了 1 行数据（ID = 30275）
2025-12-19 10:51:24 - INFO - 从 sales_derivative_orders 表中删除了 1 行数据（ID = 30731）
2025-12-19 10:51:25 - INFO - 从 sales_derivative_orders 表中删除了 1 行数据（ID = 30127）
2025-12-19 10:51:25 - INFO - 从 sales_derivative_orders 表中删除了 1 行数据（ID = 30034）
2025-12-19 10:51:32 - INFO - 从 sales_derivative_orders 表中删除了 1 行数据（ID = 30035）
2025-12-19 10:53:42 - INFO - 从 sales_derivative_orders 表中删除了 1 行数据（ID = 29839）
2025-12-19 10:53:42 - INFO - 从 sales_derivative_orders 表中删除了 1 行数据（ID = 31392）
2025-12-19 10:53:43 - INFO - 从 unsold_orders 表中删除了 1 行数据（ID = 31114）
2025-12-19 10:53:43 - INFO - 从 unsold_orders 表中删除了 1 行数据（ID = 31115）
2025-12-19 10:53:51 - INFO - 从 unsold_orders 表中删除了 1 行数据（ID = 31238）
2025-12-19 10:53:53 - INFO - 从 unsold_orders 表中删除了 1 行数据（ID = 29059）
2025-12-19 10:53:53 - INFO - 从 unsold_orders 表中删除了 1 行数据（ID = 30603）
2025-12-19 10:53:56 - INFO - 从 sales_derivative_orders 表中删除了 1 行数据（ID = 30275）
2025-12-19 10:53:59 - INFO - 从 unsold_orders 表中删除了 1 行数据（ID = 30127）
2025-12-19 10:53:59 - INFO - 从 unsold_orders 表中删除了 1 行数据（ID = 30034）
2025-12-19 10:54:06 - INFO - 从 unsold_orders 表中删除了 1 行数据（ID = 26939）
2025-12-19 10:54:14 - INFO - 从 unsold_orders 表中删除了 1 行数据（ID = 24549）
2025-12-19 10:54:17 - INFO - 从 unsold_orders 表中删除了 1 行数据（ID = 12419）
2025-12-19 10:54:19 - INFO - 从 unsold_orders 表中删除了 1 行数据（ID = 28134）
2025-12-19 10:54:22 - INFO - 从 unsold_orders 表中删除了 1 行数据（ID = 26572）
2025-12-19 10:54:26 - INFO - 从 unsold_orders 表中删除了 1 行数据（ID = 12823）
2025-12-19 10:54:27 - INFO - 从 unsold_orders 表中删除了 1 行数据（ID = 23545）
2025-12-19 10:54:27 - INFO - 从 unsold_orders 表中删除了 1 行数据（ID = 23462）
2025-12-19 10:54:30 - INFO - 从 unsold_orders 表中删除了 1 行数据（ID = 2903）
2025-12-19 10:54:30 - INFO - 从 unsold_orders 表中删除了 1 行数据（ID = 15447）
2025-12-19 11:23:51 - INFO - 从 unsold_orders 表中删除了 1 行数据（ID = 31114）
2025-12-19 11:23:51 - INFO - 从 unsold_orders 表中删除了 1 行数据（ID = 31115）
2025-12-19 11:24:39 - INFO - 从 unsold_orders 表中删除了 1 行数据（ID = 31238）
2025-12-19 11:24:43 - INFO - 从 unsold_orders 表中删除了 1 行数据（ID = 29059）
2025-12-19 11:24:43 - INFO - 从 unsold_orders 表中删除了 1 行数据（ID = 30603）
2025-12-19 11:24:47 - INFO - 从 sales_derivative_orders 表中删除了 1 行数据（ID = 30275）
2025-12-19 11:24:51 - INFO - 从 unsold_orders 表中删除了 1 行数据（ID = 30127）
2025-12-19 11:24:51 - INFO - 从 unsold_orders 表中删除了 1 行数据（ID = 30034）
2025-12-19 11:24:59 - INFO - 从 unsold_orders 表中删除了 1 行数据（ID = 26939）
2025-12-19 11:25:07 - INFO - 从 unsold_orders 表中删除了 1 行数据（ID = 24549）
2025-12-19 11:25:10 - INFO - 从 unsold_orders 表中删除了 1 行数据（ID = 12419）
2025-12-19 11:25:12 - INFO - 从 unsold_orders 表中删除了 1 行数据（ID = 28134）
2025-12-19 11:25:16 - INFO - 从 unsold_orders 表中删除了 1 行数据（ID = 26572）
2025-12-19 11:25:20 - INFO - 从 unsold_orders 表中删除了 1 行数据（ID = 12823）
2025-12-19 11:25:20 - INFO - 从 unsold_orders 表中删除了 1 行数据（ID = 23545）
2025-12-19 11:25:20 - INFO - 从 unsold_orders 表中删除了 1 行数据（ID = 23462）
2025-12-19 11:25:24 - INFO - 从 unsold_orders 表中删除了 1 行数据（ID = 2903）
2025-12-19 11:25:24 - INFO - 从 unsold_orders 表中删除了 1 行数据（ID = 15447）
2025-12-19 11:53:31 - INFO - 从 unsold_orders 表中删除了 1 行数据（ID = 31114）
2025-12-19 11:53:31 - INFO - 从 unsold_orders 表中删除了 1 行数据（ID = 31115）
2025-12-19 11:53:43 - INFO - 从 unsold_orders 表中删除了 1 行数据（ID = 31238）
2025-12-19 11:53:45 - INFO - 从 unsold_orders 表中删除了 1 行数据（ID = 29059）
2025-12-19 11:53:45 - INFO - 从 unsold_orders 表中删除了 1 行数据（ID = 30603）
2025-12-19 11:53:47 - INFO - 从 sales_derivative_orders 表中删除了 1 行数据（ID = 30275）
2025-12-19 11:53:50 - INFO - 从 unsold_orders 表中删除了 1 行数据（ID = 30127）
2025-12-19 11:53:50 - INFO - 从 unsold_orders 表中删除了 1 行数据（ID = 30034）
2025-12-19 11:53:55 - INFO - 从 unsold_orders 表中删除了 1 行数据（ID = 26939）
2025-12-19 11:54:03 - INFO - 从 unsold_orders 表中删除了 1 行数据（ID = 24549）
2025-12-19 11:54:06 - INFO - 从 unsold_orders 表中删除了 1 行数据（ID = 12419）
2025-12-19 11:54:08 - INFO - 从 unsold_orders 表中删除了 1 行数据（ID = 28134）
2025-12-19 11:54:11 - INFO - 从 unsold_orders 表中删除了 1 行数据（ID = 26572）
2025-12-19 11:54:15 - INFO - 从 unsold_orders 表中删除了 1 行数据（ID = 12823）
2025-12-19 11:54:16 - INFO - 从 unsold_orders 表中删除了 1 行数据（ID = 23545）
2025-12-19 11:54:16 - INFO - 从 unsold_orders 表中删除了 1 行数据（ID = 23462）
2025-12-19 11:54:19 - INFO - 从 unsold_orders 表中删除了 1 行数据（ID = 2903）
2025-12-19 11:54:19 - INFO - 从 unsold_orders 表中删除了 1 行数据（ID = 15447）
2025-12-19 12:23:35 - INFO - 从 unsold_orders 表中删除了 1 行数据（ID = 31114）
2025-12-19 12:23:35 - INFO - 从 unsold_orders 表中删除了 1 行数据（ID = 31115）
2025-12-19 12:23:45 - INFO - 从 unsold_orders 表中删除了 1 行数据（ID = 31238）
2025-12-19 12:23:46 - INFO - 从 unsold_orders 表中删除了 1 行数据（ID = 29059）
2025-12-19 12:23:46 - INFO - 从 unsold_orders 表中删除了 1 行数据（ID = 30603）
2025-12-19 12:23:48 - INFO - 从 sales_derivative_orders 表中删除了 1 行数据（ID = 30275）
2025-12-19 12:23:51 - INFO - 从 unsold_orders 表中删除了 1 行数据（ID = 30127）
2025-12-19 12:23:51 - INFO - 从 unsold_orders 表中删除了 1 行数据（ID = 30034）
2025-12-19 12:23:55 - INFO - 从 unsold_orders 表中删除了 1 行数据（ID = 26939）
2025-12-19 12:24:01 - INFO - 从 unsold_orders 表中删除了 1 行数据（ID = 24549）
2025-12-19 12:24:03 - INFO - 从 unsold_orders 表中删除了 1 行数据（ID = 12419）
2025-12-19 12:24:05 - INFO - 从 unsold_orders 表中删除了 1 行数据（ID = 28134）
2025-12-19 12:24:07 - INFO - 从 unsold_orders 表中删除了 1 行数据（ID = 26572）
2025-12-19 12:24:11 - INFO - 从 unsold_orders 表中删除了 1 行数据（ID = 12823）
2025-12-19 12:24:11 - INFO - 从 unsold_orders 表中删除了 1 行数据（ID = 23545）
2025-12-19 12:24:11 - INFO - 从 unsold_orders 表中删除了 1 行数据（ID = 23462）
2025-12-19 12:24:15 - INFO - 从 unsold_orders 表中删除了 1 行数据（ID = 2903）
2025-12-19 12:24:15 - INFO - 从 unsold_orders 表中删除了 1 行数据（ID = 15447）
2025-12-19 12:53:44 - INFO - 从 unsold_orders 表中删除了 1 行数据（ID = 31114）
2025-12-19 12:53:44 - INFO - 从 unsold_orders 表中删除了 1 行数据（ID = 31115）
2025-12-19 12:53:54 - INFO - 从 unsold_orders 表中删除了 1 行数据（ID = 31238）
2025-12-19 12:53:54 - INFO - 从 unsold_orders 表中删除了 1 行数据（ID = 29059）
2025-12-19 12:53:54 - INFO - 从 unsold_orders 表中删除了 1 行数据（ID = 30603）
2025-12-19 12:53:57 - INFO - 从 sales_derivative_orders 表中删除了 1 行数据（ID = 30275）
2025-12-19 12:53:59 - INFO - 从 unsold_orders 表中删除了 1 行数据（ID = 30127）
2025-12-19 12:54:00 - INFO - 从 unsold_orders 表中删除了 1 行数据（ID = 30034）
2025-12-19 12:54:04 - INFO - 从 unsold_orders 表中删除了 1 行数据（ID = 26939）
2025-12-19 12:54:11 - INFO - 从 unsold_orders 表中删除了 1 行数据（ID = 24549）
2025-12-19 12:54:13 - INFO - 从 unsold_orders 表中删除了 1 行数据（ID = 12419）
2025-12-19 12:54:15 - INFO - 从 unsold_orders 表中删除了 1 行数据（ID = 28134）
2025-12-19 12:54:17 - INFO - 从 unsold_orders 表中删除了 1 行数据（ID = 26572）
2025-12-19 12:54:21 - INFO - 从 unsold_orders 表中删除了 1 行数据（ID = 12823）
2025-12-19 12:54:21 - INFO - 从 unsold_orders 表中删除了 1 行数据（ID = 23545）
2025-12-19 12:54:21 - INFO - 从 unsold_orders 表中删除了 1 行数据（ID = 23462）
2025-12-19 12:54:25 - INFO - 从 unsold_orders 表中删除了 1 行数据（ID = 2903）
2025-12-19 12:54:25 - INFO - 从 unsold_orders 表中删除了 1 行数据（ID = 15447）
2025-12-19 13:23:37 - INFO - 从 unsold_orders 表中删除了 1 行数据（ID = 31114）
2025-12-19 13:23:37 - INFO - 从 unsold_orders 表中删除了 1 行数据（ID = 31115）
2025-12-19 13:23:48 - INFO - 从 unsold_orders 表中删除了 1 行数据（ID = 31238）
2025-12-19 13:23:49 - INFO - 从 unsold_orders 表中删除了 1 行数据（ID = 29059）
2025-12-19 13:23:49 - INFO - 从 unsold_orders 表中删除了 1 行数据（ID = 30603）
2025-12-19 13:23:51 - INFO - 从 sales_derivative_orders 表中删除了 1 行数据（ID = 30275）
2025-12-19 13:23:53 - INFO - 从 unsold_orders 表中删除了 1 行数据（ID = 30127）
2025-12-19 13:23:53 - INFO - 从 unsold_orders 表中删除了 1 行数据（ID = 30034）
2025-12-19 13:23:59 - INFO - 从 unsold_orders 表中删除了 1 行数据（ID = 26939）
2025-12-19 13:24:05 - INFO - 从 unsold_orders 表中删除了 1 行数据（ID = 24549）
2025-12-19 13:24:07 - INFO - 从 unsold_orders 表中删除了 1 行数据（ID = 12419）
2025-12-19 13:24:09 - INFO - 从 unsold_orders 表中删除了 1 行数据（ID = 28134）
2025-12-19 13:24:12 - INFO - 从 unsold_orders 表中删除了 1 行数据（ID = 26572）
2025-12-19 13:24:15 - INFO - 从 unsold_orders 表中删除了 1 行数据（ID = 12823）
2025-12-19 13:24:16 - INFO - 从 unsold_orders 表中删除了 1 行数据（ID = 23545）
2025-12-19 13:24:16 - INFO - 从 unsold_orders 表中删除了 1 行数据（ID = 23462）
2025-12-19 13:24:19 - INFO - 从 unsold_orders 表中删除了 1 行数据（ID = 2903）
2025-12-19 13:24:19 - INFO - 从 unsold_orders 表中删除了 1 行数据（ID = 15447）
2025-12-19 13:50:49 - INFO - 从 sales_derivative_orders 表中删除了 1 行数据（ID = 31534）
2025-12-19 13:50:49 - INFO - 从 sales_derivative_orders 表中删除了 1 行数据（ID = 30965）
2025-12-19 13:50:49 - INFO - 从 sales_derivative_orders 表中删除了 1 行数据（ID = 30293）
2025-12-19 13:50:49 - INFO - 从 sales_derivative_orders 表中删除了 1 行数据（ID = 31114）
2025-12-19 13:50:49 - INFO - 从 sales_derivative_orders 表中删除了 1 行数据（ID = 31115）
2025-12-19 13:50:52 - INFO - 从 sales_derivative_orders 表中删除了 1 行数据（ID = 30972）
2025-12-19 13:50:54 - INFO - 从 sales_derivative_orders 表中删除了 1 行数据（ID = 30941）
2025-12-19 13:50:55 - INFO - 从 sales_derivative_orders 表中删除了 1 行数据（ID = 30498）
2025-12-19 13:50:55 - INFO - 从 sales_derivative_orders 表中删除了 1 行数据（ID = 30887）
2025-12-19 13:51:01 - INFO - 从 sales_derivative_orders 表中删除了 1 行数据（ID = 31626）
2025-12-19 13:51:01 - INFO - 从 sales_derivative_orders 表中删除了 1 行数据（ID = 30929）
2025-12-19 13:51:02 - INFO - 从 sales_derivative_orders 表中删除了 1 行数据（ID = 31681）
2025-12-19 13:51:03 - INFO - 从 sales_derivative_orders 表中删除了 1 行数据（ID = 31238）
2025-12-19 13:51:04 - INFO - 从 sales_derivative_orders 表中删除了 1 行数据（ID = 30603）
2025-12-19 13:51:06 - INFO - 从 sales_derivative_orders 表中删除了 1 行数据（ID = 30275）
2025-12-19 13:51:09 - INFO - 从 sales_derivative_orders 表中删除了 1 行数据（ID = 30731）
2025-12-19 13:51:09 - INFO - 从 sales_derivative_orders 表中删除了 1 行数据（ID = 30127）
2025-12-19 13:51:09 - INFO - 从 sales_derivative_orders 表中删除了 1 行数据（ID = 30034）
2025-12-19 13:51:15 - INFO - 从 sales_derivative_orders 表中删除了 1 行数据（ID = 30035）
2025-12-19 13:53:32 - INFO - 从 unsold_orders 表中删除了 1 行数据（ID = 31114）
2025-12-19 13:53:32 - INFO - 从 unsold_orders 表中删除了 1 行数据（ID = 31115）
2025-12-19 13:53:40 - INFO - 从 unsold_orders 表中删除了 1 行数据（ID = 31238）
2025-12-19 13:53:41 - INFO - 从 unsold_orders 表中删除了 1 行数据（ID = 29059）
2025-12-19 13:53:41 - INFO - 从 unsold_orders 表中删除了 1 行数据（ID = 30603）
2025-12-19 13:53:45 - INFO - 从 sales_derivative_orders 表中删除了 1 行数据（ID = 30275）
2025-12-19 13:53:49 - INFO - 从 unsold_orders 表中删除了 1 行数据（ID = 30127）
2025-12-19 13:53:50 - INFO - 从 unsold_orders 表中删除了 1 行数据（ID = 30034）
2025-12-19 13:54:01 - INFO - 从 unsold_orders 表中删除了 1 行数据（ID = 26939）
2025-12-19 13:54:15 - INFO - 从 unsold_orders 表中删除了 1 行数据（ID = 24549）
2025-12-19 13:54:18 - INFO - 从 unsold_orders 表中删除了 1 行数据（ID = 12419）
2025-12-19 13:54:20 - INFO - 从 unsold_orders 表中删除了 1 行数据（ID = 28134）
2025-12-19 13:54:23 - INFO - 从 unsold_orders 表中删除了 1 行数据（ID = 26572）
2025-12-19 13:54:26 - INFO - 从 unsold_orders 表中删除了 1 行数据（ID = 12823）
2025-12-19 13:54:27 - INFO - 从 unsold_orders 表中删除了 1 行数据（ID = 23545）
2025-12-19 13:54:27 - INFO - 从 unsold_orders 表中删除了 1 行数据（ID = 23462）
2025-12-19 13:54:30 - INFO - 从 unsold_orders 表中删除了 1 行数据（ID = 2903）
2025-12-19 13:54:30 - INFO - 从 unsold_orders 表中删除了 1 行数据（ID = 15447）
2025-12-19 14:23:37 - INFO - 从 unsold_orders 表中删除了 1 行数据（ID = 31114）
2025-12-19 14:23:37 - INFO - 从 unsold_orders 表中删除了 1 行数据（ID = 31115）
2025-12-19 14:23:47 - INFO - 从 unsold_orders 表中删除了 1 行数据（ID = 31238）
2025-12-19 14:23:48 - INFO - 从 unsold_orders 表中删除了 1 行数据（ID = 29059）
2025-12-19 14:23:48 - INFO - 从 unsold_orders 表中删除了 1 行数据（ID = 30603）
2025-12-19 14:23:51 - INFO - 从 sales_derivative_orders 表中删除了 1 行数据（ID = 30275）
2025-12-19 14:23:53 - INFO - 从 unsold_orders 表中删除了 1 行数据（ID = 30127）
2025-12-19 14:23:53 - INFO - 从 unsold_orders 表中删除了 1 行数据（ID = 30034）
2025-12-19 14:23:58 - INFO - 从 unsold_orders 表中删除了 1 行数据（ID = 26939）
2025-12-19 14:24:05 - INFO - 从 unsold_orders 表中删除了 1 行数据（ID = 24549）
2025-12-19 14:24:07 - INFO - 从 unsold_orders 表中删除了 1 行数据（ID = 12419）
2025-12-19 14:24:09 - INFO - 从 unsold_orders 表中删除了 1 行数据（ID = 28134）
2025-12-19 14:24:11 - INFO - 从 unsold_orders 表中删除了 1 行数据（ID = 26572）
2025-12-19 14:24:15 - INFO - 从 unsold_orders 表中删除了 1 行数据（ID = 12823）
2025-12-19 14:24:15 - INFO - 从 unsold_orders 表中删除了 1 行数据（ID = 23545）
2025-12-19 14:24:15 - INFO - 从 unsold_orders 表中删除了 1 行数据（ID = 23462）
2025-12-19 14:24:18 - INFO - 从 unsold_orders 表中删除了 1 行数据（ID = 2903）
2025-12-19 14:24:19 - INFO - 从 unsold_orders 表中删除了 1 行数据（ID = 15447）
2025-12-19 14:53:53 - INFO - 从 sales_derivative_orders 表中删除了 1 行数据（ID = 31900）
2025-12-19 14:53:59 - INFO - 从 unsold_orders 表中删除了 1 行数据（ID = 31114）
2025-12-19 14:53:59 - INFO - 从 unsold_orders 表中删除了 1 行数据（ID = 31115）
2025-12-19 14:54:16 - INFO - 从 unsold_orders 表中删除了 1 行数据（ID = 31238）
2025-12-19 14:54:18 - INFO - 从 unsold_orders 表中删除了 1 行数据（ID = 29059）
2025-12-19 14:54:18 - INFO - 从 unsold_orders 表中删除了 1 行数据（ID = 30603）
2025-12-19 14:54:23 - INFO - 从 sales_derivative_orders 表中删除了 1 行数据（ID = 30275）
2025-12-19 14:54:30 - INFO - 从 unsold_orders 表中删除了 1 行数据（ID = 30127）
2025-12-19 14:54:30 - INFO - 从 unsold_orders 表中删除了 1 行数据（ID = 30034）
2025-12-19 14:54:42 - INFO - 从 unsold_orders 表中删除了 1 行数据（ID = 26939）
2025-12-19 14:54:55 - INFO - 从 unsold_orders 表中删除了 1 行数据（ID = 24549）
2025-12-19 14:55:01 - INFO - 从 unsold_orders 表中删除了 1 行数据（ID = 12419）
2025-12-19 14:55:05 - INFO - 从 unsold_orders 表中删除了 1 行数据（ID = 28134）
2025-12-19 14:55:10 - INFO - 从 unsold_orders 表中删除了 1 行数据（ID = 26572）
2025-12-19 14:55:14 - INFO - 从 unsold_orders 表中删除了 1 行数据（ID = 12823）
2025-12-19 14:55:15 - INFO - 从 unsold_orders 表中删除了 1 行数据（ID = 23545）
2025-12-19 14:55:15 - INFO - 从 unsold_orders 表中删除了 1 行数据（ID = 23462）
2025-12-19 14:55:21 - INFO - 从 unsold_orders 表中删除了 1 行数据（ID = 2903）
2025-12-19 14:55:22 - INFO - 从 unsold_orders 表中删除了 1 行数据（ID = 15447）
2025-12-19 15:24:23 - INFO - 从 package_sales 表中删除了 1 行数据（SaleId = 16566）
2025-12-19 15:24:28 - INFO - 从 unsold_orders 表中删除了 1 行数据（ID = 31114）
2025-12-19 15:24:28 - INFO - 从 unsold_orders 表中删除了 1 行数据（ID = 31115）
2025-12-19 15:24:42 - INFO - 从 unsold_orders 表中删除了 1 行数据（ID = 31238）
2025-12-19 15:24:43 - INFO - 从 unsold_orders 表中删除了 1 行数据（ID = 29059）
2025-12-19 15:24:43 - INFO - 从 unsold_orders 表中删除了 1 行数据（ID = 30603）
2025-12-19 15:24:48 - INFO - 从 sales_derivative_orders 表中删除了 1 行数据（ID = 30275）
2025-12-19 15:24:53 - INFO - 从 unsold_orders 表中删除了 1 行数据（ID = 30127）
2025-12-19 15:24:53 - INFO - 从 unsold_orders 表中删除了 1 行数据（ID = 30034）
2025-12-19 15:25:01 - INFO - 从 unsold_orders 表中删除了 1 行数据（ID = 26939）
2025-12-19 15:25:11 - INFO - 从 unsold_orders 表中删除了 1 行数据（ID = 24549）
2025-12-19 15:25:14 - INFO - 从 unsold_orders 表中删除了 1 行数据（ID = 12419）
2025-12-19 15:25:16 - INFO - 从 unsold_orders 表中删除了 1 行数据（ID = 28134）
2025-12-19 15:25:20 - INFO - 从 unsold_orders 表中删除了 1 行数据（ID = 26572）
2025-12-19 15:25:24 - INFO - 从 unsold_orders 表中删除了 1 行数据（ID = 12823）
2025-12-19 15:25:25 - INFO - 从 unsold_orders 表中删除了 1 行数据（ID = 23545）
2025-12-19 15:25:25 - INFO - 从 unsold_orders 表中删除了 1 行数据（ID = 23462）
2025-12-19 15:25:29 - INFO - 从 unsold_orders 表中删除了 1 行数据（ID = 2903）
2025-12-19 15:25:29 - INFO - 从 unsold_orders 表中删除了 1 行数据（ID = 15447）
2025-12-19 15:53:50 - INFO - 从 unsold_orders 表中删除了 1 行数据（ID = 31114）
2025-12-19 15:53:50 - INFO - 从 unsold_orders 表中删除了 1 行数据（ID = 31115）
2025-12-19 15:54:08 - INFO - 从 unsold_orders 表中删除了 1 行数据（ID = 31238）
2025-12-19 15:54:09 - INFO - 从 unsold_orders 表中删除了 1 行数据（ID = 29059）
2025-12-19 15:54:09 - INFO - 从 unsold_orders 表中删除了 1 行数据（ID = 30603）
2025-12-19 15:54:13 - INFO - 从 sales_derivative_orders 表中删除了 1 行数据（ID = 30275）
2025-12-19 15:54:18 - INFO - 从 unsold_orders 表中删除了 1 行数据（ID = 30127）
2025-12-19 15:54:19 - INFO - 从 unsold_orders 表中删除了 1 行数据（ID = 30034）
2025-12-19 15:54:26 - INFO - 从 unsold_orders 表中删除了 1 行数据（ID = 26939）
2025-12-19 15:54:36 - INFO - 从 unsold_orders 表中删除了 1 行数据（ID = 24549）
2025-12-19 15:54:39 - INFO - 从 unsold_orders 表中删除了 1 行数据（ID = 12419）
2025-12-19 15:54:41 - INFO - 从 unsold_orders 表中删除了 1 行数据（ID = 28134）
2025-12-19 15:54:45 - INFO - 从 unsold_orders 表中删除了 1 行数据（ID = 26572）
2025-12-19 15:54:49 - INFO - 从 unsold_orders 表中删除了 1 行数据（ID = 12823）
2025-12-19 15:54:50 - INFO - 从 unsold_orders 表中删除了 1 行数据（ID = 23545）
2025-12-19 15:54:50 - INFO - 从 unsold_orders 表中删除了 1 行数据（ID = 23462）
2025-12-19 15:54:53 - INFO - 从 unsold_orders 表中删除了 1 行数据（ID = 2903）
2025-12-19 15:54:53 - INFO - 从 unsold_orders 表中删除了 1 行数据（ID = 15447）
2025-12-19 16:14:36 - INFO - 从 decoration_orders 表中删除了 1 行数据（OutId = 131555）
2025-12-19 16:14:38 - INFO - 从 sales_derivative_orders 表中删除了 1 行数据（ID = 26209）
2025-12-19 16:14:41 - INFO - 从 unsold_orders 表中删除了 1 行数据（ID = 31114）
2025-12-19 16:14:41 - INFO - 从 unsold_orders 表中删除了 1 行数据（ID = 31115）
2025-12-19 16:14:52 - INFO - 从 unsold_orders 表中删除了 1 行数据（ID = 31238）
2025-12-19 16:14:54 - INFO - 从 unsold_orders 表中删除了 1 行数据（ID = 29059）
2025-12-19 16:14:54 - INFO - 从 unsold_orders 表中删除了 1 行数据（ID = 30603）
2025-12-19 16:14:57 - INFO - 从 sales_derivative_orders 表中删除了 1 行数据（ID = 30275）
2025-12-19 16:15:01 - INFO - 从 unsold_orders 表中删除了 1 行数据（ID = 30127）
2025-12-19 16:15:01 - INFO - 从 unsold_orders 表中删除了 1 行数据（ID = 30034）
2025-12-19 16:15:09 - INFO - 从 unsold_orders 表中删除了 1 行数据（ID = 26939）
2025-12-19 16:15:24 - INFO - 从 unsold_orders 表中删除了 1 行数据（ID = 24549）
2025-12-19 16:15:27 - INFO - 从 unsold_orders 表中删除了 1 行数据（ID = 12419）
2025-12-19 16:15:30 - INFO - 从 unsold_orders 表中删除了 1 行数据（ID = 28134）
2025-12-19 16:15:35 - INFO - 从 unsold_orders 表中删除了 1 行数据（ID = 26572）
2025-12-19 16:15:40 - INFO - 从 unsold_orders 表中删除了 1 行数据（ID = 12823）
2025-12-19 16:15:41 - INFO - 从 unsold_orders 表中删除了 1 行数据（ID = 23545）
2025-12-19 16:15:41 - INFO - 从 unsold_orders 表中删除了 1 行数据（ID = 23462）
2025-12-19 16:15:46 - INFO - 从 unsold_orders 表中删除了 1 行数据（ID = 2903）
2025-12-19 16:15:47 - INFO - 从 unsold_orders 表中删除了 1 行数据（ID = 15447）
2025-12-19 16:23:38 - INFO - 从 sales_derivative_orders 表中删除了 1 行数据（ID = 15407）
2025-12-19 16:23:43 - INFO - 从 unsold_orders 表中删除了 1 行数据（ID = 31114）
2025-12-19 16:23:43 - INFO - 从 unsold_orders 表中删除了 1 行数据（ID = 31115）
2025-12-19 16:23:53 - INFO - 从 unsold_orders 表中删除了 1 行数据（ID = 31238）
2025-12-19 16:23:54 - INFO - 从 unsold_orders 表中删除了 1 行数据（ID = 29059）
2025-12-19 16:23:54 - INFO - 从 unsold_orders 表中删除了 1 行数据（ID = 30603）
2025-12-19 16:23:58 - INFO - 从 sales_derivative_orders 表中删除了 1 行数据（ID = 30275）
2025-12-19 16:24:02 - INFO - 从 unsold_orders 表中删除了 1 行数据（ID = 30127）
2025-12-19 16:24:02 - INFO - 从 unsold_orders 表中删除了 1 行数据（ID = 30034）
2025-12-19 16:24:10 - INFO - 从 unsold_orders 表中删除了 1 行数据（ID = 26939）
2025-12-19 16:24:21 - INFO - 从 unsold_orders 表中删除了 1 行数据（ID = 24549）
2025-12-19 16:24:24 - INFO - 从 unsold_orders 表中删除了 1 行数据（ID = 12419）
2025-12-19 16:24:26 - INFO - 从 unsold_orders 表中删除了 1 行数据（ID = 28134）
2025-12-19 16:24:31 - INFO - 从 unsold_orders 表中删除了 1 行数据（ID = 26572）
2025-12-19 16:24:37 - INFO - 从 unsold_orders 表中删除了 1 行数据（ID = 12823）
2025-12-19 16:24:38 - INFO - 从 unsold_orders 表中删除了 1 行数据（ID = 23545）
2025-12-19 16:24:38 - INFO - 从 unsold_orders 表中删除了 1 行数据（ID = 23462）
2025-12-19 16:24:43 - INFO - 从 unsold_orders 表中删除了 1 行数据（ID = 2903）
2025-12-19 16:24:44 - INFO - 从 unsold_orders 表中删除了 1 行数据（ID = 15447）
2025-12-19 16:53:38 - INFO - 从 invoice_maintenance 表中删除了 1 行数据（ID = 91849）
2025-12-19 16:53:38 - INFO - 从 sales_derivative_orders 表中删除了 1 行数据（ID = 26659）
2025-12-19 16:53:44 - INFO - 从 unsold_orders 表中删除了 1 行数据（ID = 31114）
2025-12-19 16:53:44 - INFO - 从 unsold_orders 表中删除了 1 行数据（ID = 31115）
2025-12-19 16:53:58 - INFO - 从 unsold_orders 表中删除了 1 行数据（ID = 31238）
2025-12-19 16:53:59 - INFO - 从 unsold_orders 表中删除了 1 行数据（ID = 29059）
2025-12-19 16:53:59 - INFO - 从 unsold_orders 表中删除了 1 行数据（ID = 30603）
2025-12-19 16:54:04 - INFO - 从 sales_derivative_orders 表中删除了 1 行数据（ID = 30275）
2025-12-19 16:54:08 - INFO - 从 unsold_orders 表中删除了 1 行数据（ID = 30127）
2025-12-19 16:54:08 - INFO - 从 unsold_orders 表中删除了 1 行数据（ID = 30034）
2025-12-19 16:54:15 - INFO - 从 unsold_orders 表中删除了 1 行数据（ID = 26939）
2025-12-19 16:54:28 - INFO - 从 unsold_orders 表中删除了 1 行数据（ID = 24549）
2025-12-19 16:54:33 - INFO - 从 unsold_orders 表中删除了 1 行数据（ID = 12419）
2025-12-19 16:54:37 - INFO - 从 unsold_orders 表中删除了 1 行数据（ID = 28134）
2025-12-19 16:54:42 - INFO - 从 unsold_orders 表中删除了 1 行数据（ID = 26572）
2025-12-19 16:54:48 - INFO - 从 unsold_orders 表中删除了 1 行数据（ID = 12823）
2025-12-19 16:54:49 - INFO - 从 unsold_orders 表中删除了 1 行数据（ID = 23545）
2025-12-19 16:54:49 - INFO - 从 unsold_orders 表中删除了 1 行数据（ID = 23462）
2025-12-19 16:54:54 - INFO - 从 unsold_orders 表中删除了 1 行数据（ID = 2903）
2025-12-19 16:54:54 - INFO - 从 unsold_orders 表中删除了 1 行数据（ID = 15447）
2025-12-19 17:24:12 - INFO - 从 invoice_maintenance 表中删除了 1 行数据（ID = 91702）
2025-12-19 17:24:20 - INFO - 从 unsold_orders 表中删除了 1 行数据（ID = 31114）
2025-12-19 17:24:20 - INFO - 从 unsold_orders 表中删除了 1 行数据（ID = 31115）
2025-12-19 17:25:08 - INFO - 从 unsold_orders 表中删除了 1 行数据（ID = 31238）
2025-12-19 17:25:12 - INFO - 从 unsold_orders 表中删除了 1 行数据（ID = 29059）
2025-12-19 17:25:12 - INFO - 从 unsold_orders 表中删除了 1 行数据（ID = 30603）
2025-12-19 17:25:16 - INFO - 从 sales_derivative_orders 表中删除了 1 行数据（ID = 30275）
2025-12-19 17:25:21 - INFO - 从 unsold_orders 表中删除了 1 行数据（ID = 30127）
2025-12-19 17:25:21 - INFO - 从 unsold_orders 表中删除了 1 行数据（ID = 30034）
2025-12-19 17:25:29 - INFO - 从 unsold_orders 表中删除了 1 行数据（ID = 26939）
2025-12-19 17:25:37 - INFO - 从 unsold_orders 表中删除了 1 行数据（ID = 24549）
2025-12-19 17:25:40 - INFO - 从 unsold_orders 表中删除了 1 行数据（ID = 12419）
2025-12-19 17:25:42 - INFO - 从 unsold_orders 表中删除了 1 行数据（ID = 28134）
2025-12-19 17:25:46 - INFO - 从 unsold_orders 表中删除了 1 行数据（ID = 26572）
2025-12-19 17:25:51 - INFO - 从 unsold_orders 表中删除了 1 行数据（ID = 12823）
2025-12-19 17:25:52 - INFO - 从 unsold_orders 表中删除了 1 行数据（ID = 23545）
2025-12-19 17:25:52 - INFO - 从 unsold_orders 表中删除了 1 行数据（ID = 23462）
2025-12-19 17:25:57 - INFO - 从 unsold_orders 表中删除了 1 行数据（ID = 2903）
2025-12-19 17:25:57 - INFO - 从 unsold_orders 表中删除了 1 行数据（ID = 15447）
2025-12-19 17:54:57 - INFO - 从 sales_derivative_orders 表中删除了 1 行数据（ID = 20805）
2025-12-19 17:54:57 - INFO - 从 sales_derivative_orders 表中删除了 1 行数据（ID = 30393）
2025-12-19 17:54:57 - INFO - 从 sales_derivative_orders 表中删除了 1 行数据（ID = 31744）
2025-12-19 17:54:59 - INFO - 从 decoration_orders 表中删除了 1 行数据（OutId = 134668）
2025-12-19 17:55:01 - INFO - 从 decoration_orders 表中删除了 1 行数据（OutId = 134669）
2025-12-19 17:55:02 - INFO - 从 decoration_orders 表中删除了 2 行数据（OutId IN (132378, 132379)）
2025-12-19 17:55:05 - INFO - 从 unsold_orders 表中删除了 1 行数据（ID = 31114）
2025-12-19 17:55:05 - INFO - 从 unsold_orders 表中删除了 1 行数据（ID = 31115）
2025-12-19 17:55:13 - INFO - 从 unsold_orders 表中删除了 1 行数据（ID = 31238）
2025-12-19 17:55:14 - INFO - 从 unsold_orders 表中删除了 1 行数据（ID = 29059）
2025-12-19 17:55:14 - INFO - 从 unsold_orders 表中删除了 1 行数据（ID = 30603）
2025-12-19 17:55:18 - INFO - 从 sales_derivative_orders 表中删除了 1 行数据（ID = 30275）
2025-12-19 17:55:22 - INFO - 从 unsold_orders 表中删除了 1 行数据（ID = 30127）
2025-12-19 17:55:22 - INFO - 从 unsold_orders 表中删除了 1 行数据（ID = 30034）
2025-12-19 17:55:29 - INFO - 从 unsold_orders 表中删除了 1 行数据（ID = 26939）
2025-12-19 17:55:38 - INFO - 从 unsold_orders 表中删除了 1 行数据（ID = 24549）
2025-12-19 17:55:41 - INFO - 从 unsold_orders 表中删除了 1 行数据（ID = 12419）
2025-12-19 17:55:44 - INFO - 从 unsold_orders 表中删除了 1 行数据（ID = 28134）
2025-12-19 17:55:48 - INFO - 从 unsold_orders 表中删除了 1 行数据（ID = 26572）
2025-12-19 17:55:52 - INFO - 从 unsold_orders 表中删除了 1 行数据（ID = 12823）
2025-12-19 17:55:52 - INFO - 从 unsold_orders 表中删除了 1 行数据（ID = 23545）
2025-12-19 17:55:52 - INFO - 从 unsold_orders 表中删除了 1 行数据（ID = 23462）
2025-12-19 17:55:56 - INFO - 从 unsold_orders 表中删除了 1 行数据（ID = 2903）
2025-12-19 17:55:56 - INFO - 从 unsold_orders 表中删除了 1 行数据（ID = 15447）
2025-12-19 18:23:58 - INFO - 从 unsold_orders 表中删除了 1 行数据（ID = 31114）
2025-12-19 18:23:58 - INFO - 从 unsold_orders 表中删除了 1 行数据（ID = 31115）
2025-12-19 18:24:38 - INFO - 从 unsold_orders 表中删除了 1 行数据（ID = 31238）
2025-12-19 18:24:42 - INFO - 从 unsold_orders 表中删除了 1 行数据（ID = 29059）
2025-12-19 18:24:42 - INFO - 从 unsold_orders 表中删除了 1 行数据（ID = 30603）
2025-12-19 18:24:45 - INFO - 从 sales_derivative_orders 表中删除了 1 行数据（ID = 30275）
2025-12-19 18:24:48 - INFO - 从 unsold_orders 表中删除了 1 行数据（ID = 30127）
2025-12-19 18:24:49 - INFO - 从 unsold_orders 表中删除了 1 行数据（ID = 30034）
2025-12-19 18:24:54 - INFO - 从 unsold_orders 表中删除了 1 行数据（ID = 26939）
2025-12-19 18:25:03 - INFO - 从 unsold_orders 表中删除了 1 行数据（ID = 24549）
2025-12-19 18:25:06 - INFO - 从 unsold_orders 表中删除了 1 行数据（ID = 12419）
2025-12-19 18:25:08 - INFO - 从 unsold_orders 表中删除了 1 行数据（ID = 28134）
2025-12-19 18:25:12 - INFO - 从 unsold_orders 表中删除了 1 行数据（ID = 26572）
2025-12-19 18:25:17 - INFO - 从 unsold_orders 表中删除了 1 行数据（ID = 12823）
2025-12-19 18:25:18 - INFO - 从 unsold_orders 表中删除了 1 行数据（ID = 23545）
2025-12-19 18:25:18 - INFO - 从 unsold_orders 表中删除了 1 行数据（ID = 23462）
2025-12-19 18:25:22 - INFO - 从 unsold_orders 表中删除了 1 行数据（ID = 2903）
2025-12-19 18:25:22 - INFO - 从 unsold_orders 表中删除了 1 行数据（ID = 15447）
2025-12-19 18:54:04 - INFO - 从 unsold_orders 表中删除了 1 行数据（ID = 31114）
2025-12-19 18:54:04 - INFO - 从 unsold_orders 表中删除了 1 行数据（ID = 31115）
2025-12-19 18:54:15 - INFO - 从 unsold_orders 表中删除了 1 行数据（ID = 31238）
2025-12-19 18:54:16 - INFO - 从 unsold_orders 表中删除了 1 行数据（ID = 29059）
2025-12-19 18:54:16 - INFO - 从 unsold_orders 表中删除了 1 行数据（ID = 30603）
2025-12-19 18:54:18 - INFO - 从 sales_derivative_orders 表中删除了 1 行数据（ID = 30275）
2025-12-19 18:54:22 - INFO - 从 unsold_orders 表中删除了 1 行数据（ID = 30127）
2025-12-19 18:54:22 - INFO - 从 unsold_orders 表中删除了 1 行数据（ID = 30034）
2025-12-19 18:54:28 - INFO - 从 unsold_orders 表中删除了 1 行数据（ID = 26939）
2025-12-19 18:54:36 - INFO - 从 unsold_orders 表中删除了 1 行数据（ID = 24549）
2025-12-19 18:54:39 - INFO - 从 unsold_orders 表中删除了 1 行数据（ID = 12419）
2025-12-19 18:54:42 - INFO - 从 unsold_orders 表中删除了 1 行数据（ID = 28134）
2025-12-19 18:54:46 - INFO - 从 unsold_orders 表中删除了 1 行数据（ID = 26572）
2025-12-19 18:54:51 - INFO - 从 unsold_orders 表中删除了 1 行数据（ID = 12823）
2025-12-19 18:54:52 - INFO - 从 unsold_orders 表中删除了 1 行数据（ID = 23545）
2025-12-19 18:54:52 - INFO - 从 unsold_orders 表中删除了 1 行数据（ID = 23462）
2025-12-19 18:54:57 - INFO - 从 unsold_orders 表中删除了 1 行数据（ID = 2903）
2025-12-19 18:54:57 - INFO - 从 unsold_orders 表中删除了 1 行数据（ID = 15447）
2025-12-19 19:23:38 - INFO - 从 unsold_orders 表中删除了 1 行数据（ID = 31114）
2025-12-19 19:23:38 - INFO - 从 unsold_orders 表中删除了 1 行数据（ID = 31115）
2025-12-19 19:23:49 - INFO - 从 unsold_orders 表中删除了 1 行数据（ID = 31238）
2025-12-19 19:23:51 - INFO - 从 unsold_orders 表中删除了 1 行数据（ID = 29059）
2025-12-19 19:23:51 - INFO - 从 unsold_orders 表中删除了 1 行数据（ID = 30603）
2025-12-19 19:23:54 - INFO - 从 sales_derivative_orders 表中删除了 1 行数据（ID = 30275）
2025-12-19 19:23:59 - INFO - 从 unsold_orders 表中删除了 1 行数据（ID = 30127）
2025-12-19 19:23:59 - INFO - 从 unsold_orders 表中删除了 1 行数据（ID = 30034）
2025-12-19 19:24:07 - INFO - 从 unsold_orders 表中删除了 1 行数据（ID = 26939）
2025-12-19 19:24:17 - INFO - 从 unsold_orders 表中删除了 1 行数据（ID = 24549）
2025-12-19 19:24:21 - INFO - 从 unsold_orders 表中删除了 1 行数据（ID = 12419）
2025-12-19 19:24:24 - INFO - 从 unsold_orders 表中删除了 1 行数据（ID = 28134）
2025-12-19 19:24:28 - INFO - 从 unsold_orders 表中删除了 1 行数据（ID = 26572）
2025-12-19 19:24:34 - INFO - 从 unsold_orders 表中删除了 1 行数据（ID = 12823）
2025-12-19 19:24:35 - INFO - 从 unsold_orders 表中删除了 1 行数据（ID = 23545）
2025-12-19 19:24:35 - INFO - 从 unsold_orders 表中删除了 1 行数据（ID = 23462）
2025-12-19 19:24:40 - INFO - 从 unsold_orders 表中删除了 1 行数据（ID = 2903）
2025-12-19 19:24:40 - INFO - 从 unsold_orders 表中删除了 1 行数据（ID = 15447）
2025-12-19 19:50:17 - INFO - 从 sales_derivative_orders 表中删除了 1 行数据（ID = 30393）
2025-12-19 19:50:17 - INFO - 从 sales_derivative_orders 表中删除了 1 行数据（ID = 31744）
2025-12-19 19:50:25 - INFO - 从 sales_derivative_orders 表中删除了 1 行数据（ID = 31900）
2025-12-19 19:50:28 - INFO - 从 sales_derivative_orders 表中删除了 1 行数据（ID = 31534）
2025-12-19 19:50:28 - INFO - 从 sales_derivative_orders 表中删除了 1 行数据（ID = 30965）
2025-12-19 19:50:28 - INFO - 从 sales_derivative_orders 表中删除了 1 行数据（ID = 30293）
2025-12-19 19:50:28 - INFO - 从 sales_derivative_orders 表中删除了 1 行数据（ID = 31114）
2025-12-19 19:50:28 - INFO - 从 sales_derivative_orders 表中删除了 1 行数据（ID = 31115）
2025-12-19 19:50:29 - INFO - 从 sales_derivative_orders 表中删除了 1 行数据（ID = 30972）
2025-12-19 19:50:30 - INFO - 从 sales_derivative_orders 表中删除了 1 行数据（ID = 30941）
2025-12-19 19:50:30 - INFO - 从 sales_derivative_orders 表中删除了 1 行数据（ID = 30498）
2025-12-19 19:50:30 - INFO - 从 sales_derivative_orders 表中删除了 1 行数据（ID = 30887）
2025-12-19 19:50:36 - INFO - 从 sales_derivative_orders 表中删除了 1 行数据（ID = 31626）
2025-12-19 19:50:36 - INFO - 从 sales_derivative_orders 表中删除了 1 行数据（ID = 30929）
2025-12-19 19:50:37 - INFO - 从 sales_derivative_orders 表中删除了 1 行数据（ID = 31681）
2025-12-19 19:50:38 - INFO - 从 sales_derivative_orders 表中删除了 1 行数据（ID = 31238）
2025-12-19 19:50:39 - INFO - 从 sales_derivative_orders 表中删除了 1 行数据（ID = 30603）
2025-12-19 19:50:42 - INFO - 从 sales_derivative_orders 表中删除了 1 行数据（ID = 30275）
2025-12-19 19:50:44 - INFO - 从 sales_derivative_orders 表中删除了 1 行数据（ID = 30731）
2025-12-19 19:50:45 - INFO - 从 sales_derivative_orders 表中删除了 1 行数据（ID = 30127）
2025-12-19 19:50:45 - INFO - 从 sales_derivative_orders 表中删除了 1 行数据（ID = 30034）
2025-12-19 19:50:52 - INFO - 从 sales_derivative_orders 表中删除了 1 行数据（ID = 30035）
2025-12-19 19:53:35 - INFO - 从 unsold_orders 表中删除了 1 行数据（ID = 31114）
2025-12-19 19:53:35 - INFO - 从 unsold_orders 表中删除了 1 行数据（ID = 31115）
2025-12-19 19:53:43 - INFO - 从 unsold_orders 表中删除了 1 行数据（ID = 31238）
2025-12-19 19:53:44 - INFO - 从 unsold_orders 表中删除了 1 行数据（ID = 29059）
2025-12-19 19:53:44 - INFO - 从 unsold_orders 表中删除了 1 行数据（ID = 30603）
2025-12-19 19:53:48 - INFO - 从 sales_derivative_orders 表中删除了 1 行数据（ID = 30275）
2025-12-19 19:53:51 - INFO - 从 unsold_orders 表中删除了 1 行数据（ID = 30127）
2025-12-19 19:53:52 - INFO - 从 unsold_orders 表中删除了 1 行数据（ID = 30034）
2025-12-19 19:53:59 - INFO - 从 unsold_orders 表中删除了 1 行数据（ID = 26939）
2025-12-19 19:54:09 - INFO - 从 unsold_orders 表中删除了 1 行数据（ID = 24549）
2025-12-19 19:54:13 - INFO - 从 unsold_orders 表中删除了 1 行数据（ID = 12419）
2025-12-19 19:54:15 - INFO - 从 unsold_orders 表中删除了 1 行数据（ID = 28134）
2025-12-19 19:54:20 - INFO - 从 unsold_orders 表中删除了 1 行数据（ID = 26572）
2025-12-19 19:54:26 - INFO - 从 unsold_orders 表中删除了 1 行数据（ID = 12823）
2025-12-19 19:54:26 - INFO - 从 unsold_orders 表中删除了 1 行数据（ID = 23545）
2025-12-19 19:54:26 - INFO - 从 unsold_orders 表中删除了 1 行数据（ID = 23462）
2025-12-19 19:54:31 - INFO - 从 unsold_orders 表中删除了 1 行数据（ID = 2903）
2025-12-19 19:54:32 - INFO - 从 unsold_orders 表中删除了 1 行数据（ID = 15447）
2025-12-19 20:23:36 - INFO - 从 unsold_orders 表中删除了 1 行数据（ID = 31114）
2025-12-19 20:23:36 - INFO - 从 unsold_orders 表中删除了 1 行数据（ID = 31115）
2025-12-19 20:23:49 - INFO - 从 unsold_orders 表中删除了 1 行数据（ID = 31238）
2025-12-19 20:23:50 - INFO - 从 unsold_orders 表中删除了 1 行数据（ID = 29059）
2025-12-19 20:23:50 - INFO - 从 unsold_orders 表中删除了 1 行数据（ID = 30603）
2025-12-19 20:23:53 - INFO - 从 sales_derivative_orders 表中删除了 1 行数据（ID = 30275）
2025-12-19 20:23:58 - INFO - 从 unsold_orders 表中删除了 1 行数据（ID = 30127）
2025-12-19 20:23:58 - INFO - 从 unsold_orders 表中删除了 1 行数据（ID = 30034）
2025-12-19 20:24:06 - INFO - 从 unsold_orders 表中删除了 1 行数据（ID = 26939）
2025-12-19 20:24:16 - INFO - 从 unsold_orders 表中删除了 1 行数据（ID = 24549）
2025-12-19 20:24:20 - INFO - 从 unsold_orders 表中删除了 1 行数据（ID = 12419）
2025-12-19 20:24:23 - INFO - 从 unsold_orders 表中删除了 1 行数据（ID = 28134）
2025-12-19 20:24:27 - INFO - 从 unsold_orders 表中删除了 1 行数据（ID = 26572）
2025-12-19 20:24:33 - INFO - 从 unsold_orders 表中删除了 1 行数据（ID = 12823）
2025-12-19 20:24:34 - INFO - 从 unsold_orders 表中删除了 1 行数据（ID = 23545）
2025-12-19 20:24:34 - INFO - 从 unsold_orders 表中删除了 1 行数据（ID = 23462）
2025-12-19 20:24:39 - INFO - 从 unsold_orders 表中删除了 1 行数据（ID = 2903）
2025-12-19 20:24:39 - INFO - 从 unsold_orders 表中删除了 1 行数据（ID = 15447）
2025-12-19 20:53:39 - INFO - 从 unsold_orders 表中删除了 1 行数据（ID = 31114）
2025-12-19 20:53:39 - INFO - 从 unsold_orders 表中删除了 1 行数据（ID = 31115）
2025-12-19 20:53:52 - INFO - 从 unsold_orders 表中删除了 1 行数据（ID = 31238）
2025-12-19 20:53:54 - INFO - 从 unsold_orders 表中删除了 1 行数据（ID = 29059）
2025-12-19 20:53:54 - INFO - 从 unsold_orders 表中删除了 1 行数据（ID = 30603）
2025-12-19 20:53:57 - INFO - 从 sales_derivative_orders 表中删除了 1 行数据（ID = 30275）
2025-12-19 20:54:01 - INFO - 从 unsold_orders 表中删除了 1 行数据（ID = 30127）
2025-12-19 20:54:01 - INFO - 从 unsold_orders 表中删除了 1 行数据（ID = 30034）
2025-12-19 20:54:09 - INFO - 从 unsold_orders 表中删除了 1 行数据（ID = 26939）
2025-12-19 20:54:18 - INFO - 从 unsold_orders 表中删除了 1 行数据（ID = 24549）
2025-12-19 20:54:21 - INFO - 从 unsold_orders 表中删除了 1 行数据（ID = 12419）
2025-12-19 20:54:24 - INFO - 从 unsold_orders 表中删除了 1 行数据（ID = 28134）
2025-12-19 20:54:28 - INFO - 从 unsold_orders 表中删除了 1 行数据（ID = 26572）
2025-12-19 20:54:34 - INFO - 从 unsold_orders 表中删除了 1 行数据（ID = 12823）
2025-12-19 20:54:34 - INFO - 从 unsold_orders 表中删除了 1 行数据（ID = 23545）
2025-12-19 20:54:34 - INFO - 从 unsold_orders 表中删除了 1 行数据（ID = 23462）
2025-12-19 20:54:39 - INFO - 从 unsold_orders 表中删除了 1 行数据（ID = 2903）
2025-12-19 20:54:40 - INFO - 从 unsold_orders 表中删除了 1 行数据（ID = 15447）
2025-12-19 21:23:35 - INFO - 从 unsold_orders 表中删除了 1 行数据（ID = 31114）
2025-12-19 21:23:35 - INFO - 从 unsold_orders 表中删除了 1 行数据（ID = 31115）
2025-12-19 21:23:47 - INFO - 从 unsold_orders 表中删除了 1 行数据（ID = 31238）
2025-12-19 21:23:48 - INFO - 从 unsold_orders 表中删除了 1 行数据（ID = 29059）
2025-12-19 21:23:48 - INFO - 从 unsold_orders 表中删除了 1 行数据（ID = 30603）
2025-12-19 21:23:50 - INFO - 从 sales_derivative_orders 表中删除了 1 行数据（ID = 30275）
2025-12-19 21:23:54 - INFO - 从 unsold_orders 表中删除了 1 行数据（ID = 30127）
2025-12-19 21:23:54 - INFO - 从 unsold_orders 表中删除了 1 行数据（ID = 30034）
2025-12-19 21:24:00 - INFO - 从 unsold_orders 表中删除了 1 行数据（ID = 26939）
2025-12-19 21:24:08 - INFO - 从 unsold_orders 表中删除了 1 行数据（ID = 24549）
2025-12-19 21:24:11 - INFO - 从 unsold_orders 表中删除了 1 行数据（ID = 12419）
2025-12-19 21:24:13 - INFO - 从 unsold_orders 表中删除了 1 行数据（ID = 28134）
2025-12-19 21:24:17 - INFO - 从 unsold_orders 表中删除了 1 行数据（ID = 26572）
2025-12-19 21:24:22 - INFO - 从 unsold_orders 表中删除了 1 行数据（ID = 12823）
2025-12-19 21:24:23 - INFO - 从 unsold_orders 表中删除了 1 行数据（ID = 23545）
2025-12-19 21:24:23 - INFO - 从 unsold_orders 表中删除了 1 行数据（ID = 23462）
2025-12-19 21:24:28 - INFO - 从 unsold_orders 表中删除了 1 行数据（ID = 2903）
2025-12-19 21:24:28 - INFO - 从 unsold_orders 表中删除了 1 行数据（ID = 15447）
2025-12-19 21:53:37 - INFO - 从 unsold_orders 表中删除了 1 行数据（ID = 31114）
2025-12-19 21:53:37 - INFO - 从 unsold_orders 表中删除了 1 行数据（ID = 31115）
2025-12-19 21:53:51 - INFO - 从 unsold_orders 表中删除了 1 行数据（ID = 31238）
2025-12-19 21:53:52 - INFO - 从 unsold_orders 表中删除了 1 行数据（ID = 29059）
2025-12-19 21:53:52 - INFO - 从 unsold_orders 表中删除了 1 行数据（ID = 30603）
2025-12-19 21:53:56 - INFO - 从 sales_derivative_orders 表中删除了 1 行数据（ID = 30275）
2025-12-19 21:54:00 - INFO - 从 unsold_orders 表中删除了 1 行数据（ID = 30127）
2025-12-19 21:54:00 - INFO - 从 unsold_orders 表中删除了 1 行数据（ID = 30034）
2025-12-19 21:54:06 - INFO - 从 unsold_orders 表中删除了 1 行数据（ID = 26939）
2025-12-19 21:54:14 - INFO - 从 unsold_orders 表中删除了 1 行数据（ID = 24549）
2025-12-19 21:54:16 - INFO - 从 unsold_orders 表中删除了 1 行数据（ID = 12419）
2025-12-19 21:54:19 - INFO - 从 unsold_orders 表中删除了 1 行数据（ID = 28134）
2025-12-19 21:54:22 - INFO - 从 unsold_orders 表中删除了 1 行数据（ID = 26572）
2025-12-19 21:54:28 - INFO - 从 unsold_orders 表中删除了 1 行数据（ID = 12823）
2025-12-19 21:54:29 - INFO - 从 unsold_orders 表中删除了 1 行数据（ID = 23545）
2025-12-19 21:54:29 - INFO - 从 unsold_orders 表中删除了 1 行数据（ID = 23462）
2025-12-19 21:54:34 - INFO - 从 unsold_orders 表中删除了 1 行数据（ID = 2903）
2025-12-19 21:54:34 - INFO - 从 unsold_orders 表中删除了 1 行数据（ID = 15447）
