2025-12-17 11:58:20 - INFO - 从 car_sales_invoice_date 表中删除了 1 行数据（ID = 30722）
2025-12-17 11:58:20 - INFO - 从 sales_derivative_orders 表中删除了 1 行数据（ID = 30722）
2025-12-17 11:58:20 - INFO - 从 car_sales_invoice_date 表中删除了 1 行数据（ID = 28643）
2025-12-17 11:58:20 - INFO - 从 sales_derivative_orders 表中删除了 1 行数据（ID = 28643）
2025-12-17 11:58:20 - INFO - 从 car_sales_invoice_date 表中删除了 1 行数据（ID = 30819）
2025-12-17 11:58:20 - INFO - 从 sales_derivative_orders 表中删除了 1 行数据（ID = 30819）
2025-12-17 11:58:21 - INFO - 从 car_sales_invoice_date 表中删除了 1 行数据（ID = 13791）
2025-12-17 11:58:21 - INFO - 从 sales_derivative_orders 表中删除了 1 行数据（ID = 13791）
2025-12-17 11:58:21 - INFO - 从 car_sales_invoice_date 表中删除了 1 行数据（ID = 29273）
2025-12-17 11:58:21 - INFO - 从 sales_derivative_orders 表中删除了 1 行数据（ID = 29273）
2025-12-17 11:58:21 - INFO - 从 car_sales_invoice_date 表中删除了 1 行数据（ID = 27567）
2025-12-17 11:58:21 - INFO - 从 sales_derivative_orders 表中删除了 1 行数据（ID = 27567）
2025-12-17 11:58:21 - INFO - 从 car_sales_invoice_date 表中删除了 1 行数据（ID = 28254）
2025-12-17 11:58:21 - INFO - 从 sales_derivative_orders 表中删除了 1 行数据（ID = 28254）
2025-12-17 11:58:21 - INFO - 从 car_sales_invoice_date 表中删除了 1 行数据（ID = 30978）
2025-12-17 11:58:21 - INFO - 从 sales_derivative_orders 表中删除了 1 行数据（ID = 30978）
2025-12-17 11:58:21 - INFO - 从 car_sales_invoice_date 表中删除了 1 行数据（ID = 31180）
2025-12-17 11:58:21 - INFO - 从 sales_derivative_orders 表中删除了 1 行数据（ID = 31180）
2025-12-17 11:58:21 - INFO - 从 car_sales_invoice_date 表中删除了 1 行数据（ID = 31222）
2025-12-17 11:58:21 - INFO - 从 sales_derivative_orders 表中删除了 1 行数据（ID = 31222）
2025-12-17 11:58:21 - INFO - 从 car_sales_invoice_date 表中删除了 1 行数据（ID = 31074）
2025-12-17 11:58:21 - INFO - 从 sales_derivative_orders 表中删除了 1 行数据（ID = 31074）
2025-12-17 11:58:21 - INFO - 从 package_sales 表中删除了 1 行数据（SaleId = 16239）
2025-12-17 11:58:21 - INFO - 从 car_sales_invoice_date 表中删除了 1 行数据（ID = 30448）
2025-12-17 11:58:21 - INFO - 从 sales_derivative_orders 表中删除了 1 行数据（ID = 30448）
2025-12-17 11:58:21 - INFO - 从 car_sales_invoice_date 表中删除了 1 行数据（ID = 28154）
2025-12-17 11:58:21 - INFO - 从 sales_derivative_orders 表中删除了 1 行数据（ID = 28154）
2025-12-17 11:58:21 - INFO - 从 invoice_maintenance 表中删除了 1 行数据（ID = 92200）
2025-12-17 11:58:21 - INFO - 从 car_sales_invoice_date 表中删除了 1 行数据（ID = 29470）
2025-12-17 11:58:21 - INFO - 从 sales_derivative_orders 表中删除了 1 行数据（ID = 29470）
2025-12-17 11:58:21 - INFO - 从 car_sales_invoice_date 表中删除了 1 行数据（ID = 30363）
2025-12-17 11:58:21 - INFO - 从 sales_derivative_orders 表中删除了 1 行数据（ID = 30363）
2025-12-17 11:58:21 - INFO - 从 car_sales_invoice_date 表中删除了 1 行数据（ID = 30596）
2025-12-17 11:58:21 - INFO - 从 sales_derivative_orders 表中删除了 1 行数据（ID = 30596）
2025-12-17 11:58:22 - INFO - 从 decoration_orders 表中删除了 1 行数据（OutId = 125755）
2025-12-17 11:58:22 - INFO - 从 car_sales_invoice_date 表中删除了 1 行数据（ID = 31270）
2025-12-17 11:58:22 - INFO - 从 sales_derivative_orders 表中删除了 1 行数据（ID = 31270）
2025-12-17 11:58:22 - INFO - 从 car_sales_invoice_date 表中删除了 1 行数据（ID = 25257）
2025-12-17 11:58:22 - INFO - 从 sales_derivative_orders 表中删除了 1 行数据（ID = 25257）
2025-12-17 11:58:22 - INFO - 从 car_sales_invoice_date 表中删除了 1 行数据（ID = 29382）
2025-12-17 11:58:22 - INFO - 从 sales_derivative_orders 表中删除了 1 行数据（ID = 29382）
2025-12-17 11:58:22 - INFO - 从 car_sales_invoice_date 表中删除了 1 行数据（ID = 25918）
2025-12-17 11:58:22 - INFO - 从 sales_derivative_orders 表中删除了 1 行数据（ID = 25918）
2025-12-17 11:58:22 - INFO - 从 invoice_maintenance 表中删除了 1 行数据（ID = 92372）
2025-12-17 11:58:22 - INFO - 从 car_sales_invoice_date 表中删除了 1 行数据（ID = 31626）
2025-12-17 11:58:22 - INFO - 从 sales_derivative_orders 表中删除了 1 行数据（ID = 31626）
2025-12-17 11:58:22 - INFO - 从 package_sales 表中删除了 1 行数据（SaleId = 16450）
2025-12-17 11:58:22 - INFO - 从 car_sales_invoice_date 表中删除了 1 行数据（ID = 30923）
2025-12-17 11:58:22 - INFO - 从 sales_derivative_orders 表中删除了 1 行数据（ID = 30923）
2025-12-17 11:58:23 - INFO - 从 decoration_orders 表中删除了 1 行数据（OutId = 131500）
2025-12-17 11:58:23 - INFO - 从 car_sales_invoice_date 表中删除了 1 行数据（ID = 27942）
2025-12-17 11:58:23 - INFO - 从 sales_derivative_orders 表中删除了 1 行数据（ID = 27942）
2025-12-17 11:58:23 - INFO - 从 car_sales_invoice_date 表中删除了 1 行数据（ID = 29164）
2025-12-17 11:58:23 - INFO - 从 sales_derivative_orders 表中删除了 1 行数据（ID = 29164）
2025-12-17 11:58:23 - INFO - 从 car_sales_invoice_date 表中删除了 1 行数据（ID = 31234）
2025-12-17 11:58:23 - INFO - 从 sales_derivative_orders 表中删除了 1 行数据（ID = 31234）
2025-12-17 11:58:23 - INFO - 从 car_sales_invoice_date 表中删除了 1 行数据（ID = 31333）
2025-12-17 11:58:23 - INFO - 从 sales_derivative_orders 表中删除了 1 行数据（ID = 31333）
2025-12-17 11:58:23 - INFO - 从 package_sales 表中删除了 1 行数据（SaleId = 16151）
2025-12-17 11:58:23 - INFO - 从 car_sales_invoice_date 表中删除了 1 行数据（ID = 30929）
2025-12-17 11:58:23 - INFO - 从 sales_derivative_orders 表中删除了 1 行数据（ID = 30929）
2025-12-17 11:58:23 - INFO - 从 car_sales_invoice_date 表中删除了 1 行数据（ID = 28089）
2025-12-17 11:58:23 - INFO - 从 sales_derivative_orders 表中删除了 1 行数据（ID = 28089）
2025-12-17 11:58:24 - INFO - 从 unsold_orders 表中删除了 1 行数据（ID = 31681）
2025-12-17 11:58:24 - INFO - 从 car_sales_invoice_date 表中删除了 1 行数据（ID = 31681）
2025-12-17 11:58:24 - INFO - 从 sales_derivative_orders 表中删除了 1 行数据（ID = 31681）
2025-12-17 11:58:26 - INFO - 从 unsold_orders 表中删除了 1 行数据（ID = 31238）
2025-12-17 11:58:27 - INFO - 从 unsold_orders 表中删除了 1 行数据（ID = 29059）
2025-12-17 11:58:27 - INFO - 从 unsold_orders 表中删除了 1 行数据（ID = 30603）
2025-12-17 11:58:29 - INFO - 从 car_sales_invoice_date 表中删除了 1 行数据（ID = 30275）
2025-12-17 11:58:33 - INFO - 从 unsold_orders 表中删除了 1 行数据（ID = 30127）
2025-12-17 11:58:33 - INFO - 从 unsold_orders 表中删除了 1 行数据（ID = 30034）
2025-12-17 11:58:38 - INFO - 从 unsold_orders 表中删除了 1 行数据（ID = 26939）
2025-12-17 11:58:52 - INFO - 从 unsold_orders 表中删除了 1 行数据（ID = 28134）
2025-12-17 11:58:55 - INFO - 从 unsold_orders 表中删除了 1 行数据（ID = 26572）
2025-12-17 11:58:59 - INFO - 从 unsold_orders 表中删除了 1 行数据（ID = 12823）
2025-12-17 11:58:59 - INFO - 从 unsold_orders 表中删除了 1 行数据（ID = 23545）
2025-12-17 11:58:59 - INFO - 从 unsold_orders 表中删除了 1 行数据（ID = 23462）
2025-12-17 11:59:02 - INFO - 从 unsold_orders 表中删除了 1 行数据（ID = 2903）
2025-12-17 15:50:30 - INFO - 从 decoration_orders 表中删除了 2 行数据（OutId IN (133941, 133942)）
2025-12-17 15:50:30 - INFO - 从 car_sales_invoice_date 表中删除了 1 行数据（ID = 30471）
2025-12-17 15:50:30 - INFO - 从 sales_derivative_orders 表中删除了 1 行数据（ID = 30471）
2025-12-17 15:50:30 - INFO - 从 car_sales_invoice_date 表中删除了 1 行数据（ID = 27499）
2025-12-17 15:50:30 - INFO - 从 sales_derivative_orders 表中删除了 1 行数据（ID = 27499）
2025-12-17 15:50:30 - INFO - 从 package_sales 表中删除了 1 行数据（SaleId = 16265）
2025-12-17 15:50:30 - INFO - 从 car_sales_invoice_date 表中删除了 1 行数据（ID = 31815）
2025-12-17 15:50:30 - INFO - 从 sales_derivative_orders 表中删除了 1 行数据（ID = 31815）
2025-12-17 15:50:30 - INFO - 从 car_sales_invoice_date 表中删除了 1 行数据（ID = 30722）
2025-12-17 15:50:30 - INFO - 从 sales_derivative_orders 表中删除了 1 行数据（ID = 30722）
2025-12-17 15:50:30 - INFO - 从 sales_derivative_orders 表中删除了 1 行数据（ID = 30819）
2025-12-17 15:50:32 - INFO - 从 sales_derivative_orders 表中删除了 1 行数据（ID = 31222）
2025-12-17 15:50:32 - INFO - 从 sales_derivative_orders 表中删除了 1 行数据（ID = 30448）
2025-12-17 15:50:34 - INFO - 从 sales_derivative_orders 表中删除了 1 行数据（ID = 31626）
2025-12-17 15:50:35 - INFO - 从 sales_derivative_orders 表中删除了 1 行数据（ID = 31234）
2025-12-17 15:50:35 - INFO - 从 sales_derivative_orders 表中删除了 1 行数据（ID = 30929）
2025-12-17 15:50:35 - INFO - 从 sales_derivative_orders 表中删除了 1 行数据（ID = 31401）
2025-12-17 15:50:35 - INFO - 从 sales_derivative_orders 表中删除了 1 行数据（ID = 30927）
2025-12-17 15:50:36 - INFO - 从 unsold_orders 表中删除了 1 行数据（ID = 31681）
2025-12-17 15:50:36 - INFO - 从 car_sales_invoice_date 表中删除了 1 行数据（ID = 31681）
2025-12-17 15:50:36 - INFO - 从 sales_derivative_orders 表中删除了 1 行数据（ID = 31681）
2025-12-17 15:50:36 - INFO - 从 sales_derivative_orders 表中删除了 1 行数据（ID = 30001）
2025-12-17 15:50:37 - INFO - 从 unsold_orders 表中删除了 1 行数据（ID = 31238）
2025-12-17 15:50:37 - INFO - 从 sales_derivative_orders 表中删除了 1 行数据（ID = 31238）
2025-12-17 15:50:39 - INFO - 从 unsold_orders 表中删除了 1 行数据（ID = 29059）
2025-12-17 15:50:39 - INFO - 从 unsold_orders 表中删除了 1 行数据（ID = 30603）
2025-12-17 15:50:39 - INFO - 从 sales_derivative_orders 表中删除了 1 行数据（ID = 30603）
2025-12-17 15:50:42 - INFO - 从 car_sales_invoice_date 表中删除了 1 行数据（ID = 30275）
2025-12-17 15:50:42 - INFO - 从 sales_derivative_orders 表中删除了 1 行数据（ID = 30275）
2025-12-17 15:50:45 - INFO - 从 car_sales_invoice_date 表中删除了 1 行数据（ID = 30731）
2025-12-17 15:50:45 - INFO - 从 sales_derivative_orders 表中删除了 1 行数据（ID = 30731）
2025-12-17 15:50:45 - INFO - 从 unsold_orders 表中删除了 1 行数据（ID = 30127）
2025-12-17 15:50:45 - INFO - 从 sales_derivative_orders 表中删除了 1 行数据（ID = 30127）
2025-12-17 15:50:45 - INFO - 从 unsold_orders 表中删除了 1 行数据（ID = 30034）
2025-12-17 15:50:45 - INFO - 从 sales_derivative_orders 表中删除了 1 行数据（ID = 30034）
2025-12-17 15:50:54 - INFO - 从 unsold_orders 表中删除了 1 行数据（ID = 26939）
2025-12-17 15:50:54 - INFO - 从 car_sales_invoice_date 表中删除了 1 行数据（ID = 30035）
2025-12-17 15:50:54 - INFO - 从 sales_derivative_orders 表中删除了 1 行数据（ID = 30035）
2025-12-17 15:50:55 - INFO - 从 car_sales_invoice_date 表中删除了 1 行数据（ID = 25088）
2025-12-17 15:50:56 - INFO - 从 car_sales_invoice_date 表中删除了 1 行数据（ID = 28892）
2025-12-17 15:51:04 - INFO - 从 car_sales_invoice_date 表中删除了 1 行数据（ID = 23013）
2025-12-17 15:51:05 - INFO - 从 unsold_orders 表中删除了 1 行数据（ID = 24549）
2025-12-17 15:51:05 - INFO - 从 car_sales_invoice_date 表中删除了 1 行数据（ID = 24549）
2025-12-17 15:51:05 - INFO - 从 sales_derivative_orders 表中删除了 1 行数据（ID = 24549）
2025-12-17 15:51:11 - INFO - 从 unsold_orders 表中删除了 1 行数据（ID = 28134）
2025-12-17 15:51:14 - INFO - 从 car_sales_invoice_date 表中删除了 1 行数据（ID = 26861）
2025-12-17 15:51:14 - INFO - 从 unsold_orders 表中删除了 1 行数据（ID = 26572）
2025-12-17 15:51:15 - INFO - 从 car_sales_invoice_date 表中删除了 1 行数据（ID = 18633）
2025-12-17 15:51:19 - INFO - 从 unsold_orders 表中删除了 1 行数据（ID = 12823）
2025-12-17 15:51:20 - INFO - 从 unsold_orders 表中删除了 1 行数据（ID = 23545）
2025-12-17 15:51:20 - INFO - 从 unsold_orders 表中删除了 1 行数据（ID = 23462）
2025-12-17 15:51:25 - INFO - 从 unsold_orders 表中删除了 1 行数据（ID = 2903）
2025-12-17 15:58:00 - INFO - 从 package_sales 表中删除了 1 行数据（SaleId = 16480）
2025-12-17 15:58:00 - INFO - 从 car_sales_invoice_date 表中删除了 1 行数据（ID = 30722）
2025-12-17 15:58:00 - INFO - 从 sales_derivative_orders 表中删除了 1 行数据（ID = 30722）
2025-12-17 15:58:02 - INFO - 从 unsold_orders 表中删除了 1 行数据（ID = 31681）
2025-12-17 15:58:02 - INFO - 从 car_sales_invoice_date 表中删除了 1 行数据（ID = 31681）
2025-12-17 15:58:02 - INFO - 从 sales_derivative_orders 表中删除了 1 行数据（ID = 31681）
2025-12-17 15:58:03 - INFO - 从 unsold_orders 表中删除了 1 行数据（ID = 31238）
2025-12-17 15:58:04 - INFO - 从 unsold_orders 表中删除了 1 行数据（ID = 29059）
2025-12-17 15:58:04 - INFO - 从 unsold_orders 表中删除了 1 行数据（ID = 30603）
2025-12-17 15:58:07 - INFO - 从 car_sales_invoice_date 表中删除了 1 行数据（ID = 30275）
2025-12-17 15:58:10 - INFO - 从 unsold_orders 表中删除了 1 行数据（ID = 30127）
2025-12-17 15:58:11 - INFO - 从 unsold_orders 表中删除了 1 行数据（ID = 30034）
2025-12-17 15:58:18 - INFO - 从 unsold_orders 表中删除了 1 行数据（ID = 26939）
2025-12-17 15:58:25 - INFO - 从 unsold_orders 表中删除了 1 行数据（ID = 24549）
2025-12-17 15:58:25 - INFO - 从 car_sales_invoice_date 表中删除了 1 行数据（ID = 24549）
2025-12-17 15:58:25 - INFO - 从 sales_derivative_orders 表中删除了 1 行数据（ID = 24549）
2025-12-17 15:58:29 - INFO - 从 unsold_orders 表中删除了 1 行数据（ID = 28134）
2025-12-17 15:58:33 - INFO - 从 unsold_orders 表中删除了 1 行数据（ID = 26572）
2025-12-17 15:58:38 - INFO - 从 unsold_orders 表中删除了 1 行数据（ID = 12823）
2025-12-17 15:58:39 - INFO - 从 unsold_orders 表中删除了 1 行数据（ID = 23545）
2025-12-17 15:58:39 - INFO - 从 unsold_orders 表中删除了 1 行数据（ID = 23462）
2025-12-17 15:58:44 - INFO - 从 unsold_orders 表中删除了 1 行数据（ID = 2903）
2025-12-17 16:24:04 - INFO - 从 decoration_orders 表中删除了 2 行数据（OutId IN (124563, 124564)）
2025-12-17 16:24:08 - INFO - 从 decoration_orders 表中删除了 2 行数据（OutId IN (124565, 124566)）
2025-12-17 16:24:09 - INFO - 从 decoration_orders 表中删除了 4 行数据（OutId IN (116415, 116416, 116417, 116418)）
2025-12-17 16:24:09 - INFO - 从 decoration_orders 表中删除了 5 行数据（OutId IN (119215, 119216, 119217, 119218, 119219)）
2025-12-17 16:24:09 - INFO - 从 decoration_orders 表中删除了 1 行数据（OutId = 93144）
2025-12-17 16:24:10 - INFO - 从 decoration_orders 表中删除了 1 行数据（OutId = 71512）
2025-12-17 16:24:10 - INFO - 从 decoration_orders 表中删除了 1 行数据（OutId = 71509）
2025-12-17 16:24:10 - INFO - 从 decoration_orders 表中删除了 1 行数据（OutId = 85146）
2025-12-17 16:24:11 - INFO - 从 car_sales_invoice_date 表中删除了 1 行数据（ID = 30722）
2025-12-17 16:24:11 - INFO - 从 sales_derivative_orders 表中删除了 1 行数据（ID = 30722）
2025-12-17 16:24:13 - INFO - 从 unsold_orders 表中删除了 1 行数据（ID = 31681）
2025-12-17 16:24:13 - INFO - 从 car_sales_invoice_date 表中删除了 1 行数据（ID = 31681）
2025-12-17 16:24:13 - INFO - 从 sales_derivative_orders 表中删除了 1 行数据（ID = 31681）
2025-12-17 16:24:15 - INFO - 从 unsold_orders 表中删除了 1 行数据（ID = 31238）
2025-12-17 16:24:17 - INFO - 从 unsold_orders 表中删除了 1 行数据（ID = 29059）
2025-12-17 16:24:17 - INFO - 从 unsold_orders 表中删除了 1 行数据（ID = 30603）
2025-12-17 16:24:21 - INFO - 从 car_sales_invoice_date 表中删除了 1 行数据（ID = 30275）
2025-12-17 16:24:27 - INFO - 从 unsold_orders 表中删除了 1 行数据（ID = 30127）
2025-12-17 16:24:27 - INFO - 从 unsold_orders 表中删除了 1 行数据（ID = 30034）
2025-12-17 16:24:35 - INFO - 从 unsold_orders 表中删除了 1 行数据（ID = 26939）
2025-12-17 16:24:46 - INFO - 从 unsold_orders 表中删除了 1 行数据（ID = 24549）
2025-12-17 16:24:46 - INFO - 从 car_sales_invoice_date 表中删除了 1 行数据（ID = 24549）
2025-12-17 16:24:46 - INFO - 从 sales_derivative_orders 表中删除了 1 行数据（ID = 24549）
2025-12-17 16:24:55 - INFO - 从 unsold_orders 表中删除了 1 行数据（ID = 28134）
2025-12-17 16:25:02 - INFO - 从 unsold_orders 表中删除了 1 行数据（ID = 26572）
2025-12-17 16:25:11 - INFO - 从 unsold_orders 表中删除了 1 行数据（ID = 12823）
2025-12-17 16:25:12 - INFO - 从 unsold_orders 表中删除了 1 行数据（ID = 23545）
2025-12-17 16:25:12 - INFO - 从 unsold_orders 表中删除了 1 行数据（ID = 23462）
2025-12-17 16:25:19 - INFO - 从 unsold_orders 表中删除了 1 行数据（ID = 2903）
2025-12-17 16:54:22 - INFO - 从 decoration_orders 表中删除了 3 行数据（OutId IN (117285, 117286, 117287)）
2025-12-17 16:54:23 - INFO - 从 decoration_orders 表中删除了 2 行数据（OutId IN (111555, 111556)）
2025-12-17 16:54:24 - INFO - 从 decoration_orders 表中删除了 5 行数据（OutId IN (124567, 124568, 124569, 124570, 124571)）
2025-12-17 16:54:25 - INFO - 从 decoration_orders 表中删除了 1 行数据（OutId = 124577）
2025-12-17 16:54:25 - INFO - 从 decoration_orders 表中删除了 1 行数据（OutId = 124719）
2025-12-17 16:54:25 - INFO - 从 decoration_orders 表中删除了 3 行数据（OutId IN (132528, 132529, 132530)）
2025-12-17 16:54:25 - INFO - 从 decoration_orders 表中删除了 4 行数据（OutId IN (124646, 124647, 124648, 124649)）
2025-12-17 16:54:29 - INFO - 从 car_sales_invoice_date 表中删除了 1 行数据（ID = 30722）
2025-12-17 16:54:29 - INFO - 从 sales_derivative_orders 表中删除了 1 行数据（ID = 30722）
2025-12-17 16:54:31 - INFO - 从 unsold_orders 表中删除了 1 行数据（ID = 31681）
2025-12-17 16:54:31 - INFO - 从 car_sales_invoice_date 表中删除了 1 行数据（ID = 31681）
2025-12-17 16:54:31 - INFO - 从 sales_derivative_orders 表中删除了 1 行数据（ID = 31681）
2025-12-17 16:54:33 - INFO - 从 unsold_orders 表中删除了 1 行数据（ID = 31238）
2025-12-17 16:54:34 - INFO - 从 unsold_orders 表中删除了 1 行数据（ID = 29059）
2025-12-17 16:54:34 - INFO - 从 unsold_orders 表中删除了 1 行数据（ID = 30603）
2025-12-17 16:54:37 - INFO - 从 car_sales_invoice_date 表中删除了 1 行数据（ID = 30275）
2025-12-17 16:54:44 - INFO - 从 unsold_orders 表中删除了 1 行数据（ID = 30127）
2025-12-17 16:54:44 - INFO - 从 unsold_orders 表中删除了 1 行数据（ID = 30034）
2025-12-17 16:54:55 - INFO - 从 unsold_orders 表中删除了 1 行数据（ID = 26939）
2025-12-17 16:55:12 - INFO - 从 unsold_orders 表中删除了 1 行数据（ID = 24549）
2025-12-17 16:55:12 - INFO - 从 car_sales_invoice_date 表中删除了 1 行数据（ID = 24549）
2025-12-17 16:55:12 - INFO - 从 sales_derivative_orders 表中删除了 1 行数据（ID = 24549）
2025-12-17 16:55:25 - INFO - 从 unsold_orders 表中删除了 1 行数据（ID = 28134）
2025-12-17 16:55:31 - INFO - 从 unsold_orders 表中删除了 1 行数据（ID = 26572）
2025-12-17 16:55:44 - INFO - 从 unsold_orders 表中删除了 1 行数据（ID = 12823）
2025-12-17 16:55:45 - INFO - 从 unsold_orders 表中删除了 1 行数据（ID = 23545）
2025-12-17 16:55:45 - INFO - 从 unsold_orders 表中删除了 1 行数据（ID = 23462）
2025-12-17 16:55:54 - INFO - 从 unsold_orders 表中删除了 1 行数据（ID = 2903）
2025-12-17 17:28:08 - INFO - 从 car_sales_invoice_date 表中删除了 1 行数据（ID = 30722）
2025-12-17 17:28:08 - INFO - 从 sales_derivative_orders 表中删除了 1 行数据（ID = 30722）
2025-12-17 17:28:13 - INFO - 从 unsold_orders 表中删除了 1 行数据（ID = 31681）
2025-12-17 17:28:13 - INFO - 从 car_sales_invoice_date 表中删除了 1 行数据（ID = 31681）
2025-12-17 17:28:13 - INFO - 从 sales_derivative_orders 表中删除了 1 行数据（ID = 31681）
2025-12-17 17:28:15 - INFO - 从 unsold_orders 表中删除了 1 行数据（ID = 31238）
2025-12-17 17:28:17 - INFO - 从 unsold_orders 表中删除了 1 行数据（ID = 29059）
2025-12-17 17:28:17 - INFO - 从 unsold_orders 表中删除了 1 行数据（ID = 30603）
2025-12-17 17:28:22 - INFO - 从 car_sales_invoice_date 表中删除了 1 行数据（ID = 30275）
2025-12-17 17:28:28 - INFO - 从 unsold_orders 表中删除了 1 行数据（ID = 30127）
2025-12-17 17:28:28 - INFO - 从 unsold_orders 表中删除了 1 行数据（ID = 30034）
2025-12-17 17:28:37 - INFO - 从 unsold_orders 表中删除了 1 行数据（ID = 26939）
2025-12-17 17:28:47 - INFO - 从 unsold_orders 表中删除了 1 行数据（ID = 24549）
2025-12-17 17:28:47 - INFO - 从 car_sales_invoice_date 表中删除了 1 行数据（ID = 24549）
2025-12-17 17:28:47 - INFO - 从 sales_derivative_orders 表中删除了 1 行数据（ID = 24549）
2025-12-17 17:28:53 - INFO - 从 unsold_orders 表中删除了 1 行数据（ID = 28134）
2025-12-17 17:28:59 - INFO - 从 unsold_orders 表中删除了 1 行数据（ID = 26572）
2025-12-17 17:29:07 - INFO - 从 unsold_orders 表中删除了 1 行数据（ID = 12823）
2025-12-17 17:29:08 - INFO - 从 unsold_orders 表中删除了 1 行数据（ID = 23545）
2025-12-17 17:29:08 - INFO - 从 unsold_orders 表中删除了 1 行数据（ID = 23462）
2025-12-17 17:29:15 - INFO - 从 unsold_orders 表中删除了 1 行数据（ID = 2903）
2025-12-17 17:42:51 - INFO - 从 package_sales 表中删除了 1 行数据（SaleId = 16258）
2025-12-17 17:43:25 - INFO - 从 car_sales_invoice_date 表中删除了 1 行数据（ID = 30722）
2025-12-17 17:43:25 - INFO - 从 sales_derivative_orders 表中删除了 1 行数据（ID = 30722）
2025-12-17 17:43:30 - INFO - 从 unsold_orders 表中删除了 1 行数据（ID = 31681）
2025-12-17 17:43:30 - INFO - 从 car_sales_invoice_date 表中删除了 1 行数据（ID = 31681）
2025-12-17 17:43:30 - INFO - 从 sales_derivative_orders 表中删除了 1 行数据（ID = 31681）
2025-12-17 17:43:32 - INFO - 从 unsold_orders 表中删除了 1 行数据（ID = 31238）
2025-12-17 17:43:34 - INFO - 从 unsold_orders 表中删除了 1 行数据（ID = 29059）
2025-12-17 17:43:34 - INFO - 从 unsold_orders 表中删除了 1 行数据（ID = 30603）
2025-12-17 17:43:40 - INFO - 从 car_sales_invoice_date 表中删除了 1 行数据（ID = 30275）
2025-12-17 17:43:46 - INFO - 从 unsold_orders 表中删除了 1 行数据（ID = 30127）
2025-12-17 17:43:47 - INFO - 从 unsold_orders 表中删除了 1 行数据（ID = 30034）
2025-12-17 17:43:57 - INFO - 从 unsold_orders 表中删除了 1 行数据（ID = 26939）
2025-12-17 17:44:13 - INFO - 从 unsold_orders 表中删除了 1 行数据（ID = 24549）
2025-12-17 17:44:13 - INFO - 从 car_sales_invoice_date 表中删除了 1 行数据（ID = 24549）
2025-12-17 17:44:13 - INFO - 从 sales_derivative_orders 表中删除了 1 行数据（ID = 24549）
2025-12-17 17:44:22 - INFO - 从 unsold_orders 表中删除了 1 行数据（ID = 28134）
2025-12-17 17:44:30 - INFO - 从 unsold_orders 表中删除了 1 行数据（ID = 26572）
2025-12-17 17:44:39 - INFO - 从 unsold_orders 表中删除了 1 行数据（ID = 12823）
2025-12-17 17:44:40 - INFO - 从 unsold_orders 表中删除了 1 行数据（ID = 23545）
2025-12-17 17:44:40 - INFO - 从 unsold_orders 表中删除了 1 行数据（ID = 23462）
2025-12-17 17:44:47 - INFO - 从 unsold_orders 表中删除了 1 行数据（ID = 2903）
2025-12-17 17:50:28 - INFO - 从 car_sales_invoice_date 表中删除了 1 行数据（ID = 30722）
2025-12-17 17:50:28 - INFO - 从 sales_derivative_orders 表中删除了 1 行数据（ID = 30722）
2025-12-17 17:50:28 - INFO - 从 sales_derivative_orders 表中删除了 1 行数据（ID = 30819）
2025-12-17 17:50:29 - INFO - 从 sales_derivative_orders 表中删除了 1 行数据（ID = 31222）
2025-12-17 17:50:29 - INFO - 从 sales_derivative_orders 表中删除了 1 行数据（ID = 30448）
2025-12-17 17:50:30 - INFO - 从 sales_derivative_orders 表中删除了 1 行数据（ID = 31626）
2025-12-17 17:50:30 - INFO - 从 sales_derivative_orders 表中删除了 1 行数据（ID = 31234）
2025-12-17 17:50:30 - INFO - 从 sales_derivative_orders 表中删除了 1 行数据（ID = 30929）
2025-12-17 17:50:31 - INFO - 从 unsold_orders 表中删除了 1 行数据（ID = 31681）
2025-12-17 17:50:31 - INFO - 从 car_sales_invoice_date 表中删除了 1 行数据（ID = 31681）
2025-12-17 17:50:31 - INFO - 从 sales_derivative_orders 表中删除了 1 行数据（ID = 31681）
2025-12-17 17:50:31 - INFO - 从 sales_derivative_orders 表中删除了 1 行数据（ID = 30001）
2025-12-17 17:50:32 - INFO - 从 unsold_orders 表中删除了 1 行数据（ID = 31238）
2025-12-17 17:50:32 - INFO - 从 sales_derivative_orders 表中删除了 1 行数据（ID = 31238）
2025-12-17 17:50:33 - INFO - 从 unsold_orders 表中删除了 1 行数据（ID = 30603）
2025-12-17 17:50:33 - INFO - 从 sales_derivative_orders 表中删除了 1 行数据（ID = 30603）
2025-12-17 17:50:37 - INFO - 从 car_sales_invoice_date 表中删除了 1 行数据（ID = 30275）
2025-12-17 17:50:37 - INFO - 从 sales_derivative_orders 表中删除了 1 行数据（ID = 30275）
2025-12-17 17:50:40 - INFO - 从 car_sales_invoice_date 表中删除了 1 行数据（ID = 30731）
2025-12-17 17:50:40 - INFO - 从 sales_derivative_orders 表中删除了 1 行数据（ID = 30731）
2025-12-17 17:50:41 - INFO - 从 unsold_orders 表中删除了 1 行数据（ID = 30127）
2025-12-17 17:50:41 - INFO - 从 sales_derivative_orders 表中删除了 1 行数据（ID = 30127）
2025-12-17 17:50:41 - INFO - 从 unsold_orders 表中删除了 1 行数据（ID = 30034）
2025-12-17 17:50:41 - INFO - 从 sales_derivative_orders 表中删除了 1 行数据（ID = 30034）
2025-12-17 17:50:50 - INFO - 从 car_sales_invoice_date 表中删除了 1 行数据（ID = 30035）
2025-12-17 17:50:50 - INFO - 从 sales_derivative_orders 表中删除了 1 行数据（ID = 30035）
2025-12-17 17:50:52 - INFO - 从 car_sales_invoice_date 表中删除了 1 行数据（ID = 25088）
2025-12-17 17:50:52 - INFO - 从 car_sales_invoice_date 表中删除了 1 行数据（ID = 28892）
2025-12-17 17:51:03 - INFO - 从 car_sales_invoice_date 表中删除了 1 行数据（ID = 23013）
2025-12-17 17:51:05 - INFO - 从 unsold_orders 表中删除了 1 行数据（ID = 24549）
2025-12-17 17:51:05 - INFO - 从 car_sales_invoice_date 表中删除了 1 行数据（ID = 24549）
2025-12-17 17:51:05 - INFO - 从 sales_derivative_orders 表中删除了 1 行数据（ID = 24549）
2025-12-17 17:51:14 - INFO - 从 unsold_orders 表中删除了 1 行数据（ID = 28134）
2025-12-17 17:51:20 - INFO - 从 car_sales_invoice_date 表中删除了 1 行数据（ID = 26861）
2025-12-17 17:51:21 - INFO - 从 unsold_orders 表中删除了 1 行数据（ID = 26572）
2025-12-17 17:51:21 - INFO - 从 car_sales_invoice_date 表中删除了 1 行数据（ID = 18633）
2025-12-17 17:51:30 - INFO - 从 unsold_orders 表中删除了 1 行数据（ID = 12823）
2025-12-17 17:51:30 - INFO - 从 unsold_orders 表中删除了 1 行数据（ID = 23545）
2025-12-17 17:51:30 - INFO - 从 unsold_orders 表中删除了 1 行数据（ID = 23462）
2025-12-17 17:51:38 - INFO - 从 unsold_orders 表中删除了 1 行数据（ID = 2903）
2025-12-17 17:52:03 - INFO - 从 sales_derivative_orders 表中删除了 1 行数据（ID = 30722）
2025-12-17 17:52:04 - INFO - 从 unsold_orders 表中删除了 1 行数据（ID = 31681）
2025-12-17 17:52:04 - INFO - 从 sales_derivative_orders 表中删除了 1 行数据（ID = 31681）
2025-12-17 17:52:06 - INFO - 从 unsold_orders 表中删除了 1 行数据（ID = 31238）
2025-12-17 17:52:07 - INFO - 从 unsold_orders 表中删除了 1 行数据（ID = 29059）
2025-12-17 17:52:07 - INFO - 从 unsold_orders 表中删除了 1 行数据（ID = 30603）
2025-12-17 17:52:15 - INFO - 从 unsold_orders 表中删除了 1 行数据（ID = 30127）
2025-12-17 17:52:15 - INFO - 从 unsold_orders 表中删除了 1 行数据（ID = 30034）
2025-12-17 17:52:22 - INFO - 从 unsold_orders 表中删除了 1 行数据（ID = 26939）
2025-12-17 17:55:33 - INFO - 从 car_sales_invoice_date 表中删除了 1 行数据（ID = 30722）
2025-12-17 17:55:33 - INFO - 从 sales_derivative_orders 表中删除了 1 行数据（ID = 30722）
2025-12-17 17:55:36 - INFO - 从 unsold_orders 表中删除了 1 行数据（ID = 31681）
2025-12-17 17:55:36 - INFO - 从 car_sales_invoice_date 表中删除了 1 行数据（ID = 31681）
2025-12-17 17:55:36 - INFO - 从 sales_derivative_orders 表中删除了 1 行数据（ID = 31681）
2025-12-17 17:55:37 - INFO - 从 unsold_orders 表中删除了 1 行数据（ID = 31238）
2025-12-17 17:55:39 - INFO - 从 unsold_orders 表中删除了 1 行数据（ID = 29059）
2025-12-17 17:55:39 - INFO - 从 unsold_orders 表中删除了 1 行数据（ID = 30603）
2025-12-17 17:55:43 - INFO - 从 car_sales_invoice_date 表中删除了 1 行数据（ID = 30275）
2025-12-17 17:55:50 - INFO - 从 unsold_orders 表中删除了 1 行数据（ID = 30127）
2025-12-17 17:55:51 - INFO - 从 unsold_orders 表中删除了 1 行数据（ID = 30034）
2025-12-17 17:56:01 - INFO - 从 unsold_orders 表中删除了 1 行数据（ID = 26939）
2025-12-17 17:56:14 - INFO - 从 unsold_orders 表中删除了 1 行数据（ID = 24549）
2025-12-17 17:56:14 - INFO - 从 car_sales_invoice_date 表中删除了 1 行数据（ID = 24549）
2025-12-17 17:56:14 - INFO - 从 sales_derivative_orders 表中删除了 1 行数据（ID = 24549）
2025-12-17 17:56:21 - INFO - 从 unsold_orders 表中删除了 1 行数据（ID = 28134）
2025-12-17 17:56:28 - INFO - 从 unsold_orders 表中删除了 1 行数据（ID = 26572）
2025-12-17 17:56:37 - INFO - 从 unsold_orders 表中删除了 1 行数据（ID = 12823）
2025-12-17 17:56:38 - INFO - 从 unsold_orders 表中删除了 1 行数据（ID = 23545）
2025-12-17 17:56:38 - INFO - 从 unsold_orders 表中删除了 1 行数据（ID = 23462）
2025-12-17 17:56:46 - INFO - 从 unsold_orders 表中删除了 1 行数据（ID = 2903）
2025-12-17 18:01:55 - INFO - 从 car_sales_invoice_date 表中删除了 1 行数据（ID = 30722）
2025-12-17 18:01:55 - INFO - 从 sales_derivative_orders 表中删除了 1 行数据（ID = 30722）
2025-12-17 18:01:57 - INFO - 从 unsold_orders 表中删除了 1 行数据（ID = 31681）
2025-12-17 18:01:57 - INFO - 从 car_sales_invoice_date 表中删除了 1 行数据（ID = 31681）
2025-12-17 18:01:57 - INFO - 从 sales_derivative_orders 表中删除了 1 行数据（ID = 31681）
2025-12-17 18:01:59 - INFO - 从 unsold_orders 表中删除了 1 行数据（ID = 31238）
2025-12-17 18:02:01 - INFO - 从 unsold_orders 表中删除了 1 行数据（ID = 29059）
2025-12-17 18:02:01 - INFO - 从 unsold_orders 表中删除了 1 行数据（ID = 30603）
2025-12-17 18:02:06 - INFO - 从 car_sales_invoice_date 表中删除了 1 行数据（ID = 30275）
2025-12-17 18:02:11 - INFO - 从 unsold_orders 表中删除了 1 行数据（ID = 30127）
2025-12-17 18:02:11 - INFO - 从 unsold_orders 表中删除了 1 行数据（ID = 30034）
2025-12-17 18:02:19 - INFO - 从 unsold_orders 表中删除了 1 行数据（ID = 26939）
2025-12-17 18:02:31 - INFO - 从 unsold_orders 表中删除了 1 行数据（ID = 24549）
2025-12-17 18:02:31 - INFO - 从 car_sales_invoice_date 表中删除了 1 行数据（ID = 24549）
2025-12-17 18:02:31 - INFO - 从 sales_derivative_orders 表中删除了 1 行数据（ID = 24549）
2025-12-17 18:02:37 - INFO - 从 unsold_orders 表中删除了 1 行数据（ID = 28134）
2025-12-17 18:02:43 - INFO - 从 unsold_orders 表中删除了 1 行数据（ID = 26572）
2025-12-17 18:02:51 - INFO - 从 unsold_orders 表中删除了 1 行数据（ID = 12823）
2025-12-17 18:02:51 - INFO - 从 unsold_orders 表中删除了 1 行数据（ID = 23545）
2025-12-17 18:02:51 - INFO - 从 unsold_orders 表中删除了 1 行数据（ID = 23462）
2025-12-17 18:02:58 - INFO - 从 unsold_orders 表中删除了 1 行数据（ID = 2903）
2025-12-17 18:11:54 - INFO - 从 car_sales_invoice_date 表中删除了 1 行数据（ID = 30722）
2025-12-17 18:11:54 - INFO - 从 sales_derivative_orders 表中删除了 1 行数据（ID = 30722）
2025-12-17 18:11:56 - INFO - 从 unsold_orders 表中删除了 1 行数据（ID = 31681）
2025-12-17 18:11:56 - INFO - 从 car_sales_invoice_date 表中删除了 1 行数据（ID = 31681）
2025-12-17 18:11:56 - INFO - 从 sales_derivative_orders 表中删除了 1 行数据（ID = 31681）
2025-12-17 18:11:57 - INFO - 从 unsold_orders 表中删除了 1 行数据（ID = 31238）
2025-12-17 18:11:58 - INFO - 从 unsold_orders 表中删除了 1 行数据（ID = 29059）
2025-12-17 18:11:58 - INFO - 从 unsold_orders 表中删除了 1 行数据（ID = 30603）
2025-12-17 18:12:01 - INFO - 从 car_sales_invoice_date 表中删除了 1 行数据（ID = 30275）
2025-12-17 18:12:05 - INFO - 从 unsold_orders 表中删除了 1 行数据（ID = 30127）
2025-12-17 18:12:05 - INFO - 从 unsold_orders 表中删除了 1 行数据（ID = 30034）
2025-12-17 18:12:10 - INFO - 从 unsold_orders 表中删除了 1 行数据（ID = 26939）
2025-12-17 18:12:18 - INFO - 从 unsold_orders 表中删除了 1 行数据（ID = 24549）
2025-12-17 18:12:18 - INFO - 从 car_sales_invoice_date 表中删除了 1 行数据（ID = 24549）
2025-12-17 18:12:18 - INFO - 从 sales_derivative_orders 表中删除了 1 行数据（ID = 24549）
2025-12-17 18:12:24 - INFO - 从 unsold_orders 表中删除了 1 行数据（ID = 28134）
2025-12-17 18:12:29 - INFO - 从 unsold_orders 表中删除了 1 行数据（ID = 26572）
2025-12-17 18:12:36 - INFO - 从 unsold_orders 表中删除了 1 行数据（ID = 12823）
2025-12-17 18:12:37 - INFO - 从 unsold_orders 表中删除了 1 行数据（ID = 23545）
2025-12-17 18:12:37 - INFO - 从 unsold_orders 表中删除了 1 行数据（ID = 23462）
2025-12-17 18:12:43 - INFO - 从 unsold_orders 表中删除了 1 行数据（ID = 2903）
2025-12-17 18:22:05 - INFO - 从 car_sales_invoice_date 表中删除了 1 行数据（ID = 30722）
2025-12-17 18:22:05 - INFO - 从 sales_derivative_orders 表中删除了 1 行数据（ID = 30722）
2025-12-17 18:22:07 - INFO - 从 unsold_orders 表中删除了 1 行数据（ID = 31681）
2025-12-17 18:22:07 - INFO - 从 car_sales_invoice_date 表中删除了 1 行数据（ID = 31681）
2025-12-17 18:22:07 - INFO - 从 sales_derivative_orders 表中删除了 1 行数据（ID = 31681）
2025-12-17 18:22:08 - INFO - 从 unsold_orders 表中删除了 1 行数据（ID = 31238）
2025-12-17 18:22:09 - INFO - 从 unsold_orders 表中删除了 1 行数据（ID = 29059）
2025-12-17 18:22:09 - INFO - 从 unsold_orders 表中删除了 1 行数据（ID = 30603）
2025-12-17 18:22:12 - INFO - 从 car_sales_invoice_date 表中删除了 1 行数据（ID = 30275）
2025-12-17 18:22:16 - INFO - 从 unsold_orders 表中删除了 1 行数据（ID = 30127）
2025-12-17 18:22:16 - INFO - 从 unsold_orders 表中删除了 1 行数据（ID = 30034）
2025-12-17 18:22:22 - INFO - 从 unsold_orders 表中删除了 1 行数据（ID = 26939）
2025-12-17 18:22:31 - INFO - 从 unsold_orders 表中删除了 1 行数据（ID = 24549）
2025-12-17 18:22:31 - INFO - 从 car_sales_invoice_date 表中删除了 1 行数据（ID = 24549）
2025-12-17 18:22:31 - INFO - 从 sales_derivative_orders 表中删除了 1 行数据（ID = 24549）
2025-12-17 18:22:37 - INFO - 从 unsold_orders 表中删除了 1 行数据（ID = 28134）
2025-12-17 18:22:42 - INFO - 从 unsold_orders 表中删除了 1 行数据（ID = 26572）
2025-12-17 18:22:50 - INFO - 从 unsold_orders 表中删除了 1 行数据（ID = 12823）
2025-12-17 18:22:50 - INFO - 从 unsold_orders 表中删除了 1 行数据（ID = 23545）
2025-12-17 18:22:50 - INFO - 从 unsold_orders 表中删除了 1 行数据（ID = 23462）
2025-12-17 18:22:57 - INFO - 从 unsold_orders 表中删除了 1 行数据（ID = 2903）
2025-12-17 18:23:46 - INFO - 从 car_sales_invoice_date 表中删除了 1 行数据（ID = 30722）
2025-12-17 18:23:46 - INFO - 从 sales_derivative_orders 表中删除了 1 行数据（ID = 30722）
2025-12-17 18:23:49 - INFO - 从 unsold_orders 表中删除了 1 行数据（ID = 31681）
2025-12-17 18:23:49 - INFO - 从 car_sales_invoice_date 表中删除了 1 行数据（ID = 31681）
2025-12-17 18:23:49 - INFO - 从 sales_derivative_orders 表中删除了 1 行数据（ID = 31681）
2025-12-17 18:23:51 - INFO - 从 unsold_orders 表中删除了 1 行数据（ID = 31238）
2025-12-17 18:23:53 - INFO - 从 unsold_orders 表中删除了 1 行数据（ID = 29059）
2025-12-17 18:23:53 - INFO - 从 unsold_orders 表中删除了 1 行数据（ID = 30603）
2025-12-17 18:23:58 - INFO - 从 car_sales_invoice_date 表中删除了 1 行数据（ID = 30275）
2025-12-17 18:24:03 - INFO - 从 unsold_orders 表中删除了 1 行数据（ID = 30127）
2025-12-17 18:24:03 - INFO - 从 unsold_orders 表中删除了 1 行数据（ID = 30034）
2025-12-17 18:24:11 - INFO - 从 unsold_orders 表中删除了 1 行数据（ID = 26939）
2025-12-17 18:24:23 - INFO - 从 unsold_orders 表中删除了 1 行数据（ID = 24549）
2025-12-17 18:24:23 - INFO - 从 sales_derivative_orders 表中删除了 1 行数据（ID = 24549）
2025-12-17 18:24:30 - INFO - 从 unsold_orders 表中删除了 1 行数据（ID = 28134）
2025-12-17 18:53:43 - INFO - 从 car_sales_invoice_date 表中删除了 1 行数据（ID = 30722）
2025-12-17 18:53:43 - INFO - 从 sales_derivative_orders 表中删除了 1 行数据（ID = 30722）
2025-12-17 18:53:44 - INFO - 从 unsold_orders 表中删除了 1 行数据（ID = 31681）
2025-12-17 18:53:45 - INFO - 从 car_sales_invoice_date 表中删除了 1 行数据（ID = 31681）
2025-12-17 18:53:45 - INFO - 从 sales_derivative_orders 表中删除了 1 行数据（ID = 31681）
2025-12-17 18:53:46 - INFO - 从 unsold_orders 表中删除了 1 行数据（ID = 31238）
2025-12-17 18:53:47 - INFO - 从 unsold_orders 表中删除了 1 行数据（ID = 29059）
2025-12-17 18:53:47 - INFO - 从 unsold_orders 表中删除了 1 行数据（ID = 30603）
2025-12-17 18:53:51 - INFO - 从 car_sales_invoice_date 表中删除了 1 行数据（ID = 30275）
2025-12-17 18:53:54 - INFO - 从 unsold_orders 表中删除了 1 行数据（ID = 30127）
2025-12-17 18:53:54 - INFO - 从 unsold_orders 表中删除了 1 行数据（ID = 30034）
2025-12-17 18:54:00 - INFO - 从 unsold_orders 表中删除了 1 行数据（ID = 26939）
2025-12-17 18:54:09 - INFO - 从 unsold_orders 表中删除了 1 行数据（ID = 24549）
2025-12-17 18:54:09 - INFO - 从 car_sales_invoice_date 表中删除了 1 行数据（ID = 24549）
2025-12-17 18:54:09 - INFO - 从 sales_derivative_orders 表中删除了 1 行数据（ID = 24549）
2025-12-17 18:54:15 - INFO - 从 unsold_orders 表中删除了 1 行数据（ID = 28134）
2025-12-17 18:54:20 - INFO - 从 unsold_orders 表中删除了 1 行数据（ID = 26572）
2025-12-17 18:54:27 - INFO - 从 unsold_orders 表中删除了 1 行数据（ID = 12823）
2025-12-17 18:54:28 - INFO - 从 unsold_orders 表中删除了 1 行数据（ID = 23545）
2025-12-17 18:54:28 - INFO - 从 unsold_orders 表中删除了 1 行数据（ID = 23462）
2025-12-17 18:54:34 - INFO - 从 unsold_orders 表中删除了 1 行数据（ID = 2903）
2025-12-17 19:23:29 - INFO - 从 car_sales_invoice_date 表中删除了 1 行数据（ID = 27191）
2025-12-17 19:23:29 - INFO - 从 sales_derivative_orders 表中删除了 1 行数据（ID = 27191）
2025-12-17 19:23:29 - INFO - 从 car_sales_invoice_date 表中删除了 1 行数据（ID = 27761）
2025-12-17 19:23:29 - INFO - 从 sales_derivative_orders 表中删除了 1 行数据（ID = 27761）
2025-12-17 19:23:39 - INFO - 从 car_sales_invoice_date 表中删除了 1 行数据（ID = 30722）
2025-12-17 19:23:39 - INFO - 从 sales_derivative_orders 表中删除了 1 行数据（ID = 30722）
2025-12-17 19:23:41 - INFO - 从 unsold_orders 表中删除了 1 行数据（ID = 31681）
2025-12-17 19:23:41 - INFO - 从 car_sales_invoice_date 表中删除了 1 行数据（ID = 31681）
2025-12-17 19:23:41 - INFO - 从 sales_derivative_orders 表中删除了 1 行数据（ID = 31681）
2025-12-17 19:23:43 - INFO - 从 unsold_orders 表中删除了 1 行数据（ID = 31238）
2025-12-17 19:23:44 - INFO - 从 unsold_orders 表中删除了 1 行数据（ID = 29059）
2025-12-17 19:23:44 - INFO - 从 unsold_orders 表中删除了 1 行数据（ID = 30603）
2025-12-17 19:23:47 - INFO - 从 car_sales_invoice_date 表中删除了 1 行数据（ID = 30275）
2025-12-17 19:23:51 - INFO - 从 unsold_orders 表中删除了 1 行数据（ID = 30127）
2025-12-17 19:23:51 - INFO - 从 unsold_orders 表中删除了 1 行数据（ID = 30034）
2025-12-17 19:23:57 - INFO - 从 unsold_orders 表中删除了 1 行数据（ID = 26939）
2025-12-17 19:24:06 - INFO - 从 unsold_orders 表中删除了 1 行数据（ID = 24549）
2025-12-17 19:24:06 - INFO - 从 car_sales_invoice_date 表中删除了 1 行数据（ID = 24549）
2025-12-17 19:24:06 - INFO - 从 sales_derivative_orders 表中删除了 1 行数据（ID = 24549）
2025-12-17 19:24:12 - INFO - 从 unsold_orders 表中删除了 1 行数据（ID = 28134）
2025-12-17 19:24:18 - INFO - 从 unsold_orders 表中删除了 1 行数据（ID = 26572）
2025-12-17 19:24:26 - INFO - 从 unsold_orders 表中删除了 1 行数据（ID = 12823）
2025-12-17 19:24:26 - INFO - 从 unsold_orders 表中删除了 1 行数据（ID = 23545）
2025-12-17 19:24:26 - INFO - 从 unsold_orders 表中删除了 1 行数据（ID = 23462）
2025-12-17 19:24:33 - INFO - 从 unsold_orders 表中删除了 1 行数据（ID = 2903）
2025-12-17 19:49:47 - INFO - 从 sales_derivative_orders 表中删除了 1 行数据（ID = 30722）
2025-12-17 19:49:47 - INFO - 从 sales_derivative_orders 表中删除了 1 行数据（ID = 30819）
2025-12-17 19:49:49 - INFO - 从 sales_derivative_orders 表中删除了 1 行数据（ID = 31222）
2025-12-17 19:49:49 - INFO - 从 sales_derivative_orders 表中删除了 1 行数据（ID = 30448）
2025-12-17 19:49:50 - INFO - 从 sales_derivative_orders 表中删除了 1 行数据（ID = 31626）
2025-12-17 19:49:51 - INFO - 从 sales_derivative_orders 表中删除了 1 行数据（ID = 31234）
2025-12-17 19:49:51 - INFO - 从 sales_derivative_orders 表中删除了 1 行数据（ID = 30929）
2025-12-17 19:49:52 - INFO - 从 unsold_orders 表中删除了 1 行数据（ID = 31681）
2025-12-17 19:49:52 - INFO - 从 sales_derivative_orders 表中删除了 1 行数据（ID = 31681）
2025-12-17 19:49:54 - INFO - 从 unsold_orders 表中删除了 1 行数据（ID = 31238）
2025-12-17 19:49:54 - INFO - 从 sales_derivative_orders 表中删除了 1 行数据（ID = 31238）
2025-12-17 19:49:55 - INFO - 从 unsold_orders 表中删除了 1 行数据（ID = 30603）
2025-12-17 19:49:55 - INFO - 从 sales_derivative_orders 表中删除了 1 行数据（ID = 30603）
2025-12-17 19:49:58 - INFO - 从 car_sales_invoice_date 表中删除了 1 行数据（ID = 30275）
2025-12-17 19:49:58 - INFO - 从 sales_derivative_orders 表中删除了 1 行数据（ID = 30275）
2025-12-17 19:50:01 - INFO - 从 car_sales_invoice_date 表中删除了 1 行数据（ID = 30731）
2025-12-17 19:50:01 - INFO - 从 sales_derivative_orders 表中删除了 1 行数据（ID = 30731）
2025-12-17 19:50:01 - INFO - 从 unsold_orders 表中删除了 1 行数据（ID = 30127）
2025-12-17 19:50:01 - INFO - 从 sales_derivative_orders 表中删除了 1 行数据（ID = 30127）
2025-12-17 19:50:01 - INFO - 从 unsold_orders 表中删除了 1 行数据（ID = 30034）
2025-12-17 19:50:01 - INFO - 从 sales_derivative_orders 表中删除了 1 行数据（ID = 30034）
2025-12-17 19:50:07 - INFO - 从 car_sales_invoice_date 表中删除了 1 行数据（ID = 30035）
2025-12-17 19:50:07 - INFO - 从 sales_derivative_orders 表中删除了 1 行数据（ID = 30035）
2025-12-17 19:50:08 - INFO - 从 car_sales_invoice_date 表中删除了 1 行数据（ID = 25088）
2025-12-17 19:50:09 - INFO - 从 car_sales_invoice_date 表中删除了 1 行数据（ID = 28892）
2025-12-17 19:50:13 - INFO - 从 car_sales_invoice_date 表中删除了 1 行数据（ID = 23013）
2025-12-17 19:50:25 - INFO - 从 car_sales_invoice_date 表中删除了 1 行数据（ID = 26861）
2025-12-17 19:50:26 - INFO - 从 car_sales_invoice_date 表中删除了 1 行数据（ID = 18633）
2025-12-17 19:53:26 - INFO - 从 car_sales_invoice_date 表中删除了 1 行数据（ID = 27761）
2025-12-17 19:53:26 - INFO - 从 sales_derivative_orders 表中删除了 1 行数据（ID = 27761）
2025-12-17 19:53:30 - INFO - 从 car_sales_invoice_date 表中删除了 1 行数据（ID = 30722）
2025-12-17 19:53:30 - INFO - 从 sales_derivative_orders 表中删除了 1 行数据（ID = 30722）
2025-12-17 19:53:32 - INFO - 从 unsold_orders 表中删除了 1 行数据（ID = 31681）
2025-12-17 19:53:32 - INFO - 从 car_sales_invoice_date 表中删除了 1 行数据（ID = 31681）
2025-12-17 19:53:32 - INFO - 从 sales_derivative_orders 表中删除了 1 行数据（ID = 31681）
2025-12-17 19:53:34 - INFO - 从 unsold_orders 表中删除了 1 行数据（ID = 31238）
2025-12-17 19:53:35 - INFO - 从 unsold_orders 表中删除了 1 行数据（ID = 29059）
2025-12-17 19:53:35 - INFO - 从 unsold_orders 表中删除了 1 行数据（ID = 30603）
2025-12-17 19:53:38 - INFO - 从 car_sales_invoice_date 表中删除了 1 行数据（ID = 30275）
2025-12-17 19:53:42 - INFO - 从 unsold_orders 表中删除了 1 行数据（ID = 30127）
2025-12-17 19:53:42 - INFO - 从 unsold_orders 表中删除了 1 行数据（ID = 30034）
2025-12-17 19:53:48 - INFO - 从 unsold_orders 表中删除了 1 行数据（ID = 26939）
2025-12-17 19:53:57 - INFO - 从 unsold_orders 表中删除了 1 行数据（ID = 24549）
2025-12-17 19:53:57 - INFO - 从 car_sales_invoice_date 表中删除了 1 行数据（ID = 24549）
2025-12-17 19:53:57 - INFO - 从 sales_derivative_orders 表中删除了 1 行数据（ID = 24549）
2025-12-17 19:54:02 - INFO - 从 unsold_orders 表中删除了 1 行数据（ID = 28134）
2025-12-17 19:54:07 - INFO - 从 unsold_orders 表中删除了 1 行数据（ID = 26572）
2025-12-17 19:54:14 - INFO - 从 unsold_orders 表中删除了 1 行数据（ID = 12823）
2025-12-17 19:54:15 - INFO - 从 unsold_orders 表中删除了 1 行数据（ID = 23545）
2025-12-17 19:54:15 - INFO - 从 unsold_orders 表中删除了 1 行数据（ID = 23462）
2025-12-17 19:54:21 - INFO - 从 unsold_orders 表中删除了 1 行数据（ID = 2903）
2025-12-17 20:23:38 - INFO - 从 car_sales_invoice_date 表中删除了 1 行数据（ID = 27761）
2025-12-17 20:23:38 - INFO - 从 sales_derivative_orders 表中删除了 1 行数据（ID = 27761）
2025-12-17 20:23:48 - INFO - 从 car_sales_invoice_date 表中删除了 1 行数据（ID = 30722）
2025-12-17 20:23:48 - INFO - 从 sales_derivative_orders 表中删除了 1 行数据（ID = 30722）
2025-12-17 20:23:50 - INFO - 从 unsold_orders 表中删除了 1 行数据（ID = 31681）
2025-12-17 20:23:50 - INFO - 从 car_sales_invoice_date 表中删除了 1 行数据（ID = 31681）
2025-12-17 20:23:50 - INFO - 从 sales_derivative_orders 表中删除了 1 行数据（ID = 31681）
2025-12-17 20:23:52 - INFO - 从 unsold_orders 表中删除了 1 行数据（ID = 31238）
2025-12-17 20:23:53 - INFO - 从 unsold_orders 表中删除了 1 行数据（ID = 29059）
2025-12-17 20:23:53 - INFO - 从 unsold_orders 表中删除了 1 行数据（ID = 30603）
2025-12-17 20:23:56 - INFO - 从 car_sales_invoice_date 表中删除了 1 行数据（ID = 30275）
2025-12-17 20:24:00 - INFO - 从 unsold_orders 表中删除了 1 行数据（ID = 30127）
2025-12-17 20:24:00 - INFO - 从 unsold_orders 表中删除了 1 行数据（ID = 30034）
2025-12-17 20:24:05 - INFO - 从 unsold_orders 表中删除了 1 行数据（ID = 26939）
2025-12-17 20:24:13 - INFO - 从 unsold_orders 表中删除了 1 行数据（ID = 24549）
2025-12-17 20:24:13 - INFO - 从 car_sales_invoice_date 表中删除了 1 行数据（ID = 24549）
2025-12-17 20:24:13 - INFO - 从 sales_derivative_orders 表中删除了 1 行数据（ID = 24549）
2025-12-17 20:24:19 - INFO - 从 unsold_orders 表中删除了 1 行数据（ID = 28134）
2025-12-17 20:24:23 - INFO - 从 unsold_orders 表中删除了 1 行数据（ID = 26572）
2025-12-17 20:24:30 - INFO - 从 unsold_orders 表中删除了 1 行数据（ID = 12823）
2025-12-17 20:24:31 - INFO - 从 unsold_orders 表中删除了 1 行数据（ID = 23545）
2025-12-17 20:24:31 - INFO - 从 unsold_orders 表中删除了 1 行数据（ID = 23462）
2025-12-17 20:24:37 - INFO - 从 unsold_orders 表中删除了 1 行数据（ID = 2903）
2025-12-17 20:53:26 - INFO - 从 car_sales_invoice_date 表中删除了 1 行数据（ID = 27761）
2025-12-17 20:53:26 - INFO - 从 sales_derivative_orders 表中删除了 1 行数据（ID = 27761）
2025-12-17 20:53:36 - INFO - 从 unsold_orders 表中删除了 1 行数据（ID = 31681）
2025-12-17 20:53:36 - INFO - 从 car_sales_invoice_date 表中删除了 1 行数据（ID = 31681）
2025-12-17 20:53:36 - INFO - 从 sales_derivative_orders 表中删除了 1 行数据（ID = 31681）
2025-12-17 20:53:37 - INFO - 从 unsold_orders 表中删除了 1 行数据（ID = 31238）
2025-12-17 20:53:39 - INFO - 从 unsold_orders 表中删除了 1 行数据（ID = 29059）
2025-12-17 20:53:39 - INFO - 从 unsold_orders 表中删除了 1 行数据（ID = 30603）
2025-12-17 20:53:42 - INFO - 从 car_sales_invoice_date 表中删除了 1 行数据（ID = 30275）
2025-12-17 20:53:46 - INFO - 从 unsold_orders 表中删除了 1 行数据（ID = 30127）
2025-12-17 20:53:46 - INFO - 从 unsold_orders 表中删除了 1 行数据（ID = 30034）
2025-12-17 20:53:52 - INFO - 从 unsold_orders 表中删除了 1 行数据（ID = 26939）
2025-12-17 20:54:02 - INFO - 从 unsold_orders 表中删除了 1 行数据（ID = 24549）
2025-12-17 20:54:02 - INFO - 从 car_sales_invoice_date 表中删除了 1 行数据（ID = 24549）
2025-12-17 20:54:02 - INFO - 从 sales_derivative_orders 表中删除了 1 行数据（ID = 24549）
2025-12-17 20:54:08 - INFO - 从 unsold_orders 表中删除了 1 行数据（ID = 28134）
2025-12-17 20:54:13 - INFO - 从 unsold_orders 表中删除了 1 行数据（ID = 26572）
2025-12-17 20:54:20 - INFO - 从 unsold_orders 表中删除了 1 行数据（ID = 12823）
2025-12-17 20:54:21 - INFO - 从 unsold_orders 表中删除了 1 行数据（ID = 23545）
2025-12-17 20:54:21 - INFO - 从 unsold_orders 表中删除了 1 行数据（ID = 23462）
2025-12-17 20:54:28 - INFO - 从 unsold_orders 表中删除了 1 行数据（ID = 2903）
2025-12-17 21:23:29 - INFO - 从 car_sales_invoice_date 表中删除了 1 行数据（ID = 27761）
2025-12-17 21:23:29 - INFO - 从 sales_derivative_orders 表中删除了 1 行数据（ID = 27761）
2025-12-17 21:23:37 - INFO - 从 unsold_orders 表中删除了 1 行数据（ID = 31681）
2025-12-17 21:23:37 - INFO - 从 car_sales_invoice_date 表中删除了 1 行数据（ID = 31681）
2025-12-17 21:23:37 - INFO - 从 sales_derivative_orders 表中删除了 1 行数据（ID = 31681）
2025-12-17 21:23:38 - INFO - 从 unsold_orders 表中删除了 1 行数据（ID = 31238）
2025-12-17 21:23:40 - INFO - 从 unsold_orders 表中删除了 1 行数据（ID = 29059）
2025-12-17 21:23:40 - INFO - 从 unsold_orders 表中删除了 1 行数据（ID = 30603）
2025-12-17 21:23:42 - INFO - 从 car_sales_invoice_date 表中删除了 1 行数据（ID = 30275）
2025-12-17 21:23:46 - INFO - 从 unsold_orders 表中删除了 1 行数据（ID = 30127）
2025-12-17 21:23:46 - INFO - 从 unsold_orders 表中删除了 1 行数据（ID = 30034）
2025-12-17 21:23:52 - INFO - 从 unsold_orders 表中删除了 1 行数据（ID = 26939）
2025-12-17 21:24:01 - INFO - 从 unsold_orders 表中删除了 1 行数据（ID = 24549）
2025-12-17 21:24:01 - INFO - 从 car_sales_invoice_date 表中删除了 1 行数据（ID = 24549）
2025-12-17 21:24:01 - INFO - 从 sales_derivative_orders 表中删除了 1 行数据（ID = 24549）
2025-12-17 21:24:07 - INFO - 从 unsold_orders 表中删除了 1 行数据（ID = 28134）
2025-12-17 21:24:11 - INFO - 从 unsold_orders 表中删除了 1 行数据（ID = 26572）
2025-12-17 21:24:19 - INFO - 从 unsold_orders 表中删除了 1 行数据（ID = 12823）
2025-12-17 21:24:19 - INFO - 从 unsold_orders 表中删除了 1 行数据（ID = 23545）
2025-12-17 21:24:19 - INFO - 从 unsold_orders 表中删除了 1 行数据（ID = 23462）
2025-12-17 21:24:26 - INFO - 从 unsold_orders 表中删除了 1 行数据（ID = 2903）
2025-12-17 21:49:49 - INFO - 从 sales_derivative_orders 表中删除了 1 行数据（ID = 30819）
2025-12-17 21:49:50 - INFO - 从 sales_derivative_orders 表中删除了 1 行数据（ID = 30448）
2025-12-17 21:49:51 - INFO - 从 sales_derivative_orders 表中删除了 1 行数据（ID = 31626）
2025-12-17 21:49:52 - INFO - 从 sales_derivative_orders 表中删除了 1 行数据（ID = 31234）
2025-12-17 21:49:52 - INFO - 从 sales_derivative_orders 表中删除了 1 行数据（ID = 30929）
2025-12-17 21:49:53 - INFO - 从 unsold_orders 表中删除了 1 行数据（ID = 31681）
2025-12-17 21:49:53 - INFO - 从 sales_derivative_orders 表中删除了 1 行数据（ID = 31681）
2025-12-17 21:49:55 - INFO - 从 unsold_orders 表中删除了 1 行数据（ID = 31238）
2025-12-17 21:49:55 - INFO - 从 sales_derivative_orders 表中删除了 1 行数据（ID = 31238）
2025-12-17 21:49:56 - INFO - 从 unsold_orders 表中删除了 1 行数据（ID = 30603）
2025-12-17 21:49:56 - INFO - 从 sales_derivative_orders 表中删除了 1 行数据（ID = 30603）
2025-12-17 21:49:59 - INFO - 从 car_sales_invoice_date 表中删除了 1 行数据（ID = 30275）
2025-12-17 21:49:59 - INFO - 从 sales_derivative_orders 表中删除了 1 行数据（ID = 30275）
2025-12-17 21:50:02 - INFO - 从 car_sales_invoice_date 表中删除了 1 行数据（ID = 30731）
2025-12-17 21:50:02 - INFO - 从 sales_derivative_orders 表中删除了 1 行数据（ID = 30731）
2025-12-17 21:50:03 - INFO - 从 unsold_orders 表中删除了 1 行数据（ID = 30127）
2025-12-17 21:50:03 - INFO - 从 sales_derivative_orders 表中删除了 1 行数据（ID = 30127）
2025-12-17 21:50:03 - INFO - 从 unsold_orders 表中删除了 1 行数据（ID = 30034）
2025-12-17 21:50:03 - INFO - 从 sales_derivative_orders 表中删除了 1 行数据（ID = 30034）
2025-12-17 21:50:08 - INFO - 从 car_sales_invoice_date 表中删除了 1 行数据（ID = 30035）
2025-12-17 21:50:08 - INFO - 从 sales_derivative_orders 表中删除了 1 行数据（ID = 30035）
2025-12-17 21:50:10 - INFO - 从 car_sales_invoice_date 表中删除了 1 行数据（ID = 25088）
2025-12-17 21:50:10 - INFO - 从 car_sales_invoice_date 表中删除了 1 行数据（ID = 28892）
2025-12-17 21:50:15 - INFO - 从 car_sales_invoice_date 表中删除了 1 行数据（ID = 23013）
2025-12-17 21:50:26 - INFO - 从 car_sales_invoice_date 表中删除了 1 行数据（ID = 26861）
2025-12-17 21:50:27 - INFO - 从 car_sales_invoice_date 表中删除了 1 行数据（ID = 18633）
2025-12-17 21:53:25 - INFO - 从 car_sales_invoice_date 表中删除了 1 行数据（ID = 27761）
2025-12-17 21:53:25 - INFO - 从 sales_derivative_orders 表中删除了 1 行数据（ID = 27761）
2025-12-17 21:53:32 - INFO - 从 unsold_orders 表中删除了 1 行数据（ID = 31681）
2025-12-17 21:53:32 - INFO - 从 car_sales_invoice_date 表中删除了 1 行数据（ID = 31681）
2025-12-17 21:53:32 - INFO - 从 sales_derivative_orders 表中删除了 1 行数据（ID = 31681）
2025-12-17 21:53:34 - INFO - 从 unsold_orders 表中删除了 1 行数据（ID = 31238）
2025-12-17 21:53:35 - INFO - 从 unsold_orders 表中删除了 1 行数据（ID = 29059）
2025-12-17 21:53:35 - INFO - 从 unsold_orders 表中删除了 1 行数据（ID = 30603）
2025-12-17 21:53:39 - INFO - 从 car_sales_invoice_date 表中删除了 1 行数据（ID = 30275）
2025-12-17 21:53:43 - INFO - 从 unsold_orders 表中删除了 1 行数据（ID = 30127）
2025-12-17 21:53:43 - INFO - 从 unsold_orders 表中删除了 1 行数据（ID = 30034）
2025-12-17 21:53:49 - INFO - 从 unsold_orders 表中删除了 1 行数据（ID = 26939）
2025-12-17 21:53:58 - INFO - 从 unsold_orders 表中删除了 1 行数据（ID = 24549）
2025-12-17 21:53:58 - INFO - 从 car_sales_invoice_date 表中删除了 1 行数据（ID = 24549）
2025-12-17 21:53:58 - INFO - 从 sales_derivative_orders 表中删除了 1 行数据（ID = 24549）
2025-12-17 21:54:04 - INFO - 从 unsold_orders 表中删除了 1 行数据（ID = 28134）
2025-12-17 21:54:09 - INFO - 从 unsold_orders 表中删除了 1 行数据（ID = 26572）
2025-12-17 21:54:16 - INFO - 从 unsold_orders 表中删除了 1 行数据（ID = 12823）
2025-12-17 21:54:17 - INFO - 从 unsold_orders 表中删除了 1 行数据（ID = 23545）
2025-12-17 21:54:17 - INFO - 从 unsold_orders 表中删除了 1 行数据（ID = 23462）
2025-12-17 21:54:23 - INFO - 从 unsold_orders 表中删除了 1 行数据（ID = 2903）
2025-12-17 22:23:27 - INFO - 从 car_sales_invoice_date 表中删除了 1 行数据（ID = 27761）
2025-12-17 22:23:27 - INFO - 从 sales_derivative_orders 表中删除了 1 行数据（ID = 27761）
2025-12-17 22:23:39 - INFO - 从 unsold_orders 表中删除了 1 行数据（ID = 31681）
2025-12-17 22:23:39 - INFO - 从 car_sales_invoice_date 表中删除了 1 行数据（ID = 31681）
2025-12-17 22:23:39 - INFO - 从 sales_derivative_orders 表中删除了 1 行数据（ID = 31681）
2025-12-17 22:23:41 - INFO - 从 unsold_orders 表中删除了 1 行数据（ID = 31238）
2025-12-17 22:23:42 - INFO - 从 unsold_orders 表中删除了 1 行数据（ID = 29059）
2025-12-17 22:23:42 - INFO - 从 unsold_orders 表中删除了 1 行数据（ID = 30603）
2025-12-17 22:23:44 - INFO - 从 car_sales_invoice_date 表中删除了 1 行数据（ID = 30275）
2025-12-17 22:23:48 - INFO - 从 unsold_orders 表中删除了 1 行数据（ID = 30127）
2025-12-17 22:23:48 - INFO - 从 unsold_orders 表中删除了 1 行数据（ID = 30034）
2025-12-17 22:23:54 - INFO - 从 unsold_orders 表中删除了 1 行数据（ID = 26939）
2025-12-17 22:24:01 - INFO - 从 unsold_orders 表中删除了 1 行数据（ID = 24549）
2025-12-17 22:24:01 - INFO - 从 car_sales_invoice_date 表中删除了 1 行数据（ID = 24549）
2025-12-17 22:24:01 - INFO - 从 sales_derivative_orders 表中删除了 1 行数据（ID = 24549）
2025-12-17 22:24:07 - INFO - 从 unsold_orders 表中删除了 1 行数据（ID = 28134）
2025-12-17 22:24:11 - INFO - 从 unsold_orders 表中删除了 1 行数据（ID = 26572）
2025-12-17 22:24:19 - INFO - 从 unsold_orders 表中删除了 1 行数据（ID = 12823）
2025-12-17 22:24:19 - INFO - 从 unsold_orders 表中删除了 1 行数据（ID = 23545）
2025-12-17 22:24:19 - INFO - 从 unsold_orders 表中删除了 1 行数据（ID = 23462）
2025-12-17 22:24:26 - INFO - 从 unsold_orders 表中删除了 1 行数据（ID = 2903）
2025-12-17 22:53:25 - INFO - 从 car_sales_invoice_date 表中删除了 1 行数据（ID = 27761）
2025-12-17 22:53:25 - INFO - 从 sales_derivative_orders 表中删除了 1 行数据（ID = 27761）
2025-12-17 22:53:33 - INFO - 从 unsold_orders 表中删除了 1 行数据（ID = 31681）
2025-12-17 22:53:33 - INFO - 从 car_sales_invoice_date 表中删除了 1 行数据（ID = 31681）
2025-12-17 22:53:33 - INFO - 从 sales_derivative_orders 表中删除了 1 行数据（ID = 31681）
2025-12-17 22:53:35 - INFO - 从 unsold_orders 表中删除了 1 行数据（ID = 31238）
2025-12-17 22:53:36 - INFO - 从 unsold_orders 表中删除了 1 行数据（ID = 29059）
2025-12-17 22:53:36 - INFO - 从 unsold_orders 表中删除了 1 行数据（ID = 30603）
2025-12-17 22:53:39 - INFO - 从 car_sales_invoice_date 表中删除了 1 行数据（ID = 30275）
2025-12-17 22:53:43 - INFO - 从 unsold_orders 表中删除了 1 行数据（ID = 30127）
2025-12-17 22:53:43 - INFO - 从 unsold_orders 表中删除了 1 行数据（ID = 30034）
2025-12-17 22:53:49 - INFO - 从 unsold_orders 表中删除了 1 行数据（ID = 26939）
2025-12-17 22:53:58 - INFO - 从 unsold_orders 表中删除了 1 行数据（ID = 24549）
2025-12-17 22:53:58 - INFO - 从 car_sales_invoice_date 表中删除了 1 行数据（ID = 24549）
2025-12-17 22:53:58 - INFO - 从 sales_derivative_orders 表中删除了 1 行数据（ID = 24549）
2025-12-17 22:54:04 - INFO - 从 unsold_orders 表中删除了 1 行数据（ID = 28134）
2025-12-17 22:54:09 - INFO - 从 unsold_orders 表中删除了 1 行数据（ID = 26572）
2025-12-17 22:54:16 - INFO - 从 unsold_orders 表中删除了 1 行数据（ID = 12823）
2025-12-17 22:54:17 - INFO - 从 unsold_orders 表中删除了 1 行数据（ID = 23545）
2025-12-17 22:54:17 - INFO - 从 unsold_orders 表中删除了 1 行数据（ID = 23462）
2025-12-17 22:54:23 - INFO - 从 unsold_orders 表中删除了 1 行数据（ID = 2903）
2025-12-17 23:23:31 - INFO - 从 car_sales_invoice_date 表中删除了 1 行数据（ID = 27761）
2025-12-17 23:23:31 - INFO - 从 sales_derivative_orders 表中删除了 1 行数据（ID = 27761）
2025-12-17 23:23:43 - INFO - 从 unsold_orders 表中删除了 1 行数据（ID = 31681）
2025-12-17 23:23:43 - INFO - 从 car_sales_invoice_date 表中删除了 1 行数据（ID = 31681）
2025-12-17 23:23:43 - INFO - 从 sales_derivative_orders 表中删除了 1 行数据（ID = 31681）
2025-12-17 23:23:45 - INFO - 从 unsold_orders 表中删除了 1 行数据（ID = 31238）
2025-12-17 23:23:46 - INFO - 从 unsold_orders 表中删除了 1 行数据（ID = 29059）
2025-12-17 23:23:46 - INFO - 从 unsold_orders 表中删除了 1 行数据（ID = 30603）
2025-12-17 23:23:49 - INFO - 从 car_sales_invoice_date 表中删除了 1 行数据（ID = 30275）
2025-12-17 23:23:52 - INFO - 从 unsold_orders 表中删除了 1 行数据（ID = 30127）
2025-12-17 23:23:52 - INFO - 从 unsold_orders 表中删除了 1 行数据（ID = 30034）
2025-12-17 23:23:57 - INFO - 从 unsold_orders 表中删除了 1 行数据（ID = 26939）
2025-12-17 23:24:05 - INFO - 从 unsold_orders 表中删除了 1 行数据（ID = 24549）
2025-12-17 23:24:05 - INFO - 从 car_sales_invoice_date 表中删除了 1 行数据（ID = 24549）
2025-12-17 23:24:05 - INFO - 从 sales_derivative_orders 表中删除了 1 行数据（ID = 24549）
2025-12-17 23:24:10 - INFO - 从 unsold_orders 表中删除了 1 行数据（ID = 28134）
2025-12-17 23:24:15 - INFO - 从 unsold_orders 表中删除了 1 行数据（ID = 26572）
2025-12-17 23:24:22 - INFO - 从 unsold_orders 表中删除了 1 行数据（ID = 12823）
2025-12-17 23:24:23 - INFO - 从 unsold_orders 表中删除了 1 行数据（ID = 23545）
2025-12-17 23:24:23 - INFO - 从 unsold_orders 表中删除了 1 行数据（ID = 23462）
2025-12-17 23:24:29 - INFO - 从 unsold_orders 表中删除了 1 行数据（ID = 2903）
2025-12-17 23:53:26 - INFO - 从 car_sales_invoice_date 表中删除了 1 行数据（ID = 27761）
2025-12-17 23:53:26 - INFO - 从 sales_derivative_orders 表中删除了 1 行数据（ID = 27761）
2025-12-17 23:53:34 - INFO - 从 unsold_orders 表中删除了 1 行数据（ID = 31681）
2025-12-17 23:53:34 - INFO - 从 car_sales_invoice_date 表中删除了 1 行数据（ID = 31681）
2025-12-17 23:53:34 - INFO - 从 sales_derivative_orders 表中删除了 1 行数据（ID = 31681）
2025-12-17 23:53:36 - INFO - 从 unsold_orders 表中删除了 1 行数据（ID = 31238）
2025-12-17 23:53:37 - INFO - 从 unsold_orders 表中删除了 1 行数据（ID = 29059）
2025-12-17 23:53:37 - INFO - 从 unsold_orders 表中删除了 1 行数据（ID = 30603）
2025-12-17 23:53:40 - INFO - 从 car_sales_invoice_date 表中删除了 1 行数据（ID = 30275）
2025-12-17 23:53:44 - INFO - 从 unsold_orders 表中删除了 1 行数据（ID = 30127）
2025-12-17 23:53:44 - INFO - 从 unsold_orders 表中删除了 1 行数据（ID = 30034）
2025-12-17 23:53:50 - INFO - 从 unsold_orders 表中删除了 1 行数据（ID = 26939）
2025-12-17 23:53:58 - INFO - 从 unsold_orders 表中删除了 1 行数据（ID = 24549）
2025-12-17 23:53:58 - INFO - 从 car_sales_invoice_date 表中删除了 1 行数据（ID = 24549）
2025-12-17 23:53:58 - INFO - 从 sales_derivative_orders 表中删除了 1 行数据（ID = 24549）
2025-12-17 23:54:03 - INFO - 从 unsold_orders 表中删除了 1 行数据（ID = 28134）
2025-12-17 23:54:08 - INFO - 从 unsold_orders 表中删除了 1 行数据（ID = 26572）
2025-12-17 23:54:15 - INFO - 从 unsold_orders 表中删除了 1 行数据（ID = 12823）
2025-12-17 23:54:16 - INFO - 从 unsold_orders 表中删除了 1 行数据（ID = 23545）
2025-12-17 23:54:16 - INFO - 从 unsold_orders 表中删除了 1 行数据（ID = 23462）
2025-12-17 23:54:22 - INFO - 从 unsold_orders 表中删除了 1 行数据（ID = 2903）
