2025-12-16 14:00:16 - INFO - 从 package_sales 表中删除了 1 行数据（SaleId = 16027）
2025-12-16 14:00:16 - INFO - 从 car_sales_invoice_date 表中删除了 1 行数据（ID = 31420）
2025-12-16 14:00:16 - INFO - 从 sales_derivative_orders 表中删除了 1 行数据（ID = 31420）
2025-12-16 14:00:16 - INFO - 从 car_sales_invoice_date 表中删除了 1 行数据（ID = 31463）
2025-12-16 14:00:16 - INFO - 从 sales_derivative_orders 表中删除了 1 行数据（ID = 31463）
2025-12-16 14:00:16 - INFO - 从 car_sales_invoice_date 表中删除了 1 行数据（ID = 30527）
2025-12-16 14:00:16 - INFO - 从 sales_derivative_orders 表中删除了 1 行数据（ID = 30527）
2025-12-16 14:00:16 - INFO - 从 car_sales_invoice_date 表中删除了 1 行数据（ID = 31050）
2025-12-16 14:00:16 - INFO - 从 sales_derivative_orders 表中删除了 1 行数据（ID = 31050）
2025-12-16 14:00:16 - INFO - 从 car_sales_invoice_date 表中删除了 1 行数据（ID = 30723）
2025-12-16 14:00:16 - INFO - 从 sales_derivative_orders 表中删除了 1 行数据（ID = 30723）
2025-12-16 14:00:16 - INFO - 从 car_sales_invoice_date 表中删除了 1 行数据（ID = 31293）
2025-12-16 14:00:16 - INFO - 从 sales_derivative_orders 表中删除了 1 行数据（ID = 31293）
2025-12-16 14:00:16 - INFO - 从 sales_derivative_orders 表中删除了 1 行数据（ID = 30943）
2025-12-16 14:00:16 - INFO - 从 sales_derivative_orders 表中删除了 1 行数据（ID = 30702）
2025-12-16 14:00:16 - INFO - 从 sales_derivative_orders 表中删除了 1 行数据（ID = 31401）
2025-12-16 14:00:16 - INFO - 从 car_sales_invoice_date 表中删除了 1 行数据（ID = 29974）
2025-12-16 14:00:16 - INFO - 从 sales_derivative_orders 表中删除了 1 行数据（ID = 29974）
2025-12-16 14:00:16 - INFO - 从 invoice_maintenance 表中删除了 1 行数据（ID = 92051）
2025-12-16 14:00:16 - INFO - 从 car_sales_invoice_date 表中删除了 1 行数据（ID = 29769）
2025-12-16 14:00:16 - INFO - 从 sales_derivative_orders 表中删除了 1 行数据（ID = 29769）
2025-12-16 14:00:16 - INFO - 从 car_sales_invoice_date 表中删除了 1 行数据（ID = 27337）
2025-12-16 14:00:16 - INFO - 从 sales_derivative_orders 表中删除了 1 行数据（ID = 27337）
2025-12-16 14:00:16 - INFO - 从 car_sales_invoice_date 表中删除了 1 行数据（ID = 28380）
2025-12-16 14:00:16 - INFO - 从 sales_derivative_orders 表中删除了 1 行数据（ID = 28380）
2025-12-16 14:00:16 - INFO - 从 sales_derivative_orders 表中删除了 1 行数据（ID = 31124）
2025-12-16 14:00:16 - INFO - 从 car_sales_invoice_date 表中删除了 1 行数据（ID = 30927）
2025-12-16 14:00:16 - INFO - 从 sales_derivative_orders 表中删除了 1 行数据（ID = 30927）
2025-12-16 14:00:16 - INFO - 从 sales_derivative_orders 表中删除了 1 行数据（ID = 31660）
2025-12-16 14:00:16 - INFO - 从 car_sales_invoice_date 表中删除了 1 行数据（ID = 29158）
2025-12-16 14:00:16 - INFO - 从 sales_derivative_orders 表中删除了 1 行数据（ID = 29158）
2025-12-16 14:00:16 - INFO - 从 car_sales_invoice_date 表中删除了 1 行数据（ID = 29196）
2025-12-16 14:00:16 - INFO - 从 sales_derivative_orders 表中删除了 1 行数据（ID = 29196）
2025-12-16 14:00:16 - INFO - 从 sales_derivative_orders 表中删除了 1 行数据（ID = 30312）
2025-12-16 14:00:16 - INFO - 从 sales_derivative_orders 表中删除了 1 行数据（ID = 27613）
2025-12-16 14:00:16 - INFO - 从 sales_derivative_orders 表中删除了 1 行数据（ID = 27009）
2025-12-16 14:00:16 - INFO - 从 sales_derivative_orders 表中删除了 1 行数据（ID = 15348）
2025-12-16 14:00:16 - INFO - 从 sales_derivative_orders 表中删除了 1 行数据（ID = 31376）
2025-12-16 14:00:16 - INFO - 从 invoice_maintenance 表中删除了 1 行数据（ID = 91656）
2025-12-16 14:00:16 - ERROR - 删除操作失败: (1292, "Truncated incorrect DOUBLE value: '133006,133007,133008'")
2025-12-16 14:00:16 - INFO - 从 sales_derivative_orders 表中删除了 1 行数据（ID = 30579）
2025-12-16 14:00:16 - INFO - 从 sales_derivative_orders 表中删除了 1 行数据（ID = 30907）
2025-12-16 14:00:16 - INFO - 从 sales_derivative_orders 表中删除了 1 行数据（ID = 31680）
2025-12-16 14:00:16 - INFO - 从 sales_derivative_orders 表中删除了 1 行数据（ID = 31679）
2025-12-16 14:00:16 - INFO - 从 sales_derivative_orders 表中删除了 1 行数据（ID = 30735）
2025-12-16 14:00:16 - INFO - 从 sales_derivative_orders 表中删除了 1 行数据（ID = 30982）
2025-12-16 14:00:16 - INFO - 从 car_sales_invoice_date 表中删除了 1 行数据（ID = 30839）
2025-12-16 14:00:16 - INFO - 从 sales_derivative_orders 表中删除了 1 行数据（ID = 30839）
2025-12-16 14:00:16 - INFO - 从 car_sales_invoice_date 表中删除了 1 行数据（ID = 25259）
2025-12-16 14:00:16 - INFO - 从 sales_derivative_orders 表中删除了 1 行数据（ID = 25259）
2025-12-16 14:00:16 - INFO - 从 unsold_orders 表中删除了 1 行数据（ID = 31681）
2025-12-16 14:00:16 - INFO - 从 car_sales_invoice_date 表中删除了 1 行数据（ID = 31681）
2025-12-16 14:00:16 - INFO - 从 sales_derivative_orders 表中删除了 1 行数据（ID = 31681）
2025-12-16 14:00:16 - ERROR - 删除操作失败: (1292, "Truncated incorrect DOUBLE value: '31682,31683,31684,31685,31686'")
2025-12-16 14:00:16 - ERROR - 删除操作失败: (1292, "Truncated incorrect DOUBLE value: '31682,31683,31684,31685,31686'")
2025-12-16 14:00:16 - ERROR - 删除操作失败: (1292, "Truncated incorrect DOUBLE value: '31682,31683,31684,31685,31686'")
2025-12-16 14:00:16 - INFO - 从 sales_derivative_orders 表中删除了 1 行数据（ID = 30358）
2025-12-16 14:00:16 - INFO - 从 sales_derivative_orders 表中删除了 1 行数据（ID = 26342）
2025-12-16 14:00:16 - INFO - 从 sales_derivative_orders 表中删除了 1 行数据（ID = 30751）
2025-12-16 14:00:16 - ERROR - 删除操作失败: (1292, "Truncated incorrect DOUBLE value: '131501,131502'")
2025-12-16 14:00:18 - INFO - 从 decoration_orders 表中删除了 1 行数据（OutId = 129750）
2025-12-16 14:00:18 - INFO - 从 car_sales_invoice_date 表中删除了 1 行数据（ID = 29379）
2025-12-16 14:00:18 - INFO - 从 sales_derivative_orders 表中删除了 1 行数据（ID = 29379）
2025-12-16 14:00:18 - INFO - 从 car_sales_invoice_date 表中删除了 1 行数据（ID = 29381）
2025-12-16 14:00:18 - INFO - 从 sales_derivative_orders 表中删除了 1 行数据（ID = 29381）
2025-12-16 14:00:18 - INFO - 从 car_sales_invoice_date 表中删除了 1 行数据（ID = 30001）
2025-12-16 14:00:18 - INFO - 从 sales_derivative_orders 表中删除了 1 行数据（ID = 30001）
2025-12-16 14:00:18 - INFO - 从 car_sales_invoice_date 表中删除了 1 行数据（ID = 27361）
2025-12-16 14:00:18 - INFO - 从 sales_derivative_orders 表中删除了 1 行数据（ID = 27361）
2025-12-16 14:00:18 - INFO - 从 sales_derivative_orders 表中删除了 1 行数据（ID = 31487）
2025-12-16 14:00:18 - INFO - 从 sales_derivative_orders 表中删除了 1 行数据（ID = 31174）
2025-12-16 14:00:18 - INFO - 从 sales_derivative_orders 表中删除了 1 行数据（ID = 31378）
2025-12-16 14:00:18 - INFO - 从 sales_derivative_orders 表中删除了 1 行数据（ID = 25002）
2025-12-16 14:00:18 - INFO - 从 sales_derivative_orders 表中删除了 1 行数据（ID = 29725）
2025-12-16 14:00:18 - INFO - 从 sales_derivative_orders 表中删除了 1 行数据（ID = 31504）
2025-12-16 14:00:18 - INFO - 从 invoice_maintenance 表中删除了 1 行数据（ID = 91435）
2025-12-16 14:00:18 - INFO - 从 sales_derivative_orders 表中删除了 1 行数据（ID = 30798）
2025-12-16 14:00:18 - INFO - 从 sales_derivative_orders 表中删除了 1 行数据（ID = 30977）
2025-12-16 14:00:18 - INFO - 从 sales_derivative_orders 表中删除了 1 行数据（ID = 31116）
2025-12-16 14:00:18 - INFO - 从 sales_derivative_orders 表中删除了 1 行数据（ID = 16898）
2025-12-16 14:00:18 - INFO - 从 sales_derivative_orders 表中删除了 1 行数据（ID = 31149）
2025-12-16 14:00:18 - INFO - 从 sales_derivative_orders 表中删除了 1 行数据（ID = 31571）
2025-12-16 14:00:18 - INFO - 从 sales_derivative_orders 表中删除了 1 行数据（ID = 27947）
2025-12-16 14:00:18 - INFO - 从 sales_derivative_orders 表中删除了 1 行数据（ID = 24939）
2025-12-16 14:00:18 - INFO - 从 sales_derivative_orders 表中删除了 1 行数据（ID = 30236）
2025-12-16 14:00:18 - INFO - 从 sales_derivative_orders 表中删除了 1 行数据（ID = 30963）
2025-12-16 14:00:18 - INFO - 从 sales_derivative_orders 表中删除了 1 行数据（ID = 27981）
2025-12-16 14:00:18 - INFO - 从 sales_derivative_orders 表中删除了 1 行数据（ID = 29637）
2025-12-16 14:00:18 - INFO - 从 sales_derivative_orders 表中删除了 1 行数据（ID = 29338）
2025-12-16 14:00:18 - INFO - 从 sales_derivative_orders 表中删除了 1 行数据（ID = 30585）
2025-12-16 14:00:18 - ERROR - 删除操作失败: (1292, "Truncated incorrect DOUBLE value: '132510,132511'")
2025-12-16 14:00:18 - INFO - 从 sales_derivative_orders 表中删除了 1 行数据（ID = 29194）
2025-12-16 14:00:18 - INFO - 从 unsold_orders 表中删除了 1 行数据（ID = 31238）
2025-12-16 14:00:18 - INFO - 从 car_sales_invoice_date 表中删除了 1 行数据（ID = 31238）
2025-12-16 14:00:18 - INFO - 从 sales_derivative_orders 表中删除了 1 行数据（ID = 31238）
2025-12-16 14:00:18 - INFO - 从 sales_derivative_orders 表中删除了 1 行数据（ID = 31264）
2025-12-16 14:00:18 - INFO - 从 car_sales_invoice_date 表中删除了 1 行数据（ID = 30370）
2025-12-16 14:00:18 - INFO - 从 sales_derivative_orders 表中删除了 1 行数据（ID = 30370）
2025-12-16 14:00:18 - INFO - 从 sales_derivative_orders 表中删除了 1 行数据（ID = 29131）
2025-12-16 14:00:18 - ERROR - 删除操作失败: (1292, "Truncated incorrect DOUBLE value: '132265,132266'")
2025-12-16 14:00:18 - ERROR - 删除操作失败: (1292, "Truncated incorrect DOUBLE value: '132261,132262,132263'")
2025-12-16 14:00:18 - INFO - 从 invoice_maintenance 表中删除了 1 行数据（ID = 86301）
2025-12-16 14:00:19 - INFO - 从 decoration_orders 表中删除了 1 行数据（OutId = 132090）
2025-12-16 14:00:19 - INFO - 从 sales_derivative_orders 表中删除了 1 行数据（ID = 29898）
2025-12-16 14:00:19 - INFO - 从 sales_derivative_orders 表中删除了 1 行数据（ID = 29005）
2025-12-16 14:00:19 - INFO - 从 sales_derivative_orders 表中删除了 1 行数据（ID = 26177）
2025-12-16 14:00:19 - INFO - 从 sales_derivative_orders 表中删除了 1 行数据（ID = 30095）
2025-12-16 14:00:19 - INFO - 从 sales_derivative_orders 表中删除了 1 行数据（ID = 31252）
2025-12-16 14:00:19 - INFO - 从 car_sales_invoice_date 表中删除了 1 行数据（ID = 30871）
2025-12-16 14:00:19 - INFO - 从 sales_derivative_orders 表中删除了 1 行数据（ID = 30871）
2025-12-16 14:00:19 - INFO - 从 unsold_orders 表中删除了 1 行数据（ID = 30694）
2025-12-16 14:00:19 - INFO - 从 car_sales_invoice_date 表中删除了 1 行数据（ID = 30694）
2025-12-16 14:00:19 - INFO - 从 sales_derivative_orders 表中删除了 1 行数据（ID = 30694）
2025-12-16 14:00:19 - INFO - 从 sales_derivative_orders 表中删除了 1 行数据（ID = 28850）
2025-12-16 14:00:19 - INFO - 从 sales_derivative_orders 表中删除了 1 行数据（ID = 31251）
2025-12-16 14:00:19 - INFO - 从 sales_derivative_orders 表中删除了 1 行数据（ID = 31239）
2025-12-16 14:00:19 - INFO - 从 sales_derivative_orders 表中删除了 1 行数据（ID = 30510）
2025-12-16 14:00:19 - INFO - 从 sales_derivative_orders 表中删除了 1 行数据（ID = 29797）
2025-12-16 14:00:19 - INFO - 从 sales_derivative_orders 表中删除了 1 行数据（ID = 24322）
2025-12-16 14:00:19 - INFO - 从 sales_derivative_orders 表中删除了 1 行数据（ID = 29040）
2025-12-16 14:00:19 - INFO - 从 sales_derivative_orders 表中删除了 1 行数据（ID = 25149）
2025-12-16 14:00:19 - INFO - 从 sales_derivative_orders 表中删除了 1 行数据（ID = 21225）
2025-12-16 14:00:19 - INFO - 从 sales_derivative_orders 表中删除了 1 行数据（ID = 28229）
2025-12-16 14:00:19 - INFO - 从 sales_derivative_orders 表中删除了 1 行数据（ID = 25762）
2025-12-16 14:00:19 - INFO - 从 sales_derivative_orders 表中删除了 1 行数据（ID = 29137）
2025-12-16 14:00:19 - INFO - 从 sales_derivative_orders 表中删除了 1 行数据（ID = 29025）
2025-12-16 14:00:19 - INFO - 从 sales_derivative_orders 表中删除了 1 行数据（ID = 21104）
2025-12-16 14:00:19 - INFO - 从 sales_derivative_orders 表中删除了 1 行数据（ID = 28467）
2025-12-16 14:00:19 - INFO - 从 sales_derivative_orders 表中删除了 1 行数据（ID = 4333）
2025-12-16 14:00:19 - INFO - 从 sales_derivative_orders 表中删除了 1 行数据（ID = 30260）
2025-12-16 14:00:19 - INFO - 从 sales_derivative_orders 表中删除了 1 行数据（ID = 30815）
2025-12-16 14:00:19 - INFO - 从 car_sales_invoice_date 表中删除了 1 行数据（ID = 30686）
2025-12-16 14:00:19 - INFO - 从 sales_derivative_orders 表中删除了 1 行数据（ID = 30686）
2025-12-16 14:00:19 - INFO - 从 sales_derivative_orders 表中删除了 1 行数据（ID = 29429）
2025-12-16 14:00:19 - INFO - 从 sales_derivative_orders 表中删除了 1 行数据（ID = 28492）
2025-12-16 14:00:19 - INFO - 从 sales_derivative_orders 表中删除了 1 行数据（ID = 26700）
2025-12-16 14:00:19 - INFO - 从 sales_derivative_orders 表中删除了 1 行数据（ID = 30960）
2025-12-16 14:00:19 - INFO - 从 sales_derivative_orders 表中删除了 1 行数据（ID = 30591）
2025-12-16 14:00:19 - INFO - 从 sales_derivative_orders 表中删除了 1 行数据（ID = 30103）
2025-12-16 14:00:19 - INFO - 从 sales_derivative_orders 表中删除了 1 行数据（ID = 25083）
2025-12-16 14:00:19 - INFO - 从 sales_derivative_orders 表中删除了 1 行数据（ID = 1092）
2025-12-16 14:00:19 - INFO - 从 sales_derivative_orders 表中删除了 1 行数据（ID = 22267）
2025-12-16 14:00:19 - INFO - 从 sales_derivative_orders 表中删除了 1 行数据（ID = 26669）
2025-12-16 14:00:19 - INFO - 从 sales_derivative_orders 表中删除了 1 行数据（ID = 20167）
2025-12-16 14:00:19 - INFO - 从 sales_derivative_orders 表中删除了 1 行数据（ID = 28398）
2025-12-16 14:00:19 - INFO - 从 invoice_maintenance 表中删除了 1 行数据（ID = 89860）
2025-12-16 14:00:19 - INFO - 从 sales_derivative_orders 表中删除了 1 行数据（ID = 26842）
2025-12-16 14:00:19 - INFO - 从 sales_derivative_orders 表中删除了 1 行数据（ID = 28245）
2025-12-16 14:00:19 - INFO - 从 sales_derivative_orders 表中删除了 1 行数据（ID = 8317）
2025-12-16 14:00:19 - INFO - 从 sales_derivative_orders 表中删除了 1 行数据（ID = 19049）
2025-12-16 14:00:19 - INFO - 从 unsold_orders 表中删除了 1 行数据（ID = 29059）
2025-12-16 14:00:19 - INFO - 从 car_sales_invoice_date 表中删除了 1 行数据（ID = 29059）
2025-12-16 14:00:19 - INFO - 从 sales_derivative_orders 表中删除了 1 行数据（ID = 29059）
2025-12-16 14:00:19 - INFO - 从 unsold_orders 表中删除了 1 行数据（ID = 30603）
2025-12-16 14:00:19 - INFO - 从 car_sales_invoice_date 表中删除了 1 行数据（ID = 30603）
2025-12-16 14:00:19 - INFO - 从 sales_derivative_orders 表中删除了 1 行数据（ID = 30603）
2025-12-16 14:00:19 - INFO - 从 sales_derivative_orders 表中删除了 1 行数据（ID = 27768）
2025-12-16 14:00:19 - INFO - 从 sales_derivative_orders 表中删除了 1 行数据（ID = 30818）
2025-12-16 14:00:19 - INFO - 从 sales_derivative_orders 表中删除了 1 行数据（ID = 27387）
2025-12-16 14:00:19 - INFO - 从 sales_derivative_orders 表中删除了 1 行数据（ID = 30179）
2025-12-16 14:00:19 - INFO - 从 sales_derivative_orders 表中删除了 1 行数据（ID = 27582）
2025-12-16 14:00:19 - INFO - 从 car_sales_invoice_date 表中删除了 1 行数据（ID = 28844）
2025-12-16 14:00:19 - INFO - 从 sales_derivative_orders 表中删除了 1 行数据（ID = 28844）
2025-12-16 14:00:20 - INFO - 从 sales_derivative_orders 表中删除了 1 行数据（ID = 30992）
2025-12-16 14:00:20 - ERROR - 删除操作失败: (1292, "Truncated incorrect DOUBLE value: '130842,130843,130844'")
2025-12-16 14:00:20 - INFO - 从 sales_derivative_orders 表中删除了 1 行数据（ID = 30228）
2025-12-16 14:00:20 - INFO - 从 invoice_maintenance 表中删除了 1 行数据（ID = 86510）
2025-12-16 14:00:20 - INFO - 从 car_sales_invoice_date 表中删除了 1 行数据（ID = 30825）
2025-12-16 14:00:20 - INFO - 从 sales_derivative_orders 表中删除了 1 行数据（ID = 30825）
2025-12-16 14:00:20 - INFO - 从 sales_derivative_orders 表中删除了 1 行数据（ID = 30612）
2025-12-16 14:00:20 - INFO - 从 sales_derivative_orders 表中删除了 1 行数据（ID = 23099）
2025-12-16 14:00:20 - ERROR - 删除操作失败: (1292, "Truncated incorrect DOUBLE value: '128434,128435,128436'")
2025-12-16 14:00:20 - ERROR - 删除操作失败: (1292, "Truncated incorrect DOUBLE value: '128430,128431'")
2025-12-16 14:00:20 - ERROR - 删除操作失败: (1292, "Truncated incorrect DOUBLE value: '130486,130487'")
2025-12-16 14:00:20 - ERROR - 删除操作失败: (1292, "Truncated incorrect DOUBLE value: '130623,130624,130625,130626'")
2025-12-16 14:00:20 - INFO - 从 sales_derivative_orders 表中删除了 1 行数据（ID = 26442）
2025-12-16 14:00:20 - ERROR - 删除操作失败: (1292, "Truncated incorrect DOUBLE value: '130357,130358'")
2025-12-16 14:00:20 - ERROR - 删除操作失败: (1292, "Truncated incorrect DOUBLE value: '130347,130348'")
2025-12-16 14:00:20 - ERROR - 删除操作失败: (1292, "Truncated incorrect DOUBLE value: '130250,130251,130252'")
2025-12-16 14:00:20 - ERROR - 删除操作失败: (1292, "Truncated incorrect DOUBLE value: '130239,130240,130241,130242,130243'")
2025-12-16 14:00:22 - INFO - 从 decoration_orders 表中删除了 1 行数据（OutId = 129751）
2025-12-16 14:00:22 - INFO - 从 sales_derivative_orders 表中删除了 1 行数据（ID = 30372）
2025-12-16 14:00:22 - INFO - 从 sales_derivative_orders 表中删除了 1 行数据（ID = 30496）
2025-12-16 14:00:22 - ERROR - 删除操作失败: (1292, "Truncated incorrect DOUBLE value: '130260,130261'")
2025-12-16 14:00:22 - INFO - 从 sales_derivative_orders 表中删除了 1 行数据（ID = 26707）
2025-12-16 14:00:22 - INFO - 从 sales_derivative_orders 表中删除了 1 行数据（ID = 26803）
2025-12-16 14:00:22 - INFO - 从 sales_derivative_orders 表中删除了 1 行数据（ID = 28361）
2025-12-16 14:00:22 - INFO - 从 car_sales_invoice_date 表中删除了 1 行数据（ID = 30275）
2025-12-16 14:00:22 - INFO - 从 sales_derivative_orders 表中删除了 1 行数据（ID = 30275）
2025-12-16 14:00:22 - INFO - 从 sales_derivative_orders 表中删除了 1 行数据（ID = 28528）
2025-12-16 14:00:22 - INFO - 从 sales_derivative_orders 表中删除了 1 行数据（ID = 30149）
2025-12-16 14:00:22 - INFO - 从 sales_derivative_orders 表中删除了 1 行数据（ID = 26441）
2025-12-16 14:00:22 - INFO - 从 sales_derivative_orders 表中删除了 1 行数据（ID = 28207）
2025-12-16 14:00:22 - INFO - 从 car_sales_invoice_date 表中删除了 1 行数据（ID = 22316）
2025-12-16 14:00:22 - INFO - 从 sales_derivative_orders 表中删除了 1 行数据（ID = 22316）
2025-12-16 14:00:22 - ERROR - 删除操作失败: (1292, "Truncated incorrect DOUBLE value: '18799,18800'")
2025-12-16 14:00:22 - ERROR - 删除操作失败: (1292, "Truncated incorrect DOUBLE value: '30848,30849,30850,30851,30852,30853,30854,30855'")
2025-12-16 14:00:22 - ERROR - 删除操作失败: (1292, "Truncated incorrect DOUBLE value: '30848,30849,30850,30851,30852,30853,30854,30855'")
2025-12-16 14:00:22 - ERROR - 删除操作失败: (1292, "Truncated incorrect DOUBLE value: '30848,30849,30850,30851,30852,30853,30854,30855'")
2025-12-16 14:00:22 - ERROR - 删除操作失败: (1292, "Truncated incorrect DOUBLE value: '30848,30849,30850,30851,30852,30853'")
2025-12-16 14:00:22 - ERROR - 删除操作失败: (1292, "Truncated incorrect DOUBLE value: '30848,30849,30850,30851,30852,30853'")
2025-12-16 14:00:22 - ERROR - 删除操作失败: (1292, "Truncated incorrect DOUBLE value: '30848,30849,30850,30851,30852,30853'")
2025-12-16 14:00:22 - ERROR - 删除操作失败: (1292, "Truncated incorrect DOUBLE value: '30848,30849,30850,30851,30852,30853'")
2025-12-16 14:00:22 - ERROR - 删除操作失败: (1292, "Truncated incorrect DOUBLE value: '30848,30849,30850,30851,30852,30853'")
2025-12-16 14:00:22 - ERROR - 删除操作失败: (1292, "Truncated incorrect DOUBLE value: '30848,30849,30850,30851,30852,30853'")
2025-12-16 14:00:23 - INFO - 从 invoice_maintenance 表中删除了 1 行数据（ID = 79658）
2025-12-16 14:00:23 - INFO - 从 invoice_maintenance 表中删除了 1 行数据（ID = 81143）
2025-12-16 14:00:23 - INFO - 从 invoice_maintenance 表中删除了 1 行数据（ID = 87714）
2025-12-16 14:00:23 - INFO - 从 sales_derivative_orders 表中删除了 1 行数据（ID = 26694）
2025-12-16 14:00:23 - INFO - 从 car_sales_invoice_date 表中删除了 1 行数据（ID = 20242）
2025-12-16 14:00:23 - INFO - 从 sales_derivative_orders 表中删除了 1 行数据（ID = 20242）
2025-12-16 14:00:23 - ERROR - 删除操作失败: (1292, "Truncated incorrect DOUBLE value: '73020,73021'")
2025-12-16 14:00:24 - ERROR - 删除操作失败: (1292, "Truncated incorrect DOUBLE value: '72513,72514'")
2025-12-16 14:00:24 - ERROR - 删除操作失败: (1292, "Truncated incorrect DOUBLE value: '81543,81544'")
2025-12-16 14:00:24 - INFO - 从 sales_derivative_orders 表中删除了 1 行数据（ID = 28288）
2025-12-16 14:00:24 - INFO - 从 sales_derivative_orders 表中删除了 1 行数据（ID = 30575）
2025-12-16 14:00:24 - INFO - 从 sales_derivative_orders 表中删除了 1 行数据（ID = 29270）
2025-12-16 14:00:24 - INFO - 从 sales_derivative_orders 表中删除了 1 行数据（ID = 19840）
2025-12-16 14:00:24 - INFO - 从 sales_derivative_orders 表中删除了 1 行数据（ID = 25916）
2025-12-16 14:00:24 - INFO - 从 sales_derivative_orders 表中删除了 1 行数据（ID = 21950）
2025-12-16 14:00:25 - INFO - 从 car_sales_invoice_date 表中删除了 1 行数据（ID = 28710）
2025-12-16 14:00:25 - INFO - 从 sales_derivative_orders 表中删除了 1 行数据（ID = 28710）
2025-12-16 14:00:25 - INFO - 从 car_sales_invoice_date 表中删除了 1 行数据（ID = 30731）
2025-12-16 14:00:25 - INFO - 从 sales_derivative_orders 表中删除了 1 行数据（ID = 30731）
2025-12-16 14:00:25 - INFO - 从 car_sales_invoice_date 表中删除了 1 行数据（ID = 28714）
2025-12-16 14:00:25 - INFO - 从 sales_derivative_orders 表中删除了 1 行数据（ID = 28714）
2025-12-16 14:00:25 - INFO - 从 unsold_orders 表中删除了 1 行数据（ID = 30127）
2025-12-16 14:00:25 - INFO - 从 car_sales_invoice_date 表中删除了 1 行数据（ID = 30127）
2025-12-16 14:00:25 - INFO - 从 sales_derivative_orders 表中删除了 1 行数据（ID = 30127）
2025-12-16 14:00:25 - INFO - 从 invoice_maintenance 表中删除了 1 行数据（ID = 87288）
2025-12-16 14:00:25 - INFO - 从 invoice_maintenance 表中删除了 1 行数据（ID = 87166）
2025-12-16 14:00:25 - INFO - 从 unsold_orders 表中删除了 1 行数据（ID = 30034）
2025-12-16 14:00:25 - INFO - 从 car_sales_invoice_date 表中删除了 1 行数据（ID = 30034）
2025-12-16 14:00:25 - INFO - 从 sales_derivative_orders 表中删除了 1 行数据（ID = 30034）
2025-12-16 14:00:25 - ERROR - 删除操作失败: (1292, "Truncated incorrect DOUBLE value: '30239,30240'")
2025-12-16 14:00:25 - ERROR - 删除操作失败: (1292, "Truncated incorrect DOUBLE value: '30239,30240'")
2025-12-16 14:00:25 - ERROR - 删除操作失败: (1292, "Truncated incorrect DOUBLE value: '30239,30240'")
2025-12-16 14:00:25 - INFO - 从 invoice_maintenance 表中删除了 1 行数据（ID = 86835）
2025-12-16 14:00:25 - INFO - 从 invoice_maintenance 表中删除了 1 行数据（ID = 81656）
2025-12-16 14:00:25 - ERROR - 删除操作失败: (1292, "Truncated incorrect DOUBLE value: '119224,119225,119226'")
2025-12-16 14:00:25 - ERROR - 删除操作失败: (1292, "Truncated incorrect DOUBLE value: '124615,124616'")
2025-12-16 14:00:25 - ERROR - 删除操作失败: (1292, "Truncated incorrect DOUBLE value: '124612,124613'")
2025-12-16 14:00:25 - ERROR - 删除操作失败: (1292, "Truncated incorrect DOUBLE value: '124581,124582,124583'")
2025-12-16 14:00:26 - INFO - 从 invoice_maintenance 表中删除了 1 行数据（ID = 84694）
2025-12-16 14:00:26 - INFO - 从 invoice_maintenance 表中删除了 1 行数据（ID = 84691）
2025-12-16 14:00:26 - INFO - 从 invoice_maintenance 表中删除了 1 行数据（ID = 86339）
2025-12-16 14:00:26 - ERROR - 删除操作失败: (1292, "Truncated incorrect DOUBLE value: '49634,49635,49636,49637,49638,49639,49640'")
2025-12-16 14:00:26 - INFO - 从 invoice_maintenance 表中删除了 1 行数据（ID = 86319）
2025-12-16 14:00:26 - INFO - 从 invoice_maintenance 表中删除了 1 行数据（ID = 86318）
2025-12-16 14:00:26 - INFO - 从 invoice_maintenance 表中删除了 1 行数据（ID = 79506）
2025-12-16 14:00:26 - INFO - 从 invoice_maintenance 表中删除了 1 行数据（ID = 79505）
2025-12-16 14:00:26 - ERROR - 删除操作失败: (1292, "Truncated incorrect DOUBLE value: '92110,92111,92112,92113'")
2025-12-16 14:00:26 - ERROR - 删除操作失败: (1292, "Truncated incorrect DOUBLE value: '108518,108519,108520,108521'")
2025-12-16 14:00:26 - ERROR - 删除操作失败: (1292, "Truncated incorrect DOUBLE value: '108535,108536,108537,108538,108539'")
2025-12-16 14:00:26 - ERROR - 删除操作失败: (1292, "Truncated incorrect DOUBLE value: '108542,108543,108544,108540,108541'")
2025-12-16 14:00:26 - ERROR - 删除操作失败: (1292, "Truncated incorrect DOUBLE value: '108560,108561,108562,108563,108557,108558,108559'")
2025-12-16 14:00:26 - ERROR - 删除操作失败: (1292, "Truncated incorrect DOUBLE value: '110609,110610,110611,110612,110613'")
2025-12-16 14:00:26 - ERROR - 删除操作失败: (1292, "Truncated incorrect DOUBLE value: '111645,111646,111647,111648'")
2025-12-16 14:00:26 - ERROR - 删除操作失败: (1292, "Truncated incorrect DOUBLE value: '114508,114509,114510,114506,114507'")
2025-12-16 14:00:26 - ERROR - 删除操作失败: (1292, "Truncated incorrect DOUBLE value: '114755,114756,114757,114758,114759'")
2025-12-16 14:00:26 - ERROR - 删除操作失败: (1292, "Truncated incorrect DOUBLE value: '114834,114835,114836,114837,114838'")
2025-12-16 14:00:26 - ERROR - 删除操作失败: (1292, "Truncated incorrect DOUBLE value: '117832,117833,117834,117835,117836'")
2025-12-16 14:00:26 - ERROR - 删除操作失败: (1292, "Truncated incorrect DOUBLE value: '117840,117841,117837,117838,117839'")
2025-12-16 14:00:26 - ERROR - 删除操作失败: (1292, "Truncated incorrect DOUBLE value: '120895,120896,120897,120898,120899,120900'")
2025-12-16 14:00:27 - ERROR - 删除操作失败: (1292, "Truncated incorrect DOUBLE value: '124725,124721,124722,124723,124724'")
2025-12-16 14:00:27 - ERROR - 删除操作失败: (1292, "Truncated incorrect DOUBLE value: '125632,125633'")
2025-12-16 14:00:27 - ERROR - 删除操作失败: (1292, "Truncated incorrect DOUBLE value: '125561,125562'")
2025-12-16 14:00:27 - INFO - 从 unsold_orders 表中删除了 1 行数据（ID = 26939）
2025-12-16 14:00:27 - INFO - 从 car_sales_invoice_date 表中删除了 1 行数据（ID = 26939）
2025-12-16 14:00:27 - INFO - 从 sales_derivative_orders 表中删除了 1 行数据（ID = 26939）
2025-12-16 14:00:27 - INFO - 从 car_sales_invoice_date 表中删除了 1 行数据（ID = 30035）
2025-12-16 14:00:27 - INFO - 从 sales_derivative_orders 表中删除了 1 行数据（ID = 30035）
2025-12-16 14:00:27 - ERROR - 删除操作失败: (1292, "Truncated incorrect DOUBLE value: '112236,112237'")
2025-12-16 14:00:27 - ERROR - 删除操作失败: (1292, "Truncated incorrect DOUBLE value: '125183,125184'")
2025-12-16 14:00:27 - ERROR - 删除操作失败: (1292, "Truncated incorrect DOUBLE value: '125089,125090,125091,125092,125093,125094'")
2025-12-16 14:00:27 - INFO - 从 car_sales_invoice_date 表中删除了 1 行数据（ID = 25088）
2025-12-16 14:00:27 - INFO - 从 sales_derivative_orders 表中删除了 1 行数据（ID = 25088）
2025-12-16 14:00:27 - INFO - 从 car_sales_invoice_date 表中删除了 1 行数据（ID = 28892）
2025-12-16 14:00:27 - INFO - 从 sales_derivative_orders 表中删除了 1 行数据（ID = 28892）
2025-12-16 14:00:27 - ERROR - 删除操作失败: (1292, "Truncated incorrect DOUBLE value: '122766,122767,122768,122769,122770'")
2025-12-16 14:00:27 - ERROR - 删除操作失败: (1292, "Truncated incorrect DOUBLE value: '123059,123060'")
2025-12-16 14:00:27 - ERROR - 删除操作失败: (1292, "Truncated incorrect DOUBLE value: '119860,119861,119862'")
2025-12-16 14:00:27 - ERROR - 删除操作失败: (1292, "Truncated incorrect DOUBLE value: '122909,122910,122911'")
2025-12-16 14:00:27 - ERROR - 删除操作失败: (1292, "Truncated incorrect DOUBLE value: '122914,122915'")
2025-12-16 14:00:27 - ERROR - 删除操作失败: (1292, "Truncated incorrect DOUBLE value: '122852,122853'")
2025-12-16 14:00:27 - ERROR - 删除操作失败: (1292, "Truncated incorrect DOUBLE value: '122819,122820'")
2025-12-16 14:00:27 - ERROR - 删除操作失败: (1292, "Truncated incorrect DOUBLE value: '122678,122679'")
2025-12-16 14:00:27 - INFO - 从 car_sales_invoice_date 表中删除了 1 行数据（ID = 29658）
2025-12-16 14:00:27 - INFO - 从 sales_derivative_orders 表中删除了 1 行数据（ID = 29658）
2025-12-16 14:00:27 - ERROR - 删除操作失败: (1292, "Truncated incorrect DOUBLE value: '122476,122477'")
2025-12-16 14:00:28 - INFO - 从 invoice_maintenance 表中删除了 1 行数据（ID = 81852）
2025-12-16 14:00:28 - INFO - 从 invoice_maintenance 表中删除了 1 行数据（ID = 82047）
2025-12-16 14:00:28 - INFO - 从 invoice_maintenance 表中删除了 1 行数据（ID = 82049）
2025-12-16 14:00:28 - ERROR - 删除操作失败: (1292, "Truncated incorrect DOUBLE value: '122093,122094,122095,122096,122097'")
2025-12-16 14:00:28 - ERROR - 删除操作失败: (1292, "Truncated incorrect DOUBLE value: '118739,118740,118741'")
2025-12-16 14:00:28 - INFO - 从 invoice_maintenance 表中删除了 1 行数据（ID = 83903）
2025-12-16 14:00:28 - INFO - 从 invoice_maintenance 表中删除了 1 行数据（ID = 83896）
2025-12-16 14:00:28 - INFO - 从 invoice_maintenance 表中删除了 1 行数据（ID = 83898）
2025-12-16 14:00:28 - INFO - 从 invoice_maintenance 表中删除了 1 行数据（ID = 83895）
2025-12-16 14:00:28 - ERROR - 删除操作失败: (1292, "Truncated incorrect DOUBLE value: '121816,121817,121818'")
2025-12-16 14:00:28 - ERROR - 删除操作失败: (1292, "Truncated incorrect DOUBLE value: '121770,121771'")
2025-12-16 14:00:28 - INFO - 从 invoice_maintenance 表中删除了 1 行数据（ID = 84137）
2025-12-16 14:00:28 - INFO - 从 invoice_maintenance 表中删除了 1 行数据（ID = 83964）
2025-12-16 14:00:28 - INFO - 从 invoice_maintenance 表中删除了 1 行数据（ID = 83961）
2025-12-16 14:00:28 - ERROR - 删除操作失败: (1292, "Truncated incorrect DOUBLE value: '121041,121042'")
2025-12-16 14:00:28 - ERROR - 删除操作失败: (1292, "Truncated incorrect DOUBLE value: '120819,120820,120821'")
2025-12-16 14:00:28 - ERROR - 删除操作失败: (1292, "Truncated incorrect DOUBLE value: '120647,120648,120649'")
2025-12-16 14:00:28 - ERROR - 删除操作失败: (1292, "Truncated incorrect DOUBLE value: '120637,120638'")
2025-12-16 14:00:28 - ERROR - 删除操作失败: (1292, "Truncated incorrect DOUBLE value: '120633,120634'")
2025-12-16 14:00:28 - INFO - 从 car_sales_invoice_date 表中删除了 1 行数据（ID = 23013）
2025-12-16 14:00:28 - INFO - 从 sales_derivative_orders 表中删除了 1 行数据（ID = 23013）
2025-12-16 14:00:28 - INFO - 从 car_sales_invoice_date 表中删除了 1 行数据（ID = 27538）
2025-12-16 14:00:28 - INFO - 从 sales_derivative_orders 表中删除了 1 行数据（ID = 27538）
2025-12-16 14:00:28 - ERROR - 删除操作失败: (1292, "Truncated incorrect DOUBLE value: '91534,91535'")
2025-12-16 14:00:28 - ERROR - 删除操作失败: (1292, "Truncated incorrect DOUBLE value: '119122,119123'")
2025-12-16 14:00:28 - ERROR - 删除操作失败: (1292, "Truncated incorrect DOUBLE value: '15110,15111'")
2025-12-16 14:00:28 - ERROR - 删除操作失败: (1292, "Truncated incorrect DOUBLE value: '118419,118420,118421'")
2025-12-16 14:00:28 - INFO - 从 car_sales_invoice_date 表中删除了 1 行数据（ID = 26717）
2025-12-16 14:00:28 - INFO - 从 sales_derivative_orders 表中删除了 1 行数据（ID = 26717）
2025-12-16 14:00:28 - ERROR - 删除操作失败: (1292, "Truncated incorrect DOUBLE value: '118274,118275'")
2025-12-16 14:00:28 - ERROR - 删除操作失败: (1292, "Truncated incorrect DOUBLE value: '117950,117951'")
2025-12-16 14:00:28 - ERROR - 删除操作失败: (1292, "Truncated incorrect DOUBLE value: '118067,118068'")
2025-12-16 14:00:28 - ERROR - 删除操作失败: (1292, "Truncated incorrect DOUBLE value: '117265,117266,117267'")
2025-12-16 14:00:29 - ERROR - 删除操作失败: (1292, "Truncated incorrect DOUBLE value: '27195,27196,27197'")
2025-12-16 14:00:29 - ERROR - 删除操作失败: (1292, "Truncated incorrect DOUBLE value: '27195,27196,27197'")
2025-12-16 14:00:29 - ERROR - 删除操作失败: (1292, "Truncated incorrect DOUBLE value: '27195,27196,27197'")
2025-12-16 14:00:29 - ERROR - 删除操作失败: (1292, "Truncated incorrect DOUBLE value: '115882,115883,115884'")
2025-12-16 14:00:29 - INFO - 从 invoice_maintenance 表中删除了 1 行数据（ID = 80537）
2025-12-16 14:00:29 - INFO - 从 invoice_maintenance 表中删除了 1 行数据（ID = 80600）
2025-12-16 14:00:29 - ERROR - 删除操作失败: (1292, "Truncated incorrect DOUBLE value: '104450,104451,104452'")
2025-12-16 14:00:29 - INFO - 从 invoice_maintenance 表中删除了 1 行数据（ID = 79961）
2025-12-16 14:00:29 - INFO - 从 car_sales_invoice_date 表中删除了 1 行数据（ID = 12419）
2025-12-16 14:00:29 - INFO - 从 sales_derivative_orders 表中删除了 1 行数据（ID = 12419）
2025-12-16 14:00:29 - ERROR - 删除操作失败: (1292, "Truncated incorrect DOUBLE value: '114980,114981,114982,114983,114984'")
2025-12-16 14:00:29 - INFO - 从 car_sales_invoice_date 表中删除了 1 行数据（ID = 28486）
2025-12-16 14:00:29 - INFO - 从 sales_derivative_orders 表中删除了 1 行数据（ID = 28486）
2025-12-16 14:00:29 - INFO - 从 invoice_maintenance 表中删除了 1 行数据（ID = 79118）
2025-12-16 14:00:29 - INFO - 从 invoice_maintenance 表中删除了 1 行数据（ID = 79046）
2025-12-16 14:00:29 - INFO - 从 invoice_maintenance 表中删除了 1 行数据（ID = 79039）
2025-12-16 14:00:29 - INFO - 从 invoice_maintenance 表中删除了 1 行数据（ID = 79008）
2025-12-16 14:00:29 - INFO - 从 invoice_maintenance 表中删除了 1 行数据（ID = 78836）
2025-12-16 14:00:29 - INFO - 从 invoice_maintenance 表中删除了 1 行数据（ID = 77943）
2025-12-16 14:00:29 - INFO - 从 invoice_maintenance 表中删除了 1 行数据（ID = 77858）
2025-12-16 14:00:29 - INFO - 从 invoice_maintenance 表中删除了 1 行数据（ID = 77674）
2025-12-16 14:00:29 - INFO - 从 invoice_maintenance 表中删除了 1 行数据（ID = 76560）
2025-12-16 14:00:29 - INFO - 从 invoice_maintenance 表中删除了 1 行数据（ID = 75804）
2025-12-16 14:00:29 - INFO - 从 invoice_maintenance 表中删除了 1 行数据（ID = 75885）
2025-12-16 14:00:29 - INFO - 从 invoice_maintenance 表中删除了 1 行数据（ID = 64611）
2025-12-16 14:00:29 - INFO - 从 invoice_maintenance 表中删除了 1 行数据（ID = 64481）
2025-12-16 14:00:29 - ERROR - 删除操作失败: (1292, "Truncated incorrect DOUBLE value: '115675,115676'")
2025-12-16 14:00:30 - ERROR - 删除操作失败: (1292, "Truncated incorrect DOUBLE value: '115105,115106,115107,115108'")
2025-12-16 14:00:30 - INFO - 从 invoice_maintenance 表中删除了 1 行数据（ID = 77422）
2025-12-16 14:00:30 - INFO - 从 car_sales_invoice_date 表中删除了 1 行数据（ID = 28046）
2025-12-16 14:00:30 - INFO - 从 sales_derivative_orders 表中删除了 1 行数据（ID = 28046）
2025-12-16 14:00:30 - ERROR - 删除操作失败: (1292, "Truncated incorrect DOUBLE value: '114551,114552'")
2025-12-16 14:00:30 - ERROR - 删除操作失败: (1292, "Truncated incorrect DOUBLE value: '114493,114494'")
2025-12-16 14:00:30 - INFO - 从 unsold_orders 表中删除了 1 行数据（ID = 28134）
2025-12-16 14:00:30 - INFO - 从 car_sales_invoice_date 表中删除了 1 行数据（ID = 28134）
2025-12-16 14:00:30 - INFO - 从 sales_derivative_orders 表中删除了 1 行数据（ID = 28134）
2025-12-16 14:00:30 - INFO - 从 invoice_maintenance 表中删除了 1 行数据（ID = 77541）
2025-12-16 14:00:30 - INFO - 从 invoice_maintenance 表中删除了 1 行数据（ID = 77652）
2025-12-16 14:00:30 - INFO - 从 invoice_maintenance 表中删除了 1 行数据（ID = 77398）
2025-12-16 14:00:30 - INFO - 从 invoice_maintenance 表中删除了 1 行数据（ID = 77397）
2025-12-16 14:00:30 - INFO - 从 invoice_maintenance 表中删除了 1 行数据（ID = 76538）
2025-12-16 14:00:30 - INFO - 从 invoice_maintenance 表中删除了 1 行数据（ID = 76567）
2025-12-16 14:00:30 - INFO - 从 invoice_maintenance 表中删除了 1 行数据（ID = 76055）
2025-12-16 14:00:30 - INFO - 从 invoice_maintenance 表中删除了 1 行数据（ID = 76101）
2025-12-16 14:00:30 - INFO - 从 invoice_maintenance 表中删除了 1 行数据（ID = 76446）
2025-12-16 14:00:30 - INFO - 从 invoice_maintenance 表中删除了 1 行数据（ID = 69983）
2025-12-16 14:00:30 - INFO - 从 invoice_maintenance 表中删除了 1 行数据（ID = 69982）
2025-12-16 14:00:30 - INFO - 从 invoice_maintenance 表中删除了 1 行数据（ID = 69981）
2025-12-16 14:00:30 - INFO - 从 invoice_maintenance 表中删除了 1 行数据（ID = 70965）
2025-12-16 14:00:30 - INFO - 从 invoice_maintenance 表中删除了 1 行数据（ID = 70964）
2025-12-16 14:00:30 - INFO - 从 invoice_maintenance 表中删除了 1 行数据（ID = 70962）
2025-12-16 14:00:30 - INFO - 从 invoice_maintenance 表中删除了 1 行数据（ID = 66229）
2025-12-16 14:00:30 - INFO - 从 invoice_maintenance 表中删除了 1 行数据（ID = 66228）
2025-12-16 14:00:30 - INFO - 从 invoice_maintenance 表中删除了 1 行数据（ID = 66227）
2025-12-16 14:00:30 - INFO - 从 invoice_maintenance 表中删除了 1 行数据（ID = 74202）
2025-12-16 14:00:31 - ERROR - 删除操作失败: (1292, "Truncated incorrect DOUBLE value: '102378,102379,102380'")
2025-12-16 14:00:31 - ERROR - 删除操作失败: (1292, "Truncated incorrect DOUBLE value: '111474,111475'")
2025-12-16 14:00:31 - ERROR - 删除操作失败: (1292, "Truncated incorrect DOUBLE value: '110889,110890'")
2025-12-16 14:00:31 - ERROR - 删除操作失败: (1292, "Truncated incorrect DOUBLE value: '110891,110892'")
2025-12-16 14:00:31 - ERROR - 删除操作失败: (1292, "Truncated incorrect DOUBLE value: '27382,27383'")
2025-12-16 14:00:31 - ERROR - 删除操作失败: (1292, "Truncated incorrect DOUBLE value: '27382,27383'")
2025-12-16 14:00:31 - ERROR - 删除操作失败: (1292, "Truncated incorrect DOUBLE value: '27382,27383'")
2025-12-16 14:00:31 - INFO - 从 car_sales_invoice_date 表中删除了 1 行数据（ID = 24727）
2025-12-16 14:00:31 - INFO - 从 sales_derivative_orders 表中删除了 1 行数据（ID = 24727）
2025-12-16 14:00:31 - INFO - 从 car_sales_invoice_date 表中删除了 1 行数据（ID = 26418）
2025-12-16 14:00:31 - INFO - 从 sales_derivative_orders 表中删除了 1 行数据（ID = 26418）
2025-12-16 14:00:31 - INFO - 从 invoice_maintenance 表中删除了 1 行数据（ID = 75218）
2025-12-16 14:00:31 - INFO - 从 car_sales_invoice_date 表中删除了 1 行数据（ID = 23186）
2025-12-16 14:00:31 - INFO - 从 sales_derivative_orders 表中删除了 1 行数据（ID = 23186）
2025-12-16 14:00:32 - INFO - 从 car_sales_invoice_date 表中删除了 1 行数据（ID = 26861）
2025-12-16 14:00:32 - INFO - 从 sales_derivative_orders 表中删除了 1 行数据（ID = 26861）
2025-12-16 14:00:32 - INFO - 从 unsold_orders 表中删除了 1 行数据（ID = 26572）
2025-12-16 14:00:32 - INFO - 从 car_sales_invoice_date 表中删除了 1 行数据（ID = 26572）
2025-12-16 14:00:32 - INFO - 从 sales_derivative_orders 表中删除了 1 行数据（ID = 26572）
2025-12-16 14:00:32 - INFO - 从 car_sales_invoice_date 表中删除了 1 行数据（ID = 19166）
2025-12-16 14:00:32 - INFO - 从 sales_derivative_orders 表中删除了 1 行数据（ID = 19166）
2025-12-16 14:00:32 - INFO - 从 car_sales_invoice_date 表中删除了 1 行数据（ID = 18633）
2025-12-16 14:00:32 - INFO - 从 sales_derivative_orders 表中删除了 1 行数据（ID = 18633）
2025-12-16 14:00:32 - INFO - 从 car_sales_invoice_date 表中删除了 1 行数据（ID = 19246）
2025-12-16 14:00:32 - INFO - 从 sales_derivative_orders 表中删除了 1 行数据（ID = 19246）
2025-12-16 14:00:32 - INFO - 从 car_sales_invoice_date 表中删除了 1 行数据（ID = 25212）
2025-12-16 14:00:32 - INFO - 从 sales_derivative_orders 表中删除了 1 行数据（ID = 25212）
2025-12-16 14:00:32 - INFO - 从 car_sales_invoice_date 表中删除了 1 行数据（ID = 26170）
2025-12-16 14:00:32 - INFO - 从 sales_derivative_orders 表中删除了 1 行数据（ID = 26170）
2025-12-16 14:00:32 - INFO - 从 car_sales_invoice_date 表中删除了 1 行数据（ID = 26085）
2025-12-16 14:00:32 - INFO - 从 sales_derivative_orders 表中删除了 1 行数据（ID = 26085）
2025-12-16 14:00:33 - INFO - 从 car_sales_invoice_date 表中删除了 1 行数据（ID = 24276）
2025-12-16 14:00:33 - INFO - 从 sales_derivative_orders 表中删除了 1 行数据（ID = 24276）
2025-12-16 14:00:33 - INFO - 从 car_sales_invoice_date 表中删除了 1 行数据（ID = 22381）
2025-12-16 14:00:33 - INFO - 从 sales_derivative_orders 表中删除了 1 行数据（ID = 22381）
2025-12-16 14:00:33 - INFO - 从 car_sales_invoice_date 表中删除了 1 行数据（ID = 22602）
2025-12-16 14:00:33 - INFO - 从 sales_derivative_orders 表中删除了 1 行数据（ID = 22602）
2025-12-16 14:00:33 - INFO - 从 car_sales_invoice_date 表中删除了 1 行数据（ID = 22701）
2025-12-16 14:00:33 - INFO - 从 sales_derivative_orders 表中删除了 1 行数据（ID = 22701）
2025-12-16 14:00:33 - ERROR - 删除操作失败: (1292, "Truncated incorrect DOUBLE value: '24047,24048,24049,24050,24096,24097,24098,24163,24565,24566,24728,24729,24730,24731'")
2025-12-16 14:00:33 - ERROR - 删除操作失败: (1292, "Truncated incorrect DOUBLE value: '24047,24048,24049,24050,24096,24097,24098,24163,24565,24566,24728,24729,24730,24731'")
2025-12-16 14:00:33 - INFO - 从 car_sales_invoice_date 表中删除了 1 行数据（ID = 24995）
2025-12-16 14:00:33 - INFO - 从 sales_derivative_orders 表中删除了 1 行数据（ID = 24995）
2025-12-16 14:00:33 - INFO - 从 car_sales_invoice_date 表中删除了 1 行数据（ID = 25502）
2025-12-16 14:00:33 - INFO - 从 sales_derivative_orders 表中删除了 1 行数据（ID = 25502）
2025-12-16 14:00:33 - ERROR - 删除操作失败: (1292, "Truncated incorrect DOUBLE value: '25369,25370,25371'")
2025-12-16 14:00:33 - ERROR - 删除操作失败: (1292, "Truncated incorrect DOUBLE value: '25369,25370,25371'")
2025-12-16 14:00:33 - ERROR - 删除操作失败: (1292, "Truncated incorrect DOUBLE value: '25369,25370,25371'")
2025-12-16 14:00:33 - INFO - 从 car_sales_invoice_date 表中删除了 1 行数据（ID = 25319）
2025-12-16 14:00:33 - INFO - 从 sales_derivative_orders 表中删除了 1 行数据（ID = 25319）
2025-12-16 14:00:34 - ERROR - 删除操作失败: (1292, "Truncated incorrect DOUBLE value: '25018,25019,25020,25021,25022,25023,25024,25025,25026,25027,25028,25029,25030'")
2025-12-16 14:00:34 - ERROR - 删除操作失败: (1292, "Truncated incorrect DOUBLE value: '25018,25019,25020,25021,25022,25023,25024,25025,25026,25027,25028,25029,25030'")
2025-12-16 14:00:34 - ERROR - 删除操作失败: (1292, "Truncated incorrect DOUBLE value: '25018,25019,25020,25021,25022,25023,25024,25025,25026,25027,25028,25029,25030'")
2025-12-16 14:00:34 - ERROR - 删除操作失败: (1292, "Truncated incorrect DOUBLE value: '29827,29828,29829,29830,29831,29832,29834,29835,29833,29837,29838,29836,29839'")
2025-12-16 14:00:34 - ERROR - 删除操作失败: (1292, "Truncated incorrect DOUBLE value: '29827,29828,29829,29830,29831,29832,29834,29835,29833,29837,29838,29836,29839'")
2025-12-16 14:00:34 - INFO - 从 car_sales_invoice_date 表中删除了 1 行数据（ID = 22314）
2025-12-16 14:00:34 - INFO - 从 sales_derivative_orders 表中删除了 1 行数据（ID = 22314）
2025-12-16 14:00:34 - INFO - 从 car_sales_invoice_date 表中删除了 1 行数据（ID = 23754）
2025-12-16 14:00:34 - INFO - 从 sales_derivative_orders 表中删除了 1 行数据（ID = 23754）
2025-12-16 14:00:35 - INFO - 从 unsold_orders 表中删除了 1 行数据（ID = 12823）
2025-12-16 14:00:35 - INFO - 从 car_sales_invoice_date 表中删除了 1 行数据（ID = 12823）
2025-12-16 14:00:35 - INFO - 从 sales_derivative_orders 表中删除了 1 行数据（ID = 12823）
2025-12-16 14:00:35 - INFO - 从 car_sales_invoice_date 表中删除了 1 行数据（ID = 23631）
2025-12-16 14:00:35 - INFO - 从 sales_derivative_orders 表中删除了 1 行数据（ID = 23631）
2025-12-16 14:00:35 - INFO - 从 unsold_orders 表中删除了 1 行数据（ID = 23545）
2025-12-16 14:00:35 - INFO - 从 car_sales_invoice_date 表中删除了 1 行数据（ID = 23545）
2025-12-16 14:00:35 - INFO - 从 sales_derivative_orders 表中删除了 1 行数据（ID = 23545）
2025-12-16 14:00:35 - INFO - 从 unsold_orders 表中删除了 1 行数据（ID = 23462）
2025-12-16 14:00:35 - INFO - 从 car_sales_invoice_date 表中删除了 1 行数据（ID = 23462）
2025-12-16 14:00:35 - INFO - 从 sales_derivative_orders 表中删除了 1 行数据（ID = 23462）
2025-12-16 14:00:35 - ERROR - 删除操作失败: (1292, "Truncated incorrect DOUBLE value: '23318,23319'")
2025-12-16 14:00:35 - ERROR - 删除操作失败: (1292, "Truncated incorrect DOUBLE value: '23318,23319'")
2025-12-16 14:00:35 - ERROR - 删除操作失败: (1292, "Truncated incorrect DOUBLE value: '23318,23319'")
2025-12-16 14:00:35 - INFO - 从 car_sales_invoice_date 表中删除了 1 行数据（ID = 22472）
2025-12-16 14:00:35 - INFO - 从 sales_derivative_orders 表中删除了 1 行数据（ID = 22472）
2025-12-16 14:00:35 - ERROR - 删除操作失败: (1292, "Truncated incorrect DOUBLE value: '17283,17284,17285'")
2025-12-16 14:00:35 - ERROR - 删除操作失败: (1292, "Truncated incorrect DOUBLE value: '17283,17284,17285'")
2025-12-16 14:00:35 - ERROR - 删除操作失败: (1292, "Truncated incorrect DOUBLE value: '17283,17284,17285'")
2025-12-16 14:00:35 - INFO - 从 car_sales_invoice_date 表中删除了 1 行数据（ID = 21990）
2025-12-16 14:00:35 - INFO - 从 sales_derivative_orders 表中删除了 1 行数据（ID = 21990）
2025-12-16 14:00:35 - INFO - 从 car_sales_invoice_date 表中删除了 1 行数据（ID = 19737）
2025-12-16 14:00:35 - INFO - 从 sales_derivative_orders 表中删除了 1 行数据（ID = 19737）
2025-12-16 14:00:35 - INFO - 从 car_sales_invoice_date 表中删除了 1 行数据（ID = 22510）
2025-12-16 14:00:35 - INFO - 从 sales_derivative_orders 表中删除了 1 行数据（ID = 22510）
2025-12-16 14:00:35 - INFO - 从 car_sales_invoice_date 表中删除了 1 行数据（ID = 20211）
2025-12-16 14:00:35 - INFO - 从 sales_derivative_orders 表中删除了 1 行数据（ID = 20211）
2025-12-16 14:00:35 - INFO - 从 car_sales_invoice_date 表中删除了 1 行数据（ID = 21316）
2025-12-16 14:00:35 - INFO - 从 sales_derivative_orders 表中删除了 1 行数据（ID = 21316）
2025-12-16 14:00:35 - INFO - 从 car_sales_invoice_date 表中删除了 1 行数据（ID = 19471）
2025-12-16 14:00:35 - INFO - 从 sales_derivative_orders 表中删除了 1 行数据（ID = 19471）
2025-12-16 14:00:35 - INFO - 从 car_sales_invoice_date 表中删除了 1 行数据（ID = 16850）
2025-12-16 14:00:35 - INFO - 从 sales_derivative_orders 表中删除了 1 行数据（ID = 16850）
2025-12-16 14:00:36 - INFO - 从 car_sales_invoice_date 表中删除了 1 行数据（ID = 2565）
2025-12-16 14:00:36 - INFO - 从 sales_derivative_orders 表中删除了 1 行数据（ID = 2565）
2025-12-16 14:00:36 - INFO - 从 car_sales_invoice_date 表中删除了 1 行数据（ID = 21361）
2025-12-16 14:00:36 - INFO - 从 sales_derivative_orders 表中删除了 1 行数据（ID = 21361）
2025-12-16 14:00:36 - INFO - 从 car_sales_invoice_date 表中删除了 1 行数据（ID = 21199）
2025-12-16 14:00:36 - INFO - 从 sales_derivative_orders 表中删除了 1 行数据（ID = 21199）
2025-12-16 14:00:36 - INFO - 从 car_sales_invoice_date 表中删除了 1 行数据（ID = 21388）
2025-12-16 14:00:36 - INFO - 从 sales_derivative_orders 表中删除了 1 行数据（ID = 21388）
2025-12-16 14:00:36 - INFO - 从 car_sales_invoice_date 表中删除了 1 行数据（ID = 20976）
2025-12-16 14:00:36 - INFO - 从 sales_derivative_orders 表中删除了 1 行数据（ID = 20976）
2025-12-16 14:00:36 - INFO - 从 car_sales_invoice_date 表中删除了 1 行数据（ID = 20817）
2025-12-16 14:00:36 - INFO - 从 sales_derivative_orders 表中删除了 1 行数据（ID = 20817）
2025-12-16 14:00:36 - INFO - 从 sales_derivative_orders 表中删除了 1 行数据（ID = 13077）
2025-12-16 14:00:36 - INFO - 从 sales_derivative_orders 表中删除了 1 行数据（ID = 4505）
2025-12-16 14:00:36 - INFO - 从 sales_derivative_orders 表中删除了 1 行数据（ID = 20031）
2025-12-16 14:00:36 - INFO - 从 car_sales_invoice_date 表中删除了 1 行数据（ID = 19434）
2025-12-16 14:00:36 - INFO - 从 sales_derivative_orders 表中删除了 1 行数据（ID = 19434）
2025-12-16 14:00:36 - INFO - 从 car_sales_invoice_date 表中删除了 1 行数据（ID = 20890）
2025-12-16 14:00:36 - INFO - 从 sales_derivative_orders 表中删除了 1 行数据（ID = 20890）
2025-12-16 14:00:37 - INFO - 从 unsold_orders 表中删除了 1 行数据（ID = 2903）
2025-12-16 14:00:37 - INFO - 从 car_sales_invoice_date 表中删除了 1 行数据（ID = 2903）
2025-12-16 14:00:37 - INFO - 从 sales_derivative_orders 表中删除了 1 行数据（ID = 2903）
2025-12-16 14:00:37 - INFO - 从 car_sales_invoice_date 表中删除了 1 行数据（ID = 15447）
2025-12-16 14:00:37 - INFO - 从 sales_derivative_orders 表中删除了 1 行数据（ID = 15447）
2025-12-16 14:07:31 - INFO - 从 decoration_orders 表中删除了 3 行数据（OutId IN (133006, 133007, 133008)）
2025-12-16 14:07:32 - INFO - 从 sales_derivative_orders 表中删除了 5 行数据（ID IN (31682, 31683, 31684, 31685, 31686)）
2025-12-16 14:07:32 - INFO - 从 decoration_orders 表中删除了 2 行数据（OutId IN (131501, 131502)）
2025-12-16 14:07:34 - INFO - 从 decoration_orders 表中删除了 3 行数据（OutId IN (128434, 128435, 128436)）
2025-12-16 14:07:34 - INFO - 从 decoration_orders 表中删除了 2 行数据（OutId IN (128430, 128431)）
2025-12-16 14:07:34 - INFO - 从 decoration_orders 表中删除了 2 行数据（OutId IN (130486, 130487)）
2025-12-16 14:07:35 - INFO - 从 decoration_orders 表中删除了 2 行数据（OutId IN (130357, 130358)）
2025-12-16 14:07:35 - INFO - 从 decoration_orders 表中删除了 2 行数据（OutId IN (130347, 130348)）
2025-12-16 14:07:35 - INFO - 从 decoration_orders 表中删除了 3 行数据（OutId IN (130250, 130251, 130252)）
2025-12-16 14:07:35 - INFO - 从 decoration_orders 表中删除了 5 行数据（OutId IN (130239, 130240, 130241, 130242, 130243)）
