2025-12-20 08:51:51 - INFO - 从 unsold_orders 表中删除了 1 行数据（ID = 31114）
2025-12-20 08:51:51 - INFO - 从 unsold_orders 表中删除了 1 行数据（ID = 31115）
2025-12-20 08:52:05 - INFO - 从 unsold_orders 表中删除了 1 行数据（ID = 31238）
2025-12-20 08:52:06 - INFO - 从 unsold_orders 表中删除了 1 行数据（ID = 29059）
2025-12-20 08:52:06 - INFO - 从 unsold_orders 表中删除了 1 行数据（ID = 30603）
2025-12-20 08:52:14 - INFO - 从 unsold_orders 表中删除了 1 行数据（ID = 30127）
2025-12-20 08:52:14 - INFO - 从 unsold_orders 表中删除了 1 行数据（ID = 30034）
2025-12-20 08:52:22 - INFO - 从 unsold_orders 表中删除了 1 行数据（ID = 26939）
2025-12-20 08:52:32 - INFO - 从 unsold_orders 表中删除了 1 行数据（ID = 24549）
2025-12-20 08:52:36 - INFO - 从 unsold_orders 表中删除了 1 行数据（ID = 12419）
2025-12-20 08:52:39 - INFO - 从 unsold_orders 表中删除了 1 行数据（ID = 28134）
2025-12-20 08:52:44 - INFO - 从 unsold_orders 表中删除了 1 行数据（ID = 26572）
2025-12-20 08:52:50 - INFO - 从 unsold_orders 表中删除了 1 行数据（ID = 12823）
2025-12-20 08:52:50 - INFO - 从 unsold_orders 表中删除了 1 行数据（ID = 23545）
2025-12-20 08:52:50 - INFO - 从 unsold_orders 表中删除了 1 行数据（ID = 23462）
2025-12-20 08:52:55 - INFO - 从 unsold_orders 表中删除了 1 行数据（ID = 2903）
2025-12-20 08:52:56 - INFO - 从 unsold_orders 表中删除了 1 行数据（ID = 15447）
2025-12-20 09:05:42 - INFO - 从 sales_derivative_orders 表中删除了 1 行数据（ID = 31534）
2025-12-20 09:05:42 - INFO - 从 sales_derivative_orders 表中删除了 1 行数据（ID = 30965）
2025-12-20 09:05:42 - INFO - 从 sales_derivative_orders 表中删除了 1 行数据（ID = 30293）
2025-12-20 09:05:42 - INFO - 从 sales_derivative_orders 表中删除了 1 行数据（ID = 31114）
2025-12-20 09:05:42 - INFO - 从 sales_derivative_orders 表中删除了 1 行数据（ID = 31115）
2025-12-20 09:05:45 - INFO - 从 sales_derivative_orders 表中删除了 1 行数据（ID = 30972）
2025-12-20 09:05:48 - INFO - 从 sales_derivative_orders 表中删除了 1 行数据（ID = 30941）
2025-12-20 09:05:48 - INFO - 从 sales_derivative_orders 表中删除了 1 行数据（ID = 30498）
2025-12-20 09:05:48 - INFO - 从 sales_derivative_orders 表中删除了 1 行数据（ID = 30887）
2025-12-20 09:05:53 - INFO - 从 sales_derivative_orders 表中删除了 1 行数据（ID = 31626）
2025-12-20 09:05:54 - INFO - 从 sales_derivative_orders 表中删除了 1 行数据（ID = 30929）
2025-12-20 09:05:54 - INFO - 从 sales_derivative_orders 表中删除了 1 行数据（ID = 31681）
2025-12-20 09:05:56 - INFO - 从 sales_derivative_orders 表中删除了 1 行数据（ID = 31238）
2025-12-20 09:05:57 - INFO - 从 sales_derivative_orders 表中删除了 1 行数据（ID = 30603）
2025-12-20 09:06:00 - INFO - 从 sales_derivative_orders 表中删除了 1 行数据（ID = 30275）
2025-12-20 09:06:04 - INFO - 从 sales_derivative_orders 表中删除了 1 行数据（ID = 30731）
2025-12-20 09:06:04 - INFO - 从 sales_derivative_orders 表中删除了 1 行数据（ID = 30127）
2025-12-20 09:06:05 - INFO - 从 sales_derivative_orders 表中删除了 1 行数据（ID = 30034）
2025-12-20 09:06:13 - INFO - 从 sales_derivative_orders 表中删除了 1 行数据（ID = 30035）
2025-12-20 09:23:45 - INFO - 从 unsold_orders 表中删除了 1 行数据（ID = 31114）
2025-12-20 09:23:45 - INFO - 从 unsold_orders 表中删除了 1 行数据（ID = 31115）
2025-12-20 09:23:55 - INFO - 从 unsold_orders 表中删除了 1 行数据（ID = 31238）
2025-12-20 09:23:56 - INFO - 从 unsold_orders 表中删除了 1 行数据（ID = 29059）
2025-12-20 09:23:56 - INFO - 从 unsold_orders 表中删除了 1 行数据（ID = 30603）
2025-12-20 09:24:03 - INFO - 从 unsold_orders 表中删除了 1 行数据（ID = 30127）
2025-12-20 09:24:04 - INFO - 从 unsold_orders 表中删除了 1 行数据（ID = 30034）
2025-12-20 09:24:10 - INFO - 从 unsold_orders 表中删除了 1 行数据（ID = 26939）
2025-12-20 09:24:18 - INFO - 从 unsold_orders 表中删除了 1 行数据（ID = 24549）
2025-12-20 09:24:21 - INFO - 从 unsold_orders 表中删除了 1 行数据（ID = 12419）
2025-12-20 09:24:23 - INFO - 从 unsold_orders 表中删除了 1 行数据（ID = 28134）
2025-12-20 09:24:27 - INFO - 从 unsold_orders 表中删除了 1 行数据（ID = 26572）
2025-12-20 09:24:33 - INFO - 从 unsold_orders 表中删除了 1 行数据（ID = 12823）
2025-12-20 09:24:34 - INFO - 从 unsold_orders 表中删除了 1 行数据（ID = 23545）
2025-12-20 09:24:34 - INFO - 从 unsold_orders 表中删除了 1 行数据（ID = 23462）
2025-12-20 09:24:39 - INFO - 从 unsold_orders 表中删除了 1 行数据（ID = 2903）
2025-12-20 09:24:39 - INFO - 从 unsold_orders 表中删除了 1 行数据（ID = 15447）
2025-12-20 09:53:28 - INFO - 从 package_sales 表中删除了 1 行数据（SaleId = 16345）
2025-12-20 09:53:39 - INFO - 从 unsold_orders 表中删除了 1 行数据（ID = 31114）
2025-12-20 09:53:39 - INFO - 从 unsold_orders 表中删除了 1 行数据（ID = 31115）
2025-12-20 09:53:49 - INFO - 从 unsold_orders 表中删除了 1 行数据（ID = 31238）
2025-12-20 09:53:50 - INFO - 从 unsold_orders 表中删除了 1 行数据（ID = 29059）
2025-12-20 09:53:50 - INFO - 从 unsold_orders 表中删除了 1 行数据（ID = 30603）
2025-12-20 09:53:57 - INFO - 从 unsold_orders 表中删除了 1 行数据（ID = 30127）
2025-12-20 09:53:58 - INFO - 从 unsold_orders 表中删除了 1 行数据（ID = 30034）
2025-12-20 09:54:04 - INFO - 从 unsold_orders 表中删除了 1 行数据（ID = 26939）
2025-12-20 09:54:13 - INFO - 从 unsold_orders 表中删除了 1 行数据（ID = 24549）
2025-12-20 09:54:16 - INFO - 从 unsold_orders 表中删除了 1 行数据（ID = 12419）
2025-12-20 09:54:19 - INFO - 从 unsold_orders 表中删除了 1 行数据（ID = 28134）
2025-12-20 09:54:23 - INFO - 从 unsold_orders 表中删除了 1 行数据（ID = 26572）
2025-12-20 09:54:28 - INFO - 从 unsold_orders 表中删除了 1 行数据（ID = 12823）
2025-12-20 09:54:29 - INFO - 从 unsold_orders 表中删除了 1 行数据（ID = 23545）
2025-12-20 09:54:29 - INFO - 从 unsold_orders 表中删除了 1 行数据（ID = 23462）
2025-12-20 09:54:34 - INFO - 从 unsold_orders 表中删除了 1 行数据（ID = 2903）
2025-12-20 09:54:34 - INFO - 从 unsold_orders 表中删除了 1 行数据（ID = 15447）
2025-12-20 10:23:37 - INFO - 从 sales_derivative_orders 表中删除了 1 行数据（ID = 27209）
2025-12-20 10:23:37 - INFO - 从 sales_derivative_orders 表中删除了 1 行数据（ID = 29969）
2025-12-20 10:23:37 - INFO - 从 sales_derivative_orders 表中删除了 1 行数据（ID = 31055）
2025-12-20 10:23:50 - INFO - 从 unsold_orders 表中删除了 1 行数据（ID = 31114）
2025-12-20 10:23:50 - INFO - 从 unsold_orders 表中删除了 1 行数据（ID = 31115）
2025-12-20 10:24:01 - INFO - 从 unsold_orders 表中删除了 1 行数据（ID = 31238）
2025-12-20 10:24:02 - INFO - 从 unsold_orders 表中删除了 1 行数据（ID = 29059）
2025-12-20 10:24:02 - INFO - 从 unsold_orders 表中删除了 1 行数据（ID = 30603）
2025-12-20 10:24:09 - INFO - 从 unsold_orders 表中删除了 1 行数据（ID = 30127）
2025-12-20 10:24:10 - INFO - 从 unsold_orders 表中删除了 1 行数据（ID = 30034）
2025-12-20 10:24:17 - INFO - 从 unsold_orders 表中删除了 1 行数据（ID = 26939）
2025-12-20 10:24:27 - INFO - 从 unsold_orders 表中删除了 1 行数据（ID = 24549）
2025-12-20 10:24:31 - INFO - 从 unsold_orders 表中删除了 1 行数据（ID = 12419）
2025-12-20 10:24:33 - INFO - 从 unsold_orders 表中删除了 1 行数据（ID = 28134）
2025-12-20 10:24:37 - INFO - 从 unsold_orders 表中删除了 1 行数据（ID = 26572）
2025-12-20 10:24:43 - INFO - 从 unsold_orders 表中删除了 1 行数据（ID = 12823）
2025-12-20 10:24:43 - INFO - 从 unsold_orders 表中删除了 1 行数据（ID = 23545）
2025-12-20 10:24:43 - INFO - 从 unsold_orders 表中删除了 1 行数据（ID = 23462）
2025-12-20 10:24:48 - INFO - 从 unsold_orders 表中删除了 1 行数据（ID = 2903）
2025-12-20 10:24:49 - INFO - 从 unsold_orders 表中删除了 1 行数据（ID = 15447）
2025-12-20 10:50:38 - INFO - 从 sales_derivative_orders 表中删除了 1 行数据（ID = 29969）
2025-12-20 10:50:38 - INFO - 从 sales_derivative_orders 表中删除了 1 行数据（ID = 31055）
2025-12-20 10:50:50 - INFO - 从 sales_derivative_orders 表中删除了 1 行数据（ID = 31534）
2025-12-20 10:50:50 - INFO - 从 sales_derivative_orders 表中删除了 1 行数据（ID = 30965）
2025-12-20 10:50:50 - INFO - 从 sales_derivative_orders 表中删除了 1 行数据（ID = 30293）
2025-12-20 10:50:50 - INFO - 从 sales_derivative_orders 表中删除了 1 行数据（ID = 31114）
2025-12-20 10:50:50 - INFO - 从 sales_derivative_orders 表中删除了 1 行数据（ID = 31115）
2025-12-20 10:50:52 - INFO - 从 sales_derivative_orders 表中删除了 1 行数据（ID = 30972）
2025-12-20 10:50:53 - INFO - 从 sales_derivative_orders 表中删除了 1 行数据（ID = 30941）
2025-12-20 10:50:53 - INFO - 从 sales_derivative_orders 表中删除了 1 行数据（ID = 30498）
2025-12-20 10:50:53 - INFO - 从 sales_derivative_orders 表中删除了 1 行数据（ID = 30887）
2025-12-20 10:51:00 - INFO - 从 sales_derivative_orders 表中删除了 1 行数据（ID = 31626）
2025-12-20 10:51:01 - INFO - 从 sales_derivative_orders 表中删除了 1 行数据（ID = 30929）
2025-12-20 10:51:02 - INFO - 从 sales_derivative_orders 表中删除了 1 行数据（ID = 31681）
2025-12-20 10:51:03 - INFO - 从 sales_derivative_orders 表中删除了 1 行数据（ID = 31238）
2025-12-20 10:51:04 - INFO - 从 sales_derivative_orders 表中删除了 1 行数据（ID = 30603）
2025-12-20 10:51:08 - INFO - 从 sales_derivative_orders 表中删除了 1 行数据（ID = 30275）
2025-12-20 10:51:11 - INFO - 从 sales_derivative_orders 表中删除了 1 行数据（ID = 30731）
2025-12-20 10:51:11 - INFO - 从 sales_derivative_orders 表中删除了 1 行数据（ID = 30127）
2025-12-20 10:51:12 - INFO - 从 sales_derivative_orders 表中删除了 1 行数据（ID = 30034）
2025-12-20 10:51:18 - INFO - 从 sales_derivative_orders 表中删除了 1 行数据（ID = 30035）
2025-12-20 10:53:36 - INFO - 从 package_sales 表中删除了 1 行数据（SaleId = 15168）
2025-12-20 10:53:36 - INFO - 从 sales_derivative_orders 表中删除了 1 行数据（ID = 30505）
2025-12-20 10:53:36 - INFO - 从 decoration_orders 表中删除了 2 行数据（OutId IN (135360, 135361)）
2025-12-20 10:53:40 - INFO - 从 unsold_orders 表中删除了 1 行数据（ID = 31114）
2025-12-20 10:53:40 - INFO - 从 unsold_orders 表中删除了 1 行数据（ID = 31115）
2025-12-20 10:53:50 - INFO - 从 unsold_orders 表中删除了 1 行数据（ID = 31238）
2025-12-20 10:53:51 - INFO - 从 unsold_orders 表中删除了 1 行数据（ID = 29059）
2025-12-20 10:53:51 - INFO - 从 unsold_orders 表中删除了 1 行数据（ID = 30603）
2025-12-20 10:53:58 - INFO - 从 unsold_orders 表中删除了 1 行数据（ID = 30127）
2025-12-20 10:53:59 - INFO - 从 unsold_orders 表中删除了 1 行数据（ID = 30034）
2025-12-20 10:54:06 - INFO - 从 unsold_orders 表中删除了 1 行数据（ID = 26939）
2025-12-20 10:54:18 - INFO - 从 unsold_orders 表中删除了 1 行数据（ID = 24549）
2025-12-20 10:54:21 - INFO - 从 unsold_orders 表中删除了 1 行数据（ID = 12419）
2025-12-20 10:54:24 - INFO - 从 unsold_orders 表中删除了 1 行数据（ID = 28134）
2025-12-20 10:54:28 - INFO - 从 unsold_orders 表中删除了 1 行数据（ID = 26572）
2025-12-20 10:54:34 - INFO - 从 unsold_orders 表中删除了 1 行数据（ID = 12823）
2025-12-20 10:54:34 - INFO - 从 unsold_orders 表中删除了 1 行数据（ID = 23545）
2025-12-20 10:54:34 - INFO - 从 unsold_orders 表中删除了 1 行数据（ID = 23462）
2025-12-20 10:54:39 - INFO - 从 unsold_orders 表中删除了 1 行数据（ID = 2903）
2025-12-20 10:54:40 - INFO - 从 unsold_orders 表中删除了 1 行数据（ID = 15447）
2025-12-20 11:23:44 - INFO - 从 sales_derivative_orders 表中删除了 1 行数据（ID = 14897）
2025-12-20 11:23:44 - INFO - 从 sales_derivative_orders 表中删除了 1 行数据（ID = 31590）
2025-12-20 11:23:58 - INFO - 从 unsold_orders 表中删除了 1 行数据（ID = 31114）
2025-12-20 11:23:58 - INFO - 从 unsold_orders 表中删除了 1 行数据（ID = 31115）
2025-12-20 11:24:10 - INFO - 从 sales_derivative_orders 表中删除了 1 行数据（ID = 31681）
2025-12-20 11:24:12 - INFO - 从 unsold_orders 表中删除了 1 行数据（ID = 31238）
2025-12-20 11:24:13 - INFO - 从 unsold_orders 表中删除了 1 行数据（ID = 29059）
2025-12-20 11:24:13 - INFO - 从 unsold_orders 表中删除了 1 行数据（ID = 30603）
2025-12-20 11:24:22 - INFO - 从 unsold_orders 表中删除了 1 行数据（ID = 30127）
2025-12-20 11:24:22 - INFO - 从 unsold_orders 表中删除了 1 行数据（ID = 30034）
2025-12-20 11:24:29 - INFO - 从 unsold_orders 表中删除了 1 行数据（ID = 26939）
2025-12-20 11:24:40 - INFO - 从 unsold_orders 表中删除了 1 行数据（ID = 24549）
2025-12-20 11:24:43 - INFO - 从 unsold_orders 表中删除了 1 行数据（ID = 12419）
2025-12-20 11:24:46 - INFO - 从 unsold_orders 表中删除了 1 行数据（ID = 28134）
2025-12-20 11:24:51 - INFO - 从 unsold_orders 表中删除了 1 行数据（ID = 26572）
2025-12-20 11:24:57 - INFO - 从 unsold_orders 表中删除了 1 行数据（ID = 12823）
2025-12-20 11:24:57 - INFO - 从 unsold_orders 表中删除了 1 行数据（ID = 23545）
2025-12-20 11:24:57 - INFO - 从 unsold_orders 表中删除了 1 行数据（ID = 23462）
2025-12-20 11:25:02 - INFO - 从 unsold_orders 表中删除了 1 行数据（ID = 2903）
2025-12-20 11:25:03 - INFO - 从 unsold_orders 表中删除了 1 行数据（ID = 15447）
2025-12-20 11:53:36 - INFO - 从 unsold_orders 表中删除了 1 行数据（ID = 31114）
2025-12-20 11:53:36 - INFO - 从 unsold_orders 表中删除了 1 行数据（ID = 31115）
2025-12-20 11:53:46 - INFO - 从 sales_derivative_orders 表中删除了 1 行数据（ID = 31681）
2025-12-20 11:53:47 - INFO - 从 unsold_orders 表中删除了 1 行数据（ID = 31238）
2025-12-20 11:53:49 - INFO - 从 unsold_orders 表中删除了 1 行数据（ID = 29059）
2025-12-20 11:53:49 - INFO - 从 unsold_orders 表中删除了 1 行数据（ID = 30603）
2025-12-20 11:53:56 - INFO - 从 unsold_orders 表中删除了 1 行数据（ID = 30127）
2025-12-20 11:53:56 - INFO - 从 unsold_orders 表中删除了 1 行数据（ID = 30034）
2025-12-20 11:54:03 - INFO - 从 unsold_orders 表中删除了 1 行数据（ID = 26939）
2025-12-20 11:54:12 - INFO - 从 unsold_orders 表中删除了 1 行数据（ID = 24549）
2025-12-20 11:54:14 - INFO - 从 unsold_orders 表中删除了 1 行数据（ID = 12419）
2025-12-20 11:54:17 - INFO - 从 unsold_orders 表中删除了 1 行数据（ID = 28134）
2025-12-20 11:54:21 - INFO - 从 unsold_orders 表中删除了 1 行数据（ID = 26572）
2025-12-20 11:54:26 - INFO - 从 unsold_orders 表中删除了 1 行数据（ID = 12823）
2025-12-20 11:54:27 - INFO - 从 unsold_orders 表中删除了 1 行数据（ID = 23545）
2025-12-20 11:54:27 - INFO - 从 unsold_orders 表中删除了 1 行数据（ID = 23462）
2025-12-20 11:54:32 - INFO - 从 unsold_orders 表中删除了 1 行数据（ID = 2903）
2025-12-20 11:54:33 - INFO - 从 unsold_orders 表中删除了 1 行数据（ID = 15447）
2025-12-20 12:23:22 - INFO - 从 sales_derivative_orders 表中删除了 1 行数据（ID = 27119）
2025-12-20 12:23:22 - INFO - 从 sales_derivative_orders 表中删除了 1 行数据（ID = 28008）
2025-12-20 12:23:36 - INFO - 从 unsold_orders 表中删除了 1 行数据（ID = 31114）
2025-12-20 12:23:36 - INFO - 从 unsold_orders 表中删除了 1 行数据（ID = 31115）
2025-12-20 12:23:47 - INFO - 从 sales_derivative_orders 表中删除了 1 行数据（ID = 31681）
2025-12-20 12:23:48 - INFO - 从 unsold_orders 表中删除了 1 行数据（ID = 31238）
2025-12-20 12:23:49 - INFO - 从 unsold_orders 表中删除了 1 行数据（ID = 29059）
2025-12-20 12:23:49 - INFO - 从 unsold_orders 表中删除了 1 行数据（ID = 30603）
2025-12-20 12:23:56 - INFO - 从 unsold_orders 表中删除了 1 行数据（ID = 30127）
2025-12-20 12:23:56 - INFO - 从 unsold_orders 表中删除了 1 行数据（ID = 30034）
2025-12-20 12:24:02 - INFO - 从 unsold_orders 表中删除了 1 行数据（ID = 26939）
2025-12-20 12:24:11 - INFO - 从 unsold_orders 表中删除了 1 行数据（ID = 24549）
2025-12-20 12:24:14 - INFO - 从 unsold_orders 表中删除了 1 行数据（ID = 12419）
2025-12-20 12:24:17 - INFO - 从 unsold_orders 表中删除了 1 行数据（ID = 28134）
2025-12-20 12:24:21 - INFO - 从 unsold_orders 表中删除了 1 行数据（ID = 26572）
2025-12-20 12:24:26 - INFO - 从 unsold_orders 表中删除了 1 行数据（ID = 12823）
2025-12-20 12:24:27 - INFO - 从 unsold_orders 表中删除了 1 行数据（ID = 23545）
2025-12-20 12:24:27 - INFO - 从 unsold_orders 表中删除了 1 行数据（ID = 23462）
2025-12-20 12:24:32 - INFO - 从 unsold_orders 表中删除了 1 行数据（ID = 2903）
2025-12-20 12:24:32 - INFO - 从 unsold_orders 表中删除了 1 行数据（ID = 15447）
2025-12-20 12:53:25 - INFO - 从 sales_derivative_orders 表中删除了 1 行数据（ID = 24363）
2025-12-20 12:53:25 - INFO - 从 sales_derivative_orders 表中删除了 1 行数据（ID = 26963）
2025-12-20 12:53:25 - INFO - 从 sales_derivative_orders 表中删除了 1 行数据（ID = 28008）
2025-12-20 12:53:39 - INFO - 从 unsold_orders 表中删除了 1 行数据（ID = 31114）
2025-12-20 12:53:39 - INFO - 从 unsold_orders 表中删除了 1 行数据（ID = 31115）
2025-12-20 12:53:51 - INFO - 从 sales_derivative_orders 表中删除了 1 行数据（ID = 31681）
2025-12-20 12:53:53 - INFO - 从 unsold_orders 表中删除了 1 行数据（ID = 31238）
2025-12-20 12:53:55 - INFO - 从 unsold_orders 表中删除了 1 行数据（ID = 29059）
2025-12-20 12:53:55 - INFO - 从 unsold_orders 表中删除了 1 行数据（ID = 30603）
2025-12-20 12:54:03 - INFO - 从 unsold_orders 表中删除了 1 行数据（ID = 30127）
2025-12-20 12:54:03 - INFO - 从 unsold_orders 表中删除了 1 行数据（ID = 30034）
2025-12-20 12:54:09 - INFO - 从 unsold_orders 表中删除了 1 行数据（ID = 26939）
2025-12-20 12:54:18 - INFO - 从 unsold_orders 表中删除了 1 行数据（ID = 24549）
2025-12-20 12:54:21 - INFO - 从 unsold_orders 表中删除了 1 行数据（ID = 12419）
2025-12-20 12:54:24 - INFO - 从 unsold_orders 表中删除了 1 行数据（ID = 28134）
2025-12-20 12:54:28 - INFO - 从 unsold_orders 表中删除了 1 行数据（ID = 26572）
2025-12-20 12:54:34 - INFO - 从 unsold_orders 表中删除了 1 行数据（ID = 12823）
2025-12-20 12:54:34 - INFO - 从 unsold_orders 表中删除了 1 行数据（ID = 23545）
2025-12-20 12:54:34 - INFO - 从 unsold_orders 表中删除了 1 行数据（ID = 23462）
2025-12-20 12:54:39 - INFO - 从 unsold_orders 表中删除了 1 行数据（ID = 2903）
2025-12-20 12:54:40 - INFO - 从 unsold_orders 表中删除了 1 行数据（ID = 15447）
2025-12-20 13:23:39 - INFO - 从 sales_derivative_orders 表中删除了 1 行数据（ID = 28008）
2025-12-20 13:23:53 - INFO - 从 unsold_orders 表中删除了 1 行数据（ID = 31114）
2025-12-20 13:23:53 - INFO - 从 unsold_orders 表中删除了 1 行数据（ID = 31115）
2025-12-20 13:24:03 - INFO - 从 sales_derivative_orders 表中删除了 1 行数据（ID = 31681）
2025-12-20 13:24:04 - INFO - 从 unsold_orders 表中删除了 1 行数据（ID = 31238）
2025-12-20 13:24:06 - INFO - 从 unsold_orders 表中删除了 1 行数据（ID = 29059）
2025-12-20 13:24:06 - INFO - 从 unsold_orders 表中删除了 1 行数据（ID = 30603）
2025-12-20 13:24:13 - INFO - 从 unsold_orders 表中删除了 1 行数据（ID = 30127）
2025-12-20 13:24:13 - INFO - 从 unsold_orders 表中删除了 1 行数据（ID = 30034）
2025-12-20 13:24:20 - INFO - 从 unsold_orders 表中删除了 1 行数据（ID = 26939）
2025-12-20 13:24:30 - INFO - 从 unsold_orders 表中删除了 1 行数据（ID = 24549）
2025-12-20 13:24:34 - INFO - 从 unsold_orders 表中删除了 1 行数据（ID = 12419）
2025-12-20 13:24:36 - INFO - 从 unsold_orders 表中删除了 1 行数据（ID = 28134）
2025-12-20 13:24:41 - INFO - 从 unsold_orders 表中删除了 1 行数据（ID = 26572）
2025-12-20 13:24:47 - INFO - 从 unsold_orders 表中删除了 1 行数据（ID = 12823）
2025-12-20 13:24:47 - INFO - 从 unsold_orders 表中删除了 1 行数据（ID = 23545）
2025-12-20 13:24:47 - INFO - 从 unsold_orders 表中删除了 1 行数据（ID = 23462）
2025-12-20 13:24:52 - INFO - 从 unsold_orders 表中删除了 1 行数据（ID = 2903）
2025-12-20 13:24:52 - INFO - 从 unsold_orders 表中删除了 1 行数据（ID = 15447）
2025-12-20 13:50:48 - INFO - 从 sales_derivative_orders 表中删除了 1 行数据（ID = 30505）
2025-12-20 13:50:50 - INFO - 从 sales_derivative_orders 表中删除了 1 行数据（ID = 29969）
2025-12-20 13:50:50 - INFO - 从 sales_derivative_orders 表中删除了 1 行数据（ID = 31055）
2025-12-20 13:50:55 - INFO - 从 sales_derivative_orders 表中删除了 1 行数据（ID = 31534）
2025-12-20 13:50:55 - INFO - 从 sales_derivative_orders 表中删除了 1 行数据（ID = 30965）
2025-12-20 13:50:55 - INFO - 从 sales_derivative_orders 表中删除了 1 行数据（ID = 30293）
2025-12-20 13:50:55 - INFO - 从 sales_derivative_orders 表中删除了 1 行数据（ID = 31114）
2025-12-20 13:50:55 - INFO - 从 sales_derivative_orders 表中删除了 1 行数据（ID = 31115）
2025-12-20 13:50:56 - INFO - 从 sales_derivative_orders 表中删除了 1 行数据（ID = 30972）
2025-12-20 13:50:57 - INFO - 从 sales_derivative_orders 表中删除了 1 行数据（ID = 30941）
2025-12-20 13:50:57 - INFO - 从 sales_derivative_orders 表中删除了 1 行数据（ID = 30498）
2025-12-20 13:50:57 - INFO - 从 sales_derivative_orders 表中删除了 1 行数据（ID = 30887）
2025-12-20 13:51:03 - INFO - 从 sales_derivative_orders 表中删除了 1 行数据（ID = 31626）
2025-12-20 13:51:03 - INFO - 从 sales_derivative_orders 表中删除了 1 行数据（ID = 30929）
2025-12-20 13:51:03 - INFO - 从 sales_derivative_orders 表中删除了 1 行数据（ID = 31681）
2025-12-20 13:51:05 - INFO - 从 sales_derivative_orders 表中删除了 1 行数据（ID = 31238）
2025-12-20 13:51:07 - INFO - 从 sales_derivative_orders 表中删除了 1 行数据（ID = 30603）
2025-12-20 13:51:09 - INFO - 从 sales_derivative_orders 表中删除了 1 行数据（ID = 30275）
2025-12-20 13:51:13 - INFO - 从 sales_derivative_orders 表中删除了 1 行数据（ID = 30731）
2025-12-20 13:51:14 - INFO - 从 sales_derivative_orders 表中删除了 1 行数据（ID = 30127）
2025-12-20 13:51:14 - INFO - 从 sales_derivative_orders 表中删除了 1 行数据（ID = 30034）
2025-12-20 13:51:21 - INFO - 从 sales_derivative_orders 表中删除了 1 行数据（ID = 30035）
2025-12-20 13:53:36 - INFO - 从 sales_derivative_orders 表中删除了 1 行数据（ID = 28008）
2025-12-20 13:53:40 - INFO - 从 unsold_orders 表中删除了 1 行数据（ID = 31114）
2025-12-20 13:53:40 - INFO - 从 unsold_orders 表中删除了 1 行数据（ID = 31115）
2025-12-20 13:53:48 - INFO - 从 sales_derivative_orders 表中删除了 1 行数据（ID = 31681）
2025-12-20 13:53:49 - INFO - 从 unsold_orders 表中删除了 1 行数据（ID = 31238）
2025-12-20 13:53:51 - INFO - 从 unsold_orders 表中删除了 1 行数据（ID = 29059）
2025-12-20 13:53:51 - INFO - 从 unsold_orders 表中删除了 1 行数据（ID = 30603）
2025-12-20 13:53:58 - INFO - 从 unsold_orders 表中删除了 1 行数据（ID = 30127）
2025-12-20 13:53:58 - INFO - 从 unsold_orders 表中删除了 1 行数据（ID = 30034）
2025-12-20 13:54:04 - INFO - 从 unsold_orders 表中删除了 1 行数据（ID = 26939）
2025-12-20 13:54:12 - INFO - 从 unsold_orders 表中删除了 1 行数据（ID = 24549）
2025-12-20 13:54:15 - INFO - 从 unsold_orders 表中删除了 1 行数据（ID = 12419）
2025-12-20 13:54:18 - INFO - 从 unsold_orders 表中删除了 1 行数据（ID = 28134）
2025-12-20 13:54:21 - INFO - 从 unsold_orders 表中删除了 1 行数据（ID = 26572）
2025-12-20 13:54:27 - INFO - 从 unsold_orders 表中删除了 1 行数据（ID = 12823）
2025-12-20 13:54:28 - INFO - 从 unsold_orders 表中删除了 1 行数据（ID = 23545）
2025-12-20 13:54:28 - INFO - 从 unsold_orders 表中删除了 1 行数据（ID = 23462）
2025-12-20 13:54:33 - INFO - 从 unsold_orders 表中删除了 1 行数据（ID = 2903）
2025-12-20 13:54:33 - INFO - 从 unsold_orders 表中删除了 1 行数据（ID = 15447）
2025-12-20 14:23:51 - INFO - 从 sales_derivative_orders 表中删除了 1 行数据（ID = 31308）
2025-12-20 14:23:52 - INFO - 从 sales_derivative_orders 表中删除了 1 行数据（ID = 28008）
2025-12-20 14:24:06 - INFO - 从 unsold_orders 表中删除了 1 行数据（ID = 31114）
2025-12-20 14:24:06 - INFO - 从 unsold_orders 表中删除了 1 行数据（ID = 31115）
2025-12-20 14:24:17 - INFO - 从 sales_derivative_orders 表中删除了 1 行数据（ID = 31681）
2025-12-20 14:24:19 - INFO - 从 unsold_orders 表中删除了 1 行数据（ID = 31238）
2025-12-20 14:24:20 - INFO - 从 unsold_orders 表中删除了 1 行数据（ID = 29059）
2025-12-20 14:24:20 - INFO - 从 unsold_orders 表中删除了 1 行数据（ID = 30603）
2025-12-20 14:24:28 - INFO - 从 unsold_orders 表中删除了 1 行数据（ID = 30127）
2025-12-20 14:24:28 - INFO - 从 unsold_orders 表中删除了 1 行数据（ID = 30034）
2025-12-20 14:24:34 - INFO - 从 unsold_orders 表中删除了 1 行数据（ID = 26939）
2025-12-20 14:24:43 - INFO - 从 unsold_orders 表中删除了 1 行数据（ID = 24549）
2025-12-20 14:24:46 - INFO - 从 unsold_orders 表中删除了 1 行数据（ID = 12419）
2025-12-20 14:24:48 - INFO - 从 unsold_orders 表中删除了 1 行数据（ID = 28134）
2025-12-20 14:24:53 - INFO - 从 unsold_orders 表中删除了 1 行数据（ID = 26572）
2025-12-20 14:24:59 - INFO - 从 unsold_orders 表中删除了 1 行数据（ID = 12823）
2025-12-20 14:24:59 - INFO - 从 unsold_orders 表中删除了 1 行数据（ID = 23545）
2025-12-20 14:24:59 - INFO - 从 unsold_orders 表中删除了 1 行数据（ID = 23462）
2025-12-20 14:25:04 - INFO - 从 unsold_orders 表中删除了 1 行数据（ID = 2903）
2025-12-20 14:25:05 - INFO - 从 unsold_orders 表中删除了 1 行数据（ID = 15447）
2025-12-20 14:53:47 - INFO - 从 sales_derivative_orders 表中删除了 1 行数据（ID = 31308）
2025-12-20 14:53:47 - INFO - 从 sales_derivative_orders 表中删除了 1 行数据（ID = 28008）
2025-12-20 14:54:02 - INFO - 从 unsold_orders 表中删除了 1 行数据（ID = 31114）
2025-12-20 14:54:02 - INFO - 从 unsold_orders 表中删除了 1 行数据（ID = 31115）
2025-12-20 14:54:15 - INFO - 从 sales_derivative_orders 表中删除了 1 行数据（ID = 31681）
2025-12-20 14:54:17 - INFO - 从 unsold_orders 表中删除了 1 行数据（ID = 31238）
2025-12-20 14:54:18 - INFO - 从 unsold_orders 表中删除了 1 行数据（ID = 29059）
2025-12-20 14:54:18 - INFO - 从 unsold_orders 表中删除了 1 行数据（ID = 30603）
2025-12-20 14:54:26 - INFO - 从 unsold_orders 表中删除了 1 行数据（ID = 30127）
2025-12-20 14:54:26 - INFO - 从 unsold_orders 表中删除了 1 行数据（ID = 30034）
2025-12-20 14:54:32 - INFO - 从 unsold_orders 表中删除了 1 行数据（ID = 26939）
2025-12-20 14:54:40 - INFO - 从 unsold_orders 表中删除了 1 行数据（ID = 24549）
2025-12-20 14:54:43 - INFO - 从 unsold_orders 表中删除了 1 行数据（ID = 12419）
2025-12-20 14:54:46 - INFO - 从 unsold_orders 表中删除了 1 行数据（ID = 28134）
2025-12-20 14:54:50 - INFO - 从 unsold_orders 表中删除了 1 行数据（ID = 26572）
2025-12-20 14:54:55 - INFO - 从 unsold_orders 表中删除了 1 行数据（ID = 12823）
2025-12-20 14:54:56 - INFO - 从 unsold_orders 表中删除了 1 行数据（ID = 23545）
2025-12-20 14:54:56 - INFO - 从 unsold_orders 表中删除了 1 行数据（ID = 23462）
2025-12-20 14:55:01 - INFO - 从 unsold_orders 表中删除了 1 行数据（ID = 2903）
2025-12-20 14:55:01 - INFO - 从 unsold_orders 表中删除了 1 行数据（ID = 15447）
2025-12-20 15:23:28 - INFO - 从 sales_derivative_orders 表中删除了 1 行数据（ID = 30668）
2025-12-20 15:23:28 - INFO - 从 sales_derivative_orders 表中删除了 1 行数据（ID = 31308）
2025-12-20 15:23:28 - INFO - 从 sales_derivative_orders 表中删除了 1 行数据（ID = 28008）
2025-12-20 15:23:42 - INFO - 从 unsold_orders 表中删除了 1 行数据（ID = 31114）
2025-12-20 15:23:42 - INFO - 从 unsold_orders 表中删除了 1 行数据（ID = 31115）
2025-12-20 15:23:53 - INFO - 从 sales_derivative_orders 表中删除了 1 行数据（ID = 31681）
2025-12-20 15:23:54 - INFO - 从 unsold_orders 表中删除了 1 行数据（ID = 31238）
2025-12-20 15:23:55 - INFO - 从 unsold_orders 表中删除了 1 行数据（ID = 29059）
2025-12-20 15:23:56 - INFO - 从 unsold_orders 表中删除了 1 行数据（ID = 30603）
2025-12-20 15:24:03 - INFO - 从 unsold_orders 表中删除了 1 行数据（ID = 30127）
2025-12-20 15:24:03 - INFO - 从 unsold_orders 表中删除了 1 行数据（ID = 30034）
2025-12-20 15:24:10 - INFO - 从 unsold_orders 表中删除了 1 行数据（ID = 26939）
2025-12-20 15:24:19 - INFO - 从 unsold_orders 表中删除了 1 行数据（ID = 24549）
2025-12-20 15:24:22 - INFO - 从 unsold_orders 表中删除了 1 行数据（ID = 12419）
2025-12-20 15:24:25 - INFO - 从 unsold_orders 表中删除了 1 行数据（ID = 28134）
2025-12-20 15:24:29 - INFO - 从 unsold_orders 表中删除了 1 行数据（ID = 26572）
2025-12-20 15:24:35 - INFO - 从 unsold_orders 表中删除了 1 行数据（ID = 12823）
2025-12-20 15:24:36 - INFO - 从 unsold_orders 表中删除了 1 行数据（ID = 23545）
2025-12-20 15:24:36 - INFO - 从 unsold_orders 表中删除了 1 行数据（ID = 23462）
2025-12-20 15:24:41 - INFO - 从 unsold_orders 表中删除了 1 行数据（ID = 2903）
2025-12-20 15:24:41 - INFO - 从 unsold_orders 表中删除了 1 行数据（ID = 15447）
2025-12-20 15:53:43 - INFO - 从 sales_derivative_orders 表中删除了 1 行数据（ID = 31308）
2025-12-20 15:53:43 - INFO - 从 sales_derivative_orders 表中删除了 1 行数据（ID = 28008）
2025-12-20 15:53:58 - INFO - 从 unsold_orders 表中删除了 1 行数据（ID = 31114）
2025-12-20 15:53:58 - INFO - 从 unsold_orders 表中删除了 1 行数据（ID = 31115）
2025-12-20 15:54:08 - INFO - 从 sales_derivative_orders 表中删除了 1 行数据（ID = 31681）
2025-12-20 15:54:09 - INFO - 从 unsold_orders 表中删除了 1 行数据（ID = 31238）
2025-12-20 15:54:10 - INFO - 从 unsold_orders 表中删除了 1 行数据（ID = 29059）
2025-12-20 15:54:10 - INFO - 从 unsold_orders 表中删除了 1 行数据（ID = 30603）
2025-12-20 15:54:17 - INFO - 从 unsold_orders 表中删除了 1 行数据（ID = 30127）
2025-12-20 15:54:17 - INFO - 从 unsold_orders 表中删除了 1 行数据（ID = 30034）
2025-12-20 15:54:25 - INFO - 从 unsold_orders 表中删除了 1 行数据（ID = 26939）
2025-12-20 15:54:36 - INFO - 从 unsold_orders 表中删除了 1 行数据（ID = 24549）
2025-12-20 15:54:39 - INFO - 从 unsold_orders 表中删除了 1 行数据（ID = 12419）
2025-12-20 15:54:42 - INFO - 从 unsold_orders 表中删除了 1 行数据（ID = 28134）
2025-12-20 15:54:46 - INFO - 从 unsold_orders 表中删除了 1 行数据（ID = 26572）
2025-12-20 15:54:52 - INFO - 从 unsold_orders 表中删除了 1 行数据（ID = 12823）
2025-12-20 15:54:52 - INFO - 从 unsold_orders 表中删除了 1 行数据（ID = 23545）
2025-12-20 15:54:52 - INFO - 从 unsold_orders 表中删除了 1 行数据（ID = 23462）
2025-12-20 15:54:57 - INFO - 从 unsold_orders 表中删除了 1 行数据（ID = 2903）
2025-12-20 15:54:58 - INFO - 从 unsold_orders 表中删除了 1 行数据（ID = 15447）
2025-12-20 16:23:31 - INFO - 从 sales_derivative_orders 表中删除了 1 行数据（ID = 31967）
2025-12-20 16:23:31 - INFO - 从 sales_derivative_orders 表中删除了 1 行数据（ID = 31308）
2025-12-20 16:23:31 - INFO - 从 sales_derivative_orders 表中删除了 1 行数据（ID = 28008）
2025-12-20 16:23:46 - INFO - 从 unsold_orders 表中删除了 1 行数据（ID = 31114）
2025-12-20 16:23:46 - INFO - 从 sales_derivative_orders 表中删除了 1 行数据（ID = 31114）
2025-12-20 16:23:46 - INFO - 从 unsold_orders 表中删除了 1 行数据（ID = 31115）
2025-12-20 16:23:59 - INFO - 从 sales_derivative_orders 表中删除了 1 行数据（ID = 31681）
2025-12-20 16:24:00 - INFO - 从 unsold_orders 表中删除了 1 行数据（ID = 31238）
2025-12-20 16:24:01 - INFO - 从 unsold_orders 表中删除了 1 行数据（ID = 29059）
2025-12-20 16:24:01 - INFO - 从 unsold_orders 表中删除了 1 行数据（ID = 30603）
2025-12-20 16:24:08 - INFO - 从 unsold_orders 表中删除了 1 行数据（ID = 30127）
2025-12-20 16:24:08 - INFO - 从 unsold_orders 表中删除了 1 行数据（ID = 30034）
2025-12-20 16:24:13 - INFO - 从 unsold_orders 表中删除了 1 行数据（ID = 26939）
2025-12-20 16:24:21 - INFO - 从 unsold_orders 表中删除了 1 行数据（ID = 24549）
2025-12-20 16:24:24 - INFO - 从 unsold_orders 表中删除了 1 行数据（ID = 12419）
2025-12-20 16:24:26 - INFO - 从 unsold_orders 表中删除了 1 行数据（ID = 28134）
2025-12-20 16:24:31 - INFO - 从 unsold_orders 表中删除了 1 行数据（ID = 26572）
2025-12-20 16:24:36 - INFO - 从 unsold_orders 表中删除了 1 行数据（ID = 12823）
2025-12-20 16:24:37 - INFO - 从 unsold_orders 表中删除了 1 行数据（ID = 23545）
2025-12-20 16:24:37 - INFO - 从 unsold_orders 表中删除了 1 行数据（ID = 23462）
2025-12-20 16:24:42 - INFO - 从 unsold_orders 表中删除了 1 行数据（ID = 2903）
2025-12-20 16:24:42 - INFO - 从 unsold_orders 表中删除了 1 行数据（ID = 15447）
2025-12-20 16:51:05 - INFO - 从 sales_derivative_orders 表中删除了 1 行数据（ID = 30668）
2025-12-20 16:51:05 - INFO - 从 sales_derivative_orders 表中删除了 1 行数据（ID = 31308）
2025-12-20 16:51:07 - INFO - 从 sales_derivative_orders 表中删除了 1 行数据（ID = 29969）
2025-12-20 16:51:07 - INFO - 从 sales_derivative_orders 表中删除了 1 行数据（ID = 31055）
2025-12-20 16:51:11 - INFO - 从 sales_derivative_orders 表中删除了 1 行数据（ID = 31534）
2025-12-20 16:51:11 - INFO - 从 sales_derivative_orders 表中删除了 1 行数据（ID = 30965）
2025-12-20 16:51:11 - INFO - 从 sales_derivative_orders 表中删除了 1 行数据（ID = 30293）
2025-12-20 16:51:11 - INFO - 从 sales_derivative_orders 表中删除了 1 行数据（ID = 31114）
2025-12-20 16:51:11 - INFO - 从 sales_derivative_orders 表中删除了 1 行数据（ID = 31115）
2025-12-20 16:51:12 - INFO - 从 sales_derivative_orders 表中删除了 1 行数据（ID = 30972）
2025-12-20 16:51:12 - INFO - 从 sales_derivative_orders 表中删除了 1 行数据（ID = 30941）
2025-12-20 16:51:12 - INFO - 从 sales_derivative_orders 表中删除了 1 行数据（ID = 30498）
2025-12-20 16:51:12 - INFO - 从 sales_derivative_orders 表中删除了 1 行数据（ID = 30887）
2025-12-20 16:51:19 - INFO - 从 sales_derivative_orders 表中删除了 1 行数据（ID = 31626）
2025-12-20 16:51:19 - INFO - 从 sales_derivative_orders 表中删除了 1 行数据（ID = 30929）
2025-12-20 16:51:20 - INFO - 从 sales_derivative_orders 表中删除了 1 行数据（ID = 31681）
2025-12-20 16:51:21 - INFO - 从 sales_derivative_orders 表中删除了 1 行数据（ID = 31238）
2025-12-20 16:51:23 - INFO - 从 sales_derivative_orders 表中删除了 1 行数据（ID = 30603）
2025-12-20 16:51:26 - INFO - 从 sales_derivative_orders 表中删除了 1 行数据（ID = 30275）
2025-12-20 16:51:29 - INFO - 从 sales_derivative_orders 表中删除了 1 行数据（ID = 30731）
2025-12-20 16:51:30 - INFO - 从 sales_derivative_orders 表中删除了 1 行数据（ID = 30127）
2025-12-20 16:51:30 - INFO - 从 sales_derivative_orders 表中删除了 1 行数据（ID = 30034）
2025-12-20 16:51:39 - INFO - 从 sales_derivative_orders 表中删除了 1 行数据（ID = 30035）
2025-12-20 16:53:50 - INFO - 从 sales_derivative_orders 表中删除了 1 行数据（ID = 27954）
2025-12-20 16:53:50 - INFO - 从 sales_derivative_orders 表中删除了 1 行数据（ID = 31308）
2025-12-20 16:53:50 - INFO - 从 sales_derivative_orders 表中删除了 1 行数据（ID = 28008）
2025-12-20 16:53:53 - INFO - 从 unsold_orders 表中删除了 1 行数据（ID = 31114）
2025-12-20 16:53:53 - INFO - 从 sales_derivative_orders 表中删除了 1 行数据（ID = 31114）
2025-12-20 16:53:53 - INFO - 从 unsold_orders 表中删除了 1 行数据（ID = 31115）
2025-12-20 16:54:02 - INFO - 从 sales_derivative_orders 表中删除了 1 行数据（ID = 31681）
2025-12-20 16:54:03 - INFO - 从 unsold_orders 表中删除了 1 行数据（ID = 31238）
2025-12-20 16:54:04 - INFO - 从 unsold_orders 表中删除了 1 行数据（ID = 29059）
2025-12-20 16:54:04 - INFO - 从 unsold_orders 表中删除了 1 行数据（ID = 30603）
2025-12-20 16:54:10 - INFO - 从 unsold_orders 表中删除了 1 行数据（ID = 30127）
2025-12-20 16:54:10 - INFO - 从 unsold_orders 表中删除了 1 行数据（ID = 30034）
2025-12-20 16:54:16 - INFO - 从 unsold_orders 表中删除了 1 行数据（ID = 26939）
2025-12-20 16:54:26 - INFO - 从 unsold_orders 表中删除了 1 行数据（ID = 24549）
2025-12-20 16:54:29 - INFO - 从 unsold_orders 表中删除了 1 行数据（ID = 12419）
2025-12-20 16:54:32 - INFO - 从 unsold_orders 表中删除了 1 行数据（ID = 28134）
2025-12-20 16:54:36 - INFO - 从 unsold_orders 表中删除了 1 行数据（ID = 26572）
2025-12-20 16:54:42 - INFO - 从 unsold_orders 表中删除了 1 行数据（ID = 12823）
2025-12-20 16:54:43 - INFO - 从 unsold_orders 表中删除了 1 行数据（ID = 23545）
2025-12-20 16:54:43 - INFO - 从 unsold_orders 表中删除了 1 行数据（ID = 23462）
2025-12-20 16:54:48 - INFO - 从 unsold_orders 表中删除了 1 行数据（ID = 2903）
2025-12-20 16:54:48 - INFO - 从 unsold_orders 表中删除了 1 行数据（ID = 15447）
2025-12-20 17:23:42 - INFO - 从 package_sales 表中删除了 1 行数据（SaleId = 15137）
2025-12-20 17:23:42 - INFO - 从 sales_derivative_orders 表中删除了 1 行数据（ID = 31308）
2025-12-20 17:23:42 - INFO - 从 sales_derivative_orders 表中删除了 1 行数据（ID = 28008）
2025-12-20 17:23:56 - INFO - 从 sales_derivative_orders 表中删除了 1 行数据（ID = 31114）
2025-12-20 17:23:56 - INFO - 从 unsold_orders 表中删除了 1 行数据（ID = 31115）
2025-12-20 17:24:08 - INFO - 从 sales_derivative_orders 表中删除了 1 行数据（ID = 31681）
2025-12-20 17:24:09 - INFO - 从 unsold_orders 表中删除了 1 行数据（ID = 31238）
2025-12-20 17:24:11 - INFO - 从 unsold_orders 表中删除了 1 行数据（ID = 29059）
2025-12-20 17:24:11 - INFO - 从 unsold_orders 表中删除了 1 行数据（ID = 30603）
2025-12-20 17:24:20 - INFO - 从 unsold_orders 表中删除了 1 行数据（ID = 30127）
2025-12-20 17:24:20 - INFO - 从 unsold_orders 表中删除了 1 行数据（ID = 30034）
2025-12-20 17:24:28 - INFO - 从 unsold_orders 表中删除了 1 行数据（ID = 26939）
2025-12-20 17:24:39 - INFO - 从 unsold_orders 表中删除了 1 行数据（ID = 24549）
2025-12-20 17:24:42 - INFO - 从 unsold_orders 表中删除了 1 行数据（ID = 12419）
2025-12-20 17:24:45 - INFO - 从 unsold_orders 表中删除了 1 行数据（ID = 28134）
2025-12-20 17:24:50 - INFO - 从 unsold_orders 表中删除了 1 行数据（ID = 26572）
2025-12-20 17:24:55 - INFO - 从 unsold_orders 表中删除了 1 行数据（ID = 12823）
2025-12-20 17:24:56 - INFO - 从 unsold_orders 表中删除了 1 行数据（ID = 23545）
2025-12-20 17:24:56 - INFO - 从 unsold_orders 表中删除了 1 行数据（ID = 23462）
2025-12-20 17:25:01 - INFO - 从 unsold_orders 表中删除了 1 行数据（ID = 2903）
2025-12-20 17:25:01 - INFO - 从 unsold_orders 表中删除了 1 行数据（ID = 15447）
2025-12-20 17:53:29 - INFO - 从 sales_derivative_orders 表中删除了 1 行数据（ID = 31308）
2025-12-20 17:53:29 - INFO - 从 sales_derivative_orders 表中删除了 1 行数据（ID = 28008）
2025-12-20 17:53:39 - INFO - 从 unsold_orders 表中删除了 1 行数据（ID = 31114）
2025-12-20 17:53:39 - INFO - 从 sales_derivative_orders 表中删除了 1 行数据（ID = 31114）
2025-12-20 17:53:39 - INFO - 从 unsold_orders 表中删除了 1 行数据（ID = 31115）
2025-12-20 17:53:48 - INFO - 从 sales_derivative_orders 表中删除了 1 行数据（ID = 31681）
2025-12-20 17:53:49 - INFO - 从 unsold_orders 表中删除了 1 行数据（ID = 31238）
2025-12-20 17:53:50 - INFO - 从 unsold_orders 表中删除了 1 行数据（ID = 29059）
2025-12-20 17:53:50 - INFO - 从 unsold_orders 表中删除了 1 行数据（ID = 30603）
2025-12-20 17:53:57 - INFO - 从 unsold_orders 表中删除了 1 行数据（ID = 30127）
2025-12-20 17:53:57 - INFO - 从 unsold_orders 表中删除了 1 行数据（ID = 30034）
2025-12-20 17:54:04 - INFO - 从 unsold_orders 表中删除了 1 行数据（ID = 26939）
2025-12-20 17:54:13 - INFO - 从 unsold_orders 表中删除了 1 行数据（ID = 24549）
2025-12-20 17:54:16 - INFO - 从 unsold_orders 表中删除了 1 行数据（ID = 12419）
2025-12-20 17:54:18 - INFO - 从 unsold_orders 表中删除了 1 行数据（ID = 28134）
2025-12-20 17:54:22 - INFO - 从 unsold_orders 表中删除了 1 行数据（ID = 26572）
2025-12-20 17:54:28 - INFO - 从 unsold_orders 表中删除了 1 行数据（ID = 12823）
2025-12-20 17:54:29 - INFO - 从 unsold_orders 表中删除了 1 行数据（ID = 23545）
2025-12-20 17:54:29 - INFO - 从 unsold_orders 表中删除了 1 行数据（ID = 23462）
2025-12-20 17:54:34 - INFO - 从 unsold_orders 表中删除了 1 行数据（ID = 2903）
2025-12-20 17:54:34 - INFO - 从 unsold_orders 表中删除了 1 行数据（ID = 15447）
2025-12-20 18:23:44 - INFO - 从 sales_derivative_orders 表中删除了 1 行数据（ID = 31308）
2025-12-20 18:23:44 - INFO - 从 sales_derivative_orders 表中删除了 1 行数据（ID = 28008）
2025-12-20 18:23:58 - INFO - 从 sales_derivative_orders 表中删除了 1 行数据（ID = 31114）
2025-12-20 18:23:58 - INFO - 从 unsold_orders 表中删除了 1 行数据（ID = 31115）
2025-12-20 18:24:09 - INFO - 从 sales_derivative_orders 表中删除了 1 行数据（ID = 31681）
2025-12-20 18:24:11 - INFO - 从 unsold_orders 表中删除了 1 行数据（ID = 31238）
2025-12-20 18:24:12 - INFO - 从 unsold_orders 表中删除了 1 行数据（ID = 29059）
2025-12-20 18:24:12 - INFO - 从 unsold_orders 表中删除了 1 行数据（ID = 30603）
2025-12-20 18:24:21 - INFO - 从 unsold_orders 表中删除了 1 行数据（ID = 30127）
2025-12-20 18:24:21 - INFO - 从 unsold_orders 表中删除了 1 行数据（ID = 30034）
2025-12-20 18:24:29 - INFO - 从 unsold_orders 表中删除了 1 行数据（ID = 26939）
2025-12-20 18:24:37 - INFO - 从 unsold_orders 表中删除了 1 行数据（ID = 24549）
2025-12-20 18:24:40 - INFO - 从 unsold_orders 表中删除了 1 行数据（ID = 12419）
2025-12-20 18:24:43 - INFO - 从 unsold_orders 表中删除了 1 行数据（ID = 28134）
2025-12-20 18:24:47 - INFO - 从 unsold_orders 表中删除了 1 行数据（ID = 26572）
2025-12-20 18:24:52 - INFO - 从 unsold_orders 表中删除了 1 行数据（ID = 12823）
2025-12-20 18:24:53 - INFO - 从 unsold_orders 表中删除了 1 行数据（ID = 23545）
2025-12-20 18:24:53 - INFO - 从 unsold_orders 表中删除了 1 行数据（ID = 23462）
2025-12-20 18:24:58 - INFO - 从 unsold_orders 表中删除了 1 行数据（ID = 2903）
2025-12-20 18:24:59 - INFO - 从 unsold_orders 表中删除了 1 行数据（ID = 15447）
2025-12-20 18:53:44 - INFO - 从 sales_derivative_orders 表中删除了 1 行数据（ID = 31308）
2025-12-20 18:53:45 - INFO - 从 sales_derivative_orders 表中删除了 1 行数据（ID = 28008）
2025-12-20 18:53:55 - INFO - 从 sales_derivative_orders 表中删除了 1 行数据（ID = 31114）
2025-12-20 18:53:55 - INFO - 从 unsold_orders 表中删除了 1 行数据（ID = 31115）
2025-12-20 18:54:04 - INFO - 从 sales_derivative_orders 表中删除了 1 行数据（ID = 31681）
2025-12-20 18:54:05 - INFO - 从 unsold_orders 表中删除了 1 行数据（ID = 31238）
2025-12-20 18:54:07 - INFO - 从 unsold_orders 表中删除了 1 行数据（ID = 29059）
2025-12-20 18:54:07 - INFO - 从 unsold_orders 表中删除了 1 行数据（ID = 30603）
2025-12-20 18:54:14 - INFO - 从 unsold_orders 表中删除了 1 行数据（ID = 30127）
2025-12-20 18:54:14 - INFO - 从 unsold_orders 表中删除了 1 行数据（ID = 30034）
2025-12-20 18:54:20 - INFO - 从 unsold_orders 表中删除了 1 行数据（ID = 26939）
2025-12-20 18:54:28 - INFO - 从 unsold_orders 表中删除了 1 行数据（ID = 24549）
2025-12-20 18:54:32 - INFO - 从 unsold_orders 表中删除了 1 行数据（ID = 12419）
2025-12-20 18:54:34 - INFO - 从 unsold_orders 表中删除了 1 行数据（ID = 28134）
2025-12-20 18:54:38 - INFO - 从 unsold_orders 表中删除了 1 行数据（ID = 26572）
2025-12-20 18:54:44 - INFO - 从 unsold_orders 表中删除了 1 行数据（ID = 12823）
2025-12-20 18:54:45 - INFO - 从 unsold_orders 表中删除了 1 行数据（ID = 23545）
2025-12-20 18:54:45 - INFO - 从 unsold_orders 表中删除了 1 行数据（ID = 23462）
2025-12-20 18:54:50 - INFO - 从 unsold_orders 表中删除了 1 行数据（ID = 2903）
2025-12-20 18:54:50 - INFO - 从 unsold_orders 表中删除了 1 行数据（ID = 15447）
2025-12-20 19:23:24 - INFO - 从 package_sales 表中删除了 1 行数据（SaleId = 16497）
2025-12-20 19:23:24 - INFO - 从 sales_derivative_orders 表中删除了 1 行数据（ID = 31308）
2025-12-20 19:23:24 - INFO - 从 sales_derivative_orders 表中删除了 1 行数据（ID = 28008）
2025-12-20 19:23:34 - INFO - 从 sales_derivative_orders 表中删除了 1 行数据（ID = 31114）
2025-12-20 19:23:34 - INFO - 从 unsold_orders 表中删除了 1 行数据（ID = 31115）
2025-12-20 19:23:41 - INFO - 从 sales_derivative_orders 表中删除了 1 行数据（ID = 31681）
2025-12-20 19:23:43 - INFO - 从 unsold_orders 表中删除了 1 行数据（ID = 31238）
2025-12-20 19:23:44 - INFO - 从 unsold_orders 表中删除了 1 行数据（ID = 29059）
2025-12-20 19:23:44 - INFO - 从 unsold_orders 表中删除了 1 行数据（ID = 30603）
2025-12-20 19:23:52 - INFO - 从 unsold_orders 表中删除了 1 行数据（ID = 30127）
2025-12-20 19:23:52 - INFO - 从 unsold_orders 表中删除了 1 行数据（ID = 30034）
2025-12-20 19:23:59 - INFO - 从 unsold_orders 表中删除了 1 行数据（ID = 26939）
2025-12-20 19:24:09 - INFO - 从 unsold_orders 表中删除了 1 行数据（ID = 24549）
2025-12-20 19:24:12 - INFO - 从 unsold_orders 表中删除了 1 行数据（ID = 12419）
2025-12-20 19:24:15 - INFO - 从 unsold_orders 表中删除了 1 行数据（ID = 28134）
2025-12-20 19:24:20 - INFO - 从 unsold_orders 表中删除了 1 行数据（ID = 26572）
2025-12-20 19:24:26 - INFO - 从 unsold_orders 表中删除了 1 行数据（ID = 12823）
2025-12-20 19:24:26 - INFO - 从 unsold_orders 表中删除了 1 行数据（ID = 23545）
2025-12-20 19:24:26 - INFO - 从 unsold_orders 表中删除了 1 行数据（ID = 23462）
2025-12-20 19:24:31 - INFO - 从 unsold_orders 表中删除了 1 行数据（ID = 2903）
2025-12-20 19:24:32 - INFO - 从 unsold_orders 表中删除了 1 行数据（ID = 15447）
2025-12-20 19:50:20 - INFO - 从 sales_derivative_orders 表中删除了 1 行数据（ID = 30668）
2025-12-20 19:50:20 - INFO - 从 sales_derivative_orders 表中删除了 1 行数据（ID = 31308）
2025-12-20 19:50:22 - INFO - 从 sales_derivative_orders 表中删除了 1 行数据（ID = 29969）
2025-12-20 19:50:22 - INFO - 从 sales_derivative_orders 表中删除了 1 行数据（ID = 31055）
2025-12-20 19:50:27 - INFO - 从 sales_derivative_orders 表中删除了 1 行数据（ID = 31534）
2025-12-20 19:50:27 - INFO - 从 sales_derivative_orders 表中删除了 1 行数据（ID = 30965）
2025-12-20 19:50:27 - INFO - 从 sales_derivative_orders 表中删除了 1 行数据（ID = 30293）
2025-12-20 19:50:27 - INFO - 从 sales_derivative_orders 表中删除了 1 行数据（ID = 31114）
2025-12-20 19:50:27 - INFO - 从 sales_derivative_orders 表中删除了 1 行数据（ID = 31115）
2025-12-20 19:50:27 - INFO - 从 sales_derivative_orders 表中删除了 1 行数据（ID = 30972）
2025-12-20 19:50:28 - INFO - 从 sales_derivative_orders 表中删除了 1 行数据（ID = 30941）
2025-12-20 19:50:28 - INFO - 从 sales_derivative_orders 表中删除了 1 行数据（ID = 30498）
2025-12-20 19:50:28 - INFO - 从 sales_derivative_orders 表中删除了 1 行数据（ID = 30887）
2025-12-20 19:50:34 - INFO - 从 sales_derivative_orders 表中删除了 1 行数据（ID = 31626）
2025-12-20 19:50:35 - INFO - 从 sales_derivative_orders 表中删除了 1 行数据（ID = 30929）
2025-12-20 19:50:35 - INFO - 从 sales_derivative_orders 表中删除了 1 行数据（ID = 31681）
2025-12-20 19:50:37 - INFO - 从 sales_derivative_orders 表中删除了 1 行数据（ID = 31238）
2025-12-20 19:50:38 - INFO - 从 sales_derivative_orders 表中删除了 1 行数据（ID = 30603）
2025-12-20 19:50:42 - INFO - 从 sales_derivative_orders 表中删除了 1 行数据（ID = 30275）
2025-12-20 19:50:46 - INFO - 从 sales_derivative_orders 表中删除了 1 行数据（ID = 30731）
2025-12-20 19:50:47 - INFO - 从 sales_derivative_orders 表中删除了 1 行数据（ID = 30127）
2025-12-20 19:50:47 - INFO - 从 sales_derivative_orders 表中删除了 1 行数据（ID = 30034）
2025-12-20 19:50:55 - INFO - 从 sales_derivative_orders 表中删除了 1 行数据（ID = 30035）
2025-12-20 19:53:20 - INFO - 从 sales_derivative_orders 表中删除了 1 行数据（ID = 31308）
2025-12-20 19:53:20 - INFO - 从 sales_derivative_orders 表中删除了 1 行数据（ID = 28008）
2025-12-20 19:53:23 - INFO - 从 sales_derivative_orders 表中删除了 1 行数据（ID = 31114）
2025-12-20 19:53:23 - INFO - 从 unsold_orders 表中删除了 1 行数据（ID = 31115）
2025-12-20 19:53:33 - INFO - 从 sales_derivative_orders 表中删除了 1 行数据（ID = 31681）
2025-12-20 19:53:34 - INFO - 从 unsold_orders 表中删除了 1 行数据（ID = 31238）
2025-12-20 19:53:36 - INFO - 从 unsold_orders 表中删除了 1 行数据（ID = 29059）
2025-12-20 19:53:36 - INFO - 从 unsold_orders 表中删除了 1 行数据（ID = 30603）
2025-12-20 19:53:45 - INFO - 从 unsold_orders 表中删除了 1 行数据（ID = 30127）
2025-12-20 19:53:45 - INFO - 从 unsold_orders 表中删除了 1 行数据（ID = 30034）
2025-12-20 19:53:52 - INFO - 从 unsold_orders 表中删除了 1 行数据（ID = 26939）
2025-12-20 19:54:02 - INFO - 从 unsold_orders 表中删除了 1 行数据（ID = 24549）
2025-12-20 19:54:05 - INFO - 从 unsold_orders 表中删除了 1 行数据（ID = 12419）
2025-12-20 19:54:08 - INFO - 从 unsold_orders 表中删除了 1 行数据（ID = 28134）
2025-12-20 19:54:12 - INFO - 从 unsold_orders 表中删除了 1 行数据（ID = 26572）
2025-12-20 19:54:18 - INFO - 从 unsold_orders 表中删除了 1 行数据（ID = 12823）
2025-12-20 19:54:19 - INFO - 从 unsold_orders 表中删除了 1 行数据（ID = 23545）
2025-12-20 19:54:19 - INFO - 从 unsold_orders 表中删除了 1 行数据（ID = 23462）
2025-12-20 19:54:24 - INFO - 从 unsold_orders 表中删除了 1 行数据（ID = 2903）
2025-12-20 19:54:24 - INFO - 从 unsold_orders 表中删除了 1 行数据（ID = 15447）
2025-12-20 20:23:23 - INFO - 从 sales_derivative_orders 表中删除了 1 行数据（ID = 31308）
2025-12-20 20:23:23 - INFO - 从 sales_derivative_orders 表中删除了 1 行数据（ID = 28008）
2025-12-20 20:23:38 - INFO - 从 sales_derivative_orders 表中删除了 1 行数据（ID = 31114）
2025-12-20 20:23:38 - INFO - 从 unsold_orders 表中删除了 1 行数据（ID = 31115）
2025-12-20 20:23:49 - INFO - 从 sales_derivative_orders 表中删除了 1 行数据（ID = 31681）
2025-12-20 20:23:50 - INFO - 从 unsold_orders 表中删除了 1 行数据（ID = 31238）
2025-12-20 20:23:51 - INFO - 从 unsold_orders 表中删除了 1 行数据（ID = 29059）
2025-12-20 20:23:51 - INFO - 从 unsold_orders 表中删除了 1 行数据（ID = 30603）
2025-12-20 20:23:58 - INFO - 从 unsold_orders 表中删除了 1 行数据（ID = 30127）
2025-12-20 20:23:58 - INFO - 从 unsold_orders 表中删除了 1 行数据（ID = 30034）
2025-12-20 20:24:06 - INFO - 从 unsold_orders 表中删除了 1 行数据（ID = 26939）
2025-12-20 20:24:17 - INFO - 从 unsold_orders 表中删除了 1 行数据（ID = 24549）
2025-12-20 20:24:20 - INFO - 从 unsold_orders 表中删除了 1 行数据（ID = 12419）
2025-12-20 20:24:23 - INFO - 从 unsold_orders 表中删除了 1 行数据（ID = 28134）
2025-12-20 20:24:27 - INFO - 从 unsold_orders 表中删除了 1 行数据（ID = 26572）
2025-12-20 20:24:33 - INFO - 从 unsold_orders 表中删除了 1 行数据（ID = 12823）
2025-12-20 20:24:34 - INFO - 从 unsold_orders 表中删除了 1 行数据（ID = 23545）
2025-12-20 20:24:34 - INFO - 从 unsold_orders 表中删除了 1 行数据（ID = 23462）
2025-12-20 20:24:39 - INFO - 从 unsold_orders 表中删除了 1 行数据（ID = 2903）
2025-12-20 20:24:40 - INFO - 从 unsold_orders 表中删除了 1 行数据（ID = 15447）
2025-12-20 20:53:21 - INFO - 从 sales_derivative_orders 表中删除了 1 行数据（ID = 31308）
2025-12-20 20:53:21 - INFO - 从 sales_derivative_orders 表中删除了 1 行数据（ID = 28008）
2025-12-20 20:53:36 - INFO - 从 sales_derivative_orders 表中删除了 1 行数据（ID = 31114）
2025-12-20 20:53:36 - INFO - 从 unsold_orders 表中删除了 1 行数据（ID = 31115）
2025-12-20 20:53:47 - INFO - 从 sales_derivative_orders 表中删除了 1 行数据（ID = 31681）
2025-12-20 20:53:49 - INFO - 从 unsold_orders 表中删除了 1 行数据（ID = 31238）
2025-12-20 20:53:50 - INFO - 从 unsold_orders 表中删除了 1 行数据（ID = 29059）
2025-12-20 20:53:50 - INFO - 从 unsold_orders 表中删除了 1 行数据（ID = 30603）
2025-12-20 20:53:58 - INFO - 从 unsold_orders 表中删除了 1 行数据（ID = 30127）
2025-12-20 20:53:58 - INFO - 从 unsold_orders 表中删除了 1 行数据（ID = 30034）
2025-12-20 20:54:06 - INFO - 从 unsold_orders 表中删除了 1 行数据（ID = 26939）
2025-12-20 20:54:16 - INFO - 从 unsold_orders 表中删除了 1 行数据（ID = 24549）
2025-12-20 20:54:20 - INFO - 从 unsold_orders 表中删除了 1 行数据（ID = 12419）
2025-12-20 20:54:23 - INFO - 从 unsold_orders 表中删除了 1 行数据（ID = 28134）
2025-12-20 20:54:27 - INFO - 从 unsold_orders 表中删除了 1 行数据（ID = 26572）
2025-12-20 20:54:33 - INFO - 从 unsold_orders 表中删除了 1 行数据（ID = 12823）
2025-12-20 20:54:33 - INFO - 从 unsold_orders 表中删除了 1 行数据（ID = 23545）
2025-12-20 20:54:33 - INFO - 从 unsold_orders 表中删除了 1 行数据（ID = 23462）
2025-12-20 20:54:38 - INFO - 从 unsold_orders 表中删除了 1 行数据（ID = 2903）
2025-12-20 20:54:39 - INFO - 从 unsold_orders 表中删除了 1 行数据（ID = 15447）
2025-12-20 21:23:22 - INFO - 从 sales_derivative_orders 表中删除了 1 行数据（ID = 31308）
2025-12-20 21:23:22 - INFO - 从 sales_derivative_orders 表中删除了 1 行数据（ID = 28008）
2025-12-20 21:23:35 - INFO - 从 sales_derivative_orders 表中删除了 1 行数据（ID = 31114）
2025-12-20 21:23:35 - INFO - 从 unsold_orders 表中删除了 1 行数据（ID = 31115）
2025-12-20 21:23:46 - INFO - 从 sales_derivative_orders 表中删除了 1 行数据（ID = 31681）
2025-12-20 21:23:47 - INFO - 从 unsold_orders 表中删除了 1 行数据（ID = 31238）
2025-12-20 21:23:49 - INFO - 从 unsold_orders 表中删除了 1 行数据（ID = 29059）
2025-12-20 21:23:49 - INFO - 从 unsold_orders 表中删除了 1 行数据（ID = 30603）
2025-12-20 21:23:55 - INFO - 从 unsold_orders 表中删除了 1 行数据（ID = 30127）
2025-12-20 21:23:55 - INFO - 从 unsold_orders 表中删除了 1 行数据（ID = 30034）
2025-12-20 21:24:01 - INFO - 从 unsold_orders 表中删除了 1 行数据（ID = 26939）
2025-12-20 21:24:10 - INFO - 从 unsold_orders 表中删除了 1 行数据（ID = 24549）
2025-12-20 21:24:13 - INFO - 从 unsold_orders 表中删除了 1 行数据（ID = 12419）
2025-12-20 21:24:16 - INFO - 从 unsold_orders 表中删除了 1 行数据（ID = 28134）
2025-12-20 21:24:20 - INFO - 从 unsold_orders 表中删除了 1 行数据（ID = 26572）
2025-12-20 21:24:25 - INFO - 从 unsold_orders 表中删除了 1 行数据（ID = 12823）
2025-12-20 21:24:26 - INFO - 从 unsold_orders 表中删除了 1 行数据（ID = 23545）
2025-12-20 21:24:26 - INFO - 从 unsold_orders 表中删除了 1 行数据（ID = 23462）
2025-12-20 21:24:31 - INFO - 从 unsold_orders 表中删除了 1 行数据（ID = 2903）
2025-12-20 21:24:31 - INFO - 从 unsold_orders 表中删除了 1 行数据（ID = 15447）
2025-12-20 21:53:24 - INFO - 从 sales_derivative_orders 表中删除了 1 行数据（ID = 31308）
2025-12-20 21:53:24 - INFO - 从 sales_derivative_orders 表中删除了 1 行数据（ID = 28008）
2025-12-20 21:53:34 - INFO - 从 sales_derivative_orders 表中删除了 1 行数据（ID = 31114）
2025-12-20 21:53:34 - INFO - 从 unsold_orders 表中删除了 1 行数据（ID = 31115）
2025-12-20 21:53:43 - INFO - 从 sales_derivative_orders 表中删除了 1 行数据（ID = 31681）
2025-12-20 21:53:44 - INFO - 从 unsold_orders 表中删除了 1 行数据（ID = 31238）
2025-12-20 21:53:46 - INFO - 从 unsold_orders 表中删除了 1 行数据（ID = 29059）
2025-12-20 21:53:46 - INFO - 从 unsold_orders 表中删除了 1 行数据（ID = 30603）
2025-12-20 21:53:53 - INFO - 从 unsold_orders 表中删除了 1 行数据（ID = 30127）
2025-12-20 21:53:53 - INFO - 从 unsold_orders 表中删除了 1 行数据（ID = 30034）
2025-12-20 21:53:59 - INFO - 从 unsold_orders 表中删除了 1 行数据（ID = 26939）
2025-12-20 21:54:07 - INFO - 从 unsold_orders 表中删除了 1 行数据（ID = 24549）
2025-12-20 21:54:10 - INFO - 从 unsold_orders 表中删除了 1 行数据（ID = 12419）
2025-12-20 21:54:13 - INFO - 从 unsold_orders 表中删除了 1 行数据（ID = 28134）
2025-12-20 21:54:17 - INFO - 从 unsold_orders 表中删除了 1 行数据（ID = 26572）
2025-12-20 21:54:23 - INFO - 从 unsold_orders 表中删除了 1 行数据（ID = 12823）
2025-12-20 21:54:24 - INFO - 从 unsold_orders 表中删除了 1 行数据（ID = 23545）
2025-12-20 21:54:24 - INFO - 从 unsold_orders 表中删除了 1 行数据（ID = 23462）
2025-12-20 21:54:29 - INFO - 从 unsold_orders 表中删除了 1 行数据（ID = 2903）
2025-12-20 21:54:29 - INFO - 从 unsold_orders 表中删除了 1 行数据（ID = 15447）
