2025-12-25 08:51:39 - INFO - 从 unsold_orders 表中删除了 1 行数据（ID = 27757）
2025-12-25 08:51:52 - INFO - 从 unsold_orders 表中删除了 1 行数据（ID = 29969）
2025-12-25 08:52:38 - INFO - 从 unsold_orders 表中删除了 1 行数据（ID = 31238）
2025-12-25 08:52:41 - INFO - 从 unsold_orders 表中删除了 1 行数据（ID = 30603）
2025-12-25 08:52:48 - INFO - 从 unsold_orders 表中删除了 1 行数据（ID = 30127）
2025-12-25 08:52:48 - INFO - 从 unsold_orders 表中删除了 1 行数据（ID = 30034）
2025-12-25 08:52:56 - INFO - 从 unsold_orders 表中删除了 1 行数据（ID = 26939）
2025-12-25 08:53:05 - INFO - 从 unsold_orders 表中删除了 1 行数据（ID = 24549）
2025-12-25 08:53:09 - INFO - 从 unsold_orders 表中删除了 1 行数据（ID = 12419）
2025-12-25 08:53:11 - INFO - 从 unsold_orders 表中删除了 1 行数据（ID = 28134）
2025-12-25 08:53:20 - INFO - 从 unsold_orders 表中删除了 1 行数据（ID = 12823）
2025-12-25 08:53:21 - INFO - 从 unsold_orders 表中删除了 1 行数据（ID = 23545）
2025-12-25 08:53:21 - INFO - 从 unsold_orders 表中删除了 1 行数据（ID = 23462）
2025-12-25 08:53:25 - INFO - 从 unsold_orders 表中删除了 1 行数据（ID = 2903）
2025-12-25 08:53:26 - INFO - 从 unsold_orders 表中删除了 1 行数据（ID = 15447）
2025-12-25 09:02:11 - INFO - 从 sales_derivative_orders 表中删除了 1 行数据（ID = 30934）
2025-12-25 09:02:30 - INFO - 从 sales_derivative_orders 表中删除了 1 行数据（ID = 31896）
2025-12-25 09:02:33 - INFO - 从 sales_derivative_orders 表中删除了 1 行数据（ID = 31308）
2025-12-25 09:02:34 - INFO - 从 sales_derivative_orders 表中删除了 1 行数据（ID = 29969）
2025-12-25 09:02:37 - INFO - 从 sales_derivative_orders 表中删除了 1 行数据（ID = 31114）
2025-12-25 09:02:46 - INFO - 从 sales_derivative_orders 表中删除了 1 行数据（ID = 31681）
2025-12-25 09:02:47 - INFO - 从 sales_derivative_orders 表中删除了 1 行数据（ID = 31238）
2025-12-25 09:02:48 - INFO - 从 sales_derivative_orders 表中删除了 1 行数据（ID = 30603）
2025-12-25 09:02:52 - INFO - 从 sales_derivative_orders 表中删除了 1 行数据（ID = 30275）
2025-12-25 09:02:55 - INFO - 从 sales_derivative_orders 表中删除了 1 行数据（ID = 30731）
2025-12-25 09:02:56 - INFO - 从 sales_derivative_orders 表中删除了 1 行数据（ID = 30127）
2025-12-25 09:02:56 - INFO - 从 sales_derivative_orders 表中删除了 1 行数据（ID = 30034）
2025-12-25 09:03:04 - INFO - 从 sales_derivative_orders 表中删除了 1 行数据（ID = 30035）
2025-12-25 09:23:37 - INFO - 从 unsold_orders 表中删除了 1 行数据（ID = 27757）
2025-12-25 09:23:40 - INFO - 从 unsold_orders 表中删除了 1 行数据（ID = 29969）
2025-12-25 09:23:50 - INFO - 从 unsold_orders 表中删除了 1 行数据（ID = 31238）
2025-12-25 09:23:51 - INFO - 从 unsold_orders 表中删除了 1 行数据（ID = 30603）
2025-12-25 09:23:56 - INFO - 从 unsold_orders 表中删除了 1 行数据（ID = 30127）
2025-12-25 09:23:57 - INFO - 从 unsold_orders 表中删除了 1 行数据（ID = 30034）
2025-12-25 09:24:01 - INFO - 从 unsold_orders 表中删除了 1 行数据（ID = 26939）
2025-12-25 09:24:09 - INFO - 从 unsold_orders 表中删除了 1 行数据（ID = 24549）
2025-12-25 09:24:11 - INFO - 从 unsold_orders 表中删除了 1 行数据（ID = 12419）
2025-12-25 09:24:13 - INFO - 从 unsold_orders 表中删除了 1 行数据（ID = 28134）
2025-12-25 09:24:21 - INFO - 从 unsold_orders 表中删除了 1 行数据（ID = 12823）
2025-12-25 09:24:22 - INFO - 从 unsold_orders 表中删除了 1 行数据（ID = 23545）
2025-12-25 09:24:22 - INFO - 从 unsold_orders 表中删除了 1 行数据（ID = 23462）
2025-12-25 09:24:26 - INFO - 从 unsold_orders 表中删除了 1 行数据（ID = 2903）
2025-12-25 09:24:26 - INFO - 从 unsold_orders 表中删除了 1 行数据（ID = 15447）
2025-12-25 09:53:47 - INFO - 从 unsold_orders 表中删除了 1 行数据（ID = 27757）
2025-12-25 09:53:53 - INFO - 从 unsold_orders 表中删除了 1 行数据（ID = 29969）
2025-12-25 09:54:08 - INFO - 从 unsold_orders 表中删除了 1 行数据（ID = 31238）
2025-12-25 09:54:09 - INFO - 从 unsold_orders 表中删除了 1 行数据（ID = 30603）
2025-12-25 09:54:15 - INFO - 从 unsold_orders 表中删除了 1 行数据（ID = 30127）
2025-12-25 09:54:16 - INFO - 从 unsold_orders 表中删除了 1 行数据（ID = 30034）
2025-12-25 09:54:25 - INFO - 从 unsold_orders 表中删除了 1 行数据（ID = 26939）
2025-12-25 09:54:37 - INFO - 从 unsold_orders 表中删除了 1 行数据（ID = 24549）
2025-12-25 09:54:42 - INFO - 从 unsold_orders 表中删除了 1 行数据（ID = 12419）
2025-12-25 09:54:45 - INFO - 从 unsold_orders 表中删除了 1 行数据（ID = 28134）
2025-12-25 09:54:55 - INFO - 从 unsold_orders 表中删除了 1 行数据（ID = 12823）
2025-12-25 09:54:55 - INFO - 从 unsold_orders 表中删除了 1 行数据（ID = 23545）
2025-12-25 09:54:55 - INFO - 从 unsold_orders 表中删除了 1 行数据（ID = 23462）
2025-12-25 09:55:00 - INFO - 从 unsold_orders 表中删除了 1 行数据（ID = 2903）
2025-12-25 09:55:01 - INFO - 从 unsold_orders 表中删除了 1 行数据（ID = 15447）
2025-12-25 10:23:39 - INFO - 从 sales_derivative_orders 表中删除了 1 行数据（ID = 32091）
2025-12-25 10:23:39 - INFO - 从 sales_derivative_orders 表中删除了 1 行数据（ID = 31646）
2025-12-25 10:23:40 - INFO - 从 unsold_orders 表中删除了 1 行数据（ID = 27757）
2025-12-25 10:23:42 - INFO - 从 unsold_orders 表中删除了 1 行数据（ID = 29969）
2025-12-25 10:23:55 - INFO - 从 unsold_orders 表中删除了 1 行数据（ID = 31238）
2025-12-25 10:23:56 - INFO - 从 unsold_orders 表中删除了 1 行数据（ID = 30603）
2025-12-25 10:24:08 - INFO - 从 unsold_orders 表中删除了 1 行数据（ID = 30127）
2025-12-25 10:24:08 - INFO - 从 unsold_orders 表中删除了 1 行数据（ID = 30034）
2025-12-25 10:24:20 - INFO - 从 unsold_orders 表中删除了 1 行数据（ID = 26939）
2025-12-25 10:24:33 - INFO - 从 unsold_orders 表中删除了 1 行数据（ID = 24549）
2025-12-25 10:24:37 - INFO - 从 unsold_orders 表中删除了 1 行数据（ID = 12419）
2025-12-25 10:24:40 - INFO - 从 unsold_orders 表中删除了 1 行数据（ID = 28134）
2025-12-25 10:24:49 - INFO - 从 unsold_orders 表中删除了 1 行数据（ID = 12823）
2025-12-25 10:24:50 - INFO - 从 unsold_orders 表中删除了 1 行数据（ID = 23545）
2025-12-25 10:24:50 - INFO - 从 unsold_orders 表中删除了 1 行数据（ID = 23462）
2025-12-25 10:24:56 - INFO - 从 unsold_orders 表中删除了 1 行数据（ID = 2903）
2025-12-25 10:24:56 - INFO - 从 unsold_orders 表中删除了 1 行数据（ID = 15447）
2025-12-25 10:46:52 - INFO - 从 sales_derivative_orders 表中删除了 1 行数据（ID = 32091）
2025-12-25 10:46:52 - INFO - 从 sales_derivative_orders 表中删除了 1 行数据（ID = 31646）
2025-12-25 10:46:52 - INFO - 从 sales_derivative_orders 表中删除了 1 行数据（ID = 30934）
2025-12-25 10:46:55 - INFO - 从 sales_derivative_orders 表中删除了 1 行数据（ID = 31896）
2025-12-25 10:46:56 - INFO - 从 sales_derivative_orders 表中删除了 1 行数据（ID = 31308）
2025-12-25 10:46:56 - INFO - 从 sales_derivative_orders 表中删除了 1 行数据（ID = 29969）
2025-12-25 10:46:58 - INFO - 从 sales_derivative_orders 表中删除了 1 行数据（ID = 31114）
2025-12-25 10:47:06 - INFO - 从 sales_derivative_orders 表中删除了 1 行数据（ID = 31681）
2025-12-25 10:47:07 - INFO - 从 sales_derivative_orders 表中删除了 1 行数据（ID = 31238）
2025-12-25 10:47:08 - INFO - 从 sales_derivative_orders 表中删除了 1 行数据（ID = 30603）
2025-12-25 10:47:10 - INFO - 从 sales_derivative_orders 表中删除了 1 行数据（ID = 30275）
2025-12-25 10:47:13 - INFO - 从 sales_derivative_orders 表中删除了 1 行数据（ID = 30731）
2025-12-25 10:47:14 - INFO - 从 sales_derivative_orders 表中删除了 1 行数据（ID = 30127）
2025-12-25 10:47:14 - INFO - 从 sales_derivative_orders 表中删除了 1 行数据（ID = 30034）
2025-12-25 10:47:19 - INFO - 从 sales_derivative_orders 表中删除了 1 行数据（ID = 30035）
2025-12-25 10:53:31 - INFO - 从 sales_derivative_orders 表中删除了 1 行数据（ID = 32481）
2025-12-25 10:53:32 - INFO - 从 unsold_orders 表中删除了 1 行数据（ID = 27757）
2025-12-25 10:53:34 - INFO - 从 unsold_orders 表中删除了 1 行数据（ID = 29969）
2025-12-25 10:53:44 - INFO - 从 unsold_orders 表中删除了 1 行数据（ID = 31238）
2025-12-25 10:53:45 - INFO - 从 unsold_orders 表中删除了 1 行数据（ID = 30603）
2025-12-25 10:53:51 - INFO - 从 unsold_orders 表中删除了 1 行数据（ID = 30127）
2025-12-25 10:53:52 - INFO - 从 unsold_orders 表中删除了 1 行数据（ID = 30034）
2025-12-25 10:53:57 - INFO - 从 unsold_orders 表中删除了 1 行数据（ID = 26939）
2025-12-25 10:54:06 - INFO - 从 unsold_orders 表中删除了 1 行数据（ID = 24549）
2025-12-25 10:54:09 - INFO - 从 unsold_orders 表中删除了 1 行数据（ID = 12419）
2025-12-25 10:54:11 - INFO - 从 unsold_orders 表中删除了 1 行数据（ID = 28134）
2025-12-25 10:54:19 - INFO - 从 unsold_orders 表中删除了 1 行数据（ID = 12823）
2025-12-25 10:54:20 - INFO - 从 unsold_orders 表中删除了 1 行数据（ID = 23545）
2025-12-25 10:54:20 - INFO - 从 unsold_orders 表中删除了 1 行数据（ID = 23462）
2025-12-25 10:54:24 - INFO - 从 unsold_orders 表中删除了 1 行数据（ID = 2903）
2025-12-25 10:54:24 - INFO - 从 unsold_orders 表中删除了 1 行数据（ID = 15447）
2025-12-25 11:23:39 - INFO - 从 invoice_maintenance 表中删除了 1 行数据（ID = 94250）
2025-12-25 11:23:39 - INFO - 从 sales_derivative_orders 表中删除了 1 行数据（ID = 32481）
2025-12-25 11:23:43 - INFO - 从 unsold_orders 表中删除了 1 行数据（ID = 27757）
2025-12-25 11:23:54 - INFO - 从 unsold_orders 表中删除了 1 行数据（ID = 29969）
2025-12-25 11:24:05 - INFO - 从 unsold_orders 表中删除了 1 行数据（ID = 31238）
2025-12-25 11:24:06 - INFO - 从 unsold_orders 表中删除了 1 行数据（ID = 30603）
2025-12-25 11:24:13 - INFO - 从 unsold_orders 表中删除了 1 行数据（ID = 30127）
2025-12-25 11:24:13 - INFO - 从 unsold_orders 表中删除了 1 行数据（ID = 30034）
2025-12-25 11:24:19 - INFO - 从 unsold_orders 表中删除了 1 行数据（ID = 26939）
2025-12-25 11:24:27 - INFO - 从 unsold_orders 表中删除了 1 行数据（ID = 24549）
2025-12-25 11:24:30 - INFO - 从 unsold_orders 表中删除了 1 行数据（ID = 12419）
2025-12-25 11:24:33 - INFO - 从 unsold_orders 表中删除了 1 行数据（ID = 28134）
2025-12-25 11:24:43 - INFO - 从 unsold_orders 表中删除了 1 行数据（ID = 12823）
2025-12-25 11:24:44 - INFO - 从 unsold_orders 表中删除了 1 行数据（ID = 23545）
2025-12-25 11:24:44 - INFO - 从 unsold_orders 表中删除了 1 行数据（ID = 23462）
2025-12-25 11:24:48 - INFO - 从 unsold_orders 表中删除了 1 行数据（ID = 2903）
2025-12-25 11:24:48 - INFO - 从 unsold_orders 表中删除了 1 行数据（ID = 15447）
2025-12-25 11:53:35 - INFO - 从 sales_derivative_orders 表中删除了 1 行数据（ID = 30328）
2025-12-25 11:53:36 - INFO - 从 decoration_orders 表中删除了 1 行数据（OutId = 133094）
2025-12-25 11:53:36 - INFO - 从 sales_derivative_orders 表中删除了 1 行数据（ID = 32481）
2025-12-25 11:53:37 - INFO - 从 unsold_orders 表中删除了 1 行数据（ID = 27757）
2025-12-25 11:53:40 - INFO - 从 unsold_orders 表中删除了 1 行数据（ID = 29969）
2025-12-25 11:53:55 - INFO - 从 unsold_orders 表中删除了 1 行数据（ID = 31238）
2025-12-25 11:53:56 - INFO - 从 unsold_orders 表中删除了 1 行数据（ID = 30603）
2025-12-25 11:54:10 - INFO - 从 unsold_orders 表中删除了 1 行数据（ID = 30127）
2025-12-25 11:54:10 - INFO - 从 unsold_orders 表中删除了 1 行数据（ID = 30034）
2025-12-25 11:54:20 - INFO - 从 unsold_orders 表中删除了 1 行数据（ID = 26939）
2025-12-25 11:54:30 - INFO - 从 unsold_orders 表中删除了 1 行数据（ID = 24549）
2025-12-25 11:54:33 - INFO - 从 unsold_orders 表中删除了 1 行数据（ID = 12419）
2025-12-25 11:54:36 - INFO - 从 unsold_orders 表中删除了 1 行数据（ID = 28134）
2025-12-25 11:54:46 - INFO - 从 unsold_orders 表中删除了 1 行数据（ID = 12823）
2025-12-25 11:54:47 - INFO - 从 unsold_orders 表中删除了 1 行数据（ID = 23545）
2025-12-25 11:54:47 - INFO - 从 unsold_orders 表中删除了 1 行数据（ID = 23462）
2025-12-25 11:54:52 - INFO - 从 unsold_orders 表中删除了 1 行数据（ID = 2903）
2025-12-25 11:54:52 - INFO - 从 unsold_orders 表中删除了 1 行数据（ID = 15447）
2025-12-25 12:23:27 - INFO - 从 package_sales 表中删除了 1 行数据（SaleId = 16818）
2025-12-25 12:23:29 - INFO - 从 sales_derivative_orders 表中删除了 1 行数据（ID = 32481）
2025-12-25 12:23:31 - INFO - 从 unsold_orders 表中删除了 1 行数据（ID = 27757）
2025-12-25 12:23:35 - INFO - 从 unsold_orders 表中删除了 1 行数据（ID = 29969）
2025-12-25 12:23:44 - INFO - 从 unsold_orders 表中删除了 1 行数据（ID = 31238）
2025-12-25 12:23:45 - INFO - 从 unsold_orders 表中删除了 1 行数据（ID = 30603）
2025-12-25 12:23:51 - INFO - 从 unsold_orders 表中删除了 1 行数据（ID = 30127）
2025-12-25 12:23:51 - INFO - 从 unsold_orders 表中删除了 1 行数据（ID = 30034）
2025-12-25 12:23:56 - INFO - 从 unsold_orders 表中删除了 1 行数据（ID = 26939）
2025-12-25 12:24:03 - INFO - 从 unsold_orders 表中删除了 1 行数据（ID = 24549）
2025-12-25 12:24:05 - INFO - 从 unsold_orders 表中删除了 1 行数据（ID = 12419）
2025-12-25 12:24:08 - INFO - 从 unsold_orders 表中删除了 1 行数据（ID = 28134）
2025-12-25 12:24:16 - INFO - 从 unsold_orders 表中删除了 1 行数据（ID = 12823）
2025-12-25 12:24:17 - INFO - 从 unsold_orders 表中删除了 1 行数据（ID = 23545）
2025-12-25 12:24:17 - INFO - 从 unsold_orders 表中删除了 1 行数据（ID = 23462）
2025-12-25 12:24:21 - INFO - 从 unsold_orders 表中删除了 1 行数据（ID = 2903）
2025-12-25 12:24:21 - INFO - 从 unsold_orders 表中删除了 1 行数据（ID = 15447）
2025-12-25 12:53:36 - INFO - 从 sales_derivative_orders 表中删除了 1 行数据（ID = 32359）
2025-12-25 12:53:36 - INFO - 从 sales_derivative_orders 表中删除了 1 行数据（ID = 29932）
2025-12-25 12:53:36 - INFO - 从 package_sales 表中删除了 1 行数据（SaleId = 16624）
2025-12-25 12:53:36 - INFO - 从 package_sales 表中删除了 1 行数据（SaleId = 16733）
2025-12-25 12:53:38 - INFO - 从 sales_derivative_orders 表中删除了 1 行数据（ID = 32481）
2025-12-25 12:53:40 - INFO - 从 unsold_orders 表中删除了 1 行数据（ID = 27757）
2025-12-25 12:53:45 - INFO - 从 unsold_orders 表中删除了 1 行数据（ID = 29969）
2025-12-25 12:53:55 - INFO - 从 unsold_orders 表中删除了 1 行数据（ID = 31238）
2025-12-25 12:53:56 - INFO - 从 unsold_orders 表中删除了 1 行数据（ID = 30603）
2025-12-25 12:54:04 - INFO - 从 unsold_orders 表中删除了 1 行数据（ID = 30127）
2025-12-25 12:54:04 - INFO - 从 unsold_orders 表中删除了 1 行数据（ID = 30034）
2025-12-25 12:54:11 - INFO - 从 unsold_orders 表中删除了 1 行数据（ID = 26939）
2025-12-25 12:54:20 - INFO - 从 unsold_orders 表中删除了 1 行数据（ID = 24549）
2025-12-25 12:54:23 - INFO - 从 unsold_orders 表中删除了 1 行数据（ID = 12419）
2025-12-25 12:54:25 - INFO - 从 unsold_orders 表中删除了 1 行数据（ID = 28134）
2025-12-25 12:54:34 - INFO - 从 unsold_orders 表中删除了 1 行数据（ID = 12823）
2025-12-25 12:54:34 - INFO - 从 unsold_orders 表中删除了 1 行数据（ID = 23545）
2025-12-25 12:54:34 - INFO - 从 unsold_orders 表中删除了 1 行数据（ID = 23462）
2025-12-25 12:54:38 - INFO - 从 unsold_orders 表中删除了 1 行数据（ID = 2903）
2025-12-25 12:54:39 - INFO - 从 unsold_orders 表中删除了 1 行数据（ID = 15447）
2025-12-25 13:23:42 - INFO - 从 package_sales 表中删除了 1 行数据（SaleId = 16744）
2025-12-25 13:23:44 - INFO - 从 sales_derivative_orders 表中删除了 1 行数据（ID = 32481）
2025-12-25 13:23:48 - INFO - 从 unsold_orders 表中删除了 1 行数据（ID = 27757）
2025-12-25 13:24:00 - INFO - 从 unsold_orders 表中删除了 1 行数据（ID = 29969）
2025-12-25 13:24:17 - INFO - 从 unsold_orders 表中删除了 1 行数据（ID = 31238）
2025-12-25 13:24:18 - INFO - 从 unsold_orders 表中删除了 1 行数据（ID = 30603）
2025-12-25 13:24:27 - INFO - 从 unsold_orders 表中删除了 1 行数据（ID = 30127）
2025-12-25 13:24:27 - INFO - 从 unsold_orders 表中删除了 1 行数据（ID = 30034）
2025-12-25 13:24:35 - INFO - 从 unsold_orders 表中删除了 1 行数据（ID = 26939）
2025-12-25 13:24:43 - INFO - 从 unsold_orders 表中删除了 1 行数据（ID = 24549）
2025-12-25 13:24:47 - INFO - 从 unsold_orders 表中删除了 1 行数据（ID = 12419）
2025-12-25 13:24:49 - INFO - 从 unsold_orders 表中删除了 1 行数据（ID = 28134）
2025-12-25 13:24:59 - INFO - 从 unsold_orders 表中删除了 1 行数据（ID = 12823）
2025-12-25 13:24:59 - INFO - 从 unsold_orders 表中删除了 1 行数据（ID = 23545）
2025-12-25 13:24:59 - INFO - 从 unsold_orders 表中删除了 1 行数据（ID = 23462）
2025-12-25 13:25:04 - INFO - 从 unsold_orders 表中删除了 1 行数据（ID = 2903）
2025-12-25 13:25:04 - INFO - 从 unsold_orders 表中删除了 1 行数据（ID = 15447）
2025-12-25 13:46:58 - INFO - 从 sales_derivative_orders 表中删除了 1 行数据（ID = 32359）
2025-12-25 13:46:58 - INFO - 从 sales_derivative_orders 表中删除了 1 行数据（ID = 29932）
2025-12-25 13:46:58 - INFO - 从 sales_derivative_orders 表中删除了 1 行数据（ID = 30328）
2025-12-25 13:47:00 - INFO - 从 sales_derivative_orders 表中删除了 1 行数据（ID = 32481）
2025-12-25 13:47:00 - INFO - 从 sales_derivative_orders 表中删除了 1 行数据（ID = 32091）
2025-12-25 13:47:00 - INFO - 从 sales_derivative_orders 表中删除了 1 行数据（ID = 31646）
2025-12-25 13:47:10 - INFO - 从 sales_derivative_orders 表中删除了 1 行数据（ID = 31896）
2025-12-25 13:47:12 - INFO - 从 sales_derivative_orders 表中删除了 1 行数据（ID = 31308）
2025-12-25 13:47:12 - INFO - 从 sales_derivative_orders 表中删除了 1 行数据（ID = 29969）
2025-12-25 13:47:14 - INFO - 从 sales_derivative_orders 表中删除了 1 行数据（ID = 31114）
2025-12-25 13:47:23 - INFO - 从 sales_derivative_orders 表中删除了 1 行数据（ID = 31681）
2025-12-25 13:47:24 - INFO - 从 sales_derivative_orders 表中删除了 1 行数据（ID = 31238）
2025-12-25 13:47:25 - INFO - 从 sales_derivative_orders 表中删除了 1 行数据（ID = 30603）
2025-12-25 13:47:28 - INFO - 从 sales_derivative_orders 表中删除了 1 行数据（ID = 30275）
2025-12-25 13:47:32 - INFO - 从 sales_derivative_orders 表中删除了 1 行数据（ID = 30731）
2025-12-25 13:47:32 - INFO - 从 sales_derivative_orders 表中删除了 1 行数据（ID = 30127）
2025-12-25 13:47:32 - INFO - 从 sales_derivative_orders 表中删除了 1 行数据（ID = 30034）
2025-12-25 13:47:41 - INFO - 从 sales_derivative_orders 表中删除了 1 行数据（ID = 30035）
2025-12-25 13:54:02 - INFO - 从 sales_derivative_orders 表中删除了 1 行数据（ID = 30698）
2025-12-25 13:54:02 - INFO - 从 sales_derivative_orders 表中删除了 1 行数据（ID = 32481）
2025-12-25 13:54:03 - INFO - 从 unsold_orders 表中删除了 1 行数据（ID = 27757）
2025-12-25 13:54:06 - INFO - 从 unsold_orders 表中删除了 1 行数据（ID = 29969）
2025-12-25 13:54:15 - INFO - 从 unsold_orders 表中删除了 1 行数据（ID = 31238）
2025-12-25 13:54:17 - INFO - 从 unsold_orders 表中删除了 1 行数据（ID = 30603）
2025-12-25 13:54:24 - INFO - 从 unsold_orders 表中删除了 1 行数据（ID = 30127）
2025-12-25 13:54:24 - INFO - 从 unsold_orders 表中删除了 1 行数据（ID = 30034）
2025-12-25 13:54:32 - INFO - 从 unsold_orders 表中删除了 1 行数据（ID = 26939）
2025-12-25 13:54:42 - INFO - 从 unsold_orders 表中删除了 1 行数据（ID = 24549）
2025-12-25 13:54:44 - INFO - 从 unsold_orders 表中删除了 1 行数据（ID = 12419）
2025-12-25 13:54:47 - INFO - 从 unsold_orders 表中删除了 1 行数据（ID = 28134）
2025-12-25 13:54:56 - INFO - 从 unsold_orders 表中删除了 1 行数据（ID = 12823）
2025-12-25 13:54:56 - INFO - 从 unsold_orders 表中删除了 1 行数据（ID = 23545）
2025-12-25 13:54:57 - INFO - 从 unsold_orders 表中删除了 1 行数据（ID = 23462）
2025-12-25 13:55:01 - INFO - 从 unsold_orders 表中删除了 1 行数据（ID = 2903）
2025-12-25 13:55:01 - INFO - 从 unsold_orders 表中删除了 1 行数据（ID = 15447）
2025-12-25 14:23:30 - INFO - 从 sales_derivative_orders 表中删除了 1 行数据（ID = 26163）
2025-12-25 14:23:35 - INFO - 从 unsold_orders 表中删除了 1 行数据（ID = 27757）
2025-12-25 14:23:40 - INFO - 从 unsold_orders 表中删除了 1 行数据（ID = 29969）
2025-12-25 14:23:58 - INFO - 从 unsold_orders 表中删除了 1 行数据（ID = 31238）
2025-12-25 14:23:59 - INFO - 从 unsold_orders 表中删除了 1 行数据（ID = 30603）
2025-12-25 14:24:06 - INFO - 从 unsold_orders 表中删除了 1 行数据（ID = 30127）
2025-12-25 14:24:06 - INFO - 从 unsold_orders 表中删除了 1 行数据（ID = 30034）
2025-12-25 14:24:12 - INFO - 从 unsold_orders 表中删除了 1 行数据（ID = 26939）
2025-12-25 14:24:21 - INFO - 从 unsold_orders 表中删除了 1 行数据（ID = 24549）
2025-12-25 14:24:24 - INFO - 从 unsold_orders 表中删除了 1 行数据（ID = 12419）
2025-12-25 14:24:27 - INFO - 从 unsold_orders 表中删除了 1 行数据（ID = 28134）
2025-12-25 14:24:36 - INFO - 从 unsold_orders 表中删除了 1 行数据（ID = 12823）
2025-12-25 14:24:36 - INFO - 从 unsold_orders 表中删除了 1 行数据（ID = 23545）
2025-12-25 14:24:37 - INFO - 从 unsold_orders 表中删除了 1 行数据（ID = 23462）
2025-12-25 14:24:41 - INFO - 从 unsold_orders 表中删除了 1 行数据（ID = 2903）
2025-12-25 14:24:41 - INFO - 从 unsold_orders 表中删除了 1 行数据（ID = 15447）
2025-12-25 14:53:54 - INFO - 从 sales_derivative_orders 表中删除了 1 行数据（ID = 29568）
2025-12-25 14:53:58 - INFO - 从 unsold_orders 表中删除了 1 行数据（ID = 27757）
2025-12-25 14:54:01 - INFO - 从 unsold_orders 表中删除了 1 行数据（ID = 29969）
2025-12-25 14:54:15 - INFO - 从 unsold_orders 表中删除了 1 行数据（ID = 31238）
2025-12-25 14:54:16 - INFO - 从 unsold_orders 表中删除了 1 行数据（ID = 30603）
2025-12-25 14:54:24 - INFO - 从 unsold_orders 表中删除了 1 行数据（ID = 30127）
2025-12-25 14:54:24 - INFO - 从 unsold_orders 表中删除了 1 行数据（ID = 30034）
2025-12-25 14:54:32 - INFO - 从 unsold_orders 表中删除了 1 行数据（ID = 26939）
2025-12-25 14:54:41 - INFO - 从 unsold_orders 表中删除了 1 行数据（ID = 24549）
2025-12-25 14:54:44 - INFO - 从 unsold_orders 表中删除了 1 行数据（ID = 12419）
2025-12-25 14:54:46 - INFO - 从 unsold_orders 表中删除了 1 行数据（ID = 28134）
2025-12-25 14:54:55 - INFO - 从 unsold_orders 表中删除了 1 行数据（ID = 12823）
2025-12-25 14:54:55 - INFO - 从 unsold_orders 表中删除了 1 行数据（ID = 23545）
2025-12-25 14:54:55 - INFO - 从 unsold_orders 表中删除了 1 行数据（ID = 23462）
2025-12-25 14:55:00 - INFO - 从 unsold_orders 表中删除了 1 行数据（ID = 2903）
2025-12-25 14:55:00 - INFO - 从 unsold_orders 表中删除了 1 行数据（ID = 15447）
2025-12-25 15:23:45 - INFO - 从 unsold_orders 表中删除了 1 行数据（ID = 27757）
2025-12-25 15:23:52 - INFO - 从 unsold_orders 表中删除了 1 行数据（ID = 29969）
2025-12-25 15:24:08 - INFO - 从 unsold_orders 表中删除了 1 行数据（ID = 31238）
2025-12-25 15:24:09 - INFO - 从 unsold_orders 表中删除了 1 行数据（ID = 30603）
2025-12-25 15:24:19 - INFO - 从 unsold_orders 表中删除了 1 行数据（ID = 30127）
2025-12-25 15:24:19 - INFO - 从 unsold_orders 表中删除了 1 行数据（ID = 30034）
2025-12-25 15:24:28 - INFO - 从 unsold_orders 表中删除了 1 行数据（ID = 26939）
2025-12-25 15:24:39 - INFO - 从 unsold_orders 表中删除了 1 行数据（ID = 24549）
2025-12-25 15:24:42 - INFO - 从 unsold_orders 表中删除了 1 行数据（ID = 12419）
2025-12-25 15:24:44 - INFO - 从 unsold_orders 表中删除了 1 行数据（ID = 28134）
2025-12-25 15:24:53 - INFO - 从 unsold_orders 表中删除了 1 行数据（ID = 12823）
2025-12-25 15:24:54 - INFO - 从 unsold_orders 表中删除了 1 行数据（ID = 23545）
2025-12-25 15:24:54 - INFO - 从 unsold_orders 表中删除了 1 行数据（ID = 23462）
2025-12-25 15:24:58 - INFO - 从 unsold_orders 表中删除了 1 行数据（ID = 2903）
2025-12-25 15:24:58 - INFO - 从 unsold_orders 表中删除了 1 行数据（ID = 15447）
2025-12-25 15:53:51 - INFO - 从 unsold_orders 表中删除了 1 行数据（ID = 27757）
2025-12-25 15:53:58 - INFO - 从 unsold_orders 表中删除了 1 行数据（ID = 29969）
2025-12-25 15:54:08 - INFO - 从 unsold_orders 表中删除了 1 行数据（ID = 31238）
2025-12-25 15:54:09 - INFO - 从 unsold_orders 表中删除了 1 行数据（ID = 30603）
2025-12-25 15:54:16 - INFO - 从 unsold_orders 表中删除了 1 行数据（ID = 30127）
2025-12-25 15:54:16 - INFO - 从 unsold_orders 表中删除了 1 行数据（ID = 30034）
2025-12-25 15:54:22 - INFO - 从 unsold_orders 表中删除了 1 行数据（ID = 26939）
2025-12-25 15:54:31 - INFO - 从 unsold_orders 表中删除了 1 行数据（ID = 24549）
2025-12-25 15:54:35 - INFO - 从 unsold_orders 表中删除了 1 行数据（ID = 12419）
2025-12-25 15:54:37 - INFO - 从 unsold_orders 表中删除了 1 行数据（ID = 28134）
2025-12-25 15:54:46 - INFO - 从 unsold_orders 表中删除了 1 行数据（ID = 12823）
2025-12-25 15:54:47 - INFO - 从 unsold_orders 表中删除了 1 行数据（ID = 23545）
2025-12-25 15:54:47 - INFO - 从 unsold_orders 表中删除了 1 行数据（ID = 23462）
2025-12-25 15:54:52 - INFO - 从 unsold_orders 表中删除了 1 行数据（ID = 2903）
2025-12-25 15:54:52 - INFO - 从 unsold_orders 表中删除了 1 行数据（ID = 15447）
2025-12-25 16:23:37 - INFO - 从 unsold_orders 表中删除了 1 行数据（ID = 27757）
2025-12-25 16:23:42 - INFO - 从 unsold_orders 表中删除了 1 行数据（ID = 29969）
2025-12-25 16:23:56 - INFO - 从 unsold_orders 表中删除了 1 行数据（ID = 31238）
2025-12-25 16:23:57 - INFO - 从 unsold_orders 表中删除了 1 行数据（ID = 30603）
2025-12-25 16:24:04 - INFO - 从 unsold_orders 表中删除了 1 行数据（ID = 30127）
2025-12-25 16:24:05 - INFO - 从 unsold_orders 表中删除了 1 行数据（ID = 30034）
2025-12-25 16:24:11 - INFO - 从 unsold_orders 表中删除了 1 行数据（ID = 26939）
2025-12-25 16:24:20 - INFO - 从 unsold_orders 表中删除了 1 行数据（ID = 24549）
2025-12-25 16:24:23 - INFO - 从 unsold_orders 表中删除了 1 行数据（ID = 12419）
2025-12-25 16:24:26 - INFO - 从 unsold_orders 表中删除了 1 行数据（ID = 28134）
2025-12-25 16:24:34 - INFO - 从 unsold_orders 表中删除了 1 行数据（ID = 12823）
2025-12-25 16:24:35 - INFO - 从 unsold_orders 表中删除了 1 行数据（ID = 23545）
2025-12-25 16:24:35 - INFO - 从 unsold_orders 表中删除了 1 行数据（ID = 23462）
2025-12-25 16:24:40 - INFO - 从 unsold_orders 表中删除了 1 行数据（ID = 2903）
2025-12-25 16:24:40 - INFO - 从 unsold_orders 表中删除了 1 行数据（ID = 15447）
2025-12-25 16:46:34 - INFO - 从 sales_derivative_orders 表中删除了 1 行数据（ID = 31646）
2025-12-25 16:46:34 - INFO - 从 sales_derivative_orders 表中删除了 1 行数据（ID = 30698）
2025-12-25 16:46:34 - INFO - 从 sales_derivative_orders 表中删除了 1 行数据（ID = 32359）
2025-12-25 16:46:34 - INFO - 从 sales_derivative_orders 表中删除了 1 行数据（ID = 29932）
2025-12-25 16:46:34 - INFO - 从 sales_derivative_orders 表中删除了 1 行数据（ID = 30328）
2025-12-25 16:46:36 - INFO - 从 sales_derivative_orders 表中删除了 1 行数据（ID = 31896）
2025-12-25 16:46:37 - INFO - 从 sales_derivative_orders 表中删除了 1 行数据（ID = 31308）
2025-12-25 16:46:37 - INFO - 从 sales_derivative_orders 表中删除了 1 行数据（ID = 29969）
2025-12-25 16:46:39 - INFO - 从 sales_derivative_orders 表中删除了 1 行数据（ID = 31114）
2025-12-25 16:46:46 - INFO - 从 sales_derivative_orders 表中删除了 1 行数据（ID = 31681）
2025-12-25 16:46:48 - INFO - 从 sales_derivative_orders 表中删除了 1 行数据（ID = 31238）
2025-12-25 16:46:49 - INFO - 从 sales_derivative_orders 表中删除了 1 行数据（ID = 30603）
2025-12-25 16:46:52 - INFO - 从 sales_derivative_orders 表中删除了 1 行数据（ID = 30275）
2025-12-25 16:46:54 - INFO - 从 sales_derivative_orders 表中删除了 1 行数据（ID = 30731）
2025-12-25 16:46:55 - INFO - 从 sales_derivative_orders 表中删除了 1 行数据（ID = 30127）
2025-12-25 16:46:55 - INFO - 从 sales_derivative_orders 表中删除了 1 行数据（ID = 30034）
2025-12-25 16:47:00 - INFO - 从 sales_derivative_orders 表中删除了 1 行数据（ID = 30035）
2025-12-25 16:53:35 - INFO - 从 sales_derivative_orders 表中删除了 1 行数据（ID = 24553）
2025-12-25 16:53:35 - INFO - 从 sales_derivative_orders 表中删除了 1 行数据（ID = 26446）
2025-12-25 16:53:37 - INFO - 从 unsold_orders 表中删除了 1 行数据（ID = 27757）
2025-12-25 16:53:40 - INFO - 从 unsold_orders 表中删除了 1 行数据（ID = 29969）
2025-12-25 16:53:53 - INFO - 从 unsold_orders 表中删除了 1 行数据（ID = 31238）
2025-12-25 16:53:54 - INFO - 从 unsold_orders 表中删除了 1 行数据（ID = 30603）
2025-12-25 16:54:01 - INFO - 从 unsold_orders 表中删除了 1 行数据（ID = 30127）
2025-12-25 16:54:01 - INFO - 从 unsold_orders 表中删除了 1 行数据（ID = 30034）
2025-12-25 16:54:07 - INFO - 从 unsold_orders 表中删除了 1 行数据（ID = 26939）
2025-12-25 16:54:17 - INFO - 从 unsold_orders 表中删除了 1 行数据（ID = 24549）
2025-12-25 16:54:21 - INFO - 从 unsold_orders 表中删除了 1 行数据（ID = 12419）
2025-12-25 16:54:25 - INFO - 从 unsold_orders 表中删除了 1 行数据（ID = 28134）
2025-12-25 16:54:35 - INFO - 从 unsold_orders 表中删除了 1 行数据（ID = 12823）
2025-12-25 16:54:36 - INFO - 从 unsold_orders 表中删除了 1 行数据（ID = 23545）
2025-12-25 16:54:36 - INFO - 从 unsold_orders 表中删除了 1 行数据（ID = 23462）
2025-12-25 16:54:40 - INFO - 从 unsold_orders 表中删除了 1 行数据（ID = 2903）
2025-12-25 16:54:41 - INFO - 从 unsold_orders 表中删除了 1 行数据（ID = 15447）
2025-12-25 17:25:08 - INFO - 从 unsold_orders 表中删除了 1 行数据（ID = 27757）
2025-12-25 17:25:21 - INFO - 从 unsold_orders 表中删除了 1 行数据（ID = 29969）
2025-12-25 17:25:34 - INFO - 从 unsold_orders 表中删除了 1 行数据（ID = 31238）
2025-12-25 17:25:35 - INFO - 从 unsold_orders 表中删除了 1 行数据（ID = 30603）
2025-12-25 17:25:44 - INFO - 从 unsold_orders 表中删除了 1 行数据（ID = 30127）
2025-12-25 17:25:44 - INFO - 从 unsold_orders 表中删除了 1 行数据（ID = 30034）
2025-12-25 17:25:51 - INFO - 从 unsold_orders 表中删除了 1 行数据（ID = 26939）
2025-12-25 17:26:01 - INFO - 从 unsold_orders 表中删除了 1 行数据（ID = 24549）
2025-12-25 17:26:04 - INFO - 从 unsold_orders 表中删除了 1 行数据（ID = 12419）
2025-12-25 17:26:06 - INFO - 从 unsold_orders 表中删除了 1 行数据（ID = 28134）
2025-12-25 17:26:15 - INFO - 从 unsold_orders 表中删除了 1 行数据（ID = 12823）
2025-12-25 17:26:16 - INFO - 从 unsold_orders 表中删除了 1 行数据（ID = 23545）
2025-12-25 17:26:16 - INFO - 从 unsold_orders 表中删除了 1 行数据（ID = 23462）
2025-12-25 17:26:20 - INFO - 从 unsold_orders 表中删除了 1 行数据（ID = 2903）
2025-12-25 17:26:20 - INFO - 从 unsold_orders 表中删除了 1 行数据（ID = 15447）
2025-12-25 17:53:41 - INFO - 从 package_sales 表中删除了 1 行数据（SaleId = 16257）
2025-12-25 17:53:48 - INFO - 从 unsold_orders 表中删除了 1 行数据（ID = 27757）
2025-12-25 17:54:04 - INFO - 从 unsold_orders 表中删除了 1 行数据（ID = 29969）
2025-12-25 17:54:18 - INFO - 从 unsold_orders 表中删除了 1 行数据（ID = 31238）
2025-12-25 17:54:20 - INFO - 从 unsold_orders 表中删除了 1 行数据（ID = 30603）
2025-12-25 17:54:28 - INFO - 从 unsold_orders 表中删除了 1 行数据（ID = 30127）
2025-12-25 17:54:28 - INFO - 从 unsold_orders 表中删除了 1 行数据（ID = 30034）
2025-12-25 17:54:36 - INFO - 从 unsold_orders 表中删除了 1 行数据（ID = 26939）
2025-12-25 17:54:45 - INFO - 从 unsold_orders 表中删除了 1 行数据（ID = 24549）
2025-12-25 17:54:48 - INFO - 从 unsold_orders 表中删除了 1 行数据（ID = 12419）
2025-12-25 17:54:51 - INFO - 从 unsold_orders 表中删除了 1 行数据（ID = 28134）
2025-12-25 17:55:00 - INFO - 从 unsold_orders 表中删除了 1 行数据（ID = 12823）
2025-12-25 17:55:00 - INFO - 从 unsold_orders 表中删除了 1 行数据（ID = 23545）
2025-12-25 17:55:00 - INFO - 从 unsold_orders 表中删除了 1 行数据（ID = 23462）
2025-12-25 17:55:05 - INFO - 从 unsold_orders 表中删除了 1 行数据（ID = 2903）
2025-12-25 17:55:06 - INFO - 从 unsold_orders 表中删除了 1 行数据（ID = 15447）
2025-12-25 18:23:24 - INFO - 从 unsold_orders 表中删除了 1 行数据（ID = 27757）
2025-12-25 18:23:36 - INFO - 从 unsold_orders 表中删除了 1 行数据（ID = 29969）
2025-12-25 18:23:50 - INFO - 从 unsold_orders 表中删除了 1 行数据（ID = 31238）
2025-12-25 18:23:51 - INFO - 从 unsold_orders 表中删除了 1 行数据（ID = 30603）
2025-12-25 18:23:58 - INFO - 从 unsold_orders 表中删除了 1 行数据（ID = 30127）
2025-12-25 18:23:58 - INFO - 从 unsold_orders 表中删除了 1 行数据（ID = 30034）
2025-12-25 18:24:04 - INFO - 从 unsold_orders 表中删除了 1 行数据（ID = 26939）
2025-12-25 18:24:12 - INFO - 从 unsold_orders 表中删除了 1 行数据（ID = 24549）
2025-12-25 18:24:15 - INFO - 从 unsold_orders 表中删除了 1 行数据（ID = 12419）
2025-12-25 18:24:17 - INFO - 从 unsold_orders 表中删除了 1 行数据（ID = 28134）
2025-12-25 18:24:25 - INFO - 从 unsold_orders 表中删除了 1 行数据（ID = 12823）
2025-12-25 18:24:26 - INFO - 从 unsold_orders 表中删除了 1 行数据（ID = 23545）
2025-12-25 18:24:26 - INFO - 从 unsold_orders 表中删除了 1 行数据（ID = 23462）
2025-12-25 18:24:30 - INFO - 从 unsold_orders 表中删除了 1 行数据（ID = 2903）
2025-12-25 18:24:31 - INFO - 从 unsold_orders 表中删除了 1 行数据（ID = 15447）
2025-12-25 18:53:11 - INFO - 从 sales_derivative_orders 表中删除了 1 行数据（ID = 29869）
2025-12-25 18:53:11 - INFO - 从 sales_derivative_orders 表中删除了 1 行数据（ID = 26716）
2025-12-25 18:53:15 - INFO - 从 unsold_orders 表中删除了 1 行数据（ID = 27757）
2025-12-25 18:53:26 - INFO - 从 unsold_orders 表中删除了 1 行数据（ID = 29969）
2025-12-25 18:53:38 - INFO - 从 unsold_orders 表中删除了 1 行数据（ID = 31238）
2025-12-25 18:53:40 - INFO - 从 unsold_orders 表中删除了 1 行数据（ID = 30603）
2025-12-25 18:53:46 - INFO - 从 unsold_orders 表中删除了 1 行数据（ID = 30127）
2025-12-25 18:53:46 - INFO - 从 unsold_orders 表中删除了 1 行数据（ID = 30034）
2025-12-25 18:53:51 - INFO - 从 unsold_orders 表中删除了 1 行数据（ID = 26939）
2025-12-25 18:53:58 - INFO - 从 unsold_orders 表中删除了 1 行数据（ID = 24549）
2025-12-25 18:54:01 - INFO - 从 unsold_orders 表中删除了 1 行数据（ID = 12419）
2025-12-25 18:54:03 - INFO - 从 unsold_orders 表中删除了 1 行数据（ID = 28134）
2025-12-25 18:54:11 - INFO - 从 unsold_orders 表中删除了 1 行数据（ID = 12823）
2025-12-25 18:54:12 - INFO - 从 unsold_orders 表中删除了 1 行数据（ID = 23545）
2025-12-25 18:54:12 - INFO - 从 unsold_orders 表中删除了 1 行数据（ID = 23462）
2025-12-25 18:54:16 - INFO - 从 unsold_orders 表中删除了 1 行数据（ID = 2903）
2025-12-25 18:54:16 - INFO - 从 unsold_orders 表中删除了 1 行数据（ID = 15447）
2025-12-25 19:23:18 - INFO - 从 unsold_orders 表中删除了 1 行数据（ID = 27757）
2025-12-25 19:23:28 - INFO - 从 unsold_orders 表中删除了 1 行数据（ID = 29969）
2025-12-25 19:23:39 - INFO - 从 unsold_orders 表中删除了 1 行数据（ID = 31238）
2025-12-25 19:23:40 - INFO - 从 unsold_orders 表中删除了 1 行数据（ID = 30603）
2025-12-25 19:23:45 - INFO - 从 unsold_orders 表中删除了 1 行数据（ID = 30127）
2025-12-25 19:23:46 - INFO - 从 unsold_orders 表中删除了 1 行数据（ID = 30034）
2025-12-25 19:23:50 - INFO - 从 unsold_orders 表中删除了 1 行数据（ID = 26939）
2025-12-25 19:23:58 - INFO - 从 unsold_orders 表中删除了 1 行数据（ID = 24549）
2025-12-25 19:24:00 - INFO - 从 unsold_orders 表中删除了 1 行数据（ID = 12419）
2025-12-25 19:24:02 - INFO - 从 unsold_orders 表中删除了 1 行数据（ID = 28134）
2025-12-25 19:24:11 - INFO - 从 unsold_orders 表中删除了 1 行数据（ID = 12823）
2025-12-25 19:24:11 - INFO - 从 unsold_orders 表中删除了 1 行数据（ID = 23545）
2025-12-25 19:24:11 - INFO - 从 unsold_orders 表中删除了 1 行数据（ID = 23462）
2025-12-25 19:24:16 - INFO - 从 unsold_orders 表中删除了 1 行数据（ID = 2903）
2025-12-25 19:24:16 - INFO - 从 unsold_orders 表中删除了 1 行数据（ID = 15447）
2025-12-25 19:46:26 - INFO - 从 sales_derivative_orders 表中删除了 1 行数据（ID = 31646）
2025-12-25 19:46:26 - INFO - 从 sales_derivative_orders 表中删除了 1 行数据（ID = 30698）
2025-12-25 19:46:26 - INFO - 从 sales_derivative_orders 表中删除了 1 行数据（ID = 32359）
2025-12-25 19:46:26 - INFO - 从 sales_derivative_orders 表中删除了 1 行数据（ID = 29932）
2025-12-25 19:46:26 - INFO - 从 sales_derivative_orders 表中删除了 1 行数据（ID = 30328）
2025-12-25 19:46:38 - INFO - 从 sales_derivative_orders 表中删除了 1 行数据（ID = 31896）
2025-12-25 19:46:41 - INFO - 从 sales_derivative_orders 表中删除了 1 行数据（ID = 29969）
2025-12-25 19:46:45 - INFO - 从 sales_derivative_orders 表中删除了 1 行数据（ID = 31114）
2025-12-25 19:46:52 - INFO - 从 sales_derivative_orders 表中删除了 1 行数据（ID = 31681）
2025-12-25 19:46:53 - INFO - 从 sales_derivative_orders 表中删除了 1 行数据（ID = 31238）
2025-12-25 19:46:54 - INFO - 从 sales_derivative_orders 表中删除了 1 行数据（ID = 30603）
2025-12-25 19:46:57 - INFO - 从 sales_derivative_orders 表中删除了 1 行数据（ID = 30275）
2025-12-25 19:46:59 - INFO - 从 sales_derivative_orders 表中删除了 1 行数据（ID = 30731）
2025-12-25 19:47:00 - INFO - 从 sales_derivative_orders 表中删除了 1 行数据（ID = 30127）
2025-12-25 19:47:00 - INFO - 从 sales_derivative_orders 表中删除了 1 行数据（ID = 30034）
2025-12-25 19:47:06 - INFO - 从 sales_derivative_orders 表中删除了 1 行数据（ID = 30035）
2025-12-25 19:53:18 - INFO - 从 unsold_orders 表中删除了 1 行数据（ID = 27757）
2025-12-25 19:53:21 - INFO - 从 unsold_orders 表中删除了 1 行数据（ID = 29969）
2025-12-25 19:53:31 - INFO - 从 unsold_orders 表中删除了 1 行数据（ID = 31238）
2025-12-25 19:53:32 - INFO - 从 unsold_orders 表中删除了 1 行数据（ID = 30603）
2025-12-25 19:53:38 - INFO - 从 unsold_orders 表中删除了 1 行数据（ID = 30127）
2025-12-25 19:53:38 - INFO - 从 unsold_orders 表中删除了 1 行数据（ID = 30034）
2025-12-25 19:53:43 - INFO - 从 unsold_orders 表中删除了 1 行数据（ID = 26939）
2025-12-25 19:53:52 - INFO - 从 unsold_orders 表中删除了 1 行数据（ID = 24549）
2025-12-25 19:53:54 - INFO - 从 unsold_orders 表中删除了 1 行数据（ID = 12419）
2025-12-25 19:53:57 - INFO - 从 unsold_orders 表中删除了 1 行数据（ID = 28134）
2025-12-25 19:54:06 - INFO - 从 unsold_orders 表中删除了 1 行数据（ID = 12823）
2025-12-25 19:54:06 - INFO - 从 unsold_orders 表中删除了 1 行数据（ID = 23545）
2025-12-25 19:54:06 - INFO - 从 unsold_orders 表中删除了 1 行数据（ID = 23462）
2025-12-25 19:54:10 - INFO - 从 unsold_orders 表中删除了 1 行数据（ID = 2903）
2025-12-25 19:54:11 - INFO - 从 unsold_orders 表中删除了 1 行数据（ID = 15447）
2025-12-25 20:23:22 - INFO - 从 unsold_orders 表中删除了 1 行数据（ID = 27757）
2025-12-25 20:23:35 - INFO - 从 unsold_orders 表中删除了 1 行数据（ID = 29969）
2025-12-25 20:24:27 - INFO - 从 unsold_orders 表中删除了 1 行数据（ID = 31238）
2025-12-25 20:24:30 - INFO - 从 unsold_orders 表中删除了 1 行数据（ID = 30603）
2025-12-25 20:24:37 - INFO - 从 unsold_orders 表中删除了 1 行数据（ID = 30127）
2025-12-25 20:24:37 - INFO - 从 unsold_orders 表中删除了 1 行数据（ID = 30034）
2025-12-25 20:24:44 - INFO - 从 unsold_orders 表中删除了 1 行数据（ID = 26939）
2025-12-25 20:24:53 - INFO - 从 unsold_orders 表中删除了 1 行数据（ID = 24549）
2025-12-25 20:24:56 - INFO - 从 unsold_orders 表中删除了 1 行数据（ID = 12419）
2025-12-25 20:24:58 - INFO - 从 unsold_orders 表中删除了 1 行数据（ID = 28134）
2025-12-25 20:25:07 - INFO - 从 unsold_orders 表中删除了 1 行数据（ID = 12823）
2025-12-25 20:25:08 - INFO - 从 unsold_orders 表中删除了 1 行数据（ID = 23545）
2025-12-25 20:25:08 - INFO - 从 unsold_orders 表中删除了 1 行数据（ID = 23462）
2025-12-25 20:25:12 - INFO - 从 unsold_orders 表中删除了 1 行数据（ID = 2903）
2025-12-25 20:25:12 - INFO - 从 unsold_orders 表中删除了 1 行数据（ID = 15447）
2025-12-25 20:53:24 - INFO - 从 unsold_orders 表中删除了 1 行数据（ID = 27757）
2025-12-25 20:53:36 - INFO - 从 unsold_orders 表中删除了 1 行数据（ID = 29969）
2025-12-25 20:54:24 - INFO - 从 unsold_orders 表中删除了 1 行数据（ID = 31238）
2025-12-25 20:54:28 - INFO - 从 unsold_orders 表中删除了 1 行数据（ID = 30603）
2025-12-25 20:54:35 - INFO - 从 unsold_orders 表中删除了 1 行数据（ID = 30127）
2025-12-25 20:54:35 - INFO - 从 unsold_orders 表中删除了 1 行数据（ID = 30034）
2025-12-25 20:54:43 - INFO - 从 unsold_orders 表中删除了 1 行数据（ID = 26939）
2025-12-25 20:54:52 - INFO - 从 unsold_orders 表中删除了 1 行数据（ID = 24549）
2025-12-25 20:54:55 - INFO - 从 unsold_orders 表中删除了 1 行数据（ID = 12419）
2025-12-25 20:54:58 - INFO - 从 unsold_orders 表中删除了 1 行数据（ID = 28134）
2025-12-25 20:55:07 - INFO - 从 unsold_orders 表中删除了 1 行数据（ID = 12823）
2025-12-25 20:55:07 - INFO - 从 unsold_orders 表中删除了 1 行数据（ID = 23545）
2025-12-25 20:55:07 - INFO - 从 unsold_orders 表中删除了 1 行数据（ID = 23462）
2025-12-25 20:55:12 - INFO - 从 unsold_orders 表中删除了 1 行数据（ID = 2903）
2025-12-25 20:55:12 - INFO - 从 unsold_orders 表中删除了 1 行数据（ID = 15447）
2025-12-25 21:23:24 - INFO - 从 unsold_orders 表中删除了 1 行数据（ID = 27757）
2025-12-25 21:23:36 - INFO - 从 unsold_orders 表中删除了 1 行数据（ID = 29969）
2025-12-25 21:23:48 - INFO - 从 unsold_orders 表中删除了 1 行数据（ID = 31238）
2025-12-25 21:23:49 - INFO - 从 unsold_orders 表中删除了 1 行数据（ID = 30603）
2025-12-25 21:23:55 - INFO - 从 unsold_orders 表中删除了 1 行数据（ID = 30127）
2025-12-25 21:23:55 - INFO - 从 unsold_orders 表中删除了 1 行数据（ID = 30034）
2025-12-25 21:24:01 - INFO - 从 unsold_orders 表中删除了 1 行数据（ID = 26939）
2025-12-25 21:24:09 - INFO - 从 unsold_orders 表中删除了 1 行数据（ID = 24549）
2025-12-25 21:24:12 - INFO - 从 unsold_orders 表中删除了 1 行数据（ID = 12419）
2025-12-25 21:24:15 - INFO - 从 unsold_orders 表中删除了 1 行数据（ID = 28134）
2025-12-25 21:24:23 - INFO - 从 unsold_orders 表中删除了 1 行数据（ID = 12823）
2025-12-25 21:24:24 - INFO - 从 unsold_orders 表中删除了 1 行数据（ID = 23545）
2025-12-25 21:24:24 - INFO - 从 unsold_orders 表中删除了 1 行数据（ID = 23462）
2025-12-25 21:24:28 - INFO - 从 unsold_orders 表中删除了 1 行数据（ID = 2903）
2025-12-25 21:24:29 - INFO - 从 unsold_orders 表中删除了 1 行数据（ID = 15447）
2025-12-25 21:53:26 - INFO - 从 unsold_orders 表中删除了 1 行数据（ID = 27757）
2025-12-25 21:53:39 - INFO - 从 unsold_orders 表中删除了 1 行数据（ID = 29969）
2025-12-25 21:53:53 - INFO - 从 unsold_orders 表中删除了 1 行数据（ID = 31238）
2025-12-25 21:53:54 - INFO - 从 unsold_orders 表中删除了 1 行数据（ID = 30603）
2025-12-25 21:54:00 - INFO - 从 unsold_orders 表中删除了 1 行数据（ID = 30127）
2025-12-25 21:54:00 - INFO - 从 unsold_orders 表中删除了 1 行数据（ID = 30034）
2025-12-25 21:54:06 - INFO - 从 unsold_orders 表中删除了 1 行数据（ID = 26939）
2025-12-25 21:54:14 - INFO - 从 unsold_orders 表中删除了 1 行数据（ID = 24549）
2025-12-25 21:54:17 - INFO - 从 unsold_orders 表中删除了 1 行数据（ID = 12419）
2025-12-25 21:54:19 - INFO - 从 unsold_orders 表中删除了 1 行数据（ID = 28134）
2025-12-25 21:54:28 - INFO - 从 unsold_orders 表中删除了 1 行数据（ID = 12823）
2025-12-25 21:54:28 - INFO - 从 unsold_orders 表中删除了 1 行数据（ID = 23545）
2025-12-25 21:54:28 - INFO - 从 unsold_orders 表中删除了 1 行数据（ID = 23462）
2025-12-25 21:54:33 - INFO - 从 unsold_orders 表中删除了 1 行数据（ID = 2903）
2025-12-25 21:54:33 - INFO - 从 unsold_orders 表中删除了 1 行数据（ID = 15447）
