2025-12-26 08:52:19 - INFO - 从 unsold_orders 表中删除了 1 行数据（ID = 27757）
2025-12-26 08:52:32 - INFO - 从 unsold_orders 表中删除了 1 行数据（ID = 29969）
2025-12-26 08:52:46 - INFO - 从 unsold_orders 表中删除了 1 行数据（ID = 31238）
2025-12-26 08:52:48 - INFO - 从 unsold_orders 表中删除了 1 行数据（ID = 30603）
2025-12-26 08:52:55 - INFO - 从 unsold_orders 表中删除了 1 行数据（ID = 30127）
2025-12-26 08:52:55 - INFO - 从 unsold_orders 表中删除了 1 行数据（ID = 30034）
2025-12-26 08:53:03 - INFO - 从 unsold_orders 表中删除了 1 行数据（ID = 26939）
2025-12-26 08:53:14 - INFO - 从 unsold_orders 表中删除了 1 行数据（ID = 24549）
2025-12-26 08:53:18 - INFO - 从 unsold_orders 表中删除了 1 行数据（ID = 12419）
2025-12-26 08:53:20 - INFO - 从 unsold_orders 表中删除了 1 行数据（ID = 28134）
2025-12-26 08:53:31 - INFO - 从 unsold_orders 表中删除了 1 行数据（ID = 12823）
2025-12-26 08:53:31 - INFO - 从 unsold_orders 表中删除了 1 行数据（ID = 23545）
2025-12-26 08:53:31 - INFO - 从 unsold_orders 表中删除了 1 行数据（ID = 23462）
2025-12-26 08:53:36 - INFO - 从 unsold_orders 表中删除了 1 行数据（ID = 2903）
2025-12-26 08:53:36 - INFO - 从 unsold_orders 表中删除了 1 行数据（ID = 15447）
2025-12-26 09:01:51 - INFO - 从 sales_derivative_orders 表中删除了 1 行数据（ID = 31646）
2025-12-26 09:01:51 - INFO - 从 sales_derivative_orders 表中删除了 1 行数据（ID = 32359）
2025-12-26 09:01:52 - INFO - 从 sales_derivative_orders 表中删除了 1 行数据（ID = 29932）
2025-12-26 09:01:52 - INFO - 从 sales_derivative_orders 表中删除了 1 行数据（ID = 30328）
2025-12-26 09:02:05 - INFO - 从 sales_derivative_orders 表中删除了 1 行数据（ID = 31896）
2025-12-26 09:02:09 - INFO - 从 sales_derivative_orders 表中删除了 1 行数据（ID = 29969）
2025-12-26 09:02:13 - INFO - 从 sales_derivative_orders 表中删除了 1 行数据（ID = 31114）
2025-12-26 09:02:22 - INFO - 从 sales_derivative_orders 表中删除了 1 行数据（ID = 31681）
2025-12-26 09:02:23 - INFO - 从 sales_derivative_orders 表中删除了 1 行数据（ID = 31238）
2025-12-26 09:02:24 - INFO - 从 sales_derivative_orders 表中删除了 1 行数据（ID = 30603）
2025-12-26 09:02:30 - INFO - 从 sales_derivative_orders 表中删除了 1 行数据（ID = 30275）
2025-12-26 09:02:35 - INFO - 从 sales_derivative_orders 表中删除了 1 行数据（ID = 30731）
2025-12-26 09:02:35 - INFO - 从 sales_derivative_orders 表中删除了 1 行数据（ID = 30127）
2025-12-26 09:02:35 - INFO - 从 sales_derivative_orders 表中删除了 1 行数据（ID = 30034）
2025-12-26 09:02:43 - INFO - 从 sales_derivative_orders 表中删除了 1 行数据（ID = 30035）
2025-12-26 09:23:30 - INFO - 从 sales_derivative_orders 表中删除了 1 行数据（ID = 27143）
2025-12-26 09:23:32 - INFO - 从 unsold_orders 表中删除了 1 行数据（ID = 27757）
2025-12-26 09:23:34 - INFO - 从 unsold_orders 表中删除了 1 行数据（ID = 29969）
2025-12-26 09:23:46 - INFO - 从 unsold_orders 表中删除了 1 行数据（ID = 31238）
2025-12-26 09:23:47 - INFO - 从 unsold_orders 表中删除了 1 行数据（ID = 30603）
2025-12-26 09:23:54 - INFO - 从 unsold_orders 表中删除了 1 行数据（ID = 30127）
2025-12-26 09:23:54 - INFO - 从 unsold_orders 表中删除了 1 行数据（ID = 30034）
2025-12-26 09:24:00 - INFO - 从 unsold_orders 表中删除了 1 行数据（ID = 26939）
2025-12-26 09:24:08 - INFO - 从 unsold_orders 表中删除了 1 行数据（ID = 24549）
2025-12-26 09:24:10 - INFO - 从 unsold_orders 表中删除了 1 行数据（ID = 12419）
2025-12-26 09:24:12 - INFO - 从 unsold_orders 表中删除了 1 行数据（ID = 28134）
2025-12-26 09:24:21 - INFO - 从 unsold_orders 表中删除了 1 行数据（ID = 12823）
2025-12-26 09:24:22 - INFO - 从 unsold_orders 表中删除了 1 行数据（ID = 23545）
2025-12-26 09:24:22 - INFO - 从 unsold_orders 表中删除了 1 行数据（ID = 23462）
2025-12-26 09:24:26 - INFO - 从 unsold_orders 表中删除了 1 行数据（ID = 2903）
2025-12-26 09:24:26 - INFO - 从 unsold_orders 表中删除了 1 行数据（ID = 15447）
2025-12-26 13:47:04 - INFO - 从 sales_derivative_orders 表中删除了 1 行数据（ID = 31646）
2025-12-26 13:47:04 - INFO - 从 sales_derivative_orders 表中删除了 1 行数据（ID = 32359）
2025-12-26 13:47:04 - INFO - 从 sales_derivative_orders 表中删除了 1 行数据（ID = 29932）
2025-12-26 13:47:04 - INFO - 从 sales_derivative_orders 表中删除了 1 行数据（ID = 30328）
2025-12-26 13:47:08 - INFO - 从 sales_derivative_orders 表中删除了 1 行数据（ID = 31896）
2025-12-26 13:47:09 - INFO - 从 sales_derivative_orders 表中删除了 1 行数据（ID = 29969）
2025-12-26 13:47:11 - INFO - 从 sales_derivative_orders 表中删除了 1 行数据（ID = 31114）
2025-12-26 13:47:18 - INFO - 从 sales_derivative_orders 表中删除了 1 行数据（ID = 31681）
2025-12-26 13:47:19 - INFO - 从 sales_derivative_orders 表中删除了 1 行数据（ID = 31238）
2025-12-26 13:47:20 - INFO - 从 sales_derivative_orders 表中删除了 1 行数据（ID = 30603）
2025-12-26 13:47:23 - INFO - 从 sales_derivative_orders 表中删除了 1 行数据（ID = 30275）
2025-12-26 13:47:25 - INFO - 从 sales_derivative_orders 表中删除了 1 行数据（ID = 30731）
2025-12-26 13:47:26 - INFO - 从 sales_derivative_orders 表中删除了 1 行数据（ID = 30127）
2025-12-26 13:47:26 - INFO - 从 sales_derivative_orders 表中删除了 1 行数据（ID = 30034）
2025-12-26 13:47:32 - INFO - 从 sales_derivative_orders 表中删除了 1 行数据（ID = 30035）
2025-12-26 15:02:23 - INFO - 从 sales_derivative_orders 表中删除了 1 行数据（ID = 32472）
2025-12-26 15:02:23 - INFO - 从 package_sales 表中删除了 1 行数据（SaleId = 16336）
2025-12-26 15:02:23 - INFO - 从 sales_derivative_orders 表中删除了 1 行数据（ID = 30080）
2025-12-26 15:02:23 - INFO - 从 sales_derivative_orders 表中删除了 1 行数据（ID = 31566）
2025-12-26 15:02:23 - INFO - 从 invoice_maintenance 表中删除了 1 行数据（ID = 94426）
2025-12-26 15:02:23 - INFO - 从 sales_derivative_orders 表中删除了 1 行数据（ID = 27312）
2025-12-26 15:02:23 - INFO - 从 sales_derivative_orders 表中删除了 1 行数据（ID = 32230）
2025-12-26 15:02:23 - INFO - 从 sales_derivative_orders 表中删除了 1 行数据（ID = 30697）
2025-12-26 15:02:23 - INFO - 从 package_sales 表中删除了 1 行数据（SaleId = 15608）
2025-12-26 15:02:23 - INFO - 从 sales_derivative_orders 表中删除了 1 行数据（ID = 30556）
2025-12-26 15:02:24 - INFO - 从 unsold_orders 表中删除了 1 行数据（ID = 27757）
2025-12-26 15:02:26 - INFO - 从 unsold_orders 表中删除了 1 行数据（ID = 29969）
2025-12-26 15:02:33 - INFO - 从 unsold_orders 表中删除了 1 行数据（ID = 31238）
2025-12-26 15:02:34 - INFO - 从 unsold_orders 表中删除了 1 行数据（ID = 30603）
2025-12-26 15:02:39 - INFO - 从 unsold_orders 表中删除了 1 行数据（ID = 30127）
2025-12-26 15:02:39 - INFO - 从 unsold_orders 表中删除了 1 行数据（ID = 30034）
2025-12-26 15:02:49 - INFO - 从 unsold_orders 表中删除了 1 行数据（ID = 24549）
2025-12-26 15:02:51 - INFO - 从 unsold_orders 表中删除了 1 行数据（ID = 12419）
2025-12-26 15:02:52 - INFO - 从 unsold_orders 表中删除了 1 行数据（ID = 28134）
2025-12-26 15:02:57 - INFO - 从 unsold_orders 表中删除了 1 行数据（ID = 12823）
2025-12-26 15:02:57 - INFO - 从 unsold_orders 表中删除了 1 行数据（ID = 23545）
2025-12-26 15:02:57 - INFO - 从 unsold_orders 表中删除了 1 行数据（ID = 23462）
2025-12-26 15:02:58 - INFO - 从 unsold_orders 表中删除了 1 行数据（ID = 2903）
2025-12-26 15:02:58 - INFO - 从 unsold_orders 表中删除了 1 行数据（ID = 15447）
2025-12-26 16:07:40 - INFO - 从 sales_derivative_orders 表中删除了 1 行数据（ID = 32530）
2025-12-26 16:07:41 - INFO - 从 unsold_orders 表中删除了 1 行数据（ID = 27757）
2025-12-26 16:07:44 - INFO - 从 unsold_orders 表中删除了 1 行数据（ID = 29969）
2025-12-26 16:23:26 - INFO - 从 sales_derivative_orders 表中删除了 1 行数据（ID = 25147）
2025-12-26 16:23:28 - INFO - 从 unsold_orders 表中删除了 1 行数据（ID = 27757）
2025-12-26 16:23:31 - INFO - 从 unsold_orders 表中删除了 1 行数据（ID = 29969）
2025-12-26 16:23:41 - INFO - 从 unsold_orders 表中删除了 1 行数据（ID = 31238）
2025-12-26 16:23:42 - INFO - 从 unsold_orders 表中删除了 1 行数据（ID = 30603）
2025-12-26 16:23:48 - INFO - 从 unsold_orders 表中删除了 1 行数据（ID = 30127）
2025-12-26 16:23:49 - INFO - 从 unsold_orders 表中删除了 1 行数据（ID = 30034）
2025-12-26 16:24:02 - INFO - 从 unsold_orders 表中删除了 1 行数据（ID = 24549）
2025-12-26 16:24:04 - INFO - 从 unsold_orders 表中删除了 1 行数据（ID = 12419）
2025-12-26 16:24:06 - INFO - 从 unsold_orders 表中删除了 1 行数据（ID = 28134）
2025-12-26 16:24:14 - INFO - 从 unsold_orders 表中删除了 1 行数据（ID = 12823）
2025-12-26 16:24:15 - INFO - 从 unsold_orders 表中删除了 1 行数据（ID = 23545）
2025-12-26 16:24:15 - INFO - 从 unsold_orders 表中删除了 1 行数据（ID = 23462）
2025-12-26 16:24:19 - INFO - 从 unsold_orders 表中删除了 1 行数据（ID = 2903）
2025-12-26 16:24:19 - INFO - 从 unsold_orders 表中删除了 1 行数据（ID = 15447）
2025-12-26 16:46:53 - INFO - 从 sales_derivative_orders 表中删除了 1 行数据（ID = 32472）
2025-12-26 16:46:53 - INFO - 从 sales_derivative_orders 表中删除了 1 行数据（ID = 30080）
2025-12-26 16:46:53 - INFO - 从 sales_derivative_orders 表中删除了 1 行数据（ID = 31566）
2025-12-26 16:46:53 - INFO - 从 sales_derivative_orders 表中删除了 1 行数据（ID = 32230）
2025-12-26 16:46:53 - INFO - 从 sales_derivative_orders 表中删除了 1 行数据（ID = 31646）
2025-12-26 16:46:53 - INFO - 从 sales_derivative_orders 表中删除了 1 行数据（ID = 32359）
2025-12-26 16:46:53 - INFO - 从 sales_derivative_orders 表中删除了 1 行数据（ID = 29932）
2025-12-26 16:46:58 - INFO - 从 sales_derivative_orders 表中删除了 1 行数据（ID = 29969）
2025-12-26 16:47:00 - INFO - 从 sales_derivative_orders 表中删除了 1 行数据（ID = 31114）
2025-12-26 16:47:07 - INFO - 从 sales_derivative_orders 表中删除了 1 行数据（ID = 31681）
2025-12-26 16:47:08 - INFO - 从 sales_derivative_orders 表中删除了 1 行数据（ID = 31238）
2025-12-26 16:47:10 - INFO - 从 sales_derivative_orders 表中删除了 1 行数据（ID = 30603）
2025-12-26 16:47:12 - INFO - 从 sales_derivative_orders 表中删除了 1 行数据（ID = 30275）
2025-12-26 16:47:16 - INFO - 从 sales_derivative_orders 表中删除了 1 行数据（ID = 30731）
2025-12-26 16:47:16 - INFO - 从 sales_derivative_orders 表中删除了 1 行数据（ID = 30127）
2025-12-26 16:47:16 - INFO - 从 sales_derivative_orders 表中删除了 1 行数据（ID = 30034）
2025-12-26 16:47:21 - INFO - 从 sales_derivative_orders 表中删除了 1 行数据（ID = 30035）
2025-12-26 17:53:35 - INFO - 从 sales_derivative_orders 表中删除了 1 行数据（ID = 31213）
2025-12-26 17:53:35 - INFO - 从 sales_derivative_orders 表中删除了 1 行数据（ID = 31456）
2025-12-26 17:53:35 - INFO - 从 invoice_maintenance 表中删除了 1 行数据（ID = 95329）
2025-12-26 17:53:37 - INFO - 从 decoration_orders 表中删除了 2 行数据（OutId IN (138742, 138743)）
2025-12-26 17:53:38 - INFO - 从 decoration_orders 表中删除了 3 行数据（OutId IN (138819, 138820, 138821)）
2025-12-26 17:53:41 - INFO - 从 unsold_orders 表中删除了 1 行数据（ID = 27757）
2025-12-26 17:53:46 - INFO - 从 unsold_orders 表中删除了 1 行数据（ID = 29969）
2025-12-26 17:53:57 - INFO - 从 unsold_orders 表中删除了 1 行数据（ID = 31238）
2025-12-26 17:53:59 - INFO - 从 unsold_orders 表中删除了 1 行数据（ID = 30603）
2025-12-26 17:54:05 - INFO - 从 unsold_orders 表中删除了 1 行数据（ID = 30127）
2025-12-26 17:54:05 - INFO - 从 unsold_orders 表中删除了 1 行数据（ID = 30034）
2025-12-26 17:54:17 - INFO - 从 unsold_orders 表中删除了 1 行数据（ID = 24549）
2025-12-26 17:54:20 - INFO - 从 unsold_orders 表中删除了 1 行数据（ID = 12419）
2025-12-26 17:54:22 - INFO - 从 unsold_orders 表中删除了 1 行数据（ID = 28134）
2025-12-26 17:54:30 - INFO - 从 unsold_orders 表中删除了 1 行数据（ID = 12823）
2025-12-26 17:54:31 - INFO - 从 unsold_orders 表中删除了 1 行数据（ID = 23545）
2025-12-26 17:54:31 - INFO - 从 unsold_orders 表中删除了 1 行数据（ID = 23462）
2025-12-26 17:54:35 - INFO - 从 unsold_orders 表中删除了 1 行数据（ID = 2903）
2025-12-26 17:54:35 - INFO - 从 unsold_orders 表中删除了 1 行数据（ID = 15447）
2025-12-26 17:56:29 - INFO - 从 unsold_orders 表中删除了 1 行数据（ID = 27757）
2025-12-26 17:56:32 - INFO - 从 unsold_orders 表中删除了 1 行数据（ID = 29969）
2025-12-26 17:56:44 - INFO - 从 unsold_orders 表中删除了 1 行数据（ID = 31238）
2025-12-26 17:56:45 - INFO - 从 unsold_orders 表中删除了 1 行数据（ID = 30603）
2025-12-26 17:56:56 - INFO - 从 unsold_orders 表中删除了 1 行数据（ID = 30127）
2025-12-26 17:56:56 - INFO - 从 unsold_orders 表中删除了 1 行数据（ID = 30034）
2025-12-26 17:57:16 - INFO - 从 unsold_orders 表中删除了 1 行数据（ID = 24549）
2025-12-26 17:57:18 - INFO - 从 unsold_orders 表中删除了 1 行数据（ID = 12419）
2025-12-26 17:57:20 - INFO - 从 unsold_orders 表中删除了 1 行数据（ID = 28134）
2025-12-26 17:57:25 - INFO - 从 unsold_orders 表中删除了 1 行数据（ID = 12823）
2025-12-26 17:57:26 - INFO - 从 unsold_orders 表中删除了 1 行数据（ID = 23545）
2025-12-26 17:57:26 - INFO - 从 unsold_orders 表中删除了 1 行数据（ID = 23462）
2025-12-26 17:57:27 - INFO - 从 unsold_orders 表中删除了 1 行数据（ID = 2903）
2025-12-26 17:57:27 - INFO - 从 unsold_orders 表中删除了 1 行数据（ID = 15447）
2025-12-26 18:06:48 - INFO - 从 sales_derivative_orders 表中删除了 1 行数据（ID = 29430）
2025-12-26 18:06:56 - INFO - 从 unsold_orders 表中删除了 1 行数据（ID = 27757）
2025-12-26 18:07:06 - INFO - 从 unsold_orders 表中删除了 1 行数据（ID = 29969）
2025-12-26 18:07:16 - INFO - 从 unsold_orders 表中删除了 1 行数据（ID = 31238）
2025-12-26 18:07:17 - INFO - 从 unsold_orders 表中删除了 1 行数据（ID = 30603）
2025-12-26 18:07:21 - INFO - 从 unsold_orders 表中删除了 1 行数据（ID = 30127）
2025-12-26 18:07:21 - INFO - 从 unsold_orders 表中删除了 1 行数据（ID = 30034）
2025-12-26 18:07:32 - INFO - 从 unsold_orders 表中删除了 1 行数据（ID = 24549）
2025-12-26 18:07:33 - INFO - 从 unsold_orders 表中删除了 1 行数据（ID = 12419）
2025-12-26 18:07:35 - INFO - 从 unsold_orders 表中删除了 1 行数据（ID = 28134）
2025-12-26 18:07:39 - INFO - 从 unsold_orders 表中删除了 1 行数据（ID = 12823）
2025-12-26 18:07:39 - INFO - 从 unsold_orders 表中删除了 1 行数据（ID = 23545）
2025-12-26 18:07:39 - INFO - 从 unsold_orders 表中删除了 1 行数据（ID = 23462）
2025-12-26 18:07:40 - INFO - 从 unsold_orders 表中删除了 1 行数据（ID = 2903）
2025-12-26 18:07:40 - INFO - 从 unsold_orders 表中删除了 1 行数据（ID = 15447）
2025-12-26 18:23:28 - INFO - 从 unsold_orders 表中删除了 1 行数据（ID = 27757）
2025-12-26 18:23:31 - INFO - 从 unsold_orders 表中删除了 1 行数据（ID = 29969）
2025-12-26 18:23:44 - INFO - 从 unsold_orders 表中删除了 1 行数据（ID = 31238）
2025-12-26 18:23:46 - INFO - 从 unsold_orders 表中删除了 1 行数据（ID = 30603）
2025-12-26 18:23:52 - INFO - 从 unsold_orders 表中删除了 1 行数据（ID = 30127）
2025-12-26 18:23:52 - INFO - 从 unsold_orders 表中删除了 1 行数据（ID = 30034）
2025-12-26 18:24:06 - INFO - 从 unsold_orders 表中删除了 1 行数据（ID = 24549）
2025-12-26 18:24:08 - INFO - 从 unsold_orders 表中删除了 1 行数据（ID = 12419）
2025-12-26 18:24:11 - INFO - 从 unsold_orders 表中删除了 1 行数据（ID = 28134）
2025-12-26 18:24:19 - INFO - 从 unsold_orders 表中删除了 1 行数据（ID = 12823）
2025-12-26 18:24:19 - INFO - 从 unsold_orders 表中删除了 1 行数据（ID = 23545）
2025-12-26 18:24:19 - INFO - 从 unsold_orders 表中删除了 1 行数据（ID = 23462）
2025-12-26 18:24:24 - INFO - 从 unsold_orders 表中删除了 1 行数据（ID = 2903）
2025-12-26 18:24:24 - INFO - 从 unsold_orders 表中删除了 1 行数据（ID = 15447）
