2025-12-18 08:51:55 - INFO - 从 unsold_orders 表中删除了 1 行数据（ID = 31681）
2025-12-18 08:51:56 - INFO - 从 unsold_orders 表中删除了 1 行数据（ID = 31238）
2025-12-18 08:51:58 - INFO - 从 unsold_orders 表中删除了 1 行数据（ID = 29059）
2025-12-18 08:51:58 - INFO - 从 unsold_orders 表中删除了 1 行数据（ID = 30603）
2025-12-18 08:52:03 - INFO - 从 unsold_orders 表中删除了 1 行数据（ID = 30127）
2025-12-18 08:52:03 - INFO - 从 unsold_orders 表中删除了 1 行数据（ID = 30034）
2025-12-18 08:52:08 - INFO - 从 unsold_orders 表中删除了 1 行数据（ID = 26939）
2025-12-18 08:52:16 - INFO - 从 unsold_orders 表中删除了 1 行数据（ID = 24549）
2025-12-18 08:52:21 - INFO - 从 unsold_orders 表中删除了 1 行数据（ID = 28134）
2025-12-18 08:52:26 - INFO - 从 unsold_orders 表中删除了 1 行数据（ID = 26572）
2025-12-18 08:52:33 - INFO - 从 unsold_orders 表中删除了 1 行数据（ID = 12823）
2025-12-18 08:52:34 - INFO - 从 unsold_orders 表中删除了 1 行数据（ID = 23545）
2025-12-18 08:52:34 - INFO - 从 unsold_orders 表中删除了 1 行数据（ID = 23462）
2025-12-18 08:52:40 - INFO - 从 unsold_orders 表中删除了 1 行数据（ID = 2903）
2025-12-18 09:05:41 - INFO - 从 sales_derivative_orders 表中删除了 1 行数据（ID = 30819）
2025-12-18 09:05:42 - INFO - 从 sales_derivative_orders 表中删除了 1 行数据（ID = 30448）
2025-12-18 09:05:43 - INFO - 从 sales_derivative_orders 表中删除了 1 行数据（ID = 31626）
2025-12-18 09:05:44 - INFO - 从 sales_derivative_orders 表中删除了 1 行数据（ID = 31234）
2025-12-18 09:05:44 - INFO - 从 sales_derivative_orders 表中删除了 1 行数据（ID = 30929）
2025-12-18 09:05:46 - INFO - 从 unsold_orders 表中删除了 1 行数据（ID = 31681）
2025-12-18 09:05:46 - INFO - 从 sales_derivative_orders 表中删除了 1 行数据（ID = 31681）
2025-12-18 09:05:47 - INFO - 从 unsold_orders 表中删除了 1 行数据（ID = 31238）
2025-12-18 09:05:47 - INFO - 从 sales_derivative_orders 表中删除了 1 行数据（ID = 31238）
2025-12-18 09:05:48 - INFO - 从 unsold_orders 表中删除了 1 行数据（ID = 30603）
2025-12-18 09:05:48 - INFO - 从 sales_derivative_orders 表中删除了 1 行数据（ID = 30603）
2025-12-18 09:05:51 - INFO - 从 car_sales_invoice_date 表中删除了 1 行数据（ID = 30275）
2025-12-18 09:05:51 - INFO - 从 sales_derivative_orders 表中删除了 1 行数据（ID = 30275）
2025-12-18 09:05:54 - INFO - 从 car_sales_invoice_date 表中删除了 1 行数据（ID = 30731）
2025-12-18 09:05:54 - INFO - 从 sales_derivative_orders 表中删除了 1 行数据（ID = 30731）
2025-12-18 09:05:55 - INFO - 从 unsold_orders 表中删除了 1 行数据（ID = 30127）
2025-12-18 09:05:55 - INFO - 从 sales_derivative_orders 表中删除了 1 行数据（ID = 30127）
2025-12-18 09:05:55 - INFO - 从 unsold_orders 表中删除了 1 行数据（ID = 30034）
2025-12-18 09:05:55 - INFO - 从 sales_derivative_orders 表中删除了 1 行数据（ID = 30034）
2025-12-18 09:06:01 - INFO - 从 car_sales_invoice_date 表中删除了 1 行数据（ID = 30035）
2025-12-18 09:06:01 - INFO - 从 sales_derivative_orders 表中删除了 1 行数据（ID = 30035）
2025-12-18 09:06:02 - INFO - 从 car_sales_invoice_date 表中删除了 1 行数据（ID = 25088）
2025-12-18 09:06:02 - INFO - 从 car_sales_invoice_date 表中删除了 1 行数据（ID = 28892）
2025-12-18 09:06:08 - INFO - 从 car_sales_invoice_date 表中删除了 1 行数据（ID = 23013）
2025-12-18 09:06:19 - INFO - 从 car_sales_invoice_date 表中删除了 1 行数据（ID = 26861）
2025-12-18 09:06:20 - INFO - 从 car_sales_invoice_date 表中删除了 1 行数据（ID = 18633）
2025-12-18 09:23:42 - INFO - 从 car_sales_invoice_date 表中删除了 1 行数据（ID = 31435）
2025-12-18 09:23:42 - INFO - 从 sales_derivative_orders 表中删除了 1 行数据（ID = 31435）
2025-12-18 09:23:49 - INFO - 从 unsold_orders 表中删除了 1 行数据（ID = 31681）
2025-12-18 09:23:51 - INFO - 从 unsold_orders 表中删除了 1 行数据（ID = 31238）
2025-12-18 09:23:52 - INFO - 从 unsold_orders 表中删除了 1 行数据（ID = 29059）
2025-12-18 09:23:52 - INFO - 从 unsold_orders 表中删除了 1 行数据（ID = 30603）
2025-12-18 09:24:00 - INFO - 从 unsold_orders 表中删除了 1 行数据（ID = 30127）
2025-12-18 09:24:00 - INFO - 从 unsold_orders 表中删除了 1 行数据（ID = 30034）
2025-12-18 09:24:08 - INFO - 从 unsold_orders 表中删除了 1 行数据（ID = 26939）
2025-12-18 09:24:21 - INFO - 从 unsold_orders 表中删除了 1 行数据（ID = 24549）
2025-12-18 09:24:29 - INFO - 从 unsold_orders 表中删除了 1 行数据（ID = 28134）
2025-12-18 09:24:35 - INFO - 从 unsold_orders 表中删除了 1 行数据（ID = 26572）
2025-12-18 09:24:44 - INFO - 从 unsold_orders 表中删除了 1 行数据（ID = 12823）
2025-12-18 09:24:45 - INFO - 从 unsold_orders 表中删除了 1 行数据（ID = 23545）
2025-12-18 09:24:45 - INFO - 从 unsold_orders 表中删除了 1 行数据（ID = 23462）
2025-12-18 09:24:51 - INFO - 从 unsold_orders 表中删除了 1 行数据（ID = 2903）
2025-12-18 09:50:24 - INFO - 从 sales_derivative_orders 表中删除了 1 行数据（ID = 31435）
2025-12-18 09:50:55 - INFO - 从 sales_derivative_orders 表中删除了 1 行数据（ID = 31626）
2025-12-18 09:50:56 - INFO - 从 sales_derivative_orders 表中删除了 1 行数据（ID = 30929）
2025-12-18 09:50:59 - INFO - 从 unsold_orders 表中删除了 1 行数据（ID = 31681）
2025-12-18 09:50:59 - INFO - 从 sales_derivative_orders 表中删除了 1 行数据（ID = 31681）
2025-12-18 09:51:00 - INFO - 从 unsold_orders 表中删除了 1 行数据（ID = 31238）
2025-12-18 09:51:00 - INFO - 从 sales_derivative_orders 表中删除了 1 行数据（ID = 31238）
2025-12-18 09:51:02 - INFO - 从 unsold_orders 表中删除了 1 行数据（ID = 30603）
2025-12-18 09:51:02 - INFO - 从 sales_derivative_orders 表中删除了 1 行数据（ID = 30603）
2025-12-18 09:51:06 - INFO - 从 sales_derivative_orders 表中删除了 1 行数据（ID = 30275）
2025-12-18 09:51:10 - INFO - 从 sales_derivative_orders 表中删除了 1 行数据（ID = 30731）
2025-12-18 09:51:10 - INFO - 从 unsold_orders 表中删除了 1 行数据（ID = 30127）
2025-12-18 09:51:10 - INFO - 从 sales_derivative_orders 表中删除了 1 行数据（ID = 30127）
2025-12-18 09:51:11 - INFO - 从 unsold_orders 表中删除了 1 行数据（ID = 30034）
2025-12-18 09:51:11 - INFO - 从 sales_derivative_orders 表中删除了 1 行数据（ID = 30034）
2025-12-18 09:51:20 - INFO - 从 sales_derivative_orders 表中删除了 1 行数据（ID = 30035）
2025-12-18 09:53:56 - INFO - 从 car_sales_invoice_date 表中删除了 1 行数据（ID = 30498）
2025-12-18 09:53:56 - INFO - 从 sales_derivative_orders 表中删除了 1 行数据（ID = 30498）
2025-12-18 09:53:56 - INFO - 从 car_sales_invoice_date 表中删除了 1 行数据（ID = 30887）
2025-12-18 09:53:56 - INFO - 从 sales_derivative_orders 表中删除了 1 行数据（ID = 30887）
2025-12-18 09:54:03 - INFO - 从 car_sales_invoice_date 表中删除了 1 行数据（ID = 31681）
2025-12-18 09:54:03 - INFO - 从 sales_derivative_orders 表中删除了 1 行数据（ID = 31681）
2025-12-18 09:54:04 - INFO - 从 unsold_orders 表中删除了 1 行数据（ID = 31238）
2025-12-18 09:54:07 - INFO - 从 unsold_orders 表中删除了 1 行数据（ID = 29059）
2025-12-18 09:54:07 - INFO - 从 unsold_orders 表中删除了 1 行数据（ID = 30603）
2025-12-18 09:54:15 - INFO - 从 unsold_orders 表中删除了 1 行数据（ID = 30127）
2025-12-18 09:54:16 - INFO - 从 unsold_orders 表中删除了 1 行数据（ID = 30034）
2025-12-18 09:54:26 - INFO - 从 unsold_orders 表中删除了 1 行数据（ID = 26939）
2025-12-18 09:54:37 - INFO - 从 unsold_orders 表中删除了 1 行数据（ID = 24549）
2025-12-18 09:54:41 - INFO - 从 unsold_orders 表中删除了 1 行数据（ID = 12419）
2025-12-18 09:54:44 - INFO - 从 unsold_orders 表中删除了 1 行数据（ID = 28134）
2025-12-18 09:54:49 - INFO - 从 unsold_orders 表中删除了 1 行数据（ID = 26572）
2025-12-18 09:54:57 - INFO - 从 unsold_orders 表中删除了 1 行数据（ID = 12823）
2025-12-18 09:54:58 - INFO - 从 unsold_orders 表中删除了 1 行数据（ID = 23545）
2025-12-18 09:54:58 - INFO - 从 unsold_orders 表中删除了 1 行数据（ID = 23462）
2025-12-18 09:55:04 - INFO - 从 unsold_orders 表中删除了 1 行数据（ID = 2903）
2025-12-18 09:55:05 - INFO - 从 unsold_orders 表中删除了 1 行数据（ID = 15447）
2025-12-18 10:24:30 - INFO - 从 car_sales_invoice_date 表中删除了 1 行数据（ID = 30941）
2025-12-18 10:24:30 - INFO - 从 sales_derivative_orders 表中删除了 1 行数据（ID = 30941）
2025-12-18 10:24:30 - INFO - 从 car_sales_invoice_date 表中删除了 1 行数据（ID = 29867）
2025-12-18 10:24:30 - INFO - 从 sales_derivative_orders 表中删除了 1 行数据（ID = 29867）
2025-12-18 10:24:32 - INFO - 从 decoration_orders 表中删除了 1 行数据（OutId = 133228）
2025-12-18 10:24:47 - INFO - 从 car_sales_invoice_date 表中删除了 1 行数据（ID = 31681）
2025-12-18 10:24:47 - INFO - 从 sales_derivative_orders 表中删除了 1 行数据（ID = 31681）
2025-12-18 10:24:49 - INFO - 从 unsold_orders 表中删除了 1 行数据（ID = 31238）
2025-12-18 10:24:51 - INFO - 从 unsold_orders 表中删除了 1 行数据（ID = 29059）
2025-12-18 10:24:51 - INFO - 从 unsold_orders 表中删除了 1 行数据（ID = 30603）
2025-12-18 10:25:00 - INFO - 从 unsold_orders 表中删除了 1 行数据（ID = 30127）
2025-12-18 10:25:00 - INFO - 从 unsold_orders 表中删除了 1 行数据（ID = 30034）
2025-12-18 10:25:10 - INFO - 从 unsold_orders 表中删除了 1 行数据（ID = 26939）
2025-12-18 10:25:22 - INFO - 从 unsold_orders 表中删除了 1 行数据（ID = 24549）
2025-12-18 10:25:26 - INFO - 从 unsold_orders 表中删除了 1 行数据（ID = 12419）
2025-12-18 10:25:29 - INFO - 从 unsold_orders 表中删除了 1 行数据（ID = 28134）
2025-12-18 10:25:35 - INFO - 从 unsold_orders 表中删除了 1 行数据（ID = 26572）
2025-12-18 10:25:43 - INFO - 从 unsold_orders 表中删除了 1 行数据（ID = 12823）
2025-12-18 10:25:43 - INFO - 从 unsold_orders 表中删除了 1 行数据（ID = 23545）
2025-12-18 10:25:43 - INFO - 从 unsold_orders 表中删除了 1 行数据（ID = 23462）
2025-12-18 10:25:50 - INFO - 从 unsold_orders 表中删除了 1 行数据（ID = 2903）
2025-12-18 10:25:51 - INFO - 从 unsold_orders 表中删除了 1 行数据（ID = 15447）
2025-12-18 10:55:06 - INFO - 从 decoration_orders 表中删除了 1 行数据（OutId = 133645）
2025-12-18 10:55:06 - INFO - 从 car_sales_invoice_date 表中删除了 1 行数据（ID = 4379）
2025-12-18 10:55:06 - INFO - 从 sales_derivative_orders 表中删除了 1 行数据（ID = 4379）
2025-12-18 10:55:06 - INFO - 从 car_sales_invoice_date 表中删除了 1 行数据（ID = 12098）
2025-12-18 10:55:06 - INFO - 从 sales_derivative_orders 表中删除了 1 行数据（ID = 12098）
2025-12-18 10:55:08 - INFO - 从 decoration_orders 表中删除了 1 行数据（OutId = 132325）
2025-12-18 10:55:08 - INFO - 从 car_sales_invoice_date 表中删除了 1 行数据（ID = 30941）
2025-12-18 10:55:08 - INFO - 从 car_sales_invoice_date 表中删除了 1 行数据（ID = 29867）
2025-12-18 10:55:09 - INFO - 从 car_sales_invoice_date 表中删除了 1 行数据（ID = 30498）
2025-12-18 10:55:09 - INFO - 从 car_sales_invoice_date 表中删除了 1 行数据（ID = 30887）
2025-12-18 10:55:09 - INFO - 从 car_sales_invoice_date 表中删除了 1 行数据（ID = 31435）
2025-12-18 10:55:16 - INFO - 从 car_sales_invoice_date 表中删除了 1 行数据（ID = 13791）
2025-12-18 10:55:16 - INFO - 从 car_sales_invoice_date 表中删除了 1 行数据（ID = 29273）
2025-12-18 10:55:16 - INFO - 从 car_sales_invoice_date 表中删除了 1 行数据（ID = 27567）
2025-12-18 10:55:17 - INFO - 从 car_sales_invoice_date 表中删除了 1 行数据（ID = 31626）
2025-12-18 10:55:17 - INFO - 从 car_sales_invoice_date 表中删除了 1 行数据（ID = 30929）
2025-12-18 10:55:18 - INFO - 从 car_sales_invoice_date 表中删除了 1 行数据（ID = 31681）
2025-12-18 10:55:18 - INFO - 从 sales_derivative_orders 表中删除了 1 行数据（ID = 31681）
2025-12-18 10:55:19 - INFO - 从 unsold_orders 表中删除了 1 行数据（ID = 31238）
2025-12-18 10:55:19 - INFO - 从 car_sales_invoice_date 表中删除了 1 行数据（ID = 31238）
2025-12-18 10:55:21 - INFO - 从 unsold_orders 表中删除了 1 行数据（ID = 29059）
2025-12-18 10:55:21 - INFO - 从 car_sales_invoice_date 表中删除了 1 行数据（ID = 29059）
2025-12-18 10:55:21 - INFO - 从 unsold_orders 表中删除了 1 行数据（ID = 30603）
2025-12-18 10:55:21 - INFO - 从 car_sales_invoice_date 表中删除了 1 行数据（ID = 30603）
2025-12-18 10:55:25 - INFO - 从 car_sales_invoice_date 表中删除了 1 行数据（ID = 30275）
2025-12-18 10:55:28 - INFO - 从 car_sales_invoice_date 表中删除了 1 行数据（ID = 20242）
2025-12-18 10:55:34 - INFO - 从 car_sales_invoice_date 表中删除了 1 行数据（ID = 30731）
2025-12-18 10:55:35 - INFO - 从 car_sales_invoice_date 表中删除了 1 行数据（ID = 28714）
2025-12-18 10:55:35 - INFO - 从 unsold_orders 表中删除了 1 行数据（ID = 30127）
2025-12-18 10:55:35 - INFO - 从 car_sales_invoice_date 表中删除了 1 行数据（ID = 30127）
2025-12-18 10:55:35 - INFO - 从 unsold_orders 表中删除了 1 行数据（ID = 30034）
2025-12-18 10:55:35 - INFO - 从 car_sales_invoice_date 表中删除了 1 行数据（ID = 30034）
2025-12-18 10:55:49 - INFO - 从 unsold_orders 表中删除了 1 行数据（ID = 26939）
2025-12-18 10:55:49 - INFO - 从 car_sales_invoice_date 表中删除了 1 行数据（ID = 26939）
2025-12-18 10:55:49 - INFO - 从 car_sales_invoice_date 表中删除了 1 行数据（ID = 30035）
2025-12-18 10:55:53 - INFO - 从 car_sales_invoice_date 表中删除了 1 行数据（ID = 25088）
2025-12-18 10:55:53 - INFO - 从 car_sales_invoice_date 表中删除了 1 行数据（ID = 28892）
2025-12-18 10:55:57 - INFO - 从 car_sales_invoice_date 表中删除了 1 行数据（ID = 29658）
2025-12-18 10:56:01 - INFO - 从 car_sales_invoice_date 表中删除了 1 行数据（ID = 23013）
2025-12-18 10:56:02 - INFO - 从 car_sales_invoice_date 表中删除了 1 行数据（ID = 27538）
2025-12-18 10:56:04 - INFO - 从 unsold_orders 表中删除了 1 行数据（ID = 24549）
2025-12-18 10:56:04 - INFO - 从 car_sales_invoice_date 表中删除了 1 行数据（ID = 24549）
2025-12-18 10:56:05 - INFO - 从 car_sales_invoice_date 表中删除了 1 行数据（ID = 26717）
2025-12-18 10:56:09 - INFO - 从 unsold_orders 表中删除了 1 行数据（ID = 12419）
2025-12-18 10:56:09 - INFO - 从 car_sales_invoice_date 表中删除了 1 行数据（ID = 12419）
2025-12-18 10:56:09 - INFO - 从 car_sales_invoice_date 表中删除了 1 行数据（ID = 28486）
2025-12-18 10:56:13 - INFO - 从 unsold_orders 表中删除了 1 行数据（ID = 28134）
2025-12-18 10:56:13 - INFO - 从 car_sales_invoice_date 表中删除了 1 行数据（ID = 28134）
2025-12-18 10:56:17 - INFO - 从 car_sales_invoice_date 表中删除了 1 行数据（ID = 24727）
2025-12-18 10:56:18 - INFO - 从 car_sales_invoice_date 表中删除了 1 行数据（ID = 26418）
2025-12-18 10:56:18 - INFO - 从 car_sales_invoice_date 表中删除了 1 行数据（ID = 23186）
2025-12-18 10:56:19 - INFO - 从 car_sales_invoice_date 表中删除了 1 行数据（ID = 26861）
2025-12-18 10:56:20 - INFO - 从 unsold_orders 表中删除了 1 行数据（ID = 26572）
2025-12-18 10:56:20 - INFO - 从 car_sales_invoice_date 表中删除了 1 行数据（ID = 26572）
2025-12-18 10:56:20 - INFO - 从 car_sales_invoice_date 表中删除了 1 行数据（ID = 19166）
2025-12-18 10:56:20 - INFO - 从 car_sales_invoice_date 表中删除了 1 行数据（ID = 18633）
2025-12-18 10:56:21 - INFO - 从 car_sales_invoice_date 表中删除了 1 行数据（ID = 25212）
2025-12-18 10:56:21 - INFO - 从 car_sales_invoice_date 表中删除了 1 行数据（ID = 26170）
2025-12-18 10:56:21 - INFO - 从 car_sales_invoice_date 表中删除了 1 行数据（ID = 26085）
2025-12-18 10:56:22 - INFO - 从 car_sales_invoice_date 表中删除了 1 行数据（ID = 24276）
2025-12-18 10:56:23 - INFO - 从 car_sales_invoice_date 表中删除了 1 行数据（ID = 22381）
2025-12-18 10:56:23 - INFO - 从 car_sales_invoice_date 表中删除了 1 行数据（ID = 22602）
2025-12-18 10:56:23 - INFO - 从 car_sales_invoice_date 表中删除了 1 行数据（ID = 22701）
2025-12-18 10:56:24 - INFO - 从 car_sales_invoice_date 表中删除了 1 行数据（ID = 24995）
2025-12-18 10:56:25 - INFO - 从 car_sales_invoice_date 表中删除了 1 行数据（ID = 25502）
2025-12-18 10:56:25 - INFO - 从 car_sales_invoice_date 表中删除了 1 行数据（ID = 25319）
2025-12-18 10:56:28 - INFO - 从 car_sales_invoice_date 表中删除了 1 行数据（ID = 22314）
2025-12-18 10:56:28 - INFO - 从 car_sales_invoice_date 表中删除了 1 行数据（ID = 23754）
2025-12-18 10:56:30 - INFO - 从 unsold_orders 表中删除了 1 行数据（ID = 12823）
2025-12-18 10:56:30 - INFO - 从 car_sales_invoice_date 表中删除了 1 行数据（ID = 12823）
2025-12-18 10:56:30 - INFO - 从 car_sales_invoice_date 表中删除了 1 行数据（ID = 23631）
2025-12-18 10:56:31 - INFO - 从 unsold_orders 表中删除了 1 行数据（ID = 23545）
2025-12-18 10:56:31 - INFO - 从 car_sales_invoice_date 表中删除了 1 行数据（ID = 23545）
2025-12-18 10:56:31 - INFO - 从 unsold_orders 表中删除了 1 行数据（ID = 23462）
2025-12-18 10:56:31 - INFO - 从 car_sales_invoice_date 表中删除了 1 行数据（ID = 23462）
2025-12-18 10:56:31 - INFO - 从 car_sales_invoice_date 表中删除了 1 行数据（ID = 22472）
2025-12-18 10:56:32 - INFO - 从 car_sales_invoice_date 表中删除了 1 行数据（ID = 21990）
2025-12-18 10:56:32 - INFO - 从 car_sales_invoice_date 表中删除了 1 行数据（ID = 19737）
2025-12-18 10:56:32 - INFO - 从 car_sales_invoice_date 表中删除了 1 行数据（ID = 22510）
2025-12-18 10:56:33 - INFO - 从 car_sales_invoice_date 表中删除了 1 行数据（ID = 20211）
2025-12-18 10:56:34 - INFO - 从 car_sales_invoice_date 表中删除了 1 行数据（ID = 19471）
2025-12-18 10:56:34 - INFO - 从 car_sales_invoice_date 表中删除了 1 行数据（ID = 2565）
2025-12-18 10:56:35 - INFO - 从 car_sales_invoice_date 表中删除了 1 行数据（ID = 21361）
2025-12-18 10:56:35 - INFO - 从 car_sales_invoice_date 表中删除了 1 行数据（ID = 21199）
2025-12-18 10:56:35 - INFO - 从 car_sales_invoice_date 表中删除了 1 行数据（ID = 21388）
2025-12-18 10:56:36 - INFO - 从 car_sales_invoice_date 表中删除了 1 行数据（ID = 20976）
2025-12-18 10:56:36 - INFO - 从 car_sales_invoice_date 表中删除了 1 行数据（ID = 20817）
2025-12-18 10:56:37 - INFO - 从 car_sales_invoice_date 表中删除了 1 行数据（ID = 19434）
2025-12-18 10:56:37 - INFO - 从 car_sales_invoice_date 表中删除了 1 行数据（ID = 20890）
2025-12-18 10:56:39 - INFO - 从 unsold_orders 表中删除了 1 行数据（ID = 2903）
2025-12-18 10:56:39 - INFO - 从 car_sales_invoice_date 表中删除了 1 行数据（ID = 2903）
2025-12-18 10:56:39 - INFO - 从 unsold_orders 表中删除了 1 行数据（ID = 15447）
2025-12-18 10:56:39 - INFO - 从 car_sales_invoice_date 表中删除了 1 行数据（ID = 15447）
2025-12-18 11:23:46 - INFO - 从 car_sales_invoice_date 表中删除了 1 行数据（ID = 30972）
2025-12-18 11:23:46 - INFO - 从 sales_derivative_orders 表中删除了 1 行数据（ID = 30972）
2025-12-18 11:23:57 - INFO - 从 car_sales_invoice_date 表中删除了 1 行数据（ID = 31681）
2025-12-18 11:23:57 - INFO - 从 sales_derivative_orders 表中删除了 1 行数据（ID = 31681）
2025-12-18 11:23:59 - INFO - 从 unsold_orders 表中删除了 1 行数据（ID = 31238）
2025-12-18 11:24:00 - INFO - 从 unsold_orders 表中删除了 1 行数据（ID = 29059）
2025-12-18 11:24:00 - INFO - 从 unsold_orders 表中删除了 1 行数据（ID = 30603）
2025-12-18 11:24:11 - INFO - 从 unsold_orders 表中删除了 1 行数据（ID = 30127）
2025-12-18 11:24:11 - INFO - 从 unsold_orders 表中删除了 1 行数据（ID = 30034）
2025-12-18 11:24:21 - INFO - 从 unsold_orders 表中删除了 1 行数据（ID = 26939）
2025-12-18 11:24:32 - INFO - 从 unsold_orders 表中删除了 1 行数据（ID = 24549）
2025-12-18 11:24:37 - INFO - 从 unsold_orders 表中删除了 1 行数据（ID = 12419）
2025-12-18 11:24:40 - INFO - 从 unsold_orders 表中删除了 1 行数据（ID = 28134）
2025-12-18 11:24:47 - INFO - 从 unsold_orders 表中删除了 1 行数据（ID = 26572）
2025-12-18 11:24:56 - INFO - 从 unsold_orders 表中删除了 1 行数据（ID = 12823）
2025-12-18 11:24:57 - INFO - 从 unsold_orders 表中删除了 1 行数据（ID = 23545）
2025-12-18 11:24:57 - INFO - 从 unsold_orders 表中删除了 1 行数据（ID = 23462）
2025-12-18 11:25:04 - INFO - 从 unsold_orders 表中删除了 1 行数据（ID = 2903）
2025-12-18 11:25:05 - INFO - 从 unsold_orders 表中删除了 1 行数据（ID = 15447）
2025-12-18 11:50:14 - INFO - 从 sales_derivative_orders 表中删除了 1 行数据（ID = 30972）
2025-12-18 11:50:17 - INFO - 从 sales_derivative_orders 表中删除了 1 行数据（ID = 30941）
2025-12-18 11:50:17 - INFO - 从 sales_derivative_orders 表中删除了 1 行数据（ID = 30498）
2025-12-18 11:50:17 - INFO - 从 sales_derivative_orders 表中删除了 1 行数据（ID = 30887）
2025-12-18 11:50:17 - INFO - 从 sales_derivative_orders 表中删除了 1 行数据（ID = 31435）
2025-12-18 11:50:24 - INFO - 从 sales_derivative_orders 表中删除了 1 行数据（ID = 31626）
2025-12-18 11:50:24 - INFO - 从 sales_derivative_orders 表中删除了 1 行数据（ID = 30929）
2025-12-18 11:50:25 - INFO - 从 car_sales_invoice_date 表中删除了 1 行数据（ID = 31681）
2025-12-18 11:50:25 - INFO - 从 sales_derivative_orders 表中删除了 1 行数据（ID = 31681）
2025-12-18 11:50:27 - INFO - 从 unsold_orders 表中删除了 1 行数据（ID = 31238）
2025-12-18 11:50:27 - INFO - 从 sales_derivative_orders 表中删除了 1 行数据（ID = 31238）
2025-12-18 11:50:29 - INFO - 从 unsold_orders 表中删除了 1 行数据（ID = 29059）
2025-12-18 11:50:29 - INFO - 从 unsold_orders 表中删除了 1 行数据（ID = 30603）
2025-12-18 11:50:29 - INFO - 从 sales_derivative_orders 表中删除了 1 行数据（ID = 30603）
2025-12-18 11:50:34 - INFO - 从 car_sales_invoice_date 表中删除了 1 行数据（ID = 30275）
2025-12-18 11:50:34 - INFO - 从 sales_derivative_orders 表中删除了 1 行数据（ID = 30275）
2025-12-18 11:50:41 - INFO - 从 car_sales_invoice_date 表中删除了 1 行数据（ID = 30731）
2025-12-18 11:50:41 - INFO - 从 sales_derivative_orders 表中删除了 1 行数据（ID = 30731）
2025-12-18 11:50:42 - INFO - 从 unsold_orders 表中删除了 1 行数据（ID = 30127）
2025-12-18 11:50:42 - INFO - 从 sales_derivative_orders 表中删除了 1 行数据（ID = 30127）
2025-12-18 11:50:43 - INFO - 从 unsold_orders 表中删除了 1 行数据（ID = 30034）
2025-12-18 11:50:43 - INFO - 从 sales_derivative_orders 表中删除了 1 行数据（ID = 30034）
2025-12-18 11:50:51 - INFO - 从 unsold_orders 表中删除了 1 行数据（ID = 26939）
2025-12-18 11:50:51 - INFO - 从 car_sales_invoice_date 表中删除了 1 行数据（ID = 30035）
2025-12-18 11:50:51 - INFO - 从 sales_derivative_orders 表中删除了 1 行数据（ID = 30035）
2025-12-18 11:50:53 - INFO - 从 car_sales_invoice_date 表中删除了 1 行数据（ID = 25088）
2025-12-18 11:50:53 - INFO - 从 car_sales_invoice_date 表中删除了 1 行数据（ID = 28892）
2025-12-18 11:50:59 - INFO - 从 car_sales_invoice_date 表中删除了 1 行数据（ID = 23013）
2025-12-18 11:51:02 - INFO - 从 unsold_orders 表中删除了 1 行数据（ID = 24549）
2025-12-18 11:51:05 - INFO - 从 unsold_orders 表中删除了 1 行数据（ID = 12419）
2025-12-18 11:51:09 - INFO - 从 unsold_orders 表中删除了 1 行数据（ID = 28134）
2025-12-18 11:51:14 - INFO - 从 car_sales_invoice_date 表中删除了 1 行数据（ID = 26861）
2025-12-18 11:51:14 - INFO - 从 unsold_orders 表中删除了 1 行数据（ID = 26572）
2025-12-18 11:51:15 - INFO - 从 car_sales_invoice_date 表中删除了 1 行数据（ID = 18633）
2025-12-18 11:51:22 - INFO - 从 unsold_orders 表中删除了 1 行数据（ID = 12823）
2025-12-18 11:51:23 - INFO - 从 unsold_orders 表中删除了 1 行数据（ID = 23545）
2025-12-18 11:51:23 - INFO - 从 unsold_orders 表中删除了 1 行数据（ID = 23462）
2025-12-18 11:51:30 - INFO - 从 unsold_orders 表中删除了 1 行数据（ID = 2903）
2025-12-18 11:51:30 - INFO - 从 unsold_orders 表中删除了 1 行数据（ID = 15447）
2025-12-18 12:24:33 - INFO - 从 car_sales_invoice_date 表中删除了 1 行数据（ID = 31681）
2025-12-18 12:24:33 - INFO - 从 sales_derivative_orders 表中删除了 1 行数据（ID = 31681）
2025-12-18 12:24:38 - INFO - 从 unsold_orders 表中删除了 1 行数据（ID = 31238）
2025-12-18 12:24:41 - INFO - 从 unsold_orders 表中删除了 1 行数据（ID = 29059）
2025-12-18 12:24:41 - INFO - 从 unsold_orders 表中删除了 1 行数据（ID = 30603）
2025-12-18 12:24:50 - INFO - 从 unsold_orders 表中删除了 1 行数据（ID = 30127）
2025-12-18 12:24:50 - INFO - 从 unsold_orders 表中删除了 1 行数据（ID = 30034）
2025-12-18 12:24:59 - INFO - 从 unsold_orders 表中删除了 1 行数据（ID = 26939）
2025-12-18 12:25:11 - INFO - 从 unsold_orders 表中删除了 1 行数据（ID = 24549）
2025-12-18 12:25:15 - INFO - 从 unsold_orders 表中删除了 1 行数据（ID = 12419）
2025-12-18 12:25:18 - INFO - 从 unsold_orders 表中删除了 1 行数据（ID = 28134）
2025-12-18 12:25:23 - INFO - 从 unsold_orders 表中删除了 1 行数据（ID = 26572）
2025-12-18 12:25:32 - INFO - 从 unsold_orders 表中删除了 1 行数据（ID = 12823）
2025-12-18 12:25:32 - INFO - 从 unsold_orders 表中删除了 1 行数据（ID = 23545）
2025-12-18 12:25:32 - INFO - 从 unsold_orders 表中删除了 1 行数据（ID = 23462）
2025-12-18 12:25:41 - INFO - 从 unsold_orders 表中删除了 1 行数据（ID = 2903）
2025-12-18 12:25:42 - INFO - 从 unsold_orders 表中删除了 1 行数据（ID = 15447）
2025-12-18 12:53:30 - INFO - 从 decoration_orders 表中删除了 1 行数据（OutId = 134497）
2025-12-18 12:53:30 - INFO - 从 car_sales_invoice_date 表中删除了 1 行数据（ID = 23696）
2025-12-18 12:53:30 - INFO - 从 sales_derivative_orders 表中删除了 1 行数据（ID = 23696）
2025-12-18 12:53:43 - INFO - 从 car_sales_invoice_date 表中删除了 1 行数据（ID = 31681）
2025-12-18 12:53:43 - INFO - 从 sales_derivative_orders 表中删除了 1 行数据（ID = 31681）
2025-12-18 12:53:45 - INFO - 从 unsold_orders 表中删除了 1 行数据（ID = 31238）
2025-12-18 12:53:46 - INFO - 从 unsold_orders 表中删除了 1 行数据（ID = 29059）
2025-12-18 12:53:46 - INFO - 从 unsold_orders 表中删除了 1 行数据（ID = 30603）
2025-12-18 12:53:53 - INFO - 从 unsold_orders 表中删除了 1 行数据（ID = 30127）
2025-12-18 12:53:54 - INFO - 从 unsold_orders 表中删除了 1 行数据（ID = 30034）
2025-12-18 12:54:00 - INFO - 从 unsold_orders 表中删除了 1 行数据（ID = 26939）
2025-12-18 12:54:10 - INFO - 从 unsold_orders 表中删除了 1 行数据（ID = 24549）
2025-12-18 12:54:14 - INFO - 从 unsold_orders 表中删除了 1 行数据（ID = 12419）
2025-12-18 12:54:17 - INFO - 从 unsold_orders 表中删除了 1 行数据（ID = 28134）
2025-12-18 12:54:22 - INFO - 从 unsold_orders 表中删除了 1 行数据（ID = 26572）
2025-12-18 12:54:30 - INFO - 从 unsold_orders 表中删除了 1 行数据（ID = 12823）
2025-12-18 12:54:30 - INFO - 从 unsold_orders 表中删除了 1 行数据（ID = 23545）
2025-12-18 12:54:30 - INFO - 从 unsold_orders 表中删除了 1 行数据（ID = 23462）
2025-12-18 12:54:37 - INFO - 从 unsold_orders 表中删除了 1 行数据（ID = 2903）
2025-12-18 12:54:37 - INFO - 从 unsold_orders 表中删除了 1 行数据（ID = 15447）
2025-12-18 13:24:09 - INFO - 从 car_sales_invoice_date 表中删除了 1 行数据（ID = 31681）
2025-12-18 13:24:09 - INFO - 从 sales_derivative_orders 表中删除了 1 行数据（ID = 31681）
2025-12-18 13:24:14 - INFO - 从 unsold_orders 表中删除了 1 行数据（ID = 31238）
2025-12-18 13:24:15 - INFO - 从 unsold_orders 表中删除了 1 行数据（ID = 29059）
2025-12-18 13:24:15 - INFO - 从 unsold_orders 表中删除了 1 行数据（ID = 30603）
2025-12-18 13:24:22 - INFO - 从 unsold_orders 表中删除了 1 行数据（ID = 30127）
2025-12-18 13:24:22 - INFO - 从 unsold_orders 表中删除了 1 行数据（ID = 30034）
2025-12-18 13:24:28 - INFO - 从 unsold_orders 表中删除了 1 行数据（ID = 26939）
2025-12-18 13:24:37 - INFO - 从 unsold_orders 表中删除了 1 行数据（ID = 24549）
2025-12-18 13:24:40 - INFO - 从 unsold_orders 表中删除了 1 行数据（ID = 12419）
2025-12-18 13:24:43 - INFO - 从 unsold_orders 表中删除了 1 行数据（ID = 28134）
2025-12-18 13:24:48 - INFO - 从 unsold_orders 表中删除了 1 行数据（ID = 26572）
2025-12-18 13:24:56 - INFO - 从 unsold_orders 表中删除了 1 行数据（ID = 12823）
2025-12-18 13:24:57 - INFO - 从 unsold_orders 表中删除了 1 行数据（ID = 23545）
2025-12-18 13:24:57 - INFO - 从 unsold_orders 表中删除了 1 行数据（ID = 23462）
2025-12-18 13:25:03 - INFO - 从 unsold_orders 表中删除了 1 行数据（ID = 2903）
2025-12-18 13:25:04 - INFO - 从 unsold_orders 表中删除了 1 行数据（ID = 15447）
2025-12-18 13:50:37 - INFO - 从 sales_derivative_orders 表中删除了 1 行数据（ID = 30972）
2025-12-18 13:50:39 - INFO - 从 sales_derivative_orders 表中删除了 1 行数据（ID = 30941）
2025-12-18 13:50:40 - INFO - 从 sales_derivative_orders 表中删除了 1 行数据（ID = 30498）
2025-12-18 13:50:40 - INFO - 从 sales_derivative_orders 表中删除了 1 行数据（ID = 30887）
2025-12-18 13:50:40 - INFO - 从 sales_derivative_orders 表中删除了 1 行数据（ID = 31435）
2025-12-18 13:50:48 - INFO - 从 sales_derivative_orders 表中删除了 1 行数据（ID = 31626）
2025-12-18 13:50:48 - INFO - 从 sales_derivative_orders 表中删除了 1 行数据（ID = 30929）
2025-12-18 13:50:49 - INFO - 从 car_sales_invoice_date 表中删除了 1 行数据（ID = 31681）
2025-12-18 13:50:49 - INFO - 从 sales_derivative_orders 表中删除了 1 行数据（ID = 31681）
2025-12-18 13:50:50 - INFO - 从 sales_derivative_orders 表中删除了 1 行数据（ID = 31238）
2025-12-18 13:50:52 - INFO - 从 sales_derivative_orders 表中删除了 1 行数据（ID = 30603）
2025-12-18 13:50:54 - INFO - 从 car_sales_invoice_date 表中删除了 1 行数据（ID = 30275）
2025-12-18 13:50:54 - INFO - 从 sales_derivative_orders 表中删除了 1 行数据（ID = 30275）
2025-12-18 13:50:58 - INFO - 从 car_sales_invoice_date 表中删除了 1 行数据（ID = 30731）
2025-12-18 13:50:58 - INFO - 从 sales_derivative_orders 表中删除了 1 行数据（ID = 30731）
2025-12-18 13:50:58 - INFO - 从 sales_derivative_orders 表中删除了 1 行数据（ID = 30127）
2025-12-18 13:50:59 - INFO - 从 sales_derivative_orders 表中删除了 1 行数据（ID = 30034）
2025-12-18 13:51:05 - INFO - 从 car_sales_invoice_date 表中删除了 1 行数据（ID = 30035）
2025-12-18 13:51:05 - INFO - 从 sales_derivative_orders 表中删除了 1 行数据（ID = 30035）
2025-12-18 13:51:06 - INFO - 从 car_sales_invoice_date 表中删除了 1 行数据（ID = 25088）
2025-12-18 13:51:07 - INFO - 从 car_sales_invoice_date 表中删除了 1 行数据（ID = 28892）
2025-12-18 13:51:12 - INFO - 从 car_sales_invoice_date 表中删除了 1 行数据（ID = 23013）
2025-12-18 13:51:24 - INFO - 从 car_sales_invoice_date 表中删除了 1 行数据（ID = 26861）
2025-12-18 13:51:25 - INFO - 从 car_sales_invoice_date 表中删除了 1 行数据（ID = 18633）
2025-12-18 13:53:37 - INFO - 从 car_sales_invoice_date 表中删除了 1 行数据（ID = 30895）
2025-12-18 13:53:37 - INFO - 从 sales_derivative_orders 表中删除了 1 行数据（ID = 30895）
2025-12-18 13:53:37 - INFO - 从 package_sales 表中删除了 1 行数据（SaleId = 16149）
2025-12-18 13:53:37 - INFO - 从 package_sales 表中删除了 1 行数据（SaleId = 16164）
2025-12-18 13:53:44 - INFO - 从 car_sales_invoice_date 表中删除了 1 行数据（ID = 31681）
2025-12-18 13:53:44 - INFO - 从 sales_derivative_orders 表中删除了 1 行数据（ID = 31681）
2025-12-18 13:53:45 - INFO - 从 unsold_orders 表中删除了 1 行数据（ID = 31238）
2025-12-18 13:53:46 - INFO - 从 unsold_orders 表中删除了 1 行数据（ID = 29059）
2025-12-18 13:53:47 - INFO - 从 unsold_orders 表中删除了 1 行数据（ID = 30603）
2025-12-18 13:53:53 - INFO - 从 unsold_orders 表中删除了 1 行数据（ID = 30127）
2025-12-18 13:53:53 - INFO - 从 unsold_orders 表中删除了 1 行数据（ID = 30034）
2025-12-18 13:54:00 - INFO - 从 unsold_orders 表中删除了 1 行数据（ID = 26939）
2025-12-18 13:54:10 - INFO - 从 unsold_orders 表中删除了 1 行数据（ID = 24549）
2025-12-18 13:54:13 - INFO - 从 unsold_orders 表中删除了 1 行数据（ID = 12419）
2025-12-18 13:54:15 - INFO - 从 unsold_orders 表中删除了 1 行数据（ID = 28134）
2025-12-18 13:54:23 - INFO - 从 unsold_orders 表中删除了 1 行数据（ID = 26572）
2025-12-18 13:54:30 - INFO - 从 unsold_orders 表中删除了 1 行数据（ID = 12823）
2025-12-18 13:54:30 - INFO - 从 unsold_orders 表中删除了 1 行数据（ID = 23545）
2025-12-18 13:54:30 - INFO - 从 unsold_orders 表中删除了 1 行数据（ID = 23462）
2025-12-18 13:54:36 - INFO - 从 unsold_orders 表中删除了 1 行数据（ID = 2903）
2025-12-18 13:54:37 - INFO - 从 unsold_orders 表中删除了 1 行数据（ID = 15447）
2025-12-18 14:23:50 - INFO - 从 car_sales_invoice_date 表中删除了 1 行数据（ID = 30269）
2025-12-18 14:23:50 - INFO - 从 sales_derivative_orders 表中删除了 1 行数据（ID = 30269）
2025-12-18 14:23:50 - INFO - 从 package_sales 表中删除了 1 行数据（SaleId = 16531）
2025-12-18 14:23:50 - INFO - 从 car_sales_invoice_date 表中删除了 1 行数据（ID = 27295）
2025-12-18 14:23:50 - INFO - 从 sales_derivative_orders 表中删除了 1 行数据（ID = 27295）
2025-12-18 14:24:10 - INFO - 从 car_sales_invoice_date 表中删除了 1 行数据（ID = 31681）
2025-12-18 14:24:10 - INFO - 从 sales_derivative_orders 表中删除了 1 行数据（ID = 31681）
2025-12-18 14:24:12 - INFO - 从 unsold_orders 表中删除了 1 行数据（ID = 31238）
2025-12-18 14:24:14 - INFO - 从 unsold_orders 表中删除了 1 行数据（ID = 29059）
2025-12-18 14:24:14 - INFO - 从 unsold_orders 表中删除了 1 行数据（ID = 30603）
2025-12-18 14:24:26 - INFO - 从 unsold_orders 表中删除了 1 行数据（ID = 30127）
2025-12-18 14:24:27 - INFO - 从 unsold_orders 表中删除了 1 行数据（ID = 30034）
2025-12-18 14:24:38 - INFO - 从 unsold_orders 表中删除了 1 行数据（ID = 26939）
2025-12-18 14:24:54 - INFO - 从 unsold_orders 表中删除了 1 行数据（ID = 24549）
2025-12-18 14:24:58 - INFO - 从 unsold_orders 表中删除了 1 行数据（ID = 12419）
2025-12-18 14:25:03 - INFO - 从 unsold_orders 表中删除了 1 行数据（ID = 28134）
2025-12-18 14:25:10 - INFO - 从 unsold_orders 表中删除了 1 行数据（ID = 26572）
2025-12-18 14:25:19 - INFO - 从 unsold_orders 表中删除了 1 行数据（ID = 12823）
2025-12-18 14:25:20 - INFO - 从 unsold_orders 表中删除了 1 行数据（ID = 23545）
2025-12-18 14:25:20 - INFO - 从 unsold_orders 表中删除了 1 行数据（ID = 23462）
2025-12-18 14:25:28 - INFO - 从 unsold_orders 表中删除了 1 行数据（ID = 2903）
2025-12-18 14:25:28 - INFO - 从 unsold_orders 表中删除了 1 行数据（ID = 15447）
2025-12-18 14:54:59 - INFO - 从 car_sales_invoice_date 表中删除了 1 行数据（ID = 27295）
2025-12-18 14:54:59 - INFO - 从 sales_derivative_orders 表中删除了 1 行数据（ID = 27295）
2025-12-18 14:55:13 - INFO - 从 car_sales_invoice_date 表中删除了 1 行数据（ID = 31681）
2025-12-18 14:55:13 - INFO - 从 sales_derivative_orders 表中删除了 1 行数据（ID = 31681）
2025-12-18 14:55:15 - INFO - 从 unsold_orders 表中删除了 1 行数据（ID = 31238）
2025-12-18 14:55:16 - INFO - 从 unsold_orders 表中删除了 1 行数据（ID = 29059）
2025-12-18 14:55:16 - INFO - 从 unsold_orders 表中删除了 1 行数据（ID = 30603）
2025-12-18 14:55:23 - INFO - 从 unsold_orders 表中删除了 1 行数据（ID = 30127）
2025-12-18 14:55:23 - INFO - 从 unsold_orders 表中删除了 1 行数据（ID = 30034）
2025-12-18 14:55:28 - INFO - 从 unsold_orders 表中删除了 1 行数据（ID = 26939）
2025-12-18 14:55:36 - INFO - 从 unsold_orders 表中删除了 1 行数据（ID = 24549）
2025-12-18 14:55:39 - INFO - 从 unsold_orders 表中删除了 1 行数据（ID = 12419）
2025-12-18 14:55:41 - INFO - 从 unsold_orders 表中删除了 1 行数据（ID = 28134）
2025-12-18 14:55:45 - INFO - 从 unsold_orders 表中删除了 1 行数据（ID = 26572）
2025-12-18 14:55:52 - INFO - 从 unsold_orders 表中删除了 1 行数据（ID = 12823）
2025-12-18 14:55:53 - INFO - 从 unsold_orders 表中删除了 1 行数据（ID = 23545）
2025-12-18 14:55:53 - INFO - 从 unsold_orders 表中删除了 1 行数据（ID = 23462）
2025-12-18 14:55:59 - INFO - 从 unsold_orders 表中删除了 1 行数据（ID = 2903）
2025-12-18 14:55:59 - INFO - 从 unsold_orders 表中删除了 1 行数据（ID = 15447）
2025-12-18 15:23:52 - INFO - 从 package_sales 表中删除了 1 行数据（SaleId = 16532）
2025-12-18 15:23:52 - INFO - 从 sales_derivative_orders 表中删除了 1 行数据（ID = 29246）
2025-12-18 15:23:52 - INFO - 从 sales_derivative_orders 表中删除了 1 行数据（ID = 7862）
2025-12-18 15:23:52 - INFO - 从 sales_derivative_orders 表中删除了 1 行数据（ID = 27295）
2025-12-18 15:24:28 - INFO - 从 sales_derivative_orders 表中删除了 1 行数据（ID = 31681）
2025-12-18 15:24:32 - INFO - 从 unsold_orders 表中删除了 1 行数据（ID = 31238）
2025-12-18 15:24:33 - INFO - 从 unsold_orders 表中删除了 1 行数据（ID = 29059）
2025-12-18 15:24:33 - INFO - 从 unsold_orders 表中删除了 1 行数据（ID = 30603）
2025-12-18 15:24:40 - INFO - 从 unsold_orders 表中删除了 1 行数据（ID = 30127）
2025-12-18 15:24:41 - INFO - 从 unsold_orders 表中删除了 1 行数据（ID = 30034）
2025-12-18 15:24:46 - INFO - 从 unsold_orders 表中删除了 1 行数据（ID = 26939）
2025-12-18 15:24:53 - INFO - 从 unsold_orders 表中删除了 1 行数据（ID = 24549）
2025-12-18 15:24:55 - INFO - 从 unsold_orders 表中删除了 1 行数据（ID = 12419）
2025-12-18 15:24:57 - INFO - 从 unsold_orders 表中删除了 1 行数据（ID = 28134）
2025-12-18 15:25:01 - INFO - 从 unsold_orders 表中删除了 1 行数据（ID = 26572）
2025-12-18 15:25:06 - INFO - 从 unsold_orders 表中删除了 1 行数据（ID = 12823）
2025-12-18 15:25:06 - INFO - 从 unsold_orders 表中删除了 1 行数据（ID = 23545）
2025-12-18 15:25:06 - INFO - 从 unsold_orders 表中删除了 1 行数据（ID = 23462）
2025-12-18 15:25:11 - INFO - 从 unsold_orders 表中删除了 1 行数据（ID = 2903）
2025-12-18 15:25:11 - INFO - 从 unsold_orders 表中删除了 1 行数据（ID = 15447）
2025-12-18 15:50:24 - INFO - 从 sales_derivative_orders 表中删除了 1 行数据（ID = 30269）
2025-12-18 15:50:26 - INFO - 从 sales_derivative_orders 表中删除了 1 行数据（ID = 30972）
2025-12-18 15:50:28 - INFO - 从 sales_derivative_orders 表中删除了 1 行数据（ID = 30941）
2025-12-18 15:50:29 - INFO - 从 sales_derivative_orders 表中删除了 1 行数据（ID = 30498）
2025-12-18 15:50:29 - INFO - 从 sales_derivative_orders 表中删除了 1 行数据（ID = 30887）
2025-12-18 15:50:35 - INFO - 从 sales_derivative_orders 表中删除了 1 行数据（ID = 31626）
2025-12-18 15:50:35 - INFO - 从 sales_derivative_orders 表中删除了 1 行数据（ID = 30929）
2025-12-18 15:50:35 - INFO - 从 sales_derivative_orders 表中删除了 1 行数据（ID = 31681）
2025-12-18 15:50:36 - INFO - 从 sales_derivative_orders 表中删除了 1 行数据（ID = 31238）
2025-12-18 15:50:37 - INFO - 从 sales_derivative_orders 表中删除了 1 行数据（ID = 30603）
2025-12-18 15:50:40 - INFO - 从 sales_derivative_orders 表中删除了 1 行数据（ID = 30275）
2025-12-18 15:50:43 - INFO - 从 sales_derivative_orders 表中删除了 1 行数据（ID = 30731）
2025-12-18 15:50:43 - INFO - 从 sales_derivative_orders 表中删除了 1 行数据（ID = 30127）
2025-12-18 15:50:43 - INFO - 从 sales_derivative_orders 表中删除了 1 行数据（ID = 30034）
2025-12-18 15:50:51 - INFO - 从 sales_derivative_orders 表中删除了 1 行数据（ID = 30035）
2025-12-18 15:53:45 - INFO - 从 sales_derivative_orders 表中删除了 1 行数据（ID = 27295）
2025-12-18 15:53:56 - INFO - 从 sales_derivative_orders 表中删除了 1 行数据（ID = 31681）
2025-12-18 15:53:57 - INFO - 从 unsold_orders 表中删除了 1 行数据（ID = 31238）
2025-12-18 15:53:59 - INFO - 从 unsold_orders 表中删除了 1 行数据（ID = 29059）
2025-12-18 15:53:59 - INFO - 从 unsold_orders 表中删除了 1 行数据（ID = 30603）
2025-12-18 15:54:12 - INFO - 从 unsold_orders 表中删除了 1 行数据（ID = 30127）
2025-12-18 15:54:12 - INFO - 从 unsold_orders 表中删除了 1 行数据（ID = 30034）
2025-12-18 15:54:24 - INFO - 从 unsold_orders 表中删除了 1 行数据（ID = 26939）
2025-12-18 15:54:37 - INFO - 从 unsold_orders 表中删除了 1 行数据（ID = 24549）
2025-12-18 15:54:41 - INFO - 从 unsold_orders 表中删除了 1 行数据（ID = 12419）
2025-12-18 15:54:45 - INFO - 从 unsold_orders 表中删除了 1 行数据（ID = 28134）
2025-12-18 15:54:50 - INFO - 从 unsold_orders 表中删除了 1 行数据（ID = 26572）
2025-12-18 15:54:54 - INFO - 从 unsold_orders 表中删除了 1 行数据（ID = 12823）
2025-12-18 15:54:55 - INFO - 从 unsold_orders 表中删除了 1 行数据（ID = 23545）
2025-12-18 15:54:55 - INFO - 从 unsold_orders 表中删除了 1 行数据（ID = 23462）
2025-12-18 15:54:58 - INFO - 从 unsold_orders 表中删除了 1 行数据（ID = 2903）
2025-12-18 15:54:59 - INFO - 从 unsold_orders 表中删除了 1 行数据（ID = 15447）
2025-12-18 16:23:44 - INFO - 从 sales_derivative_orders 表中删除了 1 行数据（ID = 29468）
2025-12-18 16:23:44 - INFO - 从 sales_derivative_orders 表中删除了 1 行数据（ID = 27295）
2025-12-18 16:24:15 - INFO - 从 sales_derivative_orders 表中删除了 1 行数据（ID = 31681）
2025-12-18 16:24:18 - INFO - 从 unsold_orders 表中删除了 1 行数据（ID = 31238）
2025-12-18 16:24:19 - INFO - 从 unsold_orders 表中删除了 1 行数据（ID = 29059）
2025-12-18 16:24:19 - INFO - 从 unsold_orders 表中删除了 1 行数据（ID = 30603）
2025-12-18 16:24:26 - INFO - 从 unsold_orders 表中删除了 1 行数据（ID = 30127）
2025-12-18 16:24:26 - INFO - 从 unsold_orders 表中删除了 1 行数据（ID = 30034）
2025-12-18 16:24:31 - INFO - 从 unsold_orders 表中删除了 1 行数据（ID = 26939）
2025-12-18 16:24:39 - INFO - 从 unsold_orders 表中删除了 1 行数据（ID = 24549）
2025-12-18 16:24:41 - INFO - 从 unsold_orders 表中删除了 1 行数据（ID = 12419）
2025-12-18 16:24:43 - INFO - 从 unsold_orders 表中删除了 1 行数据（ID = 28134）
2025-12-18 16:24:47 - INFO - 从 unsold_orders 表中删除了 1 行数据（ID = 26572）
2025-12-18 16:24:52 - INFO - 从 unsold_orders 表中删除了 1 行数据（ID = 12823）
2025-12-18 16:24:52 - INFO - 从 unsold_orders 表中删除了 1 行数据（ID = 23545）
2025-12-18 16:24:52 - INFO - 从 unsold_orders 表中删除了 1 行数据（ID = 23462）
2025-12-18 16:24:57 - INFO - 从 unsold_orders 表中删除了 1 行数据（ID = 2903）
2025-12-18 16:24:57 - INFO - 从 unsold_orders 表中删除了 1 行数据（ID = 15447）
2025-12-18 16:54:22 - INFO - 从 sales_derivative_orders 表中删除了 1 行数据（ID = 27295）
2025-12-18 16:55:18 - INFO - 从 sales_derivative_orders 表中删除了 1 行数据（ID = 31681）
2025-12-18 16:55:22 - INFO - 从 unsold_orders 表中删除了 1 行数据（ID = 31238）
2025-12-18 16:55:23 - INFO - 从 unsold_orders 表中删除了 1 行数据（ID = 29059）
2025-12-18 16:55:23 - INFO - 从 unsold_orders 表中删除了 1 行数据（ID = 30603）
2025-12-18 16:55:29 - INFO - 从 unsold_orders 表中删除了 1 行数据（ID = 30127）
2025-12-18 16:55:29 - INFO - 从 unsold_orders 表中删除了 1 行数据（ID = 30034）
2025-12-18 16:55:37 - INFO - 从 unsold_orders 表中删除了 1 行数据（ID = 26939）
2025-12-18 16:55:46 - INFO - 从 unsold_orders 表中删除了 1 行数据（ID = 24549）
2025-12-18 16:55:48 - INFO - 从 unsold_orders 表中删除了 1 行数据（ID = 12419）
2025-12-18 16:55:51 - INFO - 从 unsold_orders 表中删除了 1 行数据（ID = 28134）
2025-12-18 16:55:54 - INFO - 从 unsold_orders 表中删除了 1 行数据（ID = 26572）
2025-12-18 16:55:59 - INFO - 从 unsold_orders 表中删除了 1 行数据（ID = 12823）
2025-12-18 16:56:00 - INFO - 从 unsold_orders 表中删除了 1 行数据（ID = 23545）
2025-12-18 16:56:00 - INFO - 从 unsold_orders 表中删除了 1 行数据（ID = 23462）
2025-12-18 16:56:04 - INFO - 从 unsold_orders 表中删除了 1 行数据（ID = 2903）
2025-12-18 16:56:04 - INFO - 从 unsold_orders 表中删除了 1 行数据（ID = 15447）
2025-12-18 17:25:10 - INFO - 从 sales_derivative_orders 表中删除了 1 行数据（ID = 28477）
2025-12-18 17:25:10 - INFO - 从 sales_derivative_orders 表中删除了 1 行数据（ID = 30293）
2025-12-18 17:25:10 - INFO - 从 unsold_orders 表中删除了 1 行数据（ID = 31114）
2025-12-18 17:25:10 - INFO - 从 sales_derivative_orders 表中删除了 1 行数据（ID = 31114）
2025-12-18 17:25:10 - INFO - 从 unsold_orders 表中删除了 1 行数据（ID = 31115）
2025-12-18 17:25:10 - INFO - 从 sales_derivative_orders 表中删除了 1 行数据（ID = 31115）
2025-12-18 17:25:10 - INFO - 从 sales_derivative_orders 表中删除了 1 行数据（ID = 27295）
2025-12-18 17:25:49 - INFO - 从 sales_derivative_orders 表中删除了 1 行数据（ID = 31681）
2025-12-18 17:25:53 - INFO - 从 unsold_orders 表中删除了 1 行数据（ID = 31238）
2025-12-18 17:25:57 - INFO - 从 unsold_orders 表中删除了 1 行数据（ID = 29059）
2025-12-18 17:25:57 - INFO - 从 unsold_orders 表中删除了 1 行数据（ID = 30603）
2025-12-18 17:26:04 - INFO - 从 unsold_orders 表中删除了 1 行数据（ID = 30127）
2025-12-18 17:26:04 - INFO - 从 unsold_orders 表中删除了 1 行数据（ID = 30034）
2025-12-18 17:26:10 - INFO - 从 unsold_orders 表中删除了 1 行数据（ID = 26939）
2025-12-18 17:26:19 - INFO - 从 unsold_orders 表中删除了 1 行数据（ID = 24549）
2025-12-18 17:26:22 - INFO - 从 unsold_orders 表中删除了 1 行数据（ID = 12419）
2025-12-18 17:26:24 - INFO - 从 unsold_orders 表中删除了 1 行数据（ID = 28134）
2025-12-18 17:26:28 - INFO - 从 unsold_orders 表中删除了 1 行数据（ID = 26572）
2025-12-18 17:26:33 - INFO - 从 unsold_orders 表中删除了 1 行数据（ID = 12823）
2025-12-18 17:26:33 - INFO - 从 unsold_orders 表中删除了 1 行数据（ID = 23545）
2025-12-18 17:26:33 - INFO - 从 unsold_orders 表中删除了 1 行数据（ID = 23462）
2025-12-18 17:26:38 - INFO - 从 unsold_orders 表中删除了 1 行数据（ID = 2903）
2025-12-18 17:26:38 - INFO - 从 unsold_orders 表中删除了 1 行数据（ID = 15447）
2025-12-18 17:50:24 - INFO - 从 sales_derivative_orders 表中删除了 1 行数据（ID = 30293）
2025-12-18 17:50:24 - INFO - 从 sales_derivative_orders 表中删除了 1 行数据（ID = 31114）
2025-12-18 17:50:24 - INFO - 从 sales_derivative_orders 表中删除了 1 行数据（ID = 31115）
2025-12-18 17:50:24 - INFO - 从 sales_derivative_orders 表中删除了 1 行数据（ID = 30269）
2025-12-18 17:50:27 - INFO - 从 sales_derivative_orders 表中删除了 1 行数据（ID = 30972）
2025-12-18 17:50:29 - INFO - 从 sales_derivative_orders 表中删除了 1 行数据（ID = 30941）
2025-12-18 17:50:29 - INFO - 从 sales_derivative_orders 表中删除了 1 行数据（ID = 30498）
2025-12-18 17:50:29 - INFO - 从 sales_derivative_orders 表中删除了 1 行数据（ID = 30887）
2025-12-18 17:50:36 - INFO - 从 sales_derivative_orders 表中删除了 1 行数据（ID = 31626）
2025-12-18 17:50:36 - INFO - 从 sales_derivative_orders 表中删除了 1 行数据（ID = 30929）
2025-12-18 17:50:37 - INFO - 从 sales_derivative_orders 表中删除了 1 行数据（ID = 31681）
2025-12-18 17:50:38 - INFO - 从 sales_derivative_orders 表中删除了 1 行数据（ID = 31238）
2025-12-18 17:50:39 - INFO - 从 sales_derivative_orders 表中删除了 1 行数据（ID = 30603）
2025-12-18 17:50:43 - INFO - 从 sales_derivative_orders 表中删除了 1 行数据（ID = 30275）
2025-12-18 17:50:46 - INFO - 从 sales_derivative_orders 表中删除了 1 行数据（ID = 30731）
2025-12-18 17:50:46 - INFO - 从 sales_derivative_orders 表中删除了 1 行数据（ID = 30127）
2025-12-18 17:50:47 - INFO - 从 sales_derivative_orders 表中删除了 1 行数据（ID = 30034）
2025-12-18 17:50:53 - INFO - 从 sales_derivative_orders 表中删除了 1 行数据（ID = 30035）
2025-12-18 17:54:00 - INFO - 从 sales_derivative_orders 表中删除了 1 行数据（ID = 25861）
2025-12-18 17:54:00 - INFO - 从 unsold_orders 表中删除了 1 行数据（ID = 31114）
2025-12-18 17:54:00 - INFO - 从 unsold_orders 表中删除了 1 行数据（ID = 31115）
2025-12-18 17:54:00 - INFO - 从 sales_derivative_orders 表中删除了 1 行数据（ID = 27295）
2025-12-18 17:54:09 - INFO - 从 sales_derivative_orders 表中删除了 1 行数据（ID = 31681）
2025-12-18 17:54:10 - INFO - 从 unsold_orders 表中删除了 1 行数据（ID = 31238）
2025-12-18 17:54:11 - INFO - 从 unsold_orders 表中删除了 1 行数据（ID = 29059）
2025-12-18 17:54:11 - INFO - 从 unsold_orders 表中删除了 1 行数据（ID = 30603）
2025-12-18 17:54:19 - INFO - 从 unsold_orders 表中删除了 1 行数据（ID = 30127）
2025-12-18 17:54:19 - INFO - 从 unsold_orders 表中删除了 1 行数据（ID = 30034）
2025-12-18 17:54:26 - INFO - 从 unsold_orders 表中删除了 1 行数据（ID = 26939）
2025-12-18 17:54:35 - INFO - 从 unsold_orders 表中删除了 1 行数据（ID = 24549）
2025-12-18 17:54:38 - INFO - 从 unsold_orders 表中删除了 1 行数据（ID = 12419）
2025-12-18 17:54:41 - INFO - 从 unsold_orders 表中删除了 1 行数据（ID = 28134）
2025-12-18 17:54:45 - INFO - 从 unsold_orders 表中删除了 1 行数据（ID = 26572）
2025-12-18 17:54:50 - INFO - 从 unsold_orders 表中删除了 1 行数据（ID = 12823）
2025-12-18 17:54:50 - INFO - 从 unsold_orders 表中删除了 1 行数据（ID = 23545）
2025-12-18 17:54:50 - INFO - 从 unsold_orders 表中删除了 1 行数据（ID = 23462）
2025-12-18 17:54:55 - INFO - 从 unsold_orders 表中删除了 1 行数据（ID = 2903）
2025-12-18 17:54:55 - INFO - 从 unsold_orders 表中删除了 1 行数据（ID = 15447）
2025-12-18 18:23:42 - INFO - 从 unsold_orders 表中删除了 1 行数据（ID = 31114）
2025-12-18 18:23:42 - INFO - 从 unsold_orders 表中删除了 1 行数据（ID = 31115）
2025-12-18 18:23:42 - INFO - 从 sales_derivative_orders 表中删除了 1 行数据（ID = 27295）
2025-12-18 18:23:54 - INFO - 从 sales_derivative_orders 表中删除了 1 行数据（ID = 31681）
2025-12-18 18:23:55 - INFO - 从 unsold_orders 表中删除了 1 行数据（ID = 31238）
2025-12-18 18:23:56 - INFO - 从 unsold_orders 表中删除了 1 行数据（ID = 29059）
2025-12-18 18:23:56 - INFO - 从 unsold_orders 表中删除了 1 行数据（ID = 30603）
2025-12-18 18:24:03 - INFO - 从 unsold_orders 表中删除了 1 行数据（ID = 30127）
2025-12-18 18:24:03 - INFO - 从 unsold_orders 表中删除了 1 行数据（ID = 30034）
2025-12-18 18:24:09 - INFO - 从 unsold_orders 表中删除了 1 行数据（ID = 26939）
2025-12-18 18:24:17 - INFO - 从 unsold_orders 表中删除了 1 行数据（ID = 24549）
2025-12-18 18:24:20 - INFO - 从 unsold_orders 表中删除了 1 行数据（ID = 12419）
2025-12-18 18:24:22 - INFO - 从 unsold_orders 表中删除了 1 行数据（ID = 28134）
2025-12-18 18:24:26 - INFO - 从 unsold_orders 表中删除了 1 行数据（ID = 26572）
2025-12-18 18:24:31 - INFO - 从 unsold_orders 表中删除了 1 行数据（ID = 12823）
2025-12-18 18:24:32 - INFO - 从 unsold_orders 表中删除了 1 行数据（ID = 23545）
2025-12-18 18:24:32 - INFO - 从 unsold_orders 表中删除了 1 行数据（ID = 23462）
2025-12-18 18:24:37 - INFO - 从 unsold_orders 表中删除了 1 行数据（ID = 2903）
2025-12-18 18:24:37 - INFO - 从 unsold_orders 表中删除了 1 行数据（ID = 15447）
2025-12-18 18:53:24 - INFO - 从 sales_derivative_orders 表中删除了 1 行数据（ID = 30965）
2025-12-18 18:53:24 - INFO - 从 unsold_orders 表中删除了 1 行数据（ID = 31114）
2025-12-18 18:53:24 - INFO - 从 unsold_orders 表中删除了 1 行数据（ID = 31115）
2025-12-18 18:53:24 - INFO - 从 sales_derivative_orders 表中删除了 1 行数据（ID = 27295）
2025-12-18 18:53:58 - INFO - 从 sales_derivative_orders 表中删除了 1 行数据（ID = 31681）
2025-12-18 18:54:01 - INFO - 从 unsold_orders 表中删除了 1 行数据（ID = 31238）
2025-12-18 18:54:02 - INFO - 从 unsold_orders 表中删除了 1 行数据（ID = 29059）
2025-12-18 18:54:02 - INFO - 从 unsold_orders 表中删除了 1 行数据（ID = 30603）
2025-12-18 18:54:09 - INFO - 从 unsold_orders 表中删除了 1 行数据（ID = 30127）
2025-12-18 18:54:09 - INFO - 从 unsold_orders 表中删除了 1 行数据（ID = 30034）
2025-12-18 18:54:16 - INFO - 从 unsold_orders 表中删除了 1 行数据（ID = 26939）
2025-12-18 18:54:24 - INFO - 从 unsold_orders 表中删除了 1 行数据（ID = 24549）
2025-12-18 18:54:27 - INFO - 从 unsold_orders 表中删除了 1 行数据（ID = 12419）
2025-12-18 18:54:29 - INFO - 从 unsold_orders 表中删除了 1 行数据（ID = 28134）
2025-12-18 18:54:33 - INFO - 从 unsold_orders 表中删除了 1 行数据（ID = 26572）
2025-12-18 18:54:38 - INFO - 从 unsold_orders 表中删除了 1 行数据（ID = 12823）
2025-12-18 18:54:39 - INFO - 从 unsold_orders 表中删除了 1 行数据（ID = 23545）
2025-12-18 18:54:39 - INFO - 从 unsold_orders 表中删除了 1 行数据（ID = 23462）
2025-12-18 18:54:43 - INFO - 从 unsold_orders 表中删除了 1 行数据（ID = 2903）
2025-12-18 18:54:44 - INFO - 从 unsold_orders 表中删除了 1 行数据（ID = 15447）
2025-12-18 19:23:35 - INFO - 从 unsold_orders 表中删除了 1 行数据（ID = 31114）
2025-12-18 19:23:35 - INFO - 从 unsold_orders 表中删除了 1 行数据（ID = 31115）
2025-12-18 19:23:35 - INFO - 从 sales_derivative_orders 表中删除了 1 行数据（ID = 27295）
2025-12-18 19:23:47 - INFO - 从 sales_derivative_orders 表中删除了 1 行数据（ID = 31681）
2025-12-18 19:23:48 - INFO - 从 unsold_orders 表中删除了 1 行数据（ID = 31238）
2025-12-18 19:23:49 - INFO - 从 unsold_orders 表中删除了 1 行数据（ID = 29059）
2025-12-18 19:23:49 - INFO - 从 unsold_orders 表中删除了 1 行数据（ID = 30603）
2025-12-18 19:23:55 - INFO - 从 unsold_orders 表中删除了 1 行数据（ID = 30127）
2025-12-18 19:23:56 - INFO - 从 unsold_orders 表中删除了 1 行数据（ID = 30034）
2025-12-18 19:24:01 - INFO - 从 unsold_orders 表中删除了 1 行数据（ID = 26939）
2025-12-18 19:24:10 - INFO - 从 unsold_orders 表中删除了 1 行数据（ID = 24549）
2025-12-18 19:24:12 - INFO - 从 unsold_orders 表中删除了 1 行数据（ID = 12419）
2025-12-18 19:24:15 - INFO - 从 unsold_orders 表中删除了 1 行数据（ID = 28134）
2025-12-18 19:24:19 - INFO - 从 unsold_orders 表中删除了 1 行数据（ID = 26572）
2025-12-18 19:24:24 - INFO - 从 unsold_orders 表中删除了 1 行数据（ID = 12823）
2025-12-18 19:24:24 - INFO - 从 unsold_orders 表中删除了 1 行数据（ID = 23545）
2025-12-18 19:24:24 - INFO - 从 unsold_orders 表中删除了 1 行数据（ID = 23462）
2025-12-18 19:24:29 - INFO - 从 unsold_orders 表中删除了 1 行数据（ID = 2903）
2025-12-18 19:24:29 - INFO - 从 unsold_orders 表中删除了 1 行数据（ID = 15447）
2025-12-18 19:49:37 - INFO - 从 sales_derivative_orders 表中删除了 1 行数据（ID = 30965）
2025-12-18 19:49:37 - INFO - 从 sales_derivative_orders 表中删除了 1 行数据（ID = 30293）
2025-12-18 19:49:37 - INFO - 从 sales_derivative_orders 表中删除了 1 行数据（ID = 31114）
2025-12-18 19:49:37 - INFO - 从 sales_derivative_orders 表中删除了 1 行数据（ID = 31115）
2025-12-18 19:49:37 - INFO - 从 sales_derivative_orders 表中删除了 1 行数据（ID = 30269）
2025-12-18 19:49:40 - INFO - 从 sales_derivative_orders 表中删除了 1 行数据（ID = 30972）
2025-12-18 19:49:42 - INFO - 从 sales_derivative_orders 表中删除了 1 行数据（ID = 30941）
2025-12-18 19:49:43 - INFO - 从 sales_derivative_orders 表中删除了 1 行数据（ID = 30498）
2025-12-18 19:49:43 - INFO - 从 sales_derivative_orders 表中删除了 1 行数据（ID = 30887）
2025-12-18 19:49:48 - INFO - 从 sales_derivative_orders 表中删除了 1 行数据（ID = 31626）
2025-12-18 19:49:49 - INFO - 从 sales_derivative_orders 表中删除了 1 行数据（ID = 30929）
2025-12-18 19:49:49 - INFO - 从 sales_derivative_orders 表中删除了 1 行数据（ID = 31681）
2025-12-18 19:49:50 - INFO - 从 sales_derivative_orders 表中删除了 1 行数据（ID = 31238）
2025-12-18 19:49:52 - INFO - 从 sales_derivative_orders 表中删除了 1 行数据（ID = 30603）
2025-12-18 19:49:55 - INFO - 从 sales_derivative_orders 表中删除了 1 行数据（ID = 30275）
2025-12-18 19:49:58 - INFO - 从 sales_derivative_orders 表中删除了 1 行数据（ID = 30731）
2025-12-18 19:49:58 - INFO - 从 sales_derivative_orders 表中删除了 1 行数据（ID = 30127）
2025-12-18 19:49:58 - INFO - 从 sales_derivative_orders 表中删除了 1 行数据（ID = 30034）
2025-12-18 19:50:04 - INFO - 从 sales_derivative_orders 表中删除了 1 行数据（ID = 30035）
2025-12-18 19:53:27 - INFO - 从 unsold_orders 表中删除了 1 行数据（ID = 31114）
2025-12-18 19:53:27 - INFO - 从 unsold_orders 表中删除了 1 行数据（ID = 31115）
2025-12-18 19:53:28 - INFO - 从 sales_derivative_orders 表中删除了 1 行数据（ID = 27295）
2025-12-18 19:53:34 - INFO - 从 sales_derivative_orders 表中删除了 1 行数据（ID = 31681）
2025-12-18 19:53:35 - INFO - 从 unsold_orders 表中删除了 1 行数据（ID = 31238）
2025-12-18 19:53:36 - INFO - 从 unsold_orders 表中删除了 1 行数据（ID = 29059）
2025-12-18 19:53:36 - INFO - 从 unsold_orders 表中删除了 1 行数据（ID = 30603）
2025-12-18 19:53:42 - INFO - 从 unsold_orders 表中删除了 1 行数据（ID = 30127）
2025-12-18 19:53:43 - INFO - 从 unsold_orders 表中删除了 1 行数据（ID = 30034）
2025-12-18 19:53:48 - INFO - 从 unsold_orders 表中删除了 1 行数据（ID = 26939）
2025-12-18 19:53:55 - INFO - 从 unsold_orders 表中删除了 1 行数据（ID = 24549）
2025-12-18 19:53:57 - INFO - 从 unsold_orders 表中删除了 1 行数据（ID = 12419）
2025-12-18 19:53:59 - INFO - 从 unsold_orders 表中删除了 1 行数据（ID = 28134）
2025-12-18 19:54:03 - INFO - 从 unsold_orders 表中删除了 1 行数据（ID = 26572）
2025-12-18 19:54:08 - INFO - 从 unsold_orders 表中删除了 1 行数据（ID = 12823）
2025-12-18 19:54:09 - INFO - 从 unsold_orders 表中删除了 1 行数据（ID = 23545）
2025-12-18 19:54:09 - INFO - 从 unsold_orders 表中删除了 1 行数据（ID = 23462）
2025-12-18 19:54:13 - INFO - 从 unsold_orders 表中删除了 1 行数据（ID = 2903）
2025-12-18 19:54:14 - INFO - 从 unsold_orders 表中删除了 1 行数据（ID = 15447）
2025-12-18 20:23:22 - INFO - 从 unsold_orders 表中删除了 1 行数据（ID = 31114）
2025-12-18 20:23:22 - INFO - 从 unsold_orders 表中删除了 1 行数据（ID = 31115）
2025-12-18 20:23:23 - INFO - 从 sales_derivative_orders 表中删除了 1 行数据（ID = 27295）
2025-12-18 20:23:36 - INFO - 从 sales_derivative_orders 表中删除了 1 行数据（ID = 31681）
2025-12-18 20:23:37 - INFO - 从 unsold_orders 表中删除了 1 行数据（ID = 31238）
2025-12-18 20:23:38 - INFO - 从 unsold_orders 表中删除了 1 行数据（ID = 29059）
2025-12-18 20:23:38 - INFO - 从 unsold_orders 表中删除了 1 行数据（ID = 30603）
2025-12-18 20:23:44 - INFO - 从 unsold_orders 表中删除了 1 行数据（ID = 30127）
2025-12-18 20:23:44 - INFO - 从 unsold_orders 表中删除了 1 行数据（ID = 30034）
2025-12-18 20:23:49 - INFO - 从 unsold_orders 表中删除了 1 行数据（ID = 26939）
2025-12-18 20:23:56 - INFO - 从 unsold_orders 表中删除了 1 行数据（ID = 24549）
2025-12-18 20:23:59 - INFO - 从 unsold_orders 表中删除了 1 行数据（ID = 12419）
2025-12-18 20:24:01 - INFO - 从 unsold_orders 表中删除了 1 行数据（ID = 28134）
2025-12-18 20:24:04 - INFO - 从 unsold_orders 表中删除了 1 行数据（ID = 26572）
2025-12-18 20:24:10 - INFO - 从 unsold_orders 表中删除了 1 行数据（ID = 12823）
2025-12-18 20:24:10 - INFO - 从 unsold_orders 表中删除了 1 行数据（ID = 23545）
2025-12-18 20:24:10 - INFO - 从 unsold_orders 表中删除了 1 行数据（ID = 23462）
2025-12-18 20:24:15 - INFO - 从 unsold_orders 表中删除了 1 行数据（ID = 2903）
2025-12-18 20:24:15 - INFO - 从 unsold_orders 表中删除了 1 行数据（ID = 15447）
2025-12-18 20:53:28 - INFO - 从 sales_derivative_orders 表中删除了 1 行数据（ID = 26819）
2025-12-18 20:53:28 - INFO - 从 sales_derivative_orders 表中删除了 1 行数据（ID = 27800）
2025-12-18 20:53:28 - INFO - 从 unsold_orders 表中删除了 1 行数据（ID = 31114）
2025-12-18 20:53:28 - INFO - 从 unsold_orders 表中删除了 1 行数据（ID = 31115）
2025-12-18 20:53:28 - INFO - 从 sales_derivative_orders 表中删除了 1 行数据（ID = 27295）
2025-12-18 20:53:43 - INFO - 从 sales_derivative_orders 表中删除了 1 行数据（ID = 31681）
2025-12-18 20:53:44 - INFO - 从 unsold_orders 表中删除了 1 行数据（ID = 31238）
2025-12-18 20:53:45 - INFO - 从 unsold_orders 表中删除了 1 行数据（ID = 29059）
2025-12-18 20:53:45 - INFO - 从 unsold_orders 表中删除了 1 行数据（ID = 30603）
2025-12-18 20:53:52 - INFO - 从 unsold_orders 表中删除了 1 行数据（ID = 30127）
2025-12-18 20:53:52 - INFO - 从 unsold_orders 表中删除了 1 行数据（ID = 30034）
2025-12-18 20:53:58 - INFO - 从 unsold_orders 表中删除了 1 行数据（ID = 26939）
2025-12-18 20:54:06 - INFO - 从 unsold_orders 表中删除了 1 行数据（ID = 24549）
2025-12-18 20:54:09 - INFO - 从 unsold_orders 表中删除了 1 行数据（ID = 12419）
2025-12-18 20:54:11 - INFO - 从 unsold_orders 表中删除了 1 行数据（ID = 28134）
2025-12-18 20:54:15 - INFO - 从 unsold_orders 表中删除了 1 行数据（ID = 26572）
2025-12-18 20:54:20 - INFO - 从 unsold_orders 表中删除了 1 行数据（ID = 12823）
2025-12-18 20:54:21 - INFO - 从 unsold_orders 表中删除了 1 行数据（ID = 23545）
2025-12-18 20:54:21 - INFO - 从 unsold_orders 表中删除了 1 行数据（ID = 23462）
2025-12-18 20:54:25 - INFO - 从 unsold_orders 表中删除了 1 行数据（ID = 2903）
2025-12-18 20:54:26 - INFO - 从 unsold_orders 表中删除了 1 行数据（ID = 15447）
2025-12-18 21:23:30 - INFO - 从 unsold_orders 表中删除了 1 行数据（ID = 31114）
2025-12-18 21:23:30 - INFO - 从 unsold_orders 表中删除了 1 行数据（ID = 31115）
2025-12-18 21:23:30 - INFO - 从 sales_derivative_orders 表中删除了 1 行数据（ID = 27295）
2025-12-18 21:23:43 - INFO - 从 sales_derivative_orders 表中删除了 1 行数据（ID = 31681）
2025-12-18 21:23:45 - INFO - 从 unsold_orders 表中删除了 1 行数据（ID = 31238）
2025-12-18 21:23:46 - INFO - 从 unsold_orders 表中删除了 1 行数据（ID = 29059）
2025-12-18 21:23:46 - INFO - 从 unsold_orders 表中删除了 1 行数据（ID = 30603）
2025-12-18 21:23:51 - INFO - 从 unsold_orders 表中删除了 1 行数据（ID = 30127）
2025-12-18 21:23:51 - INFO - 从 unsold_orders 表中删除了 1 行数据（ID = 30034）
2025-12-18 21:23:57 - INFO - 从 unsold_orders 表中删除了 1 行数据（ID = 26939）
2025-12-18 21:24:04 - INFO - 从 unsold_orders 表中删除了 1 行数据（ID = 24549）
2025-12-18 21:24:07 - INFO - 从 unsold_orders 表中删除了 1 行数据（ID = 12419）
2025-12-18 21:24:09 - INFO - 从 unsold_orders 表中删除了 1 行数据（ID = 28134）
2025-12-18 21:24:12 - INFO - 从 unsold_orders 表中删除了 1 行数据（ID = 26572）
2025-12-18 21:24:18 - INFO - 从 unsold_orders 表中删除了 1 行数据（ID = 12823）
2025-12-18 21:24:18 - INFO - 从 unsold_orders 表中删除了 1 行数据（ID = 23545）
2025-12-18 21:24:18 - INFO - 从 unsold_orders 表中删除了 1 行数据（ID = 23462）
2025-12-18 21:24:23 - INFO - 从 unsold_orders 表中删除了 1 行数据（ID = 2903）
2025-12-18 21:24:23 - INFO - 从 unsold_orders 表中删除了 1 行数据（ID = 15447）
2025-12-18 21:47:01 - INFO - 从 sales_derivative_orders 表中删除了 1 行数据（ID = 30965）
2025-12-18 21:47:01 - INFO - 从 sales_derivative_orders 表中删除了 1 行数据（ID = 30293）
2025-12-18 21:47:01 - INFO - 从 sales_derivative_orders 表中删除了 1 行数据（ID = 31114）
2025-12-18 21:47:01 - INFO - 从 sales_derivative_orders 表中删除了 1 行数据（ID = 31115）
2025-12-18 21:47:01 - INFO - 从 sales_derivative_orders 表中删除了 1 行数据（ID = 30269）
2025-12-18 21:47:04 - INFO - 从 sales_derivative_orders 表中删除了 1 行数据（ID = 30972）
2025-12-18 21:47:07 - INFO - 从 sales_derivative_orders 表中删除了 1 行数据（ID = 30941）
2025-12-18 21:47:08 - INFO - 从 sales_derivative_orders 表中删除了 1 行数据（ID = 30498）
2025-12-18 21:47:08 - INFO - 从 sales_derivative_orders 表中删除了 1 行数据（ID = 30887）
2025-12-18 21:47:14 - INFO - 从 sales_derivative_orders 表中删除了 1 行数据（ID = 31626）
2025-12-18 21:47:15 - INFO - 从 sales_derivative_orders 表中删除了 1 行数据（ID = 30929）
2025-12-18 21:47:15 - INFO - 从 sales_derivative_orders 表中删除了 1 行数据（ID = 31681）
2025-12-18 21:47:16 - INFO - 从 sales_derivative_orders 表中删除了 1 行数据（ID = 31238）
2025-12-18 21:47:17 - INFO - 从 sales_derivative_orders 表中删除了 1 行数据（ID = 30603）
2025-12-18 21:47:19 - INFO - 从 sales_derivative_orders 表中删除了 1 行数据（ID = 30275）
2025-12-18 21:47:22 - INFO - 从 sales_derivative_orders 表中删除了 1 行数据（ID = 30731）
2025-12-18 21:47:22 - INFO - 从 sales_derivative_orders 表中删除了 1 行数据（ID = 30127）
2025-12-18 21:47:23 - INFO - 从 sales_derivative_orders 表中删除了 1 行数据（ID = 30034）
2025-12-18 21:47:28 - INFO - 从 sales_derivative_orders 表中删除了 1 行数据（ID = 30035）
2025-12-18 21:53:27 - INFO - 从 unsold_orders 表中删除了 1 行数据（ID = 31114）
2025-12-18 21:53:27 - INFO - 从 unsold_orders 表中删除了 1 行数据（ID = 31115）
2025-12-18 21:53:27 - INFO - 从 sales_derivative_orders 表中删除了 1 行数据（ID = 27295）
2025-12-18 21:53:34 - INFO - 从 sales_derivative_orders 表中删除了 1 行数据（ID = 31681）
2025-12-18 21:53:35 - INFO - 从 unsold_orders 表中删除了 1 行数据（ID = 31238）
2025-12-18 21:53:36 - INFO - 从 unsold_orders 表中删除了 1 行数据（ID = 29059）
2025-12-18 21:53:36 - INFO - 从 unsold_orders 表中删除了 1 行数据（ID = 30603）
2025-12-18 21:53:42 - INFO - 从 unsold_orders 表中删除了 1 行数据（ID = 30127）
2025-12-18 21:53:42 - INFO - 从 unsold_orders 表中删除了 1 行数据（ID = 30034）
2025-12-18 21:53:47 - INFO - 从 unsold_orders 表中删除了 1 行数据（ID = 26939）
2025-12-18 21:53:54 - INFO - 从 unsold_orders 表中删除了 1 行数据（ID = 24549）
2025-12-18 21:53:57 - INFO - 从 unsold_orders 表中删除了 1 行数据（ID = 12419）
2025-12-18 21:53:59 - INFO - 从 unsold_orders 表中删除了 1 行数据（ID = 28134）
2025-12-18 21:54:02 - INFO - 从 unsold_orders 表中删除了 1 行数据（ID = 26572）
2025-12-18 21:54:08 - INFO - 从 unsold_orders 表中删除了 1 行数据（ID = 12823）
2025-12-18 21:54:08 - INFO - 从 unsold_orders 表中删除了 1 行数据（ID = 23545）
2025-12-18 21:54:08 - INFO - 从 unsold_orders 表中删除了 1 行数据（ID = 23462）
2025-12-18 21:54:13 - INFO - 从 unsold_orders 表中删除了 1 行数据（ID = 2903）
2025-12-18 21:54:13 - INFO - 从 unsold_orders 表中删除了 1 行数据（ID = 15447）
2025-12-18 22:23:26 - INFO - 从 unsold_orders 表中删除了 1 行数据（ID = 31114）
2025-12-18 22:23:26 - INFO - 从 unsold_orders 表中删除了 1 行数据（ID = 31115）
2025-12-18 22:23:26 - INFO - 从 sales_derivative_orders 表中删除了 1 行数据（ID = 27295）
2025-12-18 22:23:40 - INFO - 从 sales_derivative_orders 表中删除了 1 行数据（ID = 31681）
2025-12-18 22:23:41 - INFO - 从 unsold_orders 表中删除了 1 行数据（ID = 31238）
2025-12-18 22:23:42 - INFO - 从 unsold_orders 表中删除了 1 行数据（ID = 29059）
2025-12-18 22:23:42 - INFO - 从 unsold_orders 表中删除了 1 行数据（ID = 30603）
2025-12-18 22:23:47 - INFO - 从 unsold_orders 表中删除了 1 行数据（ID = 30127）
2025-12-18 22:23:48 - INFO - 从 unsold_orders 表中删除了 1 行数据（ID = 30034）
2025-12-18 22:23:53 - INFO - 从 unsold_orders 表中删除了 1 行数据（ID = 26939）
2025-12-18 22:24:01 - INFO - 从 unsold_orders 表中删除了 1 行数据（ID = 24549）
2025-12-18 22:24:04 - INFO - 从 unsold_orders 表中删除了 1 行数据（ID = 12419）
2025-12-18 22:24:06 - INFO - 从 unsold_orders 表中删除了 1 行数据（ID = 28134）
2025-12-18 22:24:10 - INFO - 从 unsold_orders 表中删除了 1 行数据（ID = 26572）
2025-12-18 22:24:15 - INFO - 从 unsold_orders 表中删除了 1 行数据（ID = 12823）
2025-12-18 22:24:15 - INFO - 从 unsold_orders 表中删除了 1 行数据（ID = 23545）
2025-12-18 22:24:15 - INFO - 从 unsold_orders 表中删除了 1 行数据（ID = 23462）
2025-12-18 22:24:20 - INFO - 从 unsold_orders 表中删除了 1 行数据（ID = 2903）
2025-12-18 22:24:20 - INFO - 从 unsold_orders 表中删除了 1 行数据（ID = 15447）
2025-12-18 22:53:26 - INFO - 从 unsold_orders 表中删除了 1 行数据（ID = 31114）
2025-12-18 22:53:26 - INFO - 从 unsold_orders 表中删除了 1 行数据（ID = 31115）
2025-12-18 22:53:26 - INFO - 从 sales_derivative_orders 表中删除了 1 行数据（ID = 27295）
2025-12-18 22:53:58 - INFO - 从 sales_derivative_orders 表中删除了 1 行数据（ID = 31681）
2025-12-18 22:54:01 - INFO - 从 unsold_orders 表中删除了 1 行数据（ID = 31238）
2025-12-18 22:54:03 - INFO - 从 unsold_orders 表中删除了 1 行数据（ID = 29059）
2025-12-18 22:54:03 - INFO - 从 unsold_orders 表中删除了 1 行数据（ID = 30603）
2025-12-18 22:54:10 - INFO - 从 unsold_orders 表中删除了 1 行数据（ID = 30127）
2025-12-18 22:54:10 - INFO - 从 unsold_orders 表中删除了 1 行数据（ID = 30034）
2025-12-18 22:54:16 - INFO - 从 unsold_orders 表中删除了 1 行数据（ID = 26939）
2025-12-18 22:54:24 - INFO - 从 unsold_orders 表中删除了 1 行数据（ID = 24549）
2025-12-18 22:54:27 - INFO - 从 unsold_orders 表中删除了 1 行数据（ID = 12419）
2025-12-18 22:54:30 - INFO - 从 unsold_orders 表中删除了 1 行数据（ID = 28134）
2025-12-18 22:54:33 - INFO - 从 unsold_orders 表中删除了 1 行数据（ID = 26572）
2025-12-18 22:54:39 - INFO - 从 unsold_orders 表中删除了 1 行数据（ID = 12823）
2025-12-18 22:54:39 - INFO - 从 unsold_orders 表中删除了 1 行数据（ID = 23545）
2025-12-18 22:54:39 - INFO - 从 unsold_orders 表中删除了 1 行数据（ID = 23462）
2025-12-18 22:54:44 - INFO - 从 unsold_orders 表中删除了 1 行数据（ID = 2903）
2025-12-18 22:54:44 - INFO - 从 unsold_orders 表中删除了 1 行数据（ID = 15447）
2025-12-18 23:23:26 - INFO - 从 unsold_orders 表中删除了 1 行数据（ID = 31114）
2025-12-18 23:23:26 - INFO - 从 unsold_orders 表中删除了 1 行数据（ID = 31115）
2025-12-18 23:23:26 - INFO - 从 sales_derivative_orders 表中删除了 1 行数据（ID = 27295）
2025-12-18 23:23:57 - INFO - 从 sales_derivative_orders 表中删除了 1 行数据（ID = 31681）
2025-12-18 23:24:00 - INFO - 从 unsold_orders 表中删除了 1 行数据（ID = 31238）
2025-12-18 23:24:02 - INFO - 从 unsold_orders 表中删除了 1 行数据（ID = 29059）
2025-12-18 23:24:02 - INFO - 从 unsold_orders 表中删除了 1 行数据（ID = 30603）
2025-12-18 23:24:07 - INFO - 从 unsold_orders 表中删除了 1 行数据（ID = 30127）
2025-12-18 23:24:07 - INFO - 从 unsold_orders 表中删除了 1 行数据（ID = 30034）
2025-12-18 23:24:11 - INFO - 从 unsold_orders 表中删除了 1 行数据（ID = 26939）
2025-12-18 23:24:19 - INFO - 从 unsold_orders 表中删除了 1 行数据（ID = 24549）
2025-12-18 23:24:21 - INFO - 从 unsold_orders 表中删除了 1 行数据（ID = 12419）
2025-12-18 23:24:23 - INFO - 从 unsold_orders 表中删除了 1 行数据（ID = 28134）
2025-12-18 23:24:27 - INFO - 从 unsold_orders 表中删除了 1 行数据（ID = 26572）
2025-12-18 23:24:32 - INFO - 从 unsold_orders 表中删除了 1 行数据（ID = 12823）
2025-12-18 23:24:33 - INFO - 从 unsold_orders 表中删除了 1 行数据（ID = 23545）
2025-12-18 23:24:33 - INFO - 从 unsold_orders 表中删除了 1 行数据（ID = 23462）
2025-12-18 23:24:38 - INFO - 从 unsold_orders 表中删除了 1 行数据（ID = 2903）
2025-12-18 23:24:38 - INFO - 从 unsold_orders 表中删除了 1 行数据（ID = 15447）
2025-12-18 23:53:24 - INFO - 从 unsold_orders 表中删除了 1 行数据（ID = 31114）
2025-12-18 23:53:24 - INFO - 从 unsold_orders 表中删除了 1 行数据（ID = 31115）
2025-12-18 23:53:24 - INFO - 从 sales_derivative_orders 表中删除了 1 行数据（ID = 27295）
2025-12-18 23:53:57 - INFO - 从 sales_derivative_orders 表中删除了 1 行数据（ID = 31681）
2025-12-18 23:54:00 - INFO - 从 unsold_orders 表中删除了 1 行数据（ID = 31238）
2025-12-18 23:54:02 - INFO - 从 unsold_orders 表中删除了 1 行数据（ID = 29059）
2025-12-18 23:54:02 - INFO - 从 unsold_orders 表中删除了 1 行数据（ID = 30603）
2025-12-18 23:54:09 - INFO - 从 unsold_orders 表中删除了 1 行数据（ID = 30127）
2025-12-18 23:54:09 - INFO - 从 unsold_orders 表中删除了 1 行数据（ID = 30034）
2025-12-18 23:54:15 - INFO - 从 unsold_orders 表中删除了 1 行数据（ID = 26939）
2025-12-18 23:54:23 - INFO - 从 unsold_orders 表中删除了 1 行数据（ID = 24549）
2025-12-18 23:54:26 - INFO - 从 unsold_orders 表中删除了 1 行数据（ID = 12419）
2025-12-18 23:54:28 - INFO - 从 unsold_orders 表中删除了 1 行数据（ID = 28134）
2025-12-18 23:54:32 - INFO - 从 unsold_orders 表中删除了 1 行数据（ID = 26572）
2025-12-18 23:54:38 - INFO - 从 unsold_orders 表中删除了 1 行数据（ID = 12823）
2025-12-18 23:54:38 - INFO - 从 unsold_orders 表中删除了 1 行数据（ID = 23545）
2025-12-18 23:54:38 - INFO - 从 unsold_orders 表中删除了 1 行数据（ID = 23462）
2025-12-18 23:54:43 - INFO - 从 unsold_orders 表中删除了 1 行数据（ID = 2903）
2025-12-18 23:54:43 - INFO - 从 unsold_orders 表中删除了 1 行数据（ID = 15447）
